<?xml version="1.0" encoding="UTF-8"?>
<testsuite xmlns:xsi="http://www.w3.org/2001/XMLSchema-instance" xsi:noNamespaceSchemaLocation="https://maven.apache.org/surefire/maven-surefire-plugin/xsd/surefire-test-report-3.0.xsd" version="3.0" name="TestSuite" time="140.641" tests="37" errors="0" skipped="7" failures="5">
  <properties>
    <property name="java.specification.version" value="17"/>
    <property name="webdriver.chrome.driver" value="C:\Users\Suwarna_Wagh\.cache\selenium\chromedriver\win32\114.0.5735.90\chromedriver.exe"/>
    <property name="sun.cpu.isalist" value="amd64"/>
    <property name="sun.jnu.encoding" value="Cp1252"/>
    <property name="java.class.path" value="C:\AdvancedTraining\AutomationFramework\target\test-classes;C:\AdvancedTraining\AutomationFramework\target\classes;C:\Users\Suwarna_Wagh\.m2\repository\org\mockito\mockito-core\4.1.0\mockito-core-4.1.0.jar;C:\Users\Suwarna_Wagh\.m2\repository\net\bytebuddy\byte-buddy\1.12.1\byte-buddy-1.12.1.jar;C:\Users\Suwarna_Wagh\.m2\repository\net\bytebuddy\byte-buddy-agent\1.12.1\byte-buddy-agent-1.12.1.jar;C:\Users\Suwarna_Wagh\.m2\repository\org\objenesis\objenesis\3.2\objenesis-3.2.jar;C:\Users\Suwarna_Wagh\.m2\repository\org\mockito\mockito-all\1.10.19\mockito-all-1.10.19.jar;C:\Users\Suwarna_Wagh\.m2\repository\junit\junit\4.12\junit-4.12.jar;C:\Users\Suwarna_Wagh\.m2\repository\org\hamcrest\hamcrest-core\1.3\hamcrest-core-1.3.jar;C:\Users\Suwarna_Wagh\.m2\repository\org\junit\jupiter\junit-jupiter-api\5.9.1\junit-jupiter-api-5.9.1.jar;C:\Users\Suwarna_Wagh\.m2\repository\org\opentest4j\opentest4j\1.2.0\opentest4j-1.2.0.jar;C:\Users\Suwarna_Wagh\.m2\repository\org\junit\platform\junit-platform-commons\1.9.1\junit-platform-commons-1.9.1.jar;C:\Users\Suwarna_Wagh\.m2\repository\org\apiguardian\apiguardian-api\1.1.2\apiguardian-api-1.1.2.jar;C:\Users\Suwarna_Wagh\.m2\repository\org\assertj\assertj-core\3.24.2\assertj-core-3.24.2.jar;C:\Users\Suwarna_Wagh\.m2\repository\log4j\log4j\1.2.17\log4j-1.2.17.jar;C:\Users\Suwarna_Wagh\.m2\repository\org\sonarsource\scanner\maven\sonar-maven-plugin\3.9.1.2184\sonar-maven-plugin-3.9.1.2184.jar;C:\Users\Suwarna_Wagh\.m2\repository\org\sonatype\plexus\plexus-sec-dispatcher\1.4\plexus-sec-dispatcher-1.4.jar;C:\Users\Suwarna_Wagh\.m2\repository\org\sonatype\plexus\plexus-cipher\1.4\plexus-cipher-1.4.jar;C:\Users\Suwarna_Wagh\.m2\repository\org\codehaus\plexus\plexus-utils\3.2.1\plexus-utils-3.2.1.jar;C:\Users\Suwarna_Wagh\.m2\repository\org\sonarsource\scanner\api\sonar-scanner-api\2.16.2.588\sonar-scanner-api-2.16.2.588.jar;C:\Users\Suwarna_Wagh\.m2\repository\commons-lang\commons-lang\2.6\commons-lang-2.6.jar;C:\Users\Suwarna_Wagh\.m2\repository\com\epam\reportportal\agent-java-testng\5.1.3\agent-java-testng-5.1.3.jar;C:\Users\Suwarna_Wagh\.m2\repository\com\epam\reportportal\client-java\5.1.11\client-java-5.1.11.jar;C:\Users\Suwarna_Wagh\.m2\repository\io\reactivex\rxjava2\rxjava\2.2.10\rxjava-2.2.10.jar;C:\Users\Suwarna_Wagh\.m2\repository\org\reactivestreams\reactive-streams\1.0.2\reactive-streams-1.0.2.jar;C:\Users\Suwarna_Wagh\.m2\repository\com\squareup\retrofit2\retrofit\2.9.0\retrofit-2.9.0.jar;C:\Users\Suwarna_Wagh\.m2\repository\com\squareup\okhttp3\okhttp\3.14.9\okhttp-3.14.9.jar;C:\Users\Suwarna_Wagh\.m2\repository\com\squareup\okio\okio\1.17.2\okio-1.17.2.jar;C:\Users\Suwarna_Wagh\.m2\repository\org\aspectj\aspectjrt\1.9.2\aspectjrt-1.9.2.jar;C:\Users\Suwarna_Wagh\.m2\repository\com\squareup\retrofit2\converter-scalars\2.9.0\converter-scalars-2.9.0.jar;C:\Users\Suwarna_Wagh\.m2\repository\com\squareup\retrofit2\converter-jackson\2.9.0\converter-jackson-2.9.0.jar;C:\Users\Suwarna_Wagh\.m2\repository\com\squareup\retrofit2\adapter-rxjava2\2.9.0\adapter-rxjava2-2.9.0.jar;C:\Users\Suwarna_Wagh\.m2\repository\com\squareup\okhttp3\logging-interceptor\3.14.9\logging-interceptor-3.14.9.jar;C:\Users\Suwarna_Wagh\.m2\repository\org\aspectj\aspectjweaver\1.9.2\aspectjweaver-1.9.2.jar;C:\Users\Suwarna_Wagh\.m2\repository\com\google\code\findbugs\jsr305\3.0.2\jsr305-3.0.2.jar;C:\Users\Suwarna_Wagh\.m2\repository\com\epam\reportportal\commons-model\5.0.0\commons-model-5.0.0.jar;C:\Users\Suwarna_Wagh\.m2\repository\io\swagger\swagger-annotations\1.5.24\swagger-annotations-1.5.24.jar;C:\Users\Suwarna_Wagh\.m2\repository\javax\validation\validation-api\2.0.1.Final\validation-api-2.0.1.Final.jar;C:\Users\Suwarna_Wagh\.m2\repository\org\slf4j\slf4j-api\1.7.36\slf4j-api-1.7.36.jar;C:\Users\Suwarna_Wagh\.m2\repository\com\epam\reportportal\logger-java-logback\5.1.3\logger-java-logback-5.1.3.jar;C:\Users\Suwarna_Wagh\.m2\repository\ch\qos\logback\logback-classic\1.2.11\logback-classic-1.2.11.jar;C:\Users\Suwarna_Wagh\.m2\repository\ch\qos\logback\logback-core\1.2.11\logback-core-1.2.11.jar;C:\Users\Suwarna_Wagh\.m2\repository\com\epam\reportportal\logger-java-log4j\5.1.5\logger-java-log4j-5.1.5.jar;C:\Users\Suwarna_Wagh\.m2\repository\org\apache\logging\log4j\log4j-core\2.17.2\log4j-core-2.17.2.jar;C:\Users\Suwarna_Wagh\.m2\repository\org\apache\logging\log4j\log4j-api\2.17.2\log4j-api-2.17.2.jar;C:\Users\Suwarna_Wagh\.m2\repository\io\github\bonigarcia\webdrivermanager\5.3.2\webdrivermanager-5.3.2.jar;C:\Users\Suwarna_Wagh\.m2\repository\com\google\code\gson\gson\2.10.1\gson-2.10.1.jar;C:\Users\Suwarna_Wagh\.m2\repository\com\github\docker-java\docker-java\3.2.14\docker-java-3.2.14.jar;C:\Users\Suwarna_Wagh\.m2\repository\com\github\docker-java\docker-java-core\3.2.14\docker-java-core-3.2.14.jar;C:\Users\Suwarna_Wagh\.m2\repository\com\github\docker-java\docker-java-api\3.2.14\docker-java-api-3.2.14.jar;C:\Users\Suwarna_Wagh\.m2\repository\org\apache\commons\commons-compress\1.21\commons-compress-1.21.jar;C:\Users\Suwarna_Wagh\.m2\repository\org\bouncycastle\bcpkix-jdk15on\1.64\bcpkix-jdk15on-1.64.jar;C:\Users\Suwarna_Wagh\.m2\repository\org\bouncycastle\bcprov-jdk15on\1.64\bcprov-jdk15on-1.64.jar;C:\Users\Suwarna_Wagh\.m2\repository\org\slf4j\jcl-over-slf4j\1.7.30\jcl-over-slf4j-1.7.30.jar;C:\Users\Suwarna_Wagh\.m2\repository\com\github\docker-java\docker-java-transport-httpclient5\3.2.14\docker-java-transport-httpclient5-3.2.14.jar;C:\Users\Suwarna_Wagh\.m2\repository\com\github\docker-java\docker-java-transport\3.2.14\docker-java-transport-3.2.14.jar;C:\Users\Suwarna_Wagh\.m2\repository\net\java\dev\jna\jna\5.12.1\jna-5.12.1.jar;C:\Users\Suwarna_Wagh\.m2\repository\org\brotli\dec\0.1.2\dec-0.1.2.jar;C:\Users\Suwarna_Wagh\.m2\repository\org\apache\commons\commons-lang3\3.12.0\commons-lang3-3.12.0.jar;C:\Users\Suwarna_Wagh\.m2\repository\org\apache\httpcomponents\client5\httpclient5\5.2.1\httpclient5-5.2.1.jar;C:\Users\Suwarna_Wagh\.m2\repository\org\apache\httpcomponents\core5\httpcore5\5.2\httpcore5-5.2.jar;C:\Users\Suwarna_Wagh\.m2\repository\org\apache\httpcomponents\core5\httpcore5-h2\5.2\httpcore5-h2-5.2.jar;C:\Users\Suwarna_Wagh\.m2\repository\org\seleniumhq\selenium\selenium-java\4.8.3\selenium-java-4.8.3.jar;C:\Users\Suwarna_Wagh\.m2\repository\org\seleniumhq\selenium\selenium-api\4.8.3\selenium-api-4.8.3.jar;C:\Users\Suwarna_Wagh\.m2\repository\org\seleniumhq\selenium\selenium-chrome-driver\4.8.3\selenium-chrome-driver-4.8.3.jar;C:\Users\Suwarna_Wagh\.m2\repository\com\google\auto\service\auto-service-annotations\1.0.1\auto-service-annotations-1.0.1.jar;C:\Users\Suwarna_Wagh\.m2\repository\com\google\auto\service\auto-service\1.0.1\auto-service-1.0.1.jar;C:\Users\Suwarna_Wagh\.m2\repository\com\google\auto\auto-common\1.2\auto-common-1.2.jar;C:\Users\Suwarna_Wagh\.m2\repository\org\seleniumhq\selenium\selenium-chromium-driver\4.8.3\selenium-chromium-driver-4.8.3.jar;C:\Users\Suwarna_Wagh\.m2\repository\org\seleniumhq\selenium\selenium-json\4.8.3\selenium-json-4.8.3.jar;C:\Users\Suwarna_Wagh\.m2\repository\org\seleniumhq\selenium\selenium-manager\4.8.3\selenium-manager-4.8.3.jar;C:\Users\Suwarna_Wagh\.m2\repository\org\seleniumhq\selenium\selenium-devtools-v109\4.8.3\selenium-devtools-v109-4.8.3.jar;C:\Users\Suwarna_Wagh\.m2\repository\org\seleniumhq\selenium\selenium-devtools-v110\4.8.3\selenium-devtools-v110-4.8.3.jar;C:\Users\Suwarna_Wagh\.m2\repository\org\seleniumhq\selenium\selenium-devtools-v111\4.8.3\selenium-devtools-v111-4.8.3.jar;C:\Users\Suwarna_Wagh\.m2\repository\org\seleniumhq\selenium\selenium-devtools-v85\4.8.3\selenium-devtools-v85-4.8.3.jar;C:\Users\Suwarna_Wagh\.m2\repository\org\seleniumhq\selenium\selenium-edge-driver\4.8.3\selenium-edge-driver-4.8.3.jar;C:\Users\Suwarna_Wagh\.m2\repository\org\seleniumhq\selenium\selenium-firefox-driver\4.8.3\selenium-firefox-driver-4.8.3.jar;C:\Users\Suwarna_Wagh\.m2\repository\org\seleniumhq\selenium\selenium-http\4.8.3\selenium-http-4.8.3.jar;C:\Users\Suwarna_Wagh\.m2\repository\dev\failsafe\failsafe\3.3.1\failsafe-3.3.1.jar;C:\Users\Suwarna_Wagh\.m2\repository\org\seleniumhq\selenium\selenium-ie-driver\4.8.3\selenium-ie-driver-4.8.3.jar;C:\Users\Suwarna_Wagh\.m2\repository\org\seleniumhq\selenium\selenium-remote-driver\4.8.3\selenium-remote-driver-4.8.3.jar;C:\Users\Suwarna_Wagh\.m2\repository\io\netty\netty-buffer\4.1.90.Final\netty-buffer-4.1.90.Final.jar;C:\Users\Suwarna_Wagh\.m2\repository\io\netty\netty-codec-http\4.1.90.Final\netty-codec-http-4.1.90.Final.jar;C:\Users\Suwarna_Wagh\.m2\repository\io\netty\netty-codec\4.1.90.Final\netty-codec-4.1.90.Final.jar;C:\Users\Suwarna_Wagh\.m2\repository\io\netty\netty-handler\4.1.90.Final\netty-handler-4.1.90.Final.jar;C:\Users\Suwarna_Wagh\.m2\repository\io\netty\netty-common\4.1.90.Final\netty-common-4.1.90.Final.jar;C:\Users\Suwarna_Wagh\.m2\repository\io\netty\netty-transport-classes-epoll\4.1.90.Final\netty-transport-classes-epoll-4.1.90.Final.jar;C:\Users\Suwarna_Wagh\.m2\repository\io\netty\netty-transport-classes-kqueue\4.1.90.Final\netty-transport-classes-kqueue-4.1.90.Final.jar;C:\Users\Suwarna_Wagh\.m2\repository\io\netty\netty-transport-native-epoll\4.1.90.Final\netty-transport-native-epoll-4.1.90.Final.jar;C:\Users\Suwarna_Wagh\.m2\repository\io\netty\netty-transport-native-kqueue\4.1.90.Final\netty-transport-native-kqueue-4.1.90.Final.jar;C:\Users\Suwarna_Wagh\.m2\repository\io\netty\netty-transport-native-unix-common\4.1.90.Final\netty-transport-native-unix-common-4.1.90.Final.jar;C:\Users\Suwarna_Wagh\.m2\repository\io\netty\netty-transport\4.1.90.Final\netty-transport-4.1.90.Final.jar;C:\Users\Suwarna_Wagh\.m2\repository\io\netty\netty-resolver\4.1.90.Final\netty-resolver-4.1.90.Final.jar;C:\Users\Suwarna_Wagh\.m2\repository\io\opentelemetry\opentelemetry-api\1.24.0\opentelemetry-api-1.24.0.jar;C:\Users\Suwarna_Wagh\.m2\repository\io\opentelemetry\opentelemetry-context\1.24.0\opentelemetry-context-1.24.0.jar;C:\Users\Suwarna_Wagh\.m2\repository\io\opentelemetry\opentelemetry-exporter-logging\1.24.0\opentelemetry-exporter-logging-1.24.0.jar;C:\Users\Suwarna_Wagh\.m2\repository\io\opentelemetry\opentelemetry-sdk-metrics\1.24.0\opentelemetry-sdk-metrics-1.24.0.jar;C:\Users\Suwarna_Wagh\.m2\repository\io\opentelemetry\opentelemetry-sdk-logs\1.24.0-alpha\opentelemetry-sdk-logs-1.24.0-alpha.jar;C:\Users\Suwarna_Wagh\.m2\repository\io\opentelemetry\opentelemetry-api-logs\1.24.0-alpha\opentelemetry-api-logs-1.24.0-alpha.jar;C:\Users\Suwarna_Wagh\.m2\repository\io\opentelemetry\opentelemetry-api-events\1.24.0-alpha\opentelemetry-api-events-1.24.0-alpha.jar;C:\Users\Suwarna_Wagh\.m2\repository\io\opentelemetry\opentelemetry-sdk-common\1.24.0\opentelemetry-sdk-common-1.24.0.jar;C:\Users\Suwarna_Wagh\.m2\repository\io\opentelemetry\opentelemetry-sdk-extension-autoconfigure-spi\1.24.0\opentelemetry-sdk-extension-autoconfigure-spi-1.24.0.jar;C:\Users\Suwarna_Wagh\.m2\repository\io\opentelemetry\opentelemetry-sdk-extension-autoconfigure\1.24.0-alpha\opentelemetry-sdk-extension-autoconfigure-1.24.0-alpha.jar;C:\Users\Suwarna_Wagh\.m2\repository\io\opentelemetry\opentelemetry-sdk-trace\1.24.0\opentelemetry-sdk-trace-1.24.0.jar;C:\Users\Suwarna_Wagh\.m2\repository\io\opentelemetry\opentelemetry-sdk\1.24.0\opentelemetry-sdk-1.24.0.jar;C:\Users\Suwarna_Wagh\.m2\repository\io\opentelemetry\opentelemetry-semconv\1.24.0-alpha\opentelemetry-semconv-1.24.0-alpha.jar;C:\Users\Suwarna_Wagh\.m2\repository\io\ous\jtoml\2.0.0\jtoml-2.0.0.jar;C:\Users\Suwarna_Wagh\.m2\repository\org\apache\commons\commons-exec\1.3\commons-exec-1.3.jar;C:\Users\Suwarna_Wagh\.m2\repository\org\asynchttpclient\async-http-client\2.12.3\async-http-client-2.12.3.jar;C:\Users\Suwarna_Wagh\.m2\repository\org\asynchttpclient\async-http-client-netty-utils\2.12.3\async-http-client-netty-utils-2.12.3.jar;C:\Users\Suwarna_Wagh\.m2\repository\io\netty\netty-codec-socks\4.1.60.Final\netty-codec-socks-4.1.60.Final.jar;C:\Users\Suwarna_Wagh\.m2\repository\io\netty\netty-handler-proxy\4.1.60.Final\netty-handler-proxy-4.1.60.Final.jar;C:\Users\Suwarna_Wagh\.m2\repository\io\netty\netty-transport-native-epoll\4.1.60.Final\netty-transport-native-epoll-4.1.60.Final-linux-x86_64.jar;C:\Users\Suwarna_Wagh\.m2\repository\io\netty\netty-transport-native-kqueue\4.1.60.Final\netty-transport-native-kqueue-4.1.60.Final-osx-x86_64.jar;C:\Users\Suwarna_Wagh\.m2\repository\com\typesafe\netty\netty-reactive-streams\2.0.4\netty-reactive-streams-2.0.4.jar;C:\Users\Suwarna_Wagh\.m2\repository\com\sun\activation\jakarta.activation\1.2.2\jakarta.activation-1.2.2.jar;C:\Users\Suwarna_Wagh\.m2\repository\org\seleniumhq\selenium\selenium-safari-driver\4.8.3\selenium-safari-driver-4.8.3.jar;C:\Users\Suwarna_Wagh\.m2\repository\org\seleniumhq\selenium\selenium-support\4.8.3\selenium-support-4.8.3.jar;C:\Users\Suwarna_Wagh\.m2\repository\com\google\guava\guava\31.0.1-jre\guava-31.0.1-jre.jar;C:\Users\Suwarna_Wagh\.m2\repository\com\google\guava\failureaccess\1.0.1\failureaccess-1.0.1.jar;C:\Users\Suwarna_Wagh\.m2\repository\com\google\guava\listenablefuture\9999.0-empty-to-avoid-conflict-with-guava\listenablefuture-9999.0-empty-to-avoid-conflict-with-guava.jar;C:\Users\Suwarna_Wagh\.m2\repository\org\checkerframework\checker-qual\3.12.0\checker-qual-3.12.0.jar;C:\Users\Suwarna_Wagh\.m2\repository\com\google\errorprone\error_prone_annotations\2.7.1\error_prone_annotations-2.7.1.jar;C:\Users\Suwarna_Wagh\.m2\repository\com\google\j2objc\j2objc-annotations\1.3\j2objc-annotations-1.3.jar;C:\Users\Suwarna_Wagh\.m2\repository\io\rest-assured\rest-assured\5.3.0\rest-assured-5.3.0.jar;C:\Users\Suwarna_Wagh\.m2\repository\org\apache\groovy\groovy\4.0.6\groovy-4.0.6.jar;C:\Users\Suwarna_Wagh\.m2\repository\org\apache\groovy\groovy-xml\4.0.6\groovy-xml-4.0.6.jar;C:\Users\Suwarna_Wagh\.m2\repository\org\apache\httpcomponents\httpclient\4.5.13\httpclient-4.5.13.jar;C:\Users\Suwarna_Wagh\.m2\repository\org\apache\httpcomponents\httpcore\4.4.13\httpcore-4.4.13.jar;C:\Users\Suwarna_Wagh\.m2\repository\commons-logging\commons-logging\1.2\commons-logging-1.2.jar;C:\Users\Suwarna_Wagh\.m2\repository\commons-codec\commons-codec\1.11\commons-codec-1.11.jar;C:\Users\Suwarna_Wagh\.m2\repository\org\apache\httpcomponents\httpmime\4.5.13\httpmime-4.5.13.jar;C:\Users\Suwarna_Wagh\.m2\repository\org\hamcrest\hamcrest\2.1\hamcrest-2.1.jar;C:\Users\Suwarna_Wagh\.m2\repository\org\ccil\cowan\tagsoup\tagsoup\1.2.1\tagsoup-1.2.1.jar;C:\Users\Suwarna_Wagh\.m2\repository\io\rest-assured\xml-path\5.3.0\xml-path-5.3.0.jar;C:\Users\Suwarna_Wagh\.m2\repository\io\rest-assured\json-path\5.3.0\json-path-5.3.0.jar;C:\Users\Suwarna_Wagh\.m2\repository\org\apache\groovy\groovy-json\4.0.6\groovy-json-4.0.6.jar;C:\Users\Suwarna_Wagh\.m2\repository\io\rest-assured\rest-assured-common\5.3.0\rest-assured-common-5.3.0.jar;C:\Users\Suwarna_Wagh\.m2\repository\io\rest-assured\json-schema-validator\5.3.0\json-schema-validator-5.3.0.jar;C:\Users\Suwarna_Wagh\.m2\repository\com\github\java-json-tools\json-schema-validator\2.2.14\json-schema-validator-2.2.14.jar;C:\Users\Suwarna_Wagh\.m2\repository\com\github\java-json-tools\jackson-coreutils-equivalence\1.0\jackson-coreutils-equivalence-1.0.jar;C:\Users\Suwarna_Wagh\.m2\repository\com\github\java-json-tools\jackson-coreutils\2.0\jackson-coreutils-2.0.jar;C:\Users\Suwarna_Wagh\.m2\repository\com\github\java-json-tools\msg-simple\1.2\msg-simple-1.2.jar;C:\Users\Suwarna_Wagh\.m2\repository\com\github\java-json-tools\btf\1.3\btf-1.3.jar;C:\Users\Suwarna_Wagh\.m2\repository\com\github\java-json-tools\json-schema-core\1.2.14\json-schema-core-1.2.14.jar;C:\Users\Suwarna_Wagh\.m2\repository\com\github\java-json-tools\uri-template\0.10\uri-template-0.10.jar;C:\Users\Suwarna_Wagh\.m2\repository\org\mozilla\rhino\1.7.7.2\rhino-1.7.7.2.jar;C:\Users\Suwarna_Wagh\.m2\repository\com\sun\mail\mailapi\1.6.2\mailapi-1.6.2.jar;C:\Users\Suwarna_Wagh\.m2\repository\com\googlecode\libphonenumber\libphonenumber\8.11.1\libphonenumber-8.11.1.jar;C:\Users\Suwarna_Wagh\.m2\repository\net\sf\jopt-simple\jopt-simple\5.0.4\jopt-simple-5.0.4.jar;C:\Users\Suwarna_Wagh\.m2\repository\com\aventstack\extentreports\3.0.0\extentreports-3.0.0.jar;C:\Users\Suwarna_Wagh\.m2\repository\org\freemarker\freemarker\2.3.23\freemarker-2.3.23.jar;C:\Users\Suwarna_Wagh\.m2\repository\org\mongodb\mongodb-driver\3.3.0\mongodb-driver-3.3.0.jar;C:\Users\Suwarna_Wagh\.m2\repository\org\mongodb\bson\3.3.0\bson-3.3.0.jar;C:\Users\Suwarna_Wagh\.m2\repository\org\mongodb\mongodb-driver-core\3.3.0\mongodb-driver-core-3.3.0.jar;C:\Users\Suwarna_Wagh\.m2\repository\global\AdvancedTraining\1.0-SNAPSHOT\AdvancedTraining-1.0-SNAPSHOT.jar;C:\Users\Suwarna_Wagh\.m2\repository\org\projectlombok\lombok\1.18.26\lombok-1.18.26.jar;C:\Users\Suwarna_Wagh\.m2\repository\org\modelmapper\modelmapper\3.1.1\modelmapper-3.1.1.jar;C:\Users\Suwarna_Wagh\.m2\repository\com\mashape\unirest\unirest-java\1.4.9\unirest-java-1.4.9.jar;C:\Users\Suwarna_Wagh\.m2\repository\org\apache\httpcomponents\httpasyncclient\4.1.1\httpasyncclient-4.1.1.jar;C:\Users\Suwarna_Wagh\.m2\repository\org\apache\httpcomponents\httpcore-nio\4.4.4\httpcore-nio-4.4.4.jar;C:\Users\Suwarna_Wagh\.m2\repository\org\json\json\20160212\json-20160212.jar;C:\Users\Suwarna_Wagh\.m2\repository\org\junit\jupiter\junit-jupiter-engine\5.9.1\junit-jupiter-engine-5.9.1.jar;C:\Users\Suwarna_Wagh\.m2\repository\org\junit\platform\junit-platform-engine\1.9.1\junit-platform-engine-1.9.1.jar;C:\Users\Suwarna_Wagh\.m2\repository\org\junit\vintage\junit-vintage-engine\5.9.1\junit-vintage-engine-5.9.1.jar;C:\Users\Suwarna_Wagh\.m2\repository\org\testng\testng\7.7.1\testng-7.7.1.jar;C:\Users\Suwarna_Wagh\.m2\repository\com\beust\jcommander\1.82\jcommander-1.82.jar;C:\Users\Suwarna_Wagh\.m2\repository\org\webjars\jquery\3.6.1\jquery-3.6.1.jar;C:\Users\Suwarna_Wagh\.m2\repository\io\cucumber\cucumber-java\7.11.1\cucumber-java-7.11.1.jar;C:\Users\Suwarna_Wagh\.m2\repository\io\cucumber\cucumber-junit\7.11.1\cucumber-junit-7.11.1.jar;C:\Users\Suwarna_Wagh\.m2\repository\io\cucumber\cucumber-core\7.11.1\cucumber-core-7.11.1.jar;C:\Users\Suwarna_Wagh\.m2\repository\io\cucumber\cucumber-gherkin-messages\7.11.1\cucumber-gherkin-messages-7.11.1.jar;C:\Users\Suwarna_Wagh\.m2\repository\io\cucumber\gherkin\26.0.3\gherkin-26.0.3.jar;C:\Users\Suwarna_Wagh\.m2\repository\io\cucumber\messages\21.0.1\messages-21.0.1.jar;C:\Users\Suwarna_Wagh\.m2\repository\io\cucumber\tag-expressions\5.0.1\tag-expressions-5.0.1.jar;C:\Users\Suwarna_Wagh\.m2\repository\io\cucumber\cucumber-expressions\16.1.2\cucumber-expressions-16.1.2.jar;C:\Users\Suwarna_Wagh\.m2\repository\io\cucumber\datatable\7.11.1\datatable-7.11.1.jar;C:\Users\Suwarna_Wagh\.m2\repository\io\cucumber\docstring\7.11.1\docstring-7.11.1.jar;C:\Users\Suwarna_Wagh\.m2\repository\io\cucumber\html-formatter\20.2.1\html-formatter-20.2.1.jar;C:\Users\Suwarna_Wagh\.m2\repository\io\cucumber\junit-xml-formatter\0.1.0\junit-xml-formatter-0.1.0.jar;C:\Users\Suwarna_Wagh\.m2\repository\io\cucumber\ci-environment\9.1.0\ci-environment-9.1.0.jar;C:\Users\Suwarna_Wagh\.m2\repository\io\cucumber\cucumber-gherkin\7.11.1\cucumber-gherkin-7.11.1.jar;C:\Users\Suwarna_Wagh\.m2\repository\io\cucumber\cucumber-java8\7.11.1\cucumber-java8-7.11.1.jar;C:\Users\Suwarna_Wagh\.m2\repository\net\jodah\typetools\0.6.3\typetools-0.6.3.jar;C:\Users\Suwarna_Wagh\.m2\repository\io\cucumber\cucumber-jvm-deps\1.0.6\cucumber-jvm-deps-1.0.6.jar;C:\Users\Suwarna_Wagh\.m2\repository\io\cucumber\cucumber-plugin\7.11.1\cucumber-plugin-7.11.1.jar;C:\Users\Suwarna_Wagh\.m2\repository\net\masterthought\cucumber-reporting\5.7.5\cucumber-reporting-5.7.5.jar;C:\Users\Suwarna_Wagh\.m2\repository\com\fasterxml\jackson\core\jackson-databind\2.13.2.2\jackson-databind-2.13.2.2.jar;C:\Users\Suwarna_Wagh\.m2\repository\com\fasterxml\jackson\core\jackson-annotations\2.13.2\jackson-annotations-2.13.2.jar;C:\Users\Suwarna_Wagh\.m2\repository\com\fasterxml\jackson\core\jackson-core\2.13.2\jackson-core-2.13.2.jar;C:\Users\Suwarna_Wagh\.m2\repository\com\fasterxml\jackson\datatype\jackson-datatype-jsr310\2.13.2\jackson-datatype-jsr310-2.13.2.jar;C:\Users\Suwarna_Wagh\.m2\repository\org\apache\velocity\velocity-engine-core\2.3\velocity-engine-core-2.3.jar;C:\Users\Suwarna_Wagh\.m2\repository\org\apache\commons\commons-collections4\4.4\commons-collections4-4.4.jar;C:\Users\Suwarna_Wagh\.m2\repository\joda-time\joda-time\2.12.2\joda-time-2.12.2.jar;C:\Users\Suwarna_Wagh\.m2\repository\commons-io\commons-io\2.7\commons-io-2.7.jar;C:\Users\Suwarna_Wagh\.m2\repository\org\jsoup\jsoup\1.15.4\jsoup-1.15.4.jar;C:\Users\Suwarna_Wagh\.m2\repository\com\googlecode\owasp-java-html-sanitizer\owasp-java-html-sanitizer\20220608.1\owasp-java-html-sanitizer-20220608.1.jar;C:\Users\Suwarna_Wagh\.m2\repository\commons-configuration\commons-configuration\1.10\commons-configuration-1.10.jar;C:\Users\Suwarna_Wagh\.m2\repository\io\cucumber\datatable-matchers\7.11.1\datatable-matchers-7.11.1.jar;"/>
    <property name="java.vm.vendor" value="Oracle Corporation"/>
    <property name="sun.arch.data.model" value="64"/>
    <property name="user.variant" value=""/>
    <property name="java.vendor.url" value="https://java.oracle.com/"/>
    <property name="user.timezone" value="Europe/Warsaw"/>
    <property name="rp.launch.id" value="49a12130-093d-4759-a54d-236eabf3b61c"/>
    <property name="os.name" value="Windows 10"/>
    <property name="java.vm.specification.version" value="17"/>
    <property name="sun.java.launcher" value="SUN_STANDARD"/>
    <property name="user.country" value="GB"/>
    <property name="sun.boot.library.path" value="C:\Program Files\Java\jdk-17.0.3.1\bin"/>
    <property name="sun.java.command" value="C:\Users\Suwarna_Wagh\AppData\Local\Temp\surefire8673711689666752980\surefirebooter-20230606190415975_3.jar C:\Users\Suwarna_Wagh\AppData\Local\Temp\surefire8673711689666752980 2023-06-06T19-04-15_869-jvmRun1 surefire-20230606190415975_1tmp surefire_0-20230606190415975_2tmp"/>
    <property name="jdk.debug" value="release"/>
    <property name="surefire.test.class.path" value="C:\AdvancedTraining\AutomationFramework\target\test-classes;C:\AdvancedTraining\AutomationFramework\target\classes;C:\Users\Suwarna_Wagh\.m2\repository\org\mockito\mockito-core\4.1.0\mockito-core-4.1.0.jar;C:\Users\Suwarna_Wagh\.m2\repository\net\bytebuddy\byte-buddy\1.12.1\byte-buddy-1.12.1.jar;C:\Users\Suwarna_Wagh\.m2\repository\net\bytebuddy\byte-buddy-agent\1.12.1\byte-buddy-agent-1.12.1.jar;C:\Users\Suwarna_Wagh\.m2\repository\org\objenesis\objenesis\3.2\objenesis-3.2.jar;C:\Users\Suwarna_Wagh\.m2\repository\org\mockito\mockito-all\1.10.19\mockito-all-1.10.19.jar;C:\Users\Suwarna_Wagh\.m2\repository\junit\junit\4.12\junit-4.12.jar;C:\Users\Suwarna_Wagh\.m2\repository\org\hamcrest\hamcrest-core\1.3\hamcrest-core-1.3.jar;C:\Users\Suwarna_Wagh\.m2\repository\org\junit\jupiter\junit-jupiter-api\5.9.1\junit-jupiter-api-5.9.1.jar;C:\Users\Suwarna_Wagh\.m2\repository\org\opentest4j\opentest4j\1.2.0\opentest4j-1.2.0.jar;C:\Users\Suwarna_Wagh\.m2\repository\org\junit\platform\junit-platform-commons\1.9.1\junit-platform-commons-1.9.1.jar;C:\Users\Suwarna_Wagh\.m2\repository\org\apiguardian\apiguardian-api\1.1.2\apiguardian-api-1.1.2.jar;C:\Users\Suwarna_Wagh\.m2\repository\org\assertj\assertj-core\3.24.2\assertj-core-3.24.2.jar;C:\Users\Suwarna_Wagh\.m2\repository\log4j\log4j\1.2.17\log4j-1.2.17.jar;C:\Users\Suwarna_Wagh\.m2\repository\org\sonarsource\scanner\maven\sonar-maven-plugin\3.9.1.2184\sonar-maven-plugin-3.9.1.2184.jar;C:\Users\Suwarna_Wagh\.m2\repository\org\sonatype\plexus\plexus-sec-dispatcher\1.4\plexus-sec-dispatcher-1.4.jar;C:\Users\Suwarna_Wagh\.m2\repository\org\sonatype\plexus\plexus-cipher\1.4\plexus-cipher-1.4.jar;C:\Users\Suwarna_Wagh\.m2\repository\org\codehaus\plexus\plexus-utils\3.2.1\plexus-utils-3.2.1.jar;C:\Users\Suwarna_Wagh\.m2\repository\org\sonarsource\scanner\api\sonar-scanner-api\2.16.2.588\sonar-scanner-api-2.16.2.588.jar;C:\Users\Suwarna_Wagh\.m2\repository\commons-lang\commons-lang\2.6\commons-lang-2.6.jar;C:\Users\Suwarna_Wagh\.m2\repository\com\epam\reportportal\agent-java-testng\5.1.3\agent-java-testng-5.1.3.jar;C:\Users\Suwarna_Wagh\.m2\repository\com\epam\reportportal\client-java\5.1.11\client-java-5.1.11.jar;C:\Users\Suwarna_Wagh\.m2\repository\io\reactivex\rxjava2\rxjava\2.2.10\rxjava-2.2.10.jar;C:\Users\Suwarna_Wagh\.m2\repository\org\reactivestreams\reactive-streams\1.0.2\reactive-streams-1.0.2.jar;C:\Users\Suwarna_Wagh\.m2\repository\com\squareup\retrofit2\retrofit\2.9.0\retrofit-2.9.0.jar;C:\Users\Suwarna_Wagh\.m2\repository\com\squareup\okhttp3\okhttp\3.14.9\okhttp-3.14.9.jar;C:\Users\Suwarna_Wagh\.m2\repository\com\squareup\okio\okio\1.17.2\okio-1.17.2.jar;C:\Users\Suwarna_Wagh\.m2\repository\org\aspectj\aspectjrt\1.9.2\aspectjrt-1.9.2.jar;C:\Users\Suwarna_Wagh\.m2\repository\com\squareup\retrofit2\converter-scalars\2.9.0\converter-scalars-2.9.0.jar;C:\Users\Suwarna_Wagh\.m2\repository\com\squareup\retrofit2\converter-jackson\2.9.0\converter-jackson-2.9.0.jar;C:\Users\Suwarna_Wagh\.m2\repository\com\squareup\retrofit2\adapter-rxjava2\2.9.0\adapter-rxjava2-2.9.0.jar;C:\Users\Suwarna_Wagh\.m2\repository\com\squareup\okhttp3\logging-interceptor\3.14.9\logging-interceptor-3.14.9.jar;C:\Users\Suwarna_Wagh\.m2\repository\org\aspectj\aspectjweaver\1.9.2\aspectjweaver-1.9.2.jar;C:\Users\Suwarna_Wagh\.m2\repository\com\google\code\findbugs\jsr305\3.0.2\jsr305-3.0.2.jar;C:\Users\Suwarna_Wagh\.m2\repository\com\epam\reportportal\commons-model\5.0.0\commons-model-5.0.0.jar;C:\Users\Suwarna_Wagh\.m2\repository\io\swagger\swagger-annotations\1.5.24\swagger-annotations-1.5.24.jar;C:\Users\Suwarna_Wagh\.m2\repository\javax\validation\validation-api\2.0.1.Final\validation-api-2.0.1.Final.jar;C:\Users\Suwarna_Wagh\.m2\repository\org\slf4j\slf4j-api\1.7.36\slf4j-api-1.7.36.jar;C:\Users\Suwarna_Wagh\.m2\repository\com\epam\reportportal\logger-java-logback\5.1.3\logger-java-logback-5.1.3.jar;C:\Users\Suwarna_Wagh\.m2\repository\ch\qos\logback\logback-classic\1.2.11\logback-classic-1.2.11.jar;C:\Users\Suwarna_Wagh\.m2\repository\ch\qos\logback\logback-core\1.2.11\logback-core-1.2.11.jar;C:\Users\Suwarna_Wagh\.m2\repository\com\epam\reportportal\logger-java-log4j\5.1.5\logger-java-log4j-5.1.5.jar;C:\Users\Suwarna_Wagh\.m2\repository\org\apache\logging\log4j\log4j-core\2.17.2\log4j-core-2.17.2.jar;C:\Users\Suwarna_Wagh\.m2\repository\org\apache\logging\log4j\log4j-api\2.17.2\log4j-api-2.17.2.jar;C:\Users\Suwarna_Wagh\.m2\repository\io\github\bonigarcia\webdrivermanager\5.3.2\webdrivermanager-5.3.2.jar;C:\Users\Suwarna_Wagh\.m2\repository\com\google\code\gson\gson\2.10.1\gson-2.10.1.jar;C:\Users\Suwarna_Wagh\.m2\repository\com\github\docker-java\docker-java\3.2.14\docker-java-3.2.14.jar;C:\Users\Suwarna_Wagh\.m2\repository\com\github\docker-java\docker-java-core\3.2.14\docker-java-core-3.2.14.jar;C:\Users\Suwarna_Wagh\.m2\repository\com\github\docker-java\docker-java-api\3.2.14\docker-java-api-3.2.14.jar;C:\Users\Suwarna_Wagh\.m2\repository\org\apache\commons\commons-compress\1.21\commons-compress-1.21.jar;C:\Users\Suwarna_Wagh\.m2\repository\org\bouncycastle\bcpkix-jdk15on\1.64\bcpkix-jdk15on-1.64.jar;C:\Users\Suwarna_Wagh\.m2\repository\org\bouncycastle\bcprov-jdk15on\1.64\bcprov-jdk15on-1.64.jar;C:\Users\Suwarna_Wagh\.m2\repository\org\slf4j\jcl-over-slf4j\1.7.30\jcl-over-slf4j-1.7.30.jar;C:\Users\Suwarna_Wagh\.m2\repository\com\github\docker-java\docker-java-transport-httpclient5\3.2.14\docker-java-transport-httpclient5-3.2.14.jar;C:\Users\Suwarna_Wagh\.m2\repository\com\github\docker-java\docker-java-transport\3.2.14\docker-java-transport-3.2.14.jar;C:\Users\Suwarna_Wagh\.m2\repository\net\java\dev\jna\jna\5.12.1\jna-5.12.1.jar;C:\Users\Suwarna_Wagh\.m2\repository\org\brotli\dec\0.1.2\dec-0.1.2.jar;C:\Users\Suwarna_Wagh\.m2\repository\org\apache\commons\commons-lang3\3.12.0\commons-lang3-3.12.0.jar;C:\Users\Suwarna_Wagh\.m2\repository\org\apache\httpcomponents\client5\httpclient5\5.2.1\httpclient5-5.2.1.jar;C:\Users\Suwarna_Wagh\.m2\repository\org\apache\httpcomponents\core5\httpcore5\5.2\httpcore5-5.2.jar;C:\Users\Suwarna_Wagh\.m2\repository\org\apache\httpcomponents\core5\httpcore5-h2\5.2\httpcore5-h2-5.2.jar;C:\Users\Suwarna_Wagh\.m2\repository\org\seleniumhq\selenium\selenium-java\4.8.3\selenium-java-4.8.3.jar;C:\Users\Suwarna_Wagh\.m2\repository\org\seleniumhq\selenium\selenium-api\4.8.3\selenium-api-4.8.3.jar;C:\Users\Suwarna_Wagh\.m2\repository\org\seleniumhq\selenium\selenium-chrome-driver\4.8.3\selenium-chrome-driver-4.8.3.jar;C:\Users\Suwarna_Wagh\.m2\repository\com\google\auto\service\auto-service-annotations\1.0.1\auto-service-annotations-1.0.1.jar;C:\Users\Suwarna_Wagh\.m2\repository\com\google\auto\service\auto-service\1.0.1\auto-service-1.0.1.jar;C:\Users\Suwarna_Wagh\.m2\repository\com\google\auto\auto-common\1.2\auto-common-1.2.jar;C:\Users\Suwarna_Wagh\.m2\repository\org\seleniumhq\selenium\selenium-chromium-driver\4.8.3\selenium-chromium-driver-4.8.3.jar;C:\Users\Suwarna_Wagh\.m2\repository\org\seleniumhq\selenium\selenium-json\4.8.3\selenium-json-4.8.3.jar;C:\Users\Suwarna_Wagh\.m2\repository\org\seleniumhq\selenium\selenium-manager\4.8.3\selenium-manager-4.8.3.jar;C:\Users\Suwarna_Wagh\.m2\repository\org\seleniumhq\selenium\selenium-devtools-v109\4.8.3\selenium-devtools-v109-4.8.3.jar;C:\Users\Suwarna_Wagh\.m2\repository\org\seleniumhq\selenium\selenium-devtools-v110\4.8.3\selenium-devtools-v110-4.8.3.jar;C:\Users\Suwarna_Wagh\.m2\repository\org\seleniumhq\selenium\selenium-devtools-v111\4.8.3\selenium-devtools-v111-4.8.3.jar;C:\Users\Suwarna_Wagh\.m2\repository\org\seleniumhq\selenium\selenium-devtools-v85\4.8.3\selenium-devtools-v85-4.8.3.jar;C:\Users\Suwarna_Wagh\.m2\repository\org\seleniumhq\selenium\selenium-edge-driver\4.8.3\selenium-edge-driver-4.8.3.jar;C:\Users\Suwarna_Wagh\.m2\repository\org\seleniumhq\selenium\selenium-firefox-driver\4.8.3\selenium-firefox-driver-4.8.3.jar;C:\Users\Suwarna_Wagh\.m2\repository\org\seleniumhq\selenium\selenium-http\4.8.3\selenium-http-4.8.3.jar;C:\Users\Suwarna_Wagh\.m2\repository\dev\failsafe\failsafe\3.3.1\failsafe-3.3.1.jar;C:\Users\Suwarna_Wagh\.m2\repository\org\seleniumhq\selenium\selenium-ie-driver\4.8.3\selenium-ie-driver-4.8.3.jar;C:\Users\Suwarna_Wagh\.m2\repository\org\seleniumhq\selenium\selenium-remote-driver\4.8.3\selenium-remote-driver-4.8.3.jar;C:\Users\Suwarna_Wagh\.m2\repository\io\netty\netty-buffer\4.1.90.Final\netty-buffer-4.1.90.Final.jar;C:\Users\Suwarna_Wagh\.m2\repository\io\netty\netty-codec-http\4.1.90.Final\netty-codec-http-4.1.90.Final.jar;C:\Users\Suwarna_Wagh\.m2\repository\io\netty\netty-codec\4.1.90.Final\netty-codec-4.1.90.Final.jar;C:\Users\Suwarna_Wagh\.m2\repository\io\netty\netty-handler\4.1.90.Final\netty-handler-4.1.90.Final.jar;C:\Users\Suwarna_Wagh\.m2\repository\io\netty\netty-common\4.1.90.Final\netty-common-4.1.90.Final.jar;C:\Users\Suwarna_Wagh\.m2\repository\io\netty\netty-transport-classes-epoll\4.1.90.Final\netty-transport-classes-epoll-4.1.90.Final.jar;C:\Users\Suwarna_Wagh\.m2\repository\io\netty\netty-transport-classes-kqueue\4.1.90.Final\netty-transport-classes-kqueue-4.1.90.Final.jar;C:\Users\Suwarna_Wagh\.m2\repository\io\netty\netty-transport-native-epoll\4.1.90.Final\netty-transport-native-epoll-4.1.90.Final.jar;C:\Users\Suwarna_Wagh\.m2\repository\io\netty\netty-transport-native-kqueue\4.1.90.Final\netty-transport-native-kqueue-4.1.90.Final.jar;C:\Users\Suwarna_Wagh\.m2\repository\io\netty\netty-transport-native-unix-common\4.1.90.Final\netty-transport-native-unix-common-4.1.90.Final.jar;C:\Users\Suwarna_Wagh\.m2\repository\io\netty\netty-transport\4.1.90.Final\netty-transport-4.1.90.Final.jar;C:\Users\Suwarna_Wagh\.m2\repository\io\netty\netty-resolver\4.1.90.Final\netty-resolver-4.1.90.Final.jar;C:\Users\Suwarna_Wagh\.m2\repository\io\opentelemetry\opentelemetry-api\1.24.0\opentelemetry-api-1.24.0.jar;C:\Users\Suwarna_Wagh\.m2\repository\io\opentelemetry\opentelemetry-context\1.24.0\opentelemetry-context-1.24.0.jar;C:\Users\Suwarna_Wagh\.m2\repository\io\opentelemetry\opentelemetry-exporter-logging\1.24.0\opentelemetry-exporter-logging-1.24.0.jar;C:\Users\Suwarna_Wagh\.m2\repository\io\opentelemetry\opentelemetry-sdk-metrics\1.24.0\opentelemetry-sdk-metrics-1.24.0.jar;C:\Users\Suwarna_Wagh\.m2\repository\io\opentelemetry\opentelemetry-sdk-logs\1.24.0-alpha\opentelemetry-sdk-logs-1.24.0-alpha.jar;C:\Users\Suwarna_Wagh\.m2\repository\io\opentelemetry\opentelemetry-api-logs\1.24.0-alpha\opentelemetry-api-logs-1.24.0-alpha.jar;C:\Users\Suwarna_Wagh\.m2\repository\io\opentelemetry\opentelemetry-api-events\1.24.0-alpha\opentelemetry-api-events-1.24.0-alpha.jar;C:\Users\Suwarna_Wagh\.m2\repository\io\opentelemetry\opentelemetry-sdk-common\1.24.0\opentelemetry-sdk-common-1.24.0.jar;C:\Users\Suwarna_Wagh\.m2\repository\io\opentelemetry\opentelemetry-sdk-extension-autoconfigure-spi\1.24.0\opentelemetry-sdk-extension-autoconfigure-spi-1.24.0.jar;C:\Users\Suwarna_Wagh\.m2\repository\io\opentelemetry\opentelemetry-sdk-extension-autoconfigure\1.24.0-alpha\opentelemetry-sdk-extension-autoconfigure-1.24.0-alpha.jar;C:\Users\Suwarna_Wagh\.m2\repository\io\opentelemetry\opentelemetry-sdk-trace\1.24.0\opentelemetry-sdk-trace-1.24.0.jar;C:\Users\Suwarna_Wagh\.m2\repository\io\opentelemetry\opentelemetry-sdk\1.24.0\opentelemetry-sdk-1.24.0.jar;C:\Users\Suwarna_Wagh\.m2\repository\io\opentelemetry\opentelemetry-semconv\1.24.0-alpha\opentelemetry-semconv-1.24.0-alpha.jar;C:\Users\Suwarna_Wagh\.m2\repository\io\ous\jtoml\2.0.0\jtoml-2.0.0.jar;C:\Users\Suwarna_Wagh\.m2\repository\org\apache\commons\commons-exec\1.3\commons-exec-1.3.jar;C:\Users\Suwarna_Wagh\.m2\repository\org\asynchttpclient\async-http-client\2.12.3\async-http-client-2.12.3.jar;C:\Users\Suwarna_Wagh\.m2\repository\org\asynchttpclient\async-http-client-netty-utils\2.12.3\async-http-client-netty-utils-2.12.3.jar;C:\Users\Suwarna_Wagh\.m2\repository\io\netty\netty-codec-socks\4.1.60.Final\netty-codec-socks-4.1.60.Final.jar;C:\Users\Suwarna_Wagh\.m2\repository\io\netty\netty-handler-proxy\4.1.60.Final\netty-handler-proxy-4.1.60.Final.jar;C:\Users\Suwarna_Wagh\.m2\repository\io\netty\netty-transport-native-epoll\4.1.60.Final\netty-transport-native-epoll-4.1.60.Final-linux-x86_64.jar;C:\Users\Suwarna_Wagh\.m2\repository\io\netty\netty-transport-native-kqueue\4.1.60.Final\netty-transport-native-kqueue-4.1.60.Final-osx-x86_64.jar;C:\Users\Suwarna_Wagh\.m2\repository\com\typesafe\netty\netty-reactive-streams\2.0.4\netty-reactive-streams-2.0.4.jar;C:\Users\Suwarna_Wagh\.m2\repository\com\sun\activation\jakarta.activation\1.2.2\jakarta.activation-1.2.2.jar;C:\Users\Suwarna_Wagh\.m2\repository\org\seleniumhq\selenium\selenium-safari-driver\4.8.3\selenium-safari-driver-4.8.3.jar;C:\Users\Suwarna_Wagh\.m2\repository\org\seleniumhq\selenium\selenium-support\4.8.3\selenium-support-4.8.3.jar;C:\Users\Suwarna_Wagh\.m2\repository\com\google\guava\guava\31.0.1-jre\guava-31.0.1-jre.jar;C:\Users\Suwarna_Wagh\.m2\repository\com\google\guava\failureaccess\1.0.1\failureaccess-1.0.1.jar;C:\Users\Suwarna_Wagh\.m2\repository\com\google\guava\listenablefuture\9999.0-empty-to-avoid-conflict-with-guava\listenablefuture-9999.0-empty-to-avoid-conflict-with-guava.jar;C:\Users\Suwarna_Wagh\.m2\repository\org\checkerframework\checker-qual\3.12.0\checker-qual-3.12.0.jar;C:\Users\Suwarna_Wagh\.m2\repository\com\google\errorprone\error_prone_annotations\2.7.1\error_prone_annotations-2.7.1.jar;C:\Users\Suwarna_Wagh\.m2\repository\com\google\j2objc\j2objc-annotations\1.3\j2objc-annotations-1.3.jar;C:\Users\Suwarna_Wagh\.m2\repository\io\rest-assured\rest-assured\5.3.0\rest-assured-5.3.0.jar;C:\Users\Suwarna_Wagh\.m2\repository\org\apache\groovy\groovy\4.0.6\groovy-4.0.6.jar;C:\Users\Suwarna_Wagh\.m2\repository\org\apache\groovy\groovy-xml\4.0.6\groovy-xml-4.0.6.jar;C:\Users\Suwarna_Wagh\.m2\repository\org\apache\httpcomponents\httpclient\4.5.13\httpclient-4.5.13.jar;C:\Users\Suwarna_Wagh\.m2\repository\org\apache\httpcomponents\httpcore\4.4.13\httpcore-4.4.13.jar;C:\Users\Suwarna_Wagh\.m2\repository\commons-logging\commons-logging\1.2\commons-logging-1.2.jar;C:\Users\Suwarna_Wagh\.m2\repository\commons-codec\commons-codec\1.11\commons-codec-1.11.jar;C:\Users\Suwarna_Wagh\.m2\repository\org\apache\httpcomponents\httpmime\4.5.13\httpmime-4.5.13.jar;C:\Users\Suwarna_Wagh\.m2\repository\org\hamcrest\hamcrest\2.1\hamcrest-2.1.jar;C:\Users\Suwarna_Wagh\.m2\repository\org\ccil\cowan\tagsoup\tagsoup\1.2.1\tagsoup-1.2.1.jar;C:\Users\Suwarna_Wagh\.m2\repository\io\rest-assured\xml-path\5.3.0\xml-path-5.3.0.jar;C:\Users\Suwarna_Wagh\.m2\repository\io\rest-assured\json-path\5.3.0\json-path-5.3.0.jar;C:\Users\Suwarna_Wagh\.m2\repository\org\apache\groovy\groovy-json\4.0.6\groovy-json-4.0.6.jar;C:\Users\Suwarna_Wagh\.m2\repository\io\rest-assured\rest-assured-common\5.3.0\rest-assured-common-5.3.0.jar;C:\Users\Suwarna_Wagh\.m2\repository\io\rest-assured\json-schema-validator\5.3.0\json-schema-validator-5.3.0.jar;C:\Users\Suwarna_Wagh\.m2\repository\com\github\java-json-tools\json-schema-validator\2.2.14\json-schema-validator-2.2.14.jar;C:\Users\Suwarna_Wagh\.m2\repository\com\github\java-json-tools\jackson-coreutils-equivalence\1.0\jackson-coreutils-equivalence-1.0.jar;C:\Users\Suwarna_Wagh\.m2\repository\com\github\java-json-tools\jackson-coreutils\2.0\jackson-coreutils-2.0.jar;C:\Users\Suwarna_Wagh\.m2\repository\com\github\java-json-tools\msg-simple\1.2\msg-simple-1.2.jar;C:\Users\Suwarna_Wagh\.m2\repository\com\github\java-json-tools\btf\1.3\btf-1.3.jar;C:\Users\Suwarna_Wagh\.m2\repository\com\github\java-json-tools\json-schema-core\1.2.14\json-schema-core-1.2.14.jar;C:\Users\Suwarna_Wagh\.m2\repository\com\github\java-json-tools\uri-template\0.10\uri-template-0.10.jar;C:\Users\Suwarna_Wagh\.m2\repository\org\mozilla\rhino\1.7.7.2\rhino-1.7.7.2.jar;C:\Users\Suwarna_Wagh\.m2\repository\com\sun\mail\mailapi\1.6.2\mailapi-1.6.2.jar;C:\Users\Suwarna_Wagh\.m2\repository\com\googlecode\libphonenumber\libphonenumber\8.11.1\libphonenumber-8.11.1.jar;C:\Users\Suwarna_Wagh\.m2\repository\net\sf\jopt-simple\jopt-simple\5.0.4\jopt-simple-5.0.4.jar;C:\Users\Suwarna_Wagh\.m2\repository\com\aventstack\extentreports\3.0.0\extentreports-3.0.0.jar;C:\Users\Suwarna_Wagh\.m2\repository\org\freemarker\freemarker\2.3.23\freemarker-2.3.23.jar;C:\Users\Suwarna_Wagh\.m2\repository\org\mongodb\mongodb-driver\3.3.0\mongodb-driver-3.3.0.jar;C:\Users\Suwarna_Wagh\.m2\repository\org\mongodb\bson\3.3.0\bson-3.3.0.jar;C:\Users\Suwarna_Wagh\.m2\repository\org\mongodb\mongodb-driver-core\3.3.0\mongodb-driver-core-3.3.0.jar;C:\Users\Suwarna_Wagh\.m2\repository\global\AdvancedTraining\1.0-SNAPSHOT\AdvancedTraining-1.0-SNAPSHOT.jar;C:\Users\Suwarna_Wagh\.m2\repository\org\projectlombok\lombok\1.18.26\lombok-1.18.26.jar;C:\Users\Suwarna_Wagh\.m2\repository\org\modelmapper\modelmapper\3.1.1\modelmapper-3.1.1.jar;C:\Users\Suwarna_Wagh\.m2\repository\com\mashape\unirest\unirest-java\1.4.9\unirest-java-1.4.9.jar;C:\Users\Suwarna_Wagh\.m2\repository\org\apache\httpcomponents\httpasyncclient\4.1.1\httpasyncclient-4.1.1.jar;C:\Users\Suwarna_Wagh\.m2\repository\org\apache\httpcomponents\httpcore-nio\4.4.4\httpcore-nio-4.4.4.jar;C:\Users\Suwarna_Wagh\.m2\repository\org\json\json\20160212\json-20160212.jar;C:\Users\Suwarna_Wagh\.m2\repository\org\junit\jupiter\junit-jupiter-engine\5.9.1\junit-jupiter-engine-5.9.1.jar;C:\Users\Suwarna_Wagh\.m2\repository\org\junit\platform\junit-platform-engine\1.9.1\junit-platform-engine-1.9.1.jar;C:\Users\Suwarna_Wagh\.m2\repository\org\junit\vintage\junit-vintage-engine\5.9.1\junit-vintage-engine-5.9.1.jar;C:\Users\Suwarna_Wagh\.m2\repository\org\testng\testng\7.7.1\testng-7.7.1.jar;C:\Users\Suwarna_Wagh\.m2\repository\com\beust\jcommander\1.82\jcommander-1.82.jar;C:\Users\Suwarna_Wagh\.m2\repository\org\webjars\jquery\3.6.1\jquery-3.6.1.jar;C:\Users\Suwarna_Wagh\.m2\repository\io\cucumber\cucumber-java\7.11.1\cucumber-java-7.11.1.jar;C:\Users\Suwarna_Wagh\.m2\repository\io\cucumber\cucumber-junit\7.11.1\cucumber-junit-7.11.1.jar;C:\Users\Suwarna_Wagh\.m2\repository\io\cucumber\cucumber-core\7.11.1\cucumber-core-7.11.1.jar;C:\Users\Suwarna_Wagh\.m2\repository\io\cucumber\cucumber-gherkin-messages\7.11.1\cucumber-gherkin-messages-7.11.1.jar;C:\Users\Suwarna_Wagh\.m2\repository\io\cucumber\gherkin\26.0.3\gherkin-26.0.3.jar;C:\Users\Suwarna_Wagh\.m2\repository\io\cucumber\messages\21.0.1\messages-21.0.1.jar;C:\Users\Suwarna_Wagh\.m2\repository\io\cucumber\tag-expressions\5.0.1\tag-expressions-5.0.1.jar;C:\Users\Suwarna_Wagh\.m2\repository\io\cucumber\cucumber-expressions\16.1.2\cucumber-expressions-16.1.2.jar;C:\Users\Suwarna_Wagh\.m2\repository\io\cucumber\datatable\7.11.1\datatable-7.11.1.jar;C:\Users\Suwarna_Wagh\.m2\repository\io\cucumber\docstring\7.11.1\docstring-7.11.1.jar;C:\Users\Suwarna_Wagh\.m2\repository\io\cucumber\html-formatter\20.2.1\html-formatter-20.2.1.jar;C:\Users\Suwarna_Wagh\.m2\repository\io\cucumber\junit-xml-formatter\0.1.0\junit-xml-formatter-0.1.0.jar;C:\Users\Suwarna_Wagh\.m2\repository\io\cucumber\ci-environment\9.1.0\ci-environment-9.1.0.jar;C:\Users\Suwarna_Wagh\.m2\repository\io\cucumber\cucumber-gherkin\7.11.1\cucumber-gherkin-7.11.1.jar;C:\Users\Suwarna_Wagh\.m2\repository\io\cucumber\cucumber-java8\7.11.1\cucumber-java8-7.11.1.jar;C:\Users\Suwarna_Wagh\.m2\repository\net\jodah\typetools\0.6.3\typetools-0.6.3.jar;C:\Users\Suwarna_Wagh\.m2\repository\io\cucumber\cucumber-jvm-deps\1.0.6\cucumber-jvm-deps-1.0.6.jar;C:\Users\Suwarna_Wagh\.m2\repository\io\cucumber\cucumber-plugin\7.11.1\cucumber-plugin-7.11.1.jar;C:\Users\Suwarna_Wagh\.m2\repository\net\masterthought\cucumber-reporting\5.7.5\cucumber-reporting-5.7.5.jar;C:\Users\Suwarna_Wagh\.m2\repository\com\fasterxml\jackson\core\jackson-databind\2.13.2.2\jackson-databind-2.13.2.2.jar;C:\Users\Suwarna_Wagh\.m2\repository\com\fasterxml\jackson\core\jackson-annotations\2.13.2\jackson-annotations-2.13.2.jar;C:\Users\Suwarna_Wagh\.m2\repository\com\fasterxml\jackson\core\jackson-core\2.13.2\jackson-core-2.13.2.jar;C:\Users\Suwarna_Wagh\.m2\repository\com\fasterxml\jackson\datatype\jackson-datatype-jsr310\2.13.2\jackson-datatype-jsr310-2.13.2.jar;C:\Users\Suwarna_Wagh\.m2\repository\org\apache\velocity\velocity-engine-core\2.3\velocity-engine-core-2.3.jar;C:\Users\Suwarna_Wagh\.m2\repository\org\apache\commons\commons-collections4\4.4\commons-collections4-4.4.jar;C:\Users\Suwarna_Wagh\.m2\repository\joda-time\joda-time\2.12.2\joda-time-2.12.2.jar;C:\Users\Suwarna_Wagh\.m2\repository\commons-io\commons-io\2.7\commons-io-2.7.jar;C:\Users\Suwarna_Wagh\.m2\repository\org\jsoup\jsoup\1.15.4\jsoup-1.15.4.jar;C:\Users\Suwarna_Wagh\.m2\repository\com\googlecode\owasp-java-html-sanitizer\owasp-java-html-sanitizer\20220608.1\owasp-java-html-sanitizer-20220608.1.jar;C:\Users\Suwarna_Wagh\.m2\repository\commons-configuration\commons-configuration\1.10\commons-configuration-1.10.jar;C:\Users\Suwarna_Wagh\.m2\repository\io\cucumber\datatable-matchers\7.11.1\datatable-matchers-7.11.1.jar;"/>
    <property name="sun.cpu.endian" value="little"/>
    <property name="user.home" value="C:\Users\Suwarna_Wagh"/>
    <property name="user.language" value="en"/>
    <property name="java.specification.vendor" value="Oracle Corporation"/>
    <property name="java.version.date" value="2022-04-22"/>
    <property name="java.home" value="C:\Program Files\Java\jdk-17.0.3.1"/>
    <property name="file.separator" value="\"/>
    <property name="basedir" value="C:\AdvancedTraining\AutomationFramework"/>
    <property name="java.vm.compressedOopsMode" value="Zero based"/>
    <property name="line.separator" value="&#10;"/>
    <property name="java.vm.specification.vendor" value="Oracle Corporation"/>
    <property name="java.specification.name" value="Java Platform API Specification"/>
    <property name="surefire.real.class.path" value="C:\Users\Suwarna_Wagh\AppData\Local\Temp\surefire8673711689666752980\surefirebooter-20230606190415975_3.jar"/>
    <property name="user.script" value=""/>
    <property name="sun.management.compiler" value="HotSpot 64-Bit Tiered Compilers"/>
    <property name="java.runtime.version" value="17.0.3.1+2-LTS-6"/>
    <property name="user.name" value="Suwarna_Wagh"/>
    <property name="path.separator" value=";"/>
    <property name="os.version" value="10.0"/>
    <property name="java.runtime.name" value="Java(TM) SE Runtime Environment"/>
    <property name="file.encoding" value="Cp1252"/>
    <property name="java.vm.name" value="Java HotSpot(TM) 64-Bit Server VM"/>
    <property name="localRepository" value="C:\Users\Suwarna_Wagh\.m2\repository"/>
    <property name="java.vendor.url.bug" value="https://bugreport.java.com/bugreport/"/>
    <property name="java.io.tmpdir" value="C:\Users\SUWARN~1\AppData\Local\Temp\"/>
    <property name="java.version" value="17.0.3.1"/>
    <property name="user.dir" value="C:\AdvancedTraining\AutomationFramework"/>
    <property name="os.arch" value="amd64"/>
    <property name="java.vm.specification.name" value="Java Virtual Machine Specification"/>
    <property name="sun.os.patch.level" value=""/>
    <property name="native.encoding" value="Cp1252"/>
    <property name="java.library.path" value="C:\Program Files\Java\jdk-17.0.3.1\bin;C:\windows\Sun\Java\bin;C:\windows\system32;C:\windows;C:\Program Files (x86)\Microsoft SDKs\Azure\CLI2\wbin;C:\Program Files\Common Files\Oracle\Java\javapath;C:\windows\system32;C:\windows;C:\windows\System32\Wbem;C:\windows\System32\WindowsPowerShell\v1.0\;C:\windows\System32\OpenSSH\;C:\Program Files\Java\jdk-17.0.3.1\bin;C:\Program Files\Git\cmd;C:\MyApp\Gradle\gradle-7.4.2\bin;C:\MyApp\Kube;C:\Program Files\Docker\Docker\resources\bin;C:\Program Files\Git\bin;C:\Users\Suwarna_Wagh\AppData\Local\Microsoft\WindowsApps;C:\Program Files\JetBrains\IntelliJ IDEA Community Edition 2022.1.2\bin;;C:\Maven\apache-maven-3.9.1\bin;C:\Program Files\Git\bin;;."/>
    <property name="java.vm.info" value="mixed mode, sharing"/>
    <property name="java.vendor" value="Oracle Corporation"/>
    <property name="java.vm.version" value="17.0.3.1+2-LTS-6"/>
    <property name="sun.io.unicode.encoding" value="UnicodeLittle"/>
    <property name="java.class.version" value="61.0"/>
  </properties>
  <testcase name="a_getAllSharedDashboardTest_GET" classname="alltests.apitest.DashboardControllerTest" time="1.432">
    <system-out><![CDATA[19:04:16.534 [main] DEBUG org.testng.TestNG - suiteXmlPath: "C:\AdvancedTraining\AutomationFramework\src\test\resources\testng.xml"
19:04:16.684 [main] DEBUG org.testng.TestNG - suiteXmlPath: "C:\AdvancedTraining\AutomationFramework\src\test\resources\testng_ui.xml"
19:04:17.156 [main] WARN com.epam.reportportal.testng.BaseTestNGListener - WARNING! More than one ReportPortal listener is added
WARNING! More than one ReportPortal listener is added
19:04:17.156 [main] WARN org.testng.TestNG - Ignoring duplicate listener : com.epam.reportportal.testng.ReportPortalTestNGListener
19:04:17.156 [main] WARN org.testng.TestNG - Ignoring duplicate listener : com.epam.reportportal.testng.ReportPortalTestNGListener
19:04:17.156 [main] WARN org.testng.TestNG - Ignoring duplicate listener : utils.Listeners
19:04:17.156 [main] WARN org.testng.TestNG - AnnotationTransformer already set
19:04:17.379 [main] INFO com.epam.reportportal.service.Launch - Rerun: false
19:04:17.607 [rp-io-1] DEBUG com.epam.reportportal.service.Launch - ReportPortal launch with ID '49a12130-093d-4759-a54d-236eabf3b61c' has been created
19:04:17.607 [rp-io-1] DEBUG com.epam.reportportal.utils.SubscriptionUtils - Launch start successfully completed
19:04:18.202 [rp-io-4] DEBUG com.epam.reportportal.service.Launch - ReportPortal item with ID '9851975a-14b7-4cde-991c-3eb315e730f5' has been created
19:04:18.203 [rp-io-4] DEBUG com.epam.reportportal.utils.SubscriptionUtils - Start test item successfully completed
19:04:18.203 [rp-io-4] DEBUG com.epam.reportportal.service.Launch - Starting test item...rp-io-4
2023-06-06 19:04:18 INFO  Listeners:67 - Started Dashboard API Controller Tests
19:04:18.223 [rp-io-8] DEBUG com.epam.reportportal.service.Launch - ReportPortal item with ID '85bac27c-a179-4af1-abd3-c6f6f3f33e12' has been created
19:04:18.223 [rp-io-8] DEBUG com.epam.reportportal.utils.SubscriptionUtils - Start test item successfully completed
19:04:18.256 [rp-io-9] DEBUG com.epam.reportportal.service.Launch - Starting test item...rp-io-9
2023-06-06 19:04:18 INFO  Listeners:34 - Started Test null
2023-06-06 19:04:18 INFO  DashboardControllerTest:31 - a_getAllSharedDashboardTest_GET
19:04:18.281 [rp-io-11] DEBUG com.epam.reportportal.service.Launch - ReportPortal item with ID 'c3dde5f9-d62e-4314-ba01-834d5852f9c2' has been created
19:04:18.281 [rp-io-11] DEBUG com.epam.reportportal.utils.SubscriptionUtils - Start test item successfully completed
Request method:	GET
Request URI:	http://localhost:8080/api/v1/AUTOMATIONTESTINGADVANCEDPROGRAM/dashboard/shared
Proxy:			<none>
Request params:	<none>
Query params:	<none>
Form params:	<none>
Path params:	<none>
Headers:		Authorization=Bearer 8bb82a7d-a573-419e-9cce-c2419f308802
				Accept=*/*
				Content-Type=application/json
Cookies:		<none>
Multiparts:		<none>
Body:			<none>
19:04:19.505 [main] DEBUG org.apache.http.impl.conn.BasicClientConnectionManager - Get connection for route {}->http://localhost:8080
19:04:19.521 [main] DEBUG org.apache.http.impl.conn.DefaultClientConnectionOperator - Connecting to localhost:8080
19:04:19.538 [main] DEBUG org.apache.http.client.protocol.RequestAddCookies - CookieSpec selected: ignoreCookies
19:04:19.538 [main] DEBUG org.apache.http.client.protocol.RequestAuthCache - Auth cache not set in the context
19:04:19.538 [main] DEBUG org.apache.http.client.protocol.RequestProxyAuthentication - Proxy auth state: UNCHALLENGED
19:04:19.538 [main] DEBUG org.apache.http.impl.client.DefaultHttpClient - Attempt 1 to execute request
19:04:19.538 [main] DEBUG org.apache.http.impl.conn.DefaultClientConnection - Sending request: GET /api/v1/AUTOMATIONTESTINGADVANCEDPROGRAM/dashboard/shared HTTP/1.1
19:04:19.538 [main] DEBUG org.apache.http.wire -  >> "GET /api/v1/AUTOMATIONTESTINGADVANCEDPROGRAM/dashboard/shared HTTP/1.1[\r][\n]"
19:04:19.538 [main] DEBUG org.apache.http.wire -  >> "Content-Type: application/json[\r][\n]"
19:04:19.538 [main] DEBUG org.apache.http.wire -  >> "Authorization: Bearer 8bb82a7d-a573-419e-9cce-c2419f308802[\r][\n]"
19:04:19.538 [main] DEBUG org.apache.http.wire -  >> "Accept: */*[\r][\n]"
19:04:19.538 [main] DEBUG org.apache.http.wire -  >> "Host: localhost:8080[\r][\n]"
19:04:19.538 [main] DEBUG org.apache.http.wire -  >> "Connection: Keep-Alive[\r][\n]"
19:04:19.538 [main] DEBUG org.apache.http.wire -  >> "User-Agent: Apache-HttpClient/4.5.13 (Java/17.0.3.1)[\r][\n]"
19:04:19.538 [main] DEBUG org.apache.http.wire -  >> "Accept-Encoding: gzip,deflate[\r][\n]"
19:04:19.538 [main] DEBUG org.apache.http.wire -  >> "[\r][\n]"
19:04:19.538 [main] DEBUG org.apache.http.headers - >> GET /api/v1/AUTOMATIONTESTINGADVANCEDPROGRAM/dashboard/shared HTTP/1.1
19:04:19.538 [main] DEBUG org.apache.http.headers - >> Content-Type: application/json
19:04:19.538 [main] DEBUG org.apache.http.headers - >> Authorization: Bearer 8bb82a7d-a573-419e-9cce-c2419f308802
19:04:19.538 [main] DEBUG org.apache.http.headers - >> Accept: */*
19:04:19.538 [main] DEBUG org.apache.http.headers - >> Host: localhost:8080
19:04:19.538 [main] DEBUG org.apache.http.headers - >> Connection: Keep-Alive
19:04:19.538 [main] DEBUG org.apache.http.headers - >> User-Agent: Apache-HttpClient/4.5.13 (Java/17.0.3.1)
19:04:19.538 [main] DEBUG org.apache.http.headers - >> Accept-Encoding: gzip,deflate
19:04:19.566 [main] DEBUG org.apache.http.wire -  << "HTTP/1.1 200 OK[\r][\n]"
19:04:19.568 [main] DEBUG org.apache.http.wire -  << "Cache-Control: no-cache, no-store, max-age=0, must-revalidate[\r][\n]"
19:04:19.568 [main] DEBUG org.apache.http.wire -  << "Content-Type: application/json[\r][\n]"
19:04:19.568 [main] DEBUG org.apache.http.wire -  << "Date: Tue, 06 Jun 2023 17:04:19 GMT[\r][\n]"
19:04:19.568 [main] DEBUG org.apache.http.wire -  << "Expires: 0[\r][\n]"
19:04:19.568 [main] DEBUG org.apache.http.wire -  << "Pragma: no-cache[\r][\n]"
19:04:19.568 [main] DEBUG org.apache.http.wire -  << "X-Content-Type-Options: nosniff[\r][\n]"
19:04:19.568 [main] DEBUG org.apache.http.wire -  << "X-Frame-Options: DENY[\r][\n]"
19:04:19.568 [main] DEBUG org.apache.http.wire -  << "X-Xss-Protection: 1; mode=block[\r][\n]"
19:04:19.568 [main] DEBUG org.apache.http.wire -  << "Content-Length: 165[\r][\n]"
19:04:19.568 [main] DEBUG org.apache.http.wire -  << "[\r][\n]"
19:04:19.569 [main] DEBUG org.apache.http.impl.conn.DefaultClientConnection - Receiving response: HTTP/1.1 200 OK
19:04:19.569 [main] DEBUG org.apache.http.headers - << HTTP/1.1 200 OK
19:04:19.569 [main] DEBUG org.apache.http.headers - << Cache-Control: no-cache, no-store, max-age=0, must-revalidate
19:04:19.569 [main] DEBUG org.apache.http.headers - << Content-Type: application/json
19:04:19.569 [main] DEBUG org.apache.http.headers - << Date: Tue, 06 Jun 2023 17:04:19 GMT
19:04:19.569 [main] DEBUG org.apache.http.headers - << Expires: 0
19:04:19.569 [main] DEBUG org.apache.http.headers - << Pragma: no-cache
19:04:19.569 [main] DEBUG org.apache.http.headers - << X-Content-Type-Options: nosniff
19:04:19.569 [main] DEBUG org.apache.http.headers - << X-Frame-Options: DENY
19:04:19.569 [main] DEBUG org.apache.http.headers - << X-Xss-Protection: 1; mode=block
19:04:19.569 [main] DEBUG org.apache.http.headers - << Content-Length: 165
19:04:19.572 [main] DEBUG org.apache.http.impl.client.DefaultHttpClient - Connection can be kept alive indefinitely
19:04:19.577 [main] DEBUG io.restassured.internal.RestAssuredHttpBuilder - Parsing response as: application/json
19:04:19.577 [main] DEBUG io.restassured.internal.RestAssuredHttpBuilder - Parsed data to instance of: class org.apache.http.conn.EofSensorInputStream
19:04:19.605 [main] DEBUG org.apache.http.wire -  << "{"content":[{"id":"67","name":"DEMO DASHBOARD","owner":"superadmin","description":"Testing purpose"}],"page":{"number":1,"size":20,"totalElements":1,"totalPages":1}}"
19:04:19.605 [main] DEBUG org.apache.http.impl.conn.BasicClientConnectionManager - Releasing connection org.apache.http.impl.conn.ManagedClientConnectionImpl@1eca3ea7
19:04:19.605 [main] DEBUG org.apache.http.impl.conn.BasicClientConnectionManager - Connection can be kept alive indefinitely
HTTP/1.1 200 OK
Cache-Control: no-cache, no-store, max-age=0, must-revalidate
Content-Type: application/json
Date: Tue, 06 Jun 2023 17:04:19 GMT
Expires: 0
Pragma: no-cache
X-Content-Type-Options: nosniff
X-Frame-Options: DENY
X-Xss-Protection: 1; mode=block
Content-Length: 165

{
    "content": [
        {
            "id": "67",
            "name": "DEMO DASHBOARD",
            "owner": "superadmin",
            "description": "Testing purpose"
        }
    ],
    "page": {
        "number": 1,
        "size": 20,
        "totalElements": 1,
        "totalPages": 1
    }
}
2023-06-06 19:04:19 INFO  Listeners:38 - Succeeded Test null
]]></system-out>
  </testcase>
  <testcase name="b_getAllDashboardListTest_GET" classname="alltests.apitest.DashboardControllerTest" time="0.116">
    <system-out><![CDATA[19:04:19.672 [rp-io-14] DEBUG com.epam.reportportal.service.Launch - Starting test item...rp-io-14
2023-06-06 19:04:19 INFO  Listeners:34 - Started Test null
2023-06-06 19:04:19 INFO  DashboardControllerTest:38 - b_getAllDashboardListTest_GET
Request method:	GET
Request URI:	http://localhost:8080/api/v1/AUTOMATIONTESTINGADVANCEDPROGRAM/dashboard
Proxy:			<none>
Request params:	<none>
Query params:	<none>
Form params:	<none>
Path params:	<none>
Headers:		Authorization=Bearer 8bb82a7d-a573-419e-9cce-c2419f308802
				Accept=*/*
				Content-Type=application/json
Cookies:		<none>
Multiparts:		<none>
Body:			<none>
19:04:19.699 [main] DEBUG org.apache.http.impl.conn.BasicClientConnectionManager - Get connection for route {}->http://localhost:8080
19:04:19.699 [main] DEBUG org.apache.http.impl.conn.DefaultClientConnectionOperator - Connecting to localhost:8080
19:04:19.700 [rp-io-16] DEBUG com.epam.reportportal.service.Launch - ReportPortal item with ID 'bbaf6086-10e2-4016-9fae-735cb0ff0c55' has been created
19:04:19.700 [rp-io-16] DEBUG com.epam.reportportal.utils.SubscriptionUtils - Start test item successfully completed
19:04:19.700 [main] DEBUG org.apache.http.client.protocol.RequestAddCookies - CookieSpec selected: ignoreCookies
19:04:19.700 [main] DEBUG org.apache.http.client.protocol.RequestAuthCache - Auth cache not set in the context
19:04:19.700 [main] DEBUG org.apache.http.client.protocol.RequestProxyAuthentication - Proxy auth state: UNCHALLENGED
19:04:19.700 [main] DEBUG org.apache.http.impl.client.DefaultHttpClient - Attempt 1 to execute request
19:04:19.700 [main] DEBUG org.apache.http.impl.conn.DefaultClientConnection - Sending request: GET /api/v1/AUTOMATIONTESTINGADVANCEDPROGRAM/dashboard HTTP/1.1
19:04:19.701 [main] DEBUG org.apache.http.wire -  >> "GET /api/v1/AUTOMATIONTESTINGADVANCEDPROGRAM/dashboard HTTP/1.1[\r][\n]"
19:04:19.701 [main] DEBUG org.apache.http.wire -  >> "Content-Type: application/json[\r][\n]"
19:04:19.701 [main] DEBUG org.apache.http.wire -  >> "Authorization: Bearer 8bb82a7d-a573-419e-9cce-c2419f308802[\r][\n]"
19:04:19.701 [main] DEBUG org.apache.http.wire -  >> "Accept: */*[\r][\n]"
19:04:19.701 [main] DEBUG org.apache.http.wire -  >> "Host: localhost:8080[\r][\n]"
19:04:19.701 [main] DEBUG org.apache.http.wire -  >> "Connection: Keep-Alive[\r][\n]"
19:04:19.701 [main] DEBUG org.apache.http.wire -  >> "User-Agent: Apache-HttpClient/4.5.13 (Java/17.0.3.1)[\r][\n]"
19:04:19.701 [main] DEBUG org.apache.http.wire -  >> "Accept-Encoding: gzip,deflate[\r][\n]"
19:04:19.701 [main] DEBUG org.apache.http.wire -  >> "[\r][\n]"
19:04:19.701 [main] DEBUG org.apache.http.headers - >> GET /api/v1/AUTOMATIONTESTINGADVANCEDPROGRAM/dashboard HTTP/1.1
19:04:19.701 [main] DEBUG org.apache.http.headers - >> Content-Type: application/json
19:04:19.701 [main] DEBUG org.apache.http.headers - >> Authorization: Bearer 8bb82a7d-a573-419e-9cce-c2419f308802
19:04:19.701 [main] DEBUG org.apache.http.headers - >> Accept: */*
19:04:19.701 [main] DEBUG org.apache.http.headers - >> Host: localhost:8080
19:04:19.701 [main] DEBUG org.apache.http.headers - >> Connection: Keep-Alive
19:04:19.701 [main] DEBUG org.apache.http.headers - >> User-Agent: Apache-HttpClient/4.5.13 (Java/17.0.3.1)
19:04:19.701 [main] DEBUG org.apache.http.headers - >> Accept-Encoding: gzip,deflate
19:04:19.711 [rp-io-17] DEBUG com.epam.reportportal.service.Launch - TestItem with ID = 'c3dde5f9-d62e-4314-ba01-834d5852f9c2' successfully finished.
19:04:19.711 [rp-io-17] DEBUG com.epam.reportportal.utils.SubscriptionUtils - Finish test item completed
19:04:19.715 [main] DEBUG org.apache.http.wire -  << "HTTP/1.1 200 OK[\r][\n]"
19:04:19.716 [main] DEBUG org.apache.http.wire -  << "Cache-Control: no-cache, no-store, max-age=0, must-revalidate[\r][\n]"
19:04:19.716 [main] DEBUG org.apache.http.wire -  << "Content-Type: application/json[\r][\n]"
19:04:19.716 [main] DEBUG org.apache.http.wire -  << "Date: Tue, 06 Jun 2023 17:04:19 GMT[\r][\n]"
19:04:19.716 [main] DEBUG org.apache.http.wire -  << "Expires: 0[\r][\n]"
19:04:19.716 [main] DEBUG org.apache.http.wire -  << "Pragma: no-cache[\r][\n]"
19:04:19.716 [main] DEBUG org.apache.http.wire -  << "X-Content-Type-Options: nosniff[\r][\n]"
19:04:19.716 [main] DEBUG org.apache.http.wire -  << "X-Frame-Options: DENY[\r][\n]"
19:04:19.716 [main] DEBUG org.apache.http.wire -  << "X-Xss-Protection: 1; mode=block[\r][\n]"
19:04:19.716 [main] DEBUG org.apache.http.wire -  << "Transfer-Encoding: chunked[\r][\n]"
19:04:19.716 [main] DEBUG org.apache.http.wire -  << "[\r][\n]"
19:04:19.716 [main] DEBUG org.apache.http.impl.conn.DefaultClientConnection - Receiving response: HTTP/1.1 200 OK
19:04:19.716 [main] DEBUG org.apache.http.headers - << HTTP/1.1 200 OK
19:04:19.716 [main] DEBUG org.apache.http.headers - << Cache-Control: no-cache, no-store, max-age=0, must-revalidate
19:04:19.716 [main] DEBUG org.apache.http.headers - << Content-Type: application/json
19:04:19.716 [main] DEBUG org.apache.http.headers - << Date: Tue, 06 Jun 2023 17:04:19 GMT
19:04:19.716 [main] DEBUG org.apache.http.headers - << Expires: 0
19:04:19.716 [main] DEBUG org.apache.http.headers - << Pragma: no-cache
19:04:19.716 [main] DEBUG org.apache.http.headers - << X-Content-Type-Options: nosniff
19:04:19.716 [main] DEBUG org.apache.http.headers - << X-Frame-Options: DENY
19:04:19.716 [main] DEBUG org.apache.http.headers - << X-Xss-Protection: 1; mode=block
19:04:19.716 [main] DEBUG org.apache.http.headers - << Transfer-Encoding: chunked
19:04:19.719 [main] DEBUG org.apache.http.impl.client.DefaultHttpClient - Connection can be kept alive indefinitely
19:04:19.719 [main] DEBUG io.restassured.internal.RestAssuredHttpBuilder - Parsing response as: application/json
19:04:19.719 [main] DEBUG io.restassured.internal.RestAssuredHttpBuilder - Parsed data to instance of: class org.apache.http.conn.EofSensorInputStream
19:04:19.721 [main] DEBUG org.apache.http.wire -  << "b7e[\r][\n]"
19:04:19.721 [main] DEBUG org.apache.http.wire -  << "{"content":[{"description":"Testing purpose","owner":"superadmin","share":true,"id":67,"name":"DEMO DASHBOARD","widgets":[{"widgetName":"LAUNCH STATISTICS AREA","widgetId":55,"widgetType":"statisticTrend","widgetSize":{"width":8,"height":12},"widgetPosition":{"positionX":0,"positionY":0},"share":true,"widgetOptions":{"zoom":false,"timeline":"launch","viewMode":"area-spline"}},{"widgetName":"LAUNCH STATISTICS BAR","widgetId":56,"widgetType":"statisticTrend","widgetSize":{"width":6,"height":5},"widgetPosition":{"positionX":6,"positionY":12},"share":true,"widgetOptions":{"zoom":false,"timeline":"launch","viewMode":"bar"}},{"widgetName":"INVESTIGATED PERCENTAGE OF LAUNCHES","widgetId":57,"widgetType":"investigatedTrend","widgetSize":{"width":7,"height":5},"widgetPosition":{"positionX":0,"positionY":17},"share":true,"widgetOptions":{"timeline":"launch"}},{"widgetName":"TEST CASES GROWTH TREND CHART","widgetId":58,"widgetType":"casesTrend","widgetSize":{"width":5,"height":5},"widgetPosition":{"positionX":7,"positionY":17},"share":true,"widgetOptions":{}},{"widgetName":"OVERALL STATISTICS PANEL","widgetId":59,"widgetType":"overallStatistics","widgetSize":{"width":5,"height":5},"widgetPosition":{"positionX":0,"positionY":22},"share":true,"widgetOptions":{"latest":false,"viewMode":"panel"}},{"widgetName":"LAUNCHES DURATION CHART","widgetId":60,"widgetType":"launchesDurationChart","widgetSize":{"width":7,"height":5},"widgetPosition":{"positionX":5,"positionY":22},"share":true,"widgetOptions":{"latest":false}},{"widgetName":"OVERALL STATISTICS DONUT","widgetId":61,"widgetType":"overallStatistics","widgetSize":{"width":6,"height":5},"widgetPosition":{"positionX":0,"positionY":27},"share":true,"widgetOptions":{"latest":false,"viewMode":"donut"}},{"widgetName":"FAILED CASES TREND CHART","widgetId":62,"widgetType":"bugTrend","widgetSize":{"width":6,"height":5},"widgetPosition":{"positionX":6,"positionY":27},"share":true,"widgetOptions":{}},{"widgetName":"LAUNCH TABLE","widgetId":63,"widgetType":"launchesTable","widgetSize":{"width":12,"height":4},"widgetPosition":{"positionX":0,"positionY":32},"share":true,"widgetOptions":{}},{"widgetName":"MOST FAILED TEST CASES","widgetId":64,"widgetType":"topTestCases","widgetSize":{"width":7,"height":5},"widgetPosition":{"positionX":0,"positionY":36},"share":true,"widgetOptions":{"includeMethods":false,"launchNameFilter":"Demo Api Tests"}},{"widgetName":"PASSING RATE SUMMARY","widgetId":65,"widgetType":"passingRateSummary","widgetSize":{"width":5,"height":5},"widgetPosition":{"positionX":7,"positionY":36},"share":true,"widgetOptions":{"viewMode":"pie"}},{"widgetName":"FLAKY TEST CASES","widgetId":66,"widgetType":"flakyTestCases","widgetSize":{"width":12,"height":4},"widgetPosition":{"positionX":0,"positionY":41},"share":true,"widgetOptions":{"includeMethods":false,"launchNameFilter":"Demo Api Tests"}}]}],"page":{"number":1,"size":20,"totalElements":1,"totalPages":1}}"
19:04:19.722 [main] DEBUG org.apache.http.wire -  << "[\r][\n]"
19:04:19.722 [main] DEBUG org.apache.http.wire -  << "0[\r][\n]"
19:04:19.722 [main] DEBUG org.apache.http.wire -  << "[\r][\n]"
19:04:19.722 [main] DEBUG org.apache.http.impl.conn.BasicClientConnectionManager - Releasing connection org.apache.http.impl.conn.ManagedClientConnectionImpl@10d18696
19:04:19.722 [main] DEBUG org.apache.http.impl.conn.BasicClientConnectionManager - Connection can be kept alive indefinitely
HTTP/1.1 200 OK
Cache-Control: no-cache, no-store, max-age=0, must-revalidate
Content-Type: application/json
Date: Tue, 06 Jun 2023 17:04:19 GMT
Expires: 0
Pragma: no-cache
X-Content-Type-Options: nosniff
X-Frame-Options: DENY
X-Xss-Protection: 1; mode=block
Transfer-Encoding: chunked

{
    "content": [
        {
            "description": "Testing purpose",
            "owner": "superadmin",
            "share": true,
            "id": 67,
            "name": "DEMO DASHBOARD",
            "widgets": [
                {
                    "widgetName": "LAUNCH STATISTICS AREA",
                    "widgetId": 55,
                    "widgetType": "statisticTrend",
                    "widgetSize": {
                        "width": 8,
                        "height": 12
                    },
                    "widgetPosition": {
                        "positionX": 0,
                        "positionY": 0
                    },
                    "share": true,
                    "widgetOptions": {
                        "zoom": false,
                        "timeline": "launch",
                        "viewMode": "area-spline"
                    }
                },
                {
                    "widgetName": "LAUNCH STATISTICS BAR",
                    "widgetId": 56,
                    "widgetType": "statisticTrend",
                    "widgetSize": {
                        "width": 6,
                        "height": 5
                    },
                    "widgetPosition": {
                        "positionX": 6,
                        "positionY": 12
                    },
                    "share": true,
                    "widgetOptions": {
                        "zoom": false,
                        "timeline": "launch",
                        "viewMode": "bar"
                    }
                },
                {
                    "widgetName": "INVESTIGATED PERCENTAGE OF LAUNCHES",
                    "widgetId": 57,
                    "widgetType": "investigatedTrend",
                    "widgetSize": {
                        "width": 7,
                        "height": 5
                    },
                    "widgetPosition": {
                        "positionX": 0,
                        "positionY": 17
                    },
                    "share": true,
                    "widgetOptions": {
                        "timeline": "launch"
                    }
                },
                {
                    "widgetName": "TEST CASES GROWTH TREND CHART",
                    "widgetId": 58,
                    "widgetType": "casesTrend",
                    "widgetSize": {
                        "width": 5,
                        "height": 5
                    },
                    "widgetPosition": {
                        "positionX": 7,
                        "positionY": 17
                    },
                    "share": true,
                    "widgetOptions": {
                        
                    }
                },
                {
                    "widgetName": "OVERALL STATISTICS PANEL",
                    "widgetId": 59,
                    "widgetType": "overallStatistics",
                    "widgetSize": {
                        "width": 5,
                        "height": 5
                    },
                    "widgetPosition": {
                        "positionX": 0,
                        "positionY": 22
                    },
                    "share": true,
                    "widgetOptions": {
                        "latest": false,
                        "viewMode": "panel"
                    }
                },
                {
                    "widgetName": "LAUNCHES DURATION CHART",
                    "widgetId": 60,
                    "widgetType": "launchesDurationChart",
                    "widgetSize": {
                        "width": 7,
                        "height": 5
                    },
                    "widgetPosition": {
                        "positionX": 5,
                        "positionY": 22
                    },
                    "share": true,
                    "widgetOptions": {
                        "latest": false
                    }
                },
                {
                    "widgetName": "OVERALL STATISTICS DONUT",
                    "widgetId": 61,
                    "widgetType": "overallStatistics",
                    "widgetSize": {
                        "width": 6,
                        "height": 5
                    },
                    "widgetPosition": {
                        "positionX": 0,
                        "positionY": 27
                    },
                    "share": true,
                    "widgetOptions": {
                        "latest": false,
                        "viewMode": "donut"
                    }
                },
                {
                    "widgetName": "FAILED CASES TREND CHART",
                    "widgetId": 62,
                    "widgetType": "bugTrend",
                    "widgetSize": {
                        "width": 6,
                        "height": 5
                    },
                    "widgetPosition": {
                        "positionX": 6,
                        "positionY": 27
                    },
                    "share": true,
                    "widgetOptions": {
                        
                    }
                },
                {
                    "widgetName": "LAUNCH TABLE",
                    "widgetId": 63,
                    "widgetType": "launchesTable",
                    "widgetSize": {
                        "width": 12,
                        "height": 4
                    },
                    "widgetPosition": {
                        "positionX": 0,
                        "positionY": 32
                    },
                    "share": true,
                    "widgetOptions": {
                        
                    }
                },
                {
                    "widgetName": "MOST FAILED TEST CASES",
                    "widgetId": 64,
                    "widgetType": "topTestCases",
                    "widgetSize": {
                        "width": 7,
                        "height": 5
                    },
                    "widgetPosition": {
                        "positionX": 0,
                        "positionY": 36
                    },
                    "share": true,
                    "widgetOptions": {
                        "includeMethods": false,
                        "launchNameFilter": "Demo Api Tests"
                    }
                },
                {
                    "widgetName": "PASSING RATE SUMMARY",
                    "widgetId": 65,
                    "widgetType": "passingRateSummary",
                    "widgetSize": {
                        "width": 5,
                        "height": 5
                    },
                    "widgetPosition": {
                        "positionX": 7,
                        "positionY": 36
                    },
                    "share": true,
                    "widgetOptions": {
                        "viewMode": "pie"
                    }
                },
                {
                    "widgetName": "FLAKY TEST CASES",
                    "widgetId": 66,
                    "widgetType": "flakyTestCases",
                    "widgetSize": {
                        "width": 12,
                        "height": 4
                    },
                    "widgetPosition": {
                        "positionX": 0,
                        "positionY": 41
                    },
                    "share": true,
                    "widgetOptions": {
                        "includeMethods": false,
                        "launchNameFilter": "Demo Api Tests"
                    }
                }
            ]
        }
    ],
    "page": {
        "number": 1,
        "size": 20,
        "totalElements": 1,
        "totalPages": 1
    }
}
2023-06-06 19:04:19 INFO  Listeners:38 - Succeeded Test null
]]></system-out>
  </testcase>
  <testcase name="c_getDashboardByIdTest_GET" classname="alltests.apitest.DashboardControllerTest" time="0.094">
    <system-out><![CDATA[19:04:19.735 [rp-io-21] DEBUG com.epam.reportportal.service.Launch - Starting test item...rp-io-21
2023-06-06 19:04:19 INFO  Listeners:34 - Started Test null
2023-06-06 19:04:19 INFO  DashboardControllerTest:45 - c_getDashboardByIdTest_GET
19:04:19.763 [rp-io-20] DEBUG com.epam.reportportal.service.Launch - TestItem with ID = 'bbaf6086-10e2-4016-9fae-735cb0ff0c55' successfully finished.
19:04:19.764 [rp-io-20] DEBUG com.epam.reportportal.utils.SubscriptionUtils - Finish test item completed
19:04:19.769 [rp-io-23] DEBUG com.epam.reportportal.service.Launch - ReportPortal item with ID '88490284-907e-45c9-a8f2-0a2e5342514e' has been created
19:04:19.770 [rp-io-23] DEBUG com.epam.reportportal.utils.SubscriptionUtils - Start test item successfully completed
Request method:	GET
Request URI:	http://localhost:8080/api/v1/AUTOMATIONTESTINGADVANCEDPROGRAM/dashboard/67
Proxy:			<none>
Request params:	<none>
Query params:	<none>
Form params:	<none>
Path params:	id=67
Headers:		Authorization=Bearer 8bb82a7d-a573-419e-9cce-c2419f308802
				Accept=*/*
				Content-Type=application/json
Cookies:		<none>
Multiparts:		<none>
Body:			<none>
19:04:19.798 [main] DEBUG org.apache.http.impl.conn.BasicClientConnectionManager - Get connection for route {}->http://localhost:8080
19:04:19.798 [main] DEBUG org.apache.http.impl.conn.DefaultClientConnectionOperator - Connecting to localhost:8080
19:04:19.799 [main] DEBUG org.apache.http.client.protocol.RequestAddCookies - CookieSpec selected: ignoreCookies
19:04:19.799 [main] DEBUG org.apache.http.client.protocol.RequestAuthCache - Auth cache not set in the context
19:04:19.799 [main] DEBUG org.apache.http.client.protocol.RequestProxyAuthentication - Proxy auth state: UNCHALLENGED
19:04:19.799 [main] DEBUG org.apache.http.impl.client.DefaultHttpClient - Attempt 1 to execute request
19:04:19.800 [main] DEBUG org.apache.http.impl.conn.DefaultClientConnection - Sending request: GET /api/v1/AUTOMATIONTESTINGADVANCEDPROGRAM/dashboard/67 HTTP/1.1
19:04:19.800 [main] DEBUG org.apache.http.wire -  >> "GET /api/v1/AUTOMATIONTESTINGADVANCEDPROGRAM/dashboard/67 HTTP/1.1[\r][\n]"
19:04:19.800 [main] DEBUG org.apache.http.wire -  >> "Content-Type: application/json[\r][\n]"
19:04:19.800 [main] DEBUG org.apache.http.wire -  >> "Authorization: Bearer 8bb82a7d-a573-419e-9cce-c2419f308802[\r][\n]"
19:04:19.800 [main] DEBUG org.apache.http.wire -  >> "Accept: */*[\r][\n]"
19:04:19.800 [main] DEBUG org.apache.http.wire -  >> "Host: localhost:8080[\r][\n]"
19:04:19.800 [main] DEBUG org.apache.http.wire -  >> "Connection: Keep-Alive[\r][\n]"
19:04:19.800 [main] DEBUG org.apache.http.wire -  >> "User-Agent: Apache-HttpClient/4.5.13 (Java/17.0.3.1)[\r][\n]"
19:04:19.800 [main] DEBUG org.apache.http.wire -  >> "Accept-Encoding: gzip,deflate[\r][\n]"
19:04:19.800 [main] DEBUG org.apache.http.wire -  >> "[\r][\n]"
19:04:19.800 [main] DEBUG org.apache.http.headers - >> GET /api/v1/AUTOMATIONTESTINGADVANCEDPROGRAM/dashboard/67 HTTP/1.1
19:04:19.800 [main] DEBUG org.apache.http.headers - >> Content-Type: application/json
19:04:19.800 [main] DEBUG org.apache.http.headers - >> Authorization: Bearer 8bb82a7d-a573-419e-9cce-c2419f308802
19:04:19.801 [main] DEBUG org.apache.http.headers - >> Accept: */*
19:04:19.801 [main] DEBUG org.apache.http.headers - >> Host: localhost:8080
19:04:19.801 [main] DEBUG org.apache.http.headers - >> Connection: Keep-Alive
19:04:19.801 [main] DEBUG org.apache.http.headers - >> User-Agent: Apache-HttpClient/4.5.13 (Java/17.0.3.1)
19:04:19.801 [main] DEBUG org.apache.http.headers - >> Accept-Encoding: gzip,deflate
19:04:19.821 [main] DEBUG org.apache.http.wire -  << "HTTP/1.1 200 OK[\r][\n]"
19:04:19.822 [main] DEBUG org.apache.http.wire -  << "Cache-Control: no-cache, no-store, max-age=0, must-revalidate[\r][\n]"
19:04:19.822 [main] DEBUG org.apache.http.wire -  << "Content-Type: application/json[\r][\n]"
19:04:19.822 [main] DEBUG org.apache.http.wire -  << "Date: Tue, 06 Jun 2023 17:04:19 GMT[\r][\n]"
19:04:19.822 [main] DEBUG org.apache.http.wire -  << "Expires: 0[\r][\n]"
19:04:19.822 [main] DEBUG org.apache.http.wire -  << "Pragma: no-cache[\r][\n]"
19:04:19.822 [main] DEBUG org.apache.http.wire -  << "X-Content-Type-Options: nosniff[\r][\n]"
19:04:19.822 [main] DEBUG org.apache.http.wire -  << "X-Frame-Options: DENY[\r][\n]"
19:04:19.822 [main] DEBUG org.apache.http.wire -  << "X-Xss-Protection: 1; mode=block[\r][\n]"
19:04:19.822 [main] DEBUG org.apache.http.wire -  << "Transfer-Encoding: chunked[\r][\n]"
19:04:19.822 [main] DEBUG org.apache.http.wire -  << "[\r][\n]"
19:04:19.822 [main] DEBUG org.apache.http.impl.conn.DefaultClientConnection - Receiving response: HTTP/1.1 200 OK
19:04:19.822 [main] DEBUG org.apache.http.headers - << HTTP/1.1 200 OK
19:04:19.822 [main] DEBUG org.apache.http.headers - << Cache-Control: no-cache, no-store, max-age=0, must-revalidate
19:04:19.822 [main] DEBUG org.apache.http.headers - << Content-Type: application/json
19:04:19.823 [main] DEBUG org.apache.http.headers - << Date: Tue, 06 Jun 2023 17:04:19 GMT
19:04:19.823 [main] DEBUG org.apache.http.headers - << Expires: 0
19:04:19.823 [main] DEBUG org.apache.http.headers - << Pragma: no-cache
19:04:19.823 [main] DEBUG org.apache.http.headers - << X-Content-Type-Options: nosniff
19:04:19.823 [main] DEBUG org.apache.http.headers - << X-Frame-Options: DENY
19:04:19.823 [main] DEBUG org.apache.http.headers - << X-Xss-Protection: 1; mode=block
19:04:19.823 [main] DEBUG org.apache.http.headers - << Transfer-Encoding: chunked
19:04:19.823 [main] DEBUG org.apache.http.impl.client.DefaultHttpClient - Connection can be kept alive indefinitely
19:04:19.823 [main] DEBUG io.restassured.internal.RestAssuredHttpBuilder - Parsing response as: application/json
19:04:19.823 [main] DEBUG io.restassured.internal.RestAssuredHttpBuilder - Parsed data to instance of: class org.apache.http.conn.EofSensorInputStream
19:04:19.824 [main] DEBUG org.apache.http.wire -  << "b31[\r][\n]"
19:04:19.825 [main] DEBUG org.apache.http.wire -  << "{"description":"Testing purpose","owner":"superadmin","share":true,"id":67,"name":"DEMO DASHBOARD","widgets":[{"widgetName":"LAUNCH STATISTICS AREA","widgetId":55,"widgetType":"statisticTrend","widgetSize":{"width":8,"height":12},"widgetPosition":{"positionX":0,"positionY":0},"share":true,"widgetOptions":{"zoom":false,"timeline":"launch","viewMode":"area-spline"}},{"widgetName":"LAUNCH STATISTICS BAR","widgetId":56,"widgetType":"statisticTrend","widgetSize":{"width":6,"height":5},"widgetPosition":{"positionX":6,"positionY":12},"share":true,"widgetOptions":{"zoom":false,"timeline":"launch","viewMode":"bar"}},{"widgetName":"INVESTIGATED PERCENTAGE OF LAUNCHES","widgetId":57,"widgetType":"investigatedTrend","widgetSize":{"width":7,"height":5},"widgetPosition":{"positionX":0,"positionY":17},"share":true,"widgetOptions":{"timeline":"launch"}},{"widgetName":"TEST CASES GROWTH TREND CHART","widgetId":58,"widgetType":"casesTrend","widgetSize":{"width":5,"height":5},"widgetPosition":{"positionX":7,"positionY":17},"share":true,"widgetOptions":{}},{"widgetName":"OVERALL STATISTICS PANEL","widgetId":59,"widgetType":"overallStatistics","widgetSize":{"width":5,"height":5},"widgetPosition":{"positionX":0,"positionY":22},"share":true,"widgetOptions":{"latest":false,"viewMode":"panel"}},{"widgetName":"LAUNCHES DURATION CHART","widgetId":60,"widgetType":"launchesDurationChart","widgetSize":{"width":7,"height":5},"widgetPosition":{"positionX":5,"positionY":22},"share":true,"widgetOptions":{"latest":false}},{"widgetName":"OVERALL STATISTICS DONUT","widgetId":61,"widgetType":"overallStatistics","widgetSize":{"width":6,"height":5},"widgetPosition":{"positionX":0,"positionY":27},"share":true,"widgetOptions":{"latest":false,"viewMode":"donut"}},{"widgetName":"FAILED CASES TREND CHART","widgetId":62,"widgetType":"bugTrend","widgetSize":{"width":6,"height":5},"widgetPosition":{"positionX":6,"positionY":27},"share":true,"widgetOptions":{}},{"widgetName":"LAUNCH TABLE","widgetId":63,"widgetType":"launchesTable","widgetSize":{"width":12,"height":4},"widgetPosition":{"positionX":0,"positionY":32},"share":true,"widgetOptions":{}},{"widgetName":"MOST FAILED TEST CASES","widgetId":64,"widgetType":"topTestCases","widgetSize":{"width":7,"height":5},"widgetPosition":{"positionX":0,"positionY":36},"share":true,"widgetOptions":{"includeMethods":false,"launchNameFilter":"Demo Api Tests"}},{"widgetName":"PASSING RATE SUMMARY","widgetId":65,"widgetType":"passingRateSummary","widgetSize":{"width":5,"height":5},"widgetPosition":{"positionX":7,"positionY":36},"share":true,"widgetOptions":{"viewMode":"pie"}},{"widgetName":"FLAKY TEST CASES","widgetId":66,"widgetType":"flakyTestCases","widgetSize":{"width":12,"height":4},"widgetPosition":{"positionX":0,"positionY":41},"share":true,"widgetOptions":{"includeMethods":false,"launchNameFilter":"Demo Api Tests"}}]}"
19:04:19.825 [main] DEBUG org.apache.http.wire -  << "[\r][\n]"
19:04:19.825 [main] DEBUG org.apache.http.wire -  << "0[\r][\n]"
19:04:19.825 [main] DEBUG org.apache.http.wire -  << "[\r][\n]"
19:04:19.825 [main] DEBUG org.apache.http.impl.conn.BasicClientConnectionManager - Releasing connection org.apache.http.impl.conn.ManagedClientConnectionImpl@5939e24
19:04:19.825 [main] DEBUG org.apache.http.impl.conn.BasicClientConnectionManager - Connection can be kept alive indefinitely
HTTP/1.1 200 OK
Cache-Control: no-cache, no-store, max-age=0, must-revalidate
Content-Type: application/json
Date: Tue, 06 Jun 2023 17:04:19 GMT
Expires: 0
Pragma: no-cache
X-Content-Type-Options: nosniff
X-Frame-Options: DENY
X-Xss-Protection: 1; mode=block
Transfer-Encoding: chunked

{
    "description": "Testing purpose",
    "owner": "superadmin",
    "share": true,
    "id": 67,
    "name": "DEMO DASHBOARD",
    "widgets": [
        {
            "widgetName": "LAUNCH STATISTICS AREA",
            "widgetId": 55,
            "widgetType": "statisticTrend",
            "widgetSize": {
                "width": 8,
                "height": 12
            },
            "widgetPosition": {
                "positionX": 0,
                "positionY": 0
            },
            "share": true,
            "widgetOptions": {
                "zoom": false,
                "timeline": "launch",
                "viewMode": "area-spline"
            }
        },
        {
            "widgetName": "LAUNCH STATISTICS BAR",
            "widgetId": 56,
            "widgetType": "statisticTrend",
            "widgetSize": {
                "width": 6,
                "height": 5
            },
            "widgetPosition": {
                "positionX": 6,
                "positionY": 12
            },
            "share": true,
            "widgetOptions": {
                "zoom": false,
                "timeline": "launch",
                "viewMode": "bar"
            }
        },
        {
            "widgetName": "INVESTIGATED PERCENTAGE OF LAUNCHES",
            "widgetId": 57,
            "widgetType": "investigatedTrend",
            "widgetSize": {
                "width": 7,
                "height": 5
            },
            "widgetPosition": {
                "positionX": 0,
                "positionY": 17
            },
            "share": true,
            "widgetOptions": {
                "timeline": "launch"
            }
        },
        {
            "widgetName": "TEST CASES GROWTH TREND CHART",
            "widgetId": 58,
            "widgetType": "casesTrend",
            "widgetSize": {
                "width": 5,
                "height": 5
            },
            "widgetPosition": {
                "positionX": 7,
                "positionY": 17
            },
            "share": true,
            "widgetOptions": {
                
            }
        },
        {
            "widgetName": "OVERALL STATISTICS PANEL",
            "widgetId": 59,
            "widgetType": "overallStatistics",
            "widgetSize": {
                "width": 5,
                "height": 5
            },
            "widgetPosition": {
                "positionX": 0,
                "positionY": 22
            },
            "share": true,
            "widgetOptions": {
                "latest": false,
                "viewMode": "panel"
            }
        },
        {
            "widgetName": "LAUNCHES DURATION CHART",
            "widgetId": 60,
            "widgetType": "launchesDurationChart",
            "widgetSize": {
                "width": 7,
                "height": 5
            },
            "widgetPosition": {
                "positionX": 5,
                "positionY": 22
            },
            "share": true,
            "widgetOptions": {
                "latest": false
            }
        },
        {
            "widgetName": "OVERALL STATISTICS DONUT",
            "widgetId": 61,
            "widgetType": "overallStatistics",
            "widgetSize": {
                "width": 6,
                "height": 5
            },
            "widgetPosition": {
                "positionX": 0,
                "positionY": 27
            },
            "share": true,
            "widgetOptions": {
                "latest": false,
                "viewMode": "donut"
            }
        },
        {
            "widgetName": "FAILED CASES TREND CHART",
            "widgetId": 62,
            "widgetType": "bugTrend",
            "widgetSize": {
                "width": 6,
                "height": 5
            },
            "widgetPosition": {
                "positionX": 6,
                "positionY": 27
            },
            "share": true,
            "widgetOptions": {
                
            }
        },
        {
            "widgetName": "LAUNCH TABLE",
            "widgetId": 63,
            "widgetType": "launchesTable",
            "widgetSize": {
                "width": 12,
                "height": 4
            },
            "widgetPosition": {
                "positionX": 0,
                "positionY": 32
            },
            "share": true,
            "widgetOptions": {
                
            }
        },
        {
            "widgetName": "MOST FAILED TEST CASES",
            "widgetId": 64,
            "widgetType": "topTestCases",
            "widgetSize": {
                "width": 7,
                "height": 5
            },
            "widgetPosition": {
                "positionX": 0,
                "positionY": 36
            },
            "share": true,
            "widgetOptions": {
                "includeMethods": false,
                "launchNameFilter": "Demo Api Tests"
            }
        },
        {
            "widgetName": "PASSING RATE SUMMARY",
            "widgetId": 65,
            "widgetType": "passingRateSummary",
            "widgetSize": {
                "width": 5,
                "height": 5
            },
            "widgetPosition": {
                "positionX": 7,
                "positionY": 36
            },
            "share": true,
            "widgetOptions": {
                "viewMode": "pie"
            }
        },
        {
            "widgetName": "FLAKY TEST CASES",
            "widgetId": 66,
            "widgetType": "flakyTestCases",
            "widgetSize": {
                "width": 12,
                "height": 4
            },
            "widgetPosition": {
                "positionX": 0,
                "positionY": 41
            },
            "share": true,
            "widgetOptions": {
                "includeMethods": false,
                "launchNameFilter": "Demo Api Tests"
            }
        }
    ]
}
2023-06-06 19:04:19 INFO  Listeners:38 - Succeeded Test null
]]></system-out>
  </testcase>
  <testcase name="d_getDashboardByIdThatDoesNotExist_GET" classname="alltests.apitest.DashboardControllerTest" time="0.858">
    <system-out><![CDATA[19:04:19.838 [rp-io-27] DEBUG com.epam.reportportal.service.Launch - Starting test item...rp-io-27
2023-06-06 19:04:19 INFO  Listeners:34 - Started Test null
2023-06-06 19:04:19 INFO  DashboardControllerTest:52 - getDashboardByIdThatDoesNotExist_GET
Request method:	GET
Request URI:	http://localhost:8080/api/v1/AUTOMATIONTESTINGADVANCEDPROGRAM/dashboard/0
Proxy:			<none>
Request params:	<none>
Query params:	<none>
Form params:	<none>
Path params:	id=0
Headers:		Authorization=Bearer 8bb82a7d-a573-419e-9cce-c2419f308802
				Accept=*/*
				Content-Type=application/json
Cookies:		<none>
Multiparts:		<none>
Body:			<none>
19:04:19.861 [rp-io-26] DEBUG com.epam.reportportal.service.Launch - TestItem with ID = '88490284-907e-45c9-a8f2-0a2e5342514e' successfully finished.
19:04:19.861 [rp-io-26] DEBUG com.epam.reportportal.utils.SubscriptionUtils - Finish test item completed
19:04:19.864 [main] DEBUG org.apache.http.impl.conn.BasicClientConnectionManager - Get connection for route {}->http://localhost:8080
19:04:19.865 [main] DEBUG org.apache.http.impl.conn.DefaultClientConnectionOperator - Connecting to localhost:8080
19:04:19.867 [main] DEBUG org.apache.http.client.protocol.RequestAddCookies - CookieSpec selected: ignoreCookies
19:04:19.867 [rp-io-29] DEBUG com.epam.reportportal.service.Launch - ReportPortal item with ID '82735917-42bb-40d9-bb5e-29bb31047dd1' has been created
19:04:19.868 [main] DEBUG org.apache.http.client.protocol.RequestAuthCache - Auth cache not set in the context
19:04:19.868 [rp-io-29] DEBUG com.epam.reportportal.utils.SubscriptionUtils - Start test item successfully completed
19:04:19.868 [main] DEBUG org.apache.http.client.protocol.RequestProxyAuthentication - Proxy auth state: UNCHALLENGED
19:04:19.868 [main] DEBUG org.apache.http.impl.client.DefaultHttpClient - Attempt 1 to execute request
19:04:19.868 [main] DEBUG org.apache.http.impl.conn.DefaultClientConnection - Sending request: GET /api/v1/AUTOMATIONTESTINGADVANCEDPROGRAM/dashboard/0 HTTP/1.1
19:04:19.868 [main] DEBUG org.apache.http.wire -  >> "GET /api/v1/AUTOMATIONTESTINGADVANCEDPROGRAM/dashboard/0 HTTP/1.1[\r][\n]"
19:04:19.868 [main] DEBUG org.apache.http.wire -  >> "Content-Type: application/json[\r][\n]"
19:04:19.868 [main] DEBUG org.apache.http.wire -  >> "Authorization: Bearer 8bb82a7d-a573-419e-9cce-c2419f308802[\r][\n]"
19:04:19.868 [main] DEBUG org.apache.http.wire -  >> "Accept: */*[\r][\n]"
19:04:19.869 [main] DEBUG org.apache.http.wire -  >> "Host: localhost:8080[\r][\n]"
19:04:19.869 [main] DEBUG org.apache.http.wire -  >> "Connection: Keep-Alive[\r][\n]"
19:04:19.869 [main] DEBUG org.apache.http.wire -  >> "User-Agent: Apache-HttpClient/4.5.13 (Java/17.0.3.1)[\r][\n]"
19:04:19.869 [main] DEBUG org.apache.http.wire -  >> "Accept-Encoding: gzip,deflate[\r][\n]"
19:04:19.869 [main] DEBUG org.apache.http.wire -  >> "[\r][\n]"
19:04:19.869 [main] DEBUG org.apache.http.headers - >> GET /api/v1/AUTOMATIONTESTINGADVANCEDPROGRAM/dashboard/0 HTTP/1.1
19:04:19.869 [main] DEBUG org.apache.http.headers - >> Content-Type: application/json
19:04:19.869 [main] DEBUG org.apache.http.headers - >> Authorization: Bearer 8bb82a7d-a573-419e-9cce-c2419f308802
19:04:19.869 [main] DEBUG org.apache.http.headers - >> Accept: */*
19:04:19.869 [main] DEBUG org.apache.http.headers - >> Host: localhost:8080
19:04:19.869 [main] DEBUG org.apache.http.headers - >> Connection: Keep-Alive
19:04:19.869 [main] DEBUG org.apache.http.headers - >> User-Agent: Apache-HttpClient/4.5.13 (Java/17.0.3.1)
19:04:19.869 [main] DEBUG org.apache.http.headers - >> Accept-Encoding: gzip,deflate
19:04:19.881 [main] DEBUG org.apache.http.wire -  << "HTTP/1.1 404 Not Found[\r][\n]"
19:04:19.882 [main] DEBUG org.apache.http.wire -  << "Cache-Control: no-cache, no-store, max-age=0, must-revalidate[\r][\n]"
19:04:19.882 [main] DEBUG org.apache.http.wire -  << "Content-Type: application/json[\r][\n]"
19:04:19.882 [main] DEBUG org.apache.http.wire -  << "Date: Tue, 06 Jun 2023 17:04:19 GMT[\r][\n]"
19:04:19.882 [main] DEBUG org.apache.http.wire -  << "Expires: 0[\r][\n]"
19:04:19.882 [main] DEBUG org.apache.http.wire -  << "Pragma: no-cache[\r][\n]"
19:04:19.882 [main] DEBUG org.apache.http.wire -  << "X-Content-Type-Options: nosniff[\r][\n]"
19:04:19.882 [main] DEBUG org.apache.http.wire -  << "X-Frame-Options: DENY[\r][\n]"
19:04:19.882 [main] DEBUG org.apache.http.wire -  << "X-Xss-Protection: 1; mode=block[\r][\n]"
19:04:19.882 [main] DEBUG org.apache.http.wire -  << "Content-Length: 144[\r][\n]"
19:04:19.882 [main] DEBUG org.apache.http.wire -  << "[\r][\n]"
19:04:19.882 [main] DEBUG org.apache.http.impl.conn.DefaultClientConnection - Receiving response: HTTP/1.1 404 Not Found
19:04:19.882 [main] DEBUG org.apache.http.headers - << HTTP/1.1 404 Not Found
19:04:19.882 [main] DEBUG org.apache.http.headers - << Cache-Control: no-cache, no-store, max-age=0, must-revalidate
19:04:19.882 [main] DEBUG org.apache.http.headers - << Content-Type: application/json
19:04:19.882 [main] DEBUG org.apache.http.headers - << Date: Tue, 06 Jun 2023 17:04:19 GMT
19:04:19.883 [main] DEBUG org.apache.http.headers - << Expires: 0
19:04:19.883 [main] DEBUG org.apache.http.headers - << Pragma: no-cache
19:04:19.883 [main] DEBUG org.apache.http.headers - << X-Content-Type-Options: nosniff
19:04:19.883 [main] DEBUG org.apache.http.headers - << X-Frame-Options: DENY
19:04:19.883 [main] DEBUG org.apache.http.headers - << X-Xss-Protection: 1; mode=block
19:04:19.883 [main] DEBUG org.apache.http.headers - << Content-Length: 144
19:04:19.883 [main] DEBUG org.apache.http.impl.client.DefaultHttpClient - Connection can be kept alive indefinitely
19:04:19.883 [main] DEBUG io.restassured.internal.RestAssuredHttpBuilder - Parsing response as: application/json
19:04:19.883 [main] DEBUG io.restassured.internal.RestAssuredHttpBuilder - Parsed data to instance of: class org.apache.http.conn.EofSensorInputStream
19:04:19.884 [main] DEBUG org.apache.http.wire -  << "{"errorCode":40422,"message":"Dashboard with ID '0' not found on project 'automationtestingadvancedprogram'. Did you use correct Dashboard ID?"}"
19:04:19.884 [main] DEBUG org.apache.http.impl.conn.BasicClientConnectionManager - Releasing connection org.apache.http.impl.conn.ManagedClientConnectionImpl@681e913c
19:04:19.884 [main] DEBUG org.apache.http.impl.conn.BasicClientConnectionManager - Connection can be kept alive indefinitely
HTTP/1.1 404 Not Found
Cache-Control: no-cache, no-store, max-age=0, must-revalidate
Content-Type: application/json
Date: Tue, 06 Jun 2023 17:04:19 GMT
Expires: 0
Pragma: no-cache
X-Content-Type-Options: nosniff
X-Frame-Options: DENY
X-Xss-Protection: 1; mode=block
Content-Length: 144

{
    "errorCode": 40422,
    "message": "Dashboard with ID '0' not found on project 'automationtestingadvancedprogram'. Did you use correct Dashboard ID?"
}
19:04:20.352 [Finalizer] DEBUG org.apache.http.impl.conn.DefaultClientConnection - Connection 0.0.0.0:57332<->127.0.0.1:8080 closed
19:04:20.353 [Finalizer] DEBUG org.apache.http.impl.conn.DefaultClientConnection - Connection 0.0.0.0:57331<->127.0.0.1:8080 closed
2023-06-06 19:04:20 INFO  Listeners:38 - Succeeded Test null
]]></system-out>
  </testcase>
  <testcase name="e_createNewDashboardWithoutName_POST" classname="alltests.apitest.DashboardControllerTest" time="0.393">
    <system-out><![CDATA[19:04:20.743 [rp-io-33] DEBUG com.epam.reportportal.service.Launch - Starting test item...rp-io-33
2023-06-06 19:04:20 INFO  Listeners:34 - Started Test null
2023-06-06 19:04:20 INFO  DashboardControllerTest:72 - e_createNewDashboardWithoutName_POST
19:04:20.767 [rp-io-32] DEBUG com.epam.reportportal.service.Launch - TestItem with ID = '82735917-42bb-40d9-bb5e-29bb31047dd1' successfully finished.
19:04:20.768 [rp-io-32] DEBUG com.epam.reportportal.utils.SubscriptionUtils - Finish test item completed
19:04:20.768 [rp-io-35] DEBUG com.epam.reportportal.service.Launch - ReportPortal item with ID 'bb741bb0-ecac-47f9-864c-d100dfd821e5' has been created
19:04:20.768 [rp-io-35] DEBUG com.epam.reportportal.utils.SubscriptionUtils - Start test item successfully completed
Request method:	POST
Request URI:	http://localhost:8080/api/v1/AUTOMATIONTESTINGADVANCEDPROGRAM/dashboard
Proxy:			<none>
Request params:	<none>
Query params:	<none>
Form params:	<none>
Path params:	<none>
Headers:		Authorization=Bearer 8bb82a7d-a573-419e-9cce-c2419f308802
				Accept=*/*
				Content-Type=application/json
Cookies:		<none>
Multiparts:		<none>
Body:
{
    "name": null,
    "description": "And Its already 24th May",
    "shared": true
}
19:04:21.058 [main] DEBUG org.apache.http.impl.conn.BasicClientConnectionManager - Get connection for route {}->http://localhost:8080
19:04:21.058 [main] DEBUG org.apache.http.impl.conn.DefaultClientConnectionOperator - Connecting to localhost:8080
19:04:21.063 [main] DEBUG org.apache.http.client.protocol.RequestAddCookies - CookieSpec selected: ignoreCookies
19:04:21.063 [main] DEBUG org.apache.http.client.protocol.RequestAuthCache - Auth cache not set in the context
19:04:21.063 [main] DEBUG org.apache.http.client.protocol.RequestProxyAuthentication - Proxy auth state: UNCHALLENGED
19:04:21.063 [main] DEBUG org.apache.http.impl.client.DefaultHttpClient - Attempt 1 to execute request
19:04:21.063 [main] DEBUG org.apache.http.impl.conn.DefaultClientConnection - Sending request: POST /api/v1/AUTOMATIONTESTINGADVANCEDPROGRAM/dashboard HTTP/1.1
19:04:21.064 [main] DEBUG org.apache.http.wire -  >> "POST /api/v1/AUTOMATIONTESTINGADVANCEDPROGRAM/dashboard HTTP/1.1[\r][\n]"
19:04:21.064 [main] DEBUG org.apache.http.wire -  >> "Authorization: Bearer 8bb82a7d-a573-419e-9cce-c2419f308802[\r][\n]"
19:04:21.064 [main] DEBUG org.apache.http.wire -  >> "Accept: */*[\r][\n]"
19:04:21.064 [main] DEBUG org.apache.http.wire -  >> "Content-Type: application/json[\r][\n]"
19:04:21.064 [main] DEBUG org.apache.http.wire -  >> "Content-Length: 68[\r][\n]"
19:04:21.064 [main] DEBUG org.apache.http.wire -  >> "Host: localhost:8080[\r][\n]"
19:04:21.064 [main] DEBUG org.apache.http.wire -  >> "Connection: Keep-Alive[\r][\n]"
19:04:21.064 [main] DEBUG org.apache.http.wire -  >> "User-Agent: Apache-HttpClient/4.5.13 (Java/17.0.3.1)[\r][\n]"
19:04:21.064 [main] DEBUG org.apache.http.wire -  >> "Accept-Encoding: gzip,deflate[\r][\n]"
19:04:21.064 [main] DEBUG org.apache.http.wire -  >> "[\r][\n]"
19:04:21.064 [main] DEBUG org.apache.http.headers - >> POST /api/v1/AUTOMATIONTESTINGADVANCEDPROGRAM/dashboard HTTP/1.1
19:04:21.065 [main] DEBUG org.apache.http.headers - >> Authorization: Bearer 8bb82a7d-a573-419e-9cce-c2419f308802
19:04:21.065 [main] DEBUG org.apache.http.headers - >> Accept: */*
19:04:21.065 [main] DEBUG org.apache.http.headers - >> Content-Type: application/json
19:04:21.065 [main] DEBUG org.apache.http.headers - >> Content-Length: 68
19:04:21.065 [main] DEBUG org.apache.http.headers - >> Host: localhost:8080
19:04:21.065 [main] DEBUG org.apache.http.headers - >> Connection: Keep-Alive
19:04:21.065 [main] DEBUG org.apache.http.headers - >> User-Agent: Apache-HttpClient/4.5.13 (Java/17.0.3.1)
19:04:21.065 [main] DEBUG org.apache.http.headers - >> Accept-Encoding: gzip,deflate
19:04:21.065 [main] DEBUG org.apache.http.wire -  >> "{"name":null,"description":"And Its already 24th May","shared":true}"
19:04:21.074 [main] DEBUG org.apache.http.wire -  << "HTTP/1.1 400 Bad Request[\r][\n]"
19:04:21.075 [main] DEBUG org.apache.http.wire -  << "Cache-Control: no-cache, no-store, max-age=0, must-revalidate[\r][\n]"
19:04:21.075 [main] DEBUG org.apache.http.wire -  << "Content-Type: application/json[\r][\n]"
19:04:21.075 [main] DEBUG org.apache.http.wire -  << "Date: Tue, 06 Jun 2023 17:04:20 GMT[\r][\n]"
19:04:21.075 [main] DEBUG org.apache.http.wire -  << "Expires: 0[\r][\n]"
19:04:21.075 [main] DEBUG org.apache.http.wire -  << "Pragma: no-cache[\r][\n]"
19:04:21.075 [main] DEBUG org.apache.http.wire -  << "X-Content-Type-Options: nosniff[\r][\n]"
19:04:21.075 [main] DEBUG org.apache.http.wire -  << "X-Frame-Options: DENY[\r][\n]"
19:04:21.075 [main] DEBUG org.apache.http.wire -  << "X-Xss-Protection: 1; mode=block[\r][\n]"
19:04:21.075 [main] DEBUG org.apache.http.wire -  << "Content-Length: 85[\r][\n]"
19:04:21.075 [main] DEBUG org.apache.http.wire -  << "[\r][\n]"
19:04:21.075 [main] DEBUG org.apache.http.impl.conn.DefaultClientConnection - Receiving response: HTTP/1.1 400 Bad Request
19:04:21.075 [main] DEBUG org.apache.http.headers - << HTTP/1.1 400 Bad Request
19:04:21.075 [main] DEBUG org.apache.http.headers - << Cache-Control: no-cache, no-store, max-age=0, must-revalidate
19:04:21.075 [main] DEBUG org.apache.http.headers - << Content-Type: application/json
19:04:21.075 [main] DEBUG org.apache.http.headers - << Date: Tue, 06 Jun 2023 17:04:20 GMT
19:04:21.075 [main] DEBUG org.apache.http.headers - << Expires: 0
19:04:21.075 [main] DEBUG org.apache.http.headers - << Pragma: no-cache
19:04:21.075 [main] DEBUG org.apache.http.headers - << X-Content-Type-Options: nosniff
19:04:21.075 [main] DEBUG org.apache.http.headers - << X-Frame-Options: DENY
19:04:21.075 [main] DEBUG org.apache.http.headers - << X-Xss-Protection: 1; mode=block
19:04:21.075 [main] DEBUG org.apache.http.headers - << Content-Length: 85
19:04:21.076 [main] DEBUG org.apache.http.impl.client.DefaultHttpClient - Connection can be kept alive indefinitely
19:04:21.076 [main] DEBUG io.restassured.internal.RestAssuredHttpBuilder - Parsing response as: application/json
19:04:21.076 [main] DEBUG io.restassured.internal.RestAssuredHttpBuilder - Parsed data to instance of: class org.apache.http.conn.EofSensorInputStream
19:04:21.078 [main] DEBUG org.apache.http.wire -  << "{"errorCode":4001,"message":"Incorrect Request. [Field 'name' should not be null.] "}"
19:04:21.078 [main] DEBUG org.apache.http.impl.conn.BasicClientConnectionManager - Releasing connection org.apache.http.impl.conn.ManagedClientConnectionImpl@3ff8a3ad
19:04:21.078 [main] DEBUG org.apache.http.impl.conn.BasicClientConnectionManager - Connection can be kept alive indefinitely
HTTP/1.1 400 Bad Request
Cache-Control: no-cache, no-store, max-age=0, must-revalidate
Content-Type: application/json
Date: Tue, 06 Jun 2023 17:04:20 GMT
Expires: 0
Pragma: no-cache
X-Content-Type-Options: nosniff
X-Frame-Options: DENY
X-Xss-Protection: 1; mode=block
Content-Length: 85

{
    "errorCode": 4001,
    "message": "Incorrect Request. [Field 'name' should not be null.] "
}
2023-06-06 19:04:21 INFO  Listeners:38 - Succeeded Test null
]]></system-out>
  </testcase>
  <testcase name="f_createNewDashboardByName_POST" classname="alltests.apitest.DashboardControllerTest" time="0.117">
    <system-out><![CDATA[19:04:21.113 [rp-io-39] DEBUG com.epam.reportportal.service.Launch - Starting test item...rp-io-39
2023-06-06 19:04:21 INFO  Listeners:34 - Started Test null
2023-06-06 19:04:21 INFO  DashboardControllerTest:61 - f_createNewDashboardByName_POST
Request method:	POST
Request URI:	http://localhost:8080/api/v1/AUTOMATIONTESTINGADVANCEDPROGRAM/dashboard
Proxy:			<none>
Request params:	<none>
Query params:	<none>
Form params:	<none>
Path params:	<none>
Headers:		Authorization=Bearer 8bb82a7d-a573-419e-9cce-c2419f308802
				Accept=*/*
				Content-Type=application/json
Cookies:		<none>
Multiparts:		<none>
Body:
{
    "name": "QAT Dashboard A02",
    "description": "QAT Dashboard description A02",
    "shared": true
}
19:04:21.134 [rp-io-38] DEBUG com.epam.reportportal.service.Launch - TestItem with ID = 'bb741bb0-ecac-47f9-864c-d100dfd821e5' successfully finished.
19:04:21.134 [rp-io-38] DEBUG com.epam.reportportal.utils.SubscriptionUtils - Finish test item completed
19:04:21.140 [rp-io-41] DEBUG com.epam.reportportal.service.Launch - ReportPortal item with ID '97727fbb-a492-4be8-9769-8e74b098e4a6' has been created
19:04:21.140 [rp-io-41] DEBUG com.epam.reportportal.utils.SubscriptionUtils - Start test item successfully completed
19:04:21.141 [main] DEBUG org.apache.http.impl.conn.BasicClientConnectionManager - Get connection for route {}->http://localhost:8080
19:04:21.141 [main] DEBUG org.apache.http.impl.conn.DefaultClientConnectionOperator - Connecting to localhost:8080
19:04:21.142 [main] DEBUG org.apache.http.client.protocol.RequestAddCookies - CookieSpec selected: ignoreCookies
19:04:21.143 [main] DEBUG org.apache.http.client.protocol.RequestAuthCache - Auth cache not set in the context
19:04:21.143 [main] DEBUG org.apache.http.client.protocol.RequestProxyAuthentication - Proxy auth state: UNCHALLENGED
19:04:21.143 [main] DEBUG org.apache.http.impl.client.DefaultHttpClient - Attempt 1 to execute request
19:04:21.144 [main] DEBUG org.apache.http.impl.conn.DefaultClientConnection - Sending request: POST /api/v1/AUTOMATIONTESTINGADVANCEDPROGRAM/dashboard HTTP/1.1
19:04:21.144 [main] DEBUG org.apache.http.wire -  >> "POST /api/v1/AUTOMATIONTESTINGADVANCEDPROGRAM/dashboard HTTP/1.1[\r][\n]"
19:04:21.144 [main] DEBUG org.apache.http.wire -  >> "Authorization: Bearer 8bb82a7d-a573-419e-9cce-c2419f308802[\r][\n]"
19:04:21.144 [main] DEBUG org.apache.http.wire -  >> "Accept: */*[\r][\n]"
19:04:21.144 [main] DEBUG org.apache.http.wire -  >> "Content-Type: application/json[\r][\n]"
19:04:21.144 [main] DEBUG org.apache.http.wire -  >> "Content-Length: 88[\r][\n]"
19:04:21.144 [main] DEBUG org.apache.http.wire -  >> "Host: localhost:8080[\r][\n]"
19:04:21.144 [main] DEBUG org.apache.http.wire -  >> "Connection: Keep-Alive[\r][\n]"
19:04:21.144 [main] DEBUG org.apache.http.wire -  >> "User-Agent: Apache-HttpClient/4.5.13 (Java/17.0.3.1)[\r][\n]"
19:04:21.144 [main] DEBUG org.apache.http.wire -  >> "Accept-Encoding: gzip,deflate[\r][\n]"
19:04:21.144 [main] DEBUG org.apache.http.wire -  >> "[\r][\n]"
19:04:21.144 [main] DEBUG org.apache.http.headers - >> POST /api/v1/AUTOMATIONTESTINGADVANCEDPROGRAM/dashboard HTTP/1.1
19:04:21.144 [main] DEBUG org.apache.http.headers - >> Authorization: Bearer 8bb82a7d-a573-419e-9cce-c2419f308802
19:04:21.144 [main] DEBUG org.apache.http.headers - >> Accept: */*
19:04:21.144 [main] DEBUG org.apache.http.headers - >> Content-Type: application/json
19:04:21.144 [main] DEBUG org.apache.http.headers - >> Content-Length: 88
19:04:21.144 [main] DEBUG org.apache.http.headers - >> Host: localhost:8080
19:04:21.144 [main] DEBUG org.apache.http.headers - >> Connection: Keep-Alive
19:04:21.144 [main] DEBUG org.apache.http.headers - >> User-Agent: Apache-HttpClient/4.5.13 (Java/17.0.3.1)
19:04:21.144 [main] DEBUG org.apache.http.headers - >> Accept-Encoding: gzip,deflate
19:04:21.145 [main] DEBUG org.apache.http.wire -  >> "{"name":"QAT Dashboard A02","description":"QAT Dashboard description A02","shared":true}"
19:04:21.187 [main] DEBUG org.apache.http.wire -  << "HTTP/1.1 201 Created[\r][\n]"
19:04:21.187 [main] DEBUG org.apache.http.wire -  << "Cache-Control: no-cache, no-store, max-age=0, must-revalidate[\r][\n]"
19:04:21.187 [main] DEBUG org.apache.http.wire -  << "Content-Type: application/json[\r][\n]"
19:04:21.187 [main] DEBUG org.apache.http.wire -  << "Date: Tue, 06 Jun 2023 17:04:20 GMT[\r][\n]"
19:04:21.187 [main] DEBUG org.apache.http.wire -  << "Expires: 0[\r][\n]"
19:04:21.187 [main] DEBUG org.apache.http.wire -  << "Pragma: no-cache[\r][\n]"
19:04:21.188 [main] DEBUG org.apache.http.wire -  << "X-Content-Type-Options: nosniff[\r][\n]"
19:04:21.188 [main] DEBUG org.apache.http.wire -  << "X-Frame-Options: DENY[\r][\n]"
19:04:21.188 [main] DEBUG org.apache.http.wire -  << "X-Xss-Protection: 1; mode=block[\r][\n]"
19:04:21.188 [main] DEBUG org.apache.http.wire -  << "Content-Length: 10[\r][\n]"
19:04:21.188 [main] DEBUG org.apache.http.wire -  << "[\r][\n]"
19:04:21.188 [main] DEBUG org.apache.http.impl.conn.DefaultClientConnection - Receiving response: HTTP/1.1 201 Created
19:04:21.188 [main] DEBUG org.apache.http.headers - << HTTP/1.1 201 Created
19:04:21.188 [main] DEBUG org.apache.http.headers - << Cache-Control: no-cache, no-store, max-age=0, must-revalidate
19:04:21.188 [main] DEBUG org.apache.http.headers - << Content-Type: application/json
19:04:21.188 [main] DEBUG org.apache.http.headers - << Date: Tue, 06 Jun 2023 17:04:20 GMT
19:04:21.188 [main] DEBUG org.apache.http.headers - << Expires: 0
19:04:21.188 [main] DEBUG org.apache.http.headers - << Pragma: no-cache
19:04:21.188 [main] DEBUG org.apache.http.headers - << X-Content-Type-Options: nosniff
19:04:21.188 [main] DEBUG org.apache.http.headers - << X-Frame-Options: DENY
19:04:21.188 [main] DEBUG org.apache.http.headers - << X-Xss-Protection: 1; mode=block
19:04:21.188 [main] DEBUG org.apache.http.headers - << Content-Length: 10
19:04:21.188 [main] DEBUG org.apache.http.impl.client.DefaultHttpClient - Connection can be kept alive indefinitely
19:04:21.189 [main] DEBUG io.restassured.internal.RestAssuredHttpBuilder - Parsing response as: application/json
19:04:21.189 [main] DEBUG io.restassured.internal.RestAssuredHttpBuilder - Parsed data to instance of: class org.apache.http.conn.EofSensorInputStream
19:04:21.191 [main] DEBUG org.apache.http.wire -  << "{"id":106}"
19:04:21.192 [main] DEBUG org.apache.http.impl.conn.BasicClientConnectionManager - Releasing connection org.apache.http.impl.conn.ManagedClientConnectionImpl@4ffa7041
19:04:21.192 [main] DEBUG org.apache.http.impl.conn.BasicClientConnectionManager - Connection can be kept alive indefinitely
HTTP/1.1 201 Created
Cache-Control: no-cache, no-store, max-age=0, must-revalidate
Content-Type: application/json
Date: Tue, 06 Jun 2023 17:04:20 GMT
Expires: 0
Pragma: no-cache
X-Content-Type-Options: nosniff
X-Frame-Options: DENY
X-Xss-Protection: 1; mode=block
Content-Length: 10

{
    "id": 106
}
2023-06-06 19:04:21 INFO  Listeners:38 - Succeeded Test null
]]></system-out>
  </testcase>
  <testcase name="g_createDuplicateDashboard_POST" classname="alltests.apitest.DashboardControllerTest" time="0.105">
    <system-out><![CDATA[2023-06-06 19:04:21 INFO  Listeners:34 - Started Test null
2023-06-06 19:04:21 INFO  DashboardControllerTest:82 - g_createDuplicateDashboard_POST
19:04:21.234 [rp-io-45] DEBUG com.epam.reportportal.service.Launch - Starting test item...rp-io-45
Request method:	POST
Request URI:	http://localhost:8080/api/v1/AUTOMATIONTESTINGADVANCEDPROGRAM/dashboard
Proxy:			<none>
Request params:	<none>
Query params:	<none>
Form params:	<none>
Path params:	<none>
Headers:		Authorization=Bearer 8bb82a7d-a573-419e-9cce-c2419f308802
				Accept=*/*
				Content-Type=application/json
Cookies:		<none>
Multiparts:		<none>
Body:
{
    "name": "QAT Dashboard A02",
    "description": "QAT Dashboard description A02",
    "shared": true
}
19:04:21.264 [rp-io-44] DEBUG com.epam.reportportal.service.Launch - TestItem with ID = '97727fbb-a492-4be8-9769-8e74b098e4a6' successfully finished.
19:04:21.264 [rp-io-44] DEBUG com.epam.reportportal.utils.SubscriptionUtils - Finish test item completed
19:04:21.269 [main] DEBUG org.apache.http.impl.conn.BasicClientConnectionManager - Get connection for route {}->http://localhost:8080
19:04:21.270 [main] DEBUG org.apache.http.impl.conn.DefaultClientConnectionOperator - Connecting to localhost:8080
19:04:21.271 [main] DEBUG org.apache.http.client.protocol.RequestAddCookies - CookieSpec selected: ignoreCookies
19:04:21.272 [main] DEBUG org.apache.http.client.protocol.RequestAuthCache - Auth cache not set in the context
19:04:21.272 [main] DEBUG org.apache.http.client.protocol.RequestProxyAuthentication - Proxy auth state: UNCHALLENGED
19:04:21.273 [main] DEBUG org.apache.http.impl.client.DefaultHttpClient - Attempt 1 to execute request
19:04:21.273 [main] DEBUG org.apache.http.impl.conn.DefaultClientConnection - Sending request: POST /api/v1/AUTOMATIONTESTINGADVANCEDPROGRAM/dashboard HTTP/1.1
19:04:21.273 [main] DEBUG org.apache.http.wire -  >> "POST /api/v1/AUTOMATIONTESTINGADVANCEDPROGRAM/dashboard HTTP/1.1[\r][\n]"
19:04:21.273 [main] DEBUG org.apache.http.wire -  >> "Authorization: Bearer 8bb82a7d-a573-419e-9cce-c2419f308802[\r][\n]"
19:04:21.273 [main] DEBUG org.apache.http.wire -  >> "Accept: */*[\r][\n]"
19:04:21.273 [main] DEBUG org.apache.http.wire -  >> "Content-Type: application/json[\r][\n]"
19:04:21.273 [main] DEBUG org.apache.http.wire -  >> "Content-Length: 88[\r][\n]"
19:04:21.273 [main] DEBUG org.apache.http.wire -  >> "Host: localhost:8080[\r][\n]"
19:04:21.273 [main] DEBUG org.apache.http.wire -  >> "Connection: Keep-Alive[\r][\n]"
19:04:21.273 [main] DEBUG org.apache.http.wire -  >> "User-Agent: Apache-HttpClient/4.5.13 (Java/17.0.3.1)[\r][\n]"
19:04:21.273 [main] DEBUG org.apache.http.wire -  >> "Accept-Encoding: gzip,deflate[\r][\n]"
19:04:21.273 [main] DEBUG org.apache.http.wire -  >> "[\r][\n]"
19:04:21.273 [main] DEBUG org.apache.http.headers - >> POST /api/v1/AUTOMATIONTESTINGADVANCEDPROGRAM/dashboard HTTP/1.1
19:04:21.274 [main] DEBUG org.apache.http.headers - >> Authorization: Bearer 8bb82a7d-a573-419e-9cce-c2419f308802
19:04:21.274 [main] DEBUG org.apache.http.headers - >> Accept: */*
19:04:21.274 [main] DEBUG org.apache.http.headers - >> Content-Type: application/json
19:04:21.274 [main] DEBUG org.apache.http.headers - >> Content-Length: 88
19:04:21.274 [main] DEBUG org.apache.http.headers - >> Host: localhost:8080
19:04:21.274 [main] DEBUG org.apache.http.headers - >> Connection: Keep-Alive
19:04:21.274 [main] DEBUG org.apache.http.headers - >> User-Agent: Apache-HttpClient/4.5.13 (Java/17.0.3.1)
19:04:21.274 [main] DEBUG org.apache.http.headers - >> Accept-Encoding: gzip,deflate
19:04:21.274 [main] DEBUG org.apache.http.wire -  >> "{"name":"QAT Dashboard A02","description":"QAT Dashboard description A02","shared":true}"
19:04:21.282 [rp-io-47] DEBUG com.epam.reportportal.service.Launch - ReportPortal item with ID '6f2102dc-5849-4a40-8599-386d42ca80fe' has been created
19:04:21.282 [rp-io-47] DEBUG com.epam.reportportal.utils.SubscriptionUtils - Start test item successfully completed
19:04:21.286 [main] DEBUG org.apache.http.wire -  << "HTTP/1.1 409 Conflict[\r][\n]"
19:04:21.286 [main] DEBUG org.apache.http.wire -  << "Cache-Control: no-cache, no-store, max-age=0, must-revalidate[\r][\n]"
19:04:21.286 [main] DEBUG org.apache.http.wire -  << "Content-Type: application/json[\r][\n]"
19:04:21.286 [main] DEBUG org.apache.http.wire -  << "Date: Tue, 06 Jun 2023 17:04:20 GMT[\r][\n]"
19:04:21.286 [main] DEBUG org.apache.http.wire -  << "Expires: 0[\r][\n]"
19:04:21.286 [main] DEBUG org.apache.http.wire -  << "Pragma: no-cache[\r][\n]"
19:04:21.286 [main] DEBUG org.apache.http.wire -  << "X-Content-Type-Options: nosniff[\r][\n]"
19:04:21.286 [main] DEBUG org.apache.http.wire -  << "X-Frame-Options: DENY[\r][\n]"
19:04:21.286 [main] DEBUG org.apache.http.wire -  << "X-Xss-Protection: 1; mode=block[\r][\n]"
19:04:21.286 [main] DEBUG org.apache.http.wire -  << "Content-Length: 110[\r][\n]"
19:04:21.286 [main] DEBUG org.apache.http.wire -  << "[\r][\n]"
19:04:21.287 [main] DEBUG org.apache.http.impl.conn.DefaultClientConnection - Receiving response: HTTP/1.1 409 Conflict
19:04:21.287 [main] DEBUG org.apache.http.headers - << HTTP/1.1 409 Conflict
19:04:21.287 [main] DEBUG org.apache.http.headers - << Cache-Control: no-cache, no-store, max-age=0, must-revalidate
19:04:21.287 [main] DEBUG org.apache.http.headers - << Content-Type: application/json
19:04:21.287 [main] DEBUG org.apache.http.headers - << Date: Tue, 06 Jun 2023 17:04:20 GMT
19:04:21.287 [main] DEBUG org.apache.http.headers - << Expires: 0
19:04:21.287 [main] DEBUG org.apache.http.headers - << Pragma: no-cache
19:04:21.287 [main] DEBUG org.apache.http.headers - << X-Content-Type-Options: nosniff
19:04:21.287 [main] DEBUG org.apache.http.headers - << X-Frame-Options: DENY
19:04:21.287 [main] DEBUG org.apache.http.headers - << X-Xss-Protection: 1; mode=block
19:04:21.287 [main] DEBUG org.apache.http.headers - << Content-Length: 110
19:04:21.287 [main] DEBUG org.apache.http.impl.client.DefaultHttpClient - Connection can be kept alive indefinitely
19:04:21.287 [main] DEBUG io.restassured.internal.RestAssuredHttpBuilder - Parsing response as: application/json
19:04:21.287 [main] DEBUG io.restassured.internal.RestAssuredHttpBuilder - Parsed data to instance of: class org.apache.http.conn.EofSensorInputStream
19:04:21.288 [main] DEBUG org.apache.http.wire -  << "{"errorCode":4091,"message":"Resource 'QAT Dashboard A02' already exists. You couldn't create the duplicate."}"
19:04:21.288 [main] DEBUG org.apache.http.impl.conn.BasicClientConnectionManager - Releasing connection org.apache.http.impl.conn.ManagedClientConnectionImpl@9f1ca74
19:04:21.288 [main] DEBUG org.apache.http.impl.conn.BasicClientConnectionManager - Connection can be kept alive indefinitely
HTTP/1.1 409 Conflict
Cache-Control: no-cache, no-store, max-age=0, must-revalidate
Content-Type: application/json
Date: Tue, 06 Jun 2023 17:04:20 GMT
Expires: 0
Pragma: no-cache
X-Content-Type-Options: nosniff
X-Frame-Options: DENY
X-Xss-Protection: 1; mode=block
Content-Length: 110

{
    "errorCode": 4091,
    "message": "Resource 'QAT Dashboard A02' already exists. You couldn't create the duplicate."
}
2023-06-06 19:04:21 INFO  Listeners:38 - Succeeded Test null
]]></system-out>
  </testcase>
  <testcase name="h_updateDashboardNameRQ_UPDATE" classname="alltests.apitest.DashboardControllerTest" time="0.066">
    <system-out><![CDATA[19:04:21.329 [rp-io-51] DEBUG com.epam.reportportal.service.Launch - Starting test item...rp-io-51
2023-06-06 19:04:21 INFO  Listeners:34 - Started Test null
2023-06-06 19:04:21 INFO  DashboardControllerTest:92 - h_updateDashboardNameRQ_UPDATE
Request method:	PUT
Request URI:	http://localhost:8080/api/v1/AUTOMATIONTESTINGADVANCEDPROGRAM/dashboard/106
Proxy:			<none>
Request params:	<none>
Query params:	<none>
Form params:	<none>
Path params:	id=106
Headers:		Authorization=Bearer 8bb82a7d-a573-419e-9cce-c2419f308802
				Accept=*/*
				Content-Type=application/json
Cookies:		<none>
Multiparts:		<none>
Body:
{
    "name": "Updated QAT Dashboard A02 to A03",
    "description": "Updated Dashboard A02 description updated to A03",
    "shared": true
}
19:04:21.361 [rp-io-50] DEBUG com.epam.reportportal.service.Launch - TestItem with ID = '6f2102dc-5849-4a40-8599-386d42ca80fe' successfully finished.
19:04:21.362 [rp-io-50] DEBUG com.epam.reportportal.utils.SubscriptionUtils - Finish test item completed
19:04:21.370 [main] DEBUG org.apache.http.impl.conn.BasicClientConnectionManager - Get connection for route {}->http://localhost:8080
19:04:21.370 [main] DEBUG org.apache.http.impl.conn.DefaultClientConnectionOperator - Connecting to localhost:8080
19:04:21.371 [main] DEBUG org.apache.http.client.protocol.RequestAddCookies - CookieSpec selected: ignoreCookies
19:04:21.371 [main] DEBUG org.apache.http.client.protocol.RequestAuthCache - Auth cache not set in the context
19:04:21.371 [main] DEBUG org.apache.http.client.protocol.RequestProxyAuthentication - Proxy auth state: UNCHALLENGED
19:04:21.372 [rp-io-53] DEBUG com.epam.reportportal.service.Launch - ReportPortal item with ID '2d04cacb-9f2c-455e-a2a8-632e715240fa' has been created
19:04:21.372 [rp-io-53] DEBUG com.epam.reportportal.utils.SubscriptionUtils - Start test item successfully completed
19:04:21.371 [main] DEBUG org.apache.http.impl.client.DefaultHttpClient - Attempt 1 to execute request
19:04:21.372 [main] DEBUG org.apache.http.impl.conn.DefaultClientConnection - Sending request: PUT /api/v1/AUTOMATIONTESTINGADVANCEDPROGRAM/dashboard/106 HTTP/1.1
19:04:21.372 [main] DEBUG org.apache.http.wire -  >> "PUT /api/v1/AUTOMATIONTESTINGADVANCEDPROGRAM/dashboard/106 HTTP/1.1[\r][\n]"
19:04:21.372 [main] DEBUG org.apache.http.wire -  >> "Authorization: Bearer 8bb82a7d-a573-419e-9cce-c2419f308802[\r][\n]"
19:04:21.372 [main] DEBUG org.apache.http.wire -  >> "Accept: */*[\r][\n]"
19:04:21.372 [main] DEBUG org.apache.http.wire -  >> "Content-Type: application/json[\r][\n]"
19:04:21.372 [main] DEBUG org.apache.http.wire -  >> "Content-Length: 122[\r][\n]"
19:04:21.372 [main] DEBUG org.apache.http.wire -  >> "Host: localhost:8080[\r][\n]"
19:04:21.372 [main] DEBUG org.apache.http.wire -  >> "Connection: Keep-Alive[\r][\n]"
19:04:21.372 [main] DEBUG org.apache.http.wire -  >> "User-Agent: Apache-HttpClient/4.5.13 (Java/17.0.3.1)[\r][\n]"
19:04:21.372 [main] DEBUG org.apache.http.wire -  >> "Accept-Encoding: gzip,deflate[\r][\n]"
19:04:21.372 [main] DEBUG org.apache.http.wire -  >> "[\r][\n]"
19:04:21.372 [main] DEBUG org.apache.http.headers - >> PUT /api/v1/AUTOMATIONTESTINGADVANCEDPROGRAM/dashboard/106 HTTP/1.1
19:04:21.372 [main] DEBUG org.apache.http.headers - >> Authorization: Bearer 8bb82a7d-a573-419e-9cce-c2419f308802
19:04:21.372 [main] DEBUG org.apache.http.headers - >> Accept: */*
19:04:21.372 [main] DEBUG org.apache.http.headers - >> Content-Type: application/json
19:04:21.372 [main] DEBUG org.apache.http.headers - >> Content-Length: 122
19:04:21.372 [main] DEBUG org.apache.http.headers - >> Host: localhost:8080
19:04:21.372 [main] DEBUG org.apache.http.headers - >> Connection: Keep-Alive
19:04:21.374 [main] DEBUG org.apache.http.headers - >> User-Agent: Apache-HttpClient/4.5.13 (Java/17.0.3.1)
19:04:21.375 [main] DEBUG org.apache.http.headers - >> Accept-Encoding: gzip,deflate
19:04:21.375 [main] DEBUG org.apache.http.wire -  >> "{"name":"Updated QAT Dashboard A02 to A03","description":"Updated Dashboard A02 description updated to A03","shared":true}"
19:04:21.387 [main] DEBUG org.apache.http.wire -  << "HTTP/1.1 200 OK[\r][\n]"
19:04:21.387 [main] DEBUG org.apache.http.wire -  << "Cache-Control: no-cache, no-store, max-age=0, must-revalidate[\r][\n]"
19:04:21.387 [main] DEBUG org.apache.http.wire -  << "Content-Type: application/json[\r][\n]"
19:04:21.387 [main] DEBUG org.apache.http.wire -  << "Date: Tue, 06 Jun 2023 17:04:20 GMT[\r][\n]"
19:04:21.387 [main] DEBUG org.apache.http.wire -  << "Expires: 0[\r][\n]"
19:04:21.387 [main] DEBUG org.apache.http.wire -  << "Pragma: no-cache[\r][\n]"
19:04:21.387 [main] DEBUG org.apache.http.wire -  << "X-Content-Type-Options: nosniff[\r][\n]"
19:04:21.387 [main] DEBUG org.apache.http.wire -  << "X-Frame-Options: DENY[\r][\n]"
19:04:21.388 [main] DEBUG org.apache.http.wire -  << "X-Xss-Protection: 1; mode=block[\r][\n]"
19:04:21.388 [main] DEBUG org.apache.http.wire -  << "Content-Length: 60[\r][\n]"
19:04:21.388 [main] DEBUG org.apache.http.wire -  << "[\r][\n]"
19:04:21.388 [main] DEBUG org.apache.http.impl.conn.DefaultClientConnection - Receiving response: HTTP/1.1 200 OK
19:04:21.388 [main] DEBUG org.apache.http.headers - << HTTP/1.1 200 OK
19:04:21.388 [main] DEBUG org.apache.http.headers - << Cache-Control: no-cache, no-store, max-age=0, must-revalidate
19:04:21.388 [main] DEBUG org.apache.http.headers - << Content-Type: application/json
19:04:21.388 [main] DEBUG org.apache.http.headers - << Date: Tue, 06 Jun 2023 17:04:20 GMT
19:04:21.388 [main] DEBUG org.apache.http.headers - << Expires: 0
19:04:21.388 [main] DEBUG org.apache.http.headers - << Pragma: no-cache
19:04:21.388 [main] DEBUG org.apache.http.headers - << X-Content-Type-Options: nosniff
19:04:21.388 [main] DEBUG org.apache.http.headers - << X-Frame-Options: DENY
19:04:21.388 [main] DEBUG org.apache.http.headers - << X-Xss-Protection: 1; mode=block
19:04:21.388 [main] DEBUG org.apache.http.headers - << Content-Length: 60
19:04:21.388 [main] DEBUG org.apache.http.impl.client.DefaultHttpClient - Connection can be kept alive indefinitely
19:04:21.388 [main] DEBUG io.restassured.internal.RestAssuredHttpBuilder - Parsing response as: application/json
19:04:21.388 [main] DEBUG io.restassured.internal.RestAssuredHttpBuilder - Parsed data to instance of: class org.apache.http.conn.EofSensorInputStream
19:04:21.391 [main] DEBUG org.apache.http.wire -  << "{"message":"Dashboard with ID = '106' successfully updated"}"
19:04:21.391 [main] DEBUG org.apache.http.impl.conn.BasicClientConnectionManager - Releasing connection org.apache.http.impl.conn.ManagedClientConnectionImpl@789dd6bf
19:04:21.391 [main] DEBUG org.apache.http.impl.conn.BasicClientConnectionManager - Connection can be kept alive indefinitely
HTTP/1.1 200 OK
Cache-Control: no-cache, no-store, max-age=0, must-revalidate
Content-Type: application/json
Date: Tue, 06 Jun 2023 17:04:20 GMT
Expires: 0
Pragma: no-cache
X-Content-Type-Options: nosniff
X-Frame-Options: DENY
X-Xss-Protection: 1; mode=block
Content-Length: 60

{
    "message": "Dashboard with ID = '106' successfully updated"
}
2023-06-06 19:04:21 INFO  Listeners:38 - Succeeded Test null
]]></system-out>
  </testcase>
  <testcase name="i_updateDashboardNameRQ_PATCH" classname="alltests.apitest.DashboardControllerTest" time="0.087">
    <system-out><![CDATA[2023-06-06 19:04:21 INFO  Listeners:34 - Started Test null
2023-06-06 19:04:21 INFO  DashboardControllerTest:99 - i_updateDashboardNameRQ_PATCH
19:04:21.399 [rp-io-57] DEBUG com.epam.reportportal.service.Launch - Starting test item...rp-io-57
Request method:	PATCH
Request URI:	http://localhost:8080/api/v1/AUTOMATIONTESTINGADVANCEDPROGRAM/dashboard/106
Proxy:			<none>
Request params:	<none>
Query params:	<none>
Form params:	<none>
Path params:	id=106
Headers:		Authorization=Bearer 8bb82a7d-a573-419e-9cce-c2419f308802
				Accept=*/*
				Content-Type=application/json
Cookies:		<none>
Multiparts:		<none>
Body:
{
    "name": "Updated QAT Dashboard A03 to A04",
    "description": null,
    "shared": false
}
19:04:21.424 [rp-io-56] DEBUG com.epam.reportportal.service.Launch - TestItem with ID = '2d04cacb-9f2c-455e-a2a8-632e715240fa' successfully finished.
19:04:21.424 [rp-io-56] DEBUG com.epam.reportportal.utils.SubscriptionUtils - Finish test item completed
19:04:21.430 [main] DEBUG org.apache.http.impl.conn.BasicClientConnectionManager - Get connection for route {}->http://localhost:8080
19:04:21.430 [rp-io-59] DEBUG com.epam.reportportal.service.Launch - ReportPortal item with ID '38131f17-b095-4c1d-97cb-4bbca9e39d23' has been created
19:04:21.431 [main] DEBUG org.apache.http.impl.conn.DefaultClientConnectionOperator - Connecting to localhost:8080
19:04:21.431 [rp-io-59] DEBUG com.epam.reportportal.utils.SubscriptionUtils - Start test item successfully completed
19:04:21.432 [main] DEBUG org.apache.http.client.protocol.RequestAddCookies - CookieSpec selected: ignoreCookies
19:04:21.432 [main] DEBUG org.apache.http.client.protocol.RequestAuthCache - Auth cache not set in the context
19:04:21.432 [main] DEBUG org.apache.http.client.protocol.RequestProxyAuthentication - Proxy auth state: UNCHALLENGED
19:04:21.432 [main] DEBUG org.apache.http.impl.client.DefaultHttpClient - Attempt 1 to execute request
19:04:21.432 [main] DEBUG org.apache.http.impl.conn.DefaultClientConnection - Sending request: PATCH /api/v1/AUTOMATIONTESTINGADVANCEDPROGRAM/dashboard/106 HTTP/1.1
19:04:21.432 [main] DEBUG org.apache.http.wire -  >> "PATCH /api/v1/AUTOMATIONTESTINGADVANCEDPROGRAM/dashboard/106 HTTP/1.1[\r][\n]"
19:04:21.432 [main] DEBUG org.apache.http.wire -  >> "Authorization: Bearer 8bb82a7d-a573-419e-9cce-c2419f308802[\r][\n]"
19:04:21.432 [main] DEBUG org.apache.http.wire -  >> "Accept: */*[\r][\n]"
19:04:21.432 [main] DEBUG org.apache.http.wire -  >> "Content-Type: application/json[\r][\n]"
19:04:21.432 [main] DEBUG org.apache.http.wire -  >> "Content-Length: 77[\r][\n]"
19:04:21.432 [main] DEBUG org.apache.http.wire -  >> "Host: localhost:8080[\r][\n]"
19:04:21.432 [main] DEBUG org.apache.http.wire -  >> "Connection: Keep-Alive[\r][\n]"
19:04:21.432 [main] DEBUG org.apache.http.wire -  >> "User-Agent: Apache-HttpClient/4.5.13 (Java/17.0.3.1)[\r][\n]"
19:04:21.432 [main] DEBUG org.apache.http.wire -  >> "Accept-Encoding: gzip,deflate[\r][\n]"
19:04:21.432 [main] DEBUG org.apache.http.wire -  >> "[\r][\n]"
19:04:21.432 [main] DEBUG org.apache.http.headers - >> PATCH /api/v1/AUTOMATIONTESTINGADVANCEDPROGRAM/dashboard/106 HTTP/1.1
19:04:21.433 [main] DEBUG org.apache.http.headers - >> Authorization: Bearer 8bb82a7d-a573-419e-9cce-c2419f308802
19:04:21.433 [main] DEBUG org.apache.http.headers - >> Accept: */*
19:04:21.433 [main] DEBUG org.apache.http.headers - >> Content-Type: application/json
19:04:21.433 [main] DEBUG org.apache.http.headers - >> Content-Length: 77
19:04:21.433 [main] DEBUG org.apache.http.headers - >> Host: localhost:8080
19:04:21.433 [main] DEBUG org.apache.http.headers - >> Connection: Keep-Alive
19:04:21.433 [main] DEBUG org.apache.http.headers - >> User-Agent: Apache-HttpClient/4.5.13 (Java/17.0.3.1)
19:04:21.433 [main] DEBUG org.apache.http.headers - >> Accept-Encoding: gzip,deflate
19:04:21.433 [main] DEBUG org.apache.http.wire -  >> "{"name":"Updated QAT Dashboard A03 to A04","description":null,"shared":false}"
19:04:21.445 [main] DEBUG org.apache.http.wire -  << "HTTP/1.1 405 Method Not Allowed[\r][\n]"
19:04:21.446 [main] DEBUG org.apache.http.wire -  << "Allow: GET, PUT, DELETE[\r][\n]"
19:04:21.446 [main] DEBUG org.apache.http.wire -  << "Cache-Control: no-cache, no-store, max-age=0, must-revalidate[\r][\n]"
19:04:21.446 [main] DEBUG org.apache.http.wire -  << "Content-Type: application/json[\r][\n]"
19:04:21.446 [main] DEBUG org.apache.http.wire -  << "Date: Tue, 06 Jun 2023 17:04:20 GMT[\r][\n]"
19:04:21.446 [main] DEBUG org.apache.http.wire -  << "Expires: 0[\r][\n]"
19:04:21.446 [main] DEBUG org.apache.http.wire -  << "Pragma: no-cache[\r][\n]"
19:04:21.446 [main] DEBUG org.apache.http.wire -  << "X-Content-Type-Options: nosniff[\r][\n]"
19:04:21.446 [main] DEBUG org.apache.http.wire -  << "X-Frame-Options: DENY[\r][\n]"
19:04:21.446 [main] DEBUG org.apache.http.wire -  << "X-Xss-Protection: 1; mode=block[\r][\n]"
19:04:21.446 [main] DEBUG org.apache.http.wire -  << "Content-Length: 129[\r][\n]"
19:04:21.446 [main] DEBUG org.apache.http.wire -  << "[\r][\n]"
19:04:21.446 [main] DEBUG org.apache.http.impl.conn.DefaultClientConnection - Receiving response: HTTP/1.1 405 Method Not Allowed
19:04:21.446 [main] DEBUG org.apache.http.headers - << HTTP/1.1 405 Method Not Allowed
19:04:21.446 [main] DEBUG org.apache.http.headers - << Allow: GET, PUT, DELETE
19:04:21.446 [main] DEBUG org.apache.http.headers - << Cache-Control: no-cache, no-store, max-age=0, must-revalidate
19:04:21.446 [main] DEBUG org.apache.http.headers - << Content-Type: application/json
19:04:21.446 [main] DEBUG org.apache.http.headers - << Date: Tue, 06 Jun 2023 17:04:20 GMT
19:04:21.446 [main] DEBUG org.apache.http.headers - << Expires: 0
19:04:21.446 [main] DEBUG org.apache.http.headers - << Pragma: no-cache
19:04:21.446 [main] DEBUG org.apache.http.headers - << X-Content-Type-Options: nosniff
19:04:21.446 [main] DEBUG org.apache.http.headers - << X-Frame-Options: DENY
19:04:21.446 [main] DEBUG org.apache.http.headers - << X-Xss-Protection: 1; mode=block
19:04:21.446 [main] DEBUG org.apache.http.headers - << Content-Length: 129
19:04:21.446 [main] DEBUG org.apache.http.impl.client.DefaultHttpClient - Connection can be kept alive indefinitely
19:04:21.446 [main] DEBUG io.restassured.internal.RestAssuredHttpBuilder - Parsing response as: application/json
19:04:21.446 [main] DEBUG io.restassured.internal.RestAssuredHttpBuilder - Parsed data to instance of: class org.apache.http.conn.EofSensorInputStream
19:04:21.447 [main] DEBUG org.apache.http.wire -  << "{"timestamp":1686071061444,"status":405,"error":"Method Not Allowed","path":"/v1/AUTOMATIONTESTINGADVANCEDPROGRAM/dashboard/106"}"
19:04:21.447 [main] DEBUG org.apache.http.impl.conn.BasicClientConnectionManager - Releasing connection org.apache.http.impl.conn.ManagedClientConnectionImpl@6cc8da1c
19:04:21.447 [main] DEBUG org.apache.http.impl.conn.BasicClientConnectionManager - Connection can be kept alive indefinitely
HTTP/1.1 405 Method Not Allowed
Allow: GET, PUT, DELETE
Cache-Control: no-cache, no-store, max-age=0, must-revalidate
Content-Type: application/json
Date: Tue, 06 Jun 2023 17:04:20 GMT
Expires: 0
Pragma: no-cache
X-Content-Type-Options: nosniff
X-Frame-Options: DENY
X-Xss-Protection: 1; mode=block
Content-Length: 129

{
    "timestamp": 1686071061444,
    "status": 405,
    "error": "Method Not Allowed",
    "path": "/v1/AUTOMATIONTESTINGADVANCEDPROGRAM/dashboard/106"
}
2023-06-06 19:04:21 INFO  Listeners:38 - Succeeded Test null
]]></system-out>
  </testcase>
  <testcase name="j_updateDashboardWithNull_PATCH" classname="alltests.apitest.DashboardControllerTest" time="0.076">
    <system-out><![CDATA[19:04:21.481 [rp-io-63] DEBUG com.epam.reportportal.service.Launch - Starting test item...rp-io-63
2023-06-06 19:04:21 INFO  Listeners:34 - Started Test null
2023-06-06 19:04:21 INFO  DashboardControllerTest:108 - j_updateDashboardWithNull_PATCH
Request method:	PATCH
Request URI:	http://localhost:8080/api/v1/AUTOMATIONTESTINGADVANCEDPROGRAM/dashboard/106
Proxy:			<none>
Request params:	<none>
Query params:	<none>
Form params:	<none>
Path params:	id=106
Headers:		Authorization=Bearer 8bb82a7d-a573-419e-9cce-c2419f308802
				Accept=*/*
				Content-Type=application/json
Cookies:		<none>
Multiparts:		<none>
Body:
{
    "name": "",
    "description": null,
    "shared": false
}
19:04:21.504 [rp-io-62] DEBUG com.epam.reportportal.service.Launch - TestItem with ID = '38131f17-b095-4c1d-97cb-4bbca9e39d23' successfully finished.
19:04:21.504 [rp-io-62] DEBUG com.epam.reportportal.utils.SubscriptionUtils - Finish test item completed
19:04:21.515 [main] DEBUG org.apache.http.impl.conn.BasicClientConnectionManager - Get connection for route {}->http://localhost:8080
19:04:21.515 [main] DEBUG org.apache.http.impl.conn.DefaultClientConnectionOperator - Connecting to localhost:8080
19:04:21.517 [rp-io-65] DEBUG com.epam.reportportal.service.Launch - ReportPortal item with ID '083233f8-a3d9-41a0-b3e6-cd38f1383608' has been created
19:04:21.517 [main] DEBUG org.apache.http.client.protocol.RequestAddCookies - CookieSpec selected: ignoreCookies
19:04:21.517 [rp-io-65] DEBUG com.epam.reportportal.utils.SubscriptionUtils - Start test item successfully completed
19:04:21.517 [main] DEBUG org.apache.http.client.protocol.RequestAuthCache - Auth cache not set in the context
19:04:21.518 [main] DEBUG org.apache.http.client.protocol.RequestProxyAuthentication - Proxy auth state: UNCHALLENGED
19:04:21.518 [main] DEBUG org.apache.http.impl.client.DefaultHttpClient - Attempt 1 to execute request
19:04:21.518 [main] DEBUG org.apache.http.impl.conn.DefaultClientConnection - Sending request: PATCH /api/v1/AUTOMATIONTESTINGADVANCEDPROGRAM/dashboard/106 HTTP/1.1
19:04:21.518 [main] DEBUG org.apache.http.wire -  >> "PATCH /api/v1/AUTOMATIONTESTINGADVANCEDPROGRAM/dashboard/106 HTTP/1.1[\r][\n]"
19:04:21.518 [main] DEBUG org.apache.http.wire -  >> "Authorization: Bearer 8bb82a7d-a573-419e-9cce-c2419f308802[\r][\n]"
19:04:21.518 [main] DEBUG org.apache.http.wire -  >> "Accept: */*[\r][\n]"
19:04:21.518 [main] DEBUG org.apache.http.wire -  >> "Content-Type: application/json[\r][\n]"
19:04:21.518 [main] DEBUG org.apache.http.wire -  >> "Content-Length: 45[\r][\n]"
19:04:21.518 [main] DEBUG org.apache.http.wire -  >> "Host: localhost:8080[\r][\n]"
19:04:21.518 [main] DEBUG org.apache.http.wire -  >> "Connection: Keep-Alive[\r][\n]"
19:04:21.518 [main] DEBUG org.apache.http.wire -  >> "User-Agent: Apache-HttpClient/4.5.13 (Java/17.0.3.1)[\r][\n]"
19:04:21.518 [main] DEBUG org.apache.http.wire -  >> "Accept-Encoding: gzip,deflate[\r][\n]"
19:04:21.518 [main] DEBUG org.apache.http.wire -  >> "[\r][\n]"
19:04:21.518 [main] DEBUG org.apache.http.headers - >> PATCH /api/v1/AUTOMATIONTESTINGADVANCEDPROGRAM/dashboard/106 HTTP/1.1
19:04:21.518 [main] DEBUG org.apache.http.headers - >> Authorization: Bearer 8bb82a7d-a573-419e-9cce-c2419f308802
19:04:21.518 [main] DEBUG org.apache.http.headers - >> Accept: */*
19:04:21.518 [main] DEBUG org.apache.http.headers - >> Content-Type: application/json
19:04:21.518 [main] DEBUG org.apache.http.headers - >> Content-Length: 45
19:04:21.518 [main] DEBUG org.apache.http.headers - >> Host: localhost:8080
19:04:21.518 [main] DEBUG org.apache.http.headers - >> Connection: Keep-Alive
19:04:21.518 [main] DEBUG org.apache.http.headers - >> User-Agent: Apache-HttpClient/4.5.13 (Java/17.0.3.1)
19:04:21.518 [main] DEBUG org.apache.http.headers - >> Accept-Encoding: gzip,deflate
19:04:21.519 [main] DEBUG org.apache.http.wire -  >> "{"name":"","description":null,"shared":false}"
19:04:21.530 [main] DEBUG org.apache.http.wire -  << "HTTP/1.1 405 Method Not Allowed[\r][\n]"
19:04:21.531 [main] DEBUG org.apache.http.wire -  << "Allow: GET, PUT, DELETE[\r][\n]"
19:04:21.531 [main] DEBUG org.apache.http.wire -  << "Cache-Control: no-cache, no-store, max-age=0, must-revalidate[\r][\n]"
19:04:21.531 [main] DEBUG org.apache.http.wire -  << "Content-Type: application/json[\r][\n]"
19:04:21.531 [main] DEBUG org.apache.http.wire -  << "Date: Tue, 06 Jun 2023 17:04:20 GMT[\r][\n]"
19:04:21.531 [main] DEBUG org.apache.http.wire -  << "Expires: 0[\r][\n]"
19:04:21.531 [main] DEBUG org.apache.http.wire -  << "Pragma: no-cache[\r][\n]"
19:04:21.531 [main] DEBUG org.apache.http.wire -  << "X-Content-Type-Options: nosniff[\r][\n]"
19:04:21.531 [main] DEBUG org.apache.http.wire -  << "X-Frame-Options: DENY[\r][\n]"
19:04:21.531 [main] DEBUG org.apache.http.wire -  << "X-Xss-Protection: 1; mode=block[\r][\n]"
19:04:21.531 [main] DEBUG org.apache.http.wire -  << "Content-Length: 129[\r][\n]"
19:04:21.531 [main] DEBUG org.apache.http.wire -  << "[\r][\n]"
19:04:21.531 [main] DEBUG org.apache.http.impl.conn.DefaultClientConnection - Receiving response: HTTP/1.1 405 Method Not Allowed
19:04:21.531 [main] DEBUG org.apache.http.headers - << HTTP/1.1 405 Method Not Allowed
19:04:21.531 [main] DEBUG org.apache.http.headers - << Allow: GET, PUT, DELETE
19:04:21.531 [main] DEBUG org.apache.http.headers - << Cache-Control: no-cache, no-store, max-age=0, must-revalidate
19:04:21.531 [main] DEBUG org.apache.http.headers - << Content-Type: application/json
19:04:21.531 [main] DEBUG org.apache.http.headers - << Date: Tue, 06 Jun 2023 17:04:20 GMT
19:04:21.531 [main] DEBUG org.apache.http.headers - << Expires: 0
19:04:21.531 [main] DEBUG org.apache.http.headers - << Pragma: no-cache
19:04:21.531 [main] DEBUG org.apache.http.headers - << X-Content-Type-Options: nosniff
19:04:21.531 [main] DEBUG org.apache.http.headers - << X-Frame-Options: DENY
19:04:21.531 [main] DEBUG org.apache.http.headers - << X-Xss-Protection: 1; mode=block
19:04:21.531 [main] DEBUG org.apache.http.headers - << Content-Length: 129
19:04:21.531 [main] DEBUG org.apache.http.impl.client.DefaultHttpClient - Connection can be kept alive indefinitely
19:04:21.531 [main] DEBUG io.restassured.internal.RestAssuredHttpBuilder - Parsing response as: application/json
19:04:21.531 [main] DEBUG io.restassured.internal.RestAssuredHttpBuilder - Parsed data to instance of: class org.apache.http.conn.EofSensorInputStream
19:04:21.533 [main] DEBUG org.apache.http.wire -  << "{"timestamp":1686071061529,"status":405,"error":"Method Not Allowed","path":"/v1/AUTOMATIONTESTINGADVANCEDPROGRAM/dashboard/106"}"
19:04:21.533 [main] DEBUG org.apache.http.impl.conn.BasicClientConnectionManager - Releasing connection org.apache.http.impl.conn.ManagedClientConnectionImpl@100807ca
19:04:21.533 [main] DEBUG org.apache.http.impl.conn.BasicClientConnectionManager - Connection can be kept alive indefinitely
HTTP/1.1 405 Method Not Allowed
Allow: GET, PUT, DELETE
Cache-Control: no-cache, no-store, max-age=0, must-revalidate
Content-Type: application/json
Date: Tue, 06 Jun 2023 17:04:20 GMT
Expires: 0
Pragma: no-cache
X-Content-Type-Options: nosniff
X-Frame-Options: DENY
X-Xss-Protection: 1; mode=block
Content-Length: 129

{
    "timestamp": 1686071061529,
    "status": 405,
    "error": "Method Not Allowed",
    "path": "/v1/AUTOMATIONTESTINGADVANCEDPROGRAM/dashboard/106"
}
2023-06-06 19:04:21 INFO  Listeners:38 - Succeeded Test null
]]></system-out>
  </testcase>
  <testcase name="k_deleteDashboardById_DELETE" classname="alltests.apitest.DashboardControllerTest" time="0.06">
    <system-out><![CDATA[19:04:21.567 [rp-io-69] DEBUG com.epam.reportportal.service.Launch - Starting test item...rp-io-69
2023-06-06 19:04:21 INFO  Listeners:34 - Started Test null
2023-06-06 19:04:21 INFO  DashboardControllerTest:117 - k_deleteDashboardById_DELETE
Request method:	DELETE
Request URI:	http://localhost:8080/api/v1/AUTOMATIONTESTINGADVANCEDPROGRAM/dashboard/106
Proxy:			<none>
Request params:	<none>
Query params:	<none>
Form params:	<none>
Path params:	id=106
Headers:		Authorization=Bearer 8bb82a7d-a573-419e-9cce-c2419f308802
				Accept=*/*
				Content-Type=application/json
Cookies:		<none>
Multiparts:		<none>
Body:			<none>
19:04:21.590 [main] DEBUG org.apache.http.impl.conn.BasicClientConnectionManager - Get connection for route {}->http://localhost:8080
19:04:21.591 [main] DEBUG org.apache.http.impl.conn.DefaultClientConnectionOperator - Connecting to localhost:8080
19:04:21.592 [main] DEBUG org.apache.http.client.protocol.RequestAddCookies - CookieSpec selected: ignoreCookies
19:04:21.593 [main] DEBUG org.apache.http.client.protocol.RequestAuthCache - Auth cache not set in the context
19:04:21.593 [main] DEBUG org.apache.http.client.protocol.RequestProxyAuthentication - Proxy auth state: UNCHALLENGED
19:04:21.593 [rp-io-68] DEBUG com.epam.reportportal.service.Launch - TestItem with ID = '083233f8-a3d9-41a0-b3e6-cd38f1383608' successfully finished.
19:04:21.593 [main] DEBUG org.apache.http.impl.client.DefaultHttpClient - Attempt 1 to execute request
19:04:21.593 [rp-io-68] DEBUG com.epam.reportportal.utils.SubscriptionUtils - Finish test item completed
19:04:21.593 [main] DEBUG org.apache.http.impl.conn.DefaultClientConnection - Sending request: DELETE /api/v1/AUTOMATIONTESTINGADVANCEDPROGRAM/dashboard/106 HTTP/1.1
19:04:21.593 [main] DEBUG org.apache.http.wire -  >> "DELETE /api/v1/AUTOMATIONTESTINGADVANCEDPROGRAM/dashboard/106 HTTP/1.1[\r][\n]"
19:04:21.593 [main] DEBUG org.apache.http.wire -  >> "Content-Type: application/json[\r][\n]"
19:04:21.593 [main] DEBUG org.apache.http.wire -  >> "Authorization: Bearer 8bb82a7d-a573-419e-9cce-c2419f308802[\r][\n]"
19:04:21.593 [main] DEBUG org.apache.http.wire -  >> "Accept: */*[\r][\n]"
19:04:21.593 [main] DEBUG org.apache.http.wire -  >> "Host: localhost:8080[\r][\n]"
19:04:21.593 [main] DEBUG org.apache.http.wire -  >> "Connection: Keep-Alive[\r][\n]"
19:04:21.593 [main] DEBUG org.apache.http.wire -  >> "User-Agent: Apache-HttpClient/4.5.13 (Java/17.0.3.1)[\r][\n]"
19:04:21.593 [main] DEBUG org.apache.http.wire -  >> "Accept-Encoding: gzip,deflate[\r][\n]"
19:04:21.593 [main] DEBUG org.apache.http.wire -  >> "[\r][\n]"
19:04:21.593 [main] DEBUG org.apache.http.headers - >> DELETE /api/v1/AUTOMATIONTESTINGADVANCEDPROGRAM/dashboard/106 HTTP/1.1
19:04:21.593 [main] DEBUG org.apache.http.headers - >> Content-Type: application/json
19:04:21.593 [main] DEBUG org.apache.http.headers - >> Authorization: Bearer 8bb82a7d-a573-419e-9cce-c2419f308802
19:04:21.593 [main] DEBUG org.apache.http.headers - >> Accept: */*
19:04:21.593 [main] DEBUG org.apache.http.headers - >> Host: localhost:8080
19:04:21.593 [main] DEBUG org.apache.http.headers - >> Connection: Keep-Alive
19:04:21.593 [main] DEBUG org.apache.http.headers - >> User-Agent: Apache-HttpClient/4.5.13 (Java/17.0.3.1)
19:04:21.593 [main] DEBUG org.apache.http.headers - >> Accept-Encoding: gzip,deflate
19:04:21.600 [rp-io-71] DEBUG com.epam.reportportal.service.Launch - ReportPortal item with ID '47716abf-7bf2-4ba2-bcec-65ad17957a94' has been created
19:04:21.600 [rp-io-71] DEBUG com.epam.reportportal.utils.SubscriptionUtils - Start test item successfully completed
19:04:21.610 [main] DEBUG org.apache.http.wire -  << "HTTP/1.1 200 OK[\r][\n]"
19:04:21.610 [main] DEBUG org.apache.http.wire -  << "Cache-Control: no-cache, no-store, max-age=0, must-revalidate[\r][\n]"
19:04:21.610 [main] DEBUG org.apache.http.wire -  << "Content-Type: application/json[\r][\n]"
19:04:21.610 [main] DEBUG org.apache.http.wire -  << "Date: Tue, 06 Jun 2023 17:04:20 GMT[\r][\n]"
19:04:21.610 [main] DEBUG org.apache.http.wire -  << "Expires: 0[\r][\n]"
19:04:21.610 [main] DEBUG org.apache.http.wire -  << "Pragma: no-cache[\r][\n]"
19:04:21.610 [main] DEBUG org.apache.http.wire -  << "X-Content-Type-Options: nosniff[\r][\n]"
19:04:21.610 [main] DEBUG org.apache.http.wire -  << "X-Frame-Options: DENY[\r][\n]"
19:04:21.610 [main] DEBUG org.apache.http.wire -  << "X-Xss-Protection: 1; mode=block[\r][\n]"
19:04:21.610 [main] DEBUG org.apache.http.wire -  << "Content-Length: 61[\r][\n]"
19:04:21.610 [main] DEBUG org.apache.http.wire -  << "[\r][\n]"
19:04:21.610 [main] DEBUG org.apache.http.impl.conn.DefaultClientConnection - Receiving response: HTTP/1.1 200 OK
19:04:21.610 [main] DEBUG org.apache.http.headers - << HTTP/1.1 200 OK
19:04:21.610 [main] DEBUG org.apache.http.headers - << Cache-Control: no-cache, no-store, max-age=0, must-revalidate
19:04:21.610 [main] DEBUG org.apache.http.headers - << Content-Type: application/json
19:04:21.610 [main] DEBUG org.apache.http.headers - << Date: Tue, 06 Jun 2023 17:04:20 GMT
19:04:21.610 [main] DEBUG org.apache.http.headers - << Expires: 0
19:04:21.610 [main] DEBUG org.apache.http.headers - << Pragma: no-cache
19:04:21.610 [main] DEBUG org.apache.http.headers - << X-Content-Type-Options: nosniff
19:04:21.610 [main] DEBUG org.apache.http.headers - << X-Frame-Options: DENY
19:04:21.610 [main] DEBUG org.apache.http.headers - << X-Xss-Protection: 1; mode=block
19:04:21.610 [main] DEBUG org.apache.http.headers - << Content-Length: 61
19:04:21.611 [main] DEBUG org.apache.http.impl.client.DefaultHttpClient - Connection can be kept alive indefinitely
19:04:21.611 [main] DEBUG io.restassured.internal.RestAssuredHttpBuilder - Parsing response as: application/json
19:04:21.611 [main] DEBUG io.restassured.internal.RestAssuredHttpBuilder - Parsed data to instance of: class org.apache.http.conn.EofSensorInputStream
19:04:21.611 [main] DEBUG org.apache.http.wire -  << "{"message":"Dashboard with ID = '106' successfully deleted."}"
19:04:21.612 [main] DEBUG org.apache.http.impl.conn.BasicClientConnectionManager - Releasing connection org.apache.http.impl.conn.ManagedClientConnectionImpl@1488a861
19:04:21.612 [main] DEBUG org.apache.http.impl.conn.BasicClientConnectionManager - Connection can be kept alive indefinitely
HTTP/1.1 200 OK
Cache-Control: no-cache, no-store, max-age=0, must-revalidate
Content-Type: application/json
Date: Tue, 06 Jun 2023 17:04:20 GMT
Expires: 0
Pragma: no-cache
X-Content-Type-Options: nosniff
X-Frame-Options: DENY
X-Xss-Protection: 1; mode=block
Content-Length: 61

{
    "message": "Dashboard with ID = '106' successfully deleted."
}
2023-06-06 19:04:21 INFO  Listeners:38 - Succeeded Test null
]]></system-out>
  </testcase>
  <testcase name="l_deleteDashboardByIdThatDoesNotExist_DELETE" classname="alltests.apitest.DashboardControllerTest" time="0.061">
    <system-out><![CDATA[19:04:21.629 [rp-io-75] DEBUG com.epam.reportportal.service.Launch - Starting test item...rp-io-75
2023-06-06 19:04:21 INFO  Listeners:34 - Started Test null
2023-06-06 19:04:21 INFO  DashboardControllerTest:125 - l_deleteDashboardByIdThatDoesNotExist_DELETE
Request method:	DELETE
Request URI:	http://localhost:8080/api/v1/AUTOMATIONTESTINGADVANCEDPROGRAM/dashboard/106
Proxy:			<none>
Request params:	<none>
Query params:	<none>
Form params:	<none>
Path params:	id=106
Headers:		Authorization=Bearer 8bb82a7d-a573-419e-9cce-c2419f308802
				Accept=*/*
				Content-Type=application/json
Cookies:		<none>
Multiparts:		<none>
Body:			<none>
19:04:21.652 [main] DEBUG org.apache.http.impl.conn.BasicClientConnectionManager - Get connection for route {}->http://localhost:8080
19:04:21.652 [main] DEBUG org.apache.http.impl.conn.DefaultClientConnectionOperator - Connecting to localhost:8080
19:04:21.654 [main] DEBUG org.apache.http.client.protocol.RequestAddCookies - CookieSpec selected: ignoreCookies
19:04:21.654 [main] DEBUG org.apache.http.client.protocol.RequestAuthCache - Auth cache not set in the context
19:04:21.654 [main] DEBUG org.apache.http.client.protocol.RequestProxyAuthentication - Proxy auth state: UNCHALLENGED
19:04:21.654 [main] DEBUG org.apache.http.impl.client.DefaultHttpClient - Attempt 1 to execute request
19:04:21.654 [main] DEBUG org.apache.http.impl.conn.DefaultClientConnection - Sending request: DELETE /api/v1/AUTOMATIONTESTINGADVANCEDPROGRAM/dashboard/106 HTTP/1.1
19:04:21.654 [main] DEBUG org.apache.http.wire -  >> "DELETE /api/v1/AUTOMATIONTESTINGADVANCEDPROGRAM/dashboard/106 HTTP/1.1[\r][\n]"
19:04:21.654 [main] DEBUG org.apache.http.wire -  >> "Content-Type: application/json[\r][\n]"
19:04:21.654 [main] DEBUG org.apache.http.wire -  >> "Authorization: Bearer 8bb82a7d-a573-419e-9cce-c2419f308802[\r][\n]"
19:04:21.654 [main] DEBUG org.apache.http.wire -  >> "Accept: */*[\r][\n]"
19:04:21.654 [main] DEBUG org.apache.http.wire -  >> "Host: localhost:8080[\r][\n]"
19:04:21.654 [main] DEBUG org.apache.http.wire -  >> "Connection: Keep-Alive[\r][\n]"
19:04:21.654 [main] DEBUG org.apache.http.wire -  >> "User-Agent: Apache-HttpClient/4.5.13 (Java/17.0.3.1)[\r][\n]"
19:04:21.654 [main] DEBUG org.apache.http.wire -  >> "Accept-Encoding: gzip,deflate[\r][\n]"
19:04:21.654 [main] DEBUG org.apache.http.wire -  >> "[\r][\n]"
19:04:21.654 [rp-io-74] DEBUG com.epam.reportportal.service.Launch - TestItem with ID = '47716abf-7bf2-4ba2-bcec-65ad17957a94' successfully finished.
19:04:21.654 [main] DEBUG org.apache.http.headers - >> DELETE /api/v1/AUTOMATIONTESTINGADVANCEDPROGRAM/dashboard/106 HTTP/1.1
19:04:21.654 [rp-io-74] DEBUG com.epam.reportportal.utils.SubscriptionUtils - Finish test item completed
19:04:21.654 [main] DEBUG org.apache.http.headers - >> Content-Type: application/json
19:04:21.654 [main] DEBUG org.apache.http.headers - >> Authorization: Bearer 8bb82a7d-a573-419e-9cce-c2419f308802
19:04:21.654 [main] DEBUG org.apache.http.headers - >> Accept: */*
19:04:21.654 [main] DEBUG org.apache.http.headers - >> Host: localhost:8080
19:04:21.654 [main] DEBUG org.apache.http.headers - >> Connection: Keep-Alive
19:04:21.654 [main] DEBUG org.apache.http.headers - >> User-Agent: Apache-HttpClient/4.5.13 (Java/17.0.3.1)
19:04:21.654 [main] DEBUG org.apache.http.headers - >> Accept-Encoding: gzip,deflate
19:04:21.664 [rp-io-77] DEBUG com.epam.reportportal.service.Launch - ReportPortal item with ID 'e695919d-ad6c-4ac7-91c2-d0479867db6a' has been created
19:04:21.664 [rp-io-77] DEBUG com.epam.reportportal.utils.SubscriptionUtils - Start test item successfully completed
19:04:21.664 [main] DEBUG org.apache.http.wire -  << "HTTP/1.1 404 Not Found[\r][\n]"
19:04:21.664 [main] DEBUG org.apache.http.wire -  << "Cache-Control: no-cache, no-store, max-age=0, must-revalidate[\r][\n]"
19:04:21.664 [main] DEBUG org.apache.http.wire -  << "Content-Type: application/json[\r][\n]"
19:04:21.664 [main] DEBUG org.apache.http.wire -  << "Date: Tue, 06 Jun 2023 17:04:20 GMT[\r][\n]"
19:04:21.664 [main] DEBUG org.apache.http.wire -  << "Expires: 0[\r][\n]"
19:04:21.664 [main] DEBUG org.apache.http.wire -  << "Pragma: no-cache[\r][\n]"
19:04:21.664 [main] DEBUG org.apache.http.wire -  << "X-Content-Type-Options: nosniff[\r][\n]"
19:04:21.664 [main] DEBUG org.apache.http.wire -  << "X-Frame-Options: DENY[\r][\n]"
19:04:21.664 [main] DEBUG org.apache.http.wire -  << "X-Xss-Protection: 1; mode=block[\r][\n]"
19:04:21.664 [main] DEBUG org.apache.http.wire -  << "Content-Length: 146[\r][\n]"
19:04:21.664 [main] DEBUG org.apache.http.wire -  << "[\r][\n]"
19:04:21.664 [main] DEBUG org.apache.http.impl.conn.DefaultClientConnection - Receiving response: HTTP/1.1 404 Not Found
19:04:21.664 [main] DEBUG org.apache.http.headers - << HTTP/1.1 404 Not Found
19:04:21.664 [main] DEBUG org.apache.http.headers - << Cache-Control: no-cache, no-store, max-age=0, must-revalidate
19:04:21.664 [main] DEBUG org.apache.http.headers - << Content-Type: application/json
19:04:21.664 [main] DEBUG org.apache.http.headers - << Date: Tue, 06 Jun 2023 17:04:20 GMT
19:04:21.664 [main] DEBUG org.apache.http.headers - << Expires: 0
19:04:21.664 [main] DEBUG org.apache.http.headers - << Pragma: no-cache
19:04:21.664 [main] DEBUG org.apache.http.headers - << X-Content-Type-Options: nosniff
19:04:21.664 [main] DEBUG org.apache.http.headers - << X-Frame-Options: DENY
19:04:21.664 [main] DEBUG org.apache.http.headers - << X-Xss-Protection: 1; mode=block
19:04:21.664 [main] DEBUG org.apache.http.headers - << Content-Length: 146
19:04:21.664 [main] DEBUG org.apache.http.impl.client.DefaultHttpClient - Connection can be kept alive indefinitely
19:04:21.664 [main] DEBUG io.restassured.internal.RestAssuredHttpBuilder - Parsing response as: application/json
19:04:21.664 [main] DEBUG io.restassured.internal.RestAssuredHttpBuilder - Parsed data to instance of: class org.apache.http.conn.EofSensorInputStream
19:04:21.665 [main] DEBUG org.apache.http.wire -  << "{"errorCode":40422,"message":"Dashboard with ID '106' not found on project 'automationtestingadvancedprogram'. Did you use correct Dashboard ID?"}"
19:04:21.665 [main] DEBUG org.apache.http.impl.conn.BasicClientConnectionManager - Releasing connection org.apache.http.impl.conn.ManagedClientConnectionImpl@13dd7887
19:04:21.665 [main] DEBUG org.apache.http.impl.conn.BasicClientConnectionManager - Connection can be kept alive indefinitely
HTTP/1.1 404 Not Found
Cache-Control: no-cache, no-store, max-age=0, must-revalidate
Content-Type: application/json
Date: Tue, 06 Jun 2023 17:04:20 GMT
Expires: 0
Pragma: no-cache
X-Content-Type-Options: nosniff
X-Frame-Options: DENY
X-Xss-Protection: 1; mode=block
Content-Length: 146

{
    "errorCode": 40422,
    "message": "Dashboard with ID '106' not found on project 'automationtestingadvancedprogram'. Did you use correct Dashboard ID?"
}
2023-06-06 19:04:21 INFO  Listeners:38 - Succeeded Test null
]]></system-out>
  </testcase>
  <testcase name="m_updateNonExistedDashboard_PUT" classname="alltests.apitest.DashboardControllerTest" time="0.056">
    <system-out><![CDATA[19:04:21.696 [rp-io-81] DEBUG com.epam.reportportal.service.Launch - Starting test item...rp-io-81
2023-06-06 19:04:21 INFO  Listeners:34 - Started Test null
2023-06-06 19:04:21 INFO  DashboardControllerTest:134 - m_updateNonExistedDashboard_PUT
Request method:	PUT
Request URI:	http://localhost:8080/api/v1/AUTOMATIONTESTINGADVANCEDPROGRAM/dashboard/106
Proxy:			<none>
Request params:	<none>
Query params:	<none>
Form params:	<none>
Path params:	id=106
Headers:		Authorization=Bearer 8bb82a7d-a573-419e-9cce-c2419f308802
				Accept=*/*
				Content-Type=application/json
Cookies:		<none>
Multiparts:		<none>
Body:
{
    "name": "Dashboard12",
    "description": "Dashboard11 description updated to 12",
    "shared": true
}
19:04:21.718 [rp-io-80] DEBUG com.epam.reportportal.service.Launch - TestItem with ID = 'e695919d-ad6c-4ac7-91c2-d0479867db6a' successfully finished.
19:04:21.718 [rp-io-80] DEBUG com.epam.reportportal.utils.SubscriptionUtils - Finish test item completed
19:04:21.724 [main] DEBUG org.apache.http.impl.conn.BasicClientConnectionManager - Get connection for route {}->http://localhost:8080
19:04:21.724 [main] DEBUG org.apache.http.impl.conn.DefaultClientConnectionOperator - Connecting to localhost:8080
19:04:21.725 [rp-io-83] DEBUG com.epam.reportportal.service.Launch - ReportPortal item with ID '4a91f17d-da94-4dc9-b561-5ea4ec30674c' has been created
19:04:21.725 [rp-io-83] DEBUG com.epam.reportportal.utils.SubscriptionUtils - Start test item successfully completed
19:04:21.725 [main] DEBUG org.apache.http.client.protocol.RequestAddCookies - CookieSpec selected: ignoreCookies
19:04:21.726 [main] DEBUG org.apache.http.client.protocol.RequestAuthCache - Auth cache not set in the context
19:04:21.726 [main] DEBUG org.apache.http.client.protocol.RequestProxyAuthentication - Proxy auth state: UNCHALLENGED
19:04:21.726 [main] DEBUG org.apache.http.impl.client.DefaultHttpClient - Attempt 1 to execute request
19:04:21.727 [main] DEBUG org.apache.http.impl.conn.DefaultClientConnection - Sending request: PUT /api/v1/AUTOMATIONTESTINGADVANCEDPROGRAM/dashboard/106 HTTP/1.1
19:04:21.727 [main] DEBUG org.apache.http.wire -  >> "PUT /api/v1/AUTOMATIONTESTINGADVANCEDPROGRAM/dashboard/106 HTTP/1.1[\r][\n]"
19:04:21.727 [main] DEBUG org.apache.http.wire -  >> "Authorization: Bearer 8bb82a7d-a573-419e-9cce-c2419f308802[\r][\n]"
19:04:21.727 [main] DEBUG org.apache.http.wire -  >> "Accept: */*[\r][\n]"
19:04:21.727 [main] DEBUG org.apache.http.wire -  >> "Content-Type: application/json[\r][\n]"
19:04:21.727 [main] DEBUG org.apache.http.wire -  >> "Content-Length: 90[\r][\n]"
19:04:21.727 [main] DEBUG org.apache.http.wire -  >> "Host: localhost:8080[\r][\n]"
19:04:21.727 [main] DEBUG org.apache.http.wire -  >> "Connection: Keep-Alive[\r][\n]"
19:04:21.727 [main] DEBUG org.apache.http.wire -  >> "User-Agent: Apache-HttpClient/4.5.13 (Java/17.0.3.1)[\r][\n]"
19:04:21.727 [main] DEBUG org.apache.http.wire -  >> "Accept-Encoding: gzip,deflate[\r][\n]"
19:04:21.727 [main] DEBUG org.apache.http.wire -  >> "[\r][\n]"
19:04:21.727 [main] DEBUG org.apache.http.headers - >> PUT /api/v1/AUTOMATIONTESTINGADVANCEDPROGRAM/dashboard/106 HTTP/1.1
19:04:21.727 [main] DEBUG org.apache.http.headers - >> Authorization: Bearer 8bb82a7d-a573-419e-9cce-c2419f308802
19:04:21.727 [main] DEBUG org.apache.http.headers - >> Accept: */*
19:04:21.727 [main] DEBUG org.apache.http.headers - >> Content-Type: application/json
19:04:21.727 [main] DEBUG org.apache.http.headers - >> Content-Length: 90
19:04:21.727 [main] DEBUG org.apache.http.headers - >> Host: localhost:8080
19:04:21.727 [main] DEBUG org.apache.http.headers - >> Connection: Keep-Alive
19:04:21.727 [main] DEBUG org.apache.http.headers - >> User-Agent: Apache-HttpClient/4.5.13 (Java/17.0.3.1)
19:04:21.727 [main] DEBUG org.apache.http.headers - >> Accept-Encoding: gzip,deflate
19:04:21.727 [main] DEBUG org.apache.http.wire -  >> "{"name":"Dashboard12","description":"Dashboard11 description updated to 12","shared":true}"
19:04:21.736 [main] DEBUG org.apache.http.wire -  << "HTTP/1.1 404 Not Found[\r][\n]"
19:04:21.736 [main] DEBUG org.apache.http.wire -  << "Cache-Control: no-cache, no-store, max-age=0, must-revalidate[\r][\n]"
19:04:21.736 [main] DEBUG org.apache.http.wire -  << "Content-Type: application/json[\r][\n]"
19:04:21.736 [main] DEBUG org.apache.http.wire -  << "Date: Tue, 06 Jun 2023 17:04:20 GMT[\r][\n]"
19:04:21.736 [main] DEBUG org.apache.http.wire -  << "Expires: 0[\r][\n]"
19:04:21.736 [main] DEBUG org.apache.http.wire -  << "Pragma: no-cache[\r][\n]"
19:04:21.736 [main] DEBUG org.apache.http.wire -  << "X-Content-Type-Options: nosniff[\r][\n]"
19:04:21.736 [main] DEBUG org.apache.http.wire -  << "X-Frame-Options: DENY[\r][\n]"
19:04:21.736 [main] DEBUG org.apache.http.wire -  << "X-Xss-Protection: 1; mode=block[\r][\n]"
19:04:21.736 [main] DEBUG org.apache.http.wire -  << "Content-Length: 146[\r][\n]"
19:04:21.736 [main] DEBUG org.apache.http.wire -  << "[\r][\n]"
19:04:21.736 [main] DEBUG org.apache.http.impl.conn.DefaultClientConnection - Receiving response: HTTP/1.1 404 Not Found
19:04:21.736 [main] DEBUG org.apache.http.headers - << HTTP/1.1 404 Not Found
19:04:21.736 [main] DEBUG org.apache.http.headers - << Cache-Control: no-cache, no-store, max-age=0, must-revalidate
19:04:21.736 [main] DEBUG org.apache.http.headers - << Content-Type: application/json
19:04:21.736 [main] DEBUG org.apache.http.headers - << Date: Tue, 06 Jun 2023 17:04:20 GMT
19:04:21.736 [main] DEBUG org.apache.http.headers - << Expires: 0
19:04:21.736 [main] DEBUG org.apache.http.headers - << Pragma: no-cache
19:04:21.736 [main] DEBUG org.apache.http.headers - << X-Content-Type-Options: nosniff
19:04:21.736 [main] DEBUG org.apache.http.headers - << X-Frame-Options: DENY
19:04:21.736 [main] DEBUG org.apache.http.headers - << X-Xss-Protection: 1; mode=block
19:04:21.736 [main] DEBUG org.apache.http.headers - << Content-Length: 146
19:04:21.736 [main] DEBUG org.apache.http.impl.client.DefaultHttpClient - Connection can be kept alive indefinitely
19:04:21.736 [main] DEBUG io.restassured.internal.RestAssuredHttpBuilder - Parsing response as: application/json
19:04:21.736 [main] DEBUG io.restassured.internal.RestAssuredHttpBuilder - Parsed data to instance of: class org.apache.http.conn.EofSensorInputStream
19:04:21.737 [main] DEBUG org.apache.http.wire -  << "{"errorCode":40422,"message":"Dashboard with ID '106' not found on project 'automationtestingadvancedprogram'. Did you use correct Dashboard ID?"}"
19:04:21.737 [main] DEBUG org.apache.http.impl.conn.BasicClientConnectionManager - Releasing connection org.apache.http.impl.conn.ManagedClientConnectionImpl@d1f23a0
19:04:21.737 [main] DEBUG org.apache.http.impl.conn.BasicClientConnectionManager - Connection can be kept alive indefinitely
HTTP/1.1 404 Not Found
Cache-Control: no-cache, no-store, max-age=0, must-revalidate
Content-Type: application/json
Date: Tue, 06 Jun 2023 17:04:20 GMT
Expires: 0
Pragma: no-cache
X-Content-Type-Options: nosniff
X-Frame-Options: DENY
X-Xss-Protection: 1; mode=block
Content-Length: 146

{
    "errorCode": 40422,
    "message": "Dashboard with ID '106' not found on project 'automationtestingadvancedprogram'. Did you use correct Dashboard ID?"
}
2023-06-06 19:04:21 INFO  Listeners:38 - Succeeded Test null
]]></system-out>
  </testcase>
  <testcase name="m_updateNullDashboard_PUT" classname="alltests.apitest.DashboardControllerTest" time="0.083">
    <system-out><![CDATA[19:04:21.773 [rp-io-87] DEBUG com.epam.reportportal.service.Launch - Starting test item...rp-io-87
2023-06-06 19:04:21 INFO  Listeners:34 - Started Test null
19:04:21.784 [Finalizer] DEBUG org.apache.http.impl.conn.DefaultClientConnection - Connection 0.0.0.0:57340<->127.0.0.1:8080 closed
19:04:21.785 [Finalizer] DEBUG org.apache.http.impl.conn.DefaultClientConnection - Connection 0.0.0.0:57338<->127.0.0.1:8080 closed
19:04:21.785 [Finalizer] DEBUG org.apache.http.impl.conn.DefaultClientConnection - Connection 0.0.0.0:57337<->127.0.0.1:8080 closed
19:04:21.785 [Finalizer] DEBUG org.apache.http.impl.conn.DefaultClientConnection - Connection 0.0.0.0:57336<->127.0.0.1:8080 closed
19:04:21.785 [Finalizer] DEBUG org.apache.http.impl.conn.DefaultClientConnection - Connection 0.0.0.0:57335<->127.0.0.1:8080 closed
19:04:21.786 [Finalizer] DEBUG org.apache.http.impl.conn.DefaultClientConnection - Connection 0.0.0.0:57344<->127.0.0.1:8080 closed
2023-06-06 19:04:21 INFO  DashboardControllerTest:144 - m_updateNullDashboard_PUT
19:04:21.786 [Finalizer] DEBUG org.apache.http.impl.conn.DefaultClientConnection - Connection 0.0.0.0:57343<->127.0.0.1:8080 closed
19:04:21.786 [Finalizer] DEBUG org.apache.http.impl.conn.DefaultClientConnection - Connection 0.0.0.0:57342<->127.0.0.1:8080 closed
19:04:21.787 [Finalizer] DEBUG org.apache.http.impl.conn.DefaultClientConnection - Connection 0.0.0.0:57341<->127.0.0.1:8080 closed
Request method:	PUT
Request URI:	http://localhost:8080/api/v1/AUTOMATIONTESTINGADVANCEDPROGRAM/dashboard/69
Proxy:			<none>
Request params:	<none>
Query params:	<none>
Form params:	<none>
Path params:	id=69
Headers:		Authorization=Bearer 8bb82a7d-a573-419e-9cce-c2419f308802
				Accept=*/*
				Content-Type=application/json
Cookies:		<none>
Multiparts:		<none>
Body:
{
    "name": "",
    "description": "",
    "shared": true
}
19:04:21.806 [rp-io-86] DEBUG com.epam.reportportal.service.Launch - TestItem with ID = '4a91f17d-da94-4dc9-b561-5ea4ec30674c' successfully finished.
19:04:21.806 [rp-io-86] DEBUG com.epam.reportportal.utils.SubscriptionUtils - Finish test item completed
19:04:21.809 [main] DEBUG org.apache.http.impl.conn.BasicClientConnectionManager - Get connection for route {}->http://localhost:8080
19:04:21.810 [main] DEBUG org.apache.http.impl.conn.DefaultClientConnectionOperator - Connecting to localhost:8080
19:04:21.811 [main] DEBUG org.apache.http.client.protocol.RequestAddCookies - CookieSpec selected: ignoreCookies
19:04:21.811 [main] DEBUG org.apache.http.client.protocol.RequestAuthCache - Auth cache not set in the context
19:04:21.811 [main] DEBUG org.apache.http.client.protocol.RequestProxyAuthentication - Proxy auth state: UNCHALLENGED
19:04:21.811 [main] DEBUG org.apache.http.impl.client.DefaultHttpClient - Attempt 1 to execute request
19:04:21.811 [main] DEBUG org.apache.http.impl.conn.DefaultClientConnection - Sending request: PUT /api/v1/AUTOMATIONTESTINGADVANCEDPROGRAM/dashboard/69 HTTP/1.1
19:04:21.811 [main] DEBUG org.apache.http.wire -  >> "PUT /api/v1/AUTOMATIONTESTINGADVANCEDPROGRAM/dashboard/69 HTTP/1.1[\r][\n]"
19:04:21.811 [main] DEBUG org.apache.http.wire -  >> "Authorization: Bearer 8bb82a7d-a573-419e-9cce-c2419f308802[\r][\n]"
19:04:21.811 [main] DEBUG org.apache.http.wire -  >> "Accept: */*[\r][\n]"
19:04:21.811 [main] DEBUG org.apache.http.wire -  >> "Content-Type: application/json[\r][\n]"
19:04:21.811 [main] DEBUG org.apache.http.wire -  >> "Content-Length: 42[\r][\n]"
19:04:21.811 [main] DEBUG org.apache.http.wire -  >> "Host: localhost:8080[\r][\n]"
19:04:21.811 [main] DEBUG org.apache.http.wire -  >> "Connection: Keep-Alive[\r][\n]"
19:04:21.811 [main] DEBUG org.apache.http.wire -  >> "User-Agent: Apache-HttpClient/4.5.13 (Java/17.0.3.1)[\r][\n]"
19:04:21.811 [main] DEBUG org.apache.http.wire -  >> "Accept-Encoding: gzip,deflate[\r][\n]"
19:04:21.811 [main] DEBUG org.apache.http.wire -  >> "[\r][\n]"
19:04:21.811 [main] DEBUG org.apache.http.headers - >> PUT /api/v1/AUTOMATIONTESTINGADVANCEDPROGRAM/dashboard/69 HTTP/1.1
19:04:21.811 [main] DEBUG org.apache.http.headers - >> Authorization: Bearer 8bb82a7d-a573-419e-9cce-c2419f308802
19:04:21.811 [main] DEBUG org.apache.http.headers - >> Accept: */*
19:04:21.811 [main] DEBUG org.apache.http.headers - >> Content-Type: application/json
19:04:21.811 [main] DEBUG org.apache.http.headers - >> Content-Length: 42
19:04:21.811 [main] DEBUG org.apache.http.headers - >> Host: localhost:8080
19:04:21.811 [main] DEBUG org.apache.http.headers - >> Connection: Keep-Alive
19:04:21.811 [main] DEBUG org.apache.http.headers - >> User-Agent: Apache-HttpClient/4.5.13 (Java/17.0.3.1)
19:04:21.811 [main] DEBUG org.apache.http.headers - >> Accept-Encoding: gzip,deflate
19:04:21.811 [main] DEBUG org.apache.http.wire -  >> "{"name":"","description":"","shared":true}"
19:04:21.815 [rp-io-89] DEBUG com.epam.reportportal.service.Launch - ReportPortal item with ID '58abc137-51e0-450b-a9d5-e751ecd87131' has been created
19:04:21.815 [rp-io-89] DEBUG com.epam.reportportal.utils.SubscriptionUtils - Start test item successfully completed
19:04:21.820 [main] DEBUG org.apache.http.wire -  << "HTTP/1.1 400 Bad Request[\r][\n]"
19:04:21.820 [main] DEBUG org.apache.http.wire -  << "Cache-Control: no-cache, no-store, max-age=0, must-revalidate[\r][\n]"
19:04:21.820 [main] DEBUG org.apache.http.wire -  << "Content-Type: application/json[\r][\n]"
19:04:21.820 [main] DEBUG org.apache.http.wire -  << "Date: Tue, 06 Jun 2023 17:04:21 GMT[\r][\n]"
19:04:21.820 [main] DEBUG org.apache.http.wire -  << "Expires: 0[\r][\n]"
19:04:21.820 [main] DEBUG org.apache.http.wire -  << "Pragma: no-cache[\r][\n]"
19:04:21.820 [main] DEBUG org.apache.http.wire -  << "X-Content-Type-Options: nosniff[\r][\n]"
19:04:21.820 [main] DEBUG org.apache.http.wire -  << "X-Frame-Options: DENY[\r][\n]"
19:04:21.820 [main] DEBUG org.apache.http.wire -  << "X-Xss-Protection: 1; mode=block[\r][\n]"
19:04:21.820 [main] DEBUG org.apache.http.wire -  << "Content-Length: 175[\r][\n]"
19:04:21.820 [main] DEBUG org.apache.http.wire -  << "[\r][\n]"
19:04:21.820 [main] DEBUG org.apache.http.impl.conn.DefaultClientConnection - Receiving response: HTTP/1.1 400 Bad Request
19:04:21.820 [main] DEBUG org.apache.http.headers - << HTTP/1.1 400 Bad Request
19:04:21.820 [main] DEBUG org.apache.http.headers - << Cache-Control: no-cache, no-store, max-age=0, must-revalidate
19:04:21.820 [main] DEBUG org.apache.http.headers - << Content-Type: application/json
19:04:21.820 [main] DEBUG org.apache.http.headers - << Date: Tue, 06 Jun 2023 17:04:21 GMT
19:04:21.820 [main] DEBUG org.apache.http.headers - << Expires: 0
19:04:21.820 [main] DEBUG org.apache.http.headers - << Pragma: no-cache
19:04:21.820 [main] DEBUG org.apache.http.headers - << X-Content-Type-Options: nosniff
19:04:21.820 [main] DEBUG org.apache.http.headers - << X-Frame-Options: DENY
19:04:21.820 [main] DEBUG org.apache.http.headers - << X-Xss-Protection: 1; mode=block
19:04:21.820 [main] DEBUG org.apache.http.headers - << Content-Length: 175
19:04:21.820 [main] DEBUG org.apache.http.impl.client.DefaultHttpClient - Connection can be kept alive indefinitely
19:04:21.820 [main] DEBUG io.restassured.internal.RestAssuredHttpBuilder - Parsing response as: application/json
19:04:21.820 [main] DEBUG io.restassured.internal.RestAssuredHttpBuilder - Parsed data to instance of: class org.apache.http.conn.EofSensorInputStream
19:04:21.821 [main] DEBUG org.apache.http.wire -  << "{"errorCode":4001,"message":"Incorrect Request. [Field 'name' should not contain only white spaces and shouldn't be empty. Field 'name' should have size from '3' to '128'.] "}"
19:04:21.821 [main] DEBUG org.apache.http.impl.conn.BasicClientConnectionManager - Releasing connection org.apache.http.impl.conn.ManagedClientConnectionImpl@5fbae40
19:04:21.821 [main] DEBUG org.apache.http.impl.conn.BasicClientConnectionManager - Connection can be kept alive indefinitely
HTTP/1.1 400 Bad Request
Cache-Control: no-cache, no-store, max-age=0, must-revalidate
Content-Type: application/json
Date: Tue, 06 Jun 2023 17:04:21 GMT
Expires: 0
Pragma: no-cache
X-Content-Type-Options: nosniff
X-Frame-Options: DENY
X-Xss-Protection: 1; mode=block
Content-Length: 175

{
    "errorCode": 4001,
    "message": "Incorrect Request. [Field 'name' should not contain only white spaces and shouldn't be empty. Field 'name' should have size from '3' to '128'.] "
}
2023-06-06 19:04:21 INFO  Listeners:38 - Succeeded Test null
]]></system-out>
  </testcase>
  <testcase name="searchDashboardNameDP[LAUNCH STATISTICS AREA](1)" classname="alltests.uitest.coreTest.DashboardPageTest" time="0.758">
    <system-out><![CDATA[2023-06-06 19:04:21 INFO  Listeners:71 - Finished Dashboard API Controller Tests
2023-06-06 19:04:21 INFO  Listeners:67 - Started All UI Test
19:04:21.859 [rp-io-92] DEBUG com.epam.reportportal.service.Launch - TestItem with ID = '58abc137-51e0-450b-a9d5-e751ecd87131' successfully finished.
19:04:21.859 [rp-io-92] DEBUG com.epam.reportportal.utils.SubscriptionUtils - Finish test item completed
19:04:21.866 [rp-io-99] DEBUG com.epam.reportportal.service.Launch - ReportPortal item with ID '5113d259-8423-4f20-a14b-56037f2294ee' has been created
19:04:21.866 [rp-io-99] DEBUG com.epam.reportportal.utils.SubscriptionUtils - Start test item successfully completed
19:04:21.866 [rp-io-99] DEBUG com.epam.reportportal.service.Launch - Starting test item...rp-io-99
19:04:21.879 [rp-io-5] DEBUG com.epam.reportportal.service.Launch - TestItem with ID = '85bac27c-a179-4af1-abd3-c6f6f3f33e12' successfully finished.
19:04:21.879 [rp-io-5] DEBUG com.epam.reportportal.utils.SubscriptionUtils - Finish test item completed
19:04:21.884 [rp-io-99] DEBUG com.epam.reportportal.service.Launch - ReportPortal item with ID '1f7c23c0-afbc-4630-857f-aa8c6791d8d7' has been created
19:04:21.885 [rp-io-99] DEBUG com.epam.reportportal.utils.SubscriptionUtils - Start test item successfully completed
19:04:21.885 [rp-io-99] DEBUG com.epam.reportportal.service.Launch - Starting test item...rp-io-99
19:04:21.898 [rp-io-6] DEBUG com.epam.reportportal.service.Launch - TestItem with ID = '9851975a-14b7-4cde-991c-3eb315e730f5' successfully finished.
19:04:21.898 [rp-io-6] DEBUG com.epam.reportportal.utils.SubscriptionUtils - Finish test item completed
19:04:21.906 [rp-io-99] DEBUG com.epam.reportportal.service.Launch - ReportPortal item with ID '7ce30da9-946d-4aa2-8f8d-a1b841674bd3' has been created
19:04:21.906 [rp-io-99] DEBUG com.epam.reportportal.utils.SubscriptionUtils - Start test item successfully completed
19:04:21.967 [rp-io-11] DEBUG com.epam.reportportal.service.Launch - Starting test item...rp-io-11
2023-06-06 19:04:21 INFO  BaseTest:110 - Property files loaded successfully**********
19:04:21.975 [rp-io-9] DEBUG com.epam.reportportal.service.Launch - TestItem with ID = '7ce30da9-946d-4aa2-8f8d-a1b841674bd3' successfully finished.
19:04:21.975 [rp-io-9] DEBUG com.epam.reportportal.utils.SubscriptionUtils - Finish test item completed
19:04:21.989 [rp-io-12] DEBUG com.epam.reportportal.service.Launch - ReportPortal item with ID '487ab9e6-b44e-4cd7-b624-20f5279ce838' has been created
19:04:21.989 [rp-io-12] DEBUG com.epam.reportportal.utils.SubscriptionUtils - Start test item successfully completed
19:04:22.227 [main] DEBUG io.github.bonigarcia.wdm.cache.ResolutionCache - Resolution chrome=114 in cache (valid until 19:20:28 06/06/2023 CEST)
19:04:22.228 [main] DEBUG io.github.bonigarcia.wdm.cache.ResolutionCache - Resolution chrome114=114.0.5735.90 in cache (valid until 16:16:26 07/06/2023 CEST)
19:04:22.228 [main] INFO io.github.bonigarcia.wdm.WebDriverManager - Using chromedriver 114.0.5735.90 (resolved driver for Chrome 114)
19:04:22.251 [main] DEBUG io.github.bonigarcia.wdm.WebDriverManager - Driver chromedriver 114.0.5735.90 found in cache
19:04:22.252 [main] INFO io.github.bonigarcia.wdm.WebDriverManager - Exporting webdriver.chrome.driver as C:\Users\Suwarna_Wagh\.cache\selenium\chromedriver\win32\114.0.5735.90\chromedriver.exe
19:04:22.372 [main] DEBUG io.netty.util.internal.logging.InternalLoggerFactory - Using SLF4J as the default logging framework
19:04:22.376 [main] DEBUG io.netty.util.ResourceLeakDetector - -Dio.netty.leakDetection.level: simple
19:04:22.376 [main] DEBUG io.netty.util.ResourceLeakDetector - -Dio.netty.leakDetection.targetRecords: 4
19:04:22.381 [main] DEBUG io.netty.util.ResourceLeakDetectorFactory - Loaded default ResourceLeakDetector: io.netty.util.ResourceLeakDetector@36a1fd20
19:04:22.406 [main] DEBUG io.netty.util.internal.PlatformDependent0 - -Dio.netty.noUnsafe: false
19:04:22.406 [main] DEBUG io.netty.util.internal.PlatformDependent0 - Java version: 17
19:04:22.407 [main] DEBUG io.netty.util.internal.PlatformDependent0 - sun.misc.Unsafe.theUnsafe: available
19:04:22.408 [main] DEBUG io.netty.util.internal.PlatformDependent0 - sun.misc.Unsafe.copyMemory: available
19:04:22.409 [main] DEBUG io.netty.util.internal.PlatformDependent0 - sun.misc.Unsafe.storeFence: available
19:04:22.410 [main] DEBUG io.netty.util.internal.PlatformDependent0 - java.nio.Buffer.address: available
19:04:22.411 [main] DEBUG io.netty.util.internal.PlatformDependent0 - direct buffer constructor: unavailable: Reflective setAccessible(true) disabled
19:04:22.412 [main] DEBUG io.netty.util.internal.PlatformDependent0 - java.nio.Bits.unaligned: available, true
19:04:22.413 [main] DEBUG io.netty.util.internal.PlatformDependent0 - jdk.internal.misc.Unsafe.allocateUninitializedArray(int): unavailable: class io.netty.util.internal.PlatformDependent0$7 cannot access class jdk.internal.misc.Unsafe (in module java.base) because module java.base does not export jdk.internal.misc to unnamed module @2141a12
19:04:22.415 [main] DEBUG io.netty.util.internal.PlatformDependent0 - java.nio.DirectByteBuffer.<init>(long, int): unavailable
19:04:22.415 [main] DEBUG io.netty.util.internal.PlatformDependent - sun.misc.Unsafe: available
19:04:22.416 [main] DEBUG io.netty.util.internal.PlatformDependent - maxDirectMemory: 8459911168 bytes (maybe)
19:04:22.416 [main] DEBUG io.netty.util.internal.PlatformDependent - -Dio.netty.tmpdir: C:\Users\SUWARN~1\AppData\Local\Temp (java.io.tmpdir)
19:04:22.416 [main] DEBUG io.netty.util.internal.PlatformDependent - -Dio.netty.bitMode: 64 (sun.arch.data.model)
19:04:22.416 [main] DEBUG io.netty.util.internal.PlatformDependent - Platform: Windows
19:04:22.417 [main] DEBUG io.netty.util.internal.PlatformDependent - -Dio.netty.maxDirectMemory: -1 bytes
19:04:22.417 [main] DEBUG io.netty.util.internal.PlatformDependent - -Dio.netty.uninitializedArrayAllocationThreshold: -1
19:04:22.418 [main] DEBUG io.netty.util.internal.CleanerJava9 - java.nio.ByteBuffer.cleaner(): available
19:04:22.418 [main] DEBUG io.netty.util.internal.PlatformDependent - -Dio.netty.noPreferDirect: false
19:04:22.429 [main] DEBUG io.netty.util.internal.PlatformDependent - org.jctools-core.MpscChunkedArrayQueue: available
19:04:22.459 [main] DEBUG io.netty.util.internal.InternalThreadLocalMap - -Dio.netty.threadLocalMap.stringBuilder.initialSize: 1024
19:04:22.459 [main] DEBUG io.netty.util.internal.InternalThreadLocalMap - -Dio.netty.threadLocalMap.stringBuilder.maxSize: 4096
19:04:22.479 [main] DEBUG io.netty.handler.ssl.JdkSslContext - Default protocols (JDK): [TLSv1.3, TLSv1.2] 
19:04:22.479 [main] DEBUG io.netty.handler.ssl.JdkSslContext - Default cipher suites (JDK): [TLS_ECDHE_ECDSA_WITH_AES_256_GCM_SHA384, TLS_ECDHE_ECDSA_WITH_AES_128_GCM_SHA256, TLS_ECDHE_RSA_WITH_AES_128_GCM_SHA256, TLS_ECDHE_RSA_WITH_AES_256_GCM_SHA384, TLS_ECDHE_RSA_WITH_AES_128_CBC_SHA, TLS_ECDHE_RSA_WITH_AES_256_CBC_SHA, TLS_RSA_WITH_AES_128_GCM_SHA256, TLS_RSA_WITH_AES_128_CBC_SHA, TLS_RSA_WITH_AES_256_CBC_SHA, TLS_AES_128_GCM_SHA256, TLS_AES_256_GCM_SHA384]
19:04:22.507 [main] DEBUG io.netty.util.concurrent.GlobalEventExecutor - -Dio.netty.globalEventExecutor.quietPeriodSeconds: 1
19:04:22.531 [main] DEBUG io.netty.channel.MultithreadEventLoopGroup - -Dio.netty.eventLoopThreads: 16
19:04:22.542 [main] DEBUG io.netty.channel.nio.NioEventLoop - -Dio.netty.noKeySetOptimization: false
19:04:22.542 [main] DEBUG io.netty.channel.nio.NioEventLoop - -Dio.netty.selectorAutoRebuildThreshold: 512
19:04:22.597 [main] DEBUG io.netty.buffer.PooledByteBufAllocator - -Dio.netty.allocator.numHeapArenas: 16
19:04:22.597 [main] DEBUG io.netty.buffer.PooledByteBufAllocator - -Dio.netty.allocator.numDirectArenas: 16
19:04:22.597 [main] DEBUG io.netty.buffer.PooledByteBufAllocator - -Dio.netty.allocator.pageSize: 8192
19:04:22.597 [main] DEBUG io.netty.buffer.PooledByteBufAllocator - -Dio.netty.allocator.maxOrder: 9
19:04:22.597 [main] DEBUG io.netty.buffer.PooledByteBufAllocator - -Dio.netty.allocator.chunkSize: 4194304
19:04:22.597 [main] DEBUG io.netty.buffer.PooledByteBufAllocator - -Dio.netty.allocator.smallCacheSize: 256
19:04:22.597 [main] DEBUG io.netty.buffer.PooledByteBufAllocator - -Dio.netty.allocator.normalCacheSize: 64
19:04:22.597 [main] DEBUG io.netty.buffer.PooledByteBufAllocator - -Dio.netty.allocator.maxCachedBufferCapacity: 32768
19:04:22.597 [main] DEBUG io.netty.buffer.PooledByteBufAllocator - -Dio.netty.allocator.cacheTrimInterval: 8192
19:04:22.597 [main] DEBUG io.netty.buffer.PooledByteBufAllocator - -Dio.netty.allocator.cacheTrimIntervalMillis: 0
19:04:22.597 [main] DEBUG io.netty.buffer.PooledByteBufAllocator - -Dio.netty.allocator.useCacheForAllThreads: false
19:04:22.597 [main] DEBUG io.netty.buffer.PooledByteBufAllocator - -Dio.netty.allocator.maxCachedByteBuffersPerChunk: 1023
19:04:22.611 [main] DEBUG io.netty.buffer.ByteBufUtil - -Dio.netty.allocator.type: pooled
19:04:22.611 [main] DEBUG io.netty.buffer.ByteBufUtil - -Dio.netty.threadLocalDirectBufferSize: 0
19:04:22.611 [main] DEBUG io.netty.buffer.ByteBufUtil - -Dio.netty.maxThreadLocalCharBufferSize: 16384
19:04:22.654 [Finalizer] DEBUG org.apache.http.impl.conn.DefaultClientConnection - Connection 0.0.0.0:57345<->127.0.0.1:8080 closed
19:04:22.988 [Forwarding newSession on session null to remote] DEBUG io.netty.channel.DefaultChannelId - -Dio.netty.processId: 17084 (auto-detected)
19:04:22.991 [Forwarding newSession on session null to remote] DEBUG io.netty.util.NetUtil - -Djava.net.preferIPv4Stack: false
19:04:22.991 [Forwarding newSession on session null to remote] DEBUG io.netty.util.NetUtil - -Djava.net.preferIPv6Addresses: false
19:04:23.000 [Forwarding newSession on session null to remote] DEBUG io.netty.util.NetUtilInitializations - Loopback interface: lo (Software Loopback Interface 1, 127.0.0.1)
19:04:23.001 [Forwarding newSession on session null to remote] DEBUG io.netty.util.NetUtil - Failed to get SOMAXCONN from sysctl and file \proc\sys\net\core\somaxconn. Default: 200
19:04:23.026 [Forwarding newSession on session null to remote] DEBUG io.netty.channel.DefaultChannelId - -Dio.netty.machineId: 80:45:dd:ff:fe:fb:a5:ea (auto-detected)
19:04:23.062 [AsyncHttpClient-1-2] DEBUG io.netty.buffer.AbstractByteBuf - -Dio.netty.buffer.checkAccessible: true
19:04:23.062 [AsyncHttpClient-1-2] DEBUG io.netty.buffer.AbstractByteBuf - -Dio.netty.buffer.checkBounds: true
19:04:23.062 [AsyncHttpClient-1-2] DEBUG io.netty.util.ResourceLeakDetectorFactory - Loaded default ResourceLeakDetector: io.netty.util.ResourceLeakDetector@44e73598
19:04:23.073 [AsyncHttpClient-1-2] DEBUG org.asynchttpclient.netty.channel.NettyConnectListener - Using new Channel '[id: 0x3418b517, L:/127.0.0.1:57349 - R:localhost/127.0.0.1:16036]' for 'POST' to '/session'
19:04:23.090 [AsyncHttpClient-1-2] DEBUG io.netty.util.Recycler - -Dio.netty.recycler.maxCapacityPerThread: 4096
19:04:23.091 [AsyncHttpClient-1-2] DEBUG io.netty.util.Recycler - -Dio.netty.recycler.ratio: 8
19:04:23.091 [AsyncHttpClient-1-2] DEBUG io.netty.util.Recycler - -Dio.netty.recycler.chunkSize: 32
19:04:23.091 [AsyncHttpClient-1-2] DEBUG io.netty.util.Recycler - -Dio.netty.recycler.blocking: false
19:04:23.091 [AsyncHttpClient-1-2] DEBUG io.netty.util.Recycler - -Dio.netty.recycler.batchFastThreadLocalOnly: true
19:04:23.898 [AsyncHttpClient-1-2] DEBUG io.netty.handler.codec.compression.Brotli - brotli4j not in the classpath; Brotli support will be unavailable.
19:04:23.898 [AsyncHttpClient-1-2] DEBUG org.asynchttpclient.netty.handler.HttpHandler - 

Request DefaultHttpRequest(decodeResult: success, version: HTTP/1.1)
POST /session HTTP/1.1
User-Agent: selenium/4.8.3 (java windows)
Content-Length: 439
Content-Type: application/json; charset=utf-8
host: localhost:16036
accept: */*

Response DefaultHttpResponse(decodeResult: success, version: HTTP/1.1)
HTTP/1.1 200 OK
Content-Length: 863
Content-Type: application/json; charset=utf-8
cache-control: no-cache

19:04:23.910 [AsyncHttpClient-1-2] DEBUG org.asynchttpclient.netty.channel.ChannelManager - Adding key: http://localhost:16036 for channel [id: 0x3418b517, L:/127.0.0.1:57349 - R:localhost/127.0.0.1:16036]
19:04:24.031 [AsyncHttpClient-1-3] DEBUG org.asynchttpclient.netty.channel.NettyConnectListener - Using new Channel '[id: 0xdc67db57, L:/127.0.0.1:57359 - R:localhost/127.0.0.1:57350]' for 'GET' to '/json/version'
19:04:24.034 [AsyncHttpClient-1-3] DEBUG org.asynchttpclient.netty.handler.HttpHandler - 

Request DefaultFullHttpRequest(decodeResult: success, version: HTTP/1.1, content: EmptyByteBufBE)
GET /json/version HTTP/1.1
User-Agent: selenium/4.8.3 (java windows)
host: localhost:57350
accept: */*

Response DefaultHttpResponse(decodeResult: success, version: HTTP/1.1)
HTTP/1.1 200 OK
Content-Security-Policy: frame-ancestors 'none'
Content-Length: 424
Content-Type: application/json; charset=UTF-8

19:04:24.035 [AsyncHttpClient-1-3] DEBUG org.asynchttpclient.netty.channel.ChannelManager - Adding key: http://localhost:57350 for channel [id: 0xdc67db57, L:/127.0.0.1:57359 - R:localhost/127.0.0.1:57350]
19:04:24.049 [main] DEBUG io.netty.util.internal.ThreadLocalRandom - -Dio.netty.initialSeedUniquifier: 0x27eb118bed73e88b
19:04:24.053 [AsyncHttpClient-1-4] DEBUG org.asynchttpclient.netty.channel.NettyConnectListener - Using new Channel '[id: 0x3e31bf11, L:/127.0.0.1:57360 - R:localhost/127.0.0.1:57350]' for 'GET' to '/devtools/browser/3800b60c-7df3-4681-a0bf-a0117f2f76eb'
19:04:24.056 [AsyncHttpClient-1-4] DEBUG org.asynchttpclient.netty.handler.WebSocketHandler - 

Request DefaultFullHttpRequest(decodeResult: success, version: HTTP/1.1, content: EmptyByteBufBE)
GET /devtools/browser/3800b60c-7df3-4681-a0bf-a0117f2f76eb HTTP/1.1
upgrade: websocket
connection: upgrade
sec-websocket-key: LjTN867ytUcubyuaVMpUnQ==
sec-websocket-version: 13
origin: http://localhost:57350
host: localhost:57350
accept: */*
user-agent: AHC/2.1

Response DefaultHttpResponse(decodeResult: success, version: HTTP/1.1)
HTTP/1.1 101 WebSocket Protocol Handshake
Upgrade: WebSocket
Connection: Upgrade
Sec-WebSocket-Accept: dZlWLHeirhlgrFjFXKES1osUck0=

19:04:24.117 [Forwarding setTimeout on session e4a00043bcccdc0774921a649b7d812a to remote] DEBUG org.asynchttpclient.netty.request.NettyRequestSender - Using pooled Channel '[id: 0x3418b517, L:/127.0.0.1:57349 - R:localhost/127.0.0.1:16036]' for 'POST' to 'http://localhost:16036/session/e4a00043bcccdc0774921a649b7d812a/timeouts'
19:04:24.118 [Forwarding setTimeout on session e4a00043bcccdc0774921a649b7d812a to remote] DEBUG org.asynchttpclient.netty.request.NettyRequestSender - Using open Channel [id: 0x3418b517, L:/127.0.0.1:57349 - R:localhost/127.0.0.1:16036] for POST '/session/e4a00043bcccdc0774921a649b7d812a/timeouts'
19:04:24.120 [AsyncHttpClient-1-2] DEBUG org.asynchttpclient.netty.handler.HttpHandler - 

Request DefaultHttpRequest(decodeResult: success, version: HTTP/1.1)
POST /session/e4a00043bcccdc0774921a649b7d812a/timeouts HTTP/1.1
User-Agent: selenium/4.8.3 (java windows)
Content-Length: 22
Content-Type: application/json; charset=utf-8
host: localhost:16036
accept: */*

Response DefaultHttpResponse(decodeResult: success, version: HTTP/1.1)
HTTP/1.1 200 OK
Content-Length: 14
Content-Type: application/json; charset=utf-8
cache-control: no-cache

19:04:24.121 [AsyncHttpClient-1-2] DEBUG org.asynchttpclient.netty.channel.ChannelManager - Adding key: http://localhost:16036 for channel [id: 0x3418b517, L:/127.0.0.1:57349 - R:localhost/127.0.0.1:16036]
19:04:24.124 [Forwarding maximizeCurrentWindow on session e4a00043bcccdc0774921a649b7d812a to remote] DEBUG org.asynchttpclient.netty.request.NettyRequestSender - Using pooled Channel '[id: 0x3418b517, L:/127.0.0.1:57349 - R:localhost/127.0.0.1:16036]' for 'POST' to 'http://localhost:16036/session/e4a00043bcccdc0774921a649b7d812a/window/maximize'
19:04:24.124 [Forwarding maximizeCurrentWindow on session e4a00043bcccdc0774921a649b7d812a to remote] DEBUG org.asynchttpclient.netty.request.NettyRequestSender - Using open Channel [id: 0x3418b517, L:/127.0.0.1:57349 - R:localhost/127.0.0.1:16036] for POST '/session/e4a00043bcccdc0774921a649b7d812a/window/maximize'
19:04:24.250 [AsyncHttpClient-1-2] DEBUG org.asynchttpclient.netty.handler.HttpHandler - 

Request DefaultHttpRequest(decodeResult: success, version: HTTP/1.1)
POST /session/e4a00043bcccdc0774921a649b7d812a/window/maximize HTTP/1.1
User-Agent: selenium/4.8.3 (java windows)
Content-Length: 3
Content-Type: application/json; charset=utf-8
host: localhost:16036
accept: */*

Response DefaultHttpResponse(decodeResult: success, version: HTTP/1.1)
HTTP/1.1 200 OK
Content-Length: 51
Content-Type: application/json; charset=utf-8
cache-control: no-cache

19:04:24.251 [AsyncHttpClient-1-2] DEBUG org.asynchttpclient.netty.channel.ChannelManager - Adding key: http://localhost:16036 for channel [id: 0x3418b517, L:/127.0.0.1:57349 - R:localhost/127.0.0.1:16036]
19:04:24.253 [Forwarding get on session e4a00043bcccdc0774921a649b7d812a to remote] DEBUG org.asynchttpclient.netty.request.NettyRequestSender - Using pooled Channel '[id: 0x3418b517, L:/127.0.0.1:57349 - R:localhost/127.0.0.1:16036]' for 'POST' to 'http://localhost:16036/session/e4a00043bcccdc0774921a649b7d812a/url'
19:04:24.253 [Forwarding get on session e4a00043bcccdc0774921a649b7d812a to remote] DEBUG org.asynchttpclient.netty.request.NettyRequestSender - Using open Channel [id: 0x3418b517, L:/127.0.0.1:57349 - R:localhost/127.0.0.1:16036] for POST '/session/e4a00043bcccdc0774921a649b7d812a/url'
19:04:24.643 [AsyncHttpClient-1-1] DEBUG org.asynchttpclient.netty.channel.DefaultChannelPool - Entry count for : http://localhost:57350 : 1
19:04:25.736 [AsyncHttpClient-1-1] DEBUG org.asynchttpclient.netty.channel.DefaultChannelPool - Entry count for : http://localhost:57350 : 1
19:04:25.906 [AsyncHttpClient-1-2] DEBUG org.asynchttpclient.netty.handler.HttpHandler - 

Request DefaultHttpRequest(decodeResult: success, version: HTTP/1.1)
POST /session/e4a00043bcccdc0774921a649b7d812a/url HTTP/1.1
User-Agent: selenium/4.8.3 (java windows)
Content-Length: 52
Content-Type: application/json; charset=utf-8
host: localhost:16036
accept: */*

Response DefaultHttpResponse(decodeResult: success, version: HTTP/1.1)
HTTP/1.1 200 OK
Content-Length: 14
Content-Type: application/json; charset=utf-8
cache-control: no-cache

19:04:25.906 [AsyncHttpClient-1-2] DEBUG org.asynchttpclient.netty.channel.ChannelManager - Adding key: http://localhost:16036 for channel [id: 0x3418b517, L:/127.0.0.1:57349 - R:localhost/127.0.0.1:16036]
2023-06-06 19:04:25 INFO  BaseTest:104 - Test driver set up done successfully**********
2023-06-06 19:04:25 INFO  BaseTest:122 - Logging in to portal
19:04:25.935 [Forwarding findElement on session e4a00043bcccdc0774921a649b7d812a to remote] DEBUG org.asynchttpclient.netty.request.NettyRequestSender - Using pooled Channel '[id: 0x3418b517, L:/127.0.0.1:57349 - R:localhost/127.0.0.1:16036]' for 'POST' to 'http://localhost:16036/session/e4a00043bcccdc0774921a649b7d812a/element'
19:04:25.935 [Forwarding findElement on session e4a00043bcccdc0774921a649b7d812a to remote] DEBUG org.asynchttpclient.netty.request.NettyRequestSender - Using open Channel [id: 0x3418b517, L:/127.0.0.1:57349 - R:localhost/127.0.0.1:16036] for POST '/session/e4a00043bcccdc0774921a649b7d812a/element'
19:04:25.950 [AsyncHttpClient-1-2] DEBUG org.asynchttpclient.netty.handler.HttpHandler - 

Request DefaultHttpRequest(decodeResult: success, version: HTTP/1.1)
POST /session/e4a00043bcccdc0774921a649b7d812a/element HTTP/1.1
User-Agent: selenium/4.8.3 (java windows)
Content-Length: 59
Content-Type: application/json; charset=utf-8
host: localhost:16036
accept: */*

Response DefaultHttpResponse(decodeResult: success, version: HTTP/1.1)
HTTP/1.1 200 OK
Content-Length: 95
Content-Type: application/json; charset=utf-8
cache-control: no-cache

19:04:25.950 [AsyncHttpClient-1-2] DEBUG org.asynchttpclient.netty.channel.ChannelManager - Adding key: http://localhost:16036 for channel [id: 0x3418b517, L:/127.0.0.1:57349 - R:localhost/127.0.0.1:16036]
19:04:25.953 [Forwarding clearElement on session e4a00043bcccdc0774921a649b7d812a to remote] DEBUG org.asynchttpclient.netty.request.NettyRequestSender - Using pooled Channel '[id: 0x3418b517, L:/127.0.0.1:57349 - R:localhost/127.0.0.1:16036]' for 'POST' to 'http://localhost:16036/session/e4a00043bcccdc0774921a649b7d812a/element/6FCBC4BE99BAD5FF4ECCE3F28555DDE8_element_29/clear'
19:04:25.953 [Forwarding clearElement on session e4a00043bcccdc0774921a649b7d812a to remote] DEBUG org.asynchttpclient.netty.request.NettyRequestSender - Using open Channel [id: 0x3418b517, L:/127.0.0.1:57349 - R:localhost/127.0.0.1:16036] for POST '/session/e4a00043bcccdc0774921a649b7d812a/element/6FCBC4BE99BAD5FF4ECCE3F28555DDE8_element_29/clear'
19:04:25.996 [AsyncHttpClient-1-2] DEBUG org.asynchttpclient.netty.handler.HttpHandler - 

Request DefaultHttpRequest(decodeResult: success, version: HTTP/1.1)
POST /session/e4a00043bcccdc0774921a649b7d812a/element/6FCBC4BE99BAD5FF4ECCE3F28555DDE8_element_29/clear HTTP/1.1
User-Agent: selenium/4.8.3 (java windows)
Content-Length: 57
Content-Type: application/json; charset=utf-8
host: localhost:16036
accept: */*

Response DefaultHttpResponse(decodeResult: success, version: HTTP/1.1)
HTTP/1.1 200 OK
Content-Length: 14
Content-Type: application/json; charset=utf-8
cache-control: no-cache

19:04:25.996 [AsyncHttpClient-1-2] DEBUG org.asynchttpclient.netty.channel.ChannelManager - Adding key: http://localhost:16036 for channel [id: 0x3418b517, L:/127.0.0.1:57349 - R:localhost/127.0.0.1:16036]
19:04:25.998 [Forwarding findElement on session e4a00043bcccdc0774921a649b7d812a to remote] DEBUG org.asynchttpclient.netty.request.NettyRequestSender - Using pooled Channel '[id: 0x3418b517, L:/127.0.0.1:57349 - R:localhost/127.0.0.1:16036]' for 'POST' to 'http://localhost:16036/session/e4a00043bcccdc0774921a649b7d812a/element'
19:04:25.998 [Forwarding findElement on session e4a00043bcccdc0774921a649b7d812a to remote] DEBUG org.asynchttpclient.netty.request.NettyRequestSender - Using open Channel [id: 0x3418b517, L:/127.0.0.1:57349 - R:localhost/127.0.0.1:16036] for POST '/session/e4a00043bcccdc0774921a649b7d812a/element'
19:04:26.009 [AsyncHttpClient-1-2] DEBUG org.asynchttpclient.netty.handler.HttpHandler - 

Request DefaultHttpRequest(decodeResult: success, version: HTTP/1.1)
POST /session/e4a00043bcccdc0774921a649b7d812a/element HTTP/1.1
User-Agent: selenium/4.8.3 (java windows)
Content-Length: 59
Content-Type: application/json; charset=utf-8
host: localhost:16036
accept: */*

Response DefaultHttpResponse(decodeResult: success, version: HTTP/1.1)
HTTP/1.1 200 OK
Content-Length: 95
Content-Type: application/json; charset=utf-8
cache-control: no-cache

19:04:26.009 [AsyncHttpClient-1-2] DEBUG org.asynchttpclient.netty.channel.ChannelManager - Adding key: http://localhost:16036 for channel [id: 0x3418b517, L:/127.0.0.1:57349 - R:localhost/127.0.0.1:16036]
19:04:26.015 [Forwarding sendKeysToElement on session e4a00043bcccdc0774921a649b7d812a to remote] DEBUG org.asynchttpclient.netty.request.NettyRequestSender - Using pooled Channel '[id: 0x3418b517, L:/127.0.0.1:57349 - R:localhost/127.0.0.1:16036]' for 'POST' to 'http://localhost:16036/session/e4a00043bcccdc0774921a649b7d812a/element/6FCBC4BE99BAD5FF4ECCE3F28555DDE8_element_29/value'
19:04:26.015 [Forwarding sendKeysToElement on session e4a00043bcccdc0774921a649b7d812a to remote] DEBUG org.asynchttpclient.netty.request.NettyRequestSender - Using open Channel [id: 0x3418b517, L:/127.0.0.1:57349 - R:localhost/127.0.0.1:16036] for POST '/session/e4a00043bcccdc0774921a649b7d812a/element/6FCBC4BE99BAD5FF4ECCE3F28555DDE8_element_29/value'
19:04:26.127 [AsyncHttpClient-1-2] DEBUG org.asynchttpclient.netty.handler.HttpHandler - 

Request DefaultHttpRequest(decodeResult: success, version: HTTP/1.1)
POST /session/e4a00043bcccdc0774921a649b7d812a/element/6FCBC4BE99BAD5FF4ECCE3F28555DDE8_element_29/value HTTP/1.1
User-Agent: selenium/4.8.3 (java windows)
Content-Length: 188
Content-Type: application/json; charset=utf-8
host: localhost:16036
accept: */*

Response DefaultHttpResponse(decodeResult: success, version: HTTP/1.1)
HTTP/1.1 200 OK
Content-Length: 14
Content-Type: application/json; charset=utf-8
cache-control: no-cache

19:04:26.128 [AsyncHttpClient-1-2] DEBUG org.asynchttpclient.netty.channel.ChannelManager - Adding key: http://localhost:16036 for channel [id: 0x3418b517, L:/127.0.0.1:57349 - R:localhost/127.0.0.1:16036]
19:04:26.129 [Forwarding findElement on session e4a00043bcccdc0774921a649b7d812a to remote] DEBUG org.asynchttpclient.netty.request.NettyRequestSender - Using pooled Channel '[id: 0x3418b517, L:/127.0.0.1:57349 - R:localhost/127.0.0.1:16036]' for 'POST' to 'http://localhost:16036/session/e4a00043bcccdc0774921a649b7d812a/element'
19:04:26.130 [Forwarding findElement on session e4a00043bcccdc0774921a649b7d812a to remote] DEBUG org.asynchttpclient.netty.request.NettyRequestSender - Using open Channel [id: 0x3418b517, L:/127.0.0.1:57349 - R:localhost/127.0.0.1:16036] for POST '/session/e4a00043bcccdc0774921a649b7d812a/element'
19:04:26.142 [AsyncHttpClient-1-2] DEBUG org.asynchttpclient.netty.handler.HttpHandler - 

Request DefaultHttpRequest(decodeResult: success, version: HTTP/1.1)
POST /session/e4a00043bcccdc0774921a649b7d812a/element HTTP/1.1
User-Agent: selenium/4.8.3 (java windows)
Content-Length: 62
Content-Type: application/json; charset=utf-8
host: localhost:16036
accept: */*

Response DefaultHttpResponse(decodeResult: success, version: HTTP/1.1)
HTTP/1.1 200 OK
Content-Length: 95
Content-Type: application/json; charset=utf-8
cache-control: no-cache

19:04:26.142 [AsyncHttpClient-1-2] DEBUG org.asynchttpclient.netty.channel.ChannelManager - Adding key: http://localhost:16036 for channel [id: 0x3418b517, L:/127.0.0.1:57349 - R:localhost/127.0.0.1:16036]
19:04:26.144 [Forwarding clearElement on session e4a00043bcccdc0774921a649b7d812a to remote] DEBUG org.asynchttpclient.netty.request.NettyRequestSender - Using pooled Channel '[id: 0x3418b517, L:/127.0.0.1:57349 - R:localhost/127.0.0.1:16036]' for 'POST' to 'http://localhost:16036/session/e4a00043bcccdc0774921a649b7d812a/element/6FCBC4BE99BAD5FF4ECCE3F28555DDE8_element_34/clear'
19:04:26.145 [Forwarding clearElement on session e4a00043bcccdc0774921a649b7d812a to remote] DEBUG org.asynchttpclient.netty.request.NettyRequestSender - Using open Channel [id: 0x3418b517, L:/127.0.0.1:57349 - R:localhost/127.0.0.1:16036] for POST '/session/e4a00043bcccdc0774921a649b7d812a/element/6FCBC4BE99BAD5FF4ECCE3F28555DDE8_element_34/clear'
19:04:26.167 [AsyncHttpClient-1-2] DEBUG org.asynchttpclient.netty.handler.HttpHandler - 

Request DefaultHttpRequest(decodeResult: success, version: HTTP/1.1)
POST /session/e4a00043bcccdc0774921a649b7d812a/element/6FCBC4BE99BAD5FF4ECCE3F28555DDE8_element_34/clear HTTP/1.1
User-Agent: selenium/4.8.3 (java windows)
Content-Length: 57
Content-Type: application/json; charset=utf-8
host: localhost:16036
accept: */*

Response DefaultHttpResponse(decodeResult: success, version: HTTP/1.1)
HTTP/1.1 200 OK
Content-Length: 14
Content-Type: application/json; charset=utf-8
cache-control: no-cache

19:04:26.168 [AsyncHttpClient-1-2] DEBUG org.asynchttpclient.netty.channel.ChannelManager - Adding key: http://localhost:16036 for channel [id: 0x3418b517, L:/127.0.0.1:57349 - R:localhost/127.0.0.1:16036]
19:04:26.169 [Forwarding findElement on session e4a00043bcccdc0774921a649b7d812a to remote] DEBUG org.asynchttpclient.netty.request.NettyRequestSender - Using pooled Channel '[id: 0x3418b517, L:/127.0.0.1:57349 - R:localhost/127.0.0.1:16036]' for 'POST' to 'http://localhost:16036/session/e4a00043bcccdc0774921a649b7d812a/element'
19:04:26.169 [Forwarding findElement on session e4a00043bcccdc0774921a649b7d812a to remote] DEBUG org.asynchttpclient.netty.request.NettyRequestSender - Using open Channel [id: 0x3418b517, L:/127.0.0.1:57349 - R:localhost/127.0.0.1:16036] for POST '/session/e4a00043bcccdc0774921a649b7d812a/element'
19:04:26.176 [AsyncHttpClient-1-2] DEBUG org.asynchttpclient.netty.handler.HttpHandler - 

Request DefaultHttpRequest(decodeResult: success, version: HTTP/1.1)
POST /session/e4a00043bcccdc0774921a649b7d812a/element HTTP/1.1
User-Agent: selenium/4.8.3 (java windows)
Content-Length: 62
Content-Type: application/json; charset=utf-8
host: localhost:16036
accept: */*

Response DefaultHttpResponse(decodeResult: success, version: HTTP/1.1)
HTTP/1.1 200 OK
Content-Length: 95
Content-Type: application/json; charset=utf-8
cache-control: no-cache

19:04:26.176 [AsyncHttpClient-1-2] DEBUG org.asynchttpclient.netty.channel.ChannelManager - Adding key: http://localhost:16036 for channel [id: 0x3418b517, L:/127.0.0.1:57349 - R:localhost/127.0.0.1:16036]
19:04:26.178 [Forwarding sendKeysToElement on session e4a00043bcccdc0774921a649b7d812a to remote] DEBUG org.asynchttpclient.netty.request.NettyRequestSender - Using pooled Channel '[id: 0x3418b517, L:/127.0.0.1:57349 - R:localhost/127.0.0.1:16036]' for 'POST' to 'http://localhost:16036/session/e4a00043bcccdc0774921a649b7d812a/element/6FCBC4BE99BAD5FF4ECCE3F28555DDE8_element_34/value'
19:04:26.178 [Forwarding sendKeysToElement on session e4a00043bcccdc0774921a649b7d812a to remote] DEBUG org.asynchttpclient.netty.request.NettyRequestSender - Using open Channel [id: 0x3418b517, L:/127.0.0.1:57349 - R:localhost/127.0.0.1:16036] for POST '/session/e4a00043bcccdc0774921a649b7d812a/element/6FCBC4BE99BAD5FF4ECCE3F28555DDE8_element_34/value'
19:04:26.236 [AsyncHttpClient-1-2] DEBUG org.asynchttpclient.netty.handler.HttpHandler - 

Request DefaultHttpRequest(decodeResult: success, version: HTTP/1.1)
POST /session/e4a00043bcccdc0774921a649b7d812a/element/6FCBC4BE99BAD5FF4ECCE3F28555DDE8_element_34/value HTTP/1.1
User-Agent: selenium/4.8.3 (java windows)
Content-Length: 148
Content-Type: application/json; charset=utf-8
host: localhost:16036
accept: */*

Response DefaultHttpResponse(decodeResult: success, version: HTTP/1.1)
HTTP/1.1 200 OK
Content-Length: 14
Content-Type: application/json; charset=utf-8
cache-control: no-cache

19:04:26.236 [AsyncHttpClient-1-2] DEBUG org.asynchttpclient.netty.channel.ChannelManager - Adding key: http://localhost:16036 for channel [id: 0x3418b517, L:/127.0.0.1:57349 - R:localhost/127.0.0.1:16036]
19:04:26.238 [Forwarding findElement on session e4a00043bcccdc0774921a649b7d812a to remote] DEBUG org.asynchttpclient.netty.request.NettyRequestSender - Using pooled Channel '[id: 0x3418b517, L:/127.0.0.1:57349 - R:localhost/127.0.0.1:16036]' for 'POST' to 'http://localhost:16036/session/e4a00043bcccdc0774921a649b7d812a/element'
19:04:26.238 [Forwarding findElement on session e4a00043bcccdc0774921a649b7d812a to remote] DEBUG org.asynchttpclient.netty.request.NettyRequestSender - Using open Channel [id: 0x3418b517, L:/127.0.0.1:57349 - R:localhost/127.0.0.1:16036] for POST '/session/e4a00043bcccdc0774921a649b7d812a/element'
19:04:26.252 [AsyncHttpClient-1-2] DEBUG org.asynchttpclient.netty.handler.HttpHandler - 

Request DefaultHttpRequest(decodeResult: success, version: HTTP/1.1)
POST /session/e4a00043bcccdc0774921a649b7d812a/element HTTP/1.1
User-Agent: selenium/4.8.3 (java windows)
Content-Length: 71
Content-Type: application/json; charset=utf-8
host: localhost:16036
accept: */*

Response DefaultHttpResponse(decodeResult: success, version: HTTP/1.1)
HTTP/1.1 200 OK
Content-Length: 95
Content-Type: application/json; charset=utf-8
cache-control: no-cache

19:04:26.252 [AsyncHttpClient-1-2] DEBUG org.asynchttpclient.netty.channel.ChannelManager - Adding key: http://localhost:16036 for channel [id: 0x3418b517, L:/127.0.0.1:57349 - R:localhost/127.0.0.1:16036]
19:04:26.255 [Forwarding clickElement on session e4a00043bcccdc0774921a649b7d812a to remote] DEBUG org.asynchttpclient.netty.request.NettyRequestSender - Using pooled Channel '[id: 0x3418b517, L:/127.0.0.1:57349 - R:localhost/127.0.0.1:16036]' for 'POST' to 'http://localhost:16036/session/e4a00043bcccdc0774921a649b7d812a/element/6FCBC4BE99BAD5FF4ECCE3F28555DDE8_element_35/click'
19:04:26.255 [Forwarding clickElement on session e4a00043bcccdc0774921a649b7d812a to remote] DEBUG org.asynchttpclient.netty.request.NettyRequestSender - Using open Channel [id: 0x3418b517, L:/127.0.0.1:57349 - R:localhost/127.0.0.1:16036] for POST '/session/e4a00043bcccdc0774921a649b7d812a/element/6FCBC4BE99BAD5FF4ECCE3F28555DDE8_element_35/click'
19:04:26.321 [AsyncHttpClient-1-2] DEBUG org.asynchttpclient.netty.handler.HttpHandler - 

Request DefaultHttpRequest(decodeResult: success, version: HTTP/1.1)
POST /session/e4a00043bcccdc0774921a649b7d812a/element/6FCBC4BE99BAD5FF4ECCE3F28555DDE8_element_35/click HTTP/1.1
User-Agent: selenium/4.8.3 (java windows)
Content-Length: 57
Content-Type: application/json; charset=utf-8
host: localhost:16036
accept: */*

Response DefaultHttpResponse(decodeResult: success, version: HTTP/1.1)
HTTP/1.1 200 OK
Content-Length: 14
Content-Type: application/json; charset=utf-8
cache-control: no-cache

19:04:26.321 [AsyncHttpClient-1-2] DEBUG org.asynchttpclient.netty.channel.ChannelManager - Adding key: http://localhost:16036 for channel [id: 0x3418b517, L:/127.0.0.1:57349 - R:localhost/127.0.0.1:16036]
2023-06-06 19:04:26 INFO  BaseTest:126 - Logged in
19:04:26.328 [rp-io-17] DEBUG com.epam.reportportal.service.Launch - Starting test item...rp-io-17
2023-06-06 19:04:26 INFO  Listeners:34 - Started Test null
19:04:26.338 [Forwarding findElement on session e4a00043bcccdc0774921a649b7d812a to remote] DEBUG org.asynchttpclient.netty.request.NettyRequestSender - Using pooled Channel '[id: 0x3418b517, L:/127.0.0.1:57349 - R:localhost/127.0.0.1:16036]' for 'POST' to 'http://localhost:16036/session/e4a00043bcccdc0774921a649b7d812a/element'
19:04:26.338 [Forwarding findElement on session e4a00043bcccdc0774921a649b7d812a to remote] DEBUG org.asynchttpclient.netty.request.NettyRequestSender - Using open Channel [id: 0x3418b517, L:/127.0.0.1:57349 - R:localhost/127.0.0.1:16036] for POST '/session/e4a00043bcccdc0774921a649b7d812a/element'
19:04:26.341 [rp-io-14] DEBUG com.epam.reportportal.service.Launch - TestItem with ID = '487ab9e6-b44e-4cd7-b624-20f5279ce838' successfully finished.
19:04:26.341 [rp-io-14] DEBUG com.epam.reportportal.utils.SubscriptionUtils - Finish test item completed
19:04:26.352 [rp-io-17] DEBUG com.epam.reportportal.service.Launch - ReportPortal item with ID '5dc68cc8-a051-4375-aae0-c633ea703aed' has been created
19:04:26.353 [rp-io-17] DEBUG com.epam.reportportal.utils.SubscriptionUtils - Start test item successfully completed
19:04:26.636 [AsyncHttpClient-1-2] DEBUG org.asynchttpclient.netty.handler.HttpHandler - 

Request DefaultHttpRequest(decodeResult: success, version: HTTP/1.1)
POST /session/e4a00043bcccdc0774921a649b7d812a/element HTTP/1.1
User-Agent: selenium/4.8.3 (java windows)
Content-Length: 168
Content-Type: application/json; charset=utf-8
host: localhost:16036
accept: */*

Response DefaultHttpResponse(decodeResult: success, version: HTTP/1.1)
HTTP/1.1 200 OK
Content-Length: 95
Content-Type: application/json; charset=utf-8
cache-control: no-cache

19:04:26.637 [AsyncHttpClient-1-2] DEBUG org.asynchttpclient.netty.channel.ChannelManager - Adding key: http://localhost:16036 for channel [id: 0x3418b517, L:/127.0.0.1:57349 - R:localhost/127.0.0.1:16036]
19:04:26.638 [Forwarding clickElement on session e4a00043bcccdc0774921a649b7d812a to remote] DEBUG org.asynchttpclient.netty.request.NettyRequestSender - Using pooled Channel '[id: 0x3418b517, L:/127.0.0.1:57349 - R:localhost/127.0.0.1:16036]' for 'POST' to 'http://localhost:16036/session/e4a00043bcccdc0774921a649b7d812a/element/6FCBC4BE99BAD5FF4ECCE3F28555DDE8_element_41/click'
19:04:26.638 [Forwarding clickElement on session e4a00043bcccdc0774921a649b7d812a to remote] DEBUG org.asynchttpclient.netty.request.NettyRequestSender - Using open Channel [id: 0x3418b517, L:/127.0.0.1:57349 - R:localhost/127.0.0.1:16036] for POST '/session/e4a00043bcccdc0774921a649b7d812a/element/6FCBC4BE99BAD5FF4ECCE3F28555DDE8_element_41/click'
19:04:26.766 [AsyncHttpClient-1-2] DEBUG org.asynchttpclient.netty.handler.HttpHandler - 

Request DefaultHttpRequest(decodeResult: success, version: HTTP/1.1)
POST /session/e4a00043bcccdc0774921a649b7d812a/element/6FCBC4BE99BAD5FF4ECCE3F28555DDE8_element_41/click HTTP/1.1
User-Agent: selenium/4.8.3 (java windows)
Content-Length: 57
Content-Type: application/json; charset=utf-8
host: localhost:16036
accept: */*

Response DefaultHttpResponse(decodeResult: success, version: HTTP/1.1)
HTTP/1.1 200 OK
Content-Length: 14
Content-Type: application/json; charset=utf-8
cache-control: no-cache

19:04:26.766 [AsyncHttpClient-1-2] DEBUG org.asynchttpclient.netty.channel.ChannelManager - Adding key: http://localhost:16036 for channel [id: 0x3418b517, L:/127.0.0.1:57349 - R:localhost/127.0.0.1:16036]
19:04:26.767 [Forwarding findElement on session e4a00043bcccdc0774921a649b7d812a to remote] DEBUG org.asynchttpclient.netty.request.NettyRequestSender - Using pooled Channel '[id: 0x3418b517, L:/127.0.0.1:57349 - R:localhost/127.0.0.1:16036]' for 'POST' to 'http://localhost:16036/session/e4a00043bcccdc0774921a649b7d812a/element'
19:04:26.767 [Forwarding findElement on session e4a00043bcccdc0774921a649b7d812a to remote] DEBUG org.asynchttpclient.netty.request.NettyRequestSender - Using open Channel [id: 0x3418b517, L:/127.0.0.1:57349 - R:localhost/127.0.0.1:16036] for POST '/session/e4a00043bcccdc0774921a649b7d812a/element'
19:04:26.836 [AsyncHttpClient-1-1] DEBUG org.asynchttpclient.netty.channel.DefaultChannelPool - Entry count for : http://localhost:57350 : 1
19:04:26.960 [AsyncHttpClient-1-2] DEBUG org.asynchttpclient.netty.handler.HttpHandler - 

Request DefaultHttpRequest(decodeResult: success, version: HTTP/1.1)
POST /session/e4a00043bcccdc0774921a649b7d812a/element HTTP/1.1
User-Agent: selenium/4.8.3 (java windows)
Content-Length: 83
Content-Type: application/json; charset=utf-8
host: localhost:16036
accept: */*

Response DefaultHttpResponse(decodeResult: success, version: HTTP/1.1)
HTTP/1.1 200 OK
Content-Length: 95
Content-Type: application/json; charset=utf-8
cache-control: no-cache

19:04:26.960 [AsyncHttpClient-1-2] DEBUG org.asynchttpclient.netty.channel.ChannelManager - Adding key: http://localhost:16036 for channel [id: 0x3418b517, L:/127.0.0.1:57349 - R:localhost/127.0.0.1:16036]
19:04:26.965 [Forwarding executeScript on session e4a00043bcccdc0774921a649b7d812a to remote] DEBUG org.asynchttpclient.netty.request.NettyRequestSender - Using pooled Channel '[id: 0x3418b517, L:/127.0.0.1:57349 - R:localhost/127.0.0.1:16036]' for 'POST' to 'http://localhost:16036/session/e4a00043bcccdc0774921a649b7d812a/execute/sync'
19:04:26.965 [Forwarding executeScript on session e4a00043bcccdc0774921a649b7d812a to remote] DEBUG org.asynchttpclient.netty.request.NettyRequestSender - Using open Channel [id: 0x3418b517, L:/127.0.0.1:57349 - R:localhost/127.0.0.1:16036] for POST '/session/e4a00043bcccdc0774921a649b7d812a/execute/sync'
19:04:26.978 [AsyncHttpClient-1-2] DEBUG org.asynchttpclient.netty.handler.HttpHandler - 

Request DefaultHttpRequest(decodeResult: success, version: HTTP/1.1)
POST /session/e4a00043bcccdc0774921a649b7d812a/execute/sync HTTP/1.1
User-Agent: selenium/4.8.3 (java windows)
Content-Length: 232
Content-Type: application/json; charset=utf-8
host: localhost:16036
accept: */*

Response DefaultHttpResponse(decodeResult: success, version: HTTP/1.1)
HTTP/1.1 200 OK
Content-Length: 14
Content-Type: application/json; charset=utf-8
cache-control: no-cache

19:04:26.978 [AsyncHttpClient-1-2] DEBUG org.asynchttpclient.netty.channel.ChannelManager - Adding key: http://localhost:16036 for channel [id: 0x3418b517, L:/127.0.0.1:57349 - R:localhost/127.0.0.1:16036]
19:04:26.979 [Forwarding findElement on session e4a00043bcccdc0774921a649b7d812a to remote] DEBUG org.asynchttpclient.netty.request.NettyRequestSender - Using pooled Channel '[id: 0x3418b517, L:/127.0.0.1:57349 - R:localhost/127.0.0.1:16036]' for 'POST' to 'http://localhost:16036/session/e4a00043bcccdc0774921a649b7d812a/element'
19:04:26.979 [Forwarding findElement on session e4a00043bcccdc0774921a649b7d812a to remote] DEBUG org.asynchttpclient.netty.request.NettyRequestSender - Using open Channel [id: 0x3418b517, L:/127.0.0.1:57349 - R:localhost/127.0.0.1:16036] for POST '/session/e4a00043bcccdc0774921a649b7d812a/element'
19:04:27.016 [AsyncHttpClient-1-2] DEBUG org.asynchttpclient.netty.handler.HttpHandler - 

Request DefaultHttpRequest(decodeResult: success, version: HTTP/1.1)
POST /session/e4a00043bcccdc0774921a649b7d812a/element HTTP/1.1
User-Agent: selenium/4.8.3 (java windows)
Content-Length: 83
Content-Type: application/json; charset=utf-8
host: localhost:16036
accept: */*

Response DefaultHttpResponse(decodeResult: success, version: HTTP/1.1)
HTTP/1.1 200 OK
Content-Length: 95
Content-Type: application/json; charset=utf-8
cache-control: no-cache

19:04:27.016 [AsyncHttpClient-1-2] DEBUG org.asynchttpclient.netty.channel.ChannelManager - Adding key: http://localhost:16036 for channel [id: 0x3418b517, L:/127.0.0.1:57349 - R:localhost/127.0.0.1:16036]
19:04:27.028 [Forwarding isElementDisplayed on session e4a00043bcccdc0774921a649b7d812a to remote] DEBUG org.asynchttpclient.netty.request.NettyRequestSender - Using pooled Channel '[id: 0x3418b517, L:/127.0.0.1:57349 - R:localhost/127.0.0.1:16036]' for 'POST' to 'http://localhost:16036/session/e4a00043bcccdc0774921a649b7d812a/execute/sync'
19:04:27.028 [Forwarding isElementDisplayed on session e4a00043bcccdc0774921a649b7d812a to remote] DEBUG org.asynchttpclient.netty.request.NettyRequestSender - Using open Channel [id: 0x3418b517, L:/127.0.0.1:57349 - R:localhost/127.0.0.1:16036] for POST '/session/e4a00043bcccdc0774921a649b7d812a/execute/sync'
19:04:27.083 [AsyncHttpClient-1-2] DEBUG org.asynchttpclient.netty.handler.HttpHandler - 

Request DefaultHttpRequest(decodeResult: success, version: HTTP/1.1)
POST /session/e4a00043bcccdc0774921a649b7d812a/execute/sync HTTP/1.1
User-Agent: selenium/4.8.3 (java windows)
Content-Length: 48814
Content-Type: application/json; charset=utf-8
host: localhost:16036
accept: */*

Response DefaultHttpResponse(decodeResult: success, version: HTTP/1.1)
HTTP/1.1 200 OK
Content-Length: 14
Content-Type: application/json; charset=utf-8
cache-control: no-cache

19:04:27.084 [AsyncHttpClient-1-2] DEBUG org.asynchttpclient.netty.channel.ChannelManager - Adding key: http://localhost:16036 for channel [id: 0x3418b517, L:/127.0.0.1:57349 - R:localhost/127.0.0.1:16036]
2023-06-06 19:04:27 INFO  Listeners:38 - Succeeded Test null
]]></system-out>
    <system-err><![CDATA[Starting ChromeDriver 114.0.5735.90 (386bc09e8f4f2e025eddae123f36f6263096ae49-refs/branch-heads/5735@{#1052}) on port 16036
Only local connections are allowed.
Please see https://chromedriver.chromium.org/security-considerations for suggestions on keeping ChromeDriver safe.
ChromeDriver was started successfully.
Jun 06, 2023 7:04:24 PM org.openqa.selenium.devtools.CdpVersionFinder findNearestMatch
WARNING: Unable to find an exact match for CDP version 114, so returning the closest version found: 111
]]></system-err>
  </testcase>
  <testcase name="searchDashboardNameDP[LAUNCH STATISTICS BAR](2)" classname="alltests.uitest.coreTest.DashboardPageTest" time="0.934">
    <system-out><![CDATA[19:04:27.092 [rp-io-23] DEBUG com.epam.reportportal.service.Launch - Starting test item...rp-io-23
19:04:27.102 [Driver Command Executor] DEBUG org.asynchttpclient.netty.request.NettyRequestSender - Using pooled Channel '[id: 0x3418b517, L:/127.0.0.1:57349 - R:localhost/127.0.0.1:16036]' for 'DELETE' to 'http://localhost:16036/session/e4a00043bcccdc0774921a649b7d812a'
19:04:27.102 [Driver Command Executor] DEBUG org.asynchttpclient.netty.request.NettyRequestSender - Using open Channel [id: 0x3418b517, L:/127.0.0.1:57349 - R:localhost/127.0.0.1:16036] for DELETE '/session/e4a00043bcccdc0774921a649b7d812a'
19:04:27.109 [AsyncHttpClient-1-4] DEBUG org.asynchttpclient.netty.handler.WebSocketHandler - Channel Closed: [id: 0x3e31bf11, L:/127.0.0.1:57360 ! R:localhost/127.0.0.1:57350] with attribute NettyResponseFuture{currentRetry=0,
	isDone=1,
	isCancelled=0,
	asyncHandler=org.asynchttpclient.ws.WebSocketUpgradeHandler@3699df6,
	nettyRequest=org.asynchttpclient.netty.request.NettyRequest@2634cabc,
	future=java.util.concurrent.CompletableFuture@1ccc26ed[Completed normally],
	uri=ws://localhost:57350/devtools/browser/3800b60c-7df3-4681-a0bf-a0117f2f76eb,
	keepAlive=true,
	redirectCount=0,
	timeoutsHolder=null,
	inAuth=0,
	touch=1686071064072}
19:04:27.110 [AsyncHttpClient-1-4] DEBUG org.asynchttpclient.netty.channel.ChannelManager - Closing Channel [id: 0x3e31bf11, L:/127.0.0.1:57360 ! R:localhost/127.0.0.1:57350] 
19:04:27.111 [rp-io-21] DEBUG com.epam.reportportal.service.Launch - TestItem with ID = '5dc68cc8-a051-4375-aae0-c633ea703aed' successfully finished.
19:04:27.112 [rp-io-21] DEBUG com.epam.reportportal.utils.SubscriptionUtils - Finish test item completed
19:04:27.114 [rp-io-24] DEBUG com.epam.reportportal.service.Launch - ReportPortal item with ID 'd7c35500-dda2-4f9f-b7ce-65013aaedec5' has been created
19:04:27.114 [rp-io-24] DEBUG com.epam.reportportal.utils.SubscriptionUtils - Start test item successfully completed
19:04:27.179 [AsyncHttpClient-1-3] DEBUG org.asynchttpclient.netty.handler.HttpHandler - Unexpected I/O exception on channel [id: 0xdc67db57, L:/127.0.0.1:57359 - R:localhost/127.0.0.1:57350]
java.net.SocketException: Connection reset
	at java.base/sun.nio.ch.SocketChannelImpl.throwConnectionReset(SocketChannelImpl.java:394)
	at java.base/sun.nio.ch.SocketChannelImpl.read(SocketChannelImpl.java:426)
	at io.netty.buffer.PooledByteBuf.setBytes(PooledByteBuf.java:256)
	at io.netty.buffer.AbstractByteBuf.writeBytes(AbstractByteBuf.java:1132)
	at io.netty.buffer.WrappedByteBuf.writeBytes(WrappedByteBuf.java:821)
	at io.netty.channel.socket.nio.NioSocketChannel.doReadBytes(NioSocketChannel.java:357)
	at io.netty.channel.nio.AbstractNioByteChannel$NioByteUnsafe.read(AbstractNioByteChannel.java:151)
	at io.netty.channel.nio.NioEventLoop.processSelectedKey(NioEventLoop.java:788)
	at io.netty.channel.nio.NioEventLoop.processSelectedKeysOptimized(NioEventLoop.java:724)
	at io.netty.channel.nio.NioEventLoop.processSelectedKeys(NioEventLoop.java:650)
	at io.netty.channel.nio.NioEventLoop.run(NioEventLoop.java:562)
	at io.netty.util.concurrent.SingleThreadEventExecutor$4.run(SingleThreadEventExecutor.java:997)
	at io.netty.util.internal.ThreadExecutorMap$2.run(ThreadExecutorMap.java:74)
	at io.netty.util.concurrent.FastThreadLocalRunnable.run(FastThreadLocalRunnable.java:30)
	at java.base/java.lang.Thread.run(Thread.java:833)
19:04:27.179 [AsyncHttpClient-1-3] DEBUG org.asynchttpclient.netty.channel.ChannelManager - Closing Channel [id: 0xdc67db57, L:/127.0.0.1:57359 - R:localhost/127.0.0.1:57350] 
19:04:27.181 [AsyncHttpClient-1-3] DEBUG org.asynchttpclient.netty.handler.HttpHandler - Channel Closed: [id: 0xdc67db57, L:/127.0.0.1:57359 ! R:localhost/127.0.0.1:57350] with attribute DISCARD
19:04:27.196 [AsyncHttpClient-1-2] DEBUG org.asynchttpclient.netty.handler.HttpHandler - 

Request DefaultFullHttpRequest(decodeResult: success, version: HTTP/1.1, content: EmptyByteBufBE)
DELETE /session/e4a00043bcccdc0774921a649b7d812a HTTP/1.1
User-Agent: selenium/4.8.3 (java windows)
Content-Type: application/json; charset=utf-8
host: localhost:16036
accept: */*

Response DefaultHttpResponse(decodeResult: success, version: HTTP/1.1)
HTTP/1.1 200 OK
Content-Length: 14
Content-Type: application/json; charset=utf-8
cache-control: no-cache

19:04:27.196 [AsyncHttpClient-1-2] DEBUG org.asynchttpclient.netty.channel.ChannelManager - Adding key: http://localhost:16036 for channel [id: 0x3418b517, L:/127.0.0.1:57349 - R:localhost/127.0.0.1:16036]
19:04:27.242 [AsyncHttpClient-1-2] DEBUG org.asynchttpclient.netty.handler.HttpHandler - Channel Closed: [id: 0x3418b517, L:/127.0.0.1:57349 ! R:localhost/127.0.0.1:16036] with attribute DISCARD
2023-06-06 19:04:27 INFO  BaseTest:83 - Test executed**********
19:04:27.307 [rp-io-29] DEBUG com.epam.reportportal.service.Launch - Starting test item...rp-io-29
2023-06-06 19:04:27 INFO  BaseTest:110 - Property files loaded successfully**********
19:04:27.321 [main] DEBUG io.github.bonigarcia.wdm.cache.ResolutionCache - Resolution chrome=114 in cache (valid until 19:20:28 06/06/2023 CEST)
19:04:27.321 [main] DEBUG io.github.bonigarcia.wdm.cache.ResolutionCache - Resolution chrome114=114.0.5735.90 in cache (valid until 16:16:26 07/06/2023 CEST)
19:04:27.322 [main] INFO io.github.bonigarcia.wdm.WebDriverManager - Using chromedriver 114.0.5735.90 (resolved driver for Chrome 114)
19:04:27.324 [rp-io-26] DEBUG com.epam.reportportal.service.Launch - TestItem with ID = 'd7c35500-dda2-4f9f-b7ce-65013aaedec5' successfully finished.
19:04:27.324 [rp-io-26] DEBUG com.epam.reportportal.utils.SubscriptionUtils - Finish test item completed
19:04:27.329 [rp-io-30] DEBUG com.epam.reportportal.service.Launch - ReportPortal item with ID '09d47bbc-ae3d-4ae9-906d-969b3dc90132' has been created
19:04:27.329 [rp-io-30] DEBUG com.epam.reportportal.utils.SubscriptionUtils - Start test item successfully completed
19:04:27.332 [main] DEBUG io.github.bonigarcia.wdm.WebDriverManager - Driver chromedriver 114.0.5735.90 found in cache
19:04:27.333 [main] INFO io.github.bonigarcia.wdm.WebDriverManager - Exporting webdriver.chrome.driver as C:\Users\Suwarna_Wagh\.cache\selenium\chromedriver\win32\114.0.5735.90\chromedriver.exe
19:04:27.531 [AsyncHttpClient-1-5] DEBUG org.asynchttpclient.netty.channel.NettyConnectListener - Using new Channel '[id: 0x112149da, L:/127.0.0.1:57383 - R:localhost/127.0.0.1:3078]' for 'POST' to '/session'
19:04:27.936 [AsyncHttpClient-1-1] DEBUG org.asynchttpclient.netty.channel.DefaultChannelPool - Entry count for : http://localhost:57350 : 1
19:04:27.937 [AsyncHttpClient-1-1] DEBUG org.asynchttpclient.netty.channel.DefaultChannelPool - Entry count for : http://localhost:16036 : 1
19:04:27.937 [AsyncHttpClient-1-1] DEBUG org.asynchttpclient.netty.channel.DefaultChannelPool - Adding Candidate expired Channel [id: 0xdc67db57, L:/127.0.0.1:57359 ! R:localhost/127.0.0.1:57350] isIdleTimeoutExpired=false isRemotelyClosed=true isTtlExpired=false
19:04:27.937 [AsyncHttpClient-1-1] DEBUG org.asynchttpclient.netty.channel.DefaultChannelPool - Closing Idle Channel [id: 0xdc67db57, L:/127.0.0.1:57359 ! R:localhost/127.0.0.1:57350]
19:04:27.937 [AsyncHttpClient-1-1] DEBUG org.asynchttpclient.netty.channel.DefaultChannelPool - Adding Candidate expired Channel [id: 0x3418b517, L:/127.0.0.1:57349 ! R:localhost/127.0.0.1:16036] isIdleTimeoutExpired=false isRemotelyClosed=true isTtlExpired=false
19:04:27.938 [AsyncHttpClient-1-1] DEBUG org.asynchttpclient.netty.channel.DefaultChannelPool - Closing Idle Channel [id: 0x3418b517, L:/127.0.0.1:57349 ! R:localhost/127.0.0.1:16036]
19:04:27.938 [AsyncHttpClient-1-1] DEBUG org.asynchttpclient.netty.channel.DefaultChannelPool - Closed 2 connections out of 2 in 1 ms
19:04:28.327 [AsyncHttpClient-1-5] DEBUG org.asynchttpclient.netty.handler.HttpHandler - 

Request DefaultHttpRequest(decodeResult: success, version: HTTP/1.1)
POST /session HTTP/1.1
User-Agent: selenium/4.8.3 (java windows)
Content-Length: 439
Content-Type: application/json; charset=utf-8
host: localhost:3078
accept: */*

Response DefaultHttpResponse(decodeResult: success, version: HTTP/1.1)
HTTP/1.1 200 OK
Content-Length: 863
Content-Type: application/json; charset=utf-8
cache-control: no-cache

19:04:28.327 [AsyncHttpClient-1-5] DEBUG org.asynchttpclient.netty.channel.ChannelManager - Adding key: http://localhost:3078 for channel [id: 0x112149da, L:/127.0.0.1:57383 - R:localhost/127.0.0.1:3078]
19:04:28.336 [AsyncHttpClient-1-6] DEBUG org.asynchttpclient.netty.channel.NettyConnectListener - Using new Channel '[id: 0xa6c71c17, L:/127.0.0.1:57390 - R:localhost/127.0.0.1:57384]' for 'GET' to '/json/version'
19:04:28.339 [AsyncHttpClient-1-6] DEBUG org.asynchttpclient.netty.handler.HttpHandler - 

Request DefaultFullHttpRequest(decodeResult: success, version: HTTP/1.1, content: EmptyByteBufBE)
GET /json/version HTTP/1.1
User-Agent: selenium/4.8.3 (java windows)
host: localhost:57384
accept: */*

Response DefaultHttpResponse(decodeResult: success, version: HTTP/1.1)
HTTP/1.1 200 OK
Content-Security-Policy: frame-ancestors 'none'
Content-Length: 424
Content-Type: application/json; charset=UTF-8

19:04:28.339 [AsyncHttpClient-1-6] DEBUG org.asynchttpclient.netty.channel.ChannelManager - Adding key: http://localhost:57384 for channel [id: 0xa6c71c17, L:/127.0.0.1:57390 - R:localhost/127.0.0.1:57384]
19:04:28.342 [AsyncHttpClient-1-7] DEBUG org.asynchttpclient.netty.channel.NettyConnectListener - Using new Channel '[id: 0xa55edfdd, L:/127.0.0.1:57391 - R:localhost/127.0.0.1:57384]' for 'GET' to '/devtools/browser/fe10d7a6-456f-495d-80b9-47de04ff7637'
19:04:28.362 [AsyncHttpClient-1-7] DEBUG org.asynchttpclient.netty.handler.WebSocketHandler - 

Request DefaultFullHttpRequest(decodeResult: success, version: HTTP/1.1, content: EmptyByteBufBE)
GET /devtools/browser/fe10d7a6-456f-495d-80b9-47de04ff7637 HTTP/1.1
upgrade: websocket
connection: upgrade
sec-websocket-key: F6DJ31u/1nUeF4TZix6Y5Q==
sec-websocket-version: 13
origin: http://localhost:57384
host: localhost:57384
accept: */*
user-agent: AHC/2.1

Response DefaultHttpResponse(decodeResult: success, version: HTTP/1.1)
HTTP/1.1 101 WebSocket Protocol Handshake
Upgrade: WebSocket
Connection: Upgrade
Sec-WebSocket-Accept: UiIcV9plEKLNngmKn+EyKN7jB0o=

19:04:28.366 [Forwarding setTimeout on session 2d52969e2c611dc0e20d9ef04c390240 to remote] DEBUG org.asynchttpclient.netty.request.NettyRequestSender - Using pooled Channel '[id: 0x112149da, L:/127.0.0.1:57383 - R:localhost/127.0.0.1:3078]' for 'POST' to 'http://localhost:3078/session/2d52969e2c611dc0e20d9ef04c390240/timeouts'
19:04:28.366 [Forwarding setTimeout on session 2d52969e2c611dc0e20d9ef04c390240 to remote] DEBUG org.asynchttpclient.netty.request.NettyRequestSender - Using open Channel [id: 0x112149da, L:/127.0.0.1:57383 - R:localhost/127.0.0.1:3078] for POST '/session/2d52969e2c611dc0e20d9ef04c390240/timeouts'
19:04:28.368 [AsyncHttpClient-1-5] DEBUG org.asynchttpclient.netty.handler.HttpHandler - 

Request DefaultHttpRequest(decodeResult: success, version: HTTP/1.1)
POST /session/2d52969e2c611dc0e20d9ef04c390240/timeouts HTTP/1.1
User-Agent: selenium/4.8.3 (java windows)
Content-Length: 22
Content-Type: application/json; charset=utf-8
host: localhost:3078
accept: */*

Response DefaultHttpResponse(decodeResult: success, version: HTTP/1.1)
HTTP/1.1 200 OK
Content-Length: 14
Content-Type: application/json; charset=utf-8
cache-control: no-cache

19:04:28.368 [AsyncHttpClient-1-5] DEBUG org.asynchttpclient.netty.channel.ChannelManager - Adding key: http://localhost:3078 for channel [id: 0x112149da, L:/127.0.0.1:57383 - R:localhost/127.0.0.1:3078]
19:04:28.369 [Forwarding maximizeCurrentWindow on session 2d52969e2c611dc0e20d9ef04c390240 to remote] DEBUG org.asynchttpclient.netty.request.NettyRequestSender - Using pooled Channel '[id: 0x112149da, L:/127.0.0.1:57383 - R:localhost/127.0.0.1:3078]' for 'POST' to 'http://localhost:3078/session/2d52969e2c611dc0e20d9ef04c390240/window/maximize'
19:04:28.369 [Forwarding maximizeCurrentWindow on session 2d52969e2c611dc0e20d9ef04c390240 to remote] DEBUG org.asynchttpclient.netty.request.NettyRequestSender - Using open Channel [id: 0x112149da, L:/127.0.0.1:57383 - R:localhost/127.0.0.1:3078] for POST '/session/2d52969e2c611dc0e20d9ef04c390240/window/maximize'
19:04:28.493 [AsyncHttpClient-1-5] DEBUG org.asynchttpclient.netty.handler.HttpHandler - 

Request DefaultHttpRequest(decodeResult: success, version: HTTP/1.1)
POST /session/2d52969e2c611dc0e20d9ef04c390240/window/maximize HTTP/1.1
User-Agent: selenium/4.8.3 (java windows)
Content-Length: 3
Content-Type: application/json; charset=utf-8
host: localhost:3078
accept: */*

Response DefaultHttpResponse(decodeResult: success, version: HTTP/1.1)
HTTP/1.1 200 OK
Content-Length: 51
Content-Type: application/json; charset=utf-8
cache-control: no-cache

19:04:28.494 [AsyncHttpClient-1-5] DEBUG org.asynchttpclient.netty.channel.ChannelManager - Adding key: http://localhost:3078 for channel [id: 0x112149da, L:/127.0.0.1:57383 - R:localhost/127.0.0.1:3078]
19:04:28.495 [Forwarding get on session 2d52969e2c611dc0e20d9ef04c390240 to remote] DEBUG org.asynchttpclient.netty.request.NettyRequestSender - Using pooled Channel '[id: 0x112149da, L:/127.0.0.1:57383 - R:localhost/127.0.0.1:3078]' for 'POST' to 'http://localhost:3078/session/2d52969e2c611dc0e20d9ef04c390240/url'
19:04:28.496 [Forwarding get on session 2d52969e2c611dc0e20d9ef04c390240 to remote] DEBUG org.asynchttpclient.netty.request.NettyRequestSender - Using open Channel [id: 0x112149da, L:/127.0.0.1:57383 - R:localhost/127.0.0.1:3078] for POST '/session/2d52969e2c611dc0e20d9ef04c390240/url'
19:04:29.036 [AsyncHttpClient-1-1] DEBUG org.asynchttpclient.netty.channel.DefaultChannelPool - Entry count for : http://localhost:57384 : 1
19:04:29.881 [AsyncHttpClient-1-5] DEBUG org.asynchttpclient.netty.handler.HttpHandler - 

Request DefaultHttpRequest(decodeResult: success, version: HTTP/1.1)
POST /session/2d52969e2c611dc0e20d9ef04c390240/url HTTP/1.1
User-Agent: selenium/4.8.3 (java windows)
Content-Length: 52
Content-Type: application/json; charset=utf-8
host: localhost:3078
accept: */*

Response DefaultHttpResponse(decodeResult: success, version: HTTP/1.1)
HTTP/1.1 200 OK
Content-Length: 14
Content-Type: application/json; charset=utf-8
cache-control: no-cache

19:04:29.882 [AsyncHttpClient-1-5] DEBUG org.asynchttpclient.netty.channel.ChannelManager - Adding key: http://localhost:3078 for channel [id: 0x112149da, L:/127.0.0.1:57383 - R:localhost/127.0.0.1:3078]
2023-06-06 19:04:29 INFO  BaseTest:104 - Test driver set up done successfully**********
2023-06-06 19:04:29 INFO  BaseTest:122 - Logging in to portal
19:04:29.884 [Forwarding findElement on session 2d52969e2c611dc0e20d9ef04c390240 to remote] DEBUG org.asynchttpclient.netty.request.NettyRequestSender - Using pooled Channel '[id: 0x112149da, L:/127.0.0.1:57383 - R:localhost/127.0.0.1:3078]' for 'POST' to 'http://localhost:3078/session/2d52969e2c611dc0e20d9ef04c390240/element'
19:04:29.884 [Forwarding findElement on session 2d52969e2c611dc0e20d9ef04c390240 to remote] DEBUG org.asynchttpclient.netty.request.NettyRequestSender - Using open Channel [id: 0x112149da, L:/127.0.0.1:57383 - R:localhost/127.0.0.1:3078] for POST '/session/2d52969e2c611dc0e20d9ef04c390240/element'
19:04:29.897 [AsyncHttpClient-1-5] DEBUG org.asynchttpclient.netty.handler.HttpHandler - 

Request DefaultHttpRequest(decodeResult: success, version: HTTP/1.1)
POST /session/2d52969e2c611dc0e20d9ef04c390240/element HTTP/1.1
User-Agent: selenium/4.8.3 (java windows)
Content-Length: 59
Content-Type: application/json; charset=utf-8
host: localhost:3078
accept: */*

Response DefaultHttpResponse(decodeResult: success, version: HTTP/1.1)
HTTP/1.1 200 OK
Content-Length: 95
Content-Type: application/json; charset=utf-8
cache-control: no-cache

19:04:29.897 [AsyncHttpClient-1-5] DEBUG org.asynchttpclient.netty.channel.ChannelManager - Adding key: http://localhost:3078 for channel [id: 0x112149da, L:/127.0.0.1:57383 - R:localhost/127.0.0.1:3078]
19:04:29.898 [Forwarding clearElement on session 2d52969e2c611dc0e20d9ef04c390240 to remote] DEBUG org.asynchttpclient.netty.request.NettyRequestSender - Using pooled Channel '[id: 0x112149da, L:/127.0.0.1:57383 - R:localhost/127.0.0.1:3078]' for 'POST' to 'http://localhost:3078/session/2d52969e2c611dc0e20d9ef04c390240/element/792D561B5DADF4862E8EBD7C210DD16A_element_31/clear'
19:04:29.898 [Forwarding clearElement on session 2d52969e2c611dc0e20d9ef04c390240 to remote] DEBUG org.asynchttpclient.netty.request.NettyRequestSender - Using open Channel [id: 0x112149da, L:/127.0.0.1:57383 - R:localhost/127.0.0.1:3078] for POST '/session/2d52969e2c611dc0e20d9ef04c390240/element/792D561B5DADF4862E8EBD7C210DD16A_element_31/clear'
19:04:29.935 [AsyncHttpClient-1-5] DEBUG org.asynchttpclient.netty.handler.HttpHandler - 

Request DefaultHttpRequest(decodeResult: success, version: HTTP/1.1)
POST /session/2d52969e2c611dc0e20d9ef04c390240/element/792D561B5DADF4862E8EBD7C210DD16A_element_31/clear HTTP/1.1
User-Agent: selenium/4.8.3 (java windows)
Content-Length: 57
Content-Type: application/json; charset=utf-8
host: localhost:3078
accept: */*

Response DefaultHttpResponse(decodeResult: success, version: HTTP/1.1)
HTTP/1.1 200 OK
Content-Length: 14
Content-Type: application/json; charset=utf-8
cache-control: no-cache

19:04:29.936 [AsyncHttpClient-1-5] DEBUG org.asynchttpclient.netty.channel.ChannelManager - Adding key: http://localhost:3078 for channel [id: 0x112149da, L:/127.0.0.1:57383 - R:localhost/127.0.0.1:3078]
19:04:29.937 [Forwarding findElement on session 2d52969e2c611dc0e20d9ef04c390240 to remote] DEBUG org.asynchttpclient.netty.request.NettyRequestSender - Using pooled Channel '[id: 0x112149da, L:/127.0.0.1:57383 - R:localhost/127.0.0.1:3078]' for 'POST' to 'http://localhost:3078/session/2d52969e2c611dc0e20d9ef04c390240/element'
19:04:29.937 [Forwarding findElement on session 2d52969e2c611dc0e20d9ef04c390240 to remote] DEBUG org.asynchttpclient.netty.request.NettyRequestSender - Using open Channel [id: 0x112149da, L:/127.0.0.1:57383 - R:localhost/127.0.0.1:3078] for POST '/session/2d52969e2c611dc0e20d9ef04c390240/element'
19:04:29.945 [AsyncHttpClient-1-5] DEBUG org.asynchttpclient.netty.handler.HttpHandler - 

Request DefaultHttpRequest(decodeResult: success, version: HTTP/1.1)
POST /session/2d52969e2c611dc0e20d9ef04c390240/element HTTP/1.1
User-Agent: selenium/4.8.3 (java windows)
Content-Length: 59
Content-Type: application/json; charset=utf-8
host: localhost:3078
accept: */*

Response DefaultHttpResponse(decodeResult: success, version: HTTP/1.1)
HTTP/1.1 200 OK
Content-Length: 95
Content-Type: application/json; charset=utf-8
cache-control: no-cache

19:04:29.945 [AsyncHttpClient-1-5] DEBUG org.asynchttpclient.netty.channel.ChannelManager - Adding key: http://localhost:3078 for channel [id: 0x112149da, L:/127.0.0.1:57383 - R:localhost/127.0.0.1:3078]
19:04:29.947 [Forwarding sendKeysToElement on session 2d52969e2c611dc0e20d9ef04c390240 to remote] DEBUG org.asynchttpclient.netty.request.NettyRequestSender - Using pooled Channel '[id: 0x112149da, L:/127.0.0.1:57383 - R:localhost/127.0.0.1:3078]' for 'POST' to 'http://localhost:3078/session/2d52969e2c611dc0e20d9ef04c390240/element/792D561B5DADF4862E8EBD7C210DD16A_element_31/value'
19:04:29.947 [Forwarding sendKeysToElement on session 2d52969e2c611dc0e20d9ef04c390240 to remote] DEBUG org.asynchttpclient.netty.request.NettyRequestSender - Using open Channel [id: 0x112149da, L:/127.0.0.1:57383 - R:localhost/127.0.0.1:3078] for POST '/session/2d52969e2c611dc0e20d9ef04c390240/element/792D561B5DADF4862E8EBD7C210DD16A_element_31/value'
19:04:30.039 [AsyncHttpClient-1-5] DEBUG org.asynchttpclient.netty.handler.HttpHandler - 

Request DefaultHttpRequest(decodeResult: success, version: HTTP/1.1)
POST /session/2d52969e2c611dc0e20d9ef04c390240/element/792D561B5DADF4862E8EBD7C210DD16A_element_31/value HTTP/1.1
User-Agent: selenium/4.8.3 (java windows)
Content-Length: 188
Content-Type: application/json; charset=utf-8
host: localhost:3078
accept: */*

Response DefaultHttpResponse(decodeResult: success, version: HTTP/1.1)
HTTP/1.1 200 OK
Content-Length: 14
Content-Type: application/json; charset=utf-8
cache-control: no-cache

19:04:30.039 [AsyncHttpClient-1-5] DEBUG org.asynchttpclient.netty.channel.ChannelManager - Adding key: http://localhost:3078 for channel [id: 0x112149da, L:/127.0.0.1:57383 - R:localhost/127.0.0.1:3078]
19:04:30.044 [Forwarding findElement on session 2d52969e2c611dc0e20d9ef04c390240 to remote] DEBUG org.asynchttpclient.netty.request.NettyRequestSender - Using pooled Channel '[id: 0x112149da, L:/127.0.0.1:57383 - R:localhost/127.0.0.1:3078]' for 'POST' to 'http://localhost:3078/session/2d52969e2c611dc0e20d9ef04c390240/element'
19:04:30.044 [Forwarding findElement on session 2d52969e2c611dc0e20d9ef04c390240 to remote] DEBUG org.asynchttpclient.netty.request.NettyRequestSender - Using open Channel [id: 0x112149da, L:/127.0.0.1:57383 - R:localhost/127.0.0.1:3078] for POST '/session/2d52969e2c611dc0e20d9ef04c390240/element'
19:04:30.062 [AsyncHttpClient-1-5] DEBUG org.asynchttpclient.netty.handler.HttpHandler - 

Request DefaultHttpRequest(decodeResult: success, version: HTTP/1.1)
POST /session/2d52969e2c611dc0e20d9ef04c390240/element HTTP/1.1
User-Agent: selenium/4.8.3 (java windows)
Content-Length: 62
Content-Type: application/json; charset=utf-8
host: localhost:3078
accept: */*

Response DefaultHttpResponse(decodeResult: success, version: HTTP/1.1)
HTTP/1.1 200 OK
Content-Length: 95
Content-Type: application/json; charset=utf-8
cache-control: no-cache

19:04:30.062 [AsyncHttpClient-1-5] DEBUG org.asynchttpclient.netty.channel.ChannelManager - Adding key: http://localhost:3078 for channel [id: 0x112149da, L:/127.0.0.1:57383 - R:localhost/127.0.0.1:3078]
19:04:30.064 [Forwarding clearElement on session 2d52969e2c611dc0e20d9ef04c390240 to remote] DEBUG org.asynchttpclient.netty.request.NettyRequestSender - Using pooled Channel '[id: 0x112149da, L:/127.0.0.1:57383 - R:localhost/127.0.0.1:3078]' for 'POST' to 'http://localhost:3078/session/2d52969e2c611dc0e20d9ef04c390240/element/792D561B5DADF4862E8EBD7C210DD16A_element_34/clear'
19:04:30.064 [Forwarding clearElement on session 2d52969e2c611dc0e20d9ef04c390240 to remote] DEBUG org.asynchttpclient.netty.request.NettyRequestSender - Using open Channel [id: 0x112149da, L:/127.0.0.1:57383 - R:localhost/127.0.0.1:3078] for POST '/session/2d52969e2c611dc0e20d9ef04c390240/element/792D561B5DADF4862E8EBD7C210DD16A_element_34/clear'
19:04:30.087 [AsyncHttpClient-1-5] DEBUG org.asynchttpclient.netty.handler.HttpHandler - 

Request DefaultHttpRequest(decodeResult: success, version: HTTP/1.1)
POST /session/2d52969e2c611dc0e20d9ef04c390240/element/792D561B5DADF4862E8EBD7C210DD16A_element_34/clear HTTP/1.1
User-Agent: selenium/4.8.3 (java windows)
Content-Length: 57
Content-Type: application/json; charset=utf-8
host: localhost:3078
accept: */*

Response DefaultHttpResponse(decodeResult: success, version: HTTP/1.1)
HTTP/1.1 200 OK
Content-Length: 14
Content-Type: application/json; charset=utf-8
cache-control: no-cache

19:04:30.088 [AsyncHttpClient-1-5] DEBUG org.asynchttpclient.netty.channel.ChannelManager - Adding key: http://localhost:3078 for channel [id: 0x112149da, L:/127.0.0.1:57383 - R:localhost/127.0.0.1:3078]
19:04:30.089 [Forwarding findElement on session 2d52969e2c611dc0e20d9ef04c390240 to remote] DEBUG org.asynchttpclient.netty.request.NettyRequestSender - Using pooled Channel '[id: 0x112149da, L:/127.0.0.1:57383 - R:localhost/127.0.0.1:3078]' for 'POST' to 'http://localhost:3078/session/2d52969e2c611dc0e20d9ef04c390240/element'
19:04:30.089 [Forwarding findElement on session 2d52969e2c611dc0e20d9ef04c390240 to remote] DEBUG org.asynchttpclient.netty.request.NettyRequestSender - Using open Channel [id: 0x112149da, L:/127.0.0.1:57383 - R:localhost/127.0.0.1:3078] for POST '/session/2d52969e2c611dc0e20d9ef04c390240/element'
19:04:30.097 [AsyncHttpClient-1-5] DEBUG org.asynchttpclient.netty.handler.HttpHandler - 

Request DefaultHttpRequest(decodeResult: success, version: HTTP/1.1)
POST /session/2d52969e2c611dc0e20d9ef04c390240/element HTTP/1.1
User-Agent: selenium/4.8.3 (java windows)
Content-Length: 62
Content-Type: application/json; charset=utf-8
host: localhost:3078
accept: */*

Response DefaultHttpResponse(decodeResult: success, version: HTTP/1.1)
HTTP/1.1 200 OK
Content-Length: 95
Content-Type: application/json; charset=utf-8
cache-control: no-cache

19:04:30.097 [AsyncHttpClient-1-5] DEBUG org.asynchttpclient.netty.channel.ChannelManager - Adding key: http://localhost:3078 for channel [id: 0x112149da, L:/127.0.0.1:57383 - R:localhost/127.0.0.1:3078]
19:04:30.098 [Forwarding sendKeysToElement on session 2d52969e2c611dc0e20d9ef04c390240 to remote] DEBUG org.asynchttpclient.netty.request.NettyRequestSender - Using pooled Channel '[id: 0x112149da, L:/127.0.0.1:57383 - R:localhost/127.0.0.1:3078]' for 'POST' to 'http://localhost:3078/session/2d52969e2c611dc0e20d9ef04c390240/element/792D561B5DADF4862E8EBD7C210DD16A_element_34/value'
19:04:30.098 [Forwarding sendKeysToElement on session 2d52969e2c611dc0e20d9ef04c390240 to remote] DEBUG org.asynchttpclient.netty.request.NettyRequestSender - Using open Channel [id: 0x112149da, L:/127.0.0.1:57383 - R:localhost/127.0.0.1:3078] for POST '/session/2d52969e2c611dc0e20d9ef04c390240/element/792D561B5DADF4862E8EBD7C210DD16A_element_34/value'
19:04:30.136 [AsyncHttpClient-1-1] DEBUG org.asynchttpclient.netty.channel.DefaultChannelPool - Entry count for : http://localhost:57384 : 1
19:04:30.152 [AsyncHttpClient-1-5] DEBUG org.asynchttpclient.netty.handler.HttpHandler - 

Request DefaultHttpRequest(decodeResult: success, version: HTTP/1.1)
POST /session/2d52969e2c611dc0e20d9ef04c390240/element/792D561B5DADF4862E8EBD7C210DD16A_element_34/value HTTP/1.1
User-Agent: selenium/4.8.3 (java windows)
Content-Length: 148
Content-Type: application/json; charset=utf-8
host: localhost:3078
accept: */*

Response DefaultHttpResponse(decodeResult: success, version: HTTP/1.1)
HTTP/1.1 200 OK
Content-Length: 14
Content-Type: application/json; charset=utf-8
cache-control: no-cache

19:04:30.153 [AsyncHttpClient-1-5] DEBUG org.asynchttpclient.netty.channel.ChannelManager - Adding key: http://localhost:3078 for channel [id: 0x112149da, L:/127.0.0.1:57383 - R:localhost/127.0.0.1:3078]
19:04:30.154 [Forwarding findElement on session 2d52969e2c611dc0e20d9ef04c390240 to remote] DEBUG org.asynchttpclient.netty.request.NettyRequestSender - Using pooled Channel '[id: 0x112149da, L:/127.0.0.1:57383 - R:localhost/127.0.0.1:3078]' for 'POST' to 'http://localhost:3078/session/2d52969e2c611dc0e20d9ef04c390240/element'
19:04:30.154 [Forwarding findElement on session 2d52969e2c611dc0e20d9ef04c390240 to remote] DEBUG org.asynchttpclient.netty.request.NettyRequestSender - Using open Channel [id: 0x112149da, L:/127.0.0.1:57383 - R:localhost/127.0.0.1:3078] for POST '/session/2d52969e2c611dc0e20d9ef04c390240/element'
19:04:30.167 [AsyncHttpClient-1-5] DEBUG org.asynchttpclient.netty.handler.HttpHandler - 

Request DefaultHttpRequest(decodeResult: success, version: HTTP/1.1)
POST /session/2d52969e2c611dc0e20d9ef04c390240/element HTTP/1.1
User-Agent: selenium/4.8.3 (java windows)
Content-Length: 71
Content-Type: application/json; charset=utf-8
host: localhost:3078
accept: */*

Response DefaultHttpResponse(decodeResult: success, version: HTTP/1.1)
HTTP/1.1 200 OK
Content-Length: 95
Content-Type: application/json; charset=utf-8
cache-control: no-cache

19:04:30.167 [AsyncHttpClient-1-5] DEBUG org.asynchttpclient.netty.channel.ChannelManager - Adding key: http://localhost:3078 for channel [id: 0x112149da, L:/127.0.0.1:57383 - R:localhost/127.0.0.1:3078]
19:04:30.169 [Forwarding clickElement on session 2d52969e2c611dc0e20d9ef04c390240 to remote] DEBUG org.asynchttpclient.netty.request.NettyRequestSender - Using pooled Channel '[id: 0x112149da, L:/127.0.0.1:57383 - R:localhost/127.0.0.1:3078]' for 'POST' to 'http://localhost:3078/session/2d52969e2c611dc0e20d9ef04c390240/element/792D561B5DADF4862E8EBD7C210DD16A_element_35/click'
19:04:30.169 [Forwarding clickElement on session 2d52969e2c611dc0e20d9ef04c390240 to remote] DEBUG org.asynchttpclient.netty.request.NettyRequestSender - Using open Channel [id: 0x112149da, L:/127.0.0.1:57383 - R:localhost/127.0.0.1:3078] for POST '/session/2d52969e2c611dc0e20d9ef04c390240/element/792D561B5DADF4862E8EBD7C210DD16A_element_35/click'
19:04:30.206 [AsyncHttpClient-1-5] DEBUG org.asynchttpclient.netty.handler.HttpHandler - 

Request DefaultHttpRequest(decodeResult: success, version: HTTP/1.1)
POST /session/2d52969e2c611dc0e20d9ef04c390240/element/792D561B5DADF4862E8EBD7C210DD16A_element_35/click HTTP/1.1
User-Agent: selenium/4.8.3 (java windows)
Content-Length: 57
Content-Type: application/json; charset=utf-8
host: localhost:3078
accept: */*

Response DefaultHttpResponse(decodeResult: success, version: HTTP/1.1)
HTTP/1.1 200 OK
Content-Length: 14
Content-Type: application/json; charset=utf-8
cache-control: no-cache

19:04:30.206 [AsyncHttpClient-1-5] DEBUG org.asynchttpclient.netty.channel.ChannelManager - Adding key: http://localhost:3078 for channel [id: 0x112149da, L:/127.0.0.1:57383 - R:localhost/127.0.0.1:3078]
2023-06-06 19:04:30 INFO  BaseTest:126 - Logged in
19:04:30.208 [rp-io-35] DEBUG com.epam.reportportal.service.Launch - Starting test item...rp-io-35
2023-06-06 19:04:30 INFO  Listeners:34 - Started Test null
19:04:30.211 [Forwarding findElement on session 2d52969e2c611dc0e20d9ef04c390240 to remote] DEBUG org.asynchttpclient.netty.request.NettyRequestSender - Using pooled Channel '[id: 0x112149da, L:/127.0.0.1:57383 - R:localhost/127.0.0.1:3078]' for 'POST' to 'http://localhost:3078/session/2d52969e2c611dc0e20d9ef04c390240/element'
19:04:30.211 [Forwarding findElement on session 2d52969e2c611dc0e20d9ef04c390240 to remote] DEBUG org.asynchttpclient.netty.request.NettyRequestSender - Using open Channel [id: 0x112149da, L:/127.0.0.1:57383 - R:localhost/127.0.0.1:3078] for POST '/session/2d52969e2c611dc0e20d9ef04c390240/element'
19:04:30.227 [rp-io-34] DEBUG com.epam.reportportal.service.Launch - TestItem with ID = '09d47bbc-ae3d-4ae9-906d-969b3dc90132' successfully finished.
19:04:30.227 [rp-io-34] DEBUG com.epam.reportportal.utils.SubscriptionUtils - Finish test item completed
19:04:30.233 [rp-io-35] DEBUG com.epam.reportportal.service.Launch - ReportPortal item with ID '174768b7-f5d9-4148-bd1f-4e8345d5c03e' has been created
19:04:30.233 [rp-io-35] DEBUG com.epam.reportportal.utils.SubscriptionUtils - Start test item successfully completed
19:04:30.570 [AsyncHttpClient-1-5] DEBUG org.asynchttpclient.netty.handler.HttpHandler - 

Request DefaultHttpRequest(decodeResult: success, version: HTTP/1.1)
POST /session/2d52969e2c611dc0e20d9ef04c390240/element HTTP/1.1
User-Agent: selenium/4.8.3 (java windows)
Content-Length: 168
Content-Type: application/json; charset=utf-8
host: localhost:3078
accept: */*

Response DefaultHttpResponse(decodeResult: success, version: HTTP/1.1)
HTTP/1.1 200 OK
Content-Length: 95
Content-Type: application/json; charset=utf-8
cache-control: no-cache

19:04:30.571 [AsyncHttpClient-1-5] DEBUG org.asynchttpclient.netty.channel.ChannelManager - Adding key: http://localhost:3078 for channel [id: 0x112149da, L:/127.0.0.1:57383 - R:localhost/127.0.0.1:3078]
19:04:30.572 [Forwarding clickElement on session 2d52969e2c611dc0e20d9ef04c390240 to remote] DEBUG org.asynchttpclient.netty.request.NettyRequestSender - Using pooled Channel '[id: 0x112149da, L:/127.0.0.1:57383 - R:localhost/127.0.0.1:3078]' for 'POST' to 'http://localhost:3078/session/2d52969e2c611dc0e20d9ef04c390240/element/792D561B5DADF4862E8EBD7C210DD16A_element_47/click'
19:04:30.572 [Forwarding clickElement on session 2d52969e2c611dc0e20d9ef04c390240 to remote] DEBUG org.asynchttpclient.netty.request.NettyRequestSender - Using open Channel [id: 0x112149da, L:/127.0.0.1:57383 - R:localhost/127.0.0.1:3078] for POST '/session/2d52969e2c611dc0e20d9ef04c390240/element/792D561B5DADF4862E8EBD7C210DD16A_element_47/click'
19:04:31.066 [AsyncHttpClient-1-5] DEBUG org.asynchttpclient.netty.handler.HttpHandler - 

Request DefaultHttpRequest(decodeResult: success, version: HTTP/1.1)
POST /session/2d52969e2c611dc0e20d9ef04c390240/element/792D561B5DADF4862E8EBD7C210DD16A_element_47/click HTTP/1.1
User-Agent: selenium/4.8.3 (java windows)
Content-Length: 57
Content-Type: application/json; charset=utf-8
host: localhost:3078
accept: */*

Response DefaultHttpResponse(decodeResult: success, version: HTTP/1.1)
HTTP/1.1 200 OK
Content-Length: 14
Content-Type: application/json; charset=utf-8
cache-control: no-cache

19:04:31.067 [AsyncHttpClient-1-5] DEBUG org.asynchttpclient.netty.channel.ChannelManager - Adding key: http://localhost:3078 for channel [id: 0x112149da, L:/127.0.0.1:57383 - R:localhost/127.0.0.1:3078]
19:04:31.069 [Forwarding findElement on session 2d52969e2c611dc0e20d9ef04c390240 to remote] DEBUG org.asynchttpclient.netty.request.NettyRequestSender - Using pooled Channel '[id: 0x112149da, L:/127.0.0.1:57383 - R:localhost/127.0.0.1:3078]' for 'POST' to 'http://localhost:3078/session/2d52969e2c611dc0e20d9ef04c390240/element'
19:04:31.069 [Forwarding findElement on session 2d52969e2c611dc0e20d9ef04c390240 to remote] DEBUG org.asynchttpclient.netty.request.NettyRequestSender - Using open Channel [id: 0x112149da, L:/127.0.0.1:57383 - R:localhost/127.0.0.1:3078] for POST '/session/2d52969e2c611dc0e20d9ef04c390240/element'
19:04:31.108 [AsyncHttpClient-1-5] DEBUG org.asynchttpclient.netty.handler.HttpHandler - 

Request DefaultHttpRequest(decodeResult: success, version: HTTP/1.1)
POST /session/2d52969e2c611dc0e20d9ef04c390240/element HTTP/1.1
User-Agent: selenium/4.8.3 (java windows)
Content-Length: 82
Content-Type: application/json; charset=utf-8
host: localhost:3078
accept: */*

Response DefaultHttpResponse(decodeResult: success, version: HTTP/1.1)
HTTP/1.1 200 OK
Content-Length: 95
Content-Type: application/json; charset=utf-8
cache-control: no-cache

19:04:31.108 [AsyncHttpClient-1-5] DEBUG org.asynchttpclient.netty.channel.ChannelManager - Adding key: http://localhost:3078 for channel [id: 0x112149da, L:/127.0.0.1:57383 - R:localhost/127.0.0.1:3078]
19:04:31.109 [Forwarding executeScript on session 2d52969e2c611dc0e20d9ef04c390240 to remote] DEBUG org.asynchttpclient.netty.request.NettyRequestSender - Using pooled Channel '[id: 0x112149da, L:/127.0.0.1:57383 - R:localhost/127.0.0.1:3078]' for 'POST' to 'http://localhost:3078/session/2d52969e2c611dc0e20d9ef04c390240/execute/sync'
19:04:31.109 [Forwarding executeScript on session 2d52969e2c611dc0e20d9ef04c390240 to remote] DEBUG org.asynchttpclient.netty.request.NettyRequestSender - Using open Channel [id: 0x112149da, L:/127.0.0.1:57383 - R:localhost/127.0.0.1:3078] for POST '/session/2d52969e2c611dc0e20d9ef04c390240/execute/sync'
19:04:31.116 [AsyncHttpClient-1-5] DEBUG org.asynchttpclient.netty.handler.HttpHandler - 

Request DefaultHttpRequest(decodeResult: success, version: HTTP/1.1)
POST /session/2d52969e2c611dc0e20d9ef04c390240/execute/sync HTTP/1.1
User-Agent: selenium/4.8.3 (java windows)
Content-Length: 232
Content-Type: application/json; charset=utf-8
host: localhost:3078
accept: */*

Response DefaultHttpResponse(decodeResult: success, version: HTTP/1.1)
HTTP/1.1 200 OK
Content-Length: 14
Content-Type: application/json; charset=utf-8
cache-control: no-cache

19:04:31.117 [AsyncHttpClient-1-5] DEBUG org.asynchttpclient.netty.channel.ChannelManager - Adding key: http://localhost:3078 for channel [id: 0x112149da, L:/127.0.0.1:57383 - R:localhost/127.0.0.1:3078]
19:04:31.117 [Forwarding findElement on session 2d52969e2c611dc0e20d9ef04c390240 to remote] DEBUG org.asynchttpclient.netty.request.NettyRequestSender - Using pooled Channel '[id: 0x112149da, L:/127.0.0.1:57383 - R:localhost/127.0.0.1:3078]' for 'POST' to 'http://localhost:3078/session/2d52969e2c611dc0e20d9ef04c390240/element'
19:04:31.118 [Forwarding findElement on session 2d52969e2c611dc0e20d9ef04c390240 to remote] DEBUG org.asynchttpclient.netty.request.NettyRequestSender - Using open Channel [id: 0x112149da, L:/127.0.0.1:57383 - R:localhost/127.0.0.1:3078] for POST '/session/2d52969e2c611dc0e20d9ef04c390240/element'
19:04:31.128 [AsyncHttpClient-1-5] DEBUG org.asynchttpclient.netty.handler.HttpHandler - 

Request DefaultHttpRequest(decodeResult: success, version: HTTP/1.1)
POST /session/2d52969e2c611dc0e20d9ef04c390240/element HTTP/1.1
User-Agent: selenium/4.8.3 (java windows)
Content-Length: 82
Content-Type: application/json; charset=utf-8
host: localhost:3078
accept: */*

Response DefaultHttpResponse(decodeResult: success, version: HTTP/1.1)
HTTP/1.1 200 OK
Content-Length: 95
Content-Type: application/json; charset=utf-8
cache-control: no-cache

19:04:31.128 [AsyncHttpClient-1-5] DEBUG org.asynchttpclient.netty.channel.ChannelManager - Adding key: http://localhost:3078 for channel [id: 0x112149da, L:/127.0.0.1:57383 - R:localhost/127.0.0.1:3078]
19:04:31.131 [Forwarding isElementDisplayed on session 2d52969e2c611dc0e20d9ef04c390240 to remote] DEBUG org.asynchttpclient.netty.request.NettyRequestSender - Using pooled Channel '[id: 0x112149da, L:/127.0.0.1:57383 - R:localhost/127.0.0.1:3078]' for 'POST' to 'http://localhost:3078/session/2d52969e2c611dc0e20d9ef04c390240/execute/sync'
19:04:31.131 [Forwarding isElementDisplayed on session 2d52969e2c611dc0e20d9ef04c390240 to remote] DEBUG org.asynchttpclient.netty.request.NettyRequestSender - Using open Channel [id: 0x112149da, L:/127.0.0.1:57383 - R:localhost/127.0.0.1:3078] for POST '/session/2d52969e2c611dc0e20d9ef04c390240/execute/sync'
19:04:31.147 [AsyncHttpClient-1-5] DEBUG org.asynchttpclient.netty.handler.HttpHandler - 

Request DefaultHttpRequest(decodeResult: success, version: HTTP/1.1)
POST /session/2d52969e2c611dc0e20d9ef04c390240/execute/sync HTTP/1.1
User-Agent: selenium/4.8.3 (java windows)
Content-Length: 48814
Content-Type: application/json; charset=utf-8
host: localhost:3078
accept: */*

Response DefaultHttpResponse(decodeResult: success, version: HTTP/1.1)
HTTP/1.1 200 OK
Content-Length: 14
Content-Type: application/json; charset=utf-8
cache-control: no-cache

19:04:31.148 [AsyncHttpClient-1-5] DEBUG org.asynchttpclient.netty.channel.ChannelManager - Adding key: http://localhost:3078 for channel [id: 0x112149da, L:/127.0.0.1:57383 - R:localhost/127.0.0.1:3078]
2023-06-06 19:04:31 INFO  Listeners:38 - Succeeded Test null
]]></system-out>
    <system-err><![CDATA[Starting ChromeDriver 114.0.5735.90 (386bc09e8f4f2e025eddae123f36f6263096ae49-refs/branch-heads/5735@{#1052}) on port 3078
Only local connections are allowed.
Please see https://chromedriver.chromium.org/security-considerations for suggestions on keeping ChromeDriver safe.
ChromeDriver was started successfully.
Jun 06, 2023 7:04:28 PM org.openqa.selenium.devtools.CdpVersionFinder findNearestMatch
WARNING: Unable to find an exact match for CDP version 114, so returning the closest version found: 111
]]></system-err>
  </testcase>
  <testcase name="searchDashboardNameDP[INVESTIGATED PERCENTAGE OF LAUNCHES](3)" classname="alltests.uitest.coreTest.DashboardPageTest" time="1.189">
    <system-out><![CDATA[19:04:31.150 [rp-io-41] DEBUG com.epam.reportportal.service.Launch - Starting test item...rp-io-41
19:04:31.151 [AsyncHttpClient-1-7] DEBUG org.asynchttpclient.netty.handler.WebSocketHandler - Channel Closed: [id: 0xa55edfdd, L:/127.0.0.1:57391 ! R:localhost/127.0.0.1:57384] with attribute NettyResponseFuture{currentRetry=0,
	isDone=1,
	isCancelled=0,
	asyncHandler=org.asynchttpclient.ws.WebSocketUpgradeHandler@53686e6c,
	nettyRequest=org.asynchttpclient.netty.request.NettyRequest@166aea65,
	future=java.util.concurrent.CompletableFuture@4f8bb551[Completed normally],
	uri=ws://localhost:57384/devtools/browser/fe10d7a6-456f-495d-80b9-47de04ff7637,
	keepAlive=true,
	redirectCount=0,
	timeoutsHolder=null,
	inAuth=0,
	touch=1686071068362}
19:04:31.152 [AsyncHttpClient-1-7] DEBUG org.asynchttpclient.netty.channel.ChannelManager - Closing Channel [id: 0xa55edfdd, L:/127.0.0.1:57391 ! R:localhost/127.0.0.1:57384] 
19:04:31.153 [Driver Command Executor] DEBUG org.asynchttpclient.netty.request.NettyRequestSender - Using pooled Channel '[id: 0x112149da, L:/127.0.0.1:57383 - R:localhost/127.0.0.1:3078]' for 'DELETE' to 'http://localhost:3078/session/2d52969e2c611dc0e20d9ef04c390240'
19:04:31.153 [Driver Command Executor] DEBUG org.asynchttpclient.netty.request.NettyRequestSender - Using open Channel [id: 0x112149da, L:/127.0.0.1:57383 - R:localhost/127.0.0.1:3078] for DELETE '/session/2d52969e2c611dc0e20d9ef04c390240'
19:04:31.178 [rp-io-40] DEBUG com.epam.reportportal.service.Launch - TestItem with ID = '174768b7-f5d9-4148-bd1f-4e8345d5c03e' successfully finished.
19:04:31.178 [rp-io-41] DEBUG com.epam.reportportal.service.Launch - ReportPortal item with ID '8f160eaf-ec10-4623-a5fb-e8c4d6d4e4a4' has been created
19:04:31.178 [rp-io-40] DEBUG com.epam.reportportal.utils.SubscriptionUtils - Finish test item completed
19:04:31.178 [rp-io-41] DEBUG com.epam.reportportal.utils.SubscriptionUtils - Start test item successfully completed
19:04:31.201 [AsyncHttpClient-1-6] DEBUG org.asynchttpclient.netty.handler.HttpHandler - Unexpected I/O exception on channel [id: 0xa6c71c17, L:/127.0.0.1:57390 - R:localhost/127.0.0.1:57384]
java.net.SocketException: Connection reset
	at java.base/sun.nio.ch.SocketChannelImpl.throwConnectionReset(SocketChannelImpl.java:394)
	at java.base/sun.nio.ch.SocketChannelImpl.read(SocketChannelImpl.java:426)
	at io.netty.buffer.PooledByteBuf.setBytes(PooledByteBuf.java:256)
	at io.netty.buffer.AbstractByteBuf.writeBytes(AbstractByteBuf.java:1132)
	at io.netty.channel.socket.nio.NioSocketChannel.doReadBytes(NioSocketChannel.java:357)
	at io.netty.channel.nio.AbstractNioByteChannel$NioByteUnsafe.read(AbstractNioByteChannel.java:151)
	at io.netty.channel.nio.NioEventLoop.processSelectedKey(NioEventLoop.java:788)
	at io.netty.channel.nio.NioEventLoop.processSelectedKeysOptimized(NioEventLoop.java:724)
	at io.netty.channel.nio.NioEventLoop.processSelectedKeys(NioEventLoop.java:650)
	at io.netty.channel.nio.NioEventLoop.run(NioEventLoop.java:562)
	at io.netty.util.concurrent.SingleThreadEventExecutor$4.run(SingleThreadEventExecutor.java:997)
	at io.netty.util.internal.ThreadExecutorMap$2.run(ThreadExecutorMap.java:74)
	at io.netty.util.concurrent.FastThreadLocalRunnable.run(FastThreadLocalRunnable.java:30)
	at java.base/java.lang.Thread.run(Thread.java:833)
19:04:31.201 [AsyncHttpClient-1-6] DEBUG org.asynchttpclient.netty.channel.ChannelManager - Closing Channel [id: 0xa6c71c17, L:/127.0.0.1:57390 - R:localhost/127.0.0.1:57384] 
19:04:31.201 [AsyncHttpClient-1-6] DEBUG org.asynchttpclient.netty.handler.HttpHandler - Channel Closed: [id: 0xa6c71c17, L:/127.0.0.1:57390 ! R:localhost/127.0.0.1:57384] with attribute DISCARD
19:04:31.225 [AsyncHttpClient-1-5] DEBUG org.asynchttpclient.netty.handler.HttpHandler - 

Request DefaultFullHttpRequest(decodeResult: success, version: HTTP/1.1, content: EmptyByteBufBE)
DELETE /session/2d52969e2c611dc0e20d9ef04c390240 HTTP/1.1
User-Agent: selenium/4.8.3 (java windows)
Content-Type: application/json; charset=utf-8
host: localhost:3078
accept: */*

Response DefaultHttpResponse(decodeResult: success, version: HTTP/1.1)
HTTP/1.1 200 OK
Content-Length: 14
Content-Type: application/json; charset=utf-8
cache-control: no-cache

19:04:31.225 [AsyncHttpClient-1-5] DEBUG org.asynchttpclient.netty.channel.ChannelManager - Adding key: http://localhost:3078 for channel [id: 0x112149da, L:/127.0.0.1:57383 - R:localhost/127.0.0.1:3078]
19:04:31.236 [AsyncHttpClient-1-1] DEBUG org.asynchttpclient.netty.channel.DefaultChannelPool - Entry count for : http://localhost:57384 : 1
19:04:31.236 [AsyncHttpClient-1-1] DEBUG org.asynchttpclient.netty.channel.DefaultChannelPool - Entry count for : http://localhost:3078 : 1
19:04:31.236 [AsyncHttpClient-1-1] DEBUG org.asynchttpclient.netty.channel.DefaultChannelPool - Adding Candidate expired Channel [id: 0xa6c71c17, L:/127.0.0.1:57390 ! R:localhost/127.0.0.1:57384] isIdleTimeoutExpired=false isRemotelyClosed=true isTtlExpired=false
19:04:31.236 [AsyncHttpClient-1-1] DEBUG org.asynchttpclient.netty.channel.DefaultChannelPool - Closing Idle Channel [id: 0xa6c71c17, L:/127.0.0.1:57390 ! R:localhost/127.0.0.1:57384]
19:04:31.237 [AsyncHttpClient-1-1] DEBUG org.asynchttpclient.netty.channel.DefaultChannelPool - Closed 1 connections out of 2 in 1 ms
19:04:31.269 [AsyncHttpClient-1-5] DEBUG org.asynchttpclient.netty.handler.HttpHandler - Channel Closed: [id: 0x112149da, L:/127.0.0.1:57383 ! R:localhost/127.0.0.1:3078] with attribute DISCARD
2023-06-06 19:04:31 INFO  BaseTest:83 - Test executed**********
19:04:31.317 [rp-io-47] DEBUG com.epam.reportportal.service.Launch - Starting test item...rp-io-47
2023-06-06 19:04:31 INFO  BaseTest:110 - Property files loaded successfully**********
19:04:31.331 [main] DEBUG io.github.bonigarcia.wdm.cache.ResolutionCache - Resolution chrome=114 in cache (valid until 19:20:28 06/06/2023 CEST)
19:04:31.331 [main] DEBUG io.github.bonigarcia.wdm.cache.ResolutionCache - Resolution chrome114=114.0.5735.90 in cache (valid until 16:16:26 07/06/2023 CEST)
19:04:31.332 [main] INFO io.github.bonigarcia.wdm.WebDriverManager - Using chromedriver 114.0.5735.90 (resolved driver for Chrome 114)
19:04:31.332 [rp-io-46] DEBUG com.epam.reportportal.service.Launch - TestItem with ID = '8f160eaf-ec10-4623-a5fb-e8c4d6d4e4a4' successfully finished.
19:04:31.332 [rp-io-46] DEBUG com.epam.reportportal.utils.SubscriptionUtils - Finish test item completed
19:04:31.338 [rp-io-47] DEBUG com.epam.reportportal.service.Launch - ReportPortal item with ID '8da81dac-af68-4a94-980e-c4f60e48a18f' has been created
19:04:31.338 [rp-io-47] DEBUG com.epam.reportportal.utils.SubscriptionUtils - Start test item successfully completed
19:04:31.341 [main] DEBUG io.github.bonigarcia.wdm.WebDriverManager - Driver chromedriver 114.0.5735.90 found in cache
19:04:31.341 [main] INFO io.github.bonigarcia.wdm.WebDriverManager - Exporting webdriver.chrome.driver as C:\Users\Suwarna_Wagh\.cache\selenium\chromedriver\win32\114.0.5735.90\chromedriver.exe
19:04:31.541 [AsyncHttpClient-1-8] DEBUG org.asynchttpclient.netty.channel.NettyConnectListener - Using new Channel '[id: 0x57172da9, L:/127.0.0.1:57415 - R:localhost/127.0.0.1:48510]' for 'POST' to '/session'
19:04:31.604 [Finalizer] DEBUG org.apache.http.impl.conn.DefaultClientConnection - Connection 0.0.0.0:57333<->127.0.0.1:8080 closed
19:04:31.604 [Finalizer] DEBUG org.apache.http.impl.conn.DefaultClientConnection - Connection 0.0.0.0:57329<->127.0.0.1:8080 closed
19:04:32.336 [AsyncHttpClient-1-1] DEBUG org.asynchttpclient.netty.channel.DefaultChannelPool - Entry count for : http://localhost:3078 : 1
19:04:32.336 [AsyncHttpClient-1-1] DEBUG org.asynchttpclient.netty.channel.DefaultChannelPool - Adding Candidate expired Channel [id: 0x112149da, L:/127.0.0.1:57383 ! R:localhost/127.0.0.1:3078] isIdleTimeoutExpired=false isRemotelyClosed=true isTtlExpired=false
19:04:32.336 [AsyncHttpClient-1-1] DEBUG org.asynchttpclient.netty.channel.DefaultChannelPool - Closing Idle Channel [id: 0x112149da, L:/127.0.0.1:57383 ! R:localhost/127.0.0.1:3078]
19:04:32.336 [AsyncHttpClient-1-1] DEBUG org.asynchttpclient.netty.channel.DefaultChannelPool - Closed 1 connections out of 1 in 0 ms
19:04:32.418 [AsyncHttpClient-1-8] DEBUG org.asynchttpclient.netty.handler.HttpHandler - 

Request DefaultHttpRequest(decodeResult: success, version: HTTP/1.1)
POST /session HTTP/1.1
User-Agent: selenium/4.8.3 (java windows)
Content-Length: 439
Content-Type: application/json; charset=utf-8
host: localhost:48510
accept: */*

Response DefaultHttpResponse(decodeResult: success, version: HTTP/1.1)
HTTP/1.1 200 OK
Content-Length: 864
Content-Type: application/json; charset=utf-8
cache-control: no-cache

19:04:32.419 [AsyncHttpClient-1-8] DEBUG org.asynchttpclient.netty.channel.ChannelManager - Adding key: http://localhost:48510 for channel [id: 0x57172da9, L:/127.0.0.1:57415 - R:localhost/127.0.0.1:48510]
19:04:32.426 [AsyncHttpClient-1-9] DEBUG org.asynchttpclient.netty.channel.NettyConnectListener - Using new Channel '[id: 0xeecefd6e, L:/127.0.0.1:57423 - R:localhost/127.0.0.1:57416]' for 'GET' to '/json/version'
19:04:32.428 [AsyncHttpClient-1-9] DEBUG org.asynchttpclient.netty.handler.HttpHandler - 

Request DefaultFullHttpRequest(decodeResult: success, version: HTTP/1.1, content: EmptyByteBufBE)
GET /json/version HTTP/1.1
User-Agent: selenium/4.8.3 (java windows)
host: localhost:57416
accept: */*

Response DefaultHttpResponse(decodeResult: success, version: HTTP/1.1)
HTTP/1.1 200 OK
Content-Security-Policy: frame-ancestors 'none'
Content-Length: 424
Content-Type: application/json; charset=UTF-8

19:04:32.428 [AsyncHttpClient-1-9] DEBUG org.asynchttpclient.netty.channel.ChannelManager - Adding key: http://localhost:57416 for channel [id: 0xeecefd6e, L:/127.0.0.1:57423 - R:localhost/127.0.0.1:57416]
19:04:32.431 [AsyncHttpClient-1-10] DEBUG org.asynchttpclient.netty.channel.NettyConnectListener - Using new Channel '[id: 0x1231dc95, L:/127.0.0.1:57424 - R:localhost/127.0.0.1:57416]' for 'GET' to '/devtools/browser/e7cddbd6-db93-45d9-a49f-66935c7a76f7'
19:04:32.433 [AsyncHttpClient-1-10] DEBUG org.asynchttpclient.netty.handler.WebSocketHandler - 

Request DefaultFullHttpRequest(decodeResult: success, version: HTTP/1.1, content: EmptyByteBufBE)
GET /devtools/browser/e7cddbd6-db93-45d9-a49f-66935c7a76f7 HTTP/1.1
upgrade: websocket
connection: upgrade
sec-websocket-key: MiTrx+yOSFrCl3obnxonbQ==
sec-websocket-version: 13
origin: http://localhost:57416
host: localhost:57416
accept: */*
user-agent: AHC/2.1

Response DefaultHttpResponse(decodeResult: success, version: HTTP/1.1)
HTTP/1.1 101 WebSocket Protocol Handshake
Upgrade: WebSocket
Connection: Upgrade
Sec-WebSocket-Accept: h1Z8oDA4hK14ZO6onbWvOi6iM0c=

19:04:32.439 [Forwarding setTimeout on session 21837ec95b9d3d96c433e10ee85a1e85 to remote] DEBUG org.asynchttpclient.netty.request.NettyRequestSender - Using pooled Channel '[id: 0x57172da9, L:/127.0.0.1:57415 - R:localhost/127.0.0.1:48510]' for 'POST' to 'http://localhost:48510/session/21837ec95b9d3d96c433e10ee85a1e85/timeouts'
19:04:32.439 [Forwarding setTimeout on session 21837ec95b9d3d96c433e10ee85a1e85 to remote] DEBUG org.asynchttpclient.netty.request.NettyRequestSender - Using open Channel [id: 0x57172da9, L:/127.0.0.1:57415 - R:localhost/127.0.0.1:48510] for POST '/session/21837ec95b9d3d96c433e10ee85a1e85/timeouts'
19:04:32.440 [AsyncHttpClient-1-8] DEBUG org.asynchttpclient.netty.handler.HttpHandler - 

Request DefaultHttpRequest(decodeResult: success, version: HTTP/1.1)
POST /session/21837ec95b9d3d96c433e10ee85a1e85/timeouts HTTP/1.1
User-Agent: selenium/4.8.3 (java windows)
Content-Length: 22
Content-Type: application/json; charset=utf-8
host: localhost:48510
accept: */*

Response DefaultHttpResponse(decodeResult: success, version: HTTP/1.1)
HTTP/1.1 200 OK
Content-Length: 14
Content-Type: application/json; charset=utf-8
cache-control: no-cache

19:04:32.440 [AsyncHttpClient-1-8] DEBUG org.asynchttpclient.netty.channel.ChannelManager - Adding key: http://localhost:48510 for channel [id: 0x57172da9, L:/127.0.0.1:57415 - R:localhost/127.0.0.1:48510]
19:04:32.442 [Forwarding maximizeCurrentWindow on session 21837ec95b9d3d96c433e10ee85a1e85 to remote] DEBUG org.asynchttpclient.netty.request.NettyRequestSender - Using pooled Channel '[id: 0x57172da9, L:/127.0.0.1:57415 - R:localhost/127.0.0.1:48510]' for 'POST' to 'http://localhost:48510/session/21837ec95b9d3d96c433e10ee85a1e85/window/maximize'
19:04:32.443 [Forwarding maximizeCurrentWindow on session 21837ec95b9d3d96c433e10ee85a1e85 to remote] DEBUG org.asynchttpclient.netty.request.NettyRequestSender - Using open Channel [id: 0x57172da9, L:/127.0.0.1:57415 - R:localhost/127.0.0.1:48510] for POST '/session/21837ec95b9d3d96c433e10ee85a1e85/window/maximize'
19:04:32.561 [AsyncHttpClient-1-8] DEBUG org.asynchttpclient.netty.handler.HttpHandler - 

Request DefaultHttpRequest(decodeResult: success, version: HTTP/1.1)
POST /session/21837ec95b9d3d96c433e10ee85a1e85/window/maximize HTTP/1.1
User-Agent: selenium/4.8.3 (java windows)
Content-Length: 3
Content-Type: application/json; charset=utf-8
host: localhost:48510
accept: */*

Response DefaultHttpResponse(decodeResult: success, version: HTTP/1.1)
HTTP/1.1 200 OK
Content-Length: 51
Content-Type: application/json; charset=utf-8
cache-control: no-cache

19:04:32.561 [AsyncHttpClient-1-8] DEBUG org.asynchttpclient.netty.channel.ChannelManager - Adding key: http://localhost:48510 for channel [id: 0x57172da9, L:/127.0.0.1:57415 - R:localhost/127.0.0.1:48510]
19:04:32.562 [Forwarding get on session 21837ec95b9d3d96c433e10ee85a1e85 to remote] DEBUG org.asynchttpclient.netty.request.NettyRequestSender - Using pooled Channel '[id: 0x57172da9, L:/127.0.0.1:57415 - R:localhost/127.0.0.1:48510]' for 'POST' to 'http://localhost:48510/session/21837ec95b9d3d96c433e10ee85a1e85/url'
19:04:32.562 [Forwarding get on session 21837ec95b9d3d96c433e10ee85a1e85 to remote] DEBUG org.asynchttpclient.netty.request.NettyRequestSender - Using open Channel [id: 0x57172da9, L:/127.0.0.1:57415 - R:localhost/127.0.0.1:48510] for POST '/session/21837ec95b9d3d96c433e10ee85a1e85/url'
19:04:33.437 [AsyncHttpClient-1-1] DEBUG org.asynchttpclient.netty.channel.DefaultChannelPool - Entry count for : http://localhost:57416 : 1
19:04:34.017 [AsyncHttpClient-1-8] DEBUG org.asynchttpclient.netty.handler.HttpHandler - 

Request DefaultHttpRequest(decodeResult: success, version: HTTP/1.1)
POST /session/21837ec95b9d3d96c433e10ee85a1e85/url HTTP/1.1
User-Agent: selenium/4.8.3 (java windows)
Content-Length: 52
Content-Type: application/json; charset=utf-8
host: localhost:48510
accept: */*

Response DefaultHttpResponse(decodeResult: success, version: HTTP/1.1)
HTTP/1.1 200 OK
Content-Length: 14
Content-Type: application/json; charset=utf-8
cache-control: no-cache

19:04:34.017 [AsyncHttpClient-1-8] DEBUG org.asynchttpclient.netty.channel.ChannelManager - Adding key: http://localhost:48510 for channel [id: 0x57172da9, L:/127.0.0.1:57415 - R:localhost/127.0.0.1:48510]
2023-06-06 19:04:34 INFO  BaseTest:104 - Test driver set up done successfully**********
2023-06-06 19:04:34 INFO  BaseTest:122 - Logging in to portal
19:04:34.019 [Forwarding findElement on session 21837ec95b9d3d96c433e10ee85a1e85 to remote] DEBUG org.asynchttpclient.netty.request.NettyRequestSender - Using pooled Channel '[id: 0x57172da9, L:/127.0.0.1:57415 - R:localhost/127.0.0.1:48510]' for 'POST' to 'http://localhost:48510/session/21837ec95b9d3d96c433e10ee85a1e85/element'
19:04:34.019 [Forwarding findElement on session 21837ec95b9d3d96c433e10ee85a1e85 to remote] DEBUG org.asynchttpclient.netty.request.NettyRequestSender - Using open Channel [id: 0x57172da9, L:/127.0.0.1:57415 - R:localhost/127.0.0.1:48510] for POST '/session/21837ec95b9d3d96c433e10ee85a1e85/element'
19:04:34.031 [AsyncHttpClient-1-8] DEBUG org.asynchttpclient.netty.handler.HttpHandler - 

Request DefaultHttpRequest(decodeResult: success, version: HTTP/1.1)
POST /session/21837ec95b9d3d96c433e10ee85a1e85/element HTTP/1.1
User-Agent: selenium/4.8.3 (java windows)
Content-Length: 59
Content-Type: application/json; charset=utf-8
host: localhost:48510
accept: */*

Response DefaultHttpResponse(decodeResult: success, version: HTTP/1.1)
HTTP/1.1 200 OK
Content-Length: 95
Content-Type: application/json; charset=utf-8
cache-control: no-cache

19:04:34.031 [AsyncHttpClient-1-8] DEBUG org.asynchttpclient.netty.channel.ChannelManager - Adding key: http://localhost:48510 for channel [id: 0x57172da9, L:/127.0.0.1:57415 - R:localhost/127.0.0.1:48510]
19:04:34.033 [Forwarding clearElement on session 21837ec95b9d3d96c433e10ee85a1e85 to remote] DEBUG org.asynchttpclient.netty.request.NettyRequestSender - Using pooled Channel '[id: 0x57172da9, L:/127.0.0.1:57415 - R:localhost/127.0.0.1:48510]' for 'POST' to 'http://localhost:48510/session/21837ec95b9d3d96c433e10ee85a1e85/element/DA5C73C1813C870B587FA82D210506AC_element_30/clear'
19:04:34.033 [Forwarding clearElement on session 21837ec95b9d3d96c433e10ee85a1e85 to remote] DEBUG org.asynchttpclient.netty.request.NettyRequestSender - Using open Channel [id: 0x57172da9, L:/127.0.0.1:57415 - R:localhost/127.0.0.1:48510] for POST '/session/21837ec95b9d3d96c433e10ee85a1e85/element/DA5C73C1813C870B587FA82D210506AC_element_30/clear'
19:04:34.073 [AsyncHttpClient-1-8] DEBUG org.asynchttpclient.netty.handler.HttpHandler - 

Request DefaultHttpRequest(decodeResult: success, version: HTTP/1.1)
POST /session/21837ec95b9d3d96c433e10ee85a1e85/element/DA5C73C1813C870B587FA82D210506AC_element_30/clear HTTP/1.1
User-Agent: selenium/4.8.3 (java windows)
Content-Length: 57
Content-Type: application/json; charset=utf-8
host: localhost:48510
accept: */*

Response DefaultHttpResponse(decodeResult: success, version: HTTP/1.1)
HTTP/1.1 200 OK
Content-Length: 14
Content-Type: application/json; charset=utf-8
cache-control: no-cache

19:04:34.073 [AsyncHttpClient-1-8] DEBUG org.asynchttpclient.netty.channel.ChannelManager - Adding key: http://localhost:48510 for channel [id: 0x57172da9, L:/127.0.0.1:57415 - R:localhost/127.0.0.1:48510]
19:04:34.074 [Forwarding findElement on session 21837ec95b9d3d96c433e10ee85a1e85 to remote] DEBUG org.asynchttpclient.netty.request.NettyRequestSender - Using pooled Channel '[id: 0x57172da9, L:/127.0.0.1:57415 - R:localhost/127.0.0.1:48510]' for 'POST' to 'http://localhost:48510/session/21837ec95b9d3d96c433e10ee85a1e85/element'
19:04:34.074 [Forwarding findElement on session 21837ec95b9d3d96c433e10ee85a1e85 to remote] DEBUG org.asynchttpclient.netty.request.NettyRequestSender - Using open Channel [id: 0x57172da9, L:/127.0.0.1:57415 - R:localhost/127.0.0.1:48510] for POST '/session/21837ec95b9d3d96c433e10ee85a1e85/element'
19:04:34.085 [AsyncHttpClient-1-8] DEBUG org.asynchttpclient.netty.handler.HttpHandler - 

Request DefaultHttpRequest(decodeResult: success, version: HTTP/1.1)
POST /session/21837ec95b9d3d96c433e10ee85a1e85/element HTTP/1.1
User-Agent: selenium/4.8.3 (java windows)
Content-Length: 59
Content-Type: application/json; charset=utf-8
host: localhost:48510
accept: */*

Response DefaultHttpResponse(decodeResult: success, version: HTTP/1.1)
HTTP/1.1 200 OK
Content-Length: 95
Content-Type: application/json; charset=utf-8
cache-control: no-cache

19:04:34.085 [AsyncHttpClient-1-8] DEBUG org.asynchttpclient.netty.channel.ChannelManager - Adding key: http://localhost:48510 for channel [id: 0x57172da9, L:/127.0.0.1:57415 - R:localhost/127.0.0.1:48510]
19:04:34.087 [Forwarding sendKeysToElement on session 21837ec95b9d3d96c433e10ee85a1e85 to remote] DEBUG org.asynchttpclient.netty.request.NettyRequestSender - Using pooled Channel '[id: 0x57172da9, L:/127.0.0.1:57415 - R:localhost/127.0.0.1:48510]' for 'POST' to 'http://localhost:48510/session/21837ec95b9d3d96c433e10ee85a1e85/element/DA5C73C1813C870B587FA82D210506AC_element_30/value'
19:04:34.087 [Forwarding sendKeysToElement on session 21837ec95b9d3d96c433e10ee85a1e85 to remote] DEBUG org.asynchttpclient.netty.request.NettyRequestSender - Using open Channel [id: 0x57172da9, L:/127.0.0.1:57415 - R:localhost/127.0.0.1:48510] for POST '/session/21837ec95b9d3d96c433e10ee85a1e85/element/DA5C73C1813C870B587FA82D210506AC_element_30/value'
19:04:34.196 [AsyncHttpClient-1-8] DEBUG org.asynchttpclient.netty.handler.HttpHandler - 

Request DefaultHttpRequest(decodeResult: success, version: HTTP/1.1)
POST /session/21837ec95b9d3d96c433e10ee85a1e85/element/DA5C73C1813C870B587FA82D210506AC_element_30/value HTTP/1.1
User-Agent: selenium/4.8.3 (java windows)
Content-Length: 188
Content-Type: application/json; charset=utf-8
host: localhost:48510
accept: */*

Response DefaultHttpResponse(decodeResult: success, version: HTTP/1.1)
HTTP/1.1 200 OK
Content-Length: 14
Content-Type: application/json; charset=utf-8
cache-control: no-cache

19:04:34.196 [AsyncHttpClient-1-8] DEBUG org.asynchttpclient.netty.channel.ChannelManager - Adding key: http://localhost:48510 for channel [id: 0x57172da9, L:/127.0.0.1:57415 - R:localhost/127.0.0.1:48510]
19:04:34.198 [Forwarding findElement on session 21837ec95b9d3d96c433e10ee85a1e85 to remote] DEBUG org.asynchttpclient.netty.request.NettyRequestSender - Using pooled Channel '[id: 0x57172da9, L:/127.0.0.1:57415 - R:localhost/127.0.0.1:48510]' for 'POST' to 'http://localhost:48510/session/21837ec95b9d3d96c433e10ee85a1e85/element'
19:04:34.198 [Forwarding findElement on session 21837ec95b9d3d96c433e10ee85a1e85 to remote] DEBUG org.asynchttpclient.netty.request.NettyRequestSender - Using open Channel [id: 0x57172da9, L:/127.0.0.1:57415 - R:localhost/127.0.0.1:48510] for POST '/session/21837ec95b9d3d96c433e10ee85a1e85/element'
19:04:34.209 [AsyncHttpClient-1-8] DEBUG org.asynchttpclient.netty.handler.HttpHandler - 

Request DefaultHttpRequest(decodeResult: success, version: HTTP/1.1)
POST /session/21837ec95b9d3d96c433e10ee85a1e85/element HTTP/1.1
User-Agent: selenium/4.8.3 (java windows)
Content-Length: 62
Content-Type: application/json; charset=utf-8
host: localhost:48510
accept: */*

Response DefaultHttpResponse(decodeResult: success, version: HTTP/1.1)
HTTP/1.1 200 OK
Content-Length: 95
Content-Type: application/json; charset=utf-8
cache-control: no-cache

19:04:34.209 [AsyncHttpClient-1-8] DEBUG org.asynchttpclient.netty.channel.ChannelManager - Adding key: http://localhost:48510 for channel [id: 0x57172da9, L:/127.0.0.1:57415 - R:localhost/127.0.0.1:48510]
19:04:34.210 [Forwarding clearElement on session 21837ec95b9d3d96c433e10ee85a1e85 to remote] DEBUG org.asynchttpclient.netty.request.NettyRequestSender - Using pooled Channel '[id: 0x57172da9, L:/127.0.0.1:57415 - R:localhost/127.0.0.1:48510]' for 'POST' to 'http://localhost:48510/session/21837ec95b9d3d96c433e10ee85a1e85/element/DA5C73C1813C870B587FA82D210506AC_element_32/clear'
19:04:34.210 [Forwarding clearElement on session 21837ec95b9d3d96c433e10ee85a1e85 to remote] DEBUG org.asynchttpclient.netty.request.NettyRequestSender - Using open Channel [id: 0x57172da9, L:/127.0.0.1:57415 - R:localhost/127.0.0.1:48510] for POST '/session/21837ec95b9d3d96c433e10ee85a1e85/element/DA5C73C1813C870B587FA82D210506AC_element_32/clear'
19:04:34.232 [AsyncHttpClient-1-8] DEBUG org.asynchttpclient.netty.handler.HttpHandler - 

Request DefaultHttpRequest(decodeResult: success, version: HTTP/1.1)
POST /session/21837ec95b9d3d96c433e10ee85a1e85/element/DA5C73C1813C870B587FA82D210506AC_element_32/clear HTTP/1.1
User-Agent: selenium/4.8.3 (java windows)
Content-Length: 57
Content-Type: application/json; charset=utf-8
host: localhost:48510
accept: */*

Response DefaultHttpResponse(decodeResult: success, version: HTTP/1.1)
HTTP/1.1 200 OK
Content-Length: 14
Content-Type: application/json; charset=utf-8
cache-control: no-cache

19:04:34.233 [AsyncHttpClient-1-8] DEBUG org.asynchttpclient.netty.channel.ChannelManager - Adding key: http://localhost:48510 for channel [id: 0x57172da9, L:/127.0.0.1:57415 - R:localhost/127.0.0.1:48510]
19:04:34.234 [Forwarding findElement on session 21837ec95b9d3d96c433e10ee85a1e85 to remote] DEBUG org.asynchttpclient.netty.request.NettyRequestSender - Using pooled Channel '[id: 0x57172da9, L:/127.0.0.1:57415 - R:localhost/127.0.0.1:48510]' for 'POST' to 'http://localhost:48510/session/21837ec95b9d3d96c433e10ee85a1e85/element'
19:04:34.234 [Forwarding findElement on session 21837ec95b9d3d96c433e10ee85a1e85 to remote] DEBUG org.asynchttpclient.netty.request.NettyRequestSender - Using open Channel [id: 0x57172da9, L:/127.0.0.1:57415 - R:localhost/127.0.0.1:48510] for POST '/session/21837ec95b9d3d96c433e10ee85a1e85/element'
19:04:34.240 [AsyncHttpClient-1-8] DEBUG org.asynchttpclient.netty.handler.HttpHandler - 

Request DefaultHttpRequest(decodeResult: success, version: HTTP/1.1)
POST /session/21837ec95b9d3d96c433e10ee85a1e85/element HTTP/1.1
User-Agent: selenium/4.8.3 (java windows)
Content-Length: 62
Content-Type: application/json; charset=utf-8
host: localhost:48510
accept: */*

Response DefaultHttpResponse(decodeResult: success, version: HTTP/1.1)
HTTP/1.1 200 OK
Content-Length: 95
Content-Type: application/json; charset=utf-8
cache-control: no-cache

19:04:34.240 [AsyncHttpClient-1-8] DEBUG org.asynchttpclient.netty.channel.ChannelManager - Adding key: http://localhost:48510 for channel [id: 0x57172da9, L:/127.0.0.1:57415 - R:localhost/127.0.0.1:48510]
19:04:34.241 [Forwarding sendKeysToElement on session 21837ec95b9d3d96c433e10ee85a1e85 to remote] DEBUG org.asynchttpclient.netty.request.NettyRequestSender - Using pooled Channel '[id: 0x57172da9, L:/127.0.0.1:57415 - R:localhost/127.0.0.1:48510]' for 'POST' to 'http://localhost:48510/session/21837ec95b9d3d96c433e10ee85a1e85/element/DA5C73C1813C870B587FA82D210506AC_element_32/value'
19:04:34.241 [Forwarding sendKeysToElement on session 21837ec95b9d3d96c433e10ee85a1e85 to remote] DEBUG org.asynchttpclient.netty.request.NettyRequestSender - Using open Channel [id: 0x57172da9, L:/127.0.0.1:57415 - R:localhost/127.0.0.1:48510] for POST '/session/21837ec95b9d3d96c433e10ee85a1e85/element/DA5C73C1813C870B587FA82D210506AC_element_32/value'
19:04:34.300 [AsyncHttpClient-1-8] DEBUG org.asynchttpclient.netty.handler.HttpHandler - 

Request DefaultHttpRequest(decodeResult: success, version: HTTP/1.1)
POST /session/21837ec95b9d3d96c433e10ee85a1e85/element/DA5C73C1813C870B587FA82D210506AC_element_32/value HTTP/1.1
User-Agent: selenium/4.8.3 (java windows)
Content-Length: 148
Content-Type: application/json; charset=utf-8
host: localhost:48510
accept: */*

Response DefaultHttpResponse(decodeResult: success, version: HTTP/1.1)
HTTP/1.1 200 OK
Content-Length: 14
Content-Type: application/json; charset=utf-8
cache-control: no-cache

19:04:34.301 [AsyncHttpClient-1-8] DEBUG org.asynchttpclient.netty.channel.ChannelManager - Adding key: http://localhost:48510 for channel [id: 0x57172da9, L:/127.0.0.1:57415 - R:localhost/127.0.0.1:48510]
19:04:34.303 [Forwarding findElement on session 21837ec95b9d3d96c433e10ee85a1e85 to remote] DEBUG org.asynchttpclient.netty.request.NettyRequestSender - Using pooled Channel '[id: 0x57172da9, L:/127.0.0.1:57415 - R:localhost/127.0.0.1:48510]' for 'POST' to 'http://localhost:48510/session/21837ec95b9d3d96c433e10ee85a1e85/element'
19:04:34.303 [Forwarding findElement on session 21837ec95b9d3d96c433e10ee85a1e85 to remote] DEBUG org.asynchttpclient.netty.request.NettyRequestSender - Using open Channel [id: 0x57172da9, L:/127.0.0.1:57415 - R:localhost/127.0.0.1:48510] for POST '/session/21837ec95b9d3d96c433e10ee85a1e85/element'
19:04:34.317 [AsyncHttpClient-1-8] DEBUG org.asynchttpclient.netty.handler.HttpHandler - 

Request DefaultHttpRequest(decodeResult: success, version: HTTP/1.1)
POST /session/21837ec95b9d3d96c433e10ee85a1e85/element HTTP/1.1
User-Agent: selenium/4.8.3 (java windows)
Content-Length: 71
Content-Type: application/json; charset=utf-8
host: localhost:48510
accept: */*

Response DefaultHttpResponse(decodeResult: success, version: HTTP/1.1)
HTTP/1.1 200 OK
Content-Length: 95
Content-Type: application/json; charset=utf-8
cache-control: no-cache

19:04:34.317 [AsyncHttpClient-1-8] DEBUG org.asynchttpclient.netty.channel.ChannelManager - Adding key: http://localhost:48510 for channel [id: 0x57172da9, L:/127.0.0.1:57415 - R:localhost/127.0.0.1:48510]
19:04:34.319 [Forwarding clickElement on session 21837ec95b9d3d96c433e10ee85a1e85 to remote] DEBUG org.asynchttpclient.netty.request.NettyRequestSender - Using pooled Channel '[id: 0x57172da9, L:/127.0.0.1:57415 - R:localhost/127.0.0.1:48510]' for 'POST' to 'http://localhost:48510/session/21837ec95b9d3d96c433e10ee85a1e85/element/DA5C73C1813C870B587FA82D210506AC_element_33/click'
19:04:34.319 [Forwarding clickElement on session 21837ec95b9d3d96c433e10ee85a1e85 to remote] DEBUG org.asynchttpclient.netty.request.NettyRequestSender - Using open Channel [id: 0x57172da9, L:/127.0.0.1:57415 - R:localhost/127.0.0.1:48510] for POST '/session/21837ec95b9d3d96c433e10ee85a1e85/element/DA5C73C1813C870B587FA82D210506AC_element_33/click'
19:04:34.364 [AsyncHttpClient-1-8] DEBUG org.asynchttpclient.netty.handler.HttpHandler - 

Request DefaultHttpRequest(decodeResult: success, version: HTTP/1.1)
POST /session/21837ec95b9d3d96c433e10ee85a1e85/element/DA5C73C1813C870B587FA82D210506AC_element_33/click HTTP/1.1
User-Agent: selenium/4.8.3 (java windows)
Content-Length: 57
Content-Type: application/json; charset=utf-8
host: localhost:48510
accept: */*

Response DefaultHttpResponse(decodeResult: success, version: HTTP/1.1)
HTTP/1.1 200 OK
Content-Length: 14
Content-Type: application/json; charset=utf-8
cache-control: no-cache

19:04:34.364 [AsyncHttpClient-1-8] DEBUG org.asynchttpclient.netty.channel.ChannelManager - Adding key: http://localhost:48510 for channel [id: 0x57172da9, L:/127.0.0.1:57415 - R:localhost/127.0.0.1:48510]
2023-06-06 19:04:34 INFO  BaseTest:126 - Logged in
19:04:34.367 [rp-io-53] DEBUG com.epam.reportportal.service.Launch - Starting test item...rp-io-53
2023-06-06 19:04:34 INFO  Listeners:34 - Started Test null
19:04:34.370 [Forwarding findElement on session 21837ec95b9d3d96c433e10ee85a1e85 to remote] DEBUG org.asynchttpclient.netty.request.NettyRequestSender - Using pooled Channel '[id: 0x57172da9, L:/127.0.0.1:57415 - R:localhost/127.0.0.1:48510]' for 'POST' to 'http://localhost:48510/session/21837ec95b9d3d96c433e10ee85a1e85/element'
19:04:34.370 [Forwarding findElement on session 21837ec95b9d3d96c433e10ee85a1e85 to remote] DEBUG org.asynchttpclient.netty.request.NettyRequestSender - Using open Channel [id: 0x57172da9, L:/127.0.0.1:57415 - R:localhost/127.0.0.1:48510] for POST '/session/21837ec95b9d3d96c433e10ee85a1e85/element'
19:04:34.386 [rp-io-51] DEBUG com.epam.reportportal.service.Launch - TestItem with ID = '8da81dac-af68-4a94-980e-c4f60e48a18f' successfully finished.
19:04:34.386 [rp-io-51] DEBUG com.epam.reportportal.utils.SubscriptionUtils - Finish test item completed
19:04:34.392 [rp-io-53] DEBUG com.epam.reportportal.service.Launch - ReportPortal item with ID 'f03ebbc1-efe1-4a96-85e5-64033809c1d8' has been created
19:04:34.392 [rp-io-53] DEBUG com.epam.reportportal.utils.SubscriptionUtils - Start test item successfully completed
19:04:34.537 [AsyncHttpClient-1-1] DEBUG org.asynchttpclient.netty.channel.DefaultChannelPool - Entry count for : http://localhost:57416 : 1
19:04:34.704 [AsyncHttpClient-1-8] DEBUG org.asynchttpclient.netty.handler.HttpHandler - 

Request DefaultHttpRequest(decodeResult: success, version: HTTP/1.1)
POST /session/21837ec95b9d3d96c433e10ee85a1e85/element HTTP/1.1
User-Agent: selenium/4.8.3 (java windows)
Content-Length: 168
Content-Type: application/json; charset=utf-8
host: localhost:48510
accept: */*

Response DefaultHttpResponse(decodeResult: success, version: HTTP/1.1)
HTTP/1.1 200 OK
Content-Length: 95
Content-Type: application/json; charset=utf-8
cache-control: no-cache

19:04:34.705 [AsyncHttpClient-1-8] DEBUG org.asynchttpclient.netty.channel.ChannelManager - Adding key: http://localhost:48510 for channel [id: 0x57172da9, L:/127.0.0.1:57415 - R:localhost/127.0.0.1:48510]
19:04:34.706 [Forwarding clickElement on session 21837ec95b9d3d96c433e10ee85a1e85 to remote] DEBUG org.asynchttpclient.netty.request.NettyRequestSender - Using pooled Channel '[id: 0x57172da9, L:/127.0.0.1:57415 - R:localhost/127.0.0.1:48510]' for 'POST' to 'http://localhost:48510/session/21837ec95b9d3d96c433e10ee85a1e85/element/DA5C73C1813C870B587FA82D210506AC_element_39/click'
19:04:34.707 [Forwarding clickElement on session 21837ec95b9d3d96c433e10ee85a1e85 to remote] DEBUG org.asynchttpclient.netty.request.NettyRequestSender - Using open Channel [id: 0x57172da9, L:/127.0.0.1:57415 - R:localhost/127.0.0.1:48510] for POST '/session/21837ec95b9d3d96c433e10ee85a1e85/element/DA5C73C1813C870B587FA82D210506AC_element_39/click'
19:04:35.020 [AsyncHttpClient-1-8] DEBUG org.asynchttpclient.netty.handler.HttpHandler - 

Request DefaultHttpRequest(decodeResult: success, version: HTTP/1.1)
POST /session/21837ec95b9d3d96c433e10ee85a1e85/element/DA5C73C1813C870B587FA82D210506AC_element_39/click HTTP/1.1
User-Agent: selenium/4.8.3 (java windows)
Content-Length: 57
Content-Type: application/json; charset=utf-8
host: localhost:48510
accept: */*

Response DefaultHttpResponse(decodeResult: success, version: HTTP/1.1)
HTTP/1.1 200 OK
Content-Length: 14
Content-Type: application/json; charset=utf-8
cache-control: no-cache

19:04:35.021 [AsyncHttpClient-1-8] DEBUG org.asynchttpclient.netty.channel.ChannelManager - Adding key: http://localhost:48510 for channel [id: 0x57172da9, L:/127.0.0.1:57415 - R:localhost/127.0.0.1:48510]
19:04:35.022 [Forwarding findElement on session 21837ec95b9d3d96c433e10ee85a1e85 to remote] DEBUG org.asynchttpclient.netty.request.NettyRequestSender - Using pooled Channel '[id: 0x57172da9, L:/127.0.0.1:57415 - R:localhost/127.0.0.1:48510]' for 'POST' to 'http://localhost:48510/session/21837ec95b9d3d96c433e10ee85a1e85/element'
19:04:35.022 [Forwarding findElement on session 21837ec95b9d3d96c433e10ee85a1e85 to remote] DEBUG org.asynchttpclient.netty.request.NettyRequestSender - Using open Channel [id: 0x57172da9, L:/127.0.0.1:57415 - R:localhost/127.0.0.1:48510] for POST '/session/21837ec95b9d3d96c433e10ee85a1e85/element'
19:04:35.046 [AsyncHttpClient-1-8] DEBUG org.asynchttpclient.netty.handler.HttpHandler - 

Request DefaultHttpRequest(decodeResult: success, version: HTTP/1.1)
POST /session/21837ec95b9d3d96c433e10ee85a1e85/element HTTP/1.1
User-Agent: selenium/4.8.3 (java windows)
Content-Length: 96
Content-Type: application/json; charset=utf-8
host: localhost:48510
accept: */*

Response DefaultHttpResponse(decodeResult: success, version: HTTP/1.1)
HTTP/1.1 200 OK
Content-Length: 95
Content-Type: application/json; charset=utf-8
cache-control: no-cache

19:04:35.046 [AsyncHttpClient-1-8] DEBUG org.asynchttpclient.netty.channel.ChannelManager - Adding key: http://localhost:48510 for channel [id: 0x57172da9, L:/127.0.0.1:57415 - R:localhost/127.0.0.1:48510]
19:04:35.048 [Forwarding executeScript on session 21837ec95b9d3d96c433e10ee85a1e85 to remote] DEBUG org.asynchttpclient.netty.request.NettyRequestSender - Using pooled Channel '[id: 0x57172da9, L:/127.0.0.1:57415 - R:localhost/127.0.0.1:48510]' for 'POST' to 'http://localhost:48510/session/21837ec95b9d3d96c433e10ee85a1e85/execute/sync'
19:04:35.048 [Forwarding executeScript on session 21837ec95b9d3d96c433e10ee85a1e85 to remote] DEBUG org.asynchttpclient.netty.request.NettyRequestSender - Using open Channel [id: 0x57172da9, L:/127.0.0.1:57415 - R:localhost/127.0.0.1:48510] for POST '/session/21837ec95b9d3d96c433e10ee85a1e85/execute/sync'
19:04:35.062 [AsyncHttpClient-1-8] DEBUG org.asynchttpclient.netty.handler.HttpHandler - 

Request DefaultHttpRequest(decodeResult: success, version: HTTP/1.1)
POST /session/21837ec95b9d3d96c433e10ee85a1e85/execute/sync HTTP/1.1
User-Agent: selenium/4.8.3 (java windows)
Content-Length: 232
Content-Type: application/json; charset=utf-8
host: localhost:48510
accept: */*

Response DefaultHttpResponse(decodeResult: success, version: HTTP/1.1)
HTTP/1.1 200 OK
Content-Length: 14
Content-Type: application/json; charset=utf-8
cache-control: no-cache

19:04:35.062 [AsyncHttpClient-1-8] DEBUG org.asynchttpclient.netty.channel.ChannelManager - Adding key: http://localhost:48510 for channel [id: 0x57172da9, L:/127.0.0.1:57415 - R:localhost/127.0.0.1:48510]
19:04:35.063 [Forwarding findElement on session 21837ec95b9d3d96c433e10ee85a1e85 to remote] DEBUG org.asynchttpclient.netty.request.NettyRequestSender - Using pooled Channel '[id: 0x57172da9, L:/127.0.0.1:57415 - R:localhost/127.0.0.1:48510]' for 'POST' to 'http://localhost:48510/session/21837ec95b9d3d96c433e10ee85a1e85/element'
19:04:35.063 [Forwarding findElement on session 21837ec95b9d3d96c433e10ee85a1e85 to remote] DEBUG org.asynchttpclient.netty.request.NettyRequestSender - Using open Channel [id: 0x57172da9, L:/127.0.0.1:57415 - R:localhost/127.0.0.1:48510] for POST '/session/21837ec95b9d3d96c433e10ee85a1e85/element'
19:04:35.127 [AsyncHttpClient-1-8] DEBUG org.asynchttpclient.netty.handler.HttpHandler - 

Request DefaultHttpRequest(decodeResult: success, version: HTTP/1.1)
POST /session/21837ec95b9d3d96c433e10ee85a1e85/element HTTP/1.1
User-Agent: selenium/4.8.3 (java windows)
Content-Length: 96
Content-Type: application/json; charset=utf-8
host: localhost:48510
accept: */*

Response DefaultHttpResponse(decodeResult: success, version: HTTP/1.1)
HTTP/1.1 200 OK
Content-Length: 95
Content-Type: application/json; charset=utf-8
cache-control: no-cache

19:04:35.128 [AsyncHttpClient-1-8] DEBUG org.asynchttpclient.netty.channel.ChannelManager - Adding key: http://localhost:48510 for channel [id: 0x57172da9, L:/127.0.0.1:57415 - R:localhost/127.0.0.1:48510]
19:04:35.132 [Forwarding isElementDisplayed on session 21837ec95b9d3d96c433e10ee85a1e85 to remote] DEBUG org.asynchttpclient.netty.request.NettyRequestSender - Using pooled Channel '[id: 0x57172da9, L:/127.0.0.1:57415 - R:localhost/127.0.0.1:48510]' for 'POST' to 'http://localhost:48510/session/21837ec95b9d3d96c433e10ee85a1e85/execute/sync'
19:04:35.132 [Forwarding isElementDisplayed on session 21837ec95b9d3d96c433e10ee85a1e85 to remote] DEBUG org.asynchttpclient.netty.request.NettyRequestSender - Using open Channel [id: 0x57172da9, L:/127.0.0.1:57415 - R:localhost/127.0.0.1:48510] for POST '/session/21837ec95b9d3d96c433e10ee85a1e85/execute/sync'
19:04:35.559 [AsyncHttpClient-1-8] DEBUG org.asynchttpclient.netty.handler.HttpHandler - 

Request DefaultHttpRequest(decodeResult: success, version: HTTP/1.1)
POST /session/21837ec95b9d3d96c433e10ee85a1e85/execute/sync HTTP/1.1
User-Agent: selenium/4.8.3 (java windows)
Content-Length: 48814
Content-Type: application/json; charset=utf-8
host: localhost:48510
accept: */*

Response DefaultHttpResponse(decodeResult: success, version: HTTP/1.1)
HTTP/1.1 200 OK
Content-Length: 14
Content-Type: application/json; charset=utf-8
cache-control: no-cache

19:04:35.560 [AsyncHttpClient-1-8] DEBUG org.asynchttpclient.netty.channel.ChannelManager - Adding key: http://localhost:48510 for channel [id: 0x57172da9, L:/127.0.0.1:57415 - R:localhost/127.0.0.1:48510]
2023-06-06 19:04:35 INFO  Listeners:38 - Succeeded Test null
]]></system-out>
    <system-err><![CDATA[Starting ChromeDriver 114.0.5735.90 (386bc09e8f4f2e025eddae123f36f6263096ae49-refs/branch-heads/5735@{#1052}) on port 48510
Only local connections are allowed.
Please see https://chromedriver.chromium.org/security-considerations for suggestions on keeping ChromeDriver safe.
ChromeDriver was started successfully.
Jun 06, 2023 7:04:32 PM org.openqa.selenium.devtools.CdpVersionFinder findNearestMatch
WARNING: Unable to find an exact match for CDP version 114, so returning the closest version found: 111
]]></system-err>
  </testcase>
  <testcase name="searchDashboardNameDP[TEST CASES GROWTH TREND CHART](4)" classname="alltests.uitest.coreTest.DashboardPageTest" time="1.043">
    <system-out><![CDATA[19:04:35.563 [rp-io-59] DEBUG com.epam.reportportal.service.Launch - Starting test item...rp-io-59
19:04:35.564 [AsyncHttpClient-1-10] DEBUG org.asynchttpclient.netty.handler.WebSocketHandler - Channel Closed: [id: 0x1231dc95, L:/127.0.0.1:57424 ! R:localhost/127.0.0.1:57416] with attribute NettyResponseFuture{currentRetry=0,
	isDone=1,
	isCancelled=0,
	asyncHandler=org.asynchttpclient.ws.WebSocketUpgradeHandler@7ab96bbf,
	nettyRequest=org.asynchttpclient.netty.request.NettyRequest@3fbbfa8c,
	future=java.util.concurrent.CompletableFuture@4784d2cc[Completed normally],
	uri=ws://localhost:57416/devtools/browser/e7cddbd6-db93-45d9-a49f-66935c7a76f7,
	keepAlive=true,
	redirectCount=0,
	timeoutsHolder=null,
	inAuth=0,
	touch=1686071072434}
19:04:35.564 [AsyncHttpClient-1-10] DEBUG org.asynchttpclient.netty.channel.ChannelManager - Closing Channel [id: 0x1231dc95, L:/127.0.0.1:57424 ! R:localhost/127.0.0.1:57416] 
19:04:35.565 [Driver Command Executor] DEBUG org.asynchttpclient.netty.request.NettyRequestSender - Using pooled Channel '[id: 0x57172da9, L:/127.0.0.1:57415 - R:localhost/127.0.0.1:48510]' for 'DELETE' to 'http://localhost:48510/session/21837ec95b9d3d96c433e10ee85a1e85'
19:04:35.565 [Driver Command Executor] DEBUG org.asynchttpclient.netty.request.NettyRequestSender - Using open Channel [id: 0x57172da9, L:/127.0.0.1:57415 - R:localhost/127.0.0.1:48510] for DELETE '/session/21837ec95b9d3d96c433e10ee85a1e85'
19:04:35.594 [rp-io-59] DEBUG com.epam.reportportal.service.Launch - ReportPortal item with ID '64cd1b7c-2b65-4435-91d2-d15301dfe83e' has been created
19:04:35.594 [rp-io-59] DEBUG com.epam.reportportal.utils.SubscriptionUtils - Start test item successfully completed
19:04:35.602 [rp-io-57] DEBUG com.epam.reportportal.service.Launch - TestItem with ID = 'f03ebbc1-efe1-4a96-85e5-64033809c1d8' successfully finished.
19:04:35.602 [rp-io-57] DEBUG com.epam.reportportal.utils.SubscriptionUtils - Finish test item completed
19:04:35.631 [AsyncHttpClient-1-9] DEBUG org.asynchttpclient.netty.handler.HttpHandler - Unexpected I/O exception on channel [id: 0xeecefd6e, L:/127.0.0.1:57423 - R:localhost/127.0.0.1:57416]
java.net.SocketException: Connection reset
	at java.base/sun.nio.ch.SocketChannelImpl.throwConnectionReset(SocketChannelImpl.java:394)
	at java.base/sun.nio.ch.SocketChannelImpl.read(SocketChannelImpl.java:426)
	at io.netty.buffer.PooledByteBuf.setBytes(PooledByteBuf.java:256)
	at io.netty.buffer.AbstractByteBuf.writeBytes(AbstractByteBuf.java:1132)
	at io.netty.channel.socket.nio.NioSocketChannel.doReadBytes(NioSocketChannel.java:357)
	at io.netty.channel.nio.AbstractNioByteChannel$NioByteUnsafe.read(AbstractNioByteChannel.java:151)
	at io.netty.channel.nio.NioEventLoop.processSelectedKey(NioEventLoop.java:788)
	at io.netty.channel.nio.NioEventLoop.processSelectedKeysOptimized(NioEventLoop.java:724)
	at io.netty.channel.nio.NioEventLoop.processSelectedKeys(NioEventLoop.java:650)
	at io.netty.channel.nio.NioEventLoop.run(NioEventLoop.java:562)
	at io.netty.util.concurrent.SingleThreadEventExecutor$4.run(SingleThreadEventExecutor.java:997)
	at io.netty.util.internal.ThreadExecutorMap$2.run(ThreadExecutorMap.java:74)
	at io.netty.util.concurrent.FastThreadLocalRunnable.run(FastThreadLocalRunnable.java:30)
	at java.base/java.lang.Thread.run(Thread.java:833)
19:04:35.631 [AsyncHttpClient-1-9] DEBUG org.asynchttpclient.netty.channel.ChannelManager - Closing Channel [id: 0xeecefd6e, L:/127.0.0.1:57423 - R:localhost/127.0.0.1:57416] 
19:04:35.631 [AsyncHttpClient-1-9] DEBUG org.asynchttpclient.netty.handler.HttpHandler - Channel Closed: [id: 0xeecefd6e, L:/127.0.0.1:57423 ! R:localhost/127.0.0.1:57416] with attribute DISCARD
19:04:35.636 [AsyncHttpClient-1-1] DEBUG org.asynchttpclient.netty.channel.DefaultChannelPool - Entry count for : http://localhost:57416 : 1
19:04:35.636 [AsyncHttpClient-1-1] DEBUG org.asynchttpclient.netty.channel.DefaultChannelPool - Adding Candidate expired Channel [id: 0xeecefd6e, L:/127.0.0.1:57423 ! R:localhost/127.0.0.1:57416] isIdleTimeoutExpired=false isRemotelyClosed=true isTtlExpired=false
19:04:35.636 [AsyncHttpClient-1-1] DEBUG org.asynchttpclient.netty.channel.DefaultChannelPool - Closing Idle Channel [id: 0xeecefd6e, L:/127.0.0.1:57423 ! R:localhost/127.0.0.1:57416]
19:04:35.636 [AsyncHttpClient-1-1] DEBUG org.asynchttpclient.netty.channel.DefaultChannelPool - Closed 1 connections out of 1 in 0 ms
19:04:35.655 [AsyncHttpClient-1-8] DEBUG org.asynchttpclient.netty.handler.HttpHandler - 

Request DefaultFullHttpRequest(decodeResult: success, version: HTTP/1.1, content: EmptyByteBufBE)
DELETE /session/21837ec95b9d3d96c433e10ee85a1e85 HTTP/1.1
User-Agent: selenium/4.8.3 (java windows)
Content-Type: application/json; charset=utf-8
host: localhost:48510
accept: */*

Response DefaultHttpResponse(decodeResult: success, version: HTTP/1.1)
HTTP/1.1 200 OK
Content-Length: 14
Content-Type: application/json; charset=utf-8
cache-control: no-cache

19:04:35.656 [AsyncHttpClient-1-8] DEBUG org.asynchttpclient.netty.channel.ChannelManager - Adding key: http://localhost:48510 for channel [id: 0x57172da9, L:/127.0.0.1:57415 - R:localhost/127.0.0.1:48510]
19:04:35.698 [AsyncHttpClient-1-8] DEBUG org.asynchttpclient.netty.handler.HttpHandler - Channel Closed: [id: 0x57172da9, L:/127.0.0.1:57415 ! R:localhost/127.0.0.1:48510] with attribute DISCARD
2023-06-06 19:04:35 INFO  BaseTest:83 - Test executed**********
19:04:35.759 [rp-io-65] DEBUG com.epam.reportportal.service.Launch - Starting test item...rp-io-65
2023-06-06 19:04:35 INFO  BaseTest:110 - Property files loaded successfully**********
19:04:35.774 [main] DEBUG io.github.bonigarcia.wdm.cache.ResolutionCache - Resolution chrome=114 in cache (valid until 19:20:28 06/06/2023 CEST)
19:04:35.774 [rp-io-62] DEBUG com.epam.reportportal.service.Launch - TestItem with ID = '64cd1b7c-2b65-4435-91d2-d15301dfe83e' successfully finished.
19:04:35.774 [rp-io-62] DEBUG com.epam.reportportal.utils.SubscriptionUtils - Finish test item completed
19:04:35.774 [main] DEBUG io.github.bonigarcia.wdm.cache.ResolutionCache - Resolution chrome114=114.0.5735.90 in cache (valid until 16:16:26 07/06/2023 CEST)
19:04:35.774 [main] INFO io.github.bonigarcia.wdm.WebDriverManager - Using chromedriver 114.0.5735.90 (resolved driver for Chrome 114)
19:04:35.780 [rp-io-65] DEBUG com.epam.reportportal.service.Launch - ReportPortal item with ID '402522bb-4572-4cec-bd30-0b19229d55f5' has been created
19:04:35.780 [rp-io-65] DEBUG com.epam.reportportal.utils.SubscriptionUtils - Start test item successfully completed
19:04:35.782 [main] DEBUG io.github.bonigarcia.wdm.WebDriverManager - Driver chromedriver 114.0.5735.90 found in cache
19:04:35.783 [main] INFO io.github.bonigarcia.wdm.WebDriverManager - Exporting webdriver.chrome.driver as C:\Users\Suwarna_Wagh\.cache\selenium\chromedriver\win32\114.0.5735.90\chromedriver.exe
19:04:35.973 [AsyncHttpClient-1-11] DEBUG org.asynchttpclient.netty.channel.NettyConnectListener - Using new Channel '[id: 0xa0973507, L:/127.0.0.1:57449 - R:localhost/127.0.0.1:42009]' for 'POST' to '/session'
19:04:36.737 [AsyncHttpClient-1-1] DEBUG org.asynchttpclient.netty.channel.DefaultChannelPool - Entry count for : http://localhost:48510 : 1
19:04:36.737 [AsyncHttpClient-1-1] DEBUG org.asynchttpclient.netty.channel.DefaultChannelPool - Adding Candidate expired Channel [id: 0x57172da9, L:/127.0.0.1:57415 ! R:localhost/127.0.0.1:48510] isIdleTimeoutExpired=false isRemotelyClosed=true isTtlExpired=false
19:04:36.737 [AsyncHttpClient-1-1] DEBUG org.asynchttpclient.netty.channel.DefaultChannelPool - Closing Idle Channel [id: 0x57172da9, L:/127.0.0.1:57415 ! R:localhost/127.0.0.1:48510]
19:04:36.737 [AsyncHttpClient-1-1] DEBUG org.asynchttpclient.netty.channel.DefaultChannelPool - Closed 1 connections out of 1 in 0 ms
19:04:36.821 [AsyncHttpClient-1-11] DEBUG org.asynchttpclient.netty.handler.HttpHandler - 

Request DefaultHttpRequest(decodeResult: success, version: HTTP/1.1)
POST /session HTTP/1.1
User-Agent: selenium/4.8.3 (java windows)
Content-Length: 439
Content-Type: application/json; charset=utf-8
host: localhost:42009
accept: */*

Response DefaultHttpResponse(decodeResult: success, version: HTTP/1.1)
HTTP/1.1 200 OK
Content-Length: 864
Content-Type: application/json; charset=utf-8
cache-control: no-cache

19:04:36.822 [AsyncHttpClient-1-11] DEBUG org.asynchttpclient.netty.channel.ChannelManager - Adding key: http://localhost:42009 for channel [id: 0xa0973507, L:/127.0.0.1:57449 - R:localhost/127.0.0.1:42009]
19:04:36.829 [AsyncHttpClient-1-12] DEBUG org.asynchttpclient.netty.channel.NettyConnectListener - Using new Channel '[id: 0x66d7e104, L:/127.0.0.1:57457 - R:localhost/127.0.0.1:57450]' for 'GET' to '/json/version'
19:04:36.831 [AsyncHttpClient-1-12] DEBUG org.asynchttpclient.netty.handler.HttpHandler - 

Request DefaultFullHttpRequest(decodeResult: success, version: HTTP/1.1, content: EmptyByteBufBE)
GET /json/version HTTP/1.1
User-Agent: selenium/4.8.3 (java windows)
host: localhost:57450
accept: */*

Response DefaultHttpResponse(decodeResult: success, version: HTTP/1.1)
HTTP/1.1 200 OK
Content-Security-Policy: frame-ancestors 'none'
Content-Length: 424
Content-Type: application/json; charset=UTF-8

19:04:36.831 [AsyncHttpClient-1-12] DEBUG org.asynchttpclient.netty.channel.ChannelManager - Adding key: http://localhost:57450 for channel [id: 0x66d7e104, L:/127.0.0.1:57457 - R:localhost/127.0.0.1:57450]
19:04:36.835 [AsyncHttpClient-1-13] DEBUG org.asynchttpclient.netty.channel.NettyConnectListener - Using new Channel '[id: 0x90644c6a, L:/127.0.0.1:57458 - R:localhost/127.0.0.1:57450]' for 'GET' to '/devtools/browser/0ff81368-511b-4245-ae29-971920c1a921'
19:04:36.837 [AsyncHttpClient-1-13] DEBUG org.asynchttpclient.netty.handler.WebSocketHandler - 

Request DefaultFullHttpRequest(decodeResult: success, version: HTTP/1.1, content: EmptyByteBufBE)
GET /devtools/browser/0ff81368-511b-4245-ae29-971920c1a921 HTTP/1.1
upgrade: websocket
connection: upgrade
sec-websocket-key: AnZOxVZH8pu5vz6LFnuSJw==
sec-websocket-version: 13
origin: http://localhost:57450
host: localhost:57450
accept: */*
user-agent: AHC/2.1

Response DefaultHttpResponse(decodeResult: success, version: HTTP/1.1)
HTTP/1.1 101 WebSocket Protocol Handshake
Upgrade: WebSocket
Connection: Upgrade
Sec-WebSocket-Accept: 3fHTdAyvSsUvRySH5ZLHWZ+PBfQ=

19:04:36.842 [Forwarding setTimeout on session 87398ffa963c4ec86d7ab6e1b1a18727 to remote] DEBUG org.asynchttpclient.netty.request.NettyRequestSender - Using pooled Channel '[id: 0xa0973507, L:/127.0.0.1:57449 - R:localhost/127.0.0.1:42009]' for 'POST' to 'http://localhost:42009/session/87398ffa963c4ec86d7ab6e1b1a18727/timeouts'
19:04:36.842 [Forwarding setTimeout on session 87398ffa963c4ec86d7ab6e1b1a18727 to remote] DEBUG org.asynchttpclient.netty.request.NettyRequestSender - Using open Channel [id: 0xa0973507, L:/127.0.0.1:57449 - R:localhost/127.0.0.1:42009] for POST '/session/87398ffa963c4ec86d7ab6e1b1a18727/timeouts'
19:04:36.844 [AsyncHttpClient-1-11] DEBUG org.asynchttpclient.netty.handler.HttpHandler - 

Request DefaultHttpRequest(decodeResult: success, version: HTTP/1.1)
POST /session/87398ffa963c4ec86d7ab6e1b1a18727/timeouts HTTP/1.1
User-Agent: selenium/4.8.3 (java windows)
Content-Length: 22
Content-Type: application/json; charset=utf-8
host: localhost:42009
accept: */*

Response DefaultHttpResponse(decodeResult: success, version: HTTP/1.1)
HTTP/1.1 200 OK
Content-Length: 14
Content-Type: application/json; charset=utf-8
cache-control: no-cache

19:04:36.844 [AsyncHttpClient-1-11] DEBUG org.asynchttpclient.netty.channel.ChannelManager - Adding key: http://localhost:42009 for channel [id: 0xa0973507, L:/127.0.0.1:57449 - R:localhost/127.0.0.1:42009]
19:04:36.845 [Forwarding maximizeCurrentWindow on session 87398ffa963c4ec86d7ab6e1b1a18727 to remote] DEBUG org.asynchttpclient.netty.request.NettyRequestSender - Using pooled Channel '[id: 0xa0973507, L:/127.0.0.1:57449 - R:localhost/127.0.0.1:42009]' for 'POST' to 'http://localhost:42009/session/87398ffa963c4ec86d7ab6e1b1a18727/window/maximize'
19:04:36.845 [Forwarding maximizeCurrentWindow on session 87398ffa963c4ec86d7ab6e1b1a18727 to remote] DEBUG org.asynchttpclient.netty.request.NettyRequestSender - Using open Channel [id: 0xa0973507, L:/127.0.0.1:57449 - R:localhost/127.0.0.1:42009] for POST '/session/87398ffa963c4ec86d7ab6e1b1a18727/window/maximize'
19:04:36.960 [AsyncHttpClient-1-11] DEBUG org.asynchttpclient.netty.handler.HttpHandler - 

Request DefaultHttpRequest(decodeResult: success, version: HTTP/1.1)
POST /session/87398ffa963c4ec86d7ab6e1b1a18727/window/maximize HTTP/1.1
User-Agent: selenium/4.8.3 (java windows)
Content-Length: 3
Content-Type: application/json; charset=utf-8
host: localhost:42009
accept: */*

Response DefaultHttpResponse(decodeResult: success, version: HTTP/1.1)
HTTP/1.1 200 OK
Content-Length: 51
Content-Type: application/json; charset=utf-8
cache-control: no-cache

19:04:36.960 [AsyncHttpClient-1-11] DEBUG org.asynchttpclient.netty.channel.ChannelManager - Adding key: http://localhost:42009 for channel [id: 0xa0973507, L:/127.0.0.1:57449 - R:localhost/127.0.0.1:42009]
19:04:36.961 [Forwarding get on session 87398ffa963c4ec86d7ab6e1b1a18727 to remote] DEBUG org.asynchttpclient.netty.request.NettyRequestSender - Using pooled Channel '[id: 0xa0973507, L:/127.0.0.1:57449 - R:localhost/127.0.0.1:42009]' for 'POST' to 'http://localhost:42009/session/87398ffa963c4ec86d7ab6e1b1a18727/url'
19:04:36.961 [Forwarding get on session 87398ffa963c4ec86d7ab6e1b1a18727 to remote] DEBUG org.asynchttpclient.netty.request.NettyRequestSender - Using open Channel [id: 0xa0973507, L:/127.0.0.1:57449 - R:localhost/127.0.0.1:42009] for POST '/session/87398ffa963c4ec86d7ab6e1b1a18727/url'
19:04:37.836 [AsyncHttpClient-1-1] DEBUG org.asynchttpclient.netty.channel.DefaultChannelPool - Entry count for : http://localhost:57450 : 1
19:04:38.300 [AsyncHttpClient-1-11] DEBUG org.asynchttpclient.netty.handler.HttpHandler - 

Request DefaultHttpRequest(decodeResult: success, version: HTTP/1.1)
POST /session/87398ffa963c4ec86d7ab6e1b1a18727/url HTTP/1.1
User-Agent: selenium/4.8.3 (java windows)
Content-Length: 52
Content-Type: application/json; charset=utf-8
host: localhost:42009
accept: */*

Response DefaultHttpResponse(decodeResult: success, version: HTTP/1.1)
HTTP/1.1 200 OK
Content-Length: 14
Content-Type: application/json; charset=utf-8
cache-control: no-cache

19:04:38.300 [AsyncHttpClient-1-11] DEBUG org.asynchttpclient.netty.channel.ChannelManager - Adding key: http://localhost:42009 for channel [id: 0xa0973507, L:/127.0.0.1:57449 - R:localhost/127.0.0.1:42009]
2023-06-06 19:04:38 INFO  BaseTest:104 - Test driver set up done successfully**********
2023-06-06 19:04:38 INFO  BaseTest:122 - Logging in to portal
19:04:38.303 [Forwarding findElement on session 87398ffa963c4ec86d7ab6e1b1a18727 to remote] DEBUG org.asynchttpclient.netty.request.NettyRequestSender - Using pooled Channel '[id: 0xa0973507, L:/127.0.0.1:57449 - R:localhost/127.0.0.1:42009]' for 'POST' to 'http://localhost:42009/session/87398ffa963c4ec86d7ab6e1b1a18727/element'
19:04:38.303 [Forwarding findElement on session 87398ffa963c4ec86d7ab6e1b1a18727 to remote] DEBUG org.asynchttpclient.netty.request.NettyRequestSender - Using open Channel [id: 0xa0973507, L:/127.0.0.1:57449 - R:localhost/127.0.0.1:42009] for POST '/session/87398ffa963c4ec86d7ab6e1b1a18727/element'
19:04:38.316 [AsyncHttpClient-1-11] DEBUG org.asynchttpclient.netty.handler.HttpHandler - 

Request DefaultHttpRequest(decodeResult: success, version: HTTP/1.1)
POST /session/87398ffa963c4ec86d7ab6e1b1a18727/element HTTP/1.1
User-Agent: selenium/4.8.3 (java windows)
Content-Length: 59
Content-Type: application/json; charset=utf-8
host: localhost:42009
accept: */*

Response DefaultHttpResponse(decodeResult: success, version: HTTP/1.1)
HTTP/1.1 200 OK
Content-Length: 95
Content-Type: application/json; charset=utf-8
cache-control: no-cache

19:04:38.317 [AsyncHttpClient-1-11] DEBUG org.asynchttpclient.netty.channel.ChannelManager - Adding key: http://localhost:42009 for channel [id: 0xa0973507, L:/127.0.0.1:57449 - R:localhost/127.0.0.1:42009]
19:04:38.318 [Forwarding clearElement on session 87398ffa963c4ec86d7ab6e1b1a18727 to remote] DEBUG org.asynchttpclient.netty.request.NettyRequestSender - Using pooled Channel '[id: 0xa0973507, L:/127.0.0.1:57449 - R:localhost/127.0.0.1:42009]' for 'POST' to 'http://localhost:42009/session/87398ffa963c4ec86d7ab6e1b1a18727/element/3AA6E67421440520C0F62976C93BB6C1_element_26/clear'
19:04:38.318 [Forwarding clearElement on session 87398ffa963c4ec86d7ab6e1b1a18727 to remote] DEBUG org.asynchttpclient.netty.request.NettyRequestSender - Using open Channel [id: 0xa0973507, L:/127.0.0.1:57449 - R:localhost/127.0.0.1:42009] for POST '/session/87398ffa963c4ec86d7ab6e1b1a18727/element/3AA6E67421440520C0F62976C93BB6C1_element_26/clear'
19:04:38.361 [AsyncHttpClient-1-11] DEBUG org.asynchttpclient.netty.handler.HttpHandler - 

Request DefaultHttpRequest(decodeResult: success, version: HTTP/1.1)
POST /session/87398ffa963c4ec86d7ab6e1b1a18727/element/3AA6E67421440520C0F62976C93BB6C1_element_26/clear HTTP/1.1
User-Agent: selenium/4.8.3 (java windows)
Content-Length: 57
Content-Type: application/json; charset=utf-8
host: localhost:42009
accept: */*

Response DefaultHttpResponse(decodeResult: success, version: HTTP/1.1)
HTTP/1.1 200 OK
Content-Length: 14
Content-Type: application/json; charset=utf-8
cache-control: no-cache

19:04:38.361 [AsyncHttpClient-1-11] DEBUG org.asynchttpclient.netty.channel.ChannelManager - Adding key: http://localhost:42009 for channel [id: 0xa0973507, L:/127.0.0.1:57449 - R:localhost/127.0.0.1:42009]
19:04:38.363 [Forwarding findElement on session 87398ffa963c4ec86d7ab6e1b1a18727 to remote] DEBUG org.asynchttpclient.netty.request.NettyRequestSender - Using pooled Channel '[id: 0xa0973507, L:/127.0.0.1:57449 - R:localhost/127.0.0.1:42009]' for 'POST' to 'http://localhost:42009/session/87398ffa963c4ec86d7ab6e1b1a18727/element'
19:04:38.363 [Forwarding findElement on session 87398ffa963c4ec86d7ab6e1b1a18727 to remote] DEBUG org.asynchttpclient.netty.request.NettyRequestSender - Using open Channel [id: 0xa0973507, L:/127.0.0.1:57449 - R:localhost/127.0.0.1:42009] for POST '/session/87398ffa963c4ec86d7ab6e1b1a18727/element'
19:04:38.372 [AsyncHttpClient-1-11] DEBUG org.asynchttpclient.netty.handler.HttpHandler - 

Request DefaultHttpRequest(decodeResult: success, version: HTTP/1.1)
POST /session/87398ffa963c4ec86d7ab6e1b1a18727/element HTTP/1.1
User-Agent: selenium/4.8.3 (java windows)
Content-Length: 59
Content-Type: application/json; charset=utf-8
host: localhost:42009
accept: */*

Response DefaultHttpResponse(decodeResult: success, version: HTTP/1.1)
HTTP/1.1 200 OK
Content-Length: 95
Content-Type: application/json; charset=utf-8
cache-control: no-cache

19:04:38.373 [AsyncHttpClient-1-11] DEBUG org.asynchttpclient.netty.channel.ChannelManager - Adding key: http://localhost:42009 for channel [id: 0xa0973507, L:/127.0.0.1:57449 - R:localhost/127.0.0.1:42009]
19:04:38.374 [Forwarding sendKeysToElement on session 87398ffa963c4ec86d7ab6e1b1a18727 to remote] DEBUG org.asynchttpclient.netty.request.NettyRequestSender - Using pooled Channel '[id: 0xa0973507, L:/127.0.0.1:57449 - R:localhost/127.0.0.1:42009]' for 'POST' to 'http://localhost:42009/session/87398ffa963c4ec86d7ab6e1b1a18727/element/3AA6E67421440520C0F62976C93BB6C1_element_26/value'
19:04:38.374 [Forwarding sendKeysToElement on session 87398ffa963c4ec86d7ab6e1b1a18727 to remote] DEBUG org.asynchttpclient.netty.request.NettyRequestSender - Using open Channel [id: 0xa0973507, L:/127.0.0.1:57449 - R:localhost/127.0.0.1:42009] for POST '/session/87398ffa963c4ec86d7ab6e1b1a18727/element/3AA6E67421440520C0F62976C93BB6C1_element_26/value'
19:04:38.479 [AsyncHttpClient-1-11] DEBUG org.asynchttpclient.netty.handler.HttpHandler - 

Request DefaultHttpRequest(decodeResult: success, version: HTTP/1.1)
POST /session/87398ffa963c4ec86d7ab6e1b1a18727/element/3AA6E67421440520C0F62976C93BB6C1_element_26/value HTTP/1.1
User-Agent: selenium/4.8.3 (java windows)
Content-Length: 188
Content-Type: application/json; charset=utf-8
host: localhost:42009
accept: */*

Response DefaultHttpResponse(decodeResult: success, version: HTTP/1.1)
HTTP/1.1 200 OK
Content-Length: 14
Content-Type: application/json; charset=utf-8
cache-control: no-cache

19:04:38.479 [AsyncHttpClient-1-11] DEBUG org.asynchttpclient.netty.channel.ChannelManager - Adding key: http://localhost:42009 for channel [id: 0xa0973507, L:/127.0.0.1:57449 - R:localhost/127.0.0.1:42009]
19:04:38.481 [Forwarding findElement on session 87398ffa963c4ec86d7ab6e1b1a18727 to remote] DEBUG org.asynchttpclient.netty.request.NettyRequestSender - Using pooled Channel '[id: 0xa0973507, L:/127.0.0.1:57449 - R:localhost/127.0.0.1:42009]' for 'POST' to 'http://localhost:42009/session/87398ffa963c4ec86d7ab6e1b1a18727/element'
19:04:38.481 [Forwarding findElement on session 87398ffa963c4ec86d7ab6e1b1a18727 to remote] DEBUG org.asynchttpclient.netty.request.NettyRequestSender - Using open Channel [id: 0xa0973507, L:/127.0.0.1:57449 - R:localhost/127.0.0.1:42009] for POST '/session/87398ffa963c4ec86d7ab6e1b1a18727/element'
19:04:38.498 [AsyncHttpClient-1-11] DEBUG org.asynchttpclient.netty.handler.HttpHandler - 

Request DefaultHttpRequest(decodeResult: success, version: HTTP/1.1)
POST /session/87398ffa963c4ec86d7ab6e1b1a18727/element HTTP/1.1
User-Agent: selenium/4.8.3 (java windows)
Content-Length: 62
Content-Type: application/json; charset=utf-8
host: localhost:42009
accept: */*

Response DefaultHttpResponse(decodeResult: success, version: HTTP/1.1)
HTTP/1.1 200 OK
Content-Length: 95
Content-Type: application/json; charset=utf-8
cache-control: no-cache

19:04:38.498 [AsyncHttpClient-1-11] DEBUG org.asynchttpclient.netty.channel.ChannelManager - Adding key: http://localhost:42009 for channel [id: 0xa0973507, L:/127.0.0.1:57449 - R:localhost/127.0.0.1:42009]
19:04:38.499 [Forwarding clearElement on session 87398ffa963c4ec86d7ab6e1b1a18727 to remote] DEBUG org.asynchttpclient.netty.request.NettyRequestSender - Using pooled Channel '[id: 0xa0973507, L:/127.0.0.1:57449 - R:localhost/127.0.0.1:42009]' for 'POST' to 'http://localhost:42009/session/87398ffa963c4ec86d7ab6e1b1a18727/element/3AA6E67421440520C0F62976C93BB6C1_element_32/clear'
19:04:38.499 [Forwarding clearElement on session 87398ffa963c4ec86d7ab6e1b1a18727 to remote] DEBUG org.asynchttpclient.netty.request.NettyRequestSender - Using open Channel [id: 0xa0973507, L:/127.0.0.1:57449 - R:localhost/127.0.0.1:42009] for POST '/session/87398ffa963c4ec86d7ab6e1b1a18727/element/3AA6E67421440520C0F62976C93BB6C1_element_32/clear'
19:04:38.523 [AsyncHttpClient-1-11] DEBUG org.asynchttpclient.netty.handler.HttpHandler - 

Request DefaultHttpRequest(decodeResult: success, version: HTTP/1.1)
POST /session/87398ffa963c4ec86d7ab6e1b1a18727/element/3AA6E67421440520C0F62976C93BB6C1_element_32/clear HTTP/1.1
User-Agent: selenium/4.8.3 (java windows)
Content-Length: 57
Content-Type: application/json; charset=utf-8
host: localhost:42009
accept: */*

Response DefaultHttpResponse(decodeResult: success, version: HTTP/1.1)
HTTP/1.1 200 OK
Content-Length: 14
Content-Type: application/json; charset=utf-8
cache-control: no-cache

19:04:38.523 [AsyncHttpClient-1-11] DEBUG org.asynchttpclient.netty.channel.ChannelManager - Adding key: http://localhost:42009 for channel [id: 0xa0973507, L:/127.0.0.1:57449 - R:localhost/127.0.0.1:42009]
19:04:38.524 [Forwarding findElement on session 87398ffa963c4ec86d7ab6e1b1a18727 to remote] DEBUG org.asynchttpclient.netty.request.NettyRequestSender - Using pooled Channel '[id: 0xa0973507, L:/127.0.0.1:57449 - R:localhost/127.0.0.1:42009]' for 'POST' to 'http://localhost:42009/session/87398ffa963c4ec86d7ab6e1b1a18727/element'
19:04:38.524 [Forwarding findElement on session 87398ffa963c4ec86d7ab6e1b1a18727 to remote] DEBUG org.asynchttpclient.netty.request.NettyRequestSender - Using open Channel [id: 0xa0973507, L:/127.0.0.1:57449 - R:localhost/127.0.0.1:42009] for POST '/session/87398ffa963c4ec86d7ab6e1b1a18727/element'
19:04:38.531 [AsyncHttpClient-1-11] DEBUG org.asynchttpclient.netty.handler.HttpHandler - 

Request DefaultHttpRequest(decodeResult: success, version: HTTP/1.1)
POST /session/87398ffa963c4ec86d7ab6e1b1a18727/element HTTP/1.1
User-Agent: selenium/4.8.3 (java windows)
Content-Length: 62
Content-Type: application/json; charset=utf-8
host: localhost:42009
accept: */*

Response DefaultHttpResponse(decodeResult: success, version: HTTP/1.1)
HTTP/1.1 200 OK
Content-Length: 95
Content-Type: application/json; charset=utf-8
cache-control: no-cache

19:04:38.531 [AsyncHttpClient-1-11] DEBUG org.asynchttpclient.netty.channel.ChannelManager - Adding key: http://localhost:42009 for channel [id: 0xa0973507, L:/127.0.0.1:57449 - R:localhost/127.0.0.1:42009]
19:04:38.533 [Forwarding sendKeysToElement on session 87398ffa963c4ec86d7ab6e1b1a18727 to remote] DEBUG org.asynchttpclient.netty.request.NettyRequestSender - Using pooled Channel '[id: 0xa0973507, L:/127.0.0.1:57449 - R:localhost/127.0.0.1:42009]' for 'POST' to 'http://localhost:42009/session/87398ffa963c4ec86d7ab6e1b1a18727/element/3AA6E67421440520C0F62976C93BB6C1_element_32/value'
19:04:38.533 [Forwarding sendKeysToElement on session 87398ffa963c4ec86d7ab6e1b1a18727 to remote] DEBUG org.asynchttpclient.netty.request.NettyRequestSender - Using open Channel [id: 0xa0973507, L:/127.0.0.1:57449 - R:localhost/127.0.0.1:42009] for POST '/session/87398ffa963c4ec86d7ab6e1b1a18727/element/3AA6E67421440520C0F62976C93BB6C1_element_32/value'
19:04:38.591 [AsyncHttpClient-1-11] DEBUG org.asynchttpclient.netty.handler.HttpHandler - 

Request DefaultHttpRequest(decodeResult: success, version: HTTP/1.1)
POST /session/87398ffa963c4ec86d7ab6e1b1a18727/element/3AA6E67421440520C0F62976C93BB6C1_element_32/value HTTP/1.1
User-Agent: selenium/4.8.3 (java windows)
Content-Length: 148
Content-Type: application/json; charset=utf-8
host: localhost:42009
accept: */*

Response DefaultHttpResponse(decodeResult: success, version: HTTP/1.1)
HTTP/1.1 200 OK
Content-Length: 14
Content-Type: application/json; charset=utf-8
cache-control: no-cache

19:04:38.592 [AsyncHttpClient-1-11] DEBUG org.asynchttpclient.netty.channel.ChannelManager - Adding key: http://localhost:42009 for channel [id: 0xa0973507, L:/127.0.0.1:57449 - R:localhost/127.0.0.1:42009]
19:04:38.593 [Forwarding findElement on session 87398ffa963c4ec86d7ab6e1b1a18727 to remote] DEBUG org.asynchttpclient.netty.request.NettyRequestSender - Using pooled Channel '[id: 0xa0973507, L:/127.0.0.1:57449 - R:localhost/127.0.0.1:42009]' for 'POST' to 'http://localhost:42009/session/87398ffa963c4ec86d7ab6e1b1a18727/element'
19:04:38.593 [Forwarding findElement on session 87398ffa963c4ec86d7ab6e1b1a18727 to remote] DEBUG org.asynchttpclient.netty.request.NettyRequestSender - Using open Channel [id: 0xa0973507, L:/127.0.0.1:57449 - R:localhost/127.0.0.1:42009] for POST '/session/87398ffa963c4ec86d7ab6e1b1a18727/element'
19:04:38.605 [AsyncHttpClient-1-11] DEBUG org.asynchttpclient.netty.handler.HttpHandler - 

Request DefaultHttpRequest(decodeResult: success, version: HTTP/1.1)
POST /session/87398ffa963c4ec86d7ab6e1b1a18727/element HTTP/1.1
User-Agent: selenium/4.8.3 (java windows)
Content-Length: 71
Content-Type: application/json; charset=utf-8
host: localhost:42009
accept: */*

Response DefaultHttpResponse(decodeResult: success, version: HTTP/1.1)
HTTP/1.1 200 OK
Content-Length: 95
Content-Type: application/json; charset=utf-8
cache-control: no-cache

19:04:38.606 [AsyncHttpClient-1-11] DEBUG org.asynchttpclient.netty.channel.ChannelManager - Adding key: http://localhost:42009 for channel [id: 0xa0973507, L:/127.0.0.1:57449 - R:localhost/127.0.0.1:42009]
19:04:38.607 [Forwarding clickElement on session 87398ffa963c4ec86d7ab6e1b1a18727 to remote] DEBUG org.asynchttpclient.netty.request.NettyRequestSender - Using pooled Channel '[id: 0xa0973507, L:/127.0.0.1:57449 - R:localhost/127.0.0.1:42009]' for 'POST' to 'http://localhost:42009/session/87398ffa963c4ec86d7ab6e1b1a18727/element/3AA6E67421440520C0F62976C93BB6C1_element_33/click'
19:04:38.607 [Forwarding clickElement on session 87398ffa963c4ec86d7ab6e1b1a18727 to remote] DEBUG org.asynchttpclient.netty.request.NettyRequestSender - Using open Channel [id: 0xa0973507, L:/127.0.0.1:57449 - R:localhost/127.0.0.1:42009] for POST '/session/87398ffa963c4ec86d7ab6e1b1a18727/element/3AA6E67421440520C0F62976C93BB6C1_element_33/click'
19:04:38.646 [AsyncHttpClient-1-11] DEBUG org.asynchttpclient.netty.handler.HttpHandler - 

Request DefaultHttpRequest(decodeResult: success, version: HTTP/1.1)
POST /session/87398ffa963c4ec86d7ab6e1b1a18727/element/3AA6E67421440520C0F62976C93BB6C1_element_33/click HTTP/1.1
User-Agent: selenium/4.8.3 (java windows)
Content-Length: 57
Content-Type: application/json; charset=utf-8
host: localhost:42009
accept: */*

Response DefaultHttpResponse(decodeResult: success, version: HTTP/1.1)
HTTP/1.1 200 OK
Content-Length: 14
Content-Type: application/json; charset=utf-8
cache-control: no-cache

19:04:38.646 [AsyncHttpClient-1-11] DEBUG org.asynchttpclient.netty.channel.ChannelManager - Adding key: http://localhost:42009 for channel [id: 0xa0973507, L:/127.0.0.1:57449 - R:localhost/127.0.0.1:42009]
2023-06-06 19:04:38 INFO  BaseTest:126 - Logged in
19:04:38.648 [rp-io-71] DEBUG com.epam.reportportal.service.Launch - Starting test item...rp-io-71
2023-06-06 19:04:38 INFO  Listeners:34 - Started Test null
19:04:38.650 [Forwarding findElement on session 87398ffa963c4ec86d7ab6e1b1a18727 to remote] DEBUG org.asynchttpclient.netty.request.NettyRequestSender - Using pooled Channel '[id: 0xa0973507, L:/127.0.0.1:57449 - R:localhost/127.0.0.1:42009]' for 'POST' to 'http://localhost:42009/session/87398ffa963c4ec86d7ab6e1b1a18727/element'
19:04:38.651 [Forwarding findElement on session 87398ffa963c4ec86d7ab6e1b1a18727 to remote] DEBUG org.asynchttpclient.netty.request.NettyRequestSender - Using open Channel [id: 0xa0973507, L:/127.0.0.1:57449 - R:localhost/127.0.0.1:42009] for POST '/session/87398ffa963c4ec86d7ab6e1b1a18727/element'
19:04:38.663 [rp-io-69] DEBUG com.epam.reportportal.service.Launch - TestItem with ID = '402522bb-4572-4cec-bd30-0b19229d55f5' successfully finished.
19:04:38.663 [rp-io-69] DEBUG com.epam.reportportal.utils.SubscriptionUtils - Finish test item completed
19:04:38.667 [rp-io-71] DEBUG com.epam.reportportal.service.Launch - ReportPortal item with ID '7a452976-ebfb-4b33-87c9-4a412cc0c486' has been created
19:04:38.667 [rp-io-71] DEBUG com.epam.reportportal.utils.SubscriptionUtils - Start test item successfully completed
19:04:38.937 [AsyncHttpClient-1-1] DEBUG org.asynchttpclient.netty.channel.DefaultChannelPool - Entry count for : http://localhost:57450 : 1
19:04:38.979 [AsyncHttpClient-1-11] DEBUG org.asynchttpclient.netty.handler.HttpHandler - 

Request DefaultHttpRequest(decodeResult: success, version: HTTP/1.1)
POST /session/87398ffa963c4ec86d7ab6e1b1a18727/element HTTP/1.1
User-Agent: selenium/4.8.3 (java windows)
Content-Length: 168
Content-Type: application/json; charset=utf-8
host: localhost:42009
accept: */*

Response DefaultHttpResponse(decodeResult: success, version: HTTP/1.1)
HTTP/1.1 200 OK
Content-Length: 95
Content-Type: application/json; charset=utf-8
cache-control: no-cache

19:04:38.979 [AsyncHttpClient-1-11] DEBUG org.asynchttpclient.netty.channel.ChannelManager - Adding key: http://localhost:42009 for channel [id: 0xa0973507, L:/127.0.0.1:57449 - R:localhost/127.0.0.1:42009]
19:04:38.980 [Forwarding clickElement on session 87398ffa963c4ec86d7ab6e1b1a18727 to remote] DEBUG org.asynchttpclient.netty.request.NettyRequestSender - Using pooled Channel '[id: 0xa0973507, L:/127.0.0.1:57449 - R:localhost/127.0.0.1:42009]' for 'POST' to 'http://localhost:42009/session/87398ffa963c4ec86d7ab6e1b1a18727/element/3AA6E67421440520C0F62976C93BB6C1_element_43/click'
19:04:38.980 [Forwarding clickElement on session 87398ffa963c4ec86d7ab6e1b1a18727 to remote] DEBUG org.asynchttpclient.netty.request.NettyRequestSender - Using open Channel [id: 0xa0973507, L:/127.0.0.1:57449 - R:localhost/127.0.0.1:42009] for POST '/session/87398ffa963c4ec86d7ab6e1b1a18727/element/3AA6E67421440520C0F62976C93BB6C1_element_43/click'
19:04:39.127 [AsyncHttpClient-1-11] DEBUG org.asynchttpclient.netty.handler.HttpHandler - 

Request DefaultHttpRequest(decodeResult: success, version: HTTP/1.1)
POST /session/87398ffa963c4ec86d7ab6e1b1a18727/element/3AA6E67421440520C0F62976C93BB6C1_element_43/click HTTP/1.1
User-Agent: selenium/4.8.3 (java windows)
Content-Length: 57
Content-Type: application/json; charset=utf-8
host: localhost:42009
accept: */*

Response DefaultHttpResponse(decodeResult: success, version: HTTP/1.1)
HTTP/1.1 200 OK
Content-Length: 14
Content-Type: application/json; charset=utf-8
cache-control: no-cache

19:04:39.127 [AsyncHttpClient-1-11] DEBUG org.asynchttpclient.netty.channel.ChannelManager - Adding key: http://localhost:42009 for channel [id: 0xa0973507, L:/127.0.0.1:57449 - R:localhost/127.0.0.1:42009]
19:04:39.128 [Forwarding findElement on session 87398ffa963c4ec86d7ab6e1b1a18727 to remote] DEBUG org.asynchttpclient.netty.request.NettyRequestSender - Using pooled Channel '[id: 0xa0973507, L:/127.0.0.1:57449 - R:localhost/127.0.0.1:42009]' for 'POST' to 'http://localhost:42009/session/87398ffa963c4ec86d7ab6e1b1a18727/element'
19:04:39.128 [Forwarding findElement on session 87398ffa963c4ec86d7ab6e1b1a18727 to remote] DEBUG org.asynchttpclient.netty.request.NettyRequestSender - Using open Channel [id: 0xa0973507, L:/127.0.0.1:57449 - R:localhost/127.0.0.1:42009] for POST '/session/87398ffa963c4ec86d7ab6e1b1a18727/element'
19:04:39.574 [AsyncHttpClient-1-11] DEBUG org.asynchttpclient.netty.handler.HttpHandler - 

Request DefaultHttpRequest(decodeResult: success, version: HTTP/1.1)
POST /session/87398ffa963c4ec86d7ab6e1b1a18727/element HTTP/1.1
User-Agent: selenium/4.8.3 (java windows)
Content-Length: 90
Content-Type: application/json; charset=utf-8
host: localhost:42009
accept: */*

Response DefaultHttpResponse(decodeResult: success, version: HTTP/1.1)
HTTP/1.1 200 OK
Content-Length: 95
Content-Type: application/json; charset=utf-8
cache-control: no-cache

19:04:39.574 [AsyncHttpClient-1-11] DEBUG org.asynchttpclient.netty.channel.ChannelManager - Adding key: http://localhost:42009 for channel [id: 0xa0973507, L:/127.0.0.1:57449 - R:localhost/127.0.0.1:42009]
19:04:39.575 [Forwarding executeScript on session 87398ffa963c4ec86d7ab6e1b1a18727 to remote] DEBUG org.asynchttpclient.netty.request.NettyRequestSender - Using pooled Channel '[id: 0xa0973507, L:/127.0.0.1:57449 - R:localhost/127.0.0.1:42009]' for 'POST' to 'http://localhost:42009/session/87398ffa963c4ec86d7ab6e1b1a18727/execute/sync'
19:04:39.575 [Forwarding executeScript on session 87398ffa963c4ec86d7ab6e1b1a18727 to remote] DEBUG org.asynchttpclient.netty.request.NettyRequestSender - Using open Channel [id: 0xa0973507, L:/127.0.0.1:57449 - R:localhost/127.0.0.1:42009] for POST '/session/87398ffa963c4ec86d7ab6e1b1a18727/execute/sync'
19:04:39.603 [AsyncHttpClient-1-11] DEBUG org.asynchttpclient.netty.handler.HttpHandler - 

Request DefaultHttpRequest(decodeResult: success, version: HTTP/1.1)
POST /session/87398ffa963c4ec86d7ab6e1b1a18727/execute/sync HTTP/1.1
User-Agent: selenium/4.8.3 (java windows)
Content-Length: 232
Content-Type: application/json; charset=utf-8
host: localhost:42009
accept: */*

Response DefaultHttpResponse(decodeResult: success, version: HTTP/1.1)
HTTP/1.1 200 OK
Content-Length: 14
Content-Type: application/json; charset=utf-8
cache-control: no-cache

19:04:39.603 [AsyncHttpClient-1-11] DEBUG org.asynchttpclient.netty.channel.ChannelManager - Adding key: http://localhost:42009 for channel [id: 0xa0973507, L:/127.0.0.1:57449 - R:localhost/127.0.0.1:42009]
19:04:39.605 [Forwarding findElement on session 87398ffa963c4ec86d7ab6e1b1a18727 to remote] DEBUG org.asynchttpclient.netty.request.NettyRequestSender - Using pooled Channel '[id: 0xa0973507, L:/127.0.0.1:57449 - R:localhost/127.0.0.1:42009]' for 'POST' to 'http://localhost:42009/session/87398ffa963c4ec86d7ab6e1b1a18727/element'
19:04:39.605 [Forwarding findElement on session 87398ffa963c4ec86d7ab6e1b1a18727 to remote] DEBUG org.asynchttpclient.netty.request.NettyRequestSender - Using open Channel [id: 0xa0973507, L:/127.0.0.1:57449 - R:localhost/127.0.0.1:42009] for POST '/session/87398ffa963c4ec86d7ab6e1b1a18727/element'
19:04:39.660 [AsyncHttpClient-1-11] DEBUG org.asynchttpclient.netty.handler.HttpHandler - 

Request DefaultHttpRequest(decodeResult: success, version: HTTP/1.1)
POST /session/87398ffa963c4ec86d7ab6e1b1a18727/element HTTP/1.1
User-Agent: selenium/4.8.3 (java windows)
Content-Length: 90
Content-Type: application/json; charset=utf-8
host: localhost:42009
accept: */*

Response DefaultHttpResponse(decodeResult: success, version: HTTP/1.1)
HTTP/1.1 200 OK
Content-Length: 95
Content-Type: application/json; charset=utf-8
cache-control: no-cache

19:04:39.660 [AsyncHttpClient-1-11] DEBUG org.asynchttpclient.netty.channel.ChannelManager - Adding key: http://localhost:42009 for channel [id: 0xa0973507, L:/127.0.0.1:57449 - R:localhost/127.0.0.1:42009]
19:04:39.664 [Forwarding isElementDisplayed on session 87398ffa963c4ec86d7ab6e1b1a18727 to remote] DEBUG org.asynchttpclient.netty.request.NettyRequestSender - Using pooled Channel '[id: 0xa0973507, L:/127.0.0.1:57449 - R:localhost/127.0.0.1:42009]' for 'POST' to 'http://localhost:42009/session/87398ffa963c4ec86d7ab6e1b1a18727/execute/sync'
19:04:39.664 [Forwarding isElementDisplayed on session 87398ffa963c4ec86d7ab6e1b1a18727 to remote] DEBUG org.asynchttpclient.netty.request.NettyRequestSender - Using open Channel [id: 0xa0973507, L:/127.0.0.1:57449 - R:localhost/127.0.0.1:42009] for POST '/session/87398ffa963c4ec86d7ab6e1b1a18727/execute/sync'
19:04:39.686 [AsyncHttpClient-1-11] DEBUG org.asynchttpclient.netty.handler.HttpHandler - 

Request DefaultHttpRequest(decodeResult: success, version: HTTP/1.1)
POST /session/87398ffa963c4ec86d7ab6e1b1a18727/execute/sync HTTP/1.1
User-Agent: selenium/4.8.3 (java windows)
Content-Length: 48814
Content-Type: application/json; charset=utf-8
host: localhost:42009
accept: */*

Response DefaultHttpResponse(decodeResult: success, version: HTTP/1.1)
HTTP/1.1 200 OK
Content-Length: 14
Content-Type: application/json; charset=utf-8
cache-control: no-cache

19:04:39.687 [AsyncHttpClient-1-11] DEBUG org.asynchttpclient.netty.channel.ChannelManager - Adding key: http://localhost:42009 for channel [id: 0xa0973507, L:/127.0.0.1:57449 - R:localhost/127.0.0.1:42009]
2023-06-06 19:04:39 INFO  Listeners:38 - Succeeded Test null
]]></system-out>
    <system-err><![CDATA[Starting ChromeDriver 114.0.5735.90 (386bc09e8f4f2e025eddae123f36f6263096ae49-refs/branch-heads/5735@{#1052}) on port 42009
Only local connections are allowed.
Please see https://chromedriver.chromium.org/security-considerations for suggestions on keeping ChromeDriver safe.
ChromeDriver was started successfully.
Jun 06, 2023 7:04:36 PM org.openqa.selenium.devtools.CdpVersionFinder findNearestMatch
WARNING: Unable to find an exact match for CDP version 114, so returning the closest version found: 111
]]></system-err>
  </testcase>
  <testcase name="searchDashboardNameDP[OVERALL STATISTICS PANEL](5)" classname="alltests.uitest.coreTest.DashboardPageTest" time="0">
    <skipped message="no such element: Unable to locate element: {&quot;method&quot;:&quot;xpath&quot;,&quot;selector&quot;:&quot;//*[text()=&apos;OVERALL STATISTICS PANEL&apos;]&quot;}&#10;  (Session info: chrome=114.0.5735.110)&#10;For documentation on this error, please visit: https://selenium.dev/exceptions/#no_such_element&#10;Build info: version: &apos;4.8.3&apos;, revision: &apos;e5e76298c3&apos;&#10;System info: os.name: &apos;Windows 10&apos;, os.arch: &apos;amd64&apos;, os.version: &apos;10.0&apos;, java.version: &apos;17.0.3.1&apos;&#10;Driver info: org.openqa.selenium.chrome.ChromeDriver&#10;Command: [7fc4714da166fbcd297286ec566c6440, findElement {using=xpath, value=//*[text()=&apos;OVERALL STATISTICS PANEL&apos;]}]&#10;Capabilities {acceptInsecureCerts: false, browserName: chrome, browserVersion: 114.0.5735.110, chrome: {chromedriverVersion: 114.0.5735.90 (386bc09e8f4f..., userDataDir: C:\Users\SUWARN~1\AppData\L...}, goog:chromeOptions: {debuggerAddress: localhost:57481}, networkConnectionEnabled: false, pageLoadStrategy: normal, platformName: WINDOWS, proxy: Proxy(), se:cdp: ws://localhost:57481/devtoo..., se:cdpVersion: 114.0.5735.110, setWindowRect: true, strictFileInteractability: false, timeouts: {implicit: 0, pageLoad: 300000, script: 30000}, unhandledPromptBehavior: dismiss and notify, webauthn:extension:credBlob: true, webauthn:extension:largeBlob: true, webauthn:extension:minPinLength: true, webauthn:extension:prf: true, webauthn:virtualAuthenticators: true}&#10;Session ID: 7fc4714da166fbcd297286ec566c6440"/>
    <system-out><![CDATA[19:04:39.688 [rp-io-77] DEBUG com.epam.reportportal.service.Launch - Starting test item...rp-io-77
19:04:39.690 [AsyncHttpClient-1-13] DEBUG org.asynchttpclient.netty.handler.WebSocketHandler - Channel Closed: [id: 0x90644c6a, L:/127.0.0.1:57458 ! R:localhost/127.0.0.1:57450] with attribute NettyResponseFuture{currentRetry=0,
	isDone=1,
	isCancelled=0,
	asyncHandler=org.asynchttpclient.ws.WebSocketUpgradeHandler@5b030737,
	nettyRequest=org.asynchttpclient.netty.request.NettyRequest@1e019233,
	future=java.util.concurrent.CompletableFuture@14124ce0[Completed normally],
	uri=ws://localhost:57450/devtools/browser/0ff81368-511b-4245-ae29-971920c1a921,
	keepAlive=true,
	redirectCount=0,
	timeoutsHolder=null,
	inAuth=0,
	touch=1686071076838}
19:04:39.690 [AsyncHttpClient-1-13] DEBUG org.asynchttpclient.netty.channel.ChannelManager - Closing Channel [id: 0x90644c6a, L:/127.0.0.1:57458 ! R:localhost/127.0.0.1:57450] 
19:04:39.691 [Driver Command Executor] DEBUG org.asynchttpclient.netty.request.NettyRequestSender - Using pooled Channel '[id: 0xa0973507, L:/127.0.0.1:57449 - R:localhost/127.0.0.1:42009]' for 'DELETE' to 'http://localhost:42009/session/87398ffa963c4ec86d7ab6e1b1a18727'
19:04:39.691 [Driver Command Executor] DEBUG org.asynchttpclient.netty.request.NettyRequestSender - Using open Channel [id: 0xa0973507, L:/127.0.0.1:57449 - R:localhost/127.0.0.1:42009] for DELETE '/session/87398ffa963c4ec86d7ab6e1b1a18727'
19:04:39.707 [rp-io-75] DEBUG com.epam.reportportal.service.Launch - TestItem with ID = '7a452976-ebfb-4b33-87c9-4a412cc0c486' successfully finished.
19:04:39.707 [rp-io-75] DEBUG com.epam.reportportal.utils.SubscriptionUtils - Finish test item completed
19:04:39.712 [rp-io-78] DEBUG com.epam.reportportal.service.Launch - ReportPortal item with ID '7dc480b7-6133-41e3-a6c3-60d8ae9a1f67' has been created
19:04:39.712 [rp-io-78] DEBUG com.epam.reportportal.utils.SubscriptionUtils - Start test item successfully completed
19:04:39.737 [AsyncHttpClient-1-12] DEBUG org.asynchttpclient.netty.handler.HttpHandler - Unexpected I/O exception on channel [id: 0x66d7e104, L:/127.0.0.1:57457 - R:localhost/127.0.0.1:57450]
java.net.SocketException: Connection reset
	at java.base/sun.nio.ch.SocketChannelImpl.throwConnectionReset(SocketChannelImpl.java:394)
	at java.base/sun.nio.ch.SocketChannelImpl.read(SocketChannelImpl.java:426)
	at io.netty.buffer.PooledByteBuf.setBytes(PooledByteBuf.java:256)
	at io.netty.buffer.AbstractByteBuf.writeBytes(AbstractByteBuf.java:1132)
	at io.netty.channel.socket.nio.NioSocketChannel.doReadBytes(NioSocketChannel.java:357)
	at io.netty.channel.nio.AbstractNioByteChannel$NioByteUnsafe.read(AbstractNioByteChannel.java:151)
	at io.netty.channel.nio.NioEventLoop.processSelectedKey(NioEventLoop.java:788)
	at io.netty.channel.nio.NioEventLoop.processSelectedKeysOptimized(NioEventLoop.java:724)
	at io.netty.channel.nio.NioEventLoop.processSelectedKeys(NioEventLoop.java:650)
	at io.netty.channel.nio.NioEventLoop.run(NioEventLoop.java:562)
	at io.netty.util.concurrent.SingleThreadEventExecutor$4.run(SingleThreadEventExecutor.java:997)
	at io.netty.util.internal.ThreadExecutorMap$2.run(ThreadExecutorMap.java:74)
	at io.netty.util.concurrent.FastThreadLocalRunnable.run(FastThreadLocalRunnable.java:30)
	at java.base/java.lang.Thread.run(Thread.java:833)
19:04:39.737 [AsyncHttpClient-1-12] DEBUG org.asynchttpclient.netty.channel.ChannelManager - Closing Channel [id: 0x66d7e104, L:/127.0.0.1:57457 - R:localhost/127.0.0.1:57450] 
19:04:39.737 [AsyncHttpClient-1-12] DEBUG org.asynchttpclient.netty.handler.HttpHandler - Channel Closed: [id: 0x66d7e104, L:/127.0.0.1:57457 ! R:localhost/127.0.0.1:57450] with attribute DISCARD
19:04:39.755 [AsyncHttpClient-1-11] DEBUG org.asynchttpclient.netty.handler.HttpHandler - 

Request DefaultFullHttpRequest(decodeResult: success, version: HTTP/1.1, content: EmptyByteBufBE)
DELETE /session/87398ffa963c4ec86d7ab6e1b1a18727 HTTP/1.1
User-Agent: selenium/4.8.3 (java windows)
Content-Type: application/json; charset=utf-8
host: localhost:42009
accept: */*

Response DefaultHttpResponse(decodeResult: success, version: HTTP/1.1)
HTTP/1.1 200 OK
Content-Length: 14
Content-Type: application/json; charset=utf-8
cache-control: no-cache

19:04:39.756 [AsyncHttpClient-1-11] DEBUG org.asynchttpclient.netty.channel.ChannelManager - Adding key: http://localhost:42009 for channel [id: 0xa0973507, L:/127.0.0.1:57449 - R:localhost/127.0.0.1:42009]
19:04:39.797 [AsyncHttpClient-1-11] DEBUG org.asynchttpclient.netty.handler.HttpHandler - Channel Closed: [id: 0xa0973507, L:/127.0.0.1:57449 ! R:localhost/127.0.0.1:42009] with attribute DISCARD
2023-06-06 19:04:39 INFO  BaseTest:83 - Test executed**********
19:04:39.843 [rp-io-83] DEBUG com.epam.reportportal.service.Launch - Starting test item...rp-io-83
2023-06-06 19:04:39 INFO  BaseTest:110 - Property files loaded successfully**********
19:04:39.856 [main] DEBUG io.github.bonigarcia.wdm.cache.ResolutionCache - Resolution chrome=114 in cache (valid until 19:20:28 06/06/2023 CEST)
19:04:39.857 [main] DEBUG io.github.bonigarcia.wdm.cache.ResolutionCache - Resolution chrome114=114.0.5735.90 in cache (valid until 16:16:26 07/06/2023 CEST)
19:04:39.857 [main] INFO io.github.bonigarcia.wdm.WebDriverManager - Using chromedriver 114.0.5735.90 (resolved driver for Chrome 114)
19:04:39.858 [rp-io-82] DEBUG com.epam.reportportal.service.Launch - TestItem with ID = '7dc480b7-6133-41e3-a6c3-60d8ae9a1f67' successfully finished.
19:04:39.858 [rp-io-82] DEBUG com.epam.reportportal.utils.SubscriptionUtils - Finish test item completed
19:04:39.863 [rp-io-85] DEBUG com.epam.reportportal.service.Launch - ReportPortal item with ID '9ec16cf7-0c8d-426a-bc6c-3d83d6b42984' has been created
19:04:39.863 [rp-io-85] DEBUG com.epam.reportportal.utils.SubscriptionUtils - Start test item successfully completed
19:04:39.863 [main] DEBUG io.github.bonigarcia.wdm.WebDriverManager - Driver chromedriver 114.0.5735.90 found in cache
19:04:39.864 [main] INFO io.github.bonigarcia.wdm.WebDriverManager - Exporting webdriver.chrome.driver as C:\Users\Suwarna_Wagh\.cache\selenium\chromedriver\win32\114.0.5735.90\chromedriver.exe
19:04:40.037 [AsyncHttpClient-1-1] DEBUG org.asynchttpclient.netty.channel.DefaultChannelPool - Entry count for : http://localhost:42009 : 1
19:04:40.037 [AsyncHttpClient-1-1] DEBUG org.asynchttpclient.netty.channel.DefaultChannelPool - Entry count for : http://localhost:57450 : 1
19:04:40.037 [AsyncHttpClient-1-1] DEBUG org.asynchttpclient.netty.channel.DefaultChannelPool - Adding Candidate expired Channel [id: 0xa0973507, L:/127.0.0.1:57449 ! R:localhost/127.0.0.1:42009] isIdleTimeoutExpired=false isRemotelyClosed=true isTtlExpired=false
19:04:40.037 [AsyncHttpClient-1-1] DEBUG org.asynchttpclient.netty.channel.DefaultChannelPool - Closing Idle Channel [id: 0xa0973507, L:/127.0.0.1:57449 ! R:localhost/127.0.0.1:42009]
19:04:40.037 [AsyncHttpClient-1-1] DEBUG org.asynchttpclient.netty.channel.DefaultChannelPool - Adding Candidate expired Channel [id: 0x66d7e104, L:/127.0.0.1:57457 ! R:localhost/127.0.0.1:57450] isIdleTimeoutExpired=false isRemotelyClosed=true isTtlExpired=false
19:04:40.037 [AsyncHttpClient-1-1] DEBUG org.asynchttpclient.netty.channel.DefaultChannelPool - Closing Idle Channel [id: 0x66d7e104, L:/127.0.0.1:57457 ! R:localhost/127.0.0.1:57450]
19:04:40.037 [AsyncHttpClient-1-1] DEBUG org.asynchttpclient.netty.channel.DefaultChannelPool - Closed 2 connections out of 2 in 0 ms
19:04:40.073 [AsyncHttpClient-1-14] DEBUG org.asynchttpclient.netty.channel.NettyConnectListener - Using new Channel '[id: 0x394141d8, L:/127.0.0.1:57480 - R:localhost/127.0.0.1:18035]' for 'POST' to '/session'
19:04:40.876 [AsyncHttpClient-1-14] DEBUG org.asynchttpclient.netty.handler.HttpHandler - 

Request DefaultHttpRequest(decodeResult: success, version: HTTP/1.1)
POST /session HTTP/1.1
User-Agent: selenium/4.8.3 (java windows)
Content-Length: 439
Content-Type: application/json; charset=utf-8
host: localhost:18035
accept: */*

Response DefaultHttpResponse(decodeResult: success, version: HTTP/1.1)
HTTP/1.1 200 OK
Content-Length: 864
Content-Type: application/json; charset=utf-8
cache-control: no-cache

19:04:40.876 [AsyncHttpClient-1-14] DEBUG org.asynchttpclient.netty.channel.ChannelManager - Adding key: http://localhost:18035 for channel [id: 0x394141d8, L:/127.0.0.1:57480 - R:localhost/127.0.0.1:18035]
19:04:40.883 [AsyncHttpClient-1-15] DEBUG org.asynchttpclient.netty.channel.NettyConnectListener - Using new Channel '[id: 0x81b019a8, L:/127.0.0.1:57487 - R:localhost/127.0.0.1:57481]' for 'GET' to '/json/version'
19:04:40.885 [AsyncHttpClient-1-15] DEBUG org.asynchttpclient.netty.handler.HttpHandler - 

Request DefaultFullHttpRequest(decodeResult: success, version: HTTP/1.1, content: EmptyByteBufBE)
GET /json/version HTTP/1.1
User-Agent: selenium/4.8.3 (java windows)
host: localhost:57481
accept: */*

Response DefaultHttpResponse(decodeResult: success, version: HTTP/1.1)
HTTP/1.1 200 OK
Content-Security-Policy: frame-ancestors 'none'
Content-Length: 424
Content-Type: application/json; charset=UTF-8

19:04:40.886 [AsyncHttpClient-1-15] DEBUG org.asynchttpclient.netty.channel.ChannelManager - Adding key: http://localhost:57481 for channel [id: 0x81b019a8, L:/127.0.0.1:57487 - R:localhost/127.0.0.1:57481]
19:04:40.889 [AsyncHttpClient-1-16] DEBUG org.asynchttpclient.netty.channel.NettyConnectListener - Using new Channel '[id: 0x05e16805, L:/127.0.0.1:57488 - R:localhost/127.0.0.1:57481]' for 'GET' to '/devtools/browser/7351fbed-6f29-4967-99a4-3b6049706f7c'
19:04:40.892 [AsyncHttpClient-1-16] DEBUG org.asynchttpclient.netty.handler.WebSocketHandler - 

Request DefaultFullHttpRequest(decodeResult: success, version: HTTP/1.1, content: EmptyByteBufBE)
GET /devtools/browser/7351fbed-6f29-4967-99a4-3b6049706f7c HTTP/1.1
upgrade: websocket
connection: upgrade
sec-websocket-key: Fg5usFmDAS3xq22uphEAbA==
sec-websocket-version: 13
origin: http://localhost:57481
host: localhost:57481
accept: */*
user-agent: AHC/2.1

Response DefaultHttpResponse(decodeResult: success, version: HTTP/1.1)
HTTP/1.1 101 WebSocket Protocol Handshake
Upgrade: WebSocket
Connection: Upgrade
Sec-WebSocket-Accept: NwAHX28qreuc7yDU/fIDxvMYo6c=

19:04:40.896 [Forwarding setTimeout on session 7fc4714da166fbcd297286ec566c6440 to remote] DEBUG org.asynchttpclient.netty.request.NettyRequestSender - Using pooled Channel '[id: 0x394141d8, L:/127.0.0.1:57480 - R:localhost/127.0.0.1:18035]' for 'POST' to 'http://localhost:18035/session/7fc4714da166fbcd297286ec566c6440/timeouts'
19:04:40.896 [Forwarding setTimeout on session 7fc4714da166fbcd297286ec566c6440 to remote] DEBUG org.asynchttpclient.netty.request.NettyRequestSender - Using open Channel [id: 0x394141d8, L:/127.0.0.1:57480 - R:localhost/127.0.0.1:18035] for POST '/session/7fc4714da166fbcd297286ec566c6440/timeouts'
19:04:40.898 [AsyncHttpClient-1-14] DEBUG org.asynchttpclient.netty.handler.HttpHandler - 

Request DefaultHttpRequest(decodeResult: success, version: HTTP/1.1)
POST /session/7fc4714da166fbcd297286ec566c6440/timeouts HTTP/1.1
User-Agent: selenium/4.8.3 (java windows)
Content-Length: 22
Content-Type: application/json; charset=utf-8
host: localhost:18035
accept: */*

Response DefaultHttpResponse(decodeResult: success, version: HTTP/1.1)
HTTP/1.1 200 OK
Content-Length: 14
Content-Type: application/json; charset=utf-8
cache-control: no-cache

19:04:40.898 [AsyncHttpClient-1-14] DEBUG org.asynchttpclient.netty.channel.ChannelManager - Adding key: http://localhost:18035 for channel [id: 0x394141d8, L:/127.0.0.1:57480 - R:localhost/127.0.0.1:18035]
19:04:40.900 [Forwarding maximizeCurrentWindow on session 7fc4714da166fbcd297286ec566c6440 to remote] DEBUG org.asynchttpclient.netty.request.NettyRequestSender - Using pooled Channel '[id: 0x394141d8, L:/127.0.0.1:57480 - R:localhost/127.0.0.1:18035]' for 'POST' to 'http://localhost:18035/session/7fc4714da166fbcd297286ec566c6440/window/maximize'
19:04:40.900 [Forwarding maximizeCurrentWindow on session 7fc4714da166fbcd297286ec566c6440 to remote] DEBUG org.asynchttpclient.netty.request.NettyRequestSender - Using open Channel [id: 0x394141d8, L:/127.0.0.1:57480 - R:localhost/127.0.0.1:18035] for POST '/session/7fc4714da166fbcd297286ec566c6440/window/maximize'
19:04:41.014 [AsyncHttpClient-1-14] DEBUG org.asynchttpclient.netty.handler.HttpHandler - 

Request DefaultHttpRequest(decodeResult: success, version: HTTP/1.1)
POST /session/7fc4714da166fbcd297286ec566c6440/window/maximize HTTP/1.1
User-Agent: selenium/4.8.3 (java windows)
Content-Length: 3
Content-Type: application/json; charset=utf-8
host: localhost:18035
accept: */*

Response DefaultHttpResponse(decodeResult: success, version: HTTP/1.1)
HTTP/1.1 200 OK
Content-Length: 51
Content-Type: application/json; charset=utf-8
cache-control: no-cache

19:04:41.015 [AsyncHttpClient-1-14] DEBUG org.asynchttpclient.netty.channel.ChannelManager - Adding key: http://localhost:18035 for channel [id: 0x394141d8, L:/127.0.0.1:57480 - R:localhost/127.0.0.1:18035]
19:04:41.017 [Forwarding get on session 7fc4714da166fbcd297286ec566c6440 to remote] DEBUG org.asynchttpclient.netty.request.NettyRequestSender - Using pooled Channel '[id: 0x394141d8, L:/127.0.0.1:57480 - R:localhost/127.0.0.1:18035]' for 'POST' to 'http://localhost:18035/session/7fc4714da166fbcd297286ec566c6440/url'
19:04:41.017 [Forwarding get on session 7fc4714da166fbcd297286ec566c6440 to remote] DEBUG org.asynchttpclient.netty.request.NettyRequestSender - Using open Channel [id: 0x394141d8, L:/127.0.0.1:57480 - R:localhost/127.0.0.1:18035] for POST '/session/7fc4714da166fbcd297286ec566c6440/url'
19:04:41.137 [AsyncHttpClient-1-1] DEBUG org.asynchttpclient.netty.channel.DefaultChannelPool - Entry count for : http://localhost:57481 : 1
19:04:42.236 [AsyncHttpClient-1-1] DEBUG org.asynchttpclient.netty.channel.DefaultChannelPool - Entry count for : http://localhost:57481 : 1
19:04:42.579 [AsyncHttpClient-1-14] DEBUG org.asynchttpclient.netty.handler.HttpHandler - 

Request DefaultHttpRequest(decodeResult: success, version: HTTP/1.1)
POST /session/7fc4714da166fbcd297286ec566c6440/url HTTP/1.1
User-Agent: selenium/4.8.3 (java windows)
Content-Length: 52
Content-Type: application/json; charset=utf-8
host: localhost:18035
accept: */*

Response DefaultHttpResponse(decodeResult: success, version: HTTP/1.1)
HTTP/1.1 200 OK
Content-Length: 14
Content-Type: application/json; charset=utf-8
cache-control: no-cache

19:04:42.579 [AsyncHttpClient-1-14] DEBUG org.asynchttpclient.netty.channel.ChannelManager - Adding key: http://localhost:18035 for channel [id: 0x394141d8, L:/127.0.0.1:57480 - R:localhost/127.0.0.1:18035]
2023-06-06 19:04:42 INFO  BaseTest:104 - Test driver set up done successfully**********
2023-06-06 19:04:42 INFO  BaseTest:122 - Logging in to portal
19:04:42.581 [Forwarding findElement on session 7fc4714da166fbcd297286ec566c6440 to remote] DEBUG org.asynchttpclient.netty.request.NettyRequestSender - Using pooled Channel '[id: 0x394141d8, L:/127.0.0.1:57480 - R:localhost/127.0.0.1:18035]' for 'POST' to 'http://localhost:18035/session/7fc4714da166fbcd297286ec566c6440/element'
19:04:42.581 [Forwarding findElement on session 7fc4714da166fbcd297286ec566c6440 to remote] DEBUG org.asynchttpclient.netty.request.NettyRequestSender - Using open Channel [id: 0x394141d8, L:/127.0.0.1:57480 - R:localhost/127.0.0.1:18035] for POST '/session/7fc4714da166fbcd297286ec566c6440/element'
19:04:42.595 [AsyncHttpClient-1-14] DEBUG org.asynchttpclient.netty.handler.HttpHandler - 

Request DefaultHttpRequest(decodeResult: success, version: HTTP/1.1)
POST /session/7fc4714da166fbcd297286ec566c6440/element HTTP/1.1
User-Agent: selenium/4.8.3 (java windows)
Content-Length: 59
Content-Type: application/json; charset=utf-8
host: localhost:18035
accept: */*

Response DefaultHttpResponse(decodeResult: success, version: HTTP/1.1)
HTTP/1.1 200 OK
Content-Length: 95
Content-Type: application/json; charset=utf-8
cache-control: no-cache

19:04:42.595 [AsyncHttpClient-1-14] DEBUG org.asynchttpclient.netty.channel.ChannelManager - Adding key: http://localhost:18035 for channel [id: 0x394141d8, L:/127.0.0.1:57480 - R:localhost/127.0.0.1:18035]
19:04:42.596 [Forwarding clearElement on session 7fc4714da166fbcd297286ec566c6440 to remote] DEBUG org.asynchttpclient.netty.request.NettyRequestSender - Using pooled Channel '[id: 0x394141d8, L:/127.0.0.1:57480 - R:localhost/127.0.0.1:18035]' for 'POST' to 'http://localhost:18035/session/7fc4714da166fbcd297286ec566c6440/element/82212FEAD0FB4D45098B7EE537523077_element_26/clear'
19:04:42.596 [Forwarding clearElement on session 7fc4714da166fbcd297286ec566c6440 to remote] DEBUG org.asynchttpclient.netty.request.NettyRequestSender - Using open Channel [id: 0x394141d8, L:/127.0.0.1:57480 - R:localhost/127.0.0.1:18035] for POST '/session/7fc4714da166fbcd297286ec566c6440/element/82212FEAD0FB4D45098B7EE537523077_element_26/clear'
19:04:42.637 [AsyncHttpClient-1-14] DEBUG org.asynchttpclient.netty.handler.HttpHandler - 

Request DefaultHttpRequest(decodeResult: success, version: HTTP/1.1)
POST /session/7fc4714da166fbcd297286ec566c6440/element/82212FEAD0FB4D45098B7EE537523077_element_26/clear HTTP/1.1
User-Agent: selenium/4.8.3 (java windows)
Content-Length: 57
Content-Type: application/json; charset=utf-8
host: localhost:18035
accept: */*

Response DefaultHttpResponse(decodeResult: success, version: HTTP/1.1)
HTTP/1.1 200 OK
Content-Length: 14
Content-Type: application/json; charset=utf-8
cache-control: no-cache

19:04:42.637 [AsyncHttpClient-1-14] DEBUG org.asynchttpclient.netty.channel.ChannelManager - Adding key: http://localhost:18035 for channel [id: 0x394141d8, L:/127.0.0.1:57480 - R:localhost/127.0.0.1:18035]
19:04:42.638 [Forwarding findElement on session 7fc4714da166fbcd297286ec566c6440 to remote] DEBUG org.asynchttpclient.netty.request.NettyRequestSender - Using pooled Channel '[id: 0x394141d8, L:/127.0.0.1:57480 - R:localhost/127.0.0.1:18035]' for 'POST' to 'http://localhost:18035/session/7fc4714da166fbcd297286ec566c6440/element'
19:04:42.638 [Forwarding findElement on session 7fc4714da166fbcd297286ec566c6440 to remote] DEBUG org.asynchttpclient.netty.request.NettyRequestSender - Using open Channel [id: 0x394141d8, L:/127.0.0.1:57480 - R:localhost/127.0.0.1:18035] for POST '/session/7fc4714da166fbcd297286ec566c6440/element'
19:04:42.647 [AsyncHttpClient-1-14] DEBUG org.asynchttpclient.netty.handler.HttpHandler - 

Request DefaultHttpRequest(decodeResult: success, version: HTTP/1.1)
POST /session/7fc4714da166fbcd297286ec566c6440/element HTTP/1.1
User-Agent: selenium/4.8.3 (java windows)
Content-Length: 59
Content-Type: application/json; charset=utf-8
host: localhost:18035
accept: */*

Response DefaultHttpResponse(decodeResult: success, version: HTTP/1.1)
HTTP/1.1 200 OK
Content-Length: 95
Content-Type: application/json; charset=utf-8
cache-control: no-cache

19:04:42.648 [AsyncHttpClient-1-14] DEBUG org.asynchttpclient.netty.channel.ChannelManager - Adding key: http://localhost:18035 for channel [id: 0x394141d8, L:/127.0.0.1:57480 - R:localhost/127.0.0.1:18035]
19:04:42.649 [Forwarding sendKeysToElement on session 7fc4714da166fbcd297286ec566c6440 to remote] DEBUG org.asynchttpclient.netty.request.NettyRequestSender - Using pooled Channel '[id: 0x394141d8, L:/127.0.0.1:57480 - R:localhost/127.0.0.1:18035]' for 'POST' to 'http://localhost:18035/session/7fc4714da166fbcd297286ec566c6440/element/82212FEAD0FB4D45098B7EE537523077_element_26/value'
19:04:42.649 [Forwarding sendKeysToElement on session 7fc4714da166fbcd297286ec566c6440 to remote] DEBUG org.asynchttpclient.netty.request.NettyRequestSender - Using open Channel [id: 0x394141d8, L:/127.0.0.1:57480 - R:localhost/127.0.0.1:18035] for POST '/session/7fc4714da166fbcd297286ec566c6440/element/82212FEAD0FB4D45098B7EE537523077_element_26/value'
19:04:42.740 [AsyncHttpClient-1-14] DEBUG org.asynchttpclient.netty.handler.HttpHandler - 

Request DefaultHttpRequest(decodeResult: success, version: HTTP/1.1)
POST /session/7fc4714da166fbcd297286ec566c6440/element/82212FEAD0FB4D45098B7EE537523077_element_26/value HTTP/1.1
User-Agent: selenium/4.8.3 (java windows)
Content-Length: 188
Content-Type: application/json; charset=utf-8
host: localhost:18035
accept: */*

Response DefaultHttpResponse(decodeResult: success, version: HTTP/1.1)
HTTP/1.1 200 OK
Content-Length: 14
Content-Type: application/json; charset=utf-8
cache-control: no-cache

19:04:42.740 [AsyncHttpClient-1-14] DEBUG org.asynchttpclient.netty.channel.ChannelManager - Adding key: http://localhost:18035 for channel [id: 0x394141d8, L:/127.0.0.1:57480 - R:localhost/127.0.0.1:18035]
19:04:42.741 [Forwarding findElement on session 7fc4714da166fbcd297286ec566c6440 to remote] DEBUG org.asynchttpclient.netty.request.NettyRequestSender - Using pooled Channel '[id: 0x394141d8, L:/127.0.0.1:57480 - R:localhost/127.0.0.1:18035]' for 'POST' to 'http://localhost:18035/session/7fc4714da166fbcd297286ec566c6440/element'
19:04:42.741 [Forwarding findElement on session 7fc4714da166fbcd297286ec566c6440 to remote] DEBUG org.asynchttpclient.netty.request.NettyRequestSender - Using open Channel [id: 0x394141d8, L:/127.0.0.1:57480 - R:localhost/127.0.0.1:18035] for POST '/session/7fc4714da166fbcd297286ec566c6440/element'
19:04:42.753 [AsyncHttpClient-1-14] DEBUG org.asynchttpclient.netty.handler.HttpHandler - 

Request DefaultHttpRequest(decodeResult: success, version: HTTP/1.1)
POST /session/7fc4714da166fbcd297286ec566c6440/element HTTP/1.1
User-Agent: selenium/4.8.3 (java windows)
Content-Length: 62
Content-Type: application/json; charset=utf-8
host: localhost:18035
accept: */*

Response DefaultHttpResponse(decodeResult: success, version: HTTP/1.1)
HTTP/1.1 200 OK
Content-Length: 95
Content-Type: application/json; charset=utf-8
cache-control: no-cache

19:04:42.755 [AsyncHttpClient-1-14] DEBUG org.asynchttpclient.netty.channel.ChannelManager - Adding key: http://localhost:18035 for channel [id: 0x394141d8, L:/127.0.0.1:57480 - R:localhost/127.0.0.1:18035]
19:04:42.755 [Forwarding clearElement on session 7fc4714da166fbcd297286ec566c6440 to remote] DEBUG org.asynchttpclient.netty.request.NettyRequestSender - Using pooled Channel '[id: 0x394141d8, L:/127.0.0.1:57480 - R:localhost/127.0.0.1:18035]' for 'POST' to 'http://localhost:18035/session/7fc4714da166fbcd297286ec566c6440/element/82212FEAD0FB4D45098B7EE537523077_element_28/clear'
19:04:42.756 [Forwarding clearElement on session 7fc4714da166fbcd297286ec566c6440 to remote] DEBUG org.asynchttpclient.netty.request.NettyRequestSender - Using open Channel [id: 0x394141d8, L:/127.0.0.1:57480 - R:localhost/127.0.0.1:18035] for POST '/session/7fc4714da166fbcd297286ec566c6440/element/82212FEAD0FB4D45098B7EE537523077_element_28/clear'
19:04:42.804 [AsyncHttpClient-1-14] DEBUG org.asynchttpclient.netty.handler.HttpHandler - 

Request DefaultHttpRequest(decodeResult: success, version: HTTP/1.1)
POST /session/7fc4714da166fbcd297286ec566c6440/element/82212FEAD0FB4D45098B7EE537523077_element_28/clear HTTP/1.1
User-Agent: selenium/4.8.3 (java windows)
Content-Length: 57
Content-Type: application/json; charset=utf-8
host: localhost:18035
accept: */*

Response DefaultHttpResponse(decodeResult: success, version: HTTP/1.1)
HTTP/1.1 200 OK
Content-Length: 14
Content-Type: application/json; charset=utf-8
cache-control: no-cache

19:04:42.804 [AsyncHttpClient-1-14] DEBUG org.asynchttpclient.netty.channel.ChannelManager - Adding key: http://localhost:18035 for channel [id: 0x394141d8, L:/127.0.0.1:57480 - R:localhost/127.0.0.1:18035]
19:04:42.805 [Forwarding findElement on session 7fc4714da166fbcd297286ec566c6440 to remote] DEBUG org.asynchttpclient.netty.request.NettyRequestSender - Using pooled Channel '[id: 0x394141d8, L:/127.0.0.1:57480 - R:localhost/127.0.0.1:18035]' for 'POST' to 'http://localhost:18035/session/7fc4714da166fbcd297286ec566c6440/element'
19:04:42.805 [Forwarding findElement on session 7fc4714da166fbcd297286ec566c6440 to remote] DEBUG org.asynchttpclient.netty.request.NettyRequestSender - Using open Channel [id: 0x394141d8, L:/127.0.0.1:57480 - R:localhost/127.0.0.1:18035] for POST '/session/7fc4714da166fbcd297286ec566c6440/element'
19:04:42.812 [AsyncHttpClient-1-14] DEBUG org.asynchttpclient.netty.handler.HttpHandler - 

Request DefaultHttpRequest(decodeResult: success, version: HTTP/1.1)
POST /session/7fc4714da166fbcd297286ec566c6440/element HTTP/1.1
User-Agent: selenium/4.8.3 (java windows)
Content-Length: 62
Content-Type: application/json; charset=utf-8
host: localhost:18035
accept: */*

Response DefaultHttpResponse(decodeResult: success, version: HTTP/1.1)
HTTP/1.1 200 OK
Content-Length: 95
Content-Type: application/json; charset=utf-8
cache-control: no-cache

19:04:42.812 [AsyncHttpClient-1-14] DEBUG org.asynchttpclient.netty.channel.ChannelManager - Adding key: http://localhost:18035 for channel [id: 0x394141d8, L:/127.0.0.1:57480 - R:localhost/127.0.0.1:18035]
19:04:42.814 [Forwarding sendKeysToElement on session 7fc4714da166fbcd297286ec566c6440 to remote] DEBUG org.asynchttpclient.netty.request.NettyRequestSender - Using pooled Channel '[id: 0x394141d8, L:/127.0.0.1:57480 - R:localhost/127.0.0.1:18035]' for 'POST' to 'http://localhost:18035/session/7fc4714da166fbcd297286ec566c6440/element/82212FEAD0FB4D45098B7EE537523077_element_28/value'
19:04:42.814 [Forwarding sendKeysToElement on session 7fc4714da166fbcd297286ec566c6440 to remote] DEBUG org.asynchttpclient.netty.request.NettyRequestSender - Using open Channel [id: 0x394141d8, L:/127.0.0.1:57480 - R:localhost/127.0.0.1:18035] for POST '/session/7fc4714da166fbcd297286ec566c6440/element/82212FEAD0FB4D45098B7EE537523077_element_28/value'
19:04:42.873 [AsyncHttpClient-1-14] DEBUG org.asynchttpclient.netty.handler.HttpHandler - 

Request DefaultHttpRequest(decodeResult: success, version: HTTP/1.1)
POST /session/7fc4714da166fbcd297286ec566c6440/element/82212FEAD0FB4D45098B7EE537523077_element_28/value HTTP/1.1
User-Agent: selenium/4.8.3 (java windows)
Content-Length: 148
Content-Type: application/json; charset=utf-8
host: localhost:18035
accept: */*

Response DefaultHttpResponse(decodeResult: success, version: HTTP/1.1)
HTTP/1.1 200 OK
Content-Length: 14
Content-Type: application/json; charset=utf-8
cache-control: no-cache

19:04:42.873 [AsyncHttpClient-1-14] DEBUG org.asynchttpclient.netty.channel.ChannelManager - Adding key: http://localhost:18035 for channel [id: 0x394141d8, L:/127.0.0.1:57480 - R:localhost/127.0.0.1:18035]
19:04:42.874 [Forwarding findElement on session 7fc4714da166fbcd297286ec566c6440 to remote] DEBUG org.asynchttpclient.netty.request.NettyRequestSender - Using pooled Channel '[id: 0x394141d8, L:/127.0.0.1:57480 - R:localhost/127.0.0.1:18035]' for 'POST' to 'http://localhost:18035/session/7fc4714da166fbcd297286ec566c6440/element'
19:04:42.874 [Forwarding findElement on session 7fc4714da166fbcd297286ec566c6440 to remote] DEBUG org.asynchttpclient.netty.request.NettyRequestSender - Using open Channel [id: 0x394141d8, L:/127.0.0.1:57480 - R:localhost/127.0.0.1:18035] for POST '/session/7fc4714da166fbcd297286ec566c6440/element'
19:04:42.889 [AsyncHttpClient-1-14] DEBUG org.asynchttpclient.netty.handler.HttpHandler - 

Request DefaultHttpRequest(decodeResult: success, version: HTTP/1.1)
POST /session/7fc4714da166fbcd297286ec566c6440/element HTTP/1.1
User-Agent: selenium/4.8.3 (java windows)
Content-Length: 71
Content-Type: application/json; charset=utf-8
host: localhost:18035
accept: */*

Response DefaultHttpResponse(decodeResult: success, version: HTTP/1.1)
HTTP/1.1 200 OK
Content-Length: 95
Content-Type: application/json; charset=utf-8
cache-control: no-cache

19:04:42.889 [AsyncHttpClient-1-14] DEBUG org.asynchttpclient.netty.channel.ChannelManager - Adding key: http://localhost:18035 for channel [id: 0x394141d8, L:/127.0.0.1:57480 - R:localhost/127.0.0.1:18035]
19:04:42.890 [Forwarding clickElement on session 7fc4714da166fbcd297286ec566c6440 to remote] DEBUG org.asynchttpclient.netty.request.NettyRequestSender - Using pooled Channel '[id: 0x394141d8, L:/127.0.0.1:57480 - R:localhost/127.0.0.1:18035]' for 'POST' to 'http://localhost:18035/session/7fc4714da166fbcd297286ec566c6440/element/82212FEAD0FB4D45098B7EE537523077_element_32/click'
19:04:42.890 [Forwarding clickElement on session 7fc4714da166fbcd297286ec566c6440 to remote] DEBUG org.asynchttpclient.netty.request.NettyRequestSender - Using open Channel [id: 0x394141d8, L:/127.0.0.1:57480 - R:localhost/127.0.0.1:18035] for POST '/session/7fc4714da166fbcd297286ec566c6440/element/82212FEAD0FB4D45098B7EE537523077_element_32/click'
19:04:42.930 [AsyncHttpClient-1-14] DEBUG org.asynchttpclient.netty.handler.HttpHandler - 

Request DefaultHttpRequest(decodeResult: success, version: HTTP/1.1)
POST /session/7fc4714da166fbcd297286ec566c6440/element/82212FEAD0FB4D45098B7EE537523077_element_32/click HTTP/1.1
User-Agent: selenium/4.8.3 (java windows)
Content-Length: 57
Content-Type: application/json; charset=utf-8
host: localhost:18035
accept: */*

Response DefaultHttpResponse(decodeResult: success, version: HTTP/1.1)
HTTP/1.1 200 OK
Content-Length: 14
Content-Type: application/json; charset=utf-8
cache-control: no-cache

19:04:42.930 [AsyncHttpClient-1-14] DEBUG org.asynchttpclient.netty.channel.ChannelManager - Adding key: http://localhost:18035 for channel [id: 0x394141d8, L:/127.0.0.1:57480 - R:localhost/127.0.0.1:18035]
2023-06-06 19:04:42 INFO  BaseTest:126 - Logged in
19:04:42.931 [rp-io-89] DEBUG com.epam.reportportal.service.Launch - Starting test item...rp-io-89
2023-06-06 19:04:42 INFO  Listeners:34 - Started Test null
19:04:42.935 [Forwarding findElement on session 7fc4714da166fbcd297286ec566c6440 to remote] DEBUG org.asynchttpclient.netty.request.NettyRequestSender - Using pooled Channel '[id: 0x394141d8, L:/127.0.0.1:57480 - R:localhost/127.0.0.1:18035]' for 'POST' to 'http://localhost:18035/session/7fc4714da166fbcd297286ec566c6440/element'
19:04:42.935 [Forwarding findElement on session 7fc4714da166fbcd297286ec566c6440 to remote] DEBUG org.asynchttpclient.netty.request.NettyRequestSender - Using open Channel [id: 0x394141d8, L:/127.0.0.1:57480 - R:localhost/127.0.0.1:18035] for POST '/session/7fc4714da166fbcd297286ec566c6440/element'
19:04:42.947 [rp-io-87] DEBUG com.epam.reportportal.service.Launch - TestItem with ID = '9ec16cf7-0c8d-426a-bc6c-3d83d6b42984' successfully finished.
19:04:42.948 [rp-io-87] DEBUG com.epam.reportportal.utils.SubscriptionUtils - Finish test item completed
19:04:42.953 [rp-io-89] DEBUG com.epam.reportportal.service.Launch - ReportPortal item with ID '9685a7c8-8438-4081-ac79-a01e26b51e06' has been created
19:04:42.953 [rp-io-89] DEBUG com.epam.reportportal.utils.SubscriptionUtils - Start test item successfully completed
19:04:43.254 [AsyncHttpClient-1-14] DEBUG org.asynchttpclient.netty.handler.HttpHandler - 

Request DefaultHttpRequest(decodeResult: success, version: HTTP/1.1)
POST /session/7fc4714da166fbcd297286ec566c6440/element HTTP/1.1
User-Agent: selenium/4.8.3 (java windows)
Content-Length: 168
Content-Type: application/json; charset=utf-8
host: localhost:18035
accept: */*

Response DefaultHttpResponse(decodeResult: success, version: HTTP/1.1)
HTTP/1.1 200 OK
Content-Length: 95
Content-Type: application/json; charset=utf-8
cache-control: no-cache

19:04:43.254 [AsyncHttpClient-1-14] DEBUG org.asynchttpclient.netty.channel.ChannelManager - Adding key: http://localhost:18035 for channel [id: 0x394141d8, L:/127.0.0.1:57480 - R:localhost/127.0.0.1:18035]
19:04:43.255 [Forwarding clickElement on session 7fc4714da166fbcd297286ec566c6440 to remote] DEBUG org.asynchttpclient.netty.request.NettyRequestSender - Using pooled Channel '[id: 0x394141d8, L:/127.0.0.1:57480 - R:localhost/127.0.0.1:18035]' for 'POST' to 'http://localhost:18035/session/7fc4714da166fbcd297286ec566c6440/element/82212FEAD0FB4D45098B7EE537523077_element_37/click'
19:04:43.255 [Forwarding clickElement on session 7fc4714da166fbcd297286ec566c6440 to remote] DEBUG org.asynchttpclient.netty.request.NettyRequestSender - Using open Channel [id: 0x394141d8, L:/127.0.0.1:57480 - R:localhost/127.0.0.1:18035] for POST '/session/7fc4714da166fbcd297286ec566c6440/element/82212FEAD0FB4D45098B7EE537523077_element_37/click'
19:04:43.336 [AsyncHttpClient-1-1] DEBUG org.asynchttpclient.netty.channel.DefaultChannelPool - Entry count for : http://localhost:57481 : 1
19:04:43.459 [AsyncHttpClient-1-14] DEBUG org.asynchttpclient.netty.handler.HttpHandler - 

Request DefaultHttpRequest(decodeResult: success, version: HTTP/1.1)
POST /session/7fc4714da166fbcd297286ec566c6440/element/82212FEAD0FB4D45098B7EE537523077_element_37/click HTTP/1.1
User-Agent: selenium/4.8.3 (java windows)
Content-Length: 57
Content-Type: application/json; charset=utf-8
host: localhost:18035
accept: */*

Response DefaultHttpResponse(decodeResult: success, version: HTTP/1.1)
HTTP/1.1 200 OK
Content-Length: 14
Content-Type: application/json; charset=utf-8
cache-control: no-cache

19:04:43.459 [AsyncHttpClient-1-14] DEBUG org.asynchttpclient.netty.channel.ChannelManager - Adding key: http://localhost:18035 for channel [id: 0x394141d8, L:/127.0.0.1:57480 - R:localhost/127.0.0.1:18035]
19:04:43.460 [Forwarding findElement on session 7fc4714da166fbcd297286ec566c6440 to remote] DEBUG org.asynchttpclient.netty.request.NettyRequestSender - Using pooled Channel '[id: 0x394141d8, L:/127.0.0.1:57480 - R:localhost/127.0.0.1:18035]' for 'POST' to 'http://localhost:18035/session/7fc4714da166fbcd297286ec566c6440/element'
19:04:43.460 [Forwarding findElement on session 7fc4714da166fbcd297286ec566c6440 to remote] DEBUG org.asynchttpclient.netty.request.NettyRequestSender - Using open Channel [id: 0x394141d8, L:/127.0.0.1:57480 - R:localhost/127.0.0.1:18035] for POST '/session/7fc4714da166fbcd297286ec566c6440/element'
19:04:44.436 [AsyncHttpClient-1-1] DEBUG org.asynchttpclient.netty.channel.DefaultChannelPool - Entry count for : http://localhost:57481 : 1
19:04:45.537 [AsyncHttpClient-1-1] DEBUG org.asynchttpclient.netty.channel.DefaultChannelPool - Entry count for : http://localhost:57481 : 1
19:04:46.636 [AsyncHttpClient-1-1] DEBUG org.asynchttpclient.netty.channel.DefaultChannelPool - Entry count for : http://localhost:57481 : 1
19:04:47.626 [AsyncHttpClient-1-14] DEBUG org.asynchttpclient.netty.handler.HttpHandler - 

Request DefaultHttpRequest(decodeResult: success, version: HTTP/1.1)
POST /session/7fc4714da166fbcd297286ec566c6440/element HTTP/1.1
User-Agent: selenium/4.8.3 (java windows)
Content-Length: 85
Content-Type: application/json; charset=utf-8
host: localhost:18035
accept: */*

Response DefaultHttpResponse(decodeResult: success, version: HTTP/1.1)
HTTP/1.1 404 Not Found
Content-Length: 975
Content-Type: application/json; charset=utf-8
cache-control: no-cache

19:04:47.626 [AsyncHttpClient-1-14] DEBUG org.asynchttpclient.netty.channel.ChannelManager - Adding key: http://localhost:18035 for channel [id: 0x394141d8, L:/127.0.0.1:57480 - R:localhost/127.0.0.1:18035]
2023-06-06 19:04:47 INFO  Listeners:55 - Skipped test null
19:04:47.635 [main] ERROR com.epam.reportportal.service.Launch - Item io.reactivex.internal.operators.maybe.MaybeCache@22f7bf36 not found in the cache
]]></system-out>
    <system-err><![CDATA[Starting ChromeDriver 114.0.5735.90 (386bc09e8f4f2e025eddae123f36f6263096ae49-refs/branch-heads/5735@{#1052}) on port 18035
Only local connections are allowed.
Please see https://chromedriver.chromium.org/security-considerations for suggestions on keeping ChromeDriver safe.
ChromeDriver was started successfully.
Jun 06, 2023 7:04:40 PM org.openqa.selenium.devtools.CdpVersionFinder findNearestMatch
WARNING: Unable to find an exact match for CDP version 114, so returning the closest version found: 111
]]></system-err>
  </testcase>
  <testcase name="searchDashboardNameDP[OVERALL STATISTICS PANEL](6)" classname="alltests.uitest.coreTest.DashboardPageTest" time="1.058">
    <system-out><![CDATA[19:04:47.637 [rp-io-0] DEBUG com.epam.reportportal.service.Launch - Starting test item...rp-io-0
19:04:47.639 [AsyncHttpClient-1-16] DEBUG org.asynchttpclient.netty.handler.WebSocketHandler - Channel Closed: [id: 0x05e16805, L:/127.0.0.1:57488 ! R:localhost/127.0.0.1:57481] with attribute NettyResponseFuture{currentRetry=0,
	isDone=1,
	isCancelled=0,
	asyncHandler=org.asynchttpclient.ws.WebSocketUpgradeHandler@3bec5149,
	nettyRequest=org.asynchttpclient.netty.request.NettyRequest@7eeec850,
	future=java.util.concurrent.CompletableFuture@6ebbe046[Completed normally],
	uri=ws://localhost:57481/devtools/browser/7351fbed-6f29-4967-99a4-3b6049706f7c,
	keepAlive=true,
	redirectCount=0,
	timeoutsHolder=null,
	inAuth=0,
	touch=1686071080892}
19:04:47.639 [AsyncHttpClient-1-16] DEBUG org.asynchttpclient.netty.channel.ChannelManager - Closing Channel [id: 0x05e16805, L:/127.0.0.1:57488 ! R:localhost/127.0.0.1:57481] 
19:04:47.640 [Driver Command Executor] DEBUG org.asynchttpclient.netty.request.NettyRequestSender - Using pooled Channel '[id: 0x394141d8, L:/127.0.0.1:57480 - R:localhost/127.0.0.1:18035]' for 'DELETE' to 'http://localhost:18035/session/7fc4714da166fbcd297286ec566c6440'
19:04:47.640 [Driver Command Executor] DEBUG org.asynchttpclient.netty.request.NettyRequestSender - Using open Channel [id: 0x394141d8, L:/127.0.0.1:57480 - R:localhost/127.0.0.1:18035] for DELETE '/session/7fc4714da166fbcd297286ec566c6440'
19:04:47.680 [rp-io-94] DEBUG com.epam.reportportal.service.Launch - TestItem with ID = '9ec16cf7-0c8d-426a-bc6c-3d83d6b42984' successfully finished.
19:04:47.680 [rp-io-94] DEBUG com.epam.reportportal.utils.SubscriptionUtils - Finish test item completed
19:04:47.688 [rp-io-0] DEBUG com.epam.reportportal.service.Launch - ReportPortal item with ID 'de0aedc3-25d8-41cf-88dd-7f0f903281c3' has been created
19:04:47.688 [rp-io-0] DEBUG com.epam.reportportal.utils.SubscriptionUtils - Start test item successfully completed
19:04:47.693 [rp-io-95] DEBUG com.epam.reportportal.service.Launch - TestItem with ID = '9685a7c8-8438-4081-ac79-a01e26b51e06' successfully finished.
19:04:47.693 [rp-io-95] DEBUG com.epam.reportportal.utils.SubscriptionUtils - Finish test item completed
19:04:47.724 [AsyncHttpClient-1-15] DEBUG org.asynchttpclient.netty.handler.HttpHandler - Unexpected I/O exception on channel [id: 0x81b019a8, L:/127.0.0.1:57487 - R:localhost/127.0.0.1:57481]
java.net.SocketException: Connection reset
	at java.base/sun.nio.ch.SocketChannelImpl.throwConnectionReset(SocketChannelImpl.java:394)
	at java.base/sun.nio.ch.SocketChannelImpl.read(SocketChannelImpl.java:426)
	at io.netty.buffer.PooledByteBuf.setBytes(PooledByteBuf.java:256)
	at io.netty.buffer.AbstractByteBuf.writeBytes(AbstractByteBuf.java:1132)
	at io.netty.channel.socket.nio.NioSocketChannel.doReadBytes(NioSocketChannel.java:357)
	at io.netty.channel.nio.AbstractNioByteChannel$NioByteUnsafe.read(AbstractNioByteChannel.java:151)
	at io.netty.channel.nio.NioEventLoop.processSelectedKey(NioEventLoop.java:788)
	at io.netty.channel.nio.NioEventLoop.processSelectedKeysOptimized(NioEventLoop.java:724)
	at io.netty.channel.nio.NioEventLoop.processSelectedKeys(NioEventLoop.java:650)
	at io.netty.channel.nio.NioEventLoop.run(NioEventLoop.java:562)
	at io.netty.util.concurrent.SingleThreadEventExecutor$4.run(SingleThreadEventExecutor.java:997)
	at io.netty.util.internal.ThreadExecutorMap$2.run(ThreadExecutorMap.java:74)
	at io.netty.util.concurrent.FastThreadLocalRunnable.run(FastThreadLocalRunnable.java:30)
	at java.base/java.lang.Thread.run(Thread.java:833)
19:04:47.725 [AsyncHttpClient-1-15] DEBUG org.asynchttpclient.netty.channel.ChannelManager - Closing Channel [id: 0x81b019a8, L:/127.0.0.1:57487 - R:localhost/127.0.0.1:57481] 
19:04:47.725 [AsyncHttpClient-1-15] DEBUG org.asynchttpclient.netty.handler.HttpHandler - Channel Closed: [id: 0x81b019a8, L:/127.0.0.1:57487 ! R:localhost/127.0.0.1:57481] with attribute DISCARD
19:04:47.737 [AsyncHttpClient-1-1] DEBUG org.asynchttpclient.netty.channel.DefaultChannelPool - Entry count for : http://localhost:57481 : 1
19:04:47.737 [AsyncHttpClient-1-1] DEBUG org.asynchttpclient.netty.channel.DefaultChannelPool - Adding Candidate expired Channel [id: 0x81b019a8, L:/127.0.0.1:57487 ! R:localhost/127.0.0.1:57481] isIdleTimeoutExpired=false isRemotelyClosed=true isTtlExpired=false
19:04:47.737 [AsyncHttpClient-1-1] DEBUG org.asynchttpclient.netty.channel.DefaultChannelPool - Closing Idle Channel [id: 0x81b019a8, L:/127.0.0.1:57487 ! R:localhost/127.0.0.1:57481]
19:04:47.737 [AsyncHttpClient-1-1] DEBUG org.asynchttpclient.netty.channel.DefaultChannelPool - Closed 1 connections out of 1 in 0 ms
19:04:47.745 [AsyncHttpClient-1-14] DEBUG org.asynchttpclient.netty.handler.HttpHandler - 

Request DefaultFullHttpRequest(decodeResult: success, version: HTTP/1.1, content: EmptyByteBufBE)
DELETE /session/7fc4714da166fbcd297286ec566c6440 HTTP/1.1
User-Agent: selenium/4.8.3 (java windows)
Content-Type: application/json; charset=utf-8
host: localhost:18035
accept: */*

Response DefaultHttpResponse(decodeResult: success, version: HTTP/1.1)
HTTP/1.1 200 OK
Content-Length: 14
Content-Type: application/json; charset=utf-8
cache-control: no-cache

19:04:47.745 [AsyncHttpClient-1-14] DEBUG org.asynchttpclient.netty.channel.ChannelManager - Adding key: http://localhost:18035 for channel [id: 0x394141d8, L:/127.0.0.1:57480 - R:localhost/127.0.0.1:18035]
19:04:47.790 [AsyncHttpClient-1-14] DEBUG org.asynchttpclient.netty.handler.HttpHandler - Channel Closed: [id: 0x394141d8, L:/127.0.0.1:57480 ! R:localhost/127.0.0.1:18035] with attribute DISCARD
2023-06-06 19:04:47 INFO  BaseTest:83 - Test executed**********
19:04:47.844 [rp-io-5] DEBUG com.epam.reportportal.service.Launch - Starting test item...rp-io-5
2023-06-06 19:04:47 INFO  BaseTest:110 - Property files loaded successfully**********
19:04:47.856 [main] DEBUG io.github.bonigarcia.wdm.cache.ResolutionCache - Resolution chrome=114 in cache (valid until 19:20:28 06/06/2023 CEST)
19:04:47.857 [main] DEBUG io.github.bonigarcia.wdm.cache.ResolutionCache - Resolution chrome114=114.0.5735.90 in cache (valid until 16:16:26 07/06/2023 CEST)
19:04:47.857 [main] INFO io.github.bonigarcia.wdm.WebDriverManager - Using chromedriver 114.0.5735.90 (resolved driver for Chrome 114)
19:04:47.866 [main] DEBUG io.github.bonigarcia.wdm.WebDriverManager - Driver chromedriver 114.0.5735.90 found in cache
19:04:47.867 [main] INFO io.github.bonigarcia.wdm.WebDriverManager - Exporting webdriver.chrome.driver as C:\Users\Suwarna_Wagh\.cache\selenium\chromedriver\win32\114.0.5735.90\chromedriver.exe
19:04:47.871 [rp-io-92] DEBUG com.epam.reportportal.service.Launch - TestItem with ID = 'de0aedc3-25d8-41cf-88dd-7f0f903281c3' successfully finished.
19:04:47.871 [rp-io-92] DEBUG com.epam.reportportal.utils.SubscriptionUtils - Finish test item completed
19:04:47.881 [rp-io-4] DEBUG com.epam.reportportal.service.Launch - ReportPortal item with ID '7a8aa4f6-1a0b-4c28-b561-15475a6a1942' has been created
19:04:47.881 [rp-io-4] DEBUG com.epam.reportportal.utils.SubscriptionUtils - Start test item successfully completed
19:04:48.060 [AsyncHttpClient-1-17] DEBUG org.asynchttpclient.netty.channel.NettyConnectListener - Using new Channel '[id: 0xee204003, L:/127.0.0.1:57511 - R:localhost/127.0.0.1:13902]' for 'POST' to '/session'
19:04:48.787 [AsyncHttpClient-1-17] DEBUG org.asynchttpclient.netty.handler.HttpHandler - 

Request DefaultHttpRequest(decodeResult: success, version: HTTP/1.1)
POST /session HTTP/1.1
User-Agent: selenium/4.8.3 (java windows)
Content-Length: 439
Content-Type: application/json; charset=utf-8
host: localhost:13902
accept: */*

Response DefaultHttpResponse(decodeResult: success, version: HTTP/1.1)
HTTP/1.1 200 OK
Content-Length: 862
Content-Type: application/json; charset=utf-8
cache-control: no-cache

19:04:48.787 [AsyncHttpClient-1-17] DEBUG org.asynchttpclient.netty.channel.ChannelManager - Adding key: http://localhost:13902 for channel [id: 0xee204003, L:/127.0.0.1:57511 - R:localhost/127.0.0.1:13902]
19:04:48.792 [AsyncHttpClient-1-2] DEBUG org.asynchttpclient.netty.channel.NettyConnectListener - Using new Channel '[id: 0xafca9430, L:/127.0.0.1:57518 - R:localhost/127.0.0.1:57512]' for 'GET' to '/json/version'
19:04:48.793 [AsyncHttpClient-1-2] DEBUG org.asynchttpclient.netty.handler.HttpHandler - 

Request DefaultFullHttpRequest(decodeResult: success, version: HTTP/1.1, content: EmptyByteBufBE)
GET /json/version HTTP/1.1
User-Agent: selenium/4.8.3 (java windows)
host: localhost:57512
accept: */*

Response DefaultHttpResponse(decodeResult: success, version: HTTP/1.1)
HTTP/1.1 200 OK
Content-Security-Policy: frame-ancestors 'none'
Content-Length: 424
Content-Type: application/json; charset=UTF-8

19:04:48.793 [AsyncHttpClient-1-2] DEBUG org.asynchttpclient.netty.channel.ChannelManager - Adding key: http://localhost:57512 for channel [id: 0xafca9430, L:/127.0.0.1:57518 - R:localhost/127.0.0.1:57512]
19:04:48.794 [AsyncHttpClient-1-3] DEBUG org.asynchttpclient.netty.channel.NettyConnectListener - Using new Channel '[id: 0xb8201dde, L:/127.0.0.1:57519 - R:localhost/127.0.0.1:57512]' for 'GET' to '/devtools/browser/7c55685b-58dd-4909-8f77-13deae16c443'
19:04:48.795 [AsyncHttpClient-1-3] DEBUG org.asynchttpclient.netty.handler.WebSocketHandler - 

Request DefaultFullHttpRequest(decodeResult: success, version: HTTP/1.1, content: EmptyByteBufBE)
GET /devtools/browser/7c55685b-58dd-4909-8f77-13deae16c443 HTTP/1.1
upgrade: websocket
connection: upgrade
sec-websocket-key: Dt1oUhgp9SPZqkEiCvG04Q==
sec-websocket-version: 13
origin: http://localhost:57512
host: localhost:57512
accept: */*
user-agent: AHC/2.1

Response DefaultHttpResponse(decodeResult: success, version: HTTP/1.1)
HTTP/1.1 101 WebSocket Protocol Handshake
Upgrade: WebSocket
Connection: Upgrade
Sec-WebSocket-Accept: mrVbixD3gNTPShHz2KpTCpdPGTE=

19:04:48.798 [Forwarding setTimeout on session 74b02959bbf005bb4c1c9c18c2615acd to remote] DEBUG org.asynchttpclient.netty.request.NettyRequestSender - Using pooled Channel '[id: 0xee204003, L:/127.0.0.1:57511 - R:localhost/127.0.0.1:13902]' for 'POST' to 'http://localhost:13902/session/74b02959bbf005bb4c1c9c18c2615acd/timeouts'
19:04:48.799 [Forwarding setTimeout on session 74b02959bbf005bb4c1c9c18c2615acd to remote] DEBUG org.asynchttpclient.netty.request.NettyRequestSender - Using open Channel [id: 0xee204003, L:/127.0.0.1:57511 - R:localhost/127.0.0.1:13902] for POST '/session/74b02959bbf005bb4c1c9c18c2615acd/timeouts'
19:04:48.800 [AsyncHttpClient-1-17] DEBUG org.asynchttpclient.netty.handler.HttpHandler - 

Request DefaultHttpRequest(decodeResult: success, version: HTTP/1.1)
POST /session/74b02959bbf005bb4c1c9c18c2615acd/timeouts HTTP/1.1
User-Agent: selenium/4.8.3 (java windows)
Content-Length: 22
Content-Type: application/json; charset=utf-8
host: localhost:13902
accept: */*

Response DefaultHttpResponse(decodeResult: success, version: HTTP/1.1)
HTTP/1.1 200 OK
Content-Length: 14
Content-Type: application/json; charset=utf-8
cache-control: no-cache

19:04:48.800 [AsyncHttpClient-1-17] DEBUG org.asynchttpclient.netty.channel.ChannelManager - Adding key: http://localhost:13902 for channel [id: 0xee204003, L:/127.0.0.1:57511 - R:localhost/127.0.0.1:13902]
19:04:48.801 [Forwarding maximizeCurrentWindow on session 74b02959bbf005bb4c1c9c18c2615acd to remote] DEBUG org.asynchttpclient.netty.request.NettyRequestSender - Using pooled Channel '[id: 0xee204003, L:/127.0.0.1:57511 - R:localhost/127.0.0.1:13902]' for 'POST' to 'http://localhost:13902/session/74b02959bbf005bb4c1c9c18c2615acd/window/maximize'
19:04:48.801 [Forwarding maximizeCurrentWindow on session 74b02959bbf005bb4c1c9c18c2615acd to remote] DEBUG org.asynchttpclient.netty.request.NettyRequestSender - Using open Channel [id: 0xee204003, L:/127.0.0.1:57511 - R:localhost/127.0.0.1:13902] for POST '/session/74b02959bbf005bb4c1c9c18c2615acd/window/maximize'
19:04:48.836 [AsyncHttpClient-1-1] DEBUG org.asynchttpclient.netty.channel.DefaultChannelPool - Entry count for : http://localhost:57512 : 1
19:04:48.836 [AsyncHttpClient-1-1] DEBUG org.asynchttpclient.netty.channel.DefaultChannelPool - Entry count for : http://localhost:18035 : 1
19:04:48.836 [AsyncHttpClient-1-1] DEBUG org.asynchttpclient.netty.channel.DefaultChannelPool - Adding Candidate expired Channel [id: 0x394141d8, L:/127.0.0.1:57480 ! R:localhost/127.0.0.1:18035] isIdleTimeoutExpired=false isRemotelyClosed=true isTtlExpired=false
19:04:48.836 [AsyncHttpClient-1-1] DEBUG org.asynchttpclient.netty.channel.DefaultChannelPool - Closing Idle Channel [id: 0x394141d8, L:/127.0.0.1:57480 ! R:localhost/127.0.0.1:18035]
19:04:48.836 [AsyncHttpClient-1-1] DEBUG org.asynchttpclient.netty.channel.DefaultChannelPool - Closed 1 connections out of 2 in 0 ms
19:04:48.931 [AsyncHttpClient-1-17] DEBUG org.asynchttpclient.netty.handler.HttpHandler - 

Request DefaultHttpRequest(decodeResult: success, version: HTTP/1.1)
POST /session/74b02959bbf005bb4c1c9c18c2615acd/window/maximize HTTP/1.1
User-Agent: selenium/4.8.3 (java windows)
Content-Length: 3
Content-Type: application/json; charset=utf-8
host: localhost:13902
accept: */*

Response DefaultHttpResponse(decodeResult: success, version: HTTP/1.1)
HTTP/1.1 200 OK
Content-Length: 51
Content-Type: application/json; charset=utf-8
cache-control: no-cache

19:04:48.932 [AsyncHttpClient-1-17] DEBUG org.asynchttpclient.netty.channel.ChannelManager - Adding key: http://localhost:13902 for channel [id: 0xee204003, L:/127.0.0.1:57511 - R:localhost/127.0.0.1:13902]
19:04:48.934 [Forwarding get on session 74b02959bbf005bb4c1c9c18c2615acd to remote] DEBUG org.asynchttpclient.netty.request.NettyRequestSender - Using pooled Channel '[id: 0xee204003, L:/127.0.0.1:57511 - R:localhost/127.0.0.1:13902]' for 'POST' to 'http://localhost:13902/session/74b02959bbf005bb4c1c9c18c2615acd/url'
19:04:48.934 [Forwarding get on session 74b02959bbf005bb4c1c9c18c2615acd to remote] DEBUG org.asynchttpclient.netty.request.NettyRequestSender - Using open Channel [id: 0xee204003, L:/127.0.0.1:57511 - R:localhost/127.0.0.1:13902] for POST '/session/74b02959bbf005bb4c1c9c18c2615acd/url'
19:04:49.937 [AsyncHttpClient-1-1] DEBUG org.asynchttpclient.netty.channel.DefaultChannelPool - Entry count for : http://localhost:57512 : 1
19:04:50.168 [AsyncHttpClient-1-17] DEBUG org.asynchttpclient.netty.handler.HttpHandler - 

Request DefaultHttpRequest(decodeResult: success, version: HTTP/1.1)
POST /session/74b02959bbf005bb4c1c9c18c2615acd/url HTTP/1.1
User-Agent: selenium/4.8.3 (java windows)
Content-Length: 52
Content-Type: application/json; charset=utf-8
host: localhost:13902
accept: */*

Response DefaultHttpResponse(decodeResult: success, version: HTTP/1.1)
HTTP/1.1 200 OK
Content-Length: 14
Content-Type: application/json; charset=utf-8
cache-control: no-cache

19:04:50.169 [AsyncHttpClient-1-17] DEBUG org.asynchttpclient.netty.channel.ChannelManager - Adding key: http://localhost:13902 for channel [id: 0xee204003, L:/127.0.0.1:57511 - R:localhost/127.0.0.1:13902]
2023-06-06 19:04:50 INFO  BaseTest:104 - Test driver set up done successfully**********
2023-06-06 19:04:50 INFO  BaseTest:122 - Logging in to portal
19:04:50.170 [Forwarding findElement on session 74b02959bbf005bb4c1c9c18c2615acd to remote] DEBUG org.asynchttpclient.netty.request.NettyRequestSender - Using pooled Channel '[id: 0xee204003, L:/127.0.0.1:57511 - R:localhost/127.0.0.1:13902]' for 'POST' to 'http://localhost:13902/session/74b02959bbf005bb4c1c9c18c2615acd/element'
19:04:50.170 [Forwarding findElement on session 74b02959bbf005bb4c1c9c18c2615acd to remote] DEBUG org.asynchttpclient.netty.request.NettyRequestSender - Using open Channel [id: 0xee204003, L:/127.0.0.1:57511 - R:localhost/127.0.0.1:13902] for POST '/session/74b02959bbf005bb4c1c9c18c2615acd/element'
19:04:50.183 [AsyncHttpClient-1-17] DEBUG org.asynchttpclient.netty.handler.HttpHandler - 

Request DefaultHttpRequest(decodeResult: success, version: HTTP/1.1)
POST /session/74b02959bbf005bb4c1c9c18c2615acd/element HTTP/1.1
User-Agent: selenium/4.8.3 (java windows)
Content-Length: 59
Content-Type: application/json; charset=utf-8
host: localhost:13902
accept: */*

Response DefaultHttpResponse(decodeResult: success, version: HTTP/1.1)
HTTP/1.1 200 OK
Content-Length: 95
Content-Type: application/json; charset=utf-8
cache-control: no-cache

19:04:50.183 [AsyncHttpClient-1-17] DEBUG org.asynchttpclient.netty.channel.ChannelManager - Adding key: http://localhost:13902 for channel [id: 0xee204003, L:/127.0.0.1:57511 - R:localhost/127.0.0.1:13902]
19:04:50.184 [Forwarding clearElement on session 74b02959bbf005bb4c1c9c18c2615acd to remote] DEBUG org.asynchttpclient.netty.request.NettyRequestSender - Using pooled Channel '[id: 0xee204003, L:/127.0.0.1:57511 - R:localhost/127.0.0.1:13902]' for 'POST' to 'http://localhost:13902/session/74b02959bbf005bb4c1c9c18c2615acd/element/03B29C9159F0C741828B6EA1E152B509_element_26/clear'
19:04:50.184 [Forwarding clearElement on session 74b02959bbf005bb4c1c9c18c2615acd to remote] DEBUG org.asynchttpclient.netty.request.NettyRequestSender - Using open Channel [id: 0xee204003, L:/127.0.0.1:57511 - R:localhost/127.0.0.1:13902] for POST '/session/74b02959bbf005bb4c1c9c18c2615acd/element/03B29C9159F0C741828B6EA1E152B509_element_26/clear'
19:04:50.224 [AsyncHttpClient-1-17] DEBUG org.asynchttpclient.netty.handler.HttpHandler - 

Request DefaultHttpRequest(decodeResult: success, version: HTTP/1.1)
POST /session/74b02959bbf005bb4c1c9c18c2615acd/element/03B29C9159F0C741828B6EA1E152B509_element_26/clear HTTP/1.1
User-Agent: selenium/4.8.3 (java windows)
Content-Length: 57
Content-Type: application/json; charset=utf-8
host: localhost:13902
accept: */*

Response DefaultHttpResponse(decodeResult: success, version: HTTP/1.1)
HTTP/1.1 200 OK
Content-Length: 14
Content-Type: application/json; charset=utf-8
cache-control: no-cache

19:04:50.224 [AsyncHttpClient-1-17] DEBUG org.asynchttpclient.netty.channel.ChannelManager - Adding key: http://localhost:13902 for channel [id: 0xee204003, L:/127.0.0.1:57511 - R:localhost/127.0.0.1:13902]
19:04:50.226 [Forwarding findElement on session 74b02959bbf005bb4c1c9c18c2615acd to remote] DEBUG org.asynchttpclient.netty.request.NettyRequestSender - Using pooled Channel '[id: 0xee204003, L:/127.0.0.1:57511 - R:localhost/127.0.0.1:13902]' for 'POST' to 'http://localhost:13902/session/74b02959bbf005bb4c1c9c18c2615acd/element'
19:04:50.226 [Forwarding findElement on session 74b02959bbf005bb4c1c9c18c2615acd to remote] DEBUG org.asynchttpclient.netty.request.NettyRequestSender - Using open Channel [id: 0xee204003, L:/127.0.0.1:57511 - R:localhost/127.0.0.1:13902] for POST '/session/74b02959bbf005bb4c1c9c18c2615acd/element'
19:04:50.233 [AsyncHttpClient-1-17] DEBUG org.asynchttpclient.netty.handler.HttpHandler - 

Request DefaultHttpRequest(decodeResult: success, version: HTTP/1.1)
POST /session/74b02959bbf005bb4c1c9c18c2615acd/element HTTP/1.1
User-Agent: selenium/4.8.3 (java windows)
Content-Length: 59
Content-Type: application/json; charset=utf-8
host: localhost:13902
accept: */*

Response DefaultHttpResponse(decodeResult: success, version: HTTP/1.1)
HTTP/1.1 200 OK
Content-Length: 95
Content-Type: application/json; charset=utf-8
cache-control: no-cache

19:04:50.234 [AsyncHttpClient-1-17] DEBUG org.asynchttpclient.netty.channel.ChannelManager - Adding key: http://localhost:13902 for channel [id: 0xee204003, L:/127.0.0.1:57511 - R:localhost/127.0.0.1:13902]
19:04:50.235 [Forwarding sendKeysToElement on session 74b02959bbf005bb4c1c9c18c2615acd to remote] DEBUG org.asynchttpclient.netty.request.NettyRequestSender - Using pooled Channel '[id: 0xee204003, L:/127.0.0.1:57511 - R:localhost/127.0.0.1:13902]' for 'POST' to 'http://localhost:13902/session/74b02959bbf005bb4c1c9c18c2615acd/element/03B29C9159F0C741828B6EA1E152B509_element_26/value'
19:04:50.235 [Forwarding sendKeysToElement on session 74b02959bbf005bb4c1c9c18c2615acd to remote] DEBUG org.asynchttpclient.netty.request.NettyRequestSender - Using open Channel [id: 0xee204003, L:/127.0.0.1:57511 - R:localhost/127.0.0.1:13902] for POST '/session/74b02959bbf005bb4c1c9c18c2615acd/element/03B29C9159F0C741828B6EA1E152B509_element_26/value'
19:04:50.313 [AsyncHttpClient-1-17] DEBUG org.asynchttpclient.netty.handler.HttpHandler - 

Request DefaultHttpRequest(decodeResult: success, version: HTTP/1.1)
POST /session/74b02959bbf005bb4c1c9c18c2615acd/element/03B29C9159F0C741828B6EA1E152B509_element_26/value HTTP/1.1
User-Agent: selenium/4.8.3 (java windows)
Content-Length: 188
Content-Type: application/json; charset=utf-8
host: localhost:13902
accept: */*

Response DefaultHttpResponse(decodeResult: success, version: HTTP/1.1)
HTTP/1.1 200 OK
Content-Length: 14
Content-Type: application/json; charset=utf-8
cache-control: no-cache

19:04:50.313 [AsyncHttpClient-1-17] DEBUG org.asynchttpclient.netty.channel.ChannelManager - Adding key: http://localhost:13902 for channel [id: 0xee204003, L:/127.0.0.1:57511 - R:localhost/127.0.0.1:13902]
19:04:50.314 [Forwarding findElement on session 74b02959bbf005bb4c1c9c18c2615acd to remote] DEBUG org.asynchttpclient.netty.request.NettyRequestSender - Using pooled Channel '[id: 0xee204003, L:/127.0.0.1:57511 - R:localhost/127.0.0.1:13902]' for 'POST' to 'http://localhost:13902/session/74b02959bbf005bb4c1c9c18c2615acd/element'
19:04:50.314 [Forwarding findElement on session 74b02959bbf005bb4c1c9c18c2615acd to remote] DEBUG org.asynchttpclient.netty.request.NettyRequestSender - Using open Channel [id: 0xee204003, L:/127.0.0.1:57511 - R:localhost/127.0.0.1:13902] for POST '/session/74b02959bbf005bb4c1c9c18c2615acd/element'
19:04:50.326 [AsyncHttpClient-1-17] DEBUG org.asynchttpclient.netty.handler.HttpHandler - 

Request DefaultHttpRequest(decodeResult: success, version: HTTP/1.1)
POST /session/74b02959bbf005bb4c1c9c18c2615acd/element HTTP/1.1
User-Agent: selenium/4.8.3 (java windows)
Content-Length: 62
Content-Type: application/json; charset=utf-8
host: localhost:13902
accept: */*

Response DefaultHttpResponse(decodeResult: success, version: HTTP/1.1)
HTTP/1.1 200 OK
Content-Length: 95
Content-Type: application/json; charset=utf-8
cache-control: no-cache

19:04:50.326 [AsyncHttpClient-1-17] DEBUG org.asynchttpclient.netty.channel.ChannelManager - Adding key: http://localhost:13902 for channel [id: 0xee204003, L:/127.0.0.1:57511 - R:localhost/127.0.0.1:13902]
19:04:50.328 [Forwarding clearElement on session 74b02959bbf005bb4c1c9c18c2615acd to remote] DEBUG org.asynchttpclient.netty.request.NettyRequestSender - Using pooled Channel '[id: 0xee204003, L:/127.0.0.1:57511 - R:localhost/127.0.0.1:13902]' for 'POST' to 'http://localhost:13902/session/74b02959bbf005bb4c1c9c18c2615acd/element/03B29C9159F0C741828B6EA1E152B509_element_28/clear'
19:04:50.328 [Forwarding clearElement on session 74b02959bbf005bb4c1c9c18c2615acd to remote] DEBUG org.asynchttpclient.netty.request.NettyRequestSender - Using open Channel [id: 0xee204003, L:/127.0.0.1:57511 - R:localhost/127.0.0.1:13902] for POST '/session/74b02959bbf005bb4c1c9c18c2615acd/element/03B29C9159F0C741828B6EA1E152B509_element_28/clear'
19:04:50.366 [AsyncHttpClient-1-17] DEBUG org.asynchttpclient.netty.handler.HttpHandler - 

Request DefaultHttpRequest(decodeResult: success, version: HTTP/1.1)
POST /session/74b02959bbf005bb4c1c9c18c2615acd/element/03B29C9159F0C741828B6EA1E152B509_element_28/clear HTTP/1.1
User-Agent: selenium/4.8.3 (java windows)
Content-Length: 57
Content-Type: application/json; charset=utf-8
host: localhost:13902
accept: */*

Response DefaultHttpResponse(decodeResult: success, version: HTTP/1.1)
HTTP/1.1 200 OK
Content-Length: 14
Content-Type: application/json; charset=utf-8
cache-control: no-cache

19:04:50.366 [AsyncHttpClient-1-17] DEBUG org.asynchttpclient.netty.channel.ChannelManager - Adding key: http://localhost:13902 for channel [id: 0xee204003, L:/127.0.0.1:57511 - R:localhost/127.0.0.1:13902]
19:04:50.367 [Forwarding findElement on session 74b02959bbf005bb4c1c9c18c2615acd to remote] DEBUG org.asynchttpclient.netty.request.NettyRequestSender - Using pooled Channel '[id: 0xee204003, L:/127.0.0.1:57511 - R:localhost/127.0.0.1:13902]' for 'POST' to 'http://localhost:13902/session/74b02959bbf005bb4c1c9c18c2615acd/element'
19:04:50.367 [Forwarding findElement on session 74b02959bbf005bb4c1c9c18c2615acd to remote] DEBUG org.asynchttpclient.netty.request.NettyRequestSender - Using open Channel [id: 0xee204003, L:/127.0.0.1:57511 - R:localhost/127.0.0.1:13902] for POST '/session/74b02959bbf005bb4c1c9c18c2615acd/element'
19:04:50.372 [AsyncHttpClient-1-17] DEBUG org.asynchttpclient.netty.handler.HttpHandler - 

Request DefaultHttpRequest(decodeResult: success, version: HTTP/1.1)
POST /session/74b02959bbf005bb4c1c9c18c2615acd/element HTTP/1.1
User-Agent: selenium/4.8.3 (java windows)
Content-Length: 62
Content-Type: application/json; charset=utf-8
host: localhost:13902
accept: */*

Response DefaultHttpResponse(decodeResult: success, version: HTTP/1.1)
HTTP/1.1 200 OK
Content-Length: 95
Content-Type: application/json; charset=utf-8
cache-control: no-cache

19:04:50.372 [AsyncHttpClient-1-17] DEBUG org.asynchttpclient.netty.channel.ChannelManager - Adding key: http://localhost:13902 for channel [id: 0xee204003, L:/127.0.0.1:57511 - R:localhost/127.0.0.1:13902]
19:04:50.373 [Forwarding sendKeysToElement on session 74b02959bbf005bb4c1c9c18c2615acd to remote] DEBUG org.asynchttpclient.netty.request.NettyRequestSender - Using pooled Channel '[id: 0xee204003, L:/127.0.0.1:57511 - R:localhost/127.0.0.1:13902]' for 'POST' to 'http://localhost:13902/session/74b02959bbf005bb4c1c9c18c2615acd/element/03B29C9159F0C741828B6EA1E152B509_element_28/value'
19:04:50.373 [Forwarding sendKeysToElement on session 74b02959bbf005bb4c1c9c18c2615acd to remote] DEBUG org.asynchttpclient.netty.request.NettyRequestSender - Using open Channel [id: 0xee204003, L:/127.0.0.1:57511 - R:localhost/127.0.0.1:13902] for POST '/session/74b02959bbf005bb4c1c9c18c2615acd/element/03B29C9159F0C741828B6EA1E152B509_element_28/value'
19:04:50.420 [AsyncHttpClient-1-17] DEBUG org.asynchttpclient.netty.handler.HttpHandler - 

Request DefaultHttpRequest(decodeResult: success, version: HTTP/1.1)
POST /session/74b02959bbf005bb4c1c9c18c2615acd/element/03B29C9159F0C741828B6EA1E152B509_element_28/value HTTP/1.1
User-Agent: selenium/4.8.3 (java windows)
Content-Length: 148
Content-Type: application/json; charset=utf-8
host: localhost:13902
accept: */*

Response DefaultHttpResponse(decodeResult: success, version: HTTP/1.1)
HTTP/1.1 200 OK
Content-Length: 14
Content-Type: application/json; charset=utf-8
cache-control: no-cache

19:04:50.421 [AsyncHttpClient-1-17] DEBUG org.asynchttpclient.netty.channel.ChannelManager - Adding key: http://localhost:13902 for channel [id: 0xee204003, L:/127.0.0.1:57511 - R:localhost/127.0.0.1:13902]
19:04:50.421 [Forwarding findElement on session 74b02959bbf005bb4c1c9c18c2615acd to remote] DEBUG org.asynchttpclient.netty.request.NettyRequestSender - Using pooled Channel '[id: 0xee204003, L:/127.0.0.1:57511 - R:localhost/127.0.0.1:13902]' for 'POST' to 'http://localhost:13902/session/74b02959bbf005bb4c1c9c18c2615acd/element'
19:04:50.421 [Forwarding findElement on session 74b02959bbf005bb4c1c9c18c2615acd to remote] DEBUG org.asynchttpclient.netty.request.NettyRequestSender - Using open Channel [id: 0xee204003, L:/127.0.0.1:57511 - R:localhost/127.0.0.1:13902] for POST '/session/74b02959bbf005bb4c1c9c18c2615acd/element'
19:04:50.431 [AsyncHttpClient-1-17] DEBUG org.asynchttpclient.netty.handler.HttpHandler - 

Request DefaultHttpRequest(decodeResult: success, version: HTTP/1.1)
POST /session/74b02959bbf005bb4c1c9c18c2615acd/element HTTP/1.1
User-Agent: selenium/4.8.3 (java windows)
Content-Length: 71
Content-Type: application/json; charset=utf-8
host: localhost:13902
accept: */*

Response DefaultHttpResponse(decodeResult: success, version: HTTP/1.1)
HTTP/1.1 200 OK
Content-Length: 95
Content-Type: application/json; charset=utf-8
cache-control: no-cache

19:04:50.431 [AsyncHttpClient-1-17] DEBUG org.asynchttpclient.netty.channel.ChannelManager - Adding key: http://localhost:13902 for channel [id: 0xee204003, L:/127.0.0.1:57511 - R:localhost/127.0.0.1:13902]
19:04:50.432 [Forwarding clickElement on session 74b02959bbf005bb4c1c9c18c2615acd to remote] DEBUG org.asynchttpclient.netty.request.NettyRequestSender - Using pooled Channel '[id: 0xee204003, L:/127.0.0.1:57511 - R:localhost/127.0.0.1:13902]' for 'POST' to 'http://localhost:13902/session/74b02959bbf005bb4c1c9c18c2615acd/element/03B29C9159F0C741828B6EA1E152B509_element_33/click'
19:04:50.432 [Forwarding clickElement on session 74b02959bbf005bb4c1c9c18c2615acd to remote] DEBUG org.asynchttpclient.netty.request.NettyRequestSender - Using open Channel [id: 0xee204003, L:/127.0.0.1:57511 - R:localhost/127.0.0.1:13902] for POST '/session/74b02959bbf005bb4c1c9c18c2615acd/element/03B29C9159F0C741828B6EA1E152B509_element_33/click'
19:04:50.462 [AsyncHttpClient-1-17] DEBUG org.asynchttpclient.netty.handler.HttpHandler - 

Request DefaultHttpRequest(decodeResult: success, version: HTTP/1.1)
POST /session/74b02959bbf005bb4c1c9c18c2615acd/element/03B29C9159F0C741828B6EA1E152B509_element_33/click HTTP/1.1
User-Agent: selenium/4.8.3 (java windows)
Content-Length: 57
Content-Type: application/json; charset=utf-8
host: localhost:13902
accept: */*

Response DefaultHttpResponse(decodeResult: success, version: HTTP/1.1)
HTTP/1.1 200 OK
Content-Length: 14
Content-Type: application/json; charset=utf-8
cache-control: no-cache

19:04:50.463 [AsyncHttpClient-1-17] DEBUG org.asynchttpclient.netty.channel.ChannelManager - Adding key: http://localhost:13902 for channel [id: 0xee204003, L:/127.0.0.1:57511 - R:localhost/127.0.0.1:13902]
2023-06-06 19:04:50 INFO  BaseTest:126 - Logged in
19:04:50.464 [rp-io-11] DEBUG com.epam.reportportal.service.Launch - Starting test item...rp-io-11
2023-06-06 19:04:50 INFO  Listeners:34 - Started Test null
19:04:50.466 [Forwarding findElement on session 74b02959bbf005bb4c1c9c18c2615acd to remote] DEBUG org.asynchttpclient.netty.request.NettyRequestSender - Using pooled Channel '[id: 0xee204003, L:/127.0.0.1:57511 - R:localhost/127.0.0.1:13902]' for 'POST' to 'http://localhost:13902/session/74b02959bbf005bb4c1c9c18c2615acd/element'
19:04:50.466 [Forwarding findElement on session 74b02959bbf005bb4c1c9c18c2615acd to remote] DEBUG org.asynchttpclient.netty.request.NettyRequestSender - Using open Channel [id: 0xee204003, L:/127.0.0.1:57511 - R:localhost/127.0.0.1:13902] for POST '/session/74b02959bbf005bb4c1c9c18c2615acd/element'
19:04:50.487 [rp-io-11] DEBUG com.epam.reportportal.service.Launch - ReportPortal item with ID '0c715249-0262-48c4-96ae-ede36a105153' has been created
19:04:50.487 [rp-io-8] DEBUG com.epam.reportportal.service.Launch - TestItem with ID = '7a8aa4f6-1a0b-4c28-b561-15475a6a1942' successfully finished.
19:04:50.487 [rp-io-11] DEBUG com.epam.reportportal.utils.SubscriptionUtils - Start test item successfully completed
19:04:50.487 [rp-io-8] DEBUG com.epam.reportportal.utils.SubscriptionUtils - Finish test item completed
19:04:50.761 [AsyncHttpClient-1-17] DEBUG org.asynchttpclient.netty.handler.HttpHandler - 

Request DefaultHttpRequest(decodeResult: success, version: HTTP/1.1)
POST /session/74b02959bbf005bb4c1c9c18c2615acd/element HTTP/1.1
User-Agent: selenium/4.8.3 (java windows)
Content-Length: 168
Content-Type: application/json; charset=utf-8
host: localhost:13902
accept: */*

Response DefaultHttpResponse(decodeResult: success, version: HTTP/1.1)
HTTP/1.1 200 OK
Content-Length: 95
Content-Type: application/json; charset=utf-8
cache-control: no-cache

19:04:50.761 [AsyncHttpClient-1-17] DEBUG org.asynchttpclient.netty.channel.ChannelManager - Adding key: http://localhost:13902 for channel [id: 0xee204003, L:/127.0.0.1:57511 - R:localhost/127.0.0.1:13902]
19:04:50.763 [Forwarding clickElement on session 74b02959bbf005bb4c1c9c18c2615acd to remote] DEBUG org.asynchttpclient.netty.request.NettyRequestSender - Using pooled Channel '[id: 0xee204003, L:/127.0.0.1:57511 - R:localhost/127.0.0.1:13902]' for 'POST' to 'http://localhost:13902/session/74b02959bbf005bb4c1c9c18c2615acd/element/03B29C9159F0C741828B6EA1E152B509_element_44/click'
19:04:50.763 [Forwarding clickElement on session 74b02959bbf005bb4c1c9c18c2615acd to remote] DEBUG org.asynchttpclient.netty.request.NettyRequestSender - Using open Channel [id: 0xee204003, L:/127.0.0.1:57511 - R:localhost/127.0.0.1:13902] for POST '/session/74b02959bbf005bb4c1c9c18c2615acd/element/03B29C9159F0C741828B6EA1E152B509_element_44/click'
19:04:50.894 [AsyncHttpClient-1-17] DEBUG org.asynchttpclient.netty.handler.HttpHandler - 

Request DefaultHttpRequest(decodeResult: success, version: HTTP/1.1)
POST /session/74b02959bbf005bb4c1c9c18c2615acd/element/03B29C9159F0C741828B6EA1E152B509_element_44/click HTTP/1.1
User-Agent: selenium/4.8.3 (java windows)
Content-Length: 57
Content-Type: application/json; charset=utf-8
host: localhost:13902
accept: */*

Response DefaultHttpResponse(decodeResult: success, version: HTTP/1.1)
HTTP/1.1 200 OK
Content-Length: 14
Content-Type: application/json; charset=utf-8
cache-control: no-cache

19:04:50.894 [AsyncHttpClient-1-17] DEBUG org.asynchttpclient.netty.channel.ChannelManager - Adding key: http://localhost:13902 for channel [id: 0xee204003, L:/127.0.0.1:57511 - R:localhost/127.0.0.1:13902]
19:04:50.895 [Forwarding findElement on session 74b02959bbf005bb4c1c9c18c2615acd to remote] DEBUG org.asynchttpclient.netty.request.NettyRequestSender - Using pooled Channel '[id: 0xee204003, L:/127.0.0.1:57511 - R:localhost/127.0.0.1:13902]' for 'POST' to 'http://localhost:13902/session/74b02959bbf005bb4c1c9c18c2615acd/element'
19:04:50.895 [Forwarding findElement on session 74b02959bbf005bb4c1c9c18c2615acd to remote] DEBUG org.asynchttpclient.netty.request.NettyRequestSender - Using open Channel [id: 0xee204003, L:/127.0.0.1:57511 - R:localhost/127.0.0.1:13902] for POST '/session/74b02959bbf005bb4c1c9c18c2615acd/element'
19:04:51.038 [AsyncHttpClient-1-1] DEBUG org.asynchttpclient.netty.channel.DefaultChannelPool - Entry count for : http://localhost:57512 : 1
19:04:51.367 [AsyncHttpClient-1-17] DEBUG org.asynchttpclient.netty.handler.HttpHandler - 

Request DefaultHttpRequest(decodeResult: success, version: HTTP/1.1)
POST /session/74b02959bbf005bb4c1c9c18c2615acd/element HTTP/1.1
User-Agent: selenium/4.8.3 (java windows)
Content-Length: 85
Content-Type: application/json; charset=utf-8
host: localhost:13902
accept: */*

Response DefaultHttpResponse(decodeResult: success, version: HTTP/1.1)
HTTP/1.1 200 OK
Content-Length: 95
Content-Type: application/json; charset=utf-8
cache-control: no-cache

19:04:51.367 [AsyncHttpClient-1-17] DEBUG org.asynchttpclient.netty.channel.ChannelManager - Adding key: http://localhost:13902 for channel [id: 0xee204003, L:/127.0.0.1:57511 - R:localhost/127.0.0.1:13902]
19:04:51.368 [Forwarding executeScript on session 74b02959bbf005bb4c1c9c18c2615acd to remote] DEBUG org.asynchttpclient.netty.request.NettyRequestSender - Using pooled Channel '[id: 0xee204003, L:/127.0.0.1:57511 - R:localhost/127.0.0.1:13902]' for 'POST' to 'http://localhost:13902/session/74b02959bbf005bb4c1c9c18c2615acd/execute/sync'
19:04:51.368 [Forwarding executeScript on session 74b02959bbf005bb4c1c9c18c2615acd to remote] DEBUG org.asynchttpclient.netty.request.NettyRequestSender - Using open Channel [id: 0xee204003, L:/127.0.0.1:57511 - R:localhost/127.0.0.1:13902] for POST '/session/74b02959bbf005bb4c1c9c18c2615acd/execute/sync'
19:04:51.376 [AsyncHttpClient-1-17] DEBUG org.asynchttpclient.netty.handler.HttpHandler - 

Request DefaultHttpRequest(decodeResult: success, version: HTTP/1.1)
POST /session/74b02959bbf005bb4c1c9c18c2615acd/execute/sync HTTP/1.1
User-Agent: selenium/4.8.3 (java windows)
Content-Length: 232
Content-Type: application/json; charset=utf-8
host: localhost:13902
accept: */*

Response DefaultHttpResponse(decodeResult: success, version: HTTP/1.1)
HTTP/1.1 200 OK
Content-Length: 14
Content-Type: application/json; charset=utf-8
cache-control: no-cache

19:04:51.376 [AsyncHttpClient-1-17] DEBUG org.asynchttpclient.netty.channel.ChannelManager - Adding key: http://localhost:13902 for channel [id: 0xee204003, L:/127.0.0.1:57511 - R:localhost/127.0.0.1:13902]
19:04:51.377 [Forwarding findElement on session 74b02959bbf005bb4c1c9c18c2615acd to remote] DEBUG org.asynchttpclient.netty.request.NettyRequestSender - Using pooled Channel '[id: 0xee204003, L:/127.0.0.1:57511 - R:localhost/127.0.0.1:13902]' for 'POST' to 'http://localhost:13902/session/74b02959bbf005bb4c1c9c18c2615acd/element'
19:04:51.377 [Forwarding findElement on session 74b02959bbf005bb4c1c9c18c2615acd to remote] DEBUG org.asynchttpclient.netty.request.NettyRequestSender - Using open Channel [id: 0xee204003, L:/127.0.0.1:57511 - R:localhost/127.0.0.1:13902] for POST '/session/74b02959bbf005bb4c1c9c18c2615acd/element'
19:04:51.492 [AsyncHttpClient-1-17] DEBUG org.asynchttpclient.netty.handler.HttpHandler - 

Request DefaultHttpRequest(decodeResult: success, version: HTTP/1.1)
POST /session/74b02959bbf005bb4c1c9c18c2615acd/element HTTP/1.1
User-Agent: selenium/4.8.3 (java windows)
Content-Length: 85
Content-Type: application/json; charset=utf-8
host: localhost:13902
accept: */*

Response DefaultHttpResponse(decodeResult: success, version: HTTP/1.1)
HTTP/1.1 200 OK
Content-Length: 95
Content-Type: application/json; charset=utf-8
cache-control: no-cache

19:04:51.492 [AsyncHttpClient-1-17] DEBUG org.asynchttpclient.netty.channel.ChannelManager - Adding key: http://localhost:13902 for channel [id: 0xee204003, L:/127.0.0.1:57511 - R:localhost/127.0.0.1:13902]
19:04:51.501 [Forwarding isElementDisplayed on session 74b02959bbf005bb4c1c9c18c2615acd to remote] DEBUG org.asynchttpclient.netty.request.NettyRequestSender - Using pooled Channel '[id: 0xee204003, L:/127.0.0.1:57511 - R:localhost/127.0.0.1:13902]' for 'POST' to 'http://localhost:13902/session/74b02959bbf005bb4c1c9c18c2615acd/execute/sync'
19:04:51.501 [Forwarding isElementDisplayed on session 74b02959bbf005bb4c1c9c18c2615acd to remote] DEBUG org.asynchttpclient.netty.request.NettyRequestSender - Using open Channel [id: 0xee204003, L:/127.0.0.1:57511 - R:localhost/127.0.0.1:13902] for POST '/session/74b02959bbf005bb4c1c9c18c2615acd/execute/sync'
19:04:51.518 [AsyncHttpClient-1-17] DEBUG org.asynchttpclient.netty.handler.HttpHandler - 

Request DefaultHttpRequest(decodeResult: success, version: HTTP/1.1)
POST /session/74b02959bbf005bb4c1c9c18c2615acd/execute/sync HTTP/1.1
User-Agent: selenium/4.8.3 (java windows)
Content-Length: 48814
Content-Type: application/json; charset=utf-8
host: localhost:13902
accept: */*

Response DefaultHttpResponse(decodeResult: success, version: HTTP/1.1)
HTTP/1.1 200 OK
Content-Length: 14
Content-Type: application/json; charset=utf-8
cache-control: no-cache

19:04:51.518 [AsyncHttpClient-1-17] DEBUG org.asynchttpclient.netty.channel.ChannelManager - Adding key: http://localhost:13902 for channel [id: 0xee204003, L:/127.0.0.1:57511 - R:localhost/127.0.0.1:13902]
2023-06-06 19:04:51 INFO  Listeners:38 - Succeeded Test null
]]></system-out>
    <system-err><![CDATA[Starting ChromeDriver 114.0.5735.90 (386bc09e8f4f2e025eddae123f36f6263096ae49-refs/branch-heads/5735@{#1052}) on port 13902
Only local connections are allowed.
Please see https://chromedriver.chromium.org/security-considerations for suggestions on keeping ChromeDriver safe.
ChromeDriver was started successfully.
Jun 06, 2023 7:04:48 PM org.openqa.selenium.devtools.CdpVersionFinder findNearestMatch
WARNING: Unable to find an exact match for CDP version 114, so returning the closest version found: 111
]]></system-err>
  </testcase>
  <testcase name="searchDashboardNameDP[LAUNCHES DURATION CHART](7)" classname="alltests.uitest.coreTest.DashboardPageTest" time="0">
    <skipped message="no such element: Unable to locate element: {&quot;method&quot;:&quot;xpath&quot;,&quot;selector&quot;:&quot;//*[text()=&apos;LAUNCHES DURATION CHART&apos;]&quot;}&#10;  (Session info: chrome=114.0.5735.110)&#10;For documentation on this error, please visit: https://selenium.dev/exceptions/#no_such_element&#10;Build info: version: &apos;4.8.3&apos;, revision: &apos;e5e76298c3&apos;&#10;System info: os.name: &apos;Windows 10&apos;, os.arch: &apos;amd64&apos;, os.version: &apos;10.0&apos;, java.version: &apos;17.0.3.1&apos;&#10;Driver info: org.openqa.selenium.chrome.ChromeDriver&#10;Command: [4f3e75e25367c970fd8f5414a55a86ab, findElement {using=xpath, value=//*[text()=&apos;LAUNCHES DURATION CHART&apos;]}]&#10;Capabilities {acceptInsecureCerts: false, browserName: chrome, browserVersion: 114.0.5735.110, chrome: {chromedriverVersion: 114.0.5735.90 (386bc09e8f4f..., userDataDir: C:\Users\SUWARN~1\AppData\L...}, goog:chromeOptions: {debuggerAddress: localhost:57542}, networkConnectionEnabled: false, pageLoadStrategy: normal, platformName: WINDOWS, proxy: Proxy(), se:cdp: ws://localhost:57542/devtoo..., se:cdpVersion: 114.0.5735.110, setWindowRect: true, strictFileInteractability: false, timeouts: {implicit: 0, pageLoad: 300000, script: 30000}, unhandledPromptBehavior: dismiss and notify, webauthn:extension:credBlob: true, webauthn:extension:largeBlob: true, webauthn:extension:minPinLength: true, webauthn:extension:prf: true, webauthn:virtualAuthenticators: true}&#10;Session ID: 4f3e75e25367c970fd8f5414a55a86ab"/>
    <system-out><![CDATA[19:04:51.520 [rp-io-18] DEBUG com.epam.reportportal.service.Launch - Starting test item...rp-io-18
19:04:51.521 [AsyncHttpClient-1-3] DEBUG org.asynchttpclient.netty.handler.WebSocketHandler - Channel Closed: [id: 0xb8201dde, L:/127.0.0.1:57519 ! R:localhost/127.0.0.1:57512] with attribute NettyResponseFuture{currentRetry=0,
	isDone=1,
	isCancelled=0,
	asyncHandler=org.asynchttpclient.ws.WebSocketUpgradeHandler@5f149179,
	nettyRequest=org.asynchttpclient.netty.request.NettyRequest@15847bd2,
	future=java.util.concurrent.CompletableFuture@749264c6[Completed normally],
	uri=ws://localhost:57512/devtools/browser/7c55685b-58dd-4909-8f77-13deae16c443,
	keepAlive=true,
	redirectCount=0,
	timeoutsHolder=null,
	inAuth=0,
	touch=1686071088795}
19:04:51.521 [AsyncHttpClient-1-3] DEBUG org.asynchttpclient.netty.channel.ChannelManager - Closing Channel [id: 0xb8201dde, L:/127.0.0.1:57519 ! R:localhost/127.0.0.1:57512] 
19:04:51.523 [Driver Command Executor] DEBUG org.asynchttpclient.netty.request.NettyRequestSender - Using pooled Channel '[id: 0xee204003, L:/127.0.0.1:57511 - R:localhost/127.0.0.1:13902]' for 'DELETE' to 'http://localhost:13902/session/74b02959bbf005bb4c1c9c18c2615acd'
19:04:51.523 [Driver Command Executor] DEBUG org.asynchttpclient.netty.request.NettyRequestSender - Using open Channel [id: 0xee204003, L:/127.0.0.1:57511 - R:localhost/127.0.0.1:13902] for DELETE '/session/74b02959bbf005bb4c1c9c18c2615acd'
19:04:51.541 [rp-io-13] DEBUG com.epam.reportportal.service.Launch - TestItem with ID = '0c715249-0262-48c4-96ae-ede36a105153' successfully finished.
19:04:51.541 [rp-io-13] DEBUG com.epam.reportportal.utils.SubscriptionUtils - Finish test item completed
19:04:51.557 [rp-io-18] DEBUG com.epam.reportportal.service.Launch - ReportPortal item with ID 'dc3d1212-3231-47b3-801d-e6348b8bcc99' has been created
19:04:51.557 [rp-io-18] DEBUG com.epam.reportportal.utils.SubscriptionUtils - Start test item successfully completed
19:04:51.591 [AsyncHttpClient-1-2] DEBUG org.asynchttpclient.netty.handler.HttpHandler - Unexpected I/O exception on channel [id: 0xafca9430, L:/127.0.0.1:57518 - R:localhost/127.0.0.1:57512]
java.net.SocketException: Connection reset
	at java.base/sun.nio.ch.SocketChannelImpl.throwConnectionReset(SocketChannelImpl.java:394)
	at java.base/sun.nio.ch.SocketChannelImpl.read(SocketChannelImpl.java:426)
	at io.netty.buffer.PooledByteBuf.setBytes(PooledByteBuf.java:256)
	at io.netty.buffer.AbstractByteBuf.writeBytes(AbstractByteBuf.java:1132)
	at io.netty.channel.socket.nio.NioSocketChannel.doReadBytes(NioSocketChannel.java:357)
	at io.netty.channel.nio.AbstractNioByteChannel$NioByteUnsafe.read(AbstractNioByteChannel.java:151)
	at io.netty.channel.nio.NioEventLoop.processSelectedKey(NioEventLoop.java:788)
	at io.netty.channel.nio.NioEventLoop.processSelectedKeysOptimized(NioEventLoop.java:724)
	at io.netty.channel.nio.NioEventLoop.processSelectedKeys(NioEventLoop.java:650)
	at io.netty.channel.nio.NioEventLoop.run(NioEventLoop.java:562)
	at io.netty.util.concurrent.SingleThreadEventExecutor$4.run(SingleThreadEventExecutor.java:997)
	at io.netty.util.internal.ThreadExecutorMap$2.run(ThreadExecutorMap.java:74)
	at io.netty.util.concurrent.FastThreadLocalRunnable.run(FastThreadLocalRunnable.java:30)
	at java.base/java.lang.Thread.run(Thread.java:833)
19:04:51.591 [AsyncHttpClient-1-2] DEBUG org.asynchttpclient.netty.channel.ChannelManager - Closing Channel [id: 0xafca9430, L:/127.0.0.1:57518 - R:localhost/127.0.0.1:57512] 
19:04:51.591 [AsyncHttpClient-1-2] DEBUG org.asynchttpclient.netty.handler.HttpHandler - Channel Closed: [id: 0xafca9430, L:/127.0.0.1:57518 ! R:localhost/127.0.0.1:57512] with attribute DISCARD
19:04:51.611 [AsyncHttpClient-1-17] DEBUG org.asynchttpclient.netty.handler.HttpHandler - 

Request DefaultFullHttpRequest(decodeResult: success, version: HTTP/1.1, content: EmptyByteBufBE)
DELETE /session/74b02959bbf005bb4c1c9c18c2615acd HTTP/1.1
User-Agent: selenium/4.8.3 (java windows)
Content-Type: application/json; charset=utf-8
host: localhost:13902
accept: */*

Response DefaultHttpResponse(decodeResult: success, version: HTTP/1.1)
HTTP/1.1 200 OK
Content-Length: 14
Content-Type: application/json; charset=utf-8
cache-control: no-cache

19:04:51.611 [AsyncHttpClient-1-17] DEBUG org.asynchttpclient.netty.channel.ChannelManager - Adding key: http://localhost:13902 for channel [id: 0xee204003, L:/127.0.0.1:57511 - R:localhost/127.0.0.1:13902]
19:04:51.657 [AsyncHttpClient-1-17] DEBUG org.asynchttpclient.netty.handler.HttpHandler - Channel Closed: [id: 0xee204003, L:/127.0.0.1:57511 ! R:localhost/127.0.0.1:13902] with attribute DISCARD
2023-06-06 19:04:51 INFO  BaseTest:83 - Test executed**********
19:04:51.682 [rp-io-23] DEBUG com.epam.reportportal.service.Launch - Starting test item...rp-io-23
2023-06-06 19:04:51 INFO  BaseTest:110 - Property files loaded successfully**********
19:04:51.699 [main] DEBUG io.github.bonigarcia.wdm.cache.ResolutionCache - Resolution chrome=114 in cache (valid until 19:20:28 06/06/2023 CEST)
19:04:51.700 [rp-io-22] DEBUG com.epam.reportportal.service.Launch - TestItem with ID = 'dc3d1212-3231-47b3-801d-e6348b8bcc99' successfully finished.
19:04:51.700 [rp-io-22] DEBUG com.epam.reportportal.utils.SubscriptionUtils - Finish test item completed
19:04:51.700 [main] DEBUG io.github.bonigarcia.wdm.cache.ResolutionCache - Resolution chrome114=114.0.5735.90 in cache (valid until 16:16:26 07/06/2023 CEST)
19:04:51.700 [main] INFO io.github.bonigarcia.wdm.WebDriverManager - Using chromedriver 114.0.5735.90 (resolved driver for Chrome 114)
19:04:51.707 [main] DEBUG io.github.bonigarcia.wdm.WebDriverManager - Driver chromedriver 114.0.5735.90 found in cache
19:04:51.708 [rp-io-25] DEBUG com.epam.reportportal.service.Launch - ReportPortal item with ID 'd2c8c3e6-1ea7-499d-b780-a7b0523ada15' has been created
19:04:51.708 [rp-io-25] DEBUG com.epam.reportportal.utils.SubscriptionUtils - Start test item successfully completed
19:04:51.708 [main] INFO io.github.bonigarcia.wdm.WebDriverManager - Exporting webdriver.chrome.driver as C:\Users\Suwarna_Wagh\.cache\selenium\chromedriver\win32\114.0.5735.90\chromedriver.exe
19:04:51.912 [AsyncHttpClient-1-4] DEBUG org.asynchttpclient.netty.channel.NettyConnectListener - Using new Channel '[id: 0xc911cfc1, L:/127.0.0.1:57540 - R:localhost/127.0.0.1:13523]' for 'POST' to '/session'
19:04:52.139 [AsyncHttpClient-1-1] DEBUG org.asynchttpclient.netty.channel.DefaultChannelPool - Entry count for : http://localhost:57512 : 1
19:04:52.139 [AsyncHttpClient-1-1] DEBUG org.asynchttpclient.netty.channel.DefaultChannelPool - Entry count for : http://localhost:13902 : 1
19:04:52.139 [AsyncHttpClient-1-1] DEBUG org.asynchttpclient.netty.channel.DefaultChannelPool - Adding Candidate expired Channel [id: 0xafca9430, L:/127.0.0.1:57518 ! R:localhost/127.0.0.1:57512] isIdleTimeoutExpired=false isRemotelyClosed=true isTtlExpired=false
19:04:52.139 [AsyncHttpClient-1-1] DEBUG org.asynchttpclient.netty.channel.DefaultChannelPool - Closing Idle Channel [id: 0xafca9430, L:/127.0.0.1:57518 ! R:localhost/127.0.0.1:57512]
19:04:52.141 [AsyncHttpClient-1-1] DEBUG org.asynchttpclient.netty.channel.DefaultChannelPool - Adding Candidate expired Channel [id: 0xee204003, L:/127.0.0.1:57511 ! R:localhost/127.0.0.1:13902] isIdleTimeoutExpired=false isRemotelyClosed=true isTtlExpired=false
19:04:52.141 [AsyncHttpClient-1-1] DEBUG org.asynchttpclient.netty.channel.DefaultChannelPool - Closing Idle Channel [id: 0xee204003, L:/127.0.0.1:57511 ! R:localhost/127.0.0.1:13902]
19:04:52.141 [AsyncHttpClient-1-1] DEBUG org.asynchttpclient.netty.channel.DefaultChannelPool - Closed 2 connections out of 2 in 2 ms
19:04:52.758 [AsyncHttpClient-1-4] DEBUG org.asynchttpclient.netty.handler.HttpHandler - 

Request DefaultHttpRequest(decodeResult: success, version: HTTP/1.1)
POST /session HTTP/1.1
User-Agent: selenium/4.8.3 (java windows)
Content-Length: 439
Content-Type: application/json; charset=utf-8
host: localhost:13523
accept: */*

Response DefaultHttpResponse(decodeResult: success, version: HTTP/1.1)
HTTP/1.1 200 OK
Content-Length: 864
Content-Type: application/json; charset=utf-8
cache-control: no-cache

19:04:52.758 [AsyncHttpClient-1-4] DEBUG org.asynchttpclient.netty.channel.ChannelManager - Adding key: http://localhost:13523 for channel [id: 0xc911cfc1, L:/127.0.0.1:57540 - R:localhost/127.0.0.1:13523]
19:04:52.766 [AsyncHttpClient-1-5] DEBUG org.asynchttpclient.netty.channel.NettyConnectListener - Using new Channel '[id: 0x79f8c7d3, L:/127.0.0.1:57549 - R:localhost/127.0.0.1:57542]' for 'GET' to '/json/version'
19:04:52.766 [AsyncHttpClient-1-5] DEBUG org.asynchttpclient.netty.handler.HttpHandler - 

Request DefaultFullHttpRequest(decodeResult: success, version: HTTP/1.1, content: EmptyByteBufBE)
GET /json/version HTTP/1.1
User-Agent: selenium/4.8.3 (java windows)
host: localhost:57542
accept: */*

Response DefaultHttpResponse(decodeResult: success, version: HTTP/1.1)
HTTP/1.1 200 OK
Content-Security-Policy: frame-ancestors 'none'
Content-Length: 424
Content-Type: application/json; charset=UTF-8

19:04:52.767 [AsyncHttpClient-1-5] DEBUG org.asynchttpclient.netty.channel.ChannelManager - Adding key: http://localhost:57542 for channel [id: 0x79f8c7d3, L:/127.0.0.1:57549 - R:localhost/127.0.0.1:57542]
19:04:52.769 [AsyncHttpClient-1-6] DEBUG org.asynchttpclient.netty.channel.NettyConnectListener - Using new Channel '[id: 0x8e568acc, L:/127.0.0.1:57550 - R:localhost/127.0.0.1:57542]' for 'GET' to '/devtools/browser/2da184f8-fb01-4694-b03b-d157ceed652c'
19:04:52.770 [AsyncHttpClient-1-6] DEBUG org.asynchttpclient.netty.handler.WebSocketHandler - 

Request DefaultFullHttpRequest(decodeResult: success, version: HTTP/1.1, content: EmptyByteBufBE)
GET /devtools/browser/2da184f8-fb01-4694-b03b-d157ceed652c HTTP/1.1
upgrade: websocket
connection: upgrade
sec-websocket-key: 6SwTf1Io7DBnW2qt+pTPag==
sec-websocket-version: 13
origin: http://localhost:57542
host: localhost:57542
accept: */*
user-agent: AHC/2.1

Response DefaultHttpResponse(decodeResult: success, version: HTTP/1.1)
HTTP/1.1 101 WebSocket Protocol Handshake
Upgrade: WebSocket
Connection: Upgrade
Sec-WebSocket-Accept: F49RZR8IH2yE852ghcleyl0QnWc=

19:04:52.773 [Forwarding setTimeout on session 4f3e75e25367c970fd8f5414a55a86ab to remote] DEBUG org.asynchttpclient.netty.request.NettyRequestSender - Using pooled Channel '[id: 0xc911cfc1, L:/127.0.0.1:57540 - R:localhost/127.0.0.1:13523]' for 'POST' to 'http://localhost:13523/session/4f3e75e25367c970fd8f5414a55a86ab/timeouts'
19:04:52.773 [Forwarding setTimeout on session 4f3e75e25367c970fd8f5414a55a86ab to remote] DEBUG org.asynchttpclient.netty.request.NettyRequestSender - Using open Channel [id: 0xc911cfc1, L:/127.0.0.1:57540 - R:localhost/127.0.0.1:13523] for POST '/session/4f3e75e25367c970fd8f5414a55a86ab/timeouts'
19:04:52.775 [AsyncHttpClient-1-4] DEBUG org.asynchttpclient.netty.handler.HttpHandler - 

Request DefaultHttpRequest(decodeResult: success, version: HTTP/1.1)
POST /session/4f3e75e25367c970fd8f5414a55a86ab/timeouts HTTP/1.1
User-Agent: selenium/4.8.3 (java windows)
Content-Length: 22
Content-Type: application/json; charset=utf-8
host: localhost:13523
accept: */*

Response DefaultHttpResponse(decodeResult: success, version: HTTP/1.1)
HTTP/1.1 200 OK
Content-Length: 14
Content-Type: application/json; charset=utf-8
cache-control: no-cache

19:04:52.775 [AsyncHttpClient-1-4] DEBUG org.asynchttpclient.netty.channel.ChannelManager - Adding key: http://localhost:13523 for channel [id: 0xc911cfc1, L:/127.0.0.1:57540 - R:localhost/127.0.0.1:13523]
19:04:52.777 [Forwarding maximizeCurrentWindow on session 4f3e75e25367c970fd8f5414a55a86ab to remote] DEBUG org.asynchttpclient.netty.request.NettyRequestSender - Using pooled Channel '[id: 0xc911cfc1, L:/127.0.0.1:57540 - R:localhost/127.0.0.1:13523]' for 'POST' to 'http://localhost:13523/session/4f3e75e25367c970fd8f5414a55a86ab/window/maximize'
19:04:52.777 [Forwarding maximizeCurrentWindow on session 4f3e75e25367c970fd8f5414a55a86ab to remote] DEBUG org.asynchttpclient.netty.request.NettyRequestSender - Using open Channel [id: 0xc911cfc1, L:/127.0.0.1:57540 - R:localhost/127.0.0.1:13523] for POST '/session/4f3e75e25367c970fd8f5414a55a86ab/window/maximize'
19:04:52.891 [AsyncHttpClient-1-4] DEBUG org.asynchttpclient.netty.handler.HttpHandler - 

Request DefaultHttpRequest(decodeResult: success, version: HTTP/1.1)
POST /session/4f3e75e25367c970fd8f5414a55a86ab/window/maximize HTTP/1.1
User-Agent: selenium/4.8.3 (java windows)
Content-Length: 3
Content-Type: application/json; charset=utf-8
host: localhost:13523
accept: */*

Response DefaultHttpResponse(decodeResult: success, version: HTTP/1.1)
HTTP/1.1 200 OK
Content-Length: 51
Content-Type: application/json; charset=utf-8
cache-control: no-cache

19:04:52.891 [AsyncHttpClient-1-4] DEBUG org.asynchttpclient.netty.channel.ChannelManager - Adding key: http://localhost:13523 for channel [id: 0xc911cfc1, L:/127.0.0.1:57540 - R:localhost/127.0.0.1:13523]
19:04:52.893 [Forwarding get on session 4f3e75e25367c970fd8f5414a55a86ab to remote] DEBUG org.asynchttpclient.netty.request.NettyRequestSender - Using pooled Channel '[id: 0xc911cfc1, L:/127.0.0.1:57540 - R:localhost/127.0.0.1:13523]' for 'POST' to 'http://localhost:13523/session/4f3e75e25367c970fd8f5414a55a86ab/url'
19:04:52.893 [Forwarding get on session 4f3e75e25367c970fd8f5414a55a86ab to remote] DEBUG org.asynchttpclient.netty.request.NettyRequestSender - Using open Channel [id: 0xc911cfc1, L:/127.0.0.1:57540 - R:localhost/127.0.0.1:13523] for POST '/session/4f3e75e25367c970fd8f5414a55a86ab/url'
19:04:53.237 [AsyncHttpClient-1-1] DEBUG org.asynchttpclient.netty.channel.DefaultChannelPool - Entry count for : http://localhost:57542 : 1
19:04:54.313 [AsyncHttpClient-1-4] DEBUG org.asynchttpclient.netty.handler.HttpHandler - 

Request DefaultHttpRequest(decodeResult: success, version: HTTP/1.1)
POST /session/4f3e75e25367c970fd8f5414a55a86ab/url HTTP/1.1
User-Agent: selenium/4.8.3 (java windows)
Content-Length: 52
Content-Type: application/json; charset=utf-8
host: localhost:13523
accept: */*

Response DefaultHttpResponse(decodeResult: success, version: HTTP/1.1)
HTTP/1.1 200 OK
Content-Length: 14
Content-Type: application/json; charset=utf-8
cache-control: no-cache

19:04:54.313 [AsyncHttpClient-1-4] DEBUG org.asynchttpclient.netty.channel.ChannelManager - Adding key: http://localhost:13523 for channel [id: 0xc911cfc1, L:/127.0.0.1:57540 - R:localhost/127.0.0.1:13523]
2023-06-06 19:04:54 INFO  BaseTest:104 - Test driver set up done successfully**********
2023-06-06 19:04:54 INFO  BaseTest:122 - Logging in to portal
19:04:54.315 [Forwarding findElement on session 4f3e75e25367c970fd8f5414a55a86ab to remote] DEBUG org.asynchttpclient.netty.request.NettyRequestSender - Using pooled Channel '[id: 0xc911cfc1, L:/127.0.0.1:57540 - R:localhost/127.0.0.1:13523]' for 'POST' to 'http://localhost:13523/session/4f3e75e25367c970fd8f5414a55a86ab/element'
19:04:54.315 [Forwarding findElement on session 4f3e75e25367c970fd8f5414a55a86ab to remote] DEBUG org.asynchttpclient.netty.request.NettyRequestSender - Using open Channel [id: 0xc911cfc1, L:/127.0.0.1:57540 - R:localhost/127.0.0.1:13523] for POST '/session/4f3e75e25367c970fd8f5414a55a86ab/element'
19:04:54.328 [AsyncHttpClient-1-4] DEBUG org.asynchttpclient.netty.handler.HttpHandler - 

Request DefaultHttpRequest(decodeResult: success, version: HTTP/1.1)
POST /session/4f3e75e25367c970fd8f5414a55a86ab/element HTTP/1.1
User-Agent: selenium/4.8.3 (java windows)
Content-Length: 59
Content-Type: application/json; charset=utf-8
host: localhost:13523
accept: */*

Response DefaultHttpResponse(decodeResult: success, version: HTTP/1.1)
HTTP/1.1 200 OK
Content-Length: 95
Content-Type: application/json; charset=utf-8
cache-control: no-cache

19:04:54.328 [AsyncHttpClient-1-4] DEBUG org.asynchttpclient.netty.channel.ChannelManager - Adding key: http://localhost:13523 for channel [id: 0xc911cfc1, L:/127.0.0.1:57540 - R:localhost/127.0.0.1:13523]
19:04:54.330 [Forwarding clearElement on session 4f3e75e25367c970fd8f5414a55a86ab to remote] DEBUG org.asynchttpclient.netty.request.NettyRequestSender - Using pooled Channel '[id: 0xc911cfc1, L:/127.0.0.1:57540 - R:localhost/127.0.0.1:13523]' for 'POST' to 'http://localhost:13523/session/4f3e75e25367c970fd8f5414a55a86ab/element/039D0C48B4F542CB572FD1420EF0F6A7_element_30/clear'
19:04:54.330 [Forwarding clearElement on session 4f3e75e25367c970fd8f5414a55a86ab to remote] DEBUG org.asynchttpclient.netty.request.NettyRequestSender - Using open Channel [id: 0xc911cfc1, L:/127.0.0.1:57540 - R:localhost/127.0.0.1:13523] for POST '/session/4f3e75e25367c970fd8f5414a55a86ab/element/039D0C48B4F542CB572FD1420EF0F6A7_element_30/clear'
19:04:54.337 [AsyncHttpClient-1-1] DEBUG org.asynchttpclient.netty.channel.DefaultChannelPool - Entry count for : http://localhost:57542 : 1
19:04:54.373 [AsyncHttpClient-1-4] DEBUG org.asynchttpclient.netty.handler.HttpHandler - 

Request DefaultHttpRequest(decodeResult: success, version: HTTP/1.1)
POST /session/4f3e75e25367c970fd8f5414a55a86ab/element/039D0C48B4F542CB572FD1420EF0F6A7_element_30/clear HTTP/1.1
User-Agent: selenium/4.8.3 (java windows)
Content-Length: 57
Content-Type: application/json; charset=utf-8
host: localhost:13523
accept: */*

Response DefaultHttpResponse(decodeResult: success, version: HTTP/1.1)
HTTP/1.1 200 OK
Content-Length: 14
Content-Type: application/json; charset=utf-8
cache-control: no-cache

19:04:54.373 [AsyncHttpClient-1-4] DEBUG org.asynchttpclient.netty.channel.ChannelManager - Adding key: http://localhost:13523 for channel [id: 0xc911cfc1, L:/127.0.0.1:57540 - R:localhost/127.0.0.1:13523]
19:04:54.374 [Forwarding findElement on session 4f3e75e25367c970fd8f5414a55a86ab to remote] DEBUG org.asynchttpclient.netty.request.NettyRequestSender - Using pooled Channel '[id: 0xc911cfc1, L:/127.0.0.1:57540 - R:localhost/127.0.0.1:13523]' for 'POST' to 'http://localhost:13523/session/4f3e75e25367c970fd8f5414a55a86ab/element'
19:04:54.374 [Forwarding findElement on session 4f3e75e25367c970fd8f5414a55a86ab to remote] DEBUG org.asynchttpclient.netty.request.NettyRequestSender - Using open Channel [id: 0xc911cfc1, L:/127.0.0.1:57540 - R:localhost/127.0.0.1:13523] for POST '/session/4f3e75e25367c970fd8f5414a55a86ab/element'
19:04:54.384 [AsyncHttpClient-1-4] DEBUG org.asynchttpclient.netty.handler.HttpHandler - 

Request DefaultHttpRequest(decodeResult: success, version: HTTP/1.1)
POST /session/4f3e75e25367c970fd8f5414a55a86ab/element HTTP/1.1
User-Agent: selenium/4.8.3 (java windows)
Content-Length: 59
Content-Type: application/json; charset=utf-8
host: localhost:13523
accept: */*

Response DefaultHttpResponse(decodeResult: success, version: HTTP/1.1)
HTTP/1.1 200 OK
Content-Length: 95
Content-Type: application/json; charset=utf-8
cache-control: no-cache

19:04:54.384 [AsyncHttpClient-1-4] DEBUG org.asynchttpclient.netty.channel.ChannelManager - Adding key: http://localhost:13523 for channel [id: 0xc911cfc1, L:/127.0.0.1:57540 - R:localhost/127.0.0.1:13523]
19:04:54.385 [Forwarding sendKeysToElement on session 4f3e75e25367c970fd8f5414a55a86ab to remote] DEBUG org.asynchttpclient.netty.request.NettyRequestSender - Using pooled Channel '[id: 0xc911cfc1, L:/127.0.0.1:57540 - R:localhost/127.0.0.1:13523]' for 'POST' to 'http://localhost:13523/session/4f3e75e25367c970fd8f5414a55a86ab/element/039D0C48B4F542CB572FD1420EF0F6A7_element_30/value'
19:04:54.385 [Forwarding sendKeysToElement on session 4f3e75e25367c970fd8f5414a55a86ab to remote] DEBUG org.asynchttpclient.netty.request.NettyRequestSender - Using open Channel [id: 0xc911cfc1, L:/127.0.0.1:57540 - R:localhost/127.0.0.1:13523] for POST '/session/4f3e75e25367c970fd8f5414a55a86ab/element/039D0C48B4F542CB572FD1420EF0F6A7_element_30/value'
19:04:54.481 [AsyncHttpClient-1-4] DEBUG org.asynchttpclient.netty.handler.HttpHandler - 

Request DefaultHttpRequest(decodeResult: success, version: HTTP/1.1)
POST /session/4f3e75e25367c970fd8f5414a55a86ab/element/039D0C48B4F542CB572FD1420EF0F6A7_element_30/value HTTP/1.1
User-Agent: selenium/4.8.3 (java windows)
Content-Length: 188
Content-Type: application/json; charset=utf-8
host: localhost:13523
accept: */*

Response DefaultHttpResponse(decodeResult: success, version: HTTP/1.1)
HTTP/1.1 200 OK
Content-Length: 14
Content-Type: application/json; charset=utf-8
cache-control: no-cache

19:04:54.482 [AsyncHttpClient-1-4] DEBUG org.asynchttpclient.netty.channel.ChannelManager - Adding key: http://localhost:13523 for channel [id: 0xc911cfc1, L:/127.0.0.1:57540 - R:localhost/127.0.0.1:13523]
19:04:54.483 [Forwarding findElement on session 4f3e75e25367c970fd8f5414a55a86ab to remote] DEBUG org.asynchttpclient.netty.request.NettyRequestSender - Using pooled Channel '[id: 0xc911cfc1, L:/127.0.0.1:57540 - R:localhost/127.0.0.1:13523]' for 'POST' to 'http://localhost:13523/session/4f3e75e25367c970fd8f5414a55a86ab/element'
19:04:54.483 [Forwarding findElement on session 4f3e75e25367c970fd8f5414a55a86ab to remote] DEBUG org.asynchttpclient.netty.request.NettyRequestSender - Using open Channel [id: 0xc911cfc1, L:/127.0.0.1:57540 - R:localhost/127.0.0.1:13523] for POST '/session/4f3e75e25367c970fd8f5414a55a86ab/element'
19:04:54.497 [AsyncHttpClient-1-4] DEBUG org.asynchttpclient.netty.handler.HttpHandler - 

Request DefaultHttpRequest(decodeResult: success, version: HTTP/1.1)
POST /session/4f3e75e25367c970fd8f5414a55a86ab/element HTTP/1.1
User-Agent: selenium/4.8.3 (java windows)
Content-Length: 62
Content-Type: application/json; charset=utf-8
host: localhost:13523
accept: */*

Response DefaultHttpResponse(decodeResult: success, version: HTTP/1.1)
HTTP/1.1 200 OK
Content-Length: 95
Content-Type: application/json; charset=utf-8
cache-control: no-cache

19:04:54.497 [AsyncHttpClient-1-4] DEBUG org.asynchttpclient.netty.channel.ChannelManager - Adding key: http://localhost:13523 for channel [id: 0xc911cfc1, L:/127.0.0.1:57540 - R:localhost/127.0.0.1:13523]
19:04:54.498 [Forwarding clearElement on session 4f3e75e25367c970fd8f5414a55a86ab to remote] DEBUG org.asynchttpclient.netty.request.NettyRequestSender - Using pooled Channel '[id: 0xc911cfc1, L:/127.0.0.1:57540 - R:localhost/127.0.0.1:13523]' for 'POST' to 'http://localhost:13523/session/4f3e75e25367c970fd8f5414a55a86ab/element/039D0C48B4F542CB572FD1420EF0F6A7_element_32/clear'
19:04:54.498 [Forwarding clearElement on session 4f3e75e25367c970fd8f5414a55a86ab to remote] DEBUG org.asynchttpclient.netty.request.NettyRequestSender - Using open Channel [id: 0xc911cfc1, L:/127.0.0.1:57540 - R:localhost/127.0.0.1:13523] for POST '/session/4f3e75e25367c970fd8f5414a55a86ab/element/039D0C48B4F542CB572FD1420EF0F6A7_element_32/clear'
19:04:54.528 [AsyncHttpClient-1-4] DEBUG org.asynchttpclient.netty.handler.HttpHandler - 

Request DefaultHttpRequest(decodeResult: success, version: HTTP/1.1)
POST /session/4f3e75e25367c970fd8f5414a55a86ab/element/039D0C48B4F542CB572FD1420EF0F6A7_element_32/clear HTTP/1.1
User-Agent: selenium/4.8.3 (java windows)
Content-Length: 57
Content-Type: application/json; charset=utf-8
host: localhost:13523
accept: */*

Response DefaultHttpResponse(decodeResult: success, version: HTTP/1.1)
HTTP/1.1 200 OK
Content-Length: 14
Content-Type: application/json; charset=utf-8
cache-control: no-cache

19:04:54.528 [AsyncHttpClient-1-4] DEBUG org.asynchttpclient.netty.channel.ChannelManager - Adding key: http://localhost:13523 for channel [id: 0xc911cfc1, L:/127.0.0.1:57540 - R:localhost/127.0.0.1:13523]
19:04:54.529 [Forwarding findElement on session 4f3e75e25367c970fd8f5414a55a86ab to remote] DEBUG org.asynchttpclient.netty.request.NettyRequestSender - Using pooled Channel '[id: 0xc911cfc1, L:/127.0.0.1:57540 - R:localhost/127.0.0.1:13523]' for 'POST' to 'http://localhost:13523/session/4f3e75e25367c970fd8f5414a55a86ab/element'
19:04:54.529 [Forwarding findElement on session 4f3e75e25367c970fd8f5414a55a86ab to remote] DEBUG org.asynchttpclient.netty.request.NettyRequestSender - Using open Channel [id: 0xc911cfc1, L:/127.0.0.1:57540 - R:localhost/127.0.0.1:13523] for POST '/session/4f3e75e25367c970fd8f5414a55a86ab/element'
19:04:54.555 [AsyncHttpClient-1-4] DEBUG org.asynchttpclient.netty.handler.HttpHandler - 

Request DefaultHttpRequest(decodeResult: success, version: HTTP/1.1)
POST /session/4f3e75e25367c970fd8f5414a55a86ab/element HTTP/1.1
User-Agent: selenium/4.8.3 (java windows)
Content-Length: 62
Content-Type: application/json; charset=utf-8
host: localhost:13523
accept: */*

Response DefaultHttpResponse(decodeResult: success, version: HTTP/1.1)
HTTP/1.1 200 OK
Content-Length: 95
Content-Type: application/json; charset=utf-8
cache-control: no-cache

19:04:54.555 [AsyncHttpClient-1-4] DEBUG org.asynchttpclient.netty.channel.ChannelManager - Adding key: http://localhost:13523 for channel [id: 0xc911cfc1, L:/127.0.0.1:57540 - R:localhost/127.0.0.1:13523]
19:04:54.557 [Forwarding sendKeysToElement on session 4f3e75e25367c970fd8f5414a55a86ab to remote] DEBUG org.asynchttpclient.netty.request.NettyRequestSender - Using pooled Channel '[id: 0xc911cfc1, L:/127.0.0.1:57540 - R:localhost/127.0.0.1:13523]' for 'POST' to 'http://localhost:13523/session/4f3e75e25367c970fd8f5414a55a86ab/element/039D0C48B4F542CB572FD1420EF0F6A7_element_32/value'
19:04:54.557 [Forwarding sendKeysToElement on session 4f3e75e25367c970fd8f5414a55a86ab to remote] DEBUG org.asynchttpclient.netty.request.NettyRequestSender - Using open Channel [id: 0xc911cfc1, L:/127.0.0.1:57540 - R:localhost/127.0.0.1:13523] for POST '/session/4f3e75e25367c970fd8f5414a55a86ab/element/039D0C48B4F542CB572FD1420EF0F6A7_element_32/value'
19:04:54.630 [AsyncHttpClient-1-4] DEBUG org.asynchttpclient.netty.handler.HttpHandler - 

Request DefaultHttpRequest(decodeResult: success, version: HTTP/1.1)
POST /session/4f3e75e25367c970fd8f5414a55a86ab/element/039D0C48B4F542CB572FD1420EF0F6A7_element_32/value HTTP/1.1
User-Agent: selenium/4.8.3 (java windows)
Content-Length: 148
Content-Type: application/json; charset=utf-8
host: localhost:13523
accept: */*

Response DefaultHttpResponse(decodeResult: success, version: HTTP/1.1)
HTTP/1.1 200 OK
Content-Length: 14
Content-Type: application/json; charset=utf-8
cache-control: no-cache

19:04:54.630 [AsyncHttpClient-1-4] DEBUG org.asynchttpclient.netty.channel.ChannelManager - Adding key: http://localhost:13523 for channel [id: 0xc911cfc1, L:/127.0.0.1:57540 - R:localhost/127.0.0.1:13523]
19:04:54.633 [Forwarding findElement on session 4f3e75e25367c970fd8f5414a55a86ab to remote] DEBUG org.asynchttpclient.netty.request.NettyRequestSender - Using pooled Channel '[id: 0xc911cfc1, L:/127.0.0.1:57540 - R:localhost/127.0.0.1:13523]' for 'POST' to 'http://localhost:13523/session/4f3e75e25367c970fd8f5414a55a86ab/element'
19:04:54.633 [Forwarding findElement on session 4f3e75e25367c970fd8f5414a55a86ab to remote] DEBUG org.asynchttpclient.netty.request.NettyRequestSender - Using open Channel [id: 0xc911cfc1, L:/127.0.0.1:57540 - R:localhost/127.0.0.1:13523] for POST '/session/4f3e75e25367c970fd8f5414a55a86ab/element'
19:04:54.646 [AsyncHttpClient-1-4] DEBUG org.asynchttpclient.netty.handler.HttpHandler - 

Request DefaultHttpRequest(decodeResult: success, version: HTTP/1.1)
POST /session/4f3e75e25367c970fd8f5414a55a86ab/element HTTP/1.1
User-Agent: selenium/4.8.3 (java windows)
Content-Length: 71
Content-Type: application/json; charset=utf-8
host: localhost:13523
accept: */*

Response DefaultHttpResponse(decodeResult: success, version: HTTP/1.1)
HTTP/1.1 200 OK
Content-Length: 95
Content-Type: application/json; charset=utf-8
cache-control: no-cache

19:04:54.646 [AsyncHttpClient-1-4] DEBUG org.asynchttpclient.netty.channel.ChannelManager - Adding key: http://localhost:13523 for channel [id: 0xc911cfc1, L:/127.0.0.1:57540 - R:localhost/127.0.0.1:13523]
19:04:54.648 [Forwarding clickElement on session 4f3e75e25367c970fd8f5414a55a86ab to remote] DEBUG org.asynchttpclient.netty.request.NettyRequestSender - Using pooled Channel '[id: 0xc911cfc1, L:/127.0.0.1:57540 - R:localhost/127.0.0.1:13523]' for 'POST' to 'http://localhost:13523/session/4f3e75e25367c970fd8f5414a55a86ab/element/039D0C48B4F542CB572FD1420EF0F6A7_element_33/click'
19:04:54.648 [Forwarding clickElement on session 4f3e75e25367c970fd8f5414a55a86ab to remote] DEBUG org.asynchttpclient.netty.request.NettyRequestSender - Using open Channel [id: 0xc911cfc1, L:/127.0.0.1:57540 - R:localhost/127.0.0.1:13523] for POST '/session/4f3e75e25367c970fd8f5414a55a86ab/element/039D0C48B4F542CB572FD1420EF0F6A7_element_33/click'
19:04:54.689 [AsyncHttpClient-1-4] DEBUG org.asynchttpclient.netty.handler.HttpHandler - 

Request DefaultHttpRequest(decodeResult: success, version: HTTP/1.1)
POST /session/4f3e75e25367c970fd8f5414a55a86ab/element/039D0C48B4F542CB572FD1420EF0F6A7_element_33/click HTTP/1.1
User-Agent: selenium/4.8.3 (java windows)
Content-Length: 57
Content-Type: application/json; charset=utf-8
host: localhost:13523
accept: */*

Response DefaultHttpResponse(decodeResult: success, version: HTTP/1.1)
HTTP/1.1 200 OK
Content-Length: 14
Content-Type: application/json; charset=utf-8
cache-control: no-cache

19:04:54.689 [AsyncHttpClient-1-4] DEBUG org.asynchttpclient.netty.channel.ChannelManager - Adding key: http://localhost:13523 for channel [id: 0xc911cfc1, L:/127.0.0.1:57540 - R:localhost/127.0.0.1:13523]
2023-06-06 19:04:54 INFO  BaseTest:126 - Logged in
19:04:54.691 [rp-io-27] DEBUG com.epam.reportportal.service.Launch - Starting test item...rp-io-27
2023-06-06 19:04:54 INFO  Listeners:34 - Started Test null
19:04:54.692 [Forwarding findElement on session 4f3e75e25367c970fd8f5414a55a86ab to remote] DEBUG org.asynchttpclient.netty.request.NettyRequestSender - Using pooled Channel '[id: 0xc911cfc1, L:/127.0.0.1:57540 - R:localhost/127.0.0.1:13523]' for 'POST' to 'http://localhost:13523/session/4f3e75e25367c970fd8f5414a55a86ab/element'
19:04:54.692 [Forwarding findElement on session 4f3e75e25367c970fd8f5414a55a86ab to remote] DEBUG org.asynchttpclient.netty.request.NettyRequestSender - Using open Channel [id: 0xc911cfc1, L:/127.0.0.1:57540 - R:localhost/127.0.0.1:13523] for POST '/session/4f3e75e25367c970fd8f5414a55a86ab/element'
19:04:54.709 [rp-io-24] DEBUG com.epam.reportportal.service.Launch - TestItem with ID = 'd2c8c3e6-1ea7-499d-b780-a7b0523ada15' successfully finished.
19:04:54.709 [rp-io-24] DEBUG com.epam.reportportal.utils.SubscriptionUtils - Finish test item completed
19:04:54.715 [rp-io-27] DEBUG com.epam.reportportal.service.Launch - ReportPortal item with ID 'a8aadc7b-4310-43e2-b51c-c6fdf085337c' has been created
19:04:54.715 [rp-io-27] DEBUG com.epam.reportportal.utils.SubscriptionUtils - Start test item successfully completed
19:04:55.051 [AsyncHttpClient-1-4] DEBUG org.asynchttpclient.netty.handler.HttpHandler - 

Request DefaultHttpRequest(decodeResult: success, version: HTTP/1.1)
POST /session/4f3e75e25367c970fd8f5414a55a86ab/element HTTP/1.1
User-Agent: selenium/4.8.3 (java windows)
Content-Length: 168
Content-Type: application/json; charset=utf-8
host: localhost:13523
accept: */*

Response DefaultHttpResponse(decodeResult: success, version: HTTP/1.1)
HTTP/1.1 200 OK
Content-Length: 95
Content-Type: application/json; charset=utf-8
cache-control: no-cache

19:04:55.051 [AsyncHttpClient-1-4] DEBUG org.asynchttpclient.netty.channel.ChannelManager - Adding key: http://localhost:13523 for channel [id: 0xc911cfc1, L:/127.0.0.1:57540 - R:localhost/127.0.0.1:13523]
19:04:55.051 [Forwarding clickElement on session 4f3e75e25367c970fd8f5414a55a86ab to remote] DEBUG org.asynchttpclient.netty.request.NettyRequestSender - Using pooled Channel '[id: 0xc911cfc1, L:/127.0.0.1:57540 - R:localhost/127.0.0.1:13523]' for 'POST' to 'http://localhost:13523/session/4f3e75e25367c970fd8f5414a55a86ab/element/039D0C48B4F542CB572FD1420EF0F6A7_element_38/click'
19:04:55.052 [Forwarding clickElement on session 4f3e75e25367c970fd8f5414a55a86ab to remote] DEBUG org.asynchttpclient.netty.request.NettyRequestSender - Using open Channel [id: 0xc911cfc1, L:/127.0.0.1:57540 - R:localhost/127.0.0.1:13523] for POST '/session/4f3e75e25367c970fd8f5414a55a86ab/element/039D0C48B4F542CB572FD1420EF0F6A7_element_38/click'
19:04:55.183 [AsyncHttpClient-1-4] DEBUG org.asynchttpclient.netty.handler.HttpHandler - 

Request DefaultHttpRequest(decodeResult: success, version: HTTP/1.1)
POST /session/4f3e75e25367c970fd8f5414a55a86ab/element/039D0C48B4F542CB572FD1420EF0F6A7_element_38/click HTTP/1.1
User-Agent: selenium/4.8.3 (java windows)
Content-Length: 57
Content-Type: application/json; charset=utf-8
host: localhost:13523
accept: */*

Response DefaultHttpResponse(decodeResult: success, version: HTTP/1.1)
HTTP/1.1 200 OK
Content-Length: 14
Content-Type: application/json; charset=utf-8
cache-control: no-cache

19:04:55.183 [AsyncHttpClient-1-4] DEBUG org.asynchttpclient.netty.channel.ChannelManager - Adding key: http://localhost:13523 for channel [id: 0xc911cfc1, L:/127.0.0.1:57540 - R:localhost/127.0.0.1:13523]
19:04:55.184 [Forwarding findElement on session 4f3e75e25367c970fd8f5414a55a86ab to remote] DEBUG org.asynchttpclient.netty.request.NettyRequestSender - Using pooled Channel '[id: 0xc911cfc1, L:/127.0.0.1:57540 - R:localhost/127.0.0.1:13523]' for 'POST' to 'http://localhost:13523/session/4f3e75e25367c970fd8f5414a55a86ab/element'
19:04:55.184 [Forwarding findElement on session 4f3e75e25367c970fd8f5414a55a86ab to remote] DEBUG org.asynchttpclient.netty.request.NettyRequestSender - Using open Channel [id: 0xc911cfc1, L:/127.0.0.1:57540 - R:localhost/127.0.0.1:13523] for POST '/session/4f3e75e25367c970fd8f5414a55a86ab/element'
19:04:55.436 [AsyncHttpClient-1-1] DEBUG org.asynchttpclient.netty.channel.DefaultChannelPool - Entry count for : http://localhost:57542 : 1
19:04:56.536 [AsyncHttpClient-1-1] DEBUG org.asynchttpclient.netty.channel.DefaultChannelPool - Entry count for : http://localhost:57542 : 1
19:04:57.636 [AsyncHttpClient-1-1] DEBUG org.asynchttpclient.netty.channel.DefaultChannelPool - Entry count for : http://localhost:57542 : 1
19:04:58.737 [AsyncHttpClient-1-1] DEBUG org.asynchttpclient.netty.channel.DefaultChannelPool - Entry count for : http://localhost:57542 : 1
19:04:59.386 [AsyncHttpClient-1-4] DEBUG org.asynchttpclient.netty.handler.HttpHandler - 

Request DefaultHttpRequest(decodeResult: success, version: HTTP/1.1)
POST /session/4f3e75e25367c970fd8f5414a55a86ab/element HTTP/1.1
User-Agent: selenium/4.8.3 (java windows)
Content-Length: 84
Content-Type: application/json; charset=utf-8
host: localhost:13523
accept: */*

Response DefaultHttpResponse(decodeResult: success, version: HTTP/1.1)
HTTP/1.1 404 Not Found
Content-Length: 974
Content-Type: application/json; charset=utf-8
cache-control: no-cache

19:04:59.387 [AsyncHttpClient-1-4] DEBUG org.asynchttpclient.netty.channel.ChannelManager - Adding key: http://localhost:13523 for channel [id: 0xc911cfc1, L:/127.0.0.1:57540 - R:localhost/127.0.0.1:13523]
2023-06-06 19:04:59 INFO  Listeners:55 - Skipped test null
19:04:59.388 [main] ERROR com.epam.reportportal.service.Launch - Item io.reactivex.internal.operators.maybe.MaybeCache@623d222 not found in the cache
]]></system-out>
    <system-err><![CDATA[Starting ChromeDriver 114.0.5735.90 (386bc09e8f4f2e025eddae123f36f6263096ae49-refs/branch-heads/5735@{#1052}) on port 13523
Only local connections are allowed.
Please see https://chromedriver.chromium.org/security-considerations for suggestions on keeping ChromeDriver safe.
ChromeDriver was started successfully.
Jun 06, 2023 7:04:52 PM org.openqa.selenium.devtools.CdpVersionFinder findNearestMatch
WARNING: Unable to find an exact match for CDP version 114, so returning the closest version found: 111
]]></system-err>
  </testcase>
  <testcase name="searchDashboardNameDP[LAUNCHES DURATION CHART](8)" classname="alltests.uitest.coreTest.DashboardPageTest" time="1.034">
    <system-out><![CDATA[19:04:59.389 [rp-io-34] DEBUG com.epam.reportportal.service.Launch - Starting test item...rp-io-34
19:04:59.390 [AsyncHttpClient-1-6] DEBUG org.asynchttpclient.netty.handler.WebSocketHandler - Channel Closed: [id: 0x8e568acc, L:/127.0.0.1:57550 ! R:localhost/127.0.0.1:57542] with attribute NettyResponseFuture{currentRetry=0,
	isDone=1,
	isCancelled=0,
	asyncHandler=org.asynchttpclient.ws.WebSocketUpgradeHandler@56e8055a,
	nettyRequest=org.asynchttpclient.netty.request.NettyRequest@75301f11,
	future=java.util.concurrent.CompletableFuture@29b6cf8c[Completed normally],
	uri=ws://localhost:57542/devtools/browser/2da184f8-fb01-4694-b03b-d157ceed652c,
	keepAlive=true,
	redirectCount=0,
	timeoutsHolder=null,
	inAuth=0,
	touch=1686071092770}
19:04:59.390 [AsyncHttpClient-1-6] DEBUG org.asynchttpclient.netty.channel.ChannelManager - Closing Channel [id: 0x8e568acc, L:/127.0.0.1:57550 ! R:localhost/127.0.0.1:57542] 
19:04:59.393 [Driver Command Executor] DEBUG org.asynchttpclient.netty.request.NettyRequestSender - Using pooled Channel '[id: 0xc911cfc1, L:/127.0.0.1:57540 - R:localhost/127.0.0.1:13523]' for 'DELETE' to 'http://localhost:13523/session/4f3e75e25367c970fd8f5414a55a86ab'
19:04:59.393 [Driver Command Executor] DEBUG org.asynchttpclient.netty.request.NettyRequestSender - Using open Channel [id: 0xc911cfc1, L:/127.0.0.1:57540 - R:localhost/127.0.0.1:13523] for DELETE '/session/4f3e75e25367c970fd8f5414a55a86ab'
19:04:59.411 [rp-io-36] DEBUG com.epam.reportportal.service.Launch - TestItem with ID = 'a8aadc7b-4310-43e2-b51c-c6fdf085337c' successfully finished.
19:04:59.411 [rp-io-36] DEBUG com.epam.reportportal.utils.SubscriptionUtils - Finish test item completed
19:04:59.414 [rp-io-30] DEBUG com.epam.reportportal.service.Launch - TestItem with ID = 'd2c8c3e6-1ea7-499d-b780-a7b0523ada15' successfully finished.
19:04:59.414 [rp-io-30] DEBUG com.epam.reportportal.utils.SubscriptionUtils - Finish test item completed
19:04:59.417 [rp-io-34] DEBUG com.epam.reportportal.service.Launch - ReportPortal item with ID '56d8d32d-c5a4-4043-84b3-27a0d1bd6885' has been created
19:04:59.417 [rp-io-34] DEBUG com.epam.reportportal.utils.SubscriptionUtils - Start test item successfully completed
19:04:59.448 [AsyncHttpClient-1-5] DEBUG org.asynchttpclient.netty.handler.HttpHandler - Unexpected I/O exception on channel [id: 0x79f8c7d3, L:/127.0.0.1:57549 - R:localhost/127.0.0.1:57542]
java.net.SocketException: Connection reset
	at java.base/sun.nio.ch.SocketChannelImpl.throwConnectionReset(SocketChannelImpl.java:394)
	at java.base/sun.nio.ch.SocketChannelImpl.read(SocketChannelImpl.java:426)
	at io.netty.buffer.PooledByteBuf.setBytes(PooledByteBuf.java:256)
	at io.netty.buffer.AbstractByteBuf.writeBytes(AbstractByteBuf.java:1132)
	at io.netty.channel.socket.nio.NioSocketChannel.doReadBytes(NioSocketChannel.java:357)
	at io.netty.channel.nio.AbstractNioByteChannel$NioByteUnsafe.read(AbstractNioByteChannel.java:151)
	at io.netty.channel.nio.NioEventLoop.processSelectedKey(NioEventLoop.java:788)
	at io.netty.channel.nio.NioEventLoop.processSelectedKeysOptimized(NioEventLoop.java:724)
	at io.netty.channel.nio.NioEventLoop.processSelectedKeys(NioEventLoop.java:650)
	at io.netty.channel.nio.NioEventLoop.run(NioEventLoop.java:562)
	at io.netty.util.concurrent.SingleThreadEventExecutor$4.run(SingleThreadEventExecutor.java:997)
	at io.netty.util.internal.ThreadExecutorMap$2.run(ThreadExecutorMap.java:74)
	at io.netty.util.concurrent.FastThreadLocalRunnable.run(FastThreadLocalRunnable.java:30)
	at java.base/java.lang.Thread.run(Thread.java:833)
19:04:59.448 [AsyncHttpClient-1-5] DEBUG org.asynchttpclient.netty.channel.ChannelManager - Closing Channel [id: 0x79f8c7d3, L:/127.0.0.1:57549 - R:localhost/127.0.0.1:57542] 
19:04:59.448 [AsyncHttpClient-1-5] DEBUG org.asynchttpclient.netty.handler.HttpHandler - Channel Closed: [id: 0x79f8c7d3, L:/127.0.0.1:57549 ! R:localhost/127.0.0.1:57542] with attribute DISCARD
19:04:59.468 [AsyncHttpClient-1-4] DEBUG org.asynchttpclient.netty.handler.HttpHandler - 

Request DefaultFullHttpRequest(decodeResult: success, version: HTTP/1.1, content: EmptyByteBufBE)
DELETE /session/4f3e75e25367c970fd8f5414a55a86ab HTTP/1.1
User-Agent: selenium/4.8.3 (java windows)
Content-Type: application/json; charset=utf-8
host: localhost:13523
accept: */*

Response DefaultHttpResponse(decodeResult: success, version: HTTP/1.1)
HTTP/1.1 200 OK
Content-Length: 14
Content-Type: application/json; charset=utf-8
cache-control: no-cache

19:04:59.468 [AsyncHttpClient-1-4] DEBUG org.asynchttpclient.netty.channel.ChannelManager - Adding key: http://localhost:13523 for channel [id: 0xc911cfc1, L:/127.0.0.1:57540 - R:localhost/127.0.0.1:13523]
19:04:59.513 [AsyncHttpClient-1-4] DEBUG org.asynchttpclient.netty.handler.HttpHandler - Channel Closed: [id: 0xc911cfc1, L:/127.0.0.1:57540 ! R:localhost/127.0.0.1:13523] with attribute DISCARD
2023-06-06 19:04:59 INFO  BaseTest:83 - Test executed**********
19:04:59.547 [rp-io-40] DEBUG com.epam.reportportal.service.Launch - Starting test item...rp-io-40
2023-06-06 19:04:59 INFO  BaseTest:110 - Property files loaded successfully**********
19:04:59.557 [main] DEBUG io.github.bonigarcia.wdm.cache.ResolutionCache - Resolution chrome=114 in cache (valid until 19:20:28 06/06/2023 CEST)
19:04:59.557 [main] DEBUG io.github.bonigarcia.wdm.cache.ResolutionCache - Resolution chrome114=114.0.5735.90 in cache (valid until 16:16:26 07/06/2023 CEST)
19:04:59.557 [main] INFO io.github.bonigarcia.wdm.WebDriverManager - Using chromedriver 114.0.5735.90 (resolved driver for Chrome 114)
19:04:59.563 [rp-io-43] DEBUG com.epam.reportportal.service.Launch - TestItem with ID = '56d8d32d-c5a4-4043-84b3-27a0d1bd6885' successfully finished.
19:04:59.563 [rp-io-43] DEBUG com.epam.reportportal.utils.SubscriptionUtils - Finish test item completed
19:04:59.569 [main] DEBUG io.github.bonigarcia.wdm.WebDriverManager - Driver chromedriver 114.0.5735.90 found in cache
19:04:59.570 [main] INFO io.github.bonigarcia.wdm.WebDriverManager - Exporting webdriver.chrome.driver as C:\Users\Suwarna_Wagh\.cache\selenium\chromedriver\win32\114.0.5735.90\chromedriver.exe
19:04:59.571 [rp-io-40] DEBUG com.epam.reportportal.service.Launch - ReportPortal item with ID '989fa26e-0e18-4227-8682-a314c6bb7613' has been created
19:04:59.571 [rp-io-40] DEBUG com.epam.reportportal.utils.SubscriptionUtils - Start test item successfully completed
19:04:59.757 [AsyncHttpClient-1-7] DEBUG org.asynchttpclient.netty.channel.NettyConnectListener - Using new Channel '[id: 0xd0f2d75e, L:/127.0.0.1:57575 - R:localhost/127.0.0.1:31390]' for 'POST' to '/session'
19:04:59.836 [AsyncHttpClient-1-1] DEBUG org.asynchttpclient.netty.channel.DefaultChannelPool - Entry count for : http://localhost:13523 : 1
19:04:59.836 [AsyncHttpClient-1-1] DEBUG org.asynchttpclient.netty.channel.DefaultChannelPool - Entry count for : http://localhost:57542 : 1
19:04:59.836 [AsyncHttpClient-1-1] DEBUG org.asynchttpclient.netty.channel.DefaultChannelPool - Adding Candidate expired Channel [id: 0xc911cfc1, L:/127.0.0.1:57540 ! R:localhost/127.0.0.1:13523] isIdleTimeoutExpired=false isRemotelyClosed=true isTtlExpired=false
19:04:59.836 [AsyncHttpClient-1-1] DEBUG org.asynchttpclient.netty.channel.DefaultChannelPool - Closing Idle Channel [id: 0xc911cfc1, L:/127.0.0.1:57540 ! R:localhost/127.0.0.1:13523]
19:04:59.836 [AsyncHttpClient-1-1] DEBUG org.asynchttpclient.netty.channel.DefaultChannelPool - Adding Candidate expired Channel [id: 0x79f8c7d3, L:/127.0.0.1:57549 ! R:localhost/127.0.0.1:57542] isIdleTimeoutExpired=false isRemotelyClosed=true isTtlExpired=false
19:04:59.836 [AsyncHttpClient-1-1] DEBUG org.asynchttpclient.netty.channel.DefaultChannelPool - Closing Idle Channel [id: 0x79f8c7d3, L:/127.0.0.1:57549 ! R:localhost/127.0.0.1:57542]
19:04:59.836 [AsyncHttpClient-1-1] DEBUG org.asynchttpclient.netty.channel.DefaultChannelPool - Closed 2 connections out of 2 in 0 ms
19:05:00.484 [AsyncHttpClient-1-7] DEBUG org.asynchttpclient.netty.handler.HttpHandler - 

Request DefaultHttpRequest(decodeResult: success, version: HTTP/1.1)
POST /session HTTP/1.1
User-Agent: selenium/4.8.3 (java windows)
Content-Length: 439
Content-Type: application/json; charset=utf-8
host: localhost:31390
accept: */*

Response DefaultHttpResponse(decodeResult: success, version: HTTP/1.1)
HTTP/1.1 200 OK
Content-Length: 864
Content-Type: application/json; charset=utf-8
cache-control: no-cache

19:05:00.485 [AsyncHttpClient-1-7] DEBUG org.asynchttpclient.netty.channel.ChannelManager - Adding key: http://localhost:31390 for channel [id: 0xd0f2d75e, L:/127.0.0.1:57575 - R:localhost/127.0.0.1:31390]
19:05:00.489 [AsyncHttpClient-1-8] DEBUG org.asynchttpclient.netty.channel.NettyConnectListener - Using new Channel '[id: 0xd32a0d6f, L:/127.0.0.1:57582 - R:localhost/127.0.0.1:57576]' for 'GET' to '/json/version'
19:05:00.490 [AsyncHttpClient-1-8] DEBUG org.asynchttpclient.netty.handler.HttpHandler - 

Request DefaultFullHttpRequest(decodeResult: success, version: HTTP/1.1, content: EmptyByteBufBE)
GET /json/version HTTP/1.1
User-Agent: selenium/4.8.3 (java windows)
host: localhost:57576
accept: */*

Response DefaultHttpResponse(decodeResult: success, version: HTTP/1.1)
HTTP/1.1 200 OK
Content-Security-Policy: frame-ancestors 'none'
Content-Length: 424
Content-Type: application/json; charset=UTF-8

19:05:00.490 [AsyncHttpClient-1-8] DEBUG org.asynchttpclient.netty.channel.ChannelManager - Adding key: http://localhost:57576 for channel [id: 0xd32a0d6f, L:/127.0.0.1:57582 - R:localhost/127.0.0.1:57576]
19:05:00.492 [AsyncHttpClient-1-9] DEBUG org.asynchttpclient.netty.channel.NettyConnectListener - Using new Channel '[id: 0xa3d7f9d8, L:/127.0.0.1:57583 - R:localhost/127.0.0.1:57576]' for 'GET' to '/devtools/browser/63fbb23b-f467-4a02-96c8-39029847912e'
19:05:00.493 [AsyncHttpClient-1-9] DEBUG org.asynchttpclient.netty.handler.WebSocketHandler - 

Request DefaultFullHttpRequest(decodeResult: success, version: HTTP/1.1, content: EmptyByteBufBE)
GET /devtools/browser/63fbb23b-f467-4a02-96c8-39029847912e HTTP/1.1
upgrade: websocket
connection: upgrade
sec-websocket-key: D9JNgI310D0bXW0pLcdf1Q==
sec-websocket-version: 13
origin: http://localhost:57576
host: localhost:57576
accept: */*
user-agent: AHC/2.1

Response DefaultHttpResponse(decodeResult: success, version: HTTP/1.1)
HTTP/1.1 101 WebSocket Protocol Handshake
Upgrade: WebSocket
Connection: Upgrade
Sec-WebSocket-Accept: GwY40f3K34Muh65mX0CHYYlhvAA=

19:05:00.495 [Forwarding setTimeout on session b9bf6220fabf99e90bcb26f8fbc42438 to remote] DEBUG org.asynchttpclient.netty.request.NettyRequestSender - Using pooled Channel '[id: 0xd0f2d75e, L:/127.0.0.1:57575 - R:localhost/127.0.0.1:31390]' for 'POST' to 'http://localhost:31390/session/b9bf6220fabf99e90bcb26f8fbc42438/timeouts'
19:05:00.495 [Forwarding setTimeout on session b9bf6220fabf99e90bcb26f8fbc42438 to remote] DEBUG org.asynchttpclient.netty.request.NettyRequestSender - Using open Channel [id: 0xd0f2d75e, L:/127.0.0.1:57575 - R:localhost/127.0.0.1:31390] for POST '/session/b9bf6220fabf99e90bcb26f8fbc42438/timeouts'
19:05:00.497 [AsyncHttpClient-1-7] DEBUG org.asynchttpclient.netty.handler.HttpHandler - 

Request DefaultHttpRequest(decodeResult: success, version: HTTP/1.1)
POST /session/b9bf6220fabf99e90bcb26f8fbc42438/timeouts HTTP/1.1
User-Agent: selenium/4.8.3 (java windows)
Content-Length: 22
Content-Type: application/json; charset=utf-8
host: localhost:31390
accept: */*

Response DefaultHttpResponse(decodeResult: success, version: HTTP/1.1)
HTTP/1.1 200 OK
Content-Length: 14
Content-Type: application/json; charset=utf-8
cache-control: no-cache

19:05:00.497 [AsyncHttpClient-1-7] DEBUG org.asynchttpclient.netty.channel.ChannelManager - Adding key: http://localhost:31390 for channel [id: 0xd0f2d75e, L:/127.0.0.1:57575 - R:localhost/127.0.0.1:31390]
19:05:00.498 [Forwarding maximizeCurrentWindow on session b9bf6220fabf99e90bcb26f8fbc42438 to remote] DEBUG org.asynchttpclient.netty.request.NettyRequestSender - Using pooled Channel '[id: 0xd0f2d75e, L:/127.0.0.1:57575 - R:localhost/127.0.0.1:31390]' for 'POST' to 'http://localhost:31390/session/b9bf6220fabf99e90bcb26f8fbc42438/window/maximize'
19:05:00.498 [Forwarding maximizeCurrentWindow on session b9bf6220fabf99e90bcb26f8fbc42438 to remote] DEBUG org.asynchttpclient.netty.request.NettyRequestSender - Using open Channel [id: 0xd0f2d75e, L:/127.0.0.1:57575 - R:localhost/127.0.0.1:31390] for POST '/session/b9bf6220fabf99e90bcb26f8fbc42438/window/maximize'
19:05:00.621 [AsyncHttpClient-1-7] DEBUG org.asynchttpclient.netty.handler.HttpHandler - 

Request DefaultHttpRequest(decodeResult: success, version: HTTP/1.1)
POST /session/b9bf6220fabf99e90bcb26f8fbc42438/window/maximize HTTP/1.1
User-Agent: selenium/4.8.3 (java windows)
Content-Length: 3
Content-Type: application/json; charset=utf-8
host: localhost:31390
accept: */*

Response DefaultHttpResponse(decodeResult: success, version: HTTP/1.1)
HTTP/1.1 200 OK
Content-Length: 51
Content-Type: application/json; charset=utf-8
cache-control: no-cache

19:05:00.621 [AsyncHttpClient-1-7] DEBUG org.asynchttpclient.netty.channel.ChannelManager - Adding key: http://localhost:31390 for channel [id: 0xd0f2d75e, L:/127.0.0.1:57575 - R:localhost/127.0.0.1:31390]
19:05:00.622 [Forwarding get on session b9bf6220fabf99e90bcb26f8fbc42438 to remote] DEBUG org.asynchttpclient.netty.request.NettyRequestSender - Using pooled Channel '[id: 0xd0f2d75e, L:/127.0.0.1:57575 - R:localhost/127.0.0.1:31390]' for 'POST' to 'http://localhost:31390/session/b9bf6220fabf99e90bcb26f8fbc42438/url'
19:05:00.623 [Forwarding get on session b9bf6220fabf99e90bcb26f8fbc42438 to remote] DEBUG org.asynchttpclient.netty.request.NettyRequestSender - Using open Channel [id: 0xd0f2d75e, L:/127.0.0.1:57575 - R:localhost/127.0.0.1:31390] for POST '/session/b9bf6220fabf99e90bcb26f8fbc42438/url'
19:05:00.937 [AsyncHttpClient-1-1] DEBUG org.asynchttpclient.netty.channel.DefaultChannelPool - Entry count for : http://localhost:57576 : 1
19:05:01.967 [AsyncHttpClient-1-7] DEBUG org.asynchttpclient.netty.handler.HttpHandler - 

Request DefaultHttpRequest(decodeResult: success, version: HTTP/1.1)
POST /session/b9bf6220fabf99e90bcb26f8fbc42438/url HTTP/1.1
User-Agent: selenium/4.8.3 (java windows)
Content-Length: 52
Content-Type: application/json; charset=utf-8
host: localhost:31390
accept: */*

Response DefaultHttpResponse(decodeResult: success, version: HTTP/1.1)
HTTP/1.1 200 OK
Content-Length: 14
Content-Type: application/json; charset=utf-8
cache-control: no-cache

19:05:01.968 [AsyncHttpClient-1-7] DEBUG org.asynchttpclient.netty.channel.ChannelManager - Adding key: http://localhost:31390 for channel [id: 0xd0f2d75e, L:/127.0.0.1:57575 - R:localhost/127.0.0.1:31390]
2023-06-06 19:05:01 INFO  BaseTest:104 - Test driver set up done successfully**********
2023-06-06 19:05:01 INFO  BaseTest:122 - Logging in to portal
19:05:01.970 [Forwarding findElement on session b9bf6220fabf99e90bcb26f8fbc42438 to remote] DEBUG org.asynchttpclient.netty.request.NettyRequestSender - Using pooled Channel '[id: 0xd0f2d75e, L:/127.0.0.1:57575 - R:localhost/127.0.0.1:31390]' for 'POST' to 'http://localhost:31390/session/b9bf6220fabf99e90bcb26f8fbc42438/element'
19:05:01.970 [Forwarding findElement on session b9bf6220fabf99e90bcb26f8fbc42438 to remote] DEBUG org.asynchttpclient.netty.request.NettyRequestSender - Using open Channel [id: 0xd0f2d75e, L:/127.0.0.1:57575 - R:localhost/127.0.0.1:31390] for POST '/session/b9bf6220fabf99e90bcb26f8fbc42438/element'
19:05:01.983 [AsyncHttpClient-1-7] DEBUG org.asynchttpclient.netty.handler.HttpHandler - 

Request DefaultHttpRequest(decodeResult: success, version: HTTP/1.1)
POST /session/b9bf6220fabf99e90bcb26f8fbc42438/element HTTP/1.1
User-Agent: selenium/4.8.3 (java windows)
Content-Length: 59
Content-Type: application/json; charset=utf-8
host: localhost:31390
accept: */*

Response DefaultHttpResponse(decodeResult: success, version: HTTP/1.1)
HTTP/1.1 200 OK
Content-Length: 95
Content-Type: application/json; charset=utf-8
cache-control: no-cache

19:05:01.984 [AsyncHttpClient-1-7] DEBUG org.asynchttpclient.netty.channel.ChannelManager - Adding key: http://localhost:31390 for channel [id: 0xd0f2d75e, L:/127.0.0.1:57575 - R:localhost/127.0.0.1:31390]
19:05:01.985 [Forwarding clearElement on session b9bf6220fabf99e90bcb26f8fbc42438 to remote] DEBUG org.asynchttpclient.netty.request.NettyRequestSender - Using pooled Channel '[id: 0xd0f2d75e, L:/127.0.0.1:57575 - R:localhost/127.0.0.1:31390]' for 'POST' to 'http://localhost:31390/session/b9bf6220fabf99e90bcb26f8fbc42438/element/49A77F205225E72A29E1F89BAFF8299A_element_30/clear'
19:05:01.985 [Forwarding clearElement on session b9bf6220fabf99e90bcb26f8fbc42438 to remote] DEBUG org.asynchttpclient.netty.request.NettyRequestSender - Using open Channel [id: 0xd0f2d75e, L:/127.0.0.1:57575 - R:localhost/127.0.0.1:31390] for POST '/session/b9bf6220fabf99e90bcb26f8fbc42438/element/49A77F205225E72A29E1F89BAFF8299A_element_30/clear'
19:05:02.031 [AsyncHttpClient-1-7] DEBUG org.asynchttpclient.netty.handler.HttpHandler - 

Request DefaultHttpRequest(decodeResult: success, version: HTTP/1.1)
POST /session/b9bf6220fabf99e90bcb26f8fbc42438/element/49A77F205225E72A29E1F89BAFF8299A_element_30/clear HTTP/1.1
User-Agent: selenium/4.8.3 (java windows)
Content-Length: 57
Content-Type: application/json; charset=utf-8
host: localhost:31390
accept: */*

Response DefaultHttpResponse(decodeResult: success, version: HTTP/1.1)
HTTP/1.1 200 OK
Content-Length: 14
Content-Type: application/json; charset=utf-8
cache-control: no-cache

19:05:02.031 [AsyncHttpClient-1-7] DEBUG org.asynchttpclient.netty.channel.ChannelManager - Adding key: http://localhost:31390 for channel [id: 0xd0f2d75e, L:/127.0.0.1:57575 - R:localhost/127.0.0.1:31390]
19:05:02.032 [Forwarding findElement on session b9bf6220fabf99e90bcb26f8fbc42438 to remote] DEBUG org.asynchttpclient.netty.request.NettyRequestSender - Using pooled Channel '[id: 0xd0f2d75e, L:/127.0.0.1:57575 - R:localhost/127.0.0.1:31390]' for 'POST' to 'http://localhost:31390/session/b9bf6220fabf99e90bcb26f8fbc42438/element'
19:05:02.032 [Forwarding findElement on session b9bf6220fabf99e90bcb26f8fbc42438 to remote] DEBUG org.asynchttpclient.netty.request.NettyRequestSender - Using open Channel [id: 0xd0f2d75e, L:/127.0.0.1:57575 - R:localhost/127.0.0.1:31390] for POST '/session/b9bf6220fabf99e90bcb26f8fbc42438/element'
19:05:02.036 [AsyncHttpClient-1-1] DEBUG org.asynchttpclient.netty.channel.DefaultChannelPool - Entry count for : http://localhost:57576 : 1
19:05:02.041 [AsyncHttpClient-1-7] DEBUG org.asynchttpclient.netty.handler.HttpHandler - 

Request DefaultHttpRequest(decodeResult: success, version: HTTP/1.1)
POST /session/b9bf6220fabf99e90bcb26f8fbc42438/element HTTP/1.1
User-Agent: selenium/4.8.3 (java windows)
Content-Length: 59
Content-Type: application/json; charset=utf-8
host: localhost:31390
accept: */*

Response DefaultHttpResponse(decodeResult: success, version: HTTP/1.1)
HTTP/1.1 200 OK
Content-Length: 95
Content-Type: application/json; charset=utf-8
cache-control: no-cache

19:05:02.041 [AsyncHttpClient-1-7] DEBUG org.asynchttpclient.netty.channel.ChannelManager - Adding key: http://localhost:31390 for channel [id: 0xd0f2d75e, L:/127.0.0.1:57575 - R:localhost/127.0.0.1:31390]
19:05:02.043 [Forwarding sendKeysToElement on session b9bf6220fabf99e90bcb26f8fbc42438 to remote] DEBUG org.asynchttpclient.netty.request.NettyRequestSender - Using pooled Channel '[id: 0xd0f2d75e, L:/127.0.0.1:57575 - R:localhost/127.0.0.1:31390]' for 'POST' to 'http://localhost:31390/session/b9bf6220fabf99e90bcb26f8fbc42438/element/49A77F205225E72A29E1F89BAFF8299A_element_30/value'
19:05:02.043 [Forwarding sendKeysToElement on session b9bf6220fabf99e90bcb26f8fbc42438 to remote] DEBUG org.asynchttpclient.netty.request.NettyRequestSender - Using open Channel [id: 0xd0f2d75e, L:/127.0.0.1:57575 - R:localhost/127.0.0.1:31390] for POST '/session/b9bf6220fabf99e90bcb26f8fbc42438/element/49A77F205225E72A29E1F89BAFF8299A_element_30/value'
19:05:02.131 [AsyncHttpClient-1-7] DEBUG org.asynchttpclient.netty.handler.HttpHandler - 

Request DefaultHttpRequest(decodeResult: success, version: HTTP/1.1)
POST /session/b9bf6220fabf99e90bcb26f8fbc42438/element/49A77F205225E72A29E1F89BAFF8299A_element_30/value HTTP/1.1
User-Agent: selenium/4.8.3 (java windows)
Content-Length: 188
Content-Type: application/json; charset=utf-8
host: localhost:31390
accept: */*

Response DefaultHttpResponse(decodeResult: success, version: HTTP/1.1)
HTTP/1.1 200 OK
Content-Length: 14
Content-Type: application/json; charset=utf-8
cache-control: no-cache

19:05:02.131 [AsyncHttpClient-1-7] DEBUG org.asynchttpclient.netty.channel.ChannelManager - Adding key: http://localhost:31390 for channel [id: 0xd0f2d75e, L:/127.0.0.1:57575 - R:localhost/127.0.0.1:31390]
19:05:02.132 [Forwarding findElement on session b9bf6220fabf99e90bcb26f8fbc42438 to remote] DEBUG org.asynchttpclient.netty.request.NettyRequestSender - Using pooled Channel '[id: 0xd0f2d75e, L:/127.0.0.1:57575 - R:localhost/127.0.0.1:31390]' for 'POST' to 'http://localhost:31390/session/b9bf6220fabf99e90bcb26f8fbc42438/element'
19:05:02.132 [Forwarding findElement on session b9bf6220fabf99e90bcb26f8fbc42438 to remote] DEBUG org.asynchttpclient.netty.request.NettyRequestSender - Using open Channel [id: 0xd0f2d75e, L:/127.0.0.1:57575 - R:localhost/127.0.0.1:31390] for POST '/session/b9bf6220fabf99e90bcb26f8fbc42438/element'
19:05:02.150 [AsyncHttpClient-1-7] DEBUG org.asynchttpclient.netty.handler.HttpHandler - 

Request DefaultHttpRequest(decodeResult: success, version: HTTP/1.1)
POST /session/b9bf6220fabf99e90bcb26f8fbc42438/element HTTP/1.1
User-Agent: selenium/4.8.3 (java windows)
Content-Length: 62
Content-Type: application/json; charset=utf-8
host: localhost:31390
accept: */*

Response DefaultHttpResponse(decodeResult: success, version: HTTP/1.1)
HTTP/1.1 200 OK
Content-Length: 95
Content-Type: application/json; charset=utf-8
cache-control: no-cache

19:05:02.150 [AsyncHttpClient-1-7] DEBUG org.asynchttpclient.netty.channel.ChannelManager - Adding key: http://localhost:31390 for channel [id: 0xd0f2d75e, L:/127.0.0.1:57575 - R:localhost/127.0.0.1:31390]
19:05:02.152 [Forwarding clearElement on session b9bf6220fabf99e90bcb26f8fbc42438 to remote] DEBUG org.asynchttpclient.netty.request.NettyRequestSender - Using pooled Channel '[id: 0xd0f2d75e, L:/127.0.0.1:57575 - R:localhost/127.0.0.1:31390]' for 'POST' to 'http://localhost:31390/session/b9bf6220fabf99e90bcb26f8fbc42438/element/49A77F205225E72A29E1F89BAFF8299A_element_32/clear'
19:05:02.152 [Forwarding clearElement on session b9bf6220fabf99e90bcb26f8fbc42438 to remote] DEBUG org.asynchttpclient.netty.request.NettyRequestSender - Using open Channel [id: 0xd0f2d75e, L:/127.0.0.1:57575 - R:localhost/127.0.0.1:31390] for POST '/session/b9bf6220fabf99e90bcb26f8fbc42438/element/49A77F205225E72A29E1F89BAFF8299A_element_32/clear'
19:05:02.176 [AsyncHttpClient-1-7] DEBUG org.asynchttpclient.netty.handler.HttpHandler - 

Request DefaultHttpRequest(decodeResult: success, version: HTTP/1.1)
POST /session/b9bf6220fabf99e90bcb26f8fbc42438/element/49A77F205225E72A29E1F89BAFF8299A_element_32/clear HTTP/1.1
User-Agent: selenium/4.8.3 (java windows)
Content-Length: 57
Content-Type: application/json; charset=utf-8
host: localhost:31390
accept: */*

Response DefaultHttpResponse(decodeResult: success, version: HTTP/1.1)
HTTP/1.1 200 OK
Content-Length: 14
Content-Type: application/json; charset=utf-8
cache-control: no-cache

19:05:02.177 [AsyncHttpClient-1-7] DEBUG org.asynchttpclient.netty.channel.ChannelManager - Adding key: http://localhost:31390 for channel [id: 0xd0f2d75e, L:/127.0.0.1:57575 - R:localhost/127.0.0.1:31390]
19:05:02.178 [Forwarding findElement on session b9bf6220fabf99e90bcb26f8fbc42438 to remote] DEBUG org.asynchttpclient.netty.request.NettyRequestSender - Using pooled Channel '[id: 0xd0f2d75e, L:/127.0.0.1:57575 - R:localhost/127.0.0.1:31390]' for 'POST' to 'http://localhost:31390/session/b9bf6220fabf99e90bcb26f8fbc42438/element'
19:05:02.178 [Forwarding findElement on session b9bf6220fabf99e90bcb26f8fbc42438 to remote] DEBUG org.asynchttpclient.netty.request.NettyRequestSender - Using open Channel [id: 0xd0f2d75e, L:/127.0.0.1:57575 - R:localhost/127.0.0.1:31390] for POST '/session/b9bf6220fabf99e90bcb26f8fbc42438/element'
19:05:02.186 [AsyncHttpClient-1-7] DEBUG org.asynchttpclient.netty.handler.HttpHandler - 

Request DefaultHttpRequest(decodeResult: success, version: HTTP/1.1)
POST /session/b9bf6220fabf99e90bcb26f8fbc42438/element HTTP/1.1
User-Agent: selenium/4.8.3 (java windows)
Content-Length: 62
Content-Type: application/json; charset=utf-8
host: localhost:31390
accept: */*

Response DefaultHttpResponse(decodeResult: success, version: HTTP/1.1)
HTTP/1.1 200 OK
Content-Length: 95
Content-Type: application/json; charset=utf-8
cache-control: no-cache

19:05:02.186 [AsyncHttpClient-1-7] DEBUG org.asynchttpclient.netty.channel.ChannelManager - Adding key: http://localhost:31390 for channel [id: 0xd0f2d75e, L:/127.0.0.1:57575 - R:localhost/127.0.0.1:31390]
19:05:02.188 [Forwarding sendKeysToElement on session b9bf6220fabf99e90bcb26f8fbc42438 to remote] DEBUG org.asynchttpclient.netty.request.NettyRequestSender - Using pooled Channel '[id: 0xd0f2d75e, L:/127.0.0.1:57575 - R:localhost/127.0.0.1:31390]' for 'POST' to 'http://localhost:31390/session/b9bf6220fabf99e90bcb26f8fbc42438/element/49A77F205225E72A29E1F89BAFF8299A_element_32/value'
19:05:02.188 [Forwarding sendKeysToElement on session b9bf6220fabf99e90bcb26f8fbc42438 to remote] DEBUG org.asynchttpclient.netty.request.NettyRequestSender - Using open Channel [id: 0xd0f2d75e, L:/127.0.0.1:57575 - R:localhost/127.0.0.1:31390] for POST '/session/b9bf6220fabf99e90bcb26f8fbc42438/element/49A77F205225E72A29E1F89BAFF8299A_element_32/value'
19:05:02.250 [AsyncHttpClient-1-7] DEBUG org.asynchttpclient.netty.handler.HttpHandler - 

Request DefaultHttpRequest(decodeResult: success, version: HTTP/1.1)
POST /session/b9bf6220fabf99e90bcb26f8fbc42438/element/49A77F205225E72A29E1F89BAFF8299A_element_32/value HTTP/1.1
User-Agent: selenium/4.8.3 (java windows)
Content-Length: 148
Content-Type: application/json; charset=utf-8
host: localhost:31390
accept: */*

Response DefaultHttpResponse(decodeResult: success, version: HTTP/1.1)
HTTP/1.1 200 OK
Content-Length: 14
Content-Type: application/json; charset=utf-8
cache-control: no-cache

19:05:02.250 [AsyncHttpClient-1-7] DEBUG org.asynchttpclient.netty.channel.ChannelManager - Adding key: http://localhost:31390 for channel [id: 0xd0f2d75e, L:/127.0.0.1:57575 - R:localhost/127.0.0.1:31390]
19:05:02.251 [Forwarding findElement on session b9bf6220fabf99e90bcb26f8fbc42438 to remote] DEBUG org.asynchttpclient.netty.request.NettyRequestSender - Using pooled Channel '[id: 0xd0f2d75e, L:/127.0.0.1:57575 - R:localhost/127.0.0.1:31390]' for 'POST' to 'http://localhost:31390/session/b9bf6220fabf99e90bcb26f8fbc42438/element'
19:05:02.251 [Forwarding findElement on session b9bf6220fabf99e90bcb26f8fbc42438 to remote] DEBUG org.asynchttpclient.netty.request.NettyRequestSender - Using open Channel [id: 0xd0f2d75e, L:/127.0.0.1:57575 - R:localhost/127.0.0.1:31390] for POST '/session/b9bf6220fabf99e90bcb26f8fbc42438/element'
19:05:02.263 [AsyncHttpClient-1-7] DEBUG org.asynchttpclient.netty.handler.HttpHandler - 

Request DefaultHttpRequest(decodeResult: success, version: HTTP/1.1)
POST /session/b9bf6220fabf99e90bcb26f8fbc42438/element HTTP/1.1
User-Agent: selenium/4.8.3 (java windows)
Content-Length: 71
Content-Type: application/json; charset=utf-8
host: localhost:31390
accept: */*

Response DefaultHttpResponse(decodeResult: success, version: HTTP/1.1)
HTTP/1.1 200 OK
Content-Length: 95
Content-Type: application/json; charset=utf-8
cache-control: no-cache

19:05:02.263 [AsyncHttpClient-1-7] DEBUG org.asynchttpclient.netty.channel.ChannelManager - Adding key: http://localhost:31390 for channel [id: 0xd0f2d75e, L:/127.0.0.1:57575 - R:localhost/127.0.0.1:31390]
19:05:02.264 [Forwarding clickElement on session b9bf6220fabf99e90bcb26f8fbc42438 to remote] DEBUG org.asynchttpclient.netty.request.NettyRequestSender - Using pooled Channel '[id: 0xd0f2d75e, L:/127.0.0.1:57575 - R:localhost/127.0.0.1:31390]' for 'POST' to 'http://localhost:31390/session/b9bf6220fabf99e90bcb26f8fbc42438/element/49A77F205225E72A29E1F89BAFF8299A_element_33/click'
19:05:02.264 [Forwarding clickElement on session b9bf6220fabf99e90bcb26f8fbc42438 to remote] DEBUG org.asynchttpclient.netty.request.NettyRequestSender - Using open Channel [id: 0xd0f2d75e, L:/127.0.0.1:57575 - R:localhost/127.0.0.1:31390] for POST '/session/b9bf6220fabf99e90bcb26f8fbc42438/element/49A77F205225E72A29E1F89BAFF8299A_element_33/click'
19:05:02.310 [AsyncHttpClient-1-7] DEBUG org.asynchttpclient.netty.handler.HttpHandler - 

Request DefaultHttpRequest(decodeResult: success, version: HTTP/1.1)
POST /session/b9bf6220fabf99e90bcb26f8fbc42438/element/49A77F205225E72A29E1F89BAFF8299A_element_33/click HTTP/1.1
User-Agent: selenium/4.8.3 (java windows)
Content-Length: 57
Content-Type: application/json; charset=utf-8
host: localhost:31390
accept: */*

Response DefaultHttpResponse(decodeResult: success, version: HTTP/1.1)
HTTP/1.1 200 OK
Content-Length: 14
Content-Type: application/json; charset=utf-8
cache-control: no-cache

19:05:02.311 [AsyncHttpClient-1-7] DEBUG org.asynchttpclient.netty.channel.ChannelManager - Adding key: http://localhost:31390 for channel [id: 0xd0f2d75e, L:/127.0.0.1:57575 - R:localhost/127.0.0.1:31390]
2023-06-06 19:05:02 INFO  BaseTest:126 - Logged in
2023-06-06 19:05:02 INFO  Listeners:34 - Started Test null
19:05:02.314 [Forwarding findElement on session b9bf6220fabf99e90bcb26f8fbc42438 to remote] DEBUG org.asynchttpclient.netty.request.NettyRequestSender - Using pooled Channel '[id: 0xd0f2d75e, L:/127.0.0.1:57575 - R:localhost/127.0.0.1:31390]' for 'POST' to 'http://localhost:31390/session/b9bf6220fabf99e90bcb26f8fbc42438/element'
19:05:02.314 [rp-io-47] DEBUG com.epam.reportportal.service.Launch - Starting test item...rp-io-47
19:05:02.314 [Forwarding findElement on session b9bf6220fabf99e90bcb26f8fbc42438 to remote] DEBUG org.asynchttpclient.netty.request.NettyRequestSender - Using open Channel [id: 0xd0f2d75e, L:/127.0.0.1:57575 - R:localhost/127.0.0.1:31390] for POST '/session/b9bf6220fabf99e90bcb26f8fbc42438/element'
19:05:02.329 [rp-io-48] DEBUG com.epam.reportportal.service.Launch - TestItem with ID = '989fa26e-0e18-4227-8682-a314c6bb7613' successfully finished.
19:05:02.329 [rp-io-48] DEBUG com.epam.reportportal.utils.SubscriptionUtils - Finish test item completed
19:05:02.338 [rp-io-47] DEBUG com.epam.reportportal.service.Launch - ReportPortal item with ID 'cbc01e0b-67f3-432d-85a0-2f392acf9211' has been created
19:05:02.338 [rp-io-47] DEBUG com.epam.reportportal.utils.SubscriptionUtils - Start test item successfully completed
19:05:02.661 [AsyncHttpClient-1-7] DEBUG org.asynchttpclient.netty.handler.HttpHandler - 

Request DefaultHttpRequest(decodeResult: success, version: HTTP/1.1)
POST /session/b9bf6220fabf99e90bcb26f8fbc42438/element HTTP/1.1
User-Agent: selenium/4.8.3 (java windows)
Content-Length: 168
Content-Type: application/json; charset=utf-8
host: localhost:31390
accept: */*

Response DefaultHttpResponse(decodeResult: success, version: HTTP/1.1)
HTTP/1.1 200 OK
Content-Length: 95
Content-Type: application/json; charset=utf-8
cache-control: no-cache

19:05:02.661 [AsyncHttpClient-1-7] DEBUG org.asynchttpclient.netty.channel.ChannelManager - Adding key: http://localhost:31390 for channel [id: 0xd0f2d75e, L:/127.0.0.1:57575 - R:localhost/127.0.0.1:31390]
19:05:02.663 [Forwarding clickElement on session b9bf6220fabf99e90bcb26f8fbc42438 to remote] DEBUG org.asynchttpclient.netty.request.NettyRequestSender - Using pooled Channel '[id: 0xd0f2d75e, L:/127.0.0.1:57575 - R:localhost/127.0.0.1:31390]' for 'POST' to 'http://localhost:31390/session/b9bf6220fabf99e90bcb26f8fbc42438/element/49A77F205225E72A29E1F89BAFF8299A_element_38/click'
19:05:02.663 [Forwarding clickElement on session b9bf6220fabf99e90bcb26f8fbc42438 to remote] DEBUG org.asynchttpclient.netty.request.NettyRequestSender - Using open Channel [id: 0xd0f2d75e, L:/127.0.0.1:57575 - R:localhost/127.0.0.1:31390] for POST '/session/b9bf6220fabf99e90bcb26f8fbc42438/element/49A77F205225E72A29E1F89BAFF8299A_element_38/click'
19:05:02.813 [AsyncHttpClient-1-7] DEBUG org.asynchttpclient.netty.handler.HttpHandler - 

Request DefaultHttpRequest(decodeResult: success, version: HTTP/1.1)
POST /session/b9bf6220fabf99e90bcb26f8fbc42438/element/49A77F205225E72A29E1F89BAFF8299A_element_38/click HTTP/1.1
User-Agent: selenium/4.8.3 (java windows)
Content-Length: 57
Content-Type: application/json; charset=utf-8
host: localhost:31390
accept: */*

Response DefaultHttpResponse(decodeResult: success, version: HTTP/1.1)
HTTP/1.1 200 OK
Content-Length: 14
Content-Type: application/json; charset=utf-8
cache-control: no-cache

19:05:02.813 [AsyncHttpClient-1-7] DEBUG org.asynchttpclient.netty.channel.ChannelManager - Adding key: http://localhost:31390 for channel [id: 0xd0f2d75e, L:/127.0.0.1:57575 - R:localhost/127.0.0.1:31390]
19:05:02.815 [Forwarding findElement on session b9bf6220fabf99e90bcb26f8fbc42438 to remote] DEBUG org.asynchttpclient.netty.request.NettyRequestSender - Using pooled Channel '[id: 0xd0f2d75e, L:/127.0.0.1:57575 - R:localhost/127.0.0.1:31390]' for 'POST' to 'http://localhost:31390/session/b9bf6220fabf99e90bcb26f8fbc42438/element'
19:05:02.815 [Forwarding findElement on session b9bf6220fabf99e90bcb26f8fbc42438 to remote] DEBUG org.asynchttpclient.netty.request.NettyRequestSender - Using open Channel [id: 0xd0f2d75e, L:/127.0.0.1:57575 - R:localhost/127.0.0.1:31390] for POST '/session/b9bf6220fabf99e90bcb26f8fbc42438/element'
19:05:03.137 [AsyncHttpClient-1-1] DEBUG org.asynchttpclient.netty.channel.DefaultChannelPool - Entry count for : http://localhost:57576 : 1
19:05:03.279 [AsyncHttpClient-1-7] DEBUG org.asynchttpclient.netty.handler.HttpHandler - 

Request DefaultHttpRequest(decodeResult: success, version: HTTP/1.1)
POST /session/b9bf6220fabf99e90bcb26f8fbc42438/element HTTP/1.1
User-Agent: selenium/4.8.3 (java windows)
Content-Length: 84
Content-Type: application/json; charset=utf-8
host: localhost:31390
accept: */*

Response DefaultHttpResponse(decodeResult: success, version: HTTP/1.1)
HTTP/1.1 200 OK
Content-Length: 95
Content-Type: application/json; charset=utf-8
cache-control: no-cache

19:05:03.279 [AsyncHttpClient-1-7] DEBUG org.asynchttpclient.netty.channel.ChannelManager - Adding key: http://localhost:31390 for channel [id: 0xd0f2d75e, L:/127.0.0.1:57575 - R:localhost/127.0.0.1:31390]
19:05:03.280 [Forwarding executeScript on session b9bf6220fabf99e90bcb26f8fbc42438 to remote] DEBUG org.asynchttpclient.netty.request.NettyRequestSender - Using pooled Channel '[id: 0xd0f2d75e, L:/127.0.0.1:57575 - R:localhost/127.0.0.1:31390]' for 'POST' to 'http://localhost:31390/session/b9bf6220fabf99e90bcb26f8fbc42438/execute/sync'
19:05:03.280 [Forwarding executeScript on session b9bf6220fabf99e90bcb26f8fbc42438 to remote] DEBUG org.asynchttpclient.netty.request.NettyRequestSender - Using open Channel [id: 0xd0f2d75e, L:/127.0.0.1:57575 - R:localhost/127.0.0.1:31390] for POST '/session/b9bf6220fabf99e90bcb26f8fbc42438/execute/sync'
19:05:03.287 [AsyncHttpClient-1-7] DEBUG org.asynchttpclient.netty.handler.HttpHandler - 

Request DefaultHttpRequest(decodeResult: success, version: HTTP/1.1)
POST /session/b9bf6220fabf99e90bcb26f8fbc42438/execute/sync HTTP/1.1
User-Agent: selenium/4.8.3 (java windows)
Content-Length: 232
Content-Type: application/json; charset=utf-8
host: localhost:31390
accept: */*

Response DefaultHttpResponse(decodeResult: success, version: HTTP/1.1)
HTTP/1.1 200 OK
Content-Length: 14
Content-Type: application/json; charset=utf-8
cache-control: no-cache

19:05:03.288 [AsyncHttpClient-1-7] DEBUG org.asynchttpclient.netty.channel.ChannelManager - Adding key: http://localhost:31390 for channel [id: 0xd0f2d75e, L:/127.0.0.1:57575 - R:localhost/127.0.0.1:31390]
19:05:03.288 [Forwarding findElement on session b9bf6220fabf99e90bcb26f8fbc42438 to remote] DEBUG org.asynchttpclient.netty.request.NettyRequestSender - Using pooled Channel '[id: 0xd0f2d75e, L:/127.0.0.1:57575 - R:localhost/127.0.0.1:31390]' for 'POST' to 'http://localhost:31390/session/b9bf6220fabf99e90bcb26f8fbc42438/element'
19:05:03.289 [Forwarding findElement on session b9bf6220fabf99e90bcb26f8fbc42438 to remote] DEBUG org.asynchttpclient.netty.request.NettyRequestSender - Using open Channel [id: 0xd0f2d75e, L:/127.0.0.1:57575 - R:localhost/127.0.0.1:31390] for POST '/session/b9bf6220fabf99e90bcb26f8fbc42438/element'
19:05:03.300 [AsyncHttpClient-1-7] DEBUG org.asynchttpclient.netty.handler.HttpHandler - 

Request DefaultHttpRequest(decodeResult: success, version: HTTP/1.1)
POST /session/b9bf6220fabf99e90bcb26f8fbc42438/element HTTP/1.1
User-Agent: selenium/4.8.3 (java windows)
Content-Length: 84
Content-Type: application/json; charset=utf-8
host: localhost:31390
accept: */*

Response DefaultHttpResponse(decodeResult: success, version: HTTP/1.1)
HTTP/1.1 200 OK
Content-Length: 95
Content-Type: application/json; charset=utf-8
cache-control: no-cache

19:05:03.300 [AsyncHttpClient-1-7] DEBUG org.asynchttpclient.netty.channel.ChannelManager - Adding key: http://localhost:31390 for channel [id: 0xd0f2d75e, L:/127.0.0.1:57575 - R:localhost/127.0.0.1:31390]
19:05:03.304 [Forwarding isElementDisplayed on session b9bf6220fabf99e90bcb26f8fbc42438 to remote] DEBUG org.asynchttpclient.netty.request.NettyRequestSender - Using pooled Channel '[id: 0xd0f2d75e, L:/127.0.0.1:57575 - R:localhost/127.0.0.1:31390]' for 'POST' to 'http://localhost:31390/session/b9bf6220fabf99e90bcb26f8fbc42438/execute/sync'
19:05:03.304 [Forwarding isElementDisplayed on session b9bf6220fabf99e90bcb26f8fbc42438 to remote] DEBUG org.asynchttpclient.netty.request.NettyRequestSender - Using open Channel [id: 0xd0f2d75e, L:/127.0.0.1:57575 - R:localhost/127.0.0.1:31390] for POST '/session/b9bf6220fabf99e90bcb26f8fbc42438/execute/sync'
19:05:03.323 [AsyncHttpClient-1-7] DEBUG org.asynchttpclient.netty.handler.HttpHandler - 

Request DefaultHttpRequest(decodeResult: success, version: HTTP/1.1)
POST /session/b9bf6220fabf99e90bcb26f8fbc42438/execute/sync HTTP/1.1
User-Agent: selenium/4.8.3 (java windows)
Content-Length: 48814
Content-Type: application/json; charset=utf-8
host: localhost:31390
accept: */*

Response DefaultHttpResponse(decodeResult: success, version: HTTP/1.1)
HTTP/1.1 200 OK
Content-Length: 14
Content-Type: application/json; charset=utf-8
cache-control: no-cache

19:05:03.323 [AsyncHttpClient-1-7] DEBUG org.asynchttpclient.netty.channel.ChannelManager - Adding key: http://localhost:31390 for channel [id: 0xd0f2d75e, L:/127.0.0.1:57575 - R:localhost/127.0.0.1:31390]
2023-06-06 19:05:03 INFO  Listeners:38 - Succeeded Test null
]]></system-out>
    <system-err><![CDATA[Starting ChromeDriver 114.0.5735.90 (386bc09e8f4f2e025eddae123f36f6263096ae49-refs/branch-heads/5735@{#1052}) on port 31390
Only local connections are allowed.
Please see https://chromedriver.chromium.org/security-considerations for suggestions on keeping ChromeDriver safe.
ChromeDriver was started successfully.
Jun 06, 2023 7:05:00 PM org.openqa.selenium.devtools.CdpVersionFinder findNearestMatch
WARNING: Unable to find an exact match for CDP version 114, so returning the closest version found: 111
]]></system-err>
  </testcase>
  <testcase name="searchDashboardNameDP[OVERALL STATISTICS DONUT](9)" classname="alltests.uitest.coreTest.DashboardPageTest" time="1.119">
    <system-out><![CDATA[19:05:03.326 [rp-io-53] DEBUG com.epam.reportportal.service.Launch - Starting test item...rp-io-53
19:05:03.327 [AsyncHttpClient-1-9] DEBUG org.asynchttpclient.netty.handler.WebSocketHandler - Channel Closed: [id: 0xa3d7f9d8, L:/127.0.0.1:57583 ! R:localhost/127.0.0.1:57576] with attribute NettyResponseFuture{currentRetry=0,
	isDone=1,
	isCancelled=0,
	asyncHandler=org.asynchttpclient.ws.WebSocketUpgradeHandler@1da16d13,
	nettyRequest=org.asynchttpclient.netty.request.NettyRequest@5f35a2c0,
	future=java.util.concurrent.CompletableFuture@4ce81e7e[Completed normally],
	uri=ws://localhost:57576/devtools/browser/63fbb23b-f467-4a02-96c8-39029847912e,
	keepAlive=true,
	redirectCount=0,
	timeoutsHolder=null,
	inAuth=0,
	touch=1686071100493}
19:05:03.327 [AsyncHttpClient-1-9] DEBUG org.asynchttpclient.netty.channel.ChannelManager - Closing Channel [id: 0xa3d7f9d8, L:/127.0.0.1:57583 ! R:localhost/127.0.0.1:57576] 
19:05:03.328 [Driver Command Executor] DEBUG org.asynchttpclient.netty.request.NettyRequestSender - Using pooled Channel '[id: 0xd0f2d75e, L:/127.0.0.1:57575 - R:localhost/127.0.0.1:31390]' for 'DELETE' to 'http://localhost:31390/session/b9bf6220fabf99e90bcb26f8fbc42438'
19:05:03.328 [Driver Command Executor] DEBUG org.asynchttpclient.netty.request.NettyRequestSender - Using open Channel [id: 0xd0f2d75e, L:/127.0.0.1:57575 - R:localhost/127.0.0.1:31390] for DELETE '/session/b9bf6220fabf99e90bcb26f8fbc42438'
19:05:03.347 [rp-io-55] DEBUG com.epam.reportportal.service.Launch - TestItem with ID = 'cbc01e0b-67f3-432d-85a0-2f392acf9211' successfully finished.
19:05:03.347 [rp-io-55] DEBUG com.epam.reportportal.utils.SubscriptionUtils - Finish test item completed
19:05:03.366 [rp-io-53] DEBUG com.epam.reportportal.service.Launch - ReportPortal item with ID 'f8371b8b-80a3-4b31-9e5f-9ffead52a42a' has been created
19:05:03.366 [rp-io-53] DEBUG com.epam.reportportal.utils.SubscriptionUtils - Start test item successfully completed
19:05:03.397 [AsyncHttpClient-1-8] DEBUG org.asynchttpclient.netty.handler.HttpHandler - Unexpected I/O exception on channel [id: 0xd32a0d6f, L:/127.0.0.1:57582 - R:localhost/127.0.0.1:57576]
java.net.SocketException: Connection reset
	at java.base/sun.nio.ch.SocketChannelImpl.throwConnectionReset(SocketChannelImpl.java:394)
	at java.base/sun.nio.ch.SocketChannelImpl.read(SocketChannelImpl.java:426)
	at io.netty.buffer.PooledByteBuf.setBytes(PooledByteBuf.java:256)
	at io.netty.buffer.AbstractByteBuf.writeBytes(AbstractByteBuf.java:1132)
	at io.netty.channel.socket.nio.NioSocketChannel.doReadBytes(NioSocketChannel.java:357)
	at io.netty.channel.nio.AbstractNioByteChannel$NioByteUnsafe.read(AbstractNioByteChannel.java:151)
	at io.netty.channel.nio.NioEventLoop.processSelectedKey(NioEventLoop.java:788)
	at io.netty.channel.nio.NioEventLoop.processSelectedKeysOptimized(NioEventLoop.java:724)
	at io.netty.channel.nio.NioEventLoop.processSelectedKeys(NioEventLoop.java:650)
	at io.netty.channel.nio.NioEventLoop.run(NioEventLoop.java:562)
	at io.netty.util.concurrent.SingleThreadEventExecutor$4.run(SingleThreadEventExecutor.java:997)
	at io.netty.util.internal.ThreadExecutorMap$2.run(ThreadExecutorMap.java:74)
	at io.netty.util.concurrent.FastThreadLocalRunnable.run(FastThreadLocalRunnable.java:30)
	at java.base/java.lang.Thread.run(Thread.java:833)
19:05:03.397 [AsyncHttpClient-1-8] DEBUG org.asynchttpclient.netty.channel.ChannelManager - Closing Channel [id: 0xd32a0d6f, L:/127.0.0.1:57582 - R:localhost/127.0.0.1:57576] 
19:05:03.397 [AsyncHttpClient-1-8] DEBUG org.asynchttpclient.netty.handler.HttpHandler - Channel Closed: [id: 0xd32a0d6f, L:/127.0.0.1:57582 ! R:localhost/127.0.0.1:57576] with attribute DISCARD
19:05:03.432 [AsyncHttpClient-1-7] DEBUG org.asynchttpclient.netty.handler.HttpHandler - 

Request DefaultFullHttpRequest(decodeResult: success, version: HTTP/1.1, content: EmptyByteBufBE)
DELETE /session/b9bf6220fabf99e90bcb26f8fbc42438 HTTP/1.1
User-Agent: selenium/4.8.3 (java windows)
Content-Type: application/json; charset=utf-8
host: localhost:31390
accept: */*

Response DefaultHttpResponse(decodeResult: success, version: HTTP/1.1)
HTTP/1.1 200 OK
Content-Length: 14
Content-Type: application/json; charset=utf-8
cache-control: no-cache

19:05:03.432 [AsyncHttpClient-1-7] DEBUG org.asynchttpclient.netty.channel.ChannelManager - Adding key: http://localhost:31390 for channel [id: 0xd0f2d75e, L:/127.0.0.1:57575 - R:localhost/127.0.0.1:31390]
19:05:03.480 [AsyncHttpClient-1-7] DEBUG org.asynchttpclient.netty.handler.HttpHandler - Channel Closed: [id: 0xd0f2d75e, L:/127.0.0.1:57575 ! R:localhost/127.0.0.1:31390] with attribute DISCARD
2023-06-06 19:05:03 INFO  BaseTest:83 - Test executed**********
19:05:03.559 [rp-io-57] DEBUG com.epam.reportportal.service.Launch - Starting test item...rp-io-57
2023-06-06 19:05:03 INFO  BaseTest:110 - Property files loaded successfully**********
19:05:03.574 [main] DEBUG io.github.bonigarcia.wdm.cache.ResolutionCache - Resolution chrome=114 in cache (valid until 19:20:28 06/06/2023 CEST)
19:05:03.575 [main] DEBUG io.github.bonigarcia.wdm.cache.ResolutionCache - Resolution chrome114=114.0.5735.90 in cache (valid until 16:16:26 07/06/2023 CEST)
19:05:03.575 [main] INFO io.github.bonigarcia.wdm.WebDriverManager - Using chromedriver 114.0.5735.90 (resolved driver for Chrome 114)
19:05:03.577 [rp-io-60] DEBUG com.epam.reportportal.service.Launch - TestItem with ID = 'f8371b8b-80a3-4b31-9e5f-9ffead52a42a' successfully finished.
19:05:03.577 [rp-io-60] DEBUG com.epam.reportportal.utils.SubscriptionUtils - Finish test item completed
19:05:03.580 [rp-io-63] DEBUG com.epam.reportportal.service.Launch - ReportPortal item with ID 'c6f7cf09-0537-4b8c-ba08-8d13bb195f40' has been created
19:05:03.580 [rp-io-63] DEBUG com.epam.reportportal.utils.SubscriptionUtils - Start test item successfully completed
19:05:03.583 [main] DEBUG io.github.bonigarcia.wdm.WebDriverManager - Driver chromedriver 114.0.5735.90 found in cache
19:05:03.584 [main] INFO io.github.bonigarcia.wdm.WebDriverManager - Exporting webdriver.chrome.driver as C:\Users\Suwarna_Wagh\.cache\selenium\chromedriver\win32\114.0.5735.90\chromedriver.exe
19:05:03.788 [AsyncHttpClient-1-10] DEBUG org.asynchttpclient.netty.channel.NettyConnectListener - Using new Channel '[id: 0x9c253c1e, L:/127.0.0.1:57608 - R:localhost/127.0.0.1:15704]' for 'POST' to '/session'
19:05:04.236 [AsyncHttpClient-1-1] DEBUG org.asynchttpclient.netty.channel.DefaultChannelPool - Entry count for : http://localhost:31390 : 1
19:05:04.236 [AsyncHttpClient-1-1] DEBUG org.asynchttpclient.netty.channel.DefaultChannelPool - Entry count for : http://localhost:57576 : 1
19:05:04.236 [AsyncHttpClient-1-1] DEBUG org.asynchttpclient.netty.channel.DefaultChannelPool - Adding Candidate expired Channel [id: 0xd0f2d75e, L:/127.0.0.1:57575 ! R:localhost/127.0.0.1:31390] isIdleTimeoutExpired=false isRemotelyClosed=true isTtlExpired=false
19:05:04.236 [AsyncHttpClient-1-1] DEBUG org.asynchttpclient.netty.channel.DefaultChannelPool - Closing Idle Channel [id: 0xd0f2d75e, L:/127.0.0.1:57575 ! R:localhost/127.0.0.1:31390]
19:05:04.236 [AsyncHttpClient-1-1] DEBUG org.asynchttpclient.netty.channel.DefaultChannelPool - Adding Candidate expired Channel [id: 0xd32a0d6f, L:/127.0.0.1:57582 ! R:localhost/127.0.0.1:57576] isIdleTimeoutExpired=false isRemotelyClosed=true isTtlExpired=false
19:05:04.236 [AsyncHttpClient-1-1] DEBUG org.asynchttpclient.netty.channel.DefaultChannelPool - Closing Idle Channel [id: 0xd32a0d6f, L:/127.0.0.1:57582 ! R:localhost/127.0.0.1:57576]
19:05:04.236 [AsyncHttpClient-1-1] DEBUG org.asynchttpclient.netty.channel.DefaultChannelPool - Closed 2 connections out of 2 in 0 ms
19:05:04.644 [AsyncHttpClient-1-10] DEBUG org.asynchttpclient.netty.handler.HttpHandler - 

Request DefaultHttpRequest(decodeResult: success, version: HTTP/1.1)
POST /session HTTP/1.1
User-Agent: selenium/4.8.3 (java windows)
Content-Length: 439
Content-Type: application/json; charset=utf-8
host: localhost:15704
accept: */*

Response DefaultHttpResponse(decodeResult: success, version: HTTP/1.1)
HTTP/1.1 200 OK
Content-Length: 864
Content-Type: application/json; charset=utf-8
cache-control: no-cache

19:05:04.644 [AsyncHttpClient-1-10] DEBUG org.asynchttpclient.netty.channel.ChannelManager - Adding key: http://localhost:15704 for channel [id: 0x9c253c1e, L:/127.0.0.1:57608 - R:localhost/127.0.0.1:15704]
19:05:04.651 [AsyncHttpClient-1-11] DEBUG org.asynchttpclient.netty.channel.NettyConnectListener - Using new Channel '[id: 0xe79f3ac2, L:/127.0.0.1:57616 - R:localhost/127.0.0.1:57609]' for 'GET' to '/json/version'
19:05:04.651 [AsyncHttpClient-1-11] DEBUG org.asynchttpclient.netty.handler.HttpHandler - 

Request DefaultFullHttpRequest(decodeResult: success, version: HTTP/1.1, content: EmptyByteBufBE)
GET /json/version HTTP/1.1
User-Agent: selenium/4.8.3 (java windows)
host: localhost:57609
accept: */*

Response DefaultHttpResponse(decodeResult: success, version: HTTP/1.1)
HTTP/1.1 200 OK
Content-Security-Policy: frame-ancestors 'none'
Content-Length: 424
Content-Type: application/json; charset=UTF-8

19:05:04.651 [AsyncHttpClient-1-11] DEBUG org.asynchttpclient.netty.channel.ChannelManager - Adding key: http://localhost:57609 for channel [id: 0xe79f3ac2, L:/127.0.0.1:57616 - R:localhost/127.0.0.1:57609]
19:05:04.653 [AsyncHttpClient-1-12] DEBUG org.asynchttpclient.netty.channel.NettyConnectListener - Using new Channel '[id: 0x933c5665, L:/127.0.0.1:57617 - R:localhost/127.0.0.1:57609]' for 'GET' to '/devtools/browser/e9e9effa-99e9-459d-b5ee-7b7766a922e2'
19:05:04.654 [AsyncHttpClient-1-12] DEBUG org.asynchttpclient.netty.handler.WebSocketHandler - 

Request DefaultFullHttpRequest(decodeResult: success, version: HTTP/1.1, content: EmptyByteBufBE)
GET /devtools/browser/e9e9effa-99e9-459d-b5ee-7b7766a922e2 HTTP/1.1
upgrade: websocket
connection: upgrade
sec-websocket-key: 4kHuZcXvO9hRJKP2npFUAw==
sec-websocket-version: 13
origin: http://localhost:57609
host: localhost:57609
accept: */*
user-agent: AHC/2.1

Response DefaultHttpResponse(decodeResult: success, version: HTTP/1.1)
HTTP/1.1 101 WebSocket Protocol Handshake
Upgrade: WebSocket
Connection: Upgrade
Sec-WebSocket-Accept: GCWTH4uxR16praKl9ngFxDAyAVE=

19:05:04.659 [Forwarding setTimeout on session 4f7bff5e73766be37f2eb554fb709b68 to remote] DEBUG org.asynchttpclient.netty.request.NettyRequestSender - Using pooled Channel '[id: 0x9c253c1e, L:/127.0.0.1:57608 - R:localhost/127.0.0.1:15704]' for 'POST' to 'http://localhost:15704/session/4f7bff5e73766be37f2eb554fb709b68/timeouts'
19:05:04.659 [Forwarding setTimeout on session 4f7bff5e73766be37f2eb554fb709b68 to remote] DEBUG org.asynchttpclient.netty.request.NettyRequestSender - Using open Channel [id: 0x9c253c1e, L:/127.0.0.1:57608 - R:localhost/127.0.0.1:15704] for POST '/session/4f7bff5e73766be37f2eb554fb709b68/timeouts'
19:05:04.660 [AsyncHttpClient-1-10] DEBUG org.asynchttpclient.netty.handler.HttpHandler - 

Request DefaultHttpRequest(decodeResult: success, version: HTTP/1.1)
POST /session/4f7bff5e73766be37f2eb554fb709b68/timeouts HTTP/1.1
User-Agent: selenium/4.8.3 (java windows)
Content-Length: 22
Content-Type: application/json; charset=utf-8
host: localhost:15704
accept: */*

Response DefaultHttpResponse(decodeResult: success, version: HTTP/1.1)
HTTP/1.1 200 OK
Content-Length: 14
Content-Type: application/json; charset=utf-8
cache-control: no-cache

19:05:04.660 [AsyncHttpClient-1-10] DEBUG org.asynchttpclient.netty.channel.ChannelManager - Adding key: http://localhost:15704 for channel [id: 0x9c253c1e, L:/127.0.0.1:57608 - R:localhost/127.0.0.1:15704]
19:05:04.661 [Forwarding maximizeCurrentWindow on session 4f7bff5e73766be37f2eb554fb709b68 to remote] DEBUG org.asynchttpclient.netty.request.NettyRequestSender - Using pooled Channel '[id: 0x9c253c1e, L:/127.0.0.1:57608 - R:localhost/127.0.0.1:15704]' for 'POST' to 'http://localhost:15704/session/4f7bff5e73766be37f2eb554fb709b68/window/maximize'
19:05:04.661 [Forwarding maximizeCurrentWindow on session 4f7bff5e73766be37f2eb554fb709b68 to remote] DEBUG org.asynchttpclient.netty.request.NettyRequestSender - Using open Channel [id: 0x9c253c1e, L:/127.0.0.1:57608 - R:localhost/127.0.0.1:15704] for POST '/session/4f7bff5e73766be37f2eb554fb709b68/window/maximize'
19:05:04.778 [AsyncHttpClient-1-10] DEBUG org.asynchttpclient.netty.handler.HttpHandler - 

Request DefaultHttpRequest(decodeResult: success, version: HTTP/1.1)
POST /session/4f7bff5e73766be37f2eb554fb709b68/window/maximize HTTP/1.1
User-Agent: selenium/4.8.3 (java windows)
Content-Length: 3
Content-Type: application/json; charset=utf-8
host: localhost:15704
accept: */*

Response DefaultHttpResponse(decodeResult: success, version: HTTP/1.1)
HTTP/1.1 200 OK
Content-Length: 51
Content-Type: application/json; charset=utf-8
cache-control: no-cache

19:05:04.779 [AsyncHttpClient-1-10] DEBUG org.asynchttpclient.netty.channel.ChannelManager - Adding key: http://localhost:15704 for channel [id: 0x9c253c1e, L:/127.0.0.1:57608 - R:localhost/127.0.0.1:15704]
19:05:04.780 [Forwarding get on session 4f7bff5e73766be37f2eb554fb709b68 to remote] DEBUG org.asynchttpclient.netty.request.NettyRequestSender - Using pooled Channel '[id: 0x9c253c1e, L:/127.0.0.1:57608 - R:localhost/127.0.0.1:15704]' for 'POST' to 'http://localhost:15704/session/4f7bff5e73766be37f2eb554fb709b68/url'
19:05:04.780 [Forwarding get on session 4f7bff5e73766be37f2eb554fb709b68 to remote] DEBUG org.asynchttpclient.netty.request.NettyRequestSender - Using open Channel [id: 0x9c253c1e, L:/127.0.0.1:57608 - R:localhost/127.0.0.1:15704] for POST '/session/4f7bff5e73766be37f2eb554fb709b68/url'
19:05:05.337 [AsyncHttpClient-1-1] DEBUG org.asynchttpclient.netty.channel.DefaultChannelPool - Entry count for : http://localhost:57609 : 1
19:05:06.436 [AsyncHttpClient-1-1] DEBUG org.asynchttpclient.netty.channel.DefaultChannelPool - Entry count for : http://localhost:57609 : 1
19:05:06.455 [AsyncHttpClient-1-10] DEBUG org.asynchttpclient.netty.handler.HttpHandler - 

Request DefaultHttpRequest(decodeResult: success, version: HTTP/1.1)
POST /session/4f7bff5e73766be37f2eb554fb709b68/url HTTP/1.1
User-Agent: selenium/4.8.3 (java windows)
Content-Length: 52
Content-Type: application/json; charset=utf-8
host: localhost:15704
accept: */*

Response DefaultHttpResponse(decodeResult: success, version: HTTP/1.1)
HTTP/1.1 200 OK
Content-Length: 14
Content-Type: application/json; charset=utf-8
cache-control: no-cache

19:05:06.456 [AsyncHttpClient-1-10] DEBUG org.asynchttpclient.netty.channel.ChannelManager - Adding key: http://localhost:15704 for channel [id: 0x9c253c1e, L:/127.0.0.1:57608 - R:localhost/127.0.0.1:15704]
2023-06-06 19:05:06 INFO  BaseTest:104 - Test driver set up done successfully**********
2023-06-06 19:05:06 INFO  BaseTest:122 - Logging in to portal
19:05:06.459 [Forwarding findElement on session 4f7bff5e73766be37f2eb554fb709b68 to remote] DEBUG org.asynchttpclient.netty.request.NettyRequestSender - Using pooled Channel '[id: 0x9c253c1e, L:/127.0.0.1:57608 - R:localhost/127.0.0.1:15704]' for 'POST' to 'http://localhost:15704/session/4f7bff5e73766be37f2eb554fb709b68/element'
19:05:06.459 [Forwarding findElement on session 4f7bff5e73766be37f2eb554fb709b68 to remote] DEBUG org.asynchttpclient.netty.request.NettyRequestSender - Using open Channel [id: 0x9c253c1e, L:/127.0.0.1:57608 - R:localhost/127.0.0.1:15704] for POST '/session/4f7bff5e73766be37f2eb554fb709b68/element'
19:05:06.476 [AsyncHttpClient-1-10] DEBUG org.asynchttpclient.netty.handler.HttpHandler - 

Request DefaultHttpRequest(decodeResult: success, version: HTTP/1.1)
POST /session/4f7bff5e73766be37f2eb554fb709b68/element HTTP/1.1
User-Agent: selenium/4.8.3 (java windows)
Content-Length: 59
Content-Type: application/json; charset=utf-8
host: localhost:15704
accept: */*

Response DefaultHttpResponse(decodeResult: success, version: HTTP/1.1)
HTTP/1.1 200 OK
Content-Length: 95
Content-Type: application/json; charset=utf-8
cache-control: no-cache

19:05:06.476 [AsyncHttpClient-1-10] DEBUG org.asynchttpclient.netty.channel.ChannelManager - Adding key: http://localhost:15704 for channel [id: 0x9c253c1e, L:/127.0.0.1:57608 - R:localhost/127.0.0.1:15704]
19:05:06.477 [Forwarding clearElement on session 4f7bff5e73766be37f2eb554fb709b68 to remote] DEBUG org.asynchttpclient.netty.request.NettyRequestSender - Using pooled Channel '[id: 0x9c253c1e, L:/127.0.0.1:57608 - R:localhost/127.0.0.1:15704]' for 'POST' to 'http://localhost:15704/session/4f7bff5e73766be37f2eb554fb709b68/element/04099CC1AE156D38A88DCCEC6EBD9D21_element_30/clear'
19:05:06.477 [Forwarding clearElement on session 4f7bff5e73766be37f2eb554fb709b68 to remote] DEBUG org.asynchttpclient.netty.request.NettyRequestSender - Using open Channel [id: 0x9c253c1e, L:/127.0.0.1:57608 - R:localhost/127.0.0.1:15704] for POST '/session/4f7bff5e73766be37f2eb554fb709b68/element/04099CC1AE156D38A88DCCEC6EBD9D21_element_30/clear'
19:05:06.527 [AsyncHttpClient-1-10] DEBUG org.asynchttpclient.netty.handler.HttpHandler - 

Request DefaultHttpRequest(decodeResult: success, version: HTTP/1.1)
POST /session/4f7bff5e73766be37f2eb554fb709b68/element/04099CC1AE156D38A88DCCEC6EBD9D21_element_30/clear HTTP/1.1
User-Agent: selenium/4.8.3 (java windows)
Content-Length: 57
Content-Type: application/json; charset=utf-8
host: localhost:15704
accept: */*

Response DefaultHttpResponse(decodeResult: success, version: HTTP/1.1)
HTTP/1.1 200 OK
Content-Length: 14
Content-Type: application/json; charset=utf-8
cache-control: no-cache

19:05:06.527 [AsyncHttpClient-1-10] DEBUG org.asynchttpclient.netty.channel.ChannelManager - Adding key: http://localhost:15704 for channel [id: 0x9c253c1e, L:/127.0.0.1:57608 - R:localhost/127.0.0.1:15704]
19:05:06.529 [Forwarding findElement on session 4f7bff5e73766be37f2eb554fb709b68 to remote] DEBUG org.asynchttpclient.netty.request.NettyRequestSender - Using pooled Channel '[id: 0x9c253c1e, L:/127.0.0.1:57608 - R:localhost/127.0.0.1:15704]' for 'POST' to 'http://localhost:15704/session/4f7bff5e73766be37f2eb554fb709b68/element'
19:05:06.529 [Forwarding findElement on session 4f7bff5e73766be37f2eb554fb709b68 to remote] DEBUG org.asynchttpclient.netty.request.NettyRequestSender - Using open Channel [id: 0x9c253c1e, L:/127.0.0.1:57608 - R:localhost/127.0.0.1:15704] for POST '/session/4f7bff5e73766be37f2eb554fb709b68/element'
19:05:06.537 [AsyncHttpClient-1-10] DEBUG org.asynchttpclient.netty.handler.HttpHandler - 

Request DefaultHttpRequest(decodeResult: success, version: HTTP/1.1)
POST /session/4f7bff5e73766be37f2eb554fb709b68/element HTTP/1.1
User-Agent: selenium/4.8.3 (java windows)
Content-Length: 59
Content-Type: application/json; charset=utf-8
host: localhost:15704
accept: */*

Response DefaultHttpResponse(decodeResult: success, version: HTTP/1.1)
HTTP/1.1 200 OK
Content-Length: 95
Content-Type: application/json; charset=utf-8
cache-control: no-cache

19:05:06.537 [AsyncHttpClient-1-10] DEBUG org.asynchttpclient.netty.channel.ChannelManager - Adding key: http://localhost:15704 for channel [id: 0x9c253c1e, L:/127.0.0.1:57608 - R:localhost/127.0.0.1:15704]
19:05:06.538 [Forwarding sendKeysToElement on session 4f7bff5e73766be37f2eb554fb709b68 to remote] DEBUG org.asynchttpclient.netty.request.NettyRequestSender - Using pooled Channel '[id: 0x9c253c1e, L:/127.0.0.1:57608 - R:localhost/127.0.0.1:15704]' for 'POST' to 'http://localhost:15704/session/4f7bff5e73766be37f2eb554fb709b68/element/04099CC1AE156D38A88DCCEC6EBD9D21_element_30/value'
19:05:06.539 [Forwarding sendKeysToElement on session 4f7bff5e73766be37f2eb554fb709b68 to remote] DEBUG org.asynchttpclient.netty.request.NettyRequestSender - Using open Channel [id: 0x9c253c1e, L:/127.0.0.1:57608 - R:localhost/127.0.0.1:15704] for POST '/session/4f7bff5e73766be37f2eb554fb709b68/element/04099CC1AE156D38A88DCCEC6EBD9D21_element_30/value'
19:05:06.646 [AsyncHttpClient-1-10] DEBUG org.asynchttpclient.netty.handler.HttpHandler - 

Request DefaultHttpRequest(decodeResult: success, version: HTTP/1.1)
POST /session/4f7bff5e73766be37f2eb554fb709b68/element/04099CC1AE156D38A88DCCEC6EBD9D21_element_30/value HTTP/1.1
User-Agent: selenium/4.8.3 (java windows)
Content-Length: 188
Content-Type: application/json; charset=utf-8
host: localhost:15704
accept: */*

Response DefaultHttpResponse(decodeResult: success, version: HTTP/1.1)
HTTP/1.1 200 OK
Content-Length: 14
Content-Type: application/json; charset=utf-8
cache-control: no-cache

19:05:06.646 [AsyncHttpClient-1-10] DEBUG org.asynchttpclient.netty.channel.ChannelManager - Adding key: http://localhost:15704 for channel [id: 0x9c253c1e, L:/127.0.0.1:57608 - R:localhost/127.0.0.1:15704]
19:05:06.647 [Forwarding findElement on session 4f7bff5e73766be37f2eb554fb709b68 to remote] DEBUG org.asynchttpclient.netty.request.NettyRequestSender - Using pooled Channel '[id: 0x9c253c1e, L:/127.0.0.1:57608 - R:localhost/127.0.0.1:15704]' for 'POST' to 'http://localhost:15704/session/4f7bff5e73766be37f2eb554fb709b68/element'
19:05:06.647 [Forwarding findElement on session 4f7bff5e73766be37f2eb554fb709b68 to remote] DEBUG org.asynchttpclient.netty.request.NettyRequestSender - Using open Channel [id: 0x9c253c1e, L:/127.0.0.1:57608 - R:localhost/127.0.0.1:15704] for POST '/session/4f7bff5e73766be37f2eb554fb709b68/element'
19:05:06.665 [AsyncHttpClient-1-10] DEBUG org.asynchttpclient.netty.handler.HttpHandler - 

Request DefaultHttpRequest(decodeResult: success, version: HTTP/1.1)
POST /session/4f7bff5e73766be37f2eb554fb709b68/element HTTP/1.1
User-Agent: selenium/4.8.3 (java windows)
Content-Length: 62
Content-Type: application/json; charset=utf-8
host: localhost:15704
accept: */*

Response DefaultHttpResponse(decodeResult: success, version: HTTP/1.1)
HTTP/1.1 200 OK
Content-Length: 95
Content-Type: application/json; charset=utf-8
cache-control: no-cache

19:05:06.665 [AsyncHttpClient-1-10] DEBUG org.asynchttpclient.netty.channel.ChannelManager - Adding key: http://localhost:15704 for channel [id: 0x9c253c1e, L:/127.0.0.1:57608 - R:localhost/127.0.0.1:15704]
19:05:06.666 [Forwarding clearElement on session 4f7bff5e73766be37f2eb554fb709b68 to remote] DEBUG org.asynchttpclient.netty.request.NettyRequestSender - Using pooled Channel '[id: 0x9c253c1e, L:/127.0.0.1:57608 - R:localhost/127.0.0.1:15704]' for 'POST' to 'http://localhost:15704/session/4f7bff5e73766be37f2eb554fb709b68/element/04099CC1AE156D38A88DCCEC6EBD9D21_element_32/clear'
19:05:06.667 [Forwarding clearElement on session 4f7bff5e73766be37f2eb554fb709b68 to remote] DEBUG org.asynchttpclient.netty.request.NettyRequestSender - Using open Channel [id: 0x9c253c1e, L:/127.0.0.1:57608 - R:localhost/127.0.0.1:15704] for POST '/session/4f7bff5e73766be37f2eb554fb709b68/element/04099CC1AE156D38A88DCCEC6EBD9D21_element_32/clear'
19:05:06.701 [AsyncHttpClient-1-10] DEBUG org.asynchttpclient.netty.handler.HttpHandler - 

Request DefaultHttpRequest(decodeResult: success, version: HTTP/1.1)
POST /session/4f7bff5e73766be37f2eb554fb709b68/element/04099CC1AE156D38A88DCCEC6EBD9D21_element_32/clear HTTP/1.1
User-Agent: selenium/4.8.3 (java windows)
Content-Length: 57
Content-Type: application/json; charset=utf-8
host: localhost:15704
accept: */*

Response DefaultHttpResponse(decodeResult: success, version: HTTP/1.1)
HTTP/1.1 200 OK
Content-Length: 14
Content-Type: application/json; charset=utf-8
cache-control: no-cache

19:05:06.701 [AsyncHttpClient-1-10] DEBUG org.asynchttpclient.netty.channel.ChannelManager - Adding key: http://localhost:15704 for channel [id: 0x9c253c1e, L:/127.0.0.1:57608 - R:localhost/127.0.0.1:15704]
19:05:06.703 [Forwarding findElement on session 4f7bff5e73766be37f2eb554fb709b68 to remote] DEBUG org.asynchttpclient.netty.request.NettyRequestSender - Using pooled Channel '[id: 0x9c253c1e, L:/127.0.0.1:57608 - R:localhost/127.0.0.1:15704]' for 'POST' to 'http://localhost:15704/session/4f7bff5e73766be37f2eb554fb709b68/element'
19:05:06.703 [Forwarding findElement on session 4f7bff5e73766be37f2eb554fb709b68 to remote] DEBUG org.asynchttpclient.netty.request.NettyRequestSender - Using open Channel [id: 0x9c253c1e, L:/127.0.0.1:57608 - R:localhost/127.0.0.1:15704] for POST '/session/4f7bff5e73766be37f2eb554fb709b68/element'
19:05:06.717 [AsyncHttpClient-1-10] DEBUG org.asynchttpclient.netty.handler.HttpHandler - 

Request DefaultHttpRequest(decodeResult: success, version: HTTP/1.1)
POST /session/4f7bff5e73766be37f2eb554fb709b68/element HTTP/1.1
User-Agent: selenium/4.8.3 (java windows)
Content-Length: 62
Content-Type: application/json; charset=utf-8
host: localhost:15704
accept: */*

Response DefaultHttpResponse(decodeResult: success, version: HTTP/1.1)
HTTP/1.1 200 OK
Content-Length: 95
Content-Type: application/json; charset=utf-8
cache-control: no-cache

19:05:06.717 [AsyncHttpClient-1-10] DEBUG org.asynchttpclient.netty.channel.ChannelManager - Adding key: http://localhost:15704 for channel [id: 0x9c253c1e, L:/127.0.0.1:57608 - R:localhost/127.0.0.1:15704]
19:05:06.720 [Forwarding sendKeysToElement on session 4f7bff5e73766be37f2eb554fb709b68 to remote] DEBUG org.asynchttpclient.netty.request.NettyRequestSender - Using pooled Channel '[id: 0x9c253c1e, L:/127.0.0.1:57608 - R:localhost/127.0.0.1:15704]' for 'POST' to 'http://localhost:15704/session/4f7bff5e73766be37f2eb554fb709b68/element/04099CC1AE156D38A88DCCEC6EBD9D21_element_32/value'
19:05:06.720 [Forwarding sendKeysToElement on session 4f7bff5e73766be37f2eb554fb709b68 to remote] DEBUG org.asynchttpclient.netty.request.NettyRequestSender - Using open Channel [id: 0x9c253c1e, L:/127.0.0.1:57608 - R:localhost/127.0.0.1:15704] for POST '/session/4f7bff5e73766be37f2eb554fb709b68/element/04099CC1AE156D38A88DCCEC6EBD9D21_element_32/value'
19:05:06.822 [AsyncHttpClient-1-10] DEBUG org.asynchttpclient.netty.handler.HttpHandler - 

Request DefaultHttpRequest(decodeResult: success, version: HTTP/1.1)
POST /session/4f7bff5e73766be37f2eb554fb709b68/element/04099CC1AE156D38A88DCCEC6EBD9D21_element_32/value HTTP/1.1
User-Agent: selenium/4.8.3 (java windows)
Content-Length: 148
Content-Type: application/json; charset=utf-8
host: localhost:15704
accept: */*

Response DefaultHttpResponse(decodeResult: success, version: HTTP/1.1)
HTTP/1.1 200 OK
Content-Length: 14
Content-Type: application/json; charset=utf-8
cache-control: no-cache

19:05:06.822 [AsyncHttpClient-1-10] DEBUG org.asynchttpclient.netty.channel.ChannelManager - Adding key: http://localhost:15704 for channel [id: 0x9c253c1e, L:/127.0.0.1:57608 - R:localhost/127.0.0.1:15704]
19:05:06.824 [Forwarding findElement on session 4f7bff5e73766be37f2eb554fb709b68 to remote] DEBUG org.asynchttpclient.netty.request.NettyRequestSender - Using pooled Channel '[id: 0x9c253c1e, L:/127.0.0.1:57608 - R:localhost/127.0.0.1:15704]' for 'POST' to 'http://localhost:15704/session/4f7bff5e73766be37f2eb554fb709b68/element'
19:05:06.824 [Forwarding findElement on session 4f7bff5e73766be37f2eb554fb709b68 to remote] DEBUG org.asynchttpclient.netty.request.NettyRequestSender - Using open Channel [id: 0x9c253c1e, L:/127.0.0.1:57608 - R:localhost/127.0.0.1:15704] for POST '/session/4f7bff5e73766be37f2eb554fb709b68/element'
19:05:06.836 [AsyncHttpClient-1-10] DEBUG org.asynchttpclient.netty.handler.HttpHandler - 

Request DefaultHttpRequest(decodeResult: success, version: HTTP/1.1)
POST /session/4f7bff5e73766be37f2eb554fb709b68/element HTTP/1.1
User-Agent: selenium/4.8.3 (java windows)
Content-Length: 71
Content-Type: application/json; charset=utf-8
host: localhost:15704
accept: */*

Response DefaultHttpResponse(decodeResult: success, version: HTTP/1.1)
HTTP/1.1 200 OK
Content-Length: 95
Content-Type: application/json; charset=utf-8
cache-control: no-cache

19:05:06.836 [AsyncHttpClient-1-10] DEBUG org.asynchttpclient.netty.channel.ChannelManager - Adding key: http://localhost:15704 for channel [id: 0x9c253c1e, L:/127.0.0.1:57608 - R:localhost/127.0.0.1:15704]
19:05:06.837 [Forwarding clickElement on session 4f7bff5e73766be37f2eb554fb709b68 to remote] DEBUG org.asynchttpclient.netty.request.NettyRequestSender - Using pooled Channel '[id: 0x9c253c1e, L:/127.0.0.1:57608 - R:localhost/127.0.0.1:15704]' for 'POST' to 'http://localhost:15704/session/4f7bff5e73766be37f2eb554fb709b68/element/04099CC1AE156D38A88DCCEC6EBD9D21_element_33/click'
19:05:06.838 [Forwarding clickElement on session 4f7bff5e73766be37f2eb554fb709b68 to remote] DEBUG org.asynchttpclient.netty.request.NettyRequestSender - Using open Channel [id: 0x9c253c1e, L:/127.0.0.1:57608 - R:localhost/127.0.0.1:15704] for POST '/session/4f7bff5e73766be37f2eb554fb709b68/element/04099CC1AE156D38A88DCCEC6EBD9D21_element_33/click'
19:05:06.881 [AsyncHttpClient-1-10] DEBUG org.asynchttpclient.netty.handler.HttpHandler - 

Request DefaultHttpRequest(decodeResult: success, version: HTTP/1.1)
POST /session/4f7bff5e73766be37f2eb554fb709b68/element/04099CC1AE156D38A88DCCEC6EBD9D21_element_33/click HTTP/1.1
User-Agent: selenium/4.8.3 (java windows)
Content-Length: 57
Content-Type: application/json; charset=utf-8
host: localhost:15704
accept: */*

Response DefaultHttpResponse(decodeResult: success, version: HTTP/1.1)
HTTP/1.1 200 OK
Content-Length: 14
Content-Type: application/json; charset=utf-8
cache-control: no-cache

19:05:06.881 [AsyncHttpClient-1-10] DEBUG org.asynchttpclient.netty.channel.ChannelManager - Adding key: http://localhost:15704 for channel [id: 0x9c253c1e, L:/127.0.0.1:57608 - R:localhost/127.0.0.1:15704]
2023-06-06 19:05:06 INFO  BaseTest:126 - Logged in
19:05:06.883 [rp-io-65] DEBUG com.epam.reportportal.service.Launch - Starting test item...rp-io-65
2023-06-06 19:05:06 INFO  Listeners:34 - Started Test null
19:05:06.884 [Forwarding findElement on session 4f7bff5e73766be37f2eb554fb709b68 to remote] DEBUG org.asynchttpclient.netty.request.NettyRequestSender - Using pooled Channel '[id: 0x9c253c1e, L:/127.0.0.1:57608 - R:localhost/127.0.0.1:15704]' for 'POST' to 'http://localhost:15704/session/4f7bff5e73766be37f2eb554fb709b68/element'
19:05:06.884 [Forwarding findElement on session 4f7bff5e73766be37f2eb554fb709b68 to remote] DEBUG org.asynchttpclient.netty.request.NettyRequestSender - Using open Channel [id: 0x9c253c1e, L:/127.0.0.1:57608 - R:localhost/127.0.0.1:15704] for POST '/session/4f7bff5e73766be37f2eb554fb709b68/element'
19:05:06.899 [rp-io-66] DEBUG com.epam.reportportal.service.Launch - TestItem with ID = 'c6f7cf09-0537-4b8c-ba08-8d13bb195f40' successfully finished.
19:05:06.899 [rp-io-66] DEBUG com.epam.reportportal.utils.SubscriptionUtils - Finish test item completed
19:05:06.906 [rp-io-70] DEBUG com.epam.reportportal.service.Launch - ReportPortal item with ID '33100d6d-cdaf-4ce5-8f2a-ea4dcba5eeed' has been created
19:05:06.906 [rp-io-70] DEBUG com.epam.reportportal.utils.SubscriptionUtils - Start test item successfully completed
19:05:07.252 [AsyncHttpClient-1-10] DEBUG org.asynchttpclient.netty.handler.HttpHandler - 

Request DefaultHttpRequest(decodeResult: success, version: HTTP/1.1)
POST /session/4f7bff5e73766be37f2eb554fb709b68/element HTTP/1.1
User-Agent: selenium/4.8.3 (java windows)
Content-Length: 168
Content-Type: application/json; charset=utf-8
host: localhost:15704
accept: */*

Response DefaultHttpResponse(decodeResult: success, version: HTTP/1.1)
HTTP/1.1 200 OK
Content-Length: 95
Content-Type: application/json; charset=utf-8
cache-control: no-cache

19:05:07.253 [AsyncHttpClient-1-10] DEBUG org.asynchttpclient.netty.channel.ChannelManager - Adding key: http://localhost:15704 for channel [id: 0x9c253c1e, L:/127.0.0.1:57608 - R:localhost/127.0.0.1:15704]
19:05:07.253 [Forwarding clickElement on session 4f7bff5e73766be37f2eb554fb709b68 to remote] DEBUG org.asynchttpclient.netty.request.NettyRequestSender - Using pooled Channel '[id: 0x9c253c1e, L:/127.0.0.1:57608 - R:localhost/127.0.0.1:15704]' for 'POST' to 'http://localhost:15704/session/4f7bff5e73766be37f2eb554fb709b68/element/04099CC1AE156D38A88DCCEC6EBD9D21_element_38/click'
19:05:07.254 [Forwarding clickElement on session 4f7bff5e73766be37f2eb554fb709b68 to remote] DEBUG org.asynchttpclient.netty.request.NettyRequestSender - Using open Channel [id: 0x9c253c1e, L:/127.0.0.1:57608 - R:localhost/127.0.0.1:15704] for POST '/session/4f7bff5e73766be37f2eb554fb709b68/element/04099CC1AE156D38A88DCCEC6EBD9D21_element_38/click'
19:05:07.393 [AsyncHttpClient-1-10] DEBUG org.asynchttpclient.netty.handler.HttpHandler - 

Request DefaultHttpRequest(decodeResult: success, version: HTTP/1.1)
POST /session/4f7bff5e73766be37f2eb554fb709b68/element/04099CC1AE156D38A88DCCEC6EBD9D21_element_38/click HTTP/1.1
User-Agent: selenium/4.8.3 (java windows)
Content-Length: 57
Content-Type: application/json; charset=utf-8
host: localhost:15704
accept: */*

Response DefaultHttpResponse(decodeResult: success, version: HTTP/1.1)
HTTP/1.1 200 OK
Content-Length: 14
Content-Type: application/json; charset=utf-8
cache-control: no-cache

19:05:07.393 [AsyncHttpClient-1-10] DEBUG org.asynchttpclient.netty.channel.ChannelManager - Adding key: http://localhost:15704 for channel [id: 0x9c253c1e, L:/127.0.0.1:57608 - R:localhost/127.0.0.1:15704]
19:05:07.395 [Forwarding findElement on session 4f7bff5e73766be37f2eb554fb709b68 to remote] DEBUG org.asynchttpclient.netty.request.NettyRequestSender - Using pooled Channel '[id: 0x9c253c1e, L:/127.0.0.1:57608 - R:localhost/127.0.0.1:15704]' for 'POST' to 'http://localhost:15704/session/4f7bff5e73766be37f2eb554fb709b68/element'
19:05:07.395 [Forwarding findElement on session 4f7bff5e73766be37f2eb554fb709b68 to remote] DEBUG org.asynchttpclient.netty.request.NettyRequestSender - Using open Channel [id: 0x9c253c1e, L:/127.0.0.1:57608 - R:localhost/127.0.0.1:15704] for POST '/session/4f7bff5e73766be37f2eb554fb709b68/element'
19:05:07.537 [AsyncHttpClient-1-1] DEBUG org.asynchttpclient.netty.channel.DefaultChannelPool - Entry count for : http://localhost:57609 : 1
19:05:07.853 [AsyncHttpClient-1-10] DEBUG org.asynchttpclient.netty.handler.HttpHandler - 

Request DefaultHttpRequest(decodeResult: success, version: HTTP/1.1)
POST /session/4f7bff5e73766be37f2eb554fb709b68/element HTTP/1.1
User-Agent: selenium/4.8.3 (java windows)
Content-Length: 85
Content-Type: application/json; charset=utf-8
host: localhost:15704
accept: */*

Response DefaultHttpResponse(decodeResult: success, version: HTTP/1.1)
HTTP/1.1 200 OK
Content-Length: 95
Content-Type: application/json; charset=utf-8
cache-control: no-cache

19:05:07.854 [AsyncHttpClient-1-10] DEBUG org.asynchttpclient.netty.channel.ChannelManager - Adding key: http://localhost:15704 for channel [id: 0x9c253c1e, L:/127.0.0.1:57608 - R:localhost/127.0.0.1:15704]
19:05:07.855 [Forwarding executeScript on session 4f7bff5e73766be37f2eb554fb709b68 to remote] DEBUG org.asynchttpclient.netty.request.NettyRequestSender - Using pooled Channel '[id: 0x9c253c1e, L:/127.0.0.1:57608 - R:localhost/127.0.0.1:15704]' for 'POST' to 'http://localhost:15704/session/4f7bff5e73766be37f2eb554fb709b68/execute/sync'
19:05:07.855 [Forwarding executeScript on session 4f7bff5e73766be37f2eb554fb709b68 to remote] DEBUG org.asynchttpclient.netty.request.NettyRequestSender - Using open Channel [id: 0x9c253c1e, L:/127.0.0.1:57608 - R:localhost/127.0.0.1:15704] for POST '/session/4f7bff5e73766be37f2eb554fb709b68/execute/sync'
19:05:07.866 [AsyncHttpClient-1-10] DEBUG org.asynchttpclient.netty.handler.HttpHandler - 

Request DefaultHttpRequest(decodeResult: success, version: HTTP/1.1)
POST /session/4f7bff5e73766be37f2eb554fb709b68/execute/sync HTTP/1.1
User-Agent: selenium/4.8.3 (java windows)
Content-Length: 232
Content-Type: application/json; charset=utf-8
host: localhost:15704
accept: */*

Response DefaultHttpResponse(decodeResult: success, version: HTTP/1.1)
HTTP/1.1 200 OK
Content-Length: 14
Content-Type: application/json; charset=utf-8
cache-control: no-cache

19:05:07.866 [AsyncHttpClient-1-10] DEBUG org.asynchttpclient.netty.channel.ChannelManager - Adding key: http://localhost:15704 for channel [id: 0x9c253c1e, L:/127.0.0.1:57608 - R:localhost/127.0.0.1:15704]
19:05:07.867 [Forwarding findElement on session 4f7bff5e73766be37f2eb554fb709b68 to remote] DEBUG org.asynchttpclient.netty.request.NettyRequestSender - Using pooled Channel '[id: 0x9c253c1e, L:/127.0.0.1:57608 - R:localhost/127.0.0.1:15704]' for 'POST' to 'http://localhost:15704/session/4f7bff5e73766be37f2eb554fb709b68/element'
19:05:07.867 [Forwarding findElement on session 4f7bff5e73766be37f2eb554fb709b68 to remote] DEBUG org.asynchttpclient.netty.request.NettyRequestSender - Using open Channel [id: 0x9c253c1e, L:/127.0.0.1:57608 - R:localhost/127.0.0.1:15704] for POST '/session/4f7bff5e73766be37f2eb554fb709b68/element'
19:05:07.914 [AsyncHttpClient-1-10] DEBUG org.asynchttpclient.netty.handler.HttpHandler - 

Request DefaultHttpRequest(decodeResult: success, version: HTTP/1.1)
POST /session/4f7bff5e73766be37f2eb554fb709b68/element HTTP/1.1
User-Agent: selenium/4.8.3 (java windows)
Content-Length: 85
Content-Type: application/json; charset=utf-8
host: localhost:15704
accept: */*

Response DefaultHttpResponse(decodeResult: success, version: HTTP/1.1)
HTTP/1.1 200 OK
Content-Length: 95
Content-Type: application/json; charset=utf-8
cache-control: no-cache

19:05:07.914 [AsyncHttpClient-1-10] DEBUG org.asynchttpclient.netty.channel.ChannelManager - Adding key: http://localhost:15704 for channel [id: 0x9c253c1e, L:/127.0.0.1:57608 - R:localhost/127.0.0.1:15704]
19:05:07.918 [Forwarding isElementDisplayed on session 4f7bff5e73766be37f2eb554fb709b68 to remote] DEBUG org.asynchttpclient.netty.request.NettyRequestSender - Using pooled Channel '[id: 0x9c253c1e, L:/127.0.0.1:57608 - R:localhost/127.0.0.1:15704]' for 'POST' to 'http://localhost:15704/session/4f7bff5e73766be37f2eb554fb709b68/execute/sync'
19:05:07.919 [Forwarding isElementDisplayed on session 4f7bff5e73766be37f2eb554fb709b68 to remote] DEBUG org.asynchttpclient.netty.request.NettyRequestSender - Using open Channel [id: 0x9c253c1e, L:/127.0.0.1:57608 - R:localhost/127.0.0.1:15704] for POST '/session/4f7bff5e73766be37f2eb554fb709b68/execute/sync'
19:05:08.000 [AsyncHttpClient-1-10] DEBUG org.asynchttpclient.netty.handler.HttpHandler - 

Request DefaultHttpRequest(decodeResult: success, version: HTTP/1.1)
POST /session/4f7bff5e73766be37f2eb554fb709b68/execute/sync HTTP/1.1
User-Agent: selenium/4.8.3 (java windows)
Content-Length: 48814
Content-Type: application/json; charset=utf-8
host: localhost:15704
accept: */*

Response DefaultHttpResponse(decodeResult: success, version: HTTP/1.1)
HTTP/1.1 200 OK
Content-Length: 14
Content-Type: application/json; charset=utf-8
cache-control: no-cache

19:05:08.001 [AsyncHttpClient-1-10] DEBUG org.asynchttpclient.netty.channel.ChannelManager - Adding key: http://localhost:15704 for channel [id: 0x9c253c1e, L:/127.0.0.1:57608 - R:localhost/127.0.0.1:15704]
2023-06-06 19:05:08 INFO  Listeners:38 - Succeeded Test null
]]></system-out>
    <system-err><![CDATA[Starting ChromeDriver 114.0.5735.90 (386bc09e8f4f2e025eddae123f36f6263096ae49-refs/branch-heads/5735@{#1052}) on port 15704
Only local connections are allowed.
Please see https://chromedriver.chromium.org/security-considerations for suggestions on keeping ChromeDriver safe.
ChromeDriver was started successfully.
Jun 06, 2023 7:05:04 PM org.openqa.selenium.devtools.CdpVersionFinder findNearestMatch
WARNING: Unable to find an exact match for CDP version 114, so returning the closest version found: 111
]]></system-err>
  </testcase>
  <testcase name="searchDashboardNameDP[FAILED CASES TREND CHART](10)" classname="alltests.uitest.coreTest.DashboardPageTest" time="0">
    <skipped message="no such element: Unable to locate element: {&quot;method&quot;:&quot;xpath&quot;,&quot;selector&quot;:&quot;//*[text()=&apos;FAILED CASES TREND CHART&apos;]&quot;}&#10;  (Session info: chrome=114.0.5735.110)&#10;For documentation on this error, please visit: https://selenium.dev/exceptions/#no_such_element&#10;Build info: version: &apos;4.8.3&apos;, revision: &apos;e5e76298c3&apos;&#10;System info: os.name: &apos;Windows 10&apos;, os.arch: &apos;amd64&apos;, os.version: &apos;10.0&apos;, java.version: &apos;17.0.3.1&apos;&#10;Driver info: org.openqa.selenium.chrome.ChromeDriver&#10;Command: [c87e9afbcf2f0f711cc9128dd9bd6f4e, findElement {using=xpath, value=//*[text()=&apos;FAILED CASES TREND CHART&apos;]}]&#10;Capabilities {acceptInsecureCerts: false, browserName: chrome, browserVersion: 114.0.5735.110, chrome: {chromedriverVersion: 114.0.5735.90 (386bc09e8f4f..., userDataDir: C:\Users\SUWARN~1\AppData\L...}, goog:chromeOptions: {debuggerAddress: localhost:57640}, networkConnectionEnabled: false, pageLoadStrategy: normal, platformName: WINDOWS, proxy: Proxy(), se:cdp: ws://localhost:57640/devtoo..., se:cdpVersion: 114.0.5735.110, setWindowRect: true, strictFileInteractability: false, timeouts: {implicit: 0, pageLoad: 300000, script: 30000}, unhandledPromptBehavior: dismiss and notify, webauthn:extension:credBlob: true, webauthn:extension:largeBlob: true, webauthn:extension:minPinLength: true, webauthn:extension:prf: true, webauthn:virtualAuthenticators: true}&#10;Session ID: c87e9afbcf2f0f711cc9128dd9bd6f4e"/>
    <system-out><![CDATA[19:05:08.002 [rp-io-71] DEBUG com.epam.reportportal.service.Launch - Starting test item...rp-io-71
19:05:08.004 [AsyncHttpClient-1-12] DEBUG org.asynchttpclient.netty.handler.WebSocketHandler - Channel Closed: [id: 0x933c5665, L:/127.0.0.1:57617 ! R:localhost/127.0.0.1:57609] with attribute NettyResponseFuture{currentRetry=0,
	isDone=1,
	isCancelled=0,
	asyncHandler=org.asynchttpclient.ws.WebSocketUpgradeHandler@2c572c84,
	nettyRequest=org.asynchttpclient.netty.request.NettyRequest@6286d5c9,
	future=java.util.concurrent.CompletableFuture@7d2fa99f[Completed normally],
	uri=ws://localhost:57609/devtools/browser/e9e9effa-99e9-459d-b5ee-7b7766a922e2,
	keepAlive=true,
	redirectCount=0,
	timeoutsHolder=null,
	inAuth=0,
	touch=1686071104654}
19:05:08.004 [AsyncHttpClient-1-12] DEBUG org.asynchttpclient.netty.channel.ChannelManager - Closing Channel [id: 0x933c5665, L:/127.0.0.1:57617 ! R:localhost/127.0.0.1:57609] 
19:05:08.004 [Driver Command Executor] DEBUG org.asynchttpclient.netty.request.NettyRequestSender - Using pooled Channel '[id: 0x9c253c1e, L:/127.0.0.1:57608 - R:localhost/127.0.0.1:15704]' for 'DELETE' to 'http://localhost:15704/session/4f7bff5e73766be37f2eb554fb709b68'
19:05:08.004 [Driver Command Executor] DEBUG org.asynchttpclient.netty.request.NettyRequestSender - Using open Channel [id: 0x9c253c1e, L:/127.0.0.1:57608 - R:localhost/127.0.0.1:15704] for DELETE '/session/4f7bff5e73766be37f2eb554fb709b68'
19:05:08.018 [rp-io-72] DEBUG com.epam.reportportal.service.Launch - TestItem with ID = '33100d6d-cdaf-4ce5-8f2a-ea4dcba5eeed' successfully finished.
19:05:08.018 [rp-io-72] DEBUG com.epam.reportportal.utils.SubscriptionUtils - Finish test item completed
19:05:08.025 [rp-io-71] DEBUG com.epam.reportportal.service.Launch - ReportPortal item with ID '3990e15f-2c38-415a-8f8e-ba6b65d58648' has been created
19:05:08.025 [rp-io-71] DEBUG com.epam.reportportal.utils.SubscriptionUtils - Start test item successfully completed
19:05:08.056 [AsyncHttpClient-1-11] DEBUG org.asynchttpclient.netty.handler.HttpHandler - Unexpected I/O exception on channel [id: 0xe79f3ac2, L:/127.0.0.1:57616 - R:localhost/127.0.0.1:57609]
java.net.SocketException: Connection reset
	at java.base/sun.nio.ch.SocketChannelImpl.throwConnectionReset(SocketChannelImpl.java:394)
	at java.base/sun.nio.ch.SocketChannelImpl.read(SocketChannelImpl.java:426)
	at io.netty.buffer.PooledByteBuf.setBytes(PooledByteBuf.java:256)
	at io.netty.buffer.AbstractByteBuf.writeBytes(AbstractByteBuf.java:1132)
	at io.netty.channel.socket.nio.NioSocketChannel.doReadBytes(NioSocketChannel.java:357)
	at io.netty.channel.nio.AbstractNioByteChannel$NioByteUnsafe.read(AbstractNioByteChannel.java:151)
	at io.netty.channel.nio.NioEventLoop.processSelectedKey(NioEventLoop.java:788)
	at io.netty.channel.nio.NioEventLoop.processSelectedKeysOptimized(NioEventLoop.java:724)
	at io.netty.channel.nio.NioEventLoop.processSelectedKeys(NioEventLoop.java:650)
	at io.netty.channel.nio.NioEventLoop.run(NioEventLoop.java:562)
	at io.netty.util.concurrent.SingleThreadEventExecutor$4.run(SingleThreadEventExecutor.java:997)
	at io.netty.util.internal.ThreadExecutorMap$2.run(ThreadExecutorMap.java:74)
	at io.netty.util.concurrent.FastThreadLocalRunnable.run(FastThreadLocalRunnable.java:30)
	at java.base/java.lang.Thread.run(Thread.java:833)
19:05:08.057 [AsyncHttpClient-1-11] DEBUG org.asynchttpclient.netty.channel.ChannelManager - Closing Channel [id: 0xe79f3ac2, L:/127.0.0.1:57616 - R:localhost/127.0.0.1:57609] 
19:05:08.057 [AsyncHttpClient-1-11] DEBUG org.asynchttpclient.netty.handler.HttpHandler - Channel Closed: [id: 0xe79f3ac2, L:/127.0.0.1:57616 ! R:localhost/127.0.0.1:57609] with attribute DISCARD
19:05:08.068 [AsyncHttpClient-1-10] DEBUG org.asynchttpclient.netty.handler.HttpHandler - 

Request DefaultFullHttpRequest(decodeResult: success, version: HTTP/1.1, content: EmptyByteBufBE)
DELETE /session/4f7bff5e73766be37f2eb554fb709b68 HTTP/1.1
User-Agent: selenium/4.8.3 (java windows)
Content-Type: application/json; charset=utf-8
host: localhost:15704
accept: */*

Response DefaultHttpResponse(decodeResult: success, version: HTTP/1.1)
HTTP/1.1 200 OK
Content-Length: 14
Content-Type: application/json; charset=utf-8
cache-control: no-cache

19:05:08.068 [AsyncHttpClient-1-10] DEBUG org.asynchttpclient.netty.channel.ChannelManager - Adding key: http://localhost:15704 for channel [id: 0x9c253c1e, L:/127.0.0.1:57608 - R:localhost/127.0.0.1:15704]
19:05:08.107 [AsyncHttpClient-1-10] DEBUG org.asynchttpclient.netty.handler.HttpHandler - Channel Closed: [id: 0x9c253c1e, L:/127.0.0.1:57608 ! R:localhost/127.0.0.1:15704] with attribute DISCARD
2023-06-06 19:05:08 INFO  BaseTest:83 - Test executed**********
19:05:08.180 [rp-io-78] DEBUG com.epam.reportportal.service.Launch - Starting test item...rp-io-78
2023-06-06 19:05:08 INFO  BaseTest:110 - Property files loaded successfully**********
19:05:08.192 [main] DEBUG io.github.bonigarcia.wdm.cache.ResolutionCache - Resolution chrome=114 in cache (valid until 19:20:28 06/06/2023 CEST)
19:05:08.193 [main] DEBUG io.github.bonigarcia.wdm.cache.ResolutionCache - Resolution chrome114=114.0.5735.90 in cache (valid until 16:16:26 07/06/2023 CEST)
19:05:08.193 [main] INFO io.github.bonigarcia.wdm.WebDriverManager - Using chromedriver 114.0.5735.90 (resolved driver for Chrome 114)
19:05:08.195 [rp-io-77] DEBUG com.epam.reportportal.service.Launch - TestItem with ID = '3990e15f-2c38-415a-8f8e-ba6b65d58648' successfully finished.
19:05:08.195 [rp-io-77] DEBUG com.epam.reportportal.utils.SubscriptionUtils - Finish test item completed
19:05:08.199 [rp-io-78] DEBUG com.epam.reportportal.service.Launch - ReportPortal item with ID 'c3ef7d87-866a-4657-999d-0867a8d7921b' has been created
19:05:08.199 [rp-io-78] DEBUG com.epam.reportportal.utils.SubscriptionUtils - Start test item successfully completed
19:05:08.200 [main] DEBUG io.github.bonigarcia.wdm.WebDriverManager - Driver chromedriver 114.0.5735.90 found in cache
19:05:08.201 [main] INFO io.github.bonigarcia.wdm.WebDriverManager - Exporting webdriver.chrome.driver as C:\Users\Suwarna_Wagh\.cache\selenium\chromedriver\win32\114.0.5735.90\chromedriver.exe
19:05:08.397 [AsyncHttpClient-1-13] DEBUG org.asynchttpclient.netty.channel.NettyConnectListener - Using new Channel '[id: 0xa3eb5194, L:/127.0.0.1:57639 - R:localhost/127.0.0.1:3330]' for 'POST' to '/session'
19:05:08.641 [AsyncHttpClient-1-1] DEBUG org.asynchttpclient.netty.channel.DefaultChannelPool - Entry count for : http://localhost:15704 : 1
19:05:08.641 [AsyncHttpClient-1-1] DEBUG org.asynchttpclient.netty.channel.DefaultChannelPool - Entry count for : http://localhost:57609 : 1
19:05:08.642 [AsyncHttpClient-1-1] DEBUG org.asynchttpclient.netty.channel.DefaultChannelPool - Adding Candidate expired Channel [id: 0x9c253c1e, L:/127.0.0.1:57608 ! R:localhost/127.0.0.1:15704] isIdleTimeoutExpired=false isRemotelyClosed=true isTtlExpired=false
19:05:08.642 [AsyncHttpClient-1-1] DEBUG org.asynchttpclient.netty.channel.DefaultChannelPool - Closing Idle Channel [id: 0x9c253c1e, L:/127.0.0.1:57608 ! R:localhost/127.0.0.1:15704]
19:05:08.642 [AsyncHttpClient-1-1] DEBUG org.asynchttpclient.netty.channel.DefaultChannelPool - Adding Candidate expired Channel [id: 0xe79f3ac2, L:/127.0.0.1:57616 ! R:localhost/127.0.0.1:57609] isIdleTimeoutExpired=false isRemotelyClosed=true isTtlExpired=false
19:05:08.642 [AsyncHttpClient-1-1] DEBUG org.asynchttpclient.netty.channel.DefaultChannelPool - Closing Idle Channel [id: 0xe79f3ac2, L:/127.0.0.1:57616 ! R:localhost/127.0.0.1:57609]
19:05:08.642 [AsyncHttpClient-1-1] DEBUG org.asynchttpclient.netty.channel.DefaultChannelPool - Closed 2 connections out of 2 in 0 ms
19:05:09.295 [AsyncHttpClient-1-13] DEBUG org.asynchttpclient.netty.handler.HttpHandler - 

Request DefaultHttpRequest(decodeResult: success, version: HTTP/1.1)
POST /session HTTP/1.1
User-Agent: selenium/4.8.3 (java windows)
Content-Length: 439
Content-Type: application/json; charset=utf-8
host: localhost:3330
accept: */*

Response DefaultHttpResponse(decodeResult: success, version: HTTP/1.1)
HTTP/1.1 200 OK
Content-Length: 864
Content-Type: application/json; charset=utf-8
cache-control: no-cache

19:05:09.295 [AsyncHttpClient-1-13] DEBUG org.asynchttpclient.netty.channel.ChannelManager - Adding key: http://localhost:3330 for channel [id: 0xa3eb5194, L:/127.0.0.1:57639 - R:localhost/127.0.0.1:3330]
19:05:09.300 [AsyncHttpClient-1-14] DEBUG org.asynchttpclient.netty.channel.NettyConnectListener - Using new Channel '[id: 0xcb9f7e70, L:/127.0.0.1:57647 - R:localhost/127.0.0.1:57640]' for 'GET' to '/json/version'
19:05:09.301 [AsyncHttpClient-1-14] DEBUG org.asynchttpclient.netty.handler.HttpHandler - 

Request DefaultFullHttpRequest(decodeResult: success, version: HTTP/1.1, content: EmptyByteBufBE)
GET /json/version HTTP/1.1
User-Agent: selenium/4.8.3 (java windows)
host: localhost:57640
accept: */*

Response DefaultHttpResponse(decodeResult: success, version: HTTP/1.1)
HTTP/1.1 200 OK
Content-Security-Policy: frame-ancestors 'none'
Content-Length: 424
Content-Type: application/json; charset=UTF-8

19:05:09.301 [AsyncHttpClient-1-14] DEBUG org.asynchttpclient.netty.channel.ChannelManager - Adding key: http://localhost:57640 for channel [id: 0xcb9f7e70, L:/127.0.0.1:57647 - R:localhost/127.0.0.1:57640]
19:05:09.302 [AsyncHttpClient-1-15] DEBUG org.asynchttpclient.netty.channel.NettyConnectListener - Using new Channel '[id: 0x7171565a, L:/127.0.0.1:57648 - R:localhost/127.0.0.1:57640]' for 'GET' to '/devtools/browser/bf4e2a15-a0af-449c-8527-6de49458afaf'
19:05:09.303 [AsyncHttpClient-1-15] DEBUG org.asynchttpclient.netty.handler.WebSocketHandler - 

Request DefaultFullHttpRequest(decodeResult: success, version: HTTP/1.1, content: EmptyByteBufBE)
GET /devtools/browser/bf4e2a15-a0af-449c-8527-6de49458afaf HTTP/1.1
upgrade: websocket
connection: upgrade
sec-websocket-key: uhs4KV7oHFiH2VQQeH3ymQ==
sec-websocket-version: 13
origin: http://localhost:57640
host: localhost:57640
accept: */*
user-agent: AHC/2.1

Response DefaultHttpResponse(decodeResult: success, version: HTTP/1.1)
HTTP/1.1 101 WebSocket Protocol Handshake
Upgrade: WebSocket
Connection: Upgrade
Sec-WebSocket-Accept: 0o57xJzw43zWqvhGhx8LWjL45Xk=

19:05:09.306 [Forwarding setTimeout on session c87e9afbcf2f0f711cc9128dd9bd6f4e to remote] DEBUG org.asynchttpclient.netty.request.NettyRequestSender - Using pooled Channel '[id: 0xa3eb5194, L:/127.0.0.1:57639 - R:localhost/127.0.0.1:3330]' for 'POST' to 'http://localhost:3330/session/c87e9afbcf2f0f711cc9128dd9bd6f4e/timeouts'
19:05:09.308 [Forwarding setTimeout on session c87e9afbcf2f0f711cc9128dd9bd6f4e to remote] DEBUG org.asynchttpclient.netty.request.NettyRequestSender - Using open Channel [id: 0xa3eb5194, L:/127.0.0.1:57639 - R:localhost/127.0.0.1:3330] for POST '/session/c87e9afbcf2f0f711cc9128dd9bd6f4e/timeouts'
19:05:09.308 [AsyncHttpClient-1-13] DEBUG org.asynchttpclient.netty.handler.HttpHandler - 

Request DefaultHttpRequest(decodeResult: success, version: HTTP/1.1)
POST /session/c87e9afbcf2f0f711cc9128dd9bd6f4e/timeouts HTTP/1.1
User-Agent: selenium/4.8.3 (java windows)
Content-Length: 22
Content-Type: application/json; charset=utf-8
host: localhost:3330
accept: */*

Response DefaultHttpResponse(decodeResult: success, version: HTTP/1.1)
HTTP/1.1 200 OK
Content-Length: 14
Content-Type: application/json; charset=utf-8
cache-control: no-cache

19:05:09.308 [AsyncHttpClient-1-13] DEBUG org.asynchttpclient.netty.channel.ChannelManager - Adding key: http://localhost:3330 for channel [id: 0xa3eb5194, L:/127.0.0.1:57639 - R:localhost/127.0.0.1:3330]
19:05:09.309 [Forwarding maximizeCurrentWindow on session c87e9afbcf2f0f711cc9128dd9bd6f4e to remote] DEBUG org.asynchttpclient.netty.request.NettyRequestSender - Using pooled Channel '[id: 0xa3eb5194, L:/127.0.0.1:57639 - R:localhost/127.0.0.1:3330]' for 'POST' to 'http://localhost:3330/session/c87e9afbcf2f0f711cc9128dd9bd6f4e/window/maximize'
19:05:09.309 [Forwarding maximizeCurrentWindow on session c87e9afbcf2f0f711cc9128dd9bd6f4e to remote] DEBUG org.asynchttpclient.netty.request.NettyRequestSender - Using open Channel [id: 0xa3eb5194, L:/127.0.0.1:57639 - R:localhost/127.0.0.1:3330] for POST '/session/c87e9afbcf2f0f711cc9128dd9bd6f4e/window/maximize'
19:05:09.441 [AsyncHttpClient-1-13] DEBUG org.asynchttpclient.netty.handler.HttpHandler - 

Request DefaultHttpRequest(decodeResult: success, version: HTTP/1.1)
POST /session/c87e9afbcf2f0f711cc9128dd9bd6f4e/window/maximize HTTP/1.1
User-Agent: selenium/4.8.3 (java windows)
Content-Length: 3
Content-Type: application/json; charset=utf-8
host: localhost:3330
accept: */*

Response DefaultHttpResponse(decodeResult: success, version: HTTP/1.1)
HTTP/1.1 200 OK
Content-Length: 51
Content-Type: application/json; charset=utf-8
cache-control: no-cache

19:05:09.441 [AsyncHttpClient-1-13] DEBUG org.asynchttpclient.netty.channel.ChannelManager - Adding key: http://localhost:3330 for channel [id: 0xa3eb5194, L:/127.0.0.1:57639 - R:localhost/127.0.0.1:3330]
19:05:09.443 [Forwarding get on session c87e9afbcf2f0f711cc9128dd9bd6f4e to remote] DEBUG org.asynchttpclient.netty.request.NettyRequestSender - Using pooled Channel '[id: 0xa3eb5194, L:/127.0.0.1:57639 - R:localhost/127.0.0.1:3330]' for 'POST' to 'http://localhost:3330/session/c87e9afbcf2f0f711cc9128dd9bd6f4e/url'
19:05:09.443 [Forwarding get on session c87e9afbcf2f0f711cc9128dd9bd6f4e to remote] DEBUG org.asynchttpclient.netty.request.NettyRequestSender - Using open Channel [id: 0xa3eb5194, L:/127.0.0.1:57639 - R:localhost/127.0.0.1:3330] for POST '/session/c87e9afbcf2f0f711cc9128dd9bd6f4e/url'
19:05:09.737 [AsyncHttpClient-1-1] DEBUG org.asynchttpclient.netty.channel.DefaultChannelPool - Entry count for : http://localhost:57640 : 1
19:05:10.744 [AsyncHttpClient-1-13] DEBUG org.asynchttpclient.netty.handler.HttpHandler - 

Request DefaultHttpRequest(decodeResult: success, version: HTTP/1.1)
POST /session/c87e9afbcf2f0f711cc9128dd9bd6f4e/url HTTP/1.1
User-Agent: selenium/4.8.3 (java windows)
Content-Length: 52
Content-Type: application/json; charset=utf-8
host: localhost:3330
accept: */*

Response DefaultHttpResponse(decodeResult: success, version: HTTP/1.1)
HTTP/1.1 200 OK
Content-Length: 14
Content-Type: application/json; charset=utf-8
cache-control: no-cache

19:05:10.744 [AsyncHttpClient-1-13] DEBUG org.asynchttpclient.netty.channel.ChannelManager - Adding key: http://localhost:3330 for channel [id: 0xa3eb5194, L:/127.0.0.1:57639 - R:localhost/127.0.0.1:3330]
2023-06-06 19:05:10 INFO  BaseTest:104 - Test driver set up done successfully**********
2023-06-06 19:05:10 INFO  BaseTest:122 - Logging in to portal
19:05:10.746 [Forwarding findElement on session c87e9afbcf2f0f711cc9128dd9bd6f4e to remote] DEBUG org.asynchttpclient.netty.request.NettyRequestSender - Using pooled Channel '[id: 0xa3eb5194, L:/127.0.0.1:57639 - R:localhost/127.0.0.1:3330]' for 'POST' to 'http://localhost:3330/session/c87e9afbcf2f0f711cc9128dd9bd6f4e/element'
19:05:10.746 [Forwarding findElement on session c87e9afbcf2f0f711cc9128dd9bd6f4e to remote] DEBUG org.asynchttpclient.netty.request.NettyRequestSender - Using open Channel [id: 0xa3eb5194, L:/127.0.0.1:57639 - R:localhost/127.0.0.1:3330] for POST '/session/c87e9afbcf2f0f711cc9128dd9bd6f4e/element'
19:05:10.760 [AsyncHttpClient-1-13] DEBUG org.asynchttpclient.netty.handler.HttpHandler - 

Request DefaultHttpRequest(decodeResult: success, version: HTTP/1.1)
POST /session/c87e9afbcf2f0f711cc9128dd9bd6f4e/element HTTP/1.1
User-Agent: selenium/4.8.3 (java windows)
Content-Length: 59
Content-Type: application/json; charset=utf-8
host: localhost:3330
accept: */*

Response DefaultHttpResponse(decodeResult: success, version: HTTP/1.1)
HTTP/1.1 200 OK
Content-Length: 95
Content-Type: application/json; charset=utf-8
cache-control: no-cache

19:05:10.760 [AsyncHttpClient-1-13] DEBUG org.asynchttpclient.netty.channel.ChannelManager - Adding key: http://localhost:3330 for channel [id: 0xa3eb5194, L:/127.0.0.1:57639 - R:localhost/127.0.0.1:3330]
19:05:10.761 [Forwarding clearElement on session c87e9afbcf2f0f711cc9128dd9bd6f4e to remote] DEBUG org.asynchttpclient.netty.request.NettyRequestSender - Using pooled Channel '[id: 0xa3eb5194, L:/127.0.0.1:57639 - R:localhost/127.0.0.1:3330]' for 'POST' to 'http://localhost:3330/session/c87e9afbcf2f0f711cc9128dd9bd6f4e/element/AEFC9B4F25190CD5419222AF247FF03C_element_26/clear'
19:05:10.761 [Forwarding clearElement on session c87e9afbcf2f0f711cc9128dd9bd6f4e to remote] DEBUG org.asynchttpclient.netty.request.NettyRequestSender - Using open Channel [id: 0xa3eb5194, L:/127.0.0.1:57639 - R:localhost/127.0.0.1:3330] for POST '/session/c87e9afbcf2f0f711cc9128dd9bd6f4e/element/AEFC9B4F25190CD5419222AF247FF03C_element_26/clear'
19:05:10.805 [AsyncHttpClient-1-13] DEBUG org.asynchttpclient.netty.handler.HttpHandler - 

Request DefaultHttpRequest(decodeResult: success, version: HTTP/1.1)
POST /session/c87e9afbcf2f0f711cc9128dd9bd6f4e/element/AEFC9B4F25190CD5419222AF247FF03C_element_26/clear HTTP/1.1
User-Agent: selenium/4.8.3 (java windows)
Content-Length: 57
Content-Type: application/json; charset=utf-8
host: localhost:3330
accept: */*

Response DefaultHttpResponse(decodeResult: success, version: HTTP/1.1)
HTTP/1.1 200 OK
Content-Length: 14
Content-Type: application/json; charset=utf-8
cache-control: no-cache

19:05:10.805 [AsyncHttpClient-1-13] DEBUG org.asynchttpclient.netty.channel.ChannelManager - Adding key: http://localhost:3330 for channel [id: 0xa3eb5194, L:/127.0.0.1:57639 - R:localhost/127.0.0.1:3330]
19:05:10.806 [Forwarding findElement on session c87e9afbcf2f0f711cc9128dd9bd6f4e to remote] DEBUG org.asynchttpclient.netty.request.NettyRequestSender - Using pooled Channel '[id: 0xa3eb5194, L:/127.0.0.1:57639 - R:localhost/127.0.0.1:3330]' for 'POST' to 'http://localhost:3330/session/c87e9afbcf2f0f711cc9128dd9bd6f4e/element'
19:05:10.806 [Forwarding findElement on session c87e9afbcf2f0f711cc9128dd9bd6f4e to remote] DEBUG org.asynchttpclient.netty.request.NettyRequestSender - Using open Channel [id: 0xa3eb5194, L:/127.0.0.1:57639 - R:localhost/127.0.0.1:3330] for POST '/session/c87e9afbcf2f0f711cc9128dd9bd6f4e/element'
19:05:10.816 [AsyncHttpClient-1-13] DEBUG org.asynchttpclient.netty.handler.HttpHandler - 

Request DefaultHttpRequest(decodeResult: success, version: HTTP/1.1)
POST /session/c87e9afbcf2f0f711cc9128dd9bd6f4e/element HTTP/1.1
User-Agent: selenium/4.8.3 (java windows)
Content-Length: 59
Content-Type: application/json; charset=utf-8
host: localhost:3330
accept: */*

Response DefaultHttpResponse(decodeResult: success, version: HTTP/1.1)
HTTP/1.1 200 OK
Content-Length: 95
Content-Type: application/json; charset=utf-8
cache-control: no-cache

19:05:10.816 [AsyncHttpClient-1-13] DEBUG org.asynchttpclient.netty.channel.ChannelManager - Adding key: http://localhost:3330 for channel [id: 0xa3eb5194, L:/127.0.0.1:57639 - R:localhost/127.0.0.1:3330]
19:05:10.817 [Forwarding sendKeysToElement on session c87e9afbcf2f0f711cc9128dd9bd6f4e to remote] DEBUG org.asynchttpclient.netty.request.NettyRequestSender - Using pooled Channel '[id: 0xa3eb5194, L:/127.0.0.1:57639 - R:localhost/127.0.0.1:3330]' for 'POST' to 'http://localhost:3330/session/c87e9afbcf2f0f711cc9128dd9bd6f4e/element/AEFC9B4F25190CD5419222AF247FF03C_element_26/value'
19:05:10.817 [Forwarding sendKeysToElement on session c87e9afbcf2f0f711cc9128dd9bd6f4e to remote] DEBUG org.asynchttpclient.netty.request.NettyRequestSender - Using open Channel [id: 0xa3eb5194, L:/127.0.0.1:57639 - R:localhost/127.0.0.1:3330] for POST '/session/c87e9afbcf2f0f711cc9128dd9bd6f4e/element/AEFC9B4F25190CD5419222AF247FF03C_element_26/value'
19:05:10.837 [AsyncHttpClient-1-1] DEBUG org.asynchttpclient.netty.channel.DefaultChannelPool - Entry count for : http://localhost:57640 : 1
19:05:10.912 [AsyncHttpClient-1-13] DEBUG org.asynchttpclient.netty.handler.HttpHandler - 

Request DefaultHttpRequest(decodeResult: success, version: HTTP/1.1)
POST /session/c87e9afbcf2f0f711cc9128dd9bd6f4e/element/AEFC9B4F25190CD5419222AF247FF03C_element_26/value HTTP/1.1
User-Agent: selenium/4.8.3 (java windows)
Content-Length: 188
Content-Type: application/json; charset=utf-8
host: localhost:3330
accept: */*

Response DefaultHttpResponse(decodeResult: success, version: HTTP/1.1)
HTTP/1.1 200 OK
Content-Length: 14
Content-Type: application/json; charset=utf-8
cache-control: no-cache

19:05:10.912 [AsyncHttpClient-1-13] DEBUG org.asynchttpclient.netty.channel.ChannelManager - Adding key: http://localhost:3330 for channel [id: 0xa3eb5194, L:/127.0.0.1:57639 - R:localhost/127.0.0.1:3330]
19:05:10.913 [Forwarding findElement on session c87e9afbcf2f0f711cc9128dd9bd6f4e to remote] DEBUG org.asynchttpclient.netty.request.NettyRequestSender - Using pooled Channel '[id: 0xa3eb5194, L:/127.0.0.1:57639 - R:localhost/127.0.0.1:3330]' for 'POST' to 'http://localhost:3330/session/c87e9afbcf2f0f711cc9128dd9bd6f4e/element'
19:05:10.913 [Forwarding findElement on session c87e9afbcf2f0f711cc9128dd9bd6f4e to remote] DEBUG org.asynchttpclient.netty.request.NettyRequestSender - Using open Channel [id: 0xa3eb5194, L:/127.0.0.1:57639 - R:localhost/127.0.0.1:3330] for POST '/session/c87e9afbcf2f0f711cc9128dd9bd6f4e/element'
19:05:10.936 [AsyncHttpClient-1-13] DEBUG org.asynchttpclient.netty.handler.HttpHandler - 

Request DefaultHttpRequest(decodeResult: success, version: HTTP/1.1)
POST /session/c87e9afbcf2f0f711cc9128dd9bd6f4e/element HTTP/1.1
User-Agent: selenium/4.8.3 (java windows)
Content-Length: 62
Content-Type: application/json; charset=utf-8
host: localhost:3330
accept: */*

Response DefaultHttpResponse(decodeResult: success, version: HTTP/1.1)
HTTP/1.1 200 OK
Content-Length: 95
Content-Type: application/json; charset=utf-8
cache-control: no-cache

19:05:10.936 [AsyncHttpClient-1-13] DEBUG org.asynchttpclient.netty.channel.ChannelManager - Adding key: http://localhost:3330 for channel [id: 0xa3eb5194, L:/127.0.0.1:57639 - R:localhost/127.0.0.1:3330]
19:05:10.938 [Forwarding clearElement on session c87e9afbcf2f0f711cc9128dd9bd6f4e to remote] DEBUG org.asynchttpclient.netty.request.NettyRequestSender - Using pooled Channel '[id: 0xa3eb5194, L:/127.0.0.1:57639 - R:localhost/127.0.0.1:3330]' for 'POST' to 'http://localhost:3330/session/c87e9afbcf2f0f711cc9128dd9bd6f4e/element/AEFC9B4F25190CD5419222AF247FF03C_element_32/clear'
19:05:10.938 [Forwarding clearElement on session c87e9afbcf2f0f711cc9128dd9bd6f4e to remote] DEBUG org.asynchttpclient.netty.request.NettyRequestSender - Using open Channel [id: 0xa3eb5194, L:/127.0.0.1:57639 - R:localhost/127.0.0.1:3330] for POST '/session/c87e9afbcf2f0f711cc9128dd9bd6f4e/element/AEFC9B4F25190CD5419222AF247FF03C_element_32/clear'
19:05:10.965 [AsyncHttpClient-1-13] DEBUG org.asynchttpclient.netty.handler.HttpHandler - 

Request DefaultHttpRequest(decodeResult: success, version: HTTP/1.1)
POST /session/c87e9afbcf2f0f711cc9128dd9bd6f4e/element/AEFC9B4F25190CD5419222AF247FF03C_element_32/clear HTTP/1.1
User-Agent: selenium/4.8.3 (java windows)
Content-Length: 57
Content-Type: application/json; charset=utf-8
host: localhost:3330
accept: */*

Response DefaultHttpResponse(decodeResult: success, version: HTTP/1.1)
HTTP/1.1 200 OK
Content-Length: 14
Content-Type: application/json; charset=utf-8
cache-control: no-cache

19:05:10.965 [AsyncHttpClient-1-13] DEBUG org.asynchttpclient.netty.channel.ChannelManager - Adding key: http://localhost:3330 for channel [id: 0xa3eb5194, L:/127.0.0.1:57639 - R:localhost/127.0.0.1:3330]
19:05:10.966 [Forwarding findElement on session c87e9afbcf2f0f711cc9128dd9bd6f4e to remote] DEBUG org.asynchttpclient.netty.request.NettyRequestSender - Using pooled Channel '[id: 0xa3eb5194, L:/127.0.0.1:57639 - R:localhost/127.0.0.1:3330]' for 'POST' to 'http://localhost:3330/session/c87e9afbcf2f0f711cc9128dd9bd6f4e/element'
19:05:10.966 [Forwarding findElement on session c87e9afbcf2f0f711cc9128dd9bd6f4e to remote] DEBUG org.asynchttpclient.netty.request.NettyRequestSender - Using open Channel [id: 0xa3eb5194, L:/127.0.0.1:57639 - R:localhost/127.0.0.1:3330] for POST '/session/c87e9afbcf2f0f711cc9128dd9bd6f4e/element'
19:05:10.972 [AsyncHttpClient-1-13] DEBUG org.asynchttpclient.netty.handler.HttpHandler - 

Request DefaultHttpRequest(decodeResult: success, version: HTTP/1.1)
POST /session/c87e9afbcf2f0f711cc9128dd9bd6f4e/element HTTP/1.1
User-Agent: selenium/4.8.3 (java windows)
Content-Length: 62
Content-Type: application/json; charset=utf-8
host: localhost:3330
accept: */*

Response DefaultHttpResponse(decodeResult: success, version: HTTP/1.1)
HTTP/1.1 200 OK
Content-Length: 95
Content-Type: application/json; charset=utf-8
cache-control: no-cache

19:05:10.972 [AsyncHttpClient-1-13] DEBUG org.asynchttpclient.netty.channel.ChannelManager - Adding key: http://localhost:3330 for channel [id: 0xa3eb5194, L:/127.0.0.1:57639 - R:localhost/127.0.0.1:3330]
19:05:10.973 [Forwarding sendKeysToElement on session c87e9afbcf2f0f711cc9128dd9bd6f4e to remote] DEBUG org.asynchttpclient.netty.request.NettyRequestSender - Using pooled Channel '[id: 0xa3eb5194, L:/127.0.0.1:57639 - R:localhost/127.0.0.1:3330]' for 'POST' to 'http://localhost:3330/session/c87e9afbcf2f0f711cc9128dd9bd6f4e/element/AEFC9B4F25190CD5419222AF247FF03C_element_32/value'
19:05:10.973 [Forwarding sendKeysToElement on session c87e9afbcf2f0f711cc9128dd9bd6f4e to remote] DEBUG org.asynchttpclient.netty.request.NettyRequestSender - Using open Channel [id: 0xa3eb5194, L:/127.0.0.1:57639 - R:localhost/127.0.0.1:3330] for POST '/session/c87e9afbcf2f0f711cc9128dd9bd6f4e/element/AEFC9B4F25190CD5419222AF247FF03C_element_32/value'
19:05:11.037 [AsyncHttpClient-1-13] DEBUG org.asynchttpclient.netty.handler.HttpHandler - 

Request DefaultHttpRequest(decodeResult: success, version: HTTP/1.1)
POST /session/c87e9afbcf2f0f711cc9128dd9bd6f4e/element/AEFC9B4F25190CD5419222AF247FF03C_element_32/value HTTP/1.1
User-Agent: selenium/4.8.3 (java windows)
Content-Length: 148
Content-Type: application/json; charset=utf-8
host: localhost:3330
accept: */*

Response DefaultHttpResponse(decodeResult: success, version: HTTP/1.1)
HTTP/1.1 200 OK
Content-Length: 14
Content-Type: application/json; charset=utf-8
cache-control: no-cache

19:05:11.037 [AsyncHttpClient-1-13] DEBUG org.asynchttpclient.netty.channel.ChannelManager - Adding key: http://localhost:3330 for channel [id: 0xa3eb5194, L:/127.0.0.1:57639 - R:localhost/127.0.0.1:3330]
19:05:11.039 [Forwarding findElement on session c87e9afbcf2f0f711cc9128dd9bd6f4e to remote] DEBUG org.asynchttpclient.netty.request.NettyRequestSender - Using pooled Channel '[id: 0xa3eb5194, L:/127.0.0.1:57639 - R:localhost/127.0.0.1:3330]' for 'POST' to 'http://localhost:3330/session/c87e9afbcf2f0f711cc9128dd9bd6f4e/element'
19:05:11.039 [Forwarding findElement on session c87e9afbcf2f0f711cc9128dd9bd6f4e to remote] DEBUG org.asynchttpclient.netty.request.NettyRequestSender - Using open Channel [id: 0xa3eb5194, L:/127.0.0.1:57639 - R:localhost/127.0.0.1:3330] for POST '/session/c87e9afbcf2f0f711cc9128dd9bd6f4e/element'
19:05:11.054 [AsyncHttpClient-1-13] DEBUG org.asynchttpclient.netty.handler.HttpHandler - 

Request DefaultHttpRequest(decodeResult: success, version: HTTP/1.1)
POST /session/c87e9afbcf2f0f711cc9128dd9bd6f4e/element HTTP/1.1
User-Agent: selenium/4.8.3 (java windows)
Content-Length: 71
Content-Type: application/json; charset=utf-8
host: localhost:3330
accept: */*

Response DefaultHttpResponse(decodeResult: success, version: HTTP/1.1)
HTTP/1.1 200 OK
Content-Length: 95
Content-Type: application/json; charset=utf-8
cache-control: no-cache

19:05:11.054 [AsyncHttpClient-1-13] DEBUG org.asynchttpclient.netty.channel.ChannelManager - Adding key: http://localhost:3330 for channel [id: 0xa3eb5194, L:/127.0.0.1:57639 - R:localhost/127.0.0.1:3330]
19:05:11.056 [Forwarding clickElement on session c87e9afbcf2f0f711cc9128dd9bd6f4e to remote] DEBUG org.asynchttpclient.netty.request.NettyRequestSender - Using pooled Channel '[id: 0xa3eb5194, L:/127.0.0.1:57639 - R:localhost/127.0.0.1:3330]' for 'POST' to 'http://localhost:3330/session/c87e9afbcf2f0f711cc9128dd9bd6f4e/element/AEFC9B4F25190CD5419222AF247FF03C_element_33/click'
19:05:11.056 [Forwarding clickElement on session c87e9afbcf2f0f711cc9128dd9bd6f4e to remote] DEBUG org.asynchttpclient.netty.request.NettyRequestSender - Using open Channel [id: 0xa3eb5194, L:/127.0.0.1:57639 - R:localhost/127.0.0.1:3330] for POST '/session/c87e9afbcf2f0f711cc9128dd9bd6f4e/element/AEFC9B4F25190CD5419222AF247FF03C_element_33/click'
19:05:11.099 [AsyncHttpClient-1-13] DEBUG org.asynchttpclient.netty.handler.HttpHandler - 

Request DefaultHttpRequest(decodeResult: success, version: HTTP/1.1)
POST /session/c87e9afbcf2f0f711cc9128dd9bd6f4e/element/AEFC9B4F25190CD5419222AF247FF03C_element_33/click HTTP/1.1
User-Agent: selenium/4.8.3 (java windows)
Content-Length: 57
Content-Type: application/json; charset=utf-8
host: localhost:3330
accept: */*

Response DefaultHttpResponse(decodeResult: success, version: HTTP/1.1)
HTTP/1.1 200 OK
Content-Length: 14
Content-Type: application/json; charset=utf-8
cache-control: no-cache

19:05:11.099 [AsyncHttpClient-1-13] DEBUG org.asynchttpclient.netty.channel.ChannelManager - Adding key: http://localhost:3330 for channel [id: 0xa3eb5194, L:/127.0.0.1:57639 - R:localhost/127.0.0.1:3330]
2023-06-06 19:05:11 INFO  BaseTest:126 - Logged in
19:05:11.100 [rp-io-85] DEBUG com.epam.reportportal.service.Launch - Starting test item...rp-io-85
2023-06-06 19:05:11 INFO  Listeners:34 - Started Test null
19:05:11.101 [Forwarding findElement on session c87e9afbcf2f0f711cc9128dd9bd6f4e to remote] DEBUG org.asynchttpclient.netty.request.NettyRequestSender - Using pooled Channel '[id: 0xa3eb5194, L:/127.0.0.1:57639 - R:localhost/127.0.0.1:3330]' for 'POST' to 'http://localhost:3330/session/c87e9afbcf2f0f711cc9128dd9bd6f4e/element'
19:05:11.101 [Forwarding findElement on session c87e9afbcf2f0f711cc9128dd9bd6f4e to remote] DEBUG org.asynchttpclient.netty.request.NettyRequestSender - Using open Channel [id: 0xa3eb5194, L:/127.0.0.1:57639 - R:localhost/127.0.0.1:3330] for POST '/session/c87e9afbcf2f0f711cc9128dd9bd6f4e/element'
19:05:11.115 [rp-io-83] DEBUG com.epam.reportportal.service.Launch - TestItem with ID = 'c3ef7d87-866a-4657-999d-0867a8d7921b' successfully finished.
19:05:11.115 [rp-io-83] DEBUG com.epam.reportportal.utils.SubscriptionUtils - Finish test item completed
19:05:11.122 [rp-io-85] DEBUG com.epam.reportportal.service.Launch - ReportPortal item with ID 'e81ee929-93a1-4fae-bb0c-b6872d26fc2f' has been created
19:05:11.122 [rp-io-85] DEBUG com.epam.reportportal.utils.SubscriptionUtils - Start test item successfully completed
19:05:11.455 [AsyncHttpClient-1-13] DEBUG org.asynchttpclient.netty.handler.HttpHandler - 

Request DefaultHttpRequest(decodeResult: success, version: HTTP/1.1)
POST /session/c87e9afbcf2f0f711cc9128dd9bd6f4e/element HTTP/1.1
User-Agent: selenium/4.8.3 (java windows)
Content-Length: 168
Content-Type: application/json; charset=utf-8
host: localhost:3330
accept: */*

Response DefaultHttpResponse(decodeResult: success, version: HTTP/1.1)
HTTP/1.1 200 OK
Content-Length: 95
Content-Type: application/json; charset=utf-8
cache-control: no-cache

19:05:11.455 [AsyncHttpClient-1-13] DEBUG org.asynchttpclient.netty.channel.ChannelManager - Adding key: http://localhost:3330 for channel [id: 0xa3eb5194, L:/127.0.0.1:57639 - R:localhost/127.0.0.1:3330]
19:05:11.456 [Forwarding clickElement on session c87e9afbcf2f0f711cc9128dd9bd6f4e to remote] DEBUG org.asynchttpclient.netty.request.NettyRequestSender - Using pooled Channel '[id: 0xa3eb5194, L:/127.0.0.1:57639 - R:localhost/127.0.0.1:3330]' for 'POST' to 'http://localhost:3330/session/c87e9afbcf2f0f711cc9128dd9bd6f4e/element/AEFC9B4F25190CD5419222AF247FF03C_element_43/click'
19:05:11.456 [Forwarding clickElement on session c87e9afbcf2f0f711cc9128dd9bd6f4e to remote] DEBUG org.asynchttpclient.netty.request.NettyRequestSender - Using open Channel [id: 0xa3eb5194, L:/127.0.0.1:57639 - R:localhost/127.0.0.1:3330] for POST '/session/c87e9afbcf2f0f711cc9128dd9bd6f4e/element/AEFC9B4F25190CD5419222AF247FF03C_element_43/click'
19:05:11.680 [AsyncHttpClient-1-13] DEBUG org.asynchttpclient.netty.handler.HttpHandler - 

Request DefaultHttpRequest(decodeResult: success, version: HTTP/1.1)
POST /session/c87e9afbcf2f0f711cc9128dd9bd6f4e/element/AEFC9B4F25190CD5419222AF247FF03C_element_43/click HTTP/1.1
User-Agent: selenium/4.8.3 (java windows)
Content-Length: 57
Content-Type: application/json; charset=utf-8
host: localhost:3330
accept: */*

Response DefaultHttpResponse(decodeResult: success, version: HTTP/1.1)
HTTP/1.1 200 OK
Content-Length: 14
Content-Type: application/json; charset=utf-8
cache-control: no-cache

19:05:11.680 [AsyncHttpClient-1-13] DEBUG org.asynchttpclient.netty.channel.ChannelManager - Adding key: http://localhost:3330 for channel [id: 0xa3eb5194, L:/127.0.0.1:57639 - R:localhost/127.0.0.1:3330]
19:05:11.682 [Forwarding findElement on session c87e9afbcf2f0f711cc9128dd9bd6f4e to remote] DEBUG org.asynchttpclient.netty.request.NettyRequestSender - Using pooled Channel '[id: 0xa3eb5194, L:/127.0.0.1:57639 - R:localhost/127.0.0.1:3330]' for 'POST' to 'http://localhost:3330/session/c87e9afbcf2f0f711cc9128dd9bd6f4e/element'
19:05:11.682 [Forwarding findElement on session c87e9afbcf2f0f711cc9128dd9bd6f4e to remote] DEBUG org.asynchttpclient.netty.request.NettyRequestSender - Using open Channel [id: 0xa3eb5194, L:/127.0.0.1:57639 - R:localhost/127.0.0.1:3330] for POST '/session/c87e9afbcf2f0f711cc9128dd9bd6f4e/element'
19:05:11.936 [AsyncHttpClient-1-1] DEBUG org.asynchttpclient.netty.channel.DefaultChannelPool - Entry count for : http://localhost:57640 : 1
19:05:13.036 [AsyncHttpClient-1-1] DEBUG org.asynchttpclient.netty.channel.DefaultChannelPool - Entry count for : http://localhost:57640 : 1
19:05:14.137 [AsyncHttpClient-1-1] DEBUG org.asynchttpclient.netty.channel.DefaultChannelPool - Entry count for : http://localhost:57640 : 1
19:05:15.238 [AsyncHttpClient-1-1] DEBUG org.asynchttpclient.netty.channel.DefaultChannelPool - Entry count for : http://localhost:57640 : 1
19:05:15.802 [AsyncHttpClient-1-13] DEBUG org.asynchttpclient.netty.handler.HttpHandler - 

Request DefaultHttpRequest(decodeResult: success, version: HTTP/1.1)
POST /session/c87e9afbcf2f0f711cc9128dd9bd6f4e/element HTTP/1.1
User-Agent: selenium/4.8.3 (java windows)
Content-Length: 85
Content-Type: application/json; charset=utf-8
host: localhost:3330
accept: */*

Response DefaultHttpResponse(decodeResult: success, version: HTTP/1.1)
HTTP/1.1 404 Not Found
Content-Length: 975
Content-Type: application/json; charset=utf-8
cache-control: no-cache

19:05:15.802 [AsyncHttpClient-1-13] DEBUG org.asynchttpclient.netty.channel.ChannelManager - Adding key: http://localhost:3330 for channel [id: 0xa3eb5194, L:/127.0.0.1:57639 - R:localhost/127.0.0.1:3330]
2023-06-06 19:05:15 INFO  Listeners:55 - Skipped test null
19:05:15.803 [main] ERROR com.epam.reportportal.service.Launch - Item io.reactivex.internal.operators.maybe.MaybeCache@359fd0a2 not found in the cache
]]></system-out>
    <system-err><![CDATA[Starting ChromeDriver 114.0.5735.90 (386bc09e8f4f2e025eddae123f36f6263096ae49-refs/branch-heads/5735@{#1052}) on port 3330
Only local connections are allowed.
Please see https://chromedriver.chromium.org/security-considerations for suggestions on keeping ChromeDriver safe.
ChromeDriver was started successfully.
Jun 06, 2023 7:05:09 PM org.openqa.selenium.devtools.CdpVersionFinder findNearestMatch
WARNING: Unable to find an exact match for CDP version 114, so returning the closest version found: 111
]]></system-err>
  </testcase>
  <testcase name="searchDashboardNameDP[FAILED CASES TREND CHART](11)" classname="alltests.uitest.coreTest.DashboardPageTest" time="4.585">
    <failure message="no such element: Unable to locate element: {&quot;method&quot;:&quot;xpath&quot;,&quot;selector&quot;:&quot;//*[text()=&apos;FAILED CASES TREND CHART&apos;]&quot;}&#10;  (Session info: chrome=114.0.5735.110)&#10;For documentation on this error, please visit: https://selenium.dev/exceptions/#no_such_element&#10;Build info: version: &apos;4.8.3&apos;, revision: &apos;e5e76298c3&apos;&#10;System info: os.name: &apos;Windows 10&apos;, os.arch: &apos;amd64&apos;, os.version: &apos;10.0&apos;, java.version: &apos;17.0.3.1&apos;&#10;Driver info: org.openqa.selenium.chrome.ChromeDriver&#10;Command: [fe474e512e4bd4f533f7f0af648705d0, findElement {using=xpath, value=//*[text()=&apos;FAILED CASES TREND CHART&apos;]}]&#10;Capabilities {acceptInsecureCerts: false, browserName: chrome, browserVersion: 114.0.5735.110, chrome: {chromedriverVersion: 114.0.5735.90 (386bc09e8f4f..., userDataDir: C:\Users\SUWARN~1\AppData\L...}, goog:chromeOptions: {debuggerAddress: localhost:57672}, networkConnectionEnabled: false, pageLoadStrategy: normal, platformName: WINDOWS, proxy: Proxy(), se:cdp: ws://localhost:57672/devtoo..., se:cdpVersion: 114.0.5735.110, setWindowRect: true, strictFileInteractability: false, timeouts: {implicit: 0, pageLoad: 300000, script: 30000}, unhandledPromptBehavior: dismiss and notify, webauthn:extension:credBlob: true, webauthn:extension:largeBlob: true, webauthn:extension:minPinLength: true, webauthn:extension:prf: true, webauthn:virtualAuthenticators: true}&#10;Session ID: fe474e512e4bd4f533f7f0af648705d0" type="org.openqa.selenium.NoSuchElementException"><![CDATA[org.openqa.selenium.NoSuchElementException: 
no such element: Unable to locate element: {"method":"xpath","selector":"//*[text()='FAILED CASES TREND CHART']"}
  (Session info: chrome=114.0.5735.110)
For documentation on this error, please visit: https://selenium.dev/exceptions/#no_such_element
Build info: version: '4.8.3', revision: 'e5e76298c3'
System info: os.name: 'Windows 10', os.arch: 'amd64', os.version: '10.0', java.version: '17.0.3.1'
Driver info: org.openqa.selenium.chrome.ChromeDriver
Command: [fe474e512e4bd4f533f7f0af648705d0, findElement {using=xpath, value=//*[text()='FAILED CASES TREND CHART']}]
Capabilities {acceptInsecureCerts: false, browserName: chrome, browserVersion: 114.0.5735.110, chrome: {chromedriverVersion: 114.0.5735.90 (386bc09e8f4f..., userDataDir: C:\Users\SUWARN~1\AppData\L...}, goog:chromeOptions: {debuggerAddress: localhost:57672}, networkConnectionEnabled: false, pageLoadStrategy: normal, platformName: WINDOWS, proxy: Proxy(), se:cdp: ws://localhost:57672/devtoo..., se:cdpVersion: 114.0.5735.110, setWindowRect: true, strictFileInteractability: false, timeouts: {implicit: 0, pageLoad: 300000, script: 30000}, unhandledPromptBehavior: dismiss and notify, webauthn:extension:credBlob: true, webauthn:extension:largeBlob: true, webauthn:extension:minPinLength: true, webauthn:extension:prf: true, webauthn:virtualAuthenticators: true}
Session ID: fe474e512e4bd4f533f7f0af648705d0
	at java.base/jdk.internal.reflect.NativeConstructorAccessorImpl.newInstance0(Native Method)
	at java.base/jdk.internal.reflect.NativeConstructorAccessorImpl.newInstance(NativeConstructorAccessorImpl.java:77)
	at java.base/jdk.internal.reflect.DelegatingConstructorAccessorImpl.newInstance(DelegatingConstructorAccessorImpl.java:45)
	at java.base/java.lang.reflect.Constructor.newInstanceWithCaller(Constructor.java:499)
	at java.base/java.lang.reflect.Constructor.newInstance(Constructor.java:480)
	at org.openqa.selenium.remote.codec.w3c.W3CHttpResponseCodec.createException(W3CHttpResponseCodec.java:200)
	at org.openqa.selenium.remote.codec.w3c.W3CHttpResponseCodec.decode(W3CHttpResponseCodec.java:133)
	at org.openqa.selenium.remote.codec.w3c.W3CHttpResponseCodec.decode(W3CHttpResponseCodec.java:53)
	at org.openqa.selenium.remote.HttpCommandExecutor.execute(HttpCommandExecutor.java:193)
	at org.openqa.selenium.remote.service.DriverCommandExecutor.invokeExecute(DriverCommandExecutor.java:183)
	at org.openqa.selenium.remote.service.DriverCommandExecutor.execute(DriverCommandExecutor.java:158)
	at org.openqa.selenium.remote.RemoteWebDriver.execute(RemoteWebDriver.java:543)
	at org.openqa.selenium.remote.ElementLocation$ElementFinder$2.findElement(ElementLocation.java:162)
	at org.openqa.selenium.remote.ElementLocation.findElement(ElementLocation.java:60)
	at org.openqa.selenium.remote.RemoteWebDriver.findElement(RemoteWebDriver.java:352)
	at org.openqa.selenium.remote.RemoteWebDriver.findElement(RemoteWebDriver.java:344)
	at pageobject.DemoDashboard.verifyNamesOfWidgetPresetOnDemoDashboard(DemoDashboard.java:31)
	at alltests.uitest.coreTest.DashboardPageTest.searchDashboardNameDP(DashboardPageTest.java:40)
	at java.base/jdk.internal.reflect.NativeMethodAccessorImpl.invoke0(Native Method)
	at java.base/jdk.internal.reflect.NativeMethodAccessorImpl.invoke(NativeMethodAccessorImpl.java:77)
	at java.base/jdk.internal.reflect.DelegatingMethodAccessorImpl.invoke(DelegatingMethodAccessorImpl.java:43)
	at java.base/java.lang.reflect.Method.invoke(Method.java:568)
	at org.testng.internal.invokers.MethodInvocationHelper.invokeMethod(MethodInvocationHelper.java:139)
	at org.testng.internal.invokers.TestInvoker.invokeMethod(TestInvoker.java:677)
	at org.testng.internal.invokers.TestInvoker.retryFailed(TestInvoker.java:263)
	at org.testng.internal.invokers.MethodRunner.runInSequence(MethodRunner.java:62)
	at org.testng.internal.invokers.TestInvoker$MethodInvocationAgent.invoke(TestInvoker.java:969)
	at org.testng.internal.invokers.TestInvoker.invokeTestMethods(TestInvoker.java:194)
	at org.testng.internal.invokers.TestMethodWorker.invokeTestMethods(TestMethodWorker.java:148)
	at org.testng.internal.invokers.TestMethodWorker.run(TestMethodWorker.java:128)
	at java.base/java.util.ArrayList.forEach(ArrayList.java:1511)
	at org.testng.TestRunner.privateRun(TestRunner.java:829)
	at org.testng.TestRunner.run(TestRunner.java:602)
	at org.testng.SuiteRunner.runTest(SuiteRunner.java:437)
	at org.testng.SuiteRunner.runSequentially(SuiteRunner.java:431)
	at org.testng.SuiteRunner.privateRun(SuiteRunner.java:391)
	at org.testng.SuiteRunner.run(SuiteRunner.java:330)
	at org.testng.SuiteRunnerWorker.runSuite(SuiteRunnerWorker.java:52)
	at org.testng.SuiteRunnerWorker.run(SuiteRunnerWorker.java:95)
	at org.testng.TestNG.runSuitesSequentially(TestNG.java:1256)
	at org.testng.TestNG.runSuitesLocally(TestNG.java:1176)
	at org.testng.TestNG.runSuites(TestNG.java:1099)
	at org.testng.TestNG.run(TestNG.java:1067)
	at org.apache.maven.surefire.testng.TestNGExecutor.run(TestNGExecutor.java:308)
	at org.apache.maven.surefire.testng.TestNGXmlTestSuite.execute(TestNGXmlTestSuite.java:71)
	at org.apache.maven.surefire.testng.TestNGProvider.invoke(TestNGProvider.java:113)
	at org.apache.maven.surefire.booter.ForkedBooter.runSuitesInProcess(ForkedBooter.java:385)
	at org.apache.maven.surefire.booter.ForkedBooter.execute(ForkedBooter.java:162)
	at org.apache.maven.surefire.booter.ForkedBooter.run(ForkedBooter.java:507)
	at org.apache.maven.surefire.booter.ForkedBooter.main(ForkedBooter.java:495)
]]></failure>
    <system-out><![CDATA[19:05:15.806 [AsyncHttpClient-1-15] DEBUG org.asynchttpclient.netty.handler.WebSocketHandler - Channel Closed: [id: 0x7171565a, L:/127.0.0.1:57648 ! R:localhost/127.0.0.1:57640] with attribute NettyResponseFuture{currentRetry=0,
	isDone=1,
	isCancelled=0,
	asyncHandler=org.asynchttpclient.ws.WebSocketUpgradeHandler@6e4b1a4a,
	nettyRequest=org.asynchttpclient.netty.request.NettyRequest@13a0904f,
	future=java.util.concurrent.CompletableFuture@3f719b2d[Completed normally],
	uri=ws://localhost:57640/devtools/browser/bf4e2a15-a0af-449c-8527-6de49458afaf,
	keepAlive=true,
	redirectCount=0,
	timeoutsHolder=null,
	inAuth=0,
	touch=1686071109304}
19:05:15.806 [AsyncHttpClient-1-15] DEBUG org.asynchttpclient.netty.channel.ChannelManager - Closing Channel [id: 0x7171565a, L:/127.0.0.1:57648 ! R:localhost/127.0.0.1:57640] 
19:05:15.810 [rp-io-96] DEBUG com.epam.reportportal.service.Launch - Starting test item...rp-io-96
19:05:15.817 [Driver Command Executor] DEBUG org.asynchttpclient.netty.request.NettyRequestSender - Using pooled Channel '[id: 0xa3eb5194, L:/127.0.0.1:57639 - R:localhost/127.0.0.1:3330]' for 'DELETE' to 'http://localhost:3330/session/c87e9afbcf2f0f711cc9128dd9bd6f4e'
19:05:15.817 [Driver Command Executor] DEBUG org.asynchttpclient.netty.request.NettyRequestSender - Using open Channel [id: 0xa3eb5194, L:/127.0.0.1:57639 - R:localhost/127.0.0.1:3330] for DELETE '/session/c87e9afbcf2f0f711cc9128dd9bd6f4e'
19:05:15.853 [rp-io-87] DEBUG com.epam.reportportal.service.Launch - TestItem with ID = 'c3ef7d87-866a-4657-999d-0867a8d7921b' successfully finished.
19:05:15.853 [rp-io-87] DEBUG com.epam.reportportal.utils.SubscriptionUtils - Finish test item completed
19:05:15.875 [AsyncHttpClient-1-14] DEBUG org.asynchttpclient.netty.handler.HttpHandler - Unexpected I/O exception on channel [id: 0xcb9f7e70, L:/127.0.0.1:57647 - R:localhost/127.0.0.1:57640]
java.net.SocketException: Connection reset
	at java.base/sun.nio.ch.SocketChannelImpl.throwConnectionReset(SocketChannelImpl.java:394)
	at java.base/sun.nio.ch.SocketChannelImpl.read(SocketChannelImpl.java:426)
	at io.netty.buffer.PooledByteBuf.setBytes(PooledByteBuf.java:256)
	at io.netty.buffer.AbstractByteBuf.writeBytes(AbstractByteBuf.java:1132)
	at io.netty.channel.socket.nio.NioSocketChannel.doReadBytes(NioSocketChannel.java:357)
	at io.netty.channel.nio.AbstractNioByteChannel$NioByteUnsafe.read(AbstractNioByteChannel.java:151)
	at io.netty.channel.nio.NioEventLoop.processSelectedKey(NioEventLoop.java:788)
	at io.netty.channel.nio.NioEventLoop.processSelectedKeysOptimized(NioEventLoop.java:724)
	at io.netty.channel.nio.NioEventLoop.processSelectedKeys(NioEventLoop.java:650)
	at io.netty.channel.nio.NioEventLoop.run(NioEventLoop.java:562)
	at io.netty.util.concurrent.SingleThreadEventExecutor$4.run(SingleThreadEventExecutor.java:997)
	at io.netty.util.internal.ThreadExecutorMap$2.run(ThreadExecutorMap.java:74)
	at io.netty.util.concurrent.FastThreadLocalRunnable.run(FastThreadLocalRunnable.java:30)
	at java.base/java.lang.Thread.run(Thread.java:833)
19:05:15.876 [AsyncHttpClient-1-14] DEBUG org.asynchttpclient.netty.channel.ChannelManager - Closing Channel [id: 0xcb9f7e70, L:/127.0.0.1:57647 - R:localhost/127.0.0.1:57640] 
19:05:15.878 [AsyncHttpClient-1-14] DEBUG org.asynchttpclient.netty.handler.HttpHandler - Channel Closed: [id: 0xcb9f7e70, L:/127.0.0.1:57647 ! R:localhost/127.0.0.1:57640] with attribute DISCARD
19:05:15.896 [AsyncHttpClient-1-13] DEBUG org.asynchttpclient.netty.handler.HttpHandler - 

Request DefaultFullHttpRequest(decodeResult: success, version: HTTP/1.1, content: EmptyByteBufBE)
DELETE /session/c87e9afbcf2f0f711cc9128dd9bd6f4e HTTP/1.1
User-Agent: selenium/4.8.3 (java windows)
Content-Type: application/json; charset=utf-8
host: localhost:3330
accept: */*

Response DefaultHttpResponse(decodeResult: success, version: HTTP/1.1)
HTTP/1.1 200 OK
Content-Length: 14
Content-Type: application/json; charset=utf-8
cache-control: no-cache

19:05:15.897 [AsyncHttpClient-1-13] DEBUG org.asynchttpclient.netty.channel.ChannelManager - Adding key: http://localhost:3330 for channel [id: 0xa3eb5194, L:/127.0.0.1:57639 - R:localhost/127.0.0.1:3330]
19:05:15.897 [rp-io-91] DEBUG com.epam.reportportal.service.Launch - TestItem with ID = 'e81ee929-93a1-4fae-bb0c-b6872d26fc2f' successfully finished.
19:05:15.897 [rp-io-96] DEBUG com.epam.reportportal.service.Launch - ReportPortal item with ID '1b1a4f3a-45cb-4551-97ae-db211ec5f7ec' has been created
19:05:15.897 [rp-io-91] DEBUG com.epam.reportportal.utils.SubscriptionUtils - Finish test item completed
19:05:15.897 [rp-io-96] DEBUG com.epam.reportportal.utils.SubscriptionUtils - Start test item successfully completed
19:05:15.956 [AsyncHttpClient-1-13] DEBUG org.asynchttpclient.netty.handler.HttpHandler - Channel Closed: [id: 0xa3eb5194, L:/127.0.0.1:57639 ! R:localhost/127.0.0.1:3330] with attribute DISCARD
2023-06-06 19:05:15 INFO  BaseTest:83 - Test executed**********
2023-06-06 19:05:15 INFO  BaseTest:110 - Property files loaded successfully**********
19:05:15.971 [rp-io-0] DEBUG com.epam.reportportal.service.Launch - Starting test item...rp-io-0
19:05:15.983 [main] DEBUG io.github.bonigarcia.wdm.cache.ResolutionCache - Resolution chrome=114 in cache (valid until 19:20:28 06/06/2023 CEST)
19:05:15.983 [main] DEBUG io.github.bonigarcia.wdm.cache.ResolutionCache - Resolution chrome114=114.0.5735.90 in cache (valid until 16:16:26 07/06/2023 CEST)
19:05:15.983 [main] INFO io.github.bonigarcia.wdm.WebDriverManager - Using chromedriver 114.0.5735.90 (resolved driver for Chrome 114)
19:05:15.986 [rp-io-1] DEBUG com.epam.reportportal.service.Launch - TestItem with ID = '1b1a4f3a-45cb-4551-97ae-db211ec5f7ec' successfully finished.
19:05:15.986 [rp-io-1] DEBUG com.epam.reportportal.utils.SubscriptionUtils - Finish test item completed
19:05:15.991 [main] DEBUG io.github.bonigarcia.wdm.WebDriverManager - Driver chromedriver 114.0.5735.90 found in cache
19:05:15.992 [main] INFO io.github.bonigarcia.wdm.WebDriverManager - Exporting webdriver.chrome.driver as C:\Users\Suwarna_Wagh\.cache\selenium\chromedriver\win32\114.0.5735.90\chromedriver.exe
19:05:15.994 [rp-io-0] DEBUG com.epam.reportportal.service.Launch - ReportPortal item with ID '5d04f8c6-0061-4982-b03d-235576c2ce35' has been created
19:05:15.994 [rp-io-0] DEBUG com.epam.reportportal.utils.SubscriptionUtils - Start test item successfully completed
19:05:16.193 [AsyncHttpClient-1-16] DEBUG org.asynchttpclient.netty.channel.NettyConnectListener - Using new Channel '[id: 0x6bb77dd3, L:/127.0.0.1:57671 - R:localhost/127.0.0.1:27920]' for 'POST' to '/session'
19:05:16.337 [AsyncHttpClient-1-1] DEBUG org.asynchttpclient.netty.channel.DefaultChannelPool - Entry count for : http://localhost:57640 : 1
19:05:16.337 [AsyncHttpClient-1-1] DEBUG org.asynchttpclient.netty.channel.DefaultChannelPool - Entry count for : http://localhost:3330 : 1
19:05:16.337 [AsyncHttpClient-1-1] DEBUG org.asynchttpclient.netty.channel.DefaultChannelPool - Adding Candidate expired Channel [id: 0xcb9f7e70, L:/127.0.0.1:57647 ! R:localhost/127.0.0.1:57640] isIdleTimeoutExpired=false isRemotelyClosed=true isTtlExpired=false
19:05:16.337 [AsyncHttpClient-1-1] DEBUG org.asynchttpclient.netty.channel.DefaultChannelPool - Closing Idle Channel [id: 0xcb9f7e70, L:/127.0.0.1:57647 ! R:localhost/127.0.0.1:57640]
19:05:16.337 [AsyncHttpClient-1-1] DEBUG org.asynchttpclient.netty.channel.DefaultChannelPool - Adding Candidate expired Channel [id: 0xa3eb5194, L:/127.0.0.1:57639 ! R:localhost/127.0.0.1:3330] isIdleTimeoutExpired=false isRemotelyClosed=true isTtlExpired=false
19:05:16.337 [AsyncHttpClient-1-1] DEBUG org.asynchttpclient.netty.channel.DefaultChannelPool - Closing Idle Channel [id: 0xa3eb5194, L:/127.0.0.1:57639 ! R:localhost/127.0.0.1:3330]
19:05:16.337 [AsyncHttpClient-1-1] DEBUG org.asynchttpclient.netty.channel.DefaultChannelPool - Closed 2 connections out of 2 in 0 ms
19:05:16.913 [AsyncHttpClient-1-16] DEBUG org.asynchttpclient.netty.handler.HttpHandler - 

Request DefaultHttpRequest(decodeResult: success, version: HTTP/1.1)
POST /session HTTP/1.1
User-Agent: selenium/4.8.3 (java windows)
Content-Length: 439
Content-Type: application/json; charset=utf-8
host: localhost:27920
accept: */*

Response DefaultHttpResponse(decodeResult: success, version: HTTP/1.1)
HTTP/1.1 200 OK
Content-Length: 863
Content-Type: application/json; charset=utf-8
cache-control: no-cache

19:05:16.913 [AsyncHttpClient-1-16] DEBUG org.asynchttpclient.netty.channel.ChannelManager - Adding key: http://localhost:27920 for channel [id: 0x6bb77dd3, L:/127.0.0.1:57671 - R:localhost/127.0.0.1:27920]
19:05:16.917 [AsyncHttpClient-1-17] DEBUG org.asynchttpclient.netty.channel.NettyConnectListener - Using new Channel '[id: 0xeba03f58, L:/127.0.0.1:57679 - R:localhost/127.0.0.1:57672]' for 'GET' to '/json/version'
19:05:16.918 [AsyncHttpClient-1-17] DEBUG org.asynchttpclient.netty.handler.HttpHandler - 

Request DefaultFullHttpRequest(decodeResult: success, version: HTTP/1.1, content: EmptyByteBufBE)
GET /json/version HTTP/1.1
User-Agent: selenium/4.8.3 (java windows)
host: localhost:57672
accept: */*

Response DefaultHttpResponse(decodeResult: success, version: HTTP/1.1)
HTTP/1.1 200 OK
Content-Security-Policy: frame-ancestors 'none'
Content-Length: 424
Content-Type: application/json; charset=UTF-8

19:05:16.918 [AsyncHttpClient-1-17] DEBUG org.asynchttpclient.netty.channel.ChannelManager - Adding key: http://localhost:57672 for channel [id: 0xeba03f58, L:/127.0.0.1:57679 - R:localhost/127.0.0.1:57672]
19:05:16.920 [AsyncHttpClient-1-2] DEBUG org.asynchttpclient.netty.channel.NettyConnectListener - Using new Channel '[id: 0x8ea1de1f, L:/127.0.0.1:57680 - R:localhost/127.0.0.1:57672]' for 'GET' to '/devtools/browser/a992b3ab-363e-4148-821e-8011a43b562e'
19:05:16.921 [AsyncHttpClient-1-2] DEBUG org.asynchttpclient.netty.handler.WebSocketHandler - 

Request DefaultFullHttpRequest(decodeResult: success, version: HTTP/1.1, content: EmptyByteBufBE)
GET /devtools/browser/a992b3ab-363e-4148-821e-8011a43b562e HTTP/1.1
upgrade: websocket
connection: upgrade
sec-websocket-key: qly/vnNae/ZuSXz1W+/MoQ==
sec-websocket-version: 13
origin: http://localhost:57672
host: localhost:57672
accept: */*
user-agent: AHC/2.1

Response DefaultHttpResponse(decodeResult: success, version: HTTP/1.1)
HTTP/1.1 101 WebSocket Protocol Handshake
Upgrade: WebSocket
Connection: Upgrade
Sec-WebSocket-Accept: CQWHg5UyNOgZwypSmSQ0alsu4G4=

19:05:16.926 [Forwarding setTimeout on session fe474e512e4bd4f533f7f0af648705d0 to remote] DEBUG org.asynchttpclient.netty.request.NettyRequestSender - Using pooled Channel '[id: 0x6bb77dd3, L:/127.0.0.1:57671 - R:localhost/127.0.0.1:27920]' for 'POST' to 'http://localhost:27920/session/fe474e512e4bd4f533f7f0af648705d0/timeouts'
19:05:16.926 [Forwarding setTimeout on session fe474e512e4bd4f533f7f0af648705d0 to remote] DEBUG org.asynchttpclient.netty.request.NettyRequestSender - Using open Channel [id: 0x6bb77dd3, L:/127.0.0.1:57671 - R:localhost/127.0.0.1:27920] for POST '/session/fe474e512e4bd4f533f7f0af648705d0/timeouts'
19:05:16.927 [AsyncHttpClient-1-16] DEBUG org.asynchttpclient.netty.handler.HttpHandler - 

Request DefaultHttpRequest(decodeResult: success, version: HTTP/1.1)
POST /session/fe474e512e4bd4f533f7f0af648705d0/timeouts HTTP/1.1
User-Agent: selenium/4.8.3 (java windows)
Content-Length: 22
Content-Type: application/json; charset=utf-8
host: localhost:27920
accept: */*

Response DefaultHttpResponse(decodeResult: success, version: HTTP/1.1)
HTTP/1.1 200 OK
Content-Length: 14
Content-Type: application/json; charset=utf-8
cache-control: no-cache

19:05:16.927 [AsyncHttpClient-1-16] DEBUG org.asynchttpclient.netty.channel.ChannelManager - Adding key: http://localhost:27920 for channel [id: 0x6bb77dd3, L:/127.0.0.1:57671 - R:localhost/127.0.0.1:27920]
19:05:16.927 [Forwarding maximizeCurrentWindow on session fe474e512e4bd4f533f7f0af648705d0 to remote] DEBUG org.asynchttpclient.netty.request.NettyRequestSender - Using pooled Channel '[id: 0x6bb77dd3, L:/127.0.0.1:57671 - R:localhost/127.0.0.1:27920]' for 'POST' to 'http://localhost:27920/session/fe474e512e4bd4f533f7f0af648705d0/window/maximize'
19:05:16.927 [Forwarding maximizeCurrentWindow on session fe474e512e4bd4f533f7f0af648705d0 to remote] DEBUG org.asynchttpclient.netty.request.NettyRequestSender - Using open Channel [id: 0x6bb77dd3, L:/127.0.0.1:57671 - R:localhost/127.0.0.1:27920] for POST '/session/fe474e512e4bd4f533f7f0af648705d0/window/maximize'
19:05:17.051 [AsyncHttpClient-1-16] DEBUG org.asynchttpclient.netty.handler.HttpHandler - 

Request DefaultHttpRequest(decodeResult: success, version: HTTP/1.1)
POST /session/fe474e512e4bd4f533f7f0af648705d0/window/maximize HTTP/1.1
User-Agent: selenium/4.8.3 (java windows)
Content-Length: 3
Content-Type: application/json; charset=utf-8
host: localhost:27920
accept: */*

Response DefaultHttpResponse(decodeResult: success, version: HTTP/1.1)
HTTP/1.1 200 OK
Content-Length: 51
Content-Type: application/json; charset=utf-8
cache-control: no-cache

19:05:17.051 [AsyncHttpClient-1-16] DEBUG org.asynchttpclient.netty.channel.ChannelManager - Adding key: http://localhost:27920 for channel [id: 0x6bb77dd3, L:/127.0.0.1:57671 - R:localhost/127.0.0.1:27920]
19:05:17.052 [Forwarding get on session fe474e512e4bd4f533f7f0af648705d0 to remote] DEBUG org.asynchttpclient.netty.request.NettyRequestSender - Using pooled Channel '[id: 0x6bb77dd3, L:/127.0.0.1:57671 - R:localhost/127.0.0.1:27920]' for 'POST' to 'http://localhost:27920/session/fe474e512e4bd4f533f7f0af648705d0/url'
19:05:17.052 [Forwarding get on session fe474e512e4bd4f533f7f0af648705d0 to remote] DEBUG org.asynchttpclient.netty.request.NettyRequestSender - Using open Channel [id: 0x6bb77dd3, L:/127.0.0.1:57671 - R:localhost/127.0.0.1:27920] for POST '/session/fe474e512e4bd4f533f7f0af648705d0/url'
19:05:17.436 [AsyncHttpClient-1-1] DEBUG org.asynchttpclient.netty.channel.DefaultChannelPool - Entry count for : http://localhost:57672 : 1
19:05:18.232 [AsyncHttpClient-1-16] DEBUG org.asynchttpclient.netty.handler.HttpHandler - 

Request DefaultHttpRequest(decodeResult: success, version: HTTP/1.1)
POST /session/fe474e512e4bd4f533f7f0af648705d0/url HTTP/1.1
User-Agent: selenium/4.8.3 (java windows)
Content-Length: 52
Content-Type: application/json; charset=utf-8
host: localhost:27920
accept: */*

Response DefaultHttpResponse(decodeResult: success, version: HTTP/1.1)
HTTP/1.1 200 OK
Content-Length: 14
Content-Type: application/json; charset=utf-8
cache-control: no-cache

19:05:18.232 [AsyncHttpClient-1-16] DEBUG org.asynchttpclient.netty.channel.ChannelManager - Adding key: http://localhost:27920 for channel [id: 0x6bb77dd3, L:/127.0.0.1:57671 - R:localhost/127.0.0.1:27920]
2023-06-06 19:05:18 INFO  BaseTest:104 - Test driver set up done successfully**********
2023-06-06 19:05:18 INFO  BaseTest:122 - Logging in to portal
19:05:18.235 [Forwarding findElement on session fe474e512e4bd4f533f7f0af648705d0 to remote] DEBUG org.asynchttpclient.netty.request.NettyRequestSender - Using pooled Channel '[id: 0x6bb77dd3, L:/127.0.0.1:57671 - R:localhost/127.0.0.1:27920]' for 'POST' to 'http://localhost:27920/session/fe474e512e4bd4f533f7f0af648705d0/element'
19:05:18.235 [Forwarding findElement on session fe474e512e4bd4f533f7f0af648705d0 to remote] DEBUG org.asynchttpclient.netty.request.NettyRequestSender - Using open Channel [id: 0x6bb77dd3, L:/127.0.0.1:57671 - R:localhost/127.0.0.1:27920] for POST '/session/fe474e512e4bd4f533f7f0af648705d0/element'
19:05:18.248 [AsyncHttpClient-1-16] DEBUG org.asynchttpclient.netty.handler.HttpHandler - 

Request DefaultHttpRequest(decodeResult: success, version: HTTP/1.1)
POST /session/fe474e512e4bd4f533f7f0af648705d0/element HTTP/1.1
User-Agent: selenium/4.8.3 (java windows)
Content-Length: 59
Content-Type: application/json; charset=utf-8
host: localhost:27920
accept: */*

Response DefaultHttpResponse(decodeResult: success, version: HTTP/1.1)
HTTP/1.1 200 OK
Content-Length: 95
Content-Type: application/json; charset=utf-8
cache-control: no-cache

19:05:18.248 [AsyncHttpClient-1-16] DEBUG org.asynchttpclient.netty.channel.ChannelManager - Adding key: http://localhost:27920 for channel [id: 0x6bb77dd3, L:/127.0.0.1:57671 - R:localhost/127.0.0.1:27920]
19:05:18.250 [Forwarding clearElement on session fe474e512e4bd4f533f7f0af648705d0 to remote] DEBUG org.asynchttpclient.netty.request.NettyRequestSender - Using pooled Channel '[id: 0x6bb77dd3, L:/127.0.0.1:57671 - R:localhost/127.0.0.1:27920]' for 'POST' to 'http://localhost:27920/session/fe474e512e4bd4f533f7f0af648705d0/element/7AB5647800B07D3FFC20CFEE391746FE_element_27/clear'
19:05:18.250 [Forwarding clearElement on session fe474e512e4bd4f533f7f0af648705d0 to remote] DEBUG org.asynchttpclient.netty.request.NettyRequestSender - Using open Channel [id: 0x6bb77dd3, L:/127.0.0.1:57671 - R:localhost/127.0.0.1:27920] for POST '/session/fe474e512e4bd4f533f7f0af648705d0/element/7AB5647800B07D3FFC20CFEE391746FE_element_27/clear'
19:05:18.300 [AsyncHttpClient-1-16] DEBUG org.asynchttpclient.netty.handler.HttpHandler - 

Request DefaultHttpRequest(decodeResult: success, version: HTTP/1.1)
POST /session/fe474e512e4bd4f533f7f0af648705d0/element/7AB5647800B07D3FFC20CFEE391746FE_element_27/clear HTTP/1.1
User-Agent: selenium/4.8.3 (java windows)
Content-Length: 57
Content-Type: application/json; charset=utf-8
host: localhost:27920
accept: */*

Response DefaultHttpResponse(decodeResult: success, version: HTTP/1.1)
HTTP/1.1 200 OK
Content-Length: 14
Content-Type: application/json; charset=utf-8
cache-control: no-cache

19:05:18.300 [AsyncHttpClient-1-16] DEBUG org.asynchttpclient.netty.channel.ChannelManager - Adding key: http://localhost:27920 for channel [id: 0x6bb77dd3, L:/127.0.0.1:57671 - R:localhost/127.0.0.1:27920]
19:05:18.302 [Forwarding findElement on session fe474e512e4bd4f533f7f0af648705d0 to remote] DEBUG org.asynchttpclient.netty.request.NettyRequestSender - Using pooled Channel '[id: 0x6bb77dd3, L:/127.0.0.1:57671 - R:localhost/127.0.0.1:27920]' for 'POST' to 'http://localhost:27920/session/fe474e512e4bd4f533f7f0af648705d0/element'
19:05:18.302 [Forwarding findElement on session fe474e512e4bd4f533f7f0af648705d0 to remote] DEBUG org.asynchttpclient.netty.request.NettyRequestSender - Using open Channel [id: 0x6bb77dd3, L:/127.0.0.1:57671 - R:localhost/127.0.0.1:27920] for POST '/session/fe474e512e4bd4f533f7f0af648705d0/element'
19:05:18.319 [AsyncHttpClient-1-16] DEBUG org.asynchttpclient.netty.handler.HttpHandler - 

Request DefaultHttpRequest(decodeResult: success, version: HTTP/1.1)
POST /session/fe474e512e4bd4f533f7f0af648705d0/element HTTP/1.1
User-Agent: selenium/4.8.3 (java windows)
Content-Length: 59
Content-Type: application/json; charset=utf-8
host: localhost:27920
accept: */*

Response DefaultHttpResponse(decodeResult: success, version: HTTP/1.1)
HTTP/1.1 200 OK
Content-Length: 95
Content-Type: application/json; charset=utf-8
cache-control: no-cache

19:05:18.319 [AsyncHttpClient-1-16] DEBUG org.asynchttpclient.netty.channel.ChannelManager - Adding key: http://localhost:27920 for channel [id: 0x6bb77dd3, L:/127.0.0.1:57671 - R:localhost/127.0.0.1:27920]
19:05:18.322 [Forwarding sendKeysToElement on session fe474e512e4bd4f533f7f0af648705d0 to remote] DEBUG org.asynchttpclient.netty.request.NettyRequestSender - Using pooled Channel '[id: 0x6bb77dd3, L:/127.0.0.1:57671 - R:localhost/127.0.0.1:27920]' for 'POST' to 'http://localhost:27920/session/fe474e512e4bd4f533f7f0af648705d0/element/7AB5647800B07D3FFC20CFEE391746FE_element_27/value'
19:05:18.322 [Forwarding sendKeysToElement on session fe474e512e4bd4f533f7f0af648705d0 to remote] DEBUG org.asynchttpclient.netty.request.NettyRequestSender - Using open Channel [id: 0x6bb77dd3, L:/127.0.0.1:57671 - R:localhost/127.0.0.1:27920] for POST '/session/fe474e512e4bd4f533f7f0af648705d0/element/7AB5647800B07D3FFC20CFEE391746FE_element_27/value'
19:05:18.424 [AsyncHttpClient-1-16] DEBUG org.asynchttpclient.netty.handler.HttpHandler - 

Request DefaultHttpRequest(decodeResult: success, version: HTTP/1.1)
POST /session/fe474e512e4bd4f533f7f0af648705d0/element/7AB5647800B07D3FFC20CFEE391746FE_element_27/value HTTP/1.1
User-Agent: selenium/4.8.3 (java windows)
Content-Length: 188
Content-Type: application/json; charset=utf-8
host: localhost:27920
accept: */*

Response DefaultHttpResponse(decodeResult: success, version: HTTP/1.1)
HTTP/1.1 200 OK
Content-Length: 14
Content-Type: application/json; charset=utf-8
cache-control: no-cache

19:05:18.425 [AsyncHttpClient-1-16] DEBUG org.asynchttpclient.netty.channel.ChannelManager - Adding key: http://localhost:27920 for channel [id: 0x6bb77dd3, L:/127.0.0.1:57671 - R:localhost/127.0.0.1:27920]
19:05:18.426 [Forwarding findElement on session fe474e512e4bd4f533f7f0af648705d0 to remote] DEBUG org.asynchttpclient.netty.request.NettyRequestSender - Using pooled Channel '[id: 0x6bb77dd3, L:/127.0.0.1:57671 - R:localhost/127.0.0.1:27920]' for 'POST' to 'http://localhost:27920/session/fe474e512e4bd4f533f7f0af648705d0/element'
19:05:18.426 [Forwarding findElement on session fe474e512e4bd4f533f7f0af648705d0 to remote] DEBUG org.asynchttpclient.netty.request.NettyRequestSender - Using open Channel [id: 0x6bb77dd3, L:/127.0.0.1:57671 - R:localhost/127.0.0.1:27920] for POST '/session/fe474e512e4bd4f533f7f0af648705d0/element'
19:05:18.445 [AsyncHttpClient-1-16] DEBUG org.asynchttpclient.netty.handler.HttpHandler - 

Request DefaultHttpRequest(decodeResult: success, version: HTTP/1.1)
POST /session/fe474e512e4bd4f533f7f0af648705d0/element HTTP/1.1
User-Agent: selenium/4.8.3 (java windows)
Content-Length: 62
Content-Type: application/json; charset=utf-8
host: localhost:27920
accept: */*

Response DefaultHttpResponse(decodeResult: success, version: HTTP/1.1)
HTTP/1.1 200 OK
Content-Length: 95
Content-Type: application/json; charset=utf-8
cache-control: no-cache

19:05:18.446 [AsyncHttpClient-1-16] DEBUG org.asynchttpclient.netty.channel.ChannelManager - Adding key: http://localhost:27920 for channel [id: 0x6bb77dd3, L:/127.0.0.1:57671 - R:localhost/127.0.0.1:27920]
19:05:18.448 [Forwarding clearElement on session fe474e512e4bd4f533f7f0af648705d0 to remote] DEBUG org.asynchttpclient.netty.request.NettyRequestSender - Using pooled Channel '[id: 0x6bb77dd3, L:/127.0.0.1:57671 - R:localhost/127.0.0.1:27920]' for 'POST' to 'http://localhost:27920/session/fe474e512e4bd4f533f7f0af648705d0/element/7AB5647800B07D3FFC20CFEE391746FE_element_32/clear'
19:05:18.448 [Forwarding clearElement on session fe474e512e4bd4f533f7f0af648705d0 to remote] DEBUG org.asynchttpclient.netty.request.NettyRequestSender - Using open Channel [id: 0x6bb77dd3, L:/127.0.0.1:57671 - R:localhost/127.0.0.1:27920] for POST '/session/fe474e512e4bd4f533f7f0af648705d0/element/7AB5647800B07D3FFC20CFEE391746FE_element_32/clear'
19:05:18.472 [AsyncHttpClient-1-16] DEBUG org.asynchttpclient.netty.handler.HttpHandler - 

Request DefaultHttpRequest(decodeResult: success, version: HTTP/1.1)
POST /session/fe474e512e4bd4f533f7f0af648705d0/element/7AB5647800B07D3FFC20CFEE391746FE_element_32/clear HTTP/1.1
User-Agent: selenium/4.8.3 (java windows)
Content-Length: 57
Content-Type: application/json; charset=utf-8
host: localhost:27920
accept: */*

Response DefaultHttpResponse(decodeResult: success, version: HTTP/1.1)
HTTP/1.1 200 OK
Content-Length: 14
Content-Type: application/json; charset=utf-8
cache-control: no-cache

19:05:18.472 [AsyncHttpClient-1-16] DEBUG org.asynchttpclient.netty.channel.ChannelManager - Adding key: http://localhost:27920 for channel [id: 0x6bb77dd3, L:/127.0.0.1:57671 - R:localhost/127.0.0.1:27920]
19:05:18.473 [Forwarding findElement on session fe474e512e4bd4f533f7f0af648705d0 to remote] DEBUG org.asynchttpclient.netty.request.NettyRequestSender - Using pooled Channel '[id: 0x6bb77dd3, L:/127.0.0.1:57671 - R:localhost/127.0.0.1:27920]' for 'POST' to 'http://localhost:27920/session/fe474e512e4bd4f533f7f0af648705d0/element'
19:05:18.473 [Forwarding findElement on session fe474e512e4bd4f533f7f0af648705d0 to remote] DEBUG org.asynchttpclient.netty.request.NettyRequestSender - Using open Channel [id: 0x6bb77dd3, L:/127.0.0.1:57671 - R:localhost/127.0.0.1:27920] for POST '/session/fe474e512e4bd4f533f7f0af648705d0/element'
19:05:18.477 [AsyncHttpClient-1-16] DEBUG org.asynchttpclient.netty.handler.HttpHandler - 

Request DefaultHttpRequest(decodeResult: success, version: HTTP/1.1)
POST /session/fe474e512e4bd4f533f7f0af648705d0/element HTTP/1.1
User-Agent: selenium/4.8.3 (java windows)
Content-Length: 62
Content-Type: application/json; charset=utf-8
host: localhost:27920
accept: */*

Response DefaultHttpResponse(decodeResult: success, version: HTTP/1.1)
HTTP/1.1 200 OK
Content-Length: 95
Content-Type: application/json; charset=utf-8
cache-control: no-cache

19:05:18.477 [AsyncHttpClient-1-16] DEBUG org.asynchttpclient.netty.channel.ChannelManager - Adding key: http://localhost:27920 for channel [id: 0x6bb77dd3, L:/127.0.0.1:57671 - R:localhost/127.0.0.1:27920]
19:05:18.478 [Forwarding sendKeysToElement on session fe474e512e4bd4f533f7f0af648705d0 to remote] DEBUG org.asynchttpclient.netty.request.NettyRequestSender - Using pooled Channel '[id: 0x6bb77dd3, L:/127.0.0.1:57671 - R:localhost/127.0.0.1:27920]' for 'POST' to 'http://localhost:27920/session/fe474e512e4bd4f533f7f0af648705d0/element/7AB5647800B07D3FFC20CFEE391746FE_element_32/value'
19:05:18.478 [Forwarding sendKeysToElement on session fe474e512e4bd4f533f7f0af648705d0 to remote] DEBUG org.asynchttpclient.netty.request.NettyRequestSender - Using open Channel [id: 0x6bb77dd3, L:/127.0.0.1:57671 - R:localhost/127.0.0.1:27920] for POST '/session/fe474e512e4bd4f533f7f0af648705d0/element/7AB5647800B07D3FFC20CFEE391746FE_element_32/value'
19:05:18.529 [AsyncHttpClient-1-16] DEBUG org.asynchttpclient.netty.handler.HttpHandler - 

Request DefaultHttpRequest(decodeResult: success, version: HTTP/1.1)
POST /session/fe474e512e4bd4f533f7f0af648705d0/element/7AB5647800B07D3FFC20CFEE391746FE_element_32/value HTTP/1.1
User-Agent: selenium/4.8.3 (java windows)
Content-Length: 148
Content-Type: application/json; charset=utf-8
host: localhost:27920
accept: */*

Response DefaultHttpResponse(decodeResult: success, version: HTTP/1.1)
HTTP/1.1 200 OK
Content-Length: 14
Content-Type: application/json; charset=utf-8
cache-control: no-cache

19:05:18.529 [AsyncHttpClient-1-16] DEBUG org.asynchttpclient.netty.channel.ChannelManager - Adding key: http://localhost:27920 for channel [id: 0x6bb77dd3, L:/127.0.0.1:57671 - R:localhost/127.0.0.1:27920]
19:05:18.530 [Forwarding findElement on session fe474e512e4bd4f533f7f0af648705d0 to remote] DEBUG org.asynchttpclient.netty.request.NettyRequestSender - Using pooled Channel '[id: 0x6bb77dd3, L:/127.0.0.1:57671 - R:localhost/127.0.0.1:27920]' for 'POST' to 'http://localhost:27920/session/fe474e512e4bd4f533f7f0af648705d0/element'
19:05:18.530 [Forwarding findElement on session fe474e512e4bd4f533f7f0af648705d0 to remote] DEBUG org.asynchttpclient.netty.request.NettyRequestSender - Using open Channel [id: 0x6bb77dd3, L:/127.0.0.1:57671 - R:localhost/127.0.0.1:27920] for POST '/session/fe474e512e4bd4f533f7f0af648705d0/element'
19:05:18.536 [AsyncHttpClient-1-1] DEBUG org.asynchttpclient.netty.channel.DefaultChannelPool - Entry count for : http://localhost:57672 : 1
19:05:18.540 [AsyncHttpClient-1-16] DEBUG org.asynchttpclient.netty.handler.HttpHandler - 

Request DefaultHttpRequest(decodeResult: success, version: HTTP/1.1)
POST /session/fe474e512e4bd4f533f7f0af648705d0/element HTTP/1.1
User-Agent: selenium/4.8.3 (java windows)
Content-Length: 71
Content-Type: application/json; charset=utf-8
host: localhost:27920
accept: */*

Response DefaultHttpResponse(decodeResult: success, version: HTTP/1.1)
HTTP/1.1 200 OK
Content-Length: 95
Content-Type: application/json; charset=utf-8
cache-control: no-cache

19:05:18.541 [AsyncHttpClient-1-16] DEBUG org.asynchttpclient.netty.channel.ChannelManager - Adding key: http://localhost:27920 for channel [id: 0x6bb77dd3, L:/127.0.0.1:57671 - R:localhost/127.0.0.1:27920]
19:05:18.541 [Forwarding clickElement on session fe474e512e4bd4f533f7f0af648705d0 to remote] DEBUG org.asynchttpclient.netty.request.NettyRequestSender - Using pooled Channel '[id: 0x6bb77dd3, L:/127.0.0.1:57671 - R:localhost/127.0.0.1:27920]' for 'POST' to 'http://localhost:27920/session/fe474e512e4bd4f533f7f0af648705d0/element/7AB5647800B07D3FFC20CFEE391746FE_element_33/click'
19:05:18.541 [Forwarding clickElement on session fe474e512e4bd4f533f7f0af648705d0 to remote] DEBUG org.asynchttpclient.netty.request.NettyRequestSender - Using open Channel [id: 0x6bb77dd3, L:/127.0.0.1:57671 - R:localhost/127.0.0.1:27920] for POST '/session/fe474e512e4bd4f533f7f0af648705d0/element/7AB5647800B07D3FFC20CFEE391746FE_element_33/click'
19:05:18.570 [AsyncHttpClient-1-16] DEBUG org.asynchttpclient.netty.handler.HttpHandler - 

Request DefaultHttpRequest(decodeResult: success, version: HTTP/1.1)
POST /session/fe474e512e4bd4f533f7f0af648705d0/element/7AB5647800B07D3FFC20CFEE391746FE_element_33/click HTTP/1.1
User-Agent: selenium/4.8.3 (java windows)
Content-Length: 57
Content-Type: application/json; charset=utf-8
host: localhost:27920
accept: */*

Response DefaultHttpResponse(decodeResult: success, version: HTTP/1.1)
HTTP/1.1 200 OK
Content-Length: 14
Content-Type: application/json; charset=utf-8
cache-control: no-cache

19:05:18.571 [AsyncHttpClient-1-16] DEBUG org.asynchttpclient.netty.channel.ChannelManager - Adding key: http://localhost:27920 for channel [id: 0x6bb77dd3, L:/127.0.0.1:57671 - R:localhost/127.0.0.1:27920]
2023-06-06 19:05:18 INFO  BaseTest:126 - Logged in
19:05:18.572 [rp-io-92] DEBUG com.epam.reportportal.service.Launch - Starting test item...rp-io-92
2023-06-06 19:05:18 INFO  Listeners:34 - Started Test null
19:05:18.573 [Forwarding findElement on session fe474e512e4bd4f533f7f0af648705d0 to remote] DEBUG org.asynchttpclient.netty.request.NettyRequestSender - Using pooled Channel '[id: 0x6bb77dd3, L:/127.0.0.1:57671 - R:localhost/127.0.0.1:27920]' for 'POST' to 'http://localhost:27920/session/fe474e512e4bd4f533f7f0af648705d0/element'
19:05:18.573 [Forwarding findElement on session fe474e512e4bd4f533f7f0af648705d0 to remote] DEBUG org.asynchttpclient.netty.request.NettyRequestSender - Using open Channel [id: 0x6bb77dd3, L:/127.0.0.1:57671 - R:localhost/127.0.0.1:27920] for POST '/session/fe474e512e4bd4f533f7f0af648705d0/element'
19:05:18.586 [rp-io-7] DEBUG com.epam.reportportal.service.Launch - TestItem with ID = '5d04f8c6-0061-4982-b03d-235576c2ce35' successfully finished.
19:05:18.586 [rp-io-7] DEBUG com.epam.reportportal.utils.SubscriptionUtils - Finish test item completed
19:05:18.592 [rp-io-92] DEBUG com.epam.reportportal.service.Launch - ReportPortal item with ID '0dd28a04-1ac2-4086-ad2b-f01f3f3240e8' has been created
19:05:18.592 [rp-io-92] DEBUG com.epam.reportportal.utils.SubscriptionUtils - Start test item successfully completed
19:05:18.857 [AsyncHttpClient-1-16] DEBUG org.asynchttpclient.netty.handler.HttpHandler - 

Request DefaultHttpRequest(decodeResult: success, version: HTTP/1.1)
POST /session/fe474e512e4bd4f533f7f0af648705d0/element HTTP/1.1
User-Agent: selenium/4.8.3 (java windows)
Content-Length: 168
Content-Type: application/json; charset=utf-8
host: localhost:27920
accept: */*

Response DefaultHttpResponse(decodeResult: success, version: HTTP/1.1)
HTTP/1.1 200 OK
Content-Length: 95
Content-Type: application/json; charset=utf-8
cache-control: no-cache

19:05:18.857 [AsyncHttpClient-1-16] DEBUG org.asynchttpclient.netty.channel.ChannelManager - Adding key: http://localhost:27920 for channel [id: 0x6bb77dd3, L:/127.0.0.1:57671 - R:localhost/127.0.0.1:27920]
19:05:18.858 [Forwarding clickElement on session fe474e512e4bd4f533f7f0af648705d0 to remote] DEBUG org.asynchttpclient.netty.request.NettyRequestSender - Using pooled Channel '[id: 0x6bb77dd3, L:/127.0.0.1:57671 - R:localhost/127.0.0.1:27920]' for 'POST' to 'http://localhost:27920/session/fe474e512e4bd4f533f7f0af648705d0/element/7AB5647800B07D3FFC20CFEE391746FE_element_37/click'
19:05:18.858 [Forwarding clickElement on session fe474e512e4bd4f533f7f0af648705d0 to remote] DEBUG org.asynchttpclient.netty.request.NettyRequestSender - Using open Channel [id: 0x6bb77dd3, L:/127.0.0.1:57671 - R:localhost/127.0.0.1:27920] for POST '/session/fe474e512e4bd4f533f7f0af648705d0/element/7AB5647800B07D3FFC20CFEE391746FE_element_37/click'
19:05:18.959 [AsyncHttpClient-1-16] DEBUG org.asynchttpclient.netty.handler.HttpHandler - 

Request DefaultHttpRequest(decodeResult: success, version: HTTP/1.1)
POST /session/fe474e512e4bd4f533f7f0af648705d0/element/7AB5647800B07D3FFC20CFEE391746FE_element_37/click HTTP/1.1
User-Agent: selenium/4.8.3 (java windows)
Content-Length: 57
Content-Type: application/json; charset=utf-8
host: localhost:27920
accept: */*

Response DefaultHttpResponse(decodeResult: success, version: HTTP/1.1)
HTTP/1.1 200 OK
Content-Length: 14
Content-Type: application/json; charset=utf-8
cache-control: no-cache

19:05:18.959 [AsyncHttpClient-1-16] DEBUG org.asynchttpclient.netty.channel.ChannelManager - Adding key: http://localhost:27920 for channel [id: 0x6bb77dd3, L:/127.0.0.1:57671 - R:localhost/127.0.0.1:27920]
19:05:18.960 [Forwarding findElement on session fe474e512e4bd4f533f7f0af648705d0 to remote] DEBUG org.asynchttpclient.netty.request.NettyRequestSender - Using pooled Channel '[id: 0x6bb77dd3, L:/127.0.0.1:57671 - R:localhost/127.0.0.1:27920]' for 'POST' to 'http://localhost:27920/session/fe474e512e4bd4f533f7f0af648705d0/element'
19:05:18.960 [Forwarding findElement on session fe474e512e4bd4f533f7f0af648705d0 to remote] DEBUG org.asynchttpclient.netty.request.NettyRequestSender - Using open Channel [id: 0x6bb77dd3, L:/127.0.0.1:57671 - R:localhost/127.0.0.1:27920] for POST '/session/fe474e512e4bd4f533f7f0af648705d0/element'
19:05:19.637 [AsyncHttpClient-1-1] DEBUG org.asynchttpclient.netty.channel.DefaultChannelPool - Entry count for : http://localhost:57672 : 1
19:05:20.737 [AsyncHttpClient-1-1] DEBUG org.asynchttpclient.netty.channel.DefaultChannelPool - Entry count for : http://localhost:57672 : 1
19:05:21.837 [AsyncHttpClient-1-1] DEBUG org.asynchttpclient.netty.channel.DefaultChannelPool - Entry count for : http://localhost:57672 : 1
19:05:22.937 [AsyncHttpClient-1-1] DEBUG org.asynchttpclient.netty.channel.DefaultChannelPool - Entry count for : http://localhost:57672 : 1
19:05:23.140 [AsyncHttpClient-1-16] DEBUG org.asynchttpclient.netty.handler.HttpHandler - 

Request DefaultHttpRequest(decodeResult: success, version: HTTP/1.1)
POST /session/fe474e512e4bd4f533f7f0af648705d0/element HTTP/1.1
User-Agent: selenium/4.8.3 (java windows)
Content-Length: 85
Content-Type: application/json; charset=utf-8
host: localhost:27920
accept: */*

Response DefaultHttpResponse(decodeResult: success, version: HTTP/1.1)
HTTP/1.1 404 Not Found
Content-Length: 975
Content-Type: application/json; charset=utf-8
cache-control: no-cache

19:05:23.140 [AsyncHttpClient-1-16] DEBUG org.asynchttpclient.netty.channel.ChannelManager - Adding key: http://localhost:27920 for channel [id: 0x6bb77dd3, L:/127.0.0.1:57671 - R:localhost/127.0.0.1:27920]
2023-06-06 19:05:23 INFO  Listeners:42 - Failed Test null
]]></system-out>
    <system-err><![CDATA[Starting ChromeDriver 114.0.5735.90 (386bc09e8f4f2e025eddae123f36f6263096ae49-refs/branch-heads/5735@{#1052}) on port 27920
Only local connections are allowed.
Please see https://chromedriver.chromium.org/security-considerations for suggestions on keeping ChromeDriver safe.
ChromeDriver was started successfully.
Jun 06, 2023 7:05:16 PM org.openqa.selenium.devtools.CdpVersionFinder findNearestMatch
WARNING: Unable to find an exact match for CDP version 114, so returning the closest version found: 111
]]></system-err>
  </testcase>
  <testcase name="searchDashboardNameDP[LAUNCH TABLE](12)" classname="alltests.uitest.coreTest.DashboardPageTest" time="1.143">
    <system-out><![CDATA[19:05:23.163 [rp-io-11] DEBUG com.epam.reportportal.service.Launch - Starting test item...rp-io-11
19:05:23.177 [Forwarding screenshot on session fe474e512e4bd4f533f7f0af648705d0 to remote] DEBUG org.asynchttpclient.netty.request.NettyRequestSender - Using pooled Channel '[id: 0x6bb77dd3, L:/127.0.0.1:57671 - R:localhost/127.0.0.1:27920]' for 'GET' to 'http://localhost:27920/session/fe474e512e4bd4f533f7f0af648705d0/screenshot'
19:05:23.177 [Forwarding screenshot on session fe474e512e4bd4f533f7f0af648705d0 to remote] DEBUG org.asynchttpclient.netty.request.NettyRequestSender - Using open Channel [id: 0x6bb77dd3, L:/127.0.0.1:57671 - R:localhost/127.0.0.1:27920] for GET '/session/fe474e512e4bd4f533f7f0af648705d0/screenshot'
19:05:23.185 [rp-io-11] DEBUG com.epam.reportportal.service.Launch - ReportPortal item with ID '5d3c9b89-2ca0-4e7f-aa93-e87cf0a001fd' has been created
19:05:23.185 [rp-io-11] DEBUG com.epam.reportportal.utils.SubscriptionUtils - Start test item successfully completed
19:05:23.188 [rp-io-15] DEBUG com.epam.reportportal.service.Launch - TestItem with ID = '0dd28a04-1ac2-4086-ad2b-f01f3f3240e8' successfully finished.
19:05:23.188 [rp-io-15] DEBUG com.epam.reportportal.utils.SubscriptionUtils - Finish test item completed
19:05:23.301 [AsyncHttpClient-1-16] DEBUG org.asynchttpclient.netty.handler.HttpHandler - 

Request DefaultFullHttpRequest(decodeResult: success, version: HTTP/1.1, content: EmptyByteBufBE)
GET /session/fe474e512e4bd4f533f7f0af648705d0/screenshot HTTP/1.1
User-Agent: selenium/4.8.3 (java windows)
Cache-Control: no-cache
Content-Type: application/json; charset=utf-8
host: localhost:27920
accept: */*

Response DefaultHttpResponse(decodeResult: success, version: HTTP/1.1)
HTTP/1.1 200 OK
Content-Length: 176224
Content-Type: application/json; charset=utf-8
cache-control: no-cache

19:05:23.302 [AsyncHttpClient-1-16] DEBUG org.asynchttpclient.netty.channel.ChannelManager - Adding key: http://localhost:27920 for channel [id: 0x6bb77dd3, L:/127.0.0.1:57671 - R:localhost/127.0.0.1:27920]
19:05:23.324 [AsyncHttpClient-1-2] DEBUG org.asynchttpclient.netty.handler.WebSocketHandler - Channel Closed: [id: 0x8ea1de1f, L:/127.0.0.1:57680 ! R:localhost/127.0.0.1:57672] with attribute NettyResponseFuture{currentRetry=0,
	isDone=1,
	isCancelled=0,
	asyncHandler=org.asynchttpclient.ws.WebSocketUpgradeHandler@21d7c84d,
	nettyRequest=org.asynchttpclient.netty.request.NettyRequest@7a6a8bc,
	future=java.util.concurrent.CompletableFuture@6687b793[Completed normally],
	uri=ws://localhost:57672/devtools/browser/a992b3ab-363e-4148-821e-8011a43b562e,
	keepAlive=true,
	redirectCount=0,
	timeoutsHolder=null,
	inAuth=0,
	touch=1686071116922}
19:05:23.324 [AsyncHttpClient-1-2] DEBUG org.asynchttpclient.netty.channel.ChannelManager - Closing Channel [id: 0x8ea1de1f, L:/127.0.0.1:57680 ! R:localhost/127.0.0.1:57672] 
19:05:23.324 [Driver Command Executor] DEBUG org.asynchttpclient.netty.request.NettyRequestSender - Using pooled Channel '[id: 0x6bb77dd3, L:/127.0.0.1:57671 - R:localhost/127.0.0.1:27920]' for 'DELETE' to 'http://localhost:27920/session/fe474e512e4bd4f533f7f0af648705d0'
19:05:23.324 [Driver Command Executor] DEBUG org.asynchttpclient.netty.request.NettyRequestSender - Using open Channel [id: 0x6bb77dd3, L:/127.0.0.1:57671 - R:localhost/127.0.0.1:27920] for DELETE '/session/fe474e512e4bd4f533f7f0af648705d0'
19:05:23.447 [AsyncHttpClient-1-17] DEBUG org.asynchttpclient.netty.handler.HttpHandler - Unexpected I/O exception on channel [id: 0xeba03f58, L:/127.0.0.1:57679 - R:localhost/127.0.0.1:57672]
java.net.SocketException: Connection reset
	at java.base/sun.nio.ch.SocketChannelImpl.throwConnectionReset(SocketChannelImpl.java:394)
	at java.base/sun.nio.ch.SocketChannelImpl.read(SocketChannelImpl.java:426)
	at io.netty.buffer.PooledByteBuf.setBytes(PooledByteBuf.java:256)
	at io.netty.buffer.AbstractByteBuf.writeBytes(AbstractByteBuf.java:1132)
	at io.netty.channel.socket.nio.NioSocketChannel.doReadBytes(NioSocketChannel.java:357)
	at io.netty.channel.nio.AbstractNioByteChannel$NioByteUnsafe.read(AbstractNioByteChannel.java:151)
	at io.netty.channel.nio.NioEventLoop.processSelectedKey(NioEventLoop.java:788)
	at io.netty.channel.nio.NioEventLoop.processSelectedKeysOptimized(NioEventLoop.java:724)
	at io.netty.channel.nio.NioEventLoop.processSelectedKeys(NioEventLoop.java:650)
	at io.netty.channel.nio.NioEventLoop.run(NioEventLoop.java:562)
	at io.netty.util.concurrent.SingleThreadEventExecutor$4.run(SingleThreadEventExecutor.java:997)
	at io.netty.util.internal.ThreadExecutorMap$2.run(ThreadExecutorMap.java:74)
	at io.netty.util.concurrent.FastThreadLocalRunnable.run(FastThreadLocalRunnable.java:30)
	at java.base/java.lang.Thread.run(Thread.java:833)
19:05:23.447 [AsyncHttpClient-1-17] DEBUG org.asynchttpclient.netty.channel.ChannelManager - Closing Channel [id: 0xeba03f58, L:/127.0.0.1:57679 - R:localhost/127.0.0.1:57672] 
19:05:23.447 [AsyncHttpClient-1-17] DEBUG org.asynchttpclient.netty.handler.HttpHandler - Channel Closed: [id: 0xeba03f58, L:/127.0.0.1:57679 ! R:localhost/127.0.0.1:57672] with attribute DISCARD
19:05:23.462 [AsyncHttpClient-1-16] DEBUG org.asynchttpclient.netty.handler.HttpHandler - 

Request DefaultFullHttpRequest(decodeResult: success, version: HTTP/1.1, content: EmptyByteBufBE)
DELETE /session/fe474e512e4bd4f533f7f0af648705d0 HTTP/1.1
User-Agent: selenium/4.8.3 (java windows)
Content-Type: application/json; charset=utf-8
host: localhost:27920
accept: */*

Response DefaultHttpResponse(decodeResult: success, version: HTTP/1.1)
HTTP/1.1 200 OK
Content-Length: 14
Content-Type: application/json; charset=utf-8
cache-control: no-cache

19:05:23.463 [AsyncHttpClient-1-16] DEBUG org.asynchttpclient.netty.channel.ChannelManager - Adding key: http://localhost:27920 for channel [id: 0x6bb77dd3, L:/127.0.0.1:57671 - R:localhost/127.0.0.1:27920]
19:05:23.502 [AsyncHttpClient-1-16] DEBUG org.asynchttpclient.netty.handler.HttpHandler - Channel Closed: [id: 0x6bb77dd3, L:/127.0.0.1:57671 ! R:localhost/127.0.0.1:27920] with attribute DISCARD
2023-06-06 19:05:23 INFO  BaseTest:83 - Test executed**********
19:05:23.527 [rp-io-18] DEBUG com.epam.reportportal.service.Launch - Starting test item...rp-io-18
2023-06-06 19:05:23 INFO  BaseTest:110 - Property files loaded successfully**********
19:05:23.536 [main] DEBUG io.github.bonigarcia.wdm.cache.ResolutionCache - Resolution chrome=114 in cache (valid until 19:20:28 06/06/2023 CEST)
19:05:23.536 [main] DEBUG io.github.bonigarcia.wdm.cache.ResolutionCache - Resolution chrome114=114.0.5735.90 in cache (valid until 16:16:26 07/06/2023 CEST)
19:05:23.536 [main] INFO io.github.bonigarcia.wdm.WebDriverManager - Using chromedriver 114.0.5735.90 (resolved driver for Chrome 114)
19:05:23.539 [rp-io-19] DEBUG com.epam.reportportal.service.Launch - TestItem with ID = '5d3c9b89-2ca0-4e7f-aa93-e87cf0a001fd' successfully finished.
19:05:23.539 [rp-io-19] DEBUG com.epam.reportportal.utils.SubscriptionUtils - Finish test item completed
19:05:23.542 [rp-io-18] DEBUG com.epam.reportportal.service.Launch - ReportPortal item with ID 'fb9ae43a-5f1d-4762-af85-59009cbc66f3' has been created
19:05:23.542 [main] DEBUG io.github.bonigarcia.wdm.WebDriverManager - Driver chromedriver 114.0.5735.90 found in cache
19:05:23.542 [rp-io-18] DEBUG com.epam.reportportal.utils.SubscriptionUtils - Start test item successfully completed
19:05:23.542 [main] INFO io.github.bonigarcia.wdm.WebDriverManager - Exporting webdriver.chrome.driver as C:\Users\Suwarna_Wagh\.cache\selenium\chromedriver\win32\114.0.5735.90\chromedriver.exe
19:05:23.696 [AsyncHttpClient-1-3] DEBUG org.asynchttpclient.netty.channel.NettyConnectListener - Using new Channel '[id: 0x553c06ea, L:/127.0.0.1:57701 - R:localhost/127.0.0.1:45638]' for 'POST' to '/session'
19:05:24.042 [AsyncHttpClient-1-1] DEBUG org.asynchttpclient.netty.channel.DefaultChannelPool - Entry count for : http://localhost:57672 : 1
19:05:24.042 [AsyncHttpClient-1-1] DEBUG org.asynchttpclient.netty.channel.DefaultChannelPool - Entry count for : http://localhost:27920 : 1
19:05:24.042 [AsyncHttpClient-1-1] DEBUG org.asynchttpclient.netty.channel.DefaultChannelPool - Adding Candidate expired Channel [id: 0xeba03f58, L:/127.0.0.1:57679 ! R:localhost/127.0.0.1:57672] isIdleTimeoutExpired=false isRemotelyClosed=true isTtlExpired=false
19:05:24.042 [AsyncHttpClient-1-1] DEBUG org.asynchttpclient.netty.channel.DefaultChannelPool - Closing Idle Channel [id: 0xeba03f58, L:/127.0.0.1:57679 ! R:localhost/127.0.0.1:57672]
19:05:24.042 [AsyncHttpClient-1-1] DEBUG org.asynchttpclient.netty.channel.DefaultChannelPool - Adding Candidate expired Channel [id: 0x6bb77dd3, L:/127.0.0.1:57671 ! R:localhost/127.0.0.1:27920] isIdleTimeoutExpired=false isRemotelyClosed=true isTtlExpired=false
19:05:24.042 [AsyncHttpClient-1-1] DEBUG org.asynchttpclient.netty.channel.DefaultChannelPool - Closing Idle Channel [id: 0x6bb77dd3, L:/127.0.0.1:57671 ! R:localhost/127.0.0.1:27920]
19:05:24.042 [AsyncHttpClient-1-1] DEBUG org.asynchttpclient.netty.channel.DefaultChannelPool - Closed 2 connections out of 2 in 0 ms
19:05:24.469 [AsyncHttpClient-1-3] DEBUG org.asynchttpclient.netty.handler.HttpHandler - 

Request DefaultHttpRequest(decodeResult: success, version: HTTP/1.1)
POST /session HTTP/1.1
User-Agent: selenium/4.8.3 (java windows)
Content-Length: 439
Content-Type: application/json; charset=utf-8
host: localhost:45638
accept: */*

Response DefaultHttpResponse(decodeResult: success, version: HTTP/1.1)
HTTP/1.1 200 OK
Content-Length: 864
Content-Type: application/json; charset=utf-8
cache-control: no-cache

19:05:24.469 [AsyncHttpClient-1-3] DEBUG org.asynchttpclient.netty.channel.ChannelManager - Adding key: http://localhost:45638 for channel [id: 0x553c06ea, L:/127.0.0.1:57701 - R:localhost/127.0.0.1:45638]
19:05:24.474 [AsyncHttpClient-1-4] DEBUG org.asynchttpclient.netty.channel.NettyConnectListener - Using new Channel '[id: 0x18c8db9c, L:/127.0.0.1:57708 - R:localhost/127.0.0.1:57702]' for 'GET' to '/json/version'
19:05:24.475 [AsyncHttpClient-1-4] DEBUG org.asynchttpclient.netty.handler.HttpHandler - 

Request DefaultFullHttpRequest(decodeResult: success, version: HTTP/1.1, content: EmptyByteBufBE)
GET /json/version HTTP/1.1
User-Agent: selenium/4.8.3 (java windows)
host: localhost:57702
accept: */*

Response DefaultHttpResponse(decodeResult: success, version: HTTP/1.1)
HTTP/1.1 200 OK
Content-Security-Policy: frame-ancestors 'none'
Content-Length: 424
Content-Type: application/json; charset=UTF-8

19:05:24.475 [AsyncHttpClient-1-4] DEBUG org.asynchttpclient.netty.channel.ChannelManager - Adding key: http://localhost:57702 for channel [id: 0x18c8db9c, L:/127.0.0.1:57708 - R:localhost/127.0.0.1:57702]
19:05:24.477 [AsyncHttpClient-1-5] DEBUG org.asynchttpclient.netty.channel.NettyConnectListener - Using new Channel '[id: 0x1c51f117, L:/127.0.0.1:57709 - R:localhost/127.0.0.1:57702]' for 'GET' to '/devtools/browser/ef7fdc30-bbd6-4485-b5c3-52ac6f1414cf'
19:05:24.478 [AsyncHttpClient-1-5] DEBUG org.asynchttpclient.netty.handler.WebSocketHandler - 

Request DefaultFullHttpRequest(decodeResult: success, version: HTTP/1.1, content: EmptyByteBufBE)
GET /devtools/browser/ef7fdc30-bbd6-4485-b5c3-52ac6f1414cf HTTP/1.1
upgrade: websocket
connection: upgrade
sec-websocket-key: aDAHbM4X8FLoUyzi43Btjw==
sec-websocket-version: 13
origin: http://localhost:57702
host: localhost:57702
accept: */*
user-agent: AHC/2.1

Response DefaultHttpResponse(decodeResult: success, version: HTTP/1.1)
HTTP/1.1 101 WebSocket Protocol Handshake
Upgrade: WebSocket
Connection: Upgrade
Sec-WebSocket-Accept: WOsDHdwGG5dLkUu93AhYB9owWpM=

19:05:24.481 [Forwarding setTimeout on session 9c69bc526505dce49d105dca80fa20b7 to remote] DEBUG org.asynchttpclient.netty.request.NettyRequestSender - Using pooled Channel '[id: 0x553c06ea, L:/127.0.0.1:57701 - R:localhost/127.0.0.1:45638]' for 'POST' to 'http://localhost:45638/session/9c69bc526505dce49d105dca80fa20b7/timeouts'
19:05:24.481 [Forwarding setTimeout on session 9c69bc526505dce49d105dca80fa20b7 to remote] DEBUG org.asynchttpclient.netty.request.NettyRequestSender - Using open Channel [id: 0x553c06ea, L:/127.0.0.1:57701 - R:localhost/127.0.0.1:45638] for POST '/session/9c69bc526505dce49d105dca80fa20b7/timeouts'
19:05:24.482 [AsyncHttpClient-1-3] DEBUG org.asynchttpclient.netty.handler.HttpHandler - 

Request DefaultHttpRequest(decodeResult: success, version: HTTP/1.1)
POST /session/9c69bc526505dce49d105dca80fa20b7/timeouts HTTP/1.1
User-Agent: selenium/4.8.3 (java windows)
Content-Length: 22
Content-Type: application/json; charset=utf-8
host: localhost:45638
accept: */*

Response DefaultHttpResponse(decodeResult: success, version: HTTP/1.1)
HTTP/1.1 200 OK
Content-Length: 14
Content-Type: application/json; charset=utf-8
cache-control: no-cache

19:05:24.483 [AsyncHttpClient-1-3] DEBUG org.asynchttpclient.netty.channel.ChannelManager - Adding key: http://localhost:45638 for channel [id: 0x553c06ea, L:/127.0.0.1:57701 - R:localhost/127.0.0.1:45638]
19:05:24.484 [Forwarding maximizeCurrentWindow on session 9c69bc526505dce49d105dca80fa20b7 to remote] DEBUG org.asynchttpclient.netty.request.NettyRequestSender - Using pooled Channel '[id: 0x553c06ea, L:/127.0.0.1:57701 - R:localhost/127.0.0.1:45638]' for 'POST' to 'http://localhost:45638/session/9c69bc526505dce49d105dca80fa20b7/window/maximize'
19:05:24.484 [Forwarding maximizeCurrentWindow on session 9c69bc526505dce49d105dca80fa20b7 to remote] DEBUG org.asynchttpclient.netty.request.NettyRequestSender - Using open Channel [id: 0x553c06ea, L:/127.0.0.1:57701 - R:localhost/127.0.0.1:45638] for POST '/session/9c69bc526505dce49d105dca80fa20b7/window/maximize'
19:05:24.599 [AsyncHttpClient-1-3] DEBUG org.asynchttpclient.netty.handler.HttpHandler - 

Request DefaultHttpRequest(decodeResult: success, version: HTTP/1.1)
POST /session/9c69bc526505dce49d105dca80fa20b7/window/maximize HTTP/1.1
User-Agent: selenium/4.8.3 (java windows)
Content-Length: 3
Content-Type: application/json; charset=utf-8
host: localhost:45638
accept: */*

Response DefaultHttpResponse(decodeResult: success, version: HTTP/1.1)
HTTP/1.1 200 OK
Content-Length: 51
Content-Type: application/json; charset=utf-8
cache-control: no-cache

19:05:24.599 [AsyncHttpClient-1-3] DEBUG org.asynchttpclient.netty.channel.ChannelManager - Adding key: http://localhost:45638 for channel [id: 0x553c06ea, L:/127.0.0.1:57701 - R:localhost/127.0.0.1:45638]
19:05:24.600 [Forwarding get on session 9c69bc526505dce49d105dca80fa20b7 to remote] DEBUG org.asynchttpclient.netty.request.NettyRequestSender - Using pooled Channel '[id: 0x553c06ea, L:/127.0.0.1:57701 - R:localhost/127.0.0.1:45638]' for 'POST' to 'http://localhost:45638/session/9c69bc526505dce49d105dca80fa20b7/url'
19:05:24.601 [Forwarding get on session 9c69bc526505dce49d105dca80fa20b7 to remote] DEBUG org.asynchttpclient.netty.request.NettyRequestSender - Using open Channel [id: 0x553c06ea, L:/127.0.0.1:57701 - R:localhost/127.0.0.1:45638] for POST '/session/9c69bc526505dce49d105dca80fa20b7/url'
19:05:25.136 [AsyncHttpClient-1-1] DEBUG org.asynchttpclient.netty.channel.DefaultChannelPool - Entry count for : http://localhost:57702 : 1
19:05:25.850 [AsyncHttpClient-1-3] DEBUG org.asynchttpclient.netty.handler.HttpHandler - 

Request DefaultHttpRequest(decodeResult: success, version: HTTP/1.1)
POST /session/9c69bc526505dce49d105dca80fa20b7/url HTTP/1.1
User-Agent: selenium/4.8.3 (java windows)
Content-Length: 52
Content-Type: application/json; charset=utf-8
host: localhost:45638
accept: */*

Response DefaultHttpResponse(decodeResult: success, version: HTTP/1.1)
HTTP/1.1 200 OK
Content-Length: 14
Content-Type: application/json; charset=utf-8
cache-control: no-cache

19:05:25.850 [AsyncHttpClient-1-3] DEBUG org.asynchttpclient.netty.channel.ChannelManager - Adding key: http://localhost:45638 for channel [id: 0x553c06ea, L:/127.0.0.1:57701 - R:localhost/127.0.0.1:45638]
2023-06-06 19:05:25 INFO  BaseTest:104 - Test driver set up done successfully**********
2023-06-06 19:05:25 INFO  BaseTest:122 - Logging in to portal
19:05:25.852 [Forwarding findElement on session 9c69bc526505dce49d105dca80fa20b7 to remote] DEBUG org.asynchttpclient.netty.request.NettyRequestSender - Using pooled Channel '[id: 0x553c06ea, L:/127.0.0.1:57701 - R:localhost/127.0.0.1:45638]' for 'POST' to 'http://localhost:45638/session/9c69bc526505dce49d105dca80fa20b7/element'
19:05:25.852 [Forwarding findElement on session 9c69bc526505dce49d105dca80fa20b7 to remote] DEBUG org.asynchttpclient.netty.request.NettyRequestSender - Using open Channel [id: 0x553c06ea, L:/127.0.0.1:57701 - R:localhost/127.0.0.1:45638] for POST '/session/9c69bc526505dce49d105dca80fa20b7/element'
19:05:25.864 [AsyncHttpClient-1-3] DEBUG org.asynchttpclient.netty.handler.HttpHandler - 

Request DefaultHttpRequest(decodeResult: success, version: HTTP/1.1)
POST /session/9c69bc526505dce49d105dca80fa20b7/element HTTP/1.1
User-Agent: selenium/4.8.3 (java windows)
Content-Length: 59
Content-Type: application/json; charset=utf-8
host: localhost:45638
accept: */*

Response DefaultHttpResponse(decodeResult: success, version: HTTP/1.1)
HTTP/1.1 200 OK
Content-Length: 95
Content-Type: application/json; charset=utf-8
cache-control: no-cache

19:05:25.864 [AsyncHttpClient-1-3] DEBUG org.asynchttpclient.netty.channel.ChannelManager - Adding key: http://localhost:45638 for channel [id: 0x553c06ea, L:/127.0.0.1:57701 - R:localhost/127.0.0.1:45638]
19:05:25.865 [Forwarding clearElement on session 9c69bc526505dce49d105dca80fa20b7 to remote] DEBUG org.asynchttpclient.netty.request.NettyRequestSender - Using pooled Channel '[id: 0x553c06ea, L:/127.0.0.1:57701 - R:localhost/127.0.0.1:45638]' for 'POST' to 'http://localhost:45638/session/9c69bc526505dce49d105dca80fa20b7/element/DC22C636909A95150A4B38B167A71512_element_26/clear'
19:05:25.865 [Forwarding clearElement on session 9c69bc526505dce49d105dca80fa20b7 to remote] DEBUG org.asynchttpclient.netty.request.NettyRequestSender - Using open Channel [id: 0x553c06ea, L:/127.0.0.1:57701 - R:localhost/127.0.0.1:45638] for POST '/session/9c69bc526505dce49d105dca80fa20b7/element/DC22C636909A95150A4B38B167A71512_element_26/clear'
19:05:25.900 [AsyncHttpClient-1-3] DEBUG org.asynchttpclient.netty.handler.HttpHandler - 

Request DefaultHttpRequest(decodeResult: success, version: HTTP/1.1)
POST /session/9c69bc526505dce49d105dca80fa20b7/element/DC22C636909A95150A4B38B167A71512_element_26/clear HTTP/1.1
User-Agent: selenium/4.8.3 (java windows)
Content-Length: 57
Content-Type: application/json; charset=utf-8
host: localhost:45638
accept: */*

Response DefaultHttpResponse(decodeResult: success, version: HTTP/1.1)
HTTP/1.1 200 OK
Content-Length: 14
Content-Type: application/json; charset=utf-8
cache-control: no-cache

19:05:25.900 [AsyncHttpClient-1-3] DEBUG org.asynchttpclient.netty.channel.ChannelManager - Adding key: http://localhost:45638 for channel [id: 0x553c06ea, L:/127.0.0.1:57701 - R:localhost/127.0.0.1:45638]
19:05:25.901 [Forwarding findElement on session 9c69bc526505dce49d105dca80fa20b7 to remote] DEBUG org.asynchttpclient.netty.request.NettyRequestSender - Using pooled Channel '[id: 0x553c06ea, L:/127.0.0.1:57701 - R:localhost/127.0.0.1:45638]' for 'POST' to 'http://localhost:45638/session/9c69bc526505dce49d105dca80fa20b7/element'
19:05:25.901 [Forwarding findElement on session 9c69bc526505dce49d105dca80fa20b7 to remote] DEBUG org.asynchttpclient.netty.request.NettyRequestSender - Using open Channel [id: 0x553c06ea, L:/127.0.0.1:57701 - R:localhost/127.0.0.1:45638] for POST '/session/9c69bc526505dce49d105dca80fa20b7/element'
19:05:25.909 [AsyncHttpClient-1-3] DEBUG org.asynchttpclient.netty.handler.HttpHandler - 

Request DefaultHttpRequest(decodeResult: success, version: HTTP/1.1)
POST /session/9c69bc526505dce49d105dca80fa20b7/element HTTP/1.1
User-Agent: selenium/4.8.3 (java windows)
Content-Length: 59
Content-Type: application/json; charset=utf-8
host: localhost:45638
accept: */*

Response DefaultHttpResponse(decodeResult: success, version: HTTP/1.1)
HTTP/1.1 200 OK
Content-Length: 95
Content-Type: application/json; charset=utf-8
cache-control: no-cache

19:05:25.909 [AsyncHttpClient-1-3] DEBUG org.asynchttpclient.netty.channel.ChannelManager - Adding key: http://localhost:45638 for channel [id: 0x553c06ea, L:/127.0.0.1:57701 - R:localhost/127.0.0.1:45638]
19:05:25.910 [Forwarding sendKeysToElement on session 9c69bc526505dce49d105dca80fa20b7 to remote] DEBUG org.asynchttpclient.netty.request.NettyRequestSender - Using pooled Channel '[id: 0x553c06ea, L:/127.0.0.1:57701 - R:localhost/127.0.0.1:45638]' for 'POST' to 'http://localhost:45638/session/9c69bc526505dce49d105dca80fa20b7/element/DC22C636909A95150A4B38B167A71512_element_26/value'
19:05:25.910 [Forwarding sendKeysToElement on session 9c69bc526505dce49d105dca80fa20b7 to remote] DEBUG org.asynchttpclient.netty.request.NettyRequestSender - Using open Channel [id: 0x553c06ea, L:/127.0.0.1:57701 - R:localhost/127.0.0.1:45638] for POST '/session/9c69bc526505dce49d105dca80fa20b7/element/DC22C636909A95150A4B38B167A71512_element_26/value'
19:05:26.008 [AsyncHttpClient-1-3] DEBUG org.asynchttpclient.netty.handler.HttpHandler - 

Request DefaultHttpRequest(decodeResult: success, version: HTTP/1.1)
POST /session/9c69bc526505dce49d105dca80fa20b7/element/DC22C636909A95150A4B38B167A71512_element_26/value HTTP/1.1
User-Agent: selenium/4.8.3 (java windows)
Content-Length: 188
Content-Type: application/json; charset=utf-8
host: localhost:45638
accept: */*

Response DefaultHttpResponse(decodeResult: success, version: HTTP/1.1)
HTTP/1.1 200 OK
Content-Length: 14
Content-Type: application/json; charset=utf-8
cache-control: no-cache

19:05:26.008 [AsyncHttpClient-1-3] DEBUG org.asynchttpclient.netty.channel.ChannelManager - Adding key: http://localhost:45638 for channel [id: 0x553c06ea, L:/127.0.0.1:57701 - R:localhost/127.0.0.1:45638]
19:05:26.009 [Forwarding findElement on session 9c69bc526505dce49d105dca80fa20b7 to remote] DEBUG org.asynchttpclient.netty.request.NettyRequestSender - Using pooled Channel '[id: 0x553c06ea, L:/127.0.0.1:57701 - R:localhost/127.0.0.1:45638]' for 'POST' to 'http://localhost:45638/session/9c69bc526505dce49d105dca80fa20b7/element'
19:05:26.009 [Forwarding findElement on session 9c69bc526505dce49d105dca80fa20b7 to remote] DEBUG org.asynchttpclient.netty.request.NettyRequestSender - Using open Channel [id: 0x553c06ea, L:/127.0.0.1:57701 - R:localhost/127.0.0.1:45638] for POST '/session/9c69bc526505dce49d105dca80fa20b7/element'
19:05:26.032 [AsyncHttpClient-1-3] DEBUG org.asynchttpclient.netty.handler.HttpHandler - 

Request DefaultHttpRequest(decodeResult: success, version: HTTP/1.1)
POST /session/9c69bc526505dce49d105dca80fa20b7/element HTTP/1.1
User-Agent: selenium/4.8.3 (java windows)
Content-Length: 62
Content-Type: application/json; charset=utf-8
host: localhost:45638
accept: */*

Response DefaultHttpResponse(decodeResult: success, version: HTTP/1.1)
HTTP/1.1 200 OK
Content-Length: 95
Content-Type: application/json; charset=utf-8
cache-control: no-cache

19:05:26.033 [AsyncHttpClient-1-3] DEBUG org.asynchttpclient.netty.channel.ChannelManager - Adding key: http://localhost:45638 for channel [id: 0x553c06ea, L:/127.0.0.1:57701 - R:localhost/127.0.0.1:45638]
19:05:26.035 [Forwarding clearElement on session 9c69bc526505dce49d105dca80fa20b7 to remote] DEBUG org.asynchttpclient.netty.request.NettyRequestSender - Using pooled Channel '[id: 0x553c06ea, L:/127.0.0.1:57701 - R:localhost/127.0.0.1:45638]' for 'POST' to 'http://localhost:45638/session/9c69bc526505dce49d105dca80fa20b7/element/DC22C636909A95150A4B38B167A71512_element_32/clear'
19:05:26.035 [Forwarding clearElement on session 9c69bc526505dce49d105dca80fa20b7 to remote] DEBUG org.asynchttpclient.netty.request.NettyRequestSender - Using open Channel [id: 0x553c06ea, L:/127.0.0.1:57701 - R:localhost/127.0.0.1:45638] for POST '/session/9c69bc526505dce49d105dca80fa20b7/element/DC22C636909A95150A4B38B167A71512_element_32/clear'
19:05:26.059 [AsyncHttpClient-1-3] DEBUG org.asynchttpclient.netty.handler.HttpHandler - 

Request DefaultHttpRequest(decodeResult: success, version: HTTP/1.1)
POST /session/9c69bc526505dce49d105dca80fa20b7/element/DC22C636909A95150A4B38B167A71512_element_32/clear HTTP/1.1
User-Agent: selenium/4.8.3 (java windows)
Content-Length: 57
Content-Type: application/json; charset=utf-8
host: localhost:45638
accept: */*

Response DefaultHttpResponse(decodeResult: success, version: HTTP/1.1)
HTTP/1.1 200 OK
Content-Length: 14
Content-Type: application/json; charset=utf-8
cache-control: no-cache

19:05:26.059 [AsyncHttpClient-1-3] DEBUG org.asynchttpclient.netty.channel.ChannelManager - Adding key: http://localhost:45638 for channel [id: 0x553c06ea, L:/127.0.0.1:57701 - R:localhost/127.0.0.1:45638]
19:05:26.060 [Forwarding findElement on session 9c69bc526505dce49d105dca80fa20b7 to remote] DEBUG org.asynchttpclient.netty.request.NettyRequestSender - Using pooled Channel '[id: 0x553c06ea, L:/127.0.0.1:57701 - R:localhost/127.0.0.1:45638]' for 'POST' to 'http://localhost:45638/session/9c69bc526505dce49d105dca80fa20b7/element'
19:05:26.060 [Forwarding findElement on session 9c69bc526505dce49d105dca80fa20b7 to remote] DEBUG org.asynchttpclient.netty.request.NettyRequestSender - Using open Channel [id: 0x553c06ea, L:/127.0.0.1:57701 - R:localhost/127.0.0.1:45638] for POST '/session/9c69bc526505dce49d105dca80fa20b7/element'
19:05:26.067 [AsyncHttpClient-1-3] DEBUG org.asynchttpclient.netty.handler.HttpHandler - 

Request DefaultHttpRequest(decodeResult: success, version: HTTP/1.1)
POST /session/9c69bc526505dce49d105dca80fa20b7/element HTTP/1.1
User-Agent: selenium/4.8.3 (java windows)
Content-Length: 62
Content-Type: application/json; charset=utf-8
host: localhost:45638
accept: */*

Response DefaultHttpResponse(decodeResult: success, version: HTTP/1.1)
HTTP/1.1 200 OK
Content-Length: 95
Content-Type: application/json; charset=utf-8
cache-control: no-cache

19:05:26.067 [AsyncHttpClient-1-3] DEBUG org.asynchttpclient.netty.channel.ChannelManager - Adding key: http://localhost:45638 for channel [id: 0x553c06ea, L:/127.0.0.1:57701 - R:localhost/127.0.0.1:45638]
19:05:26.068 [Forwarding sendKeysToElement on session 9c69bc526505dce49d105dca80fa20b7 to remote] DEBUG org.asynchttpclient.netty.request.NettyRequestSender - Using pooled Channel '[id: 0x553c06ea, L:/127.0.0.1:57701 - R:localhost/127.0.0.1:45638]' for 'POST' to 'http://localhost:45638/session/9c69bc526505dce49d105dca80fa20b7/element/DC22C636909A95150A4B38B167A71512_element_32/value'
19:05:26.068 [Forwarding sendKeysToElement on session 9c69bc526505dce49d105dca80fa20b7 to remote] DEBUG org.asynchttpclient.netty.request.NettyRequestSender - Using open Channel [id: 0x553c06ea, L:/127.0.0.1:57701 - R:localhost/127.0.0.1:45638] for POST '/session/9c69bc526505dce49d105dca80fa20b7/element/DC22C636909A95150A4B38B167A71512_element_32/value'
19:05:26.137 [AsyncHttpClient-1-3] DEBUG org.asynchttpclient.netty.handler.HttpHandler - 

Request DefaultHttpRequest(decodeResult: success, version: HTTP/1.1)
POST /session/9c69bc526505dce49d105dca80fa20b7/element/DC22C636909A95150A4B38B167A71512_element_32/value HTTP/1.1
User-Agent: selenium/4.8.3 (java windows)
Content-Length: 148
Content-Type: application/json; charset=utf-8
host: localhost:45638
accept: */*

Response DefaultHttpResponse(decodeResult: success, version: HTTP/1.1)
HTTP/1.1 200 OK
Content-Length: 14
Content-Type: application/json; charset=utf-8
cache-control: no-cache

19:05:26.138 [AsyncHttpClient-1-3] DEBUG org.asynchttpclient.netty.channel.ChannelManager - Adding key: http://localhost:45638 for channel [id: 0x553c06ea, L:/127.0.0.1:57701 - R:localhost/127.0.0.1:45638]
19:05:26.139 [Forwarding findElement on session 9c69bc526505dce49d105dca80fa20b7 to remote] DEBUG org.asynchttpclient.netty.request.NettyRequestSender - Using pooled Channel '[id: 0x553c06ea, L:/127.0.0.1:57701 - R:localhost/127.0.0.1:45638]' for 'POST' to 'http://localhost:45638/session/9c69bc526505dce49d105dca80fa20b7/element'
19:05:26.139 [Forwarding findElement on session 9c69bc526505dce49d105dca80fa20b7 to remote] DEBUG org.asynchttpclient.netty.request.NettyRequestSender - Using open Channel [id: 0x553c06ea, L:/127.0.0.1:57701 - R:localhost/127.0.0.1:45638] for POST '/session/9c69bc526505dce49d105dca80fa20b7/element'
19:05:26.150 [AsyncHttpClient-1-3] DEBUG org.asynchttpclient.netty.handler.HttpHandler - 

Request DefaultHttpRequest(decodeResult: success, version: HTTP/1.1)
POST /session/9c69bc526505dce49d105dca80fa20b7/element HTTP/1.1
User-Agent: selenium/4.8.3 (java windows)
Content-Length: 71
Content-Type: application/json; charset=utf-8
host: localhost:45638
accept: */*

Response DefaultHttpResponse(decodeResult: success, version: HTTP/1.1)
HTTP/1.1 200 OK
Content-Length: 95
Content-Type: application/json; charset=utf-8
cache-control: no-cache

19:05:26.151 [AsyncHttpClient-1-3] DEBUG org.asynchttpclient.netty.channel.ChannelManager - Adding key: http://localhost:45638 for channel [id: 0x553c06ea, L:/127.0.0.1:57701 - R:localhost/127.0.0.1:45638]
19:05:26.152 [Forwarding clickElement on session 9c69bc526505dce49d105dca80fa20b7 to remote] DEBUG org.asynchttpclient.netty.request.NettyRequestSender - Using pooled Channel '[id: 0x553c06ea, L:/127.0.0.1:57701 - R:localhost/127.0.0.1:45638]' for 'POST' to 'http://localhost:45638/session/9c69bc526505dce49d105dca80fa20b7/element/DC22C636909A95150A4B38B167A71512_element_33/click'
19:05:26.152 [Forwarding clickElement on session 9c69bc526505dce49d105dca80fa20b7 to remote] DEBUG org.asynchttpclient.netty.request.NettyRequestSender - Using open Channel [id: 0x553c06ea, L:/127.0.0.1:57701 - R:localhost/127.0.0.1:45638] for POST '/session/9c69bc526505dce49d105dca80fa20b7/element/DC22C636909A95150A4B38B167A71512_element_33/click'
19:05:26.192 [AsyncHttpClient-1-3] DEBUG org.asynchttpclient.netty.handler.HttpHandler - 

Request DefaultHttpRequest(decodeResult: success, version: HTTP/1.1)
POST /session/9c69bc526505dce49d105dca80fa20b7/element/DC22C636909A95150A4B38B167A71512_element_33/click HTTP/1.1
User-Agent: selenium/4.8.3 (java windows)
Content-Length: 57
Content-Type: application/json; charset=utf-8
host: localhost:45638
accept: */*

Response DefaultHttpResponse(decodeResult: success, version: HTTP/1.1)
HTTP/1.1 200 OK
Content-Length: 14
Content-Type: application/json; charset=utf-8
cache-control: no-cache

19:05:26.192 [AsyncHttpClient-1-3] DEBUG org.asynchttpclient.netty.channel.ChannelManager - Adding key: http://localhost:45638 for channel [id: 0x553c06ea, L:/127.0.0.1:57701 - R:localhost/127.0.0.1:45638]
2023-06-06 19:05:26 INFO  BaseTest:126 - Logged in
19:05:26.193 [rp-io-25] DEBUG com.epam.reportportal.service.Launch - Starting test item...rp-io-25
2023-06-06 19:05:26 INFO  Listeners:34 - Started Test null
19:05:26.196 [Forwarding findElement on session 9c69bc526505dce49d105dca80fa20b7 to remote] DEBUG org.asynchttpclient.netty.request.NettyRequestSender - Using pooled Channel '[id: 0x553c06ea, L:/127.0.0.1:57701 - R:localhost/127.0.0.1:45638]' for 'POST' to 'http://localhost:45638/session/9c69bc526505dce49d105dca80fa20b7/element'
19:05:26.196 [Forwarding findElement on session 9c69bc526505dce49d105dca80fa20b7 to remote] DEBUG org.asynchttpclient.netty.request.NettyRequestSender - Using open Channel [id: 0x553c06ea, L:/127.0.0.1:57701 - R:localhost/127.0.0.1:45638] for POST '/session/9c69bc526505dce49d105dca80fa20b7/element'
19:05:26.208 [rp-io-22] DEBUG com.epam.reportportal.service.Launch - TestItem with ID = 'fb9ae43a-5f1d-4762-af85-59009cbc66f3' successfully finished.
19:05:26.208 [rp-io-22] DEBUG com.epam.reportportal.utils.SubscriptionUtils - Finish test item completed
19:05:26.213 [rp-io-25] DEBUG com.epam.reportportal.service.Launch - ReportPortal item with ID '35246a45-71fc-458c-9f4b-1791bdbc733c' has been created
19:05:26.213 [rp-io-25] DEBUG com.epam.reportportal.utils.SubscriptionUtils - Start test item successfully completed
19:05:26.236 [AsyncHttpClient-1-1] DEBUG org.asynchttpclient.netty.channel.DefaultChannelPool - Entry count for : http://localhost:57702 : 1
19:05:26.550 [AsyncHttpClient-1-3] DEBUG org.asynchttpclient.netty.handler.HttpHandler - 

Request DefaultHttpRequest(decodeResult: success, version: HTTP/1.1)
POST /session/9c69bc526505dce49d105dca80fa20b7/element HTTP/1.1
User-Agent: selenium/4.8.3 (java windows)
Content-Length: 168
Content-Type: application/json; charset=utf-8
host: localhost:45638
accept: */*

Response DefaultHttpResponse(decodeResult: success, version: HTTP/1.1)
HTTP/1.1 200 OK
Content-Length: 95
Content-Type: application/json; charset=utf-8
cache-control: no-cache

19:05:26.550 [AsyncHttpClient-1-3] DEBUG org.asynchttpclient.netty.channel.ChannelManager - Adding key: http://localhost:45638 for channel [id: 0x553c06ea, L:/127.0.0.1:57701 - R:localhost/127.0.0.1:45638]
19:05:26.551 [Forwarding clickElement on session 9c69bc526505dce49d105dca80fa20b7 to remote] DEBUG org.asynchttpclient.netty.request.NettyRequestSender - Using pooled Channel '[id: 0x553c06ea, L:/127.0.0.1:57701 - R:localhost/127.0.0.1:45638]' for 'POST' to 'http://localhost:45638/session/9c69bc526505dce49d105dca80fa20b7/element/DC22C636909A95150A4B38B167A71512_element_44/click'
19:05:26.551 [Forwarding clickElement on session 9c69bc526505dce49d105dca80fa20b7 to remote] DEBUG org.asynchttpclient.netty.request.NettyRequestSender - Using open Channel [id: 0x553c06ea, L:/127.0.0.1:57701 - R:localhost/127.0.0.1:45638] for POST '/session/9c69bc526505dce49d105dca80fa20b7/element/DC22C636909A95150A4B38B167A71512_element_44/click'
19:05:26.687 [AsyncHttpClient-1-3] DEBUG org.asynchttpclient.netty.handler.HttpHandler - 

Request DefaultHttpRequest(decodeResult: success, version: HTTP/1.1)
POST /session/9c69bc526505dce49d105dca80fa20b7/element/DC22C636909A95150A4B38B167A71512_element_44/click HTTP/1.1
User-Agent: selenium/4.8.3 (java windows)
Content-Length: 57
Content-Type: application/json; charset=utf-8
host: localhost:45638
accept: */*

Response DefaultHttpResponse(decodeResult: success, version: HTTP/1.1)
HTTP/1.1 200 OK
Content-Length: 14
Content-Type: application/json; charset=utf-8
cache-control: no-cache

19:05:26.687 [AsyncHttpClient-1-3] DEBUG org.asynchttpclient.netty.channel.ChannelManager - Adding key: http://localhost:45638 for channel [id: 0x553c06ea, L:/127.0.0.1:57701 - R:localhost/127.0.0.1:45638]
19:05:26.689 [Forwarding findElement on session 9c69bc526505dce49d105dca80fa20b7 to remote] DEBUG org.asynchttpclient.netty.request.NettyRequestSender - Using pooled Channel '[id: 0x553c06ea, L:/127.0.0.1:57701 - R:localhost/127.0.0.1:45638]' for 'POST' to 'http://localhost:45638/session/9c69bc526505dce49d105dca80fa20b7/element'
19:05:26.689 [Forwarding findElement on session 9c69bc526505dce49d105dca80fa20b7 to remote] DEBUG org.asynchttpclient.netty.request.NettyRequestSender - Using open Channel [id: 0x553c06ea, L:/127.0.0.1:57701 - R:localhost/127.0.0.1:45638] for POST '/session/9c69bc526505dce49d105dca80fa20b7/element'
19:05:27.178 [AsyncHttpClient-1-3] DEBUG org.asynchttpclient.netty.handler.HttpHandler - 

Request DefaultHttpRequest(decodeResult: success, version: HTTP/1.1)
POST /session/9c69bc526505dce49d105dca80fa20b7/element HTTP/1.1
User-Agent: selenium/4.8.3 (java windows)
Content-Length: 73
Content-Type: application/json; charset=utf-8
host: localhost:45638
accept: */*

Response DefaultHttpResponse(decodeResult: success, version: HTTP/1.1)
HTTP/1.1 200 OK
Content-Length: 95
Content-Type: application/json; charset=utf-8
cache-control: no-cache

19:05:27.179 [AsyncHttpClient-1-3] DEBUG org.asynchttpclient.netty.channel.ChannelManager - Adding key: http://localhost:45638 for channel [id: 0x553c06ea, L:/127.0.0.1:57701 - R:localhost/127.0.0.1:45638]
19:05:27.179 [Forwarding executeScript on session 9c69bc526505dce49d105dca80fa20b7 to remote] DEBUG org.asynchttpclient.netty.request.NettyRequestSender - Using pooled Channel '[id: 0x553c06ea, L:/127.0.0.1:57701 - R:localhost/127.0.0.1:45638]' for 'POST' to 'http://localhost:45638/session/9c69bc526505dce49d105dca80fa20b7/execute/sync'
19:05:27.179 [Forwarding executeScript on session 9c69bc526505dce49d105dca80fa20b7 to remote] DEBUG org.asynchttpclient.netty.request.NettyRequestSender - Using open Channel [id: 0x553c06ea, L:/127.0.0.1:57701 - R:localhost/127.0.0.1:45638] for POST '/session/9c69bc526505dce49d105dca80fa20b7/execute/sync'
19:05:27.190 [AsyncHttpClient-1-3] DEBUG org.asynchttpclient.netty.handler.HttpHandler - 

Request DefaultHttpRequest(decodeResult: success, version: HTTP/1.1)
POST /session/9c69bc526505dce49d105dca80fa20b7/execute/sync HTTP/1.1
User-Agent: selenium/4.8.3 (java windows)
Content-Length: 232
Content-Type: application/json; charset=utf-8
host: localhost:45638
accept: */*

Response DefaultHttpResponse(decodeResult: success, version: HTTP/1.1)
HTTP/1.1 200 OK
Content-Length: 14
Content-Type: application/json; charset=utf-8
cache-control: no-cache

19:05:27.190 [AsyncHttpClient-1-3] DEBUG org.asynchttpclient.netty.channel.ChannelManager - Adding key: http://localhost:45638 for channel [id: 0x553c06ea, L:/127.0.0.1:57701 - R:localhost/127.0.0.1:45638]
19:05:27.191 [Forwarding findElement on session 9c69bc526505dce49d105dca80fa20b7 to remote] DEBUG org.asynchttpclient.netty.request.NettyRequestSender - Using pooled Channel '[id: 0x553c06ea, L:/127.0.0.1:57701 - R:localhost/127.0.0.1:45638]' for 'POST' to 'http://localhost:45638/session/9c69bc526505dce49d105dca80fa20b7/element'
19:05:27.191 [Forwarding findElement on session 9c69bc526505dce49d105dca80fa20b7 to remote] DEBUG org.asynchttpclient.netty.request.NettyRequestSender - Using open Channel [id: 0x553c06ea, L:/127.0.0.1:57701 - R:localhost/127.0.0.1:45638] for POST '/session/9c69bc526505dce49d105dca80fa20b7/element'
19:05:27.229 [AsyncHttpClient-1-3] DEBUG org.asynchttpclient.netty.handler.HttpHandler - 

Request DefaultHttpRequest(decodeResult: success, version: HTTP/1.1)
POST /session/9c69bc526505dce49d105dca80fa20b7/element HTTP/1.1
User-Agent: selenium/4.8.3 (java windows)
Content-Length: 73
Content-Type: application/json; charset=utf-8
host: localhost:45638
accept: */*

Response DefaultHttpResponse(decodeResult: success, version: HTTP/1.1)
HTTP/1.1 200 OK
Content-Length: 95
Content-Type: application/json; charset=utf-8
cache-control: no-cache

19:05:27.230 [AsyncHttpClient-1-3] DEBUG org.asynchttpclient.netty.channel.ChannelManager - Adding key: http://localhost:45638 for channel [id: 0x553c06ea, L:/127.0.0.1:57701 - R:localhost/127.0.0.1:45638]
19:05:27.236 [Forwarding isElementDisplayed on session 9c69bc526505dce49d105dca80fa20b7 to remote] DEBUG org.asynchttpclient.netty.request.NettyRequestSender - Using pooled Channel '[id: 0x553c06ea, L:/127.0.0.1:57701 - R:localhost/127.0.0.1:45638]' for 'POST' to 'http://localhost:45638/session/9c69bc526505dce49d105dca80fa20b7/execute/sync'
19:05:27.236 [Forwarding isElementDisplayed on session 9c69bc526505dce49d105dca80fa20b7 to remote] DEBUG org.asynchttpclient.netty.request.NettyRequestSender - Using open Channel [id: 0x553c06ea, L:/127.0.0.1:57701 - R:localhost/127.0.0.1:45638] for POST '/session/9c69bc526505dce49d105dca80fa20b7/execute/sync'
19:05:27.336 [AsyncHttpClient-1-1] DEBUG org.asynchttpclient.netty.channel.DefaultChannelPool - Entry count for : http://localhost:57702 : 1
19:05:27.342 [AsyncHttpClient-1-3] DEBUG org.asynchttpclient.netty.handler.HttpHandler - 

Request DefaultHttpRequest(decodeResult: success, version: HTTP/1.1)
POST /session/9c69bc526505dce49d105dca80fa20b7/execute/sync HTTP/1.1
User-Agent: selenium/4.8.3 (java windows)
Content-Length: 48814
Content-Type: application/json; charset=utf-8
host: localhost:45638
accept: */*

Response DefaultHttpResponse(decodeResult: success, version: HTTP/1.1)
HTTP/1.1 200 OK
Content-Length: 14
Content-Type: application/json; charset=utf-8
cache-control: no-cache

19:05:27.342 [AsyncHttpClient-1-3] DEBUG org.asynchttpclient.netty.channel.ChannelManager - Adding key: http://localhost:45638 for channel [id: 0x553c06ea, L:/127.0.0.1:57701 - R:localhost/127.0.0.1:45638]
2023-06-06 19:05:27 INFO  Listeners:38 - Succeeded Test null
]]></system-out>
    <system-err><![CDATA[Starting ChromeDriver 114.0.5735.90 (386bc09e8f4f2e025eddae123f36f6263096ae49-refs/branch-heads/5735@{#1052}) on port 45638
Only local connections are allowed.
Please see https://chromedriver.chromium.org/security-considerations for suggestions on keeping ChromeDriver safe.
ChromeDriver was started successfully.
Jun 06, 2023 7:05:24 PM org.openqa.selenium.devtools.CdpVersionFinder findNearestMatch
WARNING: Unable to find an exact match for CDP version 114, so returning the closest version found: 111
]]></system-err>
  </testcase>
  <testcase name="searchDashboardNameDP[MOST FAILED TEST CASES](13)" classname="alltests.uitest.coreTest.DashboardPageTest" time="0">
    <skipped message="no such element: Unable to locate element: {&quot;method&quot;:&quot;xpath&quot;,&quot;selector&quot;:&quot;//*[text()=&apos;MOST FAILED TEST CASES&apos;]&quot;}&#10;  (Session info: chrome=114.0.5735.110)&#10;For documentation on this error, please visit: https://selenium.dev/exceptions/#no_such_element&#10;Build info: version: &apos;4.8.3&apos;, revision: &apos;e5e76298c3&apos;&#10;System info: os.name: &apos;Windows 10&apos;, os.arch: &apos;amd64&apos;, os.version: &apos;10.0&apos;, java.version: &apos;17.0.3.1&apos;&#10;Driver info: org.openqa.selenium.chrome.ChromeDriver&#10;Command: [c82315514b9ab3fc95272f801442c5df, findElement {using=xpath, value=//*[text()=&apos;MOST FAILED TEST CASES&apos;]}]&#10;Capabilities {acceptInsecureCerts: false, browserName: chrome, browserVersion: 114.0.5735.110, chrome: {chromedriverVersion: 114.0.5735.90 (386bc09e8f4f..., userDataDir: C:\Users\SUWARN~1\AppData\L...}, goog:chromeOptions: {debuggerAddress: localhost:57729}, networkConnectionEnabled: false, pageLoadStrategy: normal, platformName: WINDOWS, proxy: Proxy(), se:cdp: ws://localhost:57729/devtoo..., se:cdpVersion: 114.0.5735.110, setWindowRect: true, strictFileInteractability: false, timeouts: {implicit: 0, pageLoad: 300000, script: 30000}, unhandledPromptBehavior: dismiss and notify, webauthn:extension:credBlob: true, webauthn:extension:largeBlob: true, webauthn:extension:minPinLength: true, webauthn:extension:prf: true, webauthn:virtualAuthenticators: true}&#10;Session ID: c82315514b9ab3fc95272f801442c5df"/>
    <system-out><![CDATA[19:05:27.344 [rp-io-27] DEBUG com.epam.reportportal.service.Launch - Starting test item...rp-io-27
19:05:27.346 [AsyncHttpClient-1-5] DEBUG org.asynchttpclient.netty.handler.WebSocketHandler - Channel Closed: [id: 0x1c51f117, L:/127.0.0.1:57709 ! R:localhost/127.0.0.1:57702] with attribute NettyResponseFuture{currentRetry=0,
	isDone=1,
	isCancelled=0,
	asyncHandler=org.asynchttpclient.ws.WebSocketUpgradeHandler@61076b2,
	nettyRequest=org.asynchttpclient.netty.request.NettyRequest@2cdc3a0,
	future=java.util.concurrent.CompletableFuture@48eee5f8[Completed normally],
	uri=ws://localhost:57702/devtools/browser/ef7fdc30-bbd6-4485-b5c3-52ac6f1414cf,
	keepAlive=true,
	redirectCount=0,
	timeoutsHolder=null,
	inAuth=0,
	touch=1686071124478}
19:05:27.346 [AsyncHttpClient-1-5] DEBUG org.asynchttpclient.netty.channel.ChannelManager - Closing Channel [id: 0x1c51f117, L:/127.0.0.1:57709 ! R:localhost/127.0.0.1:57702] 
19:05:27.347 [Driver Command Executor] DEBUG org.asynchttpclient.netty.request.NettyRequestSender - Using pooled Channel '[id: 0x553c06ea, L:/127.0.0.1:57701 - R:localhost/127.0.0.1:45638]' for 'DELETE' to 'http://localhost:45638/session/9c69bc526505dce49d105dca80fa20b7'
19:05:27.347 [Driver Command Executor] DEBUG org.asynchttpclient.netty.request.NettyRequestSender - Using open Channel [id: 0x553c06ea, L:/127.0.0.1:57701 - R:localhost/127.0.0.1:45638] for DELETE '/session/9c69bc526505dce49d105dca80fa20b7'
19:05:27.361 [rp-io-29] DEBUG com.epam.reportportal.service.Launch - TestItem with ID = '35246a45-71fc-458c-9f4b-1791bdbc733c' successfully finished.
19:05:27.361 [rp-io-29] DEBUG com.epam.reportportal.utils.SubscriptionUtils - Finish test item completed
19:05:27.365 [rp-io-27] DEBUG com.epam.reportportal.service.Launch - ReportPortal item with ID 'd67e6af0-adc4-493b-9fef-541e18be9ca1' has been created
19:05:27.366 [rp-io-27] DEBUG com.epam.reportportal.utils.SubscriptionUtils - Start test item successfully completed
19:05:27.417 [AsyncHttpClient-1-4] DEBUG org.asynchttpclient.netty.handler.HttpHandler - Unexpected I/O exception on channel [id: 0x18c8db9c, L:/127.0.0.1:57708 - R:localhost/127.0.0.1:57702]
java.net.SocketException: Connection reset
	at java.base/sun.nio.ch.SocketChannelImpl.throwConnectionReset(SocketChannelImpl.java:394)
	at java.base/sun.nio.ch.SocketChannelImpl.read(SocketChannelImpl.java:426)
	at io.netty.buffer.PooledByteBuf.setBytes(PooledByteBuf.java:256)
	at io.netty.buffer.AbstractByteBuf.writeBytes(AbstractByteBuf.java:1132)
	at io.netty.channel.socket.nio.NioSocketChannel.doReadBytes(NioSocketChannel.java:357)
	at io.netty.channel.nio.AbstractNioByteChannel$NioByteUnsafe.read(AbstractNioByteChannel.java:151)
	at io.netty.channel.nio.NioEventLoop.processSelectedKey(NioEventLoop.java:788)
	at io.netty.channel.nio.NioEventLoop.processSelectedKeysOptimized(NioEventLoop.java:724)
	at io.netty.channel.nio.NioEventLoop.processSelectedKeys(NioEventLoop.java:650)
	at io.netty.channel.nio.NioEventLoop.run(NioEventLoop.java:562)
	at io.netty.util.concurrent.SingleThreadEventExecutor$4.run(SingleThreadEventExecutor.java:997)
	at io.netty.util.internal.ThreadExecutorMap$2.run(ThreadExecutorMap.java:74)
	at io.netty.util.concurrent.FastThreadLocalRunnable.run(FastThreadLocalRunnable.java:30)
	at java.base/java.lang.Thread.run(Thread.java:833)
19:05:27.417 [AsyncHttpClient-1-4] DEBUG org.asynchttpclient.netty.channel.ChannelManager - Closing Channel [id: 0x18c8db9c, L:/127.0.0.1:57708 - R:localhost/127.0.0.1:57702] 
19:05:27.417 [AsyncHttpClient-1-4] DEBUG org.asynchttpclient.netty.handler.HttpHandler - Channel Closed: [id: 0x18c8db9c, L:/127.0.0.1:57708 ! R:localhost/127.0.0.1:57702] with attribute DISCARD
19:05:27.442 [AsyncHttpClient-1-3] DEBUG org.asynchttpclient.netty.handler.HttpHandler - 

Request DefaultFullHttpRequest(decodeResult: success, version: HTTP/1.1, content: EmptyByteBufBE)
DELETE /session/9c69bc526505dce49d105dca80fa20b7 HTTP/1.1
User-Agent: selenium/4.8.3 (java windows)
Content-Type: application/json; charset=utf-8
host: localhost:45638
accept: */*

Response DefaultHttpResponse(decodeResult: success, version: HTTP/1.1)
HTTP/1.1 200 OK
Content-Length: 14
Content-Type: application/json; charset=utf-8
cache-control: no-cache

19:05:27.442 [AsyncHttpClient-1-3] DEBUG org.asynchttpclient.netty.channel.ChannelManager - Adding key: http://localhost:45638 for channel [id: 0x553c06ea, L:/127.0.0.1:57701 - R:localhost/127.0.0.1:45638]
19:05:27.494 [AsyncHttpClient-1-3] DEBUG org.asynchttpclient.netty.handler.HttpHandler - Channel Closed: [id: 0x553c06ea, L:/127.0.0.1:57701 ! R:localhost/127.0.0.1:45638] with attribute DISCARD
2023-06-06 19:05:27 INFO  BaseTest:83 - Test executed**********
19:05:27.526 [rp-io-38] DEBUG com.epam.reportportal.service.Launch - Starting test item...rp-io-38
2023-06-06 19:05:27 INFO  BaseTest:110 - Property files loaded successfully**********
19:05:27.540 [main] DEBUG io.github.bonigarcia.wdm.cache.ResolutionCache - Resolution chrome=114 in cache (valid until 19:20:28 06/06/2023 CEST)
19:05:27.541 [rp-io-39] DEBUG com.epam.reportportal.service.Launch - TestItem with ID = 'd67e6af0-adc4-493b-9fef-541e18be9ca1' successfully finished.
19:05:27.541 [rp-io-39] DEBUG com.epam.reportportal.utils.SubscriptionUtils - Finish test item completed
19:05:27.541 [main] DEBUG io.github.bonigarcia.wdm.cache.ResolutionCache - Resolution chrome114=114.0.5735.90 in cache (valid until 16:16:26 07/06/2023 CEST)
19:05:27.541 [main] INFO io.github.bonigarcia.wdm.WebDriverManager - Using chromedriver 114.0.5735.90 (resolved driver for Chrome 114)
19:05:27.545 [rp-io-38] DEBUG com.epam.reportportal.service.Launch - ReportPortal item with ID 'a2ed4f6e-c2d8-46b7-bab0-f2b9234c5d4b' has been created
19:05:27.545 [rp-io-38] DEBUG com.epam.reportportal.utils.SubscriptionUtils - Start test item successfully completed
19:05:27.548 [main] DEBUG io.github.bonigarcia.wdm.WebDriverManager - Driver chromedriver 114.0.5735.90 found in cache
19:05:27.548 [main] INFO io.github.bonigarcia.wdm.WebDriverManager - Exporting webdriver.chrome.driver as C:\Users\Suwarna_Wagh\.cache\selenium\chromedriver\win32\114.0.5735.90\chromedriver.exe
19:05:27.731 [AsyncHttpClient-1-6] DEBUG org.asynchttpclient.netty.channel.NettyConnectListener - Using new Channel '[id: 0x25e9ef17, L:/127.0.0.1:57728 - R:localhost/127.0.0.1:45918]' for 'POST' to '/session'
19:05:28.437 [AsyncHttpClient-1-1] DEBUG org.asynchttpclient.netty.channel.DefaultChannelPool - Entry count for : http://localhost:45638 : 1
19:05:28.437 [AsyncHttpClient-1-1] DEBUG org.asynchttpclient.netty.channel.DefaultChannelPool - Entry count for : http://localhost:57702 : 1
19:05:28.437 [AsyncHttpClient-1-1] DEBUG org.asynchttpclient.netty.channel.DefaultChannelPool - Adding Candidate expired Channel [id: 0x553c06ea, L:/127.0.0.1:57701 ! R:localhost/127.0.0.1:45638] isIdleTimeoutExpired=false isRemotelyClosed=true isTtlExpired=false
19:05:28.437 [AsyncHttpClient-1-1] DEBUG org.asynchttpclient.netty.channel.DefaultChannelPool - Closing Idle Channel [id: 0x553c06ea, L:/127.0.0.1:57701 ! R:localhost/127.0.0.1:45638]
19:05:28.437 [AsyncHttpClient-1-1] DEBUG org.asynchttpclient.netty.channel.DefaultChannelPool - Adding Candidate expired Channel [id: 0x18c8db9c, L:/127.0.0.1:57708 ! R:localhost/127.0.0.1:57702] isIdleTimeoutExpired=false isRemotelyClosed=true isTtlExpired=false
19:05:28.437 [AsyncHttpClient-1-1] DEBUG org.asynchttpclient.netty.channel.DefaultChannelPool - Closing Idle Channel [id: 0x18c8db9c, L:/127.0.0.1:57708 ! R:localhost/127.0.0.1:57702]
19:05:28.438 [AsyncHttpClient-1-1] DEBUG org.asynchttpclient.netty.channel.DefaultChannelPool - Closed 2 connections out of 2 in 0 ms
19:05:28.642 [AsyncHttpClient-1-6] DEBUG org.asynchttpclient.netty.handler.HttpHandler - 

Request DefaultHttpRequest(decodeResult: success, version: HTTP/1.1)
POST /session HTTP/1.1
User-Agent: selenium/4.8.3 (java windows)
Content-Length: 439
Content-Type: application/json; charset=utf-8
host: localhost:45918
accept: */*

Response DefaultHttpResponse(decodeResult: success, version: HTTP/1.1)
HTTP/1.1 200 OK
Content-Length: 862
Content-Type: application/json; charset=utf-8
cache-control: no-cache

19:05:28.642 [AsyncHttpClient-1-6] DEBUG org.asynchttpclient.netty.channel.ChannelManager - Adding key: http://localhost:45918 for channel [id: 0x25e9ef17, L:/127.0.0.1:57728 - R:localhost/127.0.0.1:45918]
19:05:28.648 [AsyncHttpClient-1-7] DEBUG org.asynchttpclient.netty.channel.NettyConnectListener - Using new Channel '[id: 0x0813817f, L:/127.0.0.1:57736 - R:localhost/127.0.0.1:57729]' for 'GET' to '/json/version'
19:05:28.649 [AsyncHttpClient-1-7] DEBUG org.asynchttpclient.netty.handler.HttpHandler - 

Request DefaultFullHttpRequest(decodeResult: success, version: HTTP/1.1, content: EmptyByteBufBE)
GET /json/version HTTP/1.1
User-Agent: selenium/4.8.3 (java windows)
host: localhost:57729
accept: */*

Response DefaultHttpResponse(decodeResult: success, version: HTTP/1.1)
HTTP/1.1 200 OK
Content-Security-Policy: frame-ancestors 'none'
Content-Length: 424
Content-Type: application/json; charset=UTF-8

19:05:28.649 [AsyncHttpClient-1-7] DEBUG org.asynchttpclient.netty.channel.ChannelManager - Adding key: http://localhost:57729 for channel [id: 0x0813817f, L:/127.0.0.1:57736 - R:localhost/127.0.0.1:57729]
19:05:28.651 [AsyncHttpClient-1-8] DEBUG org.asynchttpclient.netty.channel.NettyConnectListener - Using new Channel '[id: 0xec56d037, L:/127.0.0.1:57737 - R:localhost/127.0.0.1:57729]' for 'GET' to '/devtools/browser/8a2eb031-40c6-41a2-af28-4e537eee55db'
19:05:28.652 [AsyncHttpClient-1-8] DEBUG org.asynchttpclient.netty.handler.WebSocketHandler - 

Request DefaultFullHttpRequest(decodeResult: success, version: HTTP/1.1, content: EmptyByteBufBE)
GET /devtools/browser/8a2eb031-40c6-41a2-af28-4e537eee55db HTTP/1.1
upgrade: websocket
connection: upgrade
sec-websocket-key: NBZxJAt2ovNOW60voxYrjg==
sec-websocket-version: 13
origin: http://localhost:57729
host: localhost:57729
accept: */*
user-agent: AHC/2.1

Response DefaultHttpResponse(decodeResult: success, version: HTTP/1.1)
HTTP/1.1 101 WebSocket Protocol Handshake
Upgrade: WebSocket
Connection: Upgrade
Sec-WebSocket-Accept: AGMh50k+CTkl4W1xrHpQtZekzRk=

19:05:28.657 [Forwarding setTimeout on session c82315514b9ab3fc95272f801442c5df to remote] DEBUG org.asynchttpclient.netty.request.NettyRequestSender - Using pooled Channel '[id: 0x25e9ef17, L:/127.0.0.1:57728 - R:localhost/127.0.0.1:45918]' for 'POST' to 'http://localhost:45918/session/c82315514b9ab3fc95272f801442c5df/timeouts'
19:05:28.657 [Forwarding setTimeout on session c82315514b9ab3fc95272f801442c5df to remote] DEBUG org.asynchttpclient.netty.request.NettyRequestSender - Using open Channel [id: 0x25e9ef17, L:/127.0.0.1:57728 - R:localhost/127.0.0.1:45918] for POST '/session/c82315514b9ab3fc95272f801442c5df/timeouts'
19:05:28.658 [AsyncHttpClient-1-6] DEBUG org.asynchttpclient.netty.handler.HttpHandler - 

Request DefaultHttpRequest(decodeResult: success, version: HTTP/1.1)
POST /session/c82315514b9ab3fc95272f801442c5df/timeouts HTTP/1.1
User-Agent: selenium/4.8.3 (java windows)
Content-Length: 22
Content-Type: application/json; charset=utf-8
host: localhost:45918
accept: */*

Response DefaultHttpResponse(decodeResult: success, version: HTTP/1.1)
HTTP/1.1 200 OK
Content-Length: 14
Content-Type: application/json; charset=utf-8
cache-control: no-cache

19:05:28.658 [AsyncHttpClient-1-6] DEBUG org.asynchttpclient.netty.channel.ChannelManager - Adding key: http://localhost:45918 for channel [id: 0x25e9ef17, L:/127.0.0.1:57728 - R:localhost/127.0.0.1:45918]
19:05:28.659 [Forwarding maximizeCurrentWindow on session c82315514b9ab3fc95272f801442c5df to remote] DEBUG org.asynchttpclient.netty.request.NettyRequestSender - Using pooled Channel '[id: 0x25e9ef17, L:/127.0.0.1:57728 - R:localhost/127.0.0.1:45918]' for 'POST' to 'http://localhost:45918/session/c82315514b9ab3fc95272f801442c5df/window/maximize'
19:05:28.659 [Forwarding maximizeCurrentWindow on session c82315514b9ab3fc95272f801442c5df to remote] DEBUG org.asynchttpclient.netty.request.NettyRequestSender - Using open Channel [id: 0x25e9ef17, L:/127.0.0.1:57728 - R:localhost/127.0.0.1:45918] for POST '/session/c82315514b9ab3fc95272f801442c5df/window/maximize'
19:05:28.776 [AsyncHttpClient-1-6] DEBUG org.asynchttpclient.netty.handler.HttpHandler - 

Request DefaultHttpRequest(decodeResult: success, version: HTTP/1.1)
POST /session/c82315514b9ab3fc95272f801442c5df/window/maximize HTTP/1.1
User-Agent: selenium/4.8.3 (java windows)
Content-Length: 3
Content-Type: application/json; charset=utf-8
host: localhost:45918
accept: */*

Response DefaultHttpResponse(decodeResult: success, version: HTTP/1.1)
HTTP/1.1 200 OK
Content-Length: 51
Content-Type: application/json; charset=utf-8
cache-control: no-cache

19:05:28.776 [AsyncHttpClient-1-6] DEBUG org.asynchttpclient.netty.channel.ChannelManager - Adding key: http://localhost:45918 for channel [id: 0x25e9ef17, L:/127.0.0.1:57728 - R:localhost/127.0.0.1:45918]
19:05:28.776 [Forwarding get on session c82315514b9ab3fc95272f801442c5df to remote] DEBUG org.asynchttpclient.netty.request.NettyRequestSender - Using pooled Channel '[id: 0x25e9ef17, L:/127.0.0.1:57728 - R:localhost/127.0.0.1:45918]' for 'POST' to 'http://localhost:45918/session/c82315514b9ab3fc95272f801442c5df/url'
19:05:28.776 [Forwarding get on session c82315514b9ab3fc95272f801442c5df to remote] DEBUG org.asynchttpclient.netty.request.NettyRequestSender - Using open Channel [id: 0x25e9ef17, L:/127.0.0.1:57728 - R:localhost/127.0.0.1:45918] for POST '/session/c82315514b9ab3fc95272f801442c5df/url'
19:05:29.538 [AsyncHttpClient-1-1] DEBUG org.asynchttpclient.netty.channel.DefaultChannelPool - Entry count for : http://localhost:57729 : 1
19:05:30.304 [AsyncHttpClient-1-6] DEBUG org.asynchttpclient.netty.handler.HttpHandler - 

Request DefaultHttpRequest(decodeResult: success, version: HTTP/1.1)
POST /session/c82315514b9ab3fc95272f801442c5df/url HTTP/1.1
User-Agent: selenium/4.8.3 (java windows)
Content-Length: 52
Content-Type: application/json; charset=utf-8
host: localhost:45918
accept: */*

Response DefaultHttpResponse(decodeResult: success, version: HTTP/1.1)
HTTP/1.1 200 OK
Content-Length: 14
Content-Type: application/json; charset=utf-8
cache-control: no-cache

19:05:30.304 [AsyncHttpClient-1-6] DEBUG org.asynchttpclient.netty.channel.ChannelManager - Adding key: http://localhost:45918 for channel [id: 0x25e9ef17, L:/127.0.0.1:57728 - R:localhost/127.0.0.1:45918]
2023-06-06 19:05:30 INFO  BaseTest:104 - Test driver set up done successfully**********
2023-06-06 19:05:30 INFO  BaseTest:122 - Logging in to portal
19:05:30.307 [Forwarding findElement on session c82315514b9ab3fc95272f801442c5df to remote] DEBUG org.asynchttpclient.netty.request.NettyRequestSender - Using pooled Channel '[id: 0x25e9ef17, L:/127.0.0.1:57728 - R:localhost/127.0.0.1:45918]' for 'POST' to 'http://localhost:45918/session/c82315514b9ab3fc95272f801442c5df/element'
19:05:30.307 [Forwarding findElement on session c82315514b9ab3fc95272f801442c5df to remote] DEBUG org.asynchttpclient.netty.request.NettyRequestSender - Using open Channel [id: 0x25e9ef17, L:/127.0.0.1:57728 - R:localhost/127.0.0.1:45918] for POST '/session/c82315514b9ab3fc95272f801442c5df/element'
19:05:30.315 [AsyncHttpClient-1-6] DEBUG org.asynchttpclient.netty.handler.HttpHandler - 

Request DefaultHttpRequest(decodeResult: success, version: HTTP/1.1)
POST /session/c82315514b9ab3fc95272f801442c5df/element HTTP/1.1
User-Agent: selenium/4.8.3 (java windows)
Content-Length: 59
Content-Type: application/json; charset=utf-8
host: localhost:45918
accept: */*

Response DefaultHttpResponse(decodeResult: success, version: HTTP/1.1)
HTTP/1.1 200 OK
Content-Length: 95
Content-Type: application/json; charset=utf-8
cache-control: no-cache

19:05:30.315 [AsyncHttpClient-1-6] DEBUG org.asynchttpclient.netty.channel.ChannelManager - Adding key: http://localhost:45918 for channel [id: 0x25e9ef17, L:/127.0.0.1:57728 - R:localhost/127.0.0.1:45918]
19:05:30.315 [Forwarding clearElement on session c82315514b9ab3fc95272f801442c5df to remote] DEBUG org.asynchttpclient.netty.request.NettyRequestSender - Using pooled Channel '[id: 0x25e9ef17, L:/127.0.0.1:57728 - R:localhost/127.0.0.1:45918]' for 'POST' to 'http://localhost:45918/session/c82315514b9ab3fc95272f801442c5df/element/48A4120715990B088A2DC61ABF59E347_element_27/clear'
19:05:30.315 [Forwarding clearElement on session c82315514b9ab3fc95272f801442c5df to remote] DEBUG org.asynchttpclient.netty.request.NettyRequestSender - Using open Channel [id: 0x25e9ef17, L:/127.0.0.1:57728 - R:localhost/127.0.0.1:45918] for POST '/session/c82315514b9ab3fc95272f801442c5df/element/48A4120715990B088A2DC61ABF59E347_element_27/clear'
19:05:30.353 [AsyncHttpClient-1-6] DEBUG org.asynchttpclient.netty.handler.HttpHandler - 

Request DefaultHttpRequest(decodeResult: success, version: HTTP/1.1)
POST /session/c82315514b9ab3fc95272f801442c5df/element/48A4120715990B088A2DC61ABF59E347_element_27/clear HTTP/1.1
User-Agent: selenium/4.8.3 (java windows)
Content-Length: 57
Content-Type: application/json; charset=utf-8
host: localhost:45918
accept: */*

Response DefaultHttpResponse(decodeResult: success, version: HTTP/1.1)
HTTP/1.1 200 OK
Content-Length: 14
Content-Type: application/json; charset=utf-8
cache-control: no-cache

19:05:30.353 [AsyncHttpClient-1-6] DEBUG org.asynchttpclient.netty.channel.ChannelManager - Adding key: http://localhost:45918 for channel [id: 0x25e9ef17, L:/127.0.0.1:57728 - R:localhost/127.0.0.1:45918]
19:05:30.353 [Forwarding findElement on session c82315514b9ab3fc95272f801442c5df to remote] DEBUG org.asynchttpclient.netty.request.NettyRequestSender - Using pooled Channel '[id: 0x25e9ef17, L:/127.0.0.1:57728 - R:localhost/127.0.0.1:45918]' for 'POST' to 'http://localhost:45918/session/c82315514b9ab3fc95272f801442c5df/element'
19:05:30.353 [Forwarding findElement on session c82315514b9ab3fc95272f801442c5df to remote] DEBUG org.asynchttpclient.netty.request.NettyRequestSender - Using open Channel [id: 0x25e9ef17, L:/127.0.0.1:57728 - R:localhost/127.0.0.1:45918] for POST '/session/c82315514b9ab3fc95272f801442c5df/element'
19:05:30.369 [AsyncHttpClient-1-6] DEBUG org.asynchttpclient.netty.handler.HttpHandler - 

Request DefaultHttpRequest(decodeResult: success, version: HTTP/1.1)
POST /session/c82315514b9ab3fc95272f801442c5df/element HTTP/1.1
User-Agent: selenium/4.8.3 (java windows)
Content-Length: 59
Content-Type: application/json; charset=utf-8
host: localhost:45918
accept: */*

Response DefaultHttpResponse(decodeResult: success, version: HTTP/1.1)
HTTP/1.1 200 OK
Content-Length: 95
Content-Type: application/json; charset=utf-8
cache-control: no-cache

19:05:30.369 [AsyncHttpClient-1-6] DEBUG org.asynchttpclient.netty.channel.ChannelManager - Adding key: http://localhost:45918 for channel [id: 0x25e9ef17, L:/127.0.0.1:57728 - R:localhost/127.0.0.1:45918]
19:05:30.369 [Forwarding sendKeysToElement on session c82315514b9ab3fc95272f801442c5df to remote] DEBUG org.asynchttpclient.netty.request.NettyRequestSender - Using pooled Channel '[id: 0x25e9ef17, L:/127.0.0.1:57728 - R:localhost/127.0.0.1:45918]' for 'POST' to 'http://localhost:45918/session/c82315514b9ab3fc95272f801442c5df/element/48A4120715990B088A2DC61ABF59E347_element_27/value'
19:05:30.369 [Forwarding sendKeysToElement on session c82315514b9ab3fc95272f801442c5df to remote] DEBUG org.asynchttpclient.netty.request.NettyRequestSender - Using open Channel [id: 0x25e9ef17, L:/127.0.0.1:57728 - R:localhost/127.0.0.1:45918] for POST '/session/c82315514b9ab3fc95272f801442c5df/element/48A4120715990B088A2DC61ABF59E347_element_27/value'
19:05:30.473 [AsyncHttpClient-1-6] DEBUG org.asynchttpclient.netty.handler.HttpHandler - 

Request DefaultHttpRequest(decodeResult: success, version: HTTP/1.1)
POST /session/c82315514b9ab3fc95272f801442c5df/element/48A4120715990B088A2DC61ABF59E347_element_27/value HTTP/1.1
User-Agent: selenium/4.8.3 (java windows)
Content-Length: 188
Content-Type: application/json; charset=utf-8
host: localhost:45918
accept: */*

Response DefaultHttpResponse(decodeResult: success, version: HTTP/1.1)
HTTP/1.1 200 OK
Content-Length: 14
Content-Type: application/json; charset=utf-8
cache-control: no-cache

19:05:30.473 [AsyncHttpClient-1-6] DEBUG org.asynchttpclient.netty.channel.ChannelManager - Adding key: http://localhost:45918 for channel [id: 0x25e9ef17, L:/127.0.0.1:57728 - R:localhost/127.0.0.1:45918]
19:05:30.473 [Forwarding findElement on session c82315514b9ab3fc95272f801442c5df to remote] DEBUG org.asynchttpclient.netty.request.NettyRequestSender - Using pooled Channel '[id: 0x25e9ef17, L:/127.0.0.1:57728 - R:localhost/127.0.0.1:45918]' for 'POST' to 'http://localhost:45918/session/c82315514b9ab3fc95272f801442c5df/element'
19:05:30.473 [Forwarding findElement on session c82315514b9ab3fc95272f801442c5df to remote] DEBUG org.asynchttpclient.netty.request.NettyRequestSender - Using open Channel [id: 0x25e9ef17, L:/127.0.0.1:57728 - R:localhost/127.0.0.1:45918] for POST '/session/c82315514b9ab3fc95272f801442c5df/element'
19:05:30.490 [AsyncHttpClient-1-6] DEBUG org.asynchttpclient.netty.handler.HttpHandler - 

Request DefaultHttpRequest(decodeResult: success, version: HTTP/1.1)
POST /session/c82315514b9ab3fc95272f801442c5df/element HTTP/1.1
User-Agent: selenium/4.8.3 (java windows)
Content-Length: 62
Content-Type: application/json; charset=utf-8
host: localhost:45918
accept: */*

Response DefaultHttpResponse(decodeResult: success, version: HTTP/1.1)
HTTP/1.1 200 OK
Content-Length: 95
Content-Type: application/json; charset=utf-8
cache-control: no-cache

19:05:30.490 [AsyncHttpClient-1-6] DEBUG org.asynchttpclient.netty.channel.ChannelManager - Adding key: http://localhost:45918 for channel [id: 0x25e9ef17, L:/127.0.0.1:57728 - R:localhost/127.0.0.1:45918]
19:05:30.490 [Forwarding clearElement on session c82315514b9ab3fc95272f801442c5df to remote] DEBUG org.asynchttpclient.netty.request.NettyRequestSender - Using pooled Channel '[id: 0x25e9ef17, L:/127.0.0.1:57728 - R:localhost/127.0.0.1:45918]' for 'POST' to 'http://localhost:45918/session/c82315514b9ab3fc95272f801442c5df/element/48A4120715990B088A2DC61ABF59E347_element_29/clear'
19:05:30.490 [Forwarding clearElement on session c82315514b9ab3fc95272f801442c5df to remote] DEBUG org.asynchttpclient.netty.request.NettyRequestSender - Using open Channel [id: 0x25e9ef17, L:/127.0.0.1:57728 - R:localhost/127.0.0.1:45918] for POST '/session/c82315514b9ab3fc95272f801442c5df/element/48A4120715990B088A2DC61ABF59E347_element_29/clear'
19:05:30.541 [AsyncHttpClient-1-6] DEBUG org.asynchttpclient.netty.handler.HttpHandler - 

Request DefaultHttpRequest(decodeResult: success, version: HTTP/1.1)
POST /session/c82315514b9ab3fc95272f801442c5df/element/48A4120715990B088A2DC61ABF59E347_element_29/clear HTTP/1.1
User-Agent: selenium/4.8.3 (java windows)
Content-Length: 57
Content-Type: application/json; charset=utf-8
host: localhost:45918
accept: */*

Response DefaultHttpResponse(decodeResult: success, version: HTTP/1.1)
HTTP/1.1 200 OK
Content-Length: 14
Content-Type: application/json; charset=utf-8
cache-control: no-cache

19:05:30.541 [AsyncHttpClient-1-6] DEBUG org.asynchttpclient.netty.channel.ChannelManager - Adding key: http://localhost:45918 for channel [id: 0x25e9ef17, L:/127.0.0.1:57728 - R:localhost/127.0.0.1:45918]
19:05:30.542 [Forwarding findElement on session c82315514b9ab3fc95272f801442c5df to remote] DEBUG org.asynchttpclient.netty.request.NettyRequestSender - Using pooled Channel '[id: 0x25e9ef17, L:/127.0.0.1:57728 - R:localhost/127.0.0.1:45918]' for 'POST' to 'http://localhost:45918/session/c82315514b9ab3fc95272f801442c5df/element'
19:05:30.542 [Forwarding findElement on session c82315514b9ab3fc95272f801442c5df to remote] DEBUG org.asynchttpclient.netty.request.NettyRequestSender - Using open Channel [id: 0x25e9ef17, L:/127.0.0.1:57728 - R:localhost/127.0.0.1:45918] for POST '/session/c82315514b9ab3fc95272f801442c5df/element'
19:05:30.549 [AsyncHttpClient-1-6] DEBUG org.asynchttpclient.netty.handler.HttpHandler - 

Request DefaultHttpRequest(decodeResult: success, version: HTTP/1.1)
POST /session/c82315514b9ab3fc95272f801442c5df/element HTTP/1.1
User-Agent: selenium/4.8.3 (java windows)
Content-Length: 62
Content-Type: application/json; charset=utf-8
host: localhost:45918
accept: */*

Response DefaultHttpResponse(decodeResult: success, version: HTTP/1.1)
HTTP/1.1 200 OK
Content-Length: 95
Content-Type: application/json; charset=utf-8
cache-control: no-cache

19:05:30.549 [AsyncHttpClient-1-6] DEBUG org.asynchttpclient.netty.channel.ChannelManager - Adding key: http://localhost:45918 for channel [id: 0x25e9ef17, L:/127.0.0.1:57728 - R:localhost/127.0.0.1:45918]
19:05:30.550 [Forwarding sendKeysToElement on session c82315514b9ab3fc95272f801442c5df to remote] DEBUG org.asynchttpclient.netty.request.NettyRequestSender - Using pooled Channel '[id: 0x25e9ef17, L:/127.0.0.1:57728 - R:localhost/127.0.0.1:45918]' for 'POST' to 'http://localhost:45918/session/c82315514b9ab3fc95272f801442c5df/element/48A4120715990B088A2DC61ABF59E347_element_29/value'
19:05:30.550 [Forwarding sendKeysToElement on session c82315514b9ab3fc95272f801442c5df to remote] DEBUG org.asynchttpclient.netty.request.NettyRequestSender - Using open Channel [id: 0x25e9ef17, L:/127.0.0.1:57728 - R:localhost/127.0.0.1:45918] for POST '/session/c82315514b9ab3fc95272f801442c5df/element/48A4120715990B088A2DC61ABF59E347_element_29/value'
19:05:30.614 [AsyncHttpClient-1-6] DEBUG org.asynchttpclient.netty.handler.HttpHandler - 

Request DefaultHttpRequest(decodeResult: success, version: HTTP/1.1)
POST /session/c82315514b9ab3fc95272f801442c5df/element/48A4120715990B088A2DC61ABF59E347_element_29/value HTTP/1.1
User-Agent: selenium/4.8.3 (java windows)
Content-Length: 148
Content-Type: application/json; charset=utf-8
host: localhost:45918
accept: */*

Response DefaultHttpResponse(decodeResult: success, version: HTTP/1.1)
HTTP/1.1 200 OK
Content-Length: 14
Content-Type: application/json; charset=utf-8
cache-control: no-cache

19:05:30.614 [AsyncHttpClient-1-6] DEBUG org.asynchttpclient.netty.channel.ChannelManager - Adding key: http://localhost:45918 for channel [id: 0x25e9ef17, L:/127.0.0.1:57728 - R:localhost/127.0.0.1:45918]
19:05:30.615 [Forwarding findElement on session c82315514b9ab3fc95272f801442c5df to remote] DEBUG org.asynchttpclient.netty.request.NettyRequestSender - Using pooled Channel '[id: 0x25e9ef17, L:/127.0.0.1:57728 - R:localhost/127.0.0.1:45918]' for 'POST' to 'http://localhost:45918/session/c82315514b9ab3fc95272f801442c5df/element'
19:05:30.615 [Forwarding findElement on session c82315514b9ab3fc95272f801442c5df to remote] DEBUG org.asynchttpclient.netty.request.NettyRequestSender - Using open Channel [id: 0x25e9ef17, L:/127.0.0.1:57728 - R:localhost/127.0.0.1:45918] for POST '/session/c82315514b9ab3fc95272f801442c5df/element'
19:05:30.629 [AsyncHttpClient-1-6] DEBUG org.asynchttpclient.netty.handler.HttpHandler - 

Request DefaultHttpRequest(decodeResult: success, version: HTTP/1.1)
POST /session/c82315514b9ab3fc95272f801442c5df/element HTTP/1.1
User-Agent: selenium/4.8.3 (java windows)
Content-Length: 71
Content-Type: application/json; charset=utf-8
host: localhost:45918
accept: */*

Response DefaultHttpResponse(decodeResult: success, version: HTTP/1.1)
HTTP/1.1 200 OK
Content-Length: 95
Content-Type: application/json; charset=utf-8
cache-control: no-cache

19:05:30.630 [AsyncHttpClient-1-6] DEBUG org.asynchttpclient.netty.channel.ChannelManager - Adding key: http://localhost:45918 for channel [id: 0x25e9ef17, L:/127.0.0.1:57728 - R:localhost/127.0.0.1:45918]
19:05:30.630 [Forwarding clickElement on session c82315514b9ab3fc95272f801442c5df to remote] DEBUG org.asynchttpclient.netty.request.NettyRequestSender - Using pooled Channel '[id: 0x25e9ef17, L:/127.0.0.1:57728 - R:localhost/127.0.0.1:45918]' for 'POST' to 'http://localhost:45918/session/c82315514b9ab3fc95272f801442c5df/element/48A4120715990B088A2DC61ABF59E347_element_33/click'
19:05:30.630 [Forwarding clickElement on session c82315514b9ab3fc95272f801442c5df to remote] DEBUG org.asynchttpclient.netty.request.NettyRequestSender - Using open Channel [id: 0x25e9ef17, L:/127.0.0.1:57728 - R:localhost/127.0.0.1:45918] for POST '/session/c82315514b9ab3fc95272f801442c5df/element/48A4120715990B088A2DC61ABF59E347_element_33/click'
19:05:30.636 [AsyncHttpClient-1-1] DEBUG org.asynchttpclient.netty.channel.DefaultChannelPool - Entry count for : http://localhost:57729 : 1
19:05:30.692 [AsyncHttpClient-1-6] DEBUG org.asynchttpclient.netty.handler.HttpHandler - 

Request DefaultHttpRequest(decodeResult: success, version: HTTP/1.1)
POST /session/c82315514b9ab3fc95272f801442c5df/element/48A4120715990B088A2DC61ABF59E347_element_33/click HTTP/1.1
User-Agent: selenium/4.8.3 (java windows)
Content-Length: 57
Content-Type: application/json; charset=utf-8
host: localhost:45918
accept: */*

Response DefaultHttpResponse(decodeResult: success, version: HTTP/1.1)
HTTP/1.1 200 OK
Content-Length: 14
Content-Type: application/json; charset=utf-8
cache-control: no-cache

19:05:30.692 [AsyncHttpClient-1-6] DEBUG org.asynchttpclient.netty.channel.ChannelManager - Adding key: http://localhost:45918 for channel [id: 0x25e9ef17, L:/127.0.0.1:57728 - R:localhost/127.0.0.1:45918]
2023-06-06 19:05:30 INFO  BaseTest:126 - Logged in
19:05:30.694 [rp-io-45] DEBUG com.epam.reportportal.service.Launch - Starting test item...rp-io-45
2023-06-06 19:05:30 INFO  Listeners:34 - Started Test null
19:05:30.695 [Forwarding findElement on session c82315514b9ab3fc95272f801442c5df to remote] DEBUG org.asynchttpclient.netty.request.NettyRequestSender - Using pooled Channel '[id: 0x25e9ef17, L:/127.0.0.1:57728 - R:localhost/127.0.0.1:45918]' for 'POST' to 'http://localhost:45918/session/c82315514b9ab3fc95272f801442c5df/element'
19:05:30.695 [Forwarding findElement on session c82315514b9ab3fc95272f801442c5df to remote] DEBUG org.asynchttpclient.netty.request.NettyRequestSender - Using open Channel [id: 0x25e9ef17, L:/127.0.0.1:57728 - R:localhost/127.0.0.1:45918] for POST '/session/c82315514b9ab3fc95272f801442c5df/element'
19:05:30.707 [rp-io-41] DEBUG com.epam.reportportal.service.Launch - TestItem with ID = 'a2ed4f6e-c2d8-46b7-bab0-f2b9234c5d4b' successfully finished.
19:05:30.707 [rp-io-41] DEBUG com.epam.reportportal.utils.SubscriptionUtils - Finish test item completed
19:05:30.712 [rp-io-45] DEBUG com.epam.reportportal.service.Launch - ReportPortal item with ID '4c06de02-f0d5-44ca-bf89-88c0980a9dfb' has been created
19:05:30.712 [rp-io-45] DEBUG com.epam.reportportal.utils.SubscriptionUtils - Start test item successfully completed
19:05:31.033 [AsyncHttpClient-1-6] DEBUG org.asynchttpclient.netty.handler.HttpHandler - 

Request DefaultHttpRequest(decodeResult: success, version: HTTP/1.1)
POST /session/c82315514b9ab3fc95272f801442c5df/element HTTP/1.1
User-Agent: selenium/4.8.3 (java windows)
Content-Length: 168
Content-Type: application/json; charset=utf-8
host: localhost:45918
accept: */*

Response DefaultHttpResponse(decodeResult: success, version: HTTP/1.1)
HTTP/1.1 200 OK
Content-Length: 95
Content-Type: application/json; charset=utf-8
cache-control: no-cache

19:05:31.034 [AsyncHttpClient-1-6] DEBUG org.asynchttpclient.netty.channel.ChannelManager - Adding key: http://localhost:45918 for channel [id: 0x25e9ef17, L:/127.0.0.1:57728 - R:localhost/127.0.0.1:45918]
19:05:31.034 [Forwarding clickElement on session c82315514b9ab3fc95272f801442c5df to remote] DEBUG org.asynchttpclient.netty.request.NettyRequestSender - Using pooled Channel '[id: 0x25e9ef17, L:/127.0.0.1:57728 - R:localhost/127.0.0.1:45918]' for 'POST' to 'http://localhost:45918/session/c82315514b9ab3fc95272f801442c5df/element/48A4120715990B088A2DC61ABF59E347_element_39/click'
19:05:31.034 [Forwarding clickElement on session c82315514b9ab3fc95272f801442c5df to remote] DEBUG org.asynchttpclient.netty.request.NettyRequestSender - Using open Channel [id: 0x25e9ef17, L:/127.0.0.1:57728 - R:localhost/127.0.0.1:45918] for POST '/session/c82315514b9ab3fc95272f801442c5df/element/48A4120715990B088A2DC61ABF59E347_element_39/click'
19:05:31.167 [AsyncHttpClient-1-6] DEBUG org.asynchttpclient.netty.handler.HttpHandler - 

Request DefaultHttpRequest(decodeResult: success, version: HTTP/1.1)
POST /session/c82315514b9ab3fc95272f801442c5df/element/48A4120715990B088A2DC61ABF59E347_element_39/click HTTP/1.1
User-Agent: selenium/4.8.3 (java windows)
Content-Length: 57
Content-Type: application/json; charset=utf-8
host: localhost:45918
accept: */*

Response DefaultHttpResponse(decodeResult: success, version: HTTP/1.1)
HTTP/1.1 200 OK
Content-Length: 14
Content-Type: application/json; charset=utf-8
cache-control: no-cache

19:05:31.167 [AsyncHttpClient-1-6] DEBUG org.asynchttpclient.netty.channel.ChannelManager - Adding key: http://localhost:45918 for channel [id: 0x25e9ef17, L:/127.0.0.1:57728 - R:localhost/127.0.0.1:45918]
19:05:31.168 [Forwarding findElement on session c82315514b9ab3fc95272f801442c5df to remote] DEBUG org.asynchttpclient.netty.request.NettyRequestSender - Using pooled Channel '[id: 0x25e9ef17, L:/127.0.0.1:57728 - R:localhost/127.0.0.1:45918]' for 'POST' to 'http://localhost:45918/session/c82315514b9ab3fc95272f801442c5df/element'
19:05:31.168 [Forwarding findElement on session c82315514b9ab3fc95272f801442c5df to remote] DEBUG org.asynchttpclient.netty.request.NettyRequestSender - Using open Channel [id: 0x25e9ef17, L:/127.0.0.1:57728 - R:localhost/127.0.0.1:45918] for POST '/session/c82315514b9ab3fc95272f801442c5df/element'
19:05:31.738 [AsyncHttpClient-1-1] DEBUG org.asynchttpclient.netty.channel.DefaultChannelPool - Entry count for : http://localhost:57729 : 1
19:05:32.836 [AsyncHttpClient-1-1] DEBUG org.asynchttpclient.netty.channel.DefaultChannelPool - Entry count for : http://localhost:57729 : 1
19:05:33.936 [AsyncHttpClient-1-1] DEBUG org.asynchttpclient.netty.channel.DefaultChannelPool - Entry count for : http://localhost:57729 : 1
19:05:35.037 [AsyncHttpClient-1-1] DEBUG org.asynchttpclient.netty.channel.DefaultChannelPool - Entry count for : http://localhost:57729 : 1
19:05:35.367 [AsyncHttpClient-1-6] DEBUG org.asynchttpclient.netty.handler.HttpHandler - 

Request DefaultHttpRequest(decodeResult: success, version: HTTP/1.1)
POST /session/c82315514b9ab3fc95272f801442c5df/element HTTP/1.1
User-Agent: selenium/4.8.3 (java windows)
Content-Length: 83
Content-Type: application/json; charset=utf-8
host: localhost:45918
accept: */*

Response DefaultHttpResponse(decodeResult: success, version: HTTP/1.1)
HTTP/1.1 404 Not Found
Content-Length: 973
Content-Type: application/json; charset=utf-8
cache-control: no-cache

19:05:35.367 [AsyncHttpClient-1-6] DEBUG org.asynchttpclient.netty.channel.ChannelManager - Adding key: http://localhost:45918 for channel [id: 0x25e9ef17, L:/127.0.0.1:57728 - R:localhost/127.0.0.1:45918]
2023-06-06 19:05:35 INFO  Listeners:55 - Skipped test null
19:05:35.368 [main] ERROR com.epam.reportportal.service.Launch - Item io.reactivex.internal.operators.maybe.MaybeCache@4bf6bc2d not found in the cache
]]></system-out>
    <system-err><![CDATA[Starting ChromeDriver 114.0.5735.90 (386bc09e8f4f2e025eddae123f36f6263096ae49-refs/branch-heads/5735@{#1052}) on port 45918
Only local connections are allowed.
Please see https://chromedriver.chromium.org/security-considerations for suggestions on keeping ChromeDriver safe.
ChromeDriver was started successfully.
Jun 06, 2023 7:05:28 PM org.openqa.selenium.devtools.CdpVersionFinder findNearestMatch
WARNING: Unable to find an exact match for CDP version 114, so returning the closest version found: 111
]]></system-err>
  </testcase>
  <testcase name="searchDashboardNameDP[MOST FAILED TEST CASES](14)" classname="alltests.uitest.coreTest.DashboardPageTest" time="4.78">
    <failure message="no such element: Unable to locate element: {&quot;method&quot;:&quot;xpath&quot;,&quot;selector&quot;:&quot;//*[text()=&apos;MOST FAILED TEST CASES&apos;]&quot;}&#10;  (Session info: chrome=114.0.5735.110)&#10;For documentation on this error, please visit: https://selenium.dev/exceptions/#no_such_element&#10;Build info: version: &apos;4.8.3&apos;, revision: &apos;e5e76298c3&apos;&#10;System info: os.name: &apos;Windows 10&apos;, os.arch: &apos;amd64&apos;, os.version: &apos;10.0&apos;, java.version: &apos;17.0.3.1&apos;&#10;Driver info: org.openqa.selenium.chrome.ChromeDriver&#10;Command: [8061cc357b9507896bb5f7b1ec601c74, findElement {using=xpath, value=//*[text()=&apos;MOST FAILED TEST CASES&apos;]}]&#10;Capabilities {acceptInsecureCerts: false, browserName: chrome, browserVersion: 114.0.5735.110, chrome: {chromedriverVersion: 114.0.5735.90 (386bc09e8f4f..., userDataDir: C:\Users\SUWARN~1\AppData\L...}, goog:chromeOptions: {debuggerAddress: localhost:57760}, networkConnectionEnabled: false, pageLoadStrategy: normal, platformName: WINDOWS, proxy: Proxy(), se:cdp: ws://localhost:57760/devtoo..., se:cdpVersion: 114.0.5735.110, setWindowRect: true, strictFileInteractability: false, timeouts: {implicit: 0, pageLoad: 300000, script: 30000}, unhandledPromptBehavior: dismiss and notify, webauthn:extension:credBlob: true, webauthn:extension:largeBlob: true, webauthn:extension:minPinLength: true, webauthn:extension:prf: true, webauthn:virtualAuthenticators: true}&#10;Session ID: 8061cc357b9507896bb5f7b1ec601c74" type="org.openqa.selenium.NoSuchElementException"><![CDATA[org.openqa.selenium.NoSuchElementException: 
no such element: Unable to locate element: {"method":"xpath","selector":"//*[text()='MOST FAILED TEST CASES']"}
  (Session info: chrome=114.0.5735.110)
For documentation on this error, please visit: https://selenium.dev/exceptions/#no_such_element
Build info: version: '4.8.3', revision: 'e5e76298c3'
System info: os.name: 'Windows 10', os.arch: 'amd64', os.version: '10.0', java.version: '17.0.3.1'
Driver info: org.openqa.selenium.chrome.ChromeDriver
Command: [8061cc357b9507896bb5f7b1ec601c74, findElement {using=xpath, value=//*[text()='MOST FAILED TEST CASES']}]
Capabilities {acceptInsecureCerts: false, browserName: chrome, browserVersion: 114.0.5735.110, chrome: {chromedriverVersion: 114.0.5735.90 (386bc09e8f4f..., userDataDir: C:\Users\SUWARN~1\AppData\L...}, goog:chromeOptions: {debuggerAddress: localhost:57760}, networkConnectionEnabled: false, pageLoadStrategy: normal, platformName: WINDOWS, proxy: Proxy(), se:cdp: ws://localhost:57760/devtoo..., se:cdpVersion: 114.0.5735.110, setWindowRect: true, strictFileInteractability: false, timeouts: {implicit: 0, pageLoad: 300000, script: 30000}, unhandledPromptBehavior: dismiss and notify, webauthn:extension:credBlob: true, webauthn:extension:largeBlob: true, webauthn:extension:minPinLength: true, webauthn:extension:prf: true, webauthn:virtualAuthenticators: true}
Session ID: 8061cc357b9507896bb5f7b1ec601c74
	at java.base/jdk.internal.reflect.NativeConstructorAccessorImpl.newInstance0(Native Method)
	at java.base/jdk.internal.reflect.NativeConstructorAccessorImpl.newInstance(NativeConstructorAccessorImpl.java:77)
	at java.base/jdk.internal.reflect.DelegatingConstructorAccessorImpl.newInstance(DelegatingConstructorAccessorImpl.java:45)
	at java.base/java.lang.reflect.Constructor.newInstanceWithCaller(Constructor.java:499)
	at java.base/java.lang.reflect.Constructor.newInstance(Constructor.java:480)
	at org.openqa.selenium.remote.codec.w3c.W3CHttpResponseCodec.createException(W3CHttpResponseCodec.java:200)
	at org.openqa.selenium.remote.codec.w3c.W3CHttpResponseCodec.decode(W3CHttpResponseCodec.java:133)
	at org.openqa.selenium.remote.codec.w3c.W3CHttpResponseCodec.decode(W3CHttpResponseCodec.java:53)
	at org.openqa.selenium.remote.HttpCommandExecutor.execute(HttpCommandExecutor.java:193)
	at org.openqa.selenium.remote.service.DriverCommandExecutor.invokeExecute(DriverCommandExecutor.java:183)
	at org.openqa.selenium.remote.service.DriverCommandExecutor.execute(DriverCommandExecutor.java:158)
	at org.openqa.selenium.remote.RemoteWebDriver.execute(RemoteWebDriver.java:543)
	at org.openqa.selenium.remote.ElementLocation$ElementFinder$2.findElement(ElementLocation.java:162)
	at org.openqa.selenium.remote.ElementLocation.findElement(ElementLocation.java:60)
	at org.openqa.selenium.remote.RemoteWebDriver.findElement(RemoteWebDriver.java:352)
	at org.openqa.selenium.remote.RemoteWebDriver.findElement(RemoteWebDriver.java:344)
	at pageobject.DemoDashboard.verifyNamesOfWidgetPresetOnDemoDashboard(DemoDashboard.java:31)
	at alltests.uitest.coreTest.DashboardPageTest.searchDashboardNameDP(DashboardPageTest.java:40)
	at java.base/jdk.internal.reflect.NativeMethodAccessorImpl.invoke0(Native Method)
	at java.base/jdk.internal.reflect.NativeMethodAccessorImpl.invoke(NativeMethodAccessorImpl.java:77)
	at java.base/jdk.internal.reflect.DelegatingMethodAccessorImpl.invoke(DelegatingMethodAccessorImpl.java:43)
	at java.base/java.lang.reflect.Method.invoke(Method.java:568)
	at org.testng.internal.invokers.MethodInvocationHelper.invokeMethod(MethodInvocationHelper.java:139)
	at org.testng.internal.invokers.TestInvoker.invokeMethod(TestInvoker.java:677)
	at org.testng.internal.invokers.TestInvoker.retryFailed(TestInvoker.java:263)
	at org.testng.internal.invokers.MethodRunner.runInSequence(MethodRunner.java:62)
	at org.testng.internal.invokers.TestInvoker$MethodInvocationAgent.invoke(TestInvoker.java:969)
	at org.testng.internal.invokers.TestInvoker.invokeTestMethods(TestInvoker.java:194)
	at org.testng.internal.invokers.TestMethodWorker.invokeTestMethods(TestMethodWorker.java:148)
	at org.testng.internal.invokers.TestMethodWorker.run(TestMethodWorker.java:128)
	at java.base/java.util.ArrayList.forEach(ArrayList.java:1511)
	at org.testng.TestRunner.privateRun(TestRunner.java:829)
	at org.testng.TestRunner.run(TestRunner.java:602)
	at org.testng.SuiteRunner.runTest(SuiteRunner.java:437)
	at org.testng.SuiteRunner.runSequentially(SuiteRunner.java:431)
	at org.testng.SuiteRunner.privateRun(SuiteRunner.java:391)
	at org.testng.SuiteRunner.run(SuiteRunner.java:330)
	at org.testng.SuiteRunnerWorker.runSuite(SuiteRunnerWorker.java:52)
	at org.testng.SuiteRunnerWorker.run(SuiteRunnerWorker.java:95)
	at org.testng.TestNG.runSuitesSequentially(TestNG.java:1256)
	at org.testng.TestNG.runSuitesLocally(TestNG.java:1176)
	at org.testng.TestNG.runSuites(TestNG.java:1099)
	at org.testng.TestNG.run(TestNG.java:1067)
	at org.apache.maven.surefire.testng.TestNGExecutor.run(TestNGExecutor.java:308)
	at org.apache.maven.surefire.testng.TestNGXmlTestSuite.execute(TestNGXmlTestSuite.java:71)
	at org.apache.maven.surefire.testng.TestNGProvider.invoke(TestNGProvider.java:113)
	at org.apache.maven.surefire.booter.ForkedBooter.runSuitesInProcess(ForkedBooter.java:385)
	at org.apache.maven.surefire.booter.ForkedBooter.execute(ForkedBooter.java:162)
	at org.apache.maven.surefire.booter.ForkedBooter.run(ForkedBooter.java:507)
	at org.apache.maven.surefire.booter.ForkedBooter.main(ForkedBooter.java:495)
]]></failure>
    <system-out><![CDATA[19:05:35.369 [rp-io-48] DEBUG com.epam.reportportal.service.Launch - Starting test item...rp-io-48
19:05:35.370 [AsyncHttpClient-1-8] DEBUG org.asynchttpclient.netty.handler.WebSocketHandler - Channel Closed: [id: 0xec56d037, L:/127.0.0.1:57737 ! R:localhost/127.0.0.1:57729] with attribute NettyResponseFuture{currentRetry=0,
	isDone=1,
	isCancelled=0,
	asyncHandler=org.asynchttpclient.ws.WebSocketUpgradeHandler@3cbf4dd5,
	nettyRequest=org.asynchttpclient.netty.request.NettyRequest@29a9d5ce,
	future=java.util.concurrent.CompletableFuture@69e24086[Completed normally],
	uri=ws://localhost:57729/devtools/browser/8a2eb031-40c6-41a2-af28-4e537eee55db,
	keepAlive=true,
	redirectCount=0,
	timeoutsHolder=null,
	inAuth=0,
	touch=1686071128652}
19:05:35.371 [AsyncHttpClient-1-8] DEBUG org.asynchttpclient.netty.channel.ChannelManager - Closing Channel [id: 0xec56d037, L:/127.0.0.1:57737 ! R:localhost/127.0.0.1:57729] 
19:05:35.372 [Driver Command Executor] DEBUG org.asynchttpclient.netty.request.NettyRequestSender - Using pooled Channel '[id: 0x25e9ef17, L:/127.0.0.1:57728 - R:localhost/127.0.0.1:45918]' for 'DELETE' to 'http://localhost:45918/session/c82315514b9ab3fc95272f801442c5df'
19:05:35.372 [Driver Command Executor] DEBUG org.asynchttpclient.netty.request.NettyRequestSender - Using open Channel [id: 0x25e9ef17, L:/127.0.0.1:57728 - R:localhost/127.0.0.1:45918] for DELETE '/session/c82315514b9ab3fc95272f801442c5df'
19:05:35.383 [rp-io-49] DEBUG com.epam.reportportal.service.Launch - TestItem with ID = '4c06de02-f0d5-44ca-bf89-88c0980a9dfb' successfully finished.
19:05:35.383 [rp-io-49] DEBUG com.epam.reportportal.utils.SubscriptionUtils - Finish test item completed
19:05:35.385 [rp-io-40] DEBUG com.epam.reportportal.service.Launch - TestItem with ID = 'a2ed4f6e-c2d8-46b7-bab0-f2b9234c5d4b' successfully finished.
19:05:35.385 [rp-io-40] DEBUG com.epam.reportportal.utils.SubscriptionUtils - Finish test item completed
19:05:35.392 [rp-io-48] DEBUG com.epam.reportportal.service.Launch - ReportPortal item with ID '598e027a-1b00-41d4-97e9-9aa2857155af' has been created
19:05:35.392 [rp-io-48] DEBUG com.epam.reportportal.utils.SubscriptionUtils - Start test item successfully completed
19:05:35.424 [AsyncHttpClient-1-7] DEBUG org.asynchttpclient.netty.handler.HttpHandler - Unexpected I/O exception on channel [id: 0x0813817f, L:/127.0.0.1:57736 - R:localhost/127.0.0.1:57729]
java.net.SocketException: Connection reset
	at java.base/sun.nio.ch.SocketChannelImpl.throwConnectionReset(SocketChannelImpl.java:394)
	at java.base/sun.nio.ch.SocketChannelImpl.read(SocketChannelImpl.java:426)
	at io.netty.buffer.PooledByteBuf.setBytes(PooledByteBuf.java:256)
	at io.netty.buffer.AbstractByteBuf.writeBytes(AbstractByteBuf.java:1132)
	at io.netty.channel.socket.nio.NioSocketChannel.doReadBytes(NioSocketChannel.java:357)
	at io.netty.channel.nio.AbstractNioByteChannel$NioByteUnsafe.read(AbstractNioByteChannel.java:151)
	at io.netty.channel.nio.NioEventLoop.processSelectedKey(NioEventLoop.java:788)
	at io.netty.channel.nio.NioEventLoop.processSelectedKeysOptimized(NioEventLoop.java:724)
	at io.netty.channel.nio.NioEventLoop.processSelectedKeys(NioEventLoop.java:650)
	at io.netty.channel.nio.NioEventLoop.run(NioEventLoop.java:562)
	at io.netty.util.concurrent.SingleThreadEventExecutor$4.run(SingleThreadEventExecutor.java:997)
	at io.netty.util.internal.ThreadExecutorMap$2.run(ThreadExecutorMap.java:74)
	at io.netty.util.concurrent.FastThreadLocalRunnable.run(FastThreadLocalRunnable.java:30)
	at java.base/java.lang.Thread.run(Thread.java:833)
19:05:35.424 [AsyncHttpClient-1-7] DEBUG org.asynchttpclient.netty.channel.ChannelManager - Closing Channel [id: 0x0813817f, L:/127.0.0.1:57736 - R:localhost/127.0.0.1:57729] 
19:05:35.425 [AsyncHttpClient-1-7] DEBUG org.asynchttpclient.netty.handler.HttpHandler - Channel Closed: [id: 0x0813817f, L:/127.0.0.1:57736 ! R:localhost/127.0.0.1:57729] with attribute DISCARD
19:05:35.439 [AsyncHttpClient-1-6] DEBUG org.asynchttpclient.netty.handler.HttpHandler - 

Request DefaultFullHttpRequest(decodeResult: success, version: HTTP/1.1, content: EmptyByteBufBE)
DELETE /session/c82315514b9ab3fc95272f801442c5df HTTP/1.1
User-Agent: selenium/4.8.3 (java windows)
Content-Type: application/json; charset=utf-8
host: localhost:45918
accept: */*

Response DefaultHttpResponse(decodeResult: success, version: HTTP/1.1)
HTTP/1.1 200 OK
Content-Length: 14
Content-Type: application/json; charset=utf-8
cache-control: no-cache

19:05:35.439 [AsyncHttpClient-1-6] DEBUG org.asynchttpclient.netty.channel.ChannelManager - Adding key: http://localhost:45918 for channel [id: 0x25e9ef17, L:/127.0.0.1:57728 - R:localhost/127.0.0.1:45918]
19:05:35.469 [AsyncHttpClient-1-6] DEBUG org.asynchttpclient.netty.handler.HttpHandler - Channel Closed: [id: 0x25e9ef17, L:/127.0.0.1:57728 ! R:localhost/127.0.0.1:45918] with attribute DISCARD
2023-06-06 19:05:35 INFO  BaseTest:83 - Test executed**********
19:05:35.533 [rp-io-55] DEBUG com.epam.reportportal.service.Launch - Starting test item...rp-io-55
2023-06-06 19:05:35 INFO  BaseTest:110 - Property files loaded successfully**********
19:05:35.548 [main] DEBUG io.github.bonigarcia.wdm.cache.ResolutionCache - Resolution chrome=114 in cache (valid until 19:20:28 06/06/2023 CEST)
19:05:35.548 [main] DEBUG io.github.bonigarcia.wdm.cache.ResolutionCache - Resolution chrome114=114.0.5735.90 in cache (valid until 16:16:26 07/06/2023 CEST)
19:05:35.548 [main] INFO io.github.bonigarcia.wdm.WebDriverManager - Using chromedriver 114.0.5735.90 (resolved driver for Chrome 114)
19:05:35.552 [rp-io-51] DEBUG com.epam.reportportal.service.Launch - TestItem with ID = '598e027a-1b00-41d4-97e9-9aa2857155af' successfully finished.
19:05:35.552 [rp-io-51] DEBUG com.epam.reportportal.utils.SubscriptionUtils - Finish test item completed
19:05:35.559 [main] DEBUG io.github.bonigarcia.wdm.WebDriverManager - Driver chromedriver 114.0.5735.90 found in cache
19:05:35.559 [rp-io-55] DEBUG com.epam.reportportal.service.Launch - ReportPortal item with ID '7021aa62-87f8-4e05-80c8-c6b5fb5cee60' has been created
19:05:35.559 [rp-io-55] DEBUG com.epam.reportportal.utils.SubscriptionUtils - Start test item successfully completed
19:05:35.559 [main] INFO io.github.bonigarcia.wdm.WebDriverManager - Exporting webdriver.chrome.driver as C:\Users\Suwarna_Wagh\.cache\selenium\chromedriver\win32\114.0.5735.90\chromedriver.exe
19:05:35.721 [AsyncHttpClient-1-9] DEBUG org.asynchttpclient.netty.channel.NettyConnectListener - Using new Channel '[id: 0x0f4ee2ec, L:/127.0.0.1:57759 - R:localhost/127.0.0.1:17225]' for 'POST' to '/session'
19:05:36.137 [AsyncHttpClient-1-1] DEBUG org.asynchttpclient.netty.channel.DefaultChannelPool - Entry count for : http://localhost:57729 : 1
19:05:36.137 [AsyncHttpClient-1-1] DEBUG org.asynchttpclient.netty.channel.DefaultChannelPool - Entry count for : http://localhost:45918 : 1
19:05:36.137 [AsyncHttpClient-1-1] DEBUG org.asynchttpclient.netty.channel.DefaultChannelPool - Adding Candidate expired Channel [id: 0x0813817f, L:/127.0.0.1:57736 ! R:localhost/127.0.0.1:57729] isIdleTimeoutExpired=false isRemotelyClosed=true isTtlExpired=false
19:05:36.137 [AsyncHttpClient-1-1] DEBUG org.asynchttpclient.netty.channel.DefaultChannelPool - Closing Idle Channel [id: 0x0813817f, L:/127.0.0.1:57736 ! R:localhost/127.0.0.1:57729]
19:05:36.137 [AsyncHttpClient-1-1] DEBUG org.asynchttpclient.netty.channel.DefaultChannelPool - Adding Candidate expired Channel [id: 0x25e9ef17, L:/127.0.0.1:57728 ! R:localhost/127.0.0.1:45918] isIdleTimeoutExpired=false isRemotelyClosed=true isTtlExpired=false
19:05:36.137 [AsyncHttpClient-1-1] DEBUG org.asynchttpclient.netty.channel.DefaultChannelPool - Closing Idle Channel [id: 0x25e9ef17, L:/127.0.0.1:57728 ! R:localhost/127.0.0.1:45918]
19:05:36.137 [AsyncHttpClient-1-1] DEBUG org.asynchttpclient.netty.channel.DefaultChannelPool - Closed 2 connections out of 2 in 0 ms
19:05:36.415 [AsyncHttpClient-1-9] DEBUG org.asynchttpclient.netty.handler.HttpHandler - 

Request DefaultHttpRequest(decodeResult: success, version: HTTP/1.1)
POST /session HTTP/1.1
User-Agent: selenium/4.8.3 (java windows)
Content-Length: 439
Content-Type: application/json; charset=utf-8
host: localhost:17225
accept: */*

Response DefaultHttpResponse(decodeResult: success, version: HTTP/1.1)
HTTP/1.1 200 OK
Content-Length: 864
Content-Type: application/json; charset=utf-8
cache-control: no-cache

19:05:36.415 [AsyncHttpClient-1-9] DEBUG org.asynchttpclient.netty.channel.ChannelManager - Adding key: http://localhost:17225 for channel [id: 0x0f4ee2ec, L:/127.0.0.1:57759 - R:localhost/127.0.0.1:17225]
19:05:36.420 [AsyncHttpClient-1-10] DEBUG org.asynchttpclient.netty.channel.NettyConnectListener - Using new Channel '[id: 0x46b2d875, L:/127.0.0.1:57766 - R:localhost/127.0.0.1:57760]' for 'GET' to '/json/version'
19:05:36.421 [AsyncHttpClient-1-10] DEBUG org.asynchttpclient.netty.handler.HttpHandler - 

Request DefaultFullHttpRequest(decodeResult: success, version: HTTP/1.1, content: EmptyByteBufBE)
GET /json/version HTTP/1.1
User-Agent: selenium/4.8.3 (java windows)
host: localhost:57760
accept: */*

Response DefaultHttpResponse(decodeResult: success, version: HTTP/1.1)
HTTP/1.1 200 OK
Content-Security-Policy: frame-ancestors 'none'
Content-Length: 424
Content-Type: application/json; charset=UTF-8

19:05:36.421 [AsyncHttpClient-1-10] DEBUG org.asynchttpclient.netty.channel.ChannelManager - Adding key: http://localhost:57760 for channel [id: 0x46b2d875, L:/127.0.0.1:57766 - R:localhost/127.0.0.1:57760]
19:05:36.423 [AsyncHttpClient-1-11] DEBUG org.asynchttpclient.netty.channel.NettyConnectListener - Using new Channel '[id: 0xf38470ec, L:/127.0.0.1:57767 - R:localhost/127.0.0.1:57760]' for 'GET' to '/devtools/browser/7eb737d3-b869-4836-9bc0-012d341c469c'
19:05:36.424 [AsyncHttpClient-1-11] DEBUG org.asynchttpclient.netty.handler.WebSocketHandler - 

Request DefaultFullHttpRequest(decodeResult: success, version: HTTP/1.1, content: EmptyByteBufBE)
GET /devtools/browser/7eb737d3-b869-4836-9bc0-012d341c469c HTTP/1.1
upgrade: websocket
connection: upgrade
sec-websocket-key: qOIsn8FT3+eZrcC7+m7dKQ==
sec-websocket-version: 13
origin: http://localhost:57760
host: localhost:57760
accept: */*
user-agent: AHC/2.1

Response DefaultHttpResponse(decodeResult: success, version: HTTP/1.1)
HTTP/1.1 101 WebSocket Protocol Handshake
Upgrade: WebSocket
Connection: Upgrade
Sec-WebSocket-Accept: ty3tg932kQ72lKO7AnLD9HKn3MQ=

19:05:36.427 [Forwarding setTimeout on session 8061cc357b9507896bb5f7b1ec601c74 to remote] DEBUG org.asynchttpclient.netty.request.NettyRequestSender - Using pooled Channel '[id: 0x0f4ee2ec, L:/127.0.0.1:57759 - R:localhost/127.0.0.1:17225]' for 'POST' to 'http://localhost:17225/session/8061cc357b9507896bb5f7b1ec601c74/timeouts'
19:05:36.427 [Forwarding setTimeout on session 8061cc357b9507896bb5f7b1ec601c74 to remote] DEBUG org.asynchttpclient.netty.request.NettyRequestSender - Using open Channel [id: 0x0f4ee2ec, L:/127.0.0.1:57759 - R:localhost/127.0.0.1:17225] for POST '/session/8061cc357b9507896bb5f7b1ec601c74/timeouts'
19:05:36.428 [AsyncHttpClient-1-9] DEBUG org.asynchttpclient.netty.handler.HttpHandler - 

Request DefaultHttpRequest(decodeResult: success, version: HTTP/1.1)
POST /session/8061cc357b9507896bb5f7b1ec601c74/timeouts HTTP/1.1
User-Agent: selenium/4.8.3 (java windows)
Content-Length: 22
Content-Type: application/json; charset=utf-8
host: localhost:17225
accept: */*

Response DefaultHttpResponse(decodeResult: success, version: HTTP/1.1)
HTTP/1.1 200 OK
Content-Length: 14
Content-Type: application/json; charset=utf-8
cache-control: no-cache

19:05:36.428 [AsyncHttpClient-1-9] DEBUG org.asynchttpclient.netty.channel.ChannelManager - Adding key: http://localhost:17225 for channel [id: 0x0f4ee2ec, L:/127.0.0.1:57759 - R:localhost/127.0.0.1:17225]
19:05:36.429 [Forwarding maximizeCurrentWindow on session 8061cc357b9507896bb5f7b1ec601c74 to remote] DEBUG org.asynchttpclient.netty.request.NettyRequestSender - Using pooled Channel '[id: 0x0f4ee2ec, L:/127.0.0.1:57759 - R:localhost/127.0.0.1:17225]' for 'POST' to 'http://localhost:17225/session/8061cc357b9507896bb5f7b1ec601c74/window/maximize'
19:05:36.429 [Forwarding maximizeCurrentWindow on session 8061cc357b9507896bb5f7b1ec601c74 to remote] DEBUG org.asynchttpclient.netty.request.NettyRequestSender - Using open Channel [id: 0x0f4ee2ec, L:/127.0.0.1:57759 - R:localhost/127.0.0.1:17225] for POST '/session/8061cc357b9507896bb5f7b1ec601c74/window/maximize'
19:05:36.544 [AsyncHttpClient-1-9] DEBUG org.asynchttpclient.netty.handler.HttpHandler - 

Request DefaultHttpRequest(decodeResult: success, version: HTTP/1.1)
POST /session/8061cc357b9507896bb5f7b1ec601c74/window/maximize HTTP/1.1
User-Agent: selenium/4.8.3 (java windows)
Content-Length: 3
Content-Type: application/json; charset=utf-8
host: localhost:17225
accept: */*

Response DefaultHttpResponse(decodeResult: success, version: HTTP/1.1)
HTTP/1.1 200 OK
Content-Length: 51
Content-Type: application/json; charset=utf-8
cache-control: no-cache

19:05:36.544 [AsyncHttpClient-1-9] DEBUG org.asynchttpclient.netty.channel.ChannelManager - Adding key: http://localhost:17225 for channel [id: 0x0f4ee2ec, L:/127.0.0.1:57759 - R:localhost/127.0.0.1:17225]
19:05:36.546 [Forwarding get on session 8061cc357b9507896bb5f7b1ec601c74 to remote] DEBUG org.asynchttpclient.netty.request.NettyRequestSender - Using pooled Channel '[id: 0x0f4ee2ec, L:/127.0.0.1:57759 - R:localhost/127.0.0.1:17225]' for 'POST' to 'http://localhost:17225/session/8061cc357b9507896bb5f7b1ec601c74/url'
19:05:36.546 [Forwarding get on session 8061cc357b9507896bb5f7b1ec601c74 to remote] DEBUG org.asynchttpclient.netty.request.NettyRequestSender - Using open Channel [id: 0x0f4ee2ec, L:/127.0.0.1:57759 - R:localhost/127.0.0.1:17225] for POST '/session/8061cc357b9507896bb5f7b1ec601c74/url'
19:05:37.237 [AsyncHttpClient-1-1] DEBUG org.asynchttpclient.netty.channel.DefaultChannelPool - Entry count for : http://localhost:57760 : 1
19:05:37.890 [AsyncHttpClient-1-9] DEBUG org.asynchttpclient.netty.handler.HttpHandler - 

Request DefaultHttpRequest(decodeResult: success, version: HTTP/1.1)
POST /session/8061cc357b9507896bb5f7b1ec601c74/url HTTP/1.1
User-Agent: selenium/4.8.3 (java windows)
Content-Length: 52
Content-Type: application/json; charset=utf-8
host: localhost:17225
accept: */*

Response DefaultHttpResponse(decodeResult: success, version: HTTP/1.1)
HTTP/1.1 200 OK
Content-Length: 14
Content-Type: application/json; charset=utf-8
cache-control: no-cache

19:05:37.890 [AsyncHttpClient-1-9] DEBUG org.asynchttpclient.netty.channel.ChannelManager - Adding key: http://localhost:17225 for channel [id: 0x0f4ee2ec, L:/127.0.0.1:57759 - R:localhost/127.0.0.1:17225]
2023-06-06 19:05:37 INFO  BaseTest:104 - Test driver set up done successfully**********
2023-06-06 19:05:37 INFO  BaseTest:122 - Logging in to portal
19:05:37.892 [Forwarding findElement on session 8061cc357b9507896bb5f7b1ec601c74 to remote] DEBUG org.asynchttpclient.netty.request.NettyRequestSender - Using pooled Channel '[id: 0x0f4ee2ec, L:/127.0.0.1:57759 - R:localhost/127.0.0.1:17225]' for 'POST' to 'http://localhost:17225/session/8061cc357b9507896bb5f7b1ec601c74/element'
19:05:37.892 [Forwarding findElement on session 8061cc357b9507896bb5f7b1ec601c74 to remote] DEBUG org.asynchttpclient.netty.request.NettyRequestSender - Using open Channel [id: 0x0f4ee2ec, L:/127.0.0.1:57759 - R:localhost/127.0.0.1:17225] for POST '/session/8061cc357b9507896bb5f7b1ec601c74/element'
19:05:37.905 [AsyncHttpClient-1-9] DEBUG org.asynchttpclient.netty.handler.HttpHandler - 

Request DefaultHttpRequest(decodeResult: success, version: HTTP/1.1)
POST /session/8061cc357b9507896bb5f7b1ec601c74/element HTTP/1.1
User-Agent: selenium/4.8.3 (java windows)
Content-Length: 59
Content-Type: application/json; charset=utf-8
host: localhost:17225
accept: */*

Response DefaultHttpResponse(decodeResult: success, version: HTTP/1.1)
HTTP/1.1 200 OK
Content-Length: 95
Content-Type: application/json; charset=utf-8
cache-control: no-cache

19:05:37.906 [AsyncHttpClient-1-9] DEBUG org.asynchttpclient.netty.channel.ChannelManager - Adding key: http://localhost:17225 for channel [id: 0x0f4ee2ec, L:/127.0.0.1:57759 - R:localhost/127.0.0.1:17225]
19:05:37.907 [Forwarding clearElement on session 8061cc357b9507896bb5f7b1ec601c74 to remote] DEBUG org.asynchttpclient.netty.request.NettyRequestSender - Using pooled Channel '[id: 0x0f4ee2ec, L:/127.0.0.1:57759 - R:localhost/127.0.0.1:17225]' for 'POST' to 'http://localhost:17225/session/8061cc357b9507896bb5f7b1ec601c74/element/A4AE7FE20FEA84B71D6B87CB3FC65E2A_element_30/clear'
19:05:37.907 [Forwarding clearElement on session 8061cc357b9507896bb5f7b1ec601c74 to remote] DEBUG org.asynchttpclient.netty.request.NettyRequestSender - Using open Channel [id: 0x0f4ee2ec, L:/127.0.0.1:57759 - R:localhost/127.0.0.1:17225] for POST '/session/8061cc357b9507896bb5f7b1ec601c74/element/A4AE7FE20FEA84B71D6B87CB3FC65E2A_element_30/clear'
19:05:37.945 [AsyncHttpClient-1-9] DEBUG org.asynchttpclient.netty.handler.HttpHandler - 

Request DefaultHttpRequest(decodeResult: success, version: HTTP/1.1)
POST /session/8061cc357b9507896bb5f7b1ec601c74/element/A4AE7FE20FEA84B71D6B87CB3FC65E2A_element_30/clear HTTP/1.1
User-Agent: selenium/4.8.3 (java windows)
Content-Length: 57
Content-Type: application/json; charset=utf-8
host: localhost:17225
accept: */*

Response DefaultHttpResponse(decodeResult: success, version: HTTP/1.1)
HTTP/1.1 200 OK
Content-Length: 14
Content-Type: application/json; charset=utf-8
cache-control: no-cache

19:05:37.945 [AsyncHttpClient-1-9] DEBUG org.asynchttpclient.netty.channel.ChannelManager - Adding key: http://localhost:17225 for channel [id: 0x0f4ee2ec, L:/127.0.0.1:57759 - R:localhost/127.0.0.1:17225]
19:05:37.946 [Forwarding findElement on session 8061cc357b9507896bb5f7b1ec601c74 to remote] DEBUG org.asynchttpclient.netty.request.NettyRequestSender - Using pooled Channel '[id: 0x0f4ee2ec, L:/127.0.0.1:57759 - R:localhost/127.0.0.1:17225]' for 'POST' to 'http://localhost:17225/session/8061cc357b9507896bb5f7b1ec601c74/element'
19:05:37.946 [Forwarding findElement on session 8061cc357b9507896bb5f7b1ec601c74 to remote] DEBUG org.asynchttpclient.netty.request.NettyRequestSender - Using open Channel [id: 0x0f4ee2ec, L:/127.0.0.1:57759 - R:localhost/127.0.0.1:17225] for POST '/session/8061cc357b9507896bb5f7b1ec601c74/element'
19:05:37.954 [AsyncHttpClient-1-9] DEBUG org.asynchttpclient.netty.handler.HttpHandler - 

Request DefaultHttpRequest(decodeResult: success, version: HTTP/1.1)
POST /session/8061cc357b9507896bb5f7b1ec601c74/element HTTP/1.1
User-Agent: selenium/4.8.3 (java windows)
Content-Length: 59
Content-Type: application/json; charset=utf-8
host: localhost:17225
accept: */*

Response DefaultHttpResponse(decodeResult: success, version: HTTP/1.1)
HTTP/1.1 200 OK
Content-Length: 95
Content-Type: application/json; charset=utf-8
cache-control: no-cache

19:05:37.954 [AsyncHttpClient-1-9] DEBUG org.asynchttpclient.netty.channel.ChannelManager - Adding key: http://localhost:17225 for channel [id: 0x0f4ee2ec, L:/127.0.0.1:57759 - R:localhost/127.0.0.1:17225]
19:05:37.956 [Forwarding sendKeysToElement on session 8061cc357b9507896bb5f7b1ec601c74 to remote] DEBUG org.asynchttpclient.netty.request.NettyRequestSender - Using pooled Channel '[id: 0x0f4ee2ec, L:/127.0.0.1:57759 - R:localhost/127.0.0.1:17225]' for 'POST' to 'http://localhost:17225/session/8061cc357b9507896bb5f7b1ec601c74/element/A4AE7FE20FEA84B71D6B87CB3FC65E2A_element_30/value'
19:05:37.956 [Forwarding sendKeysToElement on session 8061cc357b9507896bb5f7b1ec601c74 to remote] DEBUG org.asynchttpclient.netty.request.NettyRequestSender - Using open Channel [id: 0x0f4ee2ec, L:/127.0.0.1:57759 - R:localhost/127.0.0.1:17225] for POST '/session/8061cc357b9507896bb5f7b1ec601c74/element/A4AE7FE20FEA84B71D6B87CB3FC65E2A_element_30/value'
19:05:38.051 [AsyncHttpClient-1-9] DEBUG org.asynchttpclient.netty.handler.HttpHandler - 

Request DefaultHttpRequest(decodeResult: success, version: HTTP/1.1)
POST /session/8061cc357b9507896bb5f7b1ec601c74/element/A4AE7FE20FEA84B71D6B87CB3FC65E2A_element_30/value HTTP/1.1
User-Agent: selenium/4.8.3 (java windows)
Content-Length: 188
Content-Type: application/json; charset=utf-8
host: localhost:17225
accept: */*

Response DefaultHttpResponse(decodeResult: success, version: HTTP/1.1)
HTTP/1.1 200 OK
Content-Length: 14
Content-Type: application/json; charset=utf-8
cache-control: no-cache

19:05:38.052 [AsyncHttpClient-1-9] DEBUG org.asynchttpclient.netty.channel.ChannelManager - Adding key: http://localhost:17225 for channel [id: 0x0f4ee2ec, L:/127.0.0.1:57759 - R:localhost/127.0.0.1:17225]
19:05:38.053 [Forwarding findElement on session 8061cc357b9507896bb5f7b1ec601c74 to remote] DEBUG org.asynchttpclient.netty.request.NettyRequestSender - Using pooled Channel '[id: 0x0f4ee2ec, L:/127.0.0.1:57759 - R:localhost/127.0.0.1:17225]' for 'POST' to 'http://localhost:17225/session/8061cc357b9507896bb5f7b1ec601c74/element'
19:05:38.053 [Forwarding findElement on session 8061cc357b9507896bb5f7b1ec601c74 to remote] DEBUG org.asynchttpclient.netty.request.NettyRequestSender - Using open Channel [id: 0x0f4ee2ec, L:/127.0.0.1:57759 - R:localhost/127.0.0.1:17225] for POST '/session/8061cc357b9507896bb5f7b1ec601c74/element'
19:05:38.066 [AsyncHttpClient-1-9] DEBUG org.asynchttpclient.netty.handler.HttpHandler - 

Request DefaultHttpRequest(decodeResult: success, version: HTTP/1.1)
POST /session/8061cc357b9507896bb5f7b1ec601c74/element HTTP/1.1
User-Agent: selenium/4.8.3 (java windows)
Content-Length: 62
Content-Type: application/json; charset=utf-8
host: localhost:17225
accept: */*

Response DefaultHttpResponse(decodeResult: success, version: HTTP/1.1)
HTTP/1.1 200 OK
Content-Length: 95
Content-Type: application/json; charset=utf-8
cache-control: no-cache

19:05:38.066 [AsyncHttpClient-1-9] DEBUG org.asynchttpclient.netty.channel.ChannelManager - Adding key: http://localhost:17225 for channel [id: 0x0f4ee2ec, L:/127.0.0.1:57759 - R:localhost/127.0.0.1:17225]
19:05:38.067 [Forwarding clearElement on session 8061cc357b9507896bb5f7b1ec601c74 to remote] DEBUG org.asynchttpclient.netty.request.NettyRequestSender - Using pooled Channel '[id: 0x0f4ee2ec, L:/127.0.0.1:57759 - R:localhost/127.0.0.1:17225]' for 'POST' to 'http://localhost:17225/session/8061cc357b9507896bb5f7b1ec601c74/element/A4AE7FE20FEA84B71D6B87CB3FC65E2A_element_32/clear'
19:05:38.067 [Forwarding clearElement on session 8061cc357b9507896bb5f7b1ec601c74 to remote] DEBUG org.asynchttpclient.netty.request.NettyRequestSender - Using open Channel [id: 0x0f4ee2ec, L:/127.0.0.1:57759 - R:localhost/127.0.0.1:17225] for POST '/session/8061cc357b9507896bb5f7b1ec601c74/element/A4AE7FE20FEA84B71D6B87CB3FC65E2A_element_32/clear'
19:05:38.099 [AsyncHttpClient-1-9] DEBUG org.asynchttpclient.netty.handler.HttpHandler - 

Request DefaultHttpRequest(decodeResult: success, version: HTTP/1.1)
POST /session/8061cc357b9507896bb5f7b1ec601c74/element/A4AE7FE20FEA84B71D6B87CB3FC65E2A_element_32/clear HTTP/1.1
User-Agent: selenium/4.8.3 (java windows)
Content-Length: 57
Content-Type: application/json; charset=utf-8
host: localhost:17225
accept: */*

Response DefaultHttpResponse(decodeResult: success, version: HTTP/1.1)
HTTP/1.1 200 OK
Content-Length: 14
Content-Type: application/json; charset=utf-8
cache-control: no-cache

19:05:38.099 [AsyncHttpClient-1-9] DEBUG org.asynchttpclient.netty.channel.ChannelManager - Adding key: http://localhost:17225 for channel [id: 0x0f4ee2ec, L:/127.0.0.1:57759 - R:localhost/127.0.0.1:17225]
19:05:38.099 [Forwarding findElement on session 8061cc357b9507896bb5f7b1ec601c74 to remote] DEBUG org.asynchttpclient.netty.request.NettyRequestSender - Using pooled Channel '[id: 0x0f4ee2ec, L:/127.0.0.1:57759 - R:localhost/127.0.0.1:17225]' for 'POST' to 'http://localhost:17225/session/8061cc357b9507896bb5f7b1ec601c74/element'
19:05:38.099 [Forwarding findElement on session 8061cc357b9507896bb5f7b1ec601c74 to remote] DEBUG org.asynchttpclient.netty.request.NettyRequestSender - Using open Channel [id: 0x0f4ee2ec, L:/127.0.0.1:57759 - R:localhost/127.0.0.1:17225] for POST '/session/8061cc357b9507896bb5f7b1ec601c74/element'
19:05:38.108 [AsyncHttpClient-1-9] DEBUG org.asynchttpclient.netty.handler.HttpHandler - 

Request DefaultHttpRequest(decodeResult: success, version: HTTP/1.1)
POST /session/8061cc357b9507896bb5f7b1ec601c74/element HTTP/1.1
User-Agent: selenium/4.8.3 (java windows)
Content-Length: 62
Content-Type: application/json; charset=utf-8
host: localhost:17225
accept: */*

Response DefaultHttpResponse(decodeResult: success, version: HTTP/1.1)
HTTP/1.1 200 OK
Content-Length: 95
Content-Type: application/json; charset=utf-8
cache-control: no-cache

19:05:38.108 [AsyncHttpClient-1-9] DEBUG org.asynchttpclient.netty.channel.ChannelManager - Adding key: http://localhost:17225 for channel [id: 0x0f4ee2ec, L:/127.0.0.1:57759 - R:localhost/127.0.0.1:17225]
19:05:38.111 [Forwarding sendKeysToElement on session 8061cc357b9507896bb5f7b1ec601c74 to remote] DEBUG org.asynchttpclient.netty.request.NettyRequestSender - Using pooled Channel '[id: 0x0f4ee2ec, L:/127.0.0.1:57759 - R:localhost/127.0.0.1:17225]' for 'POST' to 'http://localhost:17225/session/8061cc357b9507896bb5f7b1ec601c74/element/A4AE7FE20FEA84B71D6B87CB3FC65E2A_element_32/value'
19:05:38.111 [Forwarding sendKeysToElement on session 8061cc357b9507896bb5f7b1ec601c74 to remote] DEBUG org.asynchttpclient.netty.request.NettyRequestSender - Using open Channel [id: 0x0f4ee2ec, L:/127.0.0.1:57759 - R:localhost/127.0.0.1:17225] for POST '/session/8061cc357b9507896bb5f7b1ec601c74/element/A4AE7FE20FEA84B71D6B87CB3FC65E2A_element_32/value'
19:05:38.205 [AsyncHttpClient-1-9] DEBUG org.asynchttpclient.netty.handler.HttpHandler - 

Request DefaultHttpRequest(decodeResult: success, version: HTTP/1.1)
POST /session/8061cc357b9507896bb5f7b1ec601c74/element/A4AE7FE20FEA84B71D6B87CB3FC65E2A_element_32/value HTTP/1.1
User-Agent: selenium/4.8.3 (java windows)
Content-Length: 148
Content-Type: application/json; charset=utf-8
host: localhost:17225
accept: */*

Response DefaultHttpResponse(decodeResult: success, version: HTTP/1.1)
HTTP/1.1 200 OK
Content-Length: 14
Content-Type: application/json; charset=utf-8
cache-control: no-cache

19:05:38.206 [AsyncHttpClient-1-9] DEBUG org.asynchttpclient.netty.channel.ChannelManager - Adding key: http://localhost:17225 for channel [id: 0x0f4ee2ec, L:/127.0.0.1:57759 - R:localhost/127.0.0.1:17225]
19:05:38.207 [Forwarding findElement on session 8061cc357b9507896bb5f7b1ec601c74 to remote] DEBUG org.asynchttpclient.netty.request.NettyRequestSender - Using pooled Channel '[id: 0x0f4ee2ec, L:/127.0.0.1:57759 - R:localhost/127.0.0.1:17225]' for 'POST' to 'http://localhost:17225/session/8061cc357b9507896bb5f7b1ec601c74/element'
19:05:38.207 [Forwarding findElement on session 8061cc357b9507896bb5f7b1ec601c74 to remote] DEBUG org.asynchttpclient.netty.request.NettyRequestSender - Using open Channel [id: 0x0f4ee2ec, L:/127.0.0.1:57759 - R:localhost/127.0.0.1:17225] for POST '/session/8061cc357b9507896bb5f7b1ec601c74/element'
19:05:38.220 [AsyncHttpClient-1-9] DEBUG org.asynchttpclient.netty.handler.HttpHandler - 

Request DefaultHttpRequest(decodeResult: success, version: HTTP/1.1)
POST /session/8061cc357b9507896bb5f7b1ec601c74/element HTTP/1.1
User-Agent: selenium/4.8.3 (java windows)
Content-Length: 71
Content-Type: application/json; charset=utf-8
host: localhost:17225
accept: */*

Response DefaultHttpResponse(decodeResult: success, version: HTTP/1.1)
HTTP/1.1 200 OK
Content-Length: 95
Content-Type: application/json; charset=utf-8
cache-control: no-cache

19:05:38.220 [AsyncHttpClient-1-9] DEBUG org.asynchttpclient.netty.channel.ChannelManager - Adding key: http://localhost:17225 for channel [id: 0x0f4ee2ec, L:/127.0.0.1:57759 - R:localhost/127.0.0.1:17225]
19:05:38.221 [Forwarding clickElement on session 8061cc357b9507896bb5f7b1ec601c74 to remote] DEBUG org.asynchttpclient.netty.request.NettyRequestSender - Using pooled Channel '[id: 0x0f4ee2ec, L:/127.0.0.1:57759 - R:localhost/127.0.0.1:17225]' for 'POST' to 'http://localhost:17225/session/8061cc357b9507896bb5f7b1ec601c74/element/A4AE7FE20FEA84B71D6B87CB3FC65E2A_element_33/click'
19:05:38.221 [Forwarding clickElement on session 8061cc357b9507896bb5f7b1ec601c74 to remote] DEBUG org.asynchttpclient.netty.request.NettyRequestSender - Using open Channel [id: 0x0f4ee2ec, L:/127.0.0.1:57759 - R:localhost/127.0.0.1:17225] for POST '/session/8061cc357b9507896bb5f7b1ec601c74/element/A4AE7FE20FEA84B71D6B87CB3FC65E2A_element_33/click'
19:05:38.263 [AsyncHttpClient-1-9] DEBUG org.asynchttpclient.netty.handler.HttpHandler - 

Request DefaultHttpRequest(decodeResult: success, version: HTTP/1.1)
POST /session/8061cc357b9507896bb5f7b1ec601c74/element/A4AE7FE20FEA84B71D6B87CB3FC65E2A_element_33/click HTTP/1.1
User-Agent: selenium/4.8.3 (java windows)
Content-Length: 57
Content-Type: application/json; charset=utf-8
host: localhost:17225
accept: */*

Response DefaultHttpResponse(decodeResult: success, version: HTTP/1.1)
HTTP/1.1 200 OK
Content-Length: 14
Content-Type: application/json; charset=utf-8
cache-control: no-cache

19:05:38.263 [AsyncHttpClient-1-9] DEBUG org.asynchttpclient.netty.channel.ChannelManager - Adding key: http://localhost:17225 for channel [id: 0x0f4ee2ec, L:/127.0.0.1:57759 - R:localhost/127.0.0.1:17225]
2023-06-06 19:05:38 INFO  BaseTest:126 - Logged in
19:05:38.265 [rp-io-60] DEBUG com.epam.reportportal.service.Launch - Starting test item...rp-io-60
2023-06-06 19:05:38 INFO  Listeners:34 - Started Test null
19:05:38.268 [Forwarding findElement on session 8061cc357b9507896bb5f7b1ec601c74 to remote] DEBUG org.asynchttpclient.netty.request.NettyRequestSender - Using pooled Channel '[id: 0x0f4ee2ec, L:/127.0.0.1:57759 - R:localhost/127.0.0.1:17225]' for 'POST' to 'http://localhost:17225/session/8061cc357b9507896bb5f7b1ec601c74/element'
19:05:38.268 [Forwarding findElement on session 8061cc357b9507896bb5f7b1ec601c74 to remote] DEBUG org.asynchttpclient.netty.request.NettyRequestSender - Using open Channel [id: 0x0f4ee2ec, L:/127.0.0.1:57759 - R:localhost/127.0.0.1:17225] for POST '/session/8061cc357b9507896bb5f7b1ec601c74/element'
19:05:38.281 [rp-io-59] DEBUG com.epam.reportportal.service.Launch - TestItem with ID = '7021aa62-87f8-4e05-80c8-c6b5fb5cee60' successfully finished.
19:05:38.281 [rp-io-59] DEBUG com.epam.reportportal.utils.SubscriptionUtils - Finish test item completed
19:05:38.292 [rp-io-60] DEBUG com.epam.reportportal.service.Launch - ReportPortal item with ID '05861168-00aa-49a2-9912-9b393be12466' has been created
19:05:38.292 [rp-io-60] DEBUG com.epam.reportportal.utils.SubscriptionUtils - Start test item successfully completed
19:05:38.336 [AsyncHttpClient-1-1] DEBUG org.asynchttpclient.netty.channel.DefaultChannelPool - Entry count for : http://localhost:57760 : 1
19:05:38.640 [AsyncHttpClient-1-9] DEBUG org.asynchttpclient.netty.handler.HttpHandler - 

Request DefaultHttpRequest(decodeResult: success, version: HTTP/1.1)
POST /session/8061cc357b9507896bb5f7b1ec601c74/element HTTP/1.1
User-Agent: selenium/4.8.3 (java windows)
Content-Length: 168
Content-Type: application/json; charset=utf-8
host: localhost:17225
accept: */*

Response DefaultHttpResponse(decodeResult: success, version: HTTP/1.1)
HTTP/1.1 200 OK
Content-Length: 95
Content-Type: application/json; charset=utf-8
cache-control: no-cache

19:05:38.640 [AsyncHttpClient-1-9] DEBUG org.asynchttpclient.netty.channel.ChannelManager - Adding key: http://localhost:17225 for channel [id: 0x0f4ee2ec, L:/127.0.0.1:57759 - R:localhost/127.0.0.1:17225]
19:05:38.641 [Forwarding clickElement on session 8061cc357b9507896bb5f7b1ec601c74 to remote] DEBUG org.asynchttpclient.netty.request.NettyRequestSender - Using pooled Channel '[id: 0x0f4ee2ec, L:/127.0.0.1:57759 - R:localhost/127.0.0.1:17225]' for 'POST' to 'http://localhost:17225/session/8061cc357b9507896bb5f7b1ec601c74/element/A4AE7FE20FEA84B71D6B87CB3FC65E2A_element_38/click'
19:05:38.641 [Forwarding clickElement on session 8061cc357b9507896bb5f7b1ec601c74 to remote] DEBUG org.asynchttpclient.netty.request.NettyRequestSender - Using open Channel [id: 0x0f4ee2ec, L:/127.0.0.1:57759 - R:localhost/127.0.0.1:17225] for POST '/session/8061cc357b9507896bb5f7b1ec601c74/element/A4AE7FE20FEA84B71D6B87CB3FC65E2A_element_38/click'
19:05:38.770 [AsyncHttpClient-1-9] DEBUG org.asynchttpclient.netty.handler.HttpHandler - 

Request DefaultHttpRequest(decodeResult: success, version: HTTP/1.1)
POST /session/8061cc357b9507896bb5f7b1ec601c74/element/A4AE7FE20FEA84B71D6B87CB3FC65E2A_element_38/click HTTP/1.1
User-Agent: selenium/4.8.3 (java windows)
Content-Length: 57
Content-Type: application/json; charset=utf-8
host: localhost:17225
accept: */*

Response DefaultHttpResponse(decodeResult: success, version: HTTP/1.1)
HTTP/1.1 200 OK
Content-Length: 14
Content-Type: application/json; charset=utf-8
cache-control: no-cache

19:05:38.771 [AsyncHttpClient-1-9] DEBUG org.asynchttpclient.netty.channel.ChannelManager - Adding key: http://localhost:17225 for channel [id: 0x0f4ee2ec, L:/127.0.0.1:57759 - R:localhost/127.0.0.1:17225]
19:05:38.771 [Forwarding findElement on session 8061cc357b9507896bb5f7b1ec601c74 to remote] DEBUG org.asynchttpclient.netty.request.NettyRequestSender - Using pooled Channel '[id: 0x0f4ee2ec, L:/127.0.0.1:57759 - R:localhost/127.0.0.1:17225]' for 'POST' to 'http://localhost:17225/session/8061cc357b9507896bb5f7b1ec601c74/element'
19:05:38.771 [Forwarding findElement on session 8061cc357b9507896bb5f7b1ec601c74 to remote] DEBUG org.asynchttpclient.netty.request.NettyRequestSender - Using open Channel [id: 0x0f4ee2ec, L:/127.0.0.1:57759 - R:localhost/127.0.0.1:17225] for POST '/session/8061cc357b9507896bb5f7b1ec601c74/element'
19:05:39.436 [AsyncHttpClient-1-1] DEBUG org.asynchttpclient.netty.channel.DefaultChannelPool - Entry count for : http://localhost:57760 : 1
19:05:40.545 [AsyncHttpClient-1-1] DEBUG org.asynchttpclient.netty.channel.DefaultChannelPool - Entry count for : http://localhost:57760 : 1
19:05:41.636 [AsyncHttpClient-1-1] DEBUG org.asynchttpclient.netty.channel.DefaultChannelPool - Entry count for : http://localhost:57760 : 1
19:05:42.737 [AsyncHttpClient-1-1] DEBUG org.asynchttpclient.netty.channel.DefaultChannelPool - Entry count for : http://localhost:57760 : 1
19:05:43.035 [AsyncHttpClient-1-9] DEBUG org.asynchttpclient.netty.handler.HttpHandler - 

Request DefaultHttpRequest(decodeResult: success, version: HTTP/1.1)
POST /session/8061cc357b9507896bb5f7b1ec601c74/element HTTP/1.1
User-Agent: selenium/4.8.3 (java windows)
Content-Length: 83
Content-Type: application/json; charset=utf-8
host: localhost:17225
accept: */*

Response DefaultHttpResponse(decodeResult: success, version: HTTP/1.1)
HTTP/1.1 404 Not Found
Content-Length: 973
Content-Type: application/json; charset=utf-8
cache-control: no-cache

19:05:43.035 [AsyncHttpClient-1-9] DEBUG org.asynchttpclient.netty.channel.ChannelManager - Adding key: http://localhost:17225 for channel [id: 0x0f4ee2ec, L:/127.0.0.1:57759 - R:localhost/127.0.0.1:17225]
2023-06-06 19:05:43 INFO  Listeners:42 - Failed Test null
]]></system-out>
    <system-err><![CDATA[Starting ChromeDriver 114.0.5735.90 (386bc09e8f4f2e025eddae123f36f6263096ae49-refs/branch-heads/5735@{#1052}) on port 17225
Only local connections are allowed.
Please see https://chromedriver.chromium.org/security-considerations for suggestions on keeping ChromeDriver safe.
ChromeDriver was started successfully.
Jun 06, 2023 7:05:36 PM org.openqa.selenium.devtools.CdpVersionFinder findNearestMatch
WARNING: Unable to find an exact match for CDP version 114, so returning the closest version found: 111
]]></system-err>
  </testcase>
  <testcase name="searchDashboardNameDP[PASSING RATE SUMMARY](15)" classname="alltests.uitest.coreTest.DashboardPageTest" time="0">
    <skipped message="no such element: Unable to locate element: {&quot;method&quot;:&quot;xpath&quot;,&quot;selector&quot;:&quot;//*[text()=&apos;PASSING RATE SUMMARY&apos;]&quot;}&#10;  (Session info: chrome=114.0.5735.110)&#10;For documentation on this error, please visit: https://selenium.dev/exceptions/#no_such_element&#10;Build info: version: &apos;4.8.3&apos;, revision: &apos;e5e76298c3&apos;&#10;System info: os.name: &apos;Windows 10&apos;, os.arch: &apos;amd64&apos;, os.version: &apos;10.0&apos;, java.version: &apos;17.0.3.1&apos;&#10;Driver info: org.openqa.selenium.chrome.ChromeDriver&#10;Command: [8a7783a9b4ca8d0e2f53f3c4b40d48e5, findElement {using=xpath, value=//*[text()=&apos;PASSING RATE SUMMARY&apos;]}]&#10;Capabilities {acceptInsecureCerts: false, browserName: chrome, browserVersion: 114.0.5735.110, chrome: {chromedriverVersion: 114.0.5735.90 (386bc09e8f4f..., userDataDir: C:\Users\SUWARN~1\AppData\L...}, goog:chromeOptions: {debuggerAddress: localhost:57789}, networkConnectionEnabled: false, pageLoadStrategy: normal, platformName: WINDOWS, proxy: Proxy(), se:cdp: ws://localhost:57789/devtoo..., se:cdpVersion: 114.0.5735.110, setWindowRect: true, strictFileInteractability: false, timeouts: {implicit: 0, pageLoad: 300000, script: 30000}, unhandledPromptBehavior: dismiss and notify, webauthn:extension:credBlob: true, webauthn:extension:largeBlob: true, webauthn:extension:minPinLength: true, webauthn:extension:prf: true, webauthn:virtualAuthenticators: true}&#10;Session ID: 8a7783a9b4ca8d0e2f53f3c4b40d48e5"/>
    <system-out><![CDATA[19:05:43.035 [rp-io-66] DEBUG com.epam.reportportal.service.Launch - Starting test item...rp-io-66
19:05:43.052 [Forwarding screenshot on session 8061cc357b9507896bb5f7b1ec601c74 to remote] DEBUG org.asynchttpclient.netty.request.NettyRequestSender - Using pooled Channel '[id: 0x0f4ee2ec, L:/127.0.0.1:57759 - R:localhost/127.0.0.1:17225]' for 'GET' to 'http://localhost:17225/session/8061cc357b9507896bb5f7b1ec601c74/screenshot'
19:05:43.052 [Forwarding screenshot on session 8061cc357b9507896bb5f7b1ec601c74 to remote] DEBUG org.asynchttpclient.netty.request.NettyRequestSender - Using open Channel [id: 0x0f4ee2ec, L:/127.0.0.1:57759 - R:localhost/127.0.0.1:17225] for GET '/session/8061cc357b9507896bb5f7b1ec601c74/screenshot'
19:05:43.084 [rp-io-66] DEBUG com.epam.reportportal.service.Launch - ReportPortal item with ID 'e0e39157-7d13-4a6d-8eec-353bc3222b73' has been created
19:05:43.084 [rp-io-66] DEBUG com.epam.reportportal.utils.SubscriptionUtils - Start test item successfully completed
19:05:43.084 [rp-io-68] DEBUG com.epam.reportportal.service.Launch - TestItem with ID = '05861168-00aa-49a2-9912-9b393be12466' successfully finished.
19:05:43.084 [rp-io-68] DEBUG com.epam.reportportal.utils.SubscriptionUtils - Finish test item completed
19:05:43.179 [AsyncHttpClient-1-9] DEBUG org.asynchttpclient.netty.handler.HttpHandler - 

Request DefaultFullHttpRequest(decodeResult: success, version: HTTP/1.1, content: EmptyByteBufBE)
GET /session/8061cc357b9507896bb5f7b1ec601c74/screenshot HTTP/1.1
User-Agent: selenium/4.8.3 (java windows)
Cache-Control: no-cache
Content-Type: application/json; charset=utf-8
host: localhost:17225
accept: */*

Response DefaultHttpResponse(decodeResult: success, version: HTTP/1.1)
HTTP/1.1 200 OK
Content-Length: 176224
Content-Type: application/json; charset=utf-8
cache-control: no-cache

19:05:43.180 [AsyncHttpClient-1-9] DEBUG org.asynchttpclient.netty.channel.ChannelManager - Adding key: http://localhost:17225 for channel [id: 0x0f4ee2ec, L:/127.0.0.1:57759 - R:localhost/127.0.0.1:17225]
19:05:43.191 [AsyncHttpClient-1-11] DEBUG org.asynchttpclient.netty.handler.WebSocketHandler - Channel Closed: [id: 0xf38470ec, L:/127.0.0.1:57767 ! R:localhost/127.0.0.1:57760] with attribute NettyResponseFuture{currentRetry=0,
	isDone=1,
	isCancelled=0,
	asyncHandler=org.asynchttpclient.ws.WebSocketUpgradeHandler@d385349,
	nettyRequest=org.asynchttpclient.netty.request.NettyRequest@54fa82a,
	future=java.util.concurrent.CompletableFuture@2446a784[Completed normally],
	uri=ws://localhost:57760/devtools/browser/7eb737d3-b869-4836-9bc0-012d341c469c,
	keepAlive=true,
	redirectCount=0,
	timeoutsHolder=null,
	inAuth=0,
	touch=1686071136424}
19:05:43.191 [Driver Command Executor] DEBUG org.asynchttpclient.netty.request.NettyRequestSender - Using pooled Channel '[id: 0x0f4ee2ec, L:/127.0.0.1:57759 - R:localhost/127.0.0.1:17225]' for 'DELETE' to 'http://localhost:17225/session/8061cc357b9507896bb5f7b1ec601c74'
19:05:43.191 [Driver Command Executor] DEBUG org.asynchttpclient.netty.request.NettyRequestSender - Using open Channel [id: 0x0f4ee2ec, L:/127.0.0.1:57759 - R:localhost/127.0.0.1:17225] for DELETE '/session/8061cc357b9507896bb5f7b1ec601c74'
19:05:43.191 [AsyncHttpClient-1-11] DEBUG org.asynchttpclient.netty.channel.ChannelManager - Closing Channel [id: 0xf38470ec, L:/127.0.0.1:57767 ! R:localhost/127.0.0.1:57760] 
19:05:43.227 [AsyncHttpClient-1-10] DEBUG org.asynchttpclient.netty.handler.HttpHandler - Unexpected I/O exception on channel [id: 0x46b2d875, L:/127.0.0.1:57766 - R:localhost/127.0.0.1:57760]
java.net.SocketException: Connection reset
	at java.base/sun.nio.ch.SocketChannelImpl.throwConnectionReset(SocketChannelImpl.java:394)
	at java.base/sun.nio.ch.SocketChannelImpl.read(SocketChannelImpl.java:426)
	at io.netty.buffer.PooledByteBuf.setBytes(PooledByteBuf.java:256)
	at io.netty.buffer.AbstractByteBuf.writeBytes(AbstractByteBuf.java:1132)
	at io.netty.channel.socket.nio.NioSocketChannel.doReadBytes(NioSocketChannel.java:357)
	at io.netty.channel.nio.AbstractNioByteChannel$NioByteUnsafe.read(AbstractNioByteChannel.java:151)
	at io.netty.channel.nio.NioEventLoop.processSelectedKey(NioEventLoop.java:788)
	at io.netty.channel.nio.NioEventLoop.processSelectedKeysOptimized(NioEventLoop.java:724)
	at io.netty.channel.nio.NioEventLoop.processSelectedKeys(NioEventLoop.java:650)
	at io.netty.channel.nio.NioEventLoop.run(NioEventLoop.java:562)
	at io.netty.util.concurrent.SingleThreadEventExecutor$4.run(SingleThreadEventExecutor.java:997)
	at io.netty.util.internal.ThreadExecutorMap$2.run(ThreadExecutorMap.java:74)
	at io.netty.util.concurrent.FastThreadLocalRunnable.run(FastThreadLocalRunnable.java:30)
	at java.base/java.lang.Thread.run(Thread.java:833)
19:05:43.227 [AsyncHttpClient-1-10] DEBUG org.asynchttpclient.netty.channel.ChannelManager - Closing Channel [id: 0x46b2d875, L:/127.0.0.1:57766 - R:localhost/127.0.0.1:57760] 
19:05:43.227 [AsyncHttpClient-1-10] DEBUG org.asynchttpclient.netty.handler.HttpHandler - Channel Closed: [id: 0x46b2d875, L:/127.0.0.1:57766 ! R:localhost/127.0.0.1:57760] with attribute DISCARD
19:05:43.243 [AsyncHttpClient-1-9] DEBUG org.asynchttpclient.netty.handler.HttpHandler - 

Request DefaultFullHttpRequest(decodeResult: success, version: HTTP/1.1, content: EmptyByteBufBE)
DELETE /session/8061cc357b9507896bb5f7b1ec601c74 HTTP/1.1
User-Agent: selenium/4.8.3 (java windows)
Content-Type: application/json; charset=utf-8
host: localhost:17225
accept: */*

Response DefaultHttpResponse(decodeResult: success, version: HTTP/1.1)
HTTP/1.1 200 OK
Content-Length: 14
Content-Type: application/json; charset=utf-8
cache-control: no-cache

19:05:43.244 [AsyncHttpClient-1-9] DEBUG org.asynchttpclient.netty.channel.ChannelManager - Adding key: http://localhost:17225 for channel [id: 0x0f4ee2ec, L:/127.0.0.1:57759 - R:localhost/127.0.0.1:17225]
19:05:43.288 [AsyncHttpClient-1-9] DEBUG org.asynchttpclient.netty.handler.HttpHandler - Channel Closed: [id: 0x0f4ee2ec, L:/127.0.0.1:57759 ! R:localhost/127.0.0.1:17225] with attribute DISCARD
2023-06-06 19:05:43 INFO  BaseTest:83 - Test executed**********
19:05:43.345 [rp-io-71] DEBUG com.epam.reportportal.service.Launch - Starting test item...rp-io-71
2023-06-06 19:05:43 INFO  BaseTest:110 - Property files loaded successfully**********
19:05:43.354 [main] DEBUG io.github.bonigarcia.wdm.cache.ResolutionCache - Resolution chrome=114 in cache (valid until 19:20:28 06/06/2023 CEST)
19:05:43.355 [main] DEBUG io.github.bonigarcia.wdm.cache.ResolutionCache - Resolution chrome114=114.0.5735.90 in cache (valid until 16:16:26 07/06/2023 CEST)
19:05:43.355 [main] INFO io.github.bonigarcia.wdm.WebDriverManager - Using chromedriver 114.0.5735.90 (resolved driver for Chrome 114)
19:05:43.357 [rp-io-74] DEBUG com.epam.reportportal.service.Launch - TestItem with ID = 'e0e39157-7d13-4a6d-8eec-353bc3222b73' successfully finished.
19:05:43.357 [rp-io-74] DEBUG com.epam.reportportal.utils.SubscriptionUtils - Finish test item completed
19:05:43.359 [rp-io-79] DEBUG com.epam.reportportal.service.Launch - ReportPortal item with ID 'd3a6b857-db06-4e5f-9f1e-e0ddffe6a658' has been created
19:05:43.359 [rp-io-79] DEBUG com.epam.reportportal.utils.SubscriptionUtils - Start test item successfully completed
19:05:43.360 [main] DEBUG io.github.bonigarcia.wdm.WebDriverManager - Driver chromedriver 114.0.5735.90 found in cache
19:05:43.360 [main] INFO io.github.bonigarcia.wdm.WebDriverManager - Exporting webdriver.chrome.driver as C:\Users\Suwarna_Wagh\.cache\selenium\chromedriver\win32\114.0.5735.90\chromedriver.exe
19:05:43.526 [AsyncHttpClient-1-12] DEBUG org.asynchttpclient.netty.channel.NettyConnectListener - Using new Channel '[id: 0x53cd4e28, L:/127.0.0.1:57788 - R:localhost/127.0.0.1:26547]' for 'POST' to '/session'
19:05:43.837 [AsyncHttpClient-1-1] DEBUG org.asynchttpclient.netty.channel.DefaultChannelPool - Entry count for : http://localhost:57760 : 1
19:05:43.837 [AsyncHttpClient-1-1] DEBUG org.asynchttpclient.netty.channel.DefaultChannelPool - Entry count for : http://localhost:17225 : 1
19:05:43.837 [AsyncHttpClient-1-1] DEBUG org.asynchttpclient.netty.channel.DefaultChannelPool - Adding Candidate expired Channel [id: 0x46b2d875, L:/127.0.0.1:57766 ! R:localhost/127.0.0.1:57760] isIdleTimeoutExpired=false isRemotelyClosed=true isTtlExpired=false
19:05:43.843 [AsyncHttpClient-1-1] DEBUG org.asynchttpclient.netty.channel.DefaultChannelPool - Closing Idle Channel [id: 0x46b2d875, L:/127.0.0.1:57766 ! R:localhost/127.0.0.1:57760]
19:05:43.843 [AsyncHttpClient-1-1] DEBUG org.asynchttpclient.netty.channel.DefaultChannelPool - Adding Candidate expired Channel [id: 0x0f4ee2ec, L:/127.0.0.1:57759 ! R:localhost/127.0.0.1:17225] isIdleTimeoutExpired=false isRemotelyClosed=true isTtlExpired=false
19:05:43.843 [AsyncHttpClient-1-1] DEBUG org.asynchttpclient.netty.channel.DefaultChannelPool - Closing Idle Channel [id: 0x0f4ee2ec, L:/127.0.0.1:57759 ! R:localhost/127.0.0.1:17225]
19:05:43.843 [AsyncHttpClient-1-1] DEBUG org.asynchttpclient.netty.channel.DefaultChannelPool - Closed 2 connections out of 2 in 6 ms
19:05:44.336 [AsyncHttpClient-1-12] DEBUG org.asynchttpclient.netty.handler.HttpHandler - 

Request DefaultHttpRequest(decodeResult: success, version: HTTP/1.1)
POST /session HTTP/1.1
User-Agent: selenium/4.8.3 (java windows)
Content-Length: 439
Content-Type: application/json; charset=utf-8
host: localhost:26547
accept: */*

Response DefaultHttpResponse(decodeResult: success, version: HTTP/1.1)
HTTP/1.1 200 OK
Content-Length: 864
Content-Type: application/json; charset=utf-8
cache-control: no-cache

19:05:44.336 [AsyncHttpClient-1-12] DEBUG org.asynchttpclient.netty.channel.ChannelManager - Adding key: http://localhost:26547 for channel [id: 0x53cd4e28, L:/127.0.0.1:57788 - R:localhost/127.0.0.1:26547]
19:05:44.341 [AsyncHttpClient-1-13] DEBUG org.asynchttpclient.netty.channel.NettyConnectListener - Using new Channel '[id: 0x10710af7, L:/127.0.0.1:57796 - R:localhost/127.0.0.1:57789]' for 'GET' to '/json/version'
19:05:44.342 [AsyncHttpClient-1-13] DEBUG org.asynchttpclient.netty.handler.HttpHandler - 

Request DefaultFullHttpRequest(decodeResult: success, version: HTTP/1.1, content: EmptyByteBufBE)
GET /json/version HTTP/1.1
User-Agent: selenium/4.8.3 (java windows)
host: localhost:57789
accept: */*

Response DefaultHttpResponse(decodeResult: success, version: HTTP/1.1)
HTTP/1.1 200 OK
Content-Security-Policy: frame-ancestors 'none'
Content-Length: 424
Content-Type: application/json; charset=UTF-8

19:05:44.342 [AsyncHttpClient-1-13] DEBUG org.asynchttpclient.netty.channel.ChannelManager - Adding key: http://localhost:57789 for channel [id: 0x10710af7, L:/127.0.0.1:57796 - R:localhost/127.0.0.1:57789]
19:05:44.344 [AsyncHttpClient-1-14] DEBUG org.asynchttpclient.netty.channel.NettyConnectListener - Using new Channel '[id: 0x52c5c09e, L:/127.0.0.1:57797 - R:localhost/127.0.0.1:57789]' for 'GET' to '/devtools/browser/ea962dfd-63f2-4365-8b10-66a46f403b95'
19:05:44.344 [AsyncHttpClient-1-14] DEBUG org.asynchttpclient.netty.handler.WebSocketHandler - 

Request DefaultFullHttpRequest(decodeResult: success, version: HTTP/1.1, content: EmptyByteBufBE)
GET /devtools/browser/ea962dfd-63f2-4365-8b10-66a46f403b95 HTTP/1.1
upgrade: websocket
connection: upgrade
sec-websocket-key: r7otbrNUoX1O1Ke/dZ9diQ==
sec-websocket-version: 13
origin: http://localhost:57789
host: localhost:57789
accept: */*
user-agent: AHC/2.1

Response DefaultHttpResponse(decodeResult: success, version: HTTP/1.1)
HTTP/1.1 101 WebSocket Protocol Handshake
Upgrade: WebSocket
Connection: Upgrade
Sec-WebSocket-Accept: 5CQ6wERMcQHh3dr73rSB5VDGVdg=

19:05:44.346 [Forwarding setTimeout on session 8a7783a9b4ca8d0e2f53f3c4b40d48e5 to remote] DEBUG org.asynchttpclient.netty.request.NettyRequestSender - Using pooled Channel '[id: 0x53cd4e28, L:/127.0.0.1:57788 - R:localhost/127.0.0.1:26547]' for 'POST' to 'http://localhost:26547/session/8a7783a9b4ca8d0e2f53f3c4b40d48e5/timeouts'
19:05:44.346 [Forwarding setTimeout on session 8a7783a9b4ca8d0e2f53f3c4b40d48e5 to remote] DEBUG org.asynchttpclient.netty.request.NettyRequestSender - Using open Channel [id: 0x53cd4e28, L:/127.0.0.1:57788 - R:localhost/127.0.0.1:26547] for POST '/session/8a7783a9b4ca8d0e2f53f3c4b40d48e5/timeouts'
19:05:44.347 [AsyncHttpClient-1-12] DEBUG org.asynchttpclient.netty.handler.HttpHandler - 

Request DefaultHttpRequest(decodeResult: success, version: HTTP/1.1)
POST /session/8a7783a9b4ca8d0e2f53f3c4b40d48e5/timeouts HTTP/1.1
User-Agent: selenium/4.8.3 (java windows)
Content-Length: 22
Content-Type: application/json; charset=utf-8
host: localhost:26547
accept: */*

Response DefaultHttpResponse(decodeResult: success, version: HTTP/1.1)
HTTP/1.1 200 OK
Content-Length: 14
Content-Type: application/json; charset=utf-8
cache-control: no-cache

19:05:44.347 [AsyncHttpClient-1-12] DEBUG org.asynchttpclient.netty.channel.ChannelManager - Adding key: http://localhost:26547 for channel [id: 0x53cd4e28, L:/127.0.0.1:57788 - R:localhost/127.0.0.1:26547]
19:05:44.348 [Forwarding maximizeCurrentWindow on session 8a7783a9b4ca8d0e2f53f3c4b40d48e5 to remote] DEBUG org.asynchttpclient.netty.request.NettyRequestSender - Using pooled Channel '[id: 0x53cd4e28, L:/127.0.0.1:57788 - R:localhost/127.0.0.1:26547]' for 'POST' to 'http://localhost:26547/session/8a7783a9b4ca8d0e2f53f3c4b40d48e5/window/maximize'
19:05:44.348 [Forwarding maximizeCurrentWindow on session 8a7783a9b4ca8d0e2f53f3c4b40d48e5 to remote] DEBUG org.asynchttpclient.netty.request.NettyRequestSender - Using open Channel [id: 0x53cd4e28, L:/127.0.0.1:57788 - R:localhost/127.0.0.1:26547] for POST '/session/8a7783a9b4ca8d0e2f53f3c4b40d48e5/window/maximize'
19:05:44.470 [AsyncHttpClient-1-12] DEBUG org.asynchttpclient.netty.handler.HttpHandler - 

Request DefaultHttpRequest(decodeResult: success, version: HTTP/1.1)
POST /session/8a7783a9b4ca8d0e2f53f3c4b40d48e5/window/maximize HTTP/1.1
User-Agent: selenium/4.8.3 (java windows)
Content-Length: 3
Content-Type: application/json; charset=utf-8
host: localhost:26547
accept: */*

Response DefaultHttpResponse(decodeResult: success, version: HTTP/1.1)
HTTP/1.1 200 OK
Content-Length: 51
Content-Type: application/json; charset=utf-8
cache-control: no-cache

19:05:44.470 [AsyncHttpClient-1-12] DEBUG org.asynchttpclient.netty.channel.ChannelManager - Adding key: http://localhost:26547 for channel [id: 0x53cd4e28, L:/127.0.0.1:57788 - R:localhost/127.0.0.1:26547]
19:05:44.472 [Forwarding get on session 8a7783a9b4ca8d0e2f53f3c4b40d48e5 to remote] DEBUG org.asynchttpclient.netty.request.NettyRequestSender - Using pooled Channel '[id: 0x53cd4e28, L:/127.0.0.1:57788 - R:localhost/127.0.0.1:26547]' for 'POST' to 'http://localhost:26547/session/8a7783a9b4ca8d0e2f53f3c4b40d48e5/url'
19:05:44.472 [Forwarding get on session 8a7783a9b4ca8d0e2f53f3c4b40d48e5 to remote] DEBUG org.asynchttpclient.netty.request.NettyRequestSender - Using open Channel [id: 0x53cd4e28, L:/127.0.0.1:57788 - R:localhost/127.0.0.1:26547] for POST '/session/8a7783a9b4ca8d0e2f53f3c4b40d48e5/url'
19:05:44.936 [AsyncHttpClient-1-1] DEBUG org.asynchttpclient.netty.channel.DefaultChannelPool - Entry count for : http://localhost:57789 : 1
19:05:45.695 [AsyncHttpClient-1-12] DEBUG org.asynchttpclient.netty.handler.HttpHandler - 

Request DefaultHttpRequest(decodeResult: success, version: HTTP/1.1)
POST /session/8a7783a9b4ca8d0e2f53f3c4b40d48e5/url HTTP/1.1
User-Agent: selenium/4.8.3 (java windows)
Content-Length: 52
Content-Type: application/json; charset=utf-8
host: localhost:26547
accept: */*

Response DefaultHttpResponse(decodeResult: success, version: HTTP/1.1)
HTTP/1.1 200 OK
Content-Length: 14
Content-Type: application/json; charset=utf-8
cache-control: no-cache

19:05:45.695 [AsyncHttpClient-1-12] DEBUG org.asynchttpclient.netty.channel.ChannelManager - Adding key: http://localhost:26547 for channel [id: 0x53cd4e28, L:/127.0.0.1:57788 - R:localhost/127.0.0.1:26547]
2023-06-06 19:05:45 INFO  BaseTest:104 - Test driver set up done successfully**********
2023-06-06 19:05:45 INFO  BaseTest:122 - Logging in to portal
19:05:45.697 [Forwarding findElement on session 8a7783a9b4ca8d0e2f53f3c4b40d48e5 to remote] DEBUG org.asynchttpclient.netty.request.NettyRequestSender - Using pooled Channel '[id: 0x53cd4e28, L:/127.0.0.1:57788 - R:localhost/127.0.0.1:26547]' for 'POST' to 'http://localhost:26547/session/8a7783a9b4ca8d0e2f53f3c4b40d48e5/element'
19:05:45.697 [Forwarding findElement on session 8a7783a9b4ca8d0e2f53f3c4b40d48e5 to remote] DEBUG org.asynchttpclient.netty.request.NettyRequestSender - Using open Channel [id: 0x53cd4e28, L:/127.0.0.1:57788 - R:localhost/127.0.0.1:26547] for POST '/session/8a7783a9b4ca8d0e2f53f3c4b40d48e5/element'
19:05:45.712 [AsyncHttpClient-1-12] DEBUG org.asynchttpclient.netty.handler.HttpHandler - 

Request DefaultHttpRequest(decodeResult: success, version: HTTP/1.1)
POST /session/8a7783a9b4ca8d0e2f53f3c4b40d48e5/element HTTP/1.1
User-Agent: selenium/4.8.3 (java windows)
Content-Length: 59
Content-Type: application/json; charset=utf-8
host: localhost:26547
accept: */*

Response DefaultHttpResponse(decodeResult: success, version: HTTP/1.1)
HTTP/1.1 200 OK
Content-Length: 95
Content-Type: application/json; charset=utf-8
cache-control: no-cache

19:05:45.712 [AsyncHttpClient-1-12] DEBUG org.asynchttpclient.netty.channel.ChannelManager - Adding key: http://localhost:26547 for channel [id: 0x53cd4e28, L:/127.0.0.1:57788 - R:localhost/127.0.0.1:26547]
19:05:45.713 [Forwarding clearElement on session 8a7783a9b4ca8d0e2f53f3c4b40d48e5 to remote] DEBUG org.asynchttpclient.netty.request.NettyRequestSender - Using pooled Channel '[id: 0x53cd4e28, L:/127.0.0.1:57788 - R:localhost/127.0.0.1:26547]' for 'POST' to 'http://localhost:26547/session/8a7783a9b4ca8d0e2f53f3c4b40d48e5/element/2FF7BEC0F60DEF2485C9E005D3812FAC_element_29/clear'
19:05:45.713 [Forwarding clearElement on session 8a7783a9b4ca8d0e2f53f3c4b40d48e5 to remote] DEBUG org.asynchttpclient.netty.request.NettyRequestSender - Using open Channel [id: 0x53cd4e28, L:/127.0.0.1:57788 - R:localhost/127.0.0.1:26547] for POST '/session/8a7783a9b4ca8d0e2f53f3c4b40d48e5/element/2FF7BEC0F60DEF2485C9E005D3812FAC_element_29/clear'
19:05:45.753 [AsyncHttpClient-1-12] DEBUG org.asynchttpclient.netty.handler.HttpHandler - 

Request DefaultHttpRequest(decodeResult: success, version: HTTP/1.1)
POST /session/8a7783a9b4ca8d0e2f53f3c4b40d48e5/element/2FF7BEC0F60DEF2485C9E005D3812FAC_element_29/clear HTTP/1.1
User-Agent: selenium/4.8.3 (java windows)
Content-Length: 57
Content-Type: application/json; charset=utf-8
host: localhost:26547
accept: */*

Response DefaultHttpResponse(decodeResult: success, version: HTTP/1.1)
HTTP/1.1 200 OK
Content-Length: 14
Content-Type: application/json; charset=utf-8
cache-control: no-cache

19:05:45.754 [AsyncHttpClient-1-12] DEBUG org.asynchttpclient.netty.channel.ChannelManager - Adding key: http://localhost:26547 for channel [id: 0x53cd4e28, L:/127.0.0.1:57788 - R:localhost/127.0.0.1:26547]
19:05:45.754 [Forwarding findElement on session 8a7783a9b4ca8d0e2f53f3c4b40d48e5 to remote] DEBUG org.asynchttpclient.netty.request.NettyRequestSender - Using pooled Channel '[id: 0x53cd4e28, L:/127.0.0.1:57788 - R:localhost/127.0.0.1:26547]' for 'POST' to 'http://localhost:26547/session/8a7783a9b4ca8d0e2f53f3c4b40d48e5/element'
19:05:45.754 [Forwarding findElement on session 8a7783a9b4ca8d0e2f53f3c4b40d48e5 to remote] DEBUG org.asynchttpclient.netty.request.NettyRequestSender - Using open Channel [id: 0x53cd4e28, L:/127.0.0.1:57788 - R:localhost/127.0.0.1:26547] for POST '/session/8a7783a9b4ca8d0e2f53f3c4b40d48e5/element'
19:05:45.762 [AsyncHttpClient-1-12] DEBUG org.asynchttpclient.netty.handler.HttpHandler - 

Request DefaultHttpRequest(decodeResult: success, version: HTTP/1.1)
POST /session/8a7783a9b4ca8d0e2f53f3c4b40d48e5/element HTTP/1.1
User-Agent: selenium/4.8.3 (java windows)
Content-Length: 59
Content-Type: application/json; charset=utf-8
host: localhost:26547
accept: */*

Response DefaultHttpResponse(decodeResult: success, version: HTTP/1.1)
HTTP/1.1 200 OK
Content-Length: 95
Content-Type: application/json; charset=utf-8
cache-control: no-cache

19:05:45.762 [AsyncHttpClient-1-12] DEBUG org.asynchttpclient.netty.channel.ChannelManager - Adding key: http://localhost:26547 for channel [id: 0x53cd4e28, L:/127.0.0.1:57788 - R:localhost/127.0.0.1:26547]
19:05:45.763 [Forwarding sendKeysToElement on session 8a7783a9b4ca8d0e2f53f3c4b40d48e5 to remote] DEBUG org.asynchttpclient.netty.request.NettyRequestSender - Using pooled Channel '[id: 0x53cd4e28, L:/127.0.0.1:57788 - R:localhost/127.0.0.1:26547]' for 'POST' to 'http://localhost:26547/session/8a7783a9b4ca8d0e2f53f3c4b40d48e5/element/2FF7BEC0F60DEF2485C9E005D3812FAC_element_29/value'
19:05:45.763 [Forwarding sendKeysToElement on session 8a7783a9b4ca8d0e2f53f3c4b40d48e5 to remote] DEBUG org.asynchttpclient.netty.request.NettyRequestSender - Using open Channel [id: 0x53cd4e28, L:/127.0.0.1:57788 - R:localhost/127.0.0.1:26547] for POST '/session/8a7783a9b4ca8d0e2f53f3c4b40d48e5/element/2FF7BEC0F60DEF2485C9E005D3812FAC_element_29/value'
19:05:45.849 [AsyncHttpClient-1-12] DEBUG org.asynchttpclient.netty.handler.HttpHandler - 

Request DefaultHttpRequest(decodeResult: success, version: HTTP/1.1)
POST /session/8a7783a9b4ca8d0e2f53f3c4b40d48e5/element/2FF7BEC0F60DEF2485C9E005D3812FAC_element_29/value HTTP/1.1
User-Agent: selenium/4.8.3 (java windows)
Content-Length: 188
Content-Type: application/json; charset=utf-8
host: localhost:26547
accept: */*

Response DefaultHttpResponse(decodeResult: success, version: HTTP/1.1)
HTTP/1.1 200 OK
Content-Length: 14
Content-Type: application/json; charset=utf-8
cache-control: no-cache

19:05:45.850 [AsyncHttpClient-1-12] DEBUG org.asynchttpclient.netty.channel.ChannelManager - Adding key: http://localhost:26547 for channel [id: 0x53cd4e28, L:/127.0.0.1:57788 - R:localhost/127.0.0.1:26547]
19:05:45.851 [Forwarding findElement on session 8a7783a9b4ca8d0e2f53f3c4b40d48e5 to remote] DEBUG org.asynchttpclient.netty.request.NettyRequestSender - Using pooled Channel '[id: 0x53cd4e28, L:/127.0.0.1:57788 - R:localhost/127.0.0.1:26547]' for 'POST' to 'http://localhost:26547/session/8a7783a9b4ca8d0e2f53f3c4b40d48e5/element'
19:05:45.851 [Forwarding findElement on session 8a7783a9b4ca8d0e2f53f3c4b40d48e5 to remote] DEBUG org.asynchttpclient.netty.request.NettyRequestSender - Using open Channel [id: 0x53cd4e28, L:/127.0.0.1:57788 - R:localhost/127.0.0.1:26547] for POST '/session/8a7783a9b4ca8d0e2f53f3c4b40d48e5/element'
19:05:45.882 [AsyncHttpClient-1-12] DEBUG org.asynchttpclient.netty.handler.HttpHandler - 

Request DefaultHttpRequest(decodeResult: success, version: HTTP/1.1)
POST /session/8a7783a9b4ca8d0e2f53f3c4b40d48e5/element HTTP/1.1
User-Agent: selenium/4.8.3 (java windows)
Content-Length: 62
Content-Type: application/json; charset=utf-8
host: localhost:26547
accept: */*

Response DefaultHttpResponse(decodeResult: success, version: HTTP/1.1)
HTTP/1.1 200 OK
Content-Length: 95
Content-Type: application/json; charset=utf-8
cache-control: no-cache

19:05:45.882 [AsyncHttpClient-1-12] DEBUG org.asynchttpclient.netty.channel.ChannelManager - Adding key: http://localhost:26547 for channel [id: 0x53cd4e28, L:/127.0.0.1:57788 - R:localhost/127.0.0.1:26547]
19:05:45.883 [Forwarding clearElement on session 8a7783a9b4ca8d0e2f53f3c4b40d48e5 to remote] DEBUG org.asynchttpclient.netty.request.NettyRequestSender - Using pooled Channel '[id: 0x53cd4e28, L:/127.0.0.1:57788 - R:localhost/127.0.0.1:26547]' for 'POST' to 'http://localhost:26547/session/8a7783a9b4ca8d0e2f53f3c4b40d48e5/element/2FF7BEC0F60DEF2485C9E005D3812FAC_element_32/clear'
19:05:45.883 [Forwarding clearElement on session 8a7783a9b4ca8d0e2f53f3c4b40d48e5 to remote] DEBUG org.asynchttpclient.netty.request.NettyRequestSender - Using open Channel [id: 0x53cd4e28, L:/127.0.0.1:57788 - R:localhost/127.0.0.1:26547] for POST '/session/8a7783a9b4ca8d0e2f53f3c4b40d48e5/element/2FF7BEC0F60DEF2485C9E005D3812FAC_element_32/clear'
19:05:45.905 [AsyncHttpClient-1-12] DEBUG org.asynchttpclient.netty.handler.HttpHandler - 

Request DefaultHttpRequest(decodeResult: success, version: HTTP/1.1)
POST /session/8a7783a9b4ca8d0e2f53f3c4b40d48e5/element/2FF7BEC0F60DEF2485C9E005D3812FAC_element_32/clear HTTP/1.1
User-Agent: selenium/4.8.3 (java windows)
Content-Length: 57
Content-Type: application/json; charset=utf-8
host: localhost:26547
accept: */*

Response DefaultHttpResponse(decodeResult: success, version: HTTP/1.1)
HTTP/1.1 200 OK
Content-Length: 14
Content-Type: application/json; charset=utf-8
cache-control: no-cache

19:05:45.905 [AsyncHttpClient-1-12] DEBUG org.asynchttpclient.netty.channel.ChannelManager - Adding key: http://localhost:26547 for channel [id: 0x53cd4e28, L:/127.0.0.1:57788 - R:localhost/127.0.0.1:26547]
19:05:45.906 [Forwarding findElement on session 8a7783a9b4ca8d0e2f53f3c4b40d48e5 to remote] DEBUG org.asynchttpclient.netty.request.NettyRequestSender - Using pooled Channel '[id: 0x53cd4e28, L:/127.0.0.1:57788 - R:localhost/127.0.0.1:26547]' for 'POST' to 'http://localhost:26547/session/8a7783a9b4ca8d0e2f53f3c4b40d48e5/element'
19:05:45.906 [Forwarding findElement on session 8a7783a9b4ca8d0e2f53f3c4b40d48e5 to remote] DEBUG org.asynchttpclient.netty.request.NettyRequestSender - Using open Channel [id: 0x53cd4e28, L:/127.0.0.1:57788 - R:localhost/127.0.0.1:26547] for POST '/session/8a7783a9b4ca8d0e2f53f3c4b40d48e5/element'
19:05:45.914 [AsyncHttpClient-1-12] DEBUG org.asynchttpclient.netty.handler.HttpHandler - 

Request DefaultHttpRequest(decodeResult: success, version: HTTP/1.1)
POST /session/8a7783a9b4ca8d0e2f53f3c4b40d48e5/element HTTP/1.1
User-Agent: selenium/4.8.3 (java windows)
Content-Length: 62
Content-Type: application/json; charset=utf-8
host: localhost:26547
accept: */*

Response DefaultHttpResponse(decodeResult: success, version: HTTP/1.1)
HTTP/1.1 200 OK
Content-Length: 95
Content-Type: application/json; charset=utf-8
cache-control: no-cache

19:05:45.914 [AsyncHttpClient-1-12] DEBUG org.asynchttpclient.netty.channel.ChannelManager - Adding key: http://localhost:26547 for channel [id: 0x53cd4e28, L:/127.0.0.1:57788 - R:localhost/127.0.0.1:26547]
19:05:45.915 [Forwarding sendKeysToElement on session 8a7783a9b4ca8d0e2f53f3c4b40d48e5 to remote] DEBUG org.asynchttpclient.netty.request.NettyRequestSender - Using pooled Channel '[id: 0x53cd4e28, L:/127.0.0.1:57788 - R:localhost/127.0.0.1:26547]' for 'POST' to 'http://localhost:26547/session/8a7783a9b4ca8d0e2f53f3c4b40d48e5/element/2FF7BEC0F60DEF2485C9E005D3812FAC_element_32/value'
19:05:45.915 [Forwarding sendKeysToElement on session 8a7783a9b4ca8d0e2f53f3c4b40d48e5 to remote] DEBUG org.asynchttpclient.netty.request.NettyRequestSender - Using open Channel [id: 0x53cd4e28, L:/127.0.0.1:57788 - R:localhost/127.0.0.1:26547] for POST '/session/8a7783a9b4ca8d0e2f53f3c4b40d48e5/element/2FF7BEC0F60DEF2485C9E005D3812FAC_element_32/value'
19:05:45.978 [AsyncHttpClient-1-12] DEBUG org.asynchttpclient.netty.handler.HttpHandler - 

Request DefaultHttpRequest(decodeResult: success, version: HTTP/1.1)
POST /session/8a7783a9b4ca8d0e2f53f3c4b40d48e5/element/2FF7BEC0F60DEF2485C9E005D3812FAC_element_32/value HTTP/1.1
User-Agent: selenium/4.8.3 (java windows)
Content-Length: 148
Content-Type: application/json; charset=utf-8
host: localhost:26547
accept: */*

Response DefaultHttpResponse(decodeResult: success, version: HTTP/1.1)
HTTP/1.1 200 OK
Content-Length: 14
Content-Type: application/json; charset=utf-8
cache-control: no-cache

19:05:45.979 [AsyncHttpClient-1-12] DEBUG org.asynchttpclient.netty.channel.ChannelManager - Adding key: http://localhost:26547 for channel [id: 0x53cd4e28, L:/127.0.0.1:57788 - R:localhost/127.0.0.1:26547]
19:05:45.980 [Forwarding findElement on session 8a7783a9b4ca8d0e2f53f3c4b40d48e5 to remote] DEBUG org.asynchttpclient.netty.request.NettyRequestSender - Using pooled Channel '[id: 0x53cd4e28, L:/127.0.0.1:57788 - R:localhost/127.0.0.1:26547]' for 'POST' to 'http://localhost:26547/session/8a7783a9b4ca8d0e2f53f3c4b40d48e5/element'
19:05:45.980 [Forwarding findElement on session 8a7783a9b4ca8d0e2f53f3c4b40d48e5 to remote] DEBUG org.asynchttpclient.netty.request.NettyRequestSender - Using open Channel [id: 0x53cd4e28, L:/127.0.0.1:57788 - R:localhost/127.0.0.1:26547] for POST '/session/8a7783a9b4ca8d0e2f53f3c4b40d48e5/element'
19:05:45.991 [AsyncHttpClient-1-12] DEBUG org.asynchttpclient.netty.handler.HttpHandler - 

Request DefaultHttpRequest(decodeResult: success, version: HTTP/1.1)
POST /session/8a7783a9b4ca8d0e2f53f3c4b40d48e5/element HTTP/1.1
User-Agent: selenium/4.8.3 (java windows)
Content-Length: 71
Content-Type: application/json; charset=utf-8
host: localhost:26547
accept: */*

Response DefaultHttpResponse(decodeResult: success, version: HTTP/1.1)
HTTP/1.1 200 OK
Content-Length: 95
Content-Type: application/json; charset=utf-8
cache-control: no-cache

19:05:45.991 [AsyncHttpClient-1-12] DEBUG org.asynchttpclient.netty.channel.ChannelManager - Adding key: http://localhost:26547 for channel [id: 0x53cd4e28, L:/127.0.0.1:57788 - R:localhost/127.0.0.1:26547]
19:05:45.992 [Forwarding clickElement on session 8a7783a9b4ca8d0e2f53f3c4b40d48e5 to remote] DEBUG org.asynchttpclient.netty.request.NettyRequestSender - Using pooled Channel '[id: 0x53cd4e28, L:/127.0.0.1:57788 - R:localhost/127.0.0.1:26547]' for 'POST' to 'http://localhost:26547/session/8a7783a9b4ca8d0e2f53f3c4b40d48e5/element/2FF7BEC0F60DEF2485C9E005D3812FAC_element_33/click'
19:05:45.992 [Forwarding clickElement on session 8a7783a9b4ca8d0e2f53f3c4b40d48e5 to remote] DEBUG org.asynchttpclient.netty.request.NettyRequestSender - Using open Channel [id: 0x53cd4e28, L:/127.0.0.1:57788 - R:localhost/127.0.0.1:26547] for POST '/session/8a7783a9b4ca8d0e2f53f3c4b40d48e5/element/2FF7BEC0F60DEF2485C9E005D3812FAC_element_33/click'
19:05:46.031 [AsyncHttpClient-1-12] DEBUG org.asynchttpclient.netty.handler.HttpHandler - 

Request DefaultHttpRequest(decodeResult: success, version: HTTP/1.1)
POST /session/8a7783a9b4ca8d0e2f53f3c4b40d48e5/element/2FF7BEC0F60DEF2485C9E005D3812FAC_element_33/click HTTP/1.1
User-Agent: selenium/4.8.3 (java windows)
Content-Length: 57
Content-Type: application/json; charset=utf-8
host: localhost:26547
accept: */*

Response DefaultHttpResponse(decodeResult: success, version: HTTP/1.1)
HTTP/1.1 200 OK
Content-Length: 14
Content-Type: application/json; charset=utf-8
cache-control: no-cache

19:05:46.031 [AsyncHttpClient-1-12] DEBUG org.asynchttpclient.netty.channel.ChannelManager - Adding key: http://localhost:26547 for channel [id: 0x53cd4e28, L:/127.0.0.1:57788 - R:localhost/127.0.0.1:26547]
2023-06-06 19:05:46 INFO  BaseTest:126 - Logged in
19:05:46.032 [rp-io-78] DEBUG com.epam.reportportal.service.Launch - Starting test item...rp-io-78
2023-06-06 19:05:46 INFO  Listeners:34 - Started Test null
19:05:46.034 [Forwarding findElement on session 8a7783a9b4ca8d0e2f53f3c4b40d48e5 to remote] DEBUG org.asynchttpclient.netty.request.NettyRequestSender - Using pooled Channel '[id: 0x53cd4e28, L:/127.0.0.1:57788 - R:localhost/127.0.0.1:26547]' for 'POST' to 'http://localhost:26547/session/8a7783a9b4ca8d0e2f53f3c4b40d48e5/element'
19:05:46.034 [Forwarding findElement on session 8a7783a9b4ca8d0e2f53f3c4b40d48e5 to remote] DEBUG org.asynchttpclient.netty.request.NettyRequestSender - Using open Channel [id: 0x53cd4e28, L:/127.0.0.1:57788 - R:localhost/127.0.0.1:26547] for POST '/session/8a7783a9b4ca8d0e2f53f3c4b40d48e5/element'
19:05:46.036 [AsyncHttpClient-1-1] DEBUG org.asynchttpclient.netty.channel.DefaultChannelPool - Entry count for : http://localhost:57789 : 1
19:05:46.050 [rp-io-81] DEBUG com.epam.reportportal.service.Launch - TestItem with ID = 'd3a6b857-db06-4e5f-9f1e-e0ddffe6a658' successfully finished.
19:05:46.050 [rp-io-81] DEBUG com.epam.reportportal.utils.SubscriptionUtils - Finish test item completed
19:05:46.055 [rp-io-84] DEBUG com.epam.reportportal.service.Launch - ReportPortal item with ID 'ea3eafd8-2682-4b19-bbd5-ecf8b7fcb44b' has been created
19:05:46.055 [rp-io-84] DEBUG com.epam.reportportal.utils.SubscriptionUtils - Start test item successfully completed
19:05:46.389 [AsyncHttpClient-1-12] DEBUG org.asynchttpclient.netty.handler.HttpHandler - 

Request DefaultHttpRequest(decodeResult: success, version: HTTP/1.1)
POST /session/8a7783a9b4ca8d0e2f53f3c4b40d48e5/element HTTP/1.1
User-Agent: selenium/4.8.3 (java windows)
Content-Length: 168
Content-Type: application/json; charset=utf-8
host: localhost:26547
accept: */*

Response DefaultHttpResponse(decodeResult: success, version: HTTP/1.1)
HTTP/1.1 200 OK
Content-Length: 95
Content-Type: application/json; charset=utf-8
cache-control: no-cache

19:05:46.389 [AsyncHttpClient-1-12] DEBUG org.asynchttpclient.netty.channel.ChannelManager - Adding key: http://localhost:26547 for channel [id: 0x53cd4e28, L:/127.0.0.1:57788 - R:localhost/127.0.0.1:26547]
19:05:46.390 [Forwarding clickElement on session 8a7783a9b4ca8d0e2f53f3c4b40d48e5 to remote] DEBUG org.asynchttpclient.netty.request.NettyRequestSender - Using pooled Channel '[id: 0x53cd4e28, L:/127.0.0.1:57788 - R:localhost/127.0.0.1:26547]' for 'POST' to 'http://localhost:26547/session/8a7783a9b4ca8d0e2f53f3c4b40d48e5/element/2FF7BEC0F60DEF2485C9E005D3812FAC_element_39/click'
19:05:46.390 [Forwarding clickElement on session 8a7783a9b4ca8d0e2f53f3c4b40d48e5 to remote] DEBUG org.asynchttpclient.netty.request.NettyRequestSender - Using open Channel [id: 0x53cd4e28, L:/127.0.0.1:57788 - R:localhost/127.0.0.1:26547] for POST '/session/8a7783a9b4ca8d0e2f53f3c4b40d48e5/element/2FF7BEC0F60DEF2485C9E005D3812FAC_element_39/click'
19:05:46.537 [AsyncHttpClient-1-12] DEBUG org.asynchttpclient.netty.handler.HttpHandler - 

Request DefaultHttpRequest(decodeResult: success, version: HTTP/1.1)
POST /session/8a7783a9b4ca8d0e2f53f3c4b40d48e5/element/2FF7BEC0F60DEF2485C9E005D3812FAC_element_39/click HTTP/1.1
User-Agent: selenium/4.8.3 (java windows)
Content-Length: 57
Content-Type: application/json; charset=utf-8
host: localhost:26547
accept: */*

Response DefaultHttpResponse(decodeResult: success, version: HTTP/1.1)
HTTP/1.1 200 OK
Content-Length: 14
Content-Type: application/json; charset=utf-8
cache-control: no-cache

19:05:46.537 [AsyncHttpClient-1-12] DEBUG org.asynchttpclient.netty.channel.ChannelManager - Adding key: http://localhost:26547 for channel [id: 0x53cd4e28, L:/127.0.0.1:57788 - R:localhost/127.0.0.1:26547]
19:05:46.539 [Forwarding findElement on session 8a7783a9b4ca8d0e2f53f3c4b40d48e5 to remote] DEBUG org.asynchttpclient.netty.request.NettyRequestSender - Using pooled Channel '[id: 0x53cd4e28, L:/127.0.0.1:57788 - R:localhost/127.0.0.1:26547]' for 'POST' to 'http://localhost:26547/session/8a7783a9b4ca8d0e2f53f3c4b40d48e5/element'
19:05:46.539 [Forwarding findElement on session 8a7783a9b4ca8d0e2f53f3c4b40d48e5 to remote] DEBUG org.asynchttpclient.netty.request.NettyRequestSender - Using open Channel [id: 0x53cd4e28, L:/127.0.0.1:57788 - R:localhost/127.0.0.1:26547] for POST '/session/8a7783a9b4ca8d0e2f53f3c4b40d48e5/element'
19:05:47.147 [AsyncHttpClient-1-1] DEBUG org.asynchttpclient.netty.channel.DefaultChannelPool - Entry count for : http://localhost:57789 : 1
19:05:48.236 [AsyncHttpClient-1-1] DEBUG org.asynchttpclient.netty.channel.DefaultChannelPool - Entry count for : http://localhost:57789 : 1
19:05:49.338 [AsyncHttpClient-1-1] DEBUG org.asynchttpclient.netty.channel.DefaultChannelPool - Entry count for : http://localhost:57789 : 1
19:05:50.440 [AsyncHttpClient-1-1] DEBUG org.asynchttpclient.netty.channel.DefaultChannelPool - Entry count for : http://localhost:57789 : 1
19:05:50.757 [AsyncHttpClient-1-12] DEBUG org.asynchttpclient.netty.handler.HttpHandler - 

Request DefaultHttpRequest(decodeResult: success, version: HTTP/1.1)
POST /session/8a7783a9b4ca8d0e2f53f3c4b40d48e5/element HTTP/1.1
User-Agent: selenium/4.8.3 (java windows)
Content-Length: 81
Content-Type: application/json; charset=utf-8
host: localhost:26547
accept: */*

Response DefaultHttpResponse(decodeResult: success, version: HTTP/1.1)
HTTP/1.1 404 Not Found
Content-Length: 971
Content-Type: application/json; charset=utf-8
cache-control: no-cache

19:05:50.757 [AsyncHttpClient-1-12] DEBUG org.asynchttpclient.netty.channel.ChannelManager - Adding key: http://localhost:26547 for channel [id: 0x53cd4e28, L:/127.0.0.1:57788 - R:localhost/127.0.0.1:26547]
2023-06-06 19:05:50 INFO  Listeners:55 - Skipped test null
19:05:50.757 [main] ERROR com.epam.reportportal.service.Launch - Item io.reactivex.internal.operators.maybe.MaybeCache@7048d039 not found in the cache
]]></system-out>
    <system-err><![CDATA[Starting ChromeDriver 114.0.5735.90 (386bc09e8f4f2e025eddae123f36f6263096ae49-refs/branch-heads/5735@{#1052}) on port 26547
Only local connections are allowed.
Please see https://chromedriver.chromium.org/security-considerations for suggestions on keeping ChromeDriver safe.
ChromeDriver was started successfully.
Jun 06, 2023 7:05:44 PM org.openqa.selenium.devtools.CdpVersionFinder findNearestMatch
WARNING: Unable to find an exact match for CDP version 114, so returning the closest version found: 111
]]></system-err>
  </testcase>
  <testcase name="searchDashboardNameDP[PASSING RATE SUMMARY](16)" classname="alltests.uitest.coreTest.DashboardPageTest" time="4.847">
    <failure message="no such element: Unable to locate element: {&quot;method&quot;:&quot;xpath&quot;,&quot;selector&quot;:&quot;//*[text()=&apos;PASSING RATE SUMMARY&apos;]&quot;}&#10;  (Session info: chrome=114.0.5735.110)&#10;For documentation on this error, please visit: https://selenium.dev/exceptions/#no_such_element&#10;Build info: version: &apos;4.8.3&apos;, revision: &apos;e5e76298c3&apos;&#10;System info: os.name: &apos;Windows 10&apos;, os.arch: &apos;amd64&apos;, os.version: &apos;10.0&apos;, java.version: &apos;17.0.3.1&apos;&#10;Driver info: org.openqa.selenium.chrome.ChromeDriver&#10;Command: [d049ccc7a73753059690012fbe449ed8, findElement {using=xpath, value=//*[text()=&apos;PASSING RATE SUMMARY&apos;]}]&#10;Capabilities {acceptInsecureCerts: false, browserName: chrome, browserVersion: 114.0.5735.110, chrome: {chromedriverVersion: 114.0.5735.90 (386bc09e8f4f..., userDataDir: C:\Users\SUWARN~1\AppData\L...}, goog:chromeOptions: {debuggerAddress: localhost:57820}, networkConnectionEnabled: false, pageLoadStrategy: normal, platformName: WINDOWS, proxy: Proxy(), se:cdp: ws://localhost:57820/devtoo..., se:cdpVersion: 114.0.5735.110, setWindowRect: true, strictFileInteractability: false, timeouts: {implicit: 0, pageLoad: 300000, script: 30000}, unhandledPromptBehavior: dismiss and notify, webauthn:extension:credBlob: true, webauthn:extension:largeBlob: true, webauthn:extension:minPinLength: true, webauthn:extension:prf: true, webauthn:virtualAuthenticators: true}&#10;Session ID: d049ccc7a73753059690012fbe449ed8" type="org.openqa.selenium.NoSuchElementException"><![CDATA[org.openqa.selenium.NoSuchElementException: 
no such element: Unable to locate element: {"method":"xpath","selector":"//*[text()='PASSING RATE SUMMARY']"}
  (Session info: chrome=114.0.5735.110)
For documentation on this error, please visit: https://selenium.dev/exceptions/#no_such_element
Build info: version: '4.8.3', revision: 'e5e76298c3'
System info: os.name: 'Windows 10', os.arch: 'amd64', os.version: '10.0', java.version: '17.0.3.1'
Driver info: org.openqa.selenium.chrome.ChromeDriver
Command: [d049ccc7a73753059690012fbe449ed8, findElement {using=xpath, value=//*[text()='PASSING RATE SUMMARY']}]
Capabilities {acceptInsecureCerts: false, browserName: chrome, browserVersion: 114.0.5735.110, chrome: {chromedriverVersion: 114.0.5735.90 (386bc09e8f4f..., userDataDir: C:\Users\SUWARN~1\AppData\L...}, goog:chromeOptions: {debuggerAddress: localhost:57820}, networkConnectionEnabled: false, pageLoadStrategy: normal, platformName: WINDOWS, proxy: Proxy(), se:cdp: ws://localhost:57820/devtoo..., se:cdpVersion: 114.0.5735.110, setWindowRect: true, strictFileInteractability: false, timeouts: {implicit: 0, pageLoad: 300000, script: 30000}, unhandledPromptBehavior: dismiss and notify, webauthn:extension:credBlob: true, webauthn:extension:largeBlob: true, webauthn:extension:minPinLength: true, webauthn:extension:prf: true, webauthn:virtualAuthenticators: true}
Session ID: d049ccc7a73753059690012fbe449ed8
	at java.base/jdk.internal.reflect.NativeConstructorAccessorImpl.newInstance0(Native Method)
	at java.base/jdk.internal.reflect.NativeConstructorAccessorImpl.newInstance(NativeConstructorAccessorImpl.java:77)
	at java.base/jdk.internal.reflect.DelegatingConstructorAccessorImpl.newInstance(DelegatingConstructorAccessorImpl.java:45)
	at java.base/java.lang.reflect.Constructor.newInstanceWithCaller(Constructor.java:499)
	at java.base/java.lang.reflect.Constructor.newInstance(Constructor.java:480)
	at org.openqa.selenium.remote.codec.w3c.W3CHttpResponseCodec.createException(W3CHttpResponseCodec.java:200)
	at org.openqa.selenium.remote.codec.w3c.W3CHttpResponseCodec.decode(W3CHttpResponseCodec.java:133)
	at org.openqa.selenium.remote.codec.w3c.W3CHttpResponseCodec.decode(W3CHttpResponseCodec.java:53)
	at org.openqa.selenium.remote.HttpCommandExecutor.execute(HttpCommandExecutor.java:193)
	at org.openqa.selenium.remote.service.DriverCommandExecutor.invokeExecute(DriverCommandExecutor.java:183)
	at org.openqa.selenium.remote.service.DriverCommandExecutor.execute(DriverCommandExecutor.java:158)
	at org.openqa.selenium.remote.RemoteWebDriver.execute(RemoteWebDriver.java:543)
	at org.openqa.selenium.remote.ElementLocation$ElementFinder$2.findElement(ElementLocation.java:162)
	at org.openqa.selenium.remote.ElementLocation.findElement(ElementLocation.java:60)
	at org.openqa.selenium.remote.RemoteWebDriver.findElement(RemoteWebDriver.java:352)
	at org.openqa.selenium.remote.RemoteWebDriver.findElement(RemoteWebDriver.java:344)
	at pageobject.DemoDashboard.verifyNamesOfWidgetPresetOnDemoDashboard(DemoDashboard.java:31)
	at alltests.uitest.coreTest.DashboardPageTest.searchDashboardNameDP(DashboardPageTest.java:40)
	at java.base/jdk.internal.reflect.NativeMethodAccessorImpl.invoke0(Native Method)
	at java.base/jdk.internal.reflect.NativeMethodAccessorImpl.invoke(NativeMethodAccessorImpl.java:77)
	at java.base/jdk.internal.reflect.DelegatingMethodAccessorImpl.invoke(DelegatingMethodAccessorImpl.java:43)
	at java.base/java.lang.reflect.Method.invoke(Method.java:568)
	at org.testng.internal.invokers.MethodInvocationHelper.invokeMethod(MethodInvocationHelper.java:139)
	at org.testng.internal.invokers.TestInvoker.invokeMethod(TestInvoker.java:677)
	at org.testng.internal.invokers.TestInvoker.retryFailed(TestInvoker.java:263)
	at org.testng.internal.invokers.MethodRunner.runInSequence(MethodRunner.java:62)
	at org.testng.internal.invokers.TestInvoker$MethodInvocationAgent.invoke(TestInvoker.java:969)
	at org.testng.internal.invokers.TestInvoker.invokeTestMethods(TestInvoker.java:194)
	at org.testng.internal.invokers.TestMethodWorker.invokeTestMethods(TestMethodWorker.java:148)
	at org.testng.internal.invokers.TestMethodWorker.run(TestMethodWorker.java:128)
	at java.base/java.util.ArrayList.forEach(ArrayList.java:1511)
	at org.testng.TestRunner.privateRun(TestRunner.java:829)
	at org.testng.TestRunner.run(TestRunner.java:602)
	at org.testng.SuiteRunner.runTest(SuiteRunner.java:437)
	at org.testng.SuiteRunner.runSequentially(SuiteRunner.java:431)
	at org.testng.SuiteRunner.privateRun(SuiteRunner.java:391)
	at org.testng.SuiteRunner.run(SuiteRunner.java:330)
	at org.testng.SuiteRunnerWorker.runSuite(SuiteRunnerWorker.java:52)
	at org.testng.SuiteRunnerWorker.run(SuiteRunnerWorker.java:95)
	at org.testng.TestNG.runSuitesSequentially(TestNG.java:1256)
	at org.testng.TestNG.runSuitesLocally(TestNG.java:1176)
	at org.testng.TestNG.runSuites(TestNG.java:1099)
	at org.testng.TestNG.run(TestNG.java:1067)
	at org.apache.maven.surefire.testng.TestNGExecutor.run(TestNGExecutor.java:308)
	at org.apache.maven.surefire.testng.TestNGXmlTestSuite.execute(TestNGXmlTestSuite.java:71)
	at org.apache.maven.surefire.testng.TestNGProvider.invoke(TestNGProvider.java:113)
	at org.apache.maven.surefire.booter.ForkedBooter.runSuitesInProcess(ForkedBooter.java:385)
	at org.apache.maven.surefire.booter.ForkedBooter.execute(ForkedBooter.java:162)
	at org.apache.maven.surefire.booter.ForkedBooter.run(ForkedBooter.java:507)
	at org.apache.maven.surefire.booter.ForkedBooter.main(ForkedBooter.java:495)
]]></failure>
    <system-out><![CDATA[19:05:50.757 [rp-io-89] DEBUG com.epam.reportportal.service.Launch - Starting test item...rp-io-89
19:05:50.761 [AsyncHttpClient-1-14] DEBUG org.asynchttpclient.netty.handler.WebSocketHandler - Channel Closed: [id: 0x52c5c09e, L:/127.0.0.1:57797 ! R:localhost/127.0.0.1:57789] with attribute NettyResponseFuture{currentRetry=0,
	isDone=1,
	isCancelled=0,
	asyncHandler=org.asynchttpclient.ws.WebSocketUpgradeHandler@6bab2c40,
	nettyRequest=org.asynchttpclient.netty.request.NettyRequest@5887135b,
	future=java.util.concurrent.CompletableFuture@4f0f6cf8[Completed normally],
	uri=ws://localhost:57789/devtools/browser/ea962dfd-63f2-4365-8b10-66a46f403b95,
	keepAlive=true,
	redirectCount=0,
	timeoutsHolder=null,
	inAuth=0,
	touch=1686071144344}
19:05:50.761 [AsyncHttpClient-1-14] DEBUG org.asynchttpclient.netty.channel.ChannelManager - Closing Channel [id: 0x52c5c09e, L:/127.0.0.1:57797 ! R:localhost/127.0.0.1:57789] 
19:05:50.762 [Driver Command Executor] DEBUG org.asynchttpclient.netty.request.NettyRequestSender - Using pooled Channel '[id: 0x53cd4e28, L:/127.0.0.1:57788 - R:localhost/127.0.0.1:26547]' for 'DELETE' to 'http://localhost:26547/session/8a7783a9b4ca8d0e2f53f3c4b40d48e5'
19:05:50.762 [Driver Command Executor] DEBUG org.asynchttpclient.netty.request.NettyRequestSender - Using open Channel [id: 0x53cd4e28, L:/127.0.0.1:57788 - R:localhost/127.0.0.1:26547] for DELETE '/session/8a7783a9b4ca8d0e2f53f3c4b40d48e5'
19:05:50.783 [rp-io-88] DEBUG com.epam.reportportal.service.Launch - TestItem with ID = 'd3a6b857-db06-4e5f-9f1e-e0ddffe6a658' successfully finished.
19:05:50.783 [rp-io-93] DEBUG com.epam.reportportal.service.Launch - ReportPortal item with ID '2ad78a89-7d85-4ae5-b7a2-69a0b38204c3' has been created
19:05:50.783 [rp-io-83] DEBUG com.epam.reportportal.service.Launch - TestItem with ID = 'ea3eafd8-2682-4b19-bbd5-ecf8b7fcb44b' successfully finished.
19:05:50.783 [rp-io-88] DEBUG com.epam.reportportal.utils.SubscriptionUtils - Finish test item completed
19:05:50.783 [rp-io-93] DEBUG com.epam.reportportal.utils.SubscriptionUtils - Start test item successfully completed
19:05:50.783 [rp-io-83] DEBUG com.epam.reportportal.utils.SubscriptionUtils - Finish test item completed
19:05:50.810 [AsyncHttpClient-1-13] DEBUG org.asynchttpclient.netty.handler.HttpHandler - Unexpected I/O exception on channel [id: 0x10710af7, L:/127.0.0.1:57796 - R:localhost/127.0.0.1:57789]
java.net.SocketException: Connection reset
	at java.base/sun.nio.ch.SocketChannelImpl.throwConnectionReset(SocketChannelImpl.java:394)
	at java.base/sun.nio.ch.SocketChannelImpl.read(SocketChannelImpl.java:426)
	at io.netty.buffer.PooledByteBuf.setBytes(PooledByteBuf.java:256)
	at io.netty.buffer.AbstractByteBuf.writeBytes(AbstractByteBuf.java:1132)
	at io.netty.channel.socket.nio.NioSocketChannel.doReadBytes(NioSocketChannel.java:357)
	at io.netty.channel.nio.AbstractNioByteChannel$NioByteUnsafe.read(AbstractNioByteChannel.java:151)
	at io.netty.channel.nio.NioEventLoop.processSelectedKey(NioEventLoop.java:788)
	at io.netty.channel.nio.NioEventLoop.processSelectedKeysOptimized(NioEventLoop.java:724)
	at io.netty.channel.nio.NioEventLoop.processSelectedKeys(NioEventLoop.java:650)
	at io.netty.channel.nio.NioEventLoop.run(NioEventLoop.java:562)
	at io.netty.util.concurrent.SingleThreadEventExecutor$4.run(SingleThreadEventExecutor.java:997)
	at io.netty.util.internal.ThreadExecutorMap$2.run(ThreadExecutorMap.java:74)
	at io.netty.util.concurrent.FastThreadLocalRunnable.run(FastThreadLocalRunnable.java:30)
	at java.base/java.lang.Thread.run(Thread.java:833)
19:05:50.810 [AsyncHttpClient-1-13] DEBUG org.asynchttpclient.netty.channel.ChannelManager - Closing Channel [id: 0x10710af7, L:/127.0.0.1:57796 - R:localhost/127.0.0.1:57789] 
19:05:50.811 [AsyncHttpClient-1-13] DEBUG org.asynchttpclient.netty.handler.HttpHandler - Channel Closed: [id: 0x10710af7, L:/127.0.0.1:57796 ! R:localhost/127.0.0.1:57789] with attribute DISCARD
19:05:50.826 [AsyncHttpClient-1-12] DEBUG org.asynchttpclient.netty.handler.HttpHandler - 

Request DefaultFullHttpRequest(decodeResult: success, version: HTTP/1.1, content: EmptyByteBufBE)
DELETE /session/8a7783a9b4ca8d0e2f53f3c4b40d48e5 HTTP/1.1
User-Agent: selenium/4.8.3 (java windows)
Content-Type: application/json; charset=utf-8
host: localhost:26547
accept: */*

Response DefaultHttpResponse(decodeResult: success, version: HTTP/1.1)
HTTP/1.1 200 OK
Content-Length: 14
Content-Type: application/json; charset=utf-8
cache-control: no-cache

19:05:50.826 [AsyncHttpClient-1-12] DEBUG org.asynchttpclient.netty.channel.ChannelManager - Adding key: http://localhost:26547 for channel [id: 0x53cd4e28, L:/127.0.0.1:57788 - R:localhost/127.0.0.1:26547]
19:05:50.867 [AsyncHttpClient-1-12] DEBUG org.asynchttpclient.netty.handler.HttpHandler - Channel Closed: [id: 0x53cd4e28, L:/127.0.0.1:57788 ! R:localhost/127.0.0.1:26547] with attribute DISCARD
2023-06-06 19:05:50 INFO  BaseTest:83 - Test executed**********
19:05:50.896 [rp-io-91] DEBUG com.epam.reportportal.service.Launch - Starting test item...rp-io-91
2023-06-06 19:05:50 INFO  BaseTest:110 - Property files loaded successfully**********
19:05:50.906 [main] DEBUG io.github.bonigarcia.wdm.cache.ResolutionCache - Resolution chrome=114 in cache (valid until 19:20:28 06/06/2023 CEST)
19:05:50.906 [main] DEBUG io.github.bonigarcia.wdm.cache.ResolutionCache - Resolution chrome114=114.0.5735.90 in cache (valid until 16:16:26 07/06/2023 CEST)
19:05:50.906 [main] INFO io.github.bonigarcia.wdm.WebDriverManager - Using chromedriver 114.0.5735.90 (resolved driver for Chrome 114)
19:05:50.907 [rp-io-98] DEBUG com.epam.reportportal.service.Launch - TestItem with ID = '2ad78a89-7d85-4ae5-b7a2-69a0b38204c3' successfully finished.
19:05:50.907 [rp-io-98] DEBUG com.epam.reportportal.utils.SubscriptionUtils - Finish test item completed
19:05:50.912 [rp-io-91] DEBUG com.epam.reportportal.service.Launch - ReportPortal item with ID '8aad68ef-ef3d-48a7-a30f-91a5817fa12b' has been created
19:05:50.912 [rp-io-91] DEBUG com.epam.reportportal.utils.SubscriptionUtils - Start test item successfully completed
19:05:50.913 [main] DEBUG io.github.bonigarcia.wdm.WebDriverManager - Driver chromedriver 114.0.5735.90 found in cache
19:05:50.913 [main] INFO io.github.bonigarcia.wdm.WebDriverManager - Exporting webdriver.chrome.driver as C:\Users\Suwarna_Wagh\.cache\selenium\chromedriver\win32\114.0.5735.90\chromedriver.exe
19:05:51.067 [AsyncHttpClient-1-15] DEBUG org.asynchttpclient.netty.channel.NettyConnectListener - Using new Channel '[id: 0x9477ba11, L:/127.0.0.1:57818 - R:localhost/127.0.0.1:17607]' for 'POST' to '/session'
19:05:51.542 [AsyncHttpClient-1-1] DEBUG org.asynchttpclient.netty.channel.DefaultChannelPool - Entry count for : http://localhost:57789 : 1
19:05:51.542 [AsyncHttpClient-1-1] DEBUG org.asynchttpclient.netty.channel.DefaultChannelPool - Entry count for : http://localhost:26547 : 1
19:05:51.542 [AsyncHttpClient-1-1] DEBUG org.asynchttpclient.netty.channel.DefaultChannelPool - Adding Candidate expired Channel [id: 0x10710af7, L:/127.0.0.1:57796 ! R:localhost/127.0.0.1:57789] isIdleTimeoutExpired=false isRemotelyClosed=true isTtlExpired=false
19:05:51.542 [AsyncHttpClient-1-1] DEBUG org.asynchttpclient.netty.channel.DefaultChannelPool - Closing Idle Channel [id: 0x10710af7, L:/127.0.0.1:57796 ! R:localhost/127.0.0.1:57789]
19:05:51.542 [AsyncHttpClient-1-1] DEBUG org.asynchttpclient.netty.channel.DefaultChannelPool - Adding Candidate expired Channel [id: 0x53cd4e28, L:/127.0.0.1:57788 ! R:localhost/127.0.0.1:26547] isIdleTimeoutExpired=false isRemotelyClosed=true isTtlExpired=false
19:05:51.542 [AsyncHttpClient-1-1] DEBUG org.asynchttpclient.netty.channel.DefaultChannelPool - Closing Idle Channel [id: 0x53cd4e28, L:/127.0.0.1:57788 ! R:localhost/127.0.0.1:26547]
19:05:51.542 [AsyncHttpClient-1-1] DEBUG org.asynchttpclient.netty.channel.DefaultChannelPool - Closed 2 connections out of 2 in 0 ms
19:05:51.771 [AsyncHttpClient-1-15] DEBUG org.asynchttpclient.netty.handler.HttpHandler - 

Request DefaultHttpRequest(decodeResult: success, version: HTTP/1.1)
POST /session HTTP/1.1
User-Agent: selenium/4.8.3 (java windows)
Content-Length: 439
Content-Type: application/json; charset=utf-8
host: localhost:17607
accept: */*

Response DefaultHttpResponse(decodeResult: success, version: HTTP/1.1)
HTTP/1.1 200 OK
Content-Length: 863
Content-Type: application/json; charset=utf-8
cache-control: no-cache

19:05:51.771 [AsyncHttpClient-1-15] DEBUG org.asynchttpclient.netty.channel.ChannelManager - Adding key: http://localhost:17607 for channel [id: 0x9477ba11, L:/127.0.0.1:57818 - R:localhost/127.0.0.1:17607]
19:05:51.776 [AsyncHttpClient-1-16] DEBUG org.asynchttpclient.netty.channel.NettyConnectListener - Using new Channel '[id: 0x8c2e4821, L:/127.0.0.1:57826 - R:localhost/127.0.0.1:57820]' for 'GET' to '/json/version'
19:05:51.776 [AsyncHttpClient-1-16] DEBUG org.asynchttpclient.netty.handler.HttpHandler - 

Request DefaultFullHttpRequest(decodeResult: success, version: HTTP/1.1, content: EmptyByteBufBE)
GET /json/version HTTP/1.1
User-Agent: selenium/4.8.3 (java windows)
host: localhost:57820
accept: */*

Response DefaultHttpResponse(decodeResult: success, version: HTTP/1.1)
HTTP/1.1 200 OK
Content-Security-Policy: frame-ancestors 'none'
Content-Length: 424
Content-Type: application/json; charset=UTF-8

19:05:51.777 [AsyncHttpClient-1-16] DEBUG org.asynchttpclient.netty.channel.ChannelManager - Adding key: http://localhost:57820 for channel [id: 0x8c2e4821, L:/127.0.0.1:57826 - R:localhost/127.0.0.1:57820]
19:05:51.778 [AsyncHttpClient-1-17] DEBUG org.asynchttpclient.netty.channel.NettyConnectListener - Using new Channel '[id: 0x9659043b, L:/127.0.0.1:57827 - R:localhost/127.0.0.1:57820]' for 'GET' to '/devtools/browser/be36b55b-709b-40d4-ab38-6463fda03870'
19:05:51.779 [AsyncHttpClient-1-17] DEBUG org.asynchttpclient.netty.handler.WebSocketHandler - 

Request DefaultFullHttpRequest(decodeResult: success, version: HTTP/1.1, content: EmptyByteBufBE)
GET /devtools/browser/be36b55b-709b-40d4-ab38-6463fda03870 HTTP/1.1
upgrade: websocket
connection: upgrade
sec-websocket-key: LCuGZmFXpLpJUuJxrp4Y+Q==
sec-websocket-version: 13
origin: http://localhost:57820
host: localhost:57820
accept: */*
user-agent: AHC/2.1

Response DefaultHttpResponse(decodeResult: success, version: HTTP/1.1)
HTTP/1.1 101 WebSocket Protocol Handshake
Upgrade: WebSocket
Connection: Upgrade
Sec-WebSocket-Accept: N1Qdp6XwYUGMSoU4KFXWMl2O3EQ=

19:05:51.783 [Forwarding setTimeout on session d049ccc7a73753059690012fbe449ed8 to remote] DEBUG org.asynchttpclient.netty.request.NettyRequestSender - Using pooled Channel '[id: 0x9477ba11, L:/127.0.0.1:57818 - R:localhost/127.0.0.1:17607]' for 'POST' to 'http://localhost:17607/session/d049ccc7a73753059690012fbe449ed8/timeouts'
19:05:51.783 [Forwarding setTimeout on session d049ccc7a73753059690012fbe449ed8 to remote] DEBUG org.asynchttpclient.netty.request.NettyRequestSender - Using open Channel [id: 0x9477ba11, L:/127.0.0.1:57818 - R:localhost/127.0.0.1:17607] for POST '/session/d049ccc7a73753059690012fbe449ed8/timeouts'
19:05:51.784 [AsyncHttpClient-1-15] DEBUG org.asynchttpclient.netty.handler.HttpHandler - 

Request DefaultHttpRequest(decodeResult: success, version: HTTP/1.1)
POST /session/d049ccc7a73753059690012fbe449ed8/timeouts HTTP/1.1
User-Agent: selenium/4.8.3 (java windows)
Content-Length: 22
Content-Type: application/json; charset=utf-8
host: localhost:17607
accept: */*

Response DefaultHttpResponse(decodeResult: success, version: HTTP/1.1)
HTTP/1.1 200 OK
Content-Length: 14
Content-Type: application/json; charset=utf-8
cache-control: no-cache

19:05:51.784 [AsyncHttpClient-1-15] DEBUG org.asynchttpclient.netty.channel.ChannelManager - Adding key: http://localhost:17607 for channel [id: 0x9477ba11, L:/127.0.0.1:57818 - R:localhost/127.0.0.1:17607]
19:05:51.785 [Forwarding maximizeCurrentWindow on session d049ccc7a73753059690012fbe449ed8 to remote] DEBUG org.asynchttpclient.netty.request.NettyRequestSender - Using pooled Channel '[id: 0x9477ba11, L:/127.0.0.1:57818 - R:localhost/127.0.0.1:17607]' for 'POST' to 'http://localhost:17607/session/d049ccc7a73753059690012fbe449ed8/window/maximize'
19:05:51.785 [Forwarding maximizeCurrentWindow on session d049ccc7a73753059690012fbe449ed8 to remote] DEBUG org.asynchttpclient.netty.request.NettyRequestSender - Using open Channel [id: 0x9477ba11, L:/127.0.0.1:57818 - R:localhost/127.0.0.1:17607] for POST '/session/d049ccc7a73753059690012fbe449ed8/window/maximize'
19:05:51.915 [AsyncHttpClient-1-15] DEBUG org.asynchttpclient.netty.handler.HttpHandler - 

Request DefaultHttpRequest(decodeResult: success, version: HTTP/1.1)
POST /session/d049ccc7a73753059690012fbe449ed8/window/maximize HTTP/1.1
User-Agent: selenium/4.8.3 (java windows)
Content-Length: 3
Content-Type: application/json; charset=utf-8
host: localhost:17607
accept: */*

Response DefaultHttpResponse(decodeResult: success, version: HTTP/1.1)
HTTP/1.1 200 OK
Content-Length: 51
Content-Type: application/json; charset=utf-8
cache-control: no-cache

19:05:51.915 [AsyncHttpClient-1-15] DEBUG org.asynchttpclient.netty.channel.ChannelManager - Adding key: http://localhost:17607 for channel [id: 0x9477ba11, L:/127.0.0.1:57818 - R:localhost/127.0.0.1:17607]
19:05:51.915 [Forwarding get on session d049ccc7a73753059690012fbe449ed8 to remote] DEBUG org.asynchttpclient.netty.request.NettyRequestSender - Using pooled Channel '[id: 0x9477ba11, L:/127.0.0.1:57818 - R:localhost/127.0.0.1:17607]' for 'POST' to 'http://localhost:17607/session/d049ccc7a73753059690012fbe449ed8/url'
19:05:51.915 [Forwarding get on session d049ccc7a73753059690012fbe449ed8 to remote] DEBUG org.asynchttpclient.netty.request.NettyRequestSender - Using open Channel [id: 0x9477ba11, L:/127.0.0.1:57818 - R:localhost/127.0.0.1:17607] for POST '/session/d049ccc7a73753059690012fbe449ed8/url'
19:05:52.642 [AsyncHttpClient-1-1] DEBUG org.asynchttpclient.netty.channel.DefaultChannelPool - Entry count for : http://localhost:57820 : 1
19:05:53.170 [AsyncHttpClient-1-15] DEBUG org.asynchttpclient.netty.handler.HttpHandler - 

Request DefaultHttpRequest(decodeResult: success, version: HTTP/1.1)
POST /session/d049ccc7a73753059690012fbe449ed8/url HTTP/1.1
User-Agent: selenium/4.8.3 (java windows)
Content-Length: 52
Content-Type: application/json; charset=utf-8
host: localhost:17607
accept: */*

Response DefaultHttpResponse(decodeResult: success, version: HTTP/1.1)
HTTP/1.1 200 OK
Content-Length: 14
Content-Type: application/json; charset=utf-8
cache-control: no-cache

19:05:53.171 [AsyncHttpClient-1-15] DEBUG org.asynchttpclient.netty.channel.ChannelManager - Adding key: http://localhost:17607 for channel [id: 0x9477ba11, L:/127.0.0.1:57818 - R:localhost/127.0.0.1:17607]
2023-06-06 19:05:53 INFO  BaseTest:104 - Test driver set up done successfully**********
2023-06-06 19:05:53 INFO  BaseTest:122 - Logging in to portal
19:05:53.173 [Forwarding findElement on session d049ccc7a73753059690012fbe449ed8 to remote] DEBUG org.asynchttpclient.netty.request.NettyRequestSender - Using pooled Channel '[id: 0x9477ba11, L:/127.0.0.1:57818 - R:localhost/127.0.0.1:17607]' for 'POST' to 'http://localhost:17607/session/d049ccc7a73753059690012fbe449ed8/element'
19:05:53.173 [Forwarding findElement on session d049ccc7a73753059690012fbe449ed8 to remote] DEBUG org.asynchttpclient.netty.request.NettyRequestSender - Using open Channel [id: 0x9477ba11, L:/127.0.0.1:57818 - R:localhost/127.0.0.1:17607] for POST '/session/d049ccc7a73753059690012fbe449ed8/element'
19:05:53.175 [AsyncHttpClient-1-15] DEBUG org.asynchttpclient.netty.handler.HttpHandler - 

Request DefaultHttpRequest(decodeResult: success, version: HTTP/1.1)
POST /session/d049ccc7a73753059690012fbe449ed8/element HTTP/1.1
User-Agent: selenium/4.8.3 (java windows)
Content-Length: 59
Content-Type: application/json; charset=utf-8
host: localhost:17607
accept: */*

Response DefaultHttpResponse(decodeResult: success, version: HTTP/1.1)
HTTP/1.1 200 OK
Content-Length: 95
Content-Type: application/json; charset=utf-8
cache-control: no-cache

19:05:53.175 [AsyncHttpClient-1-15] DEBUG org.asynchttpclient.netty.channel.ChannelManager - Adding key: http://localhost:17607 for channel [id: 0x9477ba11, L:/127.0.0.1:57818 - R:localhost/127.0.0.1:17607]
19:05:53.175 [Forwarding clearElement on session d049ccc7a73753059690012fbe449ed8 to remote] DEBUG org.asynchttpclient.netty.request.NettyRequestSender - Using pooled Channel '[id: 0x9477ba11, L:/127.0.0.1:57818 - R:localhost/127.0.0.1:17607]' for 'POST' to 'http://localhost:17607/session/d049ccc7a73753059690012fbe449ed8/element/504BF5EBB6A2EA1A20172D06925FBE23_element_27/clear'
19:05:53.175 [Forwarding clearElement on session d049ccc7a73753059690012fbe449ed8 to remote] DEBUG org.asynchttpclient.netty.request.NettyRequestSender - Using open Channel [id: 0x9477ba11, L:/127.0.0.1:57818 - R:localhost/127.0.0.1:17607] for POST '/session/d049ccc7a73753059690012fbe449ed8/element/504BF5EBB6A2EA1A20172D06925FBE23_element_27/clear'
19:05:53.218 [AsyncHttpClient-1-15] DEBUG org.asynchttpclient.netty.handler.HttpHandler - 

Request DefaultHttpRequest(decodeResult: success, version: HTTP/1.1)
POST /session/d049ccc7a73753059690012fbe449ed8/element/504BF5EBB6A2EA1A20172D06925FBE23_element_27/clear HTTP/1.1
User-Agent: selenium/4.8.3 (java windows)
Content-Length: 57
Content-Type: application/json; charset=utf-8
host: localhost:17607
accept: */*

Response DefaultHttpResponse(decodeResult: success, version: HTTP/1.1)
HTTP/1.1 200 OK
Content-Length: 14
Content-Type: application/json; charset=utf-8
cache-control: no-cache

19:05:53.218 [AsyncHttpClient-1-15] DEBUG org.asynchttpclient.netty.channel.ChannelManager - Adding key: http://localhost:17607 for channel [id: 0x9477ba11, L:/127.0.0.1:57818 - R:localhost/127.0.0.1:17607]
19:05:53.234 [Forwarding findElement on session d049ccc7a73753059690012fbe449ed8 to remote] DEBUG org.asynchttpclient.netty.request.NettyRequestSender - Using pooled Channel '[id: 0x9477ba11, L:/127.0.0.1:57818 - R:localhost/127.0.0.1:17607]' for 'POST' to 'http://localhost:17607/session/d049ccc7a73753059690012fbe449ed8/element'
19:05:53.234 [Forwarding findElement on session d049ccc7a73753059690012fbe449ed8 to remote] DEBUG org.asynchttpclient.netty.request.NettyRequestSender - Using open Channel [id: 0x9477ba11, L:/127.0.0.1:57818 - R:localhost/127.0.0.1:17607] for POST '/session/d049ccc7a73753059690012fbe449ed8/element'
19:05:53.244 [AsyncHttpClient-1-15] DEBUG org.asynchttpclient.netty.handler.HttpHandler - 

Request DefaultHttpRequest(decodeResult: success, version: HTTP/1.1)
POST /session/d049ccc7a73753059690012fbe449ed8/element HTTP/1.1
User-Agent: selenium/4.8.3 (java windows)
Content-Length: 59
Content-Type: application/json; charset=utf-8
host: localhost:17607
accept: */*

Response DefaultHttpResponse(decodeResult: success, version: HTTP/1.1)
HTTP/1.1 200 OK
Content-Length: 95
Content-Type: application/json; charset=utf-8
cache-control: no-cache

19:05:53.244 [AsyncHttpClient-1-15] DEBUG org.asynchttpclient.netty.channel.ChannelManager - Adding key: http://localhost:17607 for channel [id: 0x9477ba11, L:/127.0.0.1:57818 - R:localhost/127.0.0.1:17607]
19:05:53.244 [Forwarding sendKeysToElement on session d049ccc7a73753059690012fbe449ed8 to remote] DEBUG org.asynchttpclient.netty.request.NettyRequestSender - Using pooled Channel '[id: 0x9477ba11, L:/127.0.0.1:57818 - R:localhost/127.0.0.1:17607]' for 'POST' to 'http://localhost:17607/session/d049ccc7a73753059690012fbe449ed8/element/504BF5EBB6A2EA1A20172D06925FBE23_element_27/value'
19:05:53.244 [Forwarding sendKeysToElement on session d049ccc7a73753059690012fbe449ed8 to remote] DEBUG org.asynchttpclient.netty.request.NettyRequestSender - Using open Channel [id: 0x9477ba11, L:/127.0.0.1:57818 - R:localhost/127.0.0.1:17607] for POST '/session/d049ccc7a73753059690012fbe449ed8/element/504BF5EBB6A2EA1A20172D06925FBE23_element_27/value'
19:05:53.328 [AsyncHttpClient-1-15] DEBUG org.asynchttpclient.netty.handler.HttpHandler - 

Request DefaultHttpRequest(decodeResult: success, version: HTTP/1.1)
POST /session/d049ccc7a73753059690012fbe449ed8/element/504BF5EBB6A2EA1A20172D06925FBE23_element_27/value HTTP/1.1
User-Agent: selenium/4.8.3 (java windows)
Content-Length: 188
Content-Type: application/json; charset=utf-8
host: localhost:17607
accept: */*

Response DefaultHttpResponse(decodeResult: success, version: HTTP/1.1)
HTTP/1.1 200 OK
Content-Length: 14
Content-Type: application/json; charset=utf-8
cache-control: no-cache

19:05:53.328 [AsyncHttpClient-1-15] DEBUG org.asynchttpclient.netty.channel.ChannelManager - Adding key: http://localhost:17607 for channel [id: 0x9477ba11, L:/127.0.0.1:57818 - R:localhost/127.0.0.1:17607]
19:05:53.328 [Forwarding findElement on session d049ccc7a73753059690012fbe449ed8 to remote] DEBUG org.asynchttpclient.netty.request.NettyRequestSender - Using pooled Channel '[id: 0x9477ba11, L:/127.0.0.1:57818 - R:localhost/127.0.0.1:17607]' for 'POST' to 'http://localhost:17607/session/d049ccc7a73753059690012fbe449ed8/element'
19:05:53.328 [Forwarding findElement on session d049ccc7a73753059690012fbe449ed8 to remote] DEBUG org.asynchttpclient.netty.request.NettyRequestSender - Using open Channel [id: 0x9477ba11, L:/127.0.0.1:57818 - R:localhost/127.0.0.1:17607] for POST '/session/d049ccc7a73753059690012fbe449ed8/element'
19:05:53.348 [AsyncHttpClient-1-15] DEBUG org.asynchttpclient.netty.handler.HttpHandler - 

Request DefaultHttpRequest(decodeResult: success, version: HTTP/1.1)
POST /session/d049ccc7a73753059690012fbe449ed8/element HTTP/1.1
User-Agent: selenium/4.8.3 (java windows)
Content-Length: 62
Content-Type: application/json; charset=utf-8
host: localhost:17607
accept: */*

Response DefaultHttpResponse(decodeResult: success, version: HTTP/1.1)
HTTP/1.1 200 OK
Content-Length: 95
Content-Type: application/json; charset=utf-8
cache-control: no-cache

19:05:53.349 [AsyncHttpClient-1-15] DEBUG org.asynchttpclient.netty.channel.ChannelManager - Adding key: http://localhost:17607 for channel [id: 0x9477ba11, L:/127.0.0.1:57818 - R:localhost/127.0.0.1:17607]
19:05:53.350 [Forwarding clearElement on session d049ccc7a73753059690012fbe449ed8 to remote] DEBUG org.asynchttpclient.netty.request.NettyRequestSender - Using pooled Channel '[id: 0x9477ba11, L:/127.0.0.1:57818 - R:localhost/127.0.0.1:17607]' for 'POST' to 'http://localhost:17607/session/d049ccc7a73753059690012fbe449ed8/element/504BF5EBB6A2EA1A20172D06925FBE23_element_29/clear'
19:05:53.350 [Forwarding clearElement on session d049ccc7a73753059690012fbe449ed8 to remote] DEBUG org.asynchttpclient.netty.request.NettyRequestSender - Using open Channel [id: 0x9477ba11, L:/127.0.0.1:57818 - R:localhost/127.0.0.1:17607] for POST '/session/d049ccc7a73753059690012fbe449ed8/element/504BF5EBB6A2EA1A20172D06925FBE23_element_29/clear'
19:05:53.386 [AsyncHttpClient-1-15] DEBUG org.asynchttpclient.netty.handler.HttpHandler - 

Request DefaultHttpRequest(decodeResult: success, version: HTTP/1.1)
POST /session/d049ccc7a73753059690012fbe449ed8/element/504BF5EBB6A2EA1A20172D06925FBE23_element_29/clear HTTP/1.1
User-Agent: selenium/4.8.3 (java windows)
Content-Length: 57
Content-Type: application/json; charset=utf-8
host: localhost:17607
accept: */*

Response DefaultHttpResponse(decodeResult: success, version: HTTP/1.1)
HTTP/1.1 200 OK
Content-Length: 14
Content-Type: application/json; charset=utf-8
cache-control: no-cache

19:05:53.386 [AsyncHttpClient-1-15] DEBUG org.asynchttpclient.netty.channel.ChannelManager - Adding key: http://localhost:17607 for channel [id: 0x9477ba11, L:/127.0.0.1:57818 - R:localhost/127.0.0.1:17607]
19:05:53.386 [Forwarding findElement on session d049ccc7a73753059690012fbe449ed8 to remote] DEBUG org.asynchttpclient.netty.request.NettyRequestSender - Using pooled Channel '[id: 0x9477ba11, L:/127.0.0.1:57818 - R:localhost/127.0.0.1:17607]' for 'POST' to 'http://localhost:17607/session/d049ccc7a73753059690012fbe449ed8/element'
19:05:53.386 [Forwarding findElement on session d049ccc7a73753059690012fbe449ed8 to remote] DEBUG org.asynchttpclient.netty.request.NettyRequestSender - Using open Channel [id: 0x9477ba11, L:/127.0.0.1:57818 - R:localhost/127.0.0.1:17607] for POST '/session/d049ccc7a73753059690012fbe449ed8/element'
19:05:53.392 [AsyncHttpClient-1-15] DEBUG org.asynchttpclient.netty.handler.HttpHandler - 

Request DefaultHttpRequest(decodeResult: success, version: HTTP/1.1)
POST /session/d049ccc7a73753059690012fbe449ed8/element HTTP/1.1
User-Agent: selenium/4.8.3 (java windows)
Content-Length: 62
Content-Type: application/json; charset=utf-8
host: localhost:17607
accept: */*

Response DefaultHttpResponse(decodeResult: success, version: HTTP/1.1)
HTTP/1.1 200 OK
Content-Length: 95
Content-Type: application/json; charset=utf-8
cache-control: no-cache

19:05:53.393 [AsyncHttpClient-1-15] DEBUG org.asynchttpclient.netty.channel.ChannelManager - Adding key: http://localhost:17607 for channel [id: 0x9477ba11, L:/127.0.0.1:57818 - R:localhost/127.0.0.1:17607]
19:05:53.393 [Forwarding sendKeysToElement on session d049ccc7a73753059690012fbe449ed8 to remote] DEBUG org.asynchttpclient.netty.request.NettyRequestSender - Using pooled Channel '[id: 0x9477ba11, L:/127.0.0.1:57818 - R:localhost/127.0.0.1:17607]' for 'POST' to 'http://localhost:17607/session/d049ccc7a73753059690012fbe449ed8/element/504BF5EBB6A2EA1A20172D06925FBE23_element_29/value'
19:05:53.393 [Forwarding sendKeysToElement on session d049ccc7a73753059690012fbe449ed8 to remote] DEBUG org.asynchttpclient.netty.request.NettyRequestSender - Using open Channel [id: 0x9477ba11, L:/127.0.0.1:57818 - R:localhost/127.0.0.1:17607] for POST '/session/d049ccc7a73753059690012fbe449ed8/element/504BF5EBB6A2EA1A20172D06925FBE23_element_29/value'
19:05:53.442 [AsyncHttpClient-1-15] DEBUG org.asynchttpclient.netty.handler.HttpHandler - 

Request DefaultHttpRequest(decodeResult: success, version: HTTP/1.1)
POST /session/d049ccc7a73753059690012fbe449ed8/element/504BF5EBB6A2EA1A20172D06925FBE23_element_29/value HTTP/1.1
User-Agent: selenium/4.8.3 (java windows)
Content-Length: 148
Content-Type: application/json; charset=utf-8
host: localhost:17607
accept: */*

Response DefaultHttpResponse(decodeResult: success, version: HTTP/1.1)
HTTP/1.1 200 OK
Content-Length: 14
Content-Type: application/json; charset=utf-8
cache-control: no-cache

19:05:53.442 [AsyncHttpClient-1-15] DEBUG org.asynchttpclient.netty.channel.ChannelManager - Adding key: http://localhost:17607 for channel [id: 0x9477ba11, L:/127.0.0.1:57818 - R:localhost/127.0.0.1:17607]
19:05:53.443 [Forwarding findElement on session d049ccc7a73753059690012fbe449ed8 to remote] DEBUG org.asynchttpclient.netty.request.NettyRequestSender - Using pooled Channel '[id: 0x9477ba11, L:/127.0.0.1:57818 - R:localhost/127.0.0.1:17607]' for 'POST' to 'http://localhost:17607/session/d049ccc7a73753059690012fbe449ed8/element'
19:05:53.443 [Forwarding findElement on session d049ccc7a73753059690012fbe449ed8 to remote] DEBUG org.asynchttpclient.netty.request.NettyRequestSender - Using open Channel [id: 0x9477ba11, L:/127.0.0.1:57818 - R:localhost/127.0.0.1:17607] for POST '/session/d049ccc7a73753059690012fbe449ed8/element'
19:05:53.445 [AsyncHttpClient-1-15] DEBUG org.asynchttpclient.netty.handler.HttpHandler - 

Request DefaultHttpRequest(decodeResult: success, version: HTTP/1.1)
POST /session/d049ccc7a73753059690012fbe449ed8/element HTTP/1.1
User-Agent: selenium/4.8.3 (java windows)
Content-Length: 71
Content-Type: application/json; charset=utf-8
host: localhost:17607
accept: */*

Response DefaultHttpResponse(decodeResult: success, version: HTTP/1.1)
HTTP/1.1 200 OK
Content-Length: 95
Content-Type: application/json; charset=utf-8
cache-control: no-cache

19:05:53.445 [AsyncHttpClient-1-15] DEBUG org.asynchttpclient.netty.channel.ChannelManager - Adding key: http://localhost:17607 for channel [id: 0x9477ba11, L:/127.0.0.1:57818 - R:localhost/127.0.0.1:17607]
19:05:53.457 [Forwarding clickElement on session d049ccc7a73753059690012fbe449ed8 to remote] DEBUG org.asynchttpclient.netty.request.NettyRequestSender - Using pooled Channel '[id: 0x9477ba11, L:/127.0.0.1:57818 - R:localhost/127.0.0.1:17607]' for 'POST' to 'http://localhost:17607/session/d049ccc7a73753059690012fbe449ed8/element/504BF5EBB6A2EA1A20172D06925FBE23_element_33/click'
19:05:53.457 [Forwarding clickElement on session d049ccc7a73753059690012fbe449ed8 to remote] DEBUG org.asynchttpclient.netty.request.NettyRequestSender - Using open Channel [id: 0x9477ba11, L:/127.0.0.1:57818 - R:localhost/127.0.0.1:17607] for POST '/session/d049ccc7a73753059690012fbe449ed8/element/504BF5EBB6A2EA1A20172D06925FBE23_element_33/click'
19:05:53.503 [AsyncHttpClient-1-15] DEBUG org.asynchttpclient.netty.handler.HttpHandler - 

Request DefaultHttpRequest(decodeResult: success, version: HTTP/1.1)
POST /session/d049ccc7a73753059690012fbe449ed8/element/504BF5EBB6A2EA1A20172D06925FBE23_element_33/click HTTP/1.1
User-Agent: selenium/4.8.3 (java windows)
Content-Length: 57
Content-Type: application/json; charset=utf-8
host: localhost:17607
accept: */*

Response DefaultHttpResponse(decodeResult: success, version: HTTP/1.1)
HTTP/1.1 200 OK
Content-Length: 14
Content-Type: application/json; charset=utf-8
cache-control: no-cache

19:05:53.503 [AsyncHttpClient-1-15] DEBUG org.asynchttpclient.netty.channel.ChannelManager - Adding key: http://localhost:17607 for channel [id: 0x9477ba11, L:/127.0.0.1:57818 - R:localhost/127.0.0.1:17607]
2023-06-06 19:05:53 INFO  BaseTest:126 - Logged in
19:05:53.503 [rp-io-0] DEBUG com.epam.reportportal.service.Launch - Starting test item...rp-io-0
2023-06-06 19:05:53 INFO  Listeners:34 - Started Test null
19:05:53.507 [Forwarding findElement on session d049ccc7a73753059690012fbe449ed8 to remote] DEBUG org.asynchttpclient.netty.request.NettyRequestSender - Using pooled Channel '[id: 0x9477ba11, L:/127.0.0.1:57818 - R:localhost/127.0.0.1:17607]' for 'POST' to 'http://localhost:17607/session/d049ccc7a73753059690012fbe449ed8/element'
19:05:53.507 [Forwarding findElement on session d049ccc7a73753059690012fbe449ed8 to remote] DEBUG org.asynchttpclient.netty.request.NettyRequestSender - Using open Channel [id: 0x9477ba11, L:/127.0.0.1:57818 - R:localhost/127.0.0.1:17607] for POST '/session/d049ccc7a73753059690012fbe449ed8/element'
19:05:53.518 [rp-io-95] DEBUG com.epam.reportportal.service.Launch - TestItem with ID = '8aad68ef-ef3d-48a7-a30f-91a5817fa12b' successfully finished.
19:05:53.518 [rp-io-95] DEBUG com.epam.reportportal.utils.SubscriptionUtils - Finish test item completed
19:05:53.523 [rp-io-0] DEBUG com.epam.reportportal.service.Launch - ReportPortal item with ID 'cda016b4-cc04-4178-92c5-8bb0eae2e0bd' has been created
19:05:53.523 [rp-io-0] DEBUG com.epam.reportportal.utils.SubscriptionUtils - Start test item successfully completed
19:05:53.737 [AsyncHttpClient-1-1] DEBUG org.asynchttpclient.netty.channel.DefaultChannelPool - Entry count for : http://localhost:57820 : 1
19:05:53.790 [AsyncHttpClient-1-15] DEBUG org.asynchttpclient.netty.handler.HttpHandler - 

Request DefaultHttpRequest(decodeResult: success, version: HTTP/1.1)
POST /session/d049ccc7a73753059690012fbe449ed8/element HTTP/1.1
User-Agent: selenium/4.8.3 (java windows)
Content-Length: 168
Content-Type: application/json; charset=utf-8
host: localhost:17607
accept: */*

Response DefaultHttpResponse(decodeResult: success, version: HTTP/1.1)
HTTP/1.1 200 OK
Content-Length: 95
Content-Type: application/json; charset=utf-8
cache-control: no-cache

19:05:53.790 [AsyncHttpClient-1-15] DEBUG org.asynchttpclient.netty.channel.ChannelManager - Adding key: http://localhost:17607 for channel [id: 0x9477ba11, L:/127.0.0.1:57818 - R:localhost/127.0.0.1:17607]
19:05:53.790 [Forwarding clickElement on session d049ccc7a73753059690012fbe449ed8 to remote] DEBUG org.asynchttpclient.netty.request.NettyRequestSender - Using pooled Channel '[id: 0x9477ba11, L:/127.0.0.1:57818 - R:localhost/127.0.0.1:17607]' for 'POST' to 'http://localhost:17607/session/d049ccc7a73753059690012fbe449ed8/element/504BF5EBB6A2EA1A20172D06925FBE23_element_43/click'
19:05:53.790 [Forwarding clickElement on session d049ccc7a73753059690012fbe449ed8 to remote] DEBUG org.asynchttpclient.netty.request.NettyRequestSender - Using open Channel [id: 0x9477ba11, L:/127.0.0.1:57818 - R:localhost/127.0.0.1:17607] for POST '/session/d049ccc7a73753059690012fbe449ed8/element/504BF5EBB6A2EA1A20172D06925FBE23_element_43/click'
19:05:53.924 [AsyncHttpClient-1-15] DEBUG org.asynchttpclient.netty.handler.HttpHandler - 

Request DefaultHttpRequest(decodeResult: success, version: HTTP/1.1)
POST /session/d049ccc7a73753059690012fbe449ed8/element/504BF5EBB6A2EA1A20172D06925FBE23_element_43/click HTTP/1.1
User-Agent: selenium/4.8.3 (java windows)
Content-Length: 57
Content-Type: application/json; charset=utf-8
host: localhost:17607
accept: */*

Response DefaultHttpResponse(decodeResult: success, version: HTTP/1.1)
HTTP/1.1 200 OK
Content-Length: 14
Content-Type: application/json; charset=utf-8
cache-control: no-cache

19:05:53.924 [AsyncHttpClient-1-15] DEBUG org.asynchttpclient.netty.channel.ChannelManager - Adding key: http://localhost:17607 for channel [id: 0x9477ba11, L:/127.0.0.1:57818 - R:localhost/127.0.0.1:17607]
19:05:53.924 [Forwarding findElement on session d049ccc7a73753059690012fbe449ed8 to remote] DEBUG org.asynchttpclient.netty.request.NettyRequestSender - Using pooled Channel '[id: 0x9477ba11, L:/127.0.0.1:57818 - R:localhost/127.0.0.1:17607]' for 'POST' to 'http://localhost:17607/session/d049ccc7a73753059690012fbe449ed8/element'
19:05:53.924 [Forwarding findElement on session d049ccc7a73753059690012fbe449ed8 to remote] DEBUG org.asynchttpclient.netty.request.NettyRequestSender - Using open Channel [id: 0x9477ba11, L:/127.0.0.1:57818 - R:localhost/127.0.0.1:17607] for POST '/session/d049ccc7a73753059690012fbe449ed8/element'
19:05:54.845 [AsyncHttpClient-1-1] DEBUG org.asynchttpclient.netty.channel.DefaultChannelPool - Entry count for : http://localhost:57820 : 1
19:05:55.944 [AsyncHttpClient-1-1] DEBUG org.asynchttpclient.netty.channel.DefaultChannelPool - Entry count for : http://localhost:57820 : 1
19:05:57.036 [AsyncHttpClient-1-1] DEBUG org.asynchttpclient.netty.channel.DefaultChannelPool - Entry count for : http://localhost:57820 : 1
19:05:58.150 [AsyncHttpClient-1-1] DEBUG org.asynchttpclient.netty.channel.DefaultChannelPool - Entry count for : http://localhost:57820 : 1
19:05:58.342 [AsyncHttpClient-1-15] DEBUG org.asynchttpclient.netty.handler.HttpHandler - 

Request DefaultHttpRequest(decodeResult: success, version: HTTP/1.1)
POST /session/d049ccc7a73753059690012fbe449ed8/element HTTP/1.1
User-Agent: selenium/4.8.3 (java windows)
Content-Length: 81
Content-Type: application/json; charset=utf-8
host: localhost:17607
accept: */*

Response DefaultHttpResponse(decodeResult: success, version: HTTP/1.1)
HTTP/1.1 404 Not Found
Content-Length: 971
Content-Type: application/json; charset=utf-8
cache-control: no-cache

19:05:58.342 [AsyncHttpClient-1-15] DEBUG org.asynchttpclient.netty.channel.ChannelManager - Adding key: http://localhost:17607 for channel [id: 0x9477ba11, L:/127.0.0.1:57818 - R:localhost/127.0.0.1:17607]
2023-06-06 19:05:58 INFO  Listeners:42 - Failed Test null
]]></system-out>
    <system-err><![CDATA[Starting ChromeDriver 114.0.5735.90 (386bc09e8f4f2e025eddae123f36f6263096ae49-refs/branch-heads/5735@{#1052}) on port 17607
Only local connections are allowed.
Please see https://chromedriver.chromium.org/security-considerations for suggestions on keeping ChromeDriver safe.
ChromeDriver was started successfully.
Jun 06, 2023 7:05:51 PM org.openqa.selenium.devtools.CdpVersionFinder findNearestMatch
WARNING: Unable to find an exact match for CDP version 114, so returning the closest version found: 111
]]></system-err>
  </testcase>
  <testcase name="searchDashboardNameDP[FLAKY TEST CASES](17)" classname="alltests.uitest.coreTest.DashboardPageTest" time="0">
    <skipped message="no such element: Unable to locate element: {&quot;method&quot;:&quot;xpath&quot;,&quot;selector&quot;:&quot;//*[text()=&apos;FLAKY TEST CASES&apos;]&quot;}&#10;  (Session info: chrome=114.0.5735.110)&#10;For documentation on this error, please visit: https://selenium.dev/exceptions/#no_such_element&#10;Build info: version: &apos;4.8.3&apos;, revision: &apos;e5e76298c3&apos;&#10;System info: os.name: &apos;Windows 10&apos;, os.arch: &apos;amd64&apos;, os.version: &apos;10.0&apos;, java.version: &apos;17.0.3.1&apos;&#10;Driver info: org.openqa.selenium.chrome.ChromeDriver&#10;Command: [1a08173d2c2d12f63e10158ce9ac07ed, findElement {using=xpath, value=//*[text()=&apos;FLAKY TEST CASES&apos;]}]&#10;Capabilities {acceptInsecureCerts: false, browserName: chrome, browserVersion: 114.0.5735.110, chrome: {chromedriverVersion: 114.0.5735.90 (386bc09e8f4f..., userDataDir: C:\Users\SUWARN~1\AppData\L...}, goog:chromeOptions: {debuggerAddress: localhost:57852}, networkConnectionEnabled: false, pageLoadStrategy: normal, platformName: WINDOWS, proxy: Proxy(), se:cdp: ws://localhost:57852/devtoo..., se:cdpVersion: 114.0.5735.110, setWindowRect: true, strictFileInteractability: false, timeouts: {implicit: 0, pageLoad: 300000, script: 30000}, unhandledPromptBehavior: dismiss and notify, webauthn:extension:credBlob: true, webauthn:extension:largeBlob: true, webauthn:extension:minPinLength: true, webauthn:extension:prf: true, webauthn:virtualAuthenticators: true}&#10;Session ID: 1a08173d2c2d12f63e10158ce9ac07ed"/>
    <system-out><![CDATA[19:05:58.342 [rp-io-92] DEBUG com.epam.reportportal.service.Launch - Starting test item...rp-io-92
19:05:58.360 [Forwarding screenshot on session d049ccc7a73753059690012fbe449ed8 to remote] DEBUG org.asynchttpclient.netty.request.NettyRequestSender - Using pooled Channel '[id: 0x9477ba11, L:/127.0.0.1:57818 - R:localhost/127.0.0.1:17607]' for 'GET' to 'http://localhost:17607/session/d049ccc7a73753059690012fbe449ed8/screenshot'
19:05:58.360 [Forwarding screenshot on session d049ccc7a73753059690012fbe449ed8 to remote] DEBUG org.asynchttpclient.netty.request.NettyRequestSender - Using open Channel [id: 0x9477ba11, L:/127.0.0.1:57818 - R:localhost/127.0.0.1:17607] for GET '/session/d049ccc7a73753059690012fbe449ed8/screenshot'
19:05:58.374 [rp-io-92] DEBUG com.epam.reportportal.service.Launch - ReportPortal item with ID 'f8b4e134-6b75-4077-9f3a-8d484f5101f7' has been created
19:05:58.374 [rp-io-92] DEBUG com.epam.reportportal.utils.SubscriptionUtils - Start test item successfully completed
19:05:58.377 [rp-io-99] DEBUG com.epam.reportportal.service.Launch - TestItem with ID = 'cda016b4-cc04-4178-92c5-8bb0eae2e0bd' successfully finished.
19:05:58.377 [rp-io-99] DEBUG com.epam.reportportal.utils.SubscriptionUtils - Finish test item completed
19:05:58.486 [AsyncHttpClient-1-15] DEBUG org.asynchttpclient.netty.handler.HttpHandler - 

Request DefaultFullHttpRequest(decodeResult: success, version: HTTP/1.1, content: EmptyByteBufBE)
GET /session/d049ccc7a73753059690012fbe449ed8/screenshot HTTP/1.1
User-Agent: selenium/4.8.3 (java windows)
Cache-Control: no-cache
Content-Type: application/json; charset=utf-8
host: localhost:17607
accept: */*

Response DefaultHttpResponse(decodeResult: success, version: HTTP/1.1)
HTTP/1.1 200 OK
Content-Length: 125920
Content-Type: application/json; charset=utf-8
cache-control: no-cache

19:05:58.487 [AsyncHttpClient-1-15] DEBUG org.asynchttpclient.netty.channel.ChannelManager - Adding key: http://localhost:17607 for channel [id: 0x9477ba11, L:/127.0.0.1:57818 - R:localhost/127.0.0.1:17607]
19:05:58.498 [AsyncHttpClient-1-17] DEBUG org.asynchttpclient.netty.handler.WebSocketHandler - Channel Closed: [id: 0x9659043b, L:/127.0.0.1:57827 ! R:localhost/127.0.0.1:57820] with attribute NettyResponseFuture{currentRetry=0,
	isDone=1,
	isCancelled=0,
	asyncHandler=org.asynchttpclient.ws.WebSocketUpgradeHandler@718c95ce,
	nettyRequest=org.asynchttpclient.netty.request.NettyRequest@72eea68a,
	future=java.util.concurrent.CompletableFuture@138dcd6b[Completed normally],
	uri=ws://localhost:57820/devtools/browser/be36b55b-709b-40d4-ab38-6463fda03870,
	keepAlive=true,
	redirectCount=0,
	timeoutsHolder=null,
	inAuth=0,
	touch=1686071151780}
19:05:58.498 [AsyncHttpClient-1-17] DEBUG org.asynchttpclient.netty.channel.ChannelManager - Closing Channel [id: 0x9659043b, L:/127.0.0.1:57827 ! R:localhost/127.0.0.1:57820] 
19:05:58.498 [Driver Command Executor] DEBUG org.asynchttpclient.netty.request.NettyRequestSender - Using pooled Channel '[id: 0x9477ba11, L:/127.0.0.1:57818 - R:localhost/127.0.0.1:17607]' for 'DELETE' to 'http://localhost:17607/session/d049ccc7a73753059690012fbe449ed8'
19:05:58.498 [Driver Command Executor] DEBUG org.asynchttpclient.netty.request.NettyRequestSender - Using open Channel [id: 0x9477ba11, L:/127.0.0.1:57818 - R:localhost/127.0.0.1:17607] for DELETE '/session/d049ccc7a73753059690012fbe449ed8'
19:05:58.535 [AsyncHttpClient-1-16] DEBUG org.asynchttpclient.netty.handler.HttpHandler - Unexpected I/O exception on channel [id: 0x8c2e4821, L:/127.0.0.1:57826 - R:localhost/127.0.0.1:57820]
java.net.SocketException: Connection reset
	at java.base/sun.nio.ch.SocketChannelImpl.throwConnectionReset(SocketChannelImpl.java:394)
	at java.base/sun.nio.ch.SocketChannelImpl.read(SocketChannelImpl.java:426)
	at io.netty.buffer.PooledByteBuf.setBytes(PooledByteBuf.java:256)
	at io.netty.buffer.AbstractByteBuf.writeBytes(AbstractByteBuf.java:1132)
	at io.netty.channel.socket.nio.NioSocketChannel.doReadBytes(NioSocketChannel.java:357)
	at io.netty.channel.nio.AbstractNioByteChannel$NioByteUnsafe.read(AbstractNioByteChannel.java:151)
	at io.netty.channel.nio.NioEventLoop.processSelectedKey(NioEventLoop.java:788)
	at io.netty.channel.nio.NioEventLoop.processSelectedKeysOptimized(NioEventLoop.java:724)
	at io.netty.channel.nio.NioEventLoop.processSelectedKeys(NioEventLoop.java:650)
	at io.netty.channel.nio.NioEventLoop.run(NioEventLoop.java:562)
	at io.netty.util.concurrent.SingleThreadEventExecutor$4.run(SingleThreadEventExecutor.java:997)
	at io.netty.util.internal.ThreadExecutorMap$2.run(ThreadExecutorMap.java:74)
	at io.netty.util.concurrent.FastThreadLocalRunnable.run(FastThreadLocalRunnable.java:30)
	at java.base/java.lang.Thread.run(Thread.java:833)
19:05:58.535 [AsyncHttpClient-1-16] DEBUG org.asynchttpclient.netty.channel.ChannelManager - Closing Channel [id: 0x8c2e4821, L:/127.0.0.1:57826 - R:localhost/127.0.0.1:57820] 
19:05:58.536 [AsyncHttpClient-1-16] DEBUG org.asynchttpclient.netty.handler.HttpHandler - Channel Closed: [id: 0x8c2e4821, L:/127.0.0.1:57826 ! R:localhost/127.0.0.1:57820] with attribute DISCARD
19:05:58.558 [AsyncHttpClient-1-15] DEBUG org.asynchttpclient.netty.handler.HttpHandler - 

Request DefaultFullHttpRequest(decodeResult: success, version: HTTP/1.1, content: EmptyByteBufBE)
DELETE /session/d049ccc7a73753059690012fbe449ed8 HTTP/1.1
User-Agent: selenium/4.8.3 (java windows)
Content-Type: application/json; charset=utf-8
host: localhost:17607
accept: */*

Response DefaultHttpResponse(decodeResult: success, version: HTTP/1.1)
HTTP/1.1 200 OK
Content-Length: 14
Content-Type: application/json; charset=utf-8
cache-control: no-cache

19:05:58.558 [AsyncHttpClient-1-15] DEBUG org.asynchttpclient.netty.channel.ChannelManager - Adding key: http://localhost:17607 for channel [id: 0x9477ba11, L:/127.0.0.1:57818 - R:localhost/127.0.0.1:17607]
19:05:58.603 [AsyncHttpClient-1-15] DEBUG org.asynchttpclient.netty.handler.HttpHandler - Channel Closed: [id: 0x9477ba11, L:/127.0.0.1:57818 ! R:localhost/127.0.0.1:17607] with attribute DISCARD
2023-06-06 19:05:58 INFO  BaseTest:83 - Test executed**********
19:05:58.651 [rp-io-10] DEBUG com.epam.reportportal.service.Launch - Starting test item...rp-io-10
2023-06-06 19:05:58 INFO  BaseTest:110 - Property files loaded successfully**********
19:05:58.658 [main] DEBUG io.github.bonigarcia.wdm.cache.ResolutionCache - Resolution chrome=114 in cache (valid until 19:20:28 06/06/2023 CEST)
19:05:58.658 [main] DEBUG io.github.bonigarcia.wdm.cache.ResolutionCache - Resolution chrome114=114.0.5735.90 in cache (valid until 16:16:26 07/06/2023 CEST)
19:05:58.658 [main] INFO io.github.bonigarcia.wdm.WebDriverManager - Using chromedriver 114.0.5735.90 (resolved driver for Chrome 114)
19:05:58.664 [main] DEBUG io.github.bonigarcia.wdm.WebDriverManager - Driver chromedriver 114.0.5735.90 found in cache
19:05:58.664 [rp-io-15] DEBUG com.epam.reportportal.service.Launch - TestItem with ID = 'f8b4e134-6b75-4077-9f3a-8d484f5101f7' successfully finished.
19:05:58.665 [rp-io-15] DEBUG com.epam.reportportal.utils.SubscriptionUtils - Finish test item completed
19:05:58.665 [main] INFO io.github.bonigarcia.wdm.WebDriverManager - Exporting webdriver.chrome.driver as C:\Users\Suwarna_Wagh\.cache\selenium\chromedriver\win32\114.0.5735.90\chromedriver.exe
19:05:58.666 [rp-io-14] DEBUG com.epam.reportportal.service.Launch - ReportPortal item with ID '726c2755-862f-407a-adaa-2bd93db81c34' has been created
19:05:58.666 [rp-io-14] DEBUG com.epam.reportportal.utils.SubscriptionUtils - Start test item successfully completed
19:05:58.820 [AsyncHttpClient-1-2] DEBUG org.asynchttpclient.netty.channel.NettyConnectListener - Using new Channel '[id: 0x806da89a, L:/127.0.0.1:57851 - R:localhost/127.0.0.1:28753]' for 'POST' to '/session'
19:05:59.253 [AsyncHttpClient-1-1] DEBUG org.asynchttpclient.netty.channel.DefaultChannelPool - Entry count for : http://localhost:17607 : 1
19:05:59.253 [AsyncHttpClient-1-1] DEBUG org.asynchttpclient.netty.channel.DefaultChannelPool - Entry count for : http://localhost:57820 : 1
19:05:59.253 [AsyncHttpClient-1-1] DEBUG org.asynchttpclient.netty.channel.DefaultChannelPool - Adding Candidate expired Channel [id: 0x9477ba11, L:/127.0.0.1:57818 ! R:localhost/127.0.0.1:17607] isIdleTimeoutExpired=false isRemotelyClosed=true isTtlExpired=false
19:05:59.253 [AsyncHttpClient-1-1] DEBUG org.asynchttpclient.netty.channel.DefaultChannelPool - Closing Idle Channel [id: 0x9477ba11, L:/127.0.0.1:57818 ! R:localhost/127.0.0.1:17607]
19:05:59.253 [AsyncHttpClient-1-1] DEBUG org.asynchttpclient.netty.channel.DefaultChannelPool - Adding Candidate expired Channel [id: 0x8c2e4821, L:/127.0.0.1:57826 ! R:localhost/127.0.0.1:57820] isIdleTimeoutExpired=false isRemotelyClosed=true isTtlExpired=false
19:05:59.253 [AsyncHttpClient-1-1] DEBUG org.asynchttpclient.netty.channel.DefaultChannelPool - Closing Idle Channel [id: 0x8c2e4821, L:/127.0.0.1:57826 ! R:localhost/127.0.0.1:57820]
19:05:59.253 [AsyncHttpClient-1-1] DEBUG org.asynchttpclient.netty.channel.DefaultChannelPool - Closed 2 connections out of 2 in 0 ms
19:05:59.613 [AsyncHttpClient-1-2] DEBUG org.asynchttpclient.netty.handler.HttpHandler - 

Request DefaultHttpRequest(decodeResult: success, version: HTTP/1.1)
POST /session HTTP/1.1
User-Agent: selenium/4.8.3 (java windows)
Content-Length: 439
Content-Type: application/json; charset=utf-8
host: localhost:28753
accept: */*

Response DefaultHttpResponse(decodeResult: success, version: HTTP/1.1)
HTTP/1.1 200 OK
Content-Length: 862
Content-Type: application/json; charset=utf-8
cache-control: no-cache

19:05:59.613 [AsyncHttpClient-1-2] DEBUG org.asynchttpclient.netty.channel.ChannelManager - Adding key: http://localhost:28753 for channel [id: 0x806da89a, L:/127.0.0.1:57851 - R:localhost/127.0.0.1:28753]
19:05:59.619 [AsyncHttpClient-1-3] DEBUG org.asynchttpclient.netty.channel.NettyConnectListener - Using new Channel '[id: 0xf3af1d64, L:/127.0.0.1:57858 - R:localhost/127.0.0.1:57852]' for 'GET' to '/json/version'
19:05:59.620 [AsyncHttpClient-1-3] DEBUG org.asynchttpclient.netty.handler.HttpHandler - 

Request DefaultFullHttpRequest(decodeResult: success, version: HTTP/1.1, content: EmptyByteBufBE)
GET /json/version HTTP/1.1
User-Agent: selenium/4.8.3 (java windows)
host: localhost:57852
accept: */*

Response DefaultHttpResponse(decodeResult: success, version: HTTP/1.1)
HTTP/1.1 200 OK
Content-Security-Policy: frame-ancestors 'none'
Content-Length: 424
Content-Type: application/json; charset=UTF-8

19:05:59.620 [AsyncHttpClient-1-3] DEBUG org.asynchttpclient.netty.channel.ChannelManager - Adding key: http://localhost:57852 for channel [id: 0xf3af1d64, L:/127.0.0.1:57858 - R:localhost/127.0.0.1:57852]
19:05:59.624 [AsyncHttpClient-1-4] DEBUG org.asynchttpclient.netty.channel.NettyConnectListener - Using new Channel '[id: 0x3ec2f9bc, L:/127.0.0.1:57859 - R:localhost/127.0.0.1:57852]' for 'GET' to '/devtools/browser/f7435120-7c9c-423b-807f-8c35d3a7ddd0'
19:05:59.625 [AsyncHttpClient-1-4] DEBUG org.asynchttpclient.netty.handler.WebSocketHandler - 

Request DefaultFullHttpRequest(decodeResult: success, version: HTTP/1.1, content: EmptyByteBufBE)
GET /devtools/browser/f7435120-7c9c-423b-807f-8c35d3a7ddd0 HTTP/1.1
upgrade: websocket
connection: upgrade
sec-websocket-key: BOCL93b/zRjERLFOxKQbZw==
sec-websocket-version: 13
origin: http://localhost:57852
host: localhost:57852
accept: */*
user-agent: AHC/2.1

Response DefaultHttpResponse(decodeResult: success, version: HTTP/1.1)
HTTP/1.1 101 WebSocket Protocol Handshake
Upgrade: WebSocket
Connection: Upgrade
Sec-WebSocket-Accept: JO+ojC1IrsW1iuMNcHf18g6iAS4=

19:05:59.629 [Forwarding setTimeout on session 1a08173d2c2d12f63e10158ce9ac07ed to remote] DEBUG org.asynchttpclient.netty.request.NettyRequestSender - Using pooled Channel '[id: 0x806da89a, L:/127.0.0.1:57851 - R:localhost/127.0.0.1:28753]' for 'POST' to 'http://localhost:28753/session/1a08173d2c2d12f63e10158ce9ac07ed/timeouts'
19:05:59.629 [Forwarding setTimeout on session 1a08173d2c2d12f63e10158ce9ac07ed to remote] DEBUG org.asynchttpclient.netty.request.NettyRequestSender - Using open Channel [id: 0x806da89a, L:/127.0.0.1:57851 - R:localhost/127.0.0.1:28753] for POST '/session/1a08173d2c2d12f63e10158ce9ac07ed/timeouts'
19:05:59.632 [AsyncHttpClient-1-2] DEBUG org.asynchttpclient.netty.handler.HttpHandler - 

Request DefaultHttpRequest(decodeResult: success, version: HTTP/1.1)
POST /session/1a08173d2c2d12f63e10158ce9ac07ed/timeouts HTTP/1.1
User-Agent: selenium/4.8.3 (java windows)
Content-Length: 22
Content-Type: application/json; charset=utf-8
host: localhost:28753
accept: */*

Response DefaultHttpResponse(decodeResult: success, version: HTTP/1.1)
HTTP/1.1 200 OK
Content-Length: 14
Content-Type: application/json; charset=utf-8
cache-control: no-cache

19:05:59.632 [AsyncHttpClient-1-2] DEBUG org.asynchttpclient.netty.channel.ChannelManager - Adding key: http://localhost:28753 for channel [id: 0x806da89a, L:/127.0.0.1:57851 - R:localhost/127.0.0.1:28753]
19:05:59.633 [Forwarding maximizeCurrentWindow on session 1a08173d2c2d12f63e10158ce9ac07ed to remote] DEBUG org.asynchttpclient.netty.request.NettyRequestSender - Using pooled Channel '[id: 0x806da89a, L:/127.0.0.1:57851 - R:localhost/127.0.0.1:28753]' for 'POST' to 'http://localhost:28753/session/1a08173d2c2d12f63e10158ce9ac07ed/window/maximize'
19:05:59.633 [Forwarding maximizeCurrentWindow on session 1a08173d2c2d12f63e10158ce9ac07ed to remote] DEBUG org.asynchttpclient.netty.request.NettyRequestSender - Using open Channel [id: 0x806da89a, L:/127.0.0.1:57851 - R:localhost/127.0.0.1:28753] for POST '/session/1a08173d2c2d12f63e10158ce9ac07ed/window/maximize'
19:05:59.752 [AsyncHttpClient-1-2] DEBUG org.asynchttpclient.netty.handler.HttpHandler - 

Request DefaultHttpRequest(decodeResult: success, version: HTTP/1.1)
POST /session/1a08173d2c2d12f63e10158ce9ac07ed/window/maximize HTTP/1.1
User-Agent: selenium/4.8.3 (java windows)
Content-Length: 3
Content-Type: application/json; charset=utf-8
host: localhost:28753
accept: */*

Response DefaultHttpResponse(decodeResult: success, version: HTTP/1.1)
HTTP/1.1 200 OK
Content-Length: 51
Content-Type: application/json; charset=utf-8
cache-control: no-cache

19:05:59.752 [AsyncHttpClient-1-2] DEBUG org.asynchttpclient.netty.channel.ChannelManager - Adding key: http://localhost:28753 for channel [id: 0x806da89a, L:/127.0.0.1:57851 - R:localhost/127.0.0.1:28753]
19:05:59.753 [Forwarding get on session 1a08173d2c2d12f63e10158ce9ac07ed to remote] DEBUG org.asynchttpclient.netty.request.NettyRequestSender - Using pooled Channel '[id: 0x806da89a, L:/127.0.0.1:57851 - R:localhost/127.0.0.1:28753]' for 'POST' to 'http://localhost:28753/session/1a08173d2c2d12f63e10158ce9ac07ed/url'
19:05:59.753 [Forwarding get on session 1a08173d2c2d12f63e10158ce9ac07ed to remote] DEBUG org.asynchttpclient.netty.request.NettyRequestSender - Using open Channel [id: 0x806da89a, L:/127.0.0.1:57851 - R:localhost/127.0.0.1:28753] for POST '/session/1a08173d2c2d12f63e10158ce9ac07ed/url'
19:06:00.337 [AsyncHttpClient-1-1] DEBUG org.asynchttpclient.netty.channel.DefaultChannelPool - Entry count for : http://localhost:57852 : 1
19:06:01.380 [AsyncHttpClient-1-2] DEBUG org.asynchttpclient.netty.handler.HttpHandler - 

Request DefaultHttpRequest(decodeResult: success, version: HTTP/1.1)
POST /session/1a08173d2c2d12f63e10158ce9ac07ed/url HTTP/1.1
User-Agent: selenium/4.8.3 (java windows)
Content-Length: 52
Content-Type: application/json; charset=utf-8
host: localhost:28753
accept: */*

Response DefaultHttpResponse(decodeResult: success, version: HTTP/1.1)
HTTP/1.1 200 OK
Content-Length: 14
Content-Type: application/json; charset=utf-8
cache-control: no-cache

19:06:01.380 [AsyncHttpClient-1-2] DEBUG org.asynchttpclient.netty.channel.ChannelManager - Adding key: http://localhost:28753 for channel [id: 0x806da89a, L:/127.0.0.1:57851 - R:localhost/127.0.0.1:28753]
2023-06-06 19:06:01 INFO  BaseTest:104 - Test driver set up done successfully**********
2023-06-06 19:06:01 INFO  BaseTest:122 - Logging in to portal
19:06:01.382 [Forwarding findElement on session 1a08173d2c2d12f63e10158ce9ac07ed to remote] DEBUG org.asynchttpclient.netty.request.NettyRequestSender - Using pooled Channel '[id: 0x806da89a, L:/127.0.0.1:57851 - R:localhost/127.0.0.1:28753]' for 'POST' to 'http://localhost:28753/session/1a08173d2c2d12f63e10158ce9ac07ed/element'
19:06:01.382 [Forwarding findElement on session 1a08173d2c2d12f63e10158ce9ac07ed to remote] DEBUG org.asynchttpclient.netty.request.NettyRequestSender - Using open Channel [id: 0x806da89a, L:/127.0.0.1:57851 - R:localhost/127.0.0.1:28753] for POST '/session/1a08173d2c2d12f63e10158ce9ac07ed/element'
19:06:01.396 [AsyncHttpClient-1-2] DEBUG org.asynchttpclient.netty.handler.HttpHandler - 

Request DefaultHttpRequest(decodeResult: success, version: HTTP/1.1)
POST /session/1a08173d2c2d12f63e10158ce9ac07ed/element HTTP/1.1
User-Agent: selenium/4.8.3 (java windows)
Content-Length: 59
Content-Type: application/json; charset=utf-8
host: localhost:28753
accept: */*

Response DefaultHttpResponse(decodeResult: success, version: HTTP/1.1)
HTTP/1.1 200 OK
Content-Length: 95
Content-Type: application/json; charset=utf-8
cache-control: no-cache

19:06:01.396 [AsyncHttpClient-1-2] DEBUG org.asynchttpclient.netty.channel.ChannelManager - Adding key: http://localhost:28753 for channel [id: 0x806da89a, L:/127.0.0.1:57851 - R:localhost/127.0.0.1:28753]
19:06:01.396 [Forwarding clearElement on session 1a08173d2c2d12f63e10158ce9ac07ed to remote] DEBUG org.asynchttpclient.netty.request.NettyRequestSender - Using pooled Channel '[id: 0x806da89a, L:/127.0.0.1:57851 - R:localhost/127.0.0.1:28753]' for 'POST' to 'http://localhost:28753/session/1a08173d2c2d12f63e10158ce9ac07ed/element/73042298D57C938AF146752D5D551A27_element_30/clear'
19:06:01.396 [Forwarding clearElement on session 1a08173d2c2d12f63e10158ce9ac07ed to remote] DEBUG org.asynchttpclient.netty.request.NettyRequestSender - Using open Channel [id: 0x806da89a, L:/127.0.0.1:57851 - R:localhost/127.0.0.1:28753] for POST '/session/1a08173d2c2d12f63e10158ce9ac07ed/element/73042298D57C938AF146752D5D551A27_element_30/clear'
19:06:01.437 [AsyncHttpClient-1-1] DEBUG org.asynchttpclient.netty.channel.DefaultChannelPool - Entry count for : http://localhost:57852 : 1
19:06:01.447 [AsyncHttpClient-1-2] DEBUG org.asynchttpclient.netty.handler.HttpHandler - 

Request DefaultHttpRequest(decodeResult: success, version: HTTP/1.1)
POST /session/1a08173d2c2d12f63e10158ce9ac07ed/element/73042298D57C938AF146752D5D551A27_element_30/clear HTTP/1.1
User-Agent: selenium/4.8.3 (java windows)
Content-Length: 57
Content-Type: application/json; charset=utf-8
host: localhost:28753
accept: */*

Response DefaultHttpResponse(decodeResult: success, version: HTTP/1.1)
HTTP/1.1 200 OK
Content-Length: 14
Content-Type: application/json; charset=utf-8
cache-control: no-cache

19:06:01.447 [AsyncHttpClient-1-2] DEBUG org.asynchttpclient.netty.channel.ChannelManager - Adding key: http://localhost:28753 for channel [id: 0x806da89a, L:/127.0.0.1:57851 - R:localhost/127.0.0.1:28753]
19:06:01.448 [Forwarding findElement on session 1a08173d2c2d12f63e10158ce9ac07ed to remote] DEBUG org.asynchttpclient.netty.request.NettyRequestSender - Using pooled Channel '[id: 0x806da89a, L:/127.0.0.1:57851 - R:localhost/127.0.0.1:28753]' for 'POST' to 'http://localhost:28753/session/1a08173d2c2d12f63e10158ce9ac07ed/element'
19:06:01.448 [Forwarding findElement on session 1a08173d2c2d12f63e10158ce9ac07ed to remote] DEBUG org.asynchttpclient.netty.request.NettyRequestSender - Using open Channel [id: 0x806da89a, L:/127.0.0.1:57851 - R:localhost/127.0.0.1:28753] for POST '/session/1a08173d2c2d12f63e10158ce9ac07ed/element'
19:06:01.458 [AsyncHttpClient-1-2] DEBUG org.asynchttpclient.netty.handler.HttpHandler - 

Request DefaultHttpRequest(decodeResult: success, version: HTTP/1.1)
POST /session/1a08173d2c2d12f63e10158ce9ac07ed/element HTTP/1.1
User-Agent: selenium/4.8.3 (java windows)
Content-Length: 59
Content-Type: application/json; charset=utf-8
host: localhost:28753
accept: */*

Response DefaultHttpResponse(decodeResult: success, version: HTTP/1.1)
HTTP/1.1 200 OK
Content-Length: 95
Content-Type: application/json; charset=utf-8
cache-control: no-cache

19:06:01.458 [AsyncHttpClient-1-2] DEBUG org.asynchttpclient.netty.channel.ChannelManager - Adding key: http://localhost:28753 for channel [id: 0x806da89a, L:/127.0.0.1:57851 - R:localhost/127.0.0.1:28753]
19:06:01.460 [Forwarding sendKeysToElement on session 1a08173d2c2d12f63e10158ce9ac07ed to remote] DEBUG org.asynchttpclient.netty.request.NettyRequestSender - Using pooled Channel '[id: 0x806da89a, L:/127.0.0.1:57851 - R:localhost/127.0.0.1:28753]' for 'POST' to 'http://localhost:28753/session/1a08173d2c2d12f63e10158ce9ac07ed/element/73042298D57C938AF146752D5D551A27_element_30/value'
19:06:01.460 [Forwarding sendKeysToElement on session 1a08173d2c2d12f63e10158ce9ac07ed to remote] DEBUG org.asynchttpclient.netty.request.NettyRequestSender - Using open Channel [id: 0x806da89a, L:/127.0.0.1:57851 - R:localhost/127.0.0.1:28753] for POST '/session/1a08173d2c2d12f63e10158ce9ac07ed/element/73042298D57C938AF146752D5D551A27_element_30/value'
19:06:01.549 [AsyncHttpClient-1-2] DEBUG org.asynchttpclient.netty.handler.HttpHandler - 

Request DefaultHttpRequest(decodeResult: success, version: HTTP/1.1)
POST /session/1a08173d2c2d12f63e10158ce9ac07ed/element/73042298D57C938AF146752D5D551A27_element_30/value HTTP/1.1
User-Agent: selenium/4.8.3 (java windows)
Content-Length: 188
Content-Type: application/json; charset=utf-8
host: localhost:28753
accept: */*

Response DefaultHttpResponse(decodeResult: success, version: HTTP/1.1)
HTTP/1.1 200 OK
Content-Length: 14
Content-Type: application/json; charset=utf-8
cache-control: no-cache

19:06:01.549 [AsyncHttpClient-1-2] DEBUG org.asynchttpclient.netty.channel.ChannelManager - Adding key: http://localhost:28753 for channel [id: 0x806da89a, L:/127.0.0.1:57851 - R:localhost/127.0.0.1:28753]
19:06:01.550 [Forwarding findElement on session 1a08173d2c2d12f63e10158ce9ac07ed to remote] DEBUG org.asynchttpclient.netty.request.NettyRequestSender - Using pooled Channel '[id: 0x806da89a, L:/127.0.0.1:57851 - R:localhost/127.0.0.1:28753]' for 'POST' to 'http://localhost:28753/session/1a08173d2c2d12f63e10158ce9ac07ed/element'
19:06:01.550 [Forwarding findElement on session 1a08173d2c2d12f63e10158ce9ac07ed to remote] DEBUG org.asynchttpclient.netty.request.NettyRequestSender - Using open Channel [id: 0x806da89a, L:/127.0.0.1:57851 - R:localhost/127.0.0.1:28753] for POST '/session/1a08173d2c2d12f63e10158ce9ac07ed/element'
19:06:01.564 [AsyncHttpClient-1-2] DEBUG org.asynchttpclient.netty.handler.HttpHandler - 

Request DefaultHttpRequest(decodeResult: success, version: HTTP/1.1)
POST /session/1a08173d2c2d12f63e10158ce9ac07ed/element HTTP/1.1
User-Agent: selenium/4.8.3 (java windows)
Content-Length: 62
Content-Type: application/json; charset=utf-8
host: localhost:28753
accept: */*

Response DefaultHttpResponse(decodeResult: success, version: HTTP/1.1)
HTTP/1.1 200 OK
Content-Length: 95
Content-Type: application/json; charset=utf-8
cache-control: no-cache

19:06:01.564 [AsyncHttpClient-1-2] DEBUG org.asynchttpclient.netty.channel.ChannelManager - Adding key: http://localhost:28753 for channel [id: 0x806da89a, L:/127.0.0.1:57851 - R:localhost/127.0.0.1:28753]
19:06:01.565 [Forwarding clearElement on session 1a08173d2c2d12f63e10158ce9ac07ed to remote] DEBUG org.asynchttpclient.netty.request.NettyRequestSender - Using pooled Channel '[id: 0x806da89a, L:/127.0.0.1:57851 - R:localhost/127.0.0.1:28753]' for 'POST' to 'http://localhost:28753/session/1a08173d2c2d12f63e10158ce9ac07ed/element/73042298D57C938AF146752D5D551A27_element_32/clear'
19:06:01.565 [Forwarding clearElement on session 1a08173d2c2d12f63e10158ce9ac07ed to remote] DEBUG org.asynchttpclient.netty.request.NettyRequestSender - Using open Channel [id: 0x806da89a, L:/127.0.0.1:57851 - R:localhost/127.0.0.1:28753] for POST '/session/1a08173d2c2d12f63e10158ce9ac07ed/element/73042298D57C938AF146752D5D551A27_element_32/clear'
19:06:01.600 [AsyncHttpClient-1-2] DEBUG org.asynchttpclient.netty.handler.HttpHandler - 

Request DefaultHttpRequest(decodeResult: success, version: HTTP/1.1)
POST /session/1a08173d2c2d12f63e10158ce9ac07ed/element/73042298D57C938AF146752D5D551A27_element_32/clear HTTP/1.1
User-Agent: selenium/4.8.3 (java windows)
Content-Length: 57
Content-Type: application/json; charset=utf-8
host: localhost:28753
accept: */*

Response DefaultHttpResponse(decodeResult: success, version: HTTP/1.1)
HTTP/1.1 200 OK
Content-Length: 14
Content-Type: application/json; charset=utf-8
cache-control: no-cache

19:06:01.600 [AsyncHttpClient-1-2] DEBUG org.asynchttpclient.netty.channel.ChannelManager - Adding key: http://localhost:28753 for channel [id: 0x806da89a, L:/127.0.0.1:57851 - R:localhost/127.0.0.1:28753]
19:06:01.601 [Forwarding findElement on session 1a08173d2c2d12f63e10158ce9ac07ed to remote] DEBUG org.asynchttpclient.netty.request.NettyRequestSender - Using pooled Channel '[id: 0x806da89a, L:/127.0.0.1:57851 - R:localhost/127.0.0.1:28753]' for 'POST' to 'http://localhost:28753/session/1a08173d2c2d12f63e10158ce9ac07ed/element'
19:06:01.601 [Forwarding findElement on session 1a08173d2c2d12f63e10158ce9ac07ed to remote] DEBUG org.asynchttpclient.netty.request.NettyRequestSender - Using open Channel [id: 0x806da89a, L:/127.0.0.1:57851 - R:localhost/127.0.0.1:28753] for POST '/session/1a08173d2c2d12f63e10158ce9ac07ed/element'
19:06:01.610 [AsyncHttpClient-1-2] DEBUG org.asynchttpclient.netty.handler.HttpHandler - 

Request DefaultHttpRequest(decodeResult: success, version: HTTP/1.1)
POST /session/1a08173d2c2d12f63e10158ce9ac07ed/element HTTP/1.1
User-Agent: selenium/4.8.3 (java windows)
Content-Length: 62
Content-Type: application/json; charset=utf-8
host: localhost:28753
accept: */*

Response DefaultHttpResponse(decodeResult: success, version: HTTP/1.1)
HTTP/1.1 200 OK
Content-Length: 95
Content-Type: application/json; charset=utf-8
cache-control: no-cache

19:06:01.610 [AsyncHttpClient-1-2] DEBUG org.asynchttpclient.netty.channel.ChannelManager - Adding key: http://localhost:28753 for channel [id: 0x806da89a, L:/127.0.0.1:57851 - R:localhost/127.0.0.1:28753]
19:06:01.612 [Forwarding sendKeysToElement on session 1a08173d2c2d12f63e10158ce9ac07ed to remote] DEBUG org.asynchttpclient.netty.request.NettyRequestSender - Using pooled Channel '[id: 0x806da89a, L:/127.0.0.1:57851 - R:localhost/127.0.0.1:28753]' for 'POST' to 'http://localhost:28753/session/1a08173d2c2d12f63e10158ce9ac07ed/element/73042298D57C938AF146752D5D551A27_element_32/value'
19:06:01.612 [Forwarding sendKeysToElement on session 1a08173d2c2d12f63e10158ce9ac07ed to remote] DEBUG org.asynchttpclient.netty.request.NettyRequestSender - Using open Channel [id: 0x806da89a, L:/127.0.0.1:57851 - R:localhost/127.0.0.1:28753] for POST '/session/1a08173d2c2d12f63e10158ce9ac07ed/element/73042298D57C938AF146752D5D551A27_element_32/value'
19:06:01.685 [AsyncHttpClient-1-2] DEBUG org.asynchttpclient.netty.handler.HttpHandler - 

Request DefaultHttpRequest(decodeResult: success, version: HTTP/1.1)
POST /session/1a08173d2c2d12f63e10158ce9ac07ed/element/73042298D57C938AF146752D5D551A27_element_32/value HTTP/1.1
User-Agent: selenium/4.8.3 (java windows)
Content-Length: 148
Content-Type: application/json; charset=utf-8
host: localhost:28753
accept: */*

Response DefaultHttpResponse(decodeResult: success, version: HTTP/1.1)
HTTP/1.1 200 OK
Content-Length: 14
Content-Type: application/json; charset=utf-8
cache-control: no-cache

19:06:01.685 [AsyncHttpClient-1-2] DEBUG org.asynchttpclient.netty.channel.ChannelManager - Adding key: http://localhost:28753 for channel [id: 0x806da89a, L:/127.0.0.1:57851 - R:localhost/127.0.0.1:28753]
19:06:01.686 [Forwarding findElement on session 1a08173d2c2d12f63e10158ce9ac07ed to remote] DEBUG org.asynchttpclient.netty.request.NettyRequestSender - Using pooled Channel '[id: 0x806da89a, L:/127.0.0.1:57851 - R:localhost/127.0.0.1:28753]' for 'POST' to 'http://localhost:28753/session/1a08173d2c2d12f63e10158ce9ac07ed/element'
19:06:01.686 [Forwarding findElement on session 1a08173d2c2d12f63e10158ce9ac07ed to remote] DEBUG org.asynchttpclient.netty.request.NettyRequestSender - Using open Channel [id: 0x806da89a, L:/127.0.0.1:57851 - R:localhost/127.0.0.1:28753] for POST '/session/1a08173d2c2d12f63e10158ce9ac07ed/element'
19:06:01.700 [AsyncHttpClient-1-2] DEBUG org.asynchttpclient.netty.handler.HttpHandler - 

Request DefaultHttpRequest(decodeResult: success, version: HTTP/1.1)
POST /session/1a08173d2c2d12f63e10158ce9ac07ed/element HTTP/1.1
User-Agent: selenium/4.8.3 (java windows)
Content-Length: 71
Content-Type: application/json; charset=utf-8
host: localhost:28753
accept: */*

Response DefaultHttpResponse(decodeResult: success, version: HTTP/1.1)
HTTP/1.1 200 OK
Content-Length: 95
Content-Type: application/json; charset=utf-8
cache-control: no-cache

19:06:01.700 [AsyncHttpClient-1-2] DEBUG org.asynchttpclient.netty.channel.ChannelManager - Adding key: http://localhost:28753 for channel [id: 0x806da89a, L:/127.0.0.1:57851 - R:localhost/127.0.0.1:28753]
19:06:01.701 [Forwarding clickElement on session 1a08173d2c2d12f63e10158ce9ac07ed to remote] DEBUG org.asynchttpclient.netty.request.NettyRequestSender - Using pooled Channel '[id: 0x806da89a, L:/127.0.0.1:57851 - R:localhost/127.0.0.1:28753]' for 'POST' to 'http://localhost:28753/session/1a08173d2c2d12f63e10158ce9ac07ed/element/73042298D57C938AF146752D5D551A27_element_33/click'
19:06:01.701 [Forwarding clickElement on session 1a08173d2c2d12f63e10158ce9ac07ed to remote] DEBUG org.asynchttpclient.netty.request.NettyRequestSender - Using open Channel [id: 0x806da89a, L:/127.0.0.1:57851 - R:localhost/127.0.0.1:28753] for POST '/session/1a08173d2c2d12f63e10158ce9ac07ed/element/73042298D57C938AF146752D5D551A27_element_33/click'
19:06:01.747 [AsyncHttpClient-1-2] DEBUG org.asynchttpclient.netty.handler.HttpHandler - 

Request DefaultHttpRequest(decodeResult: success, version: HTTP/1.1)
POST /session/1a08173d2c2d12f63e10158ce9ac07ed/element/73042298D57C938AF146752D5D551A27_element_33/click HTTP/1.1
User-Agent: selenium/4.8.3 (java windows)
Content-Length: 57
Content-Type: application/json; charset=utf-8
host: localhost:28753
accept: */*

Response DefaultHttpResponse(decodeResult: success, version: HTTP/1.1)
HTTP/1.1 200 OK
Content-Length: 14
Content-Type: application/json; charset=utf-8
cache-control: no-cache

19:06:01.747 [AsyncHttpClient-1-2] DEBUG org.asynchttpclient.netty.channel.ChannelManager - Adding key: http://localhost:28753 for channel [id: 0x806da89a, L:/127.0.0.1:57851 - R:localhost/127.0.0.1:28753]
2023-06-06 19:06:01 INFO  BaseTest:126 - Logged in
19:06:01.749 [rp-io-18] DEBUG com.epam.reportportal.service.Launch - Starting test item...rp-io-18
2023-06-06 19:06:01 INFO  Listeners:34 - Started Test null
19:06:01.750 [Forwarding findElement on session 1a08173d2c2d12f63e10158ce9ac07ed to remote] DEBUG org.asynchttpclient.netty.request.NettyRequestSender - Using pooled Channel '[id: 0x806da89a, L:/127.0.0.1:57851 - R:localhost/127.0.0.1:28753]' for 'POST' to 'http://localhost:28753/session/1a08173d2c2d12f63e10158ce9ac07ed/element'
19:06:01.751 [Forwarding findElement on session 1a08173d2c2d12f63e10158ce9ac07ed to remote] DEBUG org.asynchttpclient.netty.request.NettyRequestSender - Using open Channel [id: 0x806da89a, L:/127.0.0.1:57851 - R:localhost/127.0.0.1:28753] for POST '/session/1a08173d2c2d12f63e10158ce9ac07ed/element'
19:06:01.764 [rp-io-20] DEBUG com.epam.reportportal.service.Launch - TestItem with ID = '726c2755-862f-407a-adaa-2bd93db81c34' successfully finished.
19:06:01.764 [rp-io-20] DEBUG com.epam.reportportal.utils.SubscriptionUtils - Finish test item completed
19:06:01.768 [rp-io-21] DEBUG com.epam.reportportal.service.Launch - ReportPortal item with ID '2ac01a02-33fe-442b-bb67-551043b3a756' has been created
19:06:01.768 [rp-io-21] DEBUG com.epam.reportportal.utils.SubscriptionUtils - Start test item successfully completed
19:06:02.120 [AsyncHttpClient-1-2] DEBUG org.asynchttpclient.netty.handler.HttpHandler - 

Request DefaultHttpRequest(decodeResult: success, version: HTTP/1.1)
POST /session/1a08173d2c2d12f63e10158ce9ac07ed/element HTTP/1.1
User-Agent: selenium/4.8.3 (java windows)
Content-Length: 168
Content-Type: application/json; charset=utf-8
host: localhost:28753
accept: */*

Response DefaultHttpResponse(decodeResult: success, version: HTTP/1.1)
HTTP/1.1 200 OK
Content-Length: 95
Content-Type: application/json; charset=utf-8
cache-control: no-cache

19:06:02.120 [AsyncHttpClient-1-2] DEBUG org.asynchttpclient.netty.channel.ChannelManager - Adding key: http://localhost:28753 for channel [id: 0x806da89a, L:/127.0.0.1:57851 - R:localhost/127.0.0.1:28753]
19:06:02.121 [Forwarding clickElement on session 1a08173d2c2d12f63e10158ce9ac07ed to remote] DEBUG org.asynchttpclient.netty.request.NettyRequestSender - Using pooled Channel '[id: 0x806da89a, L:/127.0.0.1:57851 - R:localhost/127.0.0.1:28753]' for 'POST' to 'http://localhost:28753/session/1a08173d2c2d12f63e10158ce9ac07ed/element/73042298D57C938AF146752D5D551A27_element_40/click'
19:06:02.121 [Forwarding clickElement on session 1a08173d2c2d12f63e10158ce9ac07ed to remote] DEBUG org.asynchttpclient.netty.request.NettyRequestSender - Using open Channel [id: 0x806da89a, L:/127.0.0.1:57851 - R:localhost/127.0.0.1:28753] for POST '/session/1a08173d2c2d12f63e10158ce9ac07ed/element/73042298D57C938AF146752D5D551A27_element_40/click'
19:06:02.265 [AsyncHttpClient-1-2] DEBUG org.asynchttpclient.netty.handler.HttpHandler - 

Request DefaultHttpRequest(decodeResult: success, version: HTTP/1.1)
POST /session/1a08173d2c2d12f63e10158ce9ac07ed/element/73042298D57C938AF146752D5D551A27_element_40/click HTTP/1.1
User-Agent: selenium/4.8.3 (java windows)
Content-Length: 57
Content-Type: application/json; charset=utf-8
host: localhost:28753
accept: */*

Response DefaultHttpResponse(decodeResult: success, version: HTTP/1.1)
HTTP/1.1 200 OK
Content-Length: 14
Content-Type: application/json; charset=utf-8
cache-control: no-cache

19:06:02.265 [AsyncHttpClient-1-2] DEBUG org.asynchttpclient.netty.channel.ChannelManager - Adding key: http://localhost:28753 for channel [id: 0x806da89a, L:/127.0.0.1:57851 - R:localhost/127.0.0.1:28753]
19:06:02.267 [Forwarding findElement on session 1a08173d2c2d12f63e10158ce9ac07ed to remote] DEBUG org.asynchttpclient.netty.request.NettyRequestSender - Using pooled Channel '[id: 0x806da89a, L:/127.0.0.1:57851 - R:localhost/127.0.0.1:28753]' for 'POST' to 'http://localhost:28753/session/1a08173d2c2d12f63e10158ce9ac07ed/element'
19:06:02.267 [Forwarding findElement on session 1a08173d2c2d12f63e10158ce9ac07ed to remote] DEBUG org.asynchttpclient.netty.request.NettyRequestSender - Using open Channel [id: 0x806da89a, L:/127.0.0.1:57851 - R:localhost/127.0.0.1:28753] for POST '/session/1a08173d2c2d12f63e10158ce9ac07ed/element'
19:06:02.536 [AsyncHttpClient-1-1] DEBUG org.asynchttpclient.netty.channel.DefaultChannelPool - Entry count for : http://localhost:57852 : 1
19:06:03.636 [AsyncHttpClient-1-1] DEBUG org.asynchttpclient.netty.channel.DefaultChannelPool - Entry count for : http://localhost:57852 : 1
19:06:04.738 [AsyncHttpClient-1-1] DEBUG org.asynchttpclient.netty.channel.DefaultChannelPool - Entry count for : http://localhost:57852 : 1
19:06:05.836 [AsyncHttpClient-1-1] DEBUG org.asynchttpclient.netty.channel.DefaultChannelPool - Entry count for : http://localhost:57852 : 1
19:06:06.533 [AsyncHttpClient-1-2] DEBUG org.asynchttpclient.netty.handler.HttpHandler - 

Request DefaultHttpRequest(decodeResult: success, version: HTTP/1.1)
POST /session/1a08173d2c2d12f63e10158ce9ac07ed/element HTTP/1.1
User-Agent: selenium/4.8.3 (java windows)
Content-Length: 77
Content-Type: application/json; charset=utf-8
host: localhost:28753
accept: */*

Response DefaultHttpResponse(decodeResult: success, version: HTTP/1.1)
HTTP/1.1 404 Not Found
Content-Length: 967
Content-Type: application/json; charset=utf-8
cache-control: no-cache

19:06:06.534 [AsyncHttpClient-1-2] DEBUG org.asynchttpclient.netty.channel.ChannelManager - Adding key: http://localhost:28753 for channel [id: 0x806da89a, L:/127.0.0.1:57851 - R:localhost/127.0.0.1:28753]
2023-06-06 19:06:06 INFO  Listeners:55 - Skipped test null
19:06:06.535 [main] ERROR com.epam.reportportal.service.Launch - Item io.reactivex.internal.operators.maybe.MaybeCache@581da9e6 not found in the cache
]]></system-out>
    <system-err><![CDATA[Starting ChromeDriver 114.0.5735.90 (386bc09e8f4f2e025eddae123f36f6263096ae49-refs/branch-heads/5735@{#1052}) on port 28753
Only local connections are allowed.
Please see https://chromedriver.chromium.org/security-considerations for suggestions on keeping ChromeDriver safe.
ChromeDriver was started successfully.
Jun 06, 2023 7:05:59 PM org.openqa.selenium.devtools.CdpVersionFinder findNearestMatch
WARNING: Unable to find an exact match for CDP version 114, so returning the closest version found: 111
]]></system-err>
  </testcase>
  <testcase name="searchDashboardNameDP[FLAKY TEST CASES](18)" classname="alltests.uitest.coreTest.DashboardPageTest" time="4.635">
    <failure message="no such element: Unable to locate element: {&quot;method&quot;:&quot;xpath&quot;,&quot;selector&quot;:&quot;//*[text()=&apos;FLAKY TEST CASES&apos;]&quot;}&#10;  (Session info: chrome=114.0.5735.110)&#10;For documentation on this error, please visit: https://selenium.dev/exceptions/#no_such_element&#10;Build info: version: &apos;4.8.3&apos;, revision: &apos;e5e76298c3&apos;&#10;System info: os.name: &apos;Windows 10&apos;, os.arch: &apos;amd64&apos;, os.version: &apos;10.0&apos;, java.version: &apos;17.0.3.1&apos;&#10;Driver info: org.openqa.selenium.chrome.ChromeDriver&#10;Command: [81fd1f42ff4bcad731e40cd711119781, findElement {using=xpath, value=//*[text()=&apos;FLAKY TEST CASES&apos;]}]&#10;Capabilities {acceptInsecureCerts: false, browserName: chrome, browserVersion: 114.0.5735.110, chrome: {chromedriverVersion: 114.0.5735.90 (386bc09e8f4f..., userDataDir: C:\Users\SUWARN~1\AppData\L...}, goog:chromeOptions: {debuggerAddress: localhost:57885}, networkConnectionEnabled: false, pageLoadStrategy: normal, platformName: WINDOWS, proxy: Proxy(), se:cdp: ws://localhost:57885/devtoo..., se:cdpVersion: 114.0.5735.110, setWindowRect: true, strictFileInteractability: false, timeouts: {implicit: 0, pageLoad: 300000, script: 30000}, unhandledPromptBehavior: dismiss and notify, webauthn:extension:credBlob: true, webauthn:extension:largeBlob: true, webauthn:extension:minPinLength: true, webauthn:extension:prf: true, webauthn:virtualAuthenticators: true}&#10;Session ID: 81fd1f42ff4bcad731e40cd711119781" type="org.openqa.selenium.NoSuchElementException"><![CDATA[org.openqa.selenium.NoSuchElementException: 
no such element: Unable to locate element: {"method":"xpath","selector":"//*[text()='FLAKY TEST CASES']"}
  (Session info: chrome=114.0.5735.110)
For documentation on this error, please visit: https://selenium.dev/exceptions/#no_such_element
Build info: version: '4.8.3', revision: 'e5e76298c3'
System info: os.name: 'Windows 10', os.arch: 'amd64', os.version: '10.0', java.version: '17.0.3.1'
Driver info: org.openqa.selenium.chrome.ChromeDriver
Command: [81fd1f42ff4bcad731e40cd711119781, findElement {using=xpath, value=//*[text()='FLAKY TEST CASES']}]
Capabilities {acceptInsecureCerts: false, browserName: chrome, browserVersion: 114.0.5735.110, chrome: {chromedriverVersion: 114.0.5735.90 (386bc09e8f4f..., userDataDir: C:\Users\SUWARN~1\AppData\L...}, goog:chromeOptions: {debuggerAddress: localhost:57885}, networkConnectionEnabled: false, pageLoadStrategy: normal, platformName: WINDOWS, proxy: Proxy(), se:cdp: ws://localhost:57885/devtoo..., se:cdpVersion: 114.0.5735.110, setWindowRect: true, strictFileInteractability: false, timeouts: {implicit: 0, pageLoad: 300000, script: 30000}, unhandledPromptBehavior: dismiss and notify, webauthn:extension:credBlob: true, webauthn:extension:largeBlob: true, webauthn:extension:minPinLength: true, webauthn:extension:prf: true, webauthn:virtualAuthenticators: true}
Session ID: 81fd1f42ff4bcad731e40cd711119781
	at java.base/jdk.internal.reflect.NativeConstructorAccessorImpl.newInstance0(Native Method)
	at java.base/jdk.internal.reflect.NativeConstructorAccessorImpl.newInstance(NativeConstructorAccessorImpl.java:77)
	at java.base/jdk.internal.reflect.DelegatingConstructorAccessorImpl.newInstance(DelegatingConstructorAccessorImpl.java:45)
	at java.base/java.lang.reflect.Constructor.newInstanceWithCaller(Constructor.java:499)
	at java.base/java.lang.reflect.Constructor.newInstance(Constructor.java:480)
	at org.openqa.selenium.remote.codec.w3c.W3CHttpResponseCodec.createException(W3CHttpResponseCodec.java:200)
	at org.openqa.selenium.remote.codec.w3c.W3CHttpResponseCodec.decode(W3CHttpResponseCodec.java:133)
	at org.openqa.selenium.remote.codec.w3c.W3CHttpResponseCodec.decode(W3CHttpResponseCodec.java:53)
	at org.openqa.selenium.remote.HttpCommandExecutor.execute(HttpCommandExecutor.java:193)
	at org.openqa.selenium.remote.service.DriverCommandExecutor.invokeExecute(DriverCommandExecutor.java:183)
	at org.openqa.selenium.remote.service.DriverCommandExecutor.execute(DriverCommandExecutor.java:158)
	at org.openqa.selenium.remote.RemoteWebDriver.execute(RemoteWebDriver.java:543)
	at org.openqa.selenium.remote.ElementLocation$ElementFinder$2.findElement(ElementLocation.java:162)
	at org.openqa.selenium.remote.ElementLocation.findElement(ElementLocation.java:60)
	at org.openqa.selenium.remote.RemoteWebDriver.findElement(RemoteWebDriver.java:352)
	at org.openqa.selenium.remote.RemoteWebDriver.findElement(RemoteWebDriver.java:344)
	at pageobject.DemoDashboard.verifyNamesOfWidgetPresetOnDemoDashboard(DemoDashboard.java:31)
	at alltests.uitest.coreTest.DashboardPageTest.searchDashboardNameDP(DashboardPageTest.java:40)
	at jdk.internal.reflect.GeneratedMethodAccessor127.invoke(Unknown Source)
	at java.base/jdk.internal.reflect.DelegatingMethodAccessorImpl.invoke(DelegatingMethodAccessorImpl.java:43)
	at java.base/java.lang.reflect.Method.invoke(Method.java:568)
	at org.testng.internal.invokers.MethodInvocationHelper.invokeMethod(MethodInvocationHelper.java:139)
	at org.testng.internal.invokers.TestInvoker.invokeMethod(TestInvoker.java:677)
	at org.testng.internal.invokers.TestInvoker.retryFailed(TestInvoker.java:263)
	at org.testng.internal.invokers.MethodRunner.runInSequence(MethodRunner.java:62)
	at org.testng.internal.invokers.TestInvoker$MethodInvocationAgent.invoke(TestInvoker.java:969)
	at org.testng.internal.invokers.TestInvoker.invokeTestMethods(TestInvoker.java:194)
	at org.testng.internal.invokers.TestMethodWorker.invokeTestMethods(TestMethodWorker.java:148)
	at org.testng.internal.invokers.TestMethodWorker.run(TestMethodWorker.java:128)
	at java.base/java.util.ArrayList.forEach(ArrayList.java:1511)
	at org.testng.TestRunner.privateRun(TestRunner.java:829)
	at org.testng.TestRunner.run(TestRunner.java:602)
	at org.testng.SuiteRunner.runTest(SuiteRunner.java:437)
	at org.testng.SuiteRunner.runSequentially(SuiteRunner.java:431)
	at org.testng.SuiteRunner.privateRun(SuiteRunner.java:391)
	at org.testng.SuiteRunner.run(SuiteRunner.java:330)
	at org.testng.SuiteRunnerWorker.runSuite(SuiteRunnerWorker.java:52)
	at org.testng.SuiteRunnerWorker.run(SuiteRunnerWorker.java:95)
	at org.testng.TestNG.runSuitesSequentially(TestNG.java:1256)
	at org.testng.TestNG.runSuitesLocally(TestNG.java:1176)
	at org.testng.TestNG.runSuites(TestNG.java:1099)
	at org.testng.TestNG.run(TestNG.java:1067)
	at org.apache.maven.surefire.testng.TestNGExecutor.run(TestNGExecutor.java:308)
	at org.apache.maven.surefire.testng.TestNGXmlTestSuite.execute(TestNGXmlTestSuite.java:71)
	at org.apache.maven.surefire.testng.TestNGProvider.invoke(TestNGProvider.java:113)
	at org.apache.maven.surefire.booter.ForkedBooter.runSuitesInProcess(ForkedBooter.java:385)
	at org.apache.maven.surefire.booter.ForkedBooter.execute(ForkedBooter.java:162)
	at org.apache.maven.surefire.booter.ForkedBooter.run(ForkedBooter.java:507)
	at org.apache.maven.surefire.booter.ForkedBooter.main(ForkedBooter.java:495)
]]></failure>
    <system-out><![CDATA[19:06:06.536 [rp-io-24] DEBUG com.epam.reportportal.service.Launch - Starting test item...rp-io-24
19:06:06.537 [AsyncHttpClient-1-4] DEBUG org.asynchttpclient.netty.handler.WebSocketHandler - Channel Closed: [id: 0x3ec2f9bc, L:/127.0.0.1:57859 ! R:localhost/127.0.0.1:57852] with attribute NettyResponseFuture{currentRetry=0,
	isDone=1,
	isCancelled=0,
	asyncHandler=org.asynchttpclient.ws.WebSocketUpgradeHandler@5b3b6451,
	nettyRequest=org.asynchttpclient.netty.request.NettyRequest@556a31a5,
	future=java.util.concurrent.CompletableFuture@34a55d02[Completed normally],
	uri=ws://localhost:57852/devtools/browser/f7435120-7c9c-423b-807f-8c35d3a7ddd0,
	keepAlive=true,
	redirectCount=0,
	timeoutsHolder=null,
	inAuth=0,
	touch=1686071159625}
19:06:06.537 [AsyncHttpClient-1-4] DEBUG org.asynchttpclient.netty.channel.ChannelManager - Closing Channel [id: 0x3ec2f9bc, L:/127.0.0.1:57859 ! R:localhost/127.0.0.1:57852] 
19:06:06.538 [Driver Command Executor] DEBUG org.asynchttpclient.netty.request.NettyRequestSender - Using pooled Channel '[id: 0x806da89a, L:/127.0.0.1:57851 - R:localhost/127.0.0.1:28753]' for 'DELETE' to 'http://localhost:28753/session/1a08173d2c2d12f63e10158ce9ac07ed'
19:06:06.538 [Driver Command Executor] DEBUG org.asynchttpclient.netty.request.NettyRequestSender - Using open Channel [id: 0x806da89a, L:/127.0.0.1:57851 - R:localhost/127.0.0.1:28753] for DELETE '/session/1a08173d2c2d12f63e10158ce9ac07ed'
19:06:06.560 [rp-io-25] DEBUG com.epam.reportportal.service.Launch - TestItem with ID = '726c2755-862f-407a-adaa-2bd93db81c34' successfully finished.
19:06:06.560 [rp-io-25] DEBUG com.epam.reportportal.utils.SubscriptionUtils - Finish test item completed
19:06:06.561 [rp-io-24] DEBUG com.epam.reportportal.service.Launch - ReportPortal item with ID '40d22a19-e65d-49a9-ba6c-b1befbbc362f' has been created
19:06:06.561 [rp-io-24] DEBUG com.epam.reportportal.utils.SubscriptionUtils - Start test item successfully completed
19:06:06.562 [rp-io-28] DEBUG com.epam.reportportal.service.Launch - TestItem with ID = '2ac01a02-33fe-442b-bb67-551043b3a756' successfully finished.
19:06:06.562 [rp-io-28] DEBUG com.epam.reportportal.utils.SubscriptionUtils - Finish test item completed
19:06:06.790 [AsyncHttpClient-1-3] DEBUG org.asynchttpclient.netty.handler.HttpHandler - Unexpected I/O exception on channel [id: 0xf3af1d64, L:/127.0.0.1:57858 - R:localhost/127.0.0.1:57852]
java.net.SocketException: Connection reset
	at java.base/sun.nio.ch.SocketChannelImpl.throwConnectionReset(SocketChannelImpl.java:394)
	at java.base/sun.nio.ch.SocketChannelImpl.read(SocketChannelImpl.java:426)
	at io.netty.buffer.PooledByteBuf.setBytes(PooledByteBuf.java:256)
	at io.netty.buffer.AbstractByteBuf.writeBytes(AbstractByteBuf.java:1132)
	at io.netty.channel.socket.nio.NioSocketChannel.doReadBytes(NioSocketChannel.java:357)
	at io.netty.channel.nio.AbstractNioByteChannel$NioByteUnsafe.read(AbstractNioByteChannel.java:151)
	at io.netty.channel.nio.NioEventLoop.processSelectedKey(NioEventLoop.java:788)
	at io.netty.channel.nio.NioEventLoop.processSelectedKeysOptimized(NioEventLoop.java:724)
	at io.netty.channel.nio.NioEventLoop.processSelectedKeys(NioEventLoop.java:650)
	at io.netty.channel.nio.NioEventLoop.run(NioEventLoop.java:562)
	at io.netty.util.concurrent.SingleThreadEventExecutor$4.run(SingleThreadEventExecutor.java:997)
	at io.netty.util.internal.ThreadExecutorMap$2.run(ThreadExecutorMap.java:74)
	at io.netty.util.concurrent.FastThreadLocalRunnable.run(FastThreadLocalRunnable.java:30)
	at java.base/java.lang.Thread.run(Thread.java:833)
19:06:06.790 [AsyncHttpClient-1-3] DEBUG org.asynchttpclient.netty.channel.ChannelManager - Closing Channel [id: 0xf3af1d64, L:/127.0.0.1:57858 - R:localhost/127.0.0.1:57852] 
19:06:06.790 [AsyncHttpClient-1-3] DEBUG org.asynchttpclient.netty.handler.HttpHandler - Channel Closed: [id: 0xf3af1d64, L:/127.0.0.1:57858 ! R:localhost/127.0.0.1:57852] with attribute DISCARD
19:06:06.807 [AsyncHttpClient-1-2] DEBUG org.asynchttpclient.netty.handler.HttpHandler - 

Request DefaultFullHttpRequest(decodeResult: success, version: HTTP/1.1, content: EmptyByteBufBE)
DELETE /session/1a08173d2c2d12f63e10158ce9ac07ed HTTP/1.1
User-Agent: selenium/4.8.3 (java windows)
Content-Type: application/json; charset=utf-8
host: localhost:28753
accept: */*

Response DefaultHttpResponse(decodeResult: success, version: HTTP/1.1)
HTTP/1.1 200 OK
Content-Length: 14
Content-Type: application/json; charset=utf-8
cache-control: no-cache

19:06:06.807 [AsyncHttpClient-1-2] DEBUG org.asynchttpclient.netty.channel.ChannelManager - Adding key: http://localhost:28753 for channel [id: 0x806da89a, L:/127.0.0.1:57851 - R:localhost/127.0.0.1:28753]
19:06:06.850 [AsyncHttpClient-1-2] DEBUG org.asynchttpclient.netty.handler.HttpHandler - Channel Closed: [id: 0x806da89a, L:/127.0.0.1:57851 ! R:localhost/127.0.0.1:28753] with attribute DISCARD
2023-06-06 19:06:06 INFO  BaseTest:83 - Test executed**********
19:06:06.893 [rp-io-35] DEBUG com.epam.reportportal.service.Launch - Starting test item...rp-io-35
2023-06-06 19:06:06 INFO  BaseTest:110 - Property files loaded successfully**********
19:06:06.902 [main] DEBUG io.github.bonigarcia.wdm.cache.ResolutionCache - Resolution chrome=114 in cache (valid until 19:20:28 06/06/2023 CEST)
19:06:06.902 [main] DEBUG io.github.bonigarcia.wdm.cache.ResolutionCache - Resolution chrome114=114.0.5735.90 in cache (valid until 16:16:26 07/06/2023 CEST)
19:06:06.902 [main] INFO io.github.bonigarcia.wdm.WebDriverManager - Using chromedriver 114.0.5735.90 (resolved driver for Chrome 114)
19:06:06.906 [rp-io-27] DEBUG com.epam.reportportal.service.Launch - TestItem with ID = '40d22a19-e65d-49a9-ba6c-b1befbbc362f' successfully finished.
19:06:06.906 [rp-io-27] DEBUG com.epam.reportportal.utils.SubscriptionUtils - Finish test item completed
19:06:06.910 [rp-io-36] DEBUG com.epam.reportportal.service.Launch - ReportPortal item with ID '5b1483ff-3acc-45b4-ac8b-58a5a28406bd' has been created
19:06:06.910 [rp-io-36] DEBUG com.epam.reportportal.utils.SubscriptionUtils - Start test item successfully completed
19:06:06.910 [main] DEBUG io.github.bonigarcia.wdm.WebDriverManager - Driver chromedriver 114.0.5735.90 found in cache
19:06:06.911 [main] INFO io.github.bonigarcia.wdm.WebDriverManager - Exporting webdriver.chrome.driver as C:\Users\Suwarna_Wagh\.cache\selenium\chromedriver\win32\114.0.5735.90\chromedriver.exe
19:06:06.936 [AsyncHttpClient-1-1] DEBUG org.asynchttpclient.netty.channel.DefaultChannelPool - Entry count for : http://localhost:57852 : 1
19:06:06.936 [AsyncHttpClient-1-1] DEBUG org.asynchttpclient.netty.channel.DefaultChannelPool - Entry count for : http://localhost:28753 : 1
19:06:06.936 [AsyncHttpClient-1-1] DEBUG org.asynchttpclient.netty.channel.DefaultChannelPool - Adding Candidate expired Channel [id: 0xf3af1d64, L:/127.0.0.1:57858 ! R:localhost/127.0.0.1:57852] isIdleTimeoutExpired=false isRemotelyClosed=true isTtlExpired=false
19:06:06.936 [AsyncHttpClient-1-1] DEBUG org.asynchttpclient.netty.channel.DefaultChannelPool - Closing Idle Channel [id: 0xf3af1d64, L:/127.0.0.1:57858 ! R:localhost/127.0.0.1:57852]
19:06:06.936 [AsyncHttpClient-1-1] DEBUG org.asynchttpclient.netty.channel.DefaultChannelPool - Adding Candidate expired Channel [id: 0x806da89a, L:/127.0.0.1:57851 ! R:localhost/127.0.0.1:28753] isIdleTimeoutExpired=false isRemotelyClosed=true isTtlExpired=false
19:06:06.936 [AsyncHttpClient-1-1] DEBUG org.asynchttpclient.netty.channel.DefaultChannelPool - Closing Idle Channel [id: 0x806da89a, L:/127.0.0.1:57851 ! R:localhost/127.0.0.1:28753]
19:06:06.936 [AsyncHttpClient-1-1] DEBUG org.asynchttpclient.netty.channel.DefaultChannelPool - Closed 2 connections out of 2 in 0 ms
19:06:07.064 [AsyncHttpClient-1-5] DEBUG org.asynchttpclient.netty.channel.NettyConnectListener - Using new Channel '[id: 0x330bf471, L:/127.0.0.1:57884 - R:localhost/127.0.0.1:10787]' for 'POST' to '/session'
19:06:07.824 [AsyncHttpClient-1-5] DEBUG org.asynchttpclient.netty.handler.HttpHandler - 

Request DefaultHttpRequest(decodeResult: success, version: HTTP/1.1)
POST /session HTTP/1.1
User-Agent: selenium/4.8.3 (java windows)
Content-Length: 439
Content-Type: application/json; charset=utf-8
host: localhost:10787
accept: */*

Response DefaultHttpResponse(decodeResult: success, version: HTTP/1.1)
HTTP/1.1 200 OK
Content-Length: 864
Content-Type: application/json; charset=utf-8
cache-control: no-cache

19:06:07.824 [AsyncHttpClient-1-5] DEBUG org.asynchttpclient.netty.channel.ChannelManager - Adding key: http://localhost:10787 for channel [id: 0x330bf471, L:/127.0.0.1:57884 - R:localhost/127.0.0.1:10787]
19:06:07.829 [AsyncHttpClient-1-6] DEBUG org.asynchttpclient.netty.channel.NettyConnectListener - Using new Channel '[id: 0x0ec4fc00, L:/127.0.0.1:57892 - R:localhost/127.0.0.1:57885]' for 'GET' to '/json/version'
19:06:07.833 [AsyncHttpClient-1-6] DEBUG org.asynchttpclient.netty.handler.HttpHandler - 

Request DefaultFullHttpRequest(decodeResult: success, version: HTTP/1.1, content: EmptyByteBufBE)
GET /json/version HTTP/1.1
User-Agent: selenium/4.8.3 (java windows)
host: localhost:57885
accept: */*

Response DefaultHttpResponse(decodeResult: success, version: HTTP/1.1)
HTTP/1.1 200 OK
Content-Security-Policy: frame-ancestors 'none'
Content-Length: 424
Content-Type: application/json; charset=UTF-8

19:06:07.833 [AsyncHttpClient-1-6] DEBUG org.asynchttpclient.netty.channel.ChannelManager - Adding key: http://localhost:57885 for channel [id: 0x0ec4fc00, L:/127.0.0.1:57892 - R:localhost/127.0.0.1:57885]
19:06:07.835 [AsyncHttpClient-1-7] DEBUG org.asynchttpclient.netty.channel.NettyConnectListener - Using new Channel '[id: 0xc21bc3a4, L:/127.0.0.1:57893 - R:localhost/127.0.0.1:57885]' for 'GET' to '/devtools/browser/17779a80-7b1b-4daf-a0c4-50f6febeee5f'
19:06:07.835 [AsyncHttpClient-1-7] DEBUG org.asynchttpclient.netty.handler.WebSocketHandler - 

Request DefaultFullHttpRequest(decodeResult: success, version: HTTP/1.1, content: EmptyByteBufBE)
GET /devtools/browser/17779a80-7b1b-4daf-a0c4-50f6febeee5f HTTP/1.1
upgrade: websocket
connection: upgrade
sec-websocket-key: hrCUXfKwAI8109n89FNMAg==
sec-websocket-version: 13
origin: http://localhost:57885
host: localhost:57885
accept: */*
user-agent: AHC/2.1

Response DefaultHttpResponse(decodeResult: success, version: HTTP/1.1)
HTTP/1.1 101 WebSocket Protocol Handshake
Upgrade: WebSocket
Connection: Upgrade
Sec-WebSocket-Accept: MbyfMhIzg5gUunqfs4aY8XZYk/U=

19:06:07.839 [Forwarding setTimeout on session 81fd1f42ff4bcad731e40cd711119781 to remote] DEBUG org.asynchttpclient.netty.request.NettyRequestSender - Using pooled Channel '[id: 0x330bf471, L:/127.0.0.1:57884 - R:localhost/127.0.0.1:10787]' for 'POST' to 'http://localhost:10787/session/81fd1f42ff4bcad731e40cd711119781/timeouts'
19:06:07.839 [Forwarding setTimeout on session 81fd1f42ff4bcad731e40cd711119781 to remote] DEBUG org.asynchttpclient.netty.request.NettyRequestSender - Using open Channel [id: 0x330bf471, L:/127.0.0.1:57884 - R:localhost/127.0.0.1:10787] for POST '/session/81fd1f42ff4bcad731e40cd711119781/timeouts'
19:06:07.840 [AsyncHttpClient-1-5] DEBUG org.asynchttpclient.netty.handler.HttpHandler - 

Request DefaultHttpRequest(decodeResult: success, version: HTTP/1.1)
POST /session/81fd1f42ff4bcad731e40cd711119781/timeouts HTTP/1.1
User-Agent: selenium/4.8.3 (java windows)
Content-Length: 22
Content-Type: application/json; charset=utf-8
host: localhost:10787
accept: */*

Response DefaultHttpResponse(decodeResult: success, version: HTTP/1.1)
HTTP/1.1 200 OK
Content-Length: 14
Content-Type: application/json; charset=utf-8
cache-control: no-cache

19:06:07.840 [AsyncHttpClient-1-5] DEBUG org.asynchttpclient.netty.channel.ChannelManager - Adding key: http://localhost:10787 for channel [id: 0x330bf471, L:/127.0.0.1:57884 - R:localhost/127.0.0.1:10787]
19:06:07.842 [Forwarding maximizeCurrentWindow on session 81fd1f42ff4bcad731e40cd711119781 to remote] DEBUG org.asynchttpclient.netty.request.NettyRequestSender - Using pooled Channel '[id: 0x330bf471, L:/127.0.0.1:57884 - R:localhost/127.0.0.1:10787]' for 'POST' to 'http://localhost:10787/session/81fd1f42ff4bcad731e40cd711119781/window/maximize'
19:06:07.842 [Forwarding maximizeCurrentWindow on session 81fd1f42ff4bcad731e40cd711119781 to remote] DEBUG org.asynchttpclient.netty.request.NettyRequestSender - Using open Channel [id: 0x330bf471, L:/127.0.0.1:57884 - R:localhost/127.0.0.1:10787] for POST '/session/81fd1f42ff4bcad731e40cd711119781/window/maximize'
19:06:07.968 [AsyncHttpClient-1-5] DEBUG org.asynchttpclient.netty.handler.HttpHandler - 

Request DefaultHttpRequest(decodeResult: success, version: HTTP/1.1)
POST /session/81fd1f42ff4bcad731e40cd711119781/window/maximize HTTP/1.1
User-Agent: selenium/4.8.3 (java windows)
Content-Length: 3
Content-Type: application/json; charset=utf-8
host: localhost:10787
accept: */*

Response DefaultHttpResponse(decodeResult: success, version: HTTP/1.1)
HTTP/1.1 200 OK
Content-Length: 51
Content-Type: application/json; charset=utf-8
cache-control: no-cache

19:06:07.969 [AsyncHttpClient-1-5] DEBUG org.asynchttpclient.netty.channel.ChannelManager - Adding key: http://localhost:10787 for channel [id: 0x330bf471, L:/127.0.0.1:57884 - R:localhost/127.0.0.1:10787]
19:06:07.970 [Forwarding get on session 81fd1f42ff4bcad731e40cd711119781 to remote] DEBUG org.asynchttpclient.netty.request.NettyRequestSender - Using pooled Channel '[id: 0x330bf471, L:/127.0.0.1:57884 - R:localhost/127.0.0.1:10787]' for 'POST' to 'http://localhost:10787/session/81fd1f42ff4bcad731e40cd711119781/url'
19:06:07.970 [Forwarding get on session 81fd1f42ff4bcad731e40cd711119781 to remote] DEBUG org.asynchttpclient.netty.request.NettyRequestSender - Using open Channel [id: 0x330bf471, L:/127.0.0.1:57884 - R:localhost/127.0.0.1:10787] for POST '/session/81fd1f42ff4bcad731e40cd711119781/url'
19:06:08.037 [AsyncHttpClient-1-1] DEBUG org.asynchttpclient.netty.channel.DefaultChannelPool - Entry count for : http://localhost:57885 : 1
19:06:09.136 [AsyncHttpClient-1-1] DEBUG org.asynchttpclient.netty.channel.DefaultChannelPool - Entry count for : http://localhost:57885 : 1
19:06:09.203 [AsyncHttpClient-1-5] DEBUG org.asynchttpclient.netty.handler.HttpHandler - 

Request DefaultHttpRequest(decodeResult: success, version: HTTP/1.1)
POST /session/81fd1f42ff4bcad731e40cd711119781/url HTTP/1.1
User-Agent: selenium/4.8.3 (java windows)
Content-Length: 52
Content-Type: application/json; charset=utf-8
host: localhost:10787
accept: */*

Response DefaultHttpResponse(decodeResult: success, version: HTTP/1.1)
HTTP/1.1 200 OK
Content-Length: 14
Content-Type: application/json; charset=utf-8
cache-control: no-cache

19:06:09.203 [AsyncHttpClient-1-5] DEBUG org.asynchttpclient.netty.channel.ChannelManager - Adding key: http://localhost:10787 for channel [id: 0x330bf471, L:/127.0.0.1:57884 - R:localhost/127.0.0.1:10787]
2023-06-06 19:06:09 INFO  BaseTest:104 - Test driver set up done successfully**********
2023-06-06 19:06:09 INFO  BaseTest:122 - Logging in to portal
19:06:09.205 [Forwarding findElement on session 81fd1f42ff4bcad731e40cd711119781 to remote] DEBUG org.asynchttpclient.netty.request.NettyRequestSender - Using pooled Channel '[id: 0x330bf471, L:/127.0.0.1:57884 - R:localhost/127.0.0.1:10787]' for 'POST' to 'http://localhost:10787/session/81fd1f42ff4bcad731e40cd711119781/element'
19:06:09.205 [Forwarding findElement on session 81fd1f42ff4bcad731e40cd711119781 to remote] DEBUG org.asynchttpclient.netty.request.NettyRequestSender - Using open Channel [id: 0x330bf471, L:/127.0.0.1:57884 - R:localhost/127.0.0.1:10787] for POST '/session/81fd1f42ff4bcad731e40cd711119781/element'
19:06:09.220 [AsyncHttpClient-1-5] DEBUG org.asynchttpclient.netty.handler.HttpHandler - 

Request DefaultHttpRequest(decodeResult: success, version: HTTP/1.1)
POST /session/81fd1f42ff4bcad731e40cd711119781/element HTTP/1.1
User-Agent: selenium/4.8.3 (java windows)
Content-Length: 59
Content-Type: application/json; charset=utf-8
host: localhost:10787
accept: */*

Response DefaultHttpResponse(decodeResult: success, version: HTTP/1.1)
HTTP/1.1 200 OK
Content-Length: 95
Content-Type: application/json; charset=utf-8
cache-control: no-cache

19:06:09.220 [AsyncHttpClient-1-5] DEBUG org.asynchttpclient.netty.channel.ChannelManager - Adding key: http://localhost:10787 for channel [id: 0x330bf471, L:/127.0.0.1:57884 - R:localhost/127.0.0.1:10787]
19:06:09.221 [Forwarding clearElement on session 81fd1f42ff4bcad731e40cd711119781 to remote] DEBUG org.asynchttpclient.netty.request.NettyRequestSender - Using pooled Channel '[id: 0x330bf471, L:/127.0.0.1:57884 - R:localhost/127.0.0.1:10787]' for 'POST' to 'http://localhost:10787/session/81fd1f42ff4bcad731e40cd711119781/element/3A7A958AB0335D3A17A5F21E562E6A3C_element_29/clear'
19:06:09.221 [Forwarding clearElement on session 81fd1f42ff4bcad731e40cd711119781 to remote] DEBUG org.asynchttpclient.netty.request.NettyRequestSender - Using open Channel [id: 0x330bf471, L:/127.0.0.1:57884 - R:localhost/127.0.0.1:10787] for POST '/session/81fd1f42ff4bcad731e40cd711119781/element/3A7A958AB0335D3A17A5F21E562E6A3C_element_29/clear'
19:06:09.269 [AsyncHttpClient-1-5] DEBUG org.asynchttpclient.netty.handler.HttpHandler - 

Request DefaultHttpRequest(decodeResult: success, version: HTTP/1.1)
POST /session/81fd1f42ff4bcad731e40cd711119781/element/3A7A958AB0335D3A17A5F21E562E6A3C_element_29/clear HTTP/1.1
User-Agent: selenium/4.8.3 (java windows)
Content-Length: 57
Content-Type: application/json; charset=utf-8
host: localhost:10787
accept: */*

Response DefaultHttpResponse(decodeResult: success, version: HTTP/1.1)
HTTP/1.1 200 OK
Content-Length: 14
Content-Type: application/json; charset=utf-8
cache-control: no-cache

19:06:09.269 [AsyncHttpClient-1-5] DEBUG org.asynchttpclient.netty.channel.ChannelManager - Adding key: http://localhost:10787 for channel [id: 0x330bf471, L:/127.0.0.1:57884 - R:localhost/127.0.0.1:10787]
19:06:09.270 [Forwarding findElement on session 81fd1f42ff4bcad731e40cd711119781 to remote] DEBUG org.asynchttpclient.netty.request.NettyRequestSender - Using pooled Channel '[id: 0x330bf471, L:/127.0.0.1:57884 - R:localhost/127.0.0.1:10787]' for 'POST' to 'http://localhost:10787/session/81fd1f42ff4bcad731e40cd711119781/element'
19:06:09.270 [Forwarding findElement on session 81fd1f42ff4bcad731e40cd711119781 to remote] DEBUG org.asynchttpclient.netty.request.NettyRequestSender - Using open Channel [id: 0x330bf471, L:/127.0.0.1:57884 - R:localhost/127.0.0.1:10787] for POST '/session/81fd1f42ff4bcad731e40cd711119781/element'
19:06:09.280 [AsyncHttpClient-1-5] DEBUG org.asynchttpclient.netty.handler.HttpHandler - 

Request DefaultHttpRequest(decodeResult: success, version: HTTP/1.1)
POST /session/81fd1f42ff4bcad731e40cd711119781/element HTTP/1.1
User-Agent: selenium/4.8.3 (java windows)
Content-Length: 59
Content-Type: application/json; charset=utf-8
host: localhost:10787
accept: */*

Response DefaultHttpResponse(decodeResult: success, version: HTTP/1.1)
HTTP/1.1 200 OK
Content-Length: 95
Content-Type: application/json; charset=utf-8
cache-control: no-cache

19:06:09.280 [AsyncHttpClient-1-5] DEBUG org.asynchttpclient.netty.channel.ChannelManager - Adding key: http://localhost:10787 for channel [id: 0x330bf471, L:/127.0.0.1:57884 - R:localhost/127.0.0.1:10787]
19:06:09.281 [Forwarding sendKeysToElement on session 81fd1f42ff4bcad731e40cd711119781 to remote] DEBUG org.asynchttpclient.netty.request.NettyRequestSender - Using pooled Channel '[id: 0x330bf471, L:/127.0.0.1:57884 - R:localhost/127.0.0.1:10787]' for 'POST' to 'http://localhost:10787/session/81fd1f42ff4bcad731e40cd711119781/element/3A7A958AB0335D3A17A5F21E562E6A3C_element_29/value'
19:06:09.281 [Forwarding sendKeysToElement on session 81fd1f42ff4bcad731e40cd711119781 to remote] DEBUG org.asynchttpclient.netty.request.NettyRequestSender - Using open Channel [id: 0x330bf471, L:/127.0.0.1:57884 - R:localhost/127.0.0.1:10787] for POST '/session/81fd1f42ff4bcad731e40cd711119781/element/3A7A958AB0335D3A17A5F21E562E6A3C_element_29/value'
19:06:09.368 [AsyncHttpClient-1-5] DEBUG org.asynchttpclient.netty.handler.HttpHandler - 

Request DefaultHttpRequest(decodeResult: success, version: HTTP/1.1)
POST /session/81fd1f42ff4bcad731e40cd711119781/element/3A7A958AB0335D3A17A5F21E562E6A3C_element_29/value HTTP/1.1
User-Agent: selenium/4.8.3 (java windows)
Content-Length: 188
Content-Type: application/json; charset=utf-8
host: localhost:10787
accept: */*

Response DefaultHttpResponse(decodeResult: success, version: HTTP/1.1)
HTTP/1.1 200 OK
Content-Length: 14
Content-Type: application/json; charset=utf-8
cache-control: no-cache

19:06:09.368 [AsyncHttpClient-1-5] DEBUG org.asynchttpclient.netty.channel.ChannelManager - Adding key: http://localhost:10787 for channel [id: 0x330bf471, L:/127.0.0.1:57884 - R:localhost/127.0.0.1:10787]
19:06:09.369 [Forwarding findElement on session 81fd1f42ff4bcad731e40cd711119781 to remote] DEBUG org.asynchttpclient.netty.request.NettyRequestSender - Using pooled Channel '[id: 0x330bf471, L:/127.0.0.1:57884 - R:localhost/127.0.0.1:10787]' for 'POST' to 'http://localhost:10787/session/81fd1f42ff4bcad731e40cd711119781/element'
19:06:09.369 [Forwarding findElement on session 81fd1f42ff4bcad731e40cd711119781 to remote] DEBUG org.asynchttpclient.netty.request.NettyRequestSender - Using open Channel [id: 0x330bf471, L:/127.0.0.1:57884 - R:localhost/127.0.0.1:10787] for POST '/session/81fd1f42ff4bcad731e40cd711119781/element'
19:06:09.392 [AsyncHttpClient-1-5] DEBUG org.asynchttpclient.netty.handler.HttpHandler - 

Request DefaultHttpRequest(decodeResult: success, version: HTTP/1.1)
POST /session/81fd1f42ff4bcad731e40cd711119781/element HTTP/1.1
User-Agent: selenium/4.8.3 (java windows)
Content-Length: 62
Content-Type: application/json; charset=utf-8
host: localhost:10787
accept: */*

Response DefaultHttpResponse(decodeResult: success, version: HTTP/1.1)
HTTP/1.1 200 OK
Content-Length: 95
Content-Type: application/json; charset=utf-8
cache-control: no-cache

19:06:09.392 [AsyncHttpClient-1-5] DEBUG org.asynchttpclient.netty.channel.ChannelManager - Adding key: http://localhost:10787 for channel [id: 0x330bf471, L:/127.0.0.1:57884 - R:localhost/127.0.0.1:10787]
19:06:09.393 [Forwarding clearElement on session 81fd1f42ff4bcad731e40cd711119781 to remote] DEBUG org.asynchttpclient.netty.request.NettyRequestSender - Using pooled Channel '[id: 0x330bf471, L:/127.0.0.1:57884 - R:localhost/127.0.0.1:10787]' for 'POST' to 'http://localhost:10787/session/81fd1f42ff4bcad731e40cd711119781/element/3A7A958AB0335D3A17A5F21E562E6A3C_element_32/clear'
19:06:09.394 [Forwarding clearElement on session 81fd1f42ff4bcad731e40cd711119781 to remote] DEBUG org.asynchttpclient.netty.request.NettyRequestSender - Using open Channel [id: 0x330bf471, L:/127.0.0.1:57884 - R:localhost/127.0.0.1:10787] for POST '/session/81fd1f42ff4bcad731e40cd711119781/element/3A7A958AB0335D3A17A5F21E562E6A3C_element_32/clear'
19:06:09.421 [AsyncHttpClient-1-5] DEBUG org.asynchttpclient.netty.handler.HttpHandler - 

Request DefaultHttpRequest(decodeResult: success, version: HTTP/1.1)
POST /session/81fd1f42ff4bcad731e40cd711119781/element/3A7A958AB0335D3A17A5F21E562E6A3C_element_32/clear HTTP/1.1
User-Agent: selenium/4.8.3 (java windows)
Content-Length: 57
Content-Type: application/json; charset=utf-8
host: localhost:10787
accept: */*

Response DefaultHttpResponse(decodeResult: success, version: HTTP/1.1)
HTTP/1.1 200 OK
Content-Length: 14
Content-Type: application/json; charset=utf-8
cache-control: no-cache

19:06:09.421 [AsyncHttpClient-1-5] DEBUG org.asynchttpclient.netty.channel.ChannelManager - Adding key: http://localhost:10787 for channel [id: 0x330bf471, L:/127.0.0.1:57884 - R:localhost/127.0.0.1:10787]
19:06:09.422 [Forwarding findElement on session 81fd1f42ff4bcad731e40cd711119781 to remote] DEBUG org.asynchttpclient.netty.request.NettyRequestSender - Using pooled Channel '[id: 0x330bf471, L:/127.0.0.1:57884 - R:localhost/127.0.0.1:10787]' for 'POST' to 'http://localhost:10787/session/81fd1f42ff4bcad731e40cd711119781/element'
19:06:09.422 [Forwarding findElement on session 81fd1f42ff4bcad731e40cd711119781 to remote] DEBUG org.asynchttpclient.netty.request.NettyRequestSender - Using open Channel [id: 0x330bf471, L:/127.0.0.1:57884 - R:localhost/127.0.0.1:10787] for POST '/session/81fd1f42ff4bcad731e40cd711119781/element'
19:06:09.427 [AsyncHttpClient-1-5] DEBUG org.asynchttpclient.netty.handler.HttpHandler - 

Request DefaultHttpRequest(decodeResult: success, version: HTTP/1.1)
POST /session/81fd1f42ff4bcad731e40cd711119781/element HTTP/1.1
User-Agent: selenium/4.8.3 (java windows)
Content-Length: 62
Content-Type: application/json; charset=utf-8
host: localhost:10787
accept: */*

Response DefaultHttpResponse(decodeResult: success, version: HTTP/1.1)
HTTP/1.1 200 OK
Content-Length: 95
Content-Type: application/json; charset=utf-8
cache-control: no-cache

19:06:09.427 [AsyncHttpClient-1-5] DEBUG org.asynchttpclient.netty.channel.ChannelManager - Adding key: http://localhost:10787 for channel [id: 0x330bf471, L:/127.0.0.1:57884 - R:localhost/127.0.0.1:10787]
19:06:09.428 [Forwarding sendKeysToElement on session 81fd1f42ff4bcad731e40cd711119781 to remote] DEBUG org.asynchttpclient.netty.request.NettyRequestSender - Using pooled Channel '[id: 0x330bf471, L:/127.0.0.1:57884 - R:localhost/127.0.0.1:10787]' for 'POST' to 'http://localhost:10787/session/81fd1f42ff4bcad731e40cd711119781/element/3A7A958AB0335D3A17A5F21E562E6A3C_element_32/value'
19:06:09.428 [Forwarding sendKeysToElement on session 81fd1f42ff4bcad731e40cd711119781 to remote] DEBUG org.asynchttpclient.netty.request.NettyRequestSender - Using open Channel [id: 0x330bf471, L:/127.0.0.1:57884 - R:localhost/127.0.0.1:10787] for POST '/session/81fd1f42ff4bcad731e40cd711119781/element/3A7A958AB0335D3A17A5F21E562E6A3C_element_32/value'
19:06:09.479 [AsyncHttpClient-1-5] DEBUG org.asynchttpclient.netty.handler.HttpHandler - 

Request DefaultHttpRequest(decodeResult: success, version: HTTP/1.1)
POST /session/81fd1f42ff4bcad731e40cd711119781/element/3A7A958AB0335D3A17A5F21E562E6A3C_element_32/value HTTP/1.1
User-Agent: selenium/4.8.3 (java windows)
Content-Length: 148
Content-Type: application/json; charset=utf-8
host: localhost:10787
accept: */*

Response DefaultHttpResponse(decodeResult: success, version: HTTP/1.1)
HTTP/1.1 200 OK
Content-Length: 14
Content-Type: application/json; charset=utf-8
cache-control: no-cache

19:06:09.479 [AsyncHttpClient-1-5] DEBUG org.asynchttpclient.netty.channel.ChannelManager - Adding key: http://localhost:10787 for channel [id: 0x330bf471, L:/127.0.0.1:57884 - R:localhost/127.0.0.1:10787]
19:06:09.481 [Forwarding findElement on session 81fd1f42ff4bcad731e40cd711119781 to remote] DEBUG org.asynchttpclient.netty.request.NettyRequestSender - Using pooled Channel '[id: 0x330bf471, L:/127.0.0.1:57884 - R:localhost/127.0.0.1:10787]' for 'POST' to 'http://localhost:10787/session/81fd1f42ff4bcad731e40cd711119781/element'
19:06:09.481 [Forwarding findElement on session 81fd1f42ff4bcad731e40cd711119781 to remote] DEBUG org.asynchttpclient.netty.request.NettyRequestSender - Using open Channel [id: 0x330bf471, L:/127.0.0.1:57884 - R:localhost/127.0.0.1:10787] for POST '/session/81fd1f42ff4bcad731e40cd711119781/element'
19:06:09.492 [AsyncHttpClient-1-5] DEBUG org.asynchttpclient.netty.handler.HttpHandler - 

Request DefaultHttpRequest(decodeResult: success, version: HTTP/1.1)
POST /session/81fd1f42ff4bcad731e40cd711119781/element HTTP/1.1
User-Agent: selenium/4.8.3 (java windows)
Content-Length: 71
Content-Type: application/json; charset=utf-8
host: localhost:10787
accept: */*

Response DefaultHttpResponse(decodeResult: success, version: HTTP/1.1)
HTTP/1.1 200 OK
Content-Length: 95
Content-Type: application/json; charset=utf-8
cache-control: no-cache

19:06:09.492 [AsyncHttpClient-1-5] DEBUG org.asynchttpclient.netty.channel.ChannelManager - Adding key: http://localhost:10787 for channel [id: 0x330bf471, L:/127.0.0.1:57884 - R:localhost/127.0.0.1:10787]
19:06:09.493 [Forwarding clickElement on session 81fd1f42ff4bcad731e40cd711119781 to remote] DEBUG org.asynchttpclient.netty.request.NettyRequestSender - Using pooled Channel '[id: 0x330bf471, L:/127.0.0.1:57884 - R:localhost/127.0.0.1:10787]' for 'POST' to 'http://localhost:10787/session/81fd1f42ff4bcad731e40cd711119781/element/3A7A958AB0335D3A17A5F21E562E6A3C_element_33/click'
19:06:09.493 [Forwarding clickElement on session 81fd1f42ff4bcad731e40cd711119781 to remote] DEBUG org.asynchttpclient.netty.request.NettyRequestSender - Using open Channel [id: 0x330bf471, L:/127.0.0.1:57884 - R:localhost/127.0.0.1:10787] for POST '/session/81fd1f42ff4bcad731e40cd711119781/element/3A7A958AB0335D3A17A5F21E562E6A3C_element_33/click'
19:06:09.526 [AsyncHttpClient-1-5] DEBUG org.asynchttpclient.netty.handler.HttpHandler - 

Request DefaultHttpRequest(decodeResult: success, version: HTTP/1.1)
POST /session/81fd1f42ff4bcad731e40cd711119781/element/3A7A958AB0335D3A17A5F21E562E6A3C_element_33/click HTTP/1.1
User-Agent: selenium/4.8.3 (java windows)
Content-Length: 57
Content-Type: application/json; charset=utf-8
host: localhost:10787
accept: */*

Response DefaultHttpResponse(decodeResult: success, version: HTTP/1.1)
HTTP/1.1 200 OK
Content-Length: 14
Content-Type: application/json; charset=utf-8
cache-control: no-cache

19:06:09.527 [AsyncHttpClient-1-5] DEBUG org.asynchttpclient.netty.channel.ChannelManager - Adding key: http://localhost:10787 for channel [id: 0x330bf471, L:/127.0.0.1:57884 - R:localhost/127.0.0.1:10787]
2023-06-06 19:06:09 INFO  BaseTest:126 - Logged in
2023-06-06 19:06:09 INFO  Listeners:34 - Started Test null
19:06:09.529 [rp-io-34] DEBUG com.epam.reportportal.service.Launch - Starting test item...rp-io-34
19:06:09.529 [Forwarding findElement on session 81fd1f42ff4bcad731e40cd711119781 to remote] DEBUG org.asynchttpclient.netty.request.NettyRequestSender - Using pooled Channel '[id: 0x330bf471, L:/127.0.0.1:57884 - R:localhost/127.0.0.1:10787]' for 'POST' to 'http://localhost:10787/session/81fd1f42ff4bcad731e40cd711119781/element'
19:06:09.529 [Forwarding findElement on session 81fd1f42ff4bcad731e40cd711119781 to remote] DEBUG org.asynchttpclient.netty.request.NettyRequestSender - Using open Channel [id: 0x330bf471, L:/127.0.0.1:57884 - R:localhost/127.0.0.1:10787] for POST '/session/81fd1f42ff4bcad731e40cd711119781/element'
19:06:09.543 [rp-io-39] DEBUG com.epam.reportportal.service.Launch - TestItem with ID = '5b1483ff-3acc-45b4-ac8b-58a5a28406bd' successfully finished.
19:06:09.543 [rp-io-39] DEBUG com.epam.reportportal.utils.SubscriptionUtils - Finish test item completed
19:06:09.550 [rp-io-44] DEBUG com.epam.reportportal.service.Launch - ReportPortal item with ID '3fcce042-4022-41bd-9691-bc909f027567' has been created
19:06:09.550 [rp-io-44] DEBUG com.epam.reportportal.utils.SubscriptionUtils - Start test item successfully completed
19:06:09.816 [AsyncHttpClient-1-5] DEBUG org.asynchttpclient.netty.handler.HttpHandler - 

Request DefaultHttpRequest(decodeResult: success, version: HTTP/1.1)
POST /session/81fd1f42ff4bcad731e40cd711119781/element HTTP/1.1
User-Agent: selenium/4.8.3 (java windows)
Content-Length: 168
Content-Type: application/json; charset=utf-8
host: localhost:10787
accept: */*

Response DefaultHttpResponse(decodeResult: success, version: HTTP/1.1)
HTTP/1.1 200 OK
Content-Length: 95
Content-Type: application/json; charset=utf-8
cache-control: no-cache

19:06:09.816 [AsyncHttpClient-1-5] DEBUG org.asynchttpclient.netty.channel.ChannelManager - Adding key: http://localhost:10787 for channel [id: 0x330bf471, L:/127.0.0.1:57884 - R:localhost/127.0.0.1:10787]
19:06:09.817 [Forwarding clickElement on session 81fd1f42ff4bcad731e40cd711119781 to remote] DEBUG org.asynchttpclient.netty.request.NettyRequestSender - Using pooled Channel '[id: 0x330bf471, L:/127.0.0.1:57884 - R:localhost/127.0.0.1:10787]' for 'POST' to 'http://localhost:10787/session/81fd1f42ff4bcad731e40cd711119781/element/3A7A958AB0335D3A17A5F21E562E6A3C_element_42/click'
19:06:09.817 [Forwarding clickElement on session 81fd1f42ff4bcad731e40cd711119781 to remote] DEBUG org.asynchttpclient.netty.request.NettyRequestSender - Using open Channel [id: 0x330bf471, L:/127.0.0.1:57884 - R:localhost/127.0.0.1:10787] for POST '/session/81fd1f42ff4bcad731e40cd711119781/element/3A7A958AB0335D3A17A5F21E562E6A3C_element_42/click'
19:06:09.921 [AsyncHttpClient-1-5] DEBUG org.asynchttpclient.netty.handler.HttpHandler - 

Request DefaultHttpRequest(decodeResult: success, version: HTTP/1.1)
POST /session/81fd1f42ff4bcad731e40cd711119781/element/3A7A958AB0335D3A17A5F21E562E6A3C_element_42/click HTTP/1.1
User-Agent: selenium/4.8.3 (java windows)
Content-Length: 57
Content-Type: application/json; charset=utf-8
host: localhost:10787
accept: */*

Response DefaultHttpResponse(decodeResult: success, version: HTTP/1.1)
HTTP/1.1 200 OK
Content-Length: 14
Content-Type: application/json; charset=utf-8
cache-control: no-cache

19:06:09.921 [AsyncHttpClient-1-5] DEBUG org.asynchttpclient.netty.channel.ChannelManager - Adding key: http://localhost:10787 for channel [id: 0x330bf471, L:/127.0.0.1:57884 - R:localhost/127.0.0.1:10787]
19:06:09.922 [Forwarding findElement on session 81fd1f42ff4bcad731e40cd711119781 to remote] DEBUG org.asynchttpclient.netty.request.NettyRequestSender - Using pooled Channel '[id: 0x330bf471, L:/127.0.0.1:57884 - R:localhost/127.0.0.1:10787]' for 'POST' to 'http://localhost:10787/session/81fd1f42ff4bcad731e40cd711119781/element'
19:06:09.922 [Forwarding findElement on session 81fd1f42ff4bcad731e40cd711119781 to remote] DEBUG org.asynchttpclient.netty.request.NettyRequestSender - Using open Channel [id: 0x330bf471, L:/127.0.0.1:57884 - R:localhost/127.0.0.1:10787] for POST '/session/81fd1f42ff4bcad731e40cd711119781/element'
19:06:10.236 [AsyncHttpClient-1-1] DEBUG org.asynchttpclient.netty.channel.DefaultChannelPool - Entry count for : http://localhost:57885 : 1
19:06:11.335 [AsyncHttpClient-1-1] DEBUG org.asynchttpclient.netty.channel.DefaultChannelPool - Entry count for : http://localhost:57885 : 1
19:06:12.437 [AsyncHttpClient-1-1] DEBUG org.asynchttpclient.netty.channel.DefaultChannelPool - Entry count for : http://localhost:57885 : 1
19:06:13.536 [AsyncHttpClient-1-1] DEBUG org.asynchttpclient.netty.channel.DefaultChannelPool - Entry count for : http://localhost:57885 : 1
19:06:14.160 [AsyncHttpClient-1-5] DEBUG org.asynchttpclient.netty.handler.HttpHandler - 

Request DefaultHttpRequest(decodeResult: success, version: HTTP/1.1)
POST /session/81fd1f42ff4bcad731e40cd711119781/element HTTP/1.1
User-Agent: selenium/4.8.3 (java windows)
Content-Length: 77
Content-Type: application/json; charset=utf-8
host: localhost:10787
accept: */*

Response DefaultHttpResponse(decodeResult: success, version: HTTP/1.1)
HTTP/1.1 404 Not Found
Content-Length: 967
Content-Type: application/json; charset=utf-8
cache-control: no-cache

19:06:14.161 [AsyncHttpClient-1-5] DEBUG org.asynchttpclient.netty.channel.ChannelManager - Adding key: http://localhost:10787 for channel [id: 0x330bf471, L:/127.0.0.1:57884 - R:localhost/127.0.0.1:10787]
2023-06-06 19:06:14 INFO  Listeners:42 - Failed Test null
]]></system-out>
    <system-err><![CDATA[Starting ChromeDriver 114.0.5735.90 (386bc09e8f4f2e025eddae123f36f6263096ae49-refs/branch-heads/5735@{#1052}) on port 10787
Only local connections are allowed.
Please see https://chromedriver.chromium.org/security-considerations for suggestions on keeping ChromeDriver safe.
ChromeDriver was started successfully.
Jun 06, 2023 7:06:07 PM org.openqa.selenium.devtools.CdpVersionFinder findNearestMatch
WARNING: Unable to find an exact match for CDP version 114, so returning the closest version found: 111
]]></system-err>
  </testcase>
  <testcase name="totalWidgetPresent" classname="alltests.uitest.coreTest.DashboardPageTest" time="0.668">
    <system-out><![CDATA[19:06:14.163 [rp-io-52] DEBUG com.epam.reportportal.service.Launch - Starting test item...rp-io-52
19:06:14.167 [Forwarding screenshot on session 81fd1f42ff4bcad731e40cd711119781 to remote] DEBUG org.asynchttpclient.netty.request.NettyRequestSender - Using pooled Channel '[id: 0x330bf471, L:/127.0.0.1:57884 - R:localhost/127.0.0.1:10787]' for 'GET' to 'http://localhost:10787/session/81fd1f42ff4bcad731e40cd711119781/screenshot'
19:06:14.167 [Forwarding screenshot on session 81fd1f42ff4bcad731e40cd711119781 to remote] DEBUG org.asynchttpclient.netty.request.NettyRequestSender - Using open Channel [id: 0x330bf471, L:/127.0.0.1:57884 - R:localhost/127.0.0.1:10787] for GET '/session/81fd1f42ff4bcad731e40cd711119781/screenshot'
19:06:14.184 [rp-io-52] DEBUG com.epam.reportportal.service.Launch - ReportPortal item with ID 'd1039453-3aea-4a98-abc4-029bc088ecb8' has been created
19:06:14.184 [rp-io-52] DEBUG com.epam.reportportal.utils.SubscriptionUtils - Start test item successfully completed
19:06:14.184 [rp-io-45] DEBUG com.epam.reportportal.service.Launch - TestItem with ID = '3fcce042-4022-41bd-9691-bc909f027567' successfully finished.
19:06:14.184 [rp-io-45] DEBUG com.epam.reportportal.utils.SubscriptionUtils - Finish test item completed
19:06:14.308 [AsyncHttpClient-1-5] DEBUG org.asynchttpclient.netty.handler.HttpHandler - 

Request DefaultFullHttpRequest(decodeResult: success, version: HTTP/1.1, content: EmptyByteBufBE)
GET /session/81fd1f42ff4bcad731e40cd711119781/screenshot HTTP/1.1
User-Agent: selenium/4.8.3 (java windows)
Cache-Control: no-cache
Content-Type: application/json; charset=utf-8
host: localhost:10787
accept: */*

Response DefaultHttpResponse(decodeResult: success, version: HTTP/1.1)
HTTP/1.1 200 OK
Content-Length: 176232
Content-Type: application/json; charset=utf-8
cache-control: no-cache

19:06:14.308 [AsyncHttpClient-1-5] DEBUG org.asynchttpclient.netty.channel.ChannelManager - Adding key: http://localhost:10787 for channel [id: 0x330bf471, L:/127.0.0.1:57884 - R:localhost/127.0.0.1:10787]
19:06:14.317 [AsyncHttpClient-1-7] DEBUG org.asynchttpclient.netty.handler.WebSocketHandler - Channel Closed: [id: 0xc21bc3a4, L:/127.0.0.1:57893 ! R:localhost/127.0.0.1:57885] with attribute NettyResponseFuture{currentRetry=0,
	isDone=1,
	isCancelled=0,
	asyncHandler=org.asynchttpclient.ws.WebSocketUpgradeHandler@3543fc86,
	nettyRequest=org.asynchttpclient.netty.request.NettyRequest@2184d059,
	future=java.util.concurrent.CompletableFuture@43f7bf2f[Completed normally],
	uri=ws://localhost:57885/devtools/browser/17779a80-7b1b-4daf-a0c4-50f6febeee5f,
	keepAlive=true,
	redirectCount=0,
	timeoutsHolder=null,
	inAuth=0,
	touch=1686071167836}
19:06:14.317 [AsyncHttpClient-1-7] DEBUG org.asynchttpclient.netty.channel.ChannelManager - Closing Channel [id: 0xc21bc3a4, L:/127.0.0.1:57893 ! R:localhost/127.0.0.1:57885] 
19:06:14.317 [Driver Command Executor] DEBUG org.asynchttpclient.netty.request.NettyRequestSender - Using pooled Channel '[id: 0x330bf471, L:/127.0.0.1:57884 - R:localhost/127.0.0.1:10787]' for 'DELETE' to 'http://localhost:10787/session/81fd1f42ff4bcad731e40cd711119781'
19:06:14.317 [Driver Command Executor] DEBUG org.asynchttpclient.netty.request.NettyRequestSender - Using open Channel [id: 0x330bf471, L:/127.0.0.1:57884 - R:localhost/127.0.0.1:10787] for DELETE '/session/81fd1f42ff4bcad731e40cd711119781'
19:06:14.360 [AsyncHttpClient-1-6] DEBUG org.asynchttpclient.netty.handler.HttpHandler - Unexpected I/O exception on channel [id: 0x0ec4fc00, L:/127.0.0.1:57892 - R:localhost/127.0.0.1:57885]
java.net.SocketException: Connection reset
	at java.base/sun.nio.ch.SocketChannelImpl.throwConnectionReset(SocketChannelImpl.java:394)
	at java.base/sun.nio.ch.SocketChannelImpl.read(SocketChannelImpl.java:426)
	at io.netty.buffer.PooledByteBuf.setBytes(PooledByteBuf.java:256)
	at io.netty.buffer.AbstractByteBuf.writeBytes(AbstractByteBuf.java:1132)
	at io.netty.channel.socket.nio.NioSocketChannel.doReadBytes(NioSocketChannel.java:357)
	at io.netty.channel.nio.AbstractNioByteChannel$NioByteUnsafe.read(AbstractNioByteChannel.java:151)
	at io.netty.channel.nio.NioEventLoop.processSelectedKey(NioEventLoop.java:788)
	at io.netty.channel.nio.NioEventLoop.processSelectedKeysOptimized(NioEventLoop.java:724)
	at io.netty.channel.nio.NioEventLoop.processSelectedKeys(NioEventLoop.java:650)
	at io.netty.channel.nio.NioEventLoop.run(NioEventLoop.java:562)
	at io.netty.util.concurrent.SingleThreadEventExecutor$4.run(SingleThreadEventExecutor.java:997)
	at io.netty.util.internal.ThreadExecutorMap$2.run(ThreadExecutorMap.java:74)
	at io.netty.util.concurrent.FastThreadLocalRunnable.run(FastThreadLocalRunnable.java:30)
	at java.base/java.lang.Thread.run(Thread.java:833)
19:06:14.360 [AsyncHttpClient-1-6] DEBUG org.asynchttpclient.netty.channel.ChannelManager - Closing Channel [id: 0x0ec4fc00, L:/127.0.0.1:57892 - R:localhost/127.0.0.1:57885] 
19:06:14.360 [AsyncHttpClient-1-6] DEBUG org.asynchttpclient.netty.handler.HttpHandler - Channel Closed: [id: 0x0ec4fc00, L:/127.0.0.1:57892 ! R:localhost/127.0.0.1:57885] with attribute DISCARD
19:06:14.382 [AsyncHttpClient-1-5] DEBUG org.asynchttpclient.netty.handler.HttpHandler - 

Request DefaultFullHttpRequest(decodeResult: success, version: HTTP/1.1, content: EmptyByteBufBE)
DELETE /session/81fd1f42ff4bcad731e40cd711119781 HTTP/1.1
User-Agent: selenium/4.8.3 (java windows)
Content-Type: application/json; charset=utf-8
host: localhost:10787
accept: */*

Response DefaultHttpResponse(decodeResult: success, version: HTTP/1.1)
HTTP/1.1 200 OK
Content-Length: 14
Content-Type: application/json; charset=utf-8
cache-control: no-cache

19:06:14.382 [AsyncHttpClient-1-5] DEBUG org.asynchttpclient.netty.channel.ChannelManager - Adding key: http://localhost:10787 for channel [id: 0x330bf471, L:/127.0.0.1:57884 - R:localhost/127.0.0.1:10787]
19:06:14.428 [AsyncHttpClient-1-5] DEBUG org.asynchttpclient.netty.handler.HttpHandler - Channel Closed: [id: 0x330bf471, L:/127.0.0.1:57884 ! R:localhost/127.0.0.1:10787] with attribute DISCARD
2023-06-06 19:06:14 INFO  BaseTest:83 - Test executed**********
19:06:14.491 [rp-io-58] DEBUG com.epam.reportportal.service.Launch - Starting test item...rp-io-58
2023-06-06 19:06:14 INFO  BaseTest:110 - Property files loaded successfully**********
19:06:14.499 [main] DEBUG io.github.bonigarcia.wdm.cache.ResolutionCache - Resolution chrome=114 in cache (valid until 19:20:28 06/06/2023 CEST)
19:06:14.500 [main] DEBUG io.github.bonigarcia.wdm.cache.ResolutionCache - Resolution chrome114=114.0.5735.90 in cache (valid until 16:16:26 07/06/2023 CEST)
19:06:14.500 [main] INFO io.github.bonigarcia.wdm.WebDriverManager - Using chromedriver 114.0.5735.90 (resolved driver for Chrome 114)
19:06:14.503 [rp-io-40] DEBUG com.epam.reportportal.service.Launch - TestItem with ID = 'd1039453-3aea-4a98-abc4-029bc088ecb8' successfully finished.
19:06:14.503 [rp-io-40] DEBUG com.epam.reportportal.utils.SubscriptionUtils - Finish test item completed
19:06:14.505 [rp-io-56] DEBUG com.epam.reportportal.service.Launch - ReportPortal item with ID 'eb465e8f-3ade-4739-a001-1accd0d5b03f' has been created
19:06:14.505 [rp-io-56] DEBUG com.epam.reportportal.utils.SubscriptionUtils - Start test item successfully completed
19:06:14.506 [main] DEBUG io.github.bonigarcia.wdm.WebDriverManager - Driver chromedriver 114.0.5735.90 found in cache
19:06:14.507 [main] INFO io.github.bonigarcia.wdm.WebDriverManager - Exporting webdriver.chrome.driver as C:\Users\Suwarna_Wagh\.cache\selenium\chromedriver\win32\114.0.5735.90\chromedriver.exe
19:06:14.636 [AsyncHttpClient-1-1] DEBUG org.asynchttpclient.netty.channel.DefaultChannelPool - Entry count for : http://localhost:10787 : 1
19:06:14.636 [AsyncHttpClient-1-1] DEBUG org.asynchttpclient.netty.channel.DefaultChannelPool - Entry count for : http://localhost:57885 : 1
19:06:14.636 [AsyncHttpClient-1-1] DEBUG org.asynchttpclient.netty.channel.DefaultChannelPool - Adding Candidate expired Channel [id: 0x330bf471, L:/127.0.0.1:57884 ! R:localhost/127.0.0.1:10787] isIdleTimeoutExpired=false isRemotelyClosed=true isTtlExpired=false
19:06:14.636 [AsyncHttpClient-1-1] DEBUG org.asynchttpclient.netty.channel.DefaultChannelPool - Closing Idle Channel [id: 0x330bf471, L:/127.0.0.1:57884 ! R:localhost/127.0.0.1:10787]
19:06:14.636 [AsyncHttpClient-1-1] DEBUG org.asynchttpclient.netty.channel.DefaultChannelPool - Adding Candidate expired Channel [id: 0x0ec4fc00, L:/127.0.0.1:57892 ! R:localhost/127.0.0.1:57885] isIdleTimeoutExpired=false isRemotelyClosed=true isTtlExpired=false
19:06:14.636 [AsyncHttpClient-1-1] DEBUG org.asynchttpclient.netty.channel.DefaultChannelPool - Closing Idle Channel [id: 0x0ec4fc00, L:/127.0.0.1:57892 ! R:localhost/127.0.0.1:57885]
19:06:14.636 [AsyncHttpClient-1-1] DEBUG org.asynchttpclient.netty.channel.DefaultChannelPool - Closed 2 connections out of 2 in 0 ms
19:06:14.647 [AsyncHttpClient-1-8] DEBUG org.asynchttpclient.netty.channel.NettyConnectListener - Using new Channel '[id: 0x07407b10, L:/127.0.0.1:57915 - R:localhost/127.0.0.1:40197]' for 'POST' to '/session'
19:06:15.452 [AsyncHttpClient-1-8] DEBUG org.asynchttpclient.netty.handler.HttpHandler - 

Request DefaultHttpRequest(decodeResult: success, version: HTTP/1.1)
POST /session HTTP/1.1
User-Agent: selenium/4.8.3 (java windows)
Content-Length: 439
Content-Type: application/json; charset=utf-8
host: localhost:40197
accept: */*

Response DefaultHttpResponse(decodeResult: success, version: HTTP/1.1)
HTTP/1.1 200 OK
Content-Length: 862
Content-Type: application/json; charset=utf-8
cache-control: no-cache

19:06:15.452 [AsyncHttpClient-1-8] DEBUG org.asynchttpclient.netty.channel.ChannelManager - Adding key: http://localhost:40197 for channel [id: 0x07407b10, L:/127.0.0.1:57915 - R:localhost/127.0.0.1:40197]
19:06:15.457 [AsyncHttpClient-1-9] DEBUG org.asynchttpclient.netty.channel.NettyConnectListener - Using new Channel '[id: 0x68d1841f, L:/127.0.0.1:57922 - R:localhost/127.0.0.1:57916]' for 'GET' to '/json/version'
19:06:15.458 [AsyncHttpClient-1-9] DEBUG org.asynchttpclient.netty.handler.HttpHandler - 

Request DefaultFullHttpRequest(decodeResult: success, version: HTTP/1.1, content: EmptyByteBufBE)
GET /json/version HTTP/1.1
User-Agent: selenium/4.8.3 (java windows)
host: localhost:57916
accept: */*

Response DefaultHttpResponse(decodeResult: success, version: HTTP/1.1)
HTTP/1.1 200 OK
Content-Security-Policy: frame-ancestors 'none'
Content-Length: 424
Content-Type: application/json; charset=UTF-8

19:06:15.458 [AsyncHttpClient-1-9] DEBUG org.asynchttpclient.netty.channel.ChannelManager - Adding key: http://localhost:57916 for channel [id: 0x68d1841f, L:/127.0.0.1:57922 - R:localhost/127.0.0.1:57916]
19:06:15.459 [AsyncHttpClient-1-10] DEBUG org.asynchttpclient.netty.channel.NettyConnectListener - Using new Channel '[id: 0xb5f8dcf0, L:/127.0.0.1:57923 - R:localhost/127.0.0.1:57916]' for 'GET' to '/devtools/browser/b08821cd-31b1-4854-b502-4ed9e832586d'
19:06:15.460 [AsyncHttpClient-1-10] DEBUG org.asynchttpclient.netty.handler.WebSocketHandler - 

Request DefaultFullHttpRequest(decodeResult: success, version: HTTP/1.1, content: EmptyByteBufBE)
GET /devtools/browser/b08821cd-31b1-4854-b502-4ed9e832586d HTTP/1.1
upgrade: websocket
connection: upgrade
sec-websocket-key: dvdlyBGAxRriij4J5SvPPg==
sec-websocket-version: 13
origin: http://localhost:57916
host: localhost:57916
accept: */*
user-agent: AHC/2.1

Response DefaultHttpResponse(decodeResult: success, version: HTTP/1.1)
HTTP/1.1 101 WebSocket Protocol Handshake
Upgrade: WebSocket
Connection: Upgrade
Sec-WebSocket-Accept: GRtVN8pzZNqY7/OsBP200zdybBE=

19:06:15.464 [Forwarding setTimeout on session 6639063f71749d557ea2317d39eca94c to remote] DEBUG org.asynchttpclient.netty.request.NettyRequestSender - Using pooled Channel '[id: 0x07407b10, L:/127.0.0.1:57915 - R:localhost/127.0.0.1:40197]' for 'POST' to 'http://localhost:40197/session/6639063f71749d557ea2317d39eca94c/timeouts'
19:06:15.464 [Forwarding setTimeout on session 6639063f71749d557ea2317d39eca94c to remote] DEBUG org.asynchttpclient.netty.request.NettyRequestSender - Using open Channel [id: 0x07407b10, L:/127.0.0.1:57915 - R:localhost/127.0.0.1:40197] for POST '/session/6639063f71749d557ea2317d39eca94c/timeouts'
19:06:15.465 [AsyncHttpClient-1-8] DEBUG org.asynchttpclient.netty.handler.HttpHandler - 

Request DefaultHttpRequest(decodeResult: success, version: HTTP/1.1)
POST /session/6639063f71749d557ea2317d39eca94c/timeouts HTTP/1.1
User-Agent: selenium/4.8.3 (java windows)
Content-Length: 22
Content-Type: application/json; charset=utf-8
host: localhost:40197
accept: */*

Response DefaultHttpResponse(decodeResult: success, version: HTTP/1.1)
HTTP/1.1 200 OK
Content-Length: 14
Content-Type: application/json; charset=utf-8
cache-control: no-cache

19:06:15.465 [AsyncHttpClient-1-8] DEBUG org.asynchttpclient.netty.channel.ChannelManager - Adding key: http://localhost:40197 for channel [id: 0x07407b10, L:/127.0.0.1:57915 - R:localhost/127.0.0.1:40197]
19:06:15.465 [Forwarding maximizeCurrentWindow on session 6639063f71749d557ea2317d39eca94c to remote] DEBUG org.asynchttpclient.netty.request.NettyRequestSender - Using pooled Channel '[id: 0x07407b10, L:/127.0.0.1:57915 - R:localhost/127.0.0.1:40197]' for 'POST' to 'http://localhost:40197/session/6639063f71749d557ea2317d39eca94c/window/maximize'
19:06:15.465 [Forwarding maximizeCurrentWindow on session 6639063f71749d557ea2317d39eca94c to remote] DEBUG org.asynchttpclient.netty.request.NettyRequestSender - Using open Channel [id: 0x07407b10, L:/127.0.0.1:57915 - R:localhost/127.0.0.1:40197] for POST '/session/6639063f71749d557ea2317d39eca94c/window/maximize'
19:06:15.596 [AsyncHttpClient-1-8] DEBUG org.asynchttpclient.netty.handler.HttpHandler - 

Request DefaultHttpRequest(decodeResult: success, version: HTTP/1.1)
POST /session/6639063f71749d557ea2317d39eca94c/window/maximize HTTP/1.1
User-Agent: selenium/4.8.3 (java windows)
Content-Length: 3
Content-Type: application/json; charset=utf-8
host: localhost:40197
accept: */*

Response DefaultHttpResponse(decodeResult: success, version: HTTP/1.1)
HTTP/1.1 200 OK
Content-Length: 51
Content-Type: application/json; charset=utf-8
cache-control: no-cache

19:06:15.596 [AsyncHttpClient-1-8] DEBUG org.asynchttpclient.netty.channel.ChannelManager - Adding key: http://localhost:40197 for channel [id: 0x07407b10, L:/127.0.0.1:57915 - R:localhost/127.0.0.1:40197]
19:06:15.597 [Forwarding get on session 6639063f71749d557ea2317d39eca94c to remote] DEBUG org.asynchttpclient.netty.request.NettyRequestSender - Using pooled Channel '[id: 0x07407b10, L:/127.0.0.1:57915 - R:localhost/127.0.0.1:40197]' for 'POST' to 'http://localhost:40197/session/6639063f71749d557ea2317d39eca94c/url'
19:06:15.597 [Forwarding get on session 6639063f71749d557ea2317d39eca94c to remote] DEBUG org.asynchttpclient.netty.request.NettyRequestSender - Using open Channel [id: 0x07407b10, L:/127.0.0.1:57915 - R:localhost/127.0.0.1:40197] for POST '/session/6639063f71749d557ea2317d39eca94c/url'
19:06:15.736 [AsyncHttpClient-1-1] DEBUG org.asynchttpclient.netty.channel.DefaultChannelPool - Entry count for : http://localhost:57916 : 1
19:06:16.806 [AsyncHttpClient-1-8] DEBUG org.asynchttpclient.netty.handler.HttpHandler - 

Request DefaultHttpRequest(decodeResult: success, version: HTTP/1.1)
POST /session/6639063f71749d557ea2317d39eca94c/url HTTP/1.1
User-Agent: selenium/4.8.3 (java windows)
Content-Length: 52
Content-Type: application/json; charset=utf-8
host: localhost:40197
accept: */*

Response DefaultHttpResponse(decodeResult: success, version: HTTP/1.1)
HTTP/1.1 200 OK
Content-Length: 14
Content-Type: application/json; charset=utf-8
cache-control: no-cache

19:06:16.806 [AsyncHttpClient-1-8] DEBUG org.asynchttpclient.netty.channel.ChannelManager - Adding key: http://localhost:40197 for channel [id: 0x07407b10, L:/127.0.0.1:57915 - R:localhost/127.0.0.1:40197]
2023-06-06 19:06:16 INFO  BaseTest:104 - Test driver set up done successfully**********
2023-06-06 19:06:16 INFO  BaseTest:122 - Logging in to portal
19:06:16.809 [Forwarding findElement on session 6639063f71749d557ea2317d39eca94c to remote] DEBUG org.asynchttpclient.netty.request.NettyRequestSender - Using pooled Channel '[id: 0x07407b10, L:/127.0.0.1:57915 - R:localhost/127.0.0.1:40197]' for 'POST' to 'http://localhost:40197/session/6639063f71749d557ea2317d39eca94c/element'
19:06:16.809 [Forwarding findElement on session 6639063f71749d557ea2317d39eca94c to remote] DEBUG org.asynchttpclient.netty.request.NettyRequestSender - Using open Channel [id: 0x07407b10, L:/127.0.0.1:57915 - R:localhost/127.0.0.1:40197] for POST '/session/6639063f71749d557ea2317d39eca94c/element'
19:06:16.819 [AsyncHttpClient-1-8] DEBUG org.asynchttpclient.netty.handler.HttpHandler - 

Request DefaultHttpRequest(decodeResult: success, version: HTTP/1.1)
POST /session/6639063f71749d557ea2317d39eca94c/element HTTP/1.1
User-Agent: selenium/4.8.3 (java windows)
Content-Length: 59
Content-Type: application/json; charset=utf-8
host: localhost:40197
accept: */*

Response DefaultHttpResponse(decodeResult: success, version: HTTP/1.1)
HTTP/1.1 200 OK
Content-Length: 95
Content-Type: application/json; charset=utf-8
cache-control: no-cache

19:06:16.819 [AsyncHttpClient-1-8] DEBUG org.asynchttpclient.netty.channel.ChannelManager - Adding key: http://localhost:40197 for channel [id: 0x07407b10, L:/127.0.0.1:57915 - R:localhost/127.0.0.1:40197]
19:06:16.820 [Forwarding clearElement on session 6639063f71749d557ea2317d39eca94c to remote] DEBUG org.asynchttpclient.netty.request.NettyRequestSender - Using pooled Channel '[id: 0x07407b10, L:/127.0.0.1:57915 - R:localhost/127.0.0.1:40197]' for 'POST' to 'http://localhost:40197/session/6639063f71749d557ea2317d39eca94c/element/F03EA83B7FEAB25B6197711D9D9B435C_element_26/clear'
19:06:16.820 [Forwarding clearElement on session 6639063f71749d557ea2317d39eca94c to remote] DEBUG org.asynchttpclient.netty.request.NettyRequestSender - Using open Channel [id: 0x07407b10, L:/127.0.0.1:57915 - R:localhost/127.0.0.1:40197] for POST '/session/6639063f71749d557ea2317d39eca94c/element/F03EA83B7FEAB25B6197711D9D9B435C_element_26/clear'
19:06:16.836 [AsyncHttpClient-1-1] DEBUG org.asynchttpclient.netty.channel.DefaultChannelPool - Entry count for : http://localhost:57916 : 1
19:06:16.861 [AsyncHttpClient-1-8] DEBUG org.asynchttpclient.netty.handler.HttpHandler - 

Request DefaultHttpRequest(decodeResult: success, version: HTTP/1.1)
POST /session/6639063f71749d557ea2317d39eca94c/element/F03EA83B7FEAB25B6197711D9D9B435C_element_26/clear HTTP/1.1
User-Agent: selenium/4.8.3 (java windows)
Content-Length: 57
Content-Type: application/json; charset=utf-8
host: localhost:40197
accept: */*

Response DefaultHttpResponse(decodeResult: success, version: HTTP/1.1)
HTTP/1.1 200 OK
Content-Length: 14
Content-Type: application/json; charset=utf-8
cache-control: no-cache

19:06:16.861 [AsyncHttpClient-1-8] DEBUG org.asynchttpclient.netty.channel.ChannelManager - Adding key: http://localhost:40197 for channel [id: 0x07407b10, L:/127.0.0.1:57915 - R:localhost/127.0.0.1:40197]
19:06:16.862 [Forwarding findElement on session 6639063f71749d557ea2317d39eca94c to remote] DEBUG org.asynchttpclient.netty.request.NettyRequestSender - Using pooled Channel '[id: 0x07407b10, L:/127.0.0.1:57915 - R:localhost/127.0.0.1:40197]' for 'POST' to 'http://localhost:40197/session/6639063f71749d557ea2317d39eca94c/element'
19:06:16.862 [Forwarding findElement on session 6639063f71749d557ea2317d39eca94c to remote] DEBUG org.asynchttpclient.netty.request.NettyRequestSender - Using open Channel [id: 0x07407b10, L:/127.0.0.1:57915 - R:localhost/127.0.0.1:40197] for POST '/session/6639063f71749d557ea2317d39eca94c/element'
19:06:16.873 [AsyncHttpClient-1-8] DEBUG org.asynchttpclient.netty.handler.HttpHandler - 

Request DefaultHttpRequest(decodeResult: success, version: HTTP/1.1)
POST /session/6639063f71749d557ea2317d39eca94c/element HTTP/1.1
User-Agent: selenium/4.8.3 (java windows)
Content-Length: 59
Content-Type: application/json; charset=utf-8
host: localhost:40197
accept: */*

Response DefaultHttpResponse(decodeResult: success, version: HTTP/1.1)
HTTP/1.1 200 OK
Content-Length: 95
Content-Type: application/json; charset=utf-8
cache-control: no-cache

19:06:16.874 [AsyncHttpClient-1-8] DEBUG org.asynchttpclient.netty.channel.ChannelManager - Adding key: http://localhost:40197 for channel [id: 0x07407b10, L:/127.0.0.1:57915 - R:localhost/127.0.0.1:40197]
19:06:16.874 [Forwarding sendKeysToElement on session 6639063f71749d557ea2317d39eca94c to remote] DEBUG org.asynchttpclient.netty.request.NettyRequestSender - Using pooled Channel '[id: 0x07407b10, L:/127.0.0.1:57915 - R:localhost/127.0.0.1:40197]' for 'POST' to 'http://localhost:40197/session/6639063f71749d557ea2317d39eca94c/element/F03EA83B7FEAB25B6197711D9D9B435C_element_26/value'
19:06:16.875 [Forwarding sendKeysToElement on session 6639063f71749d557ea2317d39eca94c to remote] DEBUG org.asynchttpclient.netty.request.NettyRequestSender - Using open Channel [id: 0x07407b10, L:/127.0.0.1:57915 - R:localhost/127.0.0.1:40197] for POST '/session/6639063f71749d557ea2317d39eca94c/element/F03EA83B7FEAB25B6197711D9D9B435C_element_26/value'
19:06:16.960 [AsyncHttpClient-1-8] DEBUG org.asynchttpclient.netty.handler.HttpHandler - 

Request DefaultHttpRequest(decodeResult: success, version: HTTP/1.1)
POST /session/6639063f71749d557ea2317d39eca94c/element/F03EA83B7FEAB25B6197711D9D9B435C_element_26/value HTTP/1.1
User-Agent: selenium/4.8.3 (java windows)
Content-Length: 188
Content-Type: application/json; charset=utf-8
host: localhost:40197
accept: */*

Response DefaultHttpResponse(decodeResult: success, version: HTTP/1.1)
HTTP/1.1 200 OK
Content-Length: 14
Content-Type: application/json; charset=utf-8
cache-control: no-cache

19:06:16.961 [AsyncHttpClient-1-8] DEBUG org.asynchttpclient.netty.channel.ChannelManager - Adding key: http://localhost:40197 for channel [id: 0x07407b10, L:/127.0.0.1:57915 - R:localhost/127.0.0.1:40197]
19:06:16.962 [Forwarding findElement on session 6639063f71749d557ea2317d39eca94c to remote] DEBUG org.asynchttpclient.netty.request.NettyRequestSender - Using pooled Channel '[id: 0x07407b10, L:/127.0.0.1:57915 - R:localhost/127.0.0.1:40197]' for 'POST' to 'http://localhost:40197/session/6639063f71749d557ea2317d39eca94c/element'
19:06:16.962 [Forwarding findElement on session 6639063f71749d557ea2317d39eca94c to remote] DEBUG org.asynchttpclient.netty.request.NettyRequestSender - Using open Channel [id: 0x07407b10, L:/127.0.0.1:57915 - R:localhost/127.0.0.1:40197] for POST '/session/6639063f71749d557ea2317d39eca94c/element'
19:06:16.971 [AsyncHttpClient-1-8] DEBUG org.asynchttpclient.netty.handler.HttpHandler - 

Request DefaultHttpRequest(decodeResult: success, version: HTTP/1.1)
POST /session/6639063f71749d557ea2317d39eca94c/element HTTP/1.1
User-Agent: selenium/4.8.3 (java windows)
Content-Length: 62
Content-Type: application/json; charset=utf-8
host: localhost:40197
accept: */*

Response DefaultHttpResponse(decodeResult: success, version: HTTP/1.1)
HTTP/1.1 200 OK
Content-Length: 95
Content-Type: application/json; charset=utf-8
cache-control: no-cache

19:06:16.971 [AsyncHttpClient-1-8] DEBUG org.asynchttpclient.netty.channel.ChannelManager - Adding key: http://localhost:40197 for channel [id: 0x07407b10, L:/127.0.0.1:57915 - R:localhost/127.0.0.1:40197]
19:06:16.972 [Forwarding clearElement on session 6639063f71749d557ea2317d39eca94c to remote] DEBUG org.asynchttpclient.netty.request.NettyRequestSender - Using pooled Channel '[id: 0x07407b10, L:/127.0.0.1:57915 - R:localhost/127.0.0.1:40197]' for 'POST' to 'http://localhost:40197/session/6639063f71749d557ea2317d39eca94c/element/F03EA83B7FEAB25B6197711D9D9B435C_element_28/clear'
19:06:16.972 [Forwarding clearElement on session 6639063f71749d557ea2317d39eca94c to remote] DEBUG org.asynchttpclient.netty.request.NettyRequestSender - Using open Channel [id: 0x07407b10, L:/127.0.0.1:57915 - R:localhost/127.0.0.1:40197] for POST '/session/6639063f71749d557ea2317d39eca94c/element/F03EA83B7FEAB25B6197711D9D9B435C_element_28/clear'
19:06:17.013 [AsyncHttpClient-1-8] DEBUG org.asynchttpclient.netty.handler.HttpHandler - 

Request DefaultHttpRequest(decodeResult: success, version: HTTP/1.1)
POST /session/6639063f71749d557ea2317d39eca94c/element/F03EA83B7FEAB25B6197711D9D9B435C_element_28/clear HTTP/1.1
User-Agent: selenium/4.8.3 (java windows)
Content-Length: 57
Content-Type: application/json; charset=utf-8
host: localhost:40197
accept: */*

Response DefaultHttpResponse(decodeResult: success, version: HTTP/1.1)
HTTP/1.1 200 OK
Content-Length: 14
Content-Type: application/json; charset=utf-8
cache-control: no-cache

19:06:17.013 [AsyncHttpClient-1-8] DEBUG org.asynchttpclient.netty.channel.ChannelManager - Adding key: http://localhost:40197 for channel [id: 0x07407b10, L:/127.0.0.1:57915 - R:localhost/127.0.0.1:40197]
19:06:17.014 [Forwarding findElement on session 6639063f71749d557ea2317d39eca94c to remote] DEBUG org.asynchttpclient.netty.request.NettyRequestSender - Using pooled Channel '[id: 0x07407b10, L:/127.0.0.1:57915 - R:localhost/127.0.0.1:40197]' for 'POST' to 'http://localhost:40197/session/6639063f71749d557ea2317d39eca94c/element'
19:06:17.014 [Forwarding findElement on session 6639063f71749d557ea2317d39eca94c to remote] DEBUG org.asynchttpclient.netty.request.NettyRequestSender - Using open Channel [id: 0x07407b10, L:/127.0.0.1:57915 - R:localhost/127.0.0.1:40197] for POST '/session/6639063f71749d557ea2317d39eca94c/element'
19:06:17.020 [AsyncHttpClient-1-8] DEBUG org.asynchttpclient.netty.handler.HttpHandler - 

Request DefaultHttpRequest(decodeResult: success, version: HTTP/1.1)
POST /session/6639063f71749d557ea2317d39eca94c/element HTTP/1.1
User-Agent: selenium/4.8.3 (java windows)
Content-Length: 62
Content-Type: application/json; charset=utf-8
host: localhost:40197
accept: */*

Response DefaultHttpResponse(decodeResult: success, version: HTTP/1.1)
HTTP/1.1 200 OK
Content-Length: 95
Content-Type: application/json; charset=utf-8
cache-control: no-cache

19:06:17.020 [AsyncHttpClient-1-8] DEBUG org.asynchttpclient.netty.channel.ChannelManager - Adding key: http://localhost:40197 for channel [id: 0x07407b10, L:/127.0.0.1:57915 - R:localhost/127.0.0.1:40197]
19:06:17.021 [Forwarding sendKeysToElement on session 6639063f71749d557ea2317d39eca94c to remote] DEBUG org.asynchttpclient.netty.request.NettyRequestSender - Using pooled Channel '[id: 0x07407b10, L:/127.0.0.1:57915 - R:localhost/127.0.0.1:40197]' for 'POST' to 'http://localhost:40197/session/6639063f71749d557ea2317d39eca94c/element/F03EA83B7FEAB25B6197711D9D9B435C_element_28/value'
19:06:17.021 [Forwarding sendKeysToElement on session 6639063f71749d557ea2317d39eca94c to remote] DEBUG org.asynchttpclient.netty.request.NettyRequestSender - Using open Channel [id: 0x07407b10, L:/127.0.0.1:57915 - R:localhost/127.0.0.1:40197] for POST '/session/6639063f71749d557ea2317d39eca94c/element/F03EA83B7FEAB25B6197711D9D9B435C_element_28/value'
19:06:17.078 [AsyncHttpClient-1-8] DEBUG org.asynchttpclient.netty.handler.HttpHandler - 

Request DefaultHttpRequest(decodeResult: success, version: HTTP/1.1)
POST /session/6639063f71749d557ea2317d39eca94c/element/F03EA83B7FEAB25B6197711D9D9B435C_element_28/value HTTP/1.1
User-Agent: selenium/4.8.3 (java windows)
Content-Length: 148
Content-Type: application/json; charset=utf-8
host: localhost:40197
accept: */*

Response DefaultHttpResponse(decodeResult: success, version: HTTP/1.1)
HTTP/1.1 200 OK
Content-Length: 14
Content-Type: application/json; charset=utf-8
cache-control: no-cache

19:06:17.078 [AsyncHttpClient-1-8] DEBUG org.asynchttpclient.netty.channel.ChannelManager - Adding key: http://localhost:40197 for channel [id: 0x07407b10, L:/127.0.0.1:57915 - R:localhost/127.0.0.1:40197]
19:06:17.079 [Forwarding findElement on session 6639063f71749d557ea2317d39eca94c to remote] DEBUG org.asynchttpclient.netty.request.NettyRequestSender - Using pooled Channel '[id: 0x07407b10, L:/127.0.0.1:57915 - R:localhost/127.0.0.1:40197]' for 'POST' to 'http://localhost:40197/session/6639063f71749d557ea2317d39eca94c/element'
19:06:17.079 [Forwarding findElement on session 6639063f71749d557ea2317d39eca94c to remote] DEBUG org.asynchttpclient.netty.request.NettyRequestSender - Using open Channel [id: 0x07407b10, L:/127.0.0.1:57915 - R:localhost/127.0.0.1:40197] for POST '/session/6639063f71749d557ea2317d39eca94c/element'
19:06:17.089 [AsyncHttpClient-1-8] DEBUG org.asynchttpclient.netty.handler.HttpHandler - 

Request DefaultHttpRequest(decodeResult: success, version: HTTP/1.1)
POST /session/6639063f71749d557ea2317d39eca94c/element HTTP/1.1
User-Agent: selenium/4.8.3 (java windows)
Content-Length: 71
Content-Type: application/json; charset=utf-8
host: localhost:40197
accept: */*

Response DefaultHttpResponse(decodeResult: success, version: HTTP/1.1)
HTTP/1.1 200 OK
Content-Length: 95
Content-Type: application/json; charset=utf-8
cache-control: no-cache

19:06:17.089 [AsyncHttpClient-1-8] DEBUG org.asynchttpclient.netty.channel.ChannelManager - Adding key: http://localhost:40197 for channel [id: 0x07407b10, L:/127.0.0.1:57915 - R:localhost/127.0.0.1:40197]
19:06:17.090 [Forwarding clickElement on session 6639063f71749d557ea2317d39eca94c to remote] DEBUG org.asynchttpclient.netty.request.NettyRequestSender - Using pooled Channel '[id: 0x07407b10, L:/127.0.0.1:57915 - R:localhost/127.0.0.1:40197]' for 'POST' to 'http://localhost:40197/session/6639063f71749d557ea2317d39eca94c/element/F03EA83B7FEAB25B6197711D9D9B435C_element_33/click'
19:06:17.090 [Forwarding clickElement on session 6639063f71749d557ea2317d39eca94c to remote] DEBUG org.asynchttpclient.netty.request.NettyRequestSender - Using open Channel [id: 0x07407b10, L:/127.0.0.1:57915 - R:localhost/127.0.0.1:40197] for POST '/session/6639063f71749d557ea2317d39eca94c/element/F03EA83B7FEAB25B6197711D9D9B435C_element_33/click'
19:06:17.125 [AsyncHttpClient-1-8] DEBUG org.asynchttpclient.netty.handler.HttpHandler - 

Request DefaultHttpRequest(decodeResult: success, version: HTTP/1.1)
POST /session/6639063f71749d557ea2317d39eca94c/element/F03EA83B7FEAB25B6197711D9D9B435C_element_33/click HTTP/1.1
User-Agent: selenium/4.8.3 (java windows)
Content-Length: 57
Content-Type: application/json; charset=utf-8
host: localhost:40197
accept: */*

Response DefaultHttpResponse(decodeResult: success, version: HTTP/1.1)
HTTP/1.1 200 OK
Content-Length: 14
Content-Type: application/json; charset=utf-8
cache-control: no-cache

19:06:17.126 [AsyncHttpClient-1-8] DEBUG org.asynchttpclient.netty.channel.ChannelManager - Adding key: http://localhost:40197 for channel [id: 0x07407b10, L:/127.0.0.1:57915 - R:localhost/127.0.0.1:40197]
2023-06-06 19:06:17 INFO  BaseTest:126 - Logged in
19:06:17.128 [rp-io-57] DEBUG com.epam.reportportal.service.Launch - Starting test item...rp-io-57
2023-06-06 19:06:17 INFO  Listeners:34 - Started Test null
19:06:17.128 [Forwarding findElement on session 6639063f71749d557ea2317d39eca94c to remote] DEBUG org.asynchttpclient.netty.request.NettyRequestSender - Using pooled Channel '[id: 0x07407b10, L:/127.0.0.1:57915 - R:localhost/127.0.0.1:40197]' for 'POST' to 'http://localhost:40197/session/6639063f71749d557ea2317d39eca94c/element'
19:06:17.129 [Forwarding findElement on session 6639063f71749d557ea2317d39eca94c to remote] DEBUG org.asynchttpclient.netty.request.NettyRequestSender - Using open Channel [id: 0x07407b10, L:/127.0.0.1:57915 - R:localhost/127.0.0.1:40197] for POST '/session/6639063f71749d557ea2317d39eca94c/element'
19:06:17.141 [rp-io-51] DEBUG com.epam.reportportal.service.Launch - TestItem with ID = 'eb465e8f-3ade-4739-a001-1accd0d5b03f' successfully finished.
19:06:17.141 [rp-io-51] DEBUG com.epam.reportportal.utils.SubscriptionUtils - Finish test item completed
19:06:17.144 [rp-io-57] DEBUG com.epam.reportportal.service.Launch - ReportPortal item with ID '10116966-aa26-4710-a7d2-5cd85539f4a9' has been created
19:06:17.144 [rp-io-57] DEBUG com.epam.reportportal.utils.SubscriptionUtils - Start test item successfully completed
19:06:17.467 [AsyncHttpClient-1-8] DEBUG org.asynchttpclient.netty.handler.HttpHandler - 

Request DefaultHttpRequest(decodeResult: success, version: HTTP/1.1)
POST /session/6639063f71749d557ea2317d39eca94c/element HTTP/1.1
User-Agent: selenium/4.8.3 (java windows)
Content-Length: 168
Content-Type: application/json; charset=utf-8
host: localhost:40197
accept: */*

Response DefaultHttpResponse(decodeResult: success, version: HTTP/1.1)
HTTP/1.1 200 OK
Content-Length: 95
Content-Type: application/json; charset=utf-8
cache-control: no-cache

19:06:17.467 [AsyncHttpClient-1-8] DEBUG org.asynchttpclient.netty.channel.ChannelManager - Adding key: http://localhost:40197 for channel [id: 0x07407b10, L:/127.0.0.1:57915 - R:localhost/127.0.0.1:40197]
19:06:17.467 [Forwarding clickElement on session 6639063f71749d557ea2317d39eca94c to remote] DEBUG org.asynchttpclient.netty.request.NettyRequestSender - Using pooled Channel '[id: 0x07407b10, L:/127.0.0.1:57915 - R:localhost/127.0.0.1:40197]' for 'POST' to 'http://localhost:40197/session/6639063f71749d557ea2317d39eca94c/element/F03EA83B7FEAB25B6197711D9D9B435C_element_44/click'
19:06:17.467 [Forwarding clickElement on session 6639063f71749d557ea2317d39eca94c to remote] DEBUG org.asynchttpclient.netty.request.NettyRequestSender - Using open Channel [id: 0x07407b10, L:/127.0.0.1:57915 - R:localhost/127.0.0.1:40197] for POST '/session/6639063f71749d557ea2317d39eca94c/element/F03EA83B7FEAB25B6197711D9D9B435C_element_44/click'
19:06:17.590 [AsyncHttpClient-1-8] DEBUG org.asynchttpclient.netty.handler.HttpHandler - 

Request DefaultHttpRequest(decodeResult: success, version: HTTP/1.1)
POST /session/6639063f71749d557ea2317d39eca94c/element/F03EA83B7FEAB25B6197711D9D9B435C_element_44/click HTTP/1.1
User-Agent: selenium/4.8.3 (java windows)
Content-Length: 57
Content-Type: application/json; charset=utf-8
host: localhost:40197
accept: */*

Response DefaultHttpResponse(decodeResult: success, version: HTTP/1.1)
HTTP/1.1 200 OK
Content-Length: 14
Content-Type: application/json; charset=utf-8
cache-control: no-cache

19:06:17.590 [AsyncHttpClient-1-8] DEBUG org.asynchttpclient.netty.channel.ChannelManager - Adding key: http://localhost:40197 for channel [id: 0x07407b10, L:/127.0.0.1:57915 - R:localhost/127.0.0.1:40197]
19:06:17.591 [Forwarding findElements on session 6639063f71749d557ea2317d39eca94c to remote] DEBUG org.asynchttpclient.netty.request.NettyRequestSender - Using pooled Channel '[id: 0x07407b10, L:/127.0.0.1:57915 - R:localhost/127.0.0.1:40197]' for 'POST' to 'http://localhost:40197/session/6639063f71749d557ea2317d39eca94c/elements'
19:06:17.591 [Forwarding findElements on session 6639063f71749d557ea2317d39eca94c to remote] DEBUG org.asynchttpclient.netty.request.NettyRequestSender - Using open Channel [id: 0x07407b10, L:/127.0.0.1:57915 - R:localhost/127.0.0.1:40197] for POST '/session/6639063f71749d557ea2317d39eca94c/elements'
19:06:17.759 [AsyncHttpClient-1-8] DEBUG org.asynchttpclient.netty.handler.HttpHandler - 

Request DefaultHttpRequest(decodeResult: success, version: HTTP/1.1)
POST /session/6639063f71749d557ea2317d39eca94c/elements HTTP/1.1
User-Agent: selenium/4.8.3 (java windows)
Content-Length: 93
Content-Type: application/json; charset=utf-8
host: localhost:40197
accept: */*

Response DefaultHttpResponse(decodeResult: success, version: HTTP/1.1)
HTTP/1.1 200 OK
Content-Length: 1043
Content-Type: application/json; charset=utf-8
cache-control: no-cache

19:06:17.759 [AsyncHttpClient-1-8] DEBUG org.asynchttpclient.netty.channel.ChannelManager - Adding key: http://localhost:40197 for channel [id: 0x07407b10, L:/127.0.0.1:57915 - R:localhost/127.0.0.1:40197]
19:06:17.776 [Forwarding findElements on session 6639063f71749d557ea2317d39eca94c to remote] DEBUG org.asynchttpclient.netty.request.NettyRequestSender - Using pooled Channel '[id: 0x07407b10, L:/127.0.0.1:57915 - R:localhost/127.0.0.1:40197]' for 'POST' to 'http://localhost:40197/session/6639063f71749d557ea2317d39eca94c/elements'
19:06:17.776 [Forwarding findElements on session 6639063f71749d557ea2317d39eca94c to remote] DEBUG org.asynchttpclient.netty.request.NettyRequestSender - Using open Channel [id: 0x07407b10, L:/127.0.0.1:57915 - R:localhost/127.0.0.1:40197] for POST '/session/6639063f71749d557ea2317d39eca94c/elements'
19:06:17.793 [AsyncHttpClient-1-8] DEBUG org.asynchttpclient.netty.handler.HttpHandler - 

Request DefaultHttpRequest(decodeResult: success, version: HTTP/1.1)
POST /session/6639063f71749d557ea2317d39eca94c/elements HTTP/1.1
User-Agent: selenium/4.8.3 (java windows)
Content-Length: 93
Content-Type: application/json; charset=utf-8
host: localhost:40197
accept: */*

Response DefaultHttpResponse(decodeResult: success, version: HTTP/1.1)
HTTP/1.1 200 OK
Content-Length: 1043
Content-Type: application/json; charset=utf-8
cache-control: no-cache

19:06:17.793 [AsyncHttpClient-1-8] DEBUG org.asynchttpclient.netty.channel.ChannelManager - Adding key: http://localhost:40197 for channel [id: 0x07407b10, L:/127.0.0.1:57915 - R:localhost/127.0.0.1:40197]
2023-06-06 19:06:17 INFO  Listeners:38 - Succeeded Test null
]]></system-out>
    <system-err><![CDATA[Starting ChromeDriver 114.0.5735.90 (386bc09e8f4f2e025eddae123f36f6263096ae49-refs/branch-heads/5735@{#1052}) on port 40197
Only local connections are allowed.
Please see https://chromedriver.chromium.org/security-considerations for suggestions on keeping ChromeDriver safe.
ChromeDriver was started successfully.
Jun 06, 2023 7:06:15 PM org.openqa.selenium.devtools.CdpVersionFinder findNearestMatch
WARNING: Unable to find an exact match for CDP version 114, so returning the closest version found: 111
]]></system-err>
  </testcase>
  <testcase name="maximizing_widget" classname="alltests.uitest.coreTest.MaximizeWidget" time="0">
    <skipped message="did not expect [(895, 804)] but found [(895, 804)]"/>
    <system-out><![CDATA[19:06:17.793 [rp-io-65] DEBUG com.epam.reportportal.service.Launch - Starting test item...rp-io-65
19:06:17.798 [AsyncHttpClient-1-10] DEBUG org.asynchttpclient.netty.handler.WebSocketHandler - Channel Closed: [id: 0xb5f8dcf0, L:/127.0.0.1:57923 ! R:localhost/127.0.0.1:57916] with attribute NettyResponseFuture{currentRetry=0,
	isDone=1,
	isCancelled=0,
	asyncHandler=org.asynchttpclient.ws.WebSocketUpgradeHandler@2f926735,
	nettyRequest=org.asynchttpclient.netty.request.NettyRequest@25b591f7,
	future=java.util.concurrent.CompletableFuture@1af6ff5b[Completed normally],
	uri=ws://localhost:57916/devtools/browser/b08821cd-31b1-4854-b502-4ed9e832586d,
	keepAlive=true,
	redirectCount=0,
	timeoutsHolder=null,
	inAuth=0,
	touch=1686071175460}
19:06:17.798 [AsyncHttpClient-1-10] DEBUG org.asynchttpclient.netty.channel.ChannelManager - Closing Channel [id: 0xb5f8dcf0, L:/127.0.0.1:57923 ! R:localhost/127.0.0.1:57916] 
19:06:17.802 [Driver Command Executor] DEBUG org.asynchttpclient.netty.request.NettyRequestSender - Using pooled Channel '[id: 0x07407b10, L:/127.0.0.1:57915 - R:localhost/127.0.0.1:40197]' for 'DELETE' to 'http://localhost:40197/session/6639063f71749d557ea2317d39eca94c'
19:06:17.802 [Driver Command Executor] DEBUG org.asynchttpclient.netty.request.NettyRequestSender - Using open Channel [id: 0x07407b10, L:/127.0.0.1:57915 - R:localhost/127.0.0.1:40197] for DELETE '/session/6639063f71749d557ea2317d39eca94c'
19:06:17.820 [rp-io-65] DEBUG com.epam.reportportal.service.Launch - ReportPortal item with ID '40a20bd8-30f0-4c0a-8be7-0dcf46daa5bd' has been created
19:06:17.820 [rp-io-65] DEBUG com.epam.reportportal.utils.SubscriptionUtils - Start test item successfully completed
19:06:17.820 [rp-io-59] DEBUG com.epam.reportportal.service.Launch - TestItem with ID = '10116966-aa26-4710-a7d2-5cd85539f4a9' successfully finished.
19:06:17.820 [rp-io-59] DEBUG com.epam.reportportal.utils.SubscriptionUtils - Finish test item completed
19:06:17.848 [AsyncHttpClient-1-9] DEBUG org.asynchttpclient.netty.handler.HttpHandler - Unexpected I/O exception on channel [id: 0x68d1841f, L:/127.0.0.1:57922 - R:localhost/127.0.0.1:57916]
java.net.SocketException: Connection reset
	at java.base/sun.nio.ch.SocketChannelImpl.throwConnectionReset(SocketChannelImpl.java:394)
	at java.base/sun.nio.ch.SocketChannelImpl.read(SocketChannelImpl.java:426)
	at io.netty.buffer.PooledByteBuf.setBytes(PooledByteBuf.java:256)
	at io.netty.buffer.AbstractByteBuf.writeBytes(AbstractByteBuf.java:1132)
	at io.netty.channel.socket.nio.NioSocketChannel.doReadBytes(NioSocketChannel.java:357)
	at io.netty.channel.nio.AbstractNioByteChannel$NioByteUnsafe.read(AbstractNioByteChannel.java:151)
	at io.netty.channel.nio.NioEventLoop.processSelectedKey(NioEventLoop.java:788)
	at io.netty.channel.nio.NioEventLoop.processSelectedKeysOptimized(NioEventLoop.java:724)
	at io.netty.channel.nio.NioEventLoop.processSelectedKeys(NioEventLoop.java:650)
	at io.netty.channel.nio.NioEventLoop.run(NioEventLoop.java:562)
	at io.netty.util.concurrent.SingleThreadEventExecutor$4.run(SingleThreadEventExecutor.java:997)
	at io.netty.util.internal.ThreadExecutorMap$2.run(ThreadExecutorMap.java:74)
	at io.netty.util.concurrent.FastThreadLocalRunnable.run(FastThreadLocalRunnable.java:30)
	at java.base/java.lang.Thread.run(Thread.java:833)
19:06:17.848 [AsyncHttpClient-1-9] DEBUG org.asynchttpclient.netty.channel.ChannelManager - Closing Channel [id: 0x68d1841f, L:/127.0.0.1:57922 - R:localhost/127.0.0.1:57916] 
19:06:17.848 [AsyncHttpClient-1-9] DEBUG org.asynchttpclient.netty.handler.HttpHandler - Channel Closed: [id: 0x68d1841f, L:/127.0.0.1:57922 ! R:localhost/127.0.0.1:57916] with attribute DISCARD
19:06:17.871 [AsyncHttpClient-1-8] DEBUG org.asynchttpclient.netty.handler.HttpHandler - 

Request DefaultFullHttpRequest(decodeResult: success, version: HTTP/1.1, content: EmptyByteBufBE)
DELETE /session/6639063f71749d557ea2317d39eca94c HTTP/1.1
User-Agent: selenium/4.8.3 (java windows)
Content-Type: application/json; charset=utf-8
host: localhost:40197
accept: */*

Response DefaultHttpResponse(decodeResult: success, version: HTTP/1.1)
HTTP/1.1 200 OK
Content-Length: 14
Content-Type: application/json; charset=utf-8
cache-control: no-cache

19:06:17.871 [AsyncHttpClient-1-8] DEBUG org.asynchttpclient.netty.channel.ChannelManager - Adding key: http://localhost:40197 for channel [id: 0x07407b10, L:/127.0.0.1:57915 - R:localhost/127.0.0.1:40197]
19:06:17.919 [AsyncHttpClient-1-8] DEBUG org.asynchttpclient.netty.handler.HttpHandler - Channel Closed: [id: 0x07407b10, L:/127.0.0.1:57915 ! R:localhost/127.0.0.1:40197] with attribute DISCARD
19:06:17.937 [AsyncHttpClient-1-1] DEBUG org.asynchttpclient.netty.channel.DefaultChannelPool - Entry count for : http://localhost:57916 : 1
19:06:17.937 [AsyncHttpClient-1-1] DEBUG org.asynchttpclient.netty.channel.DefaultChannelPool - Entry count for : http://localhost:40197 : 1
19:06:17.937 [AsyncHttpClient-1-1] DEBUG org.asynchttpclient.netty.channel.DefaultChannelPool - Adding Candidate expired Channel [id: 0x68d1841f, L:/127.0.0.1:57922 ! R:localhost/127.0.0.1:57916] isIdleTimeoutExpired=false isRemotelyClosed=true isTtlExpired=false
19:06:17.937 [AsyncHttpClient-1-1] DEBUG org.asynchttpclient.netty.channel.DefaultChannelPool - Closing Idle Channel [id: 0x68d1841f, L:/127.0.0.1:57922 ! R:localhost/127.0.0.1:57916]
19:06:17.937 [AsyncHttpClient-1-1] DEBUG org.asynchttpclient.netty.channel.DefaultChannelPool - Adding Candidate expired Channel [id: 0x07407b10, L:/127.0.0.1:57915 ! R:localhost/127.0.0.1:40197] isIdleTimeoutExpired=false isRemotelyClosed=true isTtlExpired=false
19:06:17.937 [AsyncHttpClient-1-1] DEBUG org.asynchttpclient.netty.channel.DefaultChannelPool - Closing Idle Channel [id: 0x07407b10, L:/127.0.0.1:57915 ! R:localhost/127.0.0.1:40197]
19:06:17.937 [AsyncHttpClient-1-1] DEBUG org.asynchttpclient.netty.channel.DefaultChannelPool - Closed 2 connections out of 2 in 0 ms
2023-06-06 19:06:17 INFO  BaseTest:83 - Test executed**********
19:06:17.955 [rp-io-69] DEBUG com.epam.reportportal.service.Launch - Starting test item...rp-io-69
2023-06-06 19:06:17 INFO  BaseTest:110 - Property files loaded successfully**********
19:06:17.967 [main] DEBUG io.github.bonigarcia.wdm.cache.ResolutionCache - Resolution chrome=114 in cache (valid until 19:20:28 06/06/2023 CEST)
19:06:17.967 [main] DEBUG io.github.bonigarcia.wdm.cache.ResolutionCache - Resolution chrome114=114.0.5735.90 in cache (valid until 16:16:26 07/06/2023 CEST)
19:06:17.967 [main] INFO io.github.bonigarcia.wdm.WebDriverManager - Using chromedriver 114.0.5735.90 (resolved driver for Chrome 114)
19:06:17.968 [rp-io-66] DEBUG com.epam.reportportal.service.Launch - TestItem with ID = '40a20bd8-30f0-4c0a-8be7-0dcf46daa5bd' successfully finished.
19:06:17.968 [rp-io-66] DEBUG com.epam.reportportal.utils.SubscriptionUtils - Finish test item completed
19:06:17.972 [rp-io-69] DEBUG com.epam.reportportal.service.Launch - ReportPortal item with ID '8e4ab801-2934-4acf-b53b-636d15c8e05b' has been created
19:06:17.972 [rp-io-69] DEBUG com.epam.reportportal.utils.SubscriptionUtils - Start test item successfully completed
19:06:17.974 [main] DEBUG io.github.bonigarcia.wdm.WebDriverManager - Driver chromedriver 114.0.5735.90 found in cache
19:06:17.974 [main] INFO io.github.bonigarcia.wdm.WebDriverManager - Exporting webdriver.chrome.driver as C:\Users\Suwarna_Wagh\.cache\selenium\chromedriver\win32\114.0.5735.90\chromedriver.exe
19:06:18.168 [AsyncHttpClient-1-11] DEBUG org.asynchttpclient.netty.channel.NettyConnectListener - Using new Channel '[id: 0xd35b83e7, L:/127.0.0.1:57943 - R:localhost/127.0.0.1:21907]' for 'POST' to '/session'
19:06:19.180 [AsyncHttpClient-1-11] DEBUG org.asynchttpclient.netty.handler.HttpHandler - 

Request DefaultHttpRequest(decodeResult: success, version: HTTP/1.1)
POST /session HTTP/1.1
User-Agent: selenium/4.8.3 (java windows)
Content-Length: 439
Content-Type: application/json; charset=utf-8
host: localhost:21907
accept: */*

Response DefaultHttpResponse(decodeResult: success, version: HTTP/1.1)
HTTP/1.1 200 OK
Content-Length: 863
Content-Type: application/json; charset=utf-8
cache-control: no-cache

19:06:19.180 [AsyncHttpClient-1-11] DEBUG org.asynchttpclient.netty.channel.ChannelManager - Adding key: http://localhost:21907 for channel [id: 0xd35b83e7, L:/127.0.0.1:57943 - R:localhost/127.0.0.1:21907]
19:06:19.187 [AsyncHttpClient-1-12] DEBUG org.asynchttpclient.netty.channel.NettyConnectListener - Using new Channel '[id: 0xf832b300, L:/127.0.0.1:57952 - R:localhost/127.0.0.1:57944]' for 'GET' to '/json/version'
19:06:19.188 [AsyncHttpClient-1-12] DEBUG org.asynchttpclient.netty.handler.HttpHandler - 

Request DefaultFullHttpRequest(decodeResult: success, version: HTTP/1.1, content: EmptyByteBufBE)
GET /json/version HTTP/1.1
User-Agent: selenium/4.8.3 (java windows)
host: localhost:57944
accept: */*

Response DefaultHttpResponse(decodeResult: success, version: HTTP/1.1)
HTTP/1.1 200 OK
Content-Security-Policy: frame-ancestors 'none'
Content-Length: 424
Content-Type: application/json; charset=UTF-8

19:06:19.188 [AsyncHttpClient-1-12] DEBUG org.asynchttpclient.netty.channel.ChannelManager - Adding key: http://localhost:57944 for channel [id: 0xf832b300, L:/127.0.0.1:57952 - R:localhost/127.0.0.1:57944]
19:06:19.190 [AsyncHttpClient-1-13] DEBUG org.asynchttpclient.netty.channel.NettyConnectListener - Using new Channel '[id: 0x9b77be56, L:/127.0.0.1:57953 - R:localhost/127.0.0.1:57944]' for 'GET' to '/devtools/browser/60616f19-a826-48f3-bd39-197645c56980'
19:06:19.190 [AsyncHttpClient-1-13] DEBUG org.asynchttpclient.netty.handler.WebSocketHandler - 

Request DefaultFullHttpRequest(decodeResult: success, version: HTTP/1.1, content: EmptyByteBufBE)
GET /devtools/browser/60616f19-a826-48f3-bd39-197645c56980 HTTP/1.1
upgrade: websocket
connection: upgrade
sec-websocket-key: OHt82UDqOyZO4UQTpjvL1w==
sec-websocket-version: 13
origin: http://localhost:57944
host: localhost:57944
accept: */*
user-agent: AHC/2.1

Response DefaultHttpResponse(decodeResult: success, version: HTTP/1.1)
HTTP/1.1 101 WebSocket Protocol Handshake
Upgrade: WebSocket
Connection: Upgrade
Sec-WebSocket-Accept: pQLcT4DwmoytfH964qrqZfJCfjo=

19:06:19.193 [Forwarding setTimeout on session 4b3f97943e743072a3251020d3e01855 to remote] DEBUG org.asynchttpclient.netty.request.NettyRequestSender - Using pooled Channel '[id: 0xd35b83e7, L:/127.0.0.1:57943 - R:localhost/127.0.0.1:21907]' for 'POST' to 'http://localhost:21907/session/4b3f97943e743072a3251020d3e01855/timeouts'
19:06:19.193 [Forwarding setTimeout on session 4b3f97943e743072a3251020d3e01855 to remote] DEBUG org.asynchttpclient.netty.request.NettyRequestSender - Using open Channel [id: 0xd35b83e7, L:/127.0.0.1:57943 - R:localhost/127.0.0.1:21907] for POST '/session/4b3f97943e743072a3251020d3e01855/timeouts'
19:06:19.194 [AsyncHttpClient-1-11] DEBUG org.asynchttpclient.netty.handler.HttpHandler - 

Request DefaultHttpRequest(decodeResult: success, version: HTTP/1.1)
POST /session/4b3f97943e743072a3251020d3e01855/timeouts HTTP/1.1
User-Agent: selenium/4.8.3 (java windows)
Content-Length: 22
Content-Type: application/json; charset=utf-8
host: localhost:21907
accept: */*

Response DefaultHttpResponse(decodeResult: success, version: HTTP/1.1)
HTTP/1.1 200 OK
Content-Length: 14
Content-Type: application/json; charset=utf-8
cache-control: no-cache

19:06:19.194 [AsyncHttpClient-1-11] DEBUG org.asynchttpclient.netty.channel.ChannelManager - Adding key: http://localhost:21907 for channel [id: 0xd35b83e7, L:/127.0.0.1:57943 - R:localhost/127.0.0.1:21907]
19:06:19.195 [Forwarding maximizeCurrentWindow on session 4b3f97943e743072a3251020d3e01855 to remote] DEBUG org.asynchttpclient.netty.request.NettyRequestSender - Using pooled Channel '[id: 0xd35b83e7, L:/127.0.0.1:57943 - R:localhost/127.0.0.1:21907]' for 'POST' to 'http://localhost:21907/session/4b3f97943e743072a3251020d3e01855/window/maximize'
19:06:19.195 [Forwarding maximizeCurrentWindow on session 4b3f97943e743072a3251020d3e01855 to remote] DEBUG org.asynchttpclient.netty.request.NettyRequestSender - Using open Channel [id: 0xd35b83e7, L:/127.0.0.1:57943 - R:localhost/127.0.0.1:21907] for POST '/session/4b3f97943e743072a3251020d3e01855/window/maximize'
19:06:19.313 [AsyncHttpClient-1-11] DEBUG org.asynchttpclient.netty.handler.HttpHandler - 

Request DefaultHttpRequest(decodeResult: success, version: HTTP/1.1)
POST /session/4b3f97943e743072a3251020d3e01855/window/maximize HTTP/1.1
User-Agent: selenium/4.8.3 (java windows)
Content-Length: 3
Content-Type: application/json; charset=utf-8
host: localhost:21907
accept: */*

Response DefaultHttpResponse(decodeResult: success, version: HTTP/1.1)
HTTP/1.1 200 OK
Content-Length: 51
Content-Type: application/json; charset=utf-8
cache-control: no-cache

19:06:19.313 [AsyncHttpClient-1-11] DEBUG org.asynchttpclient.netty.channel.ChannelManager - Adding key: http://localhost:21907 for channel [id: 0xd35b83e7, L:/127.0.0.1:57943 - R:localhost/127.0.0.1:21907]
19:06:19.314 [Forwarding get on session 4b3f97943e743072a3251020d3e01855 to remote] DEBUG org.asynchttpclient.netty.request.NettyRequestSender - Using pooled Channel '[id: 0xd35b83e7, L:/127.0.0.1:57943 - R:localhost/127.0.0.1:21907]' for 'POST' to 'http://localhost:21907/session/4b3f97943e743072a3251020d3e01855/url'
19:06:19.314 [Forwarding get on session 4b3f97943e743072a3251020d3e01855 to remote] DEBUG org.asynchttpclient.netty.request.NettyRequestSender - Using open Channel [id: 0xd35b83e7, L:/127.0.0.1:57943 - R:localhost/127.0.0.1:21907] for POST '/session/4b3f97943e743072a3251020d3e01855/url'
19:06:20.138 [AsyncHttpClient-1-1] DEBUG org.asynchttpclient.netty.channel.DefaultChannelPool - Entry count for : http://localhost:57944 : 1
19:06:20.939 [AsyncHttpClient-1-11] DEBUG org.asynchttpclient.netty.handler.HttpHandler - 

Request DefaultHttpRequest(decodeResult: success, version: HTTP/1.1)
POST /session/4b3f97943e743072a3251020d3e01855/url HTTP/1.1
User-Agent: selenium/4.8.3 (java windows)
Content-Length: 52
Content-Type: application/json; charset=utf-8
host: localhost:21907
accept: */*

Response DefaultHttpResponse(decodeResult: success, version: HTTP/1.1)
HTTP/1.1 200 OK
Content-Length: 14
Content-Type: application/json; charset=utf-8
cache-control: no-cache

19:06:20.939 [AsyncHttpClient-1-11] DEBUG org.asynchttpclient.netty.channel.ChannelManager - Adding key: http://localhost:21907 for channel [id: 0xd35b83e7, L:/127.0.0.1:57943 - R:localhost/127.0.0.1:21907]
2023-06-06 19:06:20 INFO  BaseTest:104 - Test driver set up done successfully**********
2023-06-06 19:06:20 INFO  BaseTest:122 - Logging in to portal
19:06:20.941 [Forwarding findElement on session 4b3f97943e743072a3251020d3e01855 to remote] DEBUG org.asynchttpclient.netty.request.NettyRequestSender - Using pooled Channel '[id: 0xd35b83e7, L:/127.0.0.1:57943 - R:localhost/127.0.0.1:21907]' for 'POST' to 'http://localhost:21907/session/4b3f97943e743072a3251020d3e01855/element'
19:06:20.941 [Forwarding findElement on session 4b3f97943e743072a3251020d3e01855 to remote] DEBUG org.asynchttpclient.netty.request.NettyRequestSender - Using open Channel [id: 0xd35b83e7, L:/127.0.0.1:57943 - R:localhost/127.0.0.1:21907] for POST '/session/4b3f97943e743072a3251020d3e01855/element'
19:06:20.955 [AsyncHttpClient-1-11] DEBUG org.asynchttpclient.netty.handler.HttpHandler - 

Request DefaultHttpRequest(decodeResult: success, version: HTTP/1.1)
POST /session/4b3f97943e743072a3251020d3e01855/element HTTP/1.1
User-Agent: selenium/4.8.3 (java windows)
Content-Length: 59
Content-Type: application/json; charset=utf-8
host: localhost:21907
accept: */*

Response DefaultHttpResponse(decodeResult: success, version: HTTP/1.1)
HTTP/1.1 200 OK
Content-Length: 95
Content-Type: application/json; charset=utf-8
cache-control: no-cache

19:06:20.955 [AsyncHttpClient-1-11] DEBUG org.asynchttpclient.netty.channel.ChannelManager - Adding key: http://localhost:21907 for channel [id: 0xd35b83e7, L:/127.0.0.1:57943 - R:localhost/127.0.0.1:21907]
19:06:20.956 [Forwarding clearElement on session 4b3f97943e743072a3251020d3e01855 to remote] DEBUG org.asynchttpclient.netty.request.NettyRequestSender - Using pooled Channel '[id: 0xd35b83e7, L:/127.0.0.1:57943 - R:localhost/127.0.0.1:21907]' for 'POST' to 'http://localhost:21907/session/4b3f97943e743072a3251020d3e01855/element/F6B21170AE906F43B417A12F480606F4_element_25/clear'
19:06:20.956 [Forwarding clearElement on session 4b3f97943e743072a3251020d3e01855 to remote] DEBUG org.asynchttpclient.netty.request.NettyRequestSender - Using open Channel [id: 0xd35b83e7, L:/127.0.0.1:57943 - R:localhost/127.0.0.1:21907] for POST '/session/4b3f97943e743072a3251020d3e01855/element/F6B21170AE906F43B417A12F480606F4_element_25/clear'
19:06:21.004 [AsyncHttpClient-1-11] DEBUG org.asynchttpclient.netty.handler.HttpHandler - 

Request DefaultHttpRequest(decodeResult: success, version: HTTP/1.1)
POST /session/4b3f97943e743072a3251020d3e01855/element/F6B21170AE906F43B417A12F480606F4_element_25/clear HTTP/1.1
User-Agent: selenium/4.8.3 (java windows)
Content-Length: 57
Content-Type: application/json; charset=utf-8
host: localhost:21907
accept: */*

Response DefaultHttpResponse(decodeResult: success, version: HTTP/1.1)
HTTP/1.1 200 OK
Content-Length: 14
Content-Type: application/json; charset=utf-8
cache-control: no-cache

19:06:21.004 [AsyncHttpClient-1-11] DEBUG org.asynchttpclient.netty.channel.ChannelManager - Adding key: http://localhost:21907 for channel [id: 0xd35b83e7, L:/127.0.0.1:57943 - R:localhost/127.0.0.1:21907]
19:06:21.004 [Forwarding findElement on session 4b3f97943e743072a3251020d3e01855 to remote] DEBUG org.asynchttpclient.netty.request.NettyRequestSender - Using pooled Channel '[id: 0xd35b83e7, L:/127.0.0.1:57943 - R:localhost/127.0.0.1:21907]' for 'POST' to 'http://localhost:21907/session/4b3f97943e743072a3251020d3e01855/element'
19:06:21.004 [Forwarding findElement on session 4b3f97943e743072a3251020d3e01855 to remote] DEBUG org.asynchttpclient.netty.request.NettyRequestSender - Using open Channel [id: 0xd35b83e7, L:/127.0.0.1:57943 - R:localhost/127.0.0.1:21907] for POST '/session/4b3f97943e743072a3251020d3e01855/element'
19:06:21.014 [AsyncHttpClient-1-11] DEBUG org.asynchttpclient.netty.handler.HttpHandler - 

Request DefaultHttpRequest(decodeResult: success, version: HTTP/1.1)
POST /session/4b3f97943e743072a3251020d3e01855/element HTTP/1.1
User-Agent: selenium/4.8.3 (java windows)
Content-Length: 59
Content-Type: application/json; charset=utf-8
host: localhost:21907
accept: */*

Response DefaultHttpResponse(decodeResult: success, version: HTTP/1.1)
HTTP/1.1 200 OK
Content-Length: 95
Content-Type: application/json; charset=utf-8
cache-control: no-cache

19:06:21.014 [AsyncHttpClient-1-11] DEBUG org.asynchttpclient.netty.channel.ChannelManager - Adding key: http://localhost:21907 for channel [id: 0xd35b83e7, L:/127.0.0.1:57943 - R:localhost/127.0.0.1:21907]
19:06:21.016 [Forwarding sendKeysToElement on session 4b3f97943e743072a3251020d3e01855 to remote] DEBUG org.asynchttpclient.netty.request.NettyRequestSender - Using pooled Channel '[id: 0xd35b83e7, L:/127.0.0.1:57943 - R:localhost/127.0.0.1:21907]' for 'POST' to 'http://localhost:21907/session/4b3f97943e743072a3251020d3e01855/element/F6B21170AE906F43B417A12F480606F4_element_25/value'
19:06:21.016 [Forwarding sendKeysToElement on session 4b3f97943e743072a3251020d3e01855 to remote] DEBUG org.asynchttpclient.netty.request.NettyRequestSender - Using open Channel [id: 0xd35b83e7, L:/127.0.0.1:57943 - R:localhost/127.0.0.1:21907] for POST '/session/4b3f97943e743072a3251020d3e01855/element/F6B21170AE906F43B417A12F480606F4_element_25/value'
19:06:21.105 [AsyncHttpClient-1-11] DEBUG org.asynchttpclient.netty.handler.HttpHandler - 

Request DefaultHttpRequest(decodeResult: success, version: HTTP/1.1)
POST /session/4b3f97943e743072a3251020d3e01855/element/F6B21170AE906F43B417A12F480606F4_element_25/value HTTP/1.1
User-Agent: selenium/4.8.3 (java windows)
Content-Length: 188
Content-Type: application/json; charset=utf-8
host: localhost:21907
accept: */*

Response DefaultHttpResponse(decodeResult: success, version: HTTP/1.1)
HTTP/1.1 200 OK
Content-Length: 14
Content-Type: application/json; charset=utf-8
cache-control: no-cache

19:06:21.105 [AsyncHttpClient-1-11] DEBUG org.asynchttpclient.netty.channel.ChannelManager - Adding key: http://localhost:21907 for channel [id: 0xd35b83e7, L:/127.0.0.1:57943 - R:localhost/127.0.0.1:21907]
19:06:21.106 [Forwarding findElement on session 4b3f97943e743072a3251020d3e01855 to remote] DEBUG org.asynchttpclient.netty.request.NettyRequestSender - Using pooled Channel '[id: 0xd35b83e7, L:/127.0.0.1:57943 - R:localhost/127.0.0.1:21907]' for 'POST' to 'http://localhost:21907/session/4b3f97943e743072a3251020d3e01855/element'
19:06:21.106 [Forwarding findElement on session 4b3f97943e743072a3251020d3e01855 to remote] DEBUG org.asynchttpclient.netty.request.NettyRequestSender - Using open Channel [id: 0xd35b83e7, L:/127.0.0.1:57943 - R:localhost/127.0.0.1:21907] for POST '/session/4b3f97943e743072a3251020d3e01855/element'
19:06:21.119 [AsyncHttpClient-1-11] DEBUG org.asynchttpclient.netty.handler.HttpHandler - 

Request DefaultHttpRequest(decodeResult: success, version: HTTP/1.1)
POST /session/4b3f97943e743072a3251020d3e01855/element HTTP/1.1
User-Agent: selenium/4.8.3 (java windows)
Content-Length: 62
Content-Type: application/json; charset=utf-8
host: localhost:21907
accept: */*

Response DefaultHttpResponse(decodeResult: success, version: HTTP/1.1)
HTTP/1.1 200 OK
Content-Length: 95
Content-Type: application/json; charset=utf-8
cache-control: no-cache

19:06:21.119 [AsyncHttpClient-1-11] DEBUG org.asynchttpclient.netty.channel.ChannelManager - Adding key: http://localhost:21907 for channel [id: 0xd35b83e7, L:/127.0.0.1:57943 - R:localhost/127.0.0.1:21907]
19:06:21.120 [Forwarding clearElement on session 4b3f97943e743072a3251020d3e01855 to remote] DEBUG org.asynchttpclient.netty.request.NettyRequestSender - Using pooled Channel '[id: 0xd35b83e7, L:/127.0.0.1:57943 - R:localhost/127.0.0.1:21907]' for 'POST' to 'http://localhost:21907/session/4b3f97943e743072a3251020d3e01855/element/F6B21170AE906F43B417A12F480606F4_element_27/clear'
19:06:21.120 [Forwarding clearElement on session 4b3f97943e743072a3251020d3e01855 to remote] DEBUG org.asynchttpclient.netty.request.NettyRequestSender - Using open Channel [id: 0xd35b83e7, L:/127.0.0.1:57943 - R:localhost/127.0.0.1:21907] for POST '/session/4b3f97943e743072a3251020d3e01855/element/F6B21170AE906F43B417A12F480606F4_element_27/clear'
19:06:21.173 [AsyncHttpClient-1-11] DEBUG org.asynchttpclient.netty.handler.HttpHandler - 

Request DefaultHttpRequest(decodeResult: success, version: HTTP/1.1)
POST /session/4b3f97943e743072a3251020d3e01855/element/F6B21170AE906F43B417A12F480606F4_element_27/clear HTTP/1.1
User-Agent: selenium/4.8.3 (java windows)
Content-Length: 57
Content-Type: application/json; charset=utf-8
host: localhost:21907
accept: */*

Response DefaultHttpResponse(decodeResult: success, version: HTTP/1.1)
HTTP/1.1 200 OK
Content-Length: 14
Content-Type: application/json; charset=utf-8
cache-control: no-cache

19:06:21.174 [AsyncHttpClient-1-11] DEBUG org.asynchttpclient.netty.channel.ChannelManager - Adding key: http://localhost:21907 for channel [id: 0xd35b83e7, L:/127.0.0.1:57943 - R:localhost/127.0.0.1:21907]
19:06:21.174 [Forwarding findElement on session 4b3f97943e743072a3251020d3e01855 to remote] DEBUG org.asynchttpclient.netty.request.NettyRequestSender - Using pooled Channel '[id: 0xd35b83e7, L:/127.0.0.1:57943 - R:localhost/127.0.0.1:21907]' for 'POST' to 'http://localhost:21907/session/4b3f97943e743072a3251020d3e01855/element'
19:06:21.174 [Forwarding findElement on session 4b3f97943e743072a3251020d3e01855 to remote] DEBUG org.asynchttpclient.netty.request.NettyRequestSender - Using open Channel [id: 0xd35b83e7, L:/127.0.0.1:57943 - R:localhost/127.0.0.1:21907] for POST '/session/4b3f97943e743072a3251020d3e01855/element'
19:06:21.181 [AsyncHttpClient-1-11] DEBUG org.asynchttpclient.netty.handler.HttpHandler - 

Request DefaultHttpRequest(decodeResult: success, version: HTTP/1.1)
POST /session/4b3f97943e743072a3251020d3e01855/element HTTP/1.1
User-Agent: selenium/4.8.3 (java windows)
Content-Length: 62
Content-Type: application/json; charset=utf-8
host: localhost:21907
accept: */*

Response DefaultHttpResponse(decodeResult: success, version: HTTP/1.1)
HTTP/1.1 200 OK
Content-Length: 95
Content-Type: application/json; charset=utf-8
cache-control: no-cache

19:06:21.181 [AsyncHttpClient-1-11] DEBUG org.asynchttpclient.netty.channel.ChannelManager - Adding key: http://localhost:21907 for channel [id: 0xd35b83e7, L:/127.0.0.1:57943 - R:localhost/127.0.0.1:21907]
19:06:21.182 [Forwarding sendKeysToElement on session 4b3f97943e743072a3251020d3e01855 to remote] DEBUG org.asynchttpclient.netty.request.NettyRequestSender - Using pooled Channel '[id: 0xd35b83e7, L:/127.0.0.1:57943 - R:localhost/127.0.0.1:21907]' for 'POST' to 'http://localhost:21907/session/4b3f97943e743072a3251020d3e01855/element/F6B21170AE906F43B417A12F480606F4_element_27/value'
19:06:21.182 [Forwarding sendKeysToElement on session 4b3f97943e743072a3251020d3e01855 to remote] DEBUG org.asynchttpclient.netty.request.NettyRequestSender - Using open Channel [id: 0xd35b83e7, L:/127.0.0.1:57943 - R:localhost/127.0.0.1:21907] for POST '/session/4b3f97943e743072a3251020d3e01855/element/F6B21170AE906F43B417A12F480606F4_element_27/value'
19:06:21.236 [AsyncHttpClient-1-1] DEBUG org.asynchttpclient.netty.channel.DefaultChannelPool - Entry count for : http://localhost:57944 : 1
19:06:21.250 [AsyncHttpClient-1-11] DEBUG org.asynchttpclient.netty.handler.HttpHandler - 

Request DefaultHttpRequest(decodeResult: success, version: HTTP/1.1)
POST /session/4b3f97943e743072a3251020d3e01855/element/F6B21170AE906F43B417A12F480606F4_element_27/value HTTP/1.1
User-Agent: selenium/4.8.3 (java windows)
Content-Length: 148
Content-Type: application/json; charset=utf-8
host: localhost:21907
accept: */*

Response DefaultHttpResponse(decodeResult: success, version: HTTP/1.1)
HTTP/1.1 200 OK
Content-Length: 14
Content-Type: application/json; charset=utf-8
cache-control: no-cache

19:06:21.250 [AsyncHttpClient-1-11] DEBUG org.asynchttpclient.netty.channel.ChannelManager - Adding key: http://localhost:21907 for channel [id: 0xd35b83e7, L:/127.0.0.1:57943 - R:localhost/127.0.0.1:21907]
19:06:21.251 [Forwarding findElement on session 4b3f97943e743072a3251020d3e01855 to remote] DEBUG org.asynchttpclient.netty.request.NettyRequestSender - Using pooled Channel '[id: 0xd35b83e7, L:/127.0.0.1:57943 - R:localhost/127.0.0.1:21907]' for 'POST' to 'http://localhost:21907/session/4b3f97943e743072a3251020d3e01855/element'
19:06:21.251 [Forwarding findElement on session 4b3f97943e743072a3251020d3e01855 to remote] DEBUG org.asynchttpclient.netty.request.NettyRequestSender - Using open Channel [id: 0xd35b83e7, L:/127.0.0.1:57943 - R:localhost/127.0.0.1:21907] for POST '/session/4b3f97943e743072a3251020d3e01855/element'
19:06:21.262 [AsyncHttpClient-1-11] DEBUG org.asynchttpclient.netty.handler.HttpHandler - 

Request DefaultHttpRequest(decodeResult: success, version: HTTP/1.1)
POST /session/4b3f97943e743072a3251020d3e01855/element HTTP/1.1
User-Agent: selenium/4.8.3 (java windows)
Content-Length: 71
Content-Type: application/json; charset=utf-8
host: localhost:21907
accept: */*

Response DefaultHttpResponse(decodeResult: success, version: HTTP/1.1)
HTTP/1.1 200 OK
Content-Length: 95
Content-Type: application/json; charset=utf-8
cache-control: no-cache

19:06:21.262 [AsyncHttpClient-1-11] DEBUG org.asynchttpclient.netty.channel.ChannelManager - Adding key: http://localhost:21907 for channel [id: 0xd35b83e7, L:/127.0.0.1:57943 - R:localhost/127.0.0.1:21907]
19:06:21.263 [Forwarding clickElement on session 4b3f97943e743072a3251020d3e01855 to remote] DEBUG org.asynchttpclient.netty.request.NettyRequestSender - Using pooled Channel '[id: 0xd35b83e7, L:/127.0.0.1:57943 - R:localhost/127.0.0.1:21907]' for 'POST' to 'http://localhost:21907/session/4b3f97943e743072a3251020d3e01855/element/F6B21170AE906F43B417A12F480606F4_element_32/click'
19:06:21.263 [Forwarding clickElement on session 4b3f97943e743072a3251020d3e01855 to remote] DEBUG org.asynchttpclient.netty.request.NettyRequestSender - Using open Channel [id: 0xd35b83e7, L:/127.0.0.1:57943 - R:localhost/127.0.0.1:21907] for POST '/session/4b3f97943e743072a3251020d3e01855/element/F6B21170AE906F43B417A12F480606F4_element_32/click'
19:06:21.304 [AsyncHttpClient-1-11] DEBUG org.asynchttpclient.netty.handler.HttpHandler - 

Request DefaultHttpRequest(decodeResult: success, version: HTTP/1.1)
POST /session/4b3f97943e743072a3251020d3e01855/element/F6B21170AE906F43B417A12F480606F4_element_32/click HTTP/1.1
User-Agent: selenium/4.8.3 (java windows)
Content-Length: 57
Content-Type: application/json; charset=utf-8
host: localhost:21907
accept: */*

Response DefaultHttpResponse(decodeResult: success, version: HTTP/1.1)
HTTP/1.1 200 OK
Content-Length: 14
Content-Type: application/json; charset=utf-8
cache-control: no-cache

19:06:21.304 [AsyncHttpClient-1-11] DEBUG org.asynchttpclient.netty.channel.ChannelManager - Adding key: http://localhost:21907 for channel [id: 0xd35b83e7, L:/127.0.0.1:57943 - R:localhost/127.0.0.1:21907]
2023-06-06 19:06:21 INFO  BaseTest:126 - Logged in
19:06:21.306 [rp-io-79] DEBUG com.epam.reportportal.service.Launch - Starting test item...rp-io-79
2023-06-06 19:06:21 INFO  Listeners:34 - Started Test null
19:06:21.307 [Forwarding findElement on session 4b3f97943e743072a3251020d3e01855 to remote] DEBUG org.asynchttpclient.netty.request.NettyRequestSender - Using pooled Channel '[id: 0xd35b83e7, L:/127.0.0.1:57943 - R:localhost/127.0.0.1:21907]' for 'POST' to 'http://localhost:21907/session/4b3f97943e743072a3251020d3e01855/element'
19:06:21.307 [Forwarding findElement on session 4b3f97943e743072a3251020d3e01855 to remote] DEBUG org.asynchttpclient.netty.request.NettyRequestSender - Using open Channel [id: 0xd35b83e7, L:/127.0.0.1:57943 - R:localhost/127.0.0.1:21907] for POST '/session/4b3f97943e743072a3251020d3e01855/element'
19:06:21.322 [rp-io-71] DEBUG com.epam.reportportal.service.Launch - TestItem with ID = '8e4ab801-2934-4acf-b53b-636d15c8e05b' successfully finished.
19:06:21.322 [rp-io-71] DEBUG com.epam.reportportal.utils.SubscriptionUtils - Finish test item completed
19:06:21.327 [rp-io-79] DEBUG com.epam.reportportal.service.Launch - ReportPortal item with ID 'f3975e1d-0b09-4f05-a43c-6740aab60b95' has been created
19:06:21.327 [rp-io-79] DEBUG com.epam.reportportal.utils.SubscriptionUtils - Start test item successfully completed
19:06:21.669 [AsyncHttpClient-1-11] DEBUG org.asynchttpclient.netty.handler.HttpHandler - 

Request DefaultHttpRequest(decodeResult: success, version: HTTP/1.1)
POST /session/4b3f97943e743072a3251020d3e01855/element HTTP/1.1
User-Agent: selenium/4.8.3 (java windows)
Content-Length: 168
Content-Type: application/json; charset=utf-8
host: localhost:21907
accept: */*

Response DefaultHttpResponse(decodeResult: success, version: HTTP/1.1)
HTTP/1.1 200 OK
Content-Length: 95
Content-Type: application/json; charset=utf-8
cache-control: no-cache

19:06:21.669 [AsyncHttpClient-1-11] DEBUG org.asynchttpclient.netty.channel.ChannelManager - Adding key: http://localhost:21907 for channel [id: 0xd35b83e7, L:/127.0.0.1:57943 - R:localhost/127.0.0.1:21907]
19:06:21.670 [Forwarding clickElement on session 4b3f97943e743072a3251020d3e01855 to remote] DEBUG org.asynchttpclient.netty.request.NettyRequestSender - Using pooled Channel '[id: 0xd35b83e7, L:/127.0.0.1:57943 - R:localhost/127.0.0.1:21907]' for 'POST' to 'http://localhost:21907/session/4b3f97943e743072a3251020d3e01855/element/F6B21170AE906F43B417A12F480606F4_element_46/click'
19:06:21.670 [Forwarding clickElement on session 4b3f97943e743072a3251020d3e01855 to remote] DEBUG org.asynchttpclient.netty.request.NettyRequestSender - Using open Channel [id: 0xd35b83e7, L:/127.0.0.1:57943 - R:localhost/127.0.0.1:21907] for POST '/session/4b3f97943e743072a3251020d3e01855/element/F6B21170AE906F43B417A12F480606F4_element_46/click'
19:06:21.794 [AsyncHttpClient-1-11] DEBUG org.asynchttpclient.netty.handler.HttpHandler - 

Request DefaultHttpRequest(decodeResult: success, version: HTTP/1.1)
POST /session/4b3f97943e743072a3251020d3e01855/element/F6B21170AE906F43B417A12F480606F4_element_46/click HTTP/1.1
User-Agent: selenium/4.8.3 (java windows)
Content-Length: 57
Content-Type: application/json; charset=utf-8
host: localhost:21907
accept: */*

Response DefaultHttpResponse(decodeResult: success, version: HTTP/1.1)
HTTP/1.1 200 OK
Content-Length: 14
Content-Type: application/json; charset=utf-8
cache-control: no-cache

19:06:21.794 [AsyncHttpClient-1-11] DEBUG org.asynchttpclient.netty.channel.ChannelManager - Adding key: http://localhost:21907 for channel [id: 0xd35b83e7, L:/127.0.0.1:57943 - R:localhost/127.0.0.1:21907]
19:06:21.795 [Forwarding findElement on session 4b3f97943e743072a3251020d3e01855 to remote] DEBUG org.asynchttpclient.netty.request.NettyRequestSender - Using pooled Channel '[id: 0xd35b83e7, L:/127.0.0.1:57943 - R:localhost/127.0.0.1:21907]' for 'POST' to 'http://localhost:21907/session/4b3f97943e743072a3251020d3e01855/element'
19:06:21.795 [Forwarding findElement on session 4b3f97943e743072a3251020d3e01855 to remote] DEBUG org.asynchttpclient.netty.request.NettyRequestSender - Using open Channel [id: 0xd35b83e7, L:/127.0.0.1:57943 - R:localhost/127.0.0.1:21907] for POST '/session/4b3f97943e743072a3251020d3e01855/element'
19:06:22.022 [AsyncHttpClient-1-11] DEBUG org.asynchttpclient.netty.handler.HttpHandler - 

Request DefaultHttpRequest(decodeResult: success, version: HTTP/1.1)
POST /session/4b3f97943e743072a3251020d3e01855/element HTTP/1.1
User-Agent: selenium/4.8.3 (java windows)
Content-Length: 94
Content-Type: application/json; charset=utf-8
host: localhost:21907
accept: */*

Response DefaultHttpResponse(decodeResult: success, version: HTTP/1.1)
HTTP/1.1 200 OK
Content-Length: 95
Content-Type: application/json; charset=utf-8
cache-control: no-cache

19:06:22.022 [AsyncHttpClient-1-11] DEBUG org.asynchttpclient.netty.channel.ChannelManager - Adding key: http://localhost:21907 for channel [id: 0xd35b83e7, L:/127.0.0.1:57943 - R:localhost/127.0.0.1:21907]
19:06:22.022 [Forwarding getElementRect on session 4b3f97943e743072a3251020d3e01855 to remote] DEBUG org.asynchttpclient.netty.request.NettyRequestSender - Using pooled Channel '[id: 0xd35b83e7, L:/127.0.0.1:57943 - R:localhost/127.0.0.1:21907]' for 'GET' to 'http://localhost:21907/session/4b3f97943e743072a3251020d3e01855/element/F6B21170AE906F43B417A12F480606F4_element_56/rect'
19:06:22.022 [Forwarding getElementRect on session 4b3f97943e743072a3251020d3e01855 to remote] DEBUG org.asynchttpclient.netty.request.NettyRequestSender - Using open Channel [id: 0xd35b83e7, L:/127.0.0.1:57943 - R:localhost/127.0.0.1:21907] for GET '/session/4b3f97943e743072a3251020d3e01855/element/F6B21170AE906F43B417A12F480606F4_element_56/rect'
19:06:22.043 [AsyncHttpClient-1-11] DEBUG org.asynchttpclient.netty.handler.HttpHandler - 

Request DefaultFullHttpRequest(decodeResult: success, version: HTTP/1.1, content: EmptyByteBufBE)
GET /session/4b3f97943e743072a3251020d3e01855/element/F6B21170AE906F43B417A12F480606F4_element_56/rect HTTP/1.1
User-Agent: selenium/4.8.3 (java windows)
Cache-Control: no-cache
Content-Type: application/json; charset=utf-8
host: localhost:21907
accept: */*

Response DefaultHttpResponse(decodeResult: success, version: HTTP/1.1)
HTTP/1.1 200 OK
Content-Length: 95
Content-Type: application/json; charset=utf-8
cache-control: no-cache

19:06:22.044 [AsyncHttpClient-1-11] DEBUG org.asynchttpclient.netty.channel.ChannelManager - Adding key: http://localhost:21907 for channel [id: 0xd35b83e7, L:/127.0.0.1:57943 - R:localhost/127.0.0.1:21907]
19:06:22.045 [Forwarding findElement on session 4b3f97943e743072a3251020d3e01855 to remote] DEBUG org.asynchttpclient.netty.request.NettyRequestSender - Using pooled Channel '[id: 0xd35b83e7, L:/127.0.0.1:57943 - R:localhost/127.0.0.1:21907]' for 'POST' to 'http://localhost:21907/session/4b3f97943e743072a3251020d3e01855/element'
19:06:22.045 [Forwarding findElement on session 4b3f97943e743072a3251020d3e01855 to remote] DEBUG org.asynchttpclient.netty.request.NettyRequestSender - Using open Channel [id: 0xd35b83e7, L:/127.0.0.1:57943 - R:localhost/127.0.0.1:21907] for POST '/session/4b3f97943e743072a3251020d3e01855/element'
19:06:22.069 [AsyncHttpClient-1-11] DEBUG org.asynchttpclient.netty.handler.HttpHandler - 

Request DefaultHttpRequest(decodeResult: success, version: HTTP/1.1)
POST /session/4b3f97943e743072a3251020d3e01855/element HTTP/1.1
User-Agent: selenium/4.8.3 (java windows)
Content-Length: 232
Content-Type: application/json; charset=utf-8
host: localhost:21907
accept: */*

Response DefaultHttpResponse(decodeResult: success, version: HTTP/1.1)
HTTP/1.1 200 OK
Content-Length: 95
Content-Type: application/json; charset=utf-8
cache-control: no-cache

19:06:22.069 [AsyncHttpClient-1-11] DEBUG org.asynchttpclient.netty.channel.ChannelManager - Adding key: http://localhost:21907 for channel [id: 0xd35b83e7, L:/127.0.0.1:57943 - R:localhost/127.0.0.1:21907]
19:06:22.070 [Forwarding findElement on session 4b3f97943e743072a3251020d3e01855 to remote] DEBUG org.asynchttpclient.netty.request.NettyRequestSender - Using pooled Channel '[id: 0xd35b83e7, L:/127.0.0.1:57943 - R:localhost/127.0.0.1:21907]' for 'POST' to 'http://localhost:21907/session/4b3f97943e743072a3251020d3e01855/element'
19:06:22.070 [Forwarding findElement on session 4b3f97943e743072a3251020d3e01855 to remote] DEBUG org.asynchttpclient.netty.request.NettyRequestSender - Using open Channel [id: 0xd35b83e7, L:/127.0.0.1:57943 - R:localhost/127.0.0.1:21907] for POST '/session/4b3f97943e743072a3251020d3e01855/element'
19:06:22.081 [AsyncHttpClient-1-11] DEBUG org.asynchttpclient.netty.handler.HttpHandler - 

Request DefaultHttpRequest(decodeResult: success, version: HTTP/1.1)
POST /session/4b3f97943e743072a3251020d3e01855/element HTTP/1.1
User-Agent: selenium/4.8.3 (java windows)
Content-Length: 283
Content-Type: application/json; charset=utf-8
host: localhost:21907
accept: */*

Response DefaultHttpResponse(decodeResult: success, version: HTTP/1.1)
HTTP/1.1 200 OK
Content-Length: 95
Content-Type: application/json; charset=utf-8
cache-control: no-cache

19:06:22.081 [AsyncHttpClient-1-11] DEBUG org.asynchttpclient.netty.channel.ChannelManager - Adding key: http://localhost:21907 for channel [id: 0xd35b83e7, L:/127.0.0.1:57943 - R:localhost/127.0.0.1:21907]
19:06:22.090 [Forwarding actions on session 4b3f97943e743072a3251020d3e01855 to remote] DEBUG org.asynchttpclient.netty.request.NettyRequestSender - Using pooled Channel '[id: 0xd35b83e7, L:/127.0.0.1:57943 - R:localhost/127.0.0.1:21907]' for 'POST' to 'http://localhost:21907/session/4b3f97943e743072a3251020d3e01855/actions'
19:06:22.090 [Forwarding actions on session 4b3f97943e743072a3251020d3e01855 to remote] DEBUG org.asynchttpclient.netty.request.NettyRequestSender - Using open Channel [id: 0xd35b83e7, L:/127.0.0.1:57943 - R:localhost/127.0.0.1:21907] for POST '/session/4b3f97943e743072a3251020d3e01855/actions'
19:06:22.338 [AsyncHttpClient-1-1] DEBUG org.asynchttpclient.netty.channel.DefaultChannelPool - Entry count for : http://localhost:57944 : 1
19:06:22.371 [AsyncHttpClient-1-11] DEBUG org.asynchttpclient.netty.handler.HttpHandler - 

Request DefaultHttpRequest(decodeResult: success, version: HTTP/1.1)
POST /session/4b3f97943e743072a3251020d3e01855/actions HTTP/1.1
User-Agent: selenium/4.8.3 (java windows)
Content-Length: 962
Content-Type: application/json; charset=utf-8
host: localhost:21907
accept: */*

Response DefaultHttpResponse(decodeResult: success, version: HTTP/1.1)
HTTP/1.1 200 OK
Content-Length: 14
Content-Type: application/json; charset=utf-8
cache-control: no-cache

19:06:22.371 [AsyncHttpClient-1-11] DEBUG org.asynchttpclient.netty.channel.ChannelManager - Adding key: http://localhost:21907 for channel [id: 0xd35b83e7, L:/127.0.0.1:57943 - R:localhost/127.0.0.1:21907]
19:06:22.372 [Forwarding findElement on session 4b3f97943e743072a3251020d3e01855 to remote] DEBUG org.asynchttpclient.netty.request.NettyRequestSender - Using pooled Channel '[id: 0xd35b83e7, L:/127.0.0.1:57943 - R:localhost/127.0.0.1:21907]' for 'POST' to 'http://localhost:21907/session/4b3f97943e743072a3251020d3e01855/element'
19:06:22.372 [Forwarding findElement on session 4b3f97943e743072a3251020d3e01855 to remote] DEBUG org.asynchttpclient.netty.request.NettyRequestSender - Using open Channel [id: 0xd35b83e7, L:/127.0.0.1:57943 - R:localhost/127.0.0.1:21907] for POST '/session/4b3f97943e743072a3251020d3e01855/element'
19:06:22.387 [AsyncHttpClient-1-11] DEBUG org.asynchttpclient.netty.handler.HttpHandler - 

Request DefaultHttpRequest(decodeResult: success, version: HTTP/1.1)
POST /session/4b3f97943e743072a3251020d3e01855/element HTTP/1.1
User-Agent: selenium/4.8.3 (java windows)
Content-Length: 94
Content-Type: application/json; charset=utf-8
host: localhost:21907
accept: */*

Response DefaultHttpResponse(decodeResult: success, version: HTTP/1.1)
HTTP/1.1 200 OK
Content-Length: 95
Content-Type: application/json; charset=utf-8
cache-control: no-cache

19:06:22.387 [AsyncHttpClient-1-11] DEBUG org.asynchttpclient.netty.channel.ChannelManager - Adding key: http://localhost:21907 for channel [id: 0xd35b83e7, L:/127.0.0.1:57943 - R:localhost/127.0.0.1:21907]
19:06:22.388 [Forwarding getElementRect on session 4b3f97943e743072a3251020d3e01855 to remote] DEBUG org.asynchttpclient.netty.request.NettyRequestSender - Using pooled Channel '[id: 0xd35b83e7, L:/127.0.0.1:57943 - R:localhost/127.0.0.1:21907]' for 'GET' to 'http://localhost:21907/session/4b3f97943e743072a3251020d3e01855/element/F6B21170AE906F43B417A12F480606F4_element_56/rect'
19:06:22.388 [Forwarding getElementRect on session 4b3f97943e743072a3251020d3e01855 to remote] DEBUG org.asynchttpclient.netty.request.NettyRequestSender - Using open Channel [id: 0xd35b83e7, L:/127.0.0.1:57943 - R:localhost/127.0.0.1:21907] for GET '/session/4b3f97943e743072a3251020d3e01855/element/F6B21170AE906F43B417A12F480606F4_element_56/rect'
19:06:22.406 [AsyncHttpClient-1-11] DEBUG org.asynchttpclient.netty.handler.HttpHandler - 

Request DefaultFullHttpRequest(decodeResult: success, version: HTTP/1.1, content: EmptyByteBufBE)
GET /session/4b3f97943e743072a3251020d3e01855/element/F6B21170AE906F43B417A12F480606F4_element_56/rect HTTP/1.1
User-Agent: selenium/4.8.3 (java windows)
Cache-Control: no-cache
Content-Type: application/json; charset=utf-8
host: localhost:21907
accept: */*

Response DefaultHttpResponse(decodeResult: success, version: HTTP/1.1)
HTTP/1.1 200 OK
Content-Length: 81
Content-Type: application/json; charset=utf-8
cache-control: no-cache

19:06:22.406 [AsyncHttpClient-1-11] DEBUG org.asynchttpclient.netty.channel.ChannelManager - Adding key: http://localhost:21907 for channel [id: 0xd35b83e7, L:/127.0.0.1:57943 - R:localhost/127.0.0.1:21907]
2023-06-06 19:06:22 INFO  Listeners:55 - Skipped test null
19:06:22.416 [main] ERROR com.epam.reportportal.service.Launch - Item io.reactivex.internal.operators.maybe.MaybeCache@8ea1521 not found in the cache
]]></system-out>
    <system-err><![CDATA[Starting ChromeDriver 114.0.5735.90 (386bc09e8f4f2e025eddae123f36f6263096ae49-refs/branch-heads/5735@{#1052}) on port 21907
Only local connections are allowed.
Please see https://chromedriver.chromium.org/security-considerations for suggestions on keeping ChromeDriver safe.
ChromeDriver was started successfully.
Jun 06, 2023 7:06:19 PM org.openqa.selenium.devtools.CdpVersionFinder findNearestMatch
WARNING: Unable to find an exact match for CDP version 114, so returning the closest version found: 111
]]></system-err>
  </testcase>
  <testcase name="maximizing_widget" classname="alltests.uitest.coreTest.MaximizeWidget" time="1.073">
    <failure message="did not expect [(895, 804)] but found [(895, 804)]" type="java.lang.AssertionError"><![CDATA[java.lang.AssertionError: did not expect [(895, 804)] but found [(895, 804)]
	at org.testng.Assert.fail(Assert.java:110)
	at org.testng.Assert.failEquals(Assert.java:1581)
	at org.testng.Assert.assertNotEqualsImpl(Assert.java:156)
	at org.testng.Assert.assertNotEquals(Assert.java:2197)
	at org.testng.Assert.assertNotEquals(Assert.java:2219)
	at alltests.uitest.coreTest.MaximizeWidget.maximizing_widget(MaximizeWidget.java:26)
	at java.base/jdk.internal.reflect.NativeMethodAccessorImpl.invoke0(Native Method)
	at java.base/jdk.internal.reflect.NativeMethodAccessorImpl.invoke(NativeMethodAccessorImpl.java:77)
	at java.base/jdk.internal.reflect.DelegatingMethodAccessorImpl.invoke(DelegatingMethodAccessorImpl.java:43)
	at java.base/java.lang.reflect.Method.invoke(Method.java:568)
	at org.testng.internal.invokers.MethodInvocationHelper.invokeMethod(MethodInvocationHelper.java:139)
	at org.testng.internal.invokers.TestInvoker.invokeMethod(TestInvoker.java:677)
	at org.testng.internal.invokers.TestInvoker.retryFailed(TestInvoker.java:263)
	at org.testng.internal.invokers.MethodRunner.runInSequence(MethodRunner.java:62)
	at org.testng.internal.invokers.TestInvoker$MethodInvocationAgent.invoke(TestInvoker.java:969)
	at org.testng.internal.invokers.TestInvoker.invokeTestMethods(TestInvoker.java:194)
	at org.testng.internal.invokers.TestMethodWorker.invokeTestMethods(TestMethodWorker.java:148)
	at org.testng.internal.invokers.TestMethodWorker.run(TestMethodWorker.java:128)
	at java.base/java.util.ArrayList.forEach(ArrayList.java:1511)
	at org.testng.TestRunner.privateRun(TestRunner.java:829)
	at org.testng.TestRunner.run(TestRunner.java:602)
	at org.testng.SuiteRunner.runTest(SuiteRunner.java:437)
	at org.testng.SuiteRunner.runSequentially(SuiteRunner.java:431)
	at org.testng.SuiteRunner.privateRun(SuiteRunner.java:391)
	at org.testng.SuiteRunner.run(SuiteRunner.java:330)
	at org.testng.SuiteRunnerWorker.runSuite(SuiteRunnerWorker.java:52)
	at org.testng.SuiteRunnerWorker.run(SuiteRunnerWorker.java:95)
	at org.testng.TestNG.runSuitesSequentially(TestNG.java:1256)
	at org.testng.TestNG.runSuitesLocally(TestNG.java:1176)
	at org.testng.TestNG.runSuites(TestNG.java:1099)
	at org.testng.TestNG.run(TestNG.java:1067)
	at org.apache.maven.surefire.testng.TestNGExecutor.run(TestNGExecutor.java:308)
	at org.apache.maven.surefire.testng.TestNGXmlTestSuite.execute(TestNGXmlTestSuite.java:71)
	at org.apache.maven.surefire.testng.TestNGProvider.invoke(TestNGProvider.java:113)
	at org.apache.maven.surefire.booter.ForkedBooter.runSuitesInProcess(ForkedBooter.java:385)
	at org.apache.maven.surefire.booter.ForkedBooter.execute(ForkedBooter.java:162)
	at org.apache.maven.surefire.booter.ForkedBooter.run(ForkedBooter.java:507)
	at org.apache.maven.surefire.booter.ForkedBooter.main(ForkedBooter.java:495)
]]></failure>
    <system-out><![CDATA[19:06:22.417 [rp-io-85] DEBUG com.epam.reportportal.service.Launch - Starting test item...rp-io-85
19:06:22.418 [AsyncHttpClient-1-13] DEBUG org.asynchttpclient.netty.handler.WebSocketHandler - Channel Closed: [id: 0x9b77be56, L:/127.0.0.1:57953 ! R:localhost/127.0.0.1:57944] with attribute NettyResponseFuture{currentRetry=0,
	isDone=1,
	isCancelled=0,
	asyncHandler=org.asynchttpclient.ws.WebSocketUpgradeHandler@68779e49,
	nettyRequest=org.asynchttpclient.netty.request.NettyRequest@5de9a60f,
	future=java.util.concurrent.CompletableFuture@6f7c935c[Completed normally],
	uri=ws://localhost:57944/devtools/browser/60616f19-a826-48f3-bd39-197645c56980,
	keepAlive=true,
	redirectCount=0,
	timeoutsHolder=null,
	inAuth=0,
	touch=1686071179191}
19:06:22.418 [AsyncHttpClient-1-13] DEBUG org.asynchttpclient.netty.channel.ChannelManager - Closing Channel [id: 0x9b77be56, L:/127.0.0.1:57953 ! R:localhost/127.0.0.1:57944] 
19:06:22.420 [Driver Command Executor] DEBUG org.asynchttpclient.netty.request.NettyRequestSender - Using pooled Channel '[id: 0xd35b83e7, L:/127.0.0.1:57943 - R:localhost/127.0.0.1:21907]' for 'DELETE' to 'http://localhost:21907/session/4b3f97943e743072a3251020d3e01855'
19:06:22.420 [Driver Command Executor] DEBUG org.asynchttpclient.netty.request.NettyRequestSender - Using open Channel [id: 0xd35b83e7, L:/127.0.0.1:57943 - R:localhost/127.0.0.1:21907] for DELETE '/session/4b3f97943e743072a3251020d3e01855'
19:06:22.436 [rp-io-81] DEBUG com.epam.reportportal.service.Launch - TestItem with ID = 'f3975e1d-0b09-4f05-a43c-6740aab60b95' successfully finished.
19:06:22.436 [rp-io-81] DEBUG com.epam.reportportal.utils.SubscriptionUtils - Finish test item completed
19:06:22.440 [rp-io-82] DEBUG com.epam.reportportal.service.Launch - TestItem with ID = '8e4ab801-2934-4acf-b53b-636d15c8e05b' successfully finished.
19:06:22.440 [rp-io-82] DEBUG com.epam.reportportal.utils.SubscriptionUtils - Finish test item completed
19:06:22.445 [rp-io-85] DEBUG com.epam.reportportal.service.Launch - ReportPortal item with ID 'e57e9f6e-4350-4dce-b87d-96b60557fe96' has been created
19:06:22.445 [rp-io-85] DEBUG com.epam.reportportal.utils.SubscriptionUtils - Start test item successfully completed
19:06:22.482 [AsyncHttpClient-1-12] DEBUG org.asynchttpclient.netty.handler.HttpHandler - Unexpected I/O exception on channel [id: 0xf832b300, L:/127.0.0.1:57952 - R:localhost/127.0.0.1:57944]
java.net.SocketException: Connection reset
	at java.base/sun.nio.ch.SocketChannelImpl.throwConnectionReset(SocketChannelImpl.java:394)
	at java.base/sun.nio.ch.SocketChannelImpl.read(SocketChannelImpl.java:426)
	at io.netty.buffer.PooledByteBuf.setBytes(PooledByteBuf.java:256)
	at io.netty.buffer.AbstractByteBuf.writeBytes(AbstractByteBuf.java:1132)
	at io.netty.channel.socket.nio.NioSocketChannel.doReadBytes(NioSocketChannel.java:357)
	at io.netty.channel.nio.AbstractNioByteChannel$NioByteUnsafe.read(AbstractNioByteChannel.java:151)
	at io.netty.channel.nio.NioEventLoop.processSelectedKey(NioEventLoop.java:788)
	at io.netty.channel.nio.NioEventLoop.processSelectedKeysOptimized(NioEventLoop.java:724)
	at io.netty.channel.nio.NioEventLoop.processSelectedKeys(NioEventLoop.java:650)
	at io.netty.channel.nio.NioEventLoop.run(NioEventLoop.java:562)
	at io.netty.util.concurrent.SingleThreadEventExecutor$4.run(SingleThreadEventExecutor.java:997)
	at io.netty.util.internal.ThreadExecutorMap$2.run(ThreadExecutorMap.java:74)
	at io.netty.util.concurrent.FastThreadLocalRunnable.run(FastThreadLocalRunnable.java:30)
	at java.base/java.lang.Thread.run(Thread.java:833)
19:06:22.482 [AsyncHttpClient-1-12] DEBUG org.asynchttpclient.netty.channel.ChannelManager - Closing Channel [id: 0xf832b300, L:/127.0.0.1:57952 - R:localhost/127.0.0.1:57944] 
19:06:22.482 [AsyncHttpClient-1-12] DEBUG org.asynchttpclient.netty.handler.HttpHandler - Channel Closed: [id: 0xf832b300, L:/127.0.0.1:57952 ! R:localhost/127.0.0.1:57944] with attribute DISCARD
19:06:22.506 [AsyncHttpClient-1-11] DEBUG org.asynchttpclient.netty.handler.HttpHandler - 

Request DefaultFullHttpRequest(decodeResult: success, version: HTTP/1.1, content: EmptyByteBufBE)
DELETE /session/4b3f97943e743072a3251020d3e01855 HTTP/1.1
User-Agent: selenium/4.8.3 (java windows)
Content-Type: application/json; charset=utf-8
host: localhost:21907
accept: */*

Response DefaultHttpResponse(decodeResult: success, version: HTTP/1.1)
HTTP/1.1 200 OK
Content-Length: 14
Content-Type: application/json; charset=utf-8
cache-control: no-cache

19:06:22.506 [AsyncHttpClient-1-11] DEBUG org.asynchttpclient.netty.channel.ChannelManager - Adding key: http://localhost:21907 for channel [id: 0xd35b83e7, L:/127.0.0.1:57943 - R:localhost/127.0.0.1:21907]
19:06:22.558 [AsyncHttpClient-1-11] DEBUG org.asynchttpclient.netty.handler.HttpHandler - Channel Closed: [id: 0xd35b83e7, L:/127.0.0.1:57943 ! R:localhost/127.0.0.1:21907] with attribute DISCARD
2023-06-06 19:06:22 INFO  BaseTest:83 - Test executed**********
19:06:22.612 [rp-io-88] DEBUG com.epam.reportportal.service.Launch - Starting test item...rp-io-88
2023-06-06 19:06:22 INFO  BaseTest:110 - Property files loaded successfully**********
19:06:22.628 [main] DEBUG io.github.bonigarcia.wdm.cache.ResolutionCache - Resolution chrome=114 in cache (valid until 19:20:28 06/06/2023 CEST)
19:06:22.628 [main] DEBUG io.github.bonigarcia.wdm.cache.ResolutionCache - Resolution chrome114=114.0.5735.90 in cache (valid until 16:16:26 07/06/2023 CEST)
19:06:22.629 [main] INFO io.github.bonigarcia.wdm.WebDriverManager - Using chromedriver 114.0.5735.90 (resolved driver for Chrome 114)
19:06:22.631 [rp-io-93] DEBUG com.epam.reportportal.service.Launch - TestItem with ID = 'e57e9f6e-4350-4dce-b87d-96b60557fe96' successfully finished.
19:06:22.631 [rp-io-93] DEBUG com.epam.reportportal.utils.SubscriptionUtils - Finish test item completed
19:06:22.636 [rp-io-88] DEBUG com.epam.reportportal.service.Launch - ReportPortal item with ID '0fb7d032-0255-43c8-9830-bdf92e098ac3' has been created
19:06:22.636 [rp-io-88] DEBUG com.epam.reportportal.utils.SubscriptionUtils - Start test item successfully completed
19:06:22.636 [main] DEBUG io.github.bonigarcia.wdm.WebDriverManager - Driver chromedriver 114.0.5735.90 found in cache
19:06:22.637 [main] INFO io.github.bonigarcia.wdm.WebDriverManager - Exporting webdriver.chrome.driver as C:\Users\Suwarna_Wagh\.cache\selenium\chromedriver\win32\114.0.5735.90\chromedriver.exe
19:06:22.842 [AsyncHttpClient-1-14] DEBUG org.asynchttpclient.netty.channel.NettyConnectListener - Using new Channel '[id: 0x306577bd, L:/127.0.0.1:57972 - R:localhost/127.0.0.1:16470]' for 'POST' to '/session'
19:06:23.437 [AsyncHttpClient-1-1] DEBUG org.asynchttpclient.netty.channel.DefaultChannelPool - Entry count for : http://localhost:57944 : 1
19:06:23.437 [AsyncHttpClient-1-1] DEBUG org.asynchttpclient.netty.channel.DefaultChannelPool - Entry count for : http://localhost:21907 : 1
19:06:23.437 [AsyncHttpClient-1-1] DEBUG org.asynchttpclient.netty.channel.DefaultChannelPool - Adding Candidate expired Channel [id: 0xf832b300, L:/127.0.0.1:57952 ! R:localhost/127.0.0.1:57944] isIdleTimeoutExpired=false isRemotelyClosed=true isTtlExpired=false
19:06:23.437 [AsyncHttpClient-1-1] DEBUG org.asynchttpclient.netty.channel.DefaultChannelPool - Closing Idle Channel [id: 0xf832b300, L:/127.0.0.1:57952 ! R:localhost/127.0.0.1:57944]
19:06:23.437 [AsyncHttpClient-1-1] DEBUG org.asynchttpclient.netty.channel.DefaultChannelPool - Adding Candidate expired Channel [id: 0xd35b83e7, L:/127.0.0.1:57943 ! R:localhost/127.0.0.1:21907] isIdleTimeoutExpired=false isRemotelyClosed=true isTtlExpired=false
19:06:23.437 [AsyncHttpClient-1-1] DEBUG org.asynchttpclient.netty.channel.DefaultChannelPool - Closing Idle Channel [id: 0xd35b83e7, L:/127.0.0.1:57943 ! R:localhost/127.0.0.1:21907]
19:06:23.437 [AsyncHttpClient-1-1] DEBUG org.asynchttpclient.netty.channel.DefaultChannelPool - Closed 2 connections out of 2 in 0 ms
19:06:23.721 [AsyncHttpClient-1-14] DEBUG org.asynchttpclient.netty.handler.HttpHandler - 

Request DefaultHttpRequest(decodeResult: success, version: HTTP/1.1)
POST /session HTTP/1.1
User-Agent: selenium/4.8.3 (java windows)
Content-Length: 439
Content-Type: application/json; charset=utf-8
host: localhost:16470
accept: */*

Response DefaultHttpResponse(decodeResult: success, version: HTTP/1.1)
HTTP/1.1 200 OK
Content-Length: 864
Content-Type: application/json; charset=utf-8
cache-control: no-cache

19:06:23.722 [AsyncHttpClient-1-14] DEBUG org.asynchttpclient.netty.channel.ChannelManager - Adding key: http://localhost:16470 for channel [id: 0x306577bd, L:/127.0.0.1:57972 - R:localhost/127.0.0.1:16470]
19:06:23.728 [AsyncHttpClient-1-15] DEBUG org.asynchttpclient.netty.channel.NettyConnectListener - Using new Channel '[id: 0x9ea5c574, L:/127.0.0.1:57981 - R:localhost/127.0.0.1:57973]' for 'GET' to '/json/version'
19:06:23.729 [AsyncHttpClient-1-15] DEBUG org.asynchttpclient.netty.handler.HttpHandler - 

Request DefaultFullHttpRequest(decodeResult: success, version: HTTP/1.1, content: EmptyByteBufBE)
GET /json/version HTTP/1.1
User-Agent: selenium/4.8.3 (java windows)
host: localhost:57973
accept: */*

Response DefaultHttpResponse(decodeResult: success, version: HTTP/1.1)
HTTP/1.1 200 OK
Content-Security-Policy: frame-ancestors 'none'
Content-Length: 424
Content-Type: application/json; charset=UTF-8

19:06:23.729 [AsyncHttpClient-1-15] DEBUG org.asynchttpclient.netty.channel.ChannelManager - Adding key: http://localhost:57973 for channel [id: 0x9ea5c574, L:/127.0.0.1:57981 - R:localhost/127.0.0.1:57973]
19:06:23.731 [AsyncHttpClient-1-16] DEBUG org.asynchttpclient.netty.channel.NettyConnectListener - Using new Channel '[id: 0xab7c6a92, L:/127.0.0.1:57982 - R:localhost/127.0.0.1:57973]' for 'GET' to '/devtools/browser/f523e4f5-57ad-40d0-83d9-0b86f5fddfc9'
19:06:23.732 [AsyncHttpClient-1-16] DEBUG org.asynchttpclient.netty.handler.WebSocketHandler - 

Request DefaultFullHttpRequest(decodeResult: success, version: HTTP/1.1, content: EmptyByteBufBE)
GET /devtools/browser/f523e4f5-57ad-40d0-83d9-0b86f5fddfc9 HTTP/1.1
upgrade: websocket
connection: upgrade
sec-websocket-key: zEnCGaxPQJPMpQ0FhDr4lw==
sec-websocket-version: 13
origin: http://localhost:57973
host: localhost:57973
accept: */*
user-agent: AHC/2.1

Response DefaultHttpResponse(decodeResult: success, version: HTTP/1.1)
HTTP/1.1 101 WebSocket Protocol Handshake
Upgrade: WebSocket
Connection: Upgrade
Sec-WebSocket-Accept: iJUoYzWn8iB+GsgAi8sTS8+a+wc=

19:06:23.736 [Forwarding setTimeout on session dd1ba7b6356fd6e62225c44ec8eb2ab6 to remote] DEBUG org.asynchttpclient.netty.request.NettyRequestSender - Using pooled Channel '[id: 0x306577bd, L:/127.0.0.1:57972 - R:localhost/127.0.0.1:16470]' for 'POST' to 'http://localhost:16470/session/dd1ba7b6356fd6e62225c44ec8eb2ab6/timeouts'
19:06:23.736 [Forwarding setTimeout on session dd1ba7b6356fd6e62225c44ec8eb2ab6 to remote] DEBUG org.asynchttpclient.netty.request.NettyRequestSender - Using open Channel [id: 0x306577bd, L:/127.0.0.1:57972 - R:localhost/127.0.0.1:16470] for POST '/session/dd1ba7b6356fd6e62225c44ec8eb2ab6/timeouts'
19:06:23.737 [AsyncHttpClient-1-14] DEBUG org.asynchttpclient.netty.handler.HttpHandler - 

Request DefaultHttpRequest(decodeResult: success, version: HTTP/1.1)
POST /session/dd1ba7b6356fd6e62225c44ec8eb2ab6/timeouts HTTP/1.1
User-Agent: selenium/4.8.3 (java windows)
Content-Length: 22
Content-Type: application/json; charset=utf-8
host: localhost:16470
accept: */*

Response DefaultHttpResponse(decodeResult: success, version: HTTP/1.1)
HTTP/1.1 200 OK
Content-Length: 14
Content-Type: application/json; charset=utf-8
cache-control: no-cache

19:06:23.737 [AsyncHttpClient-1-14] DEBUG org.asynchttpclient.netty.channel.ChannelManager - Adding key: http://localhost:16470 for channel [id: 0x306577bd, L:/127.0.0.1:57972 - R:localhost/127.0.0.1:16470]
19:06:23.738 [Forwarding maximizeCurrentWindow on session dd1ba7b6356fd6e62225c44ec8eb2ab6 to remote] DEBUG org.asynchttpclient.netty.request.NettyRequestSender - Using pooled Channel '[id: 0x306577bd, L:/127.0.0.1:57972 - R:localhost/127.0.0.1:16470]' for 'POST' to 'http://localhost:16470/session/dd1ba7b6356fd6e62225c44ec8eb2ab6/window/maximize'
19:06:23.738 [Forwarding maximizeCurrentWindow on session dd1ba7b6356fd6e62225c44ec8eb2ab6 to remote] DEBUG org.asynchttpclient.netty.request.NettyRequestSender - Using open Channel [id: 0x306577bd, L:/127.0.0.1:57972 - R:localhost/127.0.0.1:16470] for POST '/session/dd1ba7b6356fd6e62225c44ec8eb2ab6/window/maximize'
19:06:23.868 [AsyncHttpClient-1-14] DEBUG org.asynchttpclient.netty.handler.HttpHandler - 

Request DefaultHttpRequest(decodeResult: success, version: HTTP/1.1)
POST /session/dd1ba7b6356fd6e62225c44ec8eb2ab6/window/maximize HTTP/1.1
User-Agent: selenium/4.8.3 (java windows)
Content-Length: 3
Content-Type: application/json; charset=utf-8
host: localhost:16470
accept: */*

Response DefaultHttpResponse(decodeResult: success, version: HTTP/1.1)
HTTP/1.1 200 OK
Content-Length: 51
Content-Type: application/json; charset=utf-8
cache-control: no-cache

19:06:23.868 [AsyncHttpClient-1-14] DEBUG org.asynchttpclient.netty.channel.ChannelManager - Adding key: http://localhost:16470 for channel [id: 0x306577bd, L:/127.0.0.1:57972 - R:localhost/127.0.0.1:16470]
19:06:23.870 [Forwarding get on session dd1ba7b6356fd6e62225c44ec8eb2ab6 to remote] DEBUG org.asynchttpclient.netty.request.NettyRequestSender - Using pooled Channel '[id: 0x306577bd, L:/127.0.0.1:57972 - R:localhost/127.0.0.1:16470]' for 'POST' to 'http://localhost:16470/session/dd1ba7b6356fd6e62225c44ec8eb2ab6/url'
19:06:23.870 [Forwarding get on session dd1ba7b6356fd6e62225c44ec8eb2ab6 to remote] DEBUG org.asynchttpclient.netty.request.NettyRequestSender - Using open Channel [id: 0x306577bd, L:/127.0.0.1:57972 - R:localhost/127.0.0.1:16470] for POST '/session/dd1ba7b6356fd6e62225c44ec8eb2ab6/url'
19:06:24.536 [AsyncHttpClient-1-1] DEBUG org.asynchttpclient.netty.channel.DefaultChannelPool - Entry count for : http://localhost:57973 : 1
19:06:25.414 [AsyncHttpClient-1-14] DEBUG org.asynchttpclient.netty.handler.HttpHandler - 

Request DefaultHttpRequest(decodeResult: success, version: HTTP/1.1)
POST /session/dd1ba7b6356fd6e62225c44ec8eb2ab6/url HTTP/1.1
User-Agent: selenium/4.8.3 (java windows)
Content-Length: 52
Content-Type: application/json; charset=utf-8
host: localhost:16470
accept: */*

Response DefaultHttpResponse(decodeResult: success, version: HTTP/1.1)
HTTP/1.1 200 OK
Content-Length: 14
Content-Type: application/json; charset=utf-8
cache-control: no-cache

19:06:25.414 [AsyncHttpClient-1-14] DEBUG org.asynchttpclient.netty.channel.ChannelManager - Adding key: http://localhost:16470 for channel [id: 0x306577bd, L:/127.0.0.1:57972 - R:localhost/127.0.0.1:16470]
2023-06-06 19:06:25 INFO  BaseTest:104 - Test driver set up done successfully**********
2023-06-06 19:06:25 INFO  BaseTest:122 - Logging in to portal
19:06:25.416 [Forwarding findElement on session dd1ba7b6356fd6e62225c44ec8eb2ab6 to remote] DEBUG org.asynchttpclient.netty.request.NettyRequestSender - Using pooled Channel '[id: 0x306577bd, L:/127.0.0.1:57972 - R:localhost/127.0.0.1:16470]' for 'POST' to 'http://localhost:16470/session/dd1ba7b6356fd6e62225c44ec8eb2ab6/element'
19:06:25.416 [Forwarding findElement on session dd1ba7b6356fd6e62225c44ec8eb2ab6 to remote] DEBUG org.asynchttpclient.netty.request.NettyRequestSender - Using open Channel [id: 0x306577bd, L:/127.0.0.1:57972 - R:localhost/127.0.0.1:16470] for POST '/session/dd1ba7b6356fd6e62225c44ec8eb2ab6/element'
19:06:25.429 [AsyncHttpClient-1-14] DEBUG org.asynchttpclient.netty.handler.HttpHandler - 

Request DefaultHttpRequest(decodeResult: success, version: HTTP/1.1)
POST /session/dd1ba7b6356fd6e62225c44ec8eb2ab6/element HTTP/1.1
User-Agent: selenium/4.8.3 (java windows)
Content-Length: 59
Content-Type: application/json; charset=utf-8
host: localhost:16470
accept: */*

Response DefaultHttpResponse(decodeResult: success, version: HTTP/1.1)
HTTP/1.1 200 OK
Content-Length: 95
Content-Type: application/json; charset=utf-8
cache-control: no-cache

19:06:25.429 [AsyncHttpClient-1-14] DEBUG org.asynchttpclient.netty.channel.ChannelManager - Adding key: http://localhost:16470 for channel [id: 0x306577bd, L:/127.0.0.1:57972 - R:localhost/127.0.0.1:16470]
19:06:25.430 [Forwarding clearElement on session dd1ba7b6356fd6e62225c44ec8eb2ab6 to remote] DEBUG org.asynchttpclient.netty.request.NettyRequestSender - Using pooled Channel '[id: 0x306577bd, L:/127.0.0.1:57972 - R:localhost/127.0.0.1:16470]' for 'POST' to 'http://localhost:16470/session/dd1ba7b6356fd6e62225c44ec8eb2ab6/element/F3BDA94FA5B7917BC889839CDF6571EE_element_30/clear'
19:06:25.430 [Forwarding clearElement on session dd1ba7b6356fd6e62225c44ec8eb2ab6 to remote] DEBUG org.asynchttpclient.netty.request.NettyRequestSender - Using open Channel [id: 0x306577bd, L:/127.0.0.1:57972 - R:localhost/127.0.0.1:16470] for POST '/session/dd1ba7b6356fd6e62225c44ec8eb2ab6/element/F3BDA94FA5B7917BC889839CDF6571EE_element_30/clear'
19:06:25.480 [AsyncHttpClient-1-14] DEBUG org.asynchttpclient.netty.handler.HttpHandler - 

Request DefaultHttpRequest(decodeResult: success, version: HTTP/1.1)
POST /session/dd1ba7b6356fd6e62225c44ec8eb2ab6/element/F3BDA94FA5B7917BC889839CDF6571EE_element_30/clear HTTP/1.1
User-Agent: selenium/4.8.3 (java windows)
Content-Length: 57
Content-Type: application/json; charset=utf-8
host: localhost:16470
accept: */*

Response DefaultHttpResponse(decodeResult: success, version: HTTP/1.1)
HTTP/1.1 200 OK
Content-Length: 14
Content-Type: application/json; charset=utf-8
cache-control: no-cache

19:06:25.480 [AsyncHttpClient-1-14] DEBUG org.asynchttpclient.netty.channel.ChannelManager - Adding key: http://localhost:16470 for channel [id: 0x306577bd, L:/127.0.0.1:57972 - R:localhost/127.0.0.1:16470]
19:06:25.481 [Forwarding findElement on session dd1ba7b6356fd6e62225c44ec8eb2ab6 to remote] DEBUG org.asynchttpclient.netty.request.NettyRequestSender - Using pooled Channel '[id: 0x306577bd, L:/127.0.0.1:57972 - R:localhost/127.0.0.1:16470]' for 'POST' to 'http://localhost:16470/session/dd1ba7b6356fd6e62225c44ec8eb2ab6/element'
19:06:25.481 [Forwarding findElement on session dd1ba7b6356fd6e62225c44ec8eb2ab6 to remote] DEBUG org.asynchttpclient.netty.request.NettyRequestSender - Using open Channel [id: 0x306577bd, L:/127.0.0.1:57972 - R:localhost/127.0.0.1:16470] for POST '/session/dd1ba7b6356fd6e62225c44ec8eb2ab6/element'
19:06:25.489 [AsyncHttpClient-1-14] DEBUG org.asynchttpclient.netty.handler.HttpHandler - 

Request DefaultHttpRequest(decodeResult: success, version: HTTP/1.1)
POST /session/dd1ba7b6356fd6e62225c44ec8eb2ab6/element HTTP/1.1
User-Agent: selenium/4.8.3 (java windows)
Content-Length: 59
Content-Type: application/json; charset=utf-8
host: localhost:16470
accept: */*

Response DefaultHttpResponse(decodeResult: success, version: HTTP/1.1)
HTTP/1.1 200 OK
Content-Length: 95
Content-Type: application/json; charset=utf-8
cache-control: no-cache

19:06:25.489 [AsyncHttpClient-1-14] DEBUG org.asynchttpclient.netty.channel.ChannelManager - Adding key: http://localhost:16470 for channel [id: 0x306577bd, L:/127.0.0.1:57972 - R:localhost/127.0.0.1:16470]
19:06:25.490 [Forwarding sendKeysToElement on session dd1ba7b6356fd6e62225c44ec8eb2ab6 to remote] DEBUG org.asynchttpclient.netty.request.NettyRequestSender - Using pooled Channel '[id: 0x306577bd, L:/127.0.0.1:57972 - R:localhost/127.0.0.1:16470]' for 'POST' to 'http://localhost:16470/session/dd1ba7b6356fd6e62225c44ec8eb2ab6/element/F3BDA94FA5B7917BC889839CDF6571EE_element_30/value'
19:06:25.490 [Forwarding sendKeysToElement on session dd1ba7b6356fd6e62225c44ec8eb2ab6 to remote] DEBUG org.asynchttpclient.netty.request.NettyRequestSender - Using open Channel [id: 0x306577bd, L:/127.0.0.1:57972 - R:localhost/127.0.0.1:16470] for POST '/session/dd1ba7b6356fd6e62225c44ec8eb2ab6/element/F3BDA94FA5B7917BC889839CDF6571EE_element_30/value'
19:06:25.583 [AsyncHttpClient-1-14] DEBUG org.asynchttpclient.netty.handler.HttpHandler - 

Request DefaultHttpRequest(decodeResult: success, version: HTTP/1.1)
POST /session/dd1ba7b6356fd6e62225c44ec8eb2ab6/element/F3BDA94FA5B7917BC889839CDF6571EE_element_30/value HTTP/1.1
User-Agent: selenium/4.8.3 (java windows)
Content-Length: 188
Content-Type: application/json; charset=utf-8
host: localhost:16470
accept: */*

Response DefaultHttpResponse(decodeResult: success, version: HTTP/1.1)
HTTP/1.1 200 OK
Content-Length: 14
Content-Type: application/json; charset=utf-8
cache-control: no-cache

19:06:25.583 [AsyncHttpClient-1-14] DEBUG org.asynchttpclient.netty.channel.ChannelManager - Adding key: http://localhost:16470 for channel [id: 0x306577bd, L:/127.0.0.1:57972 - R:localhost/127.0.0.1:16470]
19:06:25.583 [Forwarding findElement on session dd1ba7b6356fd6e62225c44ec8eb2ab6 to remote] DEBUG org.asynchttpclient.netty.request.NettyRequestSender - Using pooled Channel '[id: 0x306577bd, L:/127.0.0.1:57972 - R:localhost/127.0.0.1:16470]' for 'POST' to 'http://localhost:16470/session/dd1ba7b6356fd6e62225c44ec8eb2ab6/element'
19:06:25.583 [Forwarding findElement on session dd1ba7b6356fd6e62225c44ec8eb2ab6 to remote] DEBUG org.asynchttpclient.netty.request.NettyRequestSender - Using open Channel [id: 0x306577bd, L:/127.0.0.1:57972 - R:localhost/127.0.0.1:16470] for POST '/session/dd1ba7b6356fd6e62225c44ec8eb2ab6/element'
19:06:25.596 [AsyncHttpClient-1-14] DEBUG org.asynchttpclient.netty.handler.HttpHandler - 

Request DefaultHttpRequest(decodeResult: success, version: HTTP/1.1)
POST /session/dd1ba7b6356fd6e62225c44ec8eb2ab6/element HTTP/1.1
User-Agent: selenium/4.8.3 (java windows)
Content-Length: 62
Content-Type: application/json; charset=utf-8
host: localhost:16470
accept: */*

Response DefaultHttpResponse(decodeResult: success, version: HTTP/1.1)
HTTP/1.1 200 OK
Content-Length: 95
Content-Type: application/json; charset=utf-8
cache-control: no-cache

19:06:25.596 [AsyncHttpClient-1-14] DEBUG org.asynchttpclient.netty.channel.ChannelManager - Adding key: http://localhost:16470 for channel [id: 0x306577bd, L:/127.0.0.1:57972 - R:localhost/127.0.0.1:16470]
19:06:25.597 [Forwarding clearElement on session dd1ba7b6356fd6e62225c44ec8eb2ab6 to remote] DEBUG org.asynchttpclient.netty.request.NettyRequestSender - Using pooled Channel '[id: 0x306577bd, L:/127.0.0.1:57972 - R:localhost/127.0.0.1:16470]' for 'POST' to 'http://localhost:16470/session/dd1ba7b6356fd6e62225c44ec8eb2ab6/element/F3BDA94FA5B7917BC889839CDF6571EE_element_32/clear'
19:06:25.597 [Forwarding clearElement on session dd1ba7b6356fd6e62225c44ec8eb2ab6 to remote] DEBUG org.asynchttpclient.netty.request.NettyRequestSender - Using open Channel [id: 0x306577bd, L:/127.0.0.1:57972 - R:localhost/127.0.0.1:16470] for POST '/session/dd1ba7b6356fd6e62225c44ec8eb2ab6/element/F3BDA94FA5B7917BC889839CDF6571EE_element_32/clear'
19:06:25.637 [AsyncHttpClient-1-1] DEBUG org.asynchttpclient.netty.channel.DefaultChannelPool - Entry count for : http://localhost:57973 : 1
19:06:25.640 [AsyncHttpClient-1-14] DEBUG org.asynchttpclient.netty.handler.HttpHandler - 

Request DefaultHttpRequest(decodeResult: success, version: HTTP/1.1)
POST /session/dd1ba7b6356fd6e62225c44ec8eb2ab6/element/F3BDA94FA5B7917BC889839CDF6571EE_element_32/clear HTTP/1.1
User-Agent: selenium/4.8.3 (java windows)
Content-Length: 57
Content-Type: application/json; charset=utf-8
host: localhost:16470
accept: */*

Response DefaultHttpResponse(decodeResult: success, version: HTTP/1.1)
HTTP/1.1 200 OK
Content-Length: 14
Content-Type: application/json; charset=utf-8
cache-control: no-cache

19:06:25.640 [AsyncHttpClient-1-14] DEBUG org.asynchttpclient.netty.channel.ChannelManager - Adding key: http://localhost:16470 for channel [id: 0x306577bd, L:/127.0.0.1:57972 - R:localhost/127.0.0.1:16470]
19:06:25.641 [Forwarding findElement on session dd1ba7b6356fd6e62225c44ec8eb2ab6 to remote] DEBUG org.asynchttpclient.netty.request.NettyRequestSender - Using pooled Channel '[id: 0x306577bd, L:/127.0.0.1:57972 - R:localhost/127.0.0.1:16470]' for 'POST' to 'http://localhost:16470/session/dd1ba7b6356fd6e62225c44ec8eb2ab6/element'
19:06:25.641 [Forwarding findElement on session dd1ba7b6356fd6e62225c44ec8eb2ab6 to remote] DEBUG org.asynchttpclient.netty.request.NettyRequestSender - Using open Channel [id: 0x306577bd, L:/127.0.0.1:57972 - R:localhost/127.0.0.1:16470] for POST '/session/dd1ba7b6356fd6e62225c44ec8eb2ab6/element'
19:06:25.650 [AsyncHttpClient-1-14] DEBUG org.asynchttpclient.netty.handler.HttpHandler - 

Request DefaultHttpRequest(decodeResult: success, version: HTTP/1.1)
POST /session/dd1ba7b6356fd6e62225c44ec8eb2ab6/element HTTP/1.1
User-Agent: selenium/4.8.3 (java windows)
Content-Length: 62
Content-Type: application/json; charset=utf-8
host: localhost:16470
accept: */*

Response DefaultHttpResponse(decodeResult: success, version: HTTP/1.1)
HTTP/1.1 200 OK
Content-Length: 95
Content-Type: application/json; charset=utf-8
cache-control: no-cache

19:06:25.650 [AsyncHttpClient-1-14] DEBUG org.asynchttpclient.netty.channel.ChannelManager - Adding key: http://localhost:16470 for channel [id: 0x306577bd, L:/127.0.0.1:57972 - R:localhost/127.0.0.1:16470]
19:06:25.651 [Forwarding sendKeysToElement on session dd1ba7b6356fd6e62225c44ec8eb2ab6 to remote] DEBUG org.asynchttpclient.netty.request.NettyRequestSender - Using pooled Channel '[id: 0x306577bd, L:/127.0.0.1:57972 - R:localhost/127.0.0.1:16470]' for 'POST' to 'http://localhost:16470/session/dd1ba7b6356fd6e62225c44ec8eb2ab6/element/F3BDA94FA5B7917BC889839CDF6571EE_element_32/value'
19:06:25.651 [Forwarding sendKeysToElement on session dd1ba7b6356fd6e62225c44ec8eb2ab6 to remote] DEBUG org.asynchttpclient.netty.request.NettyRequestSender - Using open Channel [id: 0x306577bd, L:/127.0.0.1:57972 - R:localhost/127.0.0.1:16470] for POST '/session/dd1ba7b6356fd6e62225c44ec8eb2ab6/element/F3BDA94FA5B7917BC889839CDF6571EE_element_32/value'
19:06:25.714 [AsyncHttpClient-1-14] DEBUG org.asynchttpclient.netty.handler.HttpHandler - 

Request DefaultHttpRequest(decodeResult: success, version: HTTP/1.1)
POST /session/dd1ba7b6356fd6e62225c44ec8eb2ab6/element/F3BDA94FA5B7917BC889839CDF6571EE_element_32/value HTTP/1.1
User-Agent: selenium/4.8.3 (java windows)
Content-Length: 148
Content-Type: application/json; charset=utf-8
host: localhost:16470
accept: */*

Response DefaultHttpResponse(decodeResult: success, version: HTTP/1.1)
HTTP/1.1 200 OK
Content-Length: 14
Content-Type: application/json; charset=utf-8
cache-control: no-cache

19:06:25.714 [AsyncHttpClient-1-14] DEBUG org.asynchttpclient.netty.channel.ChannelManager - Adding key: http://localhost:16470 for channel [id: 0x306577bd, L:/127.0.0.1:57972 - R:localhost/127.0.0.1:16470]
19:06:25.715 [Forwarding findElement on session dd1ba7b6356fd6e62225c44ec8eb2ab6 to remote] DEBUG org.asynchttpclient.netty.request.NettyRequestSender - Using pooled Channel '[id: 0x306577bd, L:/127.0.0.1:57972 - R:localhost/127.0.0.1:16470]' for 'POST' to 'http://localhost:16470/session/dd1ba7b6356fd6e62225c44ec8eb2ab6/element'
19:06:25.715 [Forwarding findElement on session dd1ba7b6356fd6e62225c44ec8eb2ab6 to remote] DEBUG org.asynchttpclient.netty.request.NettyRequestSender - Using open Channel [id: 0x306577bd, L:/127.0.0.1:57972 - R:localhost/127.0.0.1:16470] for POST '/session/dd1ba7b6356fd6e62225c44ec8eb2ab6/element'
19:06:25.726 [AsyncHttpClient-1-14] DEBUG org.asynchttpclient.netty.handler.HttpHandler - 

Request DefaultHttpRequest(decodeResult: success, version: HTTP/1.1)
POST /session/dd1ba7b6356fd6e62225c44ec8eb2ab6/element HTTP/1.1
User-Agent: selenium/4.8.3 (java windows)
Content-Length: 71
Content-Type: application/json; charset=utf-8
host: localhost:16470
accept: */*

Response DefaultHttpResponse(decodeResult: success, version: HTTP/1.1)
HTTP/1.1 200 OK
Content-Length: 95
Content-Type: application/json; charset=utf-8
cache-control: no-cache

19:06:25.726 [AsyncHttpClient-1-14] DEBUG org.asynchttpclient.netty.channel.ChannelManager - Adding key: http://localhost:16470 for channel [id: 0x306577bd, L:/127.0.0.1:57972 - R:localhost/127.0.0.1:16470]
19:06:25.727 [Forwarding clickElement on session dd1ba7b6356fd6e62225c44ec8eb2ab6 to remote] DEBUG org.asynchttpclient.netty.request.NettyRequestSender - Using pooled Channel '[id: 0x306577bd, L:/127.0.0.1:57972 - R:localhost/127.0.0.1:16470]' for 'POST' to 'http://localhost:16470/session/dd1ba7b6356fd6e62225c44ec8eb2ab6/element/F3BDA94FA5B7917BC889839CDF6571EE_element_33/click'
19:06:25.727 [Forwarding clickElement on session dd1ba7b6356fd6e62225c44ec8eb2ab6 to remote] DEBUG org.asynchttpclient.netty.request.NettyRequestSender - Using open Channel [id: 0x306577bd, L:/127.0.0.1:57972 - R:localhost/127.0.0.1:16470] for POST '/session/dd1ba7b6356fd6e62225c44ec8eb2ab6/element/F3BDA94FA5B7917BC889839CDF6571EE_element_33/click'
19:06:25.766 [AsyncHttpClient-1-14] DEBUG org.asynchttpclient.netty.handler.HttpHandler - 

Request DefaultHttpRequest(decodeResult: success, version: HTTP/1.1)
POST /session/dd1ba7b6356fd6e62225c44ec8eb2ab6/element/F3BDA94FA5B7917BC889839CDF6571EE_element_33/click HTTP/1.1
User-Agent: selenium/4.8.3 (java windows)
Content-Length: 57
Content-Type: application/json; charset=utf-8
host: localhost:16470
accept: */*

Response DefaultHttpResponse(decodeResult: success, version: HTTP/1.1)
HTTP/1.1 200 OK
Content-Length: 14
Content-Type: application/json; charset=utf-8
cache-control: no-cache

19:06:25.766 [AsyncHttpClient-1-14] DEBUG org.asynchttpclient.netty.channel.ChannelManager - Adding key: http://localhost:16470 for channel [id: 0x306577bd, L:/127.0.0.1:57972 - R:localhost/127.0.0.1:16470]
2023-06-06 19:06:25 INFO  BaseTest:126 - Logged in
19:06:25.768 [rp-io-91] DEBUG com.epam.reportportal.service.Launch - Starting test item...rp-io-91
2023-06-06 19:06:25 INFO  Listeners:34 - Started Test null
19:06:25.769 [Forwarding findElement on session dd1ba7b6356fd6e62225c44ec8eb2ab6 to remote] DEBUG org.asynchttpclient.netty.request.NettyRequestSender - Using pooled Channel '[id: 0x306577bd, L:/127.0.0.1:57972 - R:localhost/127.0.0.1:16470]' for 'POST' to 'http://localhost:16470/session/dd1ba7b6356fd6e62225c44ec8eb2ab6/element'
19:06:25.769 [Forwarding findElement on session dd1ba7b6356fd6e62225c44ec8eb2ab6 to remote] DEBUG org.asynchttpclient.netty.request.NettyRequestSender - Using open Channel [id: 0x306577bd, L:/127.0.0.1:57972 - R:localhost/127.0.0.1:16470] for POST '/session/dd1ba7b6356fd6e62225c44ec8eb2ab6/element'
19:06:25.785 [rp-io-94] DEBUG com.epam.reportportal.service.Launch - TestItem with ID = '0fb7d032-0255-43c8-9830-bdf92e098ac3' successfully finished.
19:06:25.785 [rp-io-94] DEBUG com.epam.reportportal.utils.SubscriptionUtils - Finish test item completed
19:06:25.789 [rp-io-91] DEBUG com.epam.reportportal.service.Launch - ReportPortal item with ID 'aeed43d4-ae68-41ca-9d5c-a40b0b430b56' has been created
19:06:25.789 [rp-io-91] DEBUG com.epam.reportportal.utils.SubscriptionUtils - Start test item successfully completed
19:06:26.116 [AsyncHttpClient-1-14] DEBUG org.asynchttpclient.netty.handler.HttpHandler - 

Request DefaultHttpRequest(decodeResult: success, version: HTTP/1.1)
POST /session/dd1ba7b6356fd6e62225c44ec8eb2ab6/element HTTP/1.1
User-Agent: selenium/4.8.3 (java windows)
Content-Length: 168
Content-Type: application/json; charset=utf-8
host: localhost:16470
accept: */*

Response DefaultHttpResponse(decodeResult: success, version: HTTP/1.1)
HTTP/1.1 200 OK
Content-Length: 95
Content-Type: application/json; charset=utf-8
cache-control: no-cache

19:06:26.117 [AsyncHttpClient-1-14] DEBUG org.asynchttpclient.netty.channel.ChannelManager - Adding key: http://localhost:16470 for channel [id: 0x306577bd, L:/127.0.0.1:57972 - R:localhost/127.0.0.1:16470]
19:06:26.117 [Forwarding clickElement on session dd1ba7b6356fd6e62225c44ec8eb2ab6 to remote] DEBUG org.asynchttpclient.netty.request.NettyRequestSender - Using pooled Channel '[id: 0x306577bd, L:/127.0.0.1:57972 - R:localhost/127.0.0.1:16470]' for 'POST' to 'http://localhost:16470/session/dd1ba7b6356fd6e62225c44ec8eb2ab6/element/F3BDA94FA5B7917BC889839CDF6571EE_element_47/click'
19:06:26.117 [Forwarding clickElement on session dd1ba7b6356fd6e62225c44ec8eb2ab6 to remote] DEBUG org.asynchttpclient.netty.request.NettyRequestSender - Using open Channel [id: 0x306577bd, L:/127.0.0.1:57972 - R:localhost/127.0.0.1:16470] for POST '/session/dd1ba7b6356fd6e62225c44ec8eb2ab6/element/F3BDA94FA5B7917BC889839CDF6571EE_element_47/click'
19:06:26.248 [AsyncHttpClient-1-14] DEBUG org.asynchttpclient.netty.handler.HttpHandler - 

Request DefaultHttpRequest(decodeResult: success, version: HTTP/1.1)
POST /session/dd1ba7b6356fd6e62225c44ec8eb2ab6/element/F3BDA94FA5B7917BC889839CDF6571EE_element_47/click HTTP/1.1
User-Agent: selenium/4.8.3 (java windows)
Content-Length: 57
Content-Type: application/json; charset=utf-8
host: localhost:16470
accept: */*

Response DefaultHttpResponse(decodeResult: success, version: HTTP/1.1)
HTTP/1.1 200 OK
Content-Length: 14
Content-Type: application/json; charset=utf-8
cache-control: no-cache

19:06:26.248 [AsyncHttpClient-1-14] DEBUG org.asynchttpclient.netty.channel.ChannelManager - Adding key: http://localhost:16470 for channel [id: 0x306577bd, L:/127.0.0.1:57972 - R:localhost/127.0.0.1:16470]
19:06:26.249 [Forwarding findElement on session dd1ba7b6356fd6e62225c44ec8eb2ab6 to remote] DEBUG org.asynchttpclient.netty.request.NettyRequestSender - Using pooled Channel '[id: 0x306577bd, L:/127.0.0.1:57972 - R:localhost/127.0.0.1:16470]' for 'POST' to 'http://localhost:16470/session/dd1ba7b6356fd6e62225c44ec8eb2ab6/element'
19:06:26.249 [Forwarding findElement on session dd1ba7b6356fd6e62225c44ec8eb2ab6 to remote] DEBUG org.asynchttpclient.netty.request.NettyRequestSender - Using open Channel [id: 0x306577bd, L:/127.0.0.1:57972 - R:localhost/127.0.0.1:16470] for POST '/session/dd1ba7b6356fd6e62225c44ec8eb2ab6/element'
19:06:26.470 [AsyncHttpClient-1-14] DEBUG org.asynchttpclient.netty.handler.HttpHandler - 

Request DefaultHttpRequest(decodeResult: success, version: HTTP/1.1)
POST /session/dd1ba7b6356fd6e62225c44ec8eb2ab6/element HTTP/1.1
User-Agent: selenium/4.8.3 (java windows)
Content-Length: 94
Content-Type: application/json; charset=utf-8
host: localhost:16470
accept: */*

Response DefaultHttpResponse(decodeResult: success, version: HTTP/1.1)
HTTP/1.1 200 OK
Content-Length: 95
Content-Type: application/json; charset=utf-8
cache-control: no-cache

19:06:26.470 [AsyncHttpClient-1-14] DEBUG org.asynchttpclient.netty.channel.ChannelManager - Adding key: http://localhost:16470 for channel [id: 0x306577bd, L:/127.0.0.1:57972 - R:localhost/127.0.0.1:16470]
19:06:26.471 [Forwarding getElementRect on session dd1ba7b6356fd6e62225c44ec8eb2ab6 to remote] DEBUG org.asynchttpclient.netty.request.NettyRequestSender - Using pooled Channel '[id: 0x306577bd, L:/127.0.0.1:57972 - R:localhost/127.0.0.1:16470]' for 'GET' to 'http://localhost:16470/session/dd1ba7b6356fd6e62225c44ec8eb2ab6/element/F3BDA94FA5B7917BC889839CDF6571EE_element_57/rect'
19:06:26.471 [Forwarding getElementRect on session dd1ba7b6356fd6e62225c44ec8eb2ab6 to remote] DEBUG org.asynchttpclient.netty.request.NettyRequestSender - Using open Channel [id: 0x306577bd, L:/127.0.0.1:57972 - R:localhost/127.0.0.1:16470] for GET '/session/dd1ba7b6356fd6e62225c44ec8eb2ab6/element/F3BDA94FA5B7917BC889839CDF6571EE_element_57/rect'
19:06:26.493 [AsyncHttpClient-1-14] DEBUG org.asynchttpclient.netty.handler.HttpHandler - 

Request DefaultFullHttpRequest(decodeResult: success, version: HTTP/1.1, content: EmptyByteBufBE)
GET /session/dd1ba7b6356fd6e62225c44ec8eb2ab6/element/F3BDA94FA5B7917BC889839CDF6571EE_element_57/rect HTTP/1.1
User-Agent: selenium/4.8.3 (java windows)
Cache-Control: no-cache
Content-Type: application/json; charset=utf-8
host: localhost:16470
accept: */*

Response DefaultHttpResponse(decodeResult: success, version: HTTP/1.1)
HTTP/1.1 200 OK
Content-Length: 94
Content-Type: application/json; charset=utf-8
cache-control: no-cache

19:06:26.493 [AsyncHttpClient-1-14] DEBUG org.asynchttpclient.netty.channel.ChannelManager - Adding key: http://localhost:16470 for channel [id: 0x306577bd, L:/127.0.0.1:57972 - R:localhost/127.0.0.1:16470]
19:06:26.494 [Forwarding findElement on session dd1ba7b6356fd6e62225c44ec8eb2ab6 to remote] DEBUG org.asynchttpclient.netty.request.NettyRequestSender - Using pooled Channel '[id: 0x306577bd, L:/127.0.0.1:57972 - R:localhost/127.0.0.1:16470]' for 'POST' to 'http://localhost:16470/session/dd1ba7b6356fd6e62225c44ec8eb2ab6/element'
19:06:26.494 [Forwarding findElement on session dd1ba7b6356fd6e62225c44ec8eb2ab6 to remote] DEBUG org.asynchttpclient.netty.request.NettyRequestSender - Using open Channel [id: 0x306577bd, L:/127.0.0.1:57972 - R:localhost/127.0.0.1:16470] for POST '/session/dd1ba7b6356fd6e62225c44ec8eb2ab6/element'
19:06:26.511 [AsyncHttpClient-1-14] DEBUG org.asynchttpclient.netty.handler.HttpHandler - 

Request DefaultHttpRequest(decodeResult: success, version: HTTP/1.1)
POST /session/dd1ba7b6356fd6e62225c44ec8eb2ab6/element HTTP/1.1
User-Agent: selenium/4.8.3 (java windows)
Content-Length: 232
Content-Type: application/json; charset=utf-8
host: localhost:16470
accept: */*

Response DefaultHttpResponse(decodeResult: success, version: HTTP/1.1)
HTTP/1.1 200 OK
Content-Length: 95
Content-Type: application/json; charset=utf-8
cache-control: no-cache

19:06:26.513 [AsyncHttpClient-1-14] DEBUG org.asynchttpclient.netty.channel.ChannelManager - Adding key: http://localhost:16470 for channel [id: 0x306577bd, L:/127.0.0.1:57972 - R:localhost/127.0.0.1:16470]
19:06:26.515 [Forwarding findElement on session dd1ba7b6356fd6e62225c44ec8eb2ab6 to remote] DEBUG org.asynchttpclient.netty.request.NettyRequestSender - Using pooled Channel '[id: 0x306577bd, L:/127.0.0.1:57972 - R:localhost/127.0.0.1:16470]' for 'POST' to 'http://localhost:16470/session/dd1ba7b6356fd6e62225c44ec8eb2ab6/element'
19:06:26.515 [Forwarding findElement on session dd1ba7b6356fd6e62225c44ec8eb2ab6 to remote] DEBUG org.asynchttpclient.netty.request.NettyRequestSender - Using open Channel [id: 0x306577bd, L:/127.0.0.1:57972 - R:localhost/127.0.0.1:16470] for POST '/session/dd1ba7b6356fd6e62225c44ec8eb2ab6/element'
19:06:26.529 [AsyncHttpClient-1-14] DEBUG org.asynchttpclient.netty.handler.HttpHandler - 

Request DefaultHttpRequest(decodeResult: success, version: HTTP/1.1)
POST /session/dd1ba7b6356fd6e62225c44ec8eb2ab6/element HTTP/1.1
User-Agent: selenium/4.8.3 (java windows)
Content-Length: 283
Content-Type: application/json; charset=utf-8
host: localhost:16470
accept: */*

Response DefaultHttpResponse(decodeResult: success, version: HTTP/1.1)
HTTP/1.1 200 OK
Content-Length: 95
Content-Type: application/json; charset=utf-8
cache-control: no-cache

19:06:26.529 [AsyncHttpClient-1-14] DEBUG org.asynchttpclient.netty.channel.ChannelManager - Adding key: http://localhost:16470 for channel [id: 0x306577bd, L:/127.0.0.1:57972 - R:localhost/127.0.0.1:16470]
19:06:26.531 [Forwarding actions on session dd1ba7b6356fd6e62225c44ec8eb2ab6 to remote] DEBUG org.asynchttpclient.netty.request.NettyRequestSender - Using pooled Channel '[id: 0x306577bd, L:/127.0.0.1:57972 - R:localhost/127.0.0.1:16470]' for 'POST' to 'http://localhost:16470/session/dd1ba7b6356fd6e62225c44ec8eb2ab6/actions'
19:06:26.531 [Forwarding actions on session dd1ba7b6356fd6e62225c44ec8eb2ab6 to remote] DEBUG org.asynchttpclient.netty.request.NettyRequestSender - Using open Channel [id: 0x306577bd, L:/127.0.0.1:57972 - R:localhost/127.0.0.1:16470] for POST '/session/dd1ba7b6356fd6e62225c44ec8eb2ab6/actions'
19:06:26.736 [AsyncHttpClient-1-1] DEBUG org.asynchttpclient.netty.channel.DefaultChannelPool - Entry count for : http://localhost:57973 : 1
19:06:26.803 [AsyncHttpClient-1-14] DEBUG org.asynchttpclient.netty.handler.HttpHandler - 

Request DefaultHttpRequest(decodeResult: success, version: HTTP/1.1)
POST /session/dd1ba7b6356fd6e62225c44ec8eb2ab6/actions HTTP/1.1
User-Agent: selenium/4.8.3 (java windows)
Content-Length: 962
Content-Type: application/json; charset=utf-8
host: localhost:16470
accept: */*

Response DefaultHttpResponse(decodeResult: success, version: HTTP/1.1)
HTTP/1.1 200 OK
Content-Length: 14
Content-Type: application/json; charset=utf-8
cache-control: no-cache

19:06:26.803 [AsyncHttpClient-1-14] DEBUG org.asynchttpclient.netty.channel.ChannelManager - Adding key: http://localhost:16470 for channel [id: 0x306577bd, L:/127.0.0.1:57972 - R:localhost/127.0.0.1:16470]
19:06:26.804 [Forwarding findElement on session dd1ba7b6356fd6e62225c44ec8eb2ab6 to remote] DEBUG org.asynchttpclient.netty.request.NettyRequestSender - Using pooled Channel '[id: 0x306577bd, L:/127.0.0.1:57972 - R:localhost/127.0.0.1:16470]' for 'POST' to 'http://localhost:16470/session/dd1ba7b6356fd6e62225c44ec8eb2ab6/element'
19:06:26.804 [Forwarding findElement on session dd1ba7b6356fd6e62225c44ec8eb2ab6 to remote] DEBUG org.asynchttpclient.netty.request.NettyRequestSender - Using open Channel [id: 0x306577bd, L:/127.0.0.1:57972 - R:localhost/127.0.0.1:16470] for POST '/session/dd1ba7b6356fd6e62225c44ec8eb2ab6/element'
19:06:26.819 [AsyncHttpClient-1-14] DEBUG org.asynchttpclient.netty.handler.HttpHandler - 

Request DefaultHttpRequest(decodeResult: success, version: HTTP/1.1)
POST /session/dd1ba7b6356fd6e62225c44ec8eb2ab6/element HTTP/1.1
User-Agent: selenium/4.8.3 (java windows)
Content-Length: 94
Content-Type: application/json; charset=utf-8
host: localhost:16470
accept: */*

Response DefaultHttpResponse(decodeResult: success, version: HTTP/1.1)
HTTP/1.1 200 OK
Content-Length: 95
Content-Type: application/json; charset=utf-8
cache-control: no-cache

19:06:26.819 [AsyncHttpClient-1-14] DEBUG org.asynchttpclient.netty.channel.ChannelManager - Adding key: http://localhost:16470 for channel [id: 0x306577bd, L:/127.0.0.1:57972 - R:localhost/127.0.0.1:16470]
19:06:26.820 [Forwarding getElementRect on session dd1ba7b6356fd6e62225c44ec8eb2ab6 to remote] DEBUG org.asynchttpclient.netty.request.NettyRequestSender - Using pooled Channel '[id: 0x306577bd, L:/127.0.0.1:57972 - R:localhost/127.0.0.1:16470]' for 'GET' to 'http://localhost:16470/session/dd1ba7b6356fd6e62225c44ec8eb2ab6/element/F3BDA94FA5B7917BC889839CDF6571EE_element_57/rect'
19:06:26.820 [Forwarding getElementRect on session dd1ba7b6356fd6e62225c44ec8eb2ab6 to remote] DEBUG org.asynchttpclient.netty.request.NettyRequestSender - Using open Channel [id: 0x306577bd, L:/127.0.0.1:57972 - R:localhost/127.0.0.1:16470] for GET '/session/dd1ba7b6356fd6e62225c44ec8eb2ab6/element/F3BDA94FA5B7917BC889839CDF6571EE_element_57/rect'
19:06:26.837 [AsyncHttpClient-1-14] DEBUG org.asynchttpclient.netty.handler.HttpHandler - 

Request DefaultFullHttpRequest(decodeResult: success, version: HTTP/1.1, content: EmptyByteBufBE)
GET /session/dd1ba7b6356fd6e62225c44ec8eb2ab6/element/F3BDA94FA5B7917BC889839CDF6571EE_element_57/rect HTTP/1.1
User-Agent: selenium/4.8.3 (java windows)
Cache-Control: no-cache
Content-Type: application/json; charset=utf-8
host: localhost:16470
accept: */*

Response DefaultHttpResponse(decodeResult: success, version: HTTP/1.1)
HTTP/1.1 200 OK
Content-Length: 81
Content-Type: application/json; charset=utf-8
cache-control: no-cache

19:06:26.837 [AsyncHttpClient-1-14] DEBUG org.asynchttpclient.netty.channel.ChannelManager - Adding key: http://localhost:16470 for channel [id: 0x306577bd, L:/127.0.0.1:57972 - R:localhost/127.0.0.1:16470]
2023-06-06 19:06:26 INFO  Listeners:42 - Failed Test null
]]></system-out>
    <system-err><![CDATA[Starting ChromeDriver 114.0.5735.90 (386bc09e8f4f2e025eddae123f36f6263096ae49-refs/branch-heads/5735@{#1052}) on port 16470
Only local connections are allowed.
Please see https://chromedriver.chromium.org/security-considerations for suggestions on keeping ChromeDriver safe.
ChromeDriver was started successfully.
Jun 06, 2023 7:06:23 PM org.openqa.selenium.devtools.CdpVersionFinder findNearestMatch
WARNING: Unable to find an exact match for CDP version 114, so returning the closest version found: 111
]]></system-err>
  </testcase>
  <testcase name="minimizing_widget" classname="alltests.uitest.coreTest.MinimizeWidget" time="1.489">
    <system-out><![CDATA[19:06:26.841 [rp-io-0] DEBUG com.epam.reportportal.service.Launch - Starting test item...rp-io-0
19:06:26.845 [Forwarding screenshot on session dd1ba7b6356fd6e62225c44ec8eb2ab6 to remote] DEBUG org.asynchttpclient.netty.request.NettyRequestSender - Using pooled Channel '[id: 0x306577bd, L:/127.0.0.1:57972 - R:localhost/127.0.0.1:16470]' for 'GET' to 'http://localhost:16470/session/dd1ba7b6356fd6e62225c44ec8eb2ab6/screenshot'
19:06:26.845 [Forwarding screenshot on session dd1ba7b6356fd6e62225c44ec8eb2ab6 to remote] DEBUG org.asynchttpclient.netty.request.NettyRequestSender - Using open Channel [id: 0x306577bd, L:/127.0.0.1:57972 - R:localhost/127.0.0.1:16470] for GET '/session/dd1ba7b6356fd6e62225c44ec8eb2ab6/screenshot'
19:06:26.861 [rp-io-0] DEBUG com.epam.reportportal.service.Launch - ReportPortal item with ID 'ed99a1ab-2000-411d-a367-83b28ad83cd2' has been created
19:06:26.861 [rp-io-0] DEBUG com.epam.reportportal.utils.SubscriptionUtils - Start test item successfully completed
19:06:26.865 [rp-io-6] DEBUG com.epam.reportportal.service.Launch - TestItem with ID = 'aeed43d4-ae68-41ca-9d5c-a40b0b430b56' successfully finished.
19:06:26.865 [rp-io-6] DEBUG com.epam.reportportal.utils.SubscriptionUtils - Finish test item completed
19:06:27.097 [AsyncHttpClient-1-14] DEBUG org.asynchttpclient.netty.handler.HttpHandler - 

Request DefaultFullHttpRequest(decodeResult: success, version: HTTP/1.1, content: EmptyByteBufBE)
GET /session/dd1ba7b6356fd6e62225c44ec8eb2ab6/screenshot HTTP/1.1
User-Agent: selenium/4.8.3 (java windows)
Cache-Control: no-cache
Content-Type: application/json; charset=utf-8
host: localhost:16470
accept: */*

Response DefaultHttpResponse(decodeResult: success, version: HTTP/1.1)
HTTP/1.1 200 OK
Content-Length: 99128
Content-Type: application/json; charset=utf-8
cache-control: no-cache

19:06:27.098 [AsyncHttpClient-1-14] DEBUG org.asynchttpclient.netty.channel.ChannelManager - Adding key: http://localhost:16470 for channel [id: 0x306577bd, L:/127.0.0.1:57972 - R:localhost/127.0.0.1:16470]
19:06:27.105 [AsyncHttpClient-1-16] DEBUG org.asynchttpclient.netty.handler.WebSocketHandler - Channel Closed: [id: 0xab7c6a92, L:/127.0.0.1:57982 ! R:localhost/127.0.0.1:57973] with attribute NettyResponseFuture{currentRetry=0,
	isDone=1,
	isCancelled=0,
	asyncHandler=org.asynchttpclient.ws.WebSocketUpgradeHandler@38bd0b30,
	nettyRequest=org.asynchttpclient.netty.request.NettyRequest@104a3b61,
	future=java.util.concurrent.CompletableFuture@7cad58bd[Completed normally],
	uri=ws://localhost:57973/devtools/browser/f523e4f5-57ad-40d0-83d9-0b86f5fddfc9,
	keepAlive=true,
	redirectCount=0,
	timeoutsHolder=null,
	inAuth=0,
	touch=1686071183732}
19:06:27.105 [AsyncHttpClient-1-16] DEBUG org.asynchttpclient.netty.channel.ChannelManager - Closing Channel [id: 0xab7c6a92, L:/127.0.0.1:57982 ! R:localhost/127.0.0.1:57973] 
19:06:27.105 [Driver Command Executor] DEBUG org.asynchttpclient.netty.request.NettyRequestSender - Using pooled Channel '[id: 0x306577bd, L:/127.0.0.1:57972 - R:localhost/127.0.0.1:16470]' for 'DELETE' to 'http://localhost:16470/session/dd1ba7b6356fd6e62225c44ec8eb2ab6'
19:06:27.105 [Driver Command Executor] DEBUG org.asynchttpclient.netty.request.NettyRequestSender - Using open Channel [id: 0x306577bd, L:/127.0.0.1:57972 - R:localhost/127.0.0.1:16470] for DELETE '/session/dd1ba7b6356fd6e62225c44ec8eb2ab6'
19:06:27.139 [AsyncHttpClient-1-15] DEBUG org.asynchttpclient.netty.handler.HttpHandler - Unexpected I/O exception on channel [id: 0x9ea5c574, L:/127.0.0.1:57981 - R:localhost/127.0.0.1:57973]
java.net.SocketException: Connection reset
	at java.base/sun.nio.ch.SocketChannelImpl.throwConnectionReset(SocketChannelImpl.java:394)
	at java.base/sun.nio.ch.SocketChannelImpl.read(SocketChannelImpl.java:426)
	at io.netty.buffer.PooledByteBuf.setBytes(PooledByteBuf.java:256)
	at io.netty.buffer.AbstractByteBuf.writeBytes(AbstractByteBuf.java:1132)
	at io.netty.channel.socket.nio.NioSocketChannel.doReadBytes(NioSocketChannel.java:357)
	at io.netty.channel.nio.AbstractNioByteChannel$NioByteUnsafe.read(AbstractNioByteChannel.java:151)
	at io.netty.channel.nio.NioEventLoop.processSelectedKey(NioEventLoop.java:788)
	at io.netty.channel.nio.NioEventLoop.processSelectedKeysOptimized(NioEventLoop.java:724)
	at io.netty.channel.nio.NioEventLoop.processSelectedKeys(NioEventLoop.java:650)
	at io.netty.channel.nio.NioEventLoop.run(NioEventLoop.java:562)
	at io.netty.util.concurrent.SingleThreadEventExecutor$4.run(SingleThreadEventExecutor.java:997)
	at io.netty.util.internal.ThreadExecutorMap$2.run(ThreadExecutorMap.java:74)
	at io.netty.util.concurrent.FastThreadLocalRunnable.run(FastThreadLocalRunnable.java:30)
	at java.base/java.lang.Thread.run(Thread.java:833)
19:06:27.139 [AsyncHttpClient-1-15] DEBUG org.asynchttpclient.netty.channel.ChannelManager - Closing Channel [id: 0x9ea5c574, L:/127.0.0.1:57981 - R:localhost/127.0.0.1:57973] 
19:06:27.140 [AsyncHttpClient-1-15] DEBUG org.asynchttpclient.netty.handler.HttpHandler - Channel Closed: [id: 0x9ea5c574, L:/127.0.0.1:57981 ! R:localhost/127.0.0.1:57973] with attribute DISCARD
19:06:27.154 [AsyncHttpClient-1-14] DEBUG org.asynchttpclient.netty.handler.HttpHandler - 

Request DefaultFullHttpRequest(decodeResult: success, version: HTTP/1.1, content: EmptyByteBufBE)
DELETE /session/dd1ba7b6356fd6e62225c44ec8eb2ab6 HTTP/1.1
User-Agent: selenium/4.8.3 (java windows)
Content-Type: application/json; charset=utf-8
host: localhost:16470
accept: */*

Response DefaultHttpResponse(decodeResult: success, version: HTTP/1.1)
HTTP/1.1 200 OK
Content-Length: 14
Content-Type: application/json; charset=utf-8
cache-control: no-cache

19:06:27.155 [AsyncHttpClient-1-14] DEBUG org.asynchttpclient.netty.channel.ChannelManager - Adding key: http://localhost:16470 for channel [id: 0x306577bd, L:/127.0.0.1:57972 - R:localhost/127.0.0.1:16470]
19:06:27.206 [AsyncHttpClient-1-14] DEBUG org.asynchttpclient.netty.handler.HttpHandler - Channel Closed: [id: 0x306577bd, L:/127.0.0.1:57972 ! R:localhost/127.0.0.1:16470] with attribute DISCARD
2023-06-06 19:06:27 INFO  BaseTest:83 - Test executed**********
19:06:27.261 [rp-io-12] DEBUG com.epam.reportportal.service.Launch - Starting test item...rp-io-12
2023-06-06 19:06:27 INFO  BaseTest:110 - Property files loaded successfully**********
19:06:27.272 [main] DEBUG io.github.bonigarcia.wdm.cache.ResolutionCache - Resolution chrome=114 in cache (valid until 19:20:28 06/06/2023 CEST)
19:06:27.273 [main] DEBUG io.github.bonigarcia.wdm.cache.ResolutionCache - Resolution chrome114=114.0.5735.90 in cache (valid until 16:16:26 07/06/2023 CEST)
19:06:27.273 [main] INFO io.github.bonigarcia.wdm.WebDriverManager - Using chromedriver 114.0.5735.90 (resolved driver for Chrome 114)
19:06:27.278 [rp-io-99] DEBUG com.epam.reportportal.service.Launch - TestItem with ID = 'ed99a1ab-2000-411d-a367-83b28ad83cd2' successfully finished.
19:06:27.278 [rp-io-99] DEBUG com.epam.reportportal.utils.SubscriptionUtils - Finish test item completed
19:06:27.281 [rp-io-11] DEBUG com.epam.reportportal.service.Launch - ReportPortal item with ID '245e1185-09ae-4719-af4c-667dbb522b7d' has been created
19:06:27.281 [rp-io-11] DEBUG com.epam.reportportal.utils.SubscriptionUtils - Start test item successfully completed
19:06:27.282 [main] DEBUG io.github.bonigarcia.wdm.WebDriverManager - Driver chromedriver 114.0.5735.90 found in cache
19:06:27.283 [main] INFO io.github.bonigarcia.wdm.WebDriverManager - Exporting webdriver.chrome.driver as C:\Users\Suwarna_Wagh\.cache\selenium\chromedriver\win32\114.0.5735.90\chromedriver.exe
19:06:27.487 [AsyncHttpClient-1-17] DEBUG org.asynchttpclient.netty.channel.NettyConnectListener - Using new Channel '[id: 0x73f9eeae, L:/127.0.0.1:58001 - R:localhost/127.0.0.1:1818]' for 'POST' to '/session'
19:06:27.858 [AsyncHttpClient-1-1] DEBUG org.asynchttpclient.netty.channel.DefaultChannelPool - Entry count for : http://localhost:57973 : 1
19:06:27.858 [AsyncHttpClient-1-1] DEBUG org.asynchttpclient.netty.channel.DefaultChannelPool - Entry count for : http://localhost:16470 : 1
19:06:27.858 [AsyncHttpClient-1-1] DEBUG org.asynchttpclient.netty.channel.DefaultChannelPool - Adding Candidate expired Channel [id: 0x9ea5c574, L:/127.0.0.1:57981 ! R:localhost/127.0.0.1:57973] isIdleTimeoutExpired=false isRemotelyClosed=true isTtlExpired=false
19:06:27.858 [AsyncHttpClient-1-1] DEBUG org.asynchttpclient.netty.channel.DefaultChannelPool - Closing Idle Channel [id: 0x9ea5c574, L:/127.0.0.1:57981 ! R:localhost/127.0.0.1:57973]
19:06:27.858 [AsyncHttpClient-1-1] DEBUG org.asynchttpclient.netty.channel.DefaultChannelPool - Adding Candidate expired Channel [id: 0x306577bd, L:/127.0.0.1:57972 ! R:localhost/127.0.0.1:16470] isIdleTimeoutExpired=false isRemotelyClosed=true isTtlExpired=false
19:06:27.858 [AsyncHttpClient-1-1] DEBUG org.asynchttpclient.netty.channel.DefaultChannelPool - Closing Idle Channel [id: 0x306577bd, L:/127.0.0.1:57972 ! R:localhost/127.0.0.1:16470]
19:06:27.858 [AsyncHttpClient-1-1] DEBUG org.asynchttpclient.netty.channel.DefaultChannelPool - Closed 2 connections out of 2 in 0 ms
19:06:28.550 [AsyncHttpClient-1-17] DEBUG org.asynchttpclient.netty.handler.HttpHandler - 

Request DefaultHttpRequest(decodeResult: success, version: HTTP/1.1)
POST /session HTTP/1.1
User-Agent: selenium/4.8.3 (java windows)
Content-Length: 439
Content-Type: application/json; charset=utf-8
host: localhost:1818
accept: */*

Response DefaultHttpResponse(decodeResult: success, version: HTTP/1.1)
HTTP/1.1 200 OK
Content-Length: 864
Content-Type: application/json; charset=utf-8
cache-control: no-cache

19:06:28.550 [AsyncHttpClient-1-17] DEBUG org.asynchttpclient.netty.channel.ChannelManager - Adding key: http://localhost:1818 for channel [id: 0x73f9eeae, L:/127.0.0.1:58001 - R:localhost/127.0.0.1:1818]
19:06:28.556 [AsyncHttpClient-1-2] DEBUG org.asynchttpclient.netty.channel.NettyConnectListener - Using new Channel '[id: 0x3fdd2b2c, L:/127.0.0.1:58010 - R:localhost/127.0.0.1:58002]' for 'GET' to '/json/version'
19:06:28.556 [AsyncHttpClient-1-2] DEBUG org.asynchttpclient.netty.handler.HttpHandler - 

Request DefaultFullHttpRequest(decodeResult: success, version: HTTP/1.1, content: EmptyByteBufBE)
GET /json/version HTTP/1.1
User-Agent: selenium/4.8.3 (java windows)
host: localhost:58002
accept: */*

Response DefaultHttpResponse(decodeResult: success, version: HTTP/1.1)
HTTP/1.1 200 OK
Content-Security-Policy: frame-ancestors 'none'
Content-Length: 424
Content-Type: application/json; charset=UTF-8

19:06:28.557 [AsyncHttpClient-1-2] DEBUG org.asynchttpclient.netty.channel.ChannelManager - Adding key: http://localhost:58002 for channel [id: 0x3fdd2b2c, L:/127.0.0.1:58010 - R:localhost/127.0.0.1:58002]
19:06:28.559 [AsyncHttpClient-1-3] DEBUG org.asynchttpclient.netty.channel.NettyConnectListener - Using new Channel '[id: 0x9e8ea8d3, L:/127.0.0.1:58011 - R:localhost/127.0.0.1:58002]' for 'GET' to '/devtools/browser/c80e6518-4001-450c-8603-99c3b36f695e'
19:06:28.560 [AsyncHttpClient-1-3] DEBUG org.asynchttpclient.netty.handler.WebSocketHandler - 

Request DefaultFullHttpRequest(decodeResult: success, version: HTTP/1.1, content: EmptyByteBufBE)
GET /devtools/browser/c80e6518-4001-450c-8603-99c3b36f695e HTTP/1.1
upgrade: websocket
connection: upgrade
sec-websocket-key: pFp7STp83EvkDQqCJW64BA==
sec-websocket-version: 13
origin: http://localhost:58002
host: localhost:58002
accept: */*
user-agent: AHC/2.1

Response DefaultHttpResponse(decodeResult: success, version: HTTP/1.1)
HTTP/1.1 101 WebSocket Protocol Handshake
Upgrade: WebSocket
Connection: Upgrade
Sec-WebSocket-Accept: kHsAaEnbvo8FUR0I87q+s2xj0jo=

19:06:28.565 [Forwarding setTimeout on session 504ed8feb12591aa7e1ec96774197243 to remote] DEBUG org.asynchttpclient.netty.request.NettyRequestSender - Using pooled Channel '[id: 0x73f9eeae, L:/127.0.0.1:58001 - R:localhost/127.0.0.1:1818]' for 'POST' to 'http://localhost:1818/session/504ed8feb12591aa7e1ec96774197243/timeouts'
19:06:28.565 [Forwarding setTimeout on session 504ed8feb12591aa7e1ec96774197243 to remote] DEBUG org.asynchttpclient.netty.request.NettyRequestSender - Using open Channel [id: 0x73f9eeae, L:/127.0.0.1:58001 - R:localhost/127.0.0.1:1818] for POST '/session/504ed8feb12591aa7e1ec96774197243/timeouts'
19:06:28.567 [AsyncHttpClient-1-17] DEBUG org.asynchttpclient.netty.handler.HttpHandler - 

Request DefaultHttpRequest(decodeResult: success, version: HTTP/1.1)
POST /session/504ed8feb12591aa7e1ec96774197243/timeouts HTTP/1.1
User-Agent: selenium/4.8.3 (java windows)
Content-Length: 22
Content-Type: application/json; charset=utf-8
host: localhost:1818
accept: */*

Response DefaultHttpResponse(decodeResult: success, version: HTTP/1.1)
HTTP/1.1 200 OK
Content-Length: 14
Content-Type: application/json; charset=utf-8
cache-control: no-cache

19:06:28.567 [AsyncHttpClient-1-17] DEBUG org.asynchttpclient.netty.channel.ChannelManager - Adding key: http://localhost:1818 for channel [id: 0x73f9eeae, L:/127.0.0.1:58001 - R:localhost/127.0.0.1:1818]
19:06:28.568 [Forwarding maximizeCurrentWindow on session 504ed8feb12591aa7e1ec96774197243 to remote] DEBUG org.asynchttpclient.netty.request.NettyRequestSender - Using pooled Channel '[id: 0x73f9eeae, L:/127.0.0.1:58001 - R:localhost/127.0.0.1:1818]' for 'POST' to 'http://localhost:1818/session/504ed8feb12591aa7e1ec96774197243/window/maximize'
19:06:28.568 [Forwarding maximizeCurrentWindow on session 504ed8feb12591aa7e1ec96774197243 to remote] DEBUG org.asynchttpclient.netty.request.NettyRequestSender - Using open Channel [id: 0x73f9eeae, L:/127.0.0.1:58001 - R:localhost/127.0.0.1:1818] for POST '/session/504ed8feb12591aa7e1ec96774197243/window/maximize'
19:06:28.694 [AsyncHttpClient-1-17] DEBUG org.asynchttpclient.netty.handler.HttpHandler - 

Request DefaultHttpRequest(decodeResult: success, version: HTTP/1.1)
POST /session/504ed8feb12591aa7e1ec96774197243/window/maximize HTTP/1.1
User-Agent: selenium/4.8.3 (java windows)
Content-Length: 3
Content-Type: application/json; charset=utf-8
host: localhost:1818
accept: */*

Response DefaultHttpResponse(decodeResult: success, version: HTTP/1.1)
HTTP/1.1 200 OK
Content-Length: 51
Content-Type: application/json; charset=utf-8
cache-control: no-cache

19:06:28.694 [AsyncHttpClient-1-17] DEBUG org.asynchttpclient.netty.channel.ChannelManager - Adding key: http://localhost:1818 for channel [id: 0x73f9eeae, L:/127.0.0.1:58001 - R:localhost/127.0.0.1:1818]
19:06:28.695 [Forwarding get on session 504ed8feb12591aa7e1ec96774197243 to remote] DEBUG org.asynchttpclient.netty.request.NettyRequestSender - Using pooled Channel '[id: 0x73f9eeae, L:/127.0.0.1:58001 - R:localhost/127.0.0.1:1818]' for 'POST' to 'http://localhost:1818/session/504ed8feb12591aa7e1ec96774197243/url'
19:06:28.695 [Forwarding get on session 504ed8feb12591aa7e1ec96774197243 to remote] DEBUG org.asynchttpclient.netty.request.NettyRequestSender - Using open Channel [id: 0x73f9eeae, L:/127.0.0.1:58001 - R:localhost/127.0.0.1:1818] for POST '/session/504ed8feb12591aa7e1ec96774197243/url'
19:06:28.936 [AsyncHttpClient-1-1] DEBUG org.asynchttpclient.netty.channel.DefaultChannelPool - Entry count for : http://localhost:58002 : 1
19:06:30.037 [AsyncHttpClient-1-1] DEBUG org.asynchttpclient.netty.channel.DefaultChannelPool - Entry count for : http://localhost:58002 : 1
19:06:30.095 [AsyncHttpClient-1-17] DEBUG org.asynchttpclient.netty.handler.HttpHandler - 

Request DefaultHttpRequest(decodeResult: success, version: HTTP/1.1)
POST /session/504ed8feb12591aa7e1ec96774197243/url HTTP/1.1
User-Agent: selenium/4.8.3 (java windows)
Content-Length: 52
Content-Type: application/json; charset=utf-8
host: localhost:1818
accept: */*

Response DefaultHttpResponse(decodeResult: success, version: HTTP/1.1)
HTTP/1.1 200 OK
Content-Length: 14
Content-Type: application/json; charset=utf-8
cache-control: no-cache

19:06:30.095 [AsyncHttpClient-1-17] DEBUG org.asynchttpclient.netty.channel.ChannelManager - Adding key: http://localhost:1818 for channel [id: 0x73f9eeae, L:/127.0.0.1:58001 - R:localhost/127.0.0.1:1818]
2023-06-06 19:06:30 INFO  BaseTest:104 - Test driver set up done successfully**********
2023-06-06 19:06:30 INFO  BaseTest:122 - Logging in to portal
19:06:30.097 [Forwarding findElement on session 504ed8feb12591aa7e1ec96774197243 to remote] DEBUG org.asynchttpclient.netty.request.NettyRequestSender - Using pooled Channel '[id: 0x73f9eeae, L:/127.0.0.1:58001 - R:localhost/127.0.0.1:1818]' for 'POST' to 'http://localhost:1818/session/504ed8feb12591aa7e1ec96774197243/element'
19:06:30.097 [Forwarding findElement on session 504ed8feb12591aa7e1ec96774197243 to remote] DEBUG org.asynchttpclient.netty.request.NettyRequestSender - Using open Channel [id: 0x73f9eeae, L:/127.0.0.1:58001 - R:localhost/127.0.0.1:1818] for POST '/session/504ed8feb12591aa7e1ec96774197243/element'
19:06:30.111 [AsyncHttpClient-1-17] DEBUG org.asynchttpclient.netty.handler.HttpHandler - 

Request DefaultHttpRequest(decodeResult: success, version: HTTP/1.1)
POST /session/504ed8feb12591aa7e1ec96774197243/element HTTP/1.1
User-Agent: selenium/4.8.3 (java windows)
Content-Length: 59
Content-Type: application/json; charset=utf-8
host: localhost:1818
accept: */*

Response DefaultHttpResponse(decodeResult: success, version: HTTP/1.1)
HTTP/1.1 200 OK
Content-Length: 95
Content-Type: application/json; charset=utf-8
cache-control: no-cache

19:06:30.111 [AsyncHttpClient-1-17] DEBUG org.asynchttpclient.netty.channel.ChannelManager - Adding key: http://localhost:1818 for channel [id: 0x73f9eeae, L:/127.0.0.1:58001 - R:localhost/127.0.0.1:1818]
19:06:30.112 [Forwarding clearElement on session 504ed8feb12591aa7e1ec96774197243 to remote] DEBUG org.asynchttpclient.netty.request.NettyRequestSender - Using pooled Channel '[id: 0x73f9eeae, L:/127.0.0.1:58001 - R:localhost/127.0.0.1:1818]' for 'POST' to 'http://localhost:1818/session/504ed8feb12591aa7e1ec96774197243/element/BA99A8823A392F95AB0F610202EC50FB_element_27/clear'
19:06:30.112 [Forwarding clearElement on session 504ed8feb12591aa7e1ec96774197243 to remote] DEBUG org.asynchttpclient.netty.request.NettyRequestSender - Using open Channel [id: 0x73f9eeae, L:/127.0.0.1:58001 - R:localhost/127.0.0.1:1818] for POST '/session/504ed8feb12591aa7e1ec96774197243/element/BA99A8823A392F95AB0F610202EC50FB_element_27/clear'
19:06:30.161 [AsyncHttpClient-1-17] DEBUG org.asynchttpclient.netty.handler.HttpHandler - 

Request DefaultHttpRequest(decodeResult: success, version: HTTP/1.1)
POST /session/504ed8feb12591aa7e1ec96774197243/element/BA99A8823A392F95AB0F610202EC50FB_element_27/clear HTTP/1.1
User-Agent: selenium/4.8.3 (java windows)
Content-Length: 57
Content-Type: application/json; charset=utf-8
host: localhost:1818
accept: */*

Response DefaultHttpResponse(decodeResult: success, version: HTTP/1.1)
HTTP/1.1 200 OK
Content-Length: 14
Content-Type: application/json; charset=utf-8
cache-control: no-cache

19:06:30.161 [AsyncHttpClient-1-17] DEBUG org.asynchttpclient.netty.channel.ChannelManager - Adding key: http://localhost:1818 for channel [id: 0x73f9eeae, L:/127.0.0.1:58001 - R:localhost/127.0.0.1:1818]
19:06:30.162 [Forwarding findElement on session 504ed8feb12591aa7e1ec96774197243 to remote] DEBUG org.asynchttpclient.netty.request.NettyRequestSender - Using pooled Channel '[id: 0x73f9eeae, L:/127.0.0.1:58001 - R:localhost/127.0.0.1:1818]' for 'POST' to 'http://localhost:1818/session/504ed8feb12591aa7e1ec96774197243/element'
19:06:30.162 [Forwarding findElement on session 504ed8feb12591aa7e1ec96774197243 to remote] DEBUG org.asynchttpclient.netty.request.NettyRequestSender - Using open Channel [id: 0x73f9eeae, L:/127.0.0.1:58001 - R:localhost/127.0.0.1:1818] for POST '/session/504ed8feb12591aa7e1ec96774197243/element'
19:06:30.172 [AsyncHttpClient-1-17] DEBUG org.asynchttpclient.netty.handler.HttpHandler - 

Request DefaultHttpRequest(decodeResult: success, version: HTTP/1.1)
POST /session/504ed8feb12591aa7e1ec96774197243/element HTTP/1.1
User-Agent: selenium/4.8.3 (java windows)
Content-Length: 59
Content-Type: application/json; charset=utf-8
host: localhost:1818
accept: */*

Response DefaultHttpResponse(decodeResult: success, version: HTTP/1.1)
HTTP/1.1 200 OK
Content-Length: 95
Content-Type: application/json; charset=utf-8
cache-control: no-cache

19:06:30.172 [AsyncHttpClient-1-17] DEBUG org.asynchttpclient.netty.channel.ChannelManager - Adding key: http://localhost:1818 for channel [id: 0x73f9eeae, L:/127.0.0.1:58001 - R:localhost/127.0.0.1:1818]
19:06:30.173 [Forwarding sendKeysToElement on session 504ed8feb12591aa7e1ec96774197243 to remote] DEBUG org.asynchttpclient.netty.request.NettyRequestSender - Using pooled Channel '[id: 0x73f9eeae, L:/127.0.0.1:58001 - R:localhost/127.0.0.1:1818]' for 'POST' to 'http://localhost:1818/session/504ed8feb12591aa7e1ec96774197243/element/BA99A8823A392F95AB0F610202EC50FB_element_27/value'
19:06:30.173 [Forwarding sendKeysToElement on session 504ed8feb12591aa7e1ec96774197243 to remote] DEBUG org.asynchttpclient.netty.request.NettyRequestSender - Using open Channel [id: 0x73f9eeae, L:/127.0.0.1:58001 - R:localhost/127.0.0.1:1818] for POST '/session/504ed8feb12591aa7e1ec96774197243/element/BA99A8823A392F95AB0F610202EC50FB_element_27/value'
19:06:30.279 [AsyncHttpClient-1-17] DEBUG org.asynchttpclient.netty.handler.HttpHandler - 

Request DefaultHttpRequest(decodeResult: success, version: HTTP/1.1)
POST /session/504ed8feb12591aa7e1ec96774197243/element/BA99A8823A392F95AB0F610202EC50FB_element_27/value HTTP/1.1
User-Agent: selenium/4.8.3 (java windows)
Content-Length: 188
Content-Type: application/json; charset=utf-8
host: localhost:1818
accept: */*

Response DefaultHttpResponse(decodeResult: success, version: HTTP/1.1)
HTTP/1.1 200 OK
Content-Length: 14
Content-Type: application/json; charset=utf-8
cache-control: no-cache

19:06:30.279 [AsyncHttpClient-1-17] DEBUG org.asynchttpclient.netty.channel.ChannelManager - Adding key: http://localhost:1818 for channel [id: 0x73f9eeae, L:/127.0.0.1:58001 - R:localhost/127.0.0.1:1818]
19:06:30.280 [Forwarding findElement on session 504ed8feb12591aa7e1ec96774197243 to remote] DEBUG org.asynchttpclient.netty.request.NettyRequestSender - Using pooled Channel '[id: 0x73f9eeae, L:/127.0.0.1:58001 - R:localhost/127.0.0.1:1818]' for 'POST' to 'http://localhost:1818/session/504ed8feb12591aa7e1ec96774197243/element'
19:06:30.280 [Forwarding findElement on session 504ed8feb12591aa7e1ec96774197243 to remote] DEBUG org.asynchttpclient.netty.request.NettyRequestSender - Using open Channel [id: 0x73f9eeae, L:/127.0.0.1:58001 - R:localhost/127.0.0.1:1818] for POST '/session/504ed8feb12591aa7e1ec96774197243/element'
19:06:30.292 [AsyncHttpClient-1-17] DEBUG org.asynchttpclient.netty.handler.HttpHandler - 

Request DefaultHttpRequest(decodeResult: success, version: HTTP/1.1)
POST /session/504ed8feb12591aa7e1ec96774197243/element HTTP/1.1
User-Agent: selenium/4.8.3 (java windows)
Content-Length: 62
Content-Type: application/json; charset=utf-8
host: localhost:1818
accept: */*

Response DefaultHttpResponse(decodeResult: success, version: HTTP/1.1)
HTTP/1.1 200 OK
Content-Length: 95
Content-Type: application/json; charset=utf-8
cache-control: no-cache

19:06:30.292 [AsyncHttpClient-1-17] DEBUG org.asynchttpclient.netty.channel.ChannelManager - Adding key: http://localhost:1818 for channel [id: 0x73f9eeae, L:/127.0.0.1:58001 - R:localhost/127.0.0.1:1818]
19:06:30.293 [Forwarding clearElement on session 504ed8feb12591aa7e1ec96774197243 to remote] DEBUG org.asynchttpclient.netty.request.NettyRequestSender - Using pooled Channel '[id: 0x73f9eeae, L:/127.0.0.1:58001 - R:localhost/127.0.0.1:1818]' for 'POST' to 'http://localhost:1818/session/504ed8feb12591aa7e1ec96774197243/element/BA99A8823A392F95AB0F610202EC50FB_element_29/clear'
19:06:30.293 [Forwarding clearElement on session 504ed8feb12591aa7e1ec96774197243 to remote] DEBUG org.asynchttpclient.netty.request.NettyRequestSender - Using open Channel [id: 0x73f9eeae, L:/127.0.0.1:58001 - R:localhost/127.0.0.1:1818] for POST '/session/504ed8feb12591aa7e1ec96774197243/element/BA99A8823A392F95AB0F610202EC50FB_element_29/clear'
19:06:30.337 [AsyncHttpClient-1-17] DEBUG org.asynchttpclient.netty.handler.HttpHandler - 

Request DefaultHttpRequest(decodeResult: success, version: HTTP/1.1)
POST /session/504ed8feb12591aa7e1ec96774197243/element/BA99A8823A392F95AB0F610202EC50FB_element_29/clear HTTP/1.1
User-Agent: selenium/4.8.3 (java windows)
Content-Length: 57
Content-Type: application/json; charset=utf-8
host: localhost:1818
accept: */*

Response DefaultHttpResponse(decodeResult: success, version: HTTP/1.1)
HTTP/1.1 200 OK
Content-Length: 14
Content-Type: application/json; charset=utf-8
cache-control: no-cache

19:06:30.337 [AsyncHttpClient-1-17] DEBUG org.asynchttpclient.netty.channel.ChannelManager - Adding key: http://localhost:1818 for channel [id: 0x73f9eeae, L:/127.0.0.1:58001 - R:localhost/127.0.0.1:1818]
19:06:30.338 [Forwarding findElement on session 504ed8feb12591aa7e1ec96774197243 to remote] DEBUG org.asynchttpclient.netty.request.NettyRequestSender - Using pooled Channel '[id: 0x73f9eeae, L:/127.0.0.1:58001 - R:localhost/127.0.0.1:1818]' for 'POST' to 'http://localhost:1818/session/504ed8feb12591aa7e1ec96774197243/element'
19:06:30.338 [Forwarding findElement on session 504ed8feb12591aa7e1ec96774197243 to remote] DEBUG org.asynchttpclient.netty.request.NettyRequestSender - Using open Channel [id: 0x73f9eeae, L:/127.0.0.1:58001 - R:localhost/127.0.0.1:1818] for POST '/session/504ed8feb12591aa7e1ec96774197243/element'
19:06:30.345 [AsyncHttpClient-1-17] DEBUG org.asynchttpclient.netty.handler.HttpHandler - 

Request DefaultHttpRequest(decodeResult: success, version: HTTP/1.1)
POST /session/504ed8feb12591aa7e1ec96774197243/element HTTP/1.1
User-Agent: selenium/4.8.3 (java windows)
Content-Length: 62
Content-Type: application/json; charset=utf-8
host: localhost:1818
accept: */*

Response DefaultHttpResponse(decodeResult: success, version: HTTP/1.1)
HTTP/1.1 200 OK
Content-Length: 95
Content-Type: application/json; charset=utf-8
cache-control: no-cache

19:06:30.345 [AsyncHttpClient-1-17] DEBUG org.asynchttpclient.netty.channel.ChannelManager - Adding key: http://localhost:1818 for channel [id: 0x73f9eeae, L:/127.0.0.1:58001 - R:localhost/127.0.0.1:1818]
19:06:30.346 [Forwarding sendKeysToElement on session 504ed8feb12591aa7e1ec96774197243 to remote] DEBUG org.asynchttpclient.netty.request.NettyRequestSender - Using pooled Channel '[id: 0x73f9eeae, L:/127.0.0.1:58001 - R:localhost/127.0.0.1:1818]' for 'POST' to 'http://localhost:1818/session/504ed8feb12591aa7e1ec96774197243/element/BA99A8823A392F95AB0F610202EC50FB_element_29/value'
19:06:30.346 [Forwarding sendKeysToElement on session 504ed8feb12591aa7e1ec96774197243 to remote] DEBUG org.asynchttpclient.netty.request.NettyRequestSender - Using open Channel [id: 0x73f9eeae, L:/127.0.0.1:58001 - R:localhost/127.0.0.1:1818] for POST '/session/504ed8feb12591aa7e1ec96774197243/element/BA99A8823A392F95AB0F610202EC50FB_element_29/value'
19:06:30.409 [AsyncHttpClient-1-17] DEBUG org.asynchttpclient.netty.handler.HttpHandler - 

Request DefaultHttpRequest(decodeResult: success, version: HTTP/1.1)
POST /session/504ed8feb12591aa7e1ec96774197243/element/BA99A8823A392F95AB0F610202EC50FB_element_29/value HTTP/1.1
User-Agent: selenium/4.8.3 (java windows)
Content-Length: 148
Content-Type: application/json; charset=utf-8
host: localhost:1818
accept: */*

Response DefaultHttpResponse(decodeResult: success, version: HTTP/1.1)
HTTP/1.1 200 OK
Content-Length: 14
Content-Type: application/json; charset=utf-8
cache-control: no-cache

19:06:30.409 [AsyncHttpClient-1-17] DEBUG org.asynchttpclient.netty.channel.ChannelManager - Adding key: http://localhost:1818 for channel [id: 0x73f9eeae, L:/127.0.0.1:58001 - R:localhost/127.0.0.1:1818]
19:06:30.409 [Forwarding findElement on session 504ed8feb12591aa7e1ec96774197243 to remote] DEBUG org.asynchttpclient.netty.request.NettyRequestSender - Using pooled Channel '[id: 0x73f9eeae, L:/127.0.0.1:58001 - R:localhost/127.0.0.1:1818]' for 'POST' to 'http://localhost:1818/session/504ed8feb12591aa7e1ec96774197243/element'
19:06:30.409 [Forwarding findElement on session 504ed8feb12591aa7e1ec96774197243 to remote] DEBUG org.asynchttpclient.netty.request.NettyRequestSender - Using open Channel [id: 0x73f9eeae, L:/127.0.0.1:58001 - R:localhost/127.0.0.1:1818] for POST '/session/504ed8feb12591aa7e1ec96774197243/element'
19:06:30.422 [AsyncHttpClient-1-17] DEBUG org.asynchttpclient.netty.handler.HttpHandler - 

Request DefaultHttpRequest(decodeResult: success, version: HTTP/1.1)
POST /session/504ed8feb12591aa7e1ec96774197243/element HTTP/1.1
User-Agent: selenium/4.8.3 (java windows)
Content-Length: 71
Content-Type: application/json; charset=utf-8
host: localhost:1818
accept: */*

Response DefaultHttpResponse(decodeResult: success, version: HTTP/1.1)
HTTP/1.1 200 OK
Content-Length: 95
Content-Type: application/json; charset=utf-8
cache-control: no-cache

19:06:30.422 [AsyncHttpClient-1-17] DEBUG org.asynchttpclient.netty.channel.ChannelManager - Adding key: http://localhost:1818 for channel [id: 0x73f9eeae, L:/127.0.0.1:58001 - R:localhost/127.0.0.1:1818]
19:06:30.423 [Forwarding clickElement on session 504ed8feb12591aa7e1ec96774197243 to remote] DEBUG org.asynchttpclient.netty.request.NettyRequestSender - Using pooled Channel '[id: 0x73f9eeae, L:/127.0.0.1:58001 - R:localhost/127.0.0.1:1818]' for 'POST' to 'http://localhost:1818/session/504ed8feb12591aa7e1ec96774197243/element/BA99A8823A392F95AB0F610202EC50FB_element_33/click'
19:06:30.423 [Forwarding clickElement on session 504ed8feb12591aa7e1ec96774197243 to remote] DEBUG org.asynchttpclient.netty.request.NettyRequestSender - Using open Channel [id: 0x73f9eeae, L:/127.0.0.1:58001 - R:localhost/127.0.0.1:1818] for POST '/session/504ed8feb12591aa7e1ec96774197243/element/BA99A8823A392F95AB0F610202EC50FB_element_33/click'
19:06:30.469 [AsyncHttpClient-1-17] DEBUG org.asynchttpclient.netty.handler.HttpHandler - 

Request DefaultHttpRequest(decodeResult: success, version: HTTP/1.1)
POST /session/504ed8feb12591aa7e1ec96774197243/element/BA99A8823A392F95AB0F610202EC50FB_element_33/click HTTP/1.1
User-Agent: selenium/4.8.3 (java windows)
Content-Length: 57
Content-Type: application/json; charset=utf-8
host: localhost:1818
accept: */*

Response DefaultHttpResponse(decodeResult: success, version: HTTP/1.1)
HTTP/1.1 200 OK
Content-Length: 14
Content-Type: application/json; charset=utf-8
cache-control: no-cache

19:06:30.469 [AsyncHttpClient-1-17] DEBUG org.asynchttpclient.netty.channel.ChannelManager - Adding key: http://localhost:1818 for channel [id: 0x73f9eeae, L:/127.0.0.1:58001 - R:localhost/127.0.0.1:1818]
2023-06-06 19:06:30 INFO  BaseTest:126 - Logged in
19:06:30.470 [rp-io-14] DEBUG com.epam.reportportal.service.Launch - Starting test item...rp-io-14
2023-06-06 19:06:30 INFO  Listeners:34 - Started Test null
19:06:30.471 [Forwarding findElement on session 504ed8feb12591aa7e1ec96774197243 to remote] DEBUG org.asynchttpclient.netty.request.NettyRequestSender - Using pooled Channel '[id: 0x73f9eeae, L:/127.0.0.1:58001 - R:localhost/127.0.0.1:1818]' for 'POST' to 'http://localhost:1818/session/504ed8feb12591aa7e1ec96774197243/element'
19:06:30.471 [Forwarding findElement on session 504ed8feb12591aa7e1ec96774197243 to remote] DEBUG org.asynchttpclient.netty.request.NettyRequestSender - Using open Channel [id: 0x73f9eeae, L:/127.0.0.1:58001 - R:localhost/127.0.0.1:1818] for POST '/session/504ed8feb12591aa7e1ec96774197243/element'
19:06:30.484 [rp-io-10] DEBUG com.epam.reportportal.service.Launch - TestItem with ID = '245e1185-09ae-4719-af4c-667dbb522b7d' successfully finished.
19:06:30.484 [rp-io-10] DEBUG com.epam.reportportal.utils.SubscriptionUtils - Finish test item completed
19:06:30.488 [rp-io-14] DEBUG com.epam.reportportal.service.Launch - ReportPortal item with ID '61084221-9596-4d0a-8031-33e77b2fdb5d' has been created
19:06:30.488 [rp-io-14] DEBUG com.epam.reportportal.utils.SubscriptionUtils - Start test item successfully completed
19:06:30.816 [AsyncHttpClient-1-17] DEBUG org.asynchttpclient.netty.handler.HttpHandler - 

Request DefaultHttpRequest(decodeResult: success, version: HTTP/1.1)
POST /session/504ed8feb12591aa7e1ec96774197243/element HTTP/1.1
User-Agent: selenium/4.8.3 (java windows)
Content-Length: 168
Content-Type: application/json; charset=utf-8
host: localhost:1818
accept: */*

Response DefaultHttpResponse(decodeResult: success, version: HTTP/1.1)
HTTP/1.1 200 OK
Content-Length: 95
Content-Type: application/json; charset=utf-8
cache-control: no-cache

19:06:30.816 [AsyncHttpClient-1-17] DEBUG org.asynchttpclient.netty.channel.ChannelManager - Adding key: http://localhost:1818 for channel [id: 0x73f9eeae, L:/127.0.0.1:58001 - R:localhost/127.0.0.1:1818]
19:06:30.817 [Forwarding clickElement on session 504ed8feb12591aa7e1ec96774197243 to remote] DEBUG org.asynchttpclient.netty.request.NettyRequestSender - Using pooled Channel '[id: 0x73f9eeae, L:/127.0.0.1:58001 - R:localhost/127.0.0.1:1818]' for 'POST' to 'http://localhost:1818/session/504ed8feb12591aa7e1ec96774197243/element/BA99A8823A392F95AB0F610202EC50FB_element_48/click'
19:06:30.817 [Forwarding clickElement on session 504ed8feb12591aa7e1ec96774197243 to remote] DEBUG org.asynchttpclient.netty.request.NettyRequestSender - Using open Channel [id: 0x73f9eeae, L:/127.0.0.1:58001 - R:localhost/127.0.0.1:1818] for POST '/session/504ed8feb12591aa7e1ec96774197243/element/BA99A8823A392F95AB0F610202EC50FB_element_48/click'
19:06:30.953 [AsyncHttpClient-1-17] DEBUG org.asynchttpclient.netty.handler.HttpHandler - 

Request DefaultHttpRequest(decodeResult: success, version: HTTP/1.1)
POST /session/504ed8feb12591aa7e1ec96774197243/element/BA99A8823A392F95AB0F610202EC50FB_element_48/click HTTP/1.1
User-Agent: selenium/4.8.3 (java windows)
Content-Length: 57
Content-Type: application/json; charset=utf-8
host: localhost:1818
accept: */*

Response DefaultHttpResponse(decodeResult: success, version: HTTP/1.1)
HTTP/1.1 200 OK
Content-Length: 14
Content-Type: application/json; charset=utf-8
cache-control: no-cache

19:06:30.953 [AsyncHttpClient-1-17] DEBUG org.asynchttpclient.netty.channel.ChannelManager - Adding key: http://localhost:1818 for channel [id: 0x73f9eeae, L:/127.0.0.1:58001 - R:localhost/127.0.0.1:1818]
19:06:30.954 [Forwarding findElement on session 504ed8feb12591aa7e1ec96774197243 to remote] DEBUG org.asynchttpclient.netty.request.NettyRequestSender - Using pooled Channel '[id: 0x73f9eeae, L:/127.0.0.1:58001 - R:localhost/127.0.0.1:1818]' for 'POST' to 'http://localhost:1818/session/504ed8feb12591aa7e1ec96774197243/element'
19:06:30.954 [Forwarding findElement on session 504ed8feb12591aa7e1ec96774197243 to remote] DEBUG org.asynchttpclient.netty.request.NettyRequestSender - Using open Channel [id: 0x73f9eeae, L:/127.0.0.1:58001 - R:localhost/127.0.0.1:1818] for POST '/session/504ed8feb12591aa7e1ec96774197243/element'
19:06:31.136 [AsyncHttpClient-1-1] DEBUG org.asynchttpclient.netty.channel.DefaultChannelPool - Entry count for : http://localhost:58002 : 1
19:06:31.390 [AsyncHttpClient-1-17] DEBUG org.asynchttpclient.netty.handler.HttpHandler - 

Request DefaultHttpRequest(decodeResult: success, version: HTTP/1.1)
POST /session/504ed8feb12591aa7e1ec96774197243/element HTTP/1.1
User-Agent: selenium/4.8.3 (java windows)
Content-Length: 232
Content-Type: application/json; charset=utf-8
host: localhost:1818
accept: */*

Response DefaultHttpResponse(decodeResult: success, version: HTTP/1.1)
HTTP/1.1 200 OK
Content-Length: 95
Content-Type: application/json; charset=utf-8
cache-control: no-cache

19:06:31.390 [AsyncHttpClient-1-17] DEBUG org.asynchttpclient.netty.channel.ChannelManager - Adding key: http://localhost:1818 for channel [id: 0x73f9eeae, L:/127.0.0.1:58001 - R:localhost/127.0.0.1:1818]
19:06:31.391 [Forwarding executeScript on session 504ed8feb12591aa7e1ec96774197243 to remote] DEBUG org.asynchttpclient.netty.request.NettyRequestSender - Using pooled Channel '[id: 0x73f9eeae, L:/127.0.0.1:58001 - R:localhost/127.0.0.1:1818]' for 'POST' to 'http://localhost:1818/session/504ed8feb12591aa7e1ec96774197243/execute/sync'
19:06:31.391 [Forwarding executeScript on session 504ed8feb12591aa7e1ec96774197243 to remote] DEBUG org.asynchttpclient.netty.request.NettyRequestSender - Using open Channel [id: 0x73f9eeae, L:/127.0.0.1:58001 - R:localhost/127.0.0.1:1818] for POST '/session/504ed8feb12591aa7e1ec96774197243/execute/sync'
19:06:31.401 [AsyncHttpClient-1-17] DEBUG org.asynchttpclient.netty.handler.HttpHandler - 

Request DefaultHttpRequest(decodeResult: success, version: HTTP/1.1)
POST /session/504ed8feb12591aa7e1ec96774197243/execute/sync HTTP/1.1
User-Agent: selenium/4.8.3 (java windows)
Content-Length: 232
Content-Type: application/json; charset=utf-8
host: localhost:1818
accept: */*

Response DefaultHttpResponse(decodeResult: success, version: HTTP/1.1)
HTTP/1.1 200 OK
Content-Length: 14
Content-Type: application/json; charset=utf-8
cache-control: no-cache

19:06:31.401 [AsyncHttpClient-1-17] DEBUG org.asynchttpclient.netty.channel.ChannelManager - Adding key: http://localhost:1818 for channel [id: 0x73f9eeae, L:/127.0.0.1:58001 - R:localhost/127.0.0.1:1818]
19:06:31.402 [Forwarding findElement on session 504ed8feb12591aa7e1ec96774197243 to remote] DEBUG org.asynchttpclient.netty.request.NettyRequestSender - Using pooled Channel '[id: 0x73f9eeae, L:/127.0.0.1:58001 - R:localhost/127.0.0.1:1818]' for 'POST' to 'http://localhost:1818/session/504ed8feb12591aa7e1ec96774197243/element'
19:06:31.402 [Forwarding findElement on session 504ed8feb12591aa7e1ec96774197243 to remote] DEBUG org.asynchttpclient.netty.request.NettyRequestSender - Using open Channel [id: 0x73f9eeae, L:/127.0.0.1:58001 - R:localhost/127.0.0.1:1818] for POST '/session/504ed8feb12591aa7e1ec96774197243/element'
19:06:31.438 [AsyncHttpClient-1-17] DEBUG org.asynchttpclient.netty.handler.HttpHandler - 

Request DefaultHttpRequest(decodeResult: success, version: HTTP/1.1)
POST /session/504ed8feb12591aa7e1ec96774197243/element HTTP/1.1
User-Agent: selenium/4.8.3 (java windows)
Content-Length: 317
Content-Type: application/json; charset=utf-8
host: localhost:1818
accept: */*

Response DefaultHttpResponse(decodeResult: success, version: HTTP/1.1)
HTTP/1.1 200 OK
Content-Length: 95
Content-Type: application/json; charset=utf-8
cache-control: no-cache

19:06:31.438 [AsyncHttpClient-1-17] DEBUG org.asynchttpclient.netty.channel.ChannelManager - Adding key: http://localhost:1818 for channel [id: 0x73f9eeae, L:/127.0.0.1:58001 - R:localhost/127.0.0.1:1818]
19:06:31.441 [Forwarding findElement on session 504ed8feb12591aa7e1ec96774197243 to remote] DEBUG org.asynchttpclient.netty.request.NettyRequestSender - Using pooled Channel '[id: 0x73f9eeae, L:/127.0.0.1:58001 - R:localhost/127.0.0.1:1818]' for 'POST' to 'http://localhost:1818/session/504ed8feb12591aa7e1ec96774197243/element'
19:06:31.441 [Forwarding findElement on session 504ed8feb12591aa7e1ec96774197243 to remote] DEBUG org.asynchttpclient.netty.request.NettyRequestSender - Using open Channel [id: 0x73f9eeae, L:/127.0.0.1:58001 - R:localhost/127.0.0.1:1818] for POST '/session/504ed8feb12591aa7e1ec96774197243/element'
19:06:31.515 [AsyncHttpClient-1-17] DEBUG org.asynchttpclient.netty.handler.HttpHandler - 

Request DefaultHttpRequest(decodeResult: success, version: HTTP/1.1)
POST /session/504ed8feb12591aa7e1ec96774197243/element HTTP/1.1
User-Agent: selenium/4.8.3 (java windows)
Content-Length: 317
Content-Type: application/json; charset=utf-8
host: localhost:1818
accept: */*

Response DefaultHttpResponse(decodeResult: success, version: HTTP/1.1)
HTTP/1.1 200 OK
Content-Length: 95
Content-Type: application/json; charset=utf-8
cache-control: no-cache

19:06:31.515 [AsyncHttpClient-1-17] DEBUG org.asynchttpclient.netty.channel.ChannelManager - Adding key: http://localhost:1818 for channel [id: 0x73f9eeae, L:/127.0.0.1:58001 - R:localhost/127.0.0.1:1818]
19:06:31.516 [Forwarding getElementRect on session 504ed8feb12591aa7e1ec96774197243 to remote] DEBUG org.asynchttpclient.netty.request.NettyRequestSender - Using pooled Channel '[id: 0x73f9eeae, L:/127.0.0.1:58001 - R:localhost/127.0.0.1:1818]' for 'GET' to 'http://localhost:1818/session/504ed8feb12591aa7e1ec96774197243/element/BA99A8823A392F95AB0F610202EC50FB_element_67/rect'
19:06:31.516 [Forwarding getElementRect on session 504ed8feb12591aa7e1ec96774197243 to remote] DEBUG org.asynchttpclient.netty.request.NettyRequestSender - Using open Channel [id: 0x73f9eeae, L:/127.0.0.1:58001 - R:localhost/127.0.0.1:1818] for GET '/session/504ed8feb12591aa7e1ec96774197243/element/BA99A8823A392F95AB0F610202EC50FB_element_67/rect'
19:06:31.534 [AsyncHttpClient-1-17] DEBUG org.asynchttpclient.netty.handler.HttpHandler - 

Request DefaultFullHttpRequest(decodeResult: success, version: HTTP/1.1, content: EmptyByteBufBE)
GET /session/504ed8feb12591aa7e1ec96774197243/element/BA99A8823A392F95AB0F610202EC50FB_element_67/rect HTTP/1.1
User-Agent: selenium/4.8.3 (java windows)
Cache-Control: no-cache
Content-Type: application/json; charset=utf-8
host: localhost:1818
accept: */*

Response DefaultHttpResponse(decodeResult: success, version: HTTP/1.1)
HTTP/1.1 200 OK
Content-Length: 80
Content-Type: application/json; charset=utf-8
cache-control: no-cache

19:06:31.534 [AsyncHttpClient-1-17] DEBUG org.asynchttpclient.netty.channel.ChannelManager - Adding key: http://localhost:1818 for channel [id: 0x73f9eeae, L:/127.0.0.1:58001 - R:localhost/127.0.0.1:1818]
19:06:31.536 [Forwarding actions on session 504ed8feb12591aa7e1ec96774197243 to remote] DEBUG org.asynchttpclient.netty.request.NettyRequestSender - Using pooled Channel '[id: 0x73f9eeae, L:/127.0.0.1:58001 - R:localhost/127.0.0.1:1818]' for 'POST' to 'http://localhost:1818/session/504ed8feb12591aa7e1ec96774197243/actions'
19:06:31.536 [Forwarding actions on session 504ed8feb12591aa7e1ec96774197243 to remote] DEBUG org.asynchttpclient.netty.request.NettyRequestSender - Using open Channel [id: 0x73f9eeae, L:/127.0.0.1:58001 - R:localhost/127.0.0.1:1818] for POST '/session/504ed8feb12591aa7e1ec96774197243/actions'
19:06:31.882 [AsyncHttpClient-1-17] DEBUG org.asynchttpclient.netty.handler.HttpHandler - 

Request DefaultHttpRequest(decodeResult: success, version: HTTP/1.1)
POST /session/504ed8feb12591aa7e1ec96774197243/actions HTTP/1.1
User-Agent: selenium/4.8.3 (java windows)
Content-Length: 962
Content-Type: application/json; charset=utf-8
host: localhost:1818
accept: */*

Response DefaultHttpResponse(decodeResult: success, version: HTTP/1.1)
HTTP/1.1 200 OK
Content-Length: 14
Content-Type: application/json; charset=utf-8
cache-control: no-cache

19:06:31.882 [AsyncHttpClient-1-17] DEBUG org.asynchttpclient.netty.channel.ChannelManager - Adding key: http://localhost:1818 for channel [id: 0x73f9eeae, L:/127.0.0.1:58001 - R:localhost/127.0.0.1:1818]
19:06:31.885 [Forwarding findElement on session 504ed8feb12591aa7e1ec96774197243 to remote] DEBUG org.asynchttpclient.netty.request.NettyRequestSender - Using pooled Channel '[id: 0x73f9eeae, L:/127.0.0.1:58001 - R:localhost/127.0.0.1:1818]' for 'POST' to 'http://localhost:1818/session/504ed8feb12591aa7e1ec96774197243/element'
19:06:31.885 [Forwarding findElement on session 504ed8feb12591aa7e1ec96774197243 to remote] DEBUG org.asynchttpclient.netty.request.NettyRequestSender - Using open Channel [id: 0x73f9eeae, L:/127.0.0.1:58001 - R:localhost/127.0.0.1:1818] for POST '/session/504ed8feb12591aa7e1ec96774197243/element'
19:06:31.898 [AsyncHttpClient-1-17] DEBUG org.asynchttpclient.netty.handler.HttpHandler - 

Request DefaultHttpRequest(decodeResult: success, version: HTTP/1.1)
POST /session/504ed8feb12591aa7e1ec96774197243/element HTTP/1.1
User-Agent: selenium/4.8.3 (java windows)
Content-Length: 232
Content-Type: application/json; charset=utf-8
host: localhost:1818
accept: */*

Response DefaultHttpResponse(decodeResult: success, version: HTTP/1.1)
HTTP/1.1 200 OK
Content-Length: 95
Content-Type: application/json; charset=utf-8
cache-control: no-cache

19:06:31.898 [AsyncHttpClient-1-17] DEBUG org.asynchttpclient.netty.channel.ChannelManager - Adding key: http://localhost:1818 for channel [id: 0x73f9eeae, L:/127.0.0.1:58001 - R:localhost/127.0.0.1:1818]
19:06:31.899 [Forwarding findElement on session 504ed8feb12591aa7e1ec96774197243 to remote] DEBUG org.asynchttpclient.netty.request.NettyRequestSender - Using pooled Channel '[id: 0x73f9eeae, L:/127.0.0.1:58001 - R:localhost/127.0.0.1:1818]' for 'POST' to 'http://localhost:1818/session/504ed8feb12591aa7e1ec96774197243/element'
19:06:31.899 [Forwarding findElement on session 504ed8feb12591aa7e1ec96774197243 to remote] DEBUG org.asynchttpclient.netty.request.NettyRequestSender - Using open Channel [id: 0x73f9eeae, L:/127.0.0.1:58001 - R:localhost/127.0.0.1:1818] for POST '/session/504ed8feb12591aa7e1ec96774197243/element'
19:06:31.915 [AsyncHttpClient-1-17] DEBUG org.asynchttpclient.netty.handler.HttpHandler - 

Request DefaultHttpRequest(decodeResult: success, version: HTTP/1.1)
POST /session/504ed8feb12591aa7e1ec96774197243/element HTTP/1.1
User-Agent: selenium/4.8.3 (java windows)
Content-Length: 94
Content-Type: application/json; charset=utf-8
host: localhost:1818
accept: */*

Response DefaultHttpResponse(decodeResult: success, version: HTTP/1.1)
HTTP/1.1 200 OK
Content-Length: 95
Content-Type: application/json; charset=utf-8
cache-control: no-cache

19:06:31.915 [AsyncHttpClient-1-17] DEBUG org.asynchttpclient.netty.channel.ChannelManager - Adding key: http://localhost:1818 for channel [id: 0x73f9eeae, L:/127.0.0.1:58001 - R:localhost/127.0.0.1:1818]
19:06:31.916 [Forwarding getElementRect on session 504ed8feb12591aa7e1ec96774197243 to remote] DEBUG org.asynchttpclient.netty.request.NettyRequestSender - Using pooled Channel '[id: 0x73f9eeae, L:/127.0.0.1:58001 - R:localhost/127.0.0.1:1818]' for 'GET' to 'http://localhost:1818/session/504ed8feb12591aa7e1ec96774197243/element/BA99A8823A392F95AB0F610202EC50FB_element_88/rect'
19:06:31.916 [Forwarding getElementRect on session 504ed8feb12591aa7e1ec96774197243 to remote] DEBUG org.asynchttpclient.netty.request.NettyRequestSender - Using open Channel [id: 0x73f9eeae, L:/127.0.0.1:58001 - R:localhost/127.0.0.1:1818] for GET '/session/504ed8feb12591aa7e1ec96774197243/element/BA99A8823A392F95AB0F610202EC50FB_element_88/rect'
19:06:31.930 [AsyncHttpClient-1-17] DEBUG org.asynchttpclient.netty.handler.HttpHandler - 

Request DefaultFullHttpRequest(decodeResult: success, version: HTTP/1.1, content: EmptyByteBufBE)
GET /session/504ed8feb12591aa7e1ec96774197243/element/BA99A8823A392F95AB0F610202EC50FB_element_88/rect HTTP/1.1
User-Agent: selenium/4.8.3 (java windows)
Cache-Control: no-cache
Content-Type: application/json; charset=utf-8
host: localhost:1818
accept: */*

Response DefaultHttpResponse(decodeResult: success, version: HTTP/1.1)
HTTP/1.1 200 OK
Content-Length: 95
Content-Type: application/json; charset=utf-8
cache-control: no-cache

19:06:31.930 [AsyncHttpClient-1-17] DEBUG org.asynchttpclient.netty.channel.ChannelManager - Adding key: http://localhost:1818 for channel [id: 0x73f9eeae, L:/127.0.0.1:58001 - R:localhost/127.0.0.1:1818]
2023-06-06 19:06:31 INFO  Listeners:38 - Succeeded Test null
]]></system-out>
    <system-err><![CDATA[Starting ChromeDriver 114.0.5735.90 (386bc09e8f4f2e025eddae123f36f6263096ae49-refs/branch-heads/5735@{#1052}) on port 1818
Only local connections are allowed.
Please see https://chromedriver.chromium.org/security-considerations for suggestions on keeping ChromeDriver safe.
ChromeDriver was started successfully.
Jun 06, 2023 7:06:28 PM org.openqa.selenium.devtools.CdpVersionFinder findNearestMatch
WARNING: Unable to find an exact match for CDP version 114, so returning the closest version found: 111
]]></system-err>
  </testcase>
  <testcase name="automaticMovableWidgets" classname="alltests.uitest.coreTest.MovableWidget" time="1.4">
    <system-out><![CDATA[19:06:31.933 [rp-io-21] DEBUG com.epam.reportportal.service.Launch - Starting test item...rp-io-21
19:06:31.934 [AsyncHttpClient-1-3] DEBUG org.asynchttpclient.netty.handler.WebSocketHandler - Channel Closed: [id: 0x9e8ea8d3, L:/127.0.0.1:58011 ! R:localhost/127.0.0.1:58002] with attribute NettyResponseFuture{currentRetry=0,
	isDone=1,
	isCancelled=0,
	asyncHandler=org.asynchttpclient.ws.WebSocketUpgradeHandler@6b352aa6,
	nettyRequest=org.asynchttpclient.netty.request.NettyRequest@f9d67ff,
	future=java.util.concurrent.CompletableFuture@527c67a[Completed normally],
	uri=ws://localhost:58002/devtools/browser/c80e6518-4001-450c-8603-99c3b36f695e,
	keepAlive=true,
	redirectCount=0,
	timeoutsHolder=null,
	inAuth=0,
	touch=1686071188560}
19:06:31.934 [AsyncHttpClient-1-3] DEBUG org.asynchttpclient.netty.channel.ChannelManager - Closing Channel [id: 0x9e8ea8d3, L:/127.0.0.1:58011 ! R:localhost/127.0.0.1:58002] 
19:06:31.935 [Driver Command Executor] DEBUG org.asynchttpclient.netty.request.NettyRequestSender - Using pooled Channel '[id: 0x73f9eeae, L:/127.0.0.1:58001 - R:localhost/127.0.0.1:1818]' for 'DELETE' to 'http://localhost:1818/session/504ed8feb12591aa7e1ec96774197243'
19:06:31.936 [Driver Command Executor] DEBUG org.asynchttpclient.netty.request.NettyRequestSender - Using open Channel [id: 0x73f9eeae, L:/127.0.0.1:58001 - R:localhost/127.0.0.1:1818] for DELETE '/session/504ed8feb12591aa7e1ec96774197243'
19:06:31.949 [rp-io-23] DEBUG com.epam.reportportal.service.Launch - TestItem with ID = '61084221-9596-4d0a-8031-33e77b2fdb5d' successfully finished.
19:06:31.949 [rp-io-23] DEBUG com.epam.reportportal.utils.SubscriptionUtils - Finish test item completed
19:06:31.972 [rp-io-21] DEBUG com.epam.reportportal.service.Launch - ReportPortal item with ID 'adb0c6d6-32be-412f-90fc-f1a5cebe16e3' has been created
19:06:31.972 [rp-io-21] DEBUG com.epam.reportportal.utils.SubscriptionUtils - Start test item successfully completed
19:06:32.010 [AsyncHttpClient-1-2] DEBUG org.asynchttpclient.netty.handler.HttpHandler - Unexpected I/O exception on channel [id: 0x3fdd2b2c, L:/127.0.0.1:58010 - R:localhost/127.0.0.1:58002]
java.net.SocketException: Connection reset
	at java.base/sun.nio.ch.SocketChannelImpl.throwConnectionReset(SocketChannelImpl.java:394)
	at java.base/sun.nio.ch.SocketChannelImpl.read(SocketChannelImpl.java:426)
	at io.netty.buffer.PooledByteBuf.setBytes(PooledByteBuf.java:256)
	at io.netty.buffer.AbstractByteBuf.writeBytes(AbstractByteBuf.java:1132)
	at io.netty.channel.socket.nio.NioSocketChannel.doReadBytes(NioSocketChannel.java:357)
	at io.netty.channel.nio.AbstractNioByteChannel$NioByteUnsafe.read(AbstractNioByteChannel.java:151)
	at io.netty.channel.nio.NioEventLoop.processSelectedKey(NioEventLoop.java:788)
	at io.netty.channel.nio.NioEventLoop.processSelectedKeysOptimized(NioEventLoop.java:724)
	at io.netty.channel.nio.NioEventLoop.processSelectedKeys(NioEventLoop.java:650)
	at io.netty.channel.nio.NioEventLoop.run(NioEventLoop.java:562)
	at io.netty.util.concurrent.SingleThreadEventExecutor$4.run(SingleThreadEventExecutor.java:997)
	at io.netty.util.internal.ThreadExecutorMap$2.run(ThreadExecutorMap.java:74)
	at io.netty.util.concurrent.FastThreadLocalRunnable.run(FastThreadLocalRunnable.java:30)
	at java.base/java.lang.Thread.run(Thread.java:833)
19:06:32.010 [AsyncHttpClient-1-2] DEBUG org.asynchttpclient.netty.channel.ChannelManager - Closing Channel [id: 0x3fdd2b2c, L:/127.0.0.1:58010 - R:localhost/127.0.0.1:58002] 
19:06:32.010 [AsyncHttpClient-1-2] DEBUG org.asynchttpclient.netty.handler.HttpHandler - Channel Closed: [id: 0x3fdd2b2c, L:/127.0.0.1:58010 ! R:localhost/127.0.0.1:58002] with attribute DISCARD
19:06:32.035 [AsyncHttpClient-1-17] DEBUG org.asynchttpclient.netty.handler.HttpHandler - 

Request DefaultFullHttpRequest(decodeResult: success, version: HTTP/1.1, content: EmptyByteBufBE)
DELETE /session/504ed8feb12591aa7e1ec96774197243 HTTP/1.1
User-Agent: selenium/4.8.3 (java windows)
Content-Type: application/json; charset=utf-8
host: localhost:1818
accept: */*

Response DefaultHttpResponse(decodeResult: success, version: HTTP/1.1)
HTTP/1.1 200 OK
Content-Length: 14
Content-Type: application/json; charset=utf-8
cache-control: no-cache

19:06:32.036 [AsyncHttpClient-1-17] DEBUG org.asynchttpclient.netty.channel.ChannelManager - Adding key: http://localhost:1818 for channel [id: 0x73f9eeae, L:/127.0.0.1:58001 - R:localhost/127.0.0.1:1818]
19:06:32.092 [AsyncHttpClient-1-17] DEBUG org.asynchttpclient.netty.handler.HttpHandler - Channel Closed: [id: 0x73f9eeae, L:/127.0.0.1:58001 ! R:localhost/127.0.0.1:1818] with attribute DISCARD
2023-06-06 19:06:32 INFO  BaseTest:83 - Test executed**********
19:06:32.123 [rp-io-25] DEBUG com.epam.reportportal.service.Launch - Starting test item...rp-io-25
2023-06-06 19:06:32 INFO  BaseTest:110 - Property files loaded successfully**********
19:06:32.137 [rp-io-32] DEBUG com.epam.reportportal.service.Launch - TestItem with ID = 'adb0c6d6-32be-412f-90fc-f1a5cebe16e3' successfully finished.
19:06:32.137 [rp-io-32] DEBUG com.epam.reportportal.utils.SubscriptionUtils - Finish test item completed
19:06:32.137 [main] DEBUG io.github.bonigarcia.wdm.cache.ResolutionCache - Resolution chrome=114 in cache (valid until 19:20:28 06/06/2023 CEST)
19:06:32.137 [main] DEBUG io.github.bonigarcia.wdm.cache.ResolutionCache - Resolution chrome114=114.0.5735.90 in cache (valid until 16:16:26 07/06/2023 CEST)
19:06:32.137 [main] INFO io.github.bonigarcia.wdm.WebDriverManager - Using chromedriver 114.0.5735.90 (resolved driver for Chrome 114)
19:06:32.141 [rp-io-25] DEBUG com.epam.reportportal.service.Launch - ReportPortal item with ID 'fd6228ab-1326-43cf-946b-49e42a4e772e' has been created
19:06:32.141 [rp-io-25] DEBUG com.epam.reportportal.utils.SubscriptionUtils - Start test item successfully completed
19:06:32.145 [main] DEBUG io.github.bonigarcia.wdm.WebDriverManager - Driver chromedriver 114.0.5735.90 found in cache
19:06:32.146 [main] INFO io.github.bonigarcia.wdm.WebDriverManager - Exporting webdriver.chrome.driver as C:\Users\Suwarna_Wagh\.cache\selenium\chromedriver\win32\114.0.5735.90\chromedriver.exe
19:06:32.253 [AsyncHttpClient-1-1] DEBUG org.asynchttpclient.netty.channel.DefaultChannelPool - Entry count for : http://localhost:58002 : 1
19:06:32.253 [AsyncHttpClient-1-1] DEBUG org.asynchttpclient.netty.channel.DefaultChannelPool - Entry count for : http://localhost:1818 : 1
19:06:32.253 [AsyncHttpClient-1-1] DEBUG org.asynchttpclient.netty.channel.DefaultChannelPool - Adding Candidate expired Channel [id: 0x3fdd2b2c, L:/127.0.0.1:58010 ! R:localhost/127.0.0.1:58002] isIdleTimeoutExpired=false isRemotelyClosed=true isTtlExpired=false
19:06:32.253 [AsyncHttpClient-1-1] DEBUG org.asynchttpclient.netty.channel.DefaultChannelPool - Closing Idle Channel [id: 0x3fdd2b2c, L:/127.0.0.1:58010 ! R:localhost/127.0.0.1:58002]
19:06:32.253 [AsyncHttpClient-1-1] DEBUG org.asynchttpclient.netty.channel.DefaultChannelPool - Adding Candidate expired Channel [id: 0x73f9eeae, L:/127.0.0.1:58001 ! R:localhost/127.0.0.1:1818] isIdleTimeoutExpired=false isRemotelyClosed=true isTtlExpired=false
19:06:32.253 [AsyncHttpClient-1-1] DEBUG org.asynchttpclient.netty.channel.DefaultChannelPool - Closing Idle Channel [id: 0x73f9eeae, L:/127.0.0.1:58001 ! R:localhost/127.0.0.1:1818]
19:06:32.253 [AsyncHttpClient-1-1] DEBUG org.asynchttpclient.netty.channel.DefaultChannelPool - Closed 2 connections out of 2 in 0 ms
19:06:32.334 [AsyncHttpClient-1-4] DEBUG org.asynchttpclient.netty.channel.NettyConnectListener - Using new Channel '[id: 0xd757e608, L:/127.0.0.1:58029 - R:localhost/127.0.0.1:19659]' for 'POST' to '/session'
19:06:33.193 [AsyncHttpClient-1-4] DEBUG org.asynchttpclient.netty.handler.HttpHandler - 

Request DefaultHttpRequest(decodeResult: success, version: HTTP/1.1)
POST /session HTTP/1.1
User-Agent: selenium/4.8.3 (java windows)
Content-Length: 439
Content-Type: application/json; charset=utf-8
host: localhost:19659
accept: */*

Response DefaultHttpResponse(decodeResult: success, version: HTTP/1.1)
HTTP/1.1 200 OK
Content-Length: 864
Content-Type: application/json; charset=utf-8
cache-control: no-cache

19:06:33.194 [AsyncHttpClient-1-4] DEBUG org.asynchttpclient.netty.channel.ChannelManager - Adding key: http://localhost:19659 for channel [id: 0xd757e608, L:/127.0.0.1:58029 - R:localhost/127.0.0.1:19659]
19:06:33.198 [AsyncHttpClient-1-5] DEBUG org.asynchttpclient.netty.channel.NettyConnectListener - Using new Channel '[id: 0x1a456e77, L:/127.0.0.1:58038 - R:localhost/127.0.0.1:58030]' for 'GET' to '/json/version'
19:06:33.199 [AsyncHttpClient-1-5] DEBUG org.asynchttpclient.netty.handler.HttpHandler - 

Request DefaultFullHttpRequest(decodeResult: success, version: HTTP/1.1, content: EmptyByteBufBE)
GET /json/version HTTP/1.1
User-Agent: selenium/4.8.3 (java windows)
host: localhost:58030
accept: */*

Response DefaultHttpResponse(decodeResult: success, version: HTTP/1.1)
HTTP/1.1 200 OK
Content-Security-Policy: frame-ancestors 'none'
Content-Length: 424
Content-Type: application/json; charset=UTF-8

19:06:33.199 [AsyncHttpClient-1-5] DEBUG org.asynchttpclient.netty.channel.ChannelManager - Adding key: http://localhost:58030 for channel [id: 0x1a456e77, L:/127.0.0.1:58038 - R:localhost/127.0.0.1:58030]
19:06:33.200 [AsyncHttpClient-1-6] DEBUG org.asynchttpclient.netty.channel.NettyConnectListener - Using new Channel '[id: 0x56ae301a, L:/127.0.0.1:58039 - R:localhost/127.0.0.1:58030]' for 'GET' to '/devtools/browser/722a9fab-d999-4f8c-a663-8c8d2f2b79e6'
19:06:33.201 [AsyncHttpClient-1-6] DEBUG org.asynchttpclient.netty.handler.WebSocketHandler - 

Request DefaultFullHttpRequest(decodeResult: success, version: HTTP/1.1, content: EmptyByteBufBE)
GET /devtools/browser/722a9fab-d999-4f8c-a663-8c8d2f2b79e6 HTTP/1.1
upgrade: websocket
connection: upgrade
sec-websocket-key: lN9erPPZQ5JlkHeomgirKw==
sec-websocket-version: 13
origin: http://localhost:58030
host: localhost:58030
accept: */*
user-agent: AHC/2.1

Response DefaultHttpResponse(decodeResult: success, version: HTTP/1.1)
HTTP/1.1 101 WebSocket Protocol Handshake
Upgrade: WebSocket
Connection: Upgrade
Sec-WebSocket-Accept: Eqm9NQRot4Bgk+Hh2x5+O4T+sRQ=

19:06:33.203 [Forwarding setTimeout on session 0ea0686f989c1f58663b5c5ac703511f to remote] DEBUG org.asynchttpclient.netty.request.NettyRequestSender - Using pooled Channel '[id: 0xd757e608, L:/127.0.0.1:58029 - R:localhost/127.0.0.1:19659]' for 'POST' to 'http://localhost:19659/session/0ea0686f989c1f58663b5c5ac703511f/timeouts'
19:06:33.203 [Forwarding setTimeout on session 0ea0686f989c1f58663b5c5ac703511f to remote] DEBUG org.asynchttpclient.netty.request.NettyRequestSender - Using open Channel [id: 0xd757e608, L:/127.0.0.1:58029 - R:localhost/127.0.0.1:19659] for POST '/session/0ea0686f989c1f58663b5c5ac703511f/timeouts'
19:06:33.204 [AsyncHttpClient-1-4] DEBUG org.asynchttpclient.netty.handler.HttpHandler - 

Request DefaultHttpRequest(decodeResult: success, version: HTTP/1.1)
POST /session/0ea0686f989c1f58663b5c5ac703511f/timeouts HTTP/1.1
User-Agent: selenium/4.8.3 (java windows)
Content-Length: 22
Content-Type: application/json; charset=utf-8
host: localhost:19659
accept: */*

Response DefaultHttpResponse(decodeResult: success, version: HTTP/1.1)
HTTP/1.1 200 OK
Content-Length: 14
Content-Type: application/json; charset=utf-8
cache-control: no-cache

19:06:33.204 [AsyncHttpClient-1-4] DEBUG org.asynchttpclient.netty.channel.ChannelManager - Adding key: http://localhost:19659 for channel [id: 0xd757e608, L:/127.0.0.1:58029 - R:localhost/127.0.0.1:19659]
19:06:33.205 [Forwarding maximizeCurrentWindow on session 0ea0686f989c1f58663b5c5ac703511f to remote] DEBUG org.asynchttpclient.netty.request.NettyRequestSender - Using pooled Channel '[id: 0xd757e608, L:/127.0.0.1:58029 - R:localhost/127.0.0.1:19659]' for 'POST' to 'http://localhost:19659/session/0ea0686f989c1f58663b5c5ac703511f/window/maximize'
19:06:33.205 [Forwarding maximizeCurrentWindow on session 0ea0686f989c1f58663b5c5ac703511f to remote] DEBUG org.asynchttpclient.netty.request.NettyRequestSender - Using open Channel [id: 0xd757e608, L:/127.0.0.1:58029 - R:localhost/127.0.0.1:19659] for POST '/session/0ea0686f989c1f58663b5c5ac703511f/window/maximize'
19:06:33.327 [AsyncHttpClient-1-4] DEBUG org.asynchttpclient.netty.handler.HttpHandler - 

Request DefaultHttpRequest(decodeResult: success, version: HTTP/1.1)
POST /session/0ea0686f989c1f58663b5c5ac703511f/window/maximize HTTP/1.1
User-Agent: selenium/4.8.3 (java windows)
Content-Length: 3
Content-Type: application/json; charset=utf-8
host: localhost:19659
accept: */*

Response DefaultHttpResponse(decodeResult: success, version: HTTP/1.1)
HTTP/1.1 200 OK
Content-Length: 51
Content-Type: application/json; charset=utf-8
cache-control: no-cache

19:06:33.327 [AsyncHttpClient-1-4] DEBUG org.asynchttpclient.netty.channel.ChannelManager - Adding key: http://localhost:19659 for channel [id: 0xd757e608, L:/127.0.0.1:58029 - R:localhost/127.0.0.1:19659]
19:06:33.327 [Forwarding get on session 0ea0686f989c1f58663b5c5ac703511f to remote] DEBUG org.asynchttpclient.netty.request.NettyRequestSender - Using pooled Channel '[id: 0xd757e608, L:/127.0.0.1:58029 - R:localhost/127.0.0.1:19659]' for 'POST' to 'http://localhost:19659/session/0ea0686f989c1f58663b5c5ac703511f/url'
19:06:33.327 [Forwarding get on session 0ea0686f989c1f58663b5c5ac703511f to remote] DEBUG org.asynchttpclient.netty.request.NettyRequestSender - Using open Channel [id: 0xd757e608, L:/127.0.0.1:58029 - R:localhost/127.0.0.1:19659] for POST '/session/0ea0686f989c1f58663b5c5ac703511f/url'
19:06:33.342 [AsyncHttpClient-1-1] DEBUG org.asynchttpclient.netty.channel.DefaultChannelPool - Entry count for : http://localhost:58030 : 1
19:06:34.437 [AsyncHttpClient-1-1] DEBUG org.asynchttpclient.netty.channel.DefaultChannelPool - Entry count for : http://localhost:58030 : 1
19:06:34.767 [AsyncHttpClient-1-4] DEBUG org.asynchttpclient.netty.handler.HttpHandler - 

Request DefaultHttpRequest(decodeResult: success, version: HTTP/1.1)
POST /session/0ea0686f989c1f58663b5c5ac703511f/url HTTP/1.1
User-Agent: selenium/4.8.3 (java windows)
Content-Length: 52
Content-Type: application/json; charset=utf-8
host: localhost:19659
accept: */*

Response DefaultHttpResponse(decodeResult: success, version: HTTP/1.1)
HTTP/1.1 200 OK
Content-Length: 14
Content-Type: application/json; charset=utf-8
cache-control: no-cache

19:06:34.767 [AsyncHttpClient-1-4] DEBUG org.asynchttpclient.netty.channel.ChannelManager - Adding key: http://localhost:19659 for channel [id: 0xd757e608, L:/127.0.0.1:58029 - R:localhost/127.0.0.1:19659]
2023-06-06 19:06:34 INFO  BaseTest:104 - Test driver set up done successfully**********
2023-06-06 19:06:34 INFO  BaseTest:122 - Logging in to portal
19:06:34.770 [Forwarding findElement on session 0ea0686f989c1f58663b5c5ac703511f to remote] DEBUG org.asynchttpclient.netty.request.NettyRequestSender - Using pooled Channel '[id: 0xd757e608, L:/127.0.0.1:58029 - R:localhost/127.0.0.1:19659]' for 'POST' to 'http://localhost:19659/session/0ea0686f989c1f58663b5c5ac703511f/element'
19:06:34.770 [Forwarding findElement on session 0ea0686f989c1f58663b5c5ac703511f to remote] DEBUG org.asynchttpclient.netty.request.NettyRequestSender - Using open Channel [id: 0xd757e608, L:/127.0.0.1:58029 - R:localhost/127.0.0.1:19659] for POST '/session/0ea0686f989c1f58663b5c5ac703511f/element'
19:06:34.772 [AsyncHttpClient-1-4] DEBUG org.asynchttpclient.netty.handler.HttpHandler - 

Request DefaultHttpRequest(decodeResult: success, version: HTTP/1.1)
POST /session/0ea0686f989c1f58663b5c5ac703511f/element HTTP/1.1
User-Agent: selenium/4.8.3 (java windows)
Content-Length: 59
Content-Type: application/json; charset=utf-8
host: localhost:19659
accept: */*

Response DefaultHttpResponse(decodeResult: success, version: HTTP/1.1)
HTTP/1.1 200 OK
Content-Length: 95
Content-Type: application/json; charset=utf-8
cache-control: no-cache

19:06:34.772 [AsyncHttpClient-1-4] DEBUG org.asynchttpclient.netty.channel.ChannelManager - Adding key: http://localhost:19659 for channel [id: 0xd757e608, L:/127.0.0.1:58029 - R:localhost/127.0.0.1:19659]
19:06:34.772 [Forwarding clearElement on session 0ea0686f989c1f58663b5c5ac703511f to remote] DEBUG org.asynchttpclient.netty.request.NettyRequestSender - Using pooled Channel '[id: 0xd757e608, L:/127.0.0.1:58029 - R:localhost/127.0.0.1:19659]' for 'POST' to 'http://localhost:19659/session/0ea0686f989c1f58663b5c5ac703511f/element/E281B3E7689654C7EF06B481DE99B863_element_30/clear'
19:06:34.772 [Forwarding clearElement on session 0ea0686f989c1f58663b5c5ac703511f to remote] DEBUG org.asynchttpclient.netty.request.NettyRequestSender - Using open Channel [id: 0xd757e608, L:/127.0.0.1:58029 - R:localhost/127.0.0.1:19659] for POST '/session/0ea0686f989c1f58663b5c5ac703511f/element/E281B3E7689654C7EF06B481DE99B863_element_30/clear'
19:06:34.821 [AsyncHttpClient-1-4] DEBUG org.asynchttpclient.netty.handler.HttpHandler - 

Request DefaultHttpRequest(decodeResult: success, version: HTTP/1.1)
POST /session/0ea0686f989c1f58663b5c5ac703511f/element/E281B3E7689654C7EF06B481DE99B863_element_30/clear HTTP/1.1
User-Agent: selenium/4.8.3 (java windows)
Content-Length: 57
Content-Type: application/json; charset=utf-8
host: localhost:19659
accept: */*

Response DefaultHttpResponse(decodeResult: success, version: HTTP/1.1)
HTTP/1.1 200 OK
Content-Length: 14
Content-Type: application/json; charset=utf-8
cache-control: no-cache

19:06:34.821 [AsyncHttpClient-1-4] DEBUG org.asynchttpclient.netty.channel.ChannelManager - Adding key: http://localhost:19659 for channel [id: 0xd757e608, L:/127.0.0.1:58029 - R:localhost/127.0.0.1:19659]
19:06:34.821 [Forwarding findElement on session 0ea0686f989c1f58663b5c5ac703511f to remote] DEBUG org.asynchttpclient.netty.request.NettyRequestSender - Using pooled Channel '[id: 0xd757e608, L:/127.0.0.1:58029 - R:localhost/127.0.0.1:19659]' for 'POST' to 'http://localhost:19659/session/0ea0686f989c1f58663b5c5ac703511f/element'
19:06:34.821 [Forwarding findElement on session 0ea0686f989c1f58663b5c5ac703511f to remote] DEBUG org.asynchttpclient.netty.request.NettyRequestSender - Using open Channel [id: 0xd757e608, L:/127.0.0.1:58029 - R:localhost/127.0.0.1:19659] for POST '/session/0ea0686f989c1f58663b5c5ac703511f/element'
19:06:34.836 [AsyncHttpClient-1-4] DEBUG org.asynchttpclient.netty.handler.HttpHandler - 

Request DefaultHttpRequest(decodeResult: success, version: HTTP/1.1)
POST /session/0ea0686f989c1f58663b5c5ac703511f/element HTTP/1.1
User-Agent: selenium/4.8.3 (java windows)
Content-Length: 59
Content-Type: application/json; charset=utf-8
host: localhost:19659
accept: */*

Response DefaultHttpResponse(decodeResult: success, version: HTTP/1.1)
HTTP/1.1 200 OK
Content-Length: 95
Content-Type: application/json; charset=utf-8
cache-control: no-cache

19:06:34.836 [AsyncHttpClient-1-4] DEBUG org.asynchttpclient.netty.channel.ChannelManager - Adding key: http://localhost:19659 for channel [id: 0xd757e608, L:/127.0.0.1:58029 - R:localhost/127.0.0.1:19659]
19:06:34.840 [Forwarding sendKeysToElement on session 0ea0686f989c1f58663b5c5ac703511f to remote] DEBUG org.asynchttpclient.netty.request.NettyRequestSender - Using pooled Channel '[id: 0xd757e608, L:/127.0.0.1:58029 - R:localhost/127.0.0.1:19659]' for 'POST' to 'http://localhost:19659/session/0ea0686f989c1f58663b5c5ac703511f/element/E281B3E7689654C7EF06B481DE99B863_element_30/value'
19:06:34.840 [Forwarding sendKeysToElement on session 0ea0686f989c1f58663b5c5ac703511f to remote] DEBUG org.asynchttpclient.netty.request.NettyRequestSender - Using open Channel [id: 0xd757e608, L:/127.0.0.1:58029 - R:localhost/127.0.0.1:19659] for POST '/session/0ea0686f989c1f58663b5c5ac703511f/element/E281B3E7689654C7EF06B481DE99B863_element_30/value'
19:06:34.936 [AsyncHttpClient-1-4] DEBUG org.asynchttpclient.netty.handler.HttpHandler - 

Request DefaultHttpRequest(decodeResult: success, version: HTTP/1.1)
POST /session/0ea0686f989c1f58663b5c5ac703511f/element/E281B3E7689654C7EF06B481DE99B863_element_30/value HTTP/1.1
User-Agent: selenium/4.8.3 (java windows)
Content-Length: 188
Content-Type: application/json; charset=utf-8
host: localhost:19659
accept: */*

Response DefaultHttpResponse(decodeResult: success, version: HTTP/1.1)
HTTP/1.1 200 OK
Content-Length: 14
Content-Type: application/json; charset=utf-8
cache-control: no-cache

19:06:34.936 [AsyncHttpClient-1-4] DEBUG org.asynchttpclient.netty.channel.ChannelManager - Adding key: http://localhost:19659 for channel [id: 0xd757e608, L:/127.0.0.1:58029 - R:localhost/127.0.0.1:19659]
19:06:34.936 [Forwarding findElement on session 0ea0686f989c1f58663b5c5ac703511f to remote] DEBUG org.asynchttpclient.netty.request.NettyRequestSender - Using pooled Channel '[id: 0xd757e608, L:/127.0.0.1:58029 - R:localhost/127.0.0.1:19659]' for 'POST' to 'http://localhost:19659/session/0ea0686f989c1f58663b5c5ac703511f/element'
19:06:34.936 [Forwarding findElement on session 0ea0686f989c1f58663b5c5ac703511f to remote] DEBUG org.asynchttpclient.netty.request.NettyRequestSender - Using open Channel [id: 0xd757e608, L:/127.0.0.1:58029 - R:localhost/127.0.0.1:19659] for POST '/session/0ea0686f989c1f58663b5c5ac703511f/element'
19:06:34.941 [AsyncHttpClient-1-4] DEBUG org.asynchttpclient.netty.handler.HttpHandler - 

Request DefaultHttpRequest(decodeResult: success, version: HTTP/1.1)
POST /session/0ea0686f989c1f58663b5c5ac703511f/element HTTP/1.1
User-Agent: selenium/4.8.3 (java windows)
Content-Length: 62
Content-Type: application/json; charset=utf-8
host: localhost:19659
accept: */*

Response DefaultHttpResponse(decodeResult: success, version: HTTP/1.1)
HTTP/1.1 200 OK
Content-Length: 95
Content-Type: application/json; charset=utf-8
cache-control: no-cache

19:06:34.941 [AsyncHttpClient-1-4] DEBUG org.asynchttpclient.netty.channel.ChannelManager - Adding key: http://localhost:19659 for channel [id: 0xd757e608, L:/127.0.0.1:58029 - R:localhost/127.0.0.1:19659]
19:06:34.956 [Forwarding clearElement on session 0ea0686f989c1f58663b5c5ac703511f to remote] DEBUG org.asynchttpclient.netty.request.NettyRequestSender - Using pooled Channel '[id: 0xd757e608, L:/127.0.0.1:58029 - R:localhost/127.0.0.1:19659]' for 'POST' to 'http://localhost:19659/session/0ea0686f989c1f58663b5c5ac703511f/element/E281B3E7689654C7EF06B481DE99B863_element_32/clear'
19:06:34.956 [Forwarding clearElement on session 0ea0686f989c1f58663b5c5ac703511f to remote] DEBUG org.asynchttpclient.netty.request.NettyRequestSender - Using open Channel [id: 0xd757e608, L:/127.0.0.1:58029 - R:localhost/127.0.0.1:19659] for POST '/session/0ea0686f989c1f58663b5c5ac703511f/element/E281B3E7689654C7EF06B481DE99B863_element_32/clear'
19:06:34.987 [AsyncHttpClient-1-4] DEBUG org.asynchttpclient.netty.handler.HttpHandler - 

Request DefaultHttpRequest(decodeResult: success, version: HTTP/1.1)
POST /session/0ea0686f989c1f58663b5c5ac703511f/element/E281B3E7689654C7EF06B481DE99B863_element_32/clear HTTP/1.1
User-Agent: selenium/4.8.3 (java windows)
Content-Length: 57
Content-Type: application/json; charset=utf-8
host: localhost:19659
accept: */*

Response DefaultHttpResponse(decodeResult: success, version: HTTP/1.1)
HTTP/1.1 200 OK
Content-Length: 14
Content-Type: application/json; charset=utf-8
cache-control: no-cache

19:06:34.987 [AsyncHttpClient-1-4] DEBUG org.asynchttpclient.netty.channel.ChannelManager - Adding key: http://localhost:19659 for channel [id: 0xd757e608, L:/127.0.0.1:58029 - R:localhost/127.0.0.1:19659]
19:06:34.988 [Forwarding findElement on session 0ea0686f989c1f58663b5c5ac703511f to remote] DEBUG org.asynchttpclient.netty.request.NettyRequestSender - Using pooled Channel '[id: 0xd757e608, L:/127.0.0.1:58029 - R:localhost/127.0.0.1:19659]' for 'POST' to 'http://localhost:19659/session/0ea0686f989c1f58663b5c5ac703511f/element'
19:06:34.988 [Forwarding findElement on session 0ea0686f989c1f58663b5c5ac703511f to remote] DEBUG org.asynchttpclient.netty.request.NettyRequestSender - Using open Channel [id: 0xd757e608, L:/127.0.0.1:58029 - R:localhost/127.0.0.1:19659] for POST '/session/0ea0686f989c1f58663b5c5ac703511f/element'
19:06:34.995 [AsyncHttpClient-1-4] DEBUG org.asynchttpclient.netty.handler.HttpHandler - 

Request DefaultHttpRequest(decodeResult: success, version: HTTP/1.1)
POST /session/0ea0686f989c1f58663b5c5ac703511f/element HTTP/1.1
User-Agent: selenium/4.8.3 (java windows)
Content-Length: 62
Content-Type: application/json; charset=utf-8
host: localhost:19659
accept: */*

Response DefaultHttpResponse(decodeResult: success, version: HTTP/1.1)
HTTP/1.1 200 OK
Content-Length: 95
Content-Type: application/json; charset=utf-8
cache-control: no-cache

19:06:34.995 [AsyncHttpClient-1-4] DEBUG org.asynchttpclient.netty.channel.ChannelManager - Adding key: http://localhost:19659 for channel [id: 0xd757e608, L:/127.0.0.1:58029 - R:localhost/127.0.0.1:19659]
19:06:34.996 [Forwarding sendKeysToElement on session 0ea0686f989c1f58663b5c5ac703511f to remote] DEBUG org.asynchttpclient.netty.request.NettyRequestSender - Using pooled Channel '[id: 0xd757e608, L:/127.0.0.1:58029 - R:localhost/127.0.0.1:19659]' for 'POST' to 'http://localhost:19659/session/0ea0686f989c1f58663b5c5ac703511f/element/E281B3E7689654C7EF06B481DE99B863_element_32/value'
19:06:34.996 [Forwarding sendKeysToElement on session 0ea0686f989c1f58663b5c5ac703511f to remote] DEBUG org.asynchttpclient.netty.request.NettyRequestSender - Using open Channel [id: 0xd757e608, L:/127.0.0.1:58029 - R:localhost/127.0.0.1:19659] for POST '/session/0ea0686f989c1f58663b5c5ac703511f/element/E281B3E7689654C7EF06B481DE99B863_element_32/value'
19:06:35.070 [AsyncHttpClient-1-4] DEBUG org.asynchttpclient.netty.handler.HttpHandler - 

Request DefaultHttpRequest(decodeResult: success, version: HTTP/1.1)
POST /session/0ea0686f989c1f58663b5c5ac703511f/element/E281B3E7689654C7EF06B481DE99B863_element_32/value HTTP/1.1
User-Agent: selenium/4.8.3 (java windows)
Content-Length: 148
Content-Type: application/json; charset=utf-8
host: localhost:19659
accept: */*

Response DefaultHttpResponse(decodeResult: success, version: HTTP/1.1)
HTTP/1.1 200 OK
Content-Length: 14
Content-Type: application/json; charset=utf-8
cache-control: no-cache

19:06:35.070 [AsyncHttpClient-1-4] DEBUG org.asynchttpclient.netty.channel.ChannelManager - Adding key: http://localhost:19659 for channel [id: 0xd757e608, L:/127.0.0.1:58029 - R:localhost/127.0.0.1:19659]
19:06:35.070 [Forwarding findElement on session 0ea0686f989c1f58663b5c5ac703511f to remote] DEBUG org.asynchttpclient.netty.request.NettyRequestSender - Using pooled Channel '[id: 0xd757e608, L:/127.0.0.1:58029 - R:localhost/127.0.0.1:19659]' for 'POST' to 'http://localhost:19659/session/0ea0686f989c1f58663b5c5ac703511f/element'
19:06:35.070 [Forwarding findElement on session 0ea0686f989c1f58663b5c5ac703511f to remote] DEBUG org.asynchttpclient.netty.request.NettyRequestSender - Using open Channel [id: 0xd757e608, L:/127.0.0.1:58029 - R:localhost/127.0.0.1:19659] for POST '/session/0ea0686f989c1f58663b5c5ac703511f/element'
19:06:35.084 [AsyncHttpClient-1-4] DEBUG org.asynchttpclient.netty.handler.HttpHandler - 

Request DefaultHttpRequest(decodeResult: success, version: HTTP/1.1)
POST /session/0ea0686f989c1f58663b5c5ac703511f/element HTTP/1.1
User-Agent: selenium/4.8.3 (java windows)
Content-Length: 71
Content-Type: application/json; charset=utf-8
host: localhost:19659
accept: */*

Response DefaultHttpResponse(decodeResult: success, version: HTTP/1.1)
HTTP/1.1 200 OK
Content-Length: 95
Content-Type: application/json; charset=utf-8
cache-control: no-cache

19:06:35.084 [AsyncHttpClient-1-4] DEBUG org.asynchttpclient.netty.channel.ChannelManager - Adding key: http://localhost:19659 for channel [id: 0xd757e608, L:/127.0.0.1:58029 - R:localhost/127.0.0.1:19659]
19:06:35.085 [Forwarding clickElement on session 0ea0686f989c1f58663b5c5ac703511f to remote] DEBUG org.asynchttpclient.netty.request.NettyRequestSender - Using pooled Channel '[id: 0xd757e608, L:/127.0.0.1:58029 - R:localhost/127.0.0.1:19659]' for 'POST' to 'http://localhost:19659/session/0ea0686f989c1f58663b5c5ac703511f/element/E281B3E7689654C7EF06B481DE99B863_element_33/click'
19:06:35.085 [Forwarding clickElement on session 0ea0686f989c1f58663b5c5ac703511f to remote] DEBUG org.asynchttpclient.netty.request.NettyRequestSender - Using open Channel [id: 0xd757e608, L:/127.0.0.1:58029 - R:localhost/127.0.0.1:19659] for POST '/session/0ea0686f989c1f58663b5c5ac703511f/element/E281B3E7689654C7EF06B481DE99B863_element_33/click'
19:06:35.126 [AsyncHttpClient-1-4] DEBUG org.asynchttpclient.netty.handler.HttpHandler - 

Request DefaultHttpRequest(decodeResult: success, version: HTTP/1.1)
POST /session/0ea0686f989c1f58663b5c5ac703511f/element/E281B3E7689654C7EF06B481DE99B863_element_33/click HTTP/1.1
User-Agent: selenium/4.8.3 (java windows)
Content-Length: 57
Content-Type: application/json; charset=utf-8
host: localhost:19659
accept: */*

Response DefaultHttpResponse(decodeResult: success, version: HTTP/1.1)
HTTP/1.1 200 OK
Content-Length: 14
Content-Type: application/json; charset=utf-8
cache-control: no-cache

19:06:35.126 [AsyncHttpClient-1-4] DEBUG org.asynchttpclient.netty.channel.ChannelManager - Adding key: http://localhost:19659 for channel [id: 0xd757e608, L:/127.0.0.1:58029 - R:localhost/127.0.0.1:19659]
2023-06-06 19:06:35 INFO  BaseTest:126 - Logged in
19:06:35.127 [rp-io-30] DEBUG com.epam.reportportal.service.Launch - Starting test item...rp-io-30
2023-06-06 19:06:35 INFO  Listeners:34 - Started Test null
19:06:35.128 [Forwarding findElement on session 0ea0686f989c1f58663b5c5ac703511f to remote] DEBUG org.asynchttpclient.netty.request.NettyRequestSender - Using pooled Channel '[id: 0xd757e608, L:/127.0.0.1:58029 - R:localhost/127.0.0.1:19659]' for 'POST' to 'http://localhost:19659/session/0ea0686f989c1f58663b5c5ac703511f/element'
19:06:35.128 [Forwarding findElement on session 0ea0686f989c1f58663b5c5ac703511f to remote] DEBUG org.asynchttpclient.netty.request.NettyRequestSender - Using open Channel [id: 0xd757e608, L:/127.0.0.1:58029 - R:localhost/127.0.0.1:19659] for POST '/session/0ea0686f989c1f58663b5c5ac703511f/element'
19:06:35.142 [rp-io-29] DEBUG com.epam.reportportal.service.Launch - TestItem with ID = 'fd6228ab-1326-43cf-946b-49e42a4e772e' successfully finished.
19:06:35.142 [rp-io-29] DEBUG com.epam.reportportal.utils.SubscriptionUtils - Finish test item completed
19:06:35.146 [rp-io-30] DEBUG com.epam.reportportal.service.Launch - ReportPortal item with ID 'db59f87c-8f2a-4d16-a590-c1912644a5ff' has been created
19:06:35.146 [rp-io-30] DEBUG com.epam.reportportal.utils.SubscriptionUtils - Start test item successfully completed
19:06:35.482 [AsyncHttpClient-1-4] DEBUG org.asynchttpclient.netty.handler.HttpHandler - 

Request DefaultHttpRequest(decodeResult: success, version: HTTP/1.1)
POST /session/0ea0686f989c1f58663b5c5ac703511f/element HTTP/1.1
User-Agent: selenium/4.8.3 (java windows)
Content-Length: 168
Content-Type: application/json; charset=utf-8
host: localhost:19659
accept: */*

Response DefaultHttpResponse(decodeResult: success, version: HTTP/1.1)
HTTP/1.1 200 OK
Content-Length: 95
Content-Type: application/json; charset=utf-8
cache-control: no-cache

19:06:35.482 [AsyncHttpClient-1-4] DEBUG org.asynchttpclient.netty.channel.ChannelManager - Adding key: http://localhost:19659 for channel [id: 0xd757e608, L:/127.0.0.1:58029 - R:localhost/127.0.0.1:19659]
19:06:35.483 [Forwarding clickElement on session 0ea0686f989c1f58663b5c5ac703511f to remote] DEBUG org.asynchttpclient.netty.request.NettyRequestSender - Using pooled Channel '[id: 0xd757e608, L:/127.0.0.1:58029 - R:localhost/127.0.0.1:19659]' for 'POST' to 'http://localhost:19659/session/0ea0686f989c1f58663b5c5ac703511f/element/E281B3E7689654C7EF06B481DE99B863_element_48/click'
19:06:35.483 [Forwarding clickElement on session 0ea0686f989c1f58663b5c5ac703511f to remote] DEBUG org.asynchttpclient.netty.request.NettyRequestSender - Using open Channel [id: 0xd757e608, L:/127.0.0.1:58029 - R:localhost/127.0.0.1:19659] for POST '/session/0ea0686f989c1f58663b5c5ac703511f/element/E281B3E7689654C7EF06B481DE99B863_element_48/click'
19:06:35.537 [AsyncHttpClient-1-1] DEBUG org.asynchttpclient.netty.channel.DefaultChannelPool - Entry count for : http://localhost:58030 : 1
19:06:35.616 [AsyncHttpClient-1-4] DEBUG org.asynchttpclient.netty.handler.HttpHandler - 

Request DefaultHttpRequest(decodeResult: success, version: HTTP/1.1)
POST /session/0ea0686f989c1f58663b5c5ac703511f/element/E281B3E7689654C7EF06B481DE99B863_element_48/click HTTP/1.1
User-Agent: selenium/4.8.3 (java windows)
Content-Length: 57
Content-Type: application/json; charset=utf-8
host: localhost:19659
accept: */*

Response DefaultHttpResponse(decodeResult: success, version: HTTP/1.1)
HTTP/1.1 200 OK
Content-Length: 14
Content-Type: application/json; charset=utf-8
cache-control: no-cache

19:06:35.616 [AsyncHttpClient-1-4] DEBUG org.asynchttpclient.netty.channel.ChannelManager - Adding key: http://localhost:19659 for channel [id: 0xd757e608, L:/127.0.0.1:58029 - R:localhost/127.0.0.1:19659]
19:06:35.618 [Forwarding findElement on session 0ea0686f989c1f58663b5c5ac703511f to remote] DEBUG org.asynchttpclient.netty.request.NettyRequestSender - Using pooled Channel '[id: 0xd757e608, L:/127.0.0.1:58029 - R:localhost/127.0.0.1:19659]' for 'POST' to 'http://localhost:19659/session/0ea0686f989c1f58663b5c5ac703511f/element'
19:06:35.618 [Forwarding findElement on session 0ea0686f989c1f58663b5c5ac703511f to remote] DEBUG org.asynchttpclient.netty.request.NettyRequestSender - Using open Channel [id: 0xd757e608, L:/127.0.0.1:58029 - R:localhost/127.0.0.1:19659] for POST '/session/0ea0686f989c1f58663b5c5ac703511f/element'
19:06:36.073 [AsyncHttpClient-1-4] DEBUG org.asynchttpclient.netty.handler.HttpHandler - 

Request DefaultHttpRequest(decodeResult: success, version: HTTP/1.1)
POST /session/0ea0686f989c1f58663b5c5ac703511f/element HTTP/1.1
User-Agent: selenium/4.8.3 (java windows)
Content-Length: 240
Content-Type: application/json; charset=utf-8
host: localhost:19659
accept: */*

Response DefaultHttpResponse(decodeResult: success, version: HTTP/1.1)
HTTP/1.1 200 OK
Content-Length: 95
Content-Type: application/json; charset=utf-8
cache-control: no-cache

19:06:36.073 [AsyncHttpClient-1-4] DEBUG org.asynchttpclient.netty.channel.ChannelManager - Adding key: http://localhost:19659 for channel [id: 0xd757e608, L:/127.0.0.1:58029 - R:localhost/127.0.0.1:19659]
19:06:36.074 [Forwarding findElement on session 0ea0686f989c1f58663b5c5ac703511f to remote] DEBUG org.asynchttpclient.netty.request.NettyRequestSender - Using pooled Channel '[id: 0xd757e608, L:/127.0.0.1:58029 - R:localhost/127.0.0.1:19659]' for 'POST' to 'http://localhost:19659/session/0ea0686f989c1f58663b5c5ac703511f/element'
19:06:36.074 [Forwarding findElement on session 0ea0686f989c1f58663b5c5ac703511f to remote] DEBUG org.asynchttpclient.netty.request.NettyRequestSender - Using open Channel [id: 0xd757e608, L:/127.0.0.1:58029 - R:localhost/127.0.0.1:19659] for POST '/session/0ea0686f989c1f58663b5c5ac703511f/element'
19:06:36.089 [AsyncHttpClient-1-4] DEBUG org.asynchttpclient.netty.handler.HttpHandler - 

Request DefaultHttpRequest(decodeResult: success, version: HTTP/1.1)
POST /session/0ea0686f989c1f58663b5c5ac703511f/element HTTP/1.1
User-Agent: selenium/4.8.3 (java windows)
Content-Length: 240
Content-Type: application/json; charset=utf-8
host: localhost:19659
accept: */*

Response DefaultHttpResponse(decodeResult: success, version: HTTP/1.1)
HTTP/1.1 200 OK
Content-Length: 95
Content-Type: application/json; charset=utf-8
cache-control: no-cache

19:06:36.089 [AsyncHttpClient-1-4] DEBUG org.asynchttpclient.netty.channel.ChannelManager - Adding key: http://localhost:19659 for channel [id: 0xd757e608, L:/127.0.0.1:58029 - R:localhost/127.0.0.1:19659]
19:06:36.089 [Forwarding getElementRect on session 0ea0686f989c1f58663b5c5ac703511f to remote] DEBUG org.asynchttpclient.netty.request.NettyRequestSender - Using pooled Channel '[id: 0xd757e608, L:/127.0.0.1:58029 - R:localhost/127.0.0.1:19659]' for 'GET' to 'http://localhost:19659/session/0ea0686f989c1f58663b5c5ac703511f/element/E281B3E7689654C7EF06B481DE99B863_element_64/rect'
19:06:36.089 [Forwarding getElementRect on session 0ea0686f989c1f58663b5c5ac703511f to remote] DEBUG org.asynchttpclient.netty.request.NettyRequestSender - Using open Channel [id: 0xd757e608, L:/127.0.0.1:58029 - R:localhost/127.0.0.1:19659] for GET '/session/0ea0686f989c1f58663b5c5ac703511f/element/E281B3E7689654C7EF06B481DE99B863_element_64/rect'
19:06:36.103 [AsyncHttpClient-1-4] DEBUG org.asynchttpclient.netty.handler.HttpHandler - 

Request DefaultFullHttpRequest(decodeResult: success, version: HTTP/1.1, content: EmptyByteBufBE)
GET /session/0ea0686f989c1f58663b5c5ac703511f/element/E281B3E7689654C7EF06B481DE99B863_element_64/rect HTTP/1.1
User-Agent: selenium/4.8.3 (java windows)
Cache-Control: no-cache
Content-Type: application/json; charset=utf-8
host: localhost:19659
accept: */*

Response DefaultHttpResponse(decodeResult: success, version: HTTP/1.1)
HTTP/1.1 200 OK
Content-Length: 81
Content-Type: application/json; charset=utf-8
cache-control: no-cache

19:06:36.103 [AsyncHttpClient-1-4] DEBUG org.asynchttpclient.netty.channel.ChannelManager - Adding key: http://localhost:19659 for channel [id: 0xd757e608, L:/127.0.0.1:58029 - R:localhost/127.0.0.1:19659]
19:06:36.104 [Forwarding findElement on session 0ea0686f989c1f58663b5c5ac703511f to remote] DEBUG org.asynchttpclient.netty.request.NettyRequestSender - Using pooled Channel '[id: 0xd757e608, L:/127.0.0.1:58029 - R:localhost/127.0.0.1:19659]' for 'POST' to 'http://localhost:19659/session/0ea0686f989c1f58663b5c5ac703511f/element'
19:06:36.104 [Forwarding findElement on session 0ea0686f989c1f58663b5c5ac703511f to remote] DEBUG org.asynchttpclient.netty.request.NettyRequestSender - Using open Channel [id: 0xd757e608, L:/127.0.0.1:58029 - R:localhost/127.0.0.1:19659] for POST '/session/0ea0686f989c1f58663b5c5ac703511f/element'
19:06:36.118 [AsyncHttpClient-1-4] DEBUG org.asynchttpclient.netty.handler.HttpHandler - 

Request DefaultHttpRequest(decodeResult: success, version: HTTP/1.1)
POST /session/0ea0686f989c1f58663b5c5ac703511f/element HTTP/1.1
User-Agent: selenium/4.8.3 (java windows)
Content-Length: 232
Content-Type: application/json; charset=utf-8
host: localhost:19659
accept: */*

Response DefaultHttpResponse(decodeResult: success, version: HTTP/1.1)
HTTP/1.1 200 OK
Content-Length: 95
Content-Type: application/json; charset=utf-8
cache-control: no-cache

19:06:36.118 [AsyncHttpClient-1-4] DEBUG org.asynchttpclient.netty.channel.ChannelManager - Adding key: http://localhost:19659 for channel [id: 0xd757e608, L:/127.0.0.1:58029 - R:localhost/127.0.0.1:19659]
19:06:36.119 [Forwarding findElement on session 0ea0686f989c1f58663b5c5ac703511f to remote] DEBUG org.asynchttpclient.netty.request.NettyRequestSender - Using pooled Channel '[id: 0xd757e608, L:/127.0.0.1:58029 - R:localhost/127.0.0.1:19659]' for 'POST' to 'http://localhost:19659/session/0ea0686f989c1f58663b5c5ac703511f/element'
19:06:36.119 [Forwarding findElement on session 0ea0686f989c1f58663b5c5ac703511f to remote] DEBUG org.asynchttpclient.netty.request.NettyRequestSender - Using open Channel [id: 0xd757e608, L:/127.0.0.1:58029 - R:localhost/127.0.0.1:19659] for POST '/session/0ea0686f989c1f58663b5c5ac703511f/element'
19:06:36.135 [AsyncHttpClient-1-4] DEBUG org.asynchttpclient.netty.handler.HttpHandler - 

Request DefaultHttpRequest(decodeResult: success, version: HTTP/1.1)
POST /session/0ea0686f989c1f58663b5c5ac703511f/element HTTP/1.1
User-Agent: selenium/4.8.3 (java windows)
Content-Length: 283
Content-Type: application/json; charset=utf-8
host: localhost:19659
accept: */*

Response DefaultHttpResponse(decodeResult: success, version: HTTP/1.1)
HTTP/1.1 200 OK
Content-Length: 95
Content-Type: application/json; charset=utf-8
cache-control: no-cache

19:06:36.135 [AsyncHttpClient-1-4] DEBUG org.asynchttpclient.netty.channel.ChannelManager - Adding key: http://localhost:19659 for channel [id: 0xd757e608, L:/127.0.0.1:58029 - R:localhost/127.0.0.1:19659]
19:06:36.137 [Forwarding actions on session 0ea0686f989c1f58663b5c5ac703511f to remote] DEBUG org.asynchttpclient.netty.request.NettyRequestSender - Using pooled Channel '[id: 0xd757e608, L:/127.0.0.1:58029 - R:localhost/127.0.0.1:19659]' for 'POST' to 'http://localhost:19659/session/0ea0686f989c1f58663b5c5ac703511f/actions'
19:06:36.137 [Forwarding actions on session 0ea0686f989c1f58663b5c5ac703511f to remote] DEBUG org.asynchttpclient.netty.request.NettyRequestSender - Using open Channel [id: 0xd757e608, L:/127.0.0.1:58029 - R:localhost/127.0.0.1:19659] for POST '/session/0ea0686f989c1f58663b5c5ac703511f/actions'
19:06:36.484 [AsyncHttpClient-1-4] DEBUG org.asynchttpclient.netty.handler.HttpHandler - 

Request DefaultHttpRequest(decodeResult: success, version: HTTP/1.1)
POST /session/0ea0686f989c1f58663b5c5ac703511f/actions HTTP/1.1
User-Agent: selenium/4.8.3 (java windows)
Content-Length: 962
Content-Type: application/json; charset=utf-8
host: localhost:19659
accept: */*

Response DefaultHttpResponse(decodeResult: success, version: HTTP/1.1)
HTTP/1.1 200 OK
Content-Length: 14
Content-Type: application/json; charset=utf-8
cache-control: no-cache

19:06:36.484 [AsyncHttpClient-1-4] DEBUG org.asynchttpclient.netty.channel.ChannelManager - Adding key: http://localhost:19659 for channel [id: 0xd757e608, L:/127.0.0.1:58029 - R:localhost/127.0.0.1:19659]
19:06:36.484 [Forwarding findElement on session 0ea0686f989c1f58663b5c5ac703511f to remote] DEBUG org.asynchttpclient.netty.request.NettyRequestSender - Using pooled Channel '[id: 0xd757e608, L:/127.0.0.1:58029 - R:localhost/127.0.0.1:19659]' for 'POST' to 'http://localhost:19659/session/0ea0686f989c1f58663b5c5ac703511f/element'
19:06:36.484 [Forwarding findElement on session 0ea0686f989c1f58663b5c5ac703511f to remote] DEBUG org.asynchttpclient.netty.request.NettyRequestSender - Using open Channel [id: 0xd757e608, L:/127.0.0.1:58029 - R:localhost/127.0.0.1:19659] for POST '/session/0ea0686f989c1f58663b5c5ac703511f/element'
19:06:36.499 [AsyncHttpClient-1-4] DEBUG org.asynchttpclient.netty.handler.HttpHandler - 

Request DefaultHttpRequest(decodeResult: success, version: HTTP/1.1)
POST /session/0ea0686f989c1f58663b5c5ac703511f/element HTTP/1.1
User-Agent: selenium/4.8.3 (java windows)
Content-Length: 240
Content-Type: application/json; charset=utf-8
host: localhost:19659
accept: */*

Response DefaultHttpResponse(decodeResult: success, version: HTTP/1.1)
HTTP/1.1 200 OK
Content-Length: 95
Content-Type: application/json; charset=utf-8
cache-control: no-cache

19:06:36.499 [AsyncHttpClient-1-4] DEBUG org.asynchttpclient.netty.channel.ChannelManager - Adding key: http://localhost:19659 for channel [id: 0xd757e608, L:/127.0.0.1:58029 - R:localhost/127.0.0.1:19659]
19:06:36.499 [Forwarding getElementRect on session 0ea0686f989c1f58663b5c5ac703511f to remote] DEBUG org.asynchttpclient.netty.request.NettyRequestSender - Using pooled Channel '[id: 0xd757e608, L:/127.0.0.1:58029 - R:localhost/127.0.0.1:19659]' for 'GET' to 'http://localhost:19659/session/0ea0686f989c1f58663b5c5ac703511f/element/E281B3E7689654C7EF06B481DE99B863_element_64/rect'
19:06:36.499 [Forwarding getElementRect on session 0ea0686f989c1f58663b5c5ac703511f to remote] DEBUG org.asynchttpclient.netty.request.NettyRequestSender - Using open Channel [id: 0xd757e608, L:/127.0.0.1:58029 - R:localhost/127.0.0.1:19659] for GET '/session/0ea0686f989c1f58663b5c5ac703511f/element/E281B3E7689654C7EF06B481DE99B863_element_64/rect'
19:06:36.517 [AsyncHttpClient-1-4] DEBUG org.asynchttpclient.netty.handler.HttpHandler - 

Request DefaultFullHttpRequest(decodeResult: success, version: HTTP/1.1, content: EmptyByteBufBE)
GET /session/0ea0686f989c1f58663b5c5ac703511f/element/E281B3E7689654C7EF06B481DE99B863_element_64/rect HTTP/1.1
User-Agent: selenium/4.8.3 (java windows)
Cache-Control: no-cache
Content-Type: application/json; charset=utf-8
host: localhost:19659
accept: */*

Response DefaultHttpResponse(decodeResult: success, version: HTTP/1.1)
HTTP/1.1 200 OK
Content-Length: 80
Content-Type: application/json; charset=utf-8
cache-control: no-cache

19:06:36.517 [AsyncHttpClient-1-4] DEBUG org.asynchttpclient.netty.channel.ChannelManager - Adding key: http://localhost:19659 for channel [id: 0xd757e608, L:/127.0.0.1:58029 - R:localhost/127.0.0.1:19659]
2023-06-06 19:06:36 INFO  Listeners:38 - Succeeded Test null
]]></system-out>
    <system-err><![CDATA[Starting ChromeDriver 114.0.5735.90 (386bc09e8f4f2e025eddae123f36f6263096ae49-refs/branch-heads/5735@{#1052}) on port 19659
Only local connections are allowed.
Please see https://chromedriver.chromium.org/security-considerations for suggestions on keeping ChromeDriver safe.
ChromeDriver was started successfully.
Jun 06, 2023 7:06:33 PM org.openqa.selenium.devtools.CdpVersionFinder findNearestMatch
WARNING: Unable to find an exact match for CDP version 114, so returning the closest version found: 111
]]></system-err>
  </testcase>
</testsuite>