<?xml version="1.0" encoding="UTF-8"?>
<testsuite xmlns:xsi="http://www.w3.org/2001/XMLSchema-instance" xsi:noNamespaceSchemaLocation="https://maven.apache.org/surefire/maven-surefire-plugin/xsd/surefire-test-report-3.0.xsd" version="3.0" name="TestSuite" time="152.912" tests="36" errors="0" skipped="6" failures="3">
  <properties>
    <property name="java.specification.version" value="17"/>
    <property name="webdriver.chrome.driver" value="C:\Users\Suwarna_Wagh\.cache\selenium\chromedriver\win32\114.0.5735.90\chromedriver.exe"/>
    <property name="sun.cpu.isalist" value="amd64"/>
    <property name="sun.jnu.encoding" value="Cp1252"/>
    <property name="java.class.path" value="C:\AdvancedTraining\AutomationFramework\target\test-classes;C:\AdvancedTraining\AutomationFramework\target\classes;C:\Users\Suwarna_Wagh\.m2\repository\org\mockito\mockito-core\4.1.0\mockito-core-4.1.0.jar;C:\Users\Suwarna_Wagh\.m2\repository\net\bytebuddy\byte-buddy\1.12.1\byte-buddy-1.12.1.jar;C:\Users\Suwarna_Wagh\.m2\repository\net\bytebuddy\byte-buddy-agent\1.12.1\byte-buddy-agent-1.12.1.jar;C:\Users\Suwarna_Wagh\.m2\repository\org\objenesis\objenesis\3.2\objenesis-3.2.jar;C:\Users\Suwarna_Wagh\.m2\repository\org\mockito\mockito-all\1.10.19\mockito-all-1.10.19.jar;C:\Users\Suwarna_Wagh\.m2\repository\junit\junit\4.12\junit-4.12.jar;C:\Users\Suwarna_Wagh\.m2\repository\org\hamcrest\hamcrest-core\1.3\hamcrest-core-1.3.jar;C:\Users\Suwarna_Wagh\.m2\repository\org\junit\jupiter\junit-jupiter-api\5.9.1\junit-jupiter-api-5.9.1.jar;C:\Users\Suwarna_Wagh\.m2\repository\org\opentest4j\opentest4j\1.2.0\opentest4j-1.2.0.jar;C:\Users\Suwarna_Wagh\.m2\repository\org\junit\platform\junit-platform-commons\1.9.1\junit-platform-commons-1.9.1.jar;C:\Users\Suwarna_Wagh\.m2\repository\org\apiguardian\apiguardian-api\1.1.2\apiguardian-api-1.1.2.jar;C:\Users\Suwarna_Wagh\.m2\repository\org\assertj\assertj-core\3.24.2\assertj-core-3.24.2.jar;C:\Users\Suwarna_Wagh\.m2\repository\log4j\log4j\1.2.17\log4j-1.2.17.jar;C:\Users\Suwarna_Wagh\.m2\repository\org\sonarsource\scanner\maven\sonar-maven-plugin\3.9.1.2184\sonar-maven-plugin-3.9.1.2184.jar;C:\Users\Suwarna_Wagh\.m2\repository\org\sonatype\plexus\plexus-sec-dispatcher\1.4\plexus-sec-dispatcher-1.4.jar;C:\Users\Suwarna_Wagh\.m2\repository\org\sonatype\plexus\plexus-cipher\1.4\plexus-cipher-1.4.jar;C:\Users\Suwarna_Wagh\.m2\repository\org\codehaus\plexus\plexus-utils\3.2.1\plexus-utils-3.2.1.jar;C:\Users\Suwarna_Wagh\.m2\repository\org\sonarsource\scanner\api\sonar-scanner-api\2.16.2.588\sonar-scanner-api-2.16.2.588.jar;C:\Users\Suwarna_Wagh\.m2\repository\commons-lang\commons-lang\2.6\commons-lang-2.6.jar;C:\Users\Suwarna_Wagh\.m2\repository\com\epam\reportportal\agent-java-testng\5.1.3\agent-java-testng-5.1.3.jar;C:\Users\Suwarna_Wagh\.m2\repository\com\epam\reportportal\client-java\5.1.11\client-java-5.1.11.jar;C:\Users\Suwarna_Wagh\.m2\repository\io\reactivex\rxjava2\rxjava\2.2.10\rxjava-2.2.10.jar;C:\Users\Suwarna_Wagh\.m2\repository\org\reactivestreams\reactive-streams\1.0.2\reactive-streams-1.0.2.jar;C:\Users\Suwarna_Wagh\.m2\repository\com\squareup\retrofit2\retrofit\2.9.0\retrofit-2.9.0.jar;C:\Users\Suwarna_Wagh\.m2\repository\com\squareup\okhttp3\okhttp\3.14.9\okhttp-3.14.9.jar;C:\Users\Suwarna_Wagh\.m2\repository\com\squareup\okio\okio\1.17.2\okio-1.17.2.jar;C:\Users\Suwarna_Wagh\.m2\repository\org\aspectj\aspectjrt\1.9.2\aspectjrt-1.9.2.jar;C:\Users\Suwarna_Wagh\.m2\repository\com\squareup\retrofit2\converter-scalars\2.9.0\converter-scalars-2.9.0.jar;C:\Users\Suwarna_Wagh\.m2\repository\com\squareup\retrofit2\converter-jackson\2.9.0\converter-jackson-2.9.0.jar;C:\Users\Suwarna_Wagh\.m2\repository\com\squareup\retrofit2\adapter-rxjava2\2.9.0\adapter-rxjava2-2.9.0.jar;C:\Users\Suwarna_Wagh\.m2\repository\com\squareup\okhttp3\logging-interceptor\3.14.9\logging-interceptor-3.14.9.jar;C:\Users\Suwarna_Wagh\.m2\repository\org\aspectj\aspectjweaver\1.9.2\aspectjweaver-1.9.2.jar;C:\Users\Suwarna_Wagh\.m2\repository\com\google\code\findbugs\jsr305\3.0.2\jsr305-3.0.2.jar;C:\Users\Suwarna_Wagh\.m2\repository\com\epam\reportportal\commons-model\5.0.0\commons-model-5.0.0.jar;C:\Users\Suwarna_Wagh\.m2\repository\io\swagger\swagger-annotations\1.5.24\swagger-annotations-1.5.24.jar;C:\Users\Suwarna_Wagh\.m2\repository\javax\validation\validation-api\2.0.1.Final\validation-api-2.0.1.Final.jar;C:\Users\Suwarna_Wagh\.m2\repository\org\slf4j\slf4j-api\1.7.36\slf4j-api-1.7.36.jar;C:\Users\Suwarna_Wagh\.m2\repository\com\epam\reportportal\logger-java-logback\5.1.3\logger-java-logback-5.1.3.jar;C:\Users\Suwarna_Wagh\.m2\repository\ch\qos\logback\logback-classic\1.2.11\logback-classic-1.2.11.jar;C:\Users\Suwarna_Wagh\.m2\repository\ch\qos\logback\logback-core\1.2.11\logback-core-1.2.11.jar;C:\Users\Suwarna_Wagh\.m2\repository\com\epam\reportportal\logger-java-log4j\5.1.5\logger-java-log4j-5.1.5.jar;C:\Users\Suwarna_Wagh\.m2\repository\org\apache\logging\log4j\log4j-core\2.17.2\log4j-core-2.17.2.jar;C:\Users\Suwarna_Wagh\.m2\repository\org\apache\logging\log4j\log4j-api\2.17.2\log4j-api-2.17.2.jar;C:\Users\Suwarna_Wagh\.m2\repository\io\github\bonigarcia\webdrivermanager\5.3.2\webdrivermanager-5.3.2.jar;C:\Users\Suwarna_Wagh\.m2\repository\com\google\code\gson\gson\2.10.1\gson-2.10.1.jar;C:\Users\Suwarna_Wagh\.m2\repository\com\github\docker-java\docker-java\3.2.14\docker-java-3.2.14.jar;C:\Users\Suwarna_Wagh\.m2\repository\com\github\docker-java\docker-java-core\3.2.14\docker-java-core-3.2.14.jar;C:\Users\Suwarna_Wagh\.m2\repository\com\github\docker-java\docker-java-api\3.2.14\docker-java-api-3.2.14.jar;C:\Users\Suwarna_Wagh\.m2\repository\org\apache\commons\commons-compress\1.21\commons-compress-1.21.jar;C:\Users\Suwarna_Wagh\.m2\repository\org\bouncycastle\bcpkix-jdk15on\1.64\bcpkix-jdk15on-1.64.jar;C:\Users\Suwarna_Wagh\.m2\repository\org\bouncycastle\bcprov-jdk15on\1.64\bcprov-jdk15on-1.64.jar;C:\Users\Suwarna_Wagh\.m2\repository\org\slf4j\jcl-over-slf4j\1.7.30\jcl-over-slf4j-1.7.30.jar;C:\Users\Suwarna_Wagh\.m2\repository\com\github\docker-java\docker-java-transport-httpclient5\3.2.14\docker-java-transport-httpclient5-3.2.14.jar;C:\Users\Suwarna_Wagh\.m2\repository\com\github\docker-java\docker-java-transport\3.2.14\docker-java-transport-3.2.14.jar;C:\Users\Suwarna_Wagh\.m2\repository\net\java\dev\jna\jna\5.12.1\jna-5.12.1.jar;C:\Users\Suwarna_Wagh\.m2\repository\org\brotli\dec\0.1.2\dec-0.1.2.jar;C:\Users\Suwarna_Wagh\.m2\repository\org\apache\commons\commons-lang3\3.12.0\commons-lang3-3.12.0.jar;C:\Users\Suwarna_Wagh\.m2\repository\org\apache\httpcomponents\client5\httpclient5\5.2.1\httpclient5-5.2.1.jar;C:\Users\Suwarna_Wagh\.m2\repository\org\apache\httpcomponents\core5\httpcore5\5.2\httpcore5-5.2.jar;C:\Users\Suwarna_Wagh\.m2\repository\org\apache\httpcomponents\core5\httpcore5-h2\5.2\httpcore5-h2-5.2.jar;C:\Users\Suwarna_Wagh\.m2\repository\org\seleniumhq\selenium\selenium-java\4.8.3\selenium-java-4.8.3.jar;C:\Users\Suwarna_Wagh\.m2\repository\org\seleniumhq\selenium\selenium-api\4.8.3\selenium-api-4.8.3.jar;C:\Users\Suwarna_Wagh\.m2\repository\org\seleniumhq\selenium\selenium-chrome-driver\4.8.3\selenium-chrome-driver-4.8.3.jar;C:\Users\Suwarna_Wagh\.m2\repository\com\google\auto\service\auto-service-annotations\1.0.1\auto-service-annotations-1.0.1.jar;C:\Users\Suwarna_Wagh\.m2\repository\com\google\auto\service\auto-service\1.0.1\auto-service-1.0.1.jar;C:\Users\Suwarna_Wagh\.m2\repository\com\google\auto\auto-common\1.2\auto-common-1.2.jar;C:\Users\Suwarna_Wagh\.m2\repository\org\seleniumhq\selenium\selenium-chromium-driver\4.8.3\selenium-chromium-driver-4.8.3.jar;C:\Users\Suwarna_Wagh\.m2\repository\org\seleniumhq\selenium\selenium-json\4.8.3\selenium-json-4.8.3.jar;C:\Users\Suwarna_Wagh\.m2\repository\org\seleniumhq\selenium\selenium-manager\4.8.3\selenium-manager-4.8.3.jar;C:\Users\Suwarna_Wagh\.m2\repository\org\seleniumhq\selenium\selenium-devtools-v109\4.8.3\selenium-devtools-v109-4.8.3.jar;C:\Users\Suwarna_Wagh\.m2\repository\org\seleniumhq\selenium\selenium-devtools-v110\4.8.3\selenium-devtools-v110-4.8.3.jar;C:\Users\Suwarna_Wagh\.m2\repository\org\seleniumhq\selenium\selenium-devtools-v111\4.8.3\selenium-devtools-v111-4.8.3.jar;C:\Users\Suwarna_Wagh\.m2\repository\org\seleniumhq\selenium\selenium-devtools-v85\4.8.3\selenium-devtools-v85-4.8.3.jar;C:\Users\Suwarna_Wagh\.m2\repository\org\seleniumhq\selenium\selenium-edge-driver\4.8.3\selenium-edge-driver-4.8.3.jar;C:\Users\Suwarna_Wagh\.m2\repository\org\seleniumhq\selenium\selenium-firefox-driver\4.8.3\selenium-firefox-driver-4.8.3.jar;C:\Users\Suwarna_Wagh\.m2\repository\org\seleniumhq\selenium\selenium-http\4.8.3\selenium-http-4.8.3.jar;C:\Users\Suwarna_Wagh\.m2\repository\dev\failsafe\failsafe\3.3.1\failsafe-3.3.1.jar;C:\Users\Suwarna_Wagh\.m2\repository\org\seleniumhq\selenium\selenium-ie-driver\4.8.3\selenium-ie-driver-4.8.3.jar;C:\Users\Suwarna_Wagh\.m2\repository\org\seleniumhq\selenium\selenium-remote-driver\4.8.3\selenium-remote-driver-4.8.3.jar;C:\Users\Suwarna_Wagh\.m2\repository\io\netty\netty-buffer\4.1.90.Final\netty-buffer-4.1.90.Final.jar;C:\Users\Suwarna_Wagh\.m2\repository\io\netty\netty-codec-http\4.1.90.Final\netty-codec-http-4.1.90.Final.jar;C:\Users\Suwarna_Wagh\.m2\repository\io\netty\netty-codec\4.1.90.Final\netty-codec-4.1.90.Final.jar;C:\Users\Suwarna_Wagh\.m2\repository\io\netty\netty-handler\4.1.90.Final\netty-handler-4.1.90.Final.jar;C:\Users\Suwarna_Wagh\.m2\repository\io\netty\netty-common\4.1.90.Final\netty-common-4.1.90.Final.jar;C:\Users\Suwarna_Wagh\.m2\repository\io\netty\netty-transport-classes-epoll\4.1.90.Final\netty-transport-classes-epoll-4.1.90.Final.jar;C:\Users\Suwarna_Wagh\.m2\repository\io\netty\netty-transport-classes-kqueue\4.1.90.Final\netty-transport-classes-kqueue-4.1.90.Final.jar;C:\Users\Suwarna_Wagh\.m2\repository\io\netty\netty-transport-native-epoll\4.1.90.Final\netty-transport-native-epoll-4.1.90.Final.jar;C:\Users\Suwarna_Wagh\.m2\repository\io\netty\netty-transport-native-kqueue\4.1.90.Final\netty-transport-native-kqueue-4.1.90.Final.jar;C:\Users\Suwarna_Wagh\.m2\repository\io\netty\netty-transport-native-unix-common\4.1.90.Final\netty-transport-native-unix-common-4.1.90.Final.jar;C:\Users\Suwarna_Wagh\.m2\repository\io\netty\netty-transport\4.1.90.Final\netty-transport-4.1.90.Final.jar;C:\Users\Suwarna_Wagh\.m2\repository\io\netty\netty-resolver\4.1.90.Final\netty-resolver-4.1.90.Final.jar;C:\Users\Suwarna_Wagh\.m2\repository\io\opentelemetry\opentelemetry-api\1.24.0\opentelemetry-api-1.24.0.jar;C:\Users\Suwarna_Wagh\.m2\repository\io\opentelemetry\opentelemetry-context\1.24.0\opentelemetry-context-1.24.0.jar;C:\Users\Suwarna_Wagh\.m2\repository\io\opentelemetry\opentelemetry-exporter-logging\1.24.0\opentelemetry-exporter-logging-1.24.0.jar;C:\Users\Suwarna_Wagh\.m2\repository\io\opentelemetry\opentelemetry-sdk-metrics\1.24.0\opentelemetry-sdk-metrics-1.24.0.jar;C:\Users\Suwarna_Wagh\.m2\repository\io\opentelemetry\opentelemetry-sdk-logs\1.24.0-alpha\opentelemetry-sdk-logs-1.24.0-alpha.jar;C:\Users\Suwarna_Wagh\.m2\repository\io\opentelemetry\opentelemetry-api-logs\1.24.0-alpha\opentelemetry-api-logs-1.24.0-alpha.jar;C:\Users\Suwarna_Wagh\.m2\repository\io\opentelemetry\opentelemetry-api-events\1.24.0-alpha\opentelemetry-api-events-1.24.0-alpha.jar;C:\Users\Suwarna_Wagh\.m2\repository\io\opentelemetry\opentelemetry-sdk-common\1.24.0\opentelemetry-sdk-common-1.24.0.jar;C:\Users\Suwarna_Wagh\.m2\repository\io\opentelemetry\opentelemetry-sdk-extension-autoconfigure-spi\1.24.0\opentelemetry-sdk-extension-autoconfigure-spi-1.24.0.jar;C:\Users\Suwarna_Wagh\.m2\repository\io\opentelemetry\opentelemetry-sdk-extension-autoconfigure\1.24.0-alpha\opentelemetry-sdk-extension-autoconfigure-1.24.0-alpha.jar;C:\Users\Suwarna_Wagh\.m2\repository\io\opentelemetry\opentelemetry-sdk-trace\1.24.0\opentelemetry-sdk-trace-1.24.0.jar;C:\Users\Suwarna_Wagh\.m2\repository\io\opentelemetry\opentelemetry-sdk\1.24.0\opentelemetry-sdk-1.24.0.jar;C:\Users\Suwarna_Wagh\.m2\repository\io\opentelemetry\opentelemetry-semconv\1.24.0-alpha\opentelemetry-semconv-1.24.0-alpha.jar;C:\Users\Suwarna_Wagh\.m2\repository\io\ous\jtoml\2.0.0\jtoml-2.0.0.jar;C:\Users\Suwarna_Wagh\.m2\repository\org\apache\commons\commons-exec\1.3\commons-exec-1.3.jar;C:\Users\Suwarna_Wagh\.m2\repository\org\asynchttpclient\async-http-client\2.12.3\async-http-client-2.12.3.jar;C:\Users\Suwarna_Wagh\.m2\repository\org\asynchttpclient\async-http-client-netty-utils\2.12.3\async-http-client-netty-utils-2.12.3.jar;C:\Users\Suwarna_Wagh\.m2\repository\io\netty\netty-codec-socks\4.1.60.Final\netty-codec-socks-4.1.60.Final.jar;C:\Users\Suwarna_Wagh\.m2\repository\io\netty\netty-handler-proxy\4.1.60.Final\netty-handler-proxy-4.1.60.Final.jar;C:\Users\Suwarna_Wagh\.m2\repository\io\netty\netty-transport-native-epoll\4.1.60.Final\netty-transport-native-epoll-4.1.60.Final-linux-x86_64.jar;C:\Users\Suwarna_Wagh\.m2\repository\io\netty\netty-transport-native-kqueue\4.1.60.Final\netty-transport-native-kqueue-4.1.60.Final-osx-x86_64.jar;C:\Users\Suwarna_Wagh\.m2\repository\com\typesafe\netty\netty-reactive-streams\2.0.4\netty-reactive-streams-2.0.4.jar;C:\Users\Suwarna_Wagh\.m2\repository\com\sun\activation\jakarta.activation\1.2.2\jakarta.activation-1.2.2.jar;C:\Users\Suwarna_Wagh\.m2\repository\org\seleniumhq\selenium\selenium-safari-driver\4.8.3\selenium-safari-driver-4.8.3.jar;C:\Users\Suwarna_Wagh\.m2\repository\org\seleniumhq\selenium\selenium-support\4.8.3\selenium-support-4.8.3.jar;C:\Users\Suwarna_Wagh\.m2\repository\com\google\guava\guava\31.0.1-jre\guava-31.0.1-jre.jar;C:\Users\Suwarna_Wagh\.m2\repository\com\google\guava\failureaccess\1.0.1\failureaccess-1.0.1.jar;C:\Users\Suwarna_Wagh\.m2\repository\com\google\guava\listenablefuture\9999.0-empty-to-avoid-conflict-with-guava\listenablefuture-9999.0-empty-to-avoid-conflict-with-guava.jar;C:\Users\Suwarna_Wagh\.m2\repository\org\checkerframework\checker-qual\3.12.0\checker-qual-3.12.0.jar;C:\Users\Suwarna_Wagh\.m2\repository\com\google\errorprone\error_prone_annotations\2.7.1\error_prone_annotations-2.7.1.jar;C:\Users\Suwarna_Wagh\.m2\repository\com\google\j2objc\j2objc-annotations\1.3\j2objc-annotations-1.3.jar;C:\Users\Suwarna_Wagh\.m2\repository\io\rest-assured\rest-assured\5.3.0\rest-assured-5.3.0.jar;C:\Users\Suwarna_Wagh\.m2\repository\org\apache\groovy\groovy\4.0.6\groovy-4.0.6.jar;C:\Users\Suwarna_Wagh\.m2\repository\org\apache\groovy\groovy-xml\4.0.6\groovy-xml-4.0.6.jar;C:\Users\Suwarna_Wagh\.m2\repository\org\apache\httpcomponents\httpclient\4.5.13\httpclient-4.5.13.jar;C:\Users\Suwarna_Wagh\.m2\repository\org\apache\httpcomponents\httpcore\4.4.13\httpcore-4.4.13.jar;C:\Users\Suwarna_Wagh\.m2\repository\commons-logging\commons-logging\1.2\commons-logging-1.2.jar;C:\Users\Suwarna_Wagh\.m2\repository\commons-codec\commons-codec\1.11\commons-codec-1.11.jar;C:\Users\Suwarna_Wagh\.m2\repository\org\apache\httpcomponents\httpmime\4.5.13\httpmime-4.5.13.jar;C:\Users\Suwarna_Wagh\.m2\repository\org\hamcrest\hamcrest\2.1\hamcrest-2.1.jar;C:\Users\Suwarna_Wagh\.m2\repository\org\ccil\cowan\tagsoup\tagsoup\1.2.1\tagsoup-1.2.1.jar;C:\Users\Suwarna_Wagh\.m2\repository\io\rest-assured\xml-path\5.3.0\xml-path-5.3.0.jar;C:\Users\Suwarna_Wagh\.m2\repository\io\rest-assured\json-path\5.3.0\json-path-5.3.0.jar;C:\Users\Suwarna_Wagh\.m2\repository\org\apache\groovy\groovy-json\4.0.6\groovy-json-4.0.6.jar;C:\Users\Suwarna_Wagh\.m2\repository\io\rest-assured\rest-assured-common\5.3.0\rest-assured-common-5.3.0.jar;C:\Users\Suwarna_Wagh\.m2\repository\io\rest-assured\json-schema-validator\5.3.0\json-schema-validator-5.3.0.jar;C:\Users\Suwarna_Wagh\.m2\repository\com\github\java-json-tools\json-schema-validator\2.2.14\json-schema-validator-2.2.14.jar;C:\Users\Suwarna_Wagh\.m2\repository\com\github\java-json-tools\jackson-coreutils-equivalence\1.0\jackson-coreutils-equivalence-1.0.jar;C:\Users\Suwarna_Wagh\.m2\repository\com\github\java-json-tools\jackson-coreutils\2.0\jackson-coreutils-2.0.jar;C:\Users\Suwarna_Wagh\.m2\repository\com\github\java-json-tools\msg-simple\1.2\msg-simple-1.2.jar;C:\Users\Suwarna_Wagh\.m2\repository\com\github\java-json-tools\btf\1.3\btf-1.3.jar;C:\Users\Suwarna_Wagh\.m2\repository\com\github\java-json-tools\json-schema-core\1.2.14\json-schema-core-1.2.14.jar;C:\Users\Suwarna_Wagh\.m2\repository\com\github\java-json-tools\uri-template\0.10\uri-template-0.10.jar;C:\Users\Suwarna_Wagh\.m2\repository\org\mozilla\rhino\1.7.7.2\rhino-1.7.7.2.jar;C:\Users\Suwarna_Wagh\.m2\repository\com\sun\mail\mailapi\1.6.2\mailapi-1.6.2.jar;C:\Users\Suwarna_Wagh\.m2\repository\com\googlecode\libphonenumber\libphonenumber\8.11.1\libphonenumber-8.11.1.jar;C:\Users\Suwarna_Wagh\.m2\repository\net\sf\jopt-simple\jopt-simple\5.0.4\jopt-simple-5.0.4.jar;C:\Users\Suwarna_Wagh\.m2\repository\com\aventstack\extentreports\3.0.0\extentreports-3.0.0.jar;C:\Users\Suwarna_Wagh\.m2\repository\org\freemarker\freemarker\2.3.23\freemarker-2.3.23.jar;C:\Users\Suwarna_Wagh\.m2\repository\org\mongodb\mongodb-driver\3.3.0\mongodb-driver-3.3.0.jar;C:\Users\Suwarna_Wagh\.m2\repository\org\mongodb\bson\3.3.0\bson-3.3.0.jar;C:\Users\Suwarna_Wagh\.m2\repository\org\mongodb\mongodb-driver-core\3.3.0\mongodb-driver-core-3.3.0.jar;C:\Users\Suwarna_Wagh\.m2\repository\global\AdvancedTraining\1.0-SNAPSHOT\AdvancedTraining-1.0-SNAPSHOT.jar;C:\Users\Suwarna_Wagh\.m2\repository\org\projectlombok\lombok\1.18.26\lombok-1.18.26.jar;C:\Users\Suwarna_Wagh\.m2\repository\org\modelmapper\modelmapper\3.1.1\modelmapper-3.1.1.jar;C:\Users\Suwarna_Wagh\.m2\repository\com\mashape\unirest\unirest-java\1.4.9\unirest-java-1.4.9.jar;C:\Users\Suwarna_Wagh\.m2\repository\org\apache\httpcomponents\httpasyncclient\4.1.1\httpasyncclient-4.1.1.jar;C:\Users\Suwarna_Wagh\.m2\repository\org\apache\httpcomponents\httpcore-nio\4.4.4\httpcore-nio-4.4.4.jar;C:\Users\Suwarna_Wagh\.m2\repository\org\json\json\20160212\json-20160212.jar;C:\Users\Suwarna_Wagh\.m2\repository\org\junit\jupiter\junit-jupiter-engine\5.9.1\junit-jupiter-engine-5.9.1.jar;C:\Users\Suwarna_Wagh\.m2\repository\org\junit\platform\junit-platform-engine\1.9.1\junit-platform-engine-1.9.1.jar;C:\Users\Suwarna_Wagh\.m2\repository\org\junit\vintage\junit-vintage-engine\5.9.1\junit-vintage-engine-5.9.1.jar;C:\Users\Suwarna_Wagh\.m2\repository\org\testng\testng\7.7.1\testng-7.7.1.jar;C:\Users\Suwarna_Wagh\.m2\repository\com\beust\jcommander\1.82\jcommander-1.82.jar;C:\Users\Suwarna_Wagh\.m2\repository\org\webjars\jquery\3.6.1\jquery-3.6.1.jar;C:\Users\Suwarna_Wagh\.m2\repository\io\cucumber\cucumber-java\7.11.1\cucumber-java-7.11.1.jar;C:\Users\Suwarna_Wagh\.m2\repository\io\cucumber\cucumber-junit\7.11.1\cucumber-junit-7.11.1.jar;C:\Users\Suwarna_Wagh\.m2\repository\io\cucumber\cucumber-core\7.11.1\cucumber-core-7.11.1.jar;C:\Users\Suwarna_Wagh\.m2\repository\io\cucumber\cucumber-gherkin-messages\7.11.1\cucumber-gherkin-messages-7.11.1.jar;C:\Users\Suwarna_Wagh\.m2\repository\io\cucumber\gherkin\26.0.3\gherkin-26.0.3.jar;C:\Users\Suwarna_Wagh\.m2\repository\io\cucumber\messages\21.0.1\messages-21.0.1.jar;C:\Users\Suwarna_Wagh\.m2\repository\io\cucumber\tag-expressions\5.0.1\tag-expressions-5.0.1.jar;C:\Users\Suwarna_Wagh\.m2\repository\io\cucumber\cucumber-expressions\16.1.2\cucumber-expressions-16.1.2.jar;C:\Users\Suwarna_Wagh\.m2\repository\io\cucumber\datatable\7.11.1\datatable-7.11.1.jar;C:\Users\Suwarna_Wagh\.m2\repository\io\cucumber\docstring\7.11.1\docstring-7.11.1.jar;C:\Users\Suwarna_Wagh\.m2\repository\io\cucumber\html-formatter\20.2.1\html-formatter-20.2.1.jar;C:\Users\Suwarna_Wagh\.m2\repository\io\cucumber\junit-xml-formatter\0.1.0\junit-xml-formatter-0.1.0.jar;C:\Users\Suwarna_Wagh\.m2\repository\io\cucumber\ci-environment\9.1.0\ci-environment-9.1.0.jar;C:\Users\Suwarna_Wagh\.m2\repository\io\cucumber\cucumber-gherkin\7.11.1\cucumber-gherkin-7.11.1.jar;C:\Users\Suwarna_Wagh\.m2\repository\io\cucumber\cucumber-java8\7.11.1\cucumber-java8-7.11.1.jar;C:\Users\Suwarna_Wagh\.m2\repository\net\jodah\typetools\0.6.3\typetools-0.6.3.jar;C:\Users\Suwarna_Wagh\.m2\repository\io\cucumber\cucumber-jvm-deps\1.0.6\cucumber-jvm-deps-1.0.6.jar;C:\Users\Suwarna_Wagh\.m2\repository\io\cucumber\cucumber-plugin\7.11.1\cucumber-plugin-7.11.1.jar;C:\Users\Suwarna_Wagh\.m2\repository\net\masterthought\cucumber-reporting\5.7.5\cucumber-reporting-5.7.5.jar;C:\Users\Suwarna_Wagh\.m2\repository\com\fasterxml\jackson\core\jackson-databind\2.13.2.2\jackson-databind-2.13.2.2.jar;C:\Users\Suwarna_Wagh\.m2\repository\com\fasterxml\jackson\core\jackson-annotations\2.13.2\jackson-annotations-2.13.2.jar;C:\Users\Suwarna_Wagh\.m2\repository\com\fasterxml\jackson\core\jackson-core\2.13.2\jackson-core-2.13.2.jar;C:\Users\Suwarna_Wagh\.m2\repository\com\fasterxml\jackson\datatype\jackson-datatype-jsr310\2.13.2\jackson-datatype-jsr310-2.13.2.jar;C:\Users\Suwarna_Wagh\.m2\repository\org\apache\velocity\velocity-engine-core\2.3\velocity-engine-core-2.3.jar;C:\Users\Suwarna_Wagh\.m2\repository\org\apache\commons\commons-collections4\4.4\commons-collections4-4.4.jar;C:\Users\Suwarna_Wagh\.m2\repository\joda-time\joda-time\2.12.2\joda-time-2.12.2.jar;C:\Users\Suwarna_Wagh\.m2\repository\commons-io\commons-io\2.7\commons-io-2.7.jar;C:\Users\Suwarna_Wagh\.m2\repository\org\jsoup\jsoup\1.15.4\jsoup-1.15.4.jar;C:\Users\Suwarna_Wagh\.m2\repository\com\googlecode\owasp-java-html-sanitizer\owasp-java-html-sanitizer\20220608.1\owasp-java-html-sanitizer-20220608.1.jar;C:\Users\Suwarna_Wagh\.m2\repository\commons-configuration\commons-configuration\1.10\commons-configuration-1.10.jar;C:\Users\Suwarna_Wagh\.m2\repository\io\cucumber\datatable-matchers\7.11.1\datatable-matchers-7.11.1.jar;"/>
    <property name="java.vm.vendor" value="Oracle Corporation"/>
    <property name="sun.arch.data.model" value="64"/>
    <property name="user.variant" value=""/>
    <property name="java.vendor.url" value="https://java.oracle.com/"/>
    <property name="user.timezone" value="Europe/Warsaw"/>
    <property name="rp.launch.id" value="4c823775-8996-4e34-90dd-c37cd32ca3ee"/>
    <property name="os.name" value="Windows 10"/>
    <property name="java.vm.specification.version" value="17"/>
    <property name="sun.java.launcher" value="SUN_STANDARD"/>
    <property name="user.country" value="GB"/>
    <property name="sun.boot.library.path" value="C:\Program Files\Java\jdk-17.0.3.1\bin"/>
    <property name="sun.java.command" value="C:\Users\Suwarna_Wagh\AppData\Local\Temp\surefire11283237987401907721\surefirebooter-20230606202422765_3.jar C:\Users\Suwarna_Wagh\AppData\Local\Temp\surefire11283237987401907721 2023-06-06T20-24-22_552-jvmRun1 surefire-20230606202422765_1tmp surefire_0-20230606202422765_2tmp"/>
    <property name="jdk.debug" value="release"/>
    <property name="surefire.test.class.path" value="C:\AdvancedTraining\AutomationFramework\target\test-classes;C:\AdvancedTraining\AutomationFramework\target\classes;C:\Users\Suwarna_Wagh\.m2\repository\org\mockito\mockito-core\4.1.0\mockito-core-4.1.0.jar;C:\Users\Suwarna_Wagh\.m2\repository\net\bytebuddy\byte-buddy\1.12.1\byte-buddy-1.12.1.jar;C:\Users\Suwarna_Wagh\.m2\repository\net\bytebuddy\byte-buddy-agent\1.12.1\byte-buddy-agent-1.12.1.jar;C:\Users\Suwarna_Wagh\.m2\repository\org\objenesis\objenesis\3.2\objenesis-3.2.jar;C:\Users\Suwarna_Wagh\.m2\repository\org\mockito\mockito-all\1.10.19\mockito-all-1.10.19.jar;C:\Users\Suwarna_Wagh\.m2\repository\junit\junit\4.12\junit-4.12.jar;C:\Users\Suwarna_Wagh\.m2\repository\org\hamcrest\hamcrest-core\1.3\hamcrest-core-1.3.jar;C:\Users\Suwarna_Wagh\.m2\repository\org\junit\jupiter\junit-jupiter-api\5.9.1\junit-jupiter-api-5.9.1.jar;C:\Users\Suwarna_Wagh\.m2\repository\org\opentest4j\opentest4j\1.2.0\opentest4j-1.2.0.jar;C:\Users\Suwarna_Wagh\.m2\repository\org\junit\platform\junit-platform-commons\1.9.1\junit-platform-commons-1.9.1.jar;C:\Users\Suwarna_Wagh\.m2\repository\org\apiguardian\apiguardian-api\1.1.2\apiguardian-api-1.1.2.jar;C:\Users\Suwarna_Wagh\.m2\repository\org\assertj\assertj-core\3.24.2\assertj-core-3.24.2.jar;C:\Users\Suwarna_Wagh\.m2\repository\log4j\log4j\1.2.17\log4j-1.2.17.jar;C:\Users\Suwarna_Wagh\.m2\repository\org\sonarsource\scanner\maven\sonar-maven-plugin\3.9.1.2184\sonar-maven-plugin-3.9.1.2184.jar;C:\Users\Suwarna_Wagh\.m2\repository\org\sonatype\plexus\plexus-sec-dispatcher\1.4\plexus-sec-dispatcher-1.4.jar;C:\Users\Suwarna_Wagh\.m2\repository\org\sonatype\plexus\plexus-cipher\1.4\plexus-cipher-1.4.jar;C:\Users\Suwarna_Wagh\.m2\repository\org\codehaus\plexus\plexus-utils\3.2.1\plexus-utils-3.2.1.jar;C:\Users\Suwarna_Wagh\.m2\repository\org\sonarsource\scanner\api\sonar-scanner-api\2.16.2.588\sonar-scanner-api-2.16.2.588.jar;C:\Users\Suwarna_Wagh\.m2\repository\commons-lang\commons-lang\2.6\commons-lang-2.6.jar;C:\Users\Suwarna_Wagh\.m2\repository\com\epam\reportportal\agent-java-testng\5.1.3\agent-java-testng-5.1.3.jar;C:\Users\Suwarna_Wagh\.m2\repository\com\epam\reportportal\client-java\5.1.11\client-java-5.1.11.jar;C:\Users\Suwarna_Wagh\.m2\repository\io\reactivex\rxjava2\rxjava\2.2.10\rxjava-2.2.10.jar;C:\Users\Suwarna_Wagh\.m2\repository\org\reactivestreams\reactive-streams\1.0.2\reactive-streams-1.0.2.jar;C:\Users\Suwarna_Wagh\.m2\repository\com\squareup\retrofit2\retrofit\2.9.0\retrofit-2.9.0.jar;C:\Users\Suwarna_Wagh\.m2\repository\com\squareup\okhttp3\okhttp\3.14.9\okhttp-3.14.9.jar;C:\Users\Suwarna_Wagh\.m2\repository\com\squareup\okio\okio\1.17.2\okio-1.17.2.jar;C:\Users\Suwarna_Wagh\.m2\repository\org\aspectj\aspectjrt\1.9.2\aspectjrt-1.9.2.jar;C:\Users\Suwarna_Wagh\.m2\repository\com\squareup\retrofit2\converter-scalars\2.9.0\converter-scalars-2.9.0.jar;C:\Users\Suwarna_Wagh\.m2\repository\com\squareup\retrofit2\converter-jackson\2.9.0\converter-jackson-2.9.0.jar;C:\Users\Suwarna_Wagh\.m2\repository\com\squareup\retrofit2\adapter-rxjava2\2.9.0\adapter-rxjava2-2.9.0.jar;C:\Users\Suwarna_Wagh\.m2\repository\com\squareup\okhttp3\logging-interceptor\3.14.9\logging-interceptor-3.14.9.jar;C:\Users\Suwarna_Wagh\.m2\repository\org\aspectj\aspectjweaver\1.9.2\aspectjweaver-1.9.2.jar;C:\Users\Suwarna_Wagh\.m2\repository\com\google\code\findbugs\jsr305\3.0.2\jsr305-3.0.2.jar;C:\Users\Suwarna_Wagh\.m2\repository\com\epam\reportportal\commons-model\5.0.0\commons-model-5.0.0.jar;C:\Users\Suwarna_Wagh\.m2\repository\io\swagger\swagger-annotations\1.5.24\swagger-annotations-1.5.24.jar;C:\Users\Suwarna_Wagh\.m2\repository\javax\validation\validation-api\2.0.1.Final\validation-api-2.0.1.Final.jar;C:\Users\Suwarna_Wagh\.m2\repository\org\slf4j\slf4j-api\1.7.36\slf4j-api-1.7.36.jar;C:\Users\Suwarna_Wagh\.m2\repository\com\epam\reportportal\logger-java-logback\5.1.3\logger-java-logback-5.1.3.jar;C:\Users\Suwarna_Wagh\.m2\repository\ch\qos\logback\logback-classic\1.2.11\logback-classic-1.2.11.jar;C:\Users\Suwarna_Wagh\.m2\repository\ch\qos\logback\logback-core\1.2.11\logback-core-1.2.11.jar;C:\Users\Suwarna_Wagh\.m2\repository\com\epam\reportportal\logger-java-log4j\5.1.5\logger-java-log4j-5.1.5.jar;C:\Users\Suwarna_Wagh\.m2\repository\org\apache\logging\log4j\log4j-core\2.17.2\log4j-core-2.17.2.jar;C:\Users\Suwarna_Wagh\.m2\repository\org\apache\logging\log4j\log4j-api\2.17.2\log4j-api-2.17.2.jar;C:\Users\Suwarna_Wagh\.m2\repository\io\github\bonigarcia\webdrivermanager\5.3.2\webdrivermanager-5.3.2.jar;C:\Users\Suwarna_Wagh\.m2\repository\com\google\code\gson\gson\2.10.1\gson-2.10.1.jar;C:\Users\Suwarna_Wagh\.m2\repository\com\github\docker-java\docker-java\3.2.14\docker-java-3.2.14.jar;C:\Users\Suwarna_Wagh\.m2\repository\com\github\docker-java\docker-java-core\3.2.14\docker-java-core-3.2.14.jar;C:\Users\Suwarna_Wagh\.m2\repository\com\github\docker-java\docker-java-api\3.2.14\docker-java-api-3.2.14.jar;C:\Users\Suwarna_Wagh\.m2\repository\org\apache\commons\commons-compress\1.21\commons-compress-1.21.jar;C:\Users\Suwarna_Wagh\.m2\repository\org\bouncycastle\bcpkix-jdk15on\1.64\bcpkix-jdk15on-1.64.jar;C:\Users\Suwarna_Wagh\.m2\repository\org\bouncycastle\bcprov-jdk15on\1.64\bcprov-jdk15on-1.64.jar;C:\Users\Suwarna_Wagh\.m2\repository\org\slf4j\jcl-over-slf4j\1.7.30\jcl-over-slf4j-1.7.30.jar;C:\Users\Suwarna_Wagh\.m2\repository\com\github\docker-java\docker-java-transport-httpclient5\3.2.14\docker-java-transport-httpclient5-3.2.14.jar;C:\Users\Suwarna_Wagh\.m2\repository\com\github\docker-java\docker-java-transport\3.2.14\docker-java-transport-3.2.14.jar;C:\Users\Suwarna_Wagh\.m2\repository\net\java\dev\jna\jna\5.12.1\jna-5.12.1.jar;C:\Users\Suwarna_Wagh\.m2\repository\org\brotli\dec\0.1.2\dec-0.1.2.jar;C:\Users\Suwarna_Wagh\.m2\repository\org\apache\commons\commons-lang3\3.12.0\commons-lang3-3.12.0.jar;C:\Users\Suwarna_Wagh\.m2\repository\org\apache\httpcomponents\client5\httpclient5\5.2.1\httpclient5-5.2.1.jar;C:\Users\Suwarna_Wagh\.m2\repository\org\apache\httpcomponents\core5\httpcore5\5.2\httpcore5-5.2.jar;C:\Users\Suwarna_Wagh\.m2\repository\org\apache\httpcomponents\core5\httpcore5-h2\5.2\httpcore5-h2-5.2.jar;C:\Users\Suwarna_Wagh\.m2\repository\org\seleniumhq\selenium\selenium-java\4.8.3\selenium-java-4.8.3.jar;C:\Users\Suwarna_Wagh\.m2\repository\org\seleniumhq\selenium\selenium-api\4.8.3\selenium-api-4.8.3.jar;C:\Users\Suwarna_Wagh\.m2\repository\org\seleniumhq\selenium\selenium-chrome-driver\4.8.3\selenium-chrome-driver-4.8.3.jar;C:\Users\Suwarna_Wagh\.m2\repository\com\google\auto\service\auto-service-annotations\1.0.1\auto-service-annotations-1.0.1.jar;C:\Users\Suwarna_Wagh\.m2\repository\com\google\auto\service\auto-service\1.0.1\auto-service-1.0.1.jar;C:\Users\Suwarna_Wagh\.m2\repository\com\google\auto\auto-common\1.2\auto-common-1.2.jar;C:\Users\Suwarna_Wagh\.m2\repository\org\seleniumhq\selenium\selenium-chromium-driver\4.8.3\selenium-chromium-driver-4.8.3.jar;C:\Users\Suwarna_Wagh\.m2\repository\org\seleniumhq\selenium\selenium-json\4.8.3\selenium-json-4.8.3.jar;C:\Users\Suwarna_Wagh\.m2\repository\org\seleniumhq\selenium\selenium-manager\4.8.3\selenium-manager-4.8.3.jar;C:\Users\Suwarna_Wagh\.m2\repository\org\seleniumhq\selenium\selenium-devtools-v109\4.8.3\selenium-devtools-v109-4.8.3.jar;C:\Users\Suwarna_Wagh\.m2\repository\org\seleniumhq\selenium\selenium-devtools-v110\4.8.3\selenium-devtools-v110-4.8.3.jar;C:\Users\Suwarna_Wagh\.m2\repository\org\seleniumhq\selenium\selenium-devtools-v111\4.8.3\selenium-devtools-v111-4.8.3.jar;C:\Users\Suwarna_Wagh\.m2\repository\org\seleniumhq\selenium\selenium-devtools-v85\4.8.3\selenium-devtools-v85-4.8.3.jar;C:\Users\Suwarna_Wagh\.m2\repository\org\seleniumhq\selenium\selenium-edge-driver\4.8.3\selenium-edge-driver-4.8.3.jar;C:\Users\Suwarna_Wagh\.m2\repository\org\seleniumhq\selenium\selenium-firefox-driver\4.8.3\selenium-firefox-driver-4.8.3.jar;C:\Users\Suwarna_Wagh\.m2\repository\org\seleniumhq\selenium\selenium-http\4.8.3\selenium-http-4.8.3.jar;C:\Users\Suwarna_Wagh\.m2\repository\dev\failsafe\failsafe\3.3.1\failsafe-3.3.1.jar;C:\Users\Suwarna_Wagh\.m2\repository\org\seleniumhq\selenium\selenium-ie-driver\4.8.3\selenium-ie-driver-4.8.3.jar;C:\Users\Suwarna_Wagh\.m2\repository\org\seleniumhq\selenium\selenium-remote-driver\4.8.3\selenium-remote-driver-4.8.3.jar;C:\Users\Suwarna_Wagh\.m2\repository\io\netty\netty-buffer\4.1.90.Final\netty-buffer-4.1.90.Final.jar;C:\Users\Suwarna_Wagh\.m2\repository\io\netty\netty-codec-http\4.1.90.Final\netty-codec-http-4.1.90.Final.jar;C:\Users\Suwarna_Wagh\.m2\repository\io\netty\netty-codec\4.1.90.Final\netty-codec-4.1.90.Final.jar;C:\Users\Suwarna_Wagh\.m2\repository\io\netty\netty-handler\4.1.90.Final\netty-handler-4.1.90.Final.jar;C:\Users\Suwarna_Wagh\.m2\repository\io\netty\netty-common\4.1.90.Final\netty-common-4.1.90.Final.jar;C:\Users\Suwarna_Wagh\.m2\repository\io\netty\netty-transport-classes-epoll\4.1.90.Final\netty-transport-classes-epoll-4.1.90.Final.jar;C:\Users\Suwarna_Wagh\.m2\repository\io\netty\netty-transport-classes-kqueue\4.1.90.Final\netty-transport-classes-kqueue-4.1.90.Final.jar;C:\Users\Suwarna_Wagh\.m2\repository\io\netty\netty-transport-native-epoll\4.1.90.Final\netty-transport-native-epoll-4.1.90.Final.jar;C:\Users\Suwarna_Wagh\.m2\repository\io\netty\netty-transport-native-kqueue\4.1.90.Final\netty-transport-native-kqueue-4.1.90.Final.jar;C:\Users\Suwarna_Wagh\.m2\repository\io\netty\netty-transport-native-unix-common\4.1.90.Final\netty-transport-native-unix-common-4.1.90.Final.jar;C:\Users\Suwarna_Wagh\.m2\repository\io\netty\netty-transport\4.1.90.Final\netty-transport-4.1.90.Final.jar;C:\Users\Suwarna_Wagh\.m2\repository\io\netty\netty-resolver\4.1.90.Final\netty-resolver-4.1.90.Final.jar;C:\Users\Suwarna_Wagh\.m2\repository\io\opentelemetry\opentelemetry-api\1.24.0\opentelemetry-api-1.24.0.jar;C:\Users\Suwarna_Wagh\.m2\repository\io\opentelemetry\opentelemetry-context\1.24.0\opentelemetry-context-1.24.0.jar;C:\Users\Suwarna_Wagh\.m2\repository\io\opentelemetry\opentelemetry-exporter-logging\1.24.0\opentelemetry-exporter-logging-1.24.0.jar;C:\Users\Suwarna_Wagh\.m2\repository\io\opentelemetry\opentelemetry-sdk-metrics\1.24.0\opentelemetry-sdk-metrics-1.24.0.jar;C:\Users\Suwarna_Wagh\.m2\repository\io\opentelemetry\opentelemetry-sdk-logs\1.24.0-alpha\opentelemetry-sdk-logs-1.24.0-alpha.jar;C:\Users\Suwarna_Wagh\.m2\repository\io\opentelemetry\opentelemetry-api-logs\1.24.0-alpha\opentelemetry-api-logs-1.24.0-alpha.jar;C:\Users\Suwarna_Wagh\.m2\repository\io\opentelemetry\opentelemetry-api-events\1.24.0-alpha\opentelemetry-api-events-1.24.0-alpha.jar;C:\Users\Suwarna_Wagh\.m2\repository\io\opentelemetry\opentelemetry-sdk-common\1.24.0\opentelemetry-sdk-common-1.24.0.jar;C:\Users\Suwarna_Wagh\.m2\repository\io\opentelemetry\opentelemetry-sdk-extension-autoconfigure-spi\1.24.0\opentelemetry-sdk-extension-autoconfigure-spi-1.24.0.jar;C:\Users\Suwarna_Wagh\.m2\repository\io\opentelemetry\opentelemetry-sdk-extension-autoconfigure\1.24.0-alpha\opentelemetry-sdk-extension-autoconfigure-1.24.0-alpha.jar;C:\Users\Suwarna_Wagh\.m2\repository\io\opentelemetry\opentelemetry-sdk-trace\1.24.0\opentelemetry-sdk-trace-1.24.0.jar;C:\Users\Suwarna_Wagh\.m2\repository\io\opentelemetry\opentelemetry-sdk\1.24.0\opentelemetry-sdk-1.24.0.jar;C:\Users\Suwarna_Wagh\.m2\repository\io\opentelemetry\opentelemetry-semconv\1.24.0-alpha\opentelemetry-semconv-1.24.0-alpha.jar;C:\Users\Suwarna_Wagh\.m2\repository\io\ous\jtoml\2.0.0\jtoml-2.0.0.jar;C:\Users\Suwarna_Wagh\.m2\repository\org\apache\commons\commons-exec\1.3\commons-exec-1.3.jar;C:\Users\Suwarna_Wagh\.m2\repository\org\asynchttpclient\async-http-client\2.12.3\async-http-client-2.12.3.jar;C:\Users\Suwarna_Wagh\.m2\repository\org\asynchttpclient\async-http-client-netty-utils\2.12.3\async-http-client-netty-utils-2.12.3.jar;C:\Users\Suwarna_Wagh\.m2\repository\io\netty\netty-codec-socks\4.1.60.Final\netty-codec-socks-4.1.60.Final.jar;C:\Users\Suwarna_Wagh\.m2\repository\io\netty\netty-handler-proxy\4.1.60.Final\netty-handler-proxy-4.1.60.Final.jar;C:\Users\Suwarna_Wagh\.m2\repository\io\netty\netty-transport-native-epoll\4.1.60.Final\netty-transport-native-epoll-4.1.60.Final-linux-x86_64.jar;C:\Users\Suwarna_Wagh\.m2\repository\io\netty\netty-transport-native-kqueue\4.1.60.Final\netty-transport-native-kqueue-4.1.60.Final-osx-x86_64.jar;C:\Users\Suwarna_Wagh\.m2\repository\com\typesafe\netty\netty-reactive-streams\2.0.4\netty-reactive-streams-2.0.4.jar;C:\Users\Suwarna_Wagh\.m2\repository\com\sun\activation\jakarta.activation\1.2.2\jakarta.activation-1.2.2.jar;C:\Users\Suwarna_Wagh\.m2\repository\org\seleniumhq\selenium\selenium-safari-driver\4.8.3\selenium-safari-driver-4.8.3.jar;C:\Users\Suwarna_Wagh\.m2\repository\org\seleniumhq\selenium\selenium-support\4.8.3\selenium-support-4.8.3.jar;C:\Users\Suwarna_Wagh\.m2\repository\com\google\guava\guava\31.0.1-jre\guava-31.0.1-jre.jar;C:\Users\Suwarna_Wagh\.m2\repository\com\google\guava\failureaccess\1.0.1\failureaccess-1.0.1.jar;C:\Users\Suwarna_Wagh\.m2\repository\com\google\guava\listenablefuture\9999.0-empty-to-avoid-conflict-with-guava\listenablefuture-9999.0-empty-to-avoid-conflict-with-guava.jar;C:\Users\Suwarna_Wagh\.m2\repository\org\checkerframework\checker-qual\3.12.0\checker-qual-3.12.0.jar;C:\Users\Suwarna_Wagh\.m2\repository\com\google\errorprone\error_prone_annotations\2.7.1\error_prone_annotations-2.7.1.jar;C:\Users\Suwarna_Wagh\.m2\repository\com\google\j2objc\j2objc-annotations\1.3\j2objc-annotations-1.3.jar;C:\Users\Suwarna_Wagh\.m2\repository\io\rest-assured\rest-assured\5.3.0\rest-assured-5.3.0.jar;C:\Users\Suwarna_Wagh\.m2\repository\org\apache\groovy\groovy\4.0.6\groovy-4.0.6.jar;C:\Users\Suwarna_Wagh\.m2\repository\org\apache\groovy\groovy-xml\4.0.6\groovy-xml-4.0.6.jar;C:\Users\Suwarna_Wagh\.m2\repository\org\apache\httpcomponents\httpclient\4.5.13\httpclient-4.5.13.jar;C:\Users\Suwarna_Wagh\.m2\repository\org\apache\httpcomponents\httpcore\4.4.13\httpcore-4.4.13.jar;C:\Users\Suwarna_Wagh\.m2\repository\commons-logging\commons-logging\1.2\commons-logging-1.2.jar;C:\Users\Suwarna_Wagh\.m2\repository\commons-codec\commons-codec\1.11\commons-codec-1.11.jar;C:\Users\Suwarna_Wagh\.m2\repository\org\apache\httpcomponents\httpmime\4.5.13\httpmime-4.5.13.jar;C:\Users\Suwarna_Wagh\.m2\repository\org\hamcrest\hamcrest\2.1\hamcrest-2.1.jar;C:\Users\Suwarna_Wagh\.m2\repository\org\ccil\cowan\tagsoup\tagsoup\1.2.1\tagsoup-1.2.1.jar;C:\Users\Suwarna_Wagh\.m2\repository\io\rest-assured\xml-path\5.3.0\xml-path-5.3.0.jar;C:\Users\Suwarna_Wagh\.m2\repository\io\rest-assured\json-path\5.3.0\json-path-5.3.0.jar;C:\Users\Suwarna_Wagh\.m2\repository\org\apache\groovy\groovy-json\4.0.6\groovy-json-4.0.6.jar;C:\Users\Suwarna_Wagh\.m2\repository\io\rest-assured\rest-assured-common\5.3.0\rest-assured-common-5.3.0.jar;C:\Users\Suwarna_Wagh\.m2\repository\io\rest-assured\json-schema-validator\5.3.0\json-schema-validator-5.3.0.jar;C:\Users\Suwarna_Wagh\.m2\repository\com\github\java-json-tools\json-schema-validator\2.2.14\json-schema-validator-2.2.14.jar;C:\Users\Suwarna_Wagh\.m2\repository\com\github\java-json-tools\jackson-coreutils-equivalence\1.0\jackson-coreutils-equivalence-1.0.jar;C:\Users\Suwarna_Wagh\.m2\repository\com\github\java-json-tools\jackson-coreutils\2.0\jackson-coreutils-2.0.jar;C:\Users\Suwarna_Wagh\.m2\repository\com\github\java-json-tools\msg-simple\1.2\msg-simple-1.2.jar;C:\Users\Suwarna_Wagh\.m2\repository\com\github\java-json-tools\btf\1.3\btf-1.3.jar;C:\Users\Suwarna_Wagh\.m2\repository\com\github\java-json-tools\json-schema-core\1.2.14\json-schema-core-1.2.14.jar;C:\Users\Suwarna_Wagh\.m2\repository\com\github\java-json-tools\uri-template\0.10\uri-template-0.10.jar;C:\Users\Suwarna_Wagh\.m2\repository\org\mozilla\rhino\1.7.7.2\rhino-1.7.7.2.jar;C:\Users\Suwarna_Wagh\.m2\repository\com\sun\mail\mailapi\1.6.2\mailapi-1.6.2.jar;C:\Users\Suwarna_Wagh\.m2\repository\com\googlecode\libphonenumber\libphonenumber\8.11.1\libphonenumber-8.11.1.jar;C:\Users\Suwarna_Wagh\.m2\repository\net\sf\jopt-simple\jopt-simple\5.0.4\jopt-simple-5.0.4.jar;C:\Users\Suwarna_Wagh\.m2\repository\com\aventstack\extentreports\3.0.0\extentreports-3.0.0.jar;C:\Users\Suwarna_Wagh\.m2\repository\org\freemarker\freemarker\2.3.23\freemarker-2.3.23.jar;C:\Users\Suwarna_Wagh\.m2\repository\org\mongodb\mongodb-driver\3.3.0\mongodb-driver-3.3.0.jar;C:\Users\Suwarna_Wagh\.m2\repository\org\mongodb\bson\3.3.0\bson-3.3.0.jar;C:\Users\Suwarna_Wagh\.m2\repository\org\mongodb\mongodb-driver-core\3.3.0\mongodb-driver-core-3.3.0.jar;C:\Users\Suwarna_Wagh\.m2\repository\global\AdvancedTraining\1.0-SNAPSHOT\AdvancedTraining-1.0-SNAPSHOT.jar;C:\Users\Suwarna_Wagh\.m2\repository\org\projectlombok\lombok\1.18.26\lombok-1.18.26.jar;C:\Users\Suwarna_Wagh\.m2\repository\org\modelmapper\modelmapper\3.1.1\modelmapper-3.1.1.jar;C:\Users\Suwarna_Wagh\.m2\repository\com\mashape\unirest\unirest-java\1.4.9\unirest-java-1.4.9.jar;C:\Users\Suwarna_Wagh\.m2\repository\org\apache\httpcomponents\httpasyncclient\4.1.1\httpasyncclient-4.1.1.jar;C:\Users\Suwarna_Wagh\.m2\repository\org\apache\httpcomponents\httpcore-nio\4.4.4\httpcore-nio-4.4.4.jar;C:\Users\Suwarna_Wagh\.m2\repository\org\json\json\20160212\json-20160212.jar;C:\Users\Suwarna_Wagh\.m2\repository\org\junit\jupiter\junit-jupiter-engine\5.9.1\junit-jupiter-engine-5.9.1.jar;C:\Users\Suwarna_Wagh\.m2\repository\org\junit\platform\junit-platform-engine\1.9.1\junit-platform-engine-1.9.1.jar;C:\Users\Suwarna_Wagh\.m2\repository\org\junit\vintage\junit-vintage-engine\5.9.1\junit-vintage-engine-5.9.1.jar;C:\Users\Suwarna_Wagh\.m2\repository\org\testng\testng\7.7.1\testng-7.7.1.jar;C:\Users\Suwarna_Wagh\.m2\repository\com\beust\jcommander\1.82\jcommander-1.82.jar;C:\Users\Suwarna_Wagh\.m2\repository\org\webjars\jquery\3.6.1\jquery-3.6.1.jar;C:\Users\Suwarna_Wagh\.m2\repository\io\cucumber\cucumber-java\7.11.1\cucumber-java-7.11.1.jar;C:\Users\Suwarna_Wagh\.m2\repository\io\cucumber\cucumber-junit\7.11.1\cucumber-junit-7.11.1.jar;C:\Users\Suwarna_Wagh\.m2\repository\io\cucumber\cucumber-core\7.11.1\cucumber-core-7.11.1.jar;C:\Users\Suwarna_Wagh\.m2\repository\io\cucumber\cucumber-gherkin-messages\7.11.1\cucumber-gherkin-messages-7.11.1.jar;C:\Users\Suwarna_Wagh\.m2\repository\io\cucumber\gherkin\26.0.3\gherkin-26.0.3.jar;C:\Users\Suwarna_Wagh\.m2\repository\io\cucumber\messages\21.0.1\messages-21.0.1.jar;C:\Users\Suwarna_Wagh\.m2\repository\io\cucumber\tag-expressions\5.0.1\tag-expressions-5.0.1.jar;C:\Users\Suwarna_Wagh\.m2\repository\io\cucumber\cucumber-expressions\16.1.2\cucumber-expressions-16.1.2.jar;C:\Users\Suwarna_Wagh\.m2\repository\io\cucumber\datatable\7.11.1\datatable-7.11.1.jar;C:\Users\Suwarna_Wagh\.m2\repository\io\cucumber\docstring\7.11.1\docstring-7.11.1.jar;C:\Users\Suwarna_Wagh\.m2\repository\io\cucumber\html-formatter\20.2.1\html-formatter-20.2.1.jar;C:\Users\Suwarna_Wagh\.m2\repository\io\cucumber\junit-xml-formatter\0.1.0\junit-xml-formatter-0.1.0.jar;C:\Users\Suwarna_Wagh\.m2\repository\io\cucumber\ci-environment\9.1.0\ci-environment-9.1.0.jar;C:\Users\Suwarna_Wagh\.m2\repository\io\cucumber\cucumber-gherkin\7.11.1\cucumber-gherkin-7.11.1.jar;C:\Users\Suwarna_Wagh\.m2\repository\io\cucumber\cucumber-java8\7.11.1\cucumber-java8-7.11.1.jar;C:\Users\Suwarna_Wagh\.m2\repository\net\jodah\typetools\0.6.3\typetools-0.6.3.jar;C:\Users\Suwarna_Wagh\.m2\repository\io\cucumber\cucumber-jvm-deps\1.0.6\cucumber-jvm-deps-1.0.6.jar;C:\Users\Suwarna_Wagh\.m2\repository\io\cucumber\cucumber-plugin\7.11.1\cucumber-plugin-7.11.1.jar;C:\Users\Suwarna_Wagh\.m2\repository\net\masterthought\cucumber-reporting\5.7.5\cucumber-reporting-5.7.5.jar;C:\Users\Suwarna_Wagh\.m2\repository\com\fasterxml\jackson\core\jackson-databind\2.13.2.2\jackson-databind-2.13.2.2.jar;C:\Users\Suwarna_Wagh\.m2\repository\com\fasterxml\jackson\core\jackson-annotations\2.13.2\jackson-annotations-2.13.2.jar;C:\Users\Suwarna_Wagh\.m2\repository\com\fasterxml\jackson\core\jackson-core\2.13.2\jackson-core-2.13.2.jar;C:\Users\Suwarna_Wagh\.m2\repository\com\fasterxml\jackson\datatype\jackson-datatype-jsr310\2.13.2\jackson-datatype-jsr310-2.13.2.jar;C:\Users\Suwarna_Wagh\.m2\repository\org\apache\velocity\velocity-engine-core\2.3\velocity-engine-core-2.3.jar;C:\Users\Suwarna_Wagh\.m2\repository\org\apache\commons\commons-collections4\4.4\commons-collections4-4.4.jar;C:\Users\Suwarna_Wagh\.m2\repository\joda-time\joda-time\2.12.2\joda-time-2.12.2.jar;C:\Users\Suwarna_Wagh\.m2\repository\commons-io\commons-io\2.7\commons-io-2.7.jar;C:\Users\Suwarna_Wagh\.m2\repository\org\jsoup\jsoup\1.15.4\jsoup-1.15.4.jar;C:\Users\Suwarna_Wagh\.m2\repository\com\googlecode\owasp-java-html-sanitizer\owasp-java-html-sanitizer\20220608.1\owasp-java-html-sanitizer-20220608.1.jar;C:\Users\Suwarna_Wagh\.m2\repository\commons-configuration\commons-configuration\1.10\commons-configuration-1.10.jar;C:\Users\Suwarna_Wagh\.m2\repository\io\cucumber\datatable-matchers\7.11.1\datatable-matchers-7.11.1.jar;"/>
    <property name="sun.cpu.endian" value="little"/>
    <property name="user.home" value="C:\Users\Suwarna_Wagh"/>
    <property name="user.language" value="en"/>
    <property name="java.specification.vendor" value="Oracle Corporation"/>
    <property name="java.version.date" value="2022-04-22"/>
    <property name="java.home" value="C:\Program Files\Java\jdk-17.0.3.1"/>
    <property name="file.separator" value="\"/>
    <property name="basedir" value="C:\AdvancedTraining\AutomationFramework"/>
    <property name="java.vm.compressedOopsMode" value="Zero based"/>
    <property name="line.separator" value="&#10;"/>
    <property name="java.vm.specification.vendor" value="Oracle Corporation"/>
    <property name="java.specification.name" value="Java Platform API Specification"/>
    <property name="surefire.real.class.path" value="C:\Users\Suwarna_Wagh\AppData\Local\Temp\surefire11283237987401907721\surefirebooter-20230606202422765_3.jar"/>
    <property name="user.script" value=""/>
    <property name="sun.management.compiler" value="HotSpot 64-Bit Tiered Compilers"/>
    <property name="java.runtime.version" value="17.0.3.1+2-LTS-6"/>
    <property name="user.name" value="Suwarna_Wagh"/>
    <property name="path.separator" value=";"/>
    <property name="os.version" value="10.0"/>
    <property name="java.runtime.name" value="Java(TM) SE Runtime Environment"/>
    <property name="file.encoding" value="Cp1252"/>
    <property name="java.vm.name" value="Java HotSpot(TM) 64-Bit Server VM"/>
    <property name="localRepository" value="C:\Users\Suwarna_Wagh\.m2\repository"/>
    <property name="java.vendor.url.bug" value="https://bugreport.java.com/bugreport/"/>
    <property name="java.io.tmpdir" value="C:\Users\SUWARN~1\AppData\Local\Temp\"/>
    <property name="java.version" value="17.0.3.1"/>
    <property name="user.dir" value="C:\AdvancedTraining\AutomationFramework"/>
    <property name="os.arch" value="amd64"/>
    <property name="java.vm.specification.name" value="Java Virtual Machine Specification"/>
    <property name="sun.os.patch.level" value=""/>
    <property name="native.encoding" value="Cp1252"/>
    <property name="java.library.path" value="C:\Program Files\Java\jdk-17.0.3.1\bin;C:\windows\Sun\Java\bin;C:\windows\system32;C:\windows;C:\Program Files (x86)\Microsoft SDKs\Azure\CLI2\wbin;C:\Program Files\Common Files\Oracle\Java\javapath;C:\windows\system32;C:\windows;C:\windows\System32\Wbem;C:\windows\System32\WindowsPowerShell\v1.0\;C:\windows\System32\OpenSSH\;C:\Program Files\Java\jdk-17.0.3.1\bin;C:\Program Files\Git\cmd;C:\MyApp\Gradle\gradle-7.4.2\bin;C:\MyApp\Kube;C:\Program Files\Docker\Docker\resources\bin;C:\Program Files\Git\bin;C:\Users\Suwarna_Wagh\AppData\Local\Microsoft\WindowsApps;C:\Program Files\JetBrains\IntelliJ IDEA Community Edition 2022.1.2\bin;;C:\Maven\apache-maven-3.9.1\bin;C:\Program Files\Git\bin;;."/>
    <property name="java.vm.info" value="mixed mode, sharing"/>
    <property name="java.vendor" value="Oracle Corporation"/>
    <property name="java.vm.version" value="17.0.3.1+2-LTS-6"/>
    <property name="sun.io.unicode.encoding" value="UnicodeLittle"/>
    <property name="java.class.version" value="61.0"/>
  </properties>
  <testcase name="a_getAllSharedDashboardTest_GET" classname="alltests.apitest.DashboardControllerTest" time="1.987">
    <system-out><![CDATA[20:24:23.621 [main] DEBUG org.testng.TestNG - suiteXmlPath: "C:\AdvancedTraining\AutomationFramework\src\test\resources\testng.xml"
20:24:23.835 [main] DEBUG org.testng.TestNG - suiteXmlPath: "C:\AdvancedTraining\AutomationFramework\src\test\resources\testng_ui.xml"
20:24:24.702 [main] WARN com.epam.reportportal.testng.BaseTestNGListener - WARNING! More than one ReportPortal listener is added
WARNING! More than one ReportPortal listener is added
20:24:24.703 [main] WARN org.testng.TestNG - Ignoring duplicate listener : com.epam.reportportal.testng.ReportPortalTestNGListener
20:24:24.703 [main] WARN org.testng.TestNG - Ignoring duplicate listener : com.epam.reportportal.testng.ReportPortalTestNGListener
20:24:24.703 [main] WARN org.testng.TestNG - Ignoring duplicate listener : utils.Listeners
20:24:24.703 [main] WARN org.testng.TestNG - AnnotationTransformer already set
20:24:25.030 [main] INFO com.epam.reportportal.service.Launch - Rerun: false
20:24:25.346 [rp-io-1] DEBUG com.epam.reportportal.service.Launch - ReportPortal launch with ID '4c823775-8996-4e34-90dd-c37cd32ca3ee' has been created
20:24:25.346 [rp-io-1] DEBUG com.epam.reportportal.utils.SubscriptionUtils - Launch start successfully completed
20:24:26.220 [rp-io-4] DEBUG com.epam.reportportal.service.Launch - ReportPortal item with ID '8cc710f2-599a-46a7-9c9b-ea153c12cd59' has been created
20:24:26.220 [rp-io-4] DEBUG com.epam.reportportal.utils.SubscriptionUtils - Start test item successfully completed
20:24:26.222 [rp-io-6] DEBUG com.epam.reportportal.service.Launch - Starting test item...rp-io-6
2023-06-06 20:24:26 INFO  Listeners:67 - Started Dashboard API Controller Tests
20:24:26.251 [rp-io-8] DEBUG com.epam.reportportal.service.Launch - ReportPortal item with ID '484240a7-01c1-48a4-9855-0625013be27e' has been created
20:24:26.251 [rp-io-8] DEBUG com.epam.reportportal.utils.SubscriptionUtils - Start test item successfully completed
20:24:26.305 [rp-io-9] DEBUG com.epam.reportportal.service.Launch - Starting test item...rp-io-9
2023-06-06 20:24:26 INFO  Listeners:34 - Started Test null
2023-06-06 20:24:26 INFO  DashboardControllerTest:31 - a_getAllSharedDashboardTest_GET
20:24:26.329 [rp-io-11] DEBUG com.epam.reportportal.service.Launch - ReportPortal item with ID 'e7d4bd28-448c-4c84-90ff-85613deb5105' has been created
20:24:26.329 [rp-io-11] DEBUG com.epam.reportportal.utils.SubscriptionUtils - Start test item successfully completed
Request method:	GET
Request URI:	http://localhost:8080/api/v1/AUTOMATIONTESTINGADVANCEDPROGRAM/dashboard/shared
Proxy:			<none>
Request params:	<none>
Query params:	<none>
Form params:	<none>
Path params:	<none>
Headers:		Authorization=Bearer 8bb82a7d-a573-419e-9cce-c2419f308802
				Accept=*/*
				Content-Type=application/json
Cookies:		<none>
Multiparts:		<none>
Body:			<none>
20:24:28.046 [main] DEBUG org.apache.http.impl.conn.BasicClientConnectionManager - Get connection for route {}->http://localhost:8080
20:24:28.058 [main] DEBUG org.apache.http.impl.conn.DefaultClientConnectionOperator - Connecting to localhost:8080
20:24:28.080 [main] DEBUG org.apache.http.client.protocol.RequestAddCookies - CookieSpec selected: ignoreCookies
20:24:28.082 [main] DEBUG org.apache.http.client.protocol.RequestAuthCache - Auth cache not set in the context
20:24:28.082 [main] DEBUG org.apache.http.client.protocol.RequestProxyAuthentication - Proxy auth state: UNCHALLENGED
20:24:28.082 [main] DEBUG org.apache.http.impl.client.DefaultHttpClient - Attempt 1 to execute request
20:24:28.082 [main] DEBUG org.apache.http.impl.conn.DefaultClientConnection - Sending request: GET /api/v1/AUTOMATIONTESTINGADVANCEDPROGRAM/dashboard/shared HTTP/1.1
20:24:28.083 [main] DEBUG org.apache.http.wire -  >> "GET /api/v1/AUTOMATIONTESTINGADVANCEDPROGRAM/dashboard/shared HTTP/1.1[\r][\n]"
20:24:28.084 [main] DEBUG org.apache.http.wire -  >> "Content-Type: application/json[\r][\n]"
20:24:28.084 [main] DEBUG org.apache.http.wire -  >> "Authorization: Bearer 8bb82a7d-a573-419e-9cce-c2419f308802[\r][\n]"
20:24:28.084 [main] DEBUG org.apache.http.wire -  >> "Accept: */*[\r][\n]"
20:24:28.084 [main] DEBUG org.apache.http.wire -  >> "Host: localhost:8080[\r][\n]"
20:24:28.084 [main] DEBUG org.apache.http.wire -  >> "Connection: Keep-Alive[\r][\n]"
20:24:28.084 [main] DEBUG org.apache.http.wire -  >> "User-Agent: Apache-HttpClient/4.5.13 (Java/17.0.3.1)[\r][\n]"
20:24:28.084 [main] DEBUG org.apache.http.wire -  >> "Accept-Encoding: gzip,deflate[\r][\n]"
20:24:28.084 [main] DEBUG org.apache.http.wire -  >> "[\r][\n]"
20:24:28.084 [main] DEBUG org.apache.http.headers - >> GET /api/v1/AUTOMATIONTESTINGADVANCEDPROGRAM/dashboard/shared HTTP/1.1
20:24:28.084 [main] DEBUG org.apache.http.headers - >> Content-Type: application/json
20:24:28.084 [main] DEBUG org.apache.http.headers - >> Authorization: Bearer 8bb82a7d-a573-419e-9cce-c2419f308802
20:24:28.085 [main] DEBUG org.apache.http.headers - >> Accept: */*
20:24:28.085 [main] DEBUG org.apache.http.headers - >> Host: localhost:8080
20:24:28.085 [main] DEBUG org.apache.http.headers - >> Connection: Keep-Alive
20:24:28.085 [main] DEBUG org.apache.http.headers - >> User-Agent: Apache-HttpClient/4.5.13 (Java/17.0.3.1)
20:24:28.085 [main] DEBUG org.apache.http.headers - >> Accept-Encoding: gzip,deflate
20:24:28.100 [main] DEBUG org.apache.http.wire -  << "HTTP/1.1 200 OK[\r][\n]"
20:24:28.102 [main] DEBUG org.apache.http.wire -  << "Cache-Control: no-cache, no-store, max-age=0, must-revalidate[\r][\n]"
20:24:28.102 [main] DEBUG org.apache.http.wire -  << "Content-Type: application/json[\r][\n]"
20:24:28.102 [main] DEBUG org.apache.http.wire -  << "Date: Tue, 06 Jun 2023 18:24:28 GMT[\r][\n]"
20:24:28.102 [main] DEBUG org.apache.http.wire -  << "Expires: 0[\r][\n]"
20:24:28.102 [main] DEBUG org.apache.http.wire -  << "Pragma: no-cache[\r][\n]"
20:24:28.102 [main] DEBUG org.apache.http.wire -  << "X-Content-Type-Options: nosniff[\r][\n]"
20:24:28.102 [main] DEBUG org.apache.http.wire -  << "X-Frame-Options: DENY[\r][\n]"
20:24:28.102 [main] DEBUG org.apache.http.wire -  << "X-Xss-Protection: 1; mode=block[\r][\n]"
20:24:28.102 [main] DEBUG org.apache.http.wire -  << "Content-Length: 165[\r][\n]"
20:24:28.102 [main] DEBUG org.apache.http.wire -  << "[\r][\n]"
20:24:28.103 [main] DEBUG org.apache.http.impl.conn.DefaultClientConnection - Receiving response: HTTP/1.1 200 OK
20:24:28.103 [main] DEBUG org.apache.http.headers - << HTTP/1.1 200 OK
20:24:28.103 [main] DEBUG org.apache.http.headers - << Cache-Control: no-cache, no-store, max-age=0, must-revalidate
20:24:28.103 [main] DEBUG org.apache.http.headers - << Content-Type: application/json
20:24:28.103 [main] DEBUG org.apache.http.headers - << Date: Tue, 06 Jun 2023 18:24:28 GMT
20:24:28.104 [main] DEBUG org.apache.http.headers - << Expires: 0
20:24:28.104 [main] DEBUG org.apache.http.headers - << Pragma: no-cache
20:24:28.104 [main] DEBUG org.apache.http.headers - << X-Content-Type-Options: nosniff
20:24:28.104 [main] DEBUG org.apache.http.headers - << X-Frame-Options: DENY
20:24:28.104 [main] DEBUG org.apache.http.headers - << X-Xss-Protection: 1; mode=block
20:24:28.104 [main] DEBUG org.apache.http.headers - << Content-Length: 165
20:24:28.110 [main] DEBUG org.apache.http.impl.client.DefaultHttpClient - Connection can be kept alive indefinitely
20:24:28.117 [main] DEBUG io.restassured.internal.RestAssuredHttpBuilder - Parsing response as: application/json
20:24:28.118 [main] DEBUG io.restassured.internal.RestAssuredHttpBuilder - Parsed data to instance of: class org.apache.http.conn.EofSensorInputStream
20:24:28.185 [main] DEBUG org.apache.http.wire -  << "{"content":[{"id":"67","name":"DEMO DASHBOARD","owner":"superadmin","description":"Testing purpose"}],"page":{"number":1,"size":20,"totalElements":1,"totalPages":1}}"
20:24:28.186 [main] DEBUG org.apache.http.impl.conn.BasicClientConnectionManager - Releasing connection org.apache.http.impl.conn.ManagedClientConnectionImpl@24fba488
20:24:28.186 [main] DEBUG org.apache.http.impl.conn.BasicClientConnectionManager - Connection can be kept alive indefinitely
HTTP/1.1 200 OK
Cache-Control: no-cache, no-store, max-age=0, must-revalidate
Content-Type: application/json
Date: Tue, 06 Jun 2023 18:24:28 GMT
Expires: 0
Pragma: no-cache
X-Content-Type-Options: nosniff
X-Frame-Options: DENY
X-Xss-Protection: 1; mode=block
Content-Length: 165

{
    "content": [
        {
            "id": "67",
            "name": "DEMO DASHBOARD",
            "owner": "superadmin",
            "description": "Testing purpose"
        }
    ],
    "page": {
        "number": 1,
        "size": 20,
        "totalElements": 1,
        "totalPages": 1
    }
}
2023-06-06 20:24:28 INFO  Listeners:38 - Succeeded Test null
]]></system-out>
  </testcase>
  <testcase name="b_getAllDashboardListTest_GET" classname="alltests.apitest.DashboardControllerTest" time="0.133">
    <system-out><![CDATA[20:24:28.268 [rp-io-14] DEBUG com.epam.reportportal.service.Launch - Starting test item...rp-io-14
2023-06-06 20:24:28 INFO  Listeners:34 - Started Test null
2023-06-06 20:24:28 INFO  DashboardControllerTest:38 - b_getAllDashboardListTest_GET
Request method:	GET
Request URI:	http://localhost:8080/api/v1/AUTOMATIONTESTINGADVANCEDPROGRAM/dashboard
Proxy:			<none>
Request params:	<none>
Query params:	<none>
Form params:	<none>
Path params:	<none>
Headers:		Authorization=Bearer 8bb82a7d-a573-419e-9cce-c2419f308802
				Accept=*/*
				Content-Type=application/json
Cookies:		<none>
Multiparts:		<none>
Body:			<none>
20:24:28.298 [main] DEBUG org.apache.http.impl.conn.BasicClientConnectionManager - Get connection for route {}->http://localhost:8080
20:24:28.299 [main] DEBUG org.apache.http.impl.conn.DefaultClientConnectionOperator - Connecting to localhost:8080
20:24:28.300 [main] DEBUG org.apache.http.client.protocol.RequestAddCookies - CookieSpec selected: ignoreCookies
20:24:28.300 [main] DEBUG org.apache.http.client.protocol.RequestAuthCache - Auth cache not set in the context
20:24:28.300 [main] DEBUG org.apache.http.client.protocol.RequestProxyAuthentication - Proxy auth state: UNCHALLENGED
20:24:28.300 [main] DEBUG org.apache.http.impl.client.DefaultHttpClient - Attempt 1 to execute request
20:24:28.300 [main] DEBUG org.apache.http.impl.conn.DefaultClientConnection - Sending request: GET /api/v1/AUTOMATIONTESTINGADVANCEDPROGRAM/dashboard HTTP/1.1
20:24:28.301 [main] DEBUG org.apache.http.wire -  >> "GET /api/v1/AUTOMATIONTESTINGADVANCEDPROGRAM/dashboard HTTP/1.1[\r][\n]"
20:24:28.301 [main] DEBUG org.apache.http.wire -  >> "Content-Type: application/json[\r][\n]"
20:24:28.301 [main] DEBUG org.apache.http.wire -  >> "Authorization: Bearer 8bb82a7d-a573-419e-9cce-c2419f308802[\r][\n]"
20:24:28.301 [main] DEBUG org.apache.http.wire -  >> "Accept: */*[\r][\n]"
20:24:28.301 [main] DEBUG org.apache.http.wire -  >> "Host: localhost:8080[\r][\n]"
20:24:28.302 [main] DEBUG org.apache.http.wire -  >> "Connection: Keep-Alive[\r][\n]"
20:24:28.302 [main] DEBUG org.apache.http.wire -  >> "User-Agent: Apache-HttpClient/4.5.13 (Java/17.0.3.1)[\r][\n]"
20:24:28.302 [main] DEBUG org.apache.http.wire -  >> "Accept-Encoding: gzip,deflate[\r][\n]"
20:24:28.302 [main] DEBUG org.apache.http.wire -  >> "[\r][\n]"
20:24:28.302 [main] DEBUG org.apache.http.headers - >> GET /api/v1/AUTOMATIONTESTINGADVANCEDPROGRAM/dashboard HTTP/1.1
20:24:28.302 [main] DEBUG org.apache.http.headers - >> Content-Type: application/json
20:24:28.302 [main] DEBUG org.apache.http.headers - >> Authorization: Bearer 8bb82a7d-a573-419e-9cce-c2419f308802
20:24:28.302 [main] DEBUG org.apache.http.headers - >> Accept: */*
20:24:28.302 [main] DEBUG org.apache.http.headers - >> Host: localhost:8080
20:24:28.302 [main] DEBUG org.apache.http.headers - >> Connection: Keep-Alive
20:24:28.302 [main] DEBUG org.apache.http.headers - >> User-Agent: Apache-HttpClient/4.5.13 (Java/17.0.3.1)
20:24:28.302 [main] DEBUG org.apache.http.headers - >> Accept-Encoding: gzip,deflate
20:24:28.307 [rp-io-16] DEBUG com.epam.reportportal.service.Launch - ReportPortal item with ID '4c229c1c-6890-4989-8756-86ad7071b2e0' has been created
20:24:28.307 [rp-io-16] DEBUG com.epam.reportportal.utils.SubscriptionUtils - Start test item successfully completed
20:24:28.315 [rp-io-17] DEBUG com.epam.reportportal.service.Launch - TestItem with ID = 'e7d4bd28-448c-4c84-90ff-85613deb5105' successfully finished.
20:24:28.316 [rp-io-17] DEBUG com.epam.reportportal.utils.SubscriptionUtils - Finish test item completed
20:24:28.321 [main] DEBUG org.apache.http.wire -  << "HTTP/1.1 200 OK[\r][\n]"
20:24:28.321 [main] DEBUG org.apache.http.wire -  << "Cache-Control: no-cache, no-store, max-age=0, must-revalidate[\r][\n]"
20:24:28.321 [main] DEBUG org.apache.http.wire -  << "Content-Type: application/json[\r][\n]"
20:24:28.321 [main] DEBUG org.apache.http.wire -  << "Date: Tue, 06 Jun 2023 18:24:28 GMT[\r][\n]"
20:24:28.321 [main] DEBUG org.apache.http.wire -  << "Expires: 0[\r][\n]"
20:24:28.322 [main] DEBUG org.apache.http.wire -  << "Pragma: no-cache[\r][\n]"
20:24:28.322 [main] DEBUG org.apache.http.wire -  << "X-Content-Type-Options: nosniff[\r][\n]"
20:24:28.322 [main] DEBUG org.apache.http.wire -  << "X-Frame-Options: DENY[\r][\n]"
20:24:28.322 [main] DEBUG org.apache.http.wire -  << "X-Xss-Protection: 1; mode=block[\r][\n]"
20:24:28.322 [main] DEBUG org.apache.http.wire -  << "Transfer-Encoding: chunked[\r][\n]"
20:24:28.322 [main] DEBUG org.apache.http.wire -  << "[\r][\n]"
20:24:28.322 [main] DEBUG org.apache.http.impl.conn.DefaultClientConnection - Receiving response: HTTP/1.1 200 OK
20:24:28.322 [main] DEBUG org.apache.http.headers - << HTTP/1.1 200 OK
20:24:28.322 [main] DEBUG org.apache.http.headers - << Cache-Control: no-cache, no-store, max-age=0, must-revalidate
20:24:28.322 [main] DEBUG org.apache.http.headers - << Content-Type: application/json
20:24:28.322 [main] DEBUG org.apache.http.headers - << Date: Tue, 06 Jun 2023 18:24:28 GMT
20:24:28.322 [main] DEBUG org.apache.http.headers - << Expires: 0
20:24:28.323 [main] DEBUG org.apache.http.headers - << Pragma: no-cache
20:24:28.323 [main] DEBUG org.apache.http.headers - << X-Content-Type-Options: nosniff
20:24:28.323 [main] DEBUG org.apache.http.headers - << X-Frame-Options: DENY
20:24:28.323 [main] DEBUG org.apache.http.headers - << X-Xss-Protection: 1; mode=block
20:24:28.323 [main] DEBUG org.apache.http.headers - << Transfer-Encoding: chunked
20:24:28.327 [main] DEBUG org.apache.http.impl.client.DefaultHttpClient - Connection can be kept alive indefinitely
20:24:28.327 [main] DEBUG io.restassured.internal.RestAssuredHttpBuilder - Parsing response as: application/json
20:24:28.327 [main] DEBUG io.restassured.internal.RestAssuredHttpBuilder - Parsed data to instance of: class org.apache.http.conn.EofSensorInputStream
20:24:28.328 [main] DEBUG org.apache.http.wire -  << "b7a[\r][\n]"
20:24:28.329 [main] DEBUG org.apache.http.wire -  << "{"content":[{"description":"Testing purpose","owner":"superadmin","share":true,"id":67,"name":"DEMO DASHBOARD","widgets":[{"widgetName":"LAUNCH STATISTICS AREA","widgetId":55,"widgetType":"statisticTrend","widgetSize":{"width":6,"height":4},"widgetPosition":{"positionX":0,"positionY":0},"share":true,"widgetOptions":{"zoom":false,"timeline":"launch","viewMode":"area-spline"}},{"widgetName":"LAUNCH STATISTICS BAR","widgetId":56,"widgetType":"statisticTrend","widgetSize":{"width":6,"height":5},"widgetPosition":{"positionX":6,"positionY":0},"share":true,"widgetOptions":{"zoom":false,"timeline":"launch","viewMode":"bar"}},{"widgetName":"INVESTIGATED PERCENTAGE OF LAUNCHES","widgetId":57,"widgetType":"investigatedTrend","widgetSize":{"width":7,"height":5},"widgetPosition":{"positionX":0,"positionY":5},"share":true,"widgetOptions":{"timeline":"launch"}},{"widgetName":"TEST CASES GROWTH TREND CHART","widgetId":58,"widgetType":"casesTrend","widgetSize":{"width":5,"height":5},"widgetPosition":{"positionX":7,"positionY":5},"share":true,"widgetOptions":{}},{"widgetName":"OVERALL STATISTICS PANEL","widgetId":59,"widgetType":"overallStatistics","widgetSize":{"width":5,"height":5},"widgetPosition":{"positionX":0,"positionY":10},"share":true,"widgetOptions":{"latest":false,"viewMode":"panel"}},{"widgetName":"LAUNCHES DURATION CHART","widgetId":60,"widgetType":"launchesDurationChart","widgetSize":{"width":7,"height":5},"widgetPosition":{"positionX":5,"positionY":10},"share":true,"widgetOptions":{"latest":false}},{"widgetName":"OVERALL STATISTICS DONUT","widgetId":61,"widgetType":"overallStatistics","widgetSize":{"width":6,"height":5},"widgetPosition":{"positionX":0,"positionY":15},"share":true,"widgetOptions":{"latest":false,"viewMode":"donut"}},{"widgetName":"FAILED CASES TREND CHART","widgetId":62,"widgetType":"bugTrend","widgetSize":{"width":6,"height":5},"widgetPosition":{"positionX":6,"positionY":15},"share":true,"widgetOptions":{}},{"widgetName":"LAUNCH TABLE","widgetId":63,"widgetType":"launchesTable","widgetSize":{"width":12,"height":4},"widgetPosition":{"positionX":0,"positionY":20},"share":true,"widgetOptions":{}},{"widgetName":"MOST FAILED TEST CASES","widgetId":64,"widgetType":"topTestCases","widgetSize":{"width":7,"height":5},"widgetPosition":{"positionX":0,"positionY":24},"share":true,"widgetOptions":{"includeMethods":false,"launchNameFilter":"Demo Api Tests"}},{"widgetName":"PASSING RATE SUMMARY","widgetId":65,"widgetType":"passingRateSummary","widgetSize":{"width":5,"height":5},"widgetPosition":{"positionX":7,"positionY":24},"share":true,"widgetOptions":{"viewMode":"pie"}},{"widgetName":"FLAKY TEST CASES","widgetId":66,"widgetType":"flakyTestCases","widgetSize":{"width":12,"height":4},"widgetPosition":{"positionX":0,"positionY":29},"share":true,"widgetOptions":{"includeMethods":false,"launchNameFilter":"Demo Api Tests"}}]}],"page":{"number":1,"size":20,"totalElements":1,"totalPages":1}}"
20:24:28.329 [main] DEBUG org.apache.http.wire -  << "[\r][\n]"
20:24:28.329 [main] DEBUG org.apache.http.wire -  << "0[\r][\n]"
20:24:28.330 [main] DEBUG org.apache.http.wire -  << "[\r][\n]"
20:24:28.330 [main] DEBUG org.apache.http.impl.conn.BasicClientConnectionManager - Releasing connection org.apache.http.impl.conn.ManagedClientConnectionImpl@6b8b5020
20:24:28.330 [main] DEBUG org.apache.http.impl.conn.BasicClientConnectionManager - Connection can be kept alive indefinitely
HTTP/1.1 200 OK
Cache-Control: no-cache, no-store, max-age=0, must-revalidate
Content-Type: application/json
Date: Tue, 06 Jun 2023 18:24:28 GMT
Expires: 0
Pragma: no-cache
X-Content-Type-Options: nosniff
X-Frame-Options: DENY
X-Xss-Protection: 1; mode=block
Transfer-Encoding: chunked

{
    "content": [
        {
            "description": "Testing purpose",
            "owner": "superadmin",
            "share": true,
            "id": 67,
            "name": "DEMO DASHBOARD",
            "widgets": [
                {
                    "widgetName": "LAUNCH STATISTICS AREA",
                    "widgetId": 55,
                    "widgetType": "statisticTrend",
                    "widgetSize": {
                        "width": 6,
                        "height": 4
                    },
                    "widgetPosition": {
                        "positionX": 0,
                        "positionY": 0
                    },
                    "share": true,
                    "widgetOptions": {
                        "zoom": false,
                        "timeline": "launch",
                        "viewMode": "area-spline"
                    }
                },
                {
                    "widgetName": "LAUNCH STATISTICS BAR",
                    "widgetId": 56,
                    "widgetType": "statisticTrend",
                    "widgetSize": {
                        "width": 6,
                        "height": 5
                    },
                    "widgetPosition": {
                        "positionX": 6,
                        "positionY": 0
                    },
                    "share": true,
                    "widgetOptions": {
                        "zoom": false,
                        "timeline": "launch",
                        "viewMode": "bar"
                    }
                },
                {
                    "widgetName": "INVESTIGATED PERCENTAGE OF LAUNCHES",
                    "widgetId": 57,
                    "widgetType": "investigatedTrend",
                    "widgetSize": {
                        "width": 7,
                        "height": 5
                    },
                    "widgetPosition": {
                        "positionX": 0,
                        "positionY": 5
                    },
                    "share": true,
                    "widgetOptions": {
                        "timeline": "launch"
                    }
                },
                {
                    "widgetName": "TEST CASES GROWTH TREND CHART",
                    "widgetId": 58,
                    "widgetType": "casesTrend",
                    "widgetSize": {
                        "width": 5,
                        "height": 5
                    },
                    "widgetPosition": {
                        "positionX": 7,
                        "positionY": 5
                    },
                    "share": true,
                    "widgetOptions": {
                        
                    }
                },
                {
                    "widgetName": "OVERALL STATISTICS PANEL",
                    "widgetId": 59,
                    "widgetType": "overallStatistics",
                    "widgetSize": {
                        "width": 5,
                        "height": 5
                    },
                    "widgetPosition": {
                        "positionX": 0,
                        "positionY": 10
                    },
                    "share": true,
                    "widgetOptions": {
                        "latest": false,
                        "viewMode": "panel"
                    }
                },
                {
                    "widgetName": "LAUNCHES DURATION CHART",
                    "widgetId": 60,
                    "widgetType": "launchesDurationChart",
                    "widgetSize": {
                        "width": 7,
                        "height": 5
                    },
                    "widgetPosition": {
                        "positionX": 5,
                        "positionY": 10
                    },
                    "share": true,
                    "widgetOptions": {
                        "latest": false
                    }
                },
                {
                    "widgetName": "OVERALL STATISTICS DONUT",
                    "widgetId": 61,
                    "widgetType": "overallStatistics",
                    "widgetSize": {
                        "width": 6,
                        "height": 5
                    },
                    "widgetPosition": {
                        "positionX": 0,
                        "positionY": 15
                    },
                    "share": true,
                    "widgetOptions": {
                        "latest": false,
                        "viewMode": "donut"
                    }
                },
                {
                    "widgetName": "FAILED CASES TREND CHART",
                    "widgetId": 62,
                    "widgetType": "bugTrend",
                    "widgetSize": {
                        "width": 6,
                        "height": 5
                    },
                    "widgetPosition": {
                        "positionX": 6,
                        "positionY": 15
                    },
                    "share": true,
                    "widgetOptions": {
                        
                    }
                },
                {
                    "widgetName": "LAUNCH TABLE",
                    "widgetId": 63,
                    "widgetType": "launchesTable",
                    "widgetSize": {
                        "width": 12,
                        "height": 4
                    },
                    "widgetPosition": {
                        "positionX": 0,
                        "positionY": 20
                    },
                    "share": true,
                    "widgetOptions": {
                        
                    }
                },
                {
                    "widgetName": "MOST FAILED TEST CASES",
                    "widgetId": 64,
                    "widgetType": "topTestCases",
                    "widgetSize": {
                        "width": 7,
                        "height": 5
                    },
                    "widgetPosition": {
                        "positionX": 0,
                        "positionY": 24
                    },
                    "share": true,
                    "widgetOptions": {
                        "includeMethods": false,
                        "launchNameFilter": "Demo Api Tests"
                    }
                },
                {
                    "widgetName": "PASSING RATE SUMMARY",
                    "widgetId": 65,
                    "widgetType": "passingRateSummary",
                    "widgetSize": {
                        "width": 5,
                        "height": 5
                    },
                    "widgetPosition": {
                        "positionX": 7,
                        "positionY": 24
                    },
                    "share": true,
                    "widgetOptions": {
                        "viewMode": "pie"
                    }
                },
                {
                    "widgetName": "FLAKY TEST CASES",
                    "widgetId": 66,
                    "widgetType": "flakyTestCases",
                    "widgetSize": {
                        "width": 12,
                        "height": 4
                    },
                    "widgetPosition": {
                        "positionX": 0,
                        "positionY": 29
                    },
                    "share": true,
                    "widgetOptions": {
                        "includeMethods": false,
                        "launchNameFilter": "Demo Api Tests"
                    }
                }
            ]
        }
    ],
    "page": {
        "number": 1,
        "size": 20,
        "totalElements": 1,
        "totalPages": 1
    }
}
2023-06-06 20:24:28 INFO  Listeners:38 - Succeeded Test null
]]></system-out>
  </testcase>
  <testcase name="c_getDashboardByIdTest_GET" classname="alltests.apitest.DashboardControllerTest" time="0.098">
    <system-out><![CDATA[2023-06-06 20:24:28 INFO  Listeners:34 - Started Test null
20:24:28.350 [rp-io-21] DEBUG com.epam.reportportal.service.Launch - Starting test item...rp-io-21
2023-06-06 20:24:28 INFO  DashboardControllerTest:45 - c_getDashboardByIdTest_GET
Request method:	GET
Request URI:	http://localhost:8080/api/v1/AUTOMATIONTESTINGADVANCEDPROGRAM/dashboard/67
Proxy:			<none>
Request params:	<none>
Query params:	<none>
Form params:	<none>
Path params:	id=67
Headers:		Authorization=Bearer 8bb82a7d-a573-419e-9cce-c2419f308802
				Accept=*/*
				Content-Type=application/json
Cookies:		<none>
Multiparts:		<none>
Body:			<none>
20:24:28.384 [rp-io-20] DEBUG com.epam.reportportal.service.Launch - TestItem with ID = '4c229c1c-6890-4989-8756-86ad7071b2e0' successfully finished.
20:24:28.384 [rp-io-20] DEBUG com.epam.reportportal.utils.SubscriptionUtils - Finish test item completed
20:24:28.393 [rp-io-23] DEBUG com.epam.reportportal.service.Launch - ReportPortal item with ID '05a785f4-af64-4bab-933f-1d1a707c8569' has been created
20:24:28.394 [rp-io-23] DEBUG com.epam.reportportal.utils.SubscriptionUtils - Start test item successfully completed
20:24:28.403 [main] DEBUG org.apache.http.impl.conn.BasicClientConnectionManager - Get connection for route {}->http://localhost:8080
20:24:28.403 [main] DEBUG org.apache.http.impl.conn.DefaultClientConnectionOperator - Connecting to localhost:8080
20:24:28.405 [main] DEBUG org.apache.http.client.protocol.RequestAddCookies - CookieSpec selected: ignoreCookies
20:24:28.405 [main] DEBUG org.apache.http.client.protocol.RequestAuthCache - Auth cache not set in the context
20:24:28.405 [main] DEBUG org.apache.http.client.protocol.RequestProxyAuthentication - Proxy auth state: UNCHALLENGED
20:24:28.405 [main] DEBUG org.apache.http.impl.client.DefaultHttpClient - Attempt 1 to execute request
20:24:28.405 [main] DEBUG org.apache.http.impl.conn.DefaultClientConnection - Sending request: GET /api/v1/AUTOMATIONTESTINGADVANCEDPROGRAM/dashboard/67 HTTP/1.1
20:24:28.405 [main] DEBUG org.apache.http.wire -  >> "GET /api/v1/AUTOMATIONTESTINGADVANCEDPROGRAM/dashboard/67 HTTP/1.1[\r][\n]"
20:24:28.405 [main] DEBUG org.apache.http.wire -  >> "Content-Type: application/json[\r][\n]"
20:24:28.406 [main] DEBUG org.apache.http.wire -  >> "Authorization: Bearer 8bb82a7d-a573-419e-9cce-c2419f308802[\r][\n]"
20:24:28.406 [main] DEBUG org.apache.http.wire -  >> "Accept: */*[\r][\n]"
20:24:28.406 [main] DEBUG org.apache.http.wire -  >> "Host: localhost:8080[\r][\n]"
20:24:28.406 [main] DEBUG org.apache.http.wire -  >> "Connection: Keep-Alive[\r][\n]"
20:24:28.406 [main] DEBUG org.apache.http.wire -  >> "User-Agent: Apache-HttpClient/4.5.13 (Java/17.0.3.1)[\r][\n]"
20:24:28.406 [main] DEBUG org.apache.http.wire -  >> "Accept-Encoding: gzip,deflate[\r][\n]"
20:24:28.406 [main] DEBUG org.apache.http.wire -  >> "[\r][\n]"
20:24:28.406 [main] DEBUG org.apache.http.headers - >> GET /api/v1/AUTOMATIONTESTINGADVANCEDPROGRAM/dashboard/67 HTTP/1.1
20:24:28.406 [main] DEBUG org.apache.http.headers - >> Content-Type: application/json
20:24:28.406 [main] DEBUG org.apache.http.headers - >> Authorization: Bearer 8bb82a7d-a573-419e-9cce-c2419f308802
20:24:28.406 [main] DEBUG org.apache.http.headers - >> Accept: */*
20:24:28.406 [main] DEBUG org.apache.http.headers - >> Host: localhost:8080
20:24:28.406 [main] DEBUG org.apache.http.headers - >> Connection: Keep-Alive
20:24:28.407 [main] DEBUG org.apache.http.headers - >> User-Agent: Apache-HttpClient/4.5.13 (Java/17.0.3.1)
20:24:28.407 [main] DEBUG org.apache.http.headers - >> Accept-Encoding: gzip,deflate
20:24:28.434 [main] DEBUG org.apache.http.wire -  << "HTTP/1.1 200 OK[\r][\n]"
20:24:28.435 [main] DEBUG org.apache.http.wire -  << "Cache-Control: no-cache, no-store, max-age=0, must-revalidate[\r][\n]"
20:24:28.435 [main] DEBUG org.apache.http.wire -  << "Content-Type: application/json[\r][\n]"
20:24:28.435 [main] DEBUG org.apache.http.wire -  << "Date: Tue, 06 Jun 2023 18:24:28 GMT[\r][\n]"
20:24:28.435 [main] DEBUG org.apache.http.wire -  << "Expires: 0[\r][\n]"
20:24:28.435 [main] DEBUG org.apache.http.wire -  << "Pragma: no-cache[\r][\n]"
20:24:28.435 [main] DEBUG org.apache.http.wire -  << "X-Content-Type-Options: nosniff[\r][\n]"
20:24:28.435 [main] DEBUG org.apache.http.wire -  << "X-Frame-Options: DENY[\r][\n]"
20:24:28.435 [main] DEBUG org.apache.http.wire -  << "X-Xss-Protection: 1; mode=block[\r][\n]"
20:24:28.435 [main] DEBUG org.apache.http.wire -  << "Transfer-Encoding: chunked[\r][\n]"
20:24:28.435 [main] DEBUG org.apache.http.wire -  << "[\r][\n]"
20:24:28.435 [main] DEBUG org.apache.http.impl.conn.DefaultClientConnection - Receiving response: HTTP/1.1 200 OK
20:24:28.435 [main] DEBUG org.apache.http.headers - << HTTP/1.1 200 OK
20:24:28.435 [main] DEBUG org.apache.http.headers - << Cache-Control: no-cache, no-store, max-age=0, must-revalidate
20:24:28.435 [main] DEBUG org.apache.http.headers - << Content-Type: application/json
20:24:28.435 [main] DEBUG org.apache.http.headers - << Date: Tue, 06 Jun 2023 18:24:28 GMT
20:24:28.435 [main] DEBUG org.apache.http.headers - << Expires: 0
20:24:28.436 [main] DEBUG org.apache.http.headers - << Pragma: no-cache
20:24:28.436 [main] DEBUG org.apache.http.headers - << X-Content-Type-Options: nosniff
20:24:28.436 [main] DEBUG org.apache.http.headers - << X-Frame-Options: DENY
20:24:28.436 [main] DEBUG org.apache.http.headers - << X-Xss-Protection: 1; mode=block
20:24:28.436 [main] DEBUG org.apache.http.headers - << Transfer-Encoding: chunked
20:24:28.437 [main] DEBUG org.apache.http.impl.client.DefaultHttpClient - Connection can be kept alive indefinitely
20:24:28.437 [main] DEBUG io.restassured.internal.RestAssuredHttpBuilder - Parsing response as: application/json
20:24:28.437 [main] DEBUG io.restassured.internal.RestAssuredHttpBuilder - Parsed data to instance of: class org.apache.http.conn.EofSensorInputStream
20:24:28.438 [main] DEBUG org.apache.http.wire -  << "b2d[\r][\n]"
20:24:28.439 [main] DEBUG org.apache.http.wire -  << "{"description":"Testing purpose","owner":"superadmin","share":true,"id":67,"name":"DEMO DASHBOARD","widgets":[{"widgetName":"LAUNCH STATISTICS AREA","widgetId":55,"widgetType":"statisticTrend","widgetSize":{"width":6,"height":4},"widgetPosition":{"positionX":0,"positionY":0},"share":true,"widgetOptions":{"zoom":false,"timeline":"launch","viewMode":"area-spline"}},{"widgetName":"LAUNCH STATISTICS BAR","widgetId":56,"widgetType":"statisticTrend","widgetSize":{"width":6,"height":5},"widgetPosition":{"positionX":6,"positionY":0},"share":true,"widgetOptions":{"zoom":false,"timeline":"launch","viewMode":"bar"}},{"widgetName":"INVESTIGATED PERCENTAGE OF LAUNCHES","widgetId":57,"widgetType":"investigatedTrend","widgetSize":{"width":7,"height":5},"widgetPosition":{"positionX":0,"positionY":5},"share":true,"widgetOptions":{"timeline":"launch"}},{"widgetName":"TEST CASES GROWTH TREND CHART","widgetId":58,"widgetType":"casesTrend","widgetSize":{"width":5,"height":5},"widgetPosition":{"positionX":7,"positionY":5},"share":true,"widgetOptions":{}},{"widgetName":"OVERALL STATISTICS PANEL","widgetId":59,"widgetType":"overallStatistics","widgetSize":{"width":5,"height":5},"widgetPosition":{"positionX":0,"positionY":10},"share":true,"widgetOptions":{"latest":false,"viewMode":"panel"}},{"widgetName":"LAUNCHES DURATION CHART","widgetId":60,"widgetType":"launchesDurationChart","widgetSize":{"width":7,"height":5},"widgetPosition":{"positionX":5,"positionY":10},"share":true,"widgetOptions":{"latest":false}},{"widgetName":"OVERALL STATISTICS DONUT","widgetId":61,"widgetType":"overallStatistics","widgetSize":{"width":6,"height":5},"widgetPosition":{"positionX":0,"positionY":15},"share":true,"widgetOptions":{"latest":false,"viewMode":"donut"}},{"widgetName":"FAILED CASES TREND CHART","widgetId":62,"widgetType":"bugTrend","widgetSize":{"width":6,"height":5},"widgetPosition":{"positionX":6,"positionY":15},"share":true,"widgetOptions":{}},{"widgetName":"LAUNCH TABLE","widgetId":63,"widgetType":"launchesTable","widgetSize":{"width":12,"height":4},"widgetPosition":{"positionX":0,"positionY":20},"share":true,"widgetOptions":{}},{"widgetName":"MOST FAILED TEST CASES","widgetId":64,"widgetType":"topTestCases","widgetSize":{"width":7,"height":5},"widgetPosition":{"positionX":0,"positionY":24},"share":true,"widgetOptions":{"includeMethods":false,"launchNameFilter":"Demo Api Tests"}},{"widgetName":"PASSING RATE SUMMARY","widgetId":65,"widgetType":"passingRateSummary","widgetSize":{"width":5,"height":5},"widgetPosition":{"positionX":7,"positionY":24},"share":true,"widgetOptions":{"viewMode":"pie"}},{"widgetName":"FLAKY TEST CASES","widgetId":66,"widgetType":"flakyTestCases","widgetSize":{"width":12,"height":4},"widgetPosition":{"positionX":0,"positionY":29},"share":true,"widgetOptions":{"includeMethods":false,"launchNameFilter":"Demo Api Tests"}}]}"
20:24:28.439 [main] DEBUG org.apache.http.wire -  << "[\r][\n]"
20:24:28.439 [main] DEBUG org.apache.http.wire -  << "0[\r][\n]"
20:24:28.439 [main] DEBUG org.apache.http.wire -  << "[\r][\n]"
20:24:28.439 [main] DEBUG org.apache.http.impl.conn.BasicClientConnectionManager - Releasing connection org.apache.http.impl.conn.ManagedClientConnectionImpl@595f9916
20:24:28.439 [main] DEBUG org.apache.http.impl.conn.BasicClientConnectionManager - Connection can be kept alive indefinitely
HTTP/1.1 200 OK
Cache-Control: no-cache, no-store, max-age=0, must-revalidate
Content-Type: application/json
Date: Tue, 06 Jun 2023 18:24:28 GMT
Expires: 0
Pragma: no-cache
X-Content-Type-Options: nosniff
X-Frame-Options: DENY
X-Xss-Protection: 1; mode=block
Transfer-Encoding: chunked

{
    "description": "Testing purpose",
    "owner": "superadmin",
    "share": true,
    "id": 67,
    "name": "DEMO DASHBOARD",
    "widgets": [
        {
            "widgetName": "LAUNCH STATISTICS AREA",
            "widgetId": 55,
            "widgetType": "statisticTrend",
            "widgetSize": {
                "width": 6,
                "height": 4
            },
            "widgetPosition": {
                "positionX": 0,
                "positionY": 0
            },
            "share": true,
            "widgetOptions": {
                "zoom": false,
                "timeline": "launch",
                "viewMode": "area-spline"
            }
        },
        {
            "widgetName": "LAUNCH STATISTICS BAR",
            "widgetId": 56,
            "widgetType": "statisticTrend",
            "widgetSize": {
                "width": 6,
                "height": 5
            },
            "widgetPosition": {
                "positionX": 6,
                "positionY": 0
            },
            "share": true,
            "widgetOptions": {
                "zoom": false,
                "timeline": "launch",
                "viewMode": "bar"
            }
        },
        {
            "widgetName": "INVESTIGATED PERCENTAGE OF LAUNCHES",
            "widgetId": 57,
            "widgetType": "investigatedTrend",
            "widgetSize": {
                "width": 7,
                "height": 5
            },
            "widgetPosition": {
                "positionX": 0,
                "positionY": 5
            },
            "share": true,
            "widgetOptions": {
                "timeline": "launch"
            }
        },
        {
            "widgetName": "TEST CASES GROWTH TREND CHART",
            "widgetId": 58,
            "widgetType": "casesTrend",
            "widgetSize": {
                "width": 5,
                "height": 5
            },
            "widgetPosition": {
                "positionX": 7,
                "positionY": 5
            },
            "share": true,
            "widgetOptions": {
                
            }
        },
        {
            "widgetName": "OVERALL STATISTICS PANEL",
            "widgetId": 59,
            "widgetType": "overallStatistics",
            "widgetSize": {
                "width": 5,
                "height": 5
            },
            "widgetPosition": {
                "positionX": 0,
                "positionY": 10
            },
            "share": true,
            "widgetOptions": {
                "latest": false,
                "viewMode": "panel"
            }
        },
        {
            "widgetName": "LAUNCHES DURATION CHART",
            "widgetId": 60,
            "widgetType": "launchesDurationChart",
            "widgetSize": {
                "width": 7,
                "height": 5
            },
            "widgetPosition": {
                "positionX": 5,
                "positionY": 10
            },
            "share": true,
            "widgetOptions": {
                "latest": false
            }
        },
        {
            "widgetName": "OVERALL STATISTICS DONUT",
            "widgetId": 61,
            "widgetType": "overallStatistics",
            "widgetSize": {
                "width": 6,
                "height": 5
            },
            "widgetPosition": {
                "positionX": 0,
                "positionY": 15
            },
            "share": true,
            "widgetOptions": {
                "latest": false,
                "viewMode": "donut"
            }
        },
        {
            "widgetName": "FAILED CASES TREND CHART",
            "widgetId": 62,
            "widgetType": "bugTrend",
            "widgetSize": {
                "width": 6,
                "height": 5
            },
            "widgetPosition": {
                "positionX": 6,
                "positionY": 15
            },
            "share": true,
            "widgetOptions": {
                
            }
        },
        {
            "widgetName": "LAUNCH TABLE",
            "widgetId": 63,
            "widgetType": "launchesTable",
            "widgetSize": {
                "width": 12,
                "height": 4
            },
            "widgetPosition": {
                "positionX": 0,
                "positionY": 20
            },
            "share": true,
            "widgetOptions": {
                
            }
        },
        {
            "widgetName": "MOST FAILED TEST CASES",
            "widgetId": 64,
            "widgetType": "topTestCases",
            "widgetSize": {
                "width": 7,
                "height": 5
            },
            "widgetPosition": {
                "positionX": 0,
                "positionY": 24
            },
            "share": true,
            "widgetOptions": {
                "includeMethods": false,
                "launchNameFilter": "Demo Api Tests"
            }
        },
        {
            "widgetName": "PASSING RATE SUMMARY",
            "widgetId": 65,
            "widgetType": "passingRateSummary",
            "widgetSize": {
                "width": 5,
                "height": 5
            },
            "widgetPosition": {
                "positionX": 7,
                "positionY": 24
            },
            "share": true,
            "widgetOptions": {
                "viewMode": "pie"
            }
        },
        {
            "widgetName": "FLAKY TEST CASES",
            "widgetId": 66,
            "widgetType": "flakyTestCases",
            "widgetSize": {
                "width": 12,
                "height": 4
            },
            "widgetPosition": {
                "positionX": 0,
                "positionY": 29
            },
            "share": true,
            "widgetOptions": {
                "includeMethods": false,
                "launchNameFilter": "Demo Api Tests"
            }
        }
    ]
}
2023-06-06 20:24:28 INFO  Listeners:38 - Succeeded Test null
]]></system-out>
  </testcase>
  <testcase name="d_getDashboardByIdThatDoesNotExist_GET" classname="alltests.apitest.DashboardControllerTest" time="1.276">
    <system-out><![CDATA[2023-06-06 20:24:28 INFO  Listeners:34 - Started Test null
2023-06-06 20:24:28 INFO  DashboardControllerTest:52 - getDashboardByIdThatDoesNotExist_GET
20:24:28.455 [rp-io-26] DEBUG com.epam.reportportal.service.Launch - Starting test item...rp-io-26
Request method:	GET
Request URI:	http://localhost:8080/api/v1/AUTOMATIONTESTINGADVANCEDPROGRAM/dashboard/0
Proxy:			<none>
Request params:	<none>
Query params:	<none>
Form params:	<none>
Path params:	id=0
Headers:		Authorization=Bearer 8bb82a7d-a573-419e-9cce-c2419f308802
				Accept=*/*
				Content-Type=application/json
Cookies:		<none>
Multiparts:		<none>
Body:			<none>
20:24:28.477 [main] DEBUG org.apache.http.impl.conn.BasicClientConnectionManager - Get connection for route {}->http://localhost:8080
20:24:28.478 [main] DEBUG org.apache.http.impl.conn.DefaultClientConnectionOperator - Connecting to localhost:8080
20:24:28.479 [main] DEBUG org.apache.http.client.protocol.RequestAddCookies - CookieSpec selected: ignoreCookies
20:24:28.479 [main] DEBUG org.apache.http.client.protocol.RequestAuthCache - Auth cache not set in the context
20:24:28.479 [main] DEBUG org.apache.http.client.protocol.RequestProxyAuthentication - Proxy auth state: UNCHALLENGED
20:24:28.479 [main] DEBUG org.apache.http.impl.client.DefaultHttpClient - Attempt 1 to execute request
20:24:28.479 [main] DEBUG org.apache.http.impl.conn.DefaultClientConnection - Sending request: GET /api/v1/AUTOMATIONTESTINGADVANCEDPROGRAM/dashboard/0 HTTP/1.1
20:24:28.479 [main] DEBUG org.apache.http.wire -  >> "GET /api/v1/AUTOMATIONTESTINGADVANCEDPROGRAM/dashboard/0 HTTP/1.1[\r][\n]"
20:24:28.479 [main] DEBUG org.apache.http.wire -  >> "Content-Type: application/json[\r][\n]"
20:24:28.480 [main] DEBUG org.apache.http.wire -  >> "Authorization: Bearer 8bb82a7d-a573-419e-9cce-c2419f308802[\r][\n]"
20:24:28.480 [main] DEBUG org.apache.http.wire -  >> "Accept: */*[\r][\n]"
20:24:28.480 [main] DEBUG org.apache.http.wire -  >> "Host: localhost:8080[\r][\n]"
20:24:28.480 [main] DEBUG org.apache.http.wire -  >> "Connection: Keep-Alive[\r][\n]"
20:24:28.480 [main] DEBUG org.apache.http.wire -  >> "User-Agent: Apache-HttpClient/4.5.13 (Java/17.0.3.1)[\r][\n]"
20:24:28.480 [main] DEBUG org.apache.http.wire -  >> "Accept-Encoding: gzip,deflate[\r][\n]"
20:24:28.480 [main] DEBUG org.apache.http.wire -  >> "[\r][\n]"
20:24:28.480 [main] DEBUG org.apache.http.headers - >> GET /api/v1/AUTOMATIONTESTINGADVANCEDPROGRAM/dashboard/0 HTTP/1.1
20:24:28.480 [main] DEBUG org.apache.http.headers - >> Content-Type: application/json
20:24:28.481 [main] DEBUG org.apache.http.headers - >> Authorization: Bearer 8bb82a7d-a573-419e-9cce-c2419f308802
20:24:28.481 [main] DEBUG org.apache.http.headers - >> Accept: */*
20:24:28.481 [main] DEBUG org.apache.http.headers - >> Host: localhost:8080
20:24:28.481 [main] DEBUG org.apache.http.headers - >> Connection: Keep-Alive
20:24:28.481 [main] DEBUG org.apache.http.headers - >> User-Agent: Apache-HttpClient/4.5.13 (Java/17.0.3.1)
20:24:28.481 [main] DEBUG org.apache.http.headers - >> Accept-Encoding: gzip,deflate
20:24:28.487 [rp-io-29] DEBUG com.epam.reportportal.service.Launch - ReportPortal item with ID '46c4fd42-b920-4583-98cc-782c37d51b9d' has been created
20:24:28.487 [rp-io-29] DEBUG com.epam.reportportal.utils.SubscriptionUtils - Start test item successfully completed
20:24:28.489 [rp-io-28] DEBUG com.epam.reportportal.service.Launch - TestItem with ID = '05a785f4-af64-4bab-933f-1d1a707c8569' successfully finished.
20:24:28.489 [rp-io-28] DEBUG com.epam.reportportal.utils.SubscriptionUtils - Finish test item completed
20:24:28.494 [main] DEBUG org.apache.http.wire -  << "HTTP/1.1 404 Not Found[\r][\n]"
20:24:28.494 [main] DEBUG org.apache.http.wire -  << "Cache-Control: no-cache, no-store, max-age=0, must-revalidate[\r][\n]"
20:24:28.494 [main] DEBUG org.apache.http.wire -  << "Content-Type: application/json[\r][\n]"
20:24:28.495 [main] DEBUG org.apache.http.wire -  << "Date: Tue, 06 Jun 2023 18:24:28 GMT[\r][\n]"
20:24:28.495 [main] DEBUG org.apache.http.wire -  << "Expires: 0[\r][\n]"
20:24:28.495 [main] DEBUG org.apache.http.wire -  << "Pragma: no-cache[\r][\n]"
20:24:28.495 [main] DEBUG org.apache.http.wire -  << "X-Content-Type-Options: nosniff[\r][\n]"
20:24:28.495 [main] DEBUG org.apache.http.wire -  << "X-Frame-Options: DENY[\r][\n]"
20:24:28.495 [main] DEBUG org.apache.http.wire -  << "X-Xss-Protection: 1; mode=block[\r][\n]"
20:24:28.495 [main] DEBUG org.apache.http.wire -  << "Content-Length: 144[\r][\n]"
20:24:28.495 [main] DEBUG org.apache.http.wire -  << "[\r][\n]"
20:24:28.495 [main] DEBUG org.apache.http.impl.conn.DefaultClientConnection - Receiving response: HTTP/1.1 404 Not Found
20:24:28.495 [main] DEBUG org.apache.http.headers - << HTTP/1.1 404 Not Found
20:24:28.495 [main] DEBUG org.apache.http.headers - << Cache-Control: no-cache, no-store, max-age=0, must-revalidate
20:24:28.495 [main] DEBUG org.apache.http.headers - << Content-Type: application/json
20:24:28.496 [main] DEBUG org.apache.http.headers - << Date: Tue, 06 Jun 2023 18:24:28 GMT
20:24:28.496 [main] DEBUG org.apache.http.headers - << Expires: 0
20:24:28.496 [main] DEBUG org.apache.http.headers - << Pragma: no-cache
20:24:28.496 [main] DEBUG org.apache.http.headers - << X-Content-Type-Options: nosniff
20:24:28.496 [main] DEBUG org.apache.http.headers - << X-Frame-Options: DENY
20:24:28.496 [main] DEBUG org.apache.http.headers - << X-Xss-Protection: 1; mode=block
20:24:28.496 [main] DEBUG org.apache.http.headers - << Content-Length: 144
20:24:28.496 [main] DEBUG org.apache.http.impl.client.DefaultHttpClient - Connection can be kept alive indefinitely
20:24:28.496 [main] DEBUG io.restassured.internal.RestAssuredHttpBuilder - Parsing response as: application/json
20:24:28.496 [main] DEBUG io.restassured.internal.RestAssuredHttpBuilder - Parsed data to instance of: class org.apache.http.conn.EofSensorInputStream
20:24:28.498 [main] DEBUG org.apache.http.wire -  << "{"errorCode":40422,"message":"Dashboard with ID '0' not found on project 'automationtestingadvancedprogram'. Did you use correct Dashboard ID?"}"
20:24:28.498 [main] DEBUG org.apache.http.impl.conn.BasicClientConnectionManager - Releasing connection org.apache.http.impl.conn.ManagedClientConnectionImpl@29d070c7
20:24:28.498 [main] DEBUG org.apache.http.impl.conn.BasicClientConnectionManager - Connection can be kept alive indefinitely
HTTP/1.1 404 Not Found
Cache-Control: no-cache, no-store, max-age=0, must-revalidate
Content-Type: application/json
Date: Tue, 06 Jun 2023 18:24:28 GMT
Expires: 0
Pragma: no-cache
X-Content-Type-Options: nosniff
X-Frame-Options: DENY
X-Xss-Protection: 1; mode=block
Content-Length: 144

{
    "errorCode": 40422,
    "message": "Dashboard with ID '0' not found on project 'automationtestingadvancedprogram'. Did you use correct Dashboard ID?"
}
20:24:28.776 [Finalizer] DEBUG org.apache.http.impl.conn.DefaultClientConnection - Connection 0.0.0.0:59886<->127.0.0.1:8080 closed
20:24:28.777 [Finalizer] DEBUG org.apache.http.impl.conn.DefaultClientConnection - Connection 0.0.0.0:59885<->127.0.0.1:8080 closed
2023-06-06 20:24:29 INFO  Listeners:38 - Succeeded Test null
]]></system-out>
  </testcase>
  <testcase name="e_createNewDashboardWithoutName_POST" classname="alltests.apitest.DashboardControllerTest" time="0.429">
    <system-out><![CDATA[20:24:29.781 [rp-io-33] DEBUG com.epam.reportportal.service.Launch - Starting test item...rp-io-33
2023-06-06 20:24:29 INFO  Listeners:34 - Started Test null
2023-06-06 20:24:29 INFO  DashboardControllerTest:72 - e_createNewDashboardWithoutName_POST
20:24:29.804 [rp-io-32] DEBUG com.epam.reportportal.service.Launch - TestItem with ID = '46c4fd42-b920-4583-98cc-782c37d51b9d' successfully finished.
20:24:29.805 [rp-io-32] DEBUG com.epam.reportportal.utils.SubscriptionUtils - Finish test item completed
20:24:29.808 [rp-io-35] DEBUG com.epam.reportportal.service.Launch - ReportPortal item with ID 'd9e2fab7-bfee-4e38-8aee-c178d9b69475' has been created
20:24:29.809 [rp-io-35] DEBUG com.epam.reportportal.utils.SubscriptionUtils - Start test item successfully completed
Request method:	POST
Request URI:	http://localhost:8080/api/v1/AUTOMATIONTESTINGADVANCEDPROGRAM/dashboard
Proxy:			<none>
Request params:	<none>
Query params:	<none>
Form params:	<none>
Path params:	<none>
Headers:		Authorization=Bearer 8bb82a7d-a573-419e-9cce-c2419f308802
				Accept=*/*
				Content-Type=application/json
Cookies:		<none>
Multiparts:		<none>
Body:
{
    "name": null,
    "description": "And Its already 24th May",
    "shared": true
}
20:24:30.113 [main] DEBUG org.apache.http.impl.conn.BasicClientConnectionManager - Get connection for route {}->http://localhost:8080
20:24:30.113 [main] DEBUG org.apache.http.impl.conn.DefaultClientConnectionOperator - Connecting to localhost:8080
20:24:30.114 [main] DEBUG org.apache.http.client.protocol.RequestAddCookies - CookieSpec selected: ignoreCookies
20:24:30.114 [main] DEBUG org.apache.http.client.protocol.RequestAuthCache - Auth cache not set in the context
20:24:30.114 [main] DEBUG org.apache.http.client.protocol.RequestProxyAuthentication - Proxy auth state: UNCHALLENGED
20:24:30.114 [main] DEBUG org.apache.http.impl.client.DefaultHttpClient - Attempt 1 to execute request
20:24:30.114 [main] DEBUG org.apache.http.impl.conn.DefaultClientConnection - Sending request: POST /api/v1/AUTOMATIONTESTINGADVANCEDPROGRAM/dashboard HTTP/1.1
20:24:30.115 [main] DEBUG org.apache.http.wire -  >> "POST /api/v1/AUTOMATIONTESTINGADVANCEDPROGRAM/dashboard HTTP/1.1[\r][\n]"
20:24:30.115 [main] DEBUG org.apache.http.wire -  >> "Authorization: Bearer 8bb82a7d-a573-419e-9cce-c2419f308802[\r][\n]"
20:24:30.115 [main] DEBUG org.apache.http.wire -  >> "Accept: */*[\r][\n]"
20:24:30.115 [main] DEBUG org.apache.http.wire -  >> "Content-Type: application/json[\r][\n]"
20:24:30.115 [main] DEBUG org.apache.http.wire -  >> "Content-Length: 68[\r][\n]"
20:24:30.115 [main] DEBUG org.apache.http.wire -  >> "Host: localhost:8080[\r][\n]"
20:24:30.115 [main] DEBUG org.apache.http.wire -  >> "Connection: Keep-Alive[\r][\n]"
20:24:30.115 [main] DEBUG org.apache.http.wire -  >> "User-Agent: Apache-HttpClient/4.5.13 (Java/17.0.3.1)[\r][\n]"
20:24:30.115 [main] DEBUG org.apache.http.wire -  >> "Accept-Encoding: gzip,deflate[\r][\n]"
20:24:30.115 [main] DEBUG org.apache.http.wire -  >> "[\r][\n]"
20:24:30.115 [main] DEBUG org.apache.http.headers - >> POST /api/v1/AUTOMATIONTESTINGADVANCEDPROGRAM/dashboard HTTP/1.1
20:24:30.116 [main] DEBUG org.apache.http.headers - >> Authorization: Bearer 8bb82a7d-a573-419e-9cce-c2419f308802
20:24:30.116 [main] DEBUG org.apache.http.headers - >> Accept: */*
20:24:30.116 [main] DEBUG org.apache.http.headers - >> Content-Type: application/json
20:24:30.116 [main] DEBUG org.apache.http.headers - >> Content-Length: 68
20:24:30.116 [main] DEBUG org.apache.http.headers - >> Host: localhost:8080
20:24:30.116 [main] DEBUG org.apache.http.headers - >> Connection: Keep-Alive
20:24:30.116 [main] DEBUG org.apache.http.headers - >> User-Agent: Apache-HttpClient/4.5.13 (Java/17.0.3.1)
20:24:30.116 [main] DEBUG org.apache.http.headers - >> Accept-Encoding: gzip,deflate
20:24:30.117 [main] DEBUG org.apache.http.wire -  >> "{"name":null,"description":"And Its already 24th May","shared":true}"
20:24:30.128 [main] DEBUG org.apache.http.wire -  << "HTTP/1.1 400 Bad Request[\r][\n]"
20:24:30.128 [main] DEBUG org.apache.http.wire -  << "Cache-Control: no-cache, no-store, max-age=0, must-revalidate[\r][\n]"
20:24:30.128 [main] DEBUG org.apache.http.wire -  << "Content-Type: application/json[\r][\n]"
20:24:30.128 [main] DEBUG org.apache.http.wire -  << "Date: Tue, 06 Jun 2023 18:24:29 GMT[\r][\n]"
20:24:30.128 [main] DEBUG org.apache.http.wire -  << "Expires: 0[\r][\n]"
20:24:30.128 [main] DEBUG org.apache.http.wire -  << "Pragma: no-cache[\r][\n]"
20:24:30.128 [main] DEBUG org.apache.http.wire -  << "X-Content-Type-Options: nosniff[\r][\n]"
20:24:30.128 [main] DEBUG org.apache.http.wire -  << "X-Frame-Options: DENY[\r][\n]"
20:24:30.128 [main] DEBUG org.apache.http.wire -  << "X-Xss-Protection: 1; mode=block[\r][\n]"
20:24:30.128 [main] DEBUG org.apache.http.wire -  << "Content-Length: 85[\r][\n]"
20:24:30.128 [main] DEBUG org.apache.http.wire -  << "[\r][\n]"
20:24:30.128 [main] DEBUG org.apache.http.impl.conn.DefaultClientConnection - Receiving response: HTTP/1.1 400 Bad Request
20:24:30.128 [main] DEBUG org.apache.http.headers - << HTTP/1.1 400 Bad Request
20:24:30.128 [main] DEBUG org.apache.http.headers - << Cache-Control: no-cache, no-store, max-age=0, must-revalidate
20:24:30.128 [main] DEBUG org.apache.http.headers - << Content-Type: application/json
20:24:30.128 [main] DEBUG org.apache.http.headers - << Date: Tue, 06 Jun 2023 18:24:29 GMT
20:24:30.128 [main] DEBUG org.apache.http.headers - << Expires: 0
20:24:30.128 [main] DEBUG org.apache.http.headers - << Pragma: no-cache
20:24:30.128 [main] DEBUG org.apache.http.headers - << X-Content-Type-Options: nosniff
20:24:30.128 [main] DEBUG org.apache.http.headers - << X-Frame-Options: DENY
20:24:30.128 [main] DEBUG org.apache.http.headers - << X-Xss-Protection: 1; mode=block
20:24:30.128 [main] DEBUG org.apache.http.headers - << Content-Length: 85
20:24:30.129 [main] DEBUG org.apache.http.impl.client.DefaultHttpClient - Connection can be kept alive indefinitely
20:24:30.129 [main] DEBUG io.restassured.internal.RestAssuredHttpBuilder - Parsing response as: application/json
20:24:30.129 [main] DEBUG io.restassured.internal.RestAssuredHttpBuilder - Parsed data to instance of: class org.apache.http.conn.EofSensorInputStream
20:24:30.131 [main] DEBUG org.apache.http.wire -  << "{"errorCode":4001,"message":"Incorrect Request. [Field 'name' should not be null.] "}"
20:24:30.131 [main] DEBUG org.apache.http.impl.conn.BasicClientConnectionManager - Releasing connection org.apache.http.impl.conn.ManagedClientConnectionImpl@3ff8a3ad
20:24:30.131 [main] DEBUG org.apache.http.impl.conn.BasicClientConnectionManager - Connection can be kept alive indefinitely
HTTP/1.1 400 Bad Request
Cache-Control: no-cache, no-store, max-age=0, must-revalidate
Content-Type: application/json
Date: Tue, 06 Jun 2023 18:24:29 GMT
Expires: 0
Pragma: no-cache
X-Content-Type-Options: nosniff
X-Frame-Options: DENY
X-Xss-Protection: 1; mode=block
Content-Length: 85

{
    "errorCode": 4001,
    "message": "Incorrect Request. [Field 'name' should not be null.] "
}
2023-06-06 20:24:30 INFO  Listeners:38 - Succeeded Test null
]]></system-out>
  </testcase>
  <testcase name="f_createNewDashboardByName_POST" classname="alltests.apitest.DashboardControllerTest" time="0.18">
    <system-out><![CDATA[2023-06-06 20:24:30 INFO  Listeners:34 - Started Test null
20:24:30.174 [rp-io-39] DEBUG com.epam.reportportal.service.Launch - Starting test item...rp-io-39
2023-06-06 20:24:30 INFO  DashboardControllerTest:61 - f_createNewDashboardByName_POST
20:24:30.199 [rp-io-38] DEBUG com.epam.reportportal.service.Launch - TestItem with ID = 'd9e2fab7-bfee-4e38-8aee-c178d9b69475' successfully finished.
20:24:30.199 [rp-io-38] DEBUG com.epam.reportportal.utils.SubscriptionUtils - Finish test item completed
Request method:	POST
Request URI:	http://localhost:8080/api/v1/AUTOMATIONTESTINGADVANCEDPROGRAM/dashboard
Proxy:			<none>
Request params:	<none>
Query params:	<none>
Form params:	<none>
Path params:	<none>
Headers:		Authorization=Bearer 8bb82a7d-a573-419e-9cce-c2419f308802
				Accept=*/*
				Content-Type=application/json
Cookies:		<none>
Multiparts:		<none>
Body:
{
    "name": "QAT Dashboard A02",
    "description": "QAT Dashboard description A02",
    "shared": true
}
20:24:30.202 [rp-io-41] DEBUG com.epam.reportportal.service.Launch - ReportPortal item with ID 'c45647ef-43d9-4186-8b56-833aac1931fd' has been created
20:24:30.202 [rp-io-41] DEBUG com.epam.reportportal.utils.SubscriptionUtils - Start test item successfully completed
20:24:30.216 [main] DEBUG org.apache.http.impl.conn.BasicClientConnectionManager - Get connection for route {}->http://localhost:8080
20:24:30.216 [main] DEBUG org.apache.http.impl.conn.DefaultClientConnectionOperator - Connecting to localhost:8080
20:24:30.217 [main] DEBUG org.apache.http.client.protocol.RequestAddCookies - CookieSpec selected: ignoreCookies
20:24:30.218 [main] DEBUG org.apache.http.client.protocol.RequestAuthCache - Auth cache not set in the context
20:24:30.218 [main] DEBUG org.apache.http.client.protocol.RequestProxyAuthentication - Proxy auth state: UNCHALLENGED
20:24:30.218 [main] DEBUG org.apache.http.impl.client.DefaultHttpClient - Attempt 1 to execute request
20:24:30.218 [main] DEBUG org.apache.http.impl.conn.DefaultClientConnection - Sending request: POST /api/v1/AUTOMATIONTESTINGADVANCEDPROGRAM/dashboard HTTP/1.1
20:24:30.218 [main] DEBUG org.apache.http.wire -  >> "POST /api/v1/AUTOMATIONTESTINGADVANCEDPROGRAM/dashboard HTTP/1.1[\r][\n]"
20:24:30.218 [main] DEBUG org.apache.http.wire -  >> "Authorization: Bearer 8bb82a7d-a573-419e-9cce-c2419f308802[\r][\n]"
20:24:30.218 [main] DEBUG org.apache.http.wire -  >> "Accept: */*[\r][\n]"
20:24:30.218 [main] DEBUG org.apache.http.wire -  >> "Content-Type: application/json[\r][\n]"
20:24:30.218 [main] DEBUG org.apache.http.wire -  >> "Content-Length: 88[\r][\n]"
20:24:30.218 [main] DEBUG org.apache.http.wire -  >> "Host: localhost:8080[\r][\n]"
20:24:30.219 [main] DEBUG org.apache.http.wire -  >> "Connection: Keep-Alive[\r][\n]"
20:24:30.219 [main] DEBUG org.apache.http.wire -  >> "User-Agent: Apache-HttpClient/4.5.13 (Java/17.0.3.1)[\r][\n]"
20:24:30.219 [main] DEBUG org.apache.http.wire -  >> "Accept-Encoding: gzip,deflate[\r][\n]"
20:24:30.219 [main] DEBUG org.apache.http.wire -  >> "[\r][\n]"
20:24:30.219 [main] DEBUG org.apache.http.headers - >> POST /api/v1/AUTOMATIONTESTINGADVANCEDPROGRAM/dashboard HTTP/1.1
20:24:30.219 [main] DEBUG org.apache.http.headers - >> Authorization: Bearer 8bb82a7d-a573-419e-9cce-c2419f308802
20:24:30.219 [main] DEBUG org.apache.http.headers - >> Accept: */*
20:24:30.219 [main] DEBUG org.apache.http.headers - >> Content-Type: application/json
20:24:30.219 [main] DEBUG org.apache.http.headers - >> Content-Length: 88
20:24:30.219 [main] DEBUG org.apache.http.headers - >> Host: localhost:8080
20:24:30.219 [main] DEBUG org.apache.http.headers - >> Connection: Keep-Alive
20:24:30.219 [main] DEBUG org.apache.http.headers - >> User-Agent: Apache-HttpClient/4.5.13 (Java/17.0.3.1)
20:24:30.219 [main] DEBUG org.apache.http.headers - >> Accept-Encoding: gzip,deflate
20:24:30.219 [main] DEBUG org.apache.http.wire -  >> "{"name":"QAT Dashboard A02","description":"QAT Dashboard description A02","shared":true}"
20:24:30.263 [main] DEBUG org.apache.http.wire -  << "HTTP/1.1 201 Created[\r][\n]"
20:24:30.263 [main] DEBUG org.apache.http.wire -  << "Cache-Control: no-cache, no-store, max-age=0, must-revalidate[\r][\n]"
20:24:30.263 [main] DEBUG org.apache.http.wire -  << "Content-Type: application/json[\r][\n]"
20:24:30.263 [main] DEBUG org.apache.http.wire -  << "Date: Tue, 06 Jun 2023 18:24:29 GMT[\r][\n]"
20:24:30.263 [main] DEBUG org.apache.http.wire -  << "Expires: 0[\r][\n]"
20:24:30.263 [main] DEBUG org.apache.http.wire -  << "Pragma: no-cache[\r][\n]"
20:24:30.264 [main] DEBUG org.apache.http.wire -  << "X-Content-Type-Options: nosniff[\r][\n]"
20:24:30.264 [main] DEBUG org.apache.http.wire -  << "X-Frame-Options: DENY[\r][\n]"
20:24:30.264 [main] DEBUG org.apache.http.wire -  << "X-Xss-Protection: 1; mode=block[\r][\n]"
20:24:30.264 [main] DEBUG org.apache.http.wire -  << "Content-Length: 10[\r][\n]"
20:24:30.264 [main] DEBUG org.apache.http.wire -  << "[\r][\n]"
20:24:30.264 [main] DEBUG org.apache.http.impl.conn.DefaultClientConnection - Receiving response: HTTP/1.1 201 Created
20:24:30.264 [main] DEBUG org.apache.http.headers - << HTTP/1.1 201 Created
20:24:30.264 [main] DEBUG org.apache.http.headers - << Cache-Control: no-cache, no-store, max-age=0, must-revalidate
20:24:30.264 [main] DEBUG org.apache.http.headers - << Content-Type: application/json
20:24:30.264 [main] DEBUG org.apache.http.headers - << Date: Tue, 06 Jun 2023 18:24:29 GMT
20:24:30.264 [main] DEBUG org.apache.http.headers - << Expires: 0
20:24:30.264 [main] DEBUG org.apache.http.headers - << Pragma: no-cache
20:24:30.264 [main] DEBUG org.apache.http.headers - << X-Content-Type-Options: nosniff
20:24:30.264 [main] DEBUG org.apache.http.headers - << X-Frame-Options: DENY
20:24:30.264 [main] DEBUG org.apache.http.headers - << X-Xss-Protection: 1; mode=block
20:24:30.264 [main] DEBUG org.apache.http.headers - << Content-Length: 10
20:24:30.264 [main] DEBUG org.apache.http.impl.client.DefaultHttpClient - Connection can be kept alive indefinitely
20:24:30.265 [main] DEBUG io.restassured.internal.RestAssuredHttpBuilder - Parsing response as: application/json
20:24:30.265 [main] DEBUG io.restassured.internal.RestAssuredHttpBuilder - Parsed data to instance of: class org.apache.http.conn.EofSensorInputStream
20:24:30.267 [main] DEBUG org.apache.http.wire -  << "{"id":109}"
20:24:30.267 [main] DEBUG org.apache.http.impl.conn.BasicClientConnectionManager - Releasing connection org.apache.http.impl.conn.ManagedClientConnectionImpl@4ffa7041
20:24:30.267 [main] DEBUG org.apache.http.impl.conn.BasicClientConnectionManager - Connection can be kept alive indefinitely
HTTP/1.1 201 Created
Cache-Control: no-cache, no-store, max-age=0, must-revalidate
Content-Type: application/json
Date: Tue, 06 Jun 2023 18:24:29 GMT
Expires: 0
Pragma: no-cache
X-Content-Type-Options: nosniff
X-Frame-Options: DENY
X-Xss-Protection: 1; mode=block
Content-Length: 10

{
    "id": 109
}
2023-06-06 20:24:30 INFO  Listeners:38 - Succeeded Test null
]]></system-out>
  </testcase>
  <testcase name="g_createDuplicateDashboard_POST" classname="alltests.apitest.DashboardControllerTest" time="0.047">
    <system-out><![CDATA[2023-06-06 20:24:30 INFO  Listeners:34 - Started Test null
20:24:30.292 [rp-io-45] DEBUG com.epam.reportportal.service.Launch - Starting test item...rp-io-45
2023-06-06 20:24:30 INFO  DashboardControllerTest:82 - g_createDuplicateDashboard_POST
Request method:	POST
Request URI:	http://localhost:8080/api/v1/AUTOMATIONTESTINGADVANCEDPROGRAM/dashboard
Proxy:			<none>
Request params:	<none>
Query params:	<none>
Form params:	<none>
Path params:	<none>
Headers:		Authorization=Bearer 8bb82a7d-a573-419e-9cce-c2419f308802
				Accept=*/*
				Content-Type=application/json
Cookies:		<none>
Multiparts:		<none>
Body:
{
    "name": "QAT Dashboard A02",
    "description": "QAT Dashboard description A02",
    "shared": true
}
20:24:30.320 [main] DEBUG org.apache.http.impl.conn.BasicClientConnectionManager - Get connection for route {}->http://localhost:8080
20:24:30.321 [main] DEBUG org.apache.http.impl.conn.DefaultClientConnectionOperator - Connecting to localhost:8080
20:24:30.322 [main] DEBUG org.apache.http.client.protocol.RequestAddCookies - CookieSpec selected: ignoreCookies
20:24:30.322 [main] DEBUG org.apache.http.client.protocol.RequestAuthCache - Auth cache not set in the context
20:24:30.322 [main] DEBUG org.apache.http.client.protocol.RequestProxyAuthentication - Proxy auth state: UNCHALLENGED
20:24:30.322 [main] DEBUG org.apache.http.impl.client.DefaultHttpClient - Attempt 1 to execute request
20:24:30.322 [main] DEBUG org.apache.http.impl.conn.DefaultClientConnection - Sending request: POST /api/v1/AUTOMATIONTESTINGADVANCEDPROGRAM/dashboard HTTP/1.1
20:24:30.322 [main] DEBUG org.apache.http.wire -  >> "POST /api/v1/AUTOMATIONTESTINGADVANCEDPROGRAM/dashboard HTTP/1.1[\r][\n]"
20:24:30.323 [main] DEBUG org.apache.http.wire -  >> "Authorization: Bearer 8bb82a7d-a573-419e-9cce-c2419f308802[\r][\n]"
20:24:30.323 [main] DEBUG org.apache.http.wire -  >> "Accept: */*[\r][\n]"
20:24:30.323 [main] DEBUG org.apache.http.wire -  >> "Content-Type: application/json[\r][\n]"
20:24:30.323 [main] DEBUG org.apache.http.wire -  >> "Content-Length: 88[\r][\n]"
20:24:30.323 [main] DEBUG org.apache.http.wire -  >> "Host: localhost:8080[\r][\n]"
20:24:30.323 [main] DEBUG org.apache.http.wire -  >> "Connection: Keep-Alive[\r][\n]"
20:24:30.323 [main] DEBUG org.apache.http.wire -  >> "User-Agent: Apache-HttpClient/4.5.13 (Java/17.0.3.1)[\r][\n]"
20:24:30.323 [main] DEBUG org.apache.http.wire -  >> "Accept-Encoding: gzip,deflate[\r][\n]"
20:24:30.323 [main] DEBUG org.apache.http.wire -  >> "[\r][\n]"
20:24:30.323 [main] DEBUG org.apache.http.headers - >> POST /api/v1/AUTOMATIONTESTINGADVANCEDPROGRAM/dashboard HTTP/1.1
20:24:30.323 [main] DEBUG org.apache.http.headers - >> Authorization: Bearer 8bb82a7d-a573-419e-9cce-c2419f308802
20:24:30.323 [main] DEBUG org.apache.http.headers - >> Accept: */*
20:24:30.323 [main] DEBUG org.apache.http.headers - >> Content-Type: application/json
20:24:30.323 [main] DEBUG org.apache.http.headers - >> Content-Length: 88
20:24:30.323 [main] DEBUG org.apache.http.headers - >> Host: localhost:8080
20:24:30.323 [main] DEBUG org.apache.http.headers - >> Connection: Keep-Alive
20:24:30.323 [main] DEBUG org.apache.http.headers - >> User-Agent: Apache-HttpClient/4.5.13 (Java/17.0.3.1)
20:24:30.323 [main] DEBUG org.apache.http.headers - >> Accept-Encoding: gzip,deflate
20:24:30.323 [main] DEBUG org.apache.http.wire -  >> "{"name":"QAT Dashboard A02","description":"QAT Dashboard description A02","shared":true}"
20:24:30.323 [rp-io-47] DEBUG com.epam.reportportal.service.Launch - ReportPortal item with ID 'ec54c0f0-c17d-40a7-80c1-20c57f34744c' has been created
20:24:30.323 [rp-io-47] DEBUG com.epam.reportportal.utils.SubscriptionUtils - Start test item successfully completed
20:24:30.330 [rp-io-44] DEBUG com.epam.reportportal.service.Launch - TestItem with ID = 'c45647ef-43d9-4186-8b56-833aac1931fd' successfully finished.
20:24:30.330 [rp-io-44] DEBUG com.epam.reportportal.utils.SubscriptionUtils - Finish test item completed
20:24:30.342 [main] DEBUG org.apache.http.wire -  << "HTTP/1.1 409 Conflict[\r][\n]"
20:24:30.342 [main] DEBUG org.apache.http.wire -  << "Cache-Control: no-cache, no-store, max-age=0, must-revalidate[\r][\n]"
20:24:30.342 [main] DEBUG org.apache.http.wire -  << "Content-Type: application/json[\r][\n]"
20:24:30.342 [main] DEBUG org.apache.http.wire -  << "Date: Tue, 06 Jun 2023 18:24:29 GMT[\r][\n]"
20:24:30.342 [main] DEBUG org.apache.http.wire -  << "Expires: 0[\r][\n]"
20:24:30.342 [main] DEBUG org.apache.http.wire -  << "Pragma: no-cache[\r][\n]"
20:24:30.342 [main] DEBUG org.apache.http.wire -  << "X-Content-Type-Options: nosniff[\r][\n]"
20:24:30.342 [main] DEBUG org.apache.http.wire -  << "X-Frame-Options: DENY[\r][\n]"
20:24:30.342 [main] DEBUG org.apache.http.wire -  << "X-Xss-Protection: 1; mode=block[\r][\n]"
20:24:30.342 [main] DEBUG org.apache.http.wire -  << "Content-Length: 110[\r][\n]"
20:24:30.342 [main] DEBUG org.apache.http.wire -  << "[\r][\n]"
20:24:30.342 [main] DEBUG org.apache.http.impl.conn.DefaultClientConnection - Receiving response: HTTP/1.1 409 Conflict
20:24:30.343 [main] DEBUG org.apache.http.headers - << HTTP/1.1 409 Conflict
20:24:30.343 [main] DEBUG org.apache.http.headers - << Cache-Control: no-cache, no-store, max-age=0, must-revalidate
20:24:30.343 [main] DEBUG org.apache.http.headers - << Content-Type: application/json
20:24:30.343 [main] DEBUG org.apache.http.headers - << Date: Tue, 06 Jun 2023 18:24:29 GMT
20:24:30.343 [main] DEBUG org.apache.http.headers - << Expires: 0
20:24:30.343 [main] DEBUG org.apache.http.headers - << Pragma: no-cache
20:24:30.343 [main] DEBUG org.apache.http.headers - << X-Content-Type-Options: nosniff
20:24:30.343 [main] DEBUG org.apache.http.headers - << X-Frame-Options: DENY
20:24:30.343 [main] DEBUG org.apache.http.headers - << X-Xss-Protection: 1; mode=block
20:24:30.343 [main] DEBUG org.apache.http.headers - << Content-Length: 110
20:24:30.343 [main] DEBUG org.apache.http.impl.client.DefaultHttpClient - Connection can be kept alive indefinitely
20:24:30.344 [main] DEBUG io.restassured.internal.RestAssuredHttpBuilder - Parsing response as: application/json
20:24:30.344 [main] DEBUG io.restassured.internal.RestAssuredHttpBuilder - Parsed data to instance of: class org.apache.http.conn.EofSensorInputStream
20:24:30.345 [main] DEBUG org.apache.http.wire -  << "{"errorCode":4091,"message":"Resource 'QAT Dashboard A02' already exists. You couldn't create the duplicate."}"
20:24:30.345 [main] DEBUG org.apache.http.impl.conn.BasicClientConnectionManager - Releasing connection org.apache.http.impl.conn.ManagedClientConnectionImpl@9f1ca74
20:24:30.345 [main] DEBUG org.apache.http.impl.conn.BasicClientConnectionManager - Connection can be kept alive indefinitely
HTTP/1.1 409 Conflict
Cache-Control: no-cache, no-store, max-age=0, must-revalidate
Content-Type: application/json
Date: Tue, 06 Jun 2023 18:24:29 GMT
Expires: 0
Pragma: no-cache
X-Content-Type-Options: nosniff
X-Frame-Options: DENY
X-Xss-Protection: 1; mode=block
Content-Length: 110

{
    "errorCode": 4091,
    "message": "Resource 'QAT Dashboard A02' already exists. You couldn't create the duplicate."
}
20:24:30.389 [Finalizer] DEBUG org.apache.http.impl.conn.DefaultClientConnection - Connection 0.0.0.0:59888<->127.0.0.1:8080 closed
20:24:30.389 [Finalizer] DEBUG org.apache.http.impl.conn.DefaultClientConnection - Connection 0.0.0.0:59889<->127.0.0.1:8080 closed
2023-06-06 20:24:30 INFO  Listeners:38 - Succeeded Test null
]]></system-out>
  </testcase>
  <testcase name="h_updateDashboardNameRQ_UPDATE" classname="alltests.apitest.DashboardControllerTest" time="0.069">
    <system-out><![CDATA[2023-06-06 20:24:30 INFO  Listeners:34 - Started Test null
20:24:30.405 [rp-io-50] DEBUG com.epam.reportportal.service.Launch - Starting test item...rp-io-50
2023-06-06 20:24:30 INFO  DashboardControllerTest:92 - h_updateDashboardNameRQ_UPDATE
20:24:30.434 [rp-io-52] DEBUG com.epam.reportportal.service.Launch - TestItem with ID = 'ec54c0f0-c17d-40a7-80c1-20c57f34744c' successfully finished.
20:24:30.434 [rp-io-52] DEBUG com.epam.reportportal.utils.SubscriptionUtils - Finish test item completed
Request method:	PUT
Request URI:	http://localhost:8080/api/v1/AUTOMATIONTESTINGADVANCEDPROGRAM/dashboard/109
Proxy:			<none>
Request params:	<none>
Query params:	<none>
Form params:	<none>
Path params:	id=109
Headers:		Authorization=Bearer 8bb82a7d-a573-419e-9cce-c2419f308802
				Accept=*/*
				Content-Type=application/json
Cookies:		<none>
Multiparts:		<none>
Body:
{
    "name": "Updated QAT Dashboard A02 to A03",
    "description": "Updated Dashboard A02 description updated to A03",
    "shared": true
}
20:24:30.448 [rp-io-53] DEBUG com.epam.reportportal.service.Launch - ReportPortal item with ID '7f1e3e28-30c7-4dec-a6c1-5659b7b1d2d4' has been created
20:24:30.448 [rp-io-53] DEBUG com.epam.reportportal.utils.SubscriptionUtils - Start test item successfully completed
20:24:30.460 [main] DEBUG org.apache.http.impl.conn.BasicClientConnectionManager - Get connection for route {}->http://localhost:8080
20:24:30.460 [main] DEBUG org.apache.http.impl.conn.DefaultClientConnectionOperator - Connecting to localhost:8080
20:24:30.461 [main] DEBUG org.apache.http.client.protocol.RequestAddCookies - CookieSpec selected: ignoreCookies
20:24:30.461 [main] DEBUG org.apache.http.client.protocol.RequestAuthCache - Auth cache not set in the context
20:24:30.461 [main] DEBUG org.apache.http.client.protocol.RequestProxyAuthentication - Proxy auth state: UNCHALLENGED
20:24:30.461 [main] DEBUG org.apache.http.impl.client.DefaultHttpClient - Attempt 1 to execute request
20:24:30.462 [main] DEBUG org.apache.http.impl.conn.DefaultClientConnection - Sending request: PUT /api/v1/AUTOMATIONTESTINGADVANCEDPROGRAM/dashboard/109 HTTP/1.1
20:24:30.462 [main] DEBUG org.apache.http.wire -  >> "PUT /api/v1/AUTOMATIONTESTINGADVANCEDPROGRAM/dashboard/109 HTTP/1.1[\r][\n]"
20:24:30.462 [main] DEBUG org.apache.http.wire -  >> "Authorization: Bearer 8bb82a7d-a573-419e-9cce-c2419f308802[\r][\n]"
20:24:30.462 [main] DEBUG org.apache.http.wire -  >> "Accept: */*[\r][\n]"
20:24:30.462 [main] DEBUG org.apache.http.wire -  >> "Content-Type: application/json[\r][\n]"
20:24:30.462 [main] DEBUG org.apache.http.wire -  >> "Content-Length: 122[\r][\n]"
20:24:30.462 [main] DEBUG org.apache.http.wire -  >> "Host: localhost:8080[\r][\n]"
20:24:30.463 [main] DEBUG org.apache.http.wire -  >> "Connection: Keep-Alive[\r][\n]"
20:24:30.463 [main] DEBUG org.apache.http.wire -  >> "User-Agent: Apache-HttpClient/4.5.13 (Java/17.0.3.1)[\r][\n]"
20:24:30.463 [main] DEBUG org.apache.http.wire -  >> "Accept-Encoding: gzip,deflate[\r][\n]"
20:24:30.463 [main] DEBUG org.apache.http.wire -  >> "[\r][\n]"
20:24:30.463 [main] DEBUG org.apache.http.headers - >> PUT /api/v1/AUTOMATIONTESTINGADVANCEDPROGRAM/dashboard/109 HTTP/1.1
20:24:30.463 [main] DEBUG org.apache.http.headers - >> Authorization: Bearer 8bb82a7d-a573-419e-9cce-c2419f308802
20:24:30.463 [main] DEBUG org.apache.http.headers - >> Accept: */*
20:24:30.463 [main] DEBUG org.apache.http.headers - >> Content-Type: application/json
20:24:30.463 [main] DEBUG org.apache.http.headers - >> Content-Length: 122
20:24:30.463 [main] DEBUG org.apache.http.headers - >> Host: localhost:8080
20:24:30.463 [main] DEBUG org.apache.http.headers - >> Connection: Keep-Alive
20:24:30.463 [main] DEBUG org.apache.http.headers - >> User-Agent: Apache-HttpClient/4.5.13 (Java/17.0.3.1)
20:24:30.463 [main] DEBUG org.apache.http.headers - >> Accept-Encoding: gzip,deflate
20:24:30.463 [main] DEBUG org.apache.http.wire -  >> "{"name":"Updated QAT Dashboard A02 to A03","description":"Updated Dashboard A02 description updated to A03","shared":true}"
20:24:30.479 [main] DEBUG org.apache.http.wire -  << "HTTP/1.1 200 OK[\r][\n]"
20:24:30.479 [main] DEBUG org.apache.http.wire -  << "Cache-Control: no-cache, no-store, max-age=0, must-revalidate[\r][\n]"
20:24:30.479 [main] DEBUG org.apache.http.wire -  << "Content-Type: application/json[\r][\n]"
20:24:30.479 [main] DEBUG org.apache.http.wire -  << "Date: Tue, 06 Jun 2023 18:24:29 GMT[\r][\n]"
20:24:30.479 [main] DEBUG org.apache.http.wire -  << "Expires: 0[\r][\n]"
20:24:30.479 [main] DEBUG org.apache.http.wire -  << "Pragma: no-cache[\r][\n]"
20:24:30.479 [main] DEBUG org.apache.http.wire -  << "X-Content-Type-Options: nosniff[\r][\n]"
20:24:30.479 [main] DEBUG org.apache.http.wire -  << "X-Frame-Options: DENY[\r][\n]"
20:24:30.479 [main] DEBUG org.apache.http.wire -  << "X-Xss-Protection: 1; mode=block[\r][\n]"
20:24:30.479 [main] DEBUG org.apache.http.wire -  << "Content-Length: 60[\r][\n]"
20:24:30.479 [main] DEBUG org.apache.http.wire -  << "[\r][\n]"
20:24:30.479 [main] DEBUG org.apache.http.impl.conn.DefaultClientConnection - Receiving response: HTTP/1.1 200 OK
20:24:30.480 [main] DEBUG org.apache.http.headers - << HTTP/1.1 200 OK
20:24:30.480 [main] DEBUG org.apache.http.headers - << Cache-Control: no-cache, no-store, max-age=0, must-revalidate
20:24:30.480 [main] DEBUG org.apache.http.headers - << Content-Type: application/json
20:24:30.480 [main] DEBUG org.apache.http.headers - << Date: Tue, 06 Jun 2023 18:24:29 GMT
20:24:30.480 [main] DEBUG org.apache.http.headers - << Expires: 0
20:24:30.480 [main] DEBUG org.apache.http.headers - << Pragma: no-cache
20:24:30.480 [main] DEBUG org.apache.http.headers - << X-Content-Type-Options: nosniff
20:24:30.480 [main] DEBUG org.apache.http.headers - << X-Frame-Options: DENY
20:24:30.480 [main] DEBUG org.apache.http.headers - << X-Xss-Protection: 1; mode=block
20:24:30.480 [main] DEBUG org.apache.http.headers - << Content-Length: 60
20:24:30.480 [main] DEBUG org.apache.http.impl.client.DefaultHttpClient - Connection can be kept alive indefinitely
20:24:30.480 [main] DEBUG io.restassured.internal.RestAssuredHttpBuilder - Parsing response as: application/json
20:24:30.480 [main] DEBUG io.restassured.internal.RestAssuredHttpBuilder - Parsed data to instance of: class org.apache.http.conn.EofSensorInputStream
20:24:30.482 [main] DEBUG org.apache.http.wire -  << "{"message":"Dashboard with ID = '109' successfully updated"}"
20:24:30.483 [main] DEBUG org.apache.http.impl.conn.BasicClientConnectionManager - Releasing connection org.apache.http.impl.conn.ManagedClientConnectionImpl@789dd6bf
20:24:30.483 [main] DEBUG org.apache.http.impl.conn.BasicClientConnectionManager - Connection can be kept alive indefinitely
HTTP/1.1 200 OK
Cache-Control: no-cache, no-store, max-age=0, must-revalidate
Content-Type: application/json
Date: Tue, 06 Jun 2023 18:24:29 GMT
Expires: 0
Pragma: no-cache
X-Content-Type-Options: nosniff
X-Frame-Options: DENY
X-Xss-Protection: 1; mode=block
Content-Length: 60

{
    "message": "Dashboard with ID = '109' successfully updated"
}
2023-06-06 20:24:30 INFO  Listeners:38 - Succeeded Test null
]]></system-out>
  </testcase>
  <testcase name="i_updateDashboardNameRQ_PATCH" classname="alltests.apitest.DashboardControllerTest" time="0.079">
    <system-out><![CDATA[2023-06-06 20:24:30 INFO  Listeners:34 - Started Test null
2023-06-06 20:24:30 INFO  DashboardControllerTest:99 - i_updateDashboardNameRQ_PATCH
20:24:30.488 [rp-io-57] DEBUG com.epam.reportportal.service.Launch - Starting test item...rp-io-57
Request method:	PATCH
Request URI:	http://localhost:8080/api/v1/AUTOMATIONTESTINGADVANCEDPROGRAM/dashboard/109
Proxy:			<none>
Request params:	<none>
Query params:	<none>
Form params:	<none>
Path params:	id=109
Headers:		Authorization=Bearer 8bb82a7d-a573-419e-9cce-c2419f308802
				Accept=*/*
				Content-Type=application/json
Cookies:		<none>
Multiparts:		<none>
Body:
{
    "name": "Updated QAT Dashboard A03 to A04",
    "description": null,
    "shared": false
}
20:24:30.516 [rp-io-56] DEBUG com.epam.reportportal.service.Launch - TestItem with ID = '7f1e3e28-30c7-4dec-a6c1-5659b7b1d2d4' successfully finished.
20:24:30.517 [rp-io-56] DEBUG com.epam.reportportal.utils.SubscriptionUtils - Finish test item completed
20:24:30.519 [main] DEBUG org.apache.http.impl.conn.BasicClientConnectionManager - Get connection for route {}->http://localhost:8080
20:24:30.519 [main] DEBUG org.apache.http.impl.conn.DefaultClientConnectionOperator - Connecting to localhost:8080
20:24:30.520 [main] DEBUG org.apache.http.client.protocol.RequestAddCookies - CookieSpec selected: ignoreCookies
20:24:30.520 [main] DEBUG org.apache.http.client.protocol.RequestAuthCache - Auth cache not set in the context
20:24:30.520 [main] DEBUG org.apache.http.client.protocol.RequestProxyAuthentication - Proxy auth state: UNCHALLENGED
20:24:30.521 [main] DEBUG org.apache.http.impl.client.DefaultHttpClient - Attempt 1 to execute request
20:24:30.521 [main] DEBUG org.apache.http.impl.conn.DefaultClientConnection - Sending request: PATCH /api/v1/AUTOMATIONTESTINGADVANCEDPROGRAM/dashboard/109 HTTP/1.1
20:24:30.521 [main] DEBUG org.apache.http.wire -  >> "PATCH /api/v1/AUTOMATIONTESTINGADVANCEDPROGRAM/dashboard/109 HTTP/1.1[\r][\n]"
20:24:30.521 [main] DEBUG org.apache.http.wire -  >> "Authorization: Bearer 8bb82a7d-a573-419e-9cce-c2419f308802[\r][\n]"
20:24:30.521 [rp-io-59] DEBUG com.epam.reportportal.service.Launch - ReportPortal item with ID '5176f592-426c-4344-8f18-6625f85eafc4' has been created
20:24:30.521 [main] DEBUG org.apache.http.wire -  >> "Accept: */*[\r][\n]"
20:24:30.521 [rp-io-59] DEBUG com.epam.reportportal.utils.SubscriptionUtils - Start test item successfully completed
20:24:30.521 [main] DEBUG org.apache.http.wire -  >> "Content-Type: application/json[\r][\n]"
20:24:30.521 [main] DEBUG org.apache.http.wire -  >> "Content-Length: 77[\r][\n]"
20:24:30.521 [main] DEBUG org.apache.http.wire -  >> "Host: localhost:8080[\r][\n]"
20:24:30.521 [main] DEBUG org.apache.http.wire -  >> "Connection: Keep-Alive[\r][\n]"
20:24:30.521 [main] DEBUG org.apache.http.wire -  >> "User-Agent: Apache-HttpClient/4.5.13 (Java/17.0.3.1)[\r][\n]"
20:24:30.521 [main] DEBUG org.apache.http.wire -  >> "Accept-Encoding: gzip,deflate[\r][\n]"
20:24:30.521 [main] DEBUG org.apache.http.wire -  >> "[\r][\n]"
20:24:30.521 [main] DEBUG org.apache.http.headers - >> PATCH /api/v1/AUTOMATIONTESTINGADVANCEDPROGRAM/dashboard/109 HTTP/1.1
20:24:30.521 [main] DEBUG org.apache.http.headers - >> Authorization: Bearer 8bb82a7d-a573-419e-9cce-c2419f308802
20:24:30.521 [main] DEBUG org.apache.http.headers - >> Accept: */*
20:24:30.521 [main] DEBUG org.apache.http.headers - >> Content-Type: application/json
20:24:30.521 [main] DEBUG org.apache.http.headers - >> Content-Length: 77
20:24:30.521 [main] DEBUG org.apache.http.headers - >> Host: localhost:8080
20:24:30.521 [main] DEBUG org.apache.http.headers - >> Connection: Keep-Alive
20:24:30.521 [main] DEBUG org.apache.http.headers - >> User-Agent: Apache-HttpClient/4.5.13 (Java/17.0.3.1)
20:24:30.521 [main] DEBUG org.apache.http.headers - >> Accept-Encoding: gzip,deflate
20:24:30.521 [main] DEBUG org.apache.http.wire -  >> "{"name":"Updated QAT Dashboard A03 to A04","description":null,"shared":false}"
20:24:30.532 [main] DEBUG org.apache.http.wire -  << "HTTP/1.1 405 Method Not Allowed[\r][\n]"
20:24:30.532 [main] DEBUG org.apache.http.wire -  << "Allow: GET, PUT, DELETE[\r][\n]"
20:24:30.532 [main] DEBUG org.apache.http.wire -  << "Cache-Control: no-cache, no-store, max-age=0, must-revalidate[\r][\n]"
20:24:30.532 [main] DEBUG org.apache.http.wire -  << "Content-Type: application/json[\r][\n]"
20:24:30.532 [main] DEBUG org.apache.http.wire -  << "Date: Tue, 06 Jun 2023 18:24:29 GMT[\r][\n]"
20:24:30.532 [main] DEBUG org.apache.http.wire -  << "Expires: 0[\r][\n]"
20:24:30.532 [main] DEBUG org.apache.http.wire -  << "Pragma: no-cache[\r][\n]"
20:24:30.532 [main] DEBUG org.apache.http.wire -  << "X-Content-Type-Options: nosniff[\r][\n]"
20:24:30.532 [main] DEBUG org.apache.http.wire -  << "X-Frame-Options: DENY[\r][\n]"
20:24:30.532 [main] DEBUG org.apache.http.wire -  << "X-Xss-Protection: 1; mode=block[\r][\n]"
20:24:30.532 [main] DEBUG org.apache.http.wire -  << "Content-Length: 129[\r][\n]"
20:24:30.532 [main] DEBUG org.apache.http.wire -  << "[\r][\n]"
20:24:30.533 [main] DEBUG org.apache.http.impl.conn.DefaultClientConnection - Receiving response: HTTP/1.1 405 Method Not Allowed
20:24:30.533 [main] DEBUG org.apache.http.headers - << HTTP/1.1 405 Method Not Allowed
20:24:30.533 [main] DEBUG org.apache.http.headers - << Allow: GET, PUT, DELETE
20:24:30.533 [main] DEBUG org.apache.http.headers - << Cache-Control: no-cache, no-store, max-age=0, must-revalidate
20:24:30.533 [main] DEBUG org.apache.http.headers - << Content-Type: application/json
20:24:30.533 [main] DEBUG org.apache.http.headers - << Date: Tue, 06 Jun 2023 18:24:29 GMT
20:24:30.533 [main] DEBUG org.apache.http.headers - << Expires: 0
20:24:30.533 [main] DEBUG org.apache.http.headers - << Pragma: no-cache
20:24:30.533 [main] DEBUG org.apache.http.headers - << X-Content-Type-Options: nosniff
20:24:30.533 [main] DEBUG org.apache.http.headers - << X-Frame-Options: DENY
20:24:30.533 [main] DEBUG org.apache.http.headers - << X-Xss-Protection: 1; mode=block
20:24:30.533 [main] DEBUG org.apache.http.headers - << Content-Length: 129
20:24:30.533 [main] DEBUG org.apache.http.impl.client.DefaultHttpClient - Connection can be kept alive indefinitely
20:24:30.533 [main] DEBUG io.restassured.internal.RestAssuredHttpBuilder - Parsing response as: application/json
20:24:30.533 [main] DEBUG io.restassured.internal.RestAssuredHttpBuilder - Parsed data to instance of: class org.apache.http.conn.EofSensorInputStream
20:24:30.534 [main] DEBUG org.apache.http.wire -  << "{"timestamp":1686075870529,"status":405,"error":"Method Not Allowed","path":"/v1/AUTOMATIONTESTINGADVANCEDPROGRAM/dashboard/109"}"
20:24:30.534 [main] DEBUG org.apache.http.impl.conn.BasicClientConnectionManager - Releasing connection org.apache.http.impl.conn.ManagedClientConnectionImpl@6cc8da1c
20:24:30.534 [main] DEBUG org.apache.http.impl.conn.BasicClientConnectionManager - Connection can be kept alive indefinitely
HTTP/1.1 405 Method Not Allowed
Allow: GET, PUT, DELETE
Cache-Control: no-cache, no-store, max-age=0, must-revalidate
Content-Type: application/json
Date: Tue, 06 Jun 2023 18:24:29 GMT
Expires: 0
Pragma: no-cache
X-Content-Type-Options: nosniff
X-Frame-Options: DENY
X-Xss-Protection: 1; mode=block
Content-Length: 129

{
    "timestamp": 1686075870529,
    "status": 405,
    "error": "Method Not Allowed",
    "path": "/v1/AUTOMATIONTESTINGADVANCEDPROGRAM/dashboard/109"
}
2023-06-06 20:24:30 INFO  Listeners:38 - Succeeded Test null
]]></system-out>
  </testcase>
  <testcase name="j_updateDashboardWithNull_PATCH" classname="alltests.apitest.DashboardControllerTest" time="0.079">
    <system-out><![CDATA[2023-06-06 20:24:30 INFO  Listeners:34 - Started Test null
20:24:30.570 [rp-io-63] DEBUG com.epam.reportportal.service.Launch - Starting test item...rp-io-63
2023-06-06 20:24:30 INFO  DashboardControllerTest:108 - j_updateDashboardWithNull_PATCH
Request method:	PATCH
Request URI:	http://localhost:8080/api/v1/AUTOMATIONTESTINGADVANCEDPROGRAM/dashboard/109
Proxy:			<none>
Request params:	<none>
Query params:	<none>
Form params:	<none>
Path params:	id=109
Headers:		Authorization=Bearer 8bb82a7d-a573-419e-9cce-c2419f308802
				Accept=*/*
				Content-Type=application/json
Cookies:		<none>
Multiparts:		<none>
Body:
{
    "name": "",
    "description": null,
    "shared": false
}
20:24:30.599 [rp-io-65] DEBUG com.epam.reportportal.service.Launch - ReportPortal item with ID 'dcd647f9-0fca-4ef0-a25e-65cb02bf2f75' has been created
20:24:30.600 [rp-io-65] DEBUG com.epam.reportportal.utils.SubscriptionUtils - Start test item successfully completed
20:24:30.600 [main] DEBUG org.apache.http.impl.conn.BasicClientConnectionManager - Get connection for route {}->http://localhost:8080
20:24:30.601 [main] DEBUG org.apache.http.impl.conn.DefaultClientConnectionOperator - Connecting to localhost:8080
20:24:30.602 [main] DEBUG org.apache.http.client.protocol.RequestAddCookies - CookieSpec selected: ignoreCookies
20:24:30.602 [main] DEBUG org.apache.http.client.protocol.RequestAuthCache - Auth cache not set in the context
20:24:30.602 [main] DEBUG org.apache.http.client.protocol.RequestProxyAuthentication - Proxy auth state: UNCHALLENGED
20:24:30.602 [main] DEBUG org.apache.http.impl.client.DefaultHttpClient - Attempt 1 to execute request
20:24:30.602 [main] DEBUG org.apache.http.impl.conn.DefaultClientConnection - Sending request: PATCH /api/v1/AUTOMATIONTESTINGADVANCEDPROGRAM/dashboard/109 HTTP/1.1
20:24:30.602 [main] DEBUG org.apache.http.wire -  >> "PATCH /api/v1/AUTOMATIONTESTINGADVANCEDPROGRAM/dashboard/109 HTTP/1.1[\r][\n]"
20:24:30.602 [main] DEBUG org.apache.http.wire -  >> "Authorization: Bearer 8bb82a7d-a573-419e-9cce-c2419f308802[\r][\n]"
20:24:30.602 [main] DEBUG org.apache.http.wire -  >> "Accept: */*[\r][\n]"
20:24:30.603 [main] DEBUG org.apache.http.wire -  >> "Content-Type: application/json[\r][\n]"
20:24:30.603 [main] DEBUG org.apache.http.wire -  >> "Content-Length: 45[\r][\n]"
20:24:30.603 [main] DEBUG org.apache.http.wire -  >> "Host: localhost:8080[\r][\n]"
20:24:30.603 [main] DEBUG org.apache.http.wire -  >> "Connection: Keep-Alive[\r][\n]"
20:24:30.603 [rp-io-62] DEBUG com.epam.reportportal.service.Launch - TestItem with ID = '5176f592-426c-4344-8f18-6625f85eafc4' successfully finished.
20:24:30.603 [main] DEBUG org.apache.http.wire -  >> "User-Agent: Apache-HttpClient/4.5.13 (Java/17.0.3.1)[\r][\n]"
20:24:30.603 [rp-io-62] DEBUG com.epam.reportportal.utils.SubscriptionUtils - Finish test item completed
20:24:30.603 [main] DEBUG org.apache.http.wire -  >> "Accept-Encoding: gzip,deflate[\r][\n]"
20:24:30.603 [main] DEBUG org.apache.http.wire -  >> "[\r][\n]"
20:24:30.603 [main] DEBUG org.apache.http.headers - >> PATCH /api/v1/AUTOMATIONTESTINGADVANCEDPROGRAM/dashboard/109 HTTP/1.1
20:24:30.603 [main] DEBUG org.apache.http.headers - >> Authorization: Bearer 8bb82a7d-a573-419e-9cce-c2419f308802
20:24:30.603 [main] DEBUG org.apache.http.headers - >> Accept: */*
20:24:30.603 [main] DEBUG org.apache.http.headers - >> Content-Type: application/json
20:24:30.603 [main] DEBUG org.apache.http.headers - >> Content-Length: 45
20:24:30.603 [main] DEBUG org.apache.http.headers - >> Host: localhost:8080
20:24:30.603 [main] DEBUG org.apache.http.headers - >> Connection: Keep-Alive
20:24:30.603 [main] DEBUG org.apache.http.headers - >> User-Agent: Apache-HttpClient/4.5.13 (Java/17.0.3.1)
20:24:30.603 [main] DEBUG org.apache.http.headers - >> Accept-Encoding: gzip,deflate
20:24:30.604 [main] DEBUG org.apache.http.wire -  >> "{"name":"","description":null,"shared":false}"
20:24:30.616 [main] DEBUG org.apache.http.wire -  << "HTTP/1.1 405 Method Not Allowed[\r][\n]"
20:24:30.616 [main] DEBUG org.apache.http.wire -  << "Allow: GET, PUT, DELETE[\r][\n]"
20:24:30.617 [main] DEBUG org.apache.http.wire -  << "Cache-Control: no-cache, no-store, max-age=0, must-revalidate[\r][\n]"
20:24:30.617 [main] DEBUG org.apache.http.wire -  << "Content-Type: application/json[\r][\n]"
20:24:30.617 [main] DEBUG org.apache.http.wire -  << "Date: Tue, 06 Jun 2023 18:24:29 GMT[\r][\n]"
20:24:30.617 [main] DEBUG org.apache.http.wire -  << "Expires: 0[\r][\n]"
20:24:30.617 [main] DEBUG org.apache.http.wire -  << "Pragma: no-cache[\r][\n]"
20:24:30.617 [main] DEBUG org.apache.http.wire -  << "X-Content-Type-Options: nosniff[\r][\n]"
20:24:30.617 [main] DEBUG org.apache.http.wire -  << "X-Frame-Options: DENY[\r][\n]"
20:24:30.617 [main] DEBUG org.apache.http.wire -  << "X-Xss-Protection: 1; mode=block[\r][\n]"
20:24:30.617 [main] DEBUG org.apache.http.wire -  << "Content-Length: 129[\r][\n]"
20:24:30.617 [main] DEBUG org.apache.http.wire -  << "[\r][\n]"
20:24:30.617 [main] DEBUG org.apache.http.impl.conn.DefaultClientConnection - Receiving response: HTTP/1.1 405 Method Not Allowed
20:24:30.617 [main] DEBUG org.apache.http.headers - << HTTP/1.1 405 Method Not Allowed
20:24:30.617 [main] DEBUG org.apache.http.headers - << Allow: GET, PUT, DELETE
20:24:30.617 [main] DEBUG org.apache.http.headers - << Cache-Control: no-cache, no-store, max-age=0, must-revalidate
20:24:30.617 [main] DEBUG org.apache.http.headers - << Content-Type: application/json
20:24:30.617 [main] DEBUG org.apache.http.headers - << Date: Tue, 06 Jun 2023 18:24:29 GMT
20:24:30.617 [main] DEBUG org.apache.http.headers - << Expires: 0
20:24:30.617 [main] DEBUG org.apache.http.headers - << Pragma: no-cache
20:24:30.617 [main] DEBUG org.apache.http.headers - << X-Content-Type-Options: nosniff
20:24:30.617 [main] DEBUG org.apache.http.headers - << X-Frame-Options: DENY
20:24:30.617 [main] DEBUG org.apache.http.headers - << X-Xss-Protection: 1; mode=block
20:24:30.617 [main] DEBUG org.apache.http.headers - << Content-Length: 129
20:24:30.617 [main] DEBUG org.apache.http.impl.client.DefaultHttpClient - Connection can be kept alive indefinitely
20:24:30.617 [main] DEBUG io.restassured.internal.RestAssuredHttpBuilder - Parsing response as: application/json
20:24:30.617 [main] DEBUG io.restassured.internal.RestAssuredHttpBuilder - Parsed data to instance of: class org.apache.http.conn.EofSensorInputStream
20:24:30.618 [main] DEBUG org.apache.http.wire -  << "{"timestamp":1686075870613,"status":405,"error":"Method Not Allowed","path":"/v1/AUTOMATIONTESTINGADVANCEDPROGRAM/dashboard/109"}"
20:24:30.618 [main] DEBUG org.apache.http.impl.conn.BasicClientConnectionManager - Releasing connection org.apache.http.impl.conn.ManagedClientConnectionImpl@100807ca
20:24:30.618 [main] DEBUG org.apache.http.impl.conn.BasicClientConnectionManager - Connection can be kept alive indefinitely
HTTP/1.1 405 Method Not Allowed
Allow: GET, PUT, DELETE
Cache-Control: no-cache, no-store, max-age=0, must-revalidate
Content-Type: application/json
Date: Tue, 06 Jun 2023 18:24:29 GMT
Expires: 0
Pragma: no-cache
X-Content-Type-Options: nosniff
X-Frame-Options: DENY
X-Xss-Protection: 1; mode=block
Content-Length: 129

{
    "timestamp": 1686075870613,
    "status": 405,
    "error": "Method Not Allowed",
    "path": "/v1/AUTOMATIONTESTINGADVANCEDPROGRAM/dashboard/109"
}
2023-06-06 20:24:30 INFO  Listeners:38 - Succeeded Test null
]]></system-out>
  </testcase>
  <testcase name="k_deleteDashboardById_DELETE" classname="alltests.apitest.DashboardControllerTest" time="0.086">
    <system-out><![CDATA[20:24:30.648 [rp-io-69] DEBUG com.epam.reportportal.service.Launch - Starting test item...rp-io-69
2023-06-06 20:24:30 INFO  Listeners:34 - Started Test null
2023-06-06 20:24:30 INFO  DashboardControllerTest:117 - k_deleteDashboardById_DELETE
Request method:	DELETE
Request URI:	http://localhost:8080/api/v1/AUTOMATIONTESTINGADVANCEDPROGRAM/dashboard/109
Proxy:			<none>
Request params:	<none>
Query params:	<none>
Form params:	<none>
Path params:	id=109
Headers:		Authorization=Bearer 8bb82a7d-a573-419e-9cce-c2419f308802
				Accept=*/*
				Content-Type=application/json
Cookies:		<none>
Multiparts:		<none>
Body:			<none>
20:24:30.668 [rp-io-68] DEBUG com.epam.reportportal.service.Launch - TestItem with ID = 'dcd647f9-0fca-4ef0-a25e-65cb02bf2f75' successfully finished.
20:24:30.668 [rp-io-68] DEBUG com.epam.reportportal.utils.SubscriptionUtils - Finish test item completed
20:24:30.673 [rp-io-71] DEBUG com.epam.reportportal.service.Launch - ReportPortal item with ID 'c740a35c-b925-45e1-9fdd-65d18d30fb6f' has been created
20:24:30.673 [rp-io-71] DEBUG com.epam.reportportal.utils.SubscriptionUtils - Start test item successfully completed
20:24:30.673 [main] DEBUG org.apache.http.impl.conn.BasicClientConnectionManager - Get connection for route {}->http://localhost:8080
20:24:30.673 [main] DEBUG org.apache.http.impl.conn.DefaultClientConnectionOperator - Connecting to localhost:8080
20:24:30.675 [main] DEBUG org.apache.http.client.protocol.RequestAddCookies - CookieSpec selected: ignoreCookies
20:24:30.675 [main] DEBUG org.apache.http.client.protocol.RequestAuthCache - Auth cache not set in the context
20:24:30.675 [main] DEBUG org.apache.http.client.protocol.RequestProxyAuthentication - Proxy auth state: UNCHALLENGED
20:24:30.675 [main] DEBUG org.apache.http.impl.client.DefaultHttpClient - Attempt 1 to execute request
20:24:30.675 [main] DEBUG org.apache.http.impl.conn.DefaultClientConnection - Sending request: DELETE /api/v1/AUTOMATIONTESTINGADVANCEDPROGRAM/dashboard/109 HTTP/1.1
20:24:30.675 [main] DEBUG org.apache.http.wire -  >> "DELETE /api/v1/AUTOMATIONTESTINGADVANCEDPROGRAM/dashboard/109 HTTP/1.1[\r][\n]"
20:24:30.675 [main] DEBUG org.apache.http.wire -  >> "Content-Type: application/json[\r][\n]"
20:24:30.675 [main] DEBUG org.apache.http.wire -  >> "Authorization: Bearer 8bb82a7d-a573-419e-9cce-c2419f308802[\r][\n]"
20:24:30.675 [main] DEBUG org.apache.http.wire -  >> "Accept: */*[\r][\n]"
20:24:30.675 [main] DEBUG org.apache.http.wire -  >> "Host: localhost:8080[\r][\n]"
20:24:30.675 [main] DEBUG org.apache.http.wire -  >> "Connection: Keep-Alive[\r][\n]"
20:24:30.675 [main] DEBUG org.apache.http.wire -  >> "User-Agent: Apache-HttpClient/4.5.13 (Java/17.0.3.1)[\r][\n]"
20:24:30.675 [main] DEBUG org.apache.http.wire -  >> "Accept-Encoding: gzip,deflate[\r][\n]"
20:24:30.675 [main] DEBUG org.apache.http.wire -  >> "[\r][\n]"
20:24:30.675 [main] DEBUG org.apache.http.headers - >> DELETE /api/v1/AUTOMATIONTESTINGADVANCEDPROGRAM/dashboard/109 HTTP/1.1
20:24:30.675 [main] DEBUG org.apache.http.headers - >> Content-Type: application/json
20:24:30.675 [main] DEBUG org.apache.http.headers - >> Authorization: Bearer 8bb82a7d-a573-419e-9cce-c2419f308802
20:24:30.676 [main] DEBUG org.apache.http.headers - >> Accept: */*
20:24:30.676 [main] DEBUG org.apache.http.headers - >> Host: localhost:8080
20:24:30.676 [main] DEBUG org.apache.http.headers - >> Connection: Keep-Alive
20:24:30.676 [main] DEBUG org.apache.http.headers - >> User-Agent: Apache-HttpClient/4.5.13 (Java/17.0.3.1)
20:24:30.676 [main] DEBUG org.apache.http.headers - >> Accept-Encoding: gzip,deflate
20:24:30.701 [main] DEBUG org.apache.http.wire -  << "HTTP/1.1 200 OK[\r][\n]"
20:24:30.701 [main] DEBUG org.apache.http.wire -  << "Cache-Control: no-cache, no-store, max-age=0, must-revalidate[\r][\n]"
20:24:30.701 [main] DEBUG org.apache.http.wire -  << "Content-Type: application/json[\r][\n]"
20:24:30.701 [main] DEBUG org.apache.http.wire -  << "Date: Tue, 06 Jun 2023 18:24:29 GMT[\r][\n]"
20:24:30.701 [main] DEBUG org.apache.http.wire -  << "Expires: 0[\r][\n]"
20:24:30.701 [main] DEBUG org.apache.http.wire -  << "Pragma: no-cache[\r][\n]"
20:24:30.701 [main] DEBUG org.apache.http.wire -  << "X-Content-Type-Options: nosniff[\r][\n]"
20:24:30.701 [main] DEBUG org.apache.http.wire -  << "X-Frame-Options: DENY[\r][\n]"
20:24:30.701 [main] DEBUG org.apache.http.wire -  << "X-Xss-Protection: 1; mode=block[\r][\n]"
20:24:30.701 [main] DEBUG org.apache.http.wire -  << "Content-Length: 61[\r][\n]"
20:24:30.701 [main] DEBUG org.apache.http.wire -  << "[\r][\n]"
20:24:30.701 [main] DEBUG org.apache.http.impl.conn.DefaultClientConnection - Receiving response: HTTP/1.1 200 OK
20:24:30.701 [main] DEBUG org.apache.http.headers - << HTTP/1.1 200 OK
20:24:30.701 [main] DEBUG org.apache.http.headers - << Cache-Control: no-cache, no-store, max-age=0, must-revalidate
20:24:30.701 [main] DEBUG org.apache.http.headers - << Content-Type: application/json
20:24:30.701 [main] DEBUG org.apache.http.headers - << Date: Tue, 06 Jun 2023 18:24:29 GMT
20:24:30.701 [main] DEBUG org.apache.http.headers - << Expires: 0
20:24:30.701 [main] DEBUG org.apache.http.headers - << Pragma: no-cache
20:24:30.701 [main] DEBUG org.apache.http.headers - << X-Content-Type-Options: nosniff
20:24:30.701 [main] DEBUG org.apache.http.headers - << X-Frame-Options: DENY
20:24:30.701 [main] DEBUG org.apache.http.headers - << X-Xss-Protection: 1; mode=block
20:24:30.701 [main] DEBUG org.apache.http.headers - << Content-Length: 61
20:24:30.702 [main] DEBUG org.apache.http.impl.client.DefaultHttpClient - Connection can be kept alive indefinitely
20:24:30.702 [main] DEBUG io.restassured.internal.RestAssuredHttpBuilder - Parsing response as: application/json
20:24:30.702 [main] DEBUG io.restassured.internal.RestAssuredHttpBuilder - Parsed data to instance of: class org.apache.http.conn.EofSensorInputStream
20:24:30.702 [main] DEBUG org.apache.http.wire -  << "{"message":"Dashboard with ID = '109' successfully deleted."}"
20:24:30.702 [main] DEBUG org.apache.http.impl.conn.BasicClientConnectionManager - Releasing connection org.apache.http.impl.conn.ManagedClientConnectionImpl@1488a861
20:24:30.703 [main] DEBUG org.apache.http.impl.conn.BasicClientConnectionManager - Connection can be kept alive indefinitely
HTTP/1.1 200 OK
Cache-Control: no-cache, no-store, max-age=0, must-revalidate
Content-Type: application/json
Date: Tue, 06 Jun 2023 18:24:29 GMT
Expires: 0
Pragma: no-cache
X-Content-Type-Options: nosniff
X-Frame-Options: DENY
X-Xss-Protection: 1; mode=block
Content-Length: 61

{
    "message": "Dashboard with ID = '109' successfully deleted."
}
2023-06-06 20:24:30 INFO  Listeners:38 - Succeeded Test null
]]></system-out>
  </testcase>
  <testcase name="l_deleteDashboardByIdThatDoesNotExist_DELETE" classname="alltests.apitest.DashboardControllerTest" time="0.079">
    <system-out><![CDATA[20:24:30.724 [rp-io-75] DEBUG com.epam.reportportal.service.Launch - Starting test item...rp-io-75
2023-06-06 20:24:30 INFO  Listeners:34 - Started Test null
2023-06-06 20:24:30 INFO  DashboardControllerTest:125 - l_deleteDashboardByIdThatDoesNotExist_DELETE
Request method:	DELETE
Request URI:	http://localhost:8080/api/v1/AUTOMATIONTESTINGADVANCEDPROGRAM/dashboard/109
Proxy:			<none>
Request params:	<none>
Query params:	<none>
Form params:	<none>
Path params:	id=109
Headers:		Authorization=Bearer 8bb82a7d-a573-419e-9cce-c2419f308802
				Accept=*/*
				Content-Type=application/json
Cookies:		<none>
Multiparts:		<none>
Body:			<none>
20:24:30.750 [main] DEBUG org.apache.http.impl.conn.BasicClientConnectionManager - Get connection for route {}->http://localhost:8080
20:24:30.751 [main] DEBUG org.apache.http.impl.conn.DefaultClientConnectionOperator - Connecting to localhost:8080
20:24:30.752 [main] DEBUG org.apache.http.client.protocol.RequestAddCookies - CookieSpec selected: ignoreCookies
20:24:30.752 [main] DEBUG org.apache.http.client.protocol.RequestAuthCache - Auth cache not set in the context
20:24:30.752 [main] DEBUG org.apache.http.client.protocol.RequestProxyAuthentication - Proxy auth state: UNCHALLENGED
20:24:30.752 [main] DEBUG org.apache.http.impl.client.DefaultHttpClient - Attempt 1 to execute request
20:24:30.752 [main] DEBUG org.apache.http.impl.conn.DefaultClientConnection - Sending request: DELETE /api/v1/AUTOMATIONTESTINGADVANCEDPROGRAM/dashboard/109 HTTP/1.1
20:24:30.752 [main] DEBUG org.apache.http.wire -  >> "DELETE /api/v1/AUTOMATIONTESTINGADVANCEDPROGRAM/dashboard/109 HTTP/1.1[\r][\n]"
20:24:30.753 [main] DEBUG org.apache.http.wire -  >> "Content-Type: application/json[\r][\n]"
20:24:30.753 [main] DEBUG org.apache.http.wire -  >> "Authorization: Bearer 8bb82a7d-a573-419e-9cce-c2419f308802[\r][\n]"
20:24:30.753 [main] DEBUG org.apache.http.wire -  >> "Accept: */*[\r][\n]"
20:24:30.753 [main] DEBUG org.apache.http.wire -  >> "Host: localhost:8080[\r][\n]"
20:24:30.753 [main] DEBUG org.apache.http.wire -  >> "Connection: Keep-Alive[\r][\n]"
20:24:30.753 [main] DEBUG org.apache.http.wire -  >> "User-Agent: Apache-HttpClient/4.5.13 (Java/17.0.3.1)[\r][\n]"
20:24:30.753 [main] DEBUG org.apache.http.wire -  >> "Accept-Encoding: gzip,deflate[\r][\n]"
20:24:30.753 [main] DEBUG org.apache.http.wire -  >> "[\r][\n]"
20:24:30.753 [main] DEBUG org.apache.http.headers - >> DELETE /api/v1/AUTOMATIONTESTINGADVANCEDPROGRAM/dashboard/109 HTTP/1.1
20:24:30.753 [main] DEBUG org.apache.http.headers - >> Content-Type: application/json
20:24:30.753 [main] DEBUG org.apache.http.headers - >> Authorization: Bearer 8bb82a7d-a573-419e-9cce-c2419f308802
20:24:30.753 [main] DEBUG org.apache.http.headers - >> Accept: */*
20:24:30.753 [main] DEBUG org.apache.http.headers - >> Host: localhost:8080
20:24:30.753 [main] DEBUG org.apache.http.headers - >> Connection: Keep-Alive
20:24:30.753 [main] DEBUG org.apache.http.headers - >> User-Agent: Apache-HttpClient/4.5.13 (Java/17.0.3.1)
20:24:30.753 [main] DEBUG org.apache.http.headers - >> Accept-Encoding: gzip,deflate
20:24:30.756 [rp-io-77] DEBUG com.epam.reportportal.service.Launch - ReportPortal item with ID '9c0ecb24-0321-4813-8f25-bc619b7d2b1f' has been created
20:24:30.756 [rp-io-77] DEBUG com.epam.reportportal.utils.SubscriptionUtils - Start test item successfully completed
20:24:30.757 [rp-io-74] DEBUG com.epam.reportportal.service.Launch - TestItem with ID = 'c740a35c-b925-45e1-9fdd-65d18d30fb6f' successfully finished.
20:24:30.757 [rp-io-74] DEBUG com.epam.reportportal.utils.SubscriptionUtils - Finish test item completed
20:24:30.764 [main] DEBUG org.apache.http.wire -  << "HTTP/1.1 404 Not Found[\r][\n]"
20:24:30.764 [main] DEBUG org.apache.http.wire -  << "Cache-Control: no-cache, no-store, max-age=0, must-revalidate[\r][\n]"
20:24:30.764 [main] DEBUG org.apache.http.wire -  << "Content-Type: application/json[\r][\n]"
20:24:30.764 [main] DEBUG org.apache.http.wire -  << "Date: Tue, 06 Jun 2023 18:24:29 GMT[\r][\n]"
20:24:30.764 [main] DEBUG org.apache.http.wire -  << "Expires: 0[\r][\n]"
20:24:30.764 [main] DEBUG org.apache.http.wire -  << "Pragma: no-cache[\r][\n]"
20:24:30.764 [main] DEBUG org.apache.http.wire -  << "X-Content-Type-Options: nosniff[\r][\n]"
20:24:30.764 [main] DEBUG org.apache.http.wire -  << "X-Frame-Options: DENY[\r][\n]"
20:24:30.764 [main] DEBUG org.apache.http.wire -  << "X-Xss-Protection: 1; mode=block[\r][\n]"
20:24:30.764 [main] DEBUG org.apache.http.wire -  << "Content-Length: 146[\r][\n]"
20:24:30.764 [main] DEBUG org.apache.http.wire -  << "[\r][\n]"
20:24:30.764 [main] DEBUG org.apache.http.impl.conn.DefaultClientConnection - Receiving response: HTTP/1.1 404 Not Found
20:24:30.764 [main] DEBUG org.apache.http.headers - << HTTP/1.1 404 Not Found
20:24:30.764 [main] DEBUG org.apache.http.headers - << Cache-Control: no-cache, no-store, max-age=0, must-revalidate
20:24:30.765 [main] DEBUG org.apache.http.headers - << Content-Type: application/json
20:24:30.765 [main] DEBUG org.apache.http.headers - << Date: Tue, 06 Jun 2023 18:24:29 GMT
20:24:30.765 [main] DEBUG org.apache.http.headers - << Expires: 0
20:24:30.765 [main] DEBUG org.apache.http.headers - << Pragma: no-cache
20:24:30.765 [main] DEBUG org.apache.http.headers - << X-Content-Type-Options: nosniff
20:24:30.765 [main] DEBUG org.apache.http.headers - << X-Frame-Options: DENY
20:24:30.765 [main] DEBUG org.apache.http.headers - << X-Xss-Protection: 1; mode=block
20:24:30.765 [main] DEBUG org.apache.http.headers - << Content-Length: 146
20:24:30.765 [main] DEBUG org.apache.http.impl.client.DefaultHttpClient - Connection can be kept alive indefinitely
20:24:30.765 [main] DEBUG io.restassured.internal.RestAssuredHttpBuilder - Parsing response as: application/json
20:24:30.765 [main] DEBUG io.restassured.internal.RestAssuredHttpBuilder - Parsed data to instance of: class org.apache.http.conn.EofSensorInputStream
20:24:30.767 [main] DEBUG org.apache.http.wire -  << "{"errorCode":40422,"message":"Dashboard with ID '109' not found on project 'automationtestingadvancedprogram'. Did you use correct Dashboard ID?"}"
20:24:30.767 [main] DEBUG org.apache.http.impl.conn.BasicClientConnectionManager - Releasing connection org.apache.http.impl.conn.ManagedClientConnectionImpl@13dd7887
20:24:30.767 [main] DEBUG org.apache.http.impl.conn.BasicClientConnectionManager - Connection can be kept alive indefinitely
HTTP/1.1 404 Not Found
Cache-Control: no-cache, no-store, max-age=0, must-revalidate
Content-Type: application/json
Date: Tue, 06 Jun 2023 18:24:29 GMT
Expires: 0
Pragma: no-cache
X-Content-Type-Options: nosniff
X-Frame-Options: DENY
X-Xss-Protection: 1; mode=block
Content-Length: 146

{
    "errorCode": 40422,
    "message": "Dashboard with ID '109' not found on project 'automationtestingadvancedprogram'. Did you use correct Dashboard ID?"
}
2023-06-06 20:24:30 INFO  Listeners:38 - Succeeded Test null
]]></system-out>
  </testcase>
  <testcase name="m_updateNonExistedDashboard_PUT" classname="alltests.apitest.DashboardControllerTest" time="0.066">
    <system-out><![CDATA[2023-06-06 20:24:30 INFO  Listeners:34 - Started Test null
20:24:30.802 [rp-io-81] DEBUG com.epam.reportportal.service.Launch - Starting test item...rp-io-81
2023-06-06 20:24:30 INFO  DashboardControllerTest:134 - m_updateNonExistedDashboard_PUT
Request method:	PUT
Request URI:	http://localhost:8080/api/v1/AUTOMATIONTESTINGADVANCEDPROGRAM/dashboard/109
Proxy:			<none>
Request params:	<none>
Query params:	<none>
Form params:	<none>
Path params:	id=109
Headers:		Authorization=Bearer 8bb82a7d-a573-419e-9cce-c2419f308802
				Accept=*/*
				Content-Type=application/json
Cookies:		<none>
Multiparts:		<none>
Body:
{
    "name": "Dashboard12",
    "description": "Dashboard11 description updated to 12",
    "shared": true
}
20:24:30.829 [rp-io-80] DEBUG com.epam.reportportal.service.Launch - TestItem with ID = '9c0ecb24-0321-4813-8f25-bc619b7d2b1f' successfully finished.
20:24:30.829 [rp-io-80] DEBUG com.epam.reportportal.utils.SubscriptionUtils - Finish test item completed
20:24:30.831 [main] DEBUG org.apache.http.impl.conn.BasicClientConnectionManager - Get connection for route {}->http://localhost:8080
20:24:30.831 [main] DEBUG org.apache.http.impl.conn.DefaultClientConnectionOperator - Connecting to localhost:8080
20:24:30.832 [rp-io-83] DEBUG com.epam.reportportal.service.Launch - ReportPortal item with ID 'a6c11d82-583f-42ca-9220-e9c4e99a1783' has been created
20:24:30.832 [rp-io-83] DEBUG com.epam.reportportal.utils.SubscriptionUtils - Start test item successfully completed
20:24:30.832 [main] DEBUG org.apache.http.client.protocol.RequestAddCookies - CookieSpec selected: ignoreCookies
20:24:30.833 [main] DEBUG org.apache.http.client.protocol.RequestAuthCache - Auth cache not set in the context
20:24:30.833 [main] DEBUG org.apache.http.client.protocol.RequestProxyAuthentication - Proxy auth state: UNCHALLENGED
20:24:30.833 [main] DEBUG org.apache.http.impl.client.DefaultHttpClient - Attempt 1 to execute request
20:24:30.833 [main] DEBUG org.apache.http.impl.conn.DefaultClientConnection - Sending request: PUT /api/v1/AUTOMATIONTESTINGADVANCEDPROGRAM/dashboard/109 HTTP/1.1
20:24:30.833 [main] DEBUG org.apache.http.wire -  >> "PUT /api/v1/AUTOMATIONTESTINGADVANCEDPROGRAM/dashboard/109 HTTP/1.1[\r][\n]"
20:24:30.833 [main] DEBUG org.apache.http.wire -  >> "Authorization: Bearer 8bb82a7d-a573-419e-9cce-c2419f308802[\r][\n]"
20:24:30.833 [main] DEBUG org.apache.http.wire -  >> "Accept: */*[\r][\n]"
20:24:30.833 [main] DEBUG org.apache.http.wire -  >> "Content-Type: application/json[\r][\n]"
20:24:30.833 [main] DEBUG org.apache.http.wire -  >> "Content-Length: 90[\r][\n]"
20:24:30.833 [main] DEBUG org.apache.http.wire -  >> "Host: localhost:8080[\r][\n]"
20:24:30.833 [main] DEBUG org.apache.http.wire -  >> "Connection: Keep-Alive[\r][\n]"
20:24:30.833 [main] DEBUG org.apache.http.wire -  >> "User-Agent: Apache-HttpClient/4.5.13 (Java/17.0.3.1)[\r][\n]"
20:24:30.833 [main] DEBUG org.apache.http.wire -  >> "Accept-Encoding: gzip,deflate[\r][\n]"
20:24:30.833 [main] DEBUG org.apache.http.wire -  >> "[\r][\n]"
20:24:30.833 [main] DEBUG org.apache.http.headers - >> PUT /api/v1/AUTOMATIONTESTINGADVANCEDPROGRAM/dashboard/109 HTTP/1.1
20:24:30.833 [main] DEBUG org.apache.http.headers - >> Authorization: Bearer 8bb82a7d-a573-419e-9cce-c2419f308802
20:24:30.833 [main] DEBUG org.apache.http.headers - >> Accept: */*
20:24:30.833 [main] DEBUG org.apache.http.headers - >> Content-Type: application/json
20:24:30.833 [main] DEBUG org.apache.http.headers - >> Content-Length: 90
20:24:30.833 [main] DEBUG org.apache.http.headers - >> Host: localhost:8080
20:24:30.833 [main] DEBUG org.apache.http.headers - >> Connection: Keep-Alive
20:24:30.833 [main] DEBUG org.apache.http.headers - >> User-Agent: Apache-HttpClient/4.5.13 (Java/17.0.3.1)
20:24:30.833 [main] DEBUG org.apache.http.headers - >> Accept-Encoding: gzip,deflate
20:24:30.833 [main] DEBUG org.apache.http.wire -  >> "{"name":"Dashboard12","description":"Dashboard11 description updated to 12","shared":true}"
20:24:30.846 [main] DEBUG org.apache.http.wire -  << "HTTP/1.1 404 Not Found[\r][\n]"
20:24:30.846 [main] DEBUG org.apache.http.wire -  << "Cache-Control: no-cache, no-store, max-age=0, must-revalidate[\r][\n]"
20:24:30.847 [main] DEBUG org.apache.http.wire -  << "Content-Type: application/json[\r][\n]"
20:24:30.847 [main] DEBUG org.apache.http.wire -  << "Date: Tue, 06 Jun 2023 18:24:30 GMT[\r][\n]"
20:24:30.847 [main] DEBUG org.apache.http.wire -  << "Expires: 0[\r][\n]"
20:24:30.847 [main] DEBUG org.apache.http.wire -  << "Pragma: no-cache[\r][\n]"
20:24:30.847 [main] DEBUG org.apache.http.wire -  << "X-Content-Type-Options: nosniff[\r][\n]"
20:24:30.847 [main] DEBUG org.apache.http.wire -  << "X-Frame-Options: DENY[\r][\n]"
20:24:30.847 [main] DEBUG org.apache.http.wire -  << "X-Xss-Protection: 1; mode=block[\r][\n]"
20:24:30.847 [main] DEBUG org.apache.http.wire -  << "Content-Length: 146[\r][\n]"
20:24:30.847 [main] DEBUG org.apache.http.wire -  << "[\r][\n]"
20:24:30.847 [main] DEBUG org.apache.http.impl.conn.DefaultClientConnection - Receiving response: HTTP/1.1 404 Not Found
20:24:30.847 [main] DEBUG org.apache.http.headers - << HTTP/1.1 404 Not Found
20:24:30.847 [main] DEBUG org.apache.http.headers - << Cache-Control: no-cache, no-store, max-age=0, must-revalidate
20:24:30.847 [main] DEBUG org.apache.http.headers - << Content-Type: application/json
20:24:30.847 [main] DEBUG org.apache.http.headers - << Date: Tue, 06 Jun 2023 18:24:30 GMT
20:24:30.847 [main] DEBUG org.apache.http.headers - << Expires: 0
20:24:30.847 [main] DEBUG org.apache.http.headers - << Pragma: no-cache
20:24:30.847 [main] DEBUG org.apache.http.headers - << X-Content-Type-Options: nosniff
20:24:30.847 [main] DEBUG org.apache.http.headers - << X-Frame-Options: DENY
20:24:30.847 [main] DEBUG org.apache.http.headers - << X-Xss-Protection: 1; mode=block
20:24:30.847 [main] DEBUG org.apache.http.headers - << Content-Length: 146
20:24:30.847 [main] DEBUG org.apache.http.impl.client.DefaultHttpClient - Connection can be kept alive indefinitely
20:24:30.847 [main] DEBUG io.restassured.internal.RestAssuredHttpBuilder - Parsing response as: application/json
20:24:30.847 [main] DEBUG io.restassured.internal.RestAssuredHttpBuilder - Parsed data to instance of: class org.apache.http.conn.EofSensorInputStream
20:24:30.848 [main] DEBUG org.apache.http.wire -  << "{"errorCode":40422,"message":"Dashboard with ID '109' not found on project 'automationtestingadvancedprogram'. Did you use correct Dashboard ID?"}"
20:24:30.848 [main] DEBUG org.apache.http.impl.conn.BasicClientConnectionManager - Releasing connection org.apache.http.impl.conn.ManagedClientConnectionImpl@d1f23a0
20:24:30.848 [main] DEBUG org.apache.http.impl.conn.BasicClientConnectionManager - Connection can be kept alive indefinitely
HTTP/1.1 404 Not Found
Cache-Control: no-cache, no-store, max-age=0, must-revalidate
Content-Type: application/json
Date: Tue, 06 Jun 2023 18:24:30 GMT
Expires: 0
Pragma: no-cache
X-Content-Type-Options: nosniff
X-Frame-Options: DENY
X-Xss-Protection: 1; mode=block
Content-Length: 146

{
    "errorCode": 40422,
    "message": "Dashboard with ID '109' not found on project 'automationtestingadvancedprogram'. Did you use correct Dashboard ID?"
}
2023-06-06 20:24:30 INFO  Listeners:38 - Succeeded Test null
]]></system-out>
  </testcase>
  <testcase name="m_updateNullDashboard_PUT" classname="alltests.apitest.DashboardControllerTest" time="0.09">
    <system-out><![CDATA[20:24:30.889 [rp-io-87] DEBUG com.epam.reportportal.service.Launch - Starting test item...rp-io-87
2023-06-06 20:24:30 INFO  Listeners:34 - Started Test null
2023-06-06 20:24:30 INFO  DashboardControllerTest:144 - m_updateNullDashboard_PUT
Request method:	PUT
Request URI:	http://localhost:8080/api/v1/AUTOMATIONTESTINGADVANCEDPROGRAM/dashboard/69
Proxy:			<none>
Request params:	<none>
Query params:	<none>
Form params:	<none>
Path params:	id=69
Headers:		Authorization=Bearer 8bb82a7d-a573-419e-9cce-c2419f308802
				Accept=*/*
				Content-Type=application/json
Cookies:		<none>
Multiparts:		<none>
Body:
{
    "name": "",
    "description": "",
    "shared": true
}
20:24:30.915 [rp-io-86] DEBUG com.epam.reportportal.service.Launch - TestItem with ID = 'a6c11d82-583f-42ca-9220-e9c4e99a1783' successfully finished.
20:24:30.915 [rp-io-86] DEBUG com.epam.reportportal.utils.SubscriptionUtils - Finish test item completed
20:24:30.918 [main] DEBUG org.apache.http.impl.conn.BasicClientConnectionManager - Get connection for route {}->http://localhost:8080
20:24:30.918 [main] DEBUG org.apache.http.impl.conn.DefaultClientConnectionOperator - Connecting to localhost:8080
20:24:30.919 [main] DEBUG org.apache.http.client.protocol.RequestAddCookies - CookieSpec selected: ignoreCookies
20:24:30.920 [main] DEBUG org.apache.http.client.protocol.RequestAuthCache - Auth cache not set in the context
20:24:30.920 [main] DEBUG org.apache.http.client.protocol.RequestProxyAuthentication - Proxy auth state: UNCHALLENGED
20:24:30.920 [main] DEBUG org.apache.http.impl.client.DefaultHttpClient - Attempt 1 to execute request
20:24:30.920 [main] DEBUG org.apache.http.impl.conn.DefaultClientConnection - Sending request: PUT /api/v1/AUTOMATIONTESTINGADVANCEDPROGRAM/dashboard/69 HTTP/1.1
20:24:30.920 [main] DEBUG org.apache.http.wire -  >> "PUT /api/v1/AUTOMATIONTESTINGADVANCEDPROGRAM/dashboard/69 HTTP/1.1[\r][\n]"
20:24:30.920 [main] DEBUG org.apache.http.wire -  >> "Authorization: Bearer 8bb82a7d-a573-419e-9cce-c2419f308802[\r][\n]"
20:24:30.920 [main] DEBUG org.apache.http.wire -  >> "Accept: */*[\r][\n]"
20:24:30.920 [main] DEBUG org.apache.http.wire -  >> "Content-Type: application/json[\r][\n]"
20:24:30.920 [main] DEBUG org.apache.http.wire -  >> "Content-Length: 42[\r][\n]"
20:24:30.920 [main] DEBUG org.apache.http.wire -  >> "Host: localhost:8080[\r][\n]"
20:24:30.920 [main] DEBUG org.apache.http.wire -  >> "Connection: Keep-Alive[\r][\n]"
20:24:30.920 [main] DEBUG org.apache.http.wire -  >> "User-Agent: Apache-HttpClient/4.5.13 (Java/17.0.3.1)[\r][\n]"
20:24:30.920 [main] DEBUG org.apache.http.wire -  >> "Accept-Encoding: gzip,deflate[\r][\n]"
20:24:30.920 [main] DEBUG org.apache.http.wire -  >> "[\r][\n]"
20:24:30.920 [main] DEBUG org.apache.http.headers - >> PUT /api/v1/AUTOMATIONTESTINGADVANCEDPROGRAM/dashboard/69 HTTP/1.1
20:24:30.920 [main] DEBUG org.apache.http.headers - >> Authorization: Bearer 8bb82a7d-a573-419e-9cce-c2419f308802
20:24:30.920 [main] DEBUG org.apache.http.headers - >> Accept: */*
20:24:30.920 [main] DEBUG org.apache.http.headers - >> Content-Type: application/json
20:24:30.920 [main] DEBUG org.apache.http.headers - >> Content-Length: 42
20:24:30.920 [main] DEBUG org.apache.http.headers - >> Host: localhost:8080
20:24:30.920 [main] DEBUG org.apache.http.headers - >> Connection: Keep-Alive
20:24:30.920 [main] DEBUG org.apache.http.headers - >> User-Agent: Apache-HttpClient/4.5.13 (Java/17.0.3.1)
20:24:30.920 [main] DEBUG org.apache.http.headers - >> Accept-Encoding: gzip,deflate
20:24:30.920 [main] DEBUG org.apache.http.wire -  >> "{"name":"","description":"","shared":true}"
20:24:30.925 [rp-io-89] DEBUG com.epam.reportportal.service.Launch - ReportPortal item with ID 'fd83a244-e78e-4679-943a-682b54e9ceee' has been created
20:24:30.925 [rp-io-89] DEBUG com.epam.reportportal.utils.SubscriptionUtils - Start test item successfully completed
20:24:30.932 [main] DEBUG org.apache.http.wire -  << "HTTP/1.1 400 Bad Request[\r][\n]"
20:24:30.932 [main] DEBUG org.apache.http.wire -  << "Cache-Control: no-cache, no-store, max-age=0, must-revalidate[\r][\n]"
20:24:30.932 [main] DEBUG org.apache.http.wire -  << "Content-Type: application/json[\r][\n]"
20:24:30.932 [main] DEBUG org.apache.http.wire -  << "Date: Tue, 06 Jun 2023 18:24:30 GMT[\r][\n]"
20:24:30.932 [main] DEBUG org.apache.http.wire -  << "Expires: 0[\r][\n]"
20:24:30.932 [main] DEBUG org.apache.http.wire -  << "Pragma: no-cache[\r][\n]"
20:24:30.932 [main] DEBUG org.apache.http.wire -  << "X-Content-Type-Options: nosniff[\r][\n]"
20:24:30.932 [main] DEBUG org.apache.http.wire -  << "X-Frame-Options: DENY[\r][\n]"
20:24:30.932 [main] DEBUG org.apache.http.wire -  << "X-Xss-Protection: 1; mode=block[\r][\n]"
20:24:30.932 [main] DEBUG org.apache.http.wire -  << "Content-Length: 175[\r][\n]"
20:24:30.932 [main] DEBUG org.apache.http.wire -  << "[\r][\n]"
20:24:30.932 [main] DEBUG org.apache.http.impl.conn.DefaultClientConnection - Receiving response: HTTP/1.1 400 Bad Request
20:24:30.932 [main] DEBUG org.apache.http.headers - << HTTP/1.1 400 Bad Request
20:24:30.932 [main] DEBUG org.apache.http.headers - << Cache-Control: no-cache, no-store, max-age=0, must-revalidate
20:24:30.932 [main] DEBUG org.apache.http.headers - << Content-Type: application/json
20:24:30.932 [main] DEBUG org.apache.http.headers - << Date: Tue, 06 Jun 2023 18:24:30 GMT
20:24:30.932 [main] DEBUG org.apache.http.headers - << Expires: 0
20:24:30.932 [main] DEBUG org.apache.http.headers - << Pragma: no-cache
20:24:30.932 [main] DEBUG org.apache.http.headers - << X-Content-Type-Options: nosniff
20:24:30.932 [main] DEBUG org.apache.http.headers - << X-Frame-Options: DENY
20:24:30.932 [main] DEBUG org.apache.http.headers - << X-Xss-Protection: 1; mode=block
20:24:30.932 [main] DEBUG org.apache.http.headers - << Content-Length: 175
20:24:30.933 [main] DEBUG org.apache.http.impl.client.DefaultHttpClient - Connection can be kept alive indefinitely
20:24:30.933 [main] DEBUG io.restassured.internal.RestAssuredHttpBuilder - Parsing response as: application/json
20:24:30.933 [main] DEBUG io.restassured.internal.RestAssuredHttpBuilder - Parsed data to instance of: class org.apache.http.conn.EofSensorInputStream
20:24:30.933 [main] DEBUG org.apache.http.wire -  << "{"errorCode":4001,"message":"Incorrect Request. [Field 'name' should not contain only white spaces and shouldn't be empty. Field 'name' should have size from '3' to '128'.] "}"
20:24:30.933 [main] DEBUG org.apache.http.impl.conn.BasicClientConnectionManager - Releasing connection org.apache.http.impl.conn.ManagedClientConnectionImpl@5fbae40
20:24:30.934 [main] DEBUG org.apache.http.impl.conn.BasicClientConnectionManager - Connection can be kept alive indefinitely
HTTP/1.1 400 Bad Request
Cache-Control: no-cache, no-store, max-age=0, must-revalidate
Content-Type: application/json
Date: Tue, 06 Jun 2023 18:24:30 GMT
Expires: 0
Pragma: no-cache
X-Content-Type-Options: nosniff
X-Frame-Options: DENY
X-Xss-Protection: 1; mode=block
Content-Length: 175

{
    "errorCode": 4001,
    "message": "Incorrect Request. [Field 'name' should not contain only white spaces and shouldn't be empty. Field 'name' should have size from '3' to '128'.] "
}
2023-06-06 20:24:30 INFO  Listeners:38 - Succeeded Test null
]]></system-out>
  </testcase>
  <testcase name="searchDashboardNameDP[LAUNCH STATISTICS AREA](1)" classname="alltests.uitest.coreTest.DashboardPageTest" time="0.932">
    <system-out><![CDATA[2023-06-06 20:24:30 INFO  Listeners:71 - Finished Dashboard API Controller Tests
2023-06-06 20:24:30 INFO  Listeners:67 - Started All UI Test
20:24:30.988 [rp-io-92] DEBUG com.epam.reportportal.service.Launch - TestItem with ID = 'fd83a244-e78e-4679-943a-682b54e9ceee' successfully finished.
20:24:30.988 [rp-io-92] DEBUG com.epam.reportportal.utils.SubscriptionUtils - Finish test item completed
20:24:30.997 [rp-io-99] DEBUG com.epam.reportportal.service.Launch - ReportPortal item with ID 'b996c219-5f26-495b-a012-0618cbca8379' has been created
20:24:30.998 [rp-io-99] DEBUG com.epam.reportportal.utils.SubscriptionUtils - Start test item successfully completed
20:24:30.998 [rp-io-99] DEBUG com.epam.reportportal.service.Launch - Starting test item...rp-io-99
20:24:31.012 [rp-io-92] DEBUG com.epam.reportportal.service.Launch - TestItem with ID = '484240a7-01c1-48a4-9855-0625013be27e' successfully finished.
20:24:31.012 [rp-io-92] DEBUG com.epam.reportportal.utils.SubscriptionUtils - Finish test item completed
20:24:31.018 [rp-io-99] DEBUG com.epam.reportportal.service.Launch - ReportPortal item with ID 'c536065b-cf93-4760-99c4-51747706b1bd' has been created
20:24:31.018 [rp-io-99] DEBUG com.epam.reportportal.utils.SubscriptionUtils - Start test item successfully completed
20:24:31.018 [rp-io-99] DEBUG com.epam.reportportal.service.Launch - Starting test item...rp-io-99
20:24:31.032 [rp-io-7] DEBUG com.epam.reportportal.service.Launch - TestItem with ID = '8cc710f2-599a-46a7-9c9b-ea153c12cd59' successfully finished.
20:24:31.033 [rp-io-7] DEBUG com.epam.reportportal.utils.SubscriptionUtils - Finish test item completed
20:24:31.041 [rp-io-99] DEBUG com.epam.reportportal.service.Launch - ReportPortal item with ID '0e29f52b-b95b-4820-b025-9f22313c037d' has been created
20:24:31.041 [rp-io-99] DEBUG com.epam.reportportal.utils.SubscriptionUtils - Start test item successfully completed
20:24:31.121 [rp-io-11] DEBUG com.epam.reportportal.service.Launch - Starting test item...rp-io-11
20:24:31.133 [rp-io-8] DEBUG com.epam.reportportal.service.Launch - TestItem with ID = '0e29f52b-b95b-4820-b025-9f22313c037d' successfully finished.
20:24:31.133 [rp-io-8] DEBUG com.epam.reportportal.utils.SubscriptionUtils - Finish test item completed
2023-06-06 20:24:31 INFO  BaseTest:110 - Property files loaded successfully**********
20:24:31.152 [rp-io-11] DEBUG com.epam.reportportal.service.Launch - ReportPortal item with ID 'cea371c9-b007-41ae-9ceb-2545d431423c' has been created
20:24:31.152 [rp-io-11] DEBUG com.epam.reportportal.utils.SubscriptionUtils - Start test item successfully completed
20:24:31.431 [main] DEBUG io.github.bonigarcia.wdm.cache.ResolutionCache - Resolution chrome=114 in cache (valid until 21:23:55 06/06/2023 CEST)
20:24:31.432 [main] DEBUG io.github.bonigarcia.wdm.cache.ResolutionCache - Resolution chrome114=114.0.5735.90 in cache (valid until 16:16:26 07/06/2023 CEST)
20:24:31.433 [main] INFO io.github.bonigarcia.wdm.WebDriverManager - Using chromedriver 114.0.5735.90 (resolved driver for Chrome 114)
20:24:31.462 [main] DEBUG io.github.bonigarcia.wdm.WebDriverManager - Driver chromedriver 114.0.5735.90 found in cache
20:24:31.463 [main] INFO io.github.bonigarcia.wdm.WebDriverManager - Exporting webdriver.chrome.driver as C:\Users\Suwarna_Wagh\.cache\selenium\chromedriver\win32\114.0.5735.90\chromedriver.exe
20:24:31.533 [Finalizer] DEBUG org.apache.http.impl.conn.DefaultClientConnection - Connection 0.0.0.0:59894<->127.0.0.1:8080 closed
20:24:31.533 [Finalizer] DEBUG org.apache.http.impl.conn.DefaultClientConnection - Connection 0.0.0.0:59893<->127.0.0.1:8080 closed
20:24:31.533 [Finalizer] DEBUG org.apache.http.impl.conn.DefaultClientConnection - Connection 0.0.0.0:59892<->127.0.0.1:8080 closed
20:24:31.533 [Finalizer] DEBUG org.apache.http.impl.conn.DefaultClientConnection - Connection 0.0.0.0:59891<->127.0.0.1:8080 closed
20:24:31.533 [Finalizer] DEBUG org.apache.http.impl.conn.DefaultClientConnection - Connection 0.0.0.0:59890<->127.0.0.1:8080 closed
20:24:31.533 [Finalizer] DEBUG org.apache.http.impl.conn.DefaultClientConnection - Connection 0.0.0.0:59897<->127.0.0.1:8080 closed
20:24:31.534 [Finalizer] DEBUG org.apache.http.impl.conn.DefaultClientConnection - Connection 0.0.0.0:59896<->127.0.0.1:8080 closed
20:24:31.534 [Finalizer] DEBUG org.apache.http.impl.conn.DefaultClientConnection - Connection 0.0.0.0:59895<->127.0.0.1:8080 closed
20:24:31.604 [main] DEBUG io.netty.util.internal.logging.InternalLoggerFactory - Using SLF4J as the default logging framework
20:24:31.608 [main] DEBUG io.netty.util.ResourceLeakDetector - -Dio.netty.leakDetection.level: simple
20:24:31.609 [main] DEBUG io.netty.util.ResourceLeakDetector - -Dio.netty.leakDetection.targetRecords: 4
20:24:31.614 [main] DEBUG io.netty.util.ResourceLeakDetectorFactory - Loaded default ResourceLeakDetector: io.netty.util.ResourceLeakDetector@36a1fd20
20:24:31.656 [main] DEBUG io.netty.util.internal.PlatformDependent0 - -Dio.netty.noUnsafe: false
20:24:31.656 [main] DEBUG io.netty.util.internal.PlatformDependent0 - Java version: 17
20:24:31.659 [main] DEBUG io.netty.util.internal.PlatformDependent0 - sun.misc.Unsafe.theUnsafe: available
20:24:31.660 [main] DEBUG io.netty.util.internal.PlatformDependent0 - sun.misc.Unsafe.copyMemory: available
20:24:31.661 [main] DEBUG io.netty.util.internal.PlatformDependent0 - sun.misc.Unsafe.storeFence: available
20:24:31.662 [main] DEBUG io.netty.util.internal.PlatformDependent0 - java.nio.Buffer.address: available
20:24:31.663 [main] DEBUG io.netty.util.internal.PlatformDependent0 - direct buffer constructor: unavailable: Reflective setAccessible(true) disabled
20:24:31.666 [main] DEBUG io.netty.util.internal.PlatformDependent0 - java.nio.Bits.unaligned: available, true
20:24:31.668 [main] DEBUG io.netty.util.internal.PlatformDependent0 - jdk.internal.misc.Unsafe.allocateUninitializedArray(int): unavailable: class io.netty.util.internal.PlatformDependent0$7 cannot access class jdk.internal.misc.Unsafe (in module java.base) because module java.base does not export jdk.internal.misc to unnamed module @2141a12
20:24:31.669 [main] DEBUG io.netty.util.internal.PlatformDependent0 - java.nio.DirectByteBuffer.<init>(long, int): unavailable
20:24:31.669 [main] DEBUG io.netty.util.internal.PlatformDependent - sun.misc.Unsafe: available
20:24:31.670 [main] DEBUG io.netty.util.internal.PlatformDependent - maxDirectMemory: 8459911168 bytes (maybe)
20:24:31.670 [main] DEBUG io.netty.util.internal.PlatformDependent - -Dio.netty.tmpdir: C:\Users\SUWARN~1\AppData\Local\Temp (java.io.tmpdir)
20:24:31.670 [main] DEBUG io.netty.util.internal.PlatformDependent - -Dio.netty.bitMode: 64 (sun.arch.data.model)
20:24:31.671 [main] DEBUG io.netty.util.internal.PlatformDependent - Platform: Windows
20:24:31.671 [main] DEBUG io.netty.util.internal.PlatformDependent - -Dio.netty.maxDirectMemory: -1 bytes
20:24:31.671 [main] DEBUG io.netty.util.internal.PlatformDependent - -Dio.netty.uninitializedArrayAllocationThreshold: -1
20:24:31.674 [main] DEBUG io.netty.util.internal.CleanerJava9 - java.nio.ByteBuffer.cleaner(): available
20:24:31.674 [main] DEBUG io.netty.util.internal.PlatformDependent - -Dio.netty.noPreferDirect: false
20:24:31.683 [main] DEBUG io.netty.util.internal.PlatformDependent - org.jctools-core.MpscChunkedArrayQueue: available
20:24:31.713 [main] DEBUG io.netty.util.internal.InternalThreadLocalMap - -Dio.netty.threadLocalMap.stringBuilder.initialSize: 1024
20:24:31.713 [main] DEBUG io.netty.util.internal.InternalThreadLocalMap - -Dio.netty.threadLocalMap.stringBuilder.maxSize: 4096
20:24:31.730 [main] DEBUG io.netty.handler.ssl.JdkSslContext - Default protocols (JDK): [TLSv1.3, TLSv1.2] 
20:24:31.730 [main] DEBUG io.netty.handler.ssl.JdkSslContext - Default cipher suites (JDK): [TLS_ECDHE_ECDSA_WITH_AES_256_GCM_SHA384, TLS_ECDHE_ECDSA_WITH_AES_128_GCM_SHA256, TLS_ECDHE_RSA_WITH_AES_128_GCM_SHA256, TLS_ECDHE_RSA_WITH_AES_256_GCM_SHA384, TLS_ECDHE_RSA_WITH_AES_128_CBC_SHA, TLS_ECDHE_RSA_WITH_AES_256_CBC_SHA, TLS_RSA_WITH_AES_128_GCM_SHA256, TLS_RSA_WITH_AES_128_CBC_SHA, TLS_RSA_WITH_AES_256_CBC_SHA, TLS_AES_128_GCM_SHA256, TLS_AES_256_GCM_SHA384]
20:24:31.747 [main] DEBUG io.netty.util.concurrent.GlobalEventExecutor - -Dio.netty.globalEventExecutor.quietPeriodSeconds: 1
20:24:31.778 [main] DEBUG io.netty.channel.MultithreadEventLoopGroup - -Dio.netty.eventLoopThreads: 16
20:24:31.793 [main] DEBUG io.netty.channel.nio.NioEventLoop - -Dio.netty.noKeySetOptimization: false
20:24:31.793 [main] DEBUG io.netty.channel.nio.NioEventLoop - -Dio.netty.selectorAutoRebuildThreshold: 512
20:24:31.854 [main] DEBUG io.netty.buffer.PooledByteBufAllocator - -Dio.netty.allocator.numHeapArenas: 16
20:24:31.855 [main] DEBUG io.netty.buffer.PooledByteBufAllocator - -Dio.netty.allocator.numDirectArenas: 16
20:24:31.855 [main] DEBUG io.netty.buffer.PooledByteBufAllocator - -Dio.netty.allocator.pageSize: 8192
20:24:31.855 [main] DEBUG io.netty.buffer.PooledByteBufAllocator - -Dio.netty.allocator.maxOrder: 9
20:24:31.855 [main] DEBUG io.netty.buffer.PooledByteBufAllocator - -Dio.netty.allocator.chunkSize: 4194304
20:24:31.855 [main] DEBUG io.netty.buffer.PooledByteBufAllocator - -Dio.netty.allocator.smallCacheSize: 256
20:24:31.855 [main] DEBUG io.netty.buffer.PooledByteBufAllocator - -Dio.netty.allocator.normalCacheSize: 64
20:24:31.855 [main] DEBUG io.netty.buffer.PooledByteBufAllocator - -Dio.netty.allocator.maxCachedBufferCapacity: 32768
20:24:31.855 [main] DEBUG io.netty.buffer.PooledByteBufAllocator - -Dio.netty.allocator.cacheTrimInterval: 8192
20:24:31.855 [main] DEBUG io.netty.buffer.PooledByteBufAllocator - -Dio.netty.allocator.cacheTrimIntervalMillis: 0
20:24:31.855 [main] DEBUG io.netty.buffer.PooledByteBufAllocator - -Dio.netty.allocator.useCacheForAllThreads: false
20:24:31.855 [main] DEBUG io.netty.buffer.PooledByteBufAllocator - -Dio.netty.allocator.maxCachedByteBuffersPerChunk: 1023
20:24:31.875 [main] DEBUG io.netty.buffer.ByteBufUtil - -Dio.netty.allocator.type: pooled
20:24:31.875 [main] DEBUG io.netty.buffer.ByteBufUtil - -Dio.netty.threadLocalDirectBufferSize: 0
20:24:31.875 [main] DEBUG io.netty.buffer.ByteBufUtil - -Dio.netty.maxThreadLocalCharBufferSize: 16384
20:24:32.340 [Forwarding newSession on session null to remote] DEBUG io.netty.channel.DefaultChannelId - -Dio.netty.processId: 15720 (auto-detected)
20:24:32.342 [Forwarding newSession on session null to remote] DEBUG io.netty.util.NetUtil - -Djava.net.preferIPv4Stack: false
20:24:32.342 [Forwarding newSession on session null to remote] DEBUG io.netty.util.NetUtil - -Djava.net.preferIPv6Addresses: false
20:24:32.355 [Forwarding newSession on session null to remote] DEBUG io.netty.util.NetUtilInitializations - Loopback interface: lo (Software Loopback Interface 1, 127.0.0.1)
20:24:32.356 [Forwarding newSession on session null to remote] DEBUG io.netty.util.NetUtil - Failed to get SOMAXCONN from sysctl and file \proc\sys\net\core\somaxconn. Default: 200
20:24:32.389 [Forwarding newSession on session null to remote] DEBUG io.netty.channel.DefaultChannelId - -Dio.netty.machineId: 80:45:dd:ff:fe:fb:a5:ea (auto-detected)
20:24:32.434 [AsyncHttpClient-1-2] DEBUG io.netty.buffer.AbstractByteBuf - -Dio.netty.buffer.checkAccessible: true
20:24:32.435 [AsyncHttpClient-1-2] DEBUG io.netty.buffer.AbstractByteBuf - -Dio.netty.buffer.checkBounds: true
20:24:32.435 [AsyncHttpClient-1-2] DEBUG io.netty.util.ResourceLeakDetectorFactory - Loaded default ResourceLeakDetector: io.netty.util.ResourceLeakDetector@12470272
20:24:32.453 [AsyncHttpClient-1-2] DEBUG org.asynchttpclient.netty.channel.NettyConnectListener - Using new Channel '[id: 0x6777022b, L:/127.0.0.1:59902 - R:localhost/127.0.0.1:24895]' for 'POST' to '/session'
20:24:32.470 [AsyncHttpClient-1-2] DEBUG io.netty.util.Recycler - -Dio.netty.recycler.maxCapacityPerThread: 4096
20:24:32.470 [AsyncHttpClient-1-2] DEBUG io.netty.util.Recycler - -Dio.netty.recycler.ratio: 8
20:24:32.470 [AsyncHttpClient-1-2] DEBUG io.netty.util.Recycler - -Dio.netty.recycler.chunkSize: 32
20:24:32.470 [AsyncHttpClient-1-2] DEBUG io.netty.util.Recycler - -Dio.netty.recycler.blocking: false
20:24:32.470 [AsyncHttpClient-1-2] DEBUG io.netty.util.Recycler - -Dio.netty.recycler.batchFastThreadLocalOnly: true
20:24:33.424 [AsyncHttpClient-1-2] DEBUG io.netty.handler.codec.compression.Brotli - brotli4j not in the classpath; Brotli support will be unavailable.
20:24:33.424 [AsyncHttpClient-1-2] DEBUG org.asynchttpclient.netty.handler.HttpHandler - 

Request DefaultHttpRequest(decodeResult: success, version: HTTP/1.1)
POST /session HTTP/1.1
User-Agent: selenium/4.8.3 (java windows)
Content-Length: 439
Content-Type: application/json; charset=utf-8
host: localhost:24895
accept: */*

Response DefaultHttpResponse(decodeResult: success, version: HTTP/1.1)
HTTP/1.1 200 OK
Content-Length: 863
Content-Type: application/json; charset=utf-8
cache-control: no-cache

20:24:33.439 [AsyncHttpClient-1-2] DEBUG org.asynchttpclient.netty.channel.ChannelManager - Adding key: http://localhost:24895 for channel [id: 0x6777022b, L:/127.0.0.1:59902 - R:localhost/127.0.0.1:24895]
20:24:33.668 [AsyncHttpClient-1-3] DEBUG org.asynchttpclient.netty.channel.NettyConnectListener - Using new Channel '[id: 0x57c2f89e, L:/127.0.0.1:59911 - R:localhost/127.0.0.1:59903]' for 'GET' to '/json/version'
20:24:33.675 [AsyncHttpClient-1-3] DEBUG org.asynchttpclient.netty.handler.HttpHandler - 

Request DefaultFullHttpRequest(decodeResult: success, version: HTTP/1.1, content: EmptyByteBufBE)
GET /json/version HTTP/1.1
User-Agent: selenium/4.8.3 (java windows)
host: localhost:59903
accept: */*

Response DefaultHttpResponse(decodeResult: success, version: HTTP/1.1)
HTTP/1.1 200 OK
Content-Security-Policy: frame-ancestors 'none'
Content-Length: 424
Content-Type: application/json; charset=UTF-8

20:24:33.676 [AsyncHttpClient-1-3] DEBUG org.asynchttpclient.netty.channel.ChannelManager - Adding key: http://localhost:59903 for channel [id: 0x57c2f89e, L:/127.0.0.1:59911 - R:localhost/127.0.0.1:59903]
20:24:33.698 [main] DEBUG io.netty.util.internal.ThreadLocalRandom - -Dio.netty.initialSeedUniquifier: 0xb0c4e48c55dd6bad
20:24:33.708 [AsyncHttpClient-1-4] DEBUG org.asynchttpclient.netty.channel.NettyConnectListener - Using new Channel '[id: 0xc46efebb, L:/127.0.0.1:59912 - R:localhost/127.0.0.1:59903]' for 'GET' to '/devtools/browser/40c8fda0-4ee9-4292-9ff8-3eef9283d0c0'
20:24:33.714 [AsyncHttpClient-1-4] DEBUG org.asynchttpclient.netty.handler.WebSocketHandler - 

Request DefaultFullHttpRequest(decodeResult: success, version: HTTP/1.1, content: EmptyByteBufBE)
GET /devtools/browser/40c8fda0-4ee9-4292-9ff8-3eef9283d0c0 HTTP/1.1
upgrade: websocket
connection: upgrade
sec-websocket-key: 9I3rYcQA7QtzE+wgNmO54w==
sec-websocket-version: 13
origin: http://localhost:59903
host: localhost:59903
accept: */*
user-agent: AHC/2.1

Response DefaultHttpResponse(decodeResult: success, version: HTTP/1.1)
HTTP/1.1 101 WebSocket Protocol Handshake
Upgrade: WebSocket
Connection: Upgrade
Sec-WebSocket-Accept: aP6pD4kvrw+xBEbO/yz/JZV3bt4=

20:24:33.820 [Forwarding setTimeout on session 9ef01f9bc8911814834accef1b1760d5 to remote] DEBUG org.asynchttpclient.netty.request.NettyRequestSender - Using pooled Channel '[id: 0x6777022b, L:/127.0.0.1:59902 - R:localhost/127.0.0.1:24895]' for 'POST' to 'http://localhost:24895/session/9ef01f9bc8911814834accef1b1760d5/timeouts'
20:24:33.820 [Forwarding setTimeout on session 9ef01f9bc8911814834accef1b1760d5 to remote] DEBUG org.asynchttpclient.netty.request.NettyRequestSender - Using open Channel [id: 0x6777022b, L:/127.0.0.1:59902 - R:localhost/127.0.0.1:24895] for POST '/session/9ef01f9bc8911814834accef1b1760d5/timeouts'
20:24:33.868 [AsyncHttpClient-1-2] DEBUG org.asynchttpclient.netty.handler.HttpHandler - 

Request DefaultHttpRequest(decodeResult: success, version: HTTP/1.1)
POST /session/9ef01f9bc8911814834accef1b1760d5/timeouts HTTP/1.1
User-Agent: selenium/4.8.3 (java windows)
Content-Length: 22
Content-Type: application/json; charset=utf-8
host: localhost:24895
accept: */*

Response DefaultHttpResponse(decodeResult: success, version: HTTP/1.1)
HTTP/1.1 200 OK
Content-Length: 14
Content-Type: application/json; charset=utf-8
cache-control: no-cache

20:24:33.869 [AsyncHttpClient-1-2] DEBUG org.asynchttpclient.netty.channel.ChannelManager - Adding key: http://localhost:24895 for channel [id: 0x6777022b, L:/127.0.0.1:59902 - R:localhost/127.0.0.1:24895]
20:24:33.874 [Forwarding maximizeCurrentWindow on session 9ef01f9bc8911814834accef1b1760d5 to remote] DEBUG org.asynchttpclient.netty.request.NettyRequestSender - Using pooled Channel '[id: 0x6777022b, L:/127.0.0.1:59902 - R:localhost/127.0.0.1:24895]' for 'POST' to 'http://localhost:24895/session/9ef01f9bc8911814834accef1b1760d5/window/maximize'
20:24:33.874 [Forwarding maximizeCurrentWindow on session 9ef01f9bc8911814834accef1b1760d5 to remote] DEBUG org.asynchttpclient.netty.request.NettyRequestSender - Using open Channel [id: 0x6777022b, L:/127.0.0.1:59902 - R:localhost/127.0.0.1:24895] for POST '/session/9ef01f9bc8911814834accef1b1760d5/window/maximize'
20:24:33.889 [AsyncHttpClient-1-1] DEBUG org.asynchttpclient.netty.channel.DefaultChannelPool - Entry count for : http://localhost:59903 : 1
20:24:34.044 [AsyncHttpClient-1-2] DEBUG org.asynchttpclient.netty.handler.HttpHandler - 

Request DefaultHttpRequest(decodeResult: success, version: HTTP/1.1)
POST /session/9ef01f9bc8911814834accef1b1760d5/window/maximize HTTP/1.1
User-Agent: selenium/4.8.3 (java windows)
Content-Length: 3
Content-Type: application/json; charset=utf-8
host: localhost:24895
accept: */*

Response DefaultHttpResponse(decodeResult: success, version: HTTP/1.1)
HTTP/1.1 200 OK
Content-Length: 51
Content-Type: application/json; charset=utf-8
cache-control: no-cache

20:24:34.044 [AsyncHttpClient-1-2] DEBUG org.asynchttpclient.netty.channel.ChannelManager - Adding key: http://localhost:24895 for channel [id: 0x6777022b, L:/127.0.0.1:59902 - R:localhost/127.0.0.1:24895]
20:24:34.047 [Forwarding get on session 9ef01f9bc8911814834accef1b1760d5 to remote] DEBUG org.asynchttpclient.netty.request.NettyRequestSender - Using pooled Channel '[id: 0x6777022b, L:/127.0.0.1:59902 - R:localhost/127.0.0.1:24895]' for 'POST' to 'http://localhost:24895/session/9ef01f9bc8911814834accef1b1760d5/url'
20:24:34.047 [Forwarding get on session 9ef01f9bc8911814834accef1b1760d5 to remote] DEBUG org.asynchttpclient.netty.request.NettyRequestSender - Using open Channel [id: 0x6777022b, L:/127.0.0.1:59902 - R:localhost/127.0.0.1:24895] for POST '/session/9ef01f9bc8911814834accef1b1760d5/url'
20:24:34.990 [AsyncHttpClient-1-1] DEBUG org.asynchttpclient.netty.channel.DefaultChannelPool - Entry count for : http://localhost:59903 : 1
20:24:35.724 [AsyncHttpClient-1-2] DEBUG org.asynchttpclient.netty.handler.HttpHandler - 

Request DefaultHttpRequest(decodeResult: success, version: HTTP/1.1)
POST /session/9ef01f9bc8911814834accef1b1760d5/url HTTP/1.1
User-Agent: selenium/4.8.3 (java windows)
Content-Length: 52
Content-Type: application/json; charset=utf-8
host: localhost:24895
accept: */*

Response DefaultHttpResponse(decodeResult: success, version: HTTP/1.1)
HTTP/1.1 200 OK
Content-Length: 14
Content-Type: application/json; charset=utf-8
cache-control: no-cache

20:24:35.724 [AsyncHttpClient-1-2] DEBUG org.asynchttpclient.netty.channel.ChannelManager - Adding key: http://localhost:24895 for channel [id: 0x6777022b, L:/127.0.0.1:59902 - R:localhost/127.0.0.1:24895]
2023-06-06 20:24:35 INFO  BaseTest:104 - Test driver set up done successfully**********
2023-06-06 20:24:35 INFO  BaseTest:122 - Logging in to portal
20:24:35.762 [Forwarding findElement on session 9ef01f9bc8911814834accef1b1760d5 to remote] DEBUG org.asynchttpclient.netty.request.NettyRequestSender - Using pooled Channel '[id: 0x6777022b, L:/127.0.0.1:59902 - R:localhost/127.0.0.1:24895]' for 'POST' to 'http://localhost:24895/session/9ef01f9bc8911814834accef1b1760d5/element'
20:24:35.762 [Forwarding findElement on session 9ef01f9bc8911814834accef1b1760d5 to remote] DEBUG org.asynchttpclient.netty.request.NettyRequestSender - Using open Channel [id: 0x6777022b, L:/127.0.0.1:59902 - R:localhost/127.0.0.1:24895] for POST '/session/9ef01f9bc8911814834accef1b1760d5/element'
20:24:35.779 [AsyncHttpClient-1-2] DEBUG org.asynchttpclient.netty.handler.HttpHandler - 

Request DefaultHttpRequest(decodeResult: success, version: HTTP/1.1)
POST /session/9ef01f9bc8911814834accef1b1760d5/element HTTP/1.1
User-Agent: selenium/4.8.3 (java windows)
Content-Length: 59
Content-Type: application/json; charset=utf-8
host: localhost:24895
accept: */*

Response DefaultHttpResponse(decodeResult: success, version: HTTP/1.1)
HTTP/1.1 200 OK
Content-Length: 95
Content-Type: application/json; charset=utf-8
cache-control: no-cache

20:24:35.780 [AsyncHttpClient-1-2] DEBUG org.asynchttpclient.netty.channel.ChannelManager - Adding key: http://localhost:24895 for channel [id: 0x6777022b, L:/127.0.0.1:59902 - R:localhost/127.0.0.1:24895]
20:24:35.784 [Forwarding clearElement on session 9ef01f9bc8911814834accef1b1760d5 to remote] DEBUG org.asynchttpclient.netty.request.NettyRequestSender - Using pooled Channel '[id: 0x6777022b, L:/127.0.0.1:59902 - R:localhost/127.0.0.1:24895]' for 'POST' to 'http://localhost:24895/session/9ef01f9bc8911814834accef1b1760d5/element/9352C203D8EC6712B215EC1FDD4A8C7D_element_29/clear'
20:24:35.784 [Forwarding clearElement on session 9ef01f9bc8911814834accef1b1760d5 to remote] DEBUG org.asynchttpclient.netty.request.NettyRequestSender - Using open Channel [id: 0x6777022b, L:/127.0.0.1:59902 - R:localhost/127.0.0.1:24895] for POST '/session/9ef01f9bc8911814834accef1b1760d5/element/9352C203D8EC6712B215EC1FDD4A8C7D_element_29/clear'
20:24:35.838 [AsyncHttpClient-1-2] DEBUG org.asynchttpclient.netty.handler.HttpHandler - 

Request DefaultHttpRequest(decodeResult: success, version: HTTP/1.1)
POST /session/9ef01f9bc8911814834accef1b1760d5/element/9352C203D8EC6712B215EC1FDD4A8C7D_element_29/clear HTTP/1.1
User-Agent: selenium/4.8.3 (java windows)
Content-Length: 57
Content-Type: application/json; charset=utf-8
host: localhost:24895
accept: */*

Response DefaultHttpResponse(decodeResult: success, version: HTTP/1.1)
HTTP/1.1 200 OK
Content-Length: 14
Content-Type: application/json; charset=utf-8
cache-control: no-cache

20:24:35.838 [AsyncHttpClient-1-2] DEBUG org.asynchttpclient.netty.channel.ChannelManager - Adding key: http://localhost:24895 for channel [id: 0x6777022b, L:/127.0.0.1:59902 - R:localhost/127.0.0.1:24895]
20:24:35.841 [Forwarding findElement on session 9ef01f9bc8911814834accef1b1760d5 to remote] DEBUG org.asynchttpclient.netty.request.NettyRequestSender - Using pooled Channel '[id: 0x6777022b, L:/127.0.0.1:59902 - R:localhost/127.0.0.1:24895]' for 'POST' to 'http://localhost:24895/session/9ef01f9bc8911814834accef1b1760d5/element'
20:24:35.841 [Forwarding findElement on session 9ef01f9bc8911814834accef1b1760d5 to remote] DEBUG org.asynchttpclient.netty.request.NettyRequestSender - Using open Channel [id: 0x6777022b, L:/127.0.0.1:59902 - R:localhost/127.0.0.1:24895] for POST '/session/9ef01f9bc8911814834accef1b1760d5/element'
20:24:35.856 [AsyncHttpClient-1-2] DEBUG org.asynchttpclient.netty.handler.HttpHandler - 

Request DefaultHttpRequest(decodeResult: success, version: HTTP/1.1)
POST /session/9ef01f9bc8911814834accef1b1760d5/element HTTP/1.1
User-Agent: selenium/4.8.3 (java windows)
Content-Length: 59
Content-Type: application/json; charset=utf-8
host: localhost:24895
accept: */*

Response DefaultHttpResponse(decodeResult: success, version: HTTP/1.1)
HTTP/1.1 200 OK
Content-Length: 95
Content-Type: application/json; charset=utf-8
cache-control: no-cache

20:24:35.856 [AsyncHttpClient-1-2] DEBUG org.asynchttpclient.netty.channel.ChannelManager - Adding key: http://localhost:24895 for channel [id: 0x6777022b, L:/127.0.0.1:59902 - R:localhost/127.0.0.1:24895]
20:24:35.866 [Forwarding sendKeysToElement on session 9ef01f9bc8911814834accef1b1760d5 to remote] DEBUG org.asynchttpclient.netty.request.NettyRequestSender - Using pooled Channel '[id: 0x6777022b, L:/127.0.0.1:59902 - R:localhost/127.0.0.1:24895]' for 'POST' to 'http://localhost:24895/session/9ef01f9bc8911814834accef1b1760d5/element/9352C203D8EC6712B215EC1FDD4A8C7D_element_29/value'
20:24:35.866 [Forwarding sendKeysToElement on session 9ef01f9bc8911814834accef1b1760d5 to remote] DEBUG org.asynchttpclient.netty.request.NettyRequestSender - Using open Channel [id: 0x6777022b, L:/127.0.0.1:59902 - R:localhost/127.0.0.1:24895] for POST '/session/9ef01f9bc8911814834accef1b1760d5/element/9352C203D8EC6712B215EC1FDD4A8C7D_element_29/value'
20:24:35.996 [AsyncHttpClient-1-2] DEBUG org.asynchttpclient.netty.handler.HttpHandler - 

Request DefaultHttpRequest(decodeResult: success, version: HTTP/1.1)
POST /session/9ef01f9bc8911814834accef1b1760d5/element/9352C203D8EC6712B215EC1FDD4A8C7D_element_29/value HTTP/1.1
User-Agent: selenium/4.8.3 (java windows)
Content-Length: 188
Content-Type: application/json; charset=utf-8
host: localhost:24895
accept: */*

Response DefaultHttpResponse(decodeResult: success, version: HTTP/1.1)
HTTP/1.1 200 OK
Content-Length: 14
Content-Type: application/json; charset=utf-8
cache-control: no-cache

20:24:35.996 [AsyncHttpClient-1-2] DEBUG org.asynchttpclient.netty.channel.ChannelManager - Adding key: http://localhost:24895 for channel [id: 0x6777022b, L:/127.0.0.1:59902 - R:localhost/127.0.0.1:24895]
20:24:35.999 [Forwarding findElement on session 9ef01f9bc8911814834accef1b1760d5 to remote] DEBUG org.asynchttpclient.netty.request.NettyRequestSender - Using pooled Channel '[id: 0x6777022b, L:/127.0.0.1:59902 - R:localhost/127.0.0.1:24895]' for 'POST' to 'http://localhost:24895/session/9ef01f9bc8911814834accef1b1760d5/element'
20:24:36.000 [Forwarding findElement on session 9ef01f9bc8911814834accef1b1760d5 to remote] DEBUG org.asynchttpclient.netty.request.NettyRequestSender - Using open Channel [id: 0x6777022b, L:/127.0.0.1:59902 - R:localhost/127.0.0.1:24895] for POST '/session/9ef01f9bc8911814834accef1b1760d5/element'
20:24:36.020 [AsyncHttpClient-1-2] DEBUG org.asynchttpclient.netty.handler.HttpHandler - 

Request DefaultHttpRequest(decodeResult: success, version: HTTP/1.1)
POST /session/9ef01f9bc8911814834accef1b1760d5/element HTTP/1.1
User-Agent: selenium/4.8.3 (java windows)
Content-Length: 62
Content-Type: application/json; charset=utf-8
host: localhost:24895
accept: */*

Response DefaultHttpResponse(decodeResult: success, version: HTTP/1.1)
HTTP/1.1 200 OK
Content-Length: 95
Content-Type: application/json; charset=utf-8
cache-control: no-cache

20:24:36.021 [AsyncHttpClient-1-2] DEBUG org.asynchttpclient.netty.channel.ChannelManager - Adding key: http://localhost:24895 for channel [id: 0x6777022b, L:/127.0.0.1:59902 - R:localhost/127.0.0.1:24895]
20:24:36.024 [Forwarding clearElement on session 9ef01f9bc8911814834accef1b1760d5 to remote] DEBUG org.asynchttpclient.netty.request.NettyRequestSender - Using pooled Channel '[id: 0x6777022b, L:/127.0.0.1:59902 - R:localhost/127.0.0.1:24895]' for 'POST' to 'http://localhost:24895/session/9ef01f9bc8911814834accef1b1760d5/element/9352C203D8EC6712B215EC1FDD4A8C7D_element_31/clear'
20:24:36.024 [Forwarding clearElement on session 9ef01f9bc8911814834accef1b1760d5 to remote] DEBUG org.asynchttpclient.netty.request.NettyRequestSender - Using open Channel [id: 0x6777022b, L:/127.0.0.1:59902 - R:localhost/127.0.0.1:24895] for POST '/session/9ef01f9bc8911814834accef1b1760d5/element/9352C203D8EC6712B215EC1FDD4A8C7D_element_31/clear'
20:24:36.058 [AsyncHttpClient-1-2] DEBUG org.asynchttpclient.netty.handler.HttpHandler - 

Request DefaultHttpRequest(decodeResult: success, version: HTTP/1.1)
POST /session/9ef01f9bc8911814834accef1b1760d5/element/9352C203D8EC6712B215EC1FDD4A8C7D_element_31/clear HTTP/1.1
User-Agent: selenium/4.8.3 (java windows)
Content-Length: 57
Content-Type: application/json; charset=utf-8
host: localhost:24895
accept: */*

Response DefaultHttpResponse(decodeResult: success, version: HTTP/1.1)
HTTP/1.1 200 OK
Content-Length: 14
Content-Type: application/json; charset=utf-8
cache-control: no-cache

20:24:36.058 [AsyncHttpClient-1-2] DEBUG org.asynchttpclient.netty.channel.ChannelManager - Adding key: http://localhost:24895 for channel [id: 0x6777022b, L:/127.0.0.1:59902 - R:localhost/127.0.0.1:24895]
20:24:36.060 [Forwarding findElement on session 9ef01f9bc8911814834accef1b1760d5 to remote] DEBUG org.asynchttpclient.netty.request.NettyRequestSender - Using pooled Channel '[id: 0x6777022b, L:/127.0.0.1:59902 - R:localhost/127.0.0.1:24895]' for 'POST' to 'http://localhost:24895/session/9ef01f9bc8911814834accef1b1760d5/element'
20:24:36.061 [Forwarding findElement on session 9ef01f9bc8911814834accef1b1760d5 to remote] DEBUG org.asynchttpclient.netty.request.NettyRequestSender - Using open Channel [id: 0x6777022b, L:/127.0.0.1:59902 - R:localhost/127.0.0.1:24895] for POST '/session/9ef01f9bc8911814834accef1b1760d5/element'
20:24:36.071 [AsyncHttpClient-1-2] DEBUG org.asynchttpclient.netty.handler.HttpHandler - 

Request DefaultHttpRequest(decodeResult: success, version: HTTP/1.1)
POST /session/9ef01f9bc8911814834accef1b1760d5/element HTTP/1.1
User-Agent: selenium/4.8.3 (java windows)
Content-Length: 62
Content-Type: application/json; charset=utf-8
host: localhost:24895
accept: */*

Response DefaultHttpResponse(decodeResult: success, version: HTTP/1.1)
HTTP/1.1 200 OK
Content-Length: 95
Content-Type: application/json; charset=utf-8
cache-control: no-cache

20:24:36.071 [AsyncHttpClient-1-2] DEBUG org.asynchttpclient.netty.channel.ChannelManager - Adding key: http://localhost:24895 for channel [id: 0x6777022b, L:/127.0.0.1:59902 - R:localhost/127.0.0.1:24895]
20:24:36.075 [Forwarding sendKeysToElement on session 9ef01f9bc8911814834accef1b1760d5 to remote] DEBUG org.asynchttpclient.netty.request.NettyRequestSender - Using pooled Channel '[id: 0x6777022b, L:/127.0.0.1:59902 - R:localhost/127.0.0.1:24895]' for 'POST' to 'http://localhost:24895/session/9ef01f9bc8911814834accef1b1760d5/element/9352C203D8EC6712B215EC1FDD4A8C7D_element_31/value'
20:24:36.075 [Forwarding sendKeysToElement on session 9ef01f9bc8911814834accef1b1760d5 to remote] DEBUG org.asynchttpclient.netty.request.NettyRequestSender - Using open Channel [id: 0x6777022b, L:/127.0.0.1:59902 - R:localhost/127.0.0.1:24895] for POST '/session/9ef01f9bc8911814834accef1b1760d5/element/9352C203D8EC6712B215EC1FDD4A8C7D_element_31/value'
20:24:36.108 [AsyncHttpClient-1-1] DEBUG org.asynchttpclient.netty.channel.DefaultChannelPool - Entry count for : http://localhost:59903 : 1
20:24:36.188 [AsyncHttpClient-1-2] DEBUG org.asynchttpclient.netty.handler.HttpHandler - 

Request DefaultHttpRequest(decodeResult: success, version: HTTP/1.1)
POST /session/9ef01f9bc8911814834accef1b1760d5/element/9352C203D8EC6712B215EC1FDD4A8C7D_element_31/value HTTP/1.1
User-Agent: selenium/4.8.3 (java windows)
Content-Length: 148
Content-Type: application/json; charset=utf-8
host: localhost:24895
accept: */*

Response DefaultHttpResponse(decodeResult: success, version: HTTP/1.1)
HTTP/1.1 200 OK
Content-Length: 14
Content-Type: application/json; charset=utf-8
cache-control: no-cache

20:24:36.189 [AsyncHttpClient-1-2] DEBUG org.asynchttpclient.netty.channel.ChannelManager - Adding key: http://localhost:24895 for channel [id: 0x6777022b, L:/127.0.0.1:59902 - R:localhost/127.0.0.1:24895]
20:24:36.191 [Forwarding findElement on session 9ef01f9bc8911814834accef1b1760d5 to remote] DEBUG org.asynchttpclient.netty.request.NettyRequestSender - Using pooled Channel '[id: 0x6777022b, L:/127.0.0.1:59902 - R:localhost/127.0.0.1:24895]' for 'POST' to 'http://localhost:24895/session/9ef01f9bc8911814834accef1b1760d5/element'
20:24:36.191 [Forwarding findElement on session 9ef01f9bc8911814834accef1b1760d5 to remote] DEBUG org.asynchttpclient.netty.request.NettyRequestSender - Using open Channel [id: 0x6777022b, L:/127.0.0.1:59902 - R:localhost/127.0.0.1:24895] for POST '/session/9ef01f9bc8911814834accef1b1760d5/element'
20:24:36.207 [AsyncHttpClient-1-2] DEBUG org.asynchttpclient.netty.handler.HttpHandler - 

Request DefaultHttpRequest(decodeResult: success, version: HTTP/1.1)
POST /session/9ef01f9bc8911814834accef1b1760d5/element HTTP/1.1
User-Agent: selenium/4.8.3 (java windows)
Content-Length: 71
Content-Type: application/json; charset=utf-8
host: localhost:24895
accept: */*

Response DefaultHttpResponse(decodeResult: success, version: HTTP/1.1)
HTTP/1.1 200 OK
Content-Length: 95
Content-Type: application/json; charset=utf-8
cache-control: no-cache

20:24:36.207 [AsyncHttpClient-1-2] DEBUG org.asynchttpclient.netty.channel.ChannelManager - Adding key: http://localhost:24895 for channel [id: 0x6777022b, L:/127.0.0.1:59902 - R:localhost/127.0.0.1:24895]
20:24:36.209 [Forwarding clickElement on session 9ef01f9bc8911814834accef1b1760d5 to remote] DEBUG org.asynchttpclient.netty.request.NettyRequestSender - Using pooled Channel '[id: 0x6777022b, L:/127.0.0.1:59902 - R:localhost/127.0.0.1:24895]' for 'POST' to 'http://localhost:24895/session/9ef01f9bc8911814834accef1b1760d5/element/9352C203D8EC6712B215EC1FDD4A8C7D_element_32/click'
20:24:36.209 [Forwarding clickElement on session 9ef01f9bc8911814834accef1b1760d5 to remote] DEBUG org.asynchttpclient.netty.request.NettyRequestSender - Using open Channel [id: 0x6777022b, L:/127.0.0.1:59902 - R:localhost/127.0.0.1:24895] for POST '/session/9ef01f9bc8911814834accef1b1760d5/element/9352C203D8EC6712B215EC1FDD4A8C7D_element_32/click'
20:24:36.262 [AsyncHttpClient-1-2] DEBUG org.asynchttpclient.netty.handler.HttpHandler - 

Request DefaultHttpRequest(decodeResult: success, version: HTTP/1.1)
POST /session/9ef01f9bc8911814834accef1b1760d5/element/9352C203D8EC6712B215EC1FDD4A8C7D_element_32/click HTTP/1.1
User-Agent: selenium/4.8.3 (java windows)
Content-Length: 57
Content-Type: application/json; charset=utf-8
host: localhost:24895
accept: */*

Response DefaultHttpResponse(decodeResult: success, version: HTTP/1.1)
HTTP/1.1 200 OK
Content-Length: 14
Content-Type: application/json; charset=utf-8
cache-control: no-cache

20:24:36.262 [AsyncHttpClient-1-2] DEBUG org.asynchttpclient.netty.channel.ChannelManager - Adding key: http://localhost:24895 for channel [id: 0x6777022b, L:/127.0.0.1:59902 - R:localhost/127.0.0.1:24895]
2023-06-06 20:24:36 INFO  BaseTest:126 - Logged in
20:24:36.271 [rp-io-17] DEBUG com.epam.reportportal.service.Launch - Starting test item...rp-io-17
2023-06-06 20:24:36 INFO  Listeners:34 - Started Test null
20:24:36.284 [rp-io-14] DEBUG com.epam.reportportal.service.Launch - TestItem with ID = 'cea371c9-b007-41ae-9ceb-2545d431423c' successfully finished.
20:24:36.284 [rp-io-14] DEBUG com.epam.reportportal.utils.SubscriptionUtils - Finish test item completed
20:24:36.285 [Forwarding findElement on session 9ef01f9bc8911814834accef1b1760d5 to remote] DEBUG org.asynchttpclient.netty.request.NettyRequestSender - Using pooled Channel '[id: 0x6777022b, L:/127.0.0.1:59902 - R:localhost/127.0.0.1:24895]' for 'POST' to 'http://localhost:24895/session/9ef01f9bc8911814834accef1b1760d5/element'
20:24:36.285 [Forwarding findElement on session 9ef01f9bc8911814834accef1b1760d5 to remote] DEBUG org.asynchttpclient.netty.request.NettyRequestSender - Using open Channel [id: 0x6777022b, L:/127.0.0.1:59902 - R:localhost/127.0.0.1:24895] for POST '/session/9ef01f9bc8911814834accef1b1760d5/element'
20:24:36.307 [rp-io-19] DEBUG com.epam.reportportal.service.Launch - ReportPortal item with ID '473ba0a5-fbb3-433a-ac79-62e869f46ccd' has been created
20:24:36.307 [rp-io-19] DEBUG com.epam.reportportal.utils.SubscriptionUtils - Start test item successfully completed
20:24:36.675 [AsyncHttpClient-1-2] DEBUG org.asynchttpclient.netty.handler.HttpHandler - 

Request DefaultHttpRequest(decodeResult: success, version: HTTP/1.1)
POST /session/9ef01f9bc8911814834accef1b1760d5/element HTTP/1.1
User-Agent: selenium/4.8.3 (java windows)
Content-Length: 168
Content-Type: application/json; charset=utf-8
host: localhost:24895
accept: */*

Response DefaultHttpResponse(decodeResult: success, version: HTTP/1.1)
HTTP/1.1 200 OK
Content-Length: 95
Content-Type: application/json; charset=utf-8
cache-control: no-cache

20:24:36.676 [AsyncHttpClient-1-2] DEBUG org.asynchttpclient.netty.channel.ChannelManager - Adding key: http://localhost:24895 for channel [id: 0x6777022b, L:/127.0.0.1:59902 - R:localhost/127.0.0.1:24895]
20:24:36.678 [Forwarding clickElement on session 9ef01f9bc8911814834accef1b1760d5 to remote] DEBUG org.asynchttpclient.netty.request.NettyRequestSender - Using pooled Channel '[id: 0x6777022b, L:/127.0.0.1:59902 - R:localhost/127.0.0.1:24895]' for 'POST' to 'http://localhost:24895/session/9ef01f9bc8911814834accef1b1760d5/element/9352C203D8EC6712B215EC1FDD4A8C7D_element_39/click'
20:24:36.678 [Forwarding clickElement on session 9ef01f9bc8911814834accef1b1760d5 to remote] DEBUG org.asynchttpclient.netty.request.NettyRequestSender - Using open Channel [id: 0x6777022b, L:/127.0.0.1:59902 - R:localhost/127.0.0.1:24895] for POST '/session/9ef01f9bc8911814834accef1b1760d5/element/9352C203D8EC6712B215EC1FDD4A8C7D_element_39/click'
20:24:36.993 [AsyncHttpClient-1-2] DEBUG org.asynchttpclient.netty.handler.HttpHandler - 

Request DefaultHttpRequest(decodeResult: success, version: HTTP/1.1)
POST /session/9ef01f9bc8911814834accef1b1760d5/element/9352C203D8EC6712B215EC1FDD4A8C7D_element_39/click HTTP/1.1
User-Agent: selenium/4.8.3 (java windows)
Content-Length: 57
Content-Type: application/json; charset=utf-8
host: localhost:24895
accept: */*

Response DefaultHttpResponse(decodeResult: success, version: HTTP/1.1)
HTTP/1.1 200 OK
Content-Length: 14
Content-Type: application/json; charset=utf-8
cache-control: no-cache

20:24:36.994 [AsyncHttpClient-1-2] DEBUG org.asynchttpclient.netty.channel.ChannelManager - Adding key: http://localhost:24895 for channel [id: 0x6777022b, L:/127.0.0.1:59902 - R:localhost/127.0.0.1:24895]
20:24:36.997 [Forwarding findElement on session 9ef01f9bc8911814834accef1b1760d5 to remote] DEBUG org.asynchttpclient.netty.request.NettyRequestSender - Using pooled Channel '[id: 0x6777022b, L:/127.0.0.1:59902 - R:localhost/127.0.0.1:24895]' for 'POST' to 'http://localhost:24895/session/9ef01f9bc8911814834accef1b1760d5/element'
20:24:36.997 [Forwarding findElement on session 9ef01f9bc8911814834accef1b1760d5 to remote] DEBUG org.asynchttpclient.netty.request.NettyRequestSender - Using open Channel [id: 0x6777022b, L:/127.0.0.1:59902 - R:localhost/127.0.0.1:24895] for POST '/session/9ef01f9bc8911814834accef1b1760d5/element'
20:24:37.050 [AsyncHttpClient-1-2] DEBUG org.asynchttpclient.netty.handler.HttpHandler - 

Request DefaultHttpRequest(decodeResult: success, version: HTTP/1.1)
POST /session/9ef01f9bc8911814834accef1b1760d5/element HTTP/1.1
User-Agent: selenium/4.8.3 (java windows)
Content-Length: 83
Content-Type: application/json; charset=utf-8
host: localhost:24895
accept: */*

Response DefaultHttpResponse(decodeResult: success, version: HTTP/1.1)
HTTP/1.1 200 OK
Content-Length: 95
Content-Type: application/json; charset=utf-8
cache-control: no-cache

20:24:37.050 [AsyncHttpClient-1-2] DEBUG org.asynchttpclient.netty.channel.ChannelManager - Adding key: http://localhost:24895 for channel [id: 0x6777022b, L:/127.0.0.1:59902 - R:localhost/127.0.0.1:24895]
20:24:37.057 [Forwarding executeScript on session 9ef01f9bc8911814834accef1b1760d5 to remote] DEBUG org.asynchttpclient.netty.request.NettyRequestSender - Using pooled Channel '[id: 0x6777022b, L:/127.0.0.1:59902 - R:localhost/127.0.0.1:24895]' for 'POST' to 'http://localhost:24895/session/9ef01f9bc8911814834accef1b1760d5/execute/sync'
20:24:37.058 [Forwarding executeScript on session 9ef01f9bc8911814834accef1b1760d5 to remote] DEBUG org.asynchttpclient.netty.request.NettyRequestSender - Using open Channel [id: 0x6777022b, L:/127.0.0.1:59902 - R:localhost/127.0.0.1:24895] for POST '/session/9ef01f9bc8911814834accef1b1760d5/execute/sync'
20:24:37.070 [AsyncHttpClient-1-2] DEBUG org.asynchttpclient.netty.handler.HttpHandler - 

Request DefaultHttpRequest(decodeResult: success, version: HTTP/1.1)
POST /session/9ef01f9bc8911814834accef1b1760d5/execute/sync HTTP/1.1
User-Agent: selenium/4.8.3 (java windows)
Content-Length: 232
Content-Type: application/json; charset=utf-8
host: localhost:24895
accept: */*

Response DefaultHttpResponse(decodeResult: success, version: HTTP/1.1)
HTTP/1.1 200 OK
Content-Length: 14
Content-Type: application/json; charset=utf-8
cache-control: no-cache

20:24:37.071 [AsyncHttpClient-1-2] DEBUG org.asynchttpclient.netty.channel.ChannelManager - Adding key: http://localhost:24895 for channel [id: 0x6777022b, L:/127.0.0.1:59902 - R:localhost/127.0.0.1:24895]
20:24:37.075 [Forwarding findElement on session 9ef01f9bc8911814834accef1b1760d5 to remote] DEBUG org.asynchttpclient.netty.request.NettyRequestSender - Using pooled Channel '[id: 0x6777022b, L:/127.0.0.1:59902 - R:localhost/127.0.0.1:24895]' for 'POST' to 'http://localhost:24895/session/9ef01f9bc8911814834accef1b1760d5/element'
20:24:37.075 [Forwarding findElement on session 9ef01f9bc8911814834accef1b1760d5 to remote] DEBUG org.asynchttpclient.netty.request.NettyRequestSender - Using open Channel [id: 0x6777022b, L:/127.0.0.1:59902 - R:localhost/127.0.0.1:24895] for POST '/session/9ef01f9bc8911814834accef1b1760d5/element'
20:24:37.146 [AsyncHttpClient-1-2] DEBUG org.asynchttpclient.netty.handler.HttpHandler - 

Request DefaultHttpRequest(decodeResult: success, version: HTTP/1.1)
POST /session/9ef01f9bc8911814834accef1b1760d5/element HTTP/1.1
User-Agent: selenium/4.8.3 (java windows)
Content-Length: 83
Content-Type: application/json; charset=utf-8
host: localhost:24895
accept: */*

Response DefaultHttpResponse(decodeResult: success, version: HTTP/1.1)
HTTP/1.1 200 OK
Content-Length: 95
Content-Type: application/json; charset=utf-8
cache-control: no-cache

20:24:37.146 [AsyncHttpClient-1-2] DEBUG org.asynchttpclient.netty.channel.ChannelManager - Adding key: http://localhost:24895 for channel [id: 0x6777022b, L:/127.0.0.1:59902 - R:localhost/127.0.0.1:24895]
20:24:37.161 [Forwarding isElementDisplayed on session 9ef01f9bc8911814834accef1b1760d5 to remote] DEBUG org.asynchttpclient.netty.request.NettyRequestSender - Using pooled Channel '[id: 0x6777022b, L:/127.0.0.1:59902 - R:localhost/127.0.0.1:24895]' for 'POST' to 'http://localhost:24895/session/9ef01f9bc8911814834accef1b1760d5/execute/sync'
20:24:37.161 [Forwarding isElementDisplayed on session 9ef01f9bc8911814834accef1b1760d5 to remote] DEBUG org.asynchttpclient.netty.request.NettyRequestSender - Using open Channel [id: 0x6777022b, L:/127.0.0.1:59902 - R:localhost/127.0.0.1:24895] for POST '/session/9ef01f9bc8911814834accef1b1760d5/execute/sync'
20:24:37.186 [AsyncHttpClient-1-2] DEBUG org.asynchttpclient.netty.handler.HttpHandler - 

Request DefaultHttpRequest(decodeResult: success, version: HTTP/1.1)
POST /session/9ef01f9bc8911814834accef1b1760d5/execute/sync HTTP/1.1
User-Agent: selenium/4.8.3 (java windows)
Content-Length: 48814
Content-Type: application/json; charset=utf-8
host: localhost:24895
accept: */*

Response DefaultHttpResponse(decodeResult: success, version: HTTP/1.1)
HTTP/1.1 200 OK
Content-Length: 14
Content-Type: application/json; charset=utf-8
cache-control: no-cache

20:24:37.187 [AsyncHttpClient-1-2] DEBUG org.asynchttpclient.netty.channel.ChannelManager - Adding key: http://localhost:24895 for channel [id: 0x6777022b, L:/127.0.0.1:59902 - R:localhost/127.0.0.1:24895]
20:24:37.190 [AsyncHttpClient-1-1] DEBUG org.asynchttpclient.netty.channel.DefaultChannelPool - Entry count for : http://localhost:59903 : 1
20:24:37.190 [AsyncHttpClient-1-1] DEBUG org.asynchttpclient.netty.channel.DefaultChannelPool - Entry count for : http://localhost:24895 : 1
2023-06-06 20:24:37 INFO  Listeners:38 - Succeeded Test null
]]></system-out>
    <system-err><![CDATA[Starting ChromeDriver 114.0.5735.90 (386bc09e8f4f2e025eddae123f36f6263096ae49-refs/branch-heads/5735@{#1052}) on port 24895
Only local connections are allowed.
Please see https://chromedriver.chromium.org/security-considerations for suggestions on keeping ChromeDriver safe.
ChromeDriver was started successfully.
Jun 06, 2023 8:24:33 PM org.openqa.selenium.devtools.CdpVersionFinder findNearestMatch
WARNING: Unable to find an exact match for CDP version 114, so returning the closest version found: 111
]]></system-err>
  </testcase>
  <testcase name="searchDashboardNameDP[LAUNCH STATISTICS BAR](2)" classname="alltests.uitest.coreTest.DashboardPageTest" time="2">
    <system-out><![CDATA[20:24:37.199 [rp-io-23] DEBUG com.epam.reportportal.service.Launch - Starting test item...rp-io-23
20:24:37.216 [Driver Command Executor] DEBUG org.asynchttpclient.netty.request.NettyRequestSender - Using pooled Channel '[id: 0x6777022b, L:/127.0.0.1:59902 - R:localhost/127.0.0.1:24895]' for 'DELETE' to 'http://localhost:24895/session/9ef01f9bc8911814834accef1b1760d5'
20:24:37.216 [Driver Command Executor] DEBUG org.asynchttpclient.netty.request.NettyRequestSender - Using open Channel [id: 0x6777022b, L:/127.0.0.1:59902 - R:localhost/127.0.0.1:24895] for DELETE '/session/9ef01f9bc8911814834accef1b1760d5'
20:24:37.221 [rp-io-23] DEBUG com.epam.reportportal.service.Launch - ReportPortal item with ID '4ccc063e-3bfb-4958-8e6d-12c7d3337390' has been created
20:24:37.221 [rp-io-23] DEBUG com.epam.reportportal.utils.SubscriptionUtils - Start test item successfully completed
20:24:37.221 [rp-io-21] DEBUG com.epam.reportportal.service.Launch - TestItem with ID = '473ba0a5-fbb3-433a-ac79-62e869f46ccd' successfully finished.
20:24:37.221 [rp-io-21] DEBUG com.epam.reportportal.utils.SubscriptionUtils - Finish test item completed
20:24:37.221 [AsyncHttpClient-1-4] DEBUG org.asynchttpclient.netty.handler.WebSocketHandler - Channel Closed: [id: 0xc46efebb, L:/127.0.0.1:59912 ! R:localhost/127.0.0.1:59903] with attribute NettyResponseFuture{currentRetry=0,
	isDone=1,
	isCancelled=0,
	asyncHandler=org.asynchttpclient.ws.WebSocketUpgradeHandler@52f17384,
	nettyRequest=org.asynchttpclient.netty.request.NettyRequest@753da75d,
	future=java.util.concurrent.CompletableFuture@6c79e42b[Completed normally],
	uri=ws://localhost:59903/devtools/browser/40c8fda0-4ee9-4292-9ff8-3eef9283d0c0,
	keepAlive=true,
	redirectCount=0,
	timeoutsHolder=null,
	inAuth=0,
	touch=1686075873737}
20:24:37.222 [AsyncHttpClient-1-4] DEBUG org.asynchttpclient.netty.channel.ChannelManager - Closing Channel [id: 0xc46efebb, L:/127.0.0.1:59912 ! R:localhost/127.0.0.1:59903] 
20:24:37.263 [AsyncHttpClient-1-3] DEBUG org.asynchttpclient.netty.handler.HttpHandler - Unexpected I/O exception on channel [id: 0x57c2f89e, L:/127.0.0.1:59911 - R:localhost/127.0.0.1:59903]
java.net.SocketException: Connection reset
	at java.base/sun.nio.ch.SocketChannelImpl.throwConnectionReset(SocketChannelImpl.java:394)
	at java.base/sun.nio.ch.SocketChannelImpl.read(SocketChannelImpl.java:426)
	at io.netty.buffer.PooledByteBuf.setBytes(PooledByteBuf.java:256)
	at io.netty.buffer.AbstractByteBuf.writeBytes(AbstractByteBuf.java:1132)
	at io.netty.channel.socket.nio.NioSocketChannel.doReadBytes(NioSocketChannel.java:357)
	at io.netty.channel.nio.AbstractNioByteChannel$NioByteUnsafe.read(AbstractNioByteChannel.java:151)
	at io.netty.channel.nio.NioEventLoop.processSelectedKey(NioEventLoop.java:788)
	at io.netty.channel.nio.NioEventLoop.processSelectedKeysOptimized(NioEventLoop.java:724)
	at io.netty.channel.nio.NioEventLoop.processSelectedKeys(NioEventLoop.java:650)
	at io.netty.channel.nio.NioEventLoop.run(NioEventLoop.java:562)
	at io.netty.util.concurrent.SingleThreadEventExecutor$4.run(SingleThreadEventExecutor.java:997)
	at io.netty.util.internal.ThreadExecutorMap$2.run(ThreadExecutorMap.java:74)
	at io.netty.util.concurrent.FastThreadLocalRunnable.run(FastThreadLocalRunnable.java:30)
	at java.base/java.lang.Thread.run(Thread.java:833)
20:24:37.263 [AsyncHttpClient-1-3] DEBUG org.asynchttpclient.netty.channel.ChannelManager - Closing Channel [id: 0x57c2f89e, L:/127.0.0.1:59911 - R:localhost/127.0.0.1:59903] 
20:24:37.265 [AsyncHttpClient-1-3] DEBUG org.asynchttpclient.netty.handler.HttpHandler - Channel Closed: [id: 0x57c2f89e, L:/127.0.0.1:59911 ! R:localhost/127.0.0.1:59903] with attribute DISCARD
20:24:37.276 [AsyncHttpClient-1-2] DEBUG org.asynchttpclient.netty.handler.HttpHandler - 

Request DefaultFullHttpRequest(decodeResult: success, version: HTTP/1.1, content: EmptyByteBufBE)
DELETE /session/9ef01f9bc8911814834accef1b1760d5 HTTP/1.1
User-Agent: selenium/4.8.3 (java windows)
Content-Type: application/json; charset=utf-8
host: localhost:24895
accept: */*

Response DefaultHttpResponse(decodeResult: success, version: HTTP/1.1)
HTTP/1.1 200 OK
Content-Length: 14
Content-Type: application/json; charset=utf-8
cache-control: no-cache

20:24:37.277 [AsyncHttpClient-1-2] DEBUG org.asynchttpclient.netty.channel.ChannelManager - Adding key: http://localhost:24895 for channel [id: 0x6777022b, L:/127.0.0.1:59902 - R:localhost/127.0.0.1:24895]
20:24:37.344 [AsyncHttpClient-1-2] DEBUG org.asynchttpclient.netty.handler.HttpHandler - Channel Closed: [id: 0x6777022b, L:/127.0.0.1:59902 ! R:localhost/127.0.0.1:24895] with attribute DISCARD
2023-06-06 20:24:37 INFO  BaseTest:83 - Test executed**********
20:24:37.401 [rp-io-28] DEBUG com.epam.reportportal.service.Launch - Starting test item...rp-io-28
2023-06-06 20:24:37 INFO  BaseTest:110 - Property files loaded successfully**********
20:24:37.420 [rp-io-27] DEBUG com.epam.reportportal.service.Launch - TestItem with ID = '4ccc063e-3bfb-4958-8e6d-12c7d3337390' successfully finished.
20:24:37.420 [rp-io-27] DEBUG com.epam.reportportal.utils.SubscriptionUtils - Finish test item completed
20:24:37.421 [main] DEBUG io.github.bonigarcia.wdm.cache.ResolutionCache - Resolution chrome=114 in cache (valid until 21:23:55 06/06/2023 CEST)
20:24:37.422 [main] DEBUG io.github.bonigarcia.wdm.cache.ResolutionCache - Resolution chrome114=114.0.5735.90 in cache (valid until 16:16:26 07/06/2023 CEST)
20:24:37.422 [main] INFO io.github.bonigarcia.wdm.WebDriverManager - Using chromedriver 114.0.5735.90 (resolved driver for Chrome 114)
20:24:37.424 [rp-io-28] DEBUG com.epam.reportportal.service.Launch - ReportPortal item with ID 'd3168cd4-6d54-4b9a-ab92-033168abcee0' has been created
20:24:37.424 [rp-io-28] DEBUG com.epam.reportportal.utils.SubscriptionUtils - Start test item successfully completed
20:24:37.432 [main] DEBUG io.github.bonigarcia.wdm.WebDriverManager - Driver chromedriver 114.0.5735.90 found in cache
20:24:37.433 [main] INFO io.github.bonigarcia.wdm.WebDriverManager - Exporting webdriver.chrome.driver as C:\Users\Suwarna_Wagh\.cache\selenium\chromedriver\win32\114.0.5735.90\chromedriver.exe
20:24:37.675 [AsyncHttpClient-1-5] DEBUG org.asynchttpclient.netty.channel.NettyConnectListener - Using new Channel '[id: 0xb1b385d0, L:/127.0.0.1:59932 - R:localhost/127.0.0.1:41465]' for 'POST' to '/session'
20:24:38.298 [AsyncHttpClient-1-1] DEBUG org.asynchttpclient.netty.channel.DefaultChannelPool - Entry count for : http://localhost:59903 : 1
20:24:38.298 [AsyncHttpClient-1-1] DEBUG org.asynchttpclient.netty.channel.DefaultChannelPool - Entry count for : http://localhost:24895 : 1
20:24:38.298 [AsyncHttpClient-1-1] DEBUG org.asynchttpclient.netty.channel.DefaultChannelPool - Adding Candidate expired Channel [id: 0x57c2f89e, L:/127.0.0.1:59911 ! R:localhost/127.0.0.1:59903] isIdleTimeoutExpired=false isRemotelyClosed=true isTtlExpired=false
20:24:38.298 [AsyncHttpClient-1-1] DEBUG org.asynchttpclient.netty.channel.DefaultChannelPool - Closing Idle Channel [id: 0x57c2f89e, L:/127.0.0.1:59911 ! R:localhost/127.0.0.1:59903]
20:24:38.299 [AsyncHttpClient-1-1] DEBUG org.asynchttpclient.netty.channel.DefaultChannelPool - Adding Candidate expired Channel [id: 0x6777022b, L:/127.0.0.1:59902 ! R:localhost/127.0.0.1:24895] isIdleTimeoutExpired=false isRemotelyClosed=true isTtlExpired=false
20:24:38.299 [AsyncHttpClient-1-1] DEBUG org.asynchttpclient.netty.channel.DefaultChannelPool - Closing Idle Channel [id: 0x6777022b, L:/127.0.0.1:59902 ! R:localhost/127.0.0.1:24895]
20:24:38.300 [AsyncHttpClient-1-1] DEBUG org.asynchttpclient.netty.channel.DefaultChannelPool - Closed 2 connections out of 2 in 1 ms
20:24:38.696 [AsyncHttpClient-1-5] DEBUG org.asynchttpclient.netty.handler.HttpHandler - 

Request DefaultHttpRequest(decodeResult: success, version: HTTP/1.1)
POST /session HTTP/1.1
User-Agent: selenium/4.8.3 (java windows)
Content-Length: 439
Content-Type: application/json; charset=utf-8
host: localhost:41465
accept: */*

Response DefaultHttpResponse(decodeResult: success, version: HTTP/1.1)
HTTP/1.1 200 OK
Content-Length: 863
Content-Type: application/json; charset=utf-8
cache-control: no-cache

20:24:38.696 [AsyncHttpClient-1-5] DEBUG org.asynchttpclient.netty.channel.ChannelManager - Adding key: http://localhost:41465 for channel [id: 0xb1b385d0, L:/127.0.0.1:59932 - R:localhost/127.0.0.1:41465]
20:24:38.705 [AsyncHttpClient-1-6] DEBUG org.asynchttpclient.netty.channel.NettyConnectListener - Using new Channel '[id: 0x19d352aa, L:/127.0.0.1:59940 - R:localhost/127.0.0.1:59933]' for 'GET' to '/json/version'
20:24:38.708 [AsyncHttpClient-1-6] DEBUG org.asynchttpclient.netty.handler.HttpHandler - 

Request DefaultFullHttpRequest(decodeResult: success, version: HTTP/1.1, content: EmptyByteBufBE)
GET /json/version HTTP/1.1
User-Agent: selenium/4.8.3 (java windows)
host: localhost:59933
accept: */*

Response DefaultHttpResponse(decodeResult: success, version: HTTP/1.1)
HTTP/1.1 200 OK
Content-Security-Policy: frame-ancestors 'none'
Content-Length: 424
Content-Type: application/json; charset=UTF-8

20:24:38.708 [AsyncHttpClient-1-6] DEBUG org.asynchttpclient.netty.channel.ChannelManager - Adding key: http://localhost:59933 for channel [id: 0x19d352aa, L:/127.0.0.1:59940 - R:localhost/127.0.0.1:59933]
20:24:38.711 [AsyncHttpClient-1-7] DEBUG org.asynchttpclient.netty.channel.NettyConnectListener - Using new Channel '[id: 0xe74158d8, L:/127.0.0.1:59941 - R:localhost/127.0.0.1:59933]' for 'GET' to '/devtools/browser/595df2db-7191-4944-a5e6-2cfd3a3939b5'
20:24:38.715 [AsyncHttpClient-1-7] DEBUG org.asynchttpclient.netty.handler.WebSocketHandler - 

Request DefaultFullHttpRequest(decodeResult: success, version: HTTP/1.1, content: EmptyByteBufBE)
GET /devtools/browser/595df2db-7191-4944-a5e6-2cfd3a3939b5 HTTP/1.1
upgrade: websocket
connection: upgrade
sec-websocket-key: g/sbh/m0u7YfQhLdDjp8jg==
sec-websocket-version: 13
origin: http://localhost:59933
host: localhost:59933
accept: */*
user-agent: AHC/2.1

Response DefaultHttpResponse(decodeResult: success, version: HTTP/1.1)
HTTP/1.1 101 WebSocket Protocol Handshake
Upgrade: WebSocket
Connection: Upgrade
Sec-WebSocket-Accept: uAVzIvFPJKF8Aw7exHblRyVtSDc=

20:24:38.721 [Forwarding setTimeout on session b154e204a3d70ba95a1b89430f261643 to remote] DEBUG org.asynchttpclient.netty.request.NettyRequestSender - Using pooled Channel '[id: 0xb1b385d0, L:/127.0.0.1:59932 - R:localhost/127.0.0.1:41465]' for 'POST' to 'http://localhost:41465/session/b154e204a3d70ba95a1b89430f261643/timeouts'
20:24:38.721 [Forwarding setTimeout on session b154e204a3d70ba95a1b89430f261643 to remote] DEBUG org.asynchttpclient.netty.request.NettyRequestSender - Using open Channel [id: 0xb1b385d0, L:/127.0.0.1:59932 - R:localhost/127.0.0.1:41465] for POST '/session/b154e204a3d70ba95a1b89430f261643/timeouts'
20:24:38.723 [AsyncHttpClient-1-5] DEBUG org.asynchttpclient.netty.handler.HttpHandler - 

Request DefaultHttpRequest(decodeResult: success, version: HTTP/1.1)
POST /session/b154e204a3d70ba95a1b89430f261643/timeouts HTTP/1.1
User-Agent: selenium/4.8.3 (java windows)
Content-Length: 22
Content-Type: application/json; charset=utf-8
host: localhost:41465
accept: */*

Response DefaultHttpResponse(decodeResult: success, version: HTTP/1.1)
HTTP/1.1 200 OK
Content-Length: 14
Content-Type: application/json; charset=utf-8
cache-control: no-cache

20:24:38.723 [AsyncHttpClient-1-5] DEBUG org.asynchttpclient.netty.channel.ChannelManager - Adding key: http://localhost:41465 for channel [id: 0xb1b385d0, L:/127.0.0.1:59932 - R:localhost/127.0.0.1:41465]
20:24:38.725 [Forwarding maximizeCurrentWindow on session b154e204a3d70ba95a1b89430f261643 to remote] DEBUG org.asynchttpclient.netty.request.NettyRequestSender - Using pooled Channel '[id: 0xb1b385d0, L:/127.0.0.1:59932 - R:localhost/127.0.0.1:41465]' for 'POST' to 'http://localhost:41465/session/b154e204a3d70ba95a1b89430f261643/window/maximize'
20:24:38.725 [Forwarding maximizeCurrentWindow on session b154e204a3d70ba95a1b89430f261643 to remote] DEBUG org.asynchttpclient.netty.request.NettyRequestSender - Using open Channel [id: 0xb1b385d0, L:/127.0.0.1:59932 - R:localhost/127.0.0.1:41465] for POST '/session/b154e204a3d70ba95a1b89430f261643/window/maximize'
20:24:38.854 [AsyncHttpClient-1-5] DEBUG org.asynchttpclient.netty.handler.HttpHandler - 

Request DefaultHttpRequest(decodeResult: success, version: HTTP/1.1)
POST /session/b154e204a3d70ba95a1b89430f261643/window/maximize HTTP/1.1
User-Agent: selenium/4.8.3 (java windows)
Content-Length: 3
Content-Type: application/json; charset=utf-8
host: localhost:41465
accept: */*

Response DefaultHttpResponse(decodeResult: success, version: HTTP/1.1)
HTTP/1.1 200 OK
Content-Length: 51
Content-Type: application/json; charset=utf-8
cache-control: no-cache

20:24:38.854 [AsyncHttpClient-1-5] DEBUG org.asynchttpclient.netty.channel.ChannelManager - Adding key: http://localhost:41465 for channel [id: 0xb1b385d0, L:/127.0.0.1:59932 - R:localhost/127.0.0.1:41465]
20:24:38.856 [Forwarding get on session b154e204a3d70ba95a1b89430f261643 to remote] DEBUG org.asynchttpclient.netty.request.NettyRequestSender - Using pooled Channel '[id: 0xb1b385d0, L:/127.0.0.1:59932 - R:localhost/127.0.0.1:41465]' for 'POST' to 'http://localhost:41465/session/b154e204a3d70ba95a1b89430f261643/url'
20:24:38.856 [Forwarding get on session b154e204a3d70ba95a1b89430f261643 to remote] DEBUG org.asynchttpclient.netty.request.NettyRequestSender - Using open Channel [id: 0xb1b385d0, L:/127.0.0.1:59932 - R:localhost/127.0.0.1:41465] for POST '/session/b154e204a3d70ba95a1b89430f261643/url'
20:24:39.389 [AsyncHttpClient-1-1] DEBUG org.asynchttpclient.netty.channel.DefaultChannelPool - Entry count for : http://localhost:59933 : 1
20:24:40.463 [AsyncHttpClient-1-5] DEBUG org.asynchttpclient.netty.handler.HttpHandler - 

Request DefaultHttpRequest(decodeResult: success, version: HTTP/1.1)
POST /session/b154e204a3d70ba95a1b89430f261643/url HTTP/1.1
User-Agent: selenium/4.8.3 (java windows)
Content-Length: 52
Content-Type: application/json; charset=utf-8
host: localhost:41465
accept: */*

Response DefaultHttpResponse(decodeResult: success, version: HTTP/1.1)
HTTP/1.1 200 OK
Content-Length: 14
Content-Type: application/json; charset=utf-8
cache-control: no-cache

20:24:40.463 [AsyncHttpClient-1-5] DEBUG org.asynchttpclient.netty.channel.ChannelManager - Adding key: http://localhost:41465 for channel [id: 0xb1b385d0, L:/127.0.0.1:59932 - R:localhost/127.0.0.1:41465]
2023-06-06 20:24:40 INFO  BaseTest:104 - Test driver set up done successfully**********
2023-06-06 20:24:40 INFO  BaseTest:122 - Logging in to portal
20:24:40.465 [Forwarding findElement on session b154e204a3d70ba95a1b89430f261643 to remote] DEBUG org.asynchttpclient.netty.request.NettyRequestSender - Using pooled Channel '[id: 0xb1b385d0, L:/127.0.0.1:59932 - R:localhost/127.0.0.1:41465]' for 'POST' to 'http://localhost:41465/session/b154e204a3d70ba95a1b89430f261643/element'
20:24:40.465 [Forwarding findElement on session b154e204a3d70ba95a1b89430f261643 to remote] DEBUG org.asynchttpclient.netty.request.NettyRequestSender - Using open Channel [id: 0xb1b385d0, L:/127.0.0.1:59932 - R:localhost/127.0.0.1:41465] for POST '/session/b154e204a3d70ba95a1b89430f261643/element'
20:24:40.478 [AsyncHttpClient-1-5] DEBUG org.asynchttpclient.netty.handler.HttpHandler - 

Request DefaultHttpRequest(decodeResult: success, version: HTTP/1.1)
POST /session/b154e204a3d70ba95a1b89430f261643/element HTTP/1.1
User-Agent: selenium/4.8.3 (java windows)
Content-Length: 59
Content-Type: application/json; charset=utf-8
host: localhost:41465
accept: */*

Response DefaultHttpResponse(decodeResult: success, version: HTTP/1.1)
HTTP/1.1 200 OK
Content-Length: 95
Content-Type: application/json; charset=utf-8
cache-control: no-cache

20:24:40.479 [AsyncHttpClient-1-5] DEBUG org.asynchttpclient.netty.channel.ChannelManager - Adding key: http://localhost:41465 for channel [id: 0xb1b385d0, L:/127.0.0.1:59932 - R:localhost/127.0.0.1:41465]
20:24:40.481 [Forwarding clearElement on session b154e204a3d70ba95a1b89430f261643 to remote] DEBUG org.asynchttpclient.netty.request.NettyRequestSender - Using pooled Channel '[id: 0xb1b385d0, L:/127.0.0.1:59932 - R:localhost/127.0.0.1:41465]' for 'POST' to 'http://localhost:41465/session/b154e204a3d70ba95a1b89430f261643/element/A6CE0EFD0704E8550C3ECAAADF792F2F_element_26/clear'
20:24:40.482 [Forwarding clearElement on session b154e204a3d70ba95a1b89430f261643 to remote] DEBUG org.asynchttpclient.netty.request.NettyRequestSender - Using open Channel [id: 0xb1b385d0, L:/127.0.0.1:59932 - R:localhost/127.0.0.1:41465] for POST '/session/b154e204a3d70ba95a1b89430f261643/element/A6CE0EFD0704E8550C3ECAAADF792F2F_element_26/clear'
20:24:40.490 [AsyncHttpClient-1-1] DEBUG org.asynchttpclient.netty.channel.DefaultChannelPool - Entry count for : http://localhost:59933 : 1
20:24:40.521 [AsyncHttpClient-1-5] DEBUG org.asynchttpclient.netty.handler.HttpHandler - 

Request DefaultHttpRequest(decodeResult: success, version: HTTP/1.1)
POST /session/b154e204a3d70ba95a1b89430f261643/element/A6CE0EFD0704E8550C3ECAAADF792F2F_element_26/clear HTTP/1.1
User-Agent: selenium/4.8.3 (java windows)
Content-Length: 57
Content-Type: application/json; charset=utf-8
host: localhost:41465
accept: */*

Response DefaultHttpResponse(decodeResult: success, version: HTTP/1.1)
HTTP/1.1 200 OK
Content-Length: 14
Content-Type: application/json; charset=utf-8
cache-control: no-cache

20:24:40.521 [AsyncHttpClient-1-5] DEBUG org.asynchttpclient.netty.channel.ChannelManager - Adding key: http://localhost:41465 for channel [id: 0xb1b385d0, L:/127.0.0.1:59932 - R:localhost/127.0.0.1:41465]
20:24:40.523 [Forwarding findElement on session b154e204a3d70ba95a1b89430f261643 to remote] DEBUG org.asynchttpclient.netty.request.NettyRequestSender - Using pooled Channel '[id: 0xb1b385d0, L:/127.0.0.1:59932 - R:localhost/127.0.0.1:41465]' for 'POST' to 'http://localhost:41465/session/b154e204a3d70ba95a1b89430f261643/element'
20:24:40.523 [Forwarding findElement on session b154e204a3d70ba95a1b89430f261643 to remote] DEBUG org.asynchttpclient.netty.request.NettyRequestSender - Using open Channel [id: 0xb1b385d0, L:/127.0.0.1:59932 - R:localhost/127.0.0.1:41465] for POST '/session/b154e204a3d70ba95a1b89430f261643/element'
20:24:40.529 [AsyncHttpClient-1-5] DEBUG org.asynchttpclient.netty.handler.HttpHandler - 

Request DefaultHttpRequest(decodeResult: success, version: HTTP/1.1)
POST /session/b154e204a3d70ba95a1b89430f261643/element HTTP/1.1
User-Agent: selenium/4.8.3 (java windows)
Content-Length: 59
Content-Type: application/json; charset=utf-8
host: localhost:41465
accept: */*

Response DefaultHttpResponse(decodeResult: success, version: HTTP/1.1)
HTTP/1.1 200 OK
Content-Length: 95
Content-Type: application/json; charset=utf-8
cache-control: no-cache

20:24:40.530 [AsyncHttpClient-1-5] DEBUG org.asynchttpclient.netty.channel.ChannelManager - Adding key: http://localhost:41465 for channel [id: 0xb1b385d0, L:/127.0.0.1:59932 - R:localhost/127.0.0.1:41465]
20:24:40.531 [Forwarding sendKeysToElement on session b154e204a3d70ba95a1b89430f261643 to remote] DEBUG org.asynchttpclient.netty.request.NettyRequestSender - Using pooled Channel '[id: 0xb1b385d0, L:/127.0.0.1:59932 - R:localhost/127.0.0.1:41465]' for 'POST' to 'http://localhost:41465/session/b154e204a3d70ba95a1b89430f261643/element/A6CE0EFD0704E8550C3ECAAADF792F2F_element_26/value'
20:24:40.531 [Forwarding sendKeysToElement on session b154e204a3d70ba95a1b89430f261643 to remote] DEBUG org.asynchttpclient.netty.request.NettyRequestSender - Using open Channel [id: 0xb1b385d0, L:/127.0.0.1:59932 - R:localhost/127.0.0.1:41465] for POST '/session/b154e204a3d70ba95a1b89430f261643/element/A6CE0EFD0704E8550C3ECAAADF792F2F_element_26/value'
20:24:40.618 [AsyncHttpClient-1-5] DEBUG org.asynchttpclient.netty.handler.HttpHandler - 

Request DefaultHttpRequest(decodeResult: success, version: HTTP/1.1)
POST /session/b154e204a3d70ba95a1b89430f261643/element/A6CE0EFD0704E8550C3ECAAADF792F2F_element_26/value HTTP/1.1
User-Agent: selenium/4.8.3 (java windows)
Content-Length: 188
Content-Type: application/json; charset=utf-8
host: localhost:41465
accept: */*

Response DefaultHttpResponse(decodeResult: success, version: HTTP/1.1)
HTTP/1.1 200 OK
Content-Length: 14
Content-Type: application/json; charset=utf-8
cache-control: no-cache

20:24:40.619 [AsyncHttpClient-1-5] DEBUG org.asynchttpclient.netty.channel.ChannelManager - Adding key: http://localhost:41465 for channel [id: 0xb1b385d0, L:/127.0.0.1:59932 - R:localhost/127.0.0.1:41465]
20:24:40.620 [Forwarding findElement on session b154e204a3d70ba95a1b89430f261643 to remote] DEBUG org.asynchttpclient.netty.request.NettyRequestSender - Using pooled Channel '[id: 0xb1b385d0, L:/127.0.0.1:59932 - R:localhost/127.0.0.1:41465]' for 'POST' to 'http://localhost:41465/session/b154e204a3d70ba95a1b89430f261643/element'
20:24:40.620 [Forwarding findElement on session b154e204a3d70ba95a1b89430f261643 to remote] DEBUG org.asynchttpclient.netty.request.NettyRequestSender - Using open Channel [id: 0xb1b385d0, L:/127.0.0.1:59932 - R:localhost/127.0.0.1:41465] for POST '/session/b154e204a3d70ba95a1b89430f261643/element'
20:24:40.633 [AsyncHttpClient-1-5] DEBUG org.asynchttpclient.netty.handler.HttpHandler - 

Request DefaultHttpRequest(decodeResult: success, version: HTTP/1.1)
POST /session/b154e204a3d70ba95a1b89430f261643/element HTTP/1.1
User-Agent: selenium/4.8.3 (java windows)
Content-Length: 62
Content-Type: application/json; charset=utf-8
host: localhost:41465
accept: */*

Response DefaultHttpResponse(decodeResult: success, version: HTTP/1.1)
HTTP/1.1 200 OK
Content-Length: 95
Content-Type: application/json; charset=utf-8
cache-control: no-cache

20:24:40.633 [AsyncHttpClient-1-5] DEBUG org.asynchttpclient.netty.channel.ChannelManager - Adding key: http://localhost:41465 for channel [id: 0xb1b385d0, L:/127.0.0.1:59932 - R:localhost/127.0.0.1:41465]
20:24:40.634 [Forwarding clearElement on session b154e204a3d70ba95a1b89430f261643 to remote] DEBUG org.asynchttpclient.netty.request.NettyRequestSender - Using pooled Channel '[id: 0xb1b385d0, L:/127.0.0.1:59932 - R:localhost/127.0.0.1:41465]' for 'POST' to 'http://localhost:41465/session/b154e204a3d70ba95a1b89430f261643/element/A6CE0EFD0704E8550C3ECAAADF792F2F_element_28/clear'
20:24:40.635 [Forwarding clearElement on session b154e204a3d70ba95a1b89430f261643 to remote] DEBUG org.asynchttpclient.netty.request.NettyRequestSender - Using open Channel [id: 0xb1b385d0, L:/127.0.0.1:59932 - R:localhost/127.0.0.1:41465] for POST '/session/b154e204a3d70ba95a1b89430f261643/element/A6CE0EFD0704E8550C3ECAAADF792F2F_element_28/clear'
20:24:40.678 [AsyncHttpClient-1-5] DEBUG org.asynchttpclient.netty.handler.HttpHandler - 

Request DefaultHttpRequest(decodeResult: success, version: HTTP/1.1)
POST /session/b154e204a3d70ba95a1b89430f261643/element/A6CE0EFD0704E8550C3ECAAADF792F2F_element_28/clear HTTP/1.1
User-Agent: selenium/4.8.3 (java windows)
Content-Length: 57
Content-Type: application/json; charset=utf-8
host: localhost:41465
accept: */*

Response DefaultHttpResponse(decodeResult: success, version: HTTP/1.1)
HTTP/1.1 200 OK
Content-Length: 14
Content-Type: application/json; charset=utf-8
cache-control: no-cache

20:24:40.678 [AsyncHttpClient-1-5] DEBUG org.asynchttpclient.netty.channel.ChannelManager - Adding key: http://localhost:41465 for channel [id: 0xb1b385d0, L:/127.0.0.1:59932 - R:localhost/127.0.0.1:41465]
20:24:40.679 [Forwarding findElement on session b154e204a3d70ba95a1b89430f261643 to remote] DEBUG org.asynchttpclient.netty.request.NettyRequestSender - Using pooled Channel '[id: 0xb1b385d0, L:/127.0.0.1:59932 - R:localhost/127.0.0.1:41465]' for 'POST' to 'http://localhost:41465/session/b154e204a3d70ba95a1b89430f261643/element'
20:24:40.679 [Forwarding findElement on session b154e204a3d70ba95a1b89430f261643 to remote] DEBUG org.asynchttpclient.netty.request.NettyRequestSender - Using open Channel [id: 0xb1b385d0, L:/127.0.0.1:59932 - R:localhost/127.0.0.1:41465] for POST '/session/b154e204a3d70ba95a1b89430f261643/element'
20:24:40.688 [AsyncHttpClient-1-5] DEBUG org.asynchttpclient.netty.handler.HttpHandler - 

Request DefaultHttpRequest(decodeResult: success, version: HTTP/1.1)
POST /session/b154e204a3d70ba95a1b89430f261643/element HTTP/1.1
User-Agent: selenium/4.8.3 (java windows)
Content-Length: 62
Content-Type: application/json; charset=utf-8
host: localhost:41465
accept: */*

Response DefaultHttpResponse(decodeResult: success, version: HTTP/1.1)
HTTP/1.1 200 OK
Content-Length: 95
Content-Type: application/json; charset=utf-8
cache-control: no-cache

20:24:40.688 [AsyncHttpClient-1-5] DEBUG org.asynchttpclient.netty.channel.ChannelManager - Adding key: http://localhost:41465 for channel [id: 0xb1b385d0, L:/127.0.0.1:59932 - R:localhost/127.0.0.1:41465]
20:24:40.690 [Forwarding sendKeysToElement on session b154e204a3d70ba95a1b89430f261643 to remote] DEBUG org.asynchttpclient.netty.request.NettyRequestSender - Using pooled Channel '[id: 0xb1b385d0, L:/127.0.0.1:59932 - R:localhost/127.0.0.1:41465]' for 'POST' to 'http://localhost:41465/session/b154e204a3d70ba95a1b89430f261643/element/A6CE0EFD0704E8550C3ECAAADF792F2F_element_28/value'
20:24:40.690 [Forwarding sendKeysToElement on session b154e204a3d70ba95a1b89430f261643 to remote] DEBUG org.asynchttpclient.netty.request.NettyRequestSender - Using open Channel [id: 0xb1b385d0, L:/127.0.0.1:59932 - R:localhost/127.0.0.1:41465] for POST '/session/b154e204a3d70ba95a1b89430f261643/element/A6CE0EFD0704E8550C3ECAAADF792F2F_element_28/value'
20:24:40.770 [AsyncHttpClient-1-5] DEBUG org.asynchttpclient.netty.handler.HttpHandler - 

Request DefaultHttpRequest(decodeResult: success, version: HTTP/1.1)
POST /session/b154e204a3d70ba95a1b89430f261643/element/A6CE0EFD0704E8550C3ECAAADF792F2F_element_28/value HTTP/1.1
User-Agent: selenium/4.8.3 (java windows)
Content-Length: 148
Content-Type: application/json; charset=utf-8
host: localhost:41465
accept: */*

Response DefaultHttpResponse(decodeResult: success, version: HTTP/1.1)
HTTP/1.1 200 OK
Content-Length: 14
Content-Type: application/json; charset=utf-8
cache-control: no-cache

20:24:40.771 [AsyncHttpClient-1-5] DEBUG org.asynchttpclient.netty.channel.ChannelManager - Adding key: http://localhost:41465 for channel [id: 0xb1b385d0, L:/127.0.0.1:59932 - R:localhost/127.0.0.1:41465]
20:24:40.774 [Forwarding findElement on session b154e204a3d70ba95a1b89430f261643 to remote] DEBUG org.asynchttpclient.netty.request.NettyRequestSender - Using pooled Channel '[id: 0xb1b385d0, L:/127.0.0.1:59932 - R:localhost/127.0.0.1:41465]' for 'POST' to 'http://localhost:41465/session/b154e204a3d70ba95a1b89430f261643/element'
20:24:40.774 [Forwarding findElement on session b154e204a3d70ba95a1b89430f261643 to remote] DEBUG org.asynchttpclient.netty.request.NettyRequestSender - Using open Channel [id: 0xb1b385d0, L:/127.0.0.1:59932 - R:localhost/127.0.0.1:41465] for POST '/session/b154e204a3d70ba95a1b89430f261643/element'
20:24:40.787 [AsyncHttpClient-1-5] DEBUG org.asynchttpclient.netty.handler.HttpHandler - 

Request DefaultHttpRequest(decodeResult: success, version: HTTP/1.1)
POST /session/b154e204a3d70ba95a1b89430f261643/element HTTP/1.1
User-Agent: selenium/4.8.3 (java windows)
Content-Length: 71
Content-Type: application/json; charset=utf-8
host: localhost:41465
accept: */*

Response DefaultHttpResponse(decodeResult: success, version: HTTP/1.1)
HTTP/1.1 200 OK
Content-Length: 95
Content-Type: application/json; charset=utf-8
cache-control: no-cache

20:24:40.788 [AsyncHttpClient-1-5] DEBUG org.asynchttpclient.netty.channel.ChannelManager - Adding key: http://localhost:41465 for channel [id: 0xb1b385d0, L:/127.0.0.1:59932 - R:localhost/127.0.0.1:41465]
20:24:40.789 [Forwarding clickElement on session b154e204a3d70ba95a1b89430f261643 to remote] DEBUG org.asynchttpclient.netty.request.NettyRequestSender - Using pooled Channel '[id: 0xb1b385d0, L:/127.0.0.1:59932 - R:localhost/127.0.0.1:41465]' for 'POST' to 'http://localhost:41465/session/b154e204a3d70ba95a1b89430f261643/element/A6CE0EFD0704E8550C3ECAAADF792F2F_element_33/click'
20:24:40.789 [Forwarding clickElement on session b154e204a3d70ba95a1b89430f261643 to remote] DEBUG org.asynchttpclient.netty.request.NettyRequestSender - Using open Channel [id: 0xb1b385d0, L:/127.0.0.1:59932 - R:localhost/127.0.0.1:41465] for POST '/session/b154e204a3d70ba95a1b89430f261643/element/A6CE0EFD0704E8550C3ECAAADF792F2F_element_33/click'
20:24:40.837 [AsyncHttpClient-1-5] DEBUG org.asynchttpclient.netty.handler.HttpHandler - 

Request DefaultHttpRequest(decodeResult: success, version: HTTP/1.1)
POST /session/b154e204a3d70ba95a1b89430f261643/element/A6CE0EFD0704E8550C3ECAAADF792F2F_element_33/click HTTP/1.1
User-Agent: selenium/4.8.3 (java windows)
Content-Length: 57
Content-Type: application/json; charset=utf-8
host: localhost:41465
accept: */*

Response DefaultHttpResponse(decodeResult: success, version: HTTP/1.1)
HTTP/1.1 200 OK
Content-Length: 14
Content-Type: application/json; charset=utf-8
cache-control: no-cache

20:24:40.837 [AsyncHttpClient-1-5] DEBUG org.asynchttpclient.netty.channel.ChannelManager - Adding key: http://localhost:41465 for channel [id: 0xb1b385d0, L:/127.0.0.1:59932 - R:localhost/127.0.0.1:41465]
2023-06-06 20:24:40 INFO  BaseTest:126 - Logged in
20:24:40.839 [rp-io-35] DEBUG com.epam.reportportal.service.Launch - Starting test item...rp-io-35
2023-06-06 20:24:40 INFO  Listeners:34 - Started Test null
20:24:40.842 [Forwarding findElement on session b154e204a3d70ba95a1b89430f261643 to remote] DEBUG org.asynchttpclient.netty.request.NettyRequestSender - Using pooled Channel '[id: 0xb1b385d0, L:/127.0.0.1:59932 - R:localhost/127.0.0.1:41465]' for 'POST' to 'http://localhost:41465/session/b154e204a3d70ba95a1b89430f261643/element'
20:24:40.842 [Forwarding findElement on session b154e204a3d70ba95a1b89430f261643 to remote] DEBUG org.asynchttpclient.netty.request.NettyRequestSender - Using open Channel [id: 0xb1b385d0, L:/127.0.0.1:59932 - R:localhost/127.0.0.1:41465] for POST '/session/b154e204a3d70ba95a1b89430f261643/element'
20:24:40.856 [rp-io-32] DEBUG com.epam.reportportal.service.Launch - TestItem with ID = 'd3168cd4-6d54-4b9a-ab92-033168abcee0' successfully finished.
20:24:40.856 [rp-io-32] DEBUG com.epam.reportportal.utils.SubscriptionUtils - Finish test item completed
20:24:40.864 [rp-io-35] DEBUG com.epam.reportportal.service.Launch - ReportPortal item with ID '0cdd8b1a-6f18-44b4-8159-6cc536b97b6e' has been created
20:24:40.864 [rp-io-35] DEBUG com.epam.reportportal.utils.SubscriptionUtils - Start test item successfully completed
20:24:41.279 [AsyncHttpClient-1-5] DEBUG org.asynchttpclient.netty.handler.HttpHandler - 

Request DefaultHttpRequest(decodeResult: success, version: HTTP/1.1)
POST /session/b154e204a3d70ba95a1b89430f261643/element HTTP/1.1
User-Agent: selenium/4.8.3 (java windows)
Content-Length: 168
Content-Type: application/json; charset=utf-8
host: localhost:41465
accept: */*

Response DefaultHttpResponse(decodeResult: success, version: HTTP/1.1)
HTTP/1.1 200 OK
Content-Length: 95
Content-Type: application/json; charset=utf-8
cache-control: no-cache

20:24:41.279 [AsyncHttpClient-1-5] DEBUG org.asynchttpclient.netty.channel.ChannelManager - Adding key: http://localhost:41465 for channel [id: 0xb1b385d0, L:/127.0.0.1:59932 - R:localhost/127.0.0.1:41465]
20:24:41.280 [Forwarding clickElement on session b154e204a3d70ba95a1b89430f261643 to remote] DEBUG org.asynchttpclient.netty.request.NettyRequestSender - Using pooled Channel '[id: 0xb1b385d0, L:/127.0.0.1:59932 - R:localhost/127.0.0.1:41465]' for 'POST' to 'http://localhost:41465/session/b154e204a3d70ba95a1b89430f261643/element/A6CE0EFD0704E8550C3ECAAADF792F2F_element_47/click'
20:24:41.280 [Forwarding clickElement on session b154e204a3d70ba95a1b89430f261643 to remote] DEBUG org.asynchttpclient.netty.request.NettyRequestSender - Using open Channel [id: 0xb1b385d0, L:/127.0.0.1:59932 - R:localhost/127.0.0.1:41465] for POST '/session/b154e204a3d70ba95a1b89430f261643/element/A6CE0EFD0704E8550C3ECAAADF792F2F_element_47/click'
20:24:41.557 [AsyncHttpClient-1-5] DEBUG org.asynchttpclient.netty.handler.HttpHandler - 

Request DefaultHttpRequest(decodeResult: success, version: HTTP/1.1)
POST /session/b154e204a3d70ba95a1b89430f261643/element/A6CE0EFD0704E8550C3ECAAADF792F2F_element_47/click HTTP/1.1
User-Agent: selenium/4.8.3 (java windows)
Content-Length: 57
Content-Type: application/json; charset=utf-8
host: localhost:41465
accept: */*

Response DefaultHttpResponse(decodeResult: success, version: HTTP/1.1)
HTTP/1.1 200 OK
Content-Length: 14
Content-Type: application/json; charset=utf-8
cache-control: no-cache

20:24:41.558 [AsyncHttpClient-1-5] DEBUG org.asynchttpclient.netty.channel.ChannelManager - Adding key: http://localhost:41465 for channel [id: 0xb1b385d0, L:/127.0.0.1:59932 - R:localhost/127.0.0.1:41465]
20:24:41.560 [Forwarding findElement on session b154e204a3d70ba95a1b89430f261643 to remote] DEBUG org.asynchttpclient.netty.request.NettyRequestSender - Using pooled Channel '[id: 0xb1b385d0, L:/127.0.0.1:59932 - R:localhost/127.0.0.1:41465]' for 'POST' to 'http://localhost:41465/session/b154e204a3d70ba95a1b89430f261643/element'
20:24:41.560 [Forwarding findElement on session b154e204a3d70ba95a1b89430f261643 to remote] DEBUG org.asynchttpclient.netty.request.NettyRequestSender - Using open Channel [id: 0xb1b385d0, L:/127.0.0.1:59932 - R:localhost/127.0.0.1:41465] for POST '/session/b154e204a3d70ba95a1b89430f261643/element'
20:24:41.590 [AsyncHttpClient-1-1] DEBUG org.asynchttpclient.netty.channel.DefaultChannelPool - Entry count for : http://localhost:59933 : 1
20:24:42.690 [AsyncHttpClient-1-1] DEBUG org.asynchttpclient.netty.channel.DefaultChannelPool - Entry count for : http://localhost:59933 : 1
20:24:42.690 [AsyncHttpClient-1-5] DEBUG org.asynchttpclient.netty.handler.HttpHandler - 

Request DefaultHttpRequest(decodeResult: success, version: HTTP/1.1)
POST /session/b154e204a3d70ba95a1b89430f261643/element HTTP/1.1
User-Agent: selenium/4.8.3 (java windows)
Content-Length: 82
Content-Type: application/json; charset=utf-8
host: localhost:41465
accept: */*

Response DefaultHttpResponse(decodeResult: success, version: HTTP/1.1)
HTTP/1.1 200 OK
Content-Length: 95
Content-Type: application/json; charset=utf-8
cache-control: no-cache

20:24:42.690 [AsyncHttpClient-1-5] DEBUG org.asynchttpclient.netty.channel.ChannelManager - Adding key: http://localhost:41465 for channel [id: 0xb1b385d0, L:/127.0.0.1:59932 - R:localhost/127.0.0.1:41465]
20:24:42.692 [Forwarding executeScript on session b154e204a3d70ba95a1b89430f261643 to remote] DEBUG org.asynchttpclient.netty.request.NettyRequestSender - Using pooled Channel '[id: 0xb1b385d0, L:/127.0.0.1:59932 - R:localhost/127.0.0.1:41465]' for 'POST' to 'http://localhost:41465/session/b154e204a3d70ba95a1b89430f261643/execute/sync'
20:24:42.692 [Forwarding executeScript on session b154e204a3d70ba95a1b89430f261643 to remote] DEBUG org.asynchttpclient.netty.request.NettyRequestSender - Using open Channel [id: 0xb1b385d0, L:/127.0.0.1:59932 - R:localhost/127.0.0.1:41465] for POST '/session/b154e204a3d70ba95a1b89430f261643/execute/sync'
20:24:42.703 [AsyncHttpClient-1-5] DEBUG org.asynchttpclient.netty.handler.HttpHandler - 

Request DefaultHttpRequest(decodeResult: success, version: HTTP/1.1)
POST /session/b154e204a3d70ba95a1b89430f261643/execute/sync HTTP/1.1
User-Agent: selenium/4.8.3 (java windows)
Content-Length: 232
Content-Type: application/json; charset=utf-8
host: localhost:41465
accept: */*

Response DefaultHttpResponse(decodeResult: success, version: HTTP/1.1)
HTTP/1.1 200 OK
Content-Length: 14
Content-Type: application/json; charset=utf-8
cache-control: no-cache

20:24:42.703 [AsyncHttpClient-1-5] DEBUG org.asynchttpclient.netty.channel.ChannelManager - Adding key: http://localhost:41465 for channel [id: 0xb1b385d0, L:/127.0.0.1:59932 - R:localhost/127.0.0.1:41465]
20:24:42.705 [Forwarding findElement on session b154e204a3d70ba95a1b89430f261643 to remote] DEBUG org.asynchttpclient.netty.request.NettyRequestSender - Using pooled Channel '[id: 0xb1b385d0, L:/127.0.0.1:59932 - R:localhost/127.0.0.1:41465]' for 'POST' to 'http://localhost:41465/session/b154e204a3d70ba95a1b89430f261643/element'
20:24:42.705 [Forwarding findElement on session b154e204a3d70ba95a1b89430f261643 to remote] DEBUG org.asynchttpclient.netty.request.NettyRequestSender - Using open Channel [id: 0xb1b385d0, L:/127.0.0.1:59932 - R:localhost/127.0.0.1:41465] for POST '/session/b154e204a3d70ba95a1b89430f261643/element'
20:24:42.755 [AsyncHttpClient-1-5] DEBUG org.asynchttpclient.netty.handler.HttpHandler - 

Request DefaultHttpRequest(decodeResult: success, version: HTTP/1.1)
POST /session/b154e204a3d70ba95a1b89430f261643/element HTTP/1.1
User-Agent: selenium/4.8.3 (java windows)
Content-Length: 82
Content-Type: application/json; charset=utf-8
host: localhost:41465
accept: */*

Response DefaultHttpResponse(decodeResult: success, version: HTTP/1.1)
HTTP/1.1 200 OK
Content-Length: 95
Content-Type: application/json; charset=utf-8
cache-control: no-cache

20:24:42.755 [AsyncHttpClient-1-5] DEBUG org.asynchttpclient.netty.channel.ChannelManager - Adding key: http://localhost:41465 for channel [id: 0xb1b385d0, L:/127.0.0.1:59932 - R:localhost/127.0.0.1:41465]
20:24:42.760 [Forwarding isElementDisplayed on session b154e204a3d70ba95a1b89430f261643 to remote] DEBUG org.asynchttpclient.netty.request.NettyRequestSender - Using pooled Channel '[id: 0xb1b385d0, L:/127.0.0.1:59932 - R:localhost/127.0.0.1:41465]' for 'POST' to 'http://localhost:41465/session/b154e204a3d70ba95a1b89430f261643/execute/sync'
20:24:42.761 [Forwarding isElementDisplayed on session b154e204a3d70ba95a1b89430f261643 to remote] DEBUG org.asynchttpclient.netty.request.NettyRequestSender - Using open Channel [id: 0xb1b385d0, L:/127.0.0.1:59932 - R:localhost/127.0.0.1:41465] for POST '/session/b154e204a3d70ba95a1b89430f261643/execute/sync'
20:24:42.782 [AsyncHttpClient-1-5] DEBUG org.asynchttpclient.netty.handler.HttpHandler - 

Request DefaultHttpRequest(decodeResult: success, version: HTTP/1.1)
POST /session/b154e204a3d70ba95a1b89430f261643/execute/sync HTTP/1.1
User-Agent: selenium/4.8.3 (java windows)
Content-Length: 48814
Content-Type: application/json; charset=utf-8
host: localhost:41465
accept: */*

Response DefaultHttpResponse(decodeResult: success, version: HTTP/1.1)
HTTP/1.1 200 OK
Content-Length: 14
Content-Type: application/json; charset=utf-8
cache-control: no-cache

20:24:42.783 [AsyncHttpClient-1-5] DEBUG org.asynchttpclient.netty.channel.ChannelManager - Adding key: http://localhost:41465 for channel [id: 0xb1b385d0, L:/127.0.0.1:59932 - R:localhost/127.0.0.1:41465]
2023-06-06 20:24:42 INFO  Listeners:38 - Succeeded Test null
]]></system-out>
    <system-err><![CDATA[Starting ChromeDriver 114.0.5735.90 (386bc09e8f4f2e025eddae123f36f6263096ae49-refs/branch-heads/5735@{#1052}) on port 41465
Only local connections are allowed.
Please see https://chromedriver.chromium.org/security-considerations for suggestions on keeping ChromeDriver safe.
ChromeDriver was started successfully.
Jun 06, 2023 8:24:38 PM org.openqa.selenium.devtools.CdpVersionFinder findNearestMatch
WARNING: Unable to find an exact match for CDP version 114, so returning the closest version found: 111
]]></system-err>
  </testcase>
  <testcase name="searchDashboardNameDP[INVESTIGATED PERCENTAGE OF LAUNCHES](3)" classname="alltests.uitest.coreTest.DashboardPageTest" time="1.227">
    <system-out><![CDATA[20:24:42.788 [rp-io-41] DEBUG com.epam.reportportal.service.Launch - Starting test item...rp-io-41
20:24:42.789 [AsyncHttpClient-1-7] DEBUG org.asynchttpclient.netty.handler.WebSocketHandler - Channel Closed: [id: 0xe74158d8, L:/127.0.0.1:59941 ! R:localhost/127.0.0.1:59933] with attribute NettyResponseFuture{currentRetry=0,
	isDone=1,
	isCancelled=0,
	asyncHandler=org.asynchttpclient.ws.WebSocketUpgradeHandler@72d5ebb0,
	nettyRequest=org.asynchttpclient.netty.request.NettyRequest@37d77b8e,
	future=java.util.concurrent.CompletableFuture@23e8c634[Completed normally],
	uri=ws://localhost:59933/devtools/browser/595df2db-7191-4944-a5e6-2cfd3a3939b5,
	keepAlive=true,
	redirectCount=0,
	timeoutsHolder=null,
	inAuth=0,
	touch=1686075878715}
20:24:42.790 [AsyncHttpClient-1-7] DEBUG org.asynchttpclient.netty.channel.ChannelManager - Closing Channel [id: 0xe74158d8, L:/127.0.0.1:59941 ! R:localhost/127.0.0.1:59933] 
20:24:42.796 [Driver Command Executor] DEBUG org.asynchttpclient.netty.request.NettyRequestSender - Using pooled Channel '[id: 0xb1b385d0, L:/127.0.0.1:59932 - R:localhost/127.0.0.1:41465]' for 'DELETE' to 'http://localhost:41465/session/b154e204a3d70ba95a1b89430f261643'
20:24:42.797 [Driver Command Executor] DEBUG org.asynchttpclient.netty.request.NettyRequestSender - Using open Channel [id: 0xb1b385d0, L:/127.0.0.1:59932 - R:localhost/127.0.0.1:41465] for DELETE '/session/b154e204a3d70ba95a1b89430f261643'
20:24:42.818 [rp-io-41] DEBUG com.epam.reportportal.service.Launch - ReportPortal item with ID '0982ff1b-8d40-4a86-8af3-1ca40027c72c' has been created
20:24:42.818 [rp-io-41] DEBUG com.epam.reportportal.utils.SubscriptionUtils - Start test item successfully completed
20:24:42.820 [rp-io-40] DEBUG com.epam.reportportal.service.Launch - TestItem with ID = '0cdd8b1a-6f18-44b4-8159-6cc536b97b6e' successfully finished.
20:24:42.820 [rp-io-40] DEBUG com.epam.reportportal.utils.SubscriptionUtils - Finish test item completed
20:24:42.868 [AsyncHttpClient-1-6] DEBUG org.asynchttpclient.netty.handler.HttpHandler - Unexpected I/O exception on channel [id: 0x19d352aa, L:/127.0.0.1:59940 - R:localhost/127.0.0.1:59933]
java.net.SocketException: Connection reset
	at java.base/sun.nio.ch.SocketChannelImpl.throwConnectionReset(SocketChannelImpl.java:394)
	at java.base/sun.nio.ch.SocketChannelImpl.read(SocketChannelImpl.java:426)
	at io.netty.buffer.PooledByteBuf.setBytes(PooledByteBuf.java:256)
	at io.netty.buffer.AbstractByteBuf.writeBytes(AbstractByteBuf.java:1132)
	at io.netty.channel.socket.nio.NioSocketChannel.doReadBytes(NioSocketChannel.java:357)
	at io.netty.channel.nio.AbstractNioByteChannel$NioByteUnsafe.read(AbstractNioByteChannel.java:151)
	at io.netty.channel.nio.NioEventLoop.processSelectedKey(NioEventLoop.java:788)
	at io.netty.channel.nio.NioEventLoop.processSelectedKeysOptimized(NioEventLoop.java:724)
	at io.netty.channel.nio.NioEventLoop.processSelectedKeys(NioEventLoop.java:650)
	at io.netty.channel.nio.NioEventLoop.run(NioEventLoop.java:562)
	at io.netty.util.concurrent.SingleThreadEventExecutor$4.run(SingleThreadEventExecutor.java:997)
	at io.netty.util.internal.ThreadExecutorMap$2.run(ThreadExecutorMap.java:74)
	at io.netty.util.concurrent.FastThreadLocalRunnable.run(FastThreadLocalRunnable.java:30)
	at java.base/java.lang.Thread.run(Thread.java:833)
20:24:42.868 [AsyncHttpClient-1-6] DEBUG org.asynchttpclient.netty.channel.ChannelManager - Closing Channel [id: 0x19d352aa, L:/127.0.0.1:59940 - R:localhost/127.0.0.1:59933] 
20:24:42.869 [AsyncHttpClient-1-6] DEBUG org.asynchttpclient.netty.handler.HttpHandler - Channel Closed: [id: 0x19d352aa, L:/127.0.0.1:59940 ! R:localhost/127.0.0.1:59933] with attribute DISCARD
20:24:42.944 [AsyncHttpClient-1-5] DEBUG org.asynchttpclient.netty.handler.HttpHandler - 

Request DefaultFullHttpRequest(decodeResult: success, version: HTTP/1.1, content: EmptyByteBufBE)
DELETE /session/b154e204a3d70ba95a1b89430f261643 HTTP/1.1
User-Agent: selenium/4.8.3 (java windows)
Content-Type: application/json; charset=utf-8
host: localhost:41465
accept: */*

Response DefaultHttpResponse(decodeResult: success, version: HTTP/1.1)
HTTP/1.1 200 OK
Content-Length: 14
Content-Type: application/json; charset=utf-8
cache-control: no-cache

20:24:42.944 [AsyncHttpClient-1-5] DEBUG org.asynchttpclient.netty.channel.ChannelManager - Adding key: http://localhost:41465 for channel [id: 0xb1b385d0, L:/127.0.0.1:59932 - R:localhost/127.0.0.1:41465]
20:24:43.019 [AsyncHttpClient-1-5] DEBUG org.asynchttpclient.netty.handler.HttpHandler - Channel Closed: [id: 0xb1b385d0, L:/127.0.0.1:59932 ! R:localhost/127.0.0.1:41465] with attribute DISCARD
2023-06-06 20:24:43 INFO  BaseTest:83 - Test executed**********
20:24:43.104 [rp-io-44] DEBUG com.epam.reportportal.service.Launch - Starting test item...rp-io-44
2023-06-06 20:24:43 INFO  BaseTest:110 - Property files loaded successfully**********
20:24:43.121 [main] DEBUG io.github.bonigarcia.wdm.cache.ResolutionCache - Resolution chrome=114 in cache (valid until 21:23:55 06/06/2023 CEST)
20:24:43.123 [main] DEBUG io.github.bonigarcia.wdm.cache.ResolutionCache - Resolution chrome114=114.0.5735.90 in cache (valid until 16:16:26 07/06/2023 CEST)
20:24:43.123 [main] INFO io.github.bonigarcia.wdm.WebDriverManager - Using chromedriver 114.0.5735.90 (resolved driver for Chrome 114)
20:24:43.125 [rp-io-46] DEBUG com.epam.reportportal.service.Launch - TestItem with ID = '0982ff1b-8d40-4a86-8af3-1ca40027c72c' successfully finished.
20:24:43.125 [rp-io-46] DEBUG com.epam.reportportal.utils.SubscriptionUtils - Finish test item completed
20:24:43.130 [rp-io-44] DEBUG com.epam.reportportal.service.Launch - ReportPortal item with ID 'a25c6872-91de-4566-b77b-e5d918d7c60c' has been created
20:24:43.130 [rp-io-44] DEBUG com.epam.reportportal.utils.SubscriptionUtils - Start test item successfully completed
20:24:43.134 [main] DEBUG io.github.bonigarcia.wdm.WebDriverManager - Driver chromedriver 114.0.5735.90 found in cache
20:24:43.136 [main] INFO io.github.bonigarcia.wdm.WebDriverManager - Exporting webdriver.chrome.driver as C:\Users\Suwarna_Wagh\.cache\selenium\chromedriver\win32\114.0.5735.90\chromedriver.exe
20:24:43.463 [AsyncHttpClient-1-8] DEBUG org.asynchttpclient.netty.channel.NettyConnectListener - Using new Channel '[id: 0x7239736c, L:/127.0.0.1:59962 - R:localhost/127.0.0.1:9920]' for 'POST' to '/session'
20:24:43.523 [Finalizer] DEBUG org.apache.http.impl.conn.DefaultClientConnection - Connection 0.0.0.0:59887<->127.0.0.1:8080 closed
20:24:43.523 [Finalizer] DEBUG org.apache.http.impl.conn.DefaultClientConnection - Connection 0.0.0.0:59882<->127.0.0.1:8080 closed
20:24:43.789 [AsyncHttpClient-1-1] DEBUG org.asynchttpclient.netty.channel.DefaultChannelPool - Entry count for : http://localhost:59933 : 1
20:24:43.790 [AsyncHttpClient-1-1] DEBUG org.asynchttpclient.netty.channel.DefaultChannelPool - Entry count for : http://localhost:41465 : 1
20:24:43.790 [AsyncHttpClient-1-1] DEBUG org.asynchttpclient.netty.channel.DefaultChannelPool - Adding Candidate expired Channel [id: 0x19d352aa, L:/127.0.0.1:59940 ! R:localhost/127.0.0.1:59933] isIdleTimeoutExpired=false isRemotelyClosed=true isTtlExpired=false
20:24:43.790 [AsyncHttpClient-1-1] DEBUG org.asynchttpclient.netty.channel.DefaultChannelPool - Closing Idle Channel [id: 0x19d352aa, L:/127.0.0.1:59940 ! R:localhost/127.0.0.1:59933]
20:24:43.790 [AsyncHttpClient-1-1] DEBUG org.asynchttpclient.netty.channel.DefaultChannelPool - Adding Candidate expired Channel [id: 0xb1b385d0, L:/127.0.0.1:59932 ! R:localhost/127.0.0.1:41465] isIdleTimeoutExpired=false isRemotelyClosed=true isTtlExpired=false
20:24:43.790 [AsyncHttpClient-1-1] DEBUG org.asynchttpclient.netty.channel.DefaultChannelPool - Closing Idle Channel [id: 0xb1b385d0, L:/127.0.0.1:59932 ! R:localhost/127.0.0.1:41465]
20:24:43.790 [AsyncHttpClient-1-1] DEBUG org.asynchttpclient.netty.channel.DefaultChannelPool - Closed 2 connections out of 2 in 0 ms
20:24:44.364 [AsyncHttpClient-1-8] DEBUG org.asynchttpclient.netty.handler.HttpHandler - 

Request DefaultHttpRequest(decodeResult: success, version: HTTP/1.1)
POST /session HTTP/1.1
User-Agent: selenium/4.8.3 (java windows)
Content-Length: 439
Content-Type: application/json; charset=utf-8
host: localhost:9920
accept: */*

Response DefaultHttpResponse(decodeResult: success, version: HTTP/1.1)
HTTP/1.1 200 OK
Content-Length: 864
Content-Type: application/json; charset=utf-8
cache-control: no-cache

20:24:44.364 [AsyncHttpClient-1-8] DEBUG org.asynchttpclient.netty.channel.ChannelManager - Adding key: http://localhost:9920 for channel [id: 0x7239736c, L:/127.0.0.1:59962 - R:localhost/127.0.0.1:9920]
20:24:44.371 [AsyncHttpClient-1-9] DEBUG org.asynchttpclient.netty.channel.NettyConnectListener - Using new Channel '[id: 0xe4112572, L:/127.0.0.1:59970 - R:localhost/127.0.0.1:59963]' for 'GET' to '/json/version'
20:24:44.373 [AsyncHttpClient-1-9] DEBUG org.asynchttpclient.netty.handler.HttpHandler - 

Request DefaultFullHttpRequest(decodeResult: success, version: HTTP/1.1, content: EmptyByteBufBE)
GET /json/version HTTP/1.1
User-Agent: selenium/4.8.3 (java windows)
host: localhost:59963
accept: */*

Response DefaultHttpResponse(decodeResult: success, version: HTTP/1.1)
HTTP/1.1 200 OK
Content-Security-Policy: frame-ancestors 'none'
Content-Length: 424
Content-Type: application/json; charset=UTF-8

20:24:44.374 [AsyncHttpClient-1-9] DEBUG org.asynchttpclient.netty.channel.ChannelManager - Adding key: http://localhost:59963 for channel [id: 0xe4112572, L:/127.0.0.1:59970 - R:localhost/127.0.0.1:59963]
20:24:44.377 [AsyncHttpClient-1-10] DEBUG org.asynchttpclient.netty.channel.NettyConnectListener - Using new Channel '[id: 0x15577fda, L:/127.0.0.1:59971 - R:localhost/127.0.0.1:59963]' for 'GET' to '/devtools/browser/7fabf50a-a8f3-4434-a63d-397dab47fd10'
20:24:44.379 [AsyncHttpClient-1-10] DEBUG org.asynchttpclient.netty.handler.WebSocketHandler - 

Request DefaultFullHttpRequest(decodeResult: success, version: HTTP/1.1, content: EmptyByteBufBE)
GET /devtools/browser/7fabf50a-a8f3-4434-a63d-397dab47fd10 HTTP/1.1
upgrade: websocket
connection: upgrade
sec-websocket-key: ZRR6jOSrSsx51CDs9/Zr8w==
sec-websocket-version: 13
origin: http://localhost:59963
host: localhost:59963
accept: */*
user-agent: AHC/2.1

Response DefaultHttpResponse(decodeResult: success, version: HTTP/1.1)
HTTP/1.1 101 WebSocket Protocol Handshake
Upgrade: WebSocket
Connection: Upgrade
Sec-WebSocket-Accept: WtHI1wZpr/Oxwoxykbzb0hKgIWI=

20:24:44.383 [Forwarding setTimeout on session 20fffbb9bd3ed8e36f87dd8b7908a6be to remote] DEBUG org.asynchttpclient.netty.request.NettyRequestSender - Using pooled Channel '[id: 0x7239736c, L:/127.0.0.1:59962 - R:localhost/127.0.0.1:9920]' for 'POST' to 'http://localhost:9920/session/20fffbb9bd3ed8e36f87dd8b7908a6be/timeouts'
20:24:44.384 [Forwarding setTimeout on session 20fffbb9bd3ed8e36f87dd8b7908a6be to remote] DEBUG org.asynchttpclient.netty.request.NettyRequestSender - Using open Channel [id: 0x7239736c, L:/127.0.0.1:59962 - R:localhost/127.0.0.1:9920] for POST '/session/20fffbb9bd3ed8e36f87dd8b7908a6be/timeouts'
20:24:44.386 [AsyncHttpClient-1-8] DEBUG org.asynchttpclient.netty.handler.HttpHandler - 

Request DefaultHttpRequest(decodeResult: success, version: HTTP/1.1)
POST /session/20fffbb9bd3ed8e36f87dd8b7908a6be/timeouts HTTP/1.1
User-Agent: selenium/4.8.3 (java windows)
Content-Length: 22
Content-Type: application/json; charset=utf-8
host: localhost:9920
accept: */*

Response DefaultHttpResponse(decodeResult: success, version: HTTP/1.1)
HTTP/1.1 200 OK
Content-Length: 14
Content-Type: application/json; charset=utf-8
cache-control: no-cache

20:24:44.386 [AsyncHttpClient-1-8] DEBUG org.asynchttpclient.netty.channel.ChannelManager - Adding key: http://localhost:9920 for channel [id: 0x7239736c, L:/127.0.0.1:59962 - R:localhost/127.0.0.1:9920]
20:24:44.388 [Forwarding maximizeCurrentWindow on session 20fffbb9bd3ed8e36f87dd8b7908a6be to remote] DEBUG org.asynchttpclient.netty.request.NettyRequestSender - Using pooled Channel '[id: 0x7239736c, L:/127.0.0.1:59962 - R:localhost/127.0.0.1:9920]' for 'POST' to 'http://localhost:9920/session/20fffbb9bd3ed8e36f87dd8b7908a6be/window/maximize'
20:24:44.388 [Forwarding maximizeCurrentWindow on session 20fffbb9bd3ed8e36f87dd8b7908a6be to remote] DEBUG org.asynchttpclient.netty.request.NettyRequestSender - Using open Channel [id: 0x7239736c, L:/127.0.0.1:59962 - R:localhost/127.0.0.1:9920] for POST '/session/20fffbb9bd3ed8e36f87dd8b7908a6be/window/maximize'
20:24:44.505 [AsyncHttpClient-1-8] DEBUG org.asynchttpclient.netty.handler.HttpHandler - 

Request DefaultHttpRequest(decodeResult: success, version: HTTP/1.1)
POST /session/20fffbb9bd3ed8e36f87dd8b7908a6be/window/maximize HTTP/1.1
User-Agent: selenium/4.8.3 (java windows)
Content-Length: 3
Content-Type: application/json; charset=utf-8
host: localhost:9920
accept: */*

Response DefaultHttpResponse(decodeResult: success, version: HTTP/1.1)
HTTP/1.1 200 OK
Content-Length: 51
Content-Type: application/json; charset=utf-8
cache-control: no-cache

20:24:44.506 [AsyncHttpClient-1-8] DEBUG org.asynchttpclient.netty.channel.ChannelManager - Adding key: http://localhost:9920 for channel [id: 0x7239736c, L:/127.0.0.1:59962 - R:localhost/127.0.0.1:9920]
20:24:44.507 [Forwarding get on session 20fffbb9bd3ed8e36f87dd8b7908a6be to remote] DEBUG org.asynchttpclient.netty.request.NettyRequestSender - Using pooled Channel '[id: 0x7239736c, L:/127.0.0.1:59962 - R:localhost/127.0.0.1:9920]' for 'POST' to 'http://localhost:9920/session/20fffbb9bd3ed8e36f87dd8b7908a6be/url'
20:24:44.507 [Forwarding get on session 20fffbb9bd3ed8e36f87dd8b7908a6be to remote] DEBUG org.asynchttpclient.netty.request.NettyRequestSender - Using open Channel [id: 0x7239736c, L:/127.0.0.1:59962 - R:localhost/127.0.0.1:9920] for POST '/session/20fffbb9bd3ed8e36f87dd8b7908a6be/url'
20:24:44.890 [AsyncHttpClient-1-1] DEBUG org.asynchttpclient.netty.channel.DefaultChannelPool - Entry count for : http://localhost:59963 : 1
20:24:45.990 [AsyncHttpClient-1-1] DEBUG org.asynchttpclient.netty.channel.DefaultChannelPool - Entry count for : http://localhost:59963 : 1
20:24:46.196 [AsyncHttpClient-1-8] DEBUG org.asynchttpclient.netty.handler.HttpHandler - 

Request DefaultHttpRequest(decodeResult: success, version: HTTP/1.1)
POST /session/20fffbb9bd3ed8e36f87dd8b7908a6be/url HTTP/1.1
User-Agent: selenium/4.8.3 (java windows)
Content-Length: 52
Content-Type: application/json; charset=utf-8
host: localhost:9920
accept: */*

Response DefaultHttpResponse(decodeResult: success, version: HTTP/1.1)
HTTP/1.1 200 OK
Content-Length: 14
Content-Type: application/json; charset=utf-8
cache-control: no-cache

20:24:46.197 [AsyncHttpClient-1-8] DEBUG org.asynchttpclient.netty.channel.ChannelManager - Adding key: http://localhost:9920 for channel [id: 0x7239736c, L:/127.0.0.1:59962 - R:localhost/127.0.0.1:9920]
2023-06-06 20:24:46 INFO  BaseTest:104 - Test driver set up done successfully**********
2023-06-06 20:24:46 INFO  BaseTest:122 - Logging in to portal
20:24:46.200 [Forwarding findElement on session 20fffbb9bd3ed8e36f87dd8b7908a6be to remote] DEBUG org.asynchttpclient.netty.request.NettyRequestSender - Using pooled Channel '[id: 0x7239736c, L:/127.0.0.1:59962 - R:localhost/127.0.0.1:9920]' for 'POST' to 'http://localhost:9920/session/20fffbb9bd3ed8e36f87dd8b7908a6be/element'
20:24:46.200 [Forwarding findElement on session 20fffbb9bd3ed8e36f87dd8b7908a6be to remote] DEBUG org.asynchttpclient.netty.request.NettyRequestSender - Using open Channel [id: 0x7239736c, L:/127.0.0.1:59962 - R:localhost/127.0.0.1:9920] for POST '/session/20fffbb9bd3ed8e36f87dd8b7908a6be/element'
20:24:46.215 [AsyncHttpClient-1-8] DEBUG org.asynchttpclient.netty.handler.HttpHandler - 

Request DefaultHttpRequest(decodeResult: success, version: HTTP/1.1)
POST /session/20fffbb9bd3ed8e36f87dd8b7908a6be/element HTTP/1.1
User-Agent: selenium/4.8.3 (java windows)
Content-Length: 59
Content-Type: application/json; charset=utf-8
host: localhost:9920
accept: */*

Response DefaultHttpResponse(decodeResult: success, version: HTTP/1.1)
HTTP/1.1 200 OK
Content-Length: 95
Content-Type: application/json; charset=utf-8
cache-control: no-cache

20:24:46.216 [AsyncHttpClient-1-8] DEBUG org.asynchttpclient.netty.channel.ChannelManager - Adding key: http://localhost:9920 for channel [id: 0x7239736c, L:/127.0.0.1:59962 - R:localhost/127.0.0.1:9920]
20:24:46.216 [Forwarding clearElement on session 20fffbb9bd3ed8e36f87dd8b7908a6be to remote] DEBUG org.asynchttpclient.netty.request.NettyRequestSender - Using pooled Channel '[id: 0x7239736c, L:/127.0.0.1:59962 - R:localhost/127.0.0.1:9920]' for 'POST' to 'http://localhost:9920/session/20fffbb9bd3ed8e36f87dd8b7908a6be/element/58840B8D19062B2017A0516E154EBADA_element_25/clear'
20:24:46.217 [Forwarding clearElement on session 20fffbb9bd3ed8e36f87dd8b7908a6be to remote] DEBUG org.asynchttpclient.netty.request.NettyRequestSender - Using open Channel [id: 0x7239736c, L:/127.0.0.1:59962 - R:localhost/127.0.0.1:9920] for POST '/session/20fffbb9bd3ed8e36f87dd8b7908a6be/element/58840B8D19062B2017A0516E154EBADA_element_25/clear'
20:24:46.258 [AsyncHttpClient-1-8] DEBUG org.asynchttpclient.netty.handler.HttpHandler - 

Request DefaultHttpRequest(decodeResult: success, version: HTTP/1.1)
POST /session/20fffbb9bd3ed8e36f87dd8b7908a6be/element/58840B8D19062B2017A0516E154EBADA_element_25/clear HTTP/1.1
User-Agent: selenium/4.8.3 (java windows)
Content-Length: 57
Content-Type: application/json; charset=utf-8
host: localhost:9920
accept: */*

Response DefaultHttpResponse(decodeResult: success, version: HTTP/1.1)
HTTP/1.1 200 OK
Content-Length: 14
Content-Type: application/json; charset=utf-8
cache-control: no-cache

20:24:46.258 [AsyncHttpClient-1-8] DEBUG org.asynchttpclient.netty.channel.ChannelManager - Adding key: http://localhost:9920 for channel [id: 0x7239736c, L:/127.0.0.1:59962 - R:localhost/127.0.0.1:9920]
20:24:46.260 [Forwarding findElement on session 20fffbb9bd3ed8e36f87dd8b7908a6be to remote] DEBUG org.asynchttpclient.netty.request.NettyRequestSender - Using pooled Channel '[id: 0x7239736c, L:/127.0.0.1:59962 - R:localhost/127.0.0.1:9920]' for 'POST' to 'http://localhost:9920/session/20fffbb9bd3ed8e36f87dd8b7908a6be/element'
20:24:46.260 [Forwarding findElement on session 20fffbb9bd3ed8e36f87dd8b7908a6be to remote] DEBUG org.asynchttpclient.netty.request.NettyRequestSender - Using open Channel [id: 0x7239736c, L:/127.0.0.1:59962 - R:localhost/127.0.0.1:9920] for POST '/session/20fffbb9bd3ed8e36f87dd8b7908a6be/element'
20:24:46.270 [AsyncHttpClient-1-8] DEBUG org.asynchttpclient.netty.handler.HttpHandler - 

Request DefaultHttpRequest(decodeResult: success, version: HTTP/1.1)
POST /session/20fffbb9bd3ed8e36f87dd8b7908a6be/element HTTP/1.1
User-Agent: selenium/4.8.3 (java windows)
Content-Length: 59
Content-Type: application/json; charset=utf-8
host: localhost:9920
accept: */*

Response DefaultHttpResponse(decodeResult: success, version: HTTP/1.1)
HTTP/1.1 200 OK
Content-Length: 95
Content-Type: application/json; charset=utf-8
cache-control: no-cache

20:24:46.271 [AsyncHttpClient-1-8] DEBUG org.asynchttpclient.netty.channel.ChannelManager - Adding key: http://localhost:9920 for channel [id: 0x7239736c, L:/127.0.0.1:59962 - R:localhost/127.0.0.1:9920]
20:24:46.272 [Forwarding sendKeysToElement on session 20fffbb9bd3ed8e36f87dd8b7908a6be to remote] DEBUG org.asynchttpclient.netty.request.NettyRequestSender - Using pooled Channel '[id: 0x7239736c, L:/127.0.0.1:59962 - R:localhost/127.0.0.1:9920]' for 'POST' to 'http://localhost:9920/session/20fffbb9bd3ed8e36f87dd8b7908a6be/element/58840B8D19062B2017A0516E154EBADA_element_25/value'
20:24:46.273 [Forwarding sendKeysToElement on session 20fffbb9bd3ed8e36f87dd8b7908a6be to remote] DEBUG org.asynchttpclient.netty.request.NettyRequestSender - Using open Channel [id: 0x7239736c, L:/127.0.0.1:59962 - R:localhost/127.0.0.1:9920] for POST '/session/20fffbb9bd3ed8e36f87dd8b7908a6be/element/58840B8D19062B2017A0516E154EBADA_element_25/value'
20:24:46.377 [AsyncHttpClient-1-8] DEBUG org.asynchttpclient.netty.handler.HttpHandler - 

Request DefaultHttpRequest(decodeResult: success, version: HTTP/1.1)
POST /session/20fffbb9bd3ed8e36f87dd8b7908a6be/element/58840B8D19062B2017A0516E154EBADA_element_25/value HTTP/1.1
User-Agent: selenium/4.8.3 (java windows)
Content-Length: 188
Content-Type: application/json; charset=utf-8
host: localhost:9920
accept: */*

Response DefaultHttpResponse(decodeResult: success, version: HTTP/1.1)
HTTP/1.1 200 OK
Content-Length: 14
Content-Type: application/json; charset=utf-8
cache-control: no-cache

20:24:46.377 [AsyncHttpClient-1-8] DEBUG org.asynchttpclient.netty.channel.ChannelManager - Adding key: http://localhost:9920 for channel [id: 0x7239736c, L:/127.0.0.1:59962 - R:localhost/127.0.0.1:9920]
20:24:46.379 [Forwarding findElement on session 20fffbb9bd3ed8e36f87dd8b7908a6be to remote] DEBUG org.asynchttpclient.netty.request.NettyRequestSender - Using pooled Channel '[id: 0x7239736c, L:/127.0.0.1:59962 - R:localhost/127.0.0.1:9920]' for 'POST' to 'http://localhost:9920/session/20fffbb9bd3ed8e36f87dd8b7908a6be/element'
20:24:46.379 [Forwarding findElement on session 20fffbb9bd3ed8e36f87dd8b7908a6be to remote] DEBUG org.asynchttpclient.netty.request.NettyRequestSender - Using open Channel [id: 0x7239736c, L:/127.0.0.1:59962 - R:localhost/127.0.0.1:9920] for POST '/session/20fffbb9bd3ed8e36f87dd8b7908a6be/element'
20:24:46.394 [AsyncHttpClient-1-8] DEBUG org.asynchttpclient.netty.handler.HttpHandler - 

Request DefaultHttpRequest(decodeResult: success, version: HTTP/1.1)
POST /session/20fffbb9bd3ed8e36f87dd8b7908a6be/element HTTP/1.1
User-Agent: selenium/4.8.3 (java windows)
Content-Length: 62
Content-Type: application/json; charset=utf-8
host: localhost:9920
accept: */*

Response DefaultHttpResponse(decodeResult: success, version: HTTP/1.1)
HTTP/1.1 200 OK
Content-Length: 95
Content-Type: application/json; charset=utf-8
cache-control: no-cache

20:24:46.395 [AsyncHttpClient-1-8] DEBUG org.asynchttpclient.netty.channel.ChannelManager - Adding key: http://localhost:9920 for channel [id: 0x7239736c, L:/127.0.0.1:59962 - R:localhost/127.0.0.1:9920]
20:24:46.396 [Forwarding clearElement on session 20fffbb9bd3ed8e36f87dd8b7908a6be to remote] DEBUG org.asynchttpclient.netty.request.NettyRequestSender - Using pooled Channel '[id: 0x7239736c, L:/127.0.0.1:59962 - R:localhost/127.0.0.1:9920]' for 'POST' to 'http://localhost:9920/session/20fffbb9bd3ed8e36f87dd8b7908a6be/element/58840B8D19062B2017A0516E154EBADA_element_27/clear'
20:24:46.396 [Forwarding clearElement on session 20fffbb9bd3ed8e36f87dd8b7908a6be to remote] DEBUG org.asynchttpclient.netty.request.NettyRequestSender - Using open Channel [id: 0x7239736c, L:/127.0.0.1:59962 - R:localhost/127.0.0.1:9920] for POST '/session/20fffbb9bd3ed8e36f87dd8b7908a6be/element/58840B8D19062B2017A0516E154EBADA_element_27/clear'
20:24:46.448 [AsyncHttpClient-1-8] DEBUG org.asynchttpclient.netty.handler.HttpHandler - 

Request DefaultHttpRequest(decodeResult: success, version: HTTP/1.1)
POST /session/20fffbb9bd3ed8e36f87dd8b7908a6be/element/58840B8D19062B2017A0516E154EBADA_element_27/clear HTTP/1.1
User-Agent: selenium/4.8.3 (java windows)
Content-Length: 57
Content-Type: application/json; charset=utf-8
host: localhost:9920
accept: */*

Response DefaultHttpResponse(decodeResult: success, version: HTTP/1.1)
HTTP/1.1 200 OK
Content-Length: 14
Content-Type: application/json; charset=utf-8
cache-control: no-cache

20:24:46.448 [AsyncHttpClient-1-8] DEBUG org.asynchttpclient.netty.channel.ChannelManager - Adding key: http://localhost:9920 for channel [id: 0x7239736c, L:/127.0.0.1:59962 - R:localhost/127.0.0.1:9920]
20:24:46.449 [Forwarding findElement on session 20fffbb9bd3ed8e36f87dd8b7908a6be to remote] DEBUG org.asynchttpclient.netty.request.NettyRequestSender - Using pooled Channel '[id: 0x7239736c, L:/127.0.0.1:59962 - R:localhost/127.0.0.1:9920]' for 'POST' to 'http://localhost:9920/session/20fffbb9bd3ed8e36f87dd8b7908a6be/element'
20:24:46.449 [Forwarding findElement on session 20fffbb9bd3ed8e36f87dd8b7908a6be to remote] DEBUG org.asynchttpclient.netty.request.NettyRequestSender - Using open Channel [id: 0x7239736c, L:/127.0.0.1:59962 - R:localhost/127.0.0.1:9920] for POST '/session/20fffbb9bd3ed8e36f87dd8b7908a6be/element'
20:24:46.458 [AsyncHttpClient-1-8] DEBUG org.asynchttpclient.netty.handler.HttpHandler - 

Request DefaultHttpRequest(decodeResult: success, version: HTTP/1.1)
POST /session/20fffbb9bd3ed8e36f87dd8b7908a6be/element HTTP/1.1
User-Agent: selenium/4.8.3 (java windows)
Content-Length: 62
Content-Type: application/json; charset=utf-8
host: localhost:9920
accept: */*

Response DefaultHttpResponse(decodeResult: success, version: HTTP/1.1)
HTTP/1.1 200 OK
Content-Length: 95
Content-Type: application/json; charset=utf-8
cache-control: no-cache

20:24:46.459 [AsyncHttpClient-1-8] DEBUG org.asynchttpclient.netty.channel.ChannelManager - Adding key: http://localhost:9920 for channel [id: 0x7239736c, L:/127.0.0.1:59962 - R:localhost/127.0.0.1:9920]
20:24:46.460 [Forwarding sendKeysToElement on session 20fffbb9bd3ed8e36f87dd8b7908a6be to remote] DEBUG org.asynchttpclient.netty.request.NettyRequestSender - Using pooled Channel '[id: 0x7239736c, L:/127.0.0.1:59962 - R:localhost/127.0.0.1:9920]' for 'POST' to 'http://localhost:9920/session/20fffbb9bd3ed8e36f87dd8b7908a6be/element/58840B8D19062B2017A0516E154EBADA_element_27/value'
20:24:46.460 [Forwarding sendKeysToElement on session 20fffbb9bd3ed8e36f87dd8b7908a6be to remote] DEBUG org.asynchttpclient.netty.request.NettyRequestSender - Using open Channel [id: 0x7239736c, L:/127.0.0.1:59962 - R:localhost/127.0.0.1:9920] for POST '/session/20fffbb9bd3ed8e36f87dd8b7908a6be/element/58840B8D19062B2017A0516E154EBADA_element_27/value'
20:24:46.547 [AsyncHttpClient-1-8] DEBUG org.asynchttpclient.netty.handler.HttpHandler - 

Request DefaultHttpRequest(decodeResult: success, version: HTTP/1.1)
POST /session/20fffbb9bd3ed8e36f87dd8b7908a6be/element/58840B8D19062B2017A0516E154EBADA_element_27/value HTTP/1.1
User-Agent: selenium/4.8.3 (java windows)
Content-Length: 148
Content-Type: application/json; charset=utf-8
host: localhost:9920
accept: */*

Response DefaultHttpResponse(decodeResult: success, version: HTTP/1.1)
HTTP/1.1 200 OK
Content-Length: 14
Content-Type: application/json; charset=utf-8
cache-control: no-cache

20:24:46.547 [AsyncHttpClient-1-8] DEBUG org.asynchttpclient.netty.channel.ChannelManager - Adding key: http://localhost:9920 for channel [id: 0x7239736c, L:/127.0.0.1:59962 - R:localhost/127.0.0.1:9920]
20:24:46.548 [Forwarding findElement on session 20fffbb9bd3ed8e36f87dd8b7908a6be to remote] DEBUG org.asynchttpclient.netty.request.NettyRequestSender - Using pooled Channel '[id: 0x7239736c, L:/127.0.0.1:59962 - R:localhost/127.0.0.1:9920]' for 'POST' to 'http://localhost:9920/session/20fffbb9bd3ed8e36f87dd8b7908a6be/element'
20:24:46.549 [Forwarding findElement on session 20fffbb9bd3ed8e36f87dd8b7908a6be to remote] DEBUG org.asynchttpclient.netty.request.NettyRequestSender - Using open Channel [id: 0x7239736c, L:/127.0.0.1:59962 - R:localhost/127.0.0.1:9920] for POST '/session/20fffbb9bd3ed8e36f87dd8b7908a6be/element'
20:24:46.561 [AsyncHttpClient-1-8] DEBUG org.asynchttpclient.netty.handler.HttpHandler - 

Request DefaultHttpRequest(decodeResult: success, version: HTTP/1.1)
POST /session/20fffbb9bd3ed8e36f87dd8b7908a6be/element HTTP/1.1
User-Agent: selenium/4.8.3 (java windows)
Content-Length: 71
Content-Type: application/json; charset=utf-8
host: localhost:9920
accept: */*

Response DefaultHttpResponse(decodeResult: success, version: HTTP/1.1)
HTTP/1.1 200 OK
Content-Length: 95
Content-Type: application/json; charset=utf-8
cache-control: no-cache

20:24:46.562 [AsyncHttpClient-1-8] DEBUG org.asynchttpclient.netty.channel.ChannelManager - Adding key: http://localhost:9920 for channel [id: 0x7239736c, L:/127.0.0.1:59962 - R:localhost/127.0.0.1:9920]
20:24:46.563 [Forwarding clickElement on session 20fffbb9bd3ed8e36f87dd8b7908a6be to remote] DEBUG org.asynchttpclient.netty.request.NettyRequestSender - Using pooled Channel '[id: 0x7239736c, L:/127.0.0.1:59962 - R:localhost/127.0.0.1:9920]' for 'POST' to 'http://localhost:9920/session/20fffbb9bd3ed8e36f87dd8b7908a6be/element/58840B8D19062B2017A0516E154EBADA_element_32/click'
20:24:46.563 [Forwarding clickElement on session 20fffbb9bd3ed8e36f87dd8b7908a6be to remote] DEBUG org.asynchttpclient.netty.request.NettyRequestSender - Using open Channel [id: 0x7239736c, L:/127.0.0.1:59962 - R:localhost/127.0.0.1:9920] for POST '/session/20fffbb9bd3ed8e36f87dd8b7908a6be/element/58840B8D19062B2017A0516E154EBADA_element_32/click'
20:24:46.608 [AsyncHttpClient-1-8] DEBUG org.asynchttpclient.netty.handler.HttpHandler - 

Request DefaultHttpRequest(decodeResult: success, version: HTTP/1.1)
POST /session/20fffbb9bd3ed8e36f87dd8b7908a6be/element/58840B8D19062B2017A0516E154EBADA_element_32/click HTTP/1.1
User-Agent: selenium/4.8.3 (java windows)
Content-Length: 57
Content-Type: application/json; charset=utf-8
host: localhost:9920
accept: */*

Response DefaultHttpResponse(decodeResult: success, version: HTTP/1.1)
HTTP/1.1 200 OK
Content-Length: 14
Content-Type: application/json; charset=utf-8
cache-control: no-cache

20:24:46.608 [AsyncHttpClient-1-8] DEBUG org.asynchttpclient.netty.channel.ChannelManager - Adding key: http://localhost:9920 for channel [id: 0x7239736c, L:/127.0.0.1:59962 - R:localhost/127.0.0.1:9920]
2023-06-06 20:24:46 INFO  BaseTest:126 - Logged in
20:24:46.611 [rp-io-53] DEBUG com.epam.reportportal.service.Launch - Starting test item...rp-io-53
2023-06-06 20:24:46 INFO  Listeners:34 - Started Test null
20:24:46.613 [Forwarding findElement on session 20fffbb9bd3ed8e36f87dd8b7908a6be to remote] DEBUG org.asynchttpclient.netty.request.NettyRequestSender - Using pooled Channel '[id: 0x7239736c, L:/127.0.0.1:59962 - R:localhost/127.0.0.1:9920]' for 'POST' to 'http://localhost:9920/session/20fffbb9bd3ed8e36f87dd8b7908a6be/element'
20:24:46.613 [Forwarding findElement on session 20fffbb9bd3ed8e36f87dd8b7908a6be to remote] DEBUG org.asynchttpclient.netty.request.NettyRequestSender - Using open Channel [id: 0x7239736c, L:/127.0.0.1:59962 - R:localhost/127.0.0.1:9920] for POST '/session/20fffbb9bd3ed8e36f87dd8b7908a6be/element'
20:24:46.626 [rp-io-51] DEBUG com.epam.reportportal.service.Launch - TestItem with ID = 'a25c6872-91de-4566-b77b-e5d918d7c60c' successfully finished.
20:24:46.626 [rp-io-51] DEBUG com.epam.reportportal.utils.SubscriptionUtils - Finish test item completed
20:24:46.632 [rp-io-53] DEBUG com.epam.reportportal.service.Launch - ReportPortal item with ID '1a52b005-e71a-4a20-b7dc-9dc8f4568a8d' has been created
20:24:46.632 [rp-io-53] DEBUG com.epam.reportportal.utils.SubscriptionUtils - Start test item successfully completed
20:24:46.991 [AsyncHttpClient-1-8] DEBUG org.asynchttpclient.netty.handler.HttpHandler - 

Request DefaultHttpRequest(decodeResult: success, version: HTTP/1.1)
POST /session/20fffbb9bd3ed8e36f87dd8b7908a6be/element HTTP/1.1
User-Agent: selenium/4.8.3 (java windows)
Content-Length: 168
Content-Type: application/json; charset=utf-8
host: localhost:9920
accept: */*

Response DefaultHttpResponse(decodeResult: success, version: HTTP/1.1)
HTTP/1.1 200 OK
Content-Length: 95
Content-Type: application/json; charset=utf-8
cache-control: no-cache

20:24:46.991 [AsyncHttpClient-1-8] DEBUG org.asynchttpclient.netty.channel.ChannelManager - Adding key: http://localhost:9920 for channel [id: 0x7239736c, L:/127.0.0.1:59962 - R:localhost/127.0.0.1:9920]
20:24:46.993 [Forwarding clickElement on session 20fffbb9bd3ed8e36f87dd8b7908a6be to remote] DEBUG org.asynchttpclient.netty.request.NettyRequestSender - Using pooled Channel '[id: 0x7239736c, L:/127.0.0.1:59962 - R:localhost/127.0.0.1:9920]' for 'POST' to 'http://localhost:9920/session/20fffbb9bd3ed8e36f87dd8b7908a6be/element/58840B8D19062B2017A0516E154EBADA_element_48/click'
20:24:46.993 [Forwarding clickElement on session 20fffbb9bd3ed8e36f87dd8b7908a6be to remote] DEBUG org.asynchttpclient.netty.request.NettyRequestSender - Using open Channel [id: 0x7239736c, L:/127.0.0.1:59962 - R:localhost/127.0.0.1:9920] for POST '/session/20fffbb9bd3ed8e36f87dd8b7908a6be/element/58840B8D19062B2017A0516E154EBADA_element_48/click'
20:24:47.090 [AsyncHttpClient-1-1] DEBUG org.asynchttpclient.netty.channel.DefaultChannelPool - Entry count for : http://localhost:59963 : 1
20:24:47.318 [AsyncHttpClient-1-8] DEBUG org.asynchttpclient.netty.handler.HttpHandler - 

Request DefaultHttpRequest(decodeResult: success, version: HTTP/1.1)
POST /session/20fffbb9bd3ed8e36f87dd8b7908a6be/element/58840B8D19062B2017A0516E154EBADA_element_48/click HTTP/1.1
User-Agent: selenium/4.8.3 (java windows)
Content-Length: 57
Content-Type: application/json; charset=utf-8
host: localhost:9920
accept: */*

Response DefaultHttpResponse(decodeResult: success, version: HTTP/1.1)
HTTP/1.1 200 OK
Content-Length: 14
Content-Type: application/json; charset=utf-8
cache-control: no-cache

20:24:47.319 [AsyncHttpClient-1-8] DEBUG org.asynchttpclient.netty.channel.ChannelManager - Adding key: http://localhost:9920 for channel [id: 0x7239736c, L:/127.0.0.1:59962 - R:localhost/127.0.0.1:9920]
20:24:47.321 [Forwarding findElement on session 20fffbb9bd3ed8e36f87dd8b7908a6be to remote] DEBUG org.asynchttpclient.netty.request.NettyRequestSender - Using pooled Channel '[id: 0x7239736c, L:/127.0.0.1:59962 - R:localhost/127.0.0.1:9920]' for 'POST' to 'http://localhost:9920/session/20fffbb9bd3ed8e36f87dd8b7908a6be/element'
20:24:47.322 [Forwarding findElement on session 20fffbb9bd3ed8e36f87dd8b7908a6be to remote] DEBUG org.asynchttpclient.netty.request.NettyRequestSender - Using open Channel [id: 0x7239736c, L:/127.0.0.1:59962 - R:localhost/127.0.0.1:9920] for POST '/session/20fffbb9bd3ed8e36f87dd8b7908a6be/element'
20:24:47.347 [AsyncHttpClient-1-8] DEBUG org.asynchttpclient.netty.handler.HttpHandler - 

Request DefaultHttpRequest(decodeResult: success, version: HTTP/1.1)
POST /session/20fffbb9bd3ed8e36f87dd8b7908a6be/element HTTP/1.1
User-Agent: selenium/4.8.3 (java windows)
Content-Length: 96
Content-Type: application/json; charset=utf-8
host: localhost:9920
accept: */*

Response DefaultHttpResponse(decodeResult: success, version: HTTP/1.1)
HTTP/1.1 200 OK
Content-Length: 95
Content-Type: application/json; charset=utf-8
cache-control: no-cache

20:24:47.347 [AsyncHttpClient-1-8] DEBUG org.asynchttpclient.netty.channel.ChannelManager - Adding key: http://localhost:9920 for channel [id: 0x7239736c, L:/127.0.0.1:59962 - R:localhost/127.0.0.1:9920]
20:24:47.349 [Forwarding executeScript on session 20fffbb9bd3ed8e36f87dd8b7908a6be to remote] DEBUG org.asynchttpclient.netty.request.NettyRequestSender - Using pooled Channel '[id: 0x7239736c, L:/127.0.0.1:59962 - R:localhost/127.0.0.1:9920]' for 'POST' to 'http://localhost:9920/session/20fffbb9bd3ed8e36f87dd8b7908a6be/execute/sync'
20:24:47.349 [Forwarding executeScript on session 20fffbb9bd3ed8e36f87dd8b7908a6be to remote] DEBUG org.asynchttpclient.netty.request.NettyRequestSender - Using open Channel [id: 0x7239736c, L:/127.0.0.1:59962 - R:localhost/127.0.0.1:9920] for POST '/session/20fffbb9bd3ed8e36f87dd8b7908a6be/execute/sync'
20:24:47.362 [AsyncHttpClient-1-8] DEBUG org.asynchttpclient.netty.handler.HttpHandler - 

Request DefaultHttpRequest(decodeResult: success, version: HTTP/1.1)
POST /session/20fffbb9bd3ed8e36f87dd8b7908a6be/execute/sync HTTP/1.1
User-Agent: selenium/4.8.3 (java windows)
Content-Length: 232
Content-Type: application/json; charset=utf-8
host: localhost:9920
accept: */*

Response DefaultHttpResponse(decodeResult: success, version: HTTP/1.1)
HTTP/1.1 200 OK
Content-Length: 14
Content-Type: application/json; charset=utf-8
cache-control: no-cache

20:24:47.362 [AsyncHttpClient-1-8] DEBUG org.asynchttpclient.netty.channel.ChannelManager - Adding key: http://localhost:9920 for channel [id: 0x7239736c, L:/127.0.0.1:59962 - R:localhost/127.0.0.1:9920]
20:24:47.364 [Forwarding findElement on session 20fffbb9bd3ed8e36f87dd8b7908a6be to remote] DEBUG org.asynchttpclient.netty.request.NettyRequestSender - Using pooled Channel '[id: 0x7239736c, L:/127.0.0.1:59962 - R:localhost/127.0.0.1:9920]' for 'POST' to 'http://localhost:9920/session/20fffbb9bd3ed8e36f87dd8b7908a6be/element'
20:24:47.364 [Forwarding findElement on session 20fffbb9bd3ed8e36f87dd8b7908a6be to remote] DEBUG org.asynchttpclient.netty.request.NettyRequestSender - Using open Channel [id: 0x7239736c, L:/127.0.0.1:59962 - R:localhost/127.0.0.1:9920] for POST '/session/20fffbb9bd3ed8e36f87dd8b7908a6be/element'
20:24:47.447 [AsyncHttpClient-1-8] DEBUG org.asynchttpclient.netty.handler.HttpHandler - 

Request DefaultHttpRequest(decodeResult: success, version: HTTP/1.1)
POST /session/20fffbb9bd3ed8e36f87dd8b7908a6be/element HTTP/1.1
User-Agent: selenium/4.8.3 (java windows)
Content-Length: 96
Content-Type: application/json; charset=utf-8
host: localhost:9920
accept: */*

Response DefaultHttpResponse(decodeResult: success, version: HTTP/1.1)
HTTP/1.1 200 OK
Content-Length: 95
Content-Type: application/json; charset=utf-8
cache-control: no-cache

20:24:47.447 [AsyncHttpClient-1-8] DEBUG org.asynchttpclient.netty.channel.ChannelManager - Adding key: http://localhost:9920 for channel [id: 0x7239736c, L:/127.0.0.1:59962 - R:localhost/127.0.0.1:9920]
20:24:47.454 [Forwarding isElementDisplayed on session 20fffbb9bd3ed8e36f87dd8b7908a6be to remote] DEBUG org.asynchttpclient.netty.request.NettyRequestSender - Using pooled Channel '[id: 0x7239736c, L:/127.0.0.1:59962 - R:localhost/127.0.0.1:9920]' for 'POST' to 'http://localhost:9920/session/20fffbb9bd3ed8e36f87dd8b7908a6be/execute/sync'
20:24:47.454 [Forwarding isElementDisplayed on session 20fffbb9bd3ed8e36f87dd8b7908a6be to remote] DEBUG org.asynchttpclient.netty.request.NettyRequestSender - Using open Channel [id: 0x7239736c, L:/127.0.0.1:59962 - R:localhost/127.0.0.1:9920] for POST '/session/20fffbb9bd3ed8e36f87dd8b7908a6be/execute/sync'
20:24:47.843 [AsyncHttpClient-1-8] DEBUG org.asynchttpclient.netty.handler.HttpHandler - 

Request DefaultHttpRequest(decodeResult: success, version: HTTP/1.1)
POST /session/20fffbb9bd3ed8e36f87dd8b7908a6be/execute/sync HTTP/1.1
User-Agent: selenium/4.8.3 (java windows)
Content-Length: 48814
Content-Type: application/json; charset=utf-8
host: localhost:9920
accept: */*

Response DefaultHttpResponse(decodeResult: success, version: HTTP/1.1)
HTTP/1.1 200 OK
Content-Length: 14
Content-Type: application/json; charset=utf-8
cache-control: no-cache

20:24:47.843 [AsyncHttpClient-1-8] DEBUG org.asynchttpclient.netty.channel.ChannelManager - Adding key: http://localhost:9920 for channel [id: 0x7239736c, L:/127.0.0.1:59962 - R:localhost/127.0.0.1:9920]
2023-06-06 20:24:47 INFO  Listeners:38 - Succeeded Test null
]]></system-out>
    <system-err><![CDATA[Starting ChromeDriver 114.0.5735.90 (386bc09e8f4f2e025eddae123f36f6263096ae49-refs/branch-heads/5735@{#1052}) on port 9920
Only local connections are allowed.
Please see https://chromedriver.chromium.org/security-considerations for suggestions on keeping ChromeDriver safe.
ChromeDriver was started successfully.
Jun 06, 2023 8:24:44 PM org.openqa.selenium.devtools.CdpVersionFinder findNearestMatch
WARNING: Unable to find an exact match for CDP version 114, so returning the closest version found: 111
]]></system-err>
  </testcase>
  <testcase name="searchDashboardNameDP[TEST CASES GROWTH TREND CHART](4)" classname="alltests.uitest.coreTest.DashboardPageTest" time="1.314">
    <system-out><![CDATA[20:24:47.846 [rp-io-59] DEBUG com.epam.reportportal.service.Launch - Starting test item...rp-io-59
20:24:47.847 [AsyncHttpClient-1-10] DEBUG org.asynchttpclient.netty.handler.WebSocketHandler - Channel Closed: [id: 0x15577fda, L:/127.0.0.1:59971 ! R:localhost/127.0.0.1:59963] with attribute NettyResponseFuture{currentRetry=0,
	isDone=1,
	isCancelled=0,
	asyncHandler=org.asynchttpclient.ws.WebSocketUpgradeHandler@78d3710a,
	nettyRequest=org.asynchttpclient.netty.request.NettyRequest@52b59710,
	future=java.util.concurrent.CompletableFuture@10af2a[Completed normally],
	uri=ws://localhost:59963/devtools/browser/7fabf50a-a8f3-4434-a63d-397dab47fd10,
	keepAlive=true,
	redirectCount=0,
	timeoutsHolder=null,
	inAuth=0,
	touch=1686075884379}
20:24:47.847 [AsyncHttpClient-1-10] DEBUG org.asynchttpclient.netty.channel.ChannelManager - Closing Channel [id: 0x15577fda, L:/127.0.0.1:59971 ! R:localhost/127.0.0.1:59963] 
20:24:47.848 [Driver Command Executor] DEBUG org.asynchttpclient.netty.request.NettyRequestSender - Using pooled Channel '[id: 0x7239736c, L:/127.0.0.1:59962 - R:localhost/127.0.0.1:9920]' for 'DELETE' to 'http://localhost:9920/session/20fffbb9bd3ed8e36f87dd8b7908a6be'
20:24:47.848 [Driver Command Executor] DEBUG org.asynchttpclient.netty.request.NettyRequestSender - Using open Channel [id: 0x7239736c, L:/127.0.0.1:59962 - R:localhost/127.0.0.1:9920] for DELETE '/session/20fffbb9bd3ed8e36f87dd8b7908a6be'
20:24:47.861 [rp-io-57] DEBUG com.epam.reportportal.service.Launch - TestItem with ID = '1a52b005-e71a-4a20-b7dc-9dc8f4568a8d' successfully finished.
20:24:47.861 [rp-io-57] DEBUG com.epam.reportportal.utils.SubscriptionUtils - Finish test item completed
20:24:47.872 [rp-io-60] DEBUG com.epam.reportportal.service.Launch - ReportPortal item with ID 'b8e4cd7b-9368-4b84-a554-00dfdfe63b2d' has been created
20:24:47.873 [rp-io-60] DEBUG com.epam.reportportal.utils.SubscriptionUtils - Start test item successfully completed
20:24:47.970 [AsyncHttpClient-1-9] DEBUG org.asynchttpclient.netty.handler.HttpHandler - Unexpected I/O exception on channel [id: 0xe4112572, L:/127.0.0.1:59970 - R:localhost/127.0.0.1:59963]
java.net.SocketException: Connection reset
	at java.base/sun.nio.ch.SocketChannelImpl.throwConnectionReset(SocketChannelImpl.java:394)
	at java.base/sun.nio.ch.SocketChannelImpl.read(SocketChannelImpl.java:426)
	at io.netty.buffer.PooledByteBuf.setBytes(PooledByteBuf.java:256)
	at io.netty.buffer.AbstractByteBuf.writeBytes(AbstractByteBuf.java:1132)
	at io.netty.channel.socket.nio.NioSocketChannel.doReadBytes(NioSocketChannel.java:357)
	at io.netty.channel.nio.AbstractNioByteChannel$NioByteUnsafe.read(AbstractNioByteChannel.java:151)
	at io.netty.channel.nio.NioEventLoop.processSelectedKey(NioEventLoop.java:788)
	at io.netty.channel.nio.NioEventLoop.processSelectedKeysOptimized(NioEventLoop.java:724)
	at io.netty.channel.nio.NioEventLoop.processSelectedKeys(NioEventLoop.java:650)
	at io.netty.channel.nio.NioEventLoop.run(NioEventLoop.java:562)
	at io.netty.util.concurrent.SingleThreadEventExecutor$4.run(SingleThreadEventExecutor.java:997)
	at io.netty.util.internal.ThreadExecutorMap$2.run(ThreadExecutorMap.java:74)
	at io.netty.util.concurrent.FastThreadLocalRunnable.run(FastThreadLocalRunnable.java:30)
	at java.base/java.lang.Thread.run(Thread.java:833)
20:24:47.970 [AsyncHttpClient-1-9] DEBUG org.asynchttpclient.netty.channel.ChannelManager - Closing Channel [id: 0xe4112572, L:/127.0.0.1:59970 - R:localhost/127.0.0.1:59963] 
20:24:47.970 [AsyncHttpClient-1-9] DEBUG org.asynchttpclient.netty.handler.HttpHandler - Channel Closed: [id: 0xe4112572, L:/127.0.0.1:59970 ! R:localhost/127.0.0.1:59963] with attribute DISCARD
20:24:47.993 [AsyncHttpClient-1-8] DEBUG org.asynchttpclient.netty.handler.HttpHandler - 

Request DefaultFullHttpRequest(decodeResult: success, version: HTTP/1.1, content: EmptyByteBufBE)
DELETE /session/20fffbb9bd3ed8e36f87dd8b7908a6be HTTP/1.1
User-Agent: selenium/4.8.3 (java windows)
Content-Type: application/json; charset=utf-8
host: localhost:9920
accept: */*

Response DefaultHttpResponse(decodeResult: success, version: HTTP/1.1)
HTTP/1.1 200 OK
Content-Length: 14
Content-Type: application/json; charset=utf-8
cache-control: no-cache

20:24:47.994 [AsyncHttpClient-1-8] DEBUG org.asynchttpclient.netty.channel.ChannelManager - Adding key: http://localhost:9920 for channel [id: 0x7239736c, L:/127.0.0.1:59962 - R:localhost/127.0.0.1:9920]
20:24:48.035 [AsyncHttpClient-1-8] DEBUG org.asynchttpclient.netty.handler.HttpHandler - Channel Closed: [id: 0x7239736c, L:/127.0.0.1:59962 ! R:localhost/127.0.0.1:9920] with attribute DISCARD
2023-06-06 20:24:48 INFO  BaseTest:83 - Test executed**********
20:24:48.066 [rp-io-62] DEBUG com.epam.reportportal.service.Launch - Starting test item...rp-io-62
2023-06-06 20:24:48 INFO  BaseTest:110 - Property files loaded successfully**********
20:24:48.080 [main] DEBUG io.github.bonigarcia.wdm.cache.ResolutionCache - Resolution chrome=114 in cache (valid until 21:23:55 06/06/2023 CEST)
20:24:48.080 [main] DEBUG io.github.bonigarcia.wdm.cache.ResolutionCache - Resolution chrome114=114.0.5735.90 in cache (valid until 16:16:26 07/06/2023 CEST)
20:24:48.080 [main] INFO io.github.bonigarcia.wdm.WebDriverManager - Using chromedriver 114.0.5735.90 (resolved driver for Chrome 114)
20:24:48.082 [rp-io-63] DEBUG com.epam.reportportal.service.Launch - TestItem with ID = 'b8e4cd7b-9368-4b84-a554-00dfdfe63b2d' successfully finished.
20:24:48.082 [rp-io-63] DEBUG com.epam.reportportal.utils.SubscriptionUtils - Finish test item completed
20:24:48.086 [rp-io-62] DEBUG com.epam.reportportal.service.Launch - ReportPortal item with ID 'b406fa2e-d5b9-4923-bf15-a7724078d7c3' has been created
20:24:48.086 [rp-io-62] DEBUG com.epam.reportportal.utils.SubscriptionUtils - Start test item successfully completed
20:24:48.090 [main] DEBUG io.github.bonigarcia.wdm.WebDriverManager - Driver chromedriver 114.0.5735.90 found in cache
20:24:48.091 [main] INFO io.github.bonigarcia.wdm.WebDriverManager - Exporting webdriver.chrome.driver as C:\Users\Suwarna_Wagh\.cache\selenium\chromedriver\win32\114.0.5735.90\chromedriver.exe
20:24:48.190 [AsyncHttpClient-1-1] DEBUG org.asynchttpclient.netty.channel.DefaultChannelPool - Entry count for : http://localhost:9920 : 1
20:24:48.190 [AsyncHttpClient-1-1] DEBUG org.asynchttpclient.netty.channel.DefaultChannelPool - Entry count for : http://localhost:59963 : 1
20:24:48.190 [AsyncHttpClient-1-1] DEBUG org.asynchttpclient.netty.channel.DefaultChannelPool - Adding Candidate expired Channel [id: 0x7239736c, L:/127.0.0.1:59962 ! R:localhost/127.0.0.1:9920] isIdleTimeoutExpired=false isRemotelyClosed=true isTtlExpired=false
20:24:48.190 [AsyncHttpClient-1-1] DEBUG org.asynchttpclient.netty.channel.DefaultChannelPool - Closing Idle Channel [id: 0x7239736c, L:/127.0.0.1:59962 ! R:localhost/127.0.0.1:9920]
20:24:48.190 [AsyncHttpClient-1-1] DEBUG org.asynchttpclient.netty.channel.DefaultChannelPool - Adding Candidate expired Channel [id: 0xe4112572, L:/127.0.0.1:59970 ! R:localhost/127.0.0.1:59963] isIdleTimeoutExpired=false isRemotelyClosed=true isTtlExpired=false
20:24:48.190 [AsyncHttpClient-1-1] DEBUG org.asynchttpclient.netty.channel.DefaultChannelPool - Closing Idle Channel [id: 0xe4112572, L:/127.0.0.1:59970 ! R:localhost/127.0.0.1:59963]
20:24:48.190 [AsyncHttpClient-1-1] DEBUG org.asynchttpclient.netty.channel.DefaultChannelPool - Closed 2 connections out of 2 in 0 ms
20:24:48.283 [AsyncHttpClient-1-11] DEBUG org.asynchttpclient.netty.channel.NettyConnectListener - Using new Channel '[id: 0x2076895d, L:/127.0.0.1:59990 - R:localhost/127.0.0.1:22298]' for 'POST' to '/session'
20:24:49.179 [AsyncHttpClient-1-11] DEBUG org.asynchttpclient.netty.handler.HttpHandler - 

Request DefaultHttpRequest(decodeResult: success, version: HTTP/1.1)
POST /session HTTP/1.1
User-Agent: selenium/4.8.3 (java windows)
Content-Length: 439
Content-Type: application/json; charset=utf-8
host: localhost:22298
accept: */*

Response DefaultHttpResponse(decodeResult: success, version: HTTP/1.1)
HTTP/1.1 200 OK
Content-Length: 863
Content-Type: application/json; charset=utf-8
cache-control: no-cache

20:24:49.179 [AsyncHttpClient-1-11] DEBUG org.asynchttpclient.netty.channel.ChannelManager - Adding key: http://localhost:22298 for channel [id: 0x2076895d, L:/127.0.0.1:59990 - R:localhost/127.0.0.1:22298]
20:24:49.185 [AsyncHttpClient-1-12] DEBUG org.asynchttpclient.netty.channel.NettyConnectListener - Using new Channel '[id: 0xf1f0fb53, L:/127.0.0.1:59998 - R:localhost/127.0.0.1:59991]' for 'GET' to '/json/version'
20:24:49.187 [AsyncHttpClient-1-12] DEBUG org.asynchttpclient.netty.handler.HttpHandler - 

Request DefaultFullHttpRequest(decodeResult: success, version: HTTP/1.1, content: EmptyByteBufBE)
GET /json/version HTTP/1.1
User-Agent: selenium/4.8.3 (java windows)
host: localhost:59991
accept: */*

Response DefaultHttpResponse(decodeResult: success, version: HTTP/1.1)
HTTP/1.1 200 OK
Content-Security-Policy: frame-ancestors 'none'
Content-Length: 424
Content-Type: application/json; charset=UTF-8

20:24:49.187 [AsyncHttpClient-1-12] DEBUG org.asynchttpclient.netty.channel.ChannelManager - Adding key: http://localhost:59991 for channel [id: 0xf1f0fb53, L:/127.0.0.1:59998 - R:localhost/127.0.0.1:59991]
20:24:49.191 [AsyncHttpClient-1-13] DEBUG org.asynchttpclient.netty.channel.NettyConnectListener - Using new Channel '[id: 0xb42b6326, L:/127.0.0.1:59999 - R:localhost/127.0.0.1:59991]' for 'GET' to '/devtools/browser/e0e344ec-eee5-40f3-8c92-5d9707c88fd8'
20:24:49.194 [AsyncHttpClient-1-13] DEBUG org.asynchttpclient.netty.handler.WebSocketHandler - 

Request DefaultFullHttpRequest(decodeResult: success, version: HTTP/1.1, content: EmptyByteBufBE)
GET /devtools/browser/e0e344ec-eee5-40f3-8c92-5d9707c88fd8 HTTP/1.1
upgrade: websocket
connection: upgrade
sec-websocket-key: S6xrZ6Cu/RWX8QV82GF1Sw==
sec-websocket-version: 13
origin: http://localhost:59991
host: localhost:59991
accept: */*
user-agent: AHC/2.1

Response DefaultHttpResponse(decodeResult: success, version: HTTP/1.1)
HTTP/1.1 101 WebSocket Protocol Handshake
Upgrade: WebSocket
Connection: Upgrade
Sec-WebSocket-Accept: /hgmBAYZvhtf/QdD2PKznois3jc=

20:24:49.200 [Forwarding setTimeout on session 0e5c94f860c4c291678b5b154dbfe223 to remote] DEBUG org.asynchttpclient.netty.request.NettyRequestSender - Using pooled Channel '[id: 0x2076895d, L:/127.0.0.1:59990 - R:localhost/127.0.0.1:22298]' for 'POST' to 'http://localhost:22298/session/0e5c94f860c4c291678b5b154dbfe223/timeouts'
20:24:49.200 [Forwarding setTimeout on session 0e5c94f860c4c291678b5b154dbfe223 to remote] DEBUG org.asynchttpclient.netty.request.NettyRequestSender - Using open Channel [id: 0x2076895d, L:/127.0.0.1:59990 - R:localhost/127.0.0.1:22298] for POST '/session/0e5c94f860c4c291678b5b154dbfe223/timeouts'
20:24:49.202 [AsyncHttpClient-1-11] DEBUG org.asynchttpclient.netty.handler.HttpHandler - 

Request DefaultHttpRequest(decodeResult: success, version: HTTP/1.1)
POST /session/0e5c94f860c4c291678b5b154dbfe223/timeouts HTTP/1.1
User-Agent: selenium/4.8.3 (java windows)
Content-Length: 22
Content-Type: application/json; charset=utf-8
host: localhost:22298
accept: */*

Response DefaultHttpResponse(decodeResult: success, version: HTTP/1.1)
HTTP/1.1 200 OK
Content-Length: 14
Content-Type: application/json; charset=utf-8
cache-control: no-cache

20:24:49.202 [AsyncHttpClient-1-11] DEBUG org.asynchttpclient.netty.channel.ChannelManager - Adding key: http://localhost:22298 for channel [id: 0x2076895d, L:/127.0.0.1:59990 - R:localhost/127.0.0.1:22298]
20:24:49.204 [Forwarding maximizeCurrentWindow on session 0e5c94f860c4c291678b5b154dbfe223 to remote] DEBUG org.asynchttpclient.netty.request.NettyRequestSender - Using pooled Channel '[id: 0x2076895d, L:/127.0.0.1:59990 - R:localhost/127.0.0.1:22298]' for 'POST' to 'http://localhost:22298/session/0e5c94f860c4c291678b5b154dbfe223/window/maximize'
20:24:49.204 [Forwarding maximizeCurrentWindow on session 0e5c94f860c4c291678b5b154dbfe223 to remote] DEBUG org.asynchttpclient.netty.request.NettyRequestSender - Using open Channel [id: 0x2076895d, L:/127.0.0.1:59990 - R:localhost/127.0.0.1:22298] for POST '/session/0e5c94f860c4c291678b5b154dbfe223/window/maximize'
20:24:49.289 [AsyncHttpClient-1-1] DEBUG org.asynchttpclient.netty.channel.DefaultChannelPool - Entry count for : http://localhost:59991 : 1
20:24:49.330 [AsyncHttpClient-1-11] DEBUG org.asynchttpclient.netty.handler.HttpHandler - 

Request DefaultHttpRequest(decodeResult: success, version: HTTP/1.1)
POST /session/0e5c94f860c4c291678b5b154dbfe223/window/maximize HTTP/1.1
User-Agent: selenium/4.8.3 (java windows)
Content-Length: 3
Content-Type: application/json; charset=utf-8
host: localhost:22298
accept: */*

Response DefaultHttpResponse(decodeResult: success, version: HTTP/1.1)
HTTP/1.1 200 OK
Content-Length: 51
Content-Type: application/json; charset=utf-8
cache-control: no-cache

20:24:49.330 [AsyncHttpClient-1-11] DEBUG org.asynchttpclient.netty.channel.ChannelManager - Adding key: http://localhost:22298 for channel [id: 0x2076895d, L:/127.0.0.1:59990 - R:localhost/127.0.0.1:22298]
20:24:49.332 [Forwarding get on session 0e5c94f860c4c291678b5b154dbfe223 to remote] DEBUG org.asynchttpclient.netty.request.NettyRequestSender - Using pooled Channel '[id: 0x2076895d, L:/127.0.0.1:59990 - R:localhost/127.0.0.1:22298]' for 'POST' to 'http://localhost:22298/session/0e5c94f860c4c291678b5b154dbfe223/url'
20:24:49.332 [Forwarding get on session 0e5c94f860c4c291678b5b154dbfe223 to remote] DEBUG org.asynchttpclient.netty.request.NettyRequestSender - Using open Channel [id: 0x2076895d, L:/127.0.0.1:59990 - R:localhost/127.0.0.1:22298] for POST '/session/0e5c94f860c4c291678b5b154dbfe223/url'
20:24:50.391 [AsyncHttpClient-1-1] DEBUG org.asynchttpclient.netty.channel.DefaultChannelPool - Entry count for : http://localhost:59991 : 1
20:24:51.043 [AsyncHttpClient-1-11] DEBUG org.asynchttpclient.netty.handler.HttpHandler - 

Request DefaultHttpRequest(decodeResult: success, version: HTTP/1.1)
POST /session/0e5c94f860c4c291678b5b154dbfe223/url HTTP/1.1
User-Agent: selenium/4.8.3 (java windows)
Content-Length: 52
Content-Type: application/json; charset=utf-8
host: localhost:22298
accept: */*

Response DefaultHttpResponse(decodeResult: success, version: HTTP/1.1)
HTTP/1.1 200 OK
Content-Length: 14
Content-Type: application/json; charset=utf-8
cache-control: no-cache

20:24:51.045 [AsyncHttpClient-1-11] DEBUG org.asynchttpclient.netty.channel.ChannelManager - Adding key: http://localhost:22298 for channel [id: 0x2076895d, L:/127.0.0.1:59990 - R:localhost/127.0.0.1:22298]
2023-06-06 20:24:51 INFO  BaseTest:104 - Test driver set up done successfully**********
2023-06-06 20:24:51 INFO  BaseTest:122 - Logging in to portal
20:24:51.047 [Forwarding findElement on session 0e5c94f860c4c291678b5b154dbfe223 to remote] DEBUG org.asynchttpclient.netty.request.NettyRequestSender - Using pooled Channel '[id: 0x2076895d, L:/127.0.0.1:59990 - R:localhost/127.0.0.1:22298]' for 'POST' to 'http://localhost:22298/session/0e5c94f860c4c291678b5b154dbfe223/element'
20:24:51.047 [Forwarding findElement on session 0e5c94f860c4c291678b5b154dbfe223 to remote] DEBUG org.asynchttpclient.netty.request.NettyRequestSender - Using open Channel [id: 0x2076895d, L:/127.0.0.1:59990 - R:localhost/127.0.0.1:22298] for POST '/session/0e5c94f860c4c291678b5b154dbfe223/element'
20:24:51.060 [AsyncHttpClient-1-11] DEBUG org.asynchttpclient.netty.handler.HttpHandler - 

Request DefaultHttpRequest(decodeResult: success, version: HTTP/1.1)
POST /session/0e5c94f860c4c291678b5b154dbfe223/element HTTP/1.1
User-Agent: selenium/4.8.3 (java windows)
Content-Length: 59
Content-Type: application/json; charset=utf-8
host: localhost:22298
accept: */*

Response DefaultHttpResponse(decodeResult: success, version: HTTP/1.1)
HTTP/1.1 200 OK
Content-Length: 95
Content-Type: application/json; charset=utf-8
cache-control: no-cache

20:24:51.060 [AsyncHttpClient-1-11] DEBUG org.asynchttpclient.netty.channel.ChannelManager - Adding key: http://localhost:22298 for channel [id: 0x2076895d, L:/127.0.0.1:59990 - R:localhost/127.0.0.1:22298]
20:24:51.061 [Forwarding clearElement on session 0e5c94f860c4c291678b5b154dbfe223 to remote] DEBUG org.asynchttpclient.netty.request.NettyRequestSender - Using pooled Channel '[id: 0x2076895d, L:/127.0.0.1:59990 - R:localhost/127.0.0.1:22298]' for 'POST' to 'http://localhost:22298/session/0e5c94f860c4c291678b5b154dbfe223/element/274F27DFAD53B51682DDBD9231846A76_element_29/clear'
20:24:51.061 [Forwarding clearElement on session 0e5c94f860c4c291678b5b154dbfe223 to remote] DEBUG org.asynchttpclient.netty.request.NettyRequestSender - Using open Channel [id: 0x2076895d, L:/127.0.0.1:59990 - R:localhost/127.0.0.1:22298] for POST '/session/0e5c94f860c4c291678b5b154dbfe223/element/274F27DFAD53B51682DDBD9231846A76_element_29/clear'
20:24:51.106 [AsyncHttpClient-1-11] DEBUG org.asynchttpclient.netty.handler.HttpHandler - 

Request DefaultHttpRequest(decodeResult: success, version: HTTP/1.1)
POST /session/0e5c94f860c4c291678b5b154dbfe223/element/274F27DFAD53B51682DDBD9231846A76_element_29/clear HTTP/1.1
User-Agent: selenium/4.8.3 (java windows)
Content-Length: 57
Content-Type: application/json; charset=utf-8
host: localhost:22298
accept: */*

Response DefaultHttpResponse(decodeResult: success, version: HTTP/1.1)
HTTP/1.1 200 OK
Content-Length: 14
Content-Type: application/json; charset=utf-8
cache-control: no-cache

20:24:51.106 [AsyncHttpClient-1-11] DEBUG org.asynchttpclient.netty.channel.ChannelManager - Adding key: http://localhost:22298 for channel [id: 0x2076895d, L:/127.0.0.1:59990 - R:localhost/127.0.0.1:22298]
20:24:51.108 [Forwarding findElement on session 0e5c94f860c4c291678b5b154dbfe223 to remote] DEBUG org.asynchttpclient.netty.request.NettyRequestSender - Using pooled Channel '[id: 0x2076895d, L:/127.0.0.1:59990 - R:localhost/127.0.0.1:22298]' for 'POST' to 'http://localhost:22298/session/0e5c94f860c4c291678b5b154dbfe223/element'
20:24:51.108 [Forwarding findElement on session 0e5c94f860c4c291678b5b154dbfe223 to remote] DEBUG org.asynchttpclient.netty.request.NettyRequestSender - Using open Channel [id: 0x2076895d, L:/127.0.0.1:59990 - R:localhost/127.0.0.1:22298] for POST '/session/0e5c94f860c4c291678b5b154dbfe223/element'
20:24:51.117 [AsyncHttpClient-1-11] DEBUG org.asynchttpclient.netty.handler.HttpHandler - 

Request DefaultHttpRequest(decodeResult: success, version: HTTP/1.1)
POST /session/0e5c94f860c4c291678b5b154dbfe223/element HTTP/1.1
User-Agent: selenium/4.8.3 (java windows)
Content-Length: 59
Content-Type: application/json; charset=utf-8
host: localhost:22298
accept: */*

Response DefaultHttpResponse(decodeResult: success, version: HTTP/1.1)
HTTP/1.1 200 OK
Content-Length: 95
Content-Type: application/json; charset=utf-8
cache-control: no-cache

20:24:51.117 [AsyncHttpClient-1-11] DEBUG org.asynchttpclient.netty.channel.ChannelManager - Adding key: http://localhost:22298 for channel [id: 0x2076895d, L:/127.0.0.1:59990 - R:localhost/127.0.0.1:22298]
20:24:51.120 [Forwarding sendKeysToElement on session 0e5c94f860c4c291678b5b154dbfe223 to remote] DEBUG org.asynchttpclient.netty.request.NettyRequestSender - Using pooled Channel '[id: 0x2076895d, L:/127.0.0.1:59990 - R:localhost/127.0.0.1:22298]' for 'POST' to 'http://localhost:22298/session/0e5c94f860c4c291678b5b154dbfe223/element/274F27DFAD53B51682DDBD9231846A76_element_29/value'
20:24:51.121 [Forwarding sendKeysToElement on session 0e5c94f860c4c291678b5b154dbfe223 to remote] DEBUG org.asynchttpclient.netty.request.NettyRequestSender - Using open Channel [id: 0x2076895d, L:/127.0.0.1:59990 - R:localhost/127.0.0.1:22298] for POST '/session/0e5c94f860c4c291678b5b154dbfe223/element/274F27DFAD53B51682DDBD9231846A76_element_29/value'
20:24:51.250 [AsyncHttpClient-1-11] DEBUG org.asynchttpclient.netty.handler.HttpHandler - 

Request DefaultHttpRequest(decodeResult: success, version: HTTP/1.1)
POST /session/0e5c94f860c4c291678b5b154dbfe223/element/274F27DFAD53B51682DDBD9231846A76_element_29/value HTTP/1.1
User-Agent: selenium/4.8.3 (java windows)
Content-Length: 188
Content-Type: application/json; charset=utf-8
host: localhost:22298
accept: */*

Response DefaultHttpResponse(decodeResult: success, version: HTTP/1.1)
HTTP/1.1 200 OK
Content-Length: 14
Content-Type: application/json; charset=utf-8
cache-control: no-cache

20:24:51.250 [AsyncHttpClient-1-11] DEBUG org.asynchttpclient.netty.channel.ChannelManager - Adding key: http://localhost:22298 for channel [id: 0x2076895d, L:/127.0.0.1:59990 - R:localhost/127.0.0.1:22298]
20:24:51.252 [Forwarding findElement on session 0e5c94f860c4c291678b5b154dbfe223 to remote] DEBUG org.asynchttpclient.netty.request.NettyRequestSender - Using pooled Channel '[id: 0x2076895d, L:/127.0.0.1:59990 - R:localhost/127.0.0.1:22298]' for 'POST' to 'http://localhost:22298/session/0e5c94f860c4c291678b5b154dbfe223/element'
20:24:51.253 [Forwarding findElement on session 0e5c94f860c4c291678b5b154dbfe223 to remote] DEBUG org.asynchttpclient.netty.request.NettyRequestSender - Using open Channel [id: 0x2076895d, L:/127.0.0.1:59990 - R:localhost/127.0.0.1:22298] for POST '/session/0e5c94f860c4c291678b5b154dbfe223/element'
20:24:51.266 [AsyncHttpClient-1-11] DEBUG org.asynchttpclient.netty.handler.HttpHandler - 

Request DefaultHttpRequest(decodeResult: success, version: HTTP/1.1)
POST /session/0e5c94f860c4c291678b5b154dbfe223/element HTTP/1.1
User-Agent: selenium/4.8.3 (java windows)
Content-Length: 62
Content-Type: application/json; charset=utf-8
host: localhost:22298
accept: */*

Response DefaultHttpResponse(decodeResult: success, version: HTTP/1.1)
HTTP/1.1 200 OK
Content-Length: 95
Content-Type: application/json; charset=utf-8
cache-control: no-cache

20:24:51.266 [AsyncHttpClient-1-11] DEBUG org.asynchttpclient.netty.channel.ChannelManager - Adding key: http://localhost:22298 for channel [id: 0x2076895d, L:/127.0.0.1:59990 - R:localhost/127.0.0.1:22298]
20:24:51.268 [Forwarding clearElement on session 0e5c94f860c4c291678b5b154dbfe223 to remote] DEBUG org.asynchttpclient.netty.request.NettyRequestSender - Using pooled Channel '[id: 0x2076895d, L:/127.0.0.1:59990 - R:localhost/127.0.0.1:22298]' for 'POST' to 'http://localhost:22298/session/0e5c94f860c4c291678b5b154dbfe223/element/274F27DFAD53B51682DDBD9231846A76_element_34/clear'
20:24:51.268 [Forwarding clearElement on session 0e5c94f860c4c291678b5b154dbfe223 to remote] DEBUG org.asynchttpclient.netty.request.NettyRequestSender - Using open Channel [id: 0x2076895d, L:/127.0.0.1:59990 - R:localhost/127.0.0.1:22298] for POST '/session/0e5c94f860c4c291678b5b154dbfe223/element/274F27DFAD53B51682DDBD9231846A76_element_34/clear'
20:24:51.293 [AsyncHttpClient-1-11] DEBUG org.asynchttpclient.netty.handler.HttpHandler - 

Request DefaultHttpRequest(decodeResult: success, version: HTTP/1.1)
POST /session/0e5c94f860c4c291678b5b154dbfe223/element/274F27DFAD53B51682DDBD9231846A76_element_34/clear HTTP/1.1
User-Agent: selenium/4.8.3 (java windows)
Content-Length: 57
Content-Type: application/json; charset=utf-8
host: localhost:22298
accept: */*

Response DefaultHttpResponse(decodeResult: success, version: HTTP/1.1)
HTTP/1.1 200 OK
Content-Length: 14
Content-Type: application/json; charset=utf-8
cache-control: no-cache

20:24:51.293 [AsyncHttpClient-1-11] DEBUG org.asynchttpclient.netty.channel.ChannelManager - Adding key: http://localhost:22298 for channel [id: 0x2076895d, L:/127.0.0.1:59990 - R:localhost/127.0.0.1:22298]
20:24:51.294 [Forwarding findElement on session 0e5c94f860c4c291678b5b154dbfe223 to remote] DEBUG org.asynchttpclient.netty.request.NettyRequestSender - Using pooled Channel '[id: 0x2076895d, L:/127.0.0.1:59990 - R:localhost/127.0.0.1:22298]' for 'POST' to 'http://localhost:22298/session/0e5c94f860c4c291678b5b154dbfe223/element'
20:24:51.294 [Forwarding findElement on session 0e5c94f860c4c291678b5b154dbfe223 to remote] DEBUG org.asynchttpclient.netty.request.NettyRequestSender - Using open Channel [id: 0x2076895d, L:/127.0.0.1:59990 - R:localhost/127.0.0.1:22298] for POST '/session/0e5c94f860c4c291678b5b154dbfe223/element'
20:24:51.304 [AsyncHttpClient-1-11] DEBUG org.asynchttpclient.netty.handler.HttpHandler - 

Request DefaultHttpRequest(decodeResult: success, version: HTTP/1.1)
POST /session/0e5c94f860c4c291678b5b154dbfe223/element HTTP/1.1
User-Agent: selenium/4.8.3 (java windows)
Content-Length: 62
Content-Type: application/json; charset=utf-8
host: localhost:22298
accept: */*

Response DefaultHttpResponse(decodeResult: success, version: HTTP/1.1)
HTTP/1.1 200 OK
Content-Length: 95
Content-Type: application/json; charset=utf-8
cache-control: no-cache

20:24:51.304 [AsyncHttpClient-1-11] DEBUG org.asynchttpclient.netty.channel.ChannelManager - Adding key: http://localhost:22298 for channel [id: 0x2076895d, L:/127.0.0.1:59990 - R:localhost/127.0.0.1:22298]
20:24:51.306 [Forwarding sendKeysToElement on session 0e5c94f860c4c291678b5b154dbfe223 to remote] DEBUG org.asynchttpclient.netty.request.NettyRequestSender - Using pooled Channel '[id: 0x2076895d, L:/127.0.0.1:59990 - R:localhost/127.0.0.1:22298]' for 'POST' to 'http://localhost:22298/session/0e5c94f860c4c291678b5b154dbfe223/element/274F27DFAD53B51682DDBD9231846A76_element_34/value'
20:24:51.306 [Forwarding sendKeysToElement on session 0e5c94f860c4c291678b5b154dbfe223 to remote] DEBUG org.asynchttpclient.netty.request.NettyRequestSender - Using open Channel [id: 0x2076895d, L:/127.0.0.1:59990 - R:localhost/127.0.0.1:22298] for POST '/session/0e5c94f860c4c291678b5b154dbfe223/element/274F27DFAD53B51682DDBD9231846A76_element_34/value'
20:24:51.374 [AsyncHttpClient-1-11] DEBUG org.asynchttpclient.netty.handler.HttpHandler - 

Request DefaultHttpRequest(decodeResult: success, version: HTTP/1.1)
POST /session/0e5c94f860c4c291678b5b154dbfe223/element/274F27DFAD53B51682DDBD9231846A76_element_34/value HTTP/1.1
User-Agent: selenium/4.8.3 (java windows)
Content-Length: 148
Content-Type: application/json; charset=utf-8
host: localhost:22298
accept: */*

Response DefaultHttpResponse(decodeResult: success, version: HTTP/1.1)
HTTP/1.1 200 OK
Content-Length: 14
Content-Type: application/json; charset=utf-8
cache-control: no-cache

20:24:51.375 [AsyncHttpClient-1-11] DEBUG org.asynchttpclient.netty.channel.ChannelManager - Adding key: http://localhost:22298 for channel [id: 0x2076895d, L:/127.0.0.1:59990 - R:localhost/127.0.0.1:22298]
20:24:51.376 [Forwarding findElement on session 0e5c94f860c4c291678b5b154dbfe223 to remote] DEBUG org.asynchttpclient.netty.request.NettyRequestSender - Using pooled Channel '[id: 0x2076895d, L:/127.0.0.1:59990 - R:localhost/127.0.0.1:22298]' for 'POST' to 'http://localhost:22298/session/0e5c94f860c4c291678b5b154dbfe223/element'
20:24:51.377 [Forwarding findElement on session 0e5c94f860c4c291678b5b154dbfe223 to remote] DEBUG org.asynchttpclient.netty.request.NettyRequestSender - Using open Channel [id: 0x2076895d, L:/127.0.0.1:59990 - R:localhost/127.0.0.1:22298] for POST '/session/0e5c94f860c4c291678b5b154dbfe223/element'
20:24:51.390 [AsyncHttpClient-1-11] DEBUG org.asynchttpclient.netty.handler.HttpHandler - 

Request DefaultHttpRequest(decodeResult: success, version: HTTP/1.1)
POST /session/0e5c94f860c4c291678b5b154dbfe223/element HTTP/1.1
User-Agent: selenium/4.8.3 (java windows)
Content-Length: 71
Content-Type: application/json; charset=utf-8
host: localhost:22298
accept: */*

Response DefaultHttpResponse(decodeResult: success, version: HTTP/1.1)
HTTP/1.1 200 OK
Content-Length: 95
Content-Type: application/json; charset=utf-8
cache-control: no-cache

20:24:51.391 [AsyncHttpClient-1-11] DEBUG org.asynchttpclient.netty.channel.ChannelManager - Adding key: http://localhost:22298 for channel [id: 0x2076895d, L:/127.0.0.1:59990 - R:localhost/127.0.0.1:22298]
20:24:51.392 [Forwarding clickElement on session 0e5c94f860c4c291678b5b154dbfe223 to remote] DEBUG org.asynchttpclient.netty.request.NettyRequestSender - Using pooled Channel '[id: 0x2076895d, L:/127.0.0.1:59990 - R:localhost/127.0.0.1:22298]' for 'POST' to 'http://localhost:22298/session/0e5c94f860c4c291678b5b154dbfe223/element/274F27DFAD53B51682DDBD9231846A76_element_35/click'
20:24:51.392 [Forwarding clickElement on session 0e5c94f860c4c291678b5b154dbfe223 to remote] DEBUG org.asynchttpclient.netty.request.NettyRequestSender - Using open Channel [id: 0x2076895d, L:/127.0.0.1:59990 - R:localhost/127.0.0.1:22298] for POST '/session/0e5c94f860c4c291678b5b154dbfe223/element/274F27DFAD53B51682DDBD9231846A76_element_35/click'
20:24:51.436 [AsyncHttpClient-1-11] DEBUG org.asynchttpclient.netty.handler.HttpHandler - 

Request DefaultHttpRequest(decodeResult: success, version: HTTP/1.1)
POST /session/0e5c94f860c4c291678b5b154dbfe223/element/274F27DFAD53B51682DDBD9231846A76_element_35/click HTTP/1.1
User-Agent: selenium/4.8.3 (java windows)
Content-Length: 57
Content-Type: application/json; charset=utf-8
host: localhost:22298
accept: */*

Response DefaultHttpResponse(decodeResult: success, version: HTTP/1.1)
HTTP/1.1 200 OK
Content-Length: 14
Content-Type: application/json; charset=utf-8
cache-control: no-cache

20:24:51.436 [AsyncHttpClient-1-11] DEBUG org.asynchttpclient.netty.channel.ChannelManager - Adding key: http://localhost:22298 for channel [id: 0x2076895d, L:/127.0.0.1:59990 - R:localhost/127.0.0.1:22298]
2023-06-06 20:24:51 INFO  BaseTest:126 - Logged in
20:24:51.439 [rp-io-71] DEBUG com.epam.reportportal.service.Launch - Starting test item...rp-io-71
2023-06-06 20:24:51 INFO  Listeners:34 - Started Test null
20:24:51.440 [Forwarding findElement on session 0e5c94f860c4c291678b5b154dbfe223 to remote] DEBUG org.asynchttpclient.netty.request.NettyRequestSender - Using pooled Channel '[id: 0x2076895d, L:/127.0.0.1:59990 - R:localhost/127.0.0.1:22298]' for 'POST' to 'http://localhost:22298/session/0e5c94f860c4c291678b5b154dbfe223/element'
20:24:51.441 [Forwarding findElement on session 0e5c94f860c4c291678b5b154dbfe223 to remote] DEBUG org.asynchttpclient.netty.request.NettyRequestSender - Using open Channel [id: 0x2076895d, L:/127.0.0.1:59990 - R:localhost/127.0.0.1:22298] for POST '/session/0e5c94f860c4c291678b5b154dbfe223/element'
20:24:51.458 [rp-io-69] DEBUG com.epam.reportportal.service.Launch - TestItem with ID = 'b406fa2e-d5b9-4923-bf15-a7724078d7c3' successfully finished.
20:24:51.458 [rp-io-69] DEBUG com.epam.reportportal.utils.SubscriptionUtils - Finish test item completed
20:24:51.462 [rp-io-71] DEBUG com.epam.reportportal.service.Launch - ReportPortal item with ID '812c42ac-0fa0-4887-8929-c14fc9973166' has been created
20:24:51.462 [rp-io-71] DEBUG com.epam.reportportal.utils.SubscriptionUtils - Start test item successfully completed
20:24:51.490 [AsyncHttpClient-1-1] DEBUG org.asynchttpclient.netty.channel.DefaultChannelPool - Entry count for : http://localhost:59991 : 1
20:24:51.831 [AsyncHttpClient-1-11] DEBUG org.asynchttpclient.netty.handler.HttpHandler - 

Request DefaultHttpRequest(decodeResult: success, version: HTTP/1.1)
POST /session/0e5c94f860c4c291678b5b154dbfe223/element HTTP/1.1
User-Agent: selenium/4.8.3 (java windows)
Content-Length: 168
Content-Type: application/json; charset=utf-8
host: localhost:22298
accept: */*

Response DefaultHttpResponse(decodeResult: success, version: HTTP/1.1)
HTTP/1.1 200 OK
Content-Length: 95
Content-Type: application/json; charset=utf-8
cache-control: no-cache

20:24:51.832 [AsyncHttpClient-1-11] DEBUG org.asynchttpclient.netty.channel.ChannelManager - Adding key: http://localhost:22298 for channel [id: 0x2076895d, L:/127.0.0.1:59990 - R:localhost/127.0.0.1:22298]
20:24:51.833 [Forwarding clickElement on session 0e5c94f860c4c291678b5b154dbfe223 to remote] DEBUG org.asynchttpclient.netty.request.NettyRequestSender - Using pooled Channel '[id: 0x2076895d, L:/127.0.0.1:59990 - R:localhost/127.0.0.1:22298]' for 'POST' to 'http://localhost:22298/session/0e5c94f860c4c291678b5b154dbfe223/element/274F27DFAD53B51682DDBD9231846A76_element_40/click'
20:24:51.833 [Forwarding clickElement on session 0e5c94f860c4c291678b5b154dbfe223 to remote] DEBUG org.asynchttpclient.netty.request.NettyRequestSender - Using open Channel [id: 0x2076895d, L:/127.0.0.1:59990 - R:localhost/127.0.0.1:22298] for POST '/session/0e5c94f860c4c291678b5b154dbfe223/element/274F27DFAD53B51682DDBD9231846A76_element_40/click'
20:24:52.110 [AsyncHttpClient-1-11] DEBUG org.asynchttpclient.netty.handler.HttpHandler - 

Request DefaultHttpRequest(decodeResult: success, version: HTTP/1.1)
POST /session/0e5c94f860c4c291678b5b154dbfe223/element/274F27DFAD53B51682DDBD9231846A76_element_40/click HTTP/1.1
User-Agent: selenium/4.8.3 (java windows)
Content-Length: 57
Content-Type: application/json; charset=utf-8
host: localhost:22298
accept: */*

Response DefaultHttpResponse(decodeResult: success, version: HTTP/1.1)
HTTP/1.1 200 OK
Content-Length: 14
Content-Type: application/json; charset=utf-8
cache-control: no-cache

20:24:52.110 [AsyncHttpClient-1-11] DEBUG org.asynchttpclient.netty.channel.ChannelManager - Adding key: http://localhost:22298 for channel [id: 0x2076895d, L:/127.0.0.1:59990 - R:localhost/127.0.0.1:22298]
20:24:52.111 [Forwarding findElement on session 0e5c94f860c4c291678b5b154dbfe223 to remote] DEBUG org.asynchttpclient.netty.request.NettyRequestSender - Using pooled Channel '[id: 0x2076895d, L:/127.0.0.1:59990 - R:localhost/127.0.0.1:22298]' for 'POST' to 'http://localhost:22298/session/0e5c94f860c4c291678b5b154dbfe223/element'
20:24:52.111 [Forwarding findElement on session 0e5c94f860c4c291678b5b154dbfe223 to remote] DEBUG org.asynchttpclient.netty.request.NettyRequestSender - Using open Channel [id: 0x2076895d, L:/127.0.0.1:59990 - R:localhost/127.0.0.1:22298] for POST '/session/0e5c94f860c4c291678b5b154dbfe223/element'
20:24:52.591 [AsyncHttpClient-1-1] DEBUG org.asynchttpclient.netty.channel.DefaultChannelPool - Entry count for : http://localhost:59991 : 1
20:24:52.625 [AsyncHttpClient-1-11] DEBUG org.asynchttpclient.netty.handler.HttpHandler - 

Request DefaultHttpRequest(decodeResult: success, version: HTTP/1.1)
POST /session/0e5c94f860c4c291678b5b154dbfe223/element HTTP/1.1
User-Agent: selenium/4.8.3 (java windows)
Content-Length: 90
Content-Type: application/json; charset=utf-8
host: localhost:22298
accept: */*

Response DefaultHttpResponse(decodeResult: success, version: HTTP/1.1)
HTTP/1.1 200 OK
Content-Length: 95
Content-Type: application/json; charset=utf-8
cache-control: no-cache

20:24:52.626 [AsyncHttpClient-1-11] DEBUG org.asynchttpclient.netty.channel.ChannelManager - Adding key: http://localhost:22298 for channel [id: 0x2076895d, L:/127.0.0.1:59990 - R:localhost/127.0.0.1:22298]
20:24:52.627 [Forwarding executeScript on session 0e5c94f860c4c291678b5b154dbfe223 to remote] DEBUG org.asynchttpclient.netty.request.NettyRequestSender - Using pooled Channel '[id: 0x2076895d, L:/127.0.0.1:59990 - R:localhost/127.0.0.1:22298]' for 'POST' to 'http://localhost:22298/session/0e5c94f860c4c291678b5b154dbfe223/execute/sync'
20:24:52.627 [Forwarding executeScript on session 0e5c94f860c4c291678b5b154dbfe223 to remote] DEBUG org.asynchttpclient.netty.request.NettyRequestSender - Using open Channel [id: 0x2076895d, L:/127.0.0.1:59990 - R:localhost/127.0.0.1:22298] for POST '/session/0e5c94f860c4c291678b5b154dbfe223/execute/sync'
20:24:52.634 [AsyncHttpClient-1-11] DEBUG org.asynchttpclient.netty.handler.HttpHandler - 

Request DefaultHttpRequest(decodeResult: success, version: HTTP/1.1)
POST /session/0e5c94f860c4c291678b5b154dbfe223/execute/sync HTTP/1.1
User-Agent: selenium/4.8.3 (java windows)
Content-Length: 232
Content-Type: application/json; charset=utf-8
host: localhost:22298
accept: */*

Response DefaultHttpResponse(decodeResult: success, version: HTTP/1.1)
HTTP/1.1 200 OK
Content-Length: 14
Content-Type: application/json; charset=utf-8
cache-control: no-cache

20:24:52.634 [AsyncHttpClient-1-11] DEBUG org.asynchttpclient.netty.channel.ChannelManager - Adding key: http://localhost:22298 for channel [id: 0x2076895d, L:/127.0.0.1:59990 - R:localhost/127.0.0.1:22298]
20:24:52.636 [Forwarding findElement on session 0e5c94f860c4c291678b5b154dbfe223 to remote] DEBUG org.asynchttpclient.netty.request.NettyRequestSender - Using pooled Channel '[id: 0x2076895d, L:/127.0.0.1:59990 - R:localhost/127.0.0.1:22298]' for 'POST' to 'http://localhost:22298/session/0e5c94f860c4c291678b5b154dbfe223/element'
20:24:52.637 [Forwarding findElement on session 0e5c94f860c4c291678b5b154dbfe223 to remote] DEBUG org.asynchttpclient.netty.request.NettyRequestSender - Using open Channel [id: 0x2076895d, L:/127.0.0.1:59990 - R:localhost/127.0.0.1:22298] for POST '/session/0e5c94f860c4c291678b5b154dbfe223/element'
20:24:52.708 [AsyncHttpClient-1-11] DEBUG org.asynchttpclient.netty.handler.HttpHandler - 

Request DefaultHttpRequest(decodeResult: success, version: HTTP/1.1)
POST /session/0e5c94f860c4c291678b5b154dbfe223/element HTTP/1.1
User-Agent: selenium/4.8.3 (java windows)
Content-Length: 90
Content-Type: application/json; charset=utf-8
host: localhost:22298
accept: */*

Response DefaultHttpResponse(decodeResult: success, version: HTTP/1.1)
HTTP/1.1 200 OK
Content-Length: 95
Content-Type: application/json; charset=utf-8
cache-control: no-cache

20:24:52.709 [AsyncHttpClient-1-11] DEBUG org.asynchttpclient.netty.channel.ChannelManager - Adding key: http://localhost:22298 for channel [id: 0x2076895d, L:/127.0.0.1:59990 - R:localhost/127.0.0.1:22298]
20:24:52.712 [Forwarding isElementDisplayed on session 0e5c94f860c4c291678b5b154dbfe223 to remote] DEBUG org.asynchttpclient.netty.request.NettyRequestSender - Using pooled Channel '[id: 0x2076895d, L:/127.0.0.1:59990 - R:localhost/127.0.0.1:22298]' for 'POST' to 'http://localhost:22298/session/0e5c94f860c4c291678b5b154dbfe223/execute/sync'
20:24:52.712 [Forwarding isElementDisplayed on session 0e5c94f860c4c291678b5b154dbfe223 to remote] DEBUG org.asynchttpclient.netty.request.NettyRequestSender - Using open Channel [id: 0x2076895d, L:/127.0.0.1:59990 - R:localhost/127.0.0.1:22298] for POST '/session/0e5c94f860c4c291678b5b154dbfe223/execute/sync'
20:24:52.755 [AsyncHttpClient-1-11] DEBUG org.asynchttpclient.netty.handler.HttpHandler - 

Request DefaultHttpRequest(decodeResult: success, version: HTTP/1.1)
POST /session/0e5c94f860c4c291678b5b154dbfe223/execute/sync HTTP/1.1
User-Agent: selenium/4.8.3 (java windows)
Content-Length: 48814
Content-Type: application/json; charset=utf-8
host: localhost:22298
accept: */*

Response DefaultHttpResponse(decodeResult: success, version: HTTP/1.1)
HTTP/1.1 200 OK
Content-Length: 14
Content-Type: application/json; charset=utf-8
cache-control: no-cache

20:24:52.756 [AsyncHttpClient-1-11] DEBUG org.asynchttpclient.netty.channel.ChannelManager - Adding key: http://localhost:22298 for channel [id: 0x2076895d, L:/127.0.0.1:59990 - R:localhost/127.0.0.1:22298]
2023-06-06 20:24:52 INFO  Listeners:38 - Succeeded Test null
]]></system-out>
    <system-err><![CDATA[Starting ChromeDriver 114.0.5735.90 (386bc09e8f4f2e025eddae123f36f6263096ae49-refs/branch-heads/5735@{#1052}) on port 22298
Only local connections are allowed.
Please see https://chromedriver.chromium.org/security-considerations for suggestions on keeping ChromeDriver safe.
ChromeDriver was started successfully.
Jun 06, 2023 8:24:49 PM org.openqa.selenium.devtools.CdpVersionFinder findNearestMatch
WARNING: Unable to find an exact match for CDP version 114, so returning the closest version found: 111
]]></system-err>
  </testcase>
  <testcase name="searchDashboardNameDP[OVERALL STATISTICS PANEL](5)" classname="alltests.uitest.coreTest.DashboardPageTest" time="1.362">
    <system-out><![CDATA[20:24:52.758 [rp-io-74] DEBUG com.epam.reportportal.service.Launch - Starting test item...rp-io-74
20:24:52.760 [AsyncHttpClient-1-13] DEBUG org.asynchttpclient.netty.handler.WebSocketHandler - Channel Closed: [id: 0xb42b6326, L:/127.0.0.1:59999 ! R:localhost/127.0.0.1:59991] with attribute NettyResponseFuture{currentRetry=0,
	isDone=1,
	isCancelled=0,
	asyncHandler=org.asynchttpclient.ws.WebSocketUpgradeHandler@20039c2d,
	nettyRequest=org.asynchttpclient.netty.request.NettyRequest@65011649,
	future=java.util.concurrent.CompletableFuture@103544ab[Completed normally],
	uri=ws://localhost:59991/devtools/browser/e0e344ec-eee5-40f3-8c92-5d9707c88fd8,
	keepAlive=true,
	redirectCount=0,
	timeoutsHolder=null,
	inAuth=0,
	touch=1686075889195}
20:24:52.760 [AsyncHttpClient-1-13] DEBUG org.asynchttpclient.netty.channel.ChannelManager - Closing Channel [id: 0xb42b6326, L:/127.0.0.1:59999 ! R:localhost/127.0.0.1:59991] 
20:24:52.762 [Driver Command Executor] DEBUG org.asynchttpclient.netty.request.NettyRequestSender - Using pooled Channel '[id: 0x2076895d, L:/127.0.0.1:59990 - R:localhost/127.0.0.1:22298]' for 'DELETE' to 'http://localhost:22298/session/0e5c94f860c4c291678b5b154dbfe223'
20:24:52.763 [Driver Command Executor] DEBUG org.asynchttpclient.netty.request.NettyRequestSender - Using open Channel [id: 0x2076895d, L:/127.0.0.1:59990 - R:localhost/127.0.0.1:22298] for DELETE '/session/0e5c94f860c4c291678b5b154dbfe223'
20:24:52.778 [rp-io-75] DEBUG com.epam.reportportal.service.Launch - TestItem with ID = '812c42ac-0fa0-4887-8929-c14fc9973166' successfully finished.
20:24:52.778 [rp-io-75] DEBUG com.epam.reportportal.utils.SubscriptionUtils - Finish test item completed
20:24:52.780 [rp-io-78] DEBUG com.epam.reportportal.service.Launch - ReportPortal item with ID '07600dae-0a27-476b-b4e5-27e01f6a401c' has been created
20:24:52.780 [rp-io-78] DEBUG com.epam.reportportal.utils.SubscriptionUtils - Start test item successfully completed
20:24:52.833 [AsyncHttpClient-1-12] DEBUG org.asynchttpclient.netty.handler.HttpHandler - Unexpected I/O exception on channel [id: 0xf1f0fb53, L:/127.0.0.1:59998 - R:localhost/127.0.0.1:59991]
java.net.SocketException: Connection reset
	at java.base/sun.nio.ch.SocketChannelImpl.throwConnectionReset(SocketChannelImpl.java:394)
	at java.base/sun.nio.ch.SocketChannelImpl.read(SocketChannelImpl.java:426)
	at io.netty.buffer.PooledByteBuf.setBytes(PooledByteBuf.java:256)
	at io.netty.buffer.AbstractByteBuf.writeBytes(AbstractByteBuf.java:1132)
	at io.netty.channel.socket.nio.NioSocketChannel.doReadBytes(NioSocketChannel.java:357)
	at io.netty.channel.nio.AbstractNioByteChannel$NioByteUnsafe.read(AbstractNioByteChannel.java:151)
	at io.netty.channel.nio.NioEventLoop.processSelectedKey(NioEventLoop.java:788)
	at io.netty.channel.nio.NioEventLoop.processSelectedKeysOptimized(NioEventLoop.java:724)
	at io.netty.channel.nio.NioEventLoop.processSelectedKeys(NioEventLoop.java:650)
	at io.netty.channel.nio.NioEventLoop.run(NioEventLoop.java:562)
	at io.netty.util.concurrent.SingleThreadEventExecutor$4.run(SingleThreadEventExecutor.java:997)
	at io.netty.util.internal.ThreadExecutorMap$2.run(ThreadExecutorMap.java:74)
	at io.netty.util.concurrent.FastThreadLocalRunnable.run(FastThreadLocalRunnable.java:30)
	at java.base/java.lang.Thread.run(Thread.java:833)
20:24:52.834 [AsyncHttpClient-1-12] DEBUG org.asynchttpclient.netty.channel.ChannelManager - Closing Channel [id: 0xf1f0fb53, L:/127.0.0.1:59998 - R:localhost/127.0.0.1:59991] 
20:24:52.834 [AsyncHttpClient-1-12] DEBUG org.asynchttpclient.netty.handler.HttpHandler - Channel Closed: [id: 0xf1f0fb53, L:/127.0.0.1:59998 ! R:localhost/127.0.0.1:59991] with attribute DISCARD
20:24:52.869 [AsyncHttpClient-1-11] DEBUG org.asynchttpclient.netty.handler.HttpHandler - 

Request DefaultFullHttpRequest(decodeResult: success, version: HTTP/1.1, content: EmptyByteBufBE)
DELETE /session/0e5c94f860c4c291678b5b154dbfe223 HTTP/1.1
User-Agent: selenium/4.8.3 (java windows)
Content-Type: application/json; charset=utf-8
host: localhost:22298
accept: */*

Response DefaultHttpResponse(decodeResult: success, version: HTTP/1.1)
HTTP/1.1 200 OK
Content-Length: 14
Content-Type: application/json; charset=utf-8
cache-control: no-cache

20:24:52.869 [AsyncHttpClient-1-11] DEBUG org.asynchttpclient.netty.channel.ChannelManager - Adding key: http://localhost:22298 for channel [id: 0x2076895d, L:/127.0.0.1:59990 - R:localhost/127.0.0.1:22298]
20:24:52.923 [AsyncHttpClient-1-11] DEBUG org.asynchttpclient.netty.handler.HttpHandler - Channel Closed: [id: 0x2076895d, L:/127.0.0.1:59990 ! R:localhost/127.0.0.1:22298] with attribute DISCARD
2023-06-06 20:24:52 INFO  BaseTest:83 - Test executed**********
20:24:52.970 [rp-io-83] DEBUG com.epam.reportportal.service.Launch - Starting test item...rp-io-83
2023-06-06 20:24:52 INFO  BaseTest:110 - Property files loaded successfully**********
20:24:52.984 [rp-io-82] DEBUG com.epam.reportportal.service.Launch - TestItem with ID = '07600dae-0a27-476b-b4e5-27e01f6a401c' successfully finished.
20:24:52.984 [rp-io-82] DEBUG com.epam.reportportal.utils.SubscriptionUtils - Finish test item completed
20:24:52.985 [main] DEBUG io.github.bonigarcia.wdm.cache.ResolutionCache - Resolution chrome=114 in cache (valid until 21:23:55 06/06/2023 CEST)
20:24:52.986 [main] DEBUG io.github.bonigarcia.wdm.cache.ResolutionCache - Resolution chrome114=114.0.5735.90 in cache (valid until 16:16:26 07/06/2023 CEST)
20:24:52.986 [main] INFO io.github.bonigarcia.wdm.WebDriverManager - Using chromedriver 114.0.5735.90 (resolved driver for Chrome 114)
20:24:52.993 [rp-io-84] DEBUG com.epam.reportportal.service.Launch - ReportPortal item with ID 'a544bd64-ff7c-40b6-9457-a3cad929434e' has been created
20:24:52.993 [rp-io-84] DEBUG com.epam.reportportal.utils.SubscriptionUtils - Start test item successfully completed
20:24:52.997 [main] DEBUG io.github.bonigarcia.wdm.WebDriverManager - Driver chromedriver 114.0.5735.90 found in cache
20:24:52.997 [main] INFO io.github.bonigarcia.wdm.WebDriverManager - Exporting webdriver.chrome.driver as C:\Users\Suwarna_Wagh\.cache\selenium\chromedriver\win32\114.0.5735.90\chromedriver.exe
20:24:53.196 [AsyncHttpClient-1-14] DEBUG org.asynchttpclient.netty.channel.NettyConnectListener - Using new Channel '[id: 0xf09c050f, L:/127.0.0.1:60020 - R:localhost/127.0.0.1:25446]' for 'POST' to '/session'
20:24:53.689 [AsyncHttpClient-1-1] DEBUG org.asynchttpclient.netty.channel.DefaultChannelPool - Entry count for : http://localhost:59991 : 1
20:24:53.689 [AsyncHttpClient-1-1] DEBUG org.asynchttpclient.netty.channel.DefaultChannelPool - Entry count for : http://localhost:22298 : 1
20:24:53.690 [AsyncHttpClient-1-1] DEBUG org.asynchttpclient.netty.channel.DefaultChannelPool - Adding Candidate expired Channel [id: 0xf1f0fb53, L:/127.0.0.1:59998 ! R:localhost/127.0.0.1:59991] isIdleTimeoutExpired=false isRemotelyClosed=true isTtlExpired=false
20:24:53.690 [AsyncHttpClient-1-1] DEBUG org.asynchttpclient.netty.channel.DefaultChannelPool - Closing Idle Channel [id: 0xf1f0fb53, L:/127.0.0.1:59998 ! R:localhost/127.0.0.1:59991]
20:24:53.690 [AsyncHttpClient-1-1] DEBUG org.asynchttpclient.netty.channel.DefaultChannelPool - Adding Candidate expired Channel [id: 0x2076895d, L:/127.0.0.1:59990 ! R:localhost/127.0.0.1:22298] isIdleTimeoutExpired=false isRemotelyClosed=true isTtlExpired=false
20:24:53.690 [AsyncHttpClient-1-1] DEBUG org.asynchttpclient.netty.channel.DefaultChannelPool - Closing Idle Channel [id: 0x2076895d, L:/127.0.0.1:59990 ! R:localhost/127.0.0.1:22298]
20:24:53.690 [AsyncHttpClient-1-1] DEBUG org.asynchttpclient.netty.channel.DefaultChannelPool - Closed 2 connections out of 2 in 1 ms
20:24:54.132 [AsyncHttpClient-1-14] DEBUG org.asynchttpclient.netty.handler.HttpHandler - 

Request DefaultHttpRequest(decodeResult: success, version: HTTP/1.1)
POST /session HTTP/1.1
User-Agent: selenium/4.8.3 (java windows)
Content-Length: 439
Content-Type: application/json; charset=utf-8
host: localhost:25446
accept: */*

Response DefaultHttpResponse(decodeResult: success, version: HTTP/1.1)
HTTP/1.1 200 OK
Content-Length: 864
Content-Type: application/json; charset=utf-8
cache-control: no-cache

20:24:54.132 [AsyncHttpClient-1-14] DEBUG org.asynchttpclient.netty.channel.ChannelManager - Adding key: http://localhost:25446 for channel [id: 0xf09c050f, L:/127.0.0.1:60020 - R:localhost/127.0.0.1:25446]
20:24:54.149 [AsyncHttpClient-1-15] DEBUG org.asynchttpclient.netty.channel.NettyConnectListener - Using new Channel '[id: 0xedb60bcb, L:/127.0.0.1:60028 - R:localhost/127.0.0.1:60021]' for 'GET' to '/json/version'
20:24:54.153 [AsyncHttpClient-1-15] DEBUG org.asynchttpclient.netty.handler.HttpHandler - 

Request DefaultFullHttpRequest(decodeResult: success, version: HTTP/1.1, content: EmptyByteBufBE)
GET /json/version HTTP/1.1
User-Agent: selenium/4.8.3 (java windows)
host: localhost:60021
accept: */*

Response DefaultHttpResponse(decodeResult: success, version: HTTP/1.1)
HTTP/1.1 200 OK
Content-Security-Policy: frame-ancestors 'none'
Content-Length: 424
Content-Type: application/json; charset=UTF-8

20:24:54.153 [AsyncHttpClient-1-15] DEBUG org.asynchttpclient.netty.channel.ChannelManager - Adding key: http://localhost:60021 for channel [id: 0xedb60bcb, L:/127.0.0.1:60028 - R:localhost/127.0.0.1:60021]
20:24:54.160 [AsyncHttpClient-1-16] DEBUG org.asynchttpclient.netty.channel.NettyConnectListener - Using new Channel '[id: 0xfbc856d3, L:/127.0.0.1:60029 - R:localhost/127.0.0.1:60021]' for 'GET' to '/devtools/browser/b774a639-ca83-4500-8da9-42f65f589e6f'
20:24:54.163 [AsyncHttpClient-1-16] DEBUG org.asynchttpclient.netty.handler.WebSocketHandler - 

Request DefaultFullHttpRequest(decodeResult: success, version: HTTP/1.1, content: EmptyByteBufBE)
GET /devtools/browser/b774a639-ca83-4500-8da9-42f65f589e6f HTTP/1.1
upgrade: websocket
connection: upgrade
sec-websocket-key: Q5l28AcJyVz2M0EgE8ERkA==
sec-websocket-version: 13
origin: http://localhost:60021
host: localhost:60021
accept: */*
user-agent: AHC/2.1

Response DefaultHttpResponse(decodeResult: success, version: HTTP/1.1)
HTTP/1.1 101 WebSocket Protocol Handshake
Upgrade: WebSocket
Connection: Upgrade
Sec-WebSocket-Accept: b/IcZELTlvVcZHxRLkiLnaOIy2Q=

20:24:54.168 [Forwarding setTimeout on session 81105da35f5e7c282c146a6b1eb1674c to remote] DEBUG org.asynchttpclient.netty.request.NettyRequestSender - Using pooled Channel '[id: 0xf09c050f, L:/127.0.0.1:60020 - R:localhost/127.0.0.1:25446]' for 'POST' to 'http://localhost:25446/session/81105da35f5e7c282c146a6b1eb1674c/timeouts'
20:24:54.168 [Forwarding setTimeout on session 81105da35f5e7c282c146a6b1eb1674c to remote] DEBUG org.asynchttpclient.netty.request.NettyRequestSender - Using open Channel [id: 0xf09c050f, L:/127.0.0.1:60020 - R:localhost/127.0.0.1:25446] for POST '/session/81105da35f5e7c282c146a6b1eb1674c/timeouts'
20:24:54.175 [AsyncHttpClient-1-14] DEBUG org.asynchttpclient.netty.handler.HttpHandler - 

Request DefaultHttpRequest(decodeResult: success, version: HTTP/1.1)
POST /session/81105da35f5e7c282c146a6b1eb1674c/timeouts HTTP/1.1
User-Agent: selenium/4.8.3 (java windows)
Content-Length: 22
Content-Type: application/json; charset=utf-8
host: localhost:25446
accept: */*

Response DefaultHttpResponse(decodeResult: success, version: HTTP/1.1)
HTTP/1.1 200 OK
Content-Length: 14
Content-Type: application/json; charset=utf-8
cache-control: no-cache

20:24:54.177 [AsyncHttpClient-1-14] DEBUG org.asynchttpclient.netty.channel.ChannelManager - Adding key: http://localhost:25446 for channel [id: 0xf09c050f, L:/127.0.0.1:60020 - R:localhost/127.0.0.1:25446]
20:24:54.178 [Forwarding maximizeCurrentWindow on session 81105da35f5e7c282c146a6b1eb1674c to remote] DEBUG org.asynchttpclient.netty.request.NettyRequestSender - Using pooled Channel '[id: 0xf09c050f, L:/127.0.0.1:60020 - R:localhost/127.0.0.1:25446]' for 'POST' to 'http://localhost:25446/session/81105da35f5e7c282c146a6b1eb1674c/window/maximize'
20:24:54.178 [Forwarding maximizeCurrentWindow on session 81105da35f5e7c282c146a6b1eb1674c to remote] DEBUG org.asynchttpclient.netty.request.NettyRequestSender - Using open Channel [id: 0xf09c050f, L:/127.0.0.1:60020 - R:localhost/127.0.0.1:25446] for POST '/session/81105da35f5e7c282c146a6b1eb1674c/window/maximize'
20:24:54.296 [AsyncHttpClient-1-14] DEBUG org.asynchttpclient.netty.handler.HttpHandler - 

Request DefaultHttpRequest(decodeResult: success, version: HTTP/1.1)
POST /session/81105da35f5e7c282c146a6b1eb1674c/window/maximize HTTP/1.1
User-Agent: selenium/4.8.3 (java windows)
Content-Length: 3
Content-Type: application/json; charset=utf-8
host: localhost:25446
accept: */*

Response DefaultHttpResponse(decodeResult: success, version: HTTP/1.1)
HTTP/1.1 200 OK
Content-Length: 51
Content-Type: application/json; charset=utf-8
cache-control: no-cache

20:24:54.296 [AsyncHttpClient-1-14] DEBUG org.asynchttpclient.netty.channel.ChannelManager - Adding key: http://localhost:25446 for channel [id: 0xf09c050f, L:/127.0.0.1:60020 - R:localhost/127.0.0.1:25446]
20:24:54.297 [Forwarding get on session 81105da35f5e7c282c146a6b1eb1674c to remote] DEBUG org.asynchttpclient.netty.request.NettyRequestSender - Using pooled Channel '[id: 0xf09c050f, L:/127.0.0.1:60020 - R:localhost/127.0.0.1:25446]' for 'POST' to 'http://localhost:25446/session/81105da35f5e7c282c146a6b1eb1674c/url'
20:24:54.297 [Forwarding get on session 81105da35f5e7c282c146a6b1eb1674c to remote] DEBUG org.asynchttpclient.netty.request.NettyRequestSender - Using open Channel [id: 0xf09c050f, L:/127.0.0.1:60020 - R:localhost/127.0.0.1:25446] for POST '/session/81105da35f5e7c282c146a6b1eb1674c/url'
20:24:54.790 [AsyncHttpClient-1-1] DEBUG org.asynchttpclient.netty.channel.DefaultChannelPool - Entry count for : http://localhost:60021 : 1
20:24:55.871 [AsyncHttpClient-1-14] DEBUG org.asynchttpclient.netty.handler.HttpHandler - 

Request DefaultHttpRequest(decodeResult: success, version: HTTP/1.1)
POST /session/81105da35f5e7c282c146a6b1eb1674c/url HTTP/1.1
User-Agent: selenium/4.8.3 (java windows)
Content-Length: 52
Content-Type: application/json; charset=utf-8
host: localhost:25446
accept: */*

Response DefaultHttpResponse(decodeResult: success, version: HTTP/1.1)
HTTP/1.1 200 OK
Content-Length: 14
Content-Type: application/json; charset=utf-8
cache-control: no-cache

20:24:55.872 [AsyncHttpClient-1-14] DEBUG org.asynchttpclient.netty.channel.ChannelManager - Adding key: http://localhost:25446 for channel [id: 0xf09c050f, L:/127.0.0.1:60020 - R:localhost/127.0.0.1:25446]
2023-06-06 20:24:55 INFO  BaseTest:104 - Test driver set up done successfully**********
2023-06-06 20:24:55 INFO  BaseTest:122 - Logging in to portal
20:24:55.874 [Forwarding findElement on session 81105da35f5e7c282c146a6b1eb1674c to remote] DEBUG org.asynchttpclient.netty.request.NettyRequestSender - Using pooled Channel '[id: 0xf09c050f, L:/127.0.0.1:60020 - R:localhost/127.0.0.1:25446]' for 'POST' to 'http://localhost:25446/session/81105da35f5e7c282c146a6b1eb1674c/element'
20:24:55.874 [Forwarding findElement on session 81105da35f5e7c282c146a6b1eb1674c to remote] DEBUG org.asynchttpclient.netty.request.NettyRequestSender - Using open Channel [id: 0xf09c050f, L:/127.0.0.1:60020 - R:localhost/127.0.0.1:25446] for POST '/session/81105da35f5e7c282c146a6b1eb1674c/element'
20:24:55.888 [AsyncHttpClient-1-14] DEBUG org.asynchttpclient.netty.handler.HttpHandler - 

Request DefaultHttpRequest(decodeResult: success, version: HTTP/1.1)
POST /session/81105da35f5e7c282c146a6b1eb1674c/element HTTP/1.1
User-Agent: selenium/4.8.3 (java windows)
Content-Length: 59
Content-Type: application/json; charset=utf-8
host: localhost:25446
accept: */*

Response DefaultHttpResponse(decodeResult: success, version: HTTP/1.1)
HTTP/1.1 200 OK
Content-Length: 95
Content-Type: application/json; charset=utf-8
cache-control: no-cache

20:24:55.888 [AsyncHttpClient-1-14] DEBUG org.asynchttpclient.netty.channel.ChannelManager - Adding key: http://localhost:25446 for channel [id: 0xf09c050f, L:/127.0.0.1:60020 - R:localhost/127.0.0.1:25446]
20:24:55.889 [AsyncHttpClient-1-1] DEBUG org.asynchttpclient.netty.channel.DefaultChannelPool - Entry count for : http://localhost:25446 : 1
20:24:55.889 [AsyncHttpClient-1-1] DEBUG org.asynchttpclient.netty.channel.DefaultChannelPool - Entry count for : http://localhost:60021 : 1
20:24:55.890 [Forwarding clearElement on session 81105da35f5e7c282c146a6b1eb1674c to remote] DEBUG org.asynchttpclient.netty.request.NettyRequestSender - Using pooled Channel '[id: 0xf09c050f, L:/127.0.0.1:60020 - R:localhost/127.0.0.1:25446]' for 'POST' to 'http://localhost:25446/session/81105da35f5e7c282c146a6b1eb1674c/element/4C25DFFCD0C9B844F4DCEA3AD82F22E0_element_26/clear'
20:24:55.890 [Forwarding clearElement on session 81105da35f5e7c282c146a6b1eb1674c to remote] DEBUG org.asynchttpclient.netty.request.NettyRequestSender - Using open Channel [id: 0xf09c050f, L:/127.0.0.1:60020 - R:localhost/127.0.0.1:25446] for POST '/session/81105da35f5e7c282c146a6b1eb1674c/element/4C25DFFCD0C9B844F4DCEA3AD82F22E0_element_26/clear'
20:24:55.934 [AsyncHttpClient-1-14] DEBUG org.asynchttpclient.netty.handler.HttpHandler - 

Request DefaultHttpRequest(decodeResult: success, version: HTTP/1.1)
POST /session/81105da35f5e7c282c146a6b1eb1674c/element/4C25DFFCD0C9B844F4DCEA3AD82F22E0_element_26/clear HTTP/1.1
User-Agent: selenium/4.8.3 (java windows)
Content-Length: 57
Content-Type: application/json; charset=utf-8
host: localhost:25446
accept: */*

Response DefaultHttpResponse(decodeResult: success, version: HTTP/1.1)
HTTP/1.1 200 OK
Content-Length: 14
Content-Type: application/json; charset=utf-8
cache-control: no-cache

20:24:55.934 [AsyncHttpClient-1-14] DEBUG org.asynchttpclient.netty.channel.ChannelManager - Adding key: http://localhost:25446 for channel [id: 0xf09c050f, L:/127.0.0.1:60020 - R:localhost/127.0.0.1:25446]
20:24:55.935 [Forwarding findElement on session 81105da35f5e7c282c146a6b1eb1674c to remote] DEBUG org.asynchttpclient.netty.request.NettyRequestSender - Using pooled Channel '[id: 0xf09c050f, L:/127.0.0.1:60020 - R:localhost/127.0.0.1:25446]' for 'POST' to 'http://localhost:25446/session/81105da35f5e7c282c146a6b1eb1674c/element'
20:24:55.936 [Forwarding findElement on session 81105da35f5e7c282c146a6b1eb1674c to remote] DEBUG org.asynchttpclient.netty.request.NettyRequestSender - Using open Channel [id: 0xf09c050f, L:/127.0.0.1:60020 - R:localhost/127.0.0.1:25446] for POST '/session/81105da35f5e7c282c146a6b1eb1674c/element'
20:24:55.943 [AsyncHttpClient-1-14] DEBUG org.asynchttpclient.netty.handler.HttpHandler - 

Request DefaultHttpRequest(decodeResult: success, version: HTTP/1.1)
POST /session/81105da35f5e7c282c146a6b1eb1674c/element HTTP/1.1
User-Agent: selenium/4.8.3 (java windows)
Content-Length: 59
Content-Type: application/json; charset=utf-8
host: localhost:25446
accept: */*

Response DefaultHttpResponse(decodeResult: success, version: HTTP/1.1)
HTTP/1.1 200 OK
Content-Length: 95
Content-Type: application/json; charset=utf-8
cache-control: no-cache

20:24:55.944 [AsyncHttpClient-1-14] DEBUG org.asynchttpclient.netty.channel.ChannelManager - Adding key: http://localhost:25446 for channel [id: 0xf09c050f, L:/127.0.0.1:60020 - R:localhost/127.0.0.1:25446]
20:24:55.945 [Forwarding sendKeysToElement on session 81105da35f5e7c282c146a6b1eb1674c to remote] DEBUG org.asynchttpclient.netty.request.NettyRequestSender - Using pooled Channel '[id: 0xf09c050f, L:/127.0.0.1:60020 - R:localhost/127.0.0.1:25446]' for 'POST' to 'http://localhost:25446/session/81105da35f5e7c282c146a6b1eb1674c/element/4C25DFFCD0C9B844F4DCEA3AD82F22E0_element_26/value'
20:24:55.945 [Forwarding sendKeysToElement on session 81105da35f5e7c282c146a6b1eb1674c to remote] DEBUG org.asynchttpclient.netty.request.NettyRequestSender - Using open Channel [id: 0xf09c050f, L:/127.0.0.1:60020 - R:localhost/127.0.0.1:25446] for POST '/session/81105da35f5e7c282c146a6b1eb1674c/element/4C25DFFCD0C9B844F4DCEA3AD82F22E0_element_26/value'
20:24:56.047 [AsyncHttpClient-1-14] DEBUG org.asynchttpclient.netty.handler.HttpHandler - 

Request DefaultHttpRequest(decodeResult: success, version: HTTP/1.1)
POST /session/81105da35f5e7c282c146a6b1eb1674c/element/4C25DFFCD0C9B844F4DCEA3AD82F22E0_element_26/value HTTP/1.1
User-Agent: selenium/4.8.3 (java windows)
Content-Length: 188
Content-Type: application/json; charset=utf-8
host: localhost:25446
accept: */*

Response DefaultHttpResponse(decodeResult: success, version: HTTP/1.1)
HTTP/1.1 200 OK
Content-Length: 14
Content-Type: application/json; charset=utf-8
cache-control: no-cache

20:24:56.047 [AsyncHttpClient-1-14] DEBUG org.asynchttpclient.netty.channel.ChannelManager - Adding key: http://localhost:25446 for channel [id: 0xf09c050f, L:/127.0.0.1:60020 - R:localhost/127.0.0.1:25446]
20:24:56.049 [Forwarding findElement on session 81105da35f5e7c282c146a6b1eb1674c to remote] DEBUG org.asynchttpclient.netty.request.NettyRequestSender - Using pooled Channel '[id: 0xf09c050f, L:/127.0.0.1:60020 - R:localhost/127.0.0.1:25446]' for 'POST' to 'http://localhost:25446/session/81105da35f5e7c282c146a6b1eb1674c/element'
20:24:56.049 [Forwarding findElement on session 81105da35f5e7c282c146a6b1eb1674c to remote] DEBUG org.asynchttpclient.netty.request.NettyRequestSender - Using open Channel [id: 0xf09c050f, L:/127.0.0.1:60020 - R:localhost/127.0.0.1:25446] for POST '/session/81105da35f5e7c282c146a6b1eb1674c/element'
20:24:56.062 [AsyncHttpClient-1-14] DEBUG org.asynchttpclient.netty.handler.HttpHandler - 

Request DefaultHttpRequest(decodeResult: success, version: HTTP/1.1)
POST /session/81105da35f5e7c282c146a6b1eb1674c/element HTTP/1.1
User-Agent: selenium/4.8.3 (java windows)
Content-Length: 62
Content-Type: application/json; charset=utf-8
host: localhost:25446
accept: */*

Response DefaultHttpResponse(decodeResult: success, version: HTTP/1.1)
HTTP/1.1 200 OK
Content-Length: 95
Content-Type: application/json; charset=utf-8
cache-control: no-cache

20:24:56.063 [AsyncHttpClient-1-14] DEBUG org.asynchttpclient.netty.channel.ChannelManager - Adding key: http://localhost:25446 for channel [id: 0xf09c050f, L:/127.0.0.1:60020 - R:localhost/127.0.0.1:25446]
20:24:56.064 [Forwarding clearElement on session 81105da35f5e7c282c146a6b1eb1674c to remote] DEBUG org.asynchttpclient.netty.request.NettyRequestSender - Using pooled Channel '[id: 0xf09c050f, L:/127.0.0.1:60020 - R:localhost/127.0.0.1:25446]' for 'POST' to 'http://localhost:25446/session/81105da35f5e7c282c146a6b1eb1674c/element/4C25DFFCD0C9B844F4DCEA3AD82F22E0_element_28/clear'
20:24:56.064 [Forwarding clearElement on session 81105da35f5e7c282c146a6b1eb1674c to remote] DEBUG org.asynchttpclient.netty.request.NettyRequestSender - Using open Channel [id: 0xf09c050f, L:/127.0.0.1:60020 - R:localhost/127.0.0.1:25446] for POST '/session/81105da35f5e7c282c146a6b1eb1674c/element/4C25DFFCD0C9B844F4DCEA3AD82F22E0_element_28/clear'
20:24:56.113 [AsyncHttpClient-1-14] DEBUG org.asynchttpclient.netty.handler.HttpHandler - 

Request DefaultHttpRequest(decodeResult: success, version: HTTP/1.1)
POST /session/81105da35f5e7c282c146a6b1eb1674c/element/4C25DFFCD0C9B844F4DCEA3AD82F22E0_element_28/clear HTTP/1.1
User-Agent: selenium/4.8.3 (java windows)
Content-Length: 57
Content-Type: application/json; charset=utf-8
host: localhost:25446
accept: */*

Response DefaultHttpResponse(decodeResult: success, version: HTTP/1.1)
HTTP/1.1 200 OK
Content-Length: 14
Content-Type: application/json; charset=utf-8
cache-control: no-cache

20:24:56.113 [AsyncHttpClient-1-14] DEBUG org.asynchttpclient.netty.channel.ChannelManager - Adding key: http://localhost:25446 for channel [id: 0xf09c050f, L:/127.0.0.1:60020 - R:localhost/127.0.0.1:25446]
20:24:56.115 [Forwarding findElement on session 81105da35f5e7c282c146a6b1eb1674c to remote] DEBUG org.asynchttpclient.netty.request.NettyRequestSender - Using pooled Channel '[id: 0xf09c050f, L:/127.0.0.1:60020 - R:localhost/127.0.0.1:25446]' for 'POST' to 'http://localhost:25446/session/81105da35f5e7c282c146a6b1eb1674c/element'
20:24:56.115 [Forwarding findElement on session 81105da35f5e7c282c146a6b1eb1674c to remote] DEBUG org.asynchttpclient.netty.request.NettyRequestSender - Using open Channel [id: 0xf09c050f, L:/127.0.0.1:60020 - R:localhost/127.0.0.1:25446] for POST '/session/81105da35f5e7c282c146a6b1eb1674c/element'
20:24:56.123 [AsyncHttpClient-1-14] DEBUG org.asynchttpclient.netty.handler.HttpHandler - 

Request DefaultHttpRequest(decodeResult: success, version: HTTP/1.1)
POST /session/81105da35f5e7c282c146a6b1eb1674c/element HTTP/1.1
User-Agent: selenium/4.8.3 (java windows)
Content-Length: 62
Content-Type: application/json; charset=utf-8
host: localhost:25446
accept: */*

Response DefaultHttpResponse(decodeResult: success, version: HTTP/1.1)
HTTP/1.1 200 OK
Content-Length: 95
Content-Type: application/json; charset=utf-8
cache-control: no-cache

20:24:56.123 [AsyncHttpClient-1-14] DEBUG org.asynchttpclient.netty.channel.ChannelManager - Adding key: http://localhost:25446 for channel [id: 0xf09c050f, L:/127.0.0.1:60020 - R:localhost/127.0.0.1:25446]
20:24:56.124 [Forwarding sendKeysToElement on session 81105da35f5e7c282c146a6b1eb1674c to remote] DEBUG org.asynchttpclient.netty.request.NettyRequestSender - Using pooled Channel '[id: 0xf09c050f, L:/127.0.0.1:60020 - R:localhost/127.0.0.1:25446]' for 'POST' to 'http://localhost:25446/session/81105da35f5e7c282c146a6b1eb1674c/element/4C25DFFCD0C9B844F4DCEA3AD82F22E0_element_28/value'
20:24:56.124 [Forwarding sendKeysToElement on session 81105da35f5e7c282c146a6b1eb1674c to remote] DEBUG org.asynchttpclient.netty.request.NettyRequestSender - Using open Channel [id: 0xf09c050f, L:/127.0.0.1:60020 - R:localhost/127.0.0.1:25446] for POST '/session/81105da35f5e7c282c146a6b1eb1674c/element/4C25DFFCD0C9B844F4DCEA3AD82F22E0_element_28/value'
20:24:56.193 [AsyncHttpClient-1-14] DEBUG org.asynchttpclient.netty.handler.HttpHandler - 

Request DefaultHttpRequest(decodeResult: success, version: HTTP/1.1)
POST /session/81105da35f5e7c282c146a6b1eb1674c/element/4C25DFFCD0C9B844F4DCEA3AD82F22E0_element_28/value HTTP/1.1
User-Agent: selenium/4.8.3 (java windows)
Content-Length: 148
Content-Type: application/json; charset=utf-8
host: localhost:25446
accept: */*

Response DefaultHttpResponse(decodeResult: success, version: HTTP/1.1)
HTTP/1.1 200 OK
Content-Length: 14
Content-Type: application/json; charset=utf-8
cache-control: no-cache

20:24:56.193 [AsyncHttpClient-1-14] DEBUG org.asynchttpclient.netty.channel.ChannelManager - Adding key: http://localhost:25446 for channel [id: 0xf09c050f, L:/127.0.0.1:60020 - R:localhost/127.0.0.1:25446]
20:24:56.194 [Forwarding findElement on session 81105da35f5e7c282c146a6b1eb1674c to remote] DEBUG org.asynchttpclient.netty.request.NettyRequestSender - Using pooled Channel '[id: 0xf09c050f, L:/127.0.0.1:60020 - R:localhost/127.0.0.1:25446]' for 'POST' to 'http://localhost:25446/session/81105da35f5e7c282c146a6b1eb1674c/element'
20:24:56.195 [Forwarding findElement on session 81105da35f5e7c282c146a6b1eb1674c to remote] DEBUG org.asynchttpclient.netty.request.NettyRequestSender - Using open Channel [id: 0xf09c050f, L:/127.0.0.1:60020 - R:localhost/127.0.0.1:25446] for POST '/session/81105da35f5e7c282c146a6b1eb1674c/element'
20:24:56.206 [AsyncHttpClient-1-14] DEBUG org.asynchttpclient.netty.handler.HttpHandler - 

Request DefaultHttpRequest(decodeResult: success, version: HTTP/1.1)
POST /session/81105da35f5e7c282c146a6b1eb1674c/element HTTP/1.1
User-Agent: selenium/4.8.3 (java windows)
Content-Length: 71
Content-Type: application/json; charset=utf-8
host: localhost:25446
accept: */*

Response DefaultHttpResponse(decodeResult: success, version: HTTP/1.1)
HTTP/1.1 200 OK
Content-Length: 95
Content-Type: application/json; charset=utf-8
cache-control: no-cache

20:24:56.206 [AsyncHttpClient-1-14] DEBUG org.asynchttpclient.netty.channel.ChannelManager - Adding key: http://localhost:25446 for channel [id: 0xf09c050f, L:/127.0.0.1:60020 - R:localhost/127.0.0.1:25446]
20:24:56.207 [Forwarding clickElement on session 81105da35f5e7c282c146a6b1eb1674c to remote] DEBUG org.asynchttpclient.netty.request.NettyRequestSender - Using pooled Channel '[id: 0xf09c050f, L:/127.0.0.1:60020 - R:localhost/127.0.0.1:25446]' for 'POST' to 'http://localhost:25446/session/81105da35f5e7c282c146a6b1eb1674c/element/4C25DFFCD0C9B844F4DCEA3AD82F22E0_element_33/click'
20:24:56.208 [Forwarding clickElement on session 81105da35f5e7c282c146a6b1eb1674c to remote] DEBUG org.asynchttpclient.netty.request.NettyRequestSender - Using open Channel [id: 0xf09c050f, L:/127.0.0.1:60020 - R:localhost/127.0.0.1:25446] for POST '/session/81105da35f5e7c282c146a6b1eb1674c/element/4C25DFFCD0C9B844F4DCEA3AD82F22E0_element_33/click'
20:24:56.248 [AsyncHttpClient-1-14] DEBUG org.asynchttpclient.netty.handler.HttpHandler - 

Request DefaultHttpRequest(decodeResult: success, version: HTTP/1.1)
POST /session/81105da35f5e7c282c146a6b1eb1674c/element/4C25DFFCD0C9B844F4DCEA3AD82F22E0_element_33/click HTTP/1.1
User-Agent: selenium/4.8.3 (java windows)
Content-Length: 57
Content-Type: application/json; charset=utf-8
host: localhost:25446
accept: */*

Response DefaultHttpResponse(decodeResult: success, version: HTTP/1.1)
HTTP/1.1 200 OK
Content-Length: 14
Content-Type: application/json; charset=utf-8
cache-control: no-cache

20:24:56.249 [AsyncHttpClient-1-14] DEBUG org.asynchttpclient.netty.channel.ChannelManager - Adding key: http://localhost:25446 for channel [id: 0xf09c050f, L:/127.0.0.1:60020 - R:localhost/127.0.0.1:25446]
2023-06-06 20:24:56 INFO  BaseTest:126 - Logged in
20:24:56.251 [rp-io-89] DEBUG com.epam.reportportal.service.Launch - Starting test item...rp-io-89
2023-06-06 20:24:56 INFO  Listeners:34 - Started Test null
20:24:56.253 [Forwarding findElement on session 81105da35f5e7c282c146a6b1eb1674c to remote] DEBUG org.asynchttpclient.netty.request.NettyRequestSender - Using pooled Channel '[id: 0xf09c050f, L:/127.0.0.1:60020 - R:localhost/127.0.0.1:25446]' for 'POST' to 'http://localhost:25446/session/81105da35f5e7c282c146a6b1eb1674c/element'
20:24:56.253 [Forwarding findElement on session 81105da35f5e7c282c146a6b1eb1674c to remote] DEBUG org.asynchttpclient.netty.request.NettyRequestSender - Using open Channel [id: 0xf09c050f, L:/127.0.0.1:60020 - R:localhost/127.0.0.1:25446] for POST '/session/81105da35f5e7c282c146a6b1eb1674c/element'
20:24:56.268 [rp-io-87] DEBUG com.epam.reportportal.service.Launch - TestItem with ID = 'a544bd64-ff7c-40b6-9457-a3cad929434e' successfully finished.
20:24:56.268 [rp-io-87] DEBUG com.epam.reportportal.utils.SubscriptionUtils - Finish test item completed
20:24:56.273 [rp-io-89] DEBUG com.epam.reportportal.service.Launch - ReportPortal item with ID '5e0224bc-b032-4184-b35a-b5b01e32f9f8' has been created
20:24:56.274 [rp-io-89] DEBUG com.epam.reportportal.utils.SubscriptionUtils - Start test item successfully completed
20:24:56.650 [AsyncHttpClient-1-14] DEBUG org.asynchttpclient.netty.handler.HttpHandler - 

Request DefaultHttpRequest(decodeResult: success, version: HTTP/1.1)
POST /session/81105da35f5e7c282c146a6b1eb1674c/element HTTP/1.1
User-Agent: selenium/4.8.3 (java windows)
Content-Length: 168
Content-Type: application/json; charset=utf-8
host: localhost:25446
accept: */*

Response DefaultHttpResponse(decodeResult: success, version: HTTP/1.1)
HTTP/1.1 200 OK
Content-Length: 95
Content-Type: application/json; charset=utf-8
cache-control: no-cache

20:24:56.650 [AsyncHttpClient-1-14] DEBUG org.asynchttpclient.netty.channel.ChannelManager - Adding key: http://localhost:25446 for channel [id: 0xf09c050f, L:/127.0.0.1:60020 - R:localhost/127.0.0.1:25446]
20:24:56.651 [Forwarding clickElement on session 81105da35f5e7c282c146a6b1eb1674c to remote] DEBUG org.asynchttpclient.netty.request.NettyRequestSender - Using pooled Channel '[id: 0xf09c050f, L:/127.0.0.1:60020 - R:localhost/127.0.0.1:25446]' for 'POST' to 'http://localhost:25446/session/81105da35f5e7c282c146a6b1eb1674c/element/4C25DFFCD0C9B844F4DCEA3AD82F22E0_element_38/click'
20:24:56.652 [Forwarding clickElement on session 81105da35f5e7c282c146a6b1eb1674c to remote] DEBUG org.asynchttpclient.netty.request.NettyRequestSender - Using open Channel [id: 0xf09c050f, L:/127.0.0.1:60020 - R:localhost/127.0.0.1:25446] for POST '/session/81105da35f5e7c282c146a6b1eb1674c/element/4C25DFFCD0C9B844F4DCEA3AD82F22E0_element_38/click'
20:24:56.820 [AsyncHttpClient-1-14] DEBUG org.asynchttpclient.netty.handler.HttpHandler - 

Request DefaultHttpRequest(decodeResult: success, version: HTTP/1.1)
POST /session/81105da35f5e7c282c146a6b1eb1674c/element/4C25DFFCD0C9B844F4DCEA3AD82F22E0_element_38/click HTTP/1.1
User-Agent: selenium/4.8.3 (java windows)
Content-Length: 57
Content-Type: application/json; charset=utf-8
host: localhost:25446
accept: */*

Response DefaultHttpResponse(decodeResult: success, version: HTTP/1.1)
HTTP/1.1 200 OK
Content-Length: 14
Content-Type: application/json; charset=utf-8
cache-control: no-cache

20:24:56.821 [AsyncHttpClient-1-14] DEBUG org.asynchttpclient.netty.channel.ChannelManager - Adding key: http://localhost:25446 for channel [id: 0xf09c050f, L:/127.0.0.1:60020 - R:localhost/127.0.0.1:25446]
20:24:56.822 [Forwarding findElement on session 81105da35f5e7c282c146a6b1eb1674c to remote] DEBUG org.asynchttpclient.netty.request.NettyRequestSender - Using pooled Channel '[id: 0xf09c050f, L:/127.0.0.1:60020 - R:localhost/127.0.0.1:25446]' for 'POST' to 'http://localhost:25446/session/81105da35f5e7c282c146a6b1eb1674c/element'
20:24:56.822 [Forwarding findElement on session 81105da35f5e7c282c146a6b1eb1674c to remote] DEBUG org.asynchttpclient.netty.request.NettyRequestSender - Using open Channel [id: 0xf09c050f, L:/127.0.0.1:60020 - R:localhost/127.0.0.1:25446] for POST '/session/81105da35f5e7c282c146a6b1eb1674c/element'
20:24:56.990 [AsyncHttpClient-1-1] DEBUG org.asynchttpclient.netty.channel.DefaultChannelPool - Entry count for : http://localhost:60021 : 1
20:24:57.455 [AsyncHttpClient-1-14] DEBUG org.asynchttpclient.netty.handler.HttpHandler - 

Request DefaultHttpRequest(decodeResult: success, version: HTTP/1.1)
POST /session/81105da35f5e7c282c146a6b1eb1674c/element HTTP/1.1
User-Agent: selenium/4.8.3 (java windows)
Content-Length: 85
Content-Type: application/json; charset=utf-8
host: localhost:25446
accept: */*

Response DefaultHttpResponse(decodeResult: success, version: HTTP/1.1)
HTTP/1.1 200 OK
Content-Length: 95
Content-Type: application/json; charset=utf-8
cache-control: no-cache

20:24:57.456 [AsyncHttpClient-1-14] DEBUG org.asynchttpclient.netty.channel.ChannelManager - Adding key: http://localhost:25446 for channel [id: 0xf09c050f, L:/127.0.0.1:60020 - R:localhost/127.0.0.1:25446]
20:24:57.457 [Forwarding executeScript on session 81105da35f5e7c282c146a6b1eb1674c to remote] DEBUG org.asynchttpclient.netty.request.NettyRequestSender - Using pooled Channel '[id: 0xf09c050f, L:/127.0.0.1:60020 - R:localhost/127.0.0.1:25446]' for 'POST' to 'http://localhost:25446/session/81105da35f5e7c282c146a6b1eb1674c/execute/sync'
20:24:57.457 [Forwarding executeScript on session 81105da35f5e7c282c146a6b1eb1674c to remote] DEBUG org.asynchttpclient.netty.request.NettyRequestSender - Using open Channel [id: 0xf09c050f, L:/127.0.0.1:60020 - R:localhost/127.0.0.1:25446] for POST '/session/81105da35f5e7c282c146a6b1eb1674c/execute/sync'
20:24:57.465 [AsyncHttpClient-1-14] DEBUG org.asynchttpclient.netty.handler.HttpHandler - 

Request DefaultHttpRequest(decodeResult: success, version: HTTP/1.1)
POST /session/81105da35f5e7c282c146a6b1eb1674c/execute/sync HTTP/1.1
User-Agent: selenium/4.8.3 (java windows)
Content-Length: 232
Content-Type: application/json; charset=utf-8
host: localhost:25446
accept: */*

Response DefaultHttpResponse(decodeResult: success, version: HTTP/1.1)
HTTP/1.1 200 OK
Content-Length: 14
Content-Type: application/json; charset=utf-8
cache-control: no-cache

20:24:57.465 [AsyncHttpClient-1-14] DEBUG org.asynchttpclient.netty.channel.ChannelManager - Adding key: http://localhost:25446 for channel [id: 0xf09c050f, L:/127.0.0.1:60020 - R:localhost/127.0.0.1:25446]
20:24:57.467 [Forwarding findElement on session 81105da35f5e7c282c146a6b1eb1674c to remote] DEBUG org.asynchttpclient.netty.request.NettyRequestSender - Using pooled Channel '[id: 0xf09c050f, L:/127.0.0.1:60020 - R:localhost/127.0.0.1:25446]' for 'POST' to 'http://localhost:25446/session/81105da35f5e7c282c146a6b1eb1674c/element'
20:24:57.467 [Forwarding findElement on session 81105da35f5e7c282c146a6b1eb1674c to remote] DEBUG org.asynchttpclient.netty.request.NettyRequestSender - Using open Channel [id: 0xf09c050f, L:/127.0.0.1:60020 - R:localhost/127.0.0.1:25446] for POST '/session/81105da35f5e7c282c146a6b1eb1674c/element'
20:24:57.589 [AsyncHttpClient-1-14] DEBUG org.asynchttpclient.netty.handler.HttpHandler - 

Request DefaultHttpRequest(decodeResult: success, version: HTTP/1.1)
POST /session/81105da35f5e7c282c146a6b1eb1674c/element HTTP/1.1
User-Agent: selenium/4.8.3 (java windows)
Content-Length: 85
Content-Type: application/json; charset=utf-8
host: localhost:25446
accept: */*

Response DefaultHttpResponse(decodeResult: success, version: HTTP/1.1)
HTTP/1.1 200 OK
Content-Length: 95
Content-Type: application/json; charset=utf-8
cache-control: no-cache

20:24:57.597 [AsyncHttpClient-1-14] DEBUG org.asynchttpclient.netty.channel.ChannelManager - Adding key: http://localhost:25446 for channel [id: 0xf09c050f, L:/127.0.0.1:60020 - R:localhost/127.0.0.1:25446]
20:24:57.600 [Forwarding isElementDisplayed on session 81105da35f5e7c282c146a6b1eb1674c to remote] DEBUG org.asynchttpclient.netty.request.NettyRequestSender - Using pooled Channel '[id: 0xf09c050f, L:/127.0.0.1:60020 - R:localhost/127.0.0.1:25446]' for 'POST' to 'http://localhost:25446/session/81105da35f5e7c282c146a6b1eb1674c/execute/sync'
20:24:57.600 [Forwarding isElementDisplayed on session 81105da35f5e7c282c146a6b1eb1674c to remote] DEBUG org.asynchttpclient.netty.request.NettyRequestSender - Using open Channel [id: 0xf09c050f, L:/127.0.0.1:60020 - R:localhost/127.0.0.1:25446] for POST '/session/81105da35f5e7c282c146a6b1eb1674c/execute/sync'
20:24:57.617 [AsyncHttpClient-1-14] DEBUG org.asynchttpclient.netty.handler.HttpHandler - 

Request DefaultHttpRequest(decodeResult: success, version: HTTP/1.1)
POST /session/81105da35f5e7c282c146a6b1eb1674c/execute/sync HTTP/1.1
User-Agent: selenium/4.8.3 (java windows)
Content-Length: 48814
Content-Type: application/json; charset=utf-8
host: localhost:25446
accept: */*

Response DefaultHttpResponse(decodeResult: success, version: HTTP/1.1)
HTTP/1.1 200 OK
Content-Length: 14
Content-Type: application/json; charset=utf-8
cache-control: no-cache

20:24:57.618 [AsyncHttpClient-1-14] DEBUG org.asynchttpclient.netty.channel.ChannelManager - Adding key: http://localhost:25446 for channel [id: 0xf09c050f, L:/127.0.0.1:60020 - R:localhost/127.0.0.1:25446]
2023-06-06 20:24:57 INFO  Listeners:38 - Succeeded Test null
]]></system-out>
    <system-err><![CDATA[Starting ChromeDriver 114.0.5735.90 (386bc09e8f4f2e025eddae123f36f6263096ae49-refs/branch-heads/5735@{#1052}) on port 25446
Only local connections are allowed.
Please see https://chromedriver.chromium.org/security-considerations for suggestions on keeping ChromeDriver safe.
ChromeDriver was started successfully.
Jun 06, 2023 8:24:54 PM org.openqa.selenium.devtools.CdpVersionFinder findNearestMatch
WARNING: Unable to find an exact match for CDP version 114, so returning the closest version found: 111
]]></system-err>
  </testcase>
  <testcase name="searchDashboardNameDP[LAUNCHES DURATION CHART](6)" classname="alltests.uitest.coreTest.DashboardPageTest" time="0">
    <skipped message="no such element: Unable to locate element: {&quot;method&quot;:&quot;xpath&quot;,&quot;selector&quot;:&quot;//*[text()=&apos;LAUNCHES DURATION CHART&apos;]&quot;}&#10;  (Session info: chrome=114.0.5735.110)&#10;For documentation on this error, please visit: https://selenium.dev/exceptions/#no_such_element&#10;Build info: version: &apos;4.8.3&apos;, revision: &apos;e5e76298c3&apos;&#10;System info: os.name: &apos;Windows 10&apos;, os.arch: &apos;amd64&apos;, os.version: &apos;10.0&apos;, java.version: &apos;17.0.3.1&apos;&#10;Driver info: org.openqa.selenium.chrome.ChromeDriver&#10;Command: [900d92dce605387727692f3acb19c661, findElement {using=xpath, value=//*[text()=&apos;LAUNCHES DURATION CHART&apos;]}]&#10;Capabilities {acceptInsecureCerts: false, browserName: chrome, browserVersion: 114.0.5735.110, chrome: {chromedriverVersion: 114.0.5735.90 (386bc09e8f4f..., userDataDir: C:\Users\SUWARN~1\AppData\L...}, goog:chromeOptions: {debuggerAddress: localhost:60048}, networkConnectionEnabled: false, pageLoadStrategy: normal, platformName: WINDOWS, proxy: Proxy(), se:cdp: ws://localhost:60048/devtoo..., se:cdpVersion: 114.0.5735.110, setWindowRect: true, strictFileInteractability: false, timeouts: {implicit: 0, pageLoad: 300000, script: 30000}, unhandledPromptBehavior: dismiss and notify, webauthn:extension:credBlob: true, webauthn:extension:largeBlob: true, webauthn:extension:minPinLength: true, webauthn:extension:prf: true, webauthn:virtualAuthenticators: true}&#10;Session ID: 900d92dce605387727692f3acb19c661"/>
    <system-out><![CDATA[20:24:57.620 [rp-io-96] DEBUG com.epam.reportportal.service.Launch - Starting test item...rp-io-96
20:24:57.622 [AsyncHttpClient-1-16] DEBUG org.asynchttpclient.netty.handler.WebSocketHandler - Channel Closed: [id: 0xfbc856d3, L:/127.0.0.1:60029 ! R:localhost/127.0.0.1:60021] with attribute NettyResponseFuture{currentRetry=0,
	isDone=1,
	isCancelled=0,
	asyncHandler=org.asynchttpclient.ws.WebSocketUpgradeHandler@4e07c85,
	nettyRequest=org.asynchttpclient.netty.request.NettyRequest@41e2e27d,
	future=java.util.concurrent.CompletableFuture@f8be20b[Completed normally],
	uri=ws://localhost:60021/devtools/browser/b774a639-ca83-4500-8da9-42f65f589e6f,
	keepAlive=true,
	redirectCount=0,
	timeoutsHolder=null,
	inAuth=0,
	touch=1686075894163}
20:24:57.622 [AsyncHttpClient-1-16] DEBUG org.asynchttpclient.netty.channel.ChannelManager - Closing Channel [id: 0xfbc856d3, L:/127.0.0.1:60029 ! R:localhost/127.0.0.1:60021] 
20:24:57.623 [Driver Command Executor] DEBUG org.asynchttpclient.netty.request.NettyRequestSender - Using pooled Channel '[id: 0xf09c050f, L:/127.0.0.1:60020 - R:localhost/127.0.0.1:25446]' for 'DELETE' to 'http://localhost:25446/session/81105da35f5e7c282c146a6b1eb1674c'
20:24:57.623 [Driver Command Executor] DEBUG org.asynchttpclient.netty.request.NettyRequestSender - Using open Channel [id: 0xf09c050f, L:/127.0.0.1:60020 - R:localhost/127.0.0.1:25446] for DELETE '/session/81105da35f5e7c282c146a6b1eb1674c'
20:24:57.637 [rp-io-93] DEBUG com.epam.reportportal.service.Launch - TestItem with ID = '5e0224bc-b032-4184-b35a-b5b01e32f9f8' successfully finished.
20:24:57.637 [rp-io-93] DEBUG com.epam.reportportal.utils.SubscriptionUtils - Finish test item completed
20:24:57.647 [rp-io-96] DEBUG com.epam.reportportal.service.Launch - ReportPortal item with ID 'f84fc66f-bae9-4c5e-a76f-f17bc95d56cb' has been created
20:24:57.647 [rp-io-96] DEBUG com.epam.reportportal.utils.SubscriptionUtils - Start test item successfully completed
20:24:57.706 [AsyncHttpClient-1-15] DEBUG org.asynchttpclient.netty.handler.HttpHandler - Unexpected I/O exception on channel [id: 0xedb60bcb, L:/127.0.0.1:60028 - R:localhost/127.0.0.1:60021]
java.net.SocketException: Connection reset
	at java.base/sun.nio.ch.SocketChannelImpl.throwConnectionReset(SocketChannelImpl.java:394)
	at java.base/sun.nio.ch.SocketChannelImpl.read(SocketChannelImpl.java:426)
	at io.netty.buffer.PooledByteBuf.setBytes(PooledByteBuf.java:256)
	at io.netty.buffer.AbstractByteBuf.writeBytes(AbstractByteBuf.java:1132)
	at io.netty.channel.socket.nio.NioSocketChannel.doReadBytes(NioSocketChannel.java:357)
	at io.netty.channel.nio.AbstractNioByteChannel$NioByteUnsafe.read(AbstractNioByteChannel.java:151)
	at io.netty.channel.nio.NioEventLoop.processSelectedKey(NioEventLoop.java:788)
	at io.netty.channel.nio.NioEventLoop.processSelectedKeysOptimized(NioEventLoop.java:724)
	at io.netty.channel.nio.NioEventLoop.processSelectedKeys(NioEventLoop.java:650)
	at io.netty.channel.nio.NioEventLoop.run(NioEventLoop.java:562)
	at io.netty.util.concurrent.SingleThreadEventExecutor$4.run(SingleThreadEventExecutor.java:997)
	at io.netty.util.internal.ThreadExecutorMap$2.run(ThreadExecutorMap.java:74)
	at io.netty.util.concurrent.FastThreadLocalRunnable.run(FastThreadLocalRunnable.java:30)
	at java.base/java.lang.Thread.run(Thread.java:833)
20:24:57.707 [AsyncHttpClient-1-15] DEBUG org.asynchttpclient.netty.channel.ChannelManager - Closing Channel [id: 0xedb60bcb, L:/127.0.0.1:60028 - R:localhost/127.0.0.1:60021] 
20:24:57.707 [AsyncHttpClient-1-15] DEBUG org.asynchttpclient.netty.handler.HttpHandler - Channel Closed: [id: 0xedb60bcb, L:/127.0.0.1:60028 ! R:localhost/127.0.0.1:60021] with attribute DISCARD
20:24:57.739 [AsyncHttpClient-1-14] DEBUG org.asynchttpclient.netty.handler.HttpHandler - 

Request DefaultFullHttpRequest(decodeResult: success, version: HTTP/1.1, content: EmptyByteBufBE)
DELETE /session/81105da35f5e7c282c146a6b1eb1674c HTTP/1.1
User-Agent: selenium/4.8.3 (java windows)
Content-Type: application/json; charset=utf-8
host: localhost:25446
accept: */*

Response DefaultHttpResponse(decodeResult: success, version: HTTP/1.1)
HTTP/1.1 200 OK
Content-Length: 14
Content-Type: application/json; charset=utf-8
cache-control: no-cache

20:24:57.739 [AsyncHttpClient-1-14] DEBUG org.asynchttpclient.netty.channel.ChannelManager - Adding key: http://localhost:25446 for channel [id: 0xf09c050f, L:/127.0.0.1:60020 - R:localhost/127.0.0.1:25446]
20:24:57.788 [AsyncHttpClient-1-14] DEBUG org.asynchttpclient.netty.handler.HttpHandler - Channel Closed: [id: 0xf09c050f, L:/127.0.0.1:60020 ! R:localhost/127.0.0.1:25446] with attribute DISCARD
2023-06-06 20:24:57 INFO  BaseTest:83 - Test executed**********
20:24:57.849 [rp-io-3] DEBUG com.epam.reportportal.service.Launch - Starting test item...rp-io-3
2023-06-06 20:24:57 INFO  BaseTest:110 - Property files loaded successfully**********
20:24:57.865 [rp-io-2] DEBUG com.epam.reportportal.service.Launch - TestItem with ID = 'f84fc66f-bae9-4c5e-a76f-f17bc95d56cb' successfully finished.
20:24:57.865 [main] DEBUG io.github.bonigarcia.wdm.cache.ResolutionCache - Resolution chrome=114 in cache (valid until 21:23:55 06/06/2023 CEST)
20:24:57.865 [rp-io-2] DEBUG com.epam.reportportal.utils.SubscriptionUtils - Finish test item completed
20:24:57.865 [main] DEBUG io.github.bonigarcia.wdm.cache.ResolutionCache - Resolution chrome114=114.0.5735.90 in cache (valid until 16:16:26 07/06/2023 CEST)
20:24:57.865 [main] INFO io.github.bonigarcia.wdm.WebDriverManager - Using chromedriver 114.0.5735.90 (resolved driver for Chrome 114)
20:24:57.869 [rp-io-3] DEBUG com.epam.reportportal.service.Launch - ReportPortal item with ID '2922ae96-66d7-40f9-a9df-188dc6ad65bd' has been created
20:24:57.869 [rp-io-3] DEBUG com.epam.reportportal.utils.SubscriptionUtils - Start test item successfully completed
20:24:57.873 [main] DEBUG io.github.bonigarcia.wdm.WebDriverManager - Driver chromedriver 114.0.5735.90 found in cache
20:24:57.874 [main] INFO io.github.bonigarcia.wdm.WebDriverManager - Exporting webdriver.chrome.driver as C:\Users\Suwarna_Wagh\.cache\selenium\chromedriver\win32\114.0.5735.90\chromedriver.exe
20:24:58.081 [AsyncHttpClient-1-17] DEBUG org.asynchttpclient.netty.channel.NettyConnectListener - Using new Channel '[id: 0xf05716f4, L:/127.0.0.1:60047 - R:localhost/127.0.0.1:10322]' for 'POST' to '/session'
20:24:58.090 [AsyncHttpClient-1-1] DEBUG org.asynchttpclient.netty.channel.DefaultChannelPool - Entry count for : http://localhost:25446 : 1
20:24:58.090 [AsyncHttpClient-1-1] DEBUG org.asynchttpclient.netty.channel.DefaultChannelPool - Entry count for : http://localhost:60021 : 1
20:24:58.090 [AsyncHttpClient-1-1] DEBUG org.asynchttpclient.netty.channel.DefaultChannelPool - Adding Candidate expired Channel [id: 0xf09c050f, L:/127.0.0.1:60020 ! R:localhost/127.0.0.1:25446] isIdleTimeoutExpired=false isRemotelyClosed=true isTtlExpired=false
20:24:58.090 [AsyncHttpClient-1-1] DEBUG org.asynchttpclient.netty.channel.DefaultChannelPool - Closing Idle Channel [id: 0xf09c050f, L:/127.0.0.1:60020 ! R:localhost/127.0.0.1:25446]
20:24:58.090 [AsyncHttpClient-1-1] DEBUG org.asynchttpclient.netty.channel.DefaultChannelPool - Adding Candidate expired Channel [id: 0xedb60bcb, L:/127.0.0.1:60028 ! R:localhost/127.0.0.1:60021] isIdleTimeoutExpired=false isRemotelyClosed=true isTtlExpired=false
20:24:58.090 [AsyncHttpClient-1-1] DEBUG org.asynchttpclient.netty.channel.DefaultChannelPool - Closing Idle Channel [id: 0xedb60bcb, L:/127.0.0.1:60028 ! R:localhost/127.0.0.1:60021]
20:24:58.090 [AsyncHttpClient-1-1] DEBUG org.asynchttpclient.netty.channel.DefaultChannelPool - Closed 2 connections out of 2 in 0 ms
20:24:58.983 [AsyncHttpClient-1-17] DEBUG org.asynchttpclient.netty.handler.HttpHandler - 

Request DefaultHttpRequest(decodeResult: success, version: HTTP/1.1)
POST /session HTTP/1.1
User-Agent: selenium/4.8.3 (java windows)
Content-Length: 439
Content-Type: application/json; charset=utf-8
host: localhost:10322
accept: */*

Response DefaultHttpResponse(decodeResult: success, version: HTTP/1.1)
HTTP/1.1 200 OK
Content-Length: 863
Content-Type: application/json; charset=utf-8
cache-control: no-cache

20:24:58.984 [AsyncHttpClient-1-17] DEBUG org.asynchttpclient.netty.channel.ChannelManager - Adding key: http://localhost:10322 for channel [id: 0xf05716f4, L:/127.0.0.1:60047 - R:localhost/127.0.0.1:10322]
20:24:58.990 [AsyncHttpClient-1-2] DEBUG org.asynchttpclient.netty.channel.NettyConnectListener - Using new Channel '[id: 0x3553c47e, L:/127.0.0.1:60055 - R:localhost/127.0.0.1:60048]' for 'GET' to '/json/version'
20:24:58.992 [AsyncHttpClient-1-2] DEBUG org.asynchttpclient.netty.handler.HttpHandler - 

Request DefaultFullHttpRequest(decodeResult: success, version: HTTP/1.1, content: EmptyByteBufBE)
GET /json/version HTTP/1.1
User-Agent: selenium/4.8.3 (java windows)
host: localhost:60048
accept: */*

Response DefaultHttpResponse(decodeResult: success, version: HTTP/1.1)
HTTP/1.1 200 OK
Content-Security-Policy: frame-ancestors 'none'
Content-Length: 424
Content-Type: application/json; charset=UTF-8

20:24:58.992 [AsyncHttpClient-1-2] DEBUG org.asynchttpclient.netty.channel.ChannelManager - Adding key: http://localhost:60048 for channel [id: 0x3553c47e, L:/127.0.0.1:60055 - R:localhost/127.0.0.1:60048]
20:24:58.993 [AsyncHttpClient-1-3] DEBUG org.asynchttpclient.netty.channel.NettyConnectListener - Using new Channel '[id: 0x6fb090cc, L:/127.0.0.1:60056 - R:localhost/127.0.0.1:60048]' for 'GET' to '/devtools/browser/9e74e0a2-dac1-4a8f-9151-1aff94d82697'
20:24:58.994 [AsyncHttpClient-1-3] DEBUG org.asynchttpclient.netty.handler.WebSocketHandler - 

Request DefaultFullHttpRequest(decodeResult: success, version: HTTP/1.1, content: EmptyByteBufBE)
GET /devtools/browser/9e74e0a2-dac1-4a8f-9151-1aff94d82697 HTTP/1.1
upgrade: websocket
connection: upgrade
sec-websocket-key: /7vVv5vYXbak6y57vWQT9Q==
sec-websocket-version: 13
origin: http://localhost:60048
host: localhost:60048
accept: */*
user-agent: AHC/2.1

Response DefaultHttpResponse(decodeResult: success, version: HTTP/1.1)
HTTP/1.1 101 WebSocket Protocol Handshake
Upgrade: WebSocket
Connection: Upgrade
Sec-WebSocket-Accept: V1xOATQFSqZDOW2bPRYFu5eJoI4=

20:24:59.000 [Forwarding setTimeout on session 900d92dce605387727692f3acb19c661 to remote] DEBUG org.asynchttpclient.netty.request.NettyRequestSender - Using pooled Channel '[id: 0xf05716f4, L:/127.0.0.1:60047 - R:localhost/127.0.0.1:10322]' for 'POST' to 'http://localhost:10322/session/900d92dce605387727692f3acb19c661/timeouts'
20:24:59.000 [Forwarding setTimeout on session 900d92dce605387727692f3acb19c661 to remote] DEBUG org.asynchttpclient.netty.request.NettyRequestSender - Using open Channel [id: 0xf05716f4, L:/127.0.0.1:60047 - R:localhost/127.0.0.1:10322] for POST '/session/900d92dce605387727692f3acb19c661/timeouts'
20:24:59.002 [AsyncHttpClient-1-17] DEBUG org.asynchttpclient.netty.handler.HttpHandler - 

Request DefaultHttpRequest(decodeResult: success, version: HTTP/1.1)
POST /session/900d92dce605387727692f3acb19c661/timeouts HTTP/1.1
User-Agent: selenium/4.8.3 (java windows)
Content-Length: 22
Content-Type: application/json; charset=utf-8
host: localhost:10322
accept: */*

Response DefaultHttpResponse(decodeResult: success, version: HTTP/1.1)
HTTP/1.1 200 OK
Content-Length: 14
Content-Type: application/json; charset=utf-8
cache-control: no-cache

20:24:59.002 [AsyncHttpClient-1-17] DEBUG org.asynchttpclient.netty.channel.ChannelManager - Adding key: http://localhost:10322 for channel [id: 0xf05716f4, L:/127.0.0.1:60047 - R:localhost/127.0.0.1:10322]
20:24:59.003 [Forwarding maximizeCurrentWindow on session 900d92dce605387727692f3acb19c661 to remote] DEBUG org.asynchttpclient.netty.request.NettyRequestSender - Using pooled Channel '[id: 0xf05716f4, L:/127.0.0.1:60047 - R:localhost/127.0.0.1:10322]' for 'POST' to 'http://localhost:10322/session/900d92dce605387727692f3acb19c661/window/maximize'
20:24:59.003 [Forwarding maximizeCurrentWindow on session 900d92dce605387727692f3acb19c661 to remote] DEBUG org.asynchttpclient.netty.request.NettyRequestSender - Using open Channel [id: 0xf05716f4, L:/127.0.0.1:60047 - R:localhost/127.0.0.1:10322] for POST '/session/900d92dce605387727692f3acb19c661/window/maximize'
20:24:59.123 [AsyncHttpClient-1-17] DEBUG org.asynchttpclient.netty.handler.HttpHandler - 

Request DefaultHttpRequest(decodeResult: success, version: HTTP/1.1)
POST /session/900d92dce605387727692f3acb19c661/window/maximize HTTP/1.1
User-Agent: selenium/4.8.3 (java windows)
Content-Length: 3
Content-Type: application/json; charset=utf-8
host: localhost:10322
accept: */*

Response DefaultHttpResponse(decodeResult: success, version: HTTP/1.1)
HTTP/1.1 200 OK
Content-Length: 51
Content-Type: application/json; charset=utf-8
cache-control: no-cache

20:24:59.124 [AsyncHttpClient-1-17] DEBUG org.asynchttpclient.netty.channel.ChannelManager - Adding key: http://localhost:10322 for channel [id: 0xf05716f4, L:/127.0.0.1:60047 - R:localhost/127.0.0.1:10322]
20:24:59.125 [Forwarding get on session 900d92dce605387727692f3acb19c661 to remote] DEBUG org.asynchttpclient.netty.request.NettyRequestSender - Using pooled Channel '[id: 0xf05716f4, L:/127.0.0.1:60047 - R:localhost/127.0.0.1:10322]' for 'POST' to 'http://localhost:10322/session/900d92dce605387727692f3acb19c661/url'
20:24:59.125 [Forwarding get on session 900d92dce605387727692f3acb19c661 to remote] DEBUG org.asynchttpclient.netty.request.NettyRequestSender - Using open Channel [id: 0xf05716f4, L:/127.0.0.1:60047 - R:localhost/127.0.0.1:10322] for POST '/session/900d92dce605387727692f3acb19c661/url'
20:24:59.189 [AsyncHttpClient-1-1] DEBUG org.asynchttpclient.netty.channel.DefaultChannelPool - Entry count for : http://localhost:60048 : 1
20:25:00.290 [AsyncHttpClient-1-1] DEBUG org.asynchttpclient.netty.channel.DefaultChannelPool - Entry count for : http://localhost:60048 : 1
20:25:00.870 [AsyncHttpClient-1-17] DEBUG org.asynchttpclient.netty.handler.HttpHandler - 

Request DefaultHttpRequest(decodeResult: success, version: HTTP/1.1)
POST /session/900d92dce605387727692f3acb19c661/url HTTP/1.1
User-Agent: selenium/4.8.3 (java windows)
Content-Length: 52
Content-Type: application/json; charset=utf-8
host: localhost:10322
accept: */*

Response DefaultHttpResponse(decodeResult: success, version: HTTP/1.1)
HTTP/1.1 200 OK
Content-Length: 14
Content-Type: application/json; charset=utf-8
cache-control: no-cache

20:25:00.871 [AsyncHttpClient-1-17] DEBUG org.asynchttpclient.netty.channel.ChannelManager - Adding key: http://localhost:10322 for channel [id: 0xf05716f4, L:/127.0.0.1:60047 - R:localhost/127.0.0.1:10322]
2023-06-06 20:25:00 INFO  BaseTest:104 - Test driver set up done successfully**********
2023-06-06 20:25:00 INFO  BaseTest:122 - Logging in to portal
20:25:00.874 [Forwarding findElement on session 900d92dce605387727692f3acb19c661 to remote] DEBUG org.asynchttpclient.netty.request.NettyRequestSender - Using pooled Channel '[id: 0xf05716f4, L:/127.0.0.1:60047 - R:localhost/127.0.0.1:10322]' for 'POST' to 'http://localhost:10322/session/900d92dce605387727692f3acb19c661/element'
20:25:00.875 [Forwarding findElement on session 900d92dce605387727692f3acb19c661 to remote] DEBUG org.asynchttpclient.netty.request.NettyRequestSender - Using open Channel [id: 0xf05716f4, L:/127.0.0.1:60047 - R:localhost/127.0.0.1:10322] for POST '/session/900d92dce605387727692f3acb19c661/element'
20:25:00.892 [AsyncHttpClient-1-17] DEBUG org.asynchttpclient.netty.handler.HttpHandler - 

Request DefaultHttpRequest(decodeResult: success, version: HTTP/1.1)
POST /session/900d92dce605387727692f3acb19c661/element HTTP/1.1
User-Agent: selenium/4.8.3 (java windows)
Content-Length: 59
Content-Type: application/json; charset=utf-8
host: localhost:10322
accept: */*

Response DefaultHttpResponse(decodeResult: success, version: HTTP/1.1)
HTTP/1.1 200 OK
Content-Length: 95
Content-Type: application/json; charset=utf-8
cache-control: no-cache

20:25:00.892 [AsyncHttpClient-1-17] DEBUG org.asynchttpclient.netty.channel.ChannelManager - Adding key: http://localhost:10322 for channel [id: 0xf05716f4, L:/127.0.0.1:60047 - R:localhost/127.0.0.1:10322]
20:25:00.894 [Forwarding clearElement on session 900d92dce605387727692f3acb19c661 to remote] DEBUG org.asynchttpclient.netty.request.NettyRequestSender - Using pooled Channel '[id: 0xf05716f4, L:/127.0.0.1:60047 - R:localhost/127.0.0.1:10322]' for 'POST' to 'http://localhost:10322/session/900d92dce605387727692f3acb19c661/element/09E0DED1D1A041FB6B1E3DE179FD1303_element_29/clear'
20:25:00.894 [Forwarding clearElement on session 900d92dce605387727692f3acb19c661 to remote] DEBUG org.asynchttpclient.netty.request.NettyRequestSender - Using open Channel [id: 0xf05716f4, L:/127.0.0.1:60047 - R:localhost/127.0.0.1:10322] for POST '/session/900d92dce605387727692f3acb19c661/element/09E0DED1D1A041FB6B1E3DE179FD1303_element_29/clear'
20:25:00.954 [AsyncHttpClient-1-17] DEBUG org.asynchttpclient.netty.handler.HttpHandler - 

Request DefaultHttpRequest(decodeResult: success, version: HTTP/1.1)
POST /session/900d92dce605387727692f3acb19c661/element/09E0DED1D1A041FB6B1E3DE179FD1303_element_29/clear HTTP/1.1
User-Agent: selenium/4.8.3 (java windows)
Content-Length: 57
Content-Type: application/json; charset=utf-8
host: localhost:10322
accept: */*

Response DefaultHttpResponse(decodeResult: success, version: HTTP/1.1)
HTTP/1.1 200 OK
Content-Length: 14
Content-Type: application/json; charset=utf-8
cache-control: no-cache

20:25:00.954 [AsyncHttpClient-1-17] DEBUG org.asynchttpclient.netty.channel.ChannelManager - Adding key: http://localhost:10322 for channel [id: 0xf05716f4, L:/127.0.0.1:60047 - R:localhost/127.0.0.1:10322]
20:25:00.956 [Forwarding findElement on session 900d92dce605387727692f3acb19c661 to remote] DEBUG org.asynchttpclient.netty.request.NettyRequestSender - Using pooled Channel '[id: 0xf05716f4, L:/127.0.0.1:60047 - R:localhost/127.0.0.1:10322]' for 'POST' to 'http://localhost:10322/session/900d92dce605387727692f3acb19c661/element'
20:25:00.956 [Forwarding findElement on session 900d92dce605387727692f3acb19c661 to remote] DEBUG org.asynchttpclient.netty.request.NettyRequestSender - Using open Channel [id: 0xf05716f4, L:/127.0.0.1:60047 - R:localhost/127.0.0.1:10322] for POST '/session/900d92dce605387727692f3acb19c661/element'
20:25:00.967 [AsyncHttpClient-1-17] DEBUG org.asynchttpclient.netty.handler.HttpHandler - 

Request DefaultHttpRequest(decodeResult: success, version: HTTP/1.1)
POST /session/900d92dce605387727692f3acb19c661/element HTTP/1.1
User-Agent: selenium/4.8.3 (java windows)
Content-Length: 59
Content-Type: application/json; charset=utf-8
host: localhost:10322
accept: */*

Response DefaultHttpResponse(decodeResult: success, version: HTTP/1.1)
HTTP/1.1 200 OK
Content-Length: 95
Content-Type: application/json; charset=utf-8
cache-control: no-cache

20:25:00.968 [AsyncHttpClient-1-17] DEBUG org.asynchttpclient.netty.channel.ChannelManager - Adding key: http://localhost:10322 for channel [id: 0xf05716f4, L:/127.0.0.1:60047 - R:localhost/127.0.0.1:10322]
20:25:00.970 [Forwarding sendKeysToElement on session 900d92dce605387727692f3acb19c661 to remote] DEBUG org.asynchttpclient.netty.request.NettyRequestSender - Using pooled Channel '[id: 0xf05716f4, L:/127.0.0.1:60047 - R:localhost/127.0.0.1:10322]' for 'POST' to 'http://localhost:10322/session/900d92dce605387727692f3acb19c661/element/09E0DED1D1A041FB6B1E3DE179FD1303_element_29/value'
20:25:00.970 [Forwarding sendKeysToElement on session 900d92dce605387727692f3acb19c661 to remote] DEBUG org.asynchttpclient.netty.request.NettyRequestSender - Using open Channel [id: 0xf05716f4, L:/127.0.0.1:60047 - R:localhost/127.0.0.1:10322] for POST '/session/900d92dce605387727692f3acb19c661/element/09E0DED1D1A041FB6B1E3DE179FD1303_element_29/value'
20:25:01.113 [AsyncHttpClient-1-17] DEBUG org.asynchttpclient.netty.handler.HttpHandler - 

Request DefaultHttpRequest(decodeResult: success, version: HTTP/1.1)
POST /session/900d92dce605387727692f3acb19c661/element/09E0DED1D1A041FB6B1E3DE179FD1303_element_29/value HTTP/1.1
User-Agent: selenium/4.8.3 (java windows)
Content-Length: 188
Content-Type: application/json; charset=utf-8
host: localhost:10322
accept: */*

Response DefaultHttpResponse(decodeResult: success, version: HTTP/1.1)
HTTP/1.1 200 OK
Content-Length: 14
Content-Type: application/json; charset=utf-8
cache-control: no-cache

20:25:01.113 [AsyncHttpClient-1-17] DEBUG org.asynchttpclient.netty.channel.ChannelManager - Adding key: http://localhost:10322 for channel [id: 0xf05716f4, L:/127.0.0.1:60047 - R:localhost/127.0.0.1:10322]
20:25:01.115 [Forwarding findElement on session 900d92dce605387727692f3acb19c661 to remote] DEBUG org.asynchttpclient.netty.request.NettyRequestSender - Using pooled Channel '[id: 0xf05716f4, L:/127.0.0.1:60047 - R:localhost/127.0.0.1:10322]' for 'POST' to 'http://localhost:10322/session/900d92dce605387727692f3acb19c661/element'
20:25:01.115 [Forwarding findElement on session 900d92dce605387727692f3acb19c661 to remote] DEBUG org.asynchttpclient.netty.request.NettyRequestSender - Using open Channel [id: 0xf05716f4, L:/127.0.0.1:60047 - R:localhost/127.0.0.1:10322] for POST '/session/900d92dce605387727692f3acb19c661/element'
20:25:01.132 [AsyncHttpClient-1-17] DEBUG org.asynchttpclient.netty.handler.HttpHandler - 

Request DefaultHttpRequest(decodeResult: success, version: HTTP/1.1)
POST /session/900d92dce605387727692f3acb19c661/element HTTP/1.1
User-Agent: selenium/4.8.3 (java windows)
Content-Length: 62
Content-Type: application/json; charset=utf-8
host: localhost:10322
accept: */*

Response DefaultHttpResponse(decodeResult: success, version: HTTP/1.1)
HTTP/1.1 200 OK
Content-Length: 95
Content-Type: application/json; charset=utf-8
cache-control: no-cache

20:25:01.132 [AsyncHttpClient-1-17] DEBUG org.asynchttpclient.netty.channel.ChannelManager - Adding key: http://localhost:10322 for channel [id: 0xf05716f4, L:/127.0.0.1:60047 - R:localhost/127.0.0.1:10322]
20:25:01.134 [Forwarding clearElement on session 900d92dce605387727692f3acb19c661 to remote] DEBUG org.asynchttpclient.netty.request.NettyRequestSender - Using pooled Channel '[id: 0xf05716f4, L:/127.0.0.1:60047 - R:localhost/127.0.0.1:10322]' for 'POST' to 'http://localhost:10322/session/900d92dce605387727692f3acb19c661/element/09E0DED1D1A041FB6B1E3DE179FD1303_element_31/clear'
20:25:01.134 [Forwarding clearElement on session 900d92dce605387727692f3acb19c661 to remote] DEBUG org.asynchttpclient.netty.request.NettyRequestSender - Using open Channel [id: 0xf05716f4, L:/127.0.0.1:60047 - R:localhost/127.0.0.1:10322] for POST '/session/900d92dce605387727692f3acb19c661/element/09E0DED1D1A041FB6B1E3DE179FD1303_element_31/clear'
20:25:01.208 [AsyncHttpClient-1-17] DEBUG org.asynchttpclient.netty.handler.HttpHandler - 

Request DefaultHttpRequest(decodeResult: success, version: HTTP/1.1)
POST /session/900d92dce605387727692f3acb19c661/element/09E0DED1D1A041FB6B1E3DE179FD1303_element_31/clear HTTP/1.1
User-Agent: selenium/4.8.3 (java windows)
Content-Length: 57
Content-Type: application/json; charset=utf-8
host: localhost:10322
accept: */*

Response DefaultHttpResponse(decodeResult: success, version: HTTP/1.1)
HTTP/1.1 200 OK
Content-Length: 14
Content-Type: application/json; charset=utf-8
cache-control: no-cache

20:25:01.208 [AsyncHttpClient-1-17] DEBUG org.asynchttpclient.netty.channel.ChannelManager - Adding key: http://localhost:10322 for channel [id: 0xf05716f4, L:/127.0.0.1:60047 - R:localhost/127.0.0.1:10322]
20:25:01.209 [Forwarding findElement on session 900d92dce605387727692f3acb19c661 to remote] DEBUG org.asynchttpclient.netty.request.NettyRequestSender - Using pooled Channel '[id: 0xf05716f4, L:/127.0.0.1:60047 - R:localhost/127.0.0.1:10322]' for 'POST' to 'http://localhost:10322/session/900d92dce605387727692f3acb19c661/element'
20:25:01.209 [Forwarding findElement on session 900d92dce605387727692f3acb19c661 to remote] DEBUG org.asynchttpclient.netty.request.NettyRequestSender - Using open Channel [id: 0xf05716f4, L:/127.0.0.1:60047 - R:localhost/127.0.0.1:10322] for POST '/session/900d92dce605387727692f3acb19c661/element'
20:25:01.221 [AsyncHttpClient-1-17] DEBUG org.asynchttpclient.netty.handler.HttpHandler - 

Request DefaultHttpRequest(decodeResult: success, version: HTTP/1.1)
POST /session/900d92dce605387727692f3acb19c661/element HTTP/1.1
User-Agent: selenium/4.8.3 (java windows)
Content-Length: 62
Content-Type: application/json; charset=utf-8
host: localhost:10322
accept: */*

Response DefaultHttpResponse(decodeResult: success, version: HTTP/1.1)
HTTP/1.1 200 OK
Content-Length: 95
Content-Type: application/json; charset=utf-8
cache-control: no-cache

20:25:01.222 [AsyncHttpClient-1-17] DEBUG org.asynchttpclient.netty.channel.ChannelManager - Adding key: http://localhost:10322 for channel [id: 0xf05716f4, L:/127.0.0.1:60047 - R:localhost/127.0.0.1:10322]
20:25:01.223 [Forwarding sendKeysToElement on session 900d92dce605387727692f3acb19c661 to remote] DEBUG org.asynchttpclient.netty.request.NettyRequestSender - Using pooled Channel '[id: 0xf05716f4, L:/127.0.0.1:60047 - R:localhost/127.0.0.1:10322]' for 'POST' to 'http://localhost:10322/session/900d92dce605387727692f3acb19c661/element/09E0DED1D1A041FB6B1E3DE179FD1303_element_31/value'
20:25:01.223 [Forwarding sendKeysToElement on session 900d92dce605387727692f3acb19c661 to remote] DEBUG org.asynchttpclient.netty.request.NettyRequestSender - Using open Channel [id: 0xf05716f4, L:/127.0.0.1:60047 - R:localhost/127.0.0.1:10322] for POST '/session/900d92dce605387727692f3acb19c661/element/09E0DED1D1A041FB6B1E3DE179FD1303_element_31/value'
20:25:01.338 [AsyncHttpClient-1-17] DEBUG org.asynchttpclient.netty.handler.HttpHandler - 

Request DefaultHttpRequest(decodeResult: success, version: HTTP/1.1)
POST /session/900d92dce605387727692f3acb19c661/element/09E0DED1D1A041FB6B1E3DE179FD1303_element_31/value HTTP/1.1
User-Agent: selenium/4.8.3 (java windows)
Content-Length: 148
Content-Type: application/json; charset=utf-8
host: localhost:10322
accept: */*

Response DefaultHttpResponse(decodeResult: success, version: HTTP/1.1)
HTTP/1.1 200 OK
Content-Length: 14
Content-Type: application/json; charset=utf-8
cache-control: no-cache

20:25:01.338 [AsyncHttpClient-1-17] DEBUG org.asynchttpclient.netty.channel.ChannelManager - Adding key: http://localhost:10322 for channel [id: 0xf05716f4, L:/127.0.0.1:60047 - R:localhost/127.0.0.1:10322]
20:25:01.339 [Forwarding findElement on session 900d92dce605387727692f3acb19c661 to remote] DEBUG org.asynchttpclient.netty.request.NettyRequestSender - Using pooled Channel '[id: 0xf05716f4, L:/127.0.0.1:60047 - R:localhost/127.0.0.1:10322]' for 'POST' to 'http://localhost:10322/session/900d92dce605387727692f3acb19c661/element'
20:25:01.339 [Forwarding findElement on session 900d92dce605387727692f3acb19c661 to remote] DEBUG org.asynchttpclient.netty.request.NettyRequestSender - Using open Channel [id: 0xf05716f4, L:/127.0.0.1:60047 - R:localhost/127.0.0.1:10322] for POST '/session/900d92dce605387727692f3acb19c661/element'
20:25:01.356 [AsyncHttpClient-1-17] DEBUG org.asynchttpclient.netty.handler.HttpHandler - 

Request DefaultHttpRequest(decodeResult: success, version: HTTP/1.1)
POST /session/900d92dce605387727692f3acb19c661/element HTTP/1.1
User-Agent: selenium/4.8.3 (java windows)
Content-Length: 71
Content-Type: application/json; charset=utf-8
host: localhost:10322
accept: */*

Response DefaultHttpResponse(decodeResult: success, version: HTTP/1.1)
HTTP/1.1 200 OK
Content-Length: 95
Content-Type: application/json; charset=utf-8
cache-control: no-cache

20:25:01.356 [AsyncHttpClient-1-17] DEBUG org.asynchttpclient.netty.channel.ChannelManager - Adding key: http://localhost:10322 for channel [id: 0xf05716f4, L:/127.0.0.1:60047 - R:localhost/127.0.0.1:10322]
20:25:01.358 [Forwarding clickElement on session 900d92dce605387727692f3acb19c661 to remote] DEBUG org.asynchttpclient.netty.request.NettyRequestSender - Using pooled Channel '[id: 0xf05716f4, L:/127.0.0.1:60047 - R:localhost/127.0.0.1:10322]' for 'POST' to 'http://localhost:10322/session/900d92dce605387727692f3acb19c661/element/09E0DED1D1A041FB6B1E3DE179FD1303_element_32/click'
20:25:01.358 [Forwarding clickElement on session 900d92dce605387727692f3acb19c661 to remote] DEBUG org.asynchttpclient.netty.request.NettyRequestSender - Using open Channel [id: 0xf05716f4, L:/127.0.0.1:60047 - R:localhost/127.0.0.1:10322] for POST '/session/900d92dce605387727692f3acb19c661/element/09E0DED1D1A041FB6B1E3DE179FD1303_element_32/click'
20:25:01.389 [AsyncHttpClient-1-1] DEBUG org.asynchttpclient.netty.channel.DefaultChannelPool - Entry count for : http://localhost:60048 : 1
20:25:01.409 [AsyncHttpClient-1-17] DEBUG org.asynchttpclient.netty.handler.HttpHandler - 

Request DefaultHttpRequest(decodeResult: success, version: HTTP/1.1)
POST /session/900d92dce605387727692f3acb19c661/element/09E0DED1D1A041FB6B1E3DE179FD1303_element_32/click HTTP/1.1
User-Agent: selenium/4.8.3 (java windows)
Content-Length: 57
Content-Type: application/json; charset=utf-8
host: localhost:10322
accept: */*

Response DefaultHttpResponse(decodeResult: success, version: HTTP/1.1)
HTTP/1.1 200 OK
Content-Length: 14
Content-Type: application/json; charset=utf-8
cache-control: no-cache

20:25:01.409 [AsyncHttpClient-1-17] DEBUG org.asynchttpclient.netty.channel.ChannelManager - Adding key: http://localhost:10322 for channel [id: 0xf05716f4, L:/127.0.0.1:60047 - R:localhost/127.0.0.1:10322]
2023-06-06 20:25:01 INFO  BaseTest:126 - Logged in
20:25:01.412 [rp-io-7] DEBUG com.epam.reportportal.service.Launch - Starting test item...rp-io-7
2023-06-06 20:25:01 INFO  Listeners:34 - Started Test null
20:25:01.413 [Forwarding findElement on session 900d92dce605387727692f3acb19c661 to remote] DEBUG org.asynchttpclient.netty.request.NettyRequestSender - Using pooled Channel '[id: 0xf05716f4, L:/127.0.0.1:60047 - R:localhost/127.0.0.1:10322]' for 'POST' to 'http://localhost:10322/session/900d92dce605387727692f3acb19c661/element'
20:25:01.414 [Forwarding findElement on session 900d92dce605387727692f3acb19c661 to remote] DEBUG org.asynchttpclient.netty.request.NettyRequestSender - Using open Channel [id: 0xf05716f4, L:/127.0.0.1:60047 - R:localhost/127.0.0.1:10322] for POST '/session/900d92dce605387727692f3acb19c661/element'
20:25:01.432 [rp-io-92] DEBUG com.epam.reportportal.service.Launch - TestItem with ID = '2922ae96-66d7-40f9-a9df-188dc6ad65bd' successfully finished.
20:25:01.432 [rp-io-92] DEBUG com.epam.reportportal.utils.SubscriptionUtils - Finish test item completed
20:25:01.438 [rp-io-7] DEBUG com.epam.reportportal.service.Launch - ReportPortal item with ID 'b4742c2a-edc5-4e88-b5d5-e874c306254d' has been created
20:25:01.438 [rp-io-7] DEBUG com.epam.reportportal.utils.SubscriptionUtils - Start test item successfully completed
20:25:01.845 [AsyncHttpClient-1-17] DEBUG org.asynchttpclient.netty.handler.HttpHandler - 

Request DefaultHttpRequest(decodeResult: success, version: HTTP/1.1)
POST /session/900d92dce605387727692f3acb19c661/element HTTP/1.1
User-Agent: selenium/4.8.3 (java windows)
Content-Length: 168
Content-Type: application/json; charset=utf-8
host: localhost:10322
accept: */*

Response DefaultHttpResponse(decodeResult: success, version: HTTP/1.1)
HTTP/1.1 200 OK
Content-Length: 95
Content-Type: application/json; charset=utf-8
cache-control: no-cache

20:25:01.845 [AsyncHttpClient-1-17] DEBUG org.asynchttpclient.netty.channel.ChannelManager - Adding key: http://localhost:10322 for channel [id: 0xf05716f4, L:/127.0.0.1:60047 - R:localhost/127.0.0.1:10322]
20:25:01.846 [Forwarding clickElement on session 900d92dce605387727692f3acb19c661 to remote] DEBUG org.asynchttpclient.netty.request.NettyRequestSender - Using pooled Channel '[id: 0xf05716f4, L:/127.0.0.1:60047 - R:localhost/127.0.0.1:10322]' for 'POST' to 'http://localhost:10322/session/900d92dce605387727692f3acb19c661/element/09E0DED1D1A041FB6B1E3DE179FD1303_element_49/click'
20:25:01.846 [Forwarding clickElement on session 900d92dce605387727692f3acb19c661 to remote] DEBUG org.asynchttpclient.netty.request.NettyRequestSender - Using open Channel [id: 0xf05716f4, L:/127.0.0.1:60047 - R:localhost/127.0.0.1:10322] for POST '/session/900d92dce605387727692f3acb19c661/element/09E0DED1D1A041FB6B1E3DE179FD1303_element_49/click'
20:25:02.099 [AsyncHttpClient-1-17] DEBUG org.asynchttpclient.netty.handler.HttpHandler - 

Request DefaultHttpRequest(decodeResult: success, version: HTTP/1.1)
POST /session/900d92dce605387727692f3acb19c661/element/09E0DED1D1A041FB6B1E3DE179FD1303_element_49/click HTTP/1.1
User-Agent: selenium/4.8.3 (java windows)
Content-Length: 57
Content-Type: application/json; charset=utf-8
host: localhost:10322
accept: */*

Response DefaultHttpResponse(decodeResult: success, version: HTTP/1.1)
HTTP/1.1 200 OK
Content-Length: 14
Content-Type: application/json; charset=utf-8
cache-control: no-cache

20:25:02.100 [AsyncHttpClient-1-17] DEBUG org.asynchttpclient.netty.channel.ChannelManager - Adding key: http://localhost:10322 for channel [id: 0xf05716f4, L:/127.0.0.1:60047 - R:localhost/127.0.0.1:10322]
20:25:02.101 [Forwarding findElement on session 900d92dce605387727692f3acb19c661 to remote] DEBUG org.asynchttpclient.netty.request.NettyRequestSender - Using pooled Channel '[id: 0xf05716f4, L:/127.0.0.1:60047 - R:localhost/127.0.0.1:10322]' for 'POST' to 'http://localhost:10322/session/900d92dce605387727692f3acb19c661/element'
20:25:02.101 [Forwarding findElement on session 900d92dce605387727692f3acb19c661 to remote] DEBUG org.asynchttpclient.netty.request.NettyRequestSender - Using open Channel [id: 0xf05716f4, L:/127.0.0.1:60047 - R:localhost/127.0.0.1:10322] for POST '/session/900d92dce605387727692f3acb19c661/element'
20:25:02.490 [AsyncHttpClient-1-1] DEBUG org.asynchttpclient.netty.channel.DefaultChannelPool - Entry count for : http://localhost:60048 : 1
20:25:03.590 [AsyncHttpClient-1-1] DEBUG org.asynchttpclient.netty.channel.DefaultChannelPool - Entry count for : http://localhost:60048 : 1
20:25:04.690 [AsyncHttpClient-1-1] DEBUG org.asynchttpclient.netty.channel.DefaultChannelPool - Entry count for : http://localhost:60048 : 1
20:25:05.791 [AsyncHttpClient-1-1] DEBUG org.asynchttpclient.netty.channel.DefaultChannelPool - Entry count for : http://localhost:60048 : 1
20:25:06.239 [AsyncHttpClient-1-17] DEBUG org.asynchttpclient.netty.handler.HttpHandler - 

Request DefaultHttpRequest(decodeResult: success, version: HTTP/1.1)
POST /session/900d92dce605387727692f3acb19c661/element HTTP/1.1
User-Agent: selenium/4.8.3 (java windows)
Content-Length: 84
Content-Type: application/json; charset=utf-8
host: localhost:10322
accept: */*

Response DefaultHttpResponse(decodeResult: success, version: HTTP/1.1)
HTTP/1.1 404 Not Found
Content-Length: 974
Content-Type: application/json; charset=utf-8
cache-control: no-cache

20:25:06.240 [AsyncHttpClient-1-17] DEBUG org.asynchttpclient.netty.channel.ChannelManager - Adding key: http://localhost:10322 for channel [id: 0xf05716f4, L:/127.0.0.1:60047 - R:localhost/127.0.0.1:10322]
2023-06-06 20:25:06 INFO  Listeners:55 - Skipped test null
20:25:06.246 [main] ERROR com.epam.reportportal.service.Launch - Item io.reactivex.internal.operators.maybe.MaybeCache@712213ed not found in the cache
]]></system-out>
    <system-err><![CDATA[Starting ChromeDriver 114.0.5735.90 (386bc09e8f4f2e025eddae123f36f6263096ae49-refs/branch-heads/5735@{#1052}) on port 10322
Only local connections are allowed.
Please see https://chromedriver.chromium.org/security-considerations for suggestions on keeping ChromeDriver safe.
ChromeDriver was started successfully.
Jun 06, 2023 8:24:58 PM org.openqa.selenium.devtools.CdpVersionFinder findNearestMatch
WARNING: Unable to find an exact match for CDP version 114, so returning the closest version found: 111
]]></system-err>
  </testcase>
  <testcase name="searchDashboardNameDP[LAUNCHES DURATION CHART](7)" classname="alltests.uitest.coreTest.DashboardPageTest" time="4.82">
    <failure message="no such element: Unable to locate element: {&quot;method&quot;:&quot;xpath&quot;,&quot;selector&quot;:&quot;//*[text()=&apos;LAUNCHES DURATION CHART&apos;]&quot;}&#10;  (Session info: chrome=114.0.5735.110)&#10;For documentation on this error, please visit: https://selenium.dev/exceptions/#no_such_element&#10;Build info: version: &apos;4.8.3&apos;, revision: &apos;e5e76298c3&apos;&#10;System info: os.name: &apos;Windows 10&apos;, os.arch: &apos;amd64&apos;, os.version: &apos;10.0&apos;, java.version: &apos;17.0.3.1&apos;&#10;Driver info: org.openqa.selenium.chrome.ChromeDriver&#10;Command: [5605f507274db3f916e623111db99537, findElement {using=xpath, value=//*[text()=&apos;LAUNCHES DURATION CHART&apos;]}]&#10;Capabilities {acceptInsecureCerts: false, browserName: chrome, browserVersion: 114.0.5735.110, chrome: {chromedriverVersion: 114.0.5735.90 (386bc09e8f4f..., userDataDir: C:\Users\SUWARN~1\AppData\L...}, goog:chromeOptions: {debuggerAddress: localhost:60079}, networkConnectionEnabled: false, pageLoadStrategy: normal, platformName: WINDOWS, proxy: Proxy(), se:cdp: ws://localhost:60079/devtoo..., se:cdpVersion: 114.0.5735.110, setWindowRect: true, strictFileInteractability: false, timeouts: {implicit: 0, pageLoad: 300000, script: 30000}, unhandledPromptBehavior: dismiss and notify, webauthn:extension:credBlob: true, webauthn:extension:largeBlob: true, webauthn:extension:minPinLength: true, webauthn:extension:prf: true, webauthn:virtualAuthenticators: true}&#10;Session ID: 5605f507274db3f916e623111db99537" type="org.openqa.selenium.NoSuchElementException"><![CDATA[org.openqa.selenium.NoSuchElementException: 
no such element: Unable to locate element: {"method":"xpath","selector":"//*[text()='LAUNCHES DURATION CHART']"}
  (Session info: chrome=114.0.5735.110)
For documentation on this error, please visit: https://selenium.dev/exceptions/#no_such_element
Build info: version: '4.8.3', revision: 'e5e76298c3'
System info: os.name: 'Windows 10', os.arch: 'amd64', os.version: '10.0', java.version: '17.0.3.1'
Driver info: org.openqa.selenium.chrome.ChromeDriver
Command: [5605f507274db3f916e623111db99537, findElement {using=xpath, value=//*[text()='LAUNCHES DURATION CHART']}]
Capabilities {acceptInsecureCerts: false, browserName: chrome, browserVersion: 114.0.5735.110, chrome: {chromedriverVersion: 114.0.5735.90 (386bc09e8f4f..., userDataDir: C:\Users\SUWARN~1\AppData\L...}, goog:chromeOptions: {debuggerAddress: localhost:60079}, networkConnectionEnabled: false, pageLoadStrategy: normal, platformName: WINDOWS, proxy: Proxy(), se:cdp: ws://localhost:60079/devtoo..., se:cdpVersion: 114.0.5735.110, setWindowRect: true, strictFileInteractability: false, timeouts: {implicit: 0, pageLoad: 300000, script: 30000}, unhandledPromptBehavior: dismiss and notify, webauthn:extension:credBlob: true, webauthn:extension:largeBlob: true, webauthn:extension:minPinLength: true, webauthn:extension:prf: true, webauthn:virtualAuthenticators: true}
Session ID: 5605f507274db3f916e623111db99537
	at java.base/jdk.internal.reflect.NativeConstructorAccessorImpl.newInstance0(Native Method)
	at java.base/jdk.internal.reflect.NativeConstructorAccessorImpl.newInstance(NativeConstructorAccessorImpl.java:77)
	at java.base/jdk.internal.reflect.DelegatingConstructorAccessorImpl.newInstance(DelegatingConstructorAccessorImpl.java:45)
	at java.base/java.lang.reflect.Constructor.newInstanceWithCaller(Constructor.java:499)
	at java.base/java.lang.reflect.Constructor.newInstance(Constructor.java:480)
	at org.openqa.selenium.remote.codec.w3c.W3CHttpResponseCodec.createException(W3CHttpResponseCodec.java:200)
	at org.openqa.selenium.remote.codec.w3c.W3CHttpResponseCodec.decode(W3CHttpResponseCodec.java:133)
	at org.openqa.selenium.remote.codec.w3c.W3CHttpResponseCodec.decode(W3CHttpResponseCodec.java:53)
	at org.openqa.selenium.remote.HttpCommandExecutor.execute(HttpCommandExecutor.java:193)
	at org.openqa.selenium.remote.service.DriverCommandExecutor.invokeExecute(DriverCommandExecutor.java:183)
	at org.openqa.selenium.remote.service.DriverCommandExecutor.execute(DriverCommandExecutor.java:158)
	at org.openqa.selenium.remote.RemoteWebDriver.execute(RemoteWebDriver.java:543)
	at org.openqa.selenium.remote.ElementLocation$ElementFinder$2.findElement(ElementLocation.java:162)
	at org.openqa.selenium.remote.ElementLocation.findElement(ElementLocation.java:60)
	at org.openqa.selenium.remote.RemoteWebDriver.findElement(RemoteWebDriver.java:352)
	at org.openqa.selenium.remote.RemoteWebDriver.findElement(RemoteWebDriver.java:344)
	at pageobject.DemoDashboard.verifyNamesOfWidgetPresetOnDemoDashboard(DemoDashboard.java:31)
	at alltests.uitest.coreTest.DashboardPageTest.searchDashboardNameDP(DashboardPageTest.java:40)
	at java.base/jdk.internal.reflect.NativeMethodAccessorImpl.invoke0(Native Method)
	at java.base/jdk.internal.reflect.NativeMethodAccessorImpl.invoke(NativeMethodAccessorImpl.java:77)
	at java.base/jdk.internal.reflect.DelegatingMethodAccessorImpl.invoke(DelegatingMethodAccessorImpl.java:43)
	at java.base/java.lang.reflect.Method.invoke(Method.java:568)
	at org.testng.internal.invokers.MethodInvocationHelper.invokeMethod(MethodInvocationHelper.java:139)
	at org.testng.internal.invokers.TestInvoker.invokeMethod(TestInvoker.java:677)
	at org.testng.internal.invokers.TestInvoker.retryFailed(TestInvoker.java:263)
	at org.testng.internal.invokers.MethodRunner.runInSequence(MethodRunner.java:62)
	at org.testng.internal.invokers.TestInvoker$MethodInvocationAgent.invoke(TestInvoker.java:969)
	at org.testng.internal.invokers.TestInvoker.invokeTestMethods(TestInvoker.java:194)
	at org.testng.internal.invokers.TestMethodWorker.invokeTestMethods(TestMethodWorker.java:148)
	at org.testng.internal.invokers.TestMethodWorker.run(TestMethodWorker.java:128)
	at java.base/java.util.ArrayList.forEach(ArrayList.java:1511)
	at org.testng.TestRunner.privateRun(TestRunner.java:829)
	at org.testng.TestRunner.run(TestRunner.java:602)
	at org.testng.SuiteRunner.runTest(SuiteRunner.java:437)
	at org.testng.SuiteRunner.runSequentially(SuiteRunner.java:431)
	at org.testng.SuiteRunner.privateRun(SuiteRunner.java:391)
	at org.testng.SuiteRunner.run(SuiteRunner.java:330)
	at org.testng.SuiteRunnerWorker.runSuite(SuiteRunnerWorker.java:52)
	at org.testng.SuiteRunnerWorker.run(SuiteRunnerWorker.java:95)
	at org.testng.TestNG.runSuitesSequentially(TestNG.java:1256)
	at org.testng.TestNG.runSuitesLocally(TestNG.java:1176)
	at org.testng.TestNG.runSuites(TestNG.java:1099)
	at org.testng.TestNG.run(TestNG.java:1067)
	at org.apache.maven.surefire.testng.TestNGExecutor.run(TestNGExecutor.java:308)
	at org.apache.maven.surefire.testng.TestNGXmlTestSuite.execute(TestNGXmlTestSuite.java:71)
	at org.apache.maven.surefire.testng.TestNGProvider.invoke(TestNGProvider.java:113)
	at org.apache.maven.surefire.booter.ForkedBooter.runSuitesInProcess(ForkedBooter.java:385)
	at org.apache.maven.surefire.booter.ForkedBooter.execute(ForkedBooter.java:162)
	at org.apache.maven.surefire.booter.ForkedBooter.run(ForkedBooter.java:507)
	at org.apache.maven.surefire.booter.ForkedBooter.main(ForkedBooter.java:495)
]]></failure>
    <system-out><![CDATA[20:25:06.248 [rp-io-18] DEBUG com.epam.reportportal.service.Launch - Starting test item...rp-io-18
20:25:06.250 [AsyncHttpClient-1-3] DEBUG org.asynchttpclient.netty.handler.WebSocketHandler - Channel Closed: [id: 0x6fb090cc, L:/127.0.0.1:60056 ! R:localhost/127.0.0.1:60048] with attribute NettyResponseFuture{currentRetry=0,
	isDone=1,
	isCancelled=0,
	asyncHandler=org.asynchttpclient.ws.WebSocketUpgradeHandler@28b9f30b,
	nettyRequest=org.asynchttpclient.netty.request.NettyRequest@1e456ef8,
	future=java.util.concurrent.CompletableFuture@76dc8a17[Completed normally],
	uri=ws://localhost:60048/devtools/browser/9e74e0a2-dac1-4a8f-9151-1aff94d82697,
	keepAlive=true,
	redirectCount=0,
	timeoutsHolder=null,
	inAuth=0,
	touch=1686075898995}
20:25:06.250 [AsyncHttpClient-1-3] DEBUG org.asynchttpclient.netty.channel.ChannelManager - Closing Channel [id: 0x6fb090cc, L:/127.0.0.1:60056 ! R:localhost/127.0.0.1:60048] 
20:25:06.251 [Driver Command Executor] DEBUG org.asynchttpclient.netty.request.NettyRequestSender - Using pooled Channel '[id: 0xf05716f4, L:/127.0.0.1:60047 - R:localhost/127.0.0.1:10322]' for 'DELETE' to 'http://localhost:10322/session/900d92dce605387727692f3acb19c661'
20:25:06.251 [Driver Command Executor] DEBUG org.asynchttpclient.netty.request.NettyRequestSender - Using open Channel [id: 0xf05716f4, L:/127.0.0.1:60047 - R:localhost/127.0.0.1:10322] for DELETE '/session/900d92dce605387727692f3acb19c661'
20:25:06.274 [rp-io-11] DEBUG com.epam.reportportal.service.Launch - TestItem with ID = '2922ae96-66d7-40f9-a9df-188dc6ad65bd' successfully finished.
20:25:06.275 [rp-io-11] DEBUG com.epam.reportportal.utils.SubscriptionUtils - Finish test item completed
20:25:06.280 [rp-io-18] DEBUG com.epam.reportportal.service.Launch - ReportPortal item with ID '7cfe7925-069e-447f-a6ed-9bfa2fd67cb5' has been created
20:25:06.280 [rp-io-18] DEBUG com.epam.reportportal.utils.SubscriptionUtils - Start test item successfully completed
20:25:06.281 [rp-io-8] DEBUG com.epam.reportportal.service.Launch - TestItem with ID = 'b4742c2a-edc5-4e88-b5d5-e874c306254d' successfully finished.
20:25:06.281 [rp-io-8] DEBUG com.epam.reportportal.utils.SubscriptionUtils - Finish test item completed
20:25:06.352 [AsyncHttpClient-1-2] DEBUG org.asynchttpclient.netty.handler.HttpHandler - Unexpected I/O exception on channel [id: 0x3553c47e, L:/127.0.0.1:60055 - R:localhost/127.0.0.1:60048]
java.net.SocketException: Connection reset
	at java.base/sun.nio.ch.SocketChannelImpl.throwConnectionReset(SocketChannelImpl.java:394)
	at java.base/sun.nio.ch.SocketChannelImpl.read(SocketChannelImpl.java:426)
	at io.netty.buffer.PooledByteBuf.setBytes(PooledByteBuf.java:256)
	at io.netty.buffer.AbstractByteBuf.writeBytes(AbstractByteBuf.java:1132)
	at io.netty.channel.socket.nio.NioSocketChannel.doReadBytes(NioSocketChannel.java:357)
	at io.netty.channel.nio.AbstractNioByteChannel$NioByteUnsafe.read(AbstractNioByteChannel.java:151)
	at io.netty.channel.nio.NioEventLoop.processSelectedKey(NioEventLoop.java:788)
	at io.netty.channel.nio.NioEventLoop.processSelectedKeysOptimized(NioEventLoop.java:724)
	at io.netty.channel.nio.NioEventLoop.processSelectedKeys(NioEventLoop.java:650)
	at io.netty.channel.nio.NioEventLoop.run(NioEventLoop.java:562)
	at io.netty.util.concurrent.SingleThreadEventExecutor$4.run(SingleThreadEventExecutor.java:997)
	at io.netty.util.internal.ThreadExecutorMap$2.run(ThreadExecutorMap.java:74)
	at io.netty.util.concurrent.FastThreadLocalRunnable.run(FastThreadLocalRunnable.java:30)
	at java.base/java.lang.Thread.run(Thread.java:833)
20:25:06.352 [AsyncHttpClient-1-2] DEBUG org.asynchttpclient.netty.channel.ChannelManager - Closing Channel [id: 0x3553c47e, L:/127.0.0.1:60055 - R:localhost/127.0.0.1:60048] 
20:25:06.353 [AsyncHttpClient-1-2] DEBUG org.asynchttpclient.netty.handler.HttpHandler - Channel Closed: [id: 0x3553c47e, L:/127.0.0.1:60055 ! R:localhost/127.0.0.1:60048] with attribute DISCARD
20:25:06.378 [AsyncHttpClient-1-17] DEBUG org.asynchttpclient.netty.handler.HttpHandler - 

Request DefaultFullHttpRequest(decodeResult: success, version: HTTP/1.1, content: EmptyByteBufBE)
DELETE /session/900d92dce605387727692f3acb19c661 HTTP/1.1
User-Agent: selenium/4.8.3 (java windows)
Content-Type: application/json; charset=utf-8
host: localhost:10322
accept: */*

Response DefaultHttpResponse(decodeResult: success, version: HTTP/1.1)
HTTP/1.1 200 OK
Content-Length: 14
Content-Type: application/json; charset=utf-8
cache-control: no-cache

20:25:06.379 [AsyncHttpClient-1-17] DEBUG org.asynchttpclient.netty.channel.ChannelManager - Adding key: http://localhost:10322 for channel [id: 0xf05716f4, L:/127.0.0.1:60047 - R:localhost/127.0.0.1:10322]
20:25:06.427 [AsyncHttpClient-1-17] DEBUG org.asynchttpclient.netty.handler.HttpHandler - Channel Closed: [id: 0xf05716f4, L:/127.0.0.1:60047 ! R:localhost/127.0.0.1:10322] with attribute DISCARD
2023-06-06 20:25:06 INFO  BaseTest:83 - Test executed**********
20:25:06.456 [rp-io-24] DEBUG com.epam.reportportal.service.Launch - Starting test item...rp-io-24
2023-06-06 20:25:06 INFO  BaseTest:110 - Property files loaded successfully**********
20:25:06.467 [main] DEBUG io.github.bonigarcia.wdm.cache.ResolutionCache - Resolution chrome=114 in cache (valid until 21:23:55 06/06/2023 CEST)
20:25:06.467 [main] DEBUG io.github.bonigarcia.wdm.cache.ResolutionCache - Resolution chrome114=114.0.5735.90 in cache (valid until 16:16:26 07/06/2023 CEST)
20:25:06.467 [main] INFO io.github.bonigarcia.wdm.WebDriverManager - Using chromedriver 114.0.5735.90 (resolved driver for Chrome 114)
20:25:06.472 [rp-io-22] DEBUG com.epam.reportportal.service.Launch - TestItem with ID = '7cfe7925-069e-447f-a6ed-9bfa2fd67cb5' successfully finished.
20:25:06.472 [rp-io-22] DEBUG com.epam.reportportal.utils.SubscriptionUtils - Finish test item completed
20:25:06.474 [main] DEBUG io.github.bonigarcia.wdm.WebDriverManager - Driver chromedriver 114.0.5735.90 found in cache
20:25:06.475 [main] INFO io.github.bonigarcia.wdm.WebDriverManager - Exporting webdriver.chrome.driver as C:\Users\Suwarna_Wagh\.cache\selenium\chromedriver\win32\114.0.5735.90\chromedriver.exe
20:25:06.478 [rp-io-24] DEBUG com.epam.reportportal.service.Launch - ReportPortal item with ID '89fb5475-1c92-4a55-9960-93d0d9541917' has been created
20:25:06.478 [rp-io-24] DEBUG com.epam.reportportal.utils.SubscriptionUtils - Start test item successfully completed
20:25:06.676 [AsyncHttpClient-1-4] DEBUG org.asynchttpclient.netty.channel.NettyConnectListener - Using new Channel '[id: 0xf8121ac5, L:/127.0.0.1:60078 - R:localhost/127.0.0.1:8279]' for 'POST' to '/session'
20:25:06.890 [AsyncHttpClient-1-1] DEBUG org.asynchttpclient.netty.channel.DefaultChannelPool - Entry count for : http://localhost:10322 : 1
20:25:06.890 [AsyncHttpClient-1-1] DEBUG org.asynchttpclient.netty.channel.DefaultChannelPool - Entry count for : http://localhost:60048 : 1
20:25:06.891 [AsyncHttpClient-1-1] DEBUG org.asynchttpclient.netty.channel.DefaultChannelPool - Adding Candidate expired Channel [id: 0xf05716f4, L:/127.0.0.1:60047 ! R:localhost/127.0.0.1:10322] isIdleTimeoutExpired=false isRemotelyClosed=true isTtlExpired=false
20:25:06.891 [AsyncHttpClient-1-1] DEBUG org.asynchttpclient.netty.channel.DefaultChannelPool - Closing Idle Channel [id: 0xf05716f4, L:/127.0.0.1:60047 ! R:localhost/127.0.0.1:10322]
20:25:06.891 [AsyncHttpClient-1-1] DEBUG org.asynchttpclient.netty.channel.DefaultChannelPool - Adding Candidate expired Channel [id: 0x3553c47e, L:/127.0.0.1:60055 ! R:localhost/127.0.0.1:60048] isIdleTimeoutExpired=false isRemotelyClosed=true isTtlExpired=false
20:25:06.891 [AsyncHttpClient-1-1] DEBUG org.asynchttpclient.netty.channel.DefaultChannelPool - Closing Idle Channel [id: 0x3553c47e, L:/127.0.0.1:60055 ! R:localhost/127.0.0.1:60048]
20:25:06.891 [AsyncHttpClient-1-1] DEBUG org.asynchttpclient.netty.channel.DefaultChannelPool - Closed 2 connections out of 2 in 1 ms
20:25:07.388 [AsyncHttpClient-1-4] DEBUG org.asynchttpclient.netty.handler.HttpHandler - 

Request DefaultHttpRequest(decodeResult: success, version: HTTP/1.1)
POST /session HTTP/1.1
User-Agent: selenium/4.8.3 (java windows)
Content-Length: 439
Content-Type: application/json; charset=utf-8
host: localhost:8279
accept: */*

Response DefaultHttpResponse(decodeResult: success, version: HTTP/1.1)
HTTP/1.1 200 OK
Content-Length: 863
Content-Type: application/json; charset=utf-8
cache-control: no-cache

20:25:07.388 [AsyncHttpClient-1-4] DEBUG org.asynchttpclient.netty.channel.ChannelManager - Adding key: http://localhost:8279 for channel [id: 0xf8121ac5, L:/127.0.0.1:60078 - R:localhost/127.0.0.1:8279]
20:25:07.394 [AsyncHttpClient-1-5] DEBUG org.asynchttpclient.netty.channel.NettyConnectListener - Using new Channel '[id: 0x00785d8c, L:/127.0.0.1:60585 - R:localhost/127.0.0.1:60079]' for 'GET' to '/json/version'
20:25:07.395 [AsyncHttpClient-1-5] DEBUG org.asynchttpclient.netty.handler.HttpHandler - 

Request DefaultFullHttpRequest(decodeResult: success, version: HTTP/1.1, content: EmptyByteBufBE)
GET /json/version HTTP/1.1
User-Agent: selenium/4.8.3 (java windows)
host: localhost:60079
accept: */*

Response DefaultHttpResponse(decodeResult: success, version: HTTP/1.1)
HTTP/1.1 200 OK
Content-Security-Policy: frame-ancestors 'none'
Content-Length: 424
Content-Type: application/json; charset=UTF-8

20:25:07.395 [AsyncHttpClient-1-5] DEBUG org.asynchttpclient.netty.channel.ChannelManager - Adding key: http://localhost:60079 for channel [id: 0x00785d8c, L:/127.0.0.1:60585 - R:localhost/127.0.0.1:60079]
20:25:07.398 [AsyncHttpClient-1-6] DEBUG org.asynchttpclient.netty.channel.NettyConnectListener - Using new Channel '[id: 0x6e5ae83d, L:/127.0.0.1:60586 - R:localhost/127.0.0.1:60079]' for 'GET' to '/devtools/browser/5e3274ec-6be7-4514-9c7a-5810ea44e224'
20:25:07.399 [AsyncHttpClient-1-6] DEBUG org.asynchttpclient.netty.handler.WebSocketHandler - 

Request DefaultFullHttpRequest(decodeResult: success, version: HTTP/1.1, content: EmptyByteBufBE)
GET /devtools/browser/5e3274ec-6be7-4514-9c7a-5810ea44e224 HTTP/1.1
upgrade: websocket
connection: upgrade
sec-websocket-key: Z7Sp5qaK75A0z+fLKKoD3g==
sec-websocket-version: 13
origin: http://localhost:60079
host: localhost:60079
accept: */*
user-agent: AHC/2.1

Response DefaultHttpResponse(decodeResult: success, version: HTTP/1.1)
HTTP/1.1 101 WebSocket Protocol Handshake
Upgrade: WebSocket
Connection: Upgrade
Sec-WebSocket-Accept: 9MIt/+VlL2HvISqdZ/HTOjuboHM=

20:25:07.403 [Forwarding setTimeout on session 5605f507274db3f916e623111db99537 to remote] DEBUG org.asynchttpclient.netty.request.NettyRequestSender - Using pooled Channel '[id: 0xf8121ac5, L:/127.0.0.1:60078 - R:localhost/127.0.0.1:8279]' for 'POST' to 'http://localhost:8279/session/5605f507274db3f916e623111db99537/timeouts'
20:25:07.403 [Forwarding setTimeout on session 5605f507274db3f916e623111db99537 to remote] DEBUG org.asynchttpclient.netty.request.NettyRequestSender - Using open Channel [id: 0xf8121ac5, L:/127.0.0.1:60078 - R:localhost/127.0.0.1:8279] for POST '/session/5605f507274db3f916e623111db99537/timeouts'
20:25:07.404 [AsyncHttpClient-1-4] DEBUG org.asynchttpclient.netty.handler.HttpHandler - 

Request DefaultHttpRequest(decodeResult: success, version: HTTP/1.1)
POST /session/5605f507274db3f916e623111db99537/timeouts HTTP/1.1
User-Agent: selenium/4.8.3 (java windows)
Content-Length: 22
Content-Type: application/json; charset=utf-8
host: localhost:8279
accept: */*

Response DefaultHttpResponse(decodeResult: success, version: HTTP/1.1)
HTTP/1.1 200 OK
Content-Length: 14
Content-Type: application/json; charset=utf-8
cache-control: no-cache

20:25:07.405 [AsyncHttpClient-1-4] DEBUG org.asynchttpclient.netty.channel.ChannelManager - Adding key: http://localhost:8279 for channel [id: 0xf8121ac5, L:/127.0.0.1:60078 - R:localhost/127.0.0.1:8279]
20:25:07.406 [Forwarding maximizeCurrentWindow on session 5605f507274db3f916e623111db99537 to remote] DEBUG org.asynchttpclient.netty.request.NettyRequestSender - Using pooled Channel '[id: 0xf8121ac5, L:/127.0.0.1:60078 - R:localhost/127.0.0.1:8279]' for 'POST' to 'http://localhost:8279/session/5605f507274db3f916e623111db99537/window/maximize'
20:25:07.406 [Forwarding maximizeCurrentWindow on session 5605f507274db3f916e623111db99537 to remote] DEBUG org.asynchttpclient.netty.request.NettyRequestSender - Using open Channel [id: 0xf8121ac5, L:/127.0.0.1:60078 - R:localhost/127.0.0.1:8279] for POST '/session/5605f507274db3f916e623111db99537/window/maximize'
20:25:07.534 [AsyncHttpClient-1-4] DEBUG org.asynchttpclient.netty.handler.HttpHandler - 

Request DefaultHttpRequest(decodeResult: success, version: HTTP/1.1)
POST /session/5605f507274db3f916e623111db99537/window/maximize HTTP/1.1
User-Agent: selenium/4.8.3 (java windows)
Content-Length: 3
Content-Type: application/json; charset=utf-8
host: localhost:8279
accept: */*

Response DefaultHttpResponse(decodeResult: success, version: HTTP/1.1)
HTTP/1.1 200 OK
Content-Length: 51
Content-Type: application/json; charset=utf-8
cache-control: no-cache

20:25:07.534 [AsyncHttpClient-1-4] DEBUG org.asynchttpclient.netty.channel.ChannelManager - Adding key: http://localhost:8279 for channel [id: 0xf8121ac5, L:/127.0.0.1:60078 - R:localhost/127.0.0.1:8279]
20:25:07.536 [Forwarding get on session 5605f507274db3f916e623111db99537 to remote] DEBUG org.asynchttpclient.netty.request.NettyRequestSender - Using pooled Channel '[id: 0xf8121ac5, L:/127.0.0.1:60078 - R:localhost/127.0.0.1:8279]' for 'POST' to 'http://localhost:8279/session/5605f507274db3f916e623111db99537/url'
20:25:07.536 [Forwarding get on session 5605f507274db3f916e623111db99537 to remote] DEBUG org.asynchttpclient.netty.request.NettyRequestSender - Using open Channel [id: 0xf8121ac5, L:/127.0.0.1:60078 - R:localhost/127.0.0.1:8279] for POST '/session/5605f507274db3f916e623111db99537/url'
20:25:08.001 [AsyncHttpClient-1-1] DEBUG org.asynchttpclient.netty.channel.DefaultChannelPool - Entry count for : http://localhost:60079 : 1
20:25:09.091 [AsyncHttpClient-1-1] DEBUG org.asynchttpclient.netty.channel.DefaultChannelPool - Entry count for : http://localhost:60079 : 1
20:25:09.379 [AsyncHttpClient-1-4] DEBUG org.asynchttpclient.netty.handler.HttpHandler - 

Request DefaultHttpRequest(decodeResult: success, version: HTTP/1.1)
POST /session/5605f507274db3f916e623111db99537/url HTTP/1.1
User-Agent: selenium/4.8.3 (java windows)
Content-Length: 52
Content-Type: application/json; charset=utf-8
host: localhost:8279
accept: */*

Response DefaultHttpResponse(decodeResult: success, version: HTTP/1.1)
HTTP/1.1 200 OK
Content-Length: 14
Content-Type: application/json; charset=utf-8
cache-control: no-cache

20:25:09.379 [AsyncHttpClient-1-4] DEBUG org.asynchttpclient.netty.channel.ChannelManager - Adding key: http://localhost:8279 for channel [id: 0xf8121ac5, L:/127.0.0.1:60078 - R:localhost/127.0.0.1:8279]
2023-06-06 20:25:09 INFO  BaseTest:104 - Test driver set up done successfully**********
2023-06-06 20:25:09 INFO  BaseTest:122 - Logging in to portal
20:25:09.381 [Forwarding findElement on session 5605f507274db3f916e623111db99537 to remote] DEBUG org.asynchttpclient.netty.request.NettyRequestSender - Using pooled Channel '[id: 0xf8121ac5, L:/127.0.0.1:60078 - R:localhost/127.0.0.1:8279]' for 'POST' to 'http://localhost:8279/session/5605f507274db3f916e623111db99537/element'
20:25:09.381 [Forwarding findElement on session 5605f507274db3f916e623111db99537 to remote] DEBUG org.asynchttpclient.netty.request.NettyRequestSender - Using open Channel [id: 0xf8121ac5, L:/127.0.0.1:60078 - R:localhost/127.0.0.1:8279] for POST '/session/5605f507274db3f916e623111db99537/element'
20:25:09.394 [AsyncHttpClient-1-4] DEBUG org.asynchttpclient.netty.handler.HttpHandler - 

Request DefaultHttpRequest(decodeResult: success, version: HTTP/1.1)
POST /session/5605f507274db3f916e623111db99537/element HTTP/1.1
User-Agent: selenium/4.8.3 (java windows)
Content-Length: 59
Content-Type: application/json; charset=utf-8
host: localhost:8279
accept: */*

Response DefaultHttpResponse(decodeResult: success, version: HTTP/1.1)
HTTP/1.1 200 OK
Content-Length: 95
Content-Type: application/json; charset=utf-8
cache-control: no-cache

20:25:09.394 [AsyncHttpClient-1-4] DEBUG org.asynchttpclient.netty.channel.ChannelManager - Adding key: http://localhost:8279 for channel [id: 0xf8121ac5, L:/127.0.0.1:60078 - R:localhost/127.0.0.1:8279]
20:25:09.396 [Forwarding clearElement on session 5605f507274db3f916e623111db99537 to remote] DEBUG org.asynchttpclient.netty.request.NettyRequestSender - Using pooled Channel '[id: 0xf8121ac5, L:/127.0.0.1:60078 - R:localhost/127.0.0.1:8279]' for 'POST' to 'http://localhost:8279/session/5605f507274db3f916e623111db99537/element/6582D81DB19CBCCBEBBCEBB2FE8275C7_element_26/clear'
20:25:09.396 [Forwarding clearElement on session 5605f507274db3f916e623111db99537 to remote] DEBUG org.asynchttpclient.netty.request.NettyRequestSender - Using open Channel [id: 0xf8121ac5, L:/127.0.0.1:60078 - R:localhost/127.0.0.1:8279] for POST '/session/5605f507274db3f916e623111db99537/element/6582D81DB19CBCCBEBBCEBB2FE8275C7_element_26/clear'
20:25:09.439 [AsyncHttpClient-1-4] DEBUG org.asynchttpclient.netty.handler.HttpHandler - 

Request DefaultHttpRequest(decodeResult: success, version: HTTP/1.1)
POST /session/5605f507274db3f916e623111db99537/element/6582D81DB19CBCCBEBBCEBB2FE8275C7_element_26/clear HTTP/1.1
User-Agent: selenium/4.8.3 (java windows)
Content-Length: 57
Content-Type: application/json; charset=utf-8
host: localhost:8279
accept: */*

Response DefaultHttpResponse(decodeResult: success, version: HTTP/1.1)
HTTP/1.1 200 OK
Content-Length: 14
Content-Type: application/json; charset=utf-8
cache-control: no-cache

20:25:09.439 [AsyncHttpClient-1-4] DEBUG org.asynchttpclient.netty.channel.ChannelManager - Adding key: http://localhost:8279 for channel [id: 0xf8121ac5, L:/127.0.0.1:60078 - R:localhost/127.0.0.1:8279]
20:25:09.440 [Forwarding findElement on session 5605f507274db3f916e623111db99537 to remote] DEBUG org.asynchttpclient.netty.request.NettyRequestSender - Using pooled Channel '[id: 0xf8121ac5, L:/127.0.0.1:60078 - R:localhost/127.0.0.1:8279]' for 'POST' to 'http://localhost:8279/session/5605f507274db3f916e623111db99537/element'
20:25:09.440 [Forwarding findElement on session 5605f507274db3f916e623111db99537 to remote] DEBUG org.asynchttpclient.netty.request.NettyRequestSender - Using open Channel [id: 0xf8121ac5, L:/127.0.0.1:60078 - R:localhost/127.0.0.1:8279] for POST '/session/5605f507274db3f916e623111db99537/element'
20:25:09.449 [AsyncHttpClient-1-4] DEBUG org.asynchttpclient.netty.handler.HttpHandler - 

Request DefaultHttpRequest(decodeResult: success, version: HTTP/1.1)
POST /session/5605f507274db3f916e623111db99537/element HTTP/1.1
User-Agent: selenium/4.8.3 (java windows)
Content-Length: 59
Content-Type: application/json; charset=utf-8
host: localhost:8279
accept: */*

Response DefaultHttpResponse(decodeResult: success, version: HTTP/1.1)
HTTP/1.1 200 OK
Content-Length: 95
Content-Type: application/json; charset=utf-8
cache-control: no-cache

20:25:09.449 [AsyncHttpClient-1-4] DEBUG org.asynchttpclient.netty.channel.ChannelManager - Adding key: http://localhost:8279 for channel [id: 0xf8121ac5, L:/127.0.0.1:60078 - R:localhost/127.0.0.1:8279]
20:25:09.451 [Forwarding sendKeysToElement on session 5605f507274db3f916e623111db99537 to remote] DEBUG org.asynchttpclient.netty.request.NettyRequestSender - Using pooled Channel '[id: 0xf8121ac5, L:/127.0.0.1:60078 - R:localhost/127.0.0.1:8279]' for 'POST' to 'http://localhost:8279/session/5605f507274db3f916e623111db99537/element/6582D81DB19CBCCBEBBCEBB2FE8275C7_element_26/value'
20:25:09.451 [Forwarding sendKeysToElement on session 5605f507274db3f916e623111db99537 to remote] DEBUG org.asynchttpclient.netty.request.NettyRequestSender - Using open Channel [id: 0xf8121ac5, L:/127.0.0.1:60078 - R:localhost/127.0.0.1:8279] for POST '/session/5605f507274db3f916e623111db99537/element/6582D81DB19CBCCBEBBCEBB2FE8275C7_element_26/value'
20:25:09.591 [AsyncHttpClient-1-4] DEBUG org.asynchttpclient.netty.handler.HttpHandler - 

Request DefaultHttpRequest(decodeResult: success, version: HTTP/1.1)
POST /session/5605f507274db3f916e623111db99537/element/6582D81DB19CBCCBEBBCEBB2FE8275C7_element_26/value HTTP/1.1
User-Agent: selenium/4.8.3 (java windows)
Content-Length: 188
Content-Type: application/json; charset=utf-8
host: localhost:8279
accept: */*

Response DefaultHttpResponse(decodeResult: success, version: HTTP/1.1)
HTTP/1.1 200 OK
Content-Length: 14
Content-Type: application/json; charset=utf-8
cache-control: no-cache

20:25:09.591 [AsyncHttpClient-1-4] DEBUG org.asynchttpclient.netty.channel.ChannelManager - Adding key: http://localhost:8279 for channel [id: 0xf8121ac5, L:/127.0.0.1:60078 - R:localhost/127.0.0.1:8279]
20:25:09.592 [Forwarding findElement on session 5605f507274db3f916e623111db99537 to remote] DEBUG org.asynchttpclient.netty.request.NettyRequestSender - Using pooled Channel '[id: 0xf8121ac5, L:/127.0.0.1:60078 - R:localhost/127.0.0.1:8279]' for 'POST' to 'http://localhost:8279/session/5605f507274db3f916e623111db99537/element'
20:25:09.592 [Forwarding findElement on session 5605f507274db3f916e623111db99537 to remote] DEBUG org.asynchttpclient.netty.request.NettyRequestSender - Using open Channel [id: 0xf8121ac5, L:/127.0.0.1:60078 - R:localhost/127.0.0.1:8279] for POST '/session/5605f507274db3f916e623111db99537/element'
20:25:09.608 [AsyncHttpClient-1-4] DEBUG org.asynchttpclient.netty.handler.HttpHandler - 

Request DefaultHttpRequest(decodeResult: success, version: HTTP/1.1)
POST /session/5605f507274db3f916e623111db99537/element HTTP/1.1
User-Agent: selenium/4.8.3 (java windows)
Content-Length: 62
Content-Type: application/json; charset=utf-8
host: localhost:8279
accept: */*

Response DefaultHttpResponse(decodeResult: success, version: HTTP/1.1)
HTTP/1.1 200 OK
Content-Length: 95
Content-Type: application/json; charset=utf-8
cache-control: no-cache

20:25:09.608 [AsyncHttpClient-1-4] DEBUG org.asynchttpclient.netty.channel.ChannelManager - Adding key: http://localhost:8279 for channel [id: 0xf8121ac5, L:/127.0.0.1:60078 - R:localhost/127.0.0.1:8279]
20:25:09.609 [Forwarding clearElement on session 5605f507274db3f916e623111db99537 to remote] DEBUG org.asynchttpclient.netty.request.NettyRequestSender - Using pooled Channel '[id: 0xf8121ac5, L:/127.0.0.1:60078 - R:localhost/127.0.0.1:8279]' for 'POST' to 'http://localhost:8279/session/5605f507274db3f916e623111db99537/element/6582D81DB19CBCCBEBBCEBB2FE8275C7_element_31/clear'
20:25:09.609 [Forwarding clearElement on session 5605f507274db3f916e623111db99537 to remote] DEBUG org.asynchttpclient.netty.request.NettyRequestSender - Using open Channel [id: 0xf8121ac5, L:/127.0.0.1:60078 - R:localhost/127.0.0.1:8279] for POST '/session/5605f507274db3f916e623111db99537/element/6582D81DB19CBCCBEBBCEBB2FE8275C7_element_31/clear'
20:25:09.641 [AsyncHttpClient-1-4] DEBUG org.asynchttpclient.netty.handler.HttpHandler - 

Request DefaultHttpRequest(decodeResult: success, version: HTTP/1.1)
POST /session/5605f507274db3f916e623111db99537/element/6582D81DB19CBCCBEBBCEBB2FE8275C7_element_31/clear HTTP/1.1
User-Agent: selenium/4.8.3 (java windows)
Content-Length: 57
Content-Type: application/json; charset=utf-8
host: localhost:8279
accept: */*

Response DefaultHttpResponse(decodeResult: success, version: HTTP/1.1)
HTTP/1.1 200 OK
Content-Length: 14
Content-Type: application/json; charset=utf-8
cache-control: no-cache

20:25:09.643 [AsyncHttpClient-1-4] DEBUG org.asynchttpclient.netty.channel.ChannelManager - Adding key: http://localhost:8279 for channel [id: 0xf8121ac5, L:/127.0.0.1:60078 - R:localhost/127.0.0.1:8279]
20:25:09.644 [Forwarding findElement on session 5605f507274db3f916e623111db99537 to remote] DEBUG org.asynchttpclient.netty.request.NettyRequestSender - Using pooled Channel '[id: 0xf8121ac5, L:/127.0.0.1:60078 - R:localhost/127.0.0.1:8279]' for 'POST' to 'http://localhost:8279/session/5605f507274db3f916e623111db99537/element'
20:25:09.644 [Forwarding findElement on session 5605f507274db3f916e623111db99537 to remote] DEBUG org.asynchttpclient.netty.request.NettyRequestSender - Using open Channel [id: 0xf8121ac5, L:/127.0.0.1:60078 - R:localhost/127.0.0.1:8279] for POST '/session/5605f507274db3f916e623111db99537/element'
20:25:09.653 [AsyncHttpClient-1-4] DEBUG org.asynchttpclient.netty.handler.HttpHandler - 

Request DefaultHttpRequest(decodeResult: success, version: HTTP/1.1)
POST /session/5605f507274db3f916e623111db99537/element HTTP/1.1
User-Agent: selenium/4.8.3 (java windows)
Content-Length: 62
Content-Type: application/json; charset=utf-8
host: localhost:8279
accept: */*

Response DefaultHttpResponse(decodeResult: success, version: HTTP/1.1)
HTTP/1.1 200 OK
Content-Length: 95
Content-Type: application/json; charset=utf-8
cache-control: no-cache

20:25:09.653 [AsyncHttpClient-1-4] DEBUG org.asynchttpclient.netty.channel.ChannelManager - Adding key: http://localhost:8279 for channel [id: 0xf8121ac5, L:/127.0.0.1:60078 - R:localhost/127.0.0.1:8279]
20:25:09.655 [Forwarding sendKeysToElement on session 5605f507274db3f916e623111db99537 to remote] DEBUG org.asynchttpclient.netty.request.NettyRequestSender - Using pooled Channel '[id: 0xf8121ac5, L:/127.0.0.1:60078 - R:localhost/127.0.0.1:8279]' for 'POST' to 'http://localhost:8279/session/5605f507274db3f916e623111db99537/element/6582D81DB19CBCCBEBBCEBB2FE8275C7_element_31/value'
20:25:09.655 [Forwarding sendKeysToElement on session 5605f507274db3f916e623111db99537 to remote] DEBUG org.asynchttpclient.netty.request.NettyRequestSender - Using open Channel [id: 0xf8121ac5, L:/127.0.0.1:60078 - R:localhost/127.0.0.1:8279] for POST '/session/5605f507274db3f916e623111db99537/element/6582D81DB19CBCCBEBBCEBB2FE8275C7_element_31/value'
20:25:09.747 [AsyncHttpClient-1-4] DEBUG org.asynchttpclient.netty.handler.HttpHandler - 

Request DefaultHttpRequest(decodeResult: success, version: HTTP/1.1)
POST /session/5605f507274db3f916e623111db99537/element/6582D81DB19CBCCBEBBCEBB2FE8275C7_element_31/value HTTP/1.1
User-Agent: selenium/4.8.3 (java windows)
Content-Length: 148
Content-Type: application/json; charset=utf-8
host: localhost:8279
accept: */*

Response DefaultHttpResponse(decodeResult: success, version: HTTP/1.1)
HTTP/1.1 200 OK
Content-Length: 14
Content-Type: application/json; charset=utf-8
cache-control: no-cache

20:25:09.747 [AsyncHttpClient-1-4] DEBUG org.asynchttpclient.netty.channel.ChannelManager - Adding key: http://localhost:8279 for channel [id: 0xf8121ac5, L:/127.0.0.1:60078 - R:localhost/127.0.0.1:8279]
20:25:09.748 [Forwarding findElement on session 5605f507274db3f916e623111db99537 to remote] DEBUG org.asynchttpclient.netty.request.NettyRequestSender - Using pooled Channel '[id: 0xf8121ac5, L:/127.0.0.1:60078 - R:localhost/127.0.0.1:8279]' for 'POST' to 'http://localhost:8279/session/5605f507274db3f916e623111db99537/element'
20:25:09.748 [Forwarding findElement on session 5605f507274db3f916e623111db99537 to remote] DEBUG org.asynchttpclient.netty.request.NettyRequestSender - Using open Channel [id: 0xf8121ac5, L:/127.0.0.1:60078 - R:localhost/127.0.0.1:8279] for POST '/session/5605f507274db3f916e623111db99537/element'
20:25:09.763 [AsyncHttpClient-1-4] DEBUG org.asynchttpclient.netty.handler.HttpHandler - 

Request DefaultHttpRequest(decodeResult: success, version: HTTP/1.1)
POST /session/5605f507274db3f916e623111db99537/element HTTP/1.1
User-Agent: selenium/4.8.3 (java windows)
Content-Length: 71
Content-Type: application/json; charset=utf-8
host: localhost:8279
accept: */*

Response DefaultHttpResponse(decodeResult: success, version: HTTP/1.1)
HTTP/1.1 200 OK
Content-Length: 95
Content-Type: application/json; charset=utf-8
cache-control: no-cache

20:25:09.763 [AsyncHttpClient-1-4] DEBUG org.asynchttpclient.netty.channel.ChannelManager - Adding key: http://localhost:8279 for channel [id: 0xf8121ac5, L:/127.0.0.1:60078 - R:localhost/127.0.0.1:8279]
20:25:09.764 [Forwarding clickElement on session 5605f507274db3f916e623111db99537 to remote] DEBUG org.asynchttpclient.netty.request.NettyRequestSender - Using pooled Channel '[id: 0xf8121ac5, L:/127.0.0.1:60078 - R:localhost/127.0.0.1:8279]' for 'POST' to 'http://localhost:8279/session/5605f507274db3f916e623111db99537/element/6582D81DB19CBCCBEBBCEBB2FE8275C7_element_32/click'
20:25:09.764 [Forwarding clickElement on session 5605f507274db3f916e623111db99537 to remote] DEBUG org.asynchttpclient.netty.request.NettyRequestSender - Using open Channel [id: 0xf8121ac5, L:/127.0.0.1:60078 - R:localhost/127.0.0.1:8279] for POST '/session/5605f507274db3f916e623111db99537/element/6582D81DB19CBCCBEBBCEBB2FE8275C7_element_32/click'
20:25:09.819 [AsyncHttpClient-1-4] DEBUG org.asynchttpclient.netty.handler.HttpHandler - 

Request DefaultHttpRequest(decodeResult: success, version: HTTP/1.1)
POST /session/5605f507274db3f916e623111db99537/element/6582D81DB19CBCCBEBBCEBB2FE8275C7_element_32/click HTTP/1.1
User-Agent: selenium/4.8.3 (java windows)
Content-Length: 57
Content-Type: application/json; charset=utf-8
host: localhost:8279
accept: */*

Response DefaultHttpResponse(decodeResult: success, version: HTTP/1.1)
HTTP/1.1 200 OK
Content-Length: 14
Content-Type: application/json; charset=utf-8
cache-control: no-cache

20:25:09.819 [AsyncHttpClient-1-4] DEBUG org.asynchttpclient.netty.channel.ChannelManager - Adding key: http://localhost:8279 for channel [id: 0xf8121ac5, L:/127.0.0.1:60078 - R:localhost/127.0.0.1:8279]
2023-06-06 20:25:09 INFO  BaseTest:126 - Logged in
20:25:09.821 [rp-io-30] DEBUG com.epam.reportportal.service.Launch - Starting test item...rp-io-30
2023-06-06 20:25:09 INFO  Listeners:34 - Started Test null
20:25:09.822 [Forwarding findElement on session 5605f507274db3f916e623111db99537 to remote] DEBUG org.asynchttpclient.netty.request.NettyRequestSender - Using pooled Channel '[id: 0xf8121ac5, L:/127.0.0.1:60078 - R:localhost/127.0.0.1:8279]' for 'POST' to 'http://localhost:8279/session/5605f507274db3f916e623111db99537/element'
20:25:09.823 [Forwarding findElement on session 5605f507274db3f916e623111db99537 to remote] DEBUG org.asynchttpclient.netty.request.NettyRequestSender - Using open Channel [id: 0xf8121ac5, L:/127.0.0.1:60078 - R:localhost/127.0.0.1:8279] for POST '/session/5605f507274db3f916e623111db99537/element'
20:25:09.845 [rp-io-29] DEBUG com.epam.reportportal.service.Launch - TestItem with ID = '89fb5475-1c92-4a55-9960-93d0d9541917' successfully finished.
20:25:09.845 [rp-io-29] DEBUG com.epam.reportportal.utils.SubscriptionUtils - Finish test item completed
20:25:09.851 [rp-io-30] DEBUG com.epam.reportportal.service.Launch - ReportPortal item with ID 'e6a6de51-85a9-4288-834e-cc088241a311' has been created
20:25:09.851 [rp-io-30] DEBUG com.epam.reportportal.utils.SubscriptionUtils - Start test item successfully completed
20:25:10.190 [AsyncHttpClient-1-1] DEBUG org.asynchttpclient.netty.channel.DefaultChannelPool - Entry count for : http://localhost:60079 : 1
20:25:10.262 [AsyncHttpClient-1-4] DEBUG org.asynchttpclient.netty.handler.HttpHandler - 

Request DefaultHttpRequest(decodeResult: success, version: HTTP/1.1)
POST /session/5605f507274db3f916e623111db99537/element HTTP/1.1
User-Agent: selenium/4.8.3 (java windows)
Content-Length: 168
Content-Type: application/json; charset=utf-8
host: localhost:8279
accept: */*

Response DefaultHttpResponse(decodeResult: success, version: HTTP/1.1)
HTTP/1.1 200 OK
Content-Length: 95
Content-Type: application/json; charset=utf-8
cache-control: no-cache

20:25:10.262 [AsyncHttpClient-1-4] DEBUG org.asynchttpclient.netty.channel.ChannelManager - Adding key: http://localhost:8279 for channel [id: 0xf8121ac5, L:/127.0.0.1:60078 - R:localhost/127.0.0.1:8279]
20:25:10.263 [Forwarding clickElement on session 5605f507274db3f916e623111db99537 to remote] DEBUG org.asynchttpclient.netty.request.NettyRequestSender - Using pooled Channel '[id: 0xf8121ac5, L:/127.0.0.1:60078 - R:localhost/127.0.0.1:8279]' for 'POST' to 'http://localhost:8279/session/5605f507274db3f916e623111db99537/element/6582D81DB19CBCCBEBBCEBB2FE8275C7_element_39/click'
20:25:10.263 [Forwarding clickElement on session 5605f507274db3f916e623111db99537 to remote] DEBUG org.asynchttpclient.netty.request.NettyRequestSender - Using open Channel [id: 0xf8121ac5, L:/127.0.0.1:60078 - R:localhost/127.0.0.1:8279] for POST '/session/5605f507274db3f916e623111db99537/element/6582D81DB19CBCCBEBBCEBB2FE8275C7_element_39/click'
20:25:10.595 [AsyncHttpClient-1-4] DEBUG org.asynchttpclient.netty.handler.HttpHandler - 

Request DefaultHttpRequest(decodeResult: success, version: HTTP/1.1)
POST /session/5605f507274db3f916e623111db99537/element/6582D81DB19CBCCBEBBCEBB2FE8275C7_element_39/click HTTP/1.1
User-Agent: selenium/4.8.3 (java windows)
Content-Length: 57
Content-Type: application/json; charset=utf-8
host: localhost:8279
accept: */*

Response DefaultHttpResponse(decodeResult: success, version: HTTP/1.1)
HTTP/1.1 200 OK
Content-Length: 14
Content-Type: application/json; charset=utf-8
cache-control: no-cache

20:25:10.595 [AsyncHttpClient-1-4] DEBUG org.asynchttpclient.netty.channel.ChannelManager - Adding key: http://localhost:8279 for channel [id: 0xf8121ac5, L:/127.0.0.1:60078 - R:localhost/127.0.0.1:8279]
20:25:10.597 [Forwarding findElement on session 5605f507274db3f916e623111db99537 to remote] DEBUG org.asynchttpclient.netty.request.NettyRequestSender - Using pooled Channel '[id: 0xf8121ac5, L:/127.0.0.1:60078 - R:localhost/127.0.0.1:8279]' for 'POST' to 'http://localhost:8279/session/5605f507274db3f916e623111db99537/element'
20:25:10.597 [Forwarding findElement on session 5605f507274db3f916e623111db99537 to remote] DEBUG org.asynchttpclient.netty.request.NettyRequestSender - Using open Channel [id: 0xf8121ac5, L:/127.0.0.1:60078 - R:localhost/127.0.0.1:8279] for POST '/session/5605f507274db3f916e623111db99537/element'
20:25:11.290 [AsyncHttpClient-1-1] DEBUG org.asynchttpclient.netty.channel.DefaultChannelPool - Entry count for : http://localhost:60079 : 1
20:25:12.390 [AsyncHttpClient-1-1] DEBUG org.asynchttpclient.netty.channel.DefaultChannelPool - Entry count for : http://localhost:60079 : 1
20:25:13.489 [AsyncHttpClient-1-1] DEBUG org.asynchttpclient.netty.channel.DefaultChannelPool - Entry count for : http://localhost:60079 : 1
20:25:14.590 [AsyncHttpClient-1-1] DEBUG org.asynchttpclient.netty.channel.DefaultChannelPool - Entry count for : http://localhost:60079 : 1
20:25:14.628 [AsyncHttpClient-1-4] DEBUG org.asynchttpclient.netty.handler.HttpHandler - 

Request DefaultHttpRequest(decodeResult: success, version: HTTP/1.1)
POST /session/5605f507274db3f916e623111db99537/element HTTP/1.1
User-Agent: selenium/4.8.3 (java windows)
Content-Length: 84
Content-Type: application/json; charset=utf-8
host: localhost:8279
accept: */*

Response DefaultHttpResponse(decodeResult: success, version: HTTP/1.1)
HTTP/1.1 404 Not Found
Content-Length: 974
Content-Type: application/json; charset=utf-8
cache-control: no-cache

20:25:14.628 [AsyncHttpClient-1-4] DEBUG org.asynchttpclient.netty.channel.ChannelManager - Adding key: http://localhost:8279 for channel [id: 0xf8121ac5, L:/127.0.0.1:60078 - R:localhost/127.0.0.1:8279]
2023-06-06 20:25:14 INFO  Listeners:42 - Failed Test null
]]></system-out>
    <system-err><![CDATA[Starting ChromeDriver 114.0.5735.90 (386bc09e8f4f2e025eddae123f36f6263096ae49-refs/branch-heads/5735@{#1052}) on port 8279
Only local connections are allowed.
Please see https://chromedriver.chromium.org/security-considerations for suggestions on keeping ChromeDriver safe.
ChromeDriver was started successfully.
Jun 06, 2023 8:25:07 PM org.openqa.selenium.devtools.CdpVersionFinder findNearestMatch
WARNING: Unable to find an exact match for CDP version 114, so returning the closest version found: 111
]]></system-err>
  </testcase>
  <testcase name="searchDashboardNameDP[OVERALL STATISTICS DONUT](8)" classname="alltests.uitest.coreTest.DashboardPageTest" time="1.504">
    <system-out><![CDATA[20:25:14.651 [rp-io-36] DEBUG com.epam.reportportal.service.Launch - Starting test item...rp-io-36
20:25:14.671 [Forwarding screenshot on session 5605f507274db3f916e623111db99537 to remote] DEBUG org.asynchttpclient.netty.request.NettyRequestSender - Using pooled Channel '[id: 0xf8121ac5, L:/127.0.0.1:60078 - R:localhost/127.0.0.1:8279]' for 'GET' to 'http://localhost:8279/session/5605f507274db3f916e623111db99537/screenshot'
20:25:14.671 [Forwarding screenshot on session 5605f507274db3f916e623111db99537 to remote] DEBUG org.asynchttpclient.netty.request.NettyRequestSender - Using open Channel [id: 0xf8121ac5, L:/127.0.0.1:60078 - R:localhost/127.0.0.1:8279] for GET '/session/5605f507274db3f916e623111db99537/screenshot'
20:25:14.676 [rp-io-36] DEBUG com.epam.reportportal.service.Launch - ReportPortal item with ID '4e3da2e1-f833-47e7-b895-fc138bc6938a' has been created
20:25:14.676 [rp-io-36] DEBUG com.epam.reportportal.utils.SubscriptionUtils - Start test item successfully completed
20:25:14.680 [rp-io-33] DEBUG com.epam.reportportal.service.Launch - TestItem with ID = 'e6a6de51-85a9-4288-834e-cc088241a311' successfully finished.
20:25:14.680 [rp-io-33] DEBUG com.epam.reportportal.utils.SubscriptionUtils - Finish test item completed
20:25:14.787 [AsyncHttpClient-1-4] DEBUG org.asynchttpclient.netty.handler.HttpHandler - 

Request DefaultFullHttpRequest(decodeResult: success, version: HTTP/1.1, content: EmptyByteBufBE)
GET /session/5605f507274db3f916e623111db99537/screenshot HTTP/1.1
User-Agent: selenium/4.8.3 (java windows)
Cache-Control: no-cache
Content-Type: application/json; charset=utf-8
host: localhost:8279
accept: */*

Response DefaultHttpResponse(decodeResult: success, version: HTTP/1.1)
HTTP/1.1 200 OK
Content-Length: 84196
Content-Type: application/json; charset=utf-8
cache-control: no-cache

20:25:14.789 [AsyncHttpClient-1-4] DEBUG org.asynchttpclient.netty.channel.ChannelManager - Adding key: http://localhost:8279 for channel [id: 0xf8121ac5, L:/127.0.0.1:60078 - R:localhost/127.0.0.1:8279]
20:25:14.805 [AsyncHttpClient-1-6] DEBUG org.asynchttpclient.netty.handler.WebSocketHandler - Channel Closed: [id: 0x6e5ae83d, L:/127.0.0.1:60586 ! R:localhost/127.0.0.1:60079] with attribute NettyResponseFuture{currentRetry=0,
	isDone=1,
	isCancelled=0,
	asyncHandler=org.asynchttpclient.ws.WebSocketUpgradeHandler@3470aa2,
	nettyRequest=org.asynchttpclient.netty.request.NettyRequest@1b21d483,
	future=java.util.concurrent.CompletableFuture@521087b5[Completed normally],
	uri=ws://localhost:60079/devtools/browser/5e3274ec-6be7-4514-9c7a-5810ea44e224,
	keepAlive=true,
	redirectCount=0,
	timeoutsHolder=null,
	inAuth=0,
	touch=1686075907399}
20:25:14.805 [AsyncHttpClient-1-6] DEBUG org.asynchttpclient.netty.channel.ChannelManager - Closing Channel [id: 0x6e5ae83d, L:/127.0.0.1:60586 ! R:localhost/127.0.0.1:60079] 
20:25:14.805 [Driver Command Executor] DEBUG org.asynchttpclient.netty.request.NettyRequestSender - Using pooled Channel '[id: 0xf8121ac5, L:/127.0.0.1:60078 - R:localhost/127.0.0.1:8279]' for 'DELETE' to 'http://localhost:8279/session/5605f507274db3f916e623111db99537'
20:25:14.805 [Driver Command Executor] DEBUG org.asynchttpclient.netty.request.NettyRequestSender - Using open Channel [id: 0xf8121ac5, L:/127.0.0.1:60078 - R:localhost/127.0.0.1:8279] for DELETE '/session/5605f507274db3f916e623111db99537'
20:25:14.865 [AsyncHttpClient-1-5] DEBUG org.asynchttpclient.netty.handler.HttpHandler - Unexpected I/O exception on channel [id: 0x00785d8c, L:/127.0.0.1:60585 - R:localhost/127.0.0.1:60079]
java.net.SocketException: Connection reset
	at java.base/sun.nio.ch.SocketChannelImpl.throwConnectionReset(SocketChannelImpl.java:394)
	at java.base/sun.nio.ch.SocketChannelImpl.read(SocketChannelImpl.java:426)
	at io.netty.buffer.PooledByteBuf.setBytes(PooledByteBuf.java:256)
	at io.netty.buffer.AbstractByteBuf.writeBytes(AbstractByteBuf.java:1132)
	at io.netty.channel.socket.nio.NioSocketChannel.doReadBytes(NioSocketChannel.java:357)
	at io.netty.channel.nio.AbstractNioByteChannel$NioByteUnsafe.read(AbstractNioByteChannel.java:151)
	at io.netty.channel.nio.NioEventLoop.processSelectedKey(NioEventLoop.java:788)
	at io.netty.channel.nio.NioEventLoop.processSelectedKeysOptimized(NioEventLoop.java:724)
	at io.netty.channel.nio.NioEventLoop.processSelectedKeys(NioEventLoop.java:650)
	at io.netty.channel.nio.NioEventLoop.run(NioEventLoop.java:562)
	at io.netty.util.concurrent.SingleThreadEventExecutor$4.run(SingleThreadEventExecutor.java:997)
	at io.netty.util.internal.ThreadExecutorMap$2.run(ThreadExecutorMap.java:74)
	at io.netty.util.concurrent.FastThreadLocalRunnable.run(FastThreadLocalRunnable.java:30)
	at java.base/java.lang.Thread.run(Thread.java:833)
20:25:14.866 [AsyncHttpClient-1-5] DEBUG org.asynchttpclient.netty.channel.ChannelManager - Closing Channel [id: 0x00785d8c, L:/127.0.0.1:60585 - R:localhost/127.0.0.1:60079] 
20:25:14.866 [AsyncHttpClient-1-5] DEBUG org.asynchttpclient.netty.handler.HttpHandler - Channel Closed: [id: 0x00785d8c, L:/127.0.0.1:60585 ! R:localhost/127.0.0.1:60079] with attribute DISCARD
20:25:14.884 [AsyncHttpClient-1-4] DEBUG org.asynchttpclient.netty.handler.HttpHandler - 

Request DefaultFullHttpRequest(decodeResult: success, version: HTTP/1.1, content: EmptyByteBufBE)
DELETE /session/5605f507274db3f916e623111db99537 HTTP/1.1
User-Agent: selenium/4.8.3 (java windows)
Content-Type: application/json; charset=utf-8
host: localhost:8279
accept: */*

Response DefaultHttpResponse(decodeResult: success, version: HTTP/1.1)
HTTP/1.1 200 OK
Content-Length: 14
Content-Type: application/json; charset=utf-8
cache-control: no-cache

20:25:14.885 [AsyncHttpClient-1-4] DEBUG org.asynchttpclient.netty.channel.ChannelManager - Adding key: http://localhost:8279 for channel [id: 0xf8121ac5, L:/127.0.0.1:60078 - R:localhost/127.0.0.1:8279]
20:25:14.942 [AsyncHttpClient-1-4] DEBUG org.asynchttpclient.netty.handler.HttpHandler - Channel Closed: [id: 0xf8121ac5, L:/127.0.0.1:60078 ! R:localhost/127.0.0.1:8279] with attribute DISCARD
2023-06-06 20:25:14 INFO  BaseTest:83 - Test executed**********
20:25:14.974 [rp-io-43] DEBUG com.epam.reportportal.service.Launch - Starting test item...rp-io-43
2023-06-06 20:25:14 INFO  BaseTest:110 - Property files loaded successfully**********
20:25:14.984 [main] DEBUG io.github.bonigarcia.wdm.cache.ResolutionCache - Resolution chrome=114 in cache (valid until 21:23:55 06/06/2023 CEST)
20:25:14.984 [main] DEBUG io.github.bonigarcia.wdm.cache.ResolutionCache - Resolution chrome114=114.0.5735.90 in cache (valid until 16:16:26 07/06/2023 CEST)
20:25:14.985 [main] INFO io.github.bonigarcia.wdm.WebDriverManager - Using chromedriver 114.0.5735.90 (resolved driver for Chrome 114)
20:25:14.989 [rp-io-38] DEBUG com.epam.reportportal.service.Launch - TestItem with ID = '4e3da2e1-f833-47e7-b895-fc138bc6938a' successfully finished.
20:25:14.989 [rp-io-38] DEBUG com.epam.reportportal.utils.SubscriptionUtils - Finish test item completed
20:25:14.995 [rp-io-43] DEBUG com.epam.reportportal.service.Launch - ReportPortal item with ID 'f85a4b81-1a69-4c4c-a808-2a5812f5faa2' has been created
20:25:14.995 [rp-io-43] DEBUG com.epam.reportportal.utils.SubscriptionUtils - Start test item successfully completed
20:25:14.995 [main] DEBUG io.github.bonigarcia.wdm.WebDriverManager - Driver chromedriver 114.0.5735.90 found in cache
20:25:14.996 [main] INFO io.github.bonigarcia.wdm.WebDriverManager - Exporting webdriver.chrome.driver as C:\Users\Suwarna_Wagh\.cache\selenium\chromedriver\win32\114.0.5735.90\chromedriver.exe
20:25:15.274 [AsyncHttpClient-1-7] DEBUG org.asynchttpclient.netty.channel.NettyConnectListener - Using new Channel '[id: 0x6a59ad5e, L:/127.0.0.1:60613 - R:localhost/127.0.0.1:39112]' for 'POST' to '/session'
20:25:15.699 [AsyncHttpClient-1-1] DEBUG org.asynchttpclient.netty.channel.DefaultChannelPool - Entry count for : http://localhost:60079 : 1
20:25:15.699 [AsyncHttpClient-1-1] DEBUG org.asynchttpclient.netty.channel.DefaultChannelPool - Entry count for : http://localhost:8279 : 1
20:25:15.699 [AsyncHttpClient-1-1] DEBUG org.asynchttpclient.netty.channel.DefaultChannelPool - Adding Candidate expired Channel [id: 0x00785d8c, L:/127.0.0.1:60585 ! R:localhost/127.0.0.1:60079] isIdleTimeoutExpired=false isRemotelyClosed=true isTtlExpired=false
20:25:15.700 [AsyncHttpClient-1-1] DEBUG org.asynchttpclient.netty.channel.DefaultChannelPool - Closing Idle Channel [id: 0x00785d8c, L:/127.0.0.1:60585 ! R:localhost/127.0.0.1:60079]
20:25:15.700 [AsyncHttpClient-1-1] DEBUG org.asynchttpclient.netty.channel.DefaultChannelPool - Adding Candidate expired Channel [id: 0xf8121ac5, L:/127.0.0.1:60078 ! R:localhost/127.0.0.1:8279] isIdleTimeoutExpired=false isRemotelyClosed=true isTtlExpired=false
20:25:15.700 [AsyncHttpClient-1-1] DEBUG org.asynchttpclient.netty.channel.DefaultChannelPool - Closing Idle Channel [id: 0xf8121ac5, L:/127.0.0.1:60078 ! R:localhost/127.0.0.1:8279]
20:25:15.700 [AsyncHttpClient-1-1] DEBUG org.asynchttpclient.netty.channel.DefaultChannelPool - Closed 2 connections out of 2 in 1 ms
20:25:16.579 [AsyncHttpClient-1-7] DEBUG org.asynchttpclient.netty.handler.HttpHandler - 

Request DefaultHttpRequest(decodeResult: success, version: HTTP/1.1)
POST /session HTTP/1.1
User-Agent: selenium/4.8.3 (java windows)
Content-Length: 439
Content-Type: application/json; charset=utf-8
host: localhost:39112
accept: */*

Response DefaultHttpResponse(decodeResult: success, version: HTTP/1.1)
HTTP/1.1 200 OK
Content-Length: 864
Content-Type: application/json; charset=utf-8
cache-control: no-cache

20:25:16.580 [AsyncHttpClient-1-7] DEBUG org.asynchttpclient.netty.channel.ChannelManager - Adding key: http://localhost:39112 for channel [id: 0x6a59ad5e, L:/127.0.0.1:60613 - R:localhost/127.0.0.1:39112]
20:25:16.588 [AsyncHttpClient-1-8] DEBUG org.asynchttpclient.netty.channel.NettyConnectListener - Using new Channel '[id: 0x420ee3c4, L:/127.0.0.1:60621 - R:localhost/127.0.0.1:60614]' for 'GET' to '/json/version'
20:25:16.589 [AsyncHttpClient-1-8] DEBUG org.asynchttpclient.netty.handler.HttpHandler - 

Request DefaultFullHttpRequest(decodeResult: success, version: HTTP/1.1, content: EmptyByteBufBE)
GET /json/version HTTP/1.1
User-Agent: selenium/4.8.3 (java windows)
host: localhost:60614
accept: */*

Response DefaultHttpResponse(decodeResult: success, version: HTTP/1.1)
HTTP/1.1 200 OK
Content-Security-Policy: frame-ancestors 'none'
Content-Length: 424
Content-Type: application/json; charset=UTF-8

20:25:16.590 [AsyncHttpClient-1-8] DEBUG org.asynchttpclient.netty.channel.ChannelManager - Adding key: http://localhost:60614 for channel [id: 0x420ee3c4, L:/127.0.0.1:60621 - R:localhost/127.0.0.1:60614]
20:25:16.592 [AsyncHttpClient-1-9] DEBUG org.asynchttpclient.netty.channel.NettyConnectListener - Using new Channel '[id: 0x0d05b2d7, L:/127.0.0.1:60622 - R:localhost/127.0.0.1:60614]' for 'GET' to '/devtools/browser/798f37e4-ee5e-46d3-9c07-b2b6f4e61728'
20:25:16.593 [AsyncHttpClient-1-9] DEBUG org.asynchttpclient.netty.handler.WebSocketHandler - 

Request DefaultFullHttpRequest(decodeResult: success, version: HTTP/1.1, content: EmptyByteBufBE)
GET /devtools/browser/798f37e4-ee5e-46d3-9c07-b2b6f4e61728 HTTP/1.1
upgrade: websocket
connection: upgrade
sec-websocket-key: PWgDi5LR1PPPXptgY+m38A==
sec-websocket-version: 13
origin: http://localhost:60614
host: localhost:60614
accept: */*
user-agent: AHC/2.1

Response DefaultHttpResponse(decodeResult: success, version: HTTP/1.1)
HTTP/1.1 101 WebSocket Protocol Handshake
Upgrade: WebSocket
Connection: Upgrade
Sec-WebSocket-Accept: QTeNKcz/C+NT9xqaDuMGlqOhEnI=

20:25:16.600 [Forwarding setTimeout on session 3354bf5f0e19938a9a88f97f906d90d0 to remote] DEBUG org.asynchttpclient.netty.request.NettyRequestSender - Using pooled Channel '[id: 0x6a59ad5e, L:/127.0.0.1:60613 - R:localhost/127.0.0.1:39112]' for 'POST' to 'http://localhost:39112/session/3354bf5f0e19938a9a88f97f906d90d0/timeouts'
20:25:16.600 [Forwarding setTimeout on session 3354bf5f0e19938a9a88f97f906d90d0 to remote] DEBUG org.asynchttpclient.netty.request.NettyRequestSender - Using open Channel [id: 0x6a59ad5e, L:/127.0.0.1:60613 - R:localhost/127.0.0.1:39112] for POST '/session/3354bf5f0e19938a9a88f97f906d90d0/timeouts'
20:25:16.601 [AsyncHttpClient-1-7] DEBUG org.asynchttpclient.netty.handler.HttpHandler - 

Request DefaultHttpRequest(decodeResult: success, version: HTTP/1.1)
POST /session/3354bf5f0e19938a9a88f97f906d90d0/timeouts HTTP/1.1
User-Agent: selenium/4.8.3 (java windows)
Content-Length: 22
Content-Type: application/json; charset=utf-8
host: localhost:39112
accept: */*

Response DefaultHttpResponse(decodeResult: success, version: HTTP/1.1)
HTTP/1.1 200 OK
Content-Length: 14
Content-Type: application/json; charset=utf-8
cache-control: no-cache

20:25:16.602 [AsyncHttpClient-1-7] DEBUG org.asynchttpclient.netty.channel.ChannelManager - Adding key: http://localhost:39112 for channel [id: 0x6a59ad5e, L:/127.0.0.1:60613 - R:localhost/127.0.0.1:39112]
20:25:16.603 [Forwarding maximizeCurrentWindow on session 3354bf5f0e19938a9a88f97f906d90d0 to remote] DEBUG org.asynchttpclient.netty.request.NettyRequestSender - Using pooled Channel '[id: 0x6a59ad5e, L:/127.0.0.1:60613 - R:localhost/127.0.0.1:39112]' for 'POST' to 'http://localhost:39112/session/3354bf5f0e19938a9a88f97f906d90d0/window/maximize'
20:25:16.603 [Forwarding maximizeCurrentWindow on session 3354bf5f0e19938a9a88f97f906d90d0 to remote] DEBUG org.asynchttpclient.netty.request.NettyRequestSender - Using open Channel [id: 0x6a59ad5e, L:/127.0.0.1:60613 - R:localhost/127.0.0.1:39112] for POST '/session/3354bf5f0e19938a9a88f97f906d90d0/window/maximize'
20:25:16.731 [AsyncHttpClient-1-7] DEBUG org.asynchttpclient.netty.handler.HttpHandler - 

Request DefaultHttpRequest(decodeResult: success, version: HTTP/1.1)
POST /session/3354bf5f0e19938a9a88f97f906d90d0/window/maximize HTTP/1.1
User-Agent: selenium/4.8.3 (java windows)
Content-Length: 3
Content-Type: application/json; charset=utf-8
host: localhost:39112
accept: */*

Response DefaultHttpResponse(decodeResult: success, version: HTTP/1.1)
HTTP/1.1 200 OK
Content-Length: 51
Content-Type: application/json; charset=utf-8
cache-control: no-cache

20:25:16.731 [AsyncHttpClient-1-7] DEBUG org.asynchttpclient.netty.channel.ChannelManager - Adding key: http://localhost:39112 for channel [id: 0x6a59ad5e, L:/127.0.0.1:60613 - R:localhost/127.0.0.1:39112]
20:25:16.732 [Forwarding get on session 3354bf5f0e19938a9a88f97f906d90d0 to remote] DEBUG org.asynchttpclient.netty.request.NettyRequestSender - Using pooled Channel '[id: 0x6a59ad5e, L:/127.0.0.1:60613 - R:localhost/127.0.0.1:39112]' for 'POST' to 'http://localhost:39112/session/3354bf5f0e19938a9a88f97f906d90d0/url'
20:25:16.732 [Forwarding get on session 3354bf5f0e19938a9a88f97f906d90d0 to remote] DEBUG org.asynchttpclient.netty.request.NettyRequestSender - Using open Channel [id: 0x6a59ad5e, L:/127.0.0.1:60613 - R:localhost/127.0.0.1:39112] for POST '/session/3354bf5f0e19938a9a88f97f906d90d0/url'
20:25:16.797 [AsyncHttpClient-1-1] DEBUG org.asynchttpclient.netty.channel.DefaultChannelPool - Entry count for : http://localhost:60614 : 1
20:25:17.890 [AsyncHttpClient-1-1] DEBUG org.asynchttpclient.netty.channel.DefaultChannelPool - Entry count for : http://localhost:60614 : 1
20:25:18.573 [AsyncHttpClient-1-7] DEBUG org.asynchttpclient.netty.handler.HttpHandler - 

Request DefaultHttpRequest(decodeResult: success, version: HTTP/1.1)
POST /session/3354bf5f0e19938a9a88f97f906d90d0/url HTTP/1.1
User-Agent: selenium/4.8.3 (java windows)
Content-Length: 52
Content-Type: application/json; charset=utf-8
host: localhost:39112
accept: */*

Response DefaultHttpResponse(decodeResult: success, version: HTTP/1.1)
HTTP/1.1 200 OK
Content-Length: 14
Content-Type: application/json; charset=utf-8
cache-control: no-cache

20:25:18.573 [AsyncHttpClient-1-7] DEBUG org.asynchttpclient.netty.channel.ChannelManager - Adding key: http://localhost:39112 for channel [id: 0x6a59ad5e, L:/127.0.0.1:60613 - R:localhost/127.0.0.1:39112]
2023-06-06 20:25:18 INFO  BaseTest:104 - Test driver set up done successfully**********
2023-06-06 20:25:18 INFO  BaseTest:122 - Logging in to portal
20:25:18.576 [Forwarding findElement on session 3354bf5f0e19938a9a88f97f906d90d0 to remote] DEBUG org.asynchttpclient.netty.request.NettyRequestSender - Using pooled Channel '[id: 0x6a59ad5e, L:/127.0.0.1:60613 - R:localhost/127.0.0.1:39112]' for 'POST' to 'http://localhost:39112/session/3354bf5f0e19938a9a88f97f906d90d0/element'
20:25:18.576 [Forwarding findElement on session 3354bf5f0e19938a9a88f97f906d90d0 to remote] DEBUG org.asynchttpclient.netty.request.NettyRequestSender - Using open Channel [id: 0x6a59ad5e, L:/127.0.0.1:60613 - R:localhost/127.0.0.1:39112] for POST '/session/3354bf5f0e19938a9a88f97f906d90d0/element'
20:25:18.593 [AsyncHttpClient-1-7] DEBUG org.asynchttpclient.netty.handler.HttpHandler - 

Request DefaultHttpRequest(decodeResult: success, version: HTTP/1.1)
POST /session/3354bf5f0e19938a9a88f97f906d90d0/element HTTP/1.1
User-Agent: selenium/4.8.3 (java windows)
Content-Length: 59
Content-Type: application/json; charset=utf-8
host: localhost:39112
accept: */*

Response DefaultHttpResponse(decodeResult: success, version: HTTP/1.1)
HTTP/1.1 200 OK
Content-Length: 95
Content-Type: application/json; charset=utf-8
cache-control: no-cache

20:25:18.593 [AsyncHttpClient-1-7] DEBUG org.asynchttpclient.netty.channel.ChannelManager - Adding key: http://localhost:39112 for channel [id: 0x6a59ad5e, L:/127.0.0.1:60613 - R:localhost/127.0.0.1:39112]
20:25:18.594 [Forwarding clearElement on session 3354bf5f0e19938a9a88f97f906d90d0 to remote] DEBUG org.asynchttpclient.netty.request.NettyRequestSender - Using pooled Channel '[id: 0x6a59ad5e, L:/127.0.0.1:60613 - R:localhost/127.0.0.1:39112]' for 'POST' to 'http://localhost:39112/session/3354bf5f0e19938a9a88f97f906d90d0/element/0431E96D9B81AD80A7641A8D88AE4606_element_26/clear'
20:25:18.595 [Forwarding clearElement on session 3354bf5f0e19938a9a88f97f906d90d0 to remote] DEBUG org.asynchttpclient.netty.request.NettyRequestSender - Using open Channel [id: 0x6a59ad5e, L:/127.0.0.1:60613 - R:localhost/127.0.0.1:39112] for POST '/session/3354bf5f0e19938a9a88f97f906d90d0/element/0431E96D9B81AD80A7641A8D88AE4606_element_26/clear'
20:25:18.638 [AsyncHttpClient-1-7] DEBUG org.asynchttpclient.netty.handler.HttpHandler - 

Request DefaultHttpRequest(decodeResult: success, version: HTTP/1.1)
POST /session/3354bf5f0e19938a9a88f97f906d90d0/element/0431E96D9B81AD80A7641A8D88AE4606_element_26/clear HTTP/1.1
User-Agent: selenium/4.8.3 (java windows)
Content-Length: 57
Content-Type: application/json; charset=utf-8
host: localhost:39112
accept: */*

Response DefaultHttpResponse(decodeResult: success, version: HTTP/1.1)
HTTP/1.1 200 OK
Content-Length: 14
Content-Type: application/json; charset=utf-8
cache-control: no-cache

20:25:18.638 [AsyncHttpClient-1-7] DEBUG org.asynchttpclient.netty.channel.ChannelManager - Adding key: http://localhost:39112 for channel [id: 0x6a59ad5e, L:/127.0.0.1:60613 - R:localhost/127.0.0.1:39112]
20:25:18.639 [Forwarding findElement on session 3354bf5f0e19938a9a88f97f906d90d0 to remote] DEBUG org.asynchttpclient.netty.request.NettyRequestSender - Using pooled Channel '[id: 0x6a59ad5e, L:/127.0.0.1:60613 - R:localhost/127.0.0.1:39112]' for 'POST' to 'http://localhost:39112/session/3354bf5f0e19938a9a88f97f906d90d0/element'
20:25:18.639 [Forwarding findElement on session 3354bf5f0e19938a9a88f97f906d90d0 to remote] DEBUG org.asynchttpclient.netty.request.NettyRequestSender - Using open Channel [id: 0x6a59ad5e, L:/127.0.0.1:60613 - R:localhost/127.0.0.1:39112] for POST '/session/3354bf5f0e19938a9a88f97f906d90d0/element'
20:25:18.648 [AsyncHttpClient-1-7] DEBUG org.asynchttpclient.netty.handler.HttpHandler - 

Request DefaultHttpRequest(decodeResult: success, version: HTTP/1.1)
POST /session/3354bf5f0e19938a9a88f97f906d90d0/element HTTP/1.1
User-Agent: selenium/4.8.3 (java windows)
Content-Length: 59
Content-Type: application/json; charset=utf-8
host: localhost:39112
accept: */*

Response DefaultHttpResponse(decodeResult: success, version: HTTP/1.1)
HTTP/1.1 200 OK
Content-Length: 95
Content-Type: application/json; charset=utf-8
cache-control: no-cache

20:25:18.648 [AsyncHttpClient-1-7] DEBUG org.asynchttpclient.netty.channel.ChannelManager - Adding key: http://localhost:39112 for channel [id: 0x6a59ad5e, L:/127.0.0.1:60613 - R:localhost/127.0.0.1:39112]
20:25:18.650 [Forwarding sendKeysToElement on session 3354bf5f0e19938a9a88f97f906d90d0 to remote] DEBUG org.asynchttpclient.netty.request.NettyRequestSender - Using pooled Channel '[id: 0x6a59ad5e, L:/127.0.0.1:60613 - R:localhost/127.0.0.1:39112]' for 'POST' to 'http://localhost:39112/session/3354bf5f0e19938a9a88f97f906d90d0/element/0431E96D9B81AD80A7641A8D88AE4606_element_26/value'
20:25:18.650 [Forwarding sendKeysToElement on session 3354bf5f0e19938a9a88f97f906d90d0 to remote] DEBUG org.asynchttpclient.netty.request.NettyRequestSender - Using open Channel [id: 0x6a59ad5e, L:/127.0.0.1:60613 - R:localhost/127.0.0.1:39112] for POST '/session/3354bf5f0e19938a9a88f97f906d90d0/element/0431E96D9B81AD80A7641A8D88AE4606_element_26/value'
20:25:18.771 [AsyncHttpClient-1-7] DEBUG org.asynchttpclient.netty.handler.HttpHandler - 

Request DefaultHttpRequest(decodeResult: success, version: HTTP/1.1)
POST /session/3354bf5f0e19938a9a88f97f906d90d0/element/0431E96D9B81AD80A7641A8D88AE4606_element_26/value HTTP/1.1
User-Agent: selenium/4.8.3 (java windows)
Content-Length: 188
Content-Type: application/json; charset=utf-8
host: localhost:39112
accept: */*

Response DefaultHttpResponse(decodeResult: success, version: HTTP/1.1)
HTTP/1.1 200 OK
Content-Length: 14
Content-Type: application/json; charset=utf-8
cache-control: no-cache

20:25:18.771 [AsyncHttpClient-1-7] DEBUG org.asynchttpclient.netty.channel.ChannelManager - Adding key: http://localhost:39112 for channel [id: 0x6a59ad5e, L:/127.0.0.1:60613 - R:localhost/127.0.0.1:39112]
20:25:18.773 [Forwarding findElement on session 3354bf5f0e19938a9a88f97f906d90d0 to remote] DEBUG org.asynchttpclient.netty.request.NettyRequestSender - Using pooled Channel '[id: 0x6a59ad5e, L:/127.0.0.1:60613 - R:localhost/127.0.0.1:39112]' for 'POST' to 'http://localhost:39112/session/3354bf5f0e19938a9a88f97f906d90d0/element'
20:25:18.773 [Forwarding findElement on session 3354bf5f0e19938a9a88f97f906d90d0 to remote] DEBUG org.asynchttpclient.netty.request.NettyRequestSender - Using open Channel [id: 0x6a59ad5e, L:/127.0.0.1:60613 - R:localhost/127.0.0.1:39112] for POST '/session/3354bf5f0e19938a9a88f97f906d90d0/element'
20:25:18.795 [AsyncHttpClient-1-7] DEBUG org.asynchttpclient.netty.handler.HttpHandler - 

Request DefaultHttpRequest(decodeResult: success, version: HTTP/1.1)
POST /session/3354bf5f0e19938a9a88f97f906d90d0/element HTTP/1.1
User-Agent: selenium/4.8.3 (java windows)
Content-Length: 62
Content-Type: application/json; charset=utf-8
host: localhost:39112
accept: */*

Response DefaultHttpResponse(decodeResult: success, version: HTTP/1.1)
HTTP/1.1 200 OK
Content-Length: 95
Content-Type: application/json; charset=utf-8
cache-control: no-cache

20:25:18.795 [AsyncHttpClient-1-7] DEBUG org.asynchttpclient.netty.channel.ChannelManager - Adding key: http://localhost:39112 for channel [id: 0x6a59ad5e, L:/127.0.0.1:60613 - R:localhost/127.0.0.1:39112]
20:25:18.797 [Forwarding clearElement on session 3354bf5f0e19938a9a88f97f906d90d0 to remote] DEBUG org.asynchttpclient.netty.request.NettyRequestSender - Using pooled Channel '[id: 0x6a59ad5e, L:/127.0.0.1:60613 - R:localhost/127.0.0.1:39112]' for 'POST' to 'http://localhost:39112/session/3354bf5f0e19938a9a88f97f906d90d0/element/0431E96D9B81AD80A7641A8D88AE4606_element_31/clear'
20:25:18.797 [Forwarding clearElement on session 3354bf5f0e19938a9a88f97f906d90d0 to remote] DEBUG org.asynchttpclient.netty.request.NettyRequestSender - Using open Channel [id: 0x6a59ad5e, L:/127.0.0.1:60613 - R:localhost/127.0.0.1:39112] for POST '/session/3354bf5f0e19938a9a88f97f906d90d0/element/0431E96D9B81AD80A7641A8D88AE4606_element_31/clear'
20:25:18.823 [AsyncHttpClient-1-7] DEBUG org.asynchttpclient.netty.handler.HttpHandler - 

Request DefaultHttpRequest(decodeResult: success, version: HTTP/1.1)
POST /session/3354bf5f0e19938a9a88f97f906d90d0/element/0431E96D9B81AD80A7641A8D88AE4606_element_31/clear HTTP/1.1
User-Agent: selenium/4.8.3 (java windows)
Content-Length: 57
Content-Type: application/json; charset=utf-8
host: localhost:39112
accept: */*

Response DefaultHttpResponse(decodeResult: success, version: HTTP/1.1)
HTTP/1.1 200 OK
Content-Length: 14
Content-Type: application/json; charset=utf-8
cache-control: no-cache

20:25:18.824 [AsyncHttpClient-1-7] DEBUG org.asynchttpclient.netty.channel.ChannelManager - Adding key: http://localhost:39112 for channel [id: 0x6a59ad5e, L:/127.0.0.1:60613 - R:localhost/127.0.0.1:39112]
20:25:18.825 [Forwarding findElement on session 3354bf5f0e19938a9a88f97f906d90d0 to remote] DEBUG org.asynchttpclient.netty.request.NettyRequestSender - Using pooled Channel '[id: 0x6a59ad5e, L:/127.0.0.1:60613 - R:localhost/127.0.0.1:39112]' for 'POST' to 'http://localhost:39112/session/3354bf5f0e19938a9a88f97f906d90d0/element'
20:25:18.825 [Forwarding findElement on session 3354bf5f0e19938a9a88f97f906d90d0 to remote] DEBUG org.asynchttpclient.netty.request.NettyRequestSender - Using open Channel [id: 0x6a59ad5e, L:/127.0.0.1:60613 - R:localhost/127.0.0.1:39112] for POST '/session/3354bf5f0e19938a9a88f97f906d90d0/element'
20:25:18.834 [AsyncHttpClient-1-7] DEBUG org.asynchttpclient.netty.handler.HttpHandler - 

Request DefaultHttpRequest(decodeResult: success, version: HTTP/1.1)
POST /session/3354bf5f0e19938a9a88f97f906d90d0/element HTTP/1.1
User-Agent: selenium/4.8.3 (java windows)
Content-Length: 62
Content-Type: application/json; charset=utf-8
host: localhost:39112
accept: */*

Response DefaultHttpResponse(decodeResult: success, version: HTTP/1.1)
HTTP/1.1 200 OK
Content-Length: 95
Content-Type: application/json; charset=utf-8
cache-control: no-cache

20:25:18.834 [AsyncHttpClient-1-7] DEBUG org.asynchttpclient.netty.channel.ChannelManager - Adding key: http://localhost:39112 for channel [id: 0x6a59ad5e, L:/127.0.0.1:60613 - R:localhost/127.0.0.1:39112]
20:25:18.836 [Forwarding sendKeysToElement on session 3354bf5f0e19938a9a88f97f906d90d0 to remote] DEBUG org.asynchttpclient.netty.request.NettyRequestSender - Using pooled Channel '[id: 0x6a59ad5e, L:/127.0.0.1:60613 - R:localhost/127.0.0.1:39112]' for 'POST' to 'http://localhost:39112/session/3354bf5f0e19938a9a88f97f906d90d0/element/0431E96D9B81AD80A7641A8D88AE4606_element_31/value'
20:25:18.836 [Forwarding sendKeysToElement on session 3354bf5f0e19938a9a88f97f906d90d0 to remote] DEBUG org.asynchttpclient.netty.request.NettyRequestSender - Using open Channel [id: 0x6a59ad5e, L:/127.0.0.1:60613 - R:localhost/127.0.0.1:39112] for POST '/session/3354bf5f0e19938a9a88f97f906d90d0/element/0431E96D9B81AD80A7641A8D88AE4606_element_31/value'
20:25:18.914 [AsyncHttpClient-1-7] DEBUG org.asynchttpclient.netty.handler.HttpHandler - 

Request DefaultHttpRequest(decodeResult: success, version: HTTP/1.1)
POST /session/3354bf5f0e19938a9a88f97f906d90d0/element/0431E96D9B81AD80A7641A8D88AE4606_element_31/value HTTP/1.1
User-Agent: selenium/4.8.3 (java windows)
Content-Length: 148
Content-Type: application/json; charset=utf-8
host: localhost:39112
accept: */*

Response DefaultHttpResponse(decodeResult: success, version: HTTP/1.1)
HTTP/1.1 200 OK
Content-Length: 14
Content-Type: application/json; charset=utf-8
cache-control: no-cache

20:25:18.914 [AsyncHttpClient-1-7] DEBUG org.asynchttpclient.netty.channel.ChannelManager - Adding key: http://localhost:39112 for channel [id: 0x6a59ad5e, L:/127.0.0.1:60613 - R:localhost/127.0.0.1:39112]
20:25:18.915 [Forwarding findElement on session 3354bf5f0e19938a9a88f97f906d90d0 to remote] DEBUG org.asynchttpclient.netty.request.NettyRequestSender - Using pooled Channel '[id: 0x6a59ad5e, L:/127.0.0.1:60613 - R:localhost/127.0.0.1:39112]' for 'POST' to 'http://localhost:39112/session/3354bf5f0e19938a9a88f97f906d90d0/element'
20:25:18.915 [Forwarding findElement on session 3354bf5f0e19938a9a88f97f906d90d0 to remote] DEBUG org.asynchttpclient.netty.request.NettyRequestSender - Using open Channel [id: 0x6a59ad5e, L:/127.0.0.1:60613 - R:localhost/127.0.0.1:39112] for POST '/session/3354bf5f0e19938a9a88f97f906d90d0/element'
20:25:18.929 [AsyncHttpClient-1-7] DEBUG org.asynchttpclient.netty.handler.HttpHandler - 

Request DefaultHttpRequest(decodeResult: success, version: HTTP/1.1)
POST /session/3354bf5f0e19938a9a88f97f906d90d0/element HTTP/1.1
User-Agent: selenium/4.8.3 (java windows)
Content-Length: 71
Content-Type: application/json; charset=utf-8
host: localhost:39112
accept: */*

Response DefaultHttpResponse(decodeResult: success, version: HTTP/1.1)
HTTP/1.1 200 OK
Content-Length: 95
Content-Type: application/json; charset=utf-8
cache-control: no-cache

20:25:18.929 [AsyncHttpClient-1-7] DEBUG org.asynchttpclient.netty.channel.ChannelManager - Adding key: http://localhost:39112 for channel [id: 0x6a59ad5e, L:/127.0.0.1:60613 - R:localhost/127.0.0.1:39112]
20:25:18.930 [Forwarding clickElement on session 3354bf5f0e19938a9a88f97f906d90d0 to remote] DEBUG org.asynchttpclient.netty.request.NettyRequestSender - Using pooled Channel '[id: 0x6a59ad5e, L:/127.0.0.1:60613 - R:localhost/127.0.0.1:39112]' for 'POST' to 'http://localhost:39112/session/3354bf5f0e19938a9a88f97f906d90d0/element/0431E96D9B81AD80A7641A8D88AE4606_element_32/click'
20:25:18.930 [Forwarding clickElement on session 3354bf5f0e19938a9a88f97f906d90d0 to remote] DEBUG org.asynchttpclient.netty.request.NettyRequestSender - Using open Channel [id: 0x6a59ad5e, L:/127.0.0.1:60613 - R:localhost/127.0.0.1:39112] for POST '/session/3354bf5f0e19938a9a88f97f906d90d0/element/0431E96D9B81AD80A7641A8D88AE4606_element_32/click'
20:25:18.977 [AsyncHttpClient-1-7] DEBUG org.asynchttpclient.netty.handler.HttpHandler - 

Request DefaultHttpRequest(decodeResult: success, version: HTTP/1.1)
POST /session/3354bf5f0e19938a9a88f97f906d90d0/element/0431E96D9B81AD80A7641A8D88AE4606_element_32/click HTTP/1.1
User-Agent: selenium/4.8.3 (java windows)
Content-Length: 57
Content-Type: application/json; charset=utf-8
host: localhost:39112
accept: */*

Response DefaultHttpResponse(decodeResult: success, version: HTTP/1.1)
HTTP/1.1 200 OK
Content-Length: 14
Content-Type: application/json; charset=utf-8
cache-control: no-cache

20:25:18.977 [AsyncHttpClient-1-7] DEBUG org.asynchttpclient.netty.channel.ChannelManager - Adding key: http://localhost:39112 for channel [id: 0x6a59ad5e, L:/127.0.0.1:60613 - R:localhost/127.0.0.1:39112]
2023-06-06 20:25:18 INFO  BaseTest:126 - Logged in
20:25:18.980 [rp-io-48] DEBUG com.epam.reportportal.service.Launch - Starting test item...rp-io-48
2023-06-06 20:25:18 INFO  Listeners:34 - Started Test null
20:25:18.982 [Forwarding findElement on session 3354bf5f0e19938a9a88f97f906d90d0 to remote] DEBUG org.asynchttpclient.netty.request.NettyRequestSender - Using pooled Channel '[id: 0x6a59ad5e, L:/127.0.0.1:60613 - R:localhost/127.0.0.1:39112]' for 'POST' to 'http://localhost:39112/session/3354bf5f0e19938a9a88f97f906d90d0/element'
20:25:18.982 [Forwarding findElement on session 3354bf5f0e19938a9a88f97f906d90d0 to remote] DEBUG org.asynchttpclient.netty.request.NettyRequestSender - Using open Channel [id: 0x6a59ad5e, L:/127.0.0.1:60613 - R:localhost/127.0.0.1:39112] for POST '/session/3354bf5f0e19938a9a88f97f906d90d0/element'
20:25:18.990 [AsyncHttpClient-1-1] DEBUG org.asynchttpclient.netty.channel.DefaultChannelPool - Entry count for : http://localhost:60614 : 1
20:25:18.997 [rp-io-45] DEBUG com.epam.reportportal.service.Launch - TestItem with ID = 'f85a4b81-1a69-4c4c-a808-2a5812f5faa2' successfully finished.
20:25:18.997 [rp-io-45] DEBUG com.epam.reportportal.utils.SubscriptionUtils - Finish test item completed
20:25:19.006 [rp-io-46] DEBUG com.epam.reportportal.service.Launch - ReportPortal item with ID '0d0f13b0-7605-4cf6-bab7-5c4976603e8a' has been created
20:25:19.006 [rp-io-46] DEBUG com.epam.reportportal.utils.SubscriptionUtils - Start test item successfully completed
20:25:19.393 [AsyncHttpClient-1-7] DEBUG org.asynchttpclient.netty.handler.HttpHandler - 

Request DefaultHttpRequest(decodeResult: success, version: HTTP/1.1)
POST /session/3354bf5f0e19938a9a88f97f906d90d0/element HTTP/1.1
User-Agent: selenium/4.8.3 (java windows)
Content-Length: 168
Content-Type: application/json; charset=utf-8
host: localhost:39112
accept: */*

Response DefaultHttpResponse(decodeResult: success, version: HTTP/1.1)
HTTP/1.1 200 OK
Content-Length: 95
Content-Type: application/json; charset=utf-8
cache-control: no-cache

20:25:19.393 [AsyncHttpClient-1-7] DEBUG org.asynchttpclient.netty.channel.ChannelManager - Adding key: http://localhost:39112 for channel [id: 0x6a59ad5e, L:/127.0.0.1:60613 - R:localhost/127.0.0.1:39112]
20:25:19.394 [Forwarding clickElement on session 3354bf5f0e19938a9a88f97f906d90d0 to remote] DEBUG org.asynchttpclient.netty.request.NettyRequestSender - Using pooled Channel '[id: 0x6a59ad5e, L:/127.0.0.1:60613 - R:localhost/127.0.0.1:39112]' for 'POST' to 'http://localhost:39112/session/3354bf5f0e19938a9a88f97f906d90d0/element/0431E96D9B81AD80A7641A8D88AE4606_element_40/click'
20:25:19.394 [Forwarding clickElement on session 3354bf5f0e19938a9a88f97f906d90d0 to remote] DEBUG org.asynchttpclient.netty.request.NettyRequestSender - Using open Channel [id: 0x6a59ad5e, L:/127.0.0.1:60613 - R:localhost/127.0.0.1:39112] for POST '/session/3354bf5f0e19938a9a88f97f906d90d0/element/0431E96D9B81AD80A7641A8D88AE4606_element_40/click'
20:25:19.706 [AsyncHttpClient-1-7] DEBUG org.asynchttpclient.netty.handler.HttpHandler - 

Request DefaultHttpRequest(decodeResult: success, version: HTTP/1.1)
POST /session/3354bf5f0e19938a9a88f97f906d90d0/element/0431E96D9B81AD80A7641A8D88AE4606_element_40/click HTTP/1.1
User-Agent: selenium/4.8.3 (java windows)
Content-Length: 57
Content-Type: application/json; charset=utf-8
host: localhost:39112
accept: */*

Response DefaultHttpResponse(decodeResult: success, version: HTTP/1.1)
HTTP/1.1 200 OK
Content-Length: 14
Content-Type: application/json; charset=utf-8
cache-control: no-cache

20:25:19.706 [AsyncHttpClient-1-7] DEBUG org.asynchttpclient.netty.channel.ChannelManager - Adding key: http://localhost:39112 for channel [id: 0x6a59ad5e, L:/127.0.0.1:60613 - R:localhost/127.0.0.1:39112]
20:25:19.710 [Forwarding findElement on session 3354bf5f0e19938a9a88f97f906d90d0 to remote] DEBUG org.asynchttpclient.netty.request.NettyRequestSender - Using pooled Channel '[id: 0x6a59ad5e, L:/127.0.0.1:60613 - R:localhost/127.0.0.1:39112]' for 'POST' to 'http://localhost:39112/session/3354bf5f0e19938a9a88f97f906d90d0/element'
20:25:19.710 [Forwarding findElement on session 3354bf5f0e19938a9a88f97f906d90d0 to remote] DEBUG org.asynchttpclient.netty.request.NettyRequestSender - Using open Channel [id: 0x6a59ad5e, L:/127.0.0.1:60613 - R:localhost/127.0.0.1:39112] for POST '/session/3354bf5f0e19938a9a88f97f906d90d0/element'
20:25:20.099 [AsyncHttpClient-1-1] DEBUG org.asynchttpclient.netty.channel.DefaultChannelPool - Entry count for : http://localhost:60614 : 1
20:25:20.305 [AsyncHttpClient-1-7] DEBUG org.asynchttpclient.netty.handler.HttpHandler - 

Request DefaultHttpRequest(decodeResult: success, version: HTTP/1.1)
POST /session/3354bf5f0e19938a9a88f97f906d90d0/element HTTP/1.1
User-Agent: selenium/4.8.3 (java windows)
Content-Length: 85
Content-Type: application/json; charset=utf-8
host: localhost:39112
accept: */*

Response DefaultHttpResponse(decodeResult: success, version: HTTP/1.1)
HTTP/1.1 200 OK
Content-Length: 95
Content-Type: application/json; charset=utf-8
cache-control: no-cache

20:25:20.305 [AsyncHttpClient-1-7] DEBUG org.asynchttpclient.netty.channel.ChannelManager - Adding key: http://localhost:39112 for channel [id: 0x6a59ad5e, L:/127.0.0.1:60613 - R:localhost/127.0.0.1:39112]
20:25:20.307 [Forwarding executeScript on session 3354bf5f0e19938a9a88f97f906d90d0 to remote] DEBUG org.asynchttpclient.netty.request.NettyRequestSender - Using pooled Channel '[id: 0x6a59ad5e, L:/127.0.0.1:60613 - R:localhost/127.0.0.1:39112]' for 'POST' to 'http://localhost:39112/session/3354bf5f0e19938a9a88f97f906d90d0/execute/sync'
20:25:20.307 [Forwarding executeScript on session 3354bf5f0e19938a9a88f97f906d90d0 to remote] DEBUG org.asynchttpclient.netty.request.NettyRequestSender - Using open Channel [id: 0x6a59ad5e, L:/127.0.0.1:60613 - R:localhost/127.0.0.1:39112] for POST '/session/3354bf5f0e19938a9a88f97f906d90d0/execute/sync'
20:25:20.350 [AsyncHttpClient-1-7] DEBUG org.asynchttpclient.netty.handler.HttpHandler - 

Request DefaultHttpRequest(decodeResult: success, version: HTTP/1.1)
POST /session/3354bf5f0e19938a9a88f97f906d90d0/execute/sync HTTP/1.1
User-Agent: selenium/4.8.3 (java windows)
Content-Length: 232
Content-Type: application/json; charset=utf-8
host: localhost:39112
accept: */*

Response DefaultHttpResponse(decodeResult: success, version: HTTP/1.1)
HTTP/1.1 200 OK
Content-Length: 14
Content-Type: application/json; charset=utf-8
cache-control: no-cache

20:25:20.351 [AsyncHttpClient-1-7] DEBUG org.asynchttpclient.netty.channel.ChannelManager - Adding key: http://localhost:39112 for channel [id: 0x6a59ad5e, L:/127.0.0.1:60613 - R:localhost/127.0.0.1:39112]
20:25:20.353 [Forwarding findElement on session 3354bf5f0e19938a9a88f97f906d90d0 to remote] DEBUG org.asynchttpclient.netty.request.NettyRequestSender - Using pooled Channel '[id: 0x6a59ad5e, L:/127.0.0.1:60613 - R:localhost/127.0.0.1:39112]' for 'POST' to 'http://localhost:39112/session/3354bf5f0e19938a9a88f97f906d90d0/element'
20:25:20.353 [Forwarding findElement on session 3354bf5f0e19938a9a88f97f906d90d0 to remote] DEBUG org.asynchttpclient.netty.request.NettyRequestSender - Using open Channel [id: 0x6a59ad5e, L:/127.0.0.1:60613 - R:localhost/127.0.0.1:39112] for POST '/session/3354bf5f0e19938a9a88f97f906d90d0/element'
20:25:20.469 [AsyncHttpClient-1-7] DEBUG org.asynchttpclient.netty.handler.HttpHandler - 

Request DefaultHttpRequest(decodeResult: success, version: HTTP/1.1)
POST /session/3354bf5f0e19938a9a88f97f906d90d0/element HTTP/1.1
User-Agent: selenium/4.8.3 (java windows)
Content-Length: 85
Content-Type: application/json; charset=utf-8
host: localhost:39112
accept: */*

Response DefaultHttpResponse(decodeResult: success, version: HTTP/1.1)
HTTP/1.1 200 OK
Content-Length: 95
Content-Type: application/json; charset=utf-8
cache-control: no-cache

20:25:20.469 [AsyncHttpClient-1-7] DEBUG org.asynchttpclient.netty.channel.ChannelManager - Adding key: http://localhost:39112 for channel [id: 0x6a59ad5e, L:/127.0.0.1:60613 - R:localhost/127.0.0.1:39112]
20:25:20.473 [Forwarding isElementDisplayed on session 3354bf5f0e19938a9a88f97f906d90d0 to remote] DEBUG org.asynchttpclient.netty.request.NettyRequestSender - Using pooled Channel '[id: 0x6a59ad5e, L:/127.0.0.1:60613 - R:localhost/127.0.0.1:39112]' for 'POST' to 'http://localhost:39112/session/3354bf5f0e19938a9a88f97f906d90d0/execute/sync'
20:25:20.473 [Forwarding isElementDisplayed on session 3354bf5f0e19938a9a88f97f906d90d0 to remote] DEBUG org.asynchttpclient.netty.request.NettyRequestSender - Using open Channel [id: 0x6a59ad5e, L:/127.0.0.1:60613 - R:localhost/127.0.0.1:39112] for POST '/session/3354bf5f0e19938a9a88f97f906d90d0/execute/sync'
20:25:20.493 [AsyncHttpClient-1-7] DEBUG org.asynchttpclient.netty.handler.HttpHandler - 

Request DefaultHttpRequest(decodeResult: success, version: HTTP/1.1)
POST /session/3354bf5f0e19938a9a88f97f906d90d0/execute/sync HTTP/1.1
User-Agent: selenium/4.8.3 (java windows)
Content-Length: 48814
Content-Type: application/json; charset=utf-8
host: localhost:39112
accept: */*

Response DefaultHttpResponse(decodeResult: success, version: HTTP/1.1)
HTTP/1.1 200 OK
Content-Length: 14
Content-Type: application/json; charset=utf-8
cache-control: no-cache

20:25:20.493 [AsyncHttpClient-1-7] DEBUG org.asynchttpclient.netty.channel.ChannelManager - Adding key: http://localhost:39112 for channel [id: 0x6a59ad5e, L:/127.0.0.1:60613 - R:localhost/127.0.0.1:39112]
2023-06-06 20:25:20 INFO  Listeners:38 - Succeeded Test null
]]></system-out>
    <system-err><![CDATA[Starting ChromeDriver 114.0.5735.90 (386bc09e8f4f2e025eddae123f36f6263096ae49-refs/branch-heads/5735@{#1052}) on port 39112
Only local connections are allowed.
Please see https://chromedriver.chromium.org/security-considerations for suggestions on keeping ChromeDriver safe.
ChromeDriver was started successfully.
Jun 06, 2023 8:25:16 PM org.openqa.selenium.devtools.CdpVersionFinder findNearestMatch
WARNING: Unable to find an exact match for CDP version 114, so returning the closest version found: 111
]]></system-err>
  </testcase>
  <testcase name="searchDashboardNameDP[FAILED CASES TREND CHART](9)" classname="alltests.uitest.coreTest.DashboardPageTest" time="0">
    <skipped message="no such element: Unable to locate element: {&quot;method&quot;:&quot;xpath&quot;,&quot;selector&quot;:&quot;//*[text()=&apos;FAILED CASES TREND CHART&apos;]&quot;}&#10;  (Session info: chrome=114.0.5735.110)&#10;For documentation on this error, please visit: https://selenium.dev/exceptions/#no_such_element&#10;Build info: version: &apos;4.8.3&apos;, revision: &apos;e5e76298c3&apos;&#10;System info: os.name: &apos;Windows 10&apos;, os.arch: &apos;amd64&apos;, os.version: &apos;10.0&apos;, java.version: &apos;17.0.3.1&apos;&#10;Driver info: org.openqa.selenium.chrome.ChromeDriver&#10;Command: [c58d5965b97217d6be2cd1ad7c8c607f, findElement {using=xpath, value=//*[text()=&apos;FAILED CASES TREND CHART&apos;]}]&#10;Capabilities {acceptInsecureCerts: false, browserName: chrome, browserVersion: 114.0.5735.110, chrome: {chromedriverVersion: 114.0.5735.90 (386bc09e8f4f..., userDataDir: C:\Users\SUWARN~1\AppData\L...}, goog:chromeOptions: {debuggerAddress: localhost:60647}, networkConnectionEnabled: false, pageLoadStrategy: normal, platformName: WINDOWS, proxy: Proxy(), se:cdp: ws://localhost:60647/devtoo..., se:cdpVersion: 114.0.5735.110, setWindowRect: true, strictFileInteractability: false, timeouts: {implicit: 0, pageLoad: 300000, script: 30000}, unhandledPromptBehavior: dismiss and notify, webauthn:extension:credBlob: true, webauthn:extension:largeBlob: true, webauthn:extension:minPinLength: true, webauthn:extension:prf: true, webauthn:virtualAuthenticators: true}&#10;Session ID: c58d5965b97217d6be2cd1ad7c8c607f"/>
    <system-out><![CDATA[20:25:20.496 [rp-io-55] DEBUG com.epam.reportportal.service.Launch - Starting test item...rp-io-55
20:25:20.497 [AsyncHttpClient-1-9] DEBUG org.asynchttpclient.netty.handler.WebSocketHandler - Channel Closed: [id: 0x0d05b2d7, L:/127.0.0.1:60622 ! R:localhost/127.0.0.1:60614] with attribute NettyResponseFuture{currentRetry=0,
	isDone=1,
	isCancelled=0,
	asyncHandler=org.asynchttpclient.ws.WebSocketUpgradeHandler@7f487cb4,
	nettyRequest=org.asynchttpclient.netty.request.NettyRequest@8e6407,
	future=java.util.concurrent.CompletableFuture@2e63eea6[Completed normally],
	uri=ws://localhost:60614/devtools/browser/798f37e4-ee5e-46d3-9c07-b2b6f4e61728,
	keepAlive=true,
	redirectCount=0,
	timeoutsHolder=null,
	inAuth=0,
	touch=1686075916594}
20:25:20.497 [AsyncHttpClient-1-9] DEBUG org.asynchttpclient.netty.channel.ChannelManager - Closing Channel [id: 0x0d05b2d7, L:/127.0.0.1:60622 ! R:localhost/127.0.0.1:60614] 
20:25:20.498 [Driver Command Executor] DEBUG org.asynchttpclient.netty.request.NettyRequestSender - Using pooled Channel '[id: 0x6a59ad5e, L:/127.0.0.1:60613 - R:localhost/127.0.0.1:39112]' for 'DELETE' to 'http://localhost:39112/session/3354bf5f0e19938a9a88f97f906d90d0'
20:25:20.498 [Driver Command Executor] DEBUG org.asynchttpclient.netty.request.NettyRequestSender - Using open Channel [id: 0x6a59ad5e, L:/127.0.0.1:60613 - R:localhost/127.0.0.1:39112] for DELETE '/session/3354bf5f0e19938a9a88f97f906d90d0'
20:25:20.514 [rp-io-50] DEBUG com.epam.reportportal.service.Launch - TestItem with ID = '0d0f13b0-7605-4cf6-bab7-5c4976603e8a' successfully finished.
20:25:20.515 [rp-io-50] DEBUG com.epam.reportportal.utils.SubscriptionUtils - Finish test item completed
20:25:20.519 [rp-io-51] DEBUG com.epam.reportportal.service.Launch - ReportPortal item with ID '23dd4d69-205e-4532-8307-85b8efdca05d' has been created
20:25:20.519 [rp-io-51] DEBUG com.epam.reportportal.utils.SubscriptionUtils - Start test item successfully completed
20:25:20.567 [AsyncHttpClient-1-8] DEBUG org.asynchttpclient.netty.handler.HttpHandler - Unexpected I/O exception on channel [id: 0x420ee3c4, L:/127.0.0.1:60621 - R:localhost/127.0.0.1:60614]
java.net.SocketException: Connection reset
	at java.base/sun.nio.ch.SocketChannelImpl.throwConnectionReset(SocketChannelImpl.java:394)
	at java.base/sun.nio.ch.SocketChannelImpl.read(SocketChannelImpl.java:426)
	at io.netty.buffer.PooledByteBuf.setBytes(PooledByteBuf.java:256)
	at io.netty.buffer.AbstractByteBuf.writeBytes(AbstractByteBuf.java:1132)
	at io.netty.channel.socket.nio.NioSocketChannel.doReadBytes(NioSocketChannel.java:357)
	at io.netty.channel.nio.AbstractNioByteChannel$NioByteUnsafe.read(AbstractNioByteChannel.java:151)
	at io.netty.channel.nio.NioEventLoop.processSelectedKey(NioEventLoop.java:788)
	at io.netty.channel.nio.NioEventLoop.processSelectedKeysOptimized(NioEventLoop.java:724)
	at io.netty.channel.nio.NioEventLoop.processSelectedKeys(NioEventLoop.java:650)
	at io.netty.channel.nio.NioEventLoop.run(NioEventLoop.java:562)
	at io.netty.util.concurrent.SingleThreadEventExecutor$4.run(SingleThreadEventExecutor.java:997)
	at io.netty.util.internal.ThreadExecutorMap$2.run(ThreadExecutorMap.java:74)
	at io.netty.util.concurrent.FastThreadLocalRunnable.run(FastThreadLocalRunnable.java:30)
	at java.base/java.lang.Thread.run(Thread.java:833)
20:25:20.567 [AsyncHttpClient-1-8] DEBUG org.asynchttpclient.netty.channel.ChannelManager - Closing Channel [id: 0x420ee3c4, L:/127.0.0.1:60621 - R:localhost/127.0.0.1:60614] 
20:25:20.567 [AsyncHttpClient-1-8] DEBUG org.asynchttpclient.netty.handler.HttpHandler - Channel Closed: [id: 0x420ee3c4, L:/127.0.0.1:60621 ! R:localhost/127.0.0.1:60614] with attribute DISCARD
20:25:20.595 [AsyncHttpClient-1-7] DEBUG org.asynchttpclient.netty.handler.HttpHandler - 

Request DefaultFullHttpRequest(decodeResult: success, version: HTTP/1.1, content: EmptyByteBufBE)
DELETE /session/3354bf5f0e19938a9a88f97f906d90d0 HTTP/1.1
User-Agent: selenium/4.8.3 (java windows)
Content-Type: application/json; charset=utf-8
host: localhost:39112
accept: */*

Response DefaultHttpResponse(decodeResult: success, version: HTTP/1.1)
HTTP/1.1 200 OK
Content-Length: 14
Content-Type: application/json; charset=utf-8
cache-control: no-cache

20:25:20.595 [AsyncHttpClient-1-7] DEBUG org.asynchttpclient.netty.channel.ChannelManager - Adding key: http://localhost:39112 for channel [id: 0x6a59ad5e, L:/127.0.0.1:60613 - R:localhost/127.0.0.1:39112]
20:25:20.655 [AsyncHttpClient-1-7] DEBUG org.asynchttpclient.netty.handler.HttpHandler - Channel Closed: [id: 0x6a59ad5e, L:/127.0.0.1:60613 ! R:localhost/127.0.0.1:39112] with attribute DISCARD
2023-06-06 20:25:20 INFO  BaseTest:83 - Test executed**********
20:25:20.721 [rp-io-61] DEBUG com.epam.reportportal.service.Launch - Starting test item...rp-io-61
2023-06-06 20:25:20 INFO  BaseTest:110 - Property files loaded successfully**********
20:25:20.737 [main] DEBUG io.github.bonigarcia.wdm.cache.ResolutionCache - Resolution chrome=114 in cache (valid until 21:23:55 06/06/2023 CEST)
20:25:20.737 [rp-io-58] DEBUG com.epam.reportportal.service.Launch - TestItem with ID = '23dd4d69-205e-4532-8307-85b8efdca05d' successfully finished.
20:25:20.737 [rp-io-58] DEBUG com.epam.reportportal.utils.SubscriptionUtils - Finish test item completed
20:25:20.738 [main] DEBUG io.github.bonigarcia.wdm.cache.ResolutionCache - Resolution chrome114=114.0.5735.90 in cache (valid until 16:16:26 07/06/2023 CEST)
20:25:20.738 [main] INFO io.github.bonigarcia.wdm.WebDriverManager - Using chromedriver 114.0.5735.90 (resolved driver for Chrome 114)
20:25:20.739 [rp-io-61] DEBUG com.epam.reportportal.service.Launch - ReportPortal item with ID 'e58f7028-ac67-495d-9efa-cddb12bb0401' has been created
20:25:20.739 [rp-io-61] DEBUG com.epam.reportportal.utils.SubscriptionUtils - Start test item successfully completed
20:25:20.748 [main] DEBUG io.github.bonigarcia.wdm.WebDriverManager - Driver chromedriver 114.0.5735.90 found in cache
20:25:20.748 [main] INFO io.github.bonigarcia.wdm.WebDriverManager - Exporting webdriver.chrome.driver as C:\Users\Suwarna_Wagh\.cache\selenium\chromedriver\win32\114.0.5735.90\chromedriver.exe
20:25:21.007 [AsyncHttpClient-1-10] DEBUG org.asynchttpclient.netty.channel.NettyConnectListener - Using new Channel '[id: 0x821ab6f8, L:/127.0.0.1:60646 - R:localhost/127.0.0.1:25640]' for 'POST' to '/session'
20:25:21.190 [AsyncHttpClient-1-1] DEBUG org.asynchttpclient.netty.channel.DefaultChannelPool - Entry count for : http://localhost:39112 : 1
20:25:21.190 [AsyncHttpClient-1-1] DEBUG org.asynchttpclient.netty.channel.DefaultChannelPool - Entry count for : http://localhost:60614 : 1
20:25:21.190 [AsyncHttpClient-1-1] DEBUG org.asynchttpclient.netty.channel.DefaultChannelPool - Adding Candidate expired Channel [id: 0x6a59ad5e, L:/127.0.0.1:60613 ! R:localhost/127.0.0.1:39112] isIdleTimeoutExpired=false isRemotelyClosed=true isTtlExpired=false
20:25:21.190 [AsyncHttpClient-1-1] DEBUG org.asynchttpclient.netty.channel.DefaultChannelPool - Closing Idle Channel [id: 0x6a59ad5e, L:/127.0.0.1:60613 ! R:localhost/127.0.0.1:39112]
20:25:21.190 [AsyncHttpClient-1-1] DEBUG org.asynchttpclient.netty.channel.DefaultChannelPool - Adding Candidate expired Channel [id: 0x420ee3c4, L:/127.0.0.1:60621 ! R:localhost/127.0.0.1:60614] isIdleTimeoutExpired=false isRemotelyClosed=true isTtlExpired=false
20:25:21.190 [AsyncHttpClient-1-1] DEBUG org.asynchttpclient.netty.channel.DefaultChannelPool - Closing Idle Channel [id: 0x420ee3c4, L:/127.0.0.1:60621 ! R:localhost/127.0.0.1:60614]
20:25:21.190 [AsyncHttpClient-1-1] DEBUG org.asynchttpclient.netty.channel.DefaultChannelPool - Closed 2 connections out of 2 in 0 ms
20:25:22.265 [AsyncHttpClient-1-10] DEBUG org.asynchttpclient.netty.handler.HttpHandler - 

Request DefaultHttpRequest(decodeResult: success, version: HTTP/1.1)
POST /session HTTP/1.1
User-Agent: selenium/4.8.3 (java windows)
Content-Length: 439
Content-Type: application/json; charset=utf-8
host: localhost:25640
accept: */*

Response DefaultHttpResponse(decodeResult: success, version: HTTP/1.1)
HTTP/1.1 200 OK
Content-Length: 862
Content-Type: application/json; charset=utf-8
cache-control: no-cache

20:25:22.266 [AsyncHttpClient-1-10] DEBUG org.asynchttpclient.netty.channel.ChannelManager - Adding key: http://localhost:25640 for channel [id: 0x821ab6f8, L:/127.0.0.1:60646 - R:localhost/127.0.0.1:25640]
20:25:22.273 [AsyncHttpClient-1-11] DEBUG org.asynchttpclient.netty.channel.NettyConnectListener - Using new Channel '[id: 0xdce4bb82, L:/127.0.0.1:60654 - R:localhost/127.0.0.1:60647]' for 'GET' to '/json/version'
20:25:22.274 [AsyncHttpClient-1-11] DEBUG org.asynchttpclient.netty.handler.HttpHandler - 

Request DefaultFullHttpRequest(decodeResult: success, version: HTTP/1.1, content: EmptyByteBufBE)
GET /json/version HTTP/1.1
User-Agent: selenium/4.8.3 (java windows)
host: localhost:60647
accept: */*

Response DefaultHttpResponse(decodeResult: success, version: HTTP/1.1)
HTTP/1.1 200 OK
Content-Security-Policy: frame-ancestors 'none'
Content-Length: 424
Content-Type: application/json; charset=UTF-8

20:25:22.274 [AsyncHttpClient-1-11] DEBUG org.asynchttpclient.netty.channel.ChannelManager - Adding key: http://localhost:60647 for channel [id: 0xdce4bb82, L:/127.0.0.1:60654 - R:localhost/127.0.0.1:60647]
20:25:22.276 [AsyncHttpClient-1-12] DEBUG org.asynchttpclient.netty.channel.NettyConnectListener - Using new Channel '[id: 0x1a1242c6, L:/127.0.0.1:60655 - R:localhost/127.0.0.1:60647]' for 'GET' to '/devtools/browser/0a40d1e1-0652-4b3b-9b16-da3d467a1643'
20:25:22.277 [AsyncHttpClient-1-12] DEBUG org.asynchttpclient.netty.handler.WebSocketHandler - 

Request DefaultFullHttpRequest(decodeResult: success, version: HTTP/1.1, content: EmptyByteBufBE)
GET /devtools/browser/0a40d1e1-0652-4b3b-9b16-da3d467a1643 HTTP/1.1
upgrade: websocket
connection: upgrade
sec-websocket-key: yY5Nkc1NE+ICRnFUmJIRLA==
sec-websocket-version: 13
origin: http://localhost:60647
host: localhost:60647
accept: */*
user-agent: AHC/2.1

Response DefaultHttpResponse(decodeResult: success, version: HTTP/1.1)
HTTP/1.1 101 WebSocket Protocol Handshake
Upgrade: WebSocket
Connection: Upgrade
Sec-WebSocket-Accept: wW21yemT9nVAf8A8zb3S6V1DdwA=

20:25:22.282 [Forwarding setTimeout on session c58d5965b97217d6be2cd1ad7c8c607f to remote] DEBUG org.asynchttpclient.netty.request.NettyRequestSender - Using pooled Channel '[id: 0x821ab6f8, L:/127.0.0.1:60646 - R:localhost/127.0.0.1:25640]' for 'POST' to 'http://localhost:25640/session/c58d5965b97217d6be2cd1ad7c8c607f/timeouts'
20:25:22.282 [Forwarding setTimeout on session c58d5965b97217d6be2cd1ad7c8c607f to remote] DEBUG org.asynchttpclient.netty.request.NettyRequestSender - Using open Channel [id: 0x821ab6f8, L:/127.0.0.1:60646 - R:localhost/127.0.0.1:25640] for POST '/session/c58d5965b97217d6be2cd1ad7c8c607f/timeouts'
20:25:22.284 [AsyncHttpClient-1-10] DEBUG org.asynchttpclient.netty.handler.HttpHandler - 

Request DefaultHttpRequest(decodeResult: success, version: HTTP/1.1)
POST /session/c58d5965b97217d6be2cd1ad7c8c607f/timeouts HTTP/1.1
User-Agent: selenium/4.8.3 (java windows)
Content-Length: 22
Content-Type: application/json; charset=utf-8
host: localhost:25640
accept: */*

Response DefaultHttpResponse(decodeResult: success, version: HTTP/1.1)
HTTP/1.1 200 OK
Content-Length: 14
Content-Type: application/json; charset=utf-8
cache-control: no-cache

20:25:22.284 [AsyncHttpClient-1-10] DEBUG org.asynchttpclient.netty.channel.ChannelManager - Adding key: http://localhost:25640 for channel [id: 0x821ab6f8, L:/127.0.0.1:60646 - R:localhost/127.0.0.1:25640]
20:25:22.284 [Forwarding maximizeCurrentWindow on session c58d5965b97217d6be2cd1ad7c8c607f to remote] DEBUG org.asynchttpclient.netty.request.NettyRequestSender - Using pooled Channel '[id: 0x821ab6f8, L:/127.0.0.1:60646 - R:localhost/127.0.0.1:25640]' for 'POST' to 'http://localhost:25640/session/c58d5965b97217d6be2cd1ad7c8c607f/window/maximize'
20:25:22.284 [Forwarding maximizeCurrentWindow on session c58d5965b97217d6be2cd1ad7c8c607f to remote] DEBUG org.asynchttpclient.netty.request.NettyRequestSender - Using open Channel [id: 0x821ab6f8, L:/127.0.0.1:60646 - R:localhost/127.0.0.1:25640] for POST '/session/c58d5965b97217d6be2cd1ad7c8c607f/window/maximize'
20:25:22.289 [AsyncHttpClient-1-1] DEBUG org.asynchttpclient.netty.channel.DefaultChannelPool - Entry count for : http://localhost:60647 : 1
20:25:22.410 [AsyncHttpClient-1-10] DEBUG org.asynchttpclient.netty.handler.HttpHandler - 

Request DefaultHttpRequest(decodeResult: success, version: HTTP/1.1)
POST /session/c58d5965b97217d6be2cd1ad7c8c607f/window/maximize HTTP/1.1
User-Agent: selenium/4.8.3 (java windows)
Content-Length: 3
Content-Type: application/json; charset=utf-8
host: localhost:25640
accept: */*

Response DefaultHttpResponse(decodeResult: success, version: HTTP/1.1)
HTTP/1.1 200 OK
Content-Length: 51
Content-Type: application/json; charset=utf-8
cache-control: no-cache

20:25:22.411 [AsyncHttpClient-1-10] DEBUG org.asynchttpclient.netty.channel.ChannelManager - Adding key: http://localhost:25640 for channel [id: 0x821ab6f8, L:/127.0.0.1:60646 - R:localhost/127.0.0.1:25640]
20:25:22.412 [Forwarding get on session c58d5965b97217d6be2cd1ad7c8c607f to remote] DEBUG org.asynchttpclient.netty.request.NettyRequestSender - Using pooled Channel '[id: 0x821ab6f8, L:/127.0.0.1:60646 - R:localhost/127.0.0.1:25640]' for 'POST' to 'http://localhost:25640/session/c58d5965b97217d6be2cd1ad7c8c607f/url'
20:25:22.412 [Forwarding get on session c58d5965b97217d6be2cd1ad7c8c607f to remote] DEBUG org.asynchttpclient.netty.request.NettyRequestSender - Using open Channel [id: 0x821ab6f8, L:/127.0.0.1:60646 - R:localhost/127.0.0.1:25640] for POST '/session/c58d5965b97217d6be2cd1ad7c8c607f/url'
20:25:23.391 [AsyncHttpClient-1-1] DEBUG org.asynchttpclient.netty.channel.DefaultChannelPool - Entry count for : http://localhost:60647 : 1
20:25:24.239 [AsyncHttpClient-1-10] DEBUG org.asynchttpclient.netty.handler.HttpHandler - 

Request DefaultHttpRequest(decodeResult: success, version: HTTP/1.1)
POST /session/c58d5965b97217d6be2cd1ad7c8c607f/url HTTP/1.1
User-Agent: selenium/4.8.3 (java windows)
Content-Length: 52
Content-Type: application/json; charset=utf-8
host: localhost:25640
accept: */*

Response DefaultHttpResponse(decodeResult: success, version: HTTP/1.1)
HTTP/1.1 200 OK
Content-Length: 14
Content-Type: application/json; charset=utf-8
cache-control: no-cache

20:25:24.239 [AsyncHttpClient-1-10] DEBUG org.asynchttpclient.netty.channel.ChannelManager - Adding key: http://localhost:25640 for channel [id: 0x821ab6f8, L:/127.0.0.1:60646 - R:localhost/127.0.0.1:25640]
2023-06-06 20:25:24 INFO  BaseTest:104 - Test driver set up done successfully**********
2023-06-06 20:25:24 INFO  BaseTest:122 - Logging in to portal
20:25:24.243 [Forwarding findElement on session c58d5965b97217d6be2cd1ad7c8c607f to remote] DEBUG org.asynchttpclient.netty.request.NettyRequestSender - Using pooled Channel '[id: 0x821ab6f8, L:/127.0.0.1:60646 - R:localhost/127.0.0.1:25640]' for 'POST' to 'http://localhost:25640/session/c58d5965b97217d6be2cd1ad7c8c607f/element'
20:25:24.243 [Forwarding findElement on session c58d5965b97217d6be2cd1ad7c8c607f to remote] DEBUG org.asynchttpclient.netty.request.NettyRequestSender - Using open Channel [id: 0x821ab6f8, L:/127.0.0.1:60646 - R:localhost/127.0.0.1:25640] for POST '/session/c58d5965b97217d6be2cd1ad7c8c607f/element'
20:25:24.271 [AsyncHttpClient-1-10] DEBUG org.asynchttpclient.netty.handler.HttpHandler - 

Request DefaultHttpRequest(decodeResult: success, version: HTTP/1.1)
POST /session/c58d5965b97217d6be2cd1ad7c8c607f/element HTTP/1.1
User-Agent: selenium/4.8.3 (java windows)
Content-Length: 59
Content-Type: application/json; charset=utf-8
host: localhost:25640
accept: */*

Response DefaultHttpResponse(decodeResult: success, version: HTTP/1.1)
HTTP/1.1 200 OK
Content-Length: 95
Content-Type: application/json; charset=utf-8
cache-control: no-cache

20:25:24.271 [AsyncHttpClient-1-10] DEBUG org.asynchttpclient.netty.channel.ChannelManager - Adding key: http://localhost:25640 for channel [id: 0x821ab6f8, L:/127.0.0.1:60646 - R:localhost/127.0.0.1:25640]
20:25:24.273 [Forwarding clearElement on session c58d5965b97217d6be2cd1ad7c8c607f to remote] DEBUG org.asynchttpclient.netty.request.NettyRequestSender - Using pooled Channel '[id: 0x821ab6f8, L:/127.0.0.1:60646 - R:localhost/127.0.0.1:25640]' for 'POST' to 'http://localhost:25640/session/c58d5965b97217d6be2cd1ad7c8c607f/element/1C468B8ED9C83EE9FEA007832746D213_element_30/clear'
20:25:24.274 [Forwarding clearElement on session c58d5965b97217d6be2cd1ad7c8c607f to remote] DEBUG org.asynchttpclient.netty.request.NettyRequestSender - Using open Channel [id: 0x821ab6f8, L:/127.0.0.1:60646 - R:localhost/127.0.0.1:25640] for POST '/session/c58d5965b97217d6be2cd1ad7c8c607f/element/1C468B8ED9C83EE9FEA007832746D213_element_30/clear'
20:25:24.344 [AsyncHttpClient-1-10] DEBUG org.asynchttpclient.netty.handler.HttpHandler - 

Request DefaultHttpRequest(decodeResult: success, version: HTTP/1.1)
POST /session/c58d5965b97217d6be2cd1ad7c8c607f/element/1C468B8ED9C83EE9FEA007832746D213_element_30/clear HTTP/1.1
User-Agent: selenium/4.8.3 (java windows)
Content-Length: 57
Content-Type: application/json; charset=utf-8
host: localhost:25640
accept: */*

Response DefaultHttpResponse(decodeResult: success, version: HTTP/1.1)
HTTP/1.1 200 OK
Content-Length: 14
Content-Type: application/json; charset=utf-8
cache-control: no-cache

20:25:24.344 [AsyncHttpClient-1-10] DEBUG org.asynchttpclient.netty.channel.ChannelManager - Adding key: http://localhost:25640 for channel [id: 0x821ab6f8, L:/127.0.0.1:60646 - R:localhost/127.0.0.1:25640]
20:25:24.346 [Forwarding findElement on session c58d5965b97217d6be2cd1ad7c8c607f to remote] DEBUG org.asynchttpclient.netty.request.NettyRequestSender - Using pooled Channel '[id: 0x821ab6f8, L:/127.0.0.1:60646 - R:localhost/127.0.0.1:25640]' for 'POST' to 'http://localhost:25640/session/c58d5965b97217d6be2cd1ad7c8c607f/element'
20:25:24.346 [Forwarding findElement on session c58d5965b97217d6be2cd1ad7c8c607f to remote] DEBUG org.asynchttpclient.netty.request.NettyRequestSender - Using open Channel [id: 0x821ab6f8, L:/127.0.0.1:60646 - R:localhost/127.0.0.1:25640] for POST '/session/c58d5965b97217d6be2cd1ad7c8c607f/element'
20:25:24.357 [AsyncHttpClient-1-10] DEBUG org.asynchttpclient.netty.handler.HttpHandler - 

Request DefaultHttpRequest(decodeResult: success, version: HTTP/1.1)
POST /session/c58d5965b97217d6be2cd1ad7c8c607f/element HTTP/1.1
User-Agent: selenium/4.8.3 (java windows)
Content-Length: 59
Content-Type: application/json; charset=utf-8
host: localhost:25640
accept: */*

Response DefaultHttpResponse(decodeResult: success, version: HTTP/1.1)
HTTP/1.1 200 OK
Content-Length: 95
Content-Type: application/json; charset=utf-8
cache-control: no-cache

20:25:24.357 [AsyncHttpClient-1-10] DEBUG org.asynchttpclient.netty.channel.ChannelManager - Adding key: http://localhost:25640 for channel [id: 0x821ab6f8, L:/127.0.0.1:60646 - R:localhost/127.0.0.1:25640]
20:25:24.359 [Forwarding sendKeysToElement on session c58d5965b97217d6be2cd1ad7c8c607f to remote] DEBUG org.asynchttpclient.netty.request.NettyRequestSender - Using pooled Channel '[id: 0x821ab6f8, L:/127.0.0.1:60646 - R:localhost/127.0.0.1:25640]' for 'POST' to 'http://localhost:25640/session/c58d5965b97217d6be2cd1ad7c8c607f/element/1C468B8ED9C83EE9FEA007832746D213_element_30/value'
20:25:24.359 [Forwarding sendKeysToElement on session c58d5965b97217d6be2cd1ad7c8c607f to remote] DEBUG org.asynchttpclient.netty.request.NettyRequestSender - Using open Channel [id: 0x821ab6f8, L:/127.0.0.1:60646 - R:localhost/127.0.0.1:25640] for POST '/session/c58d5965b97217d6be2cd1ad7c8c607f/element/1C468B8ED9C83EE9FEA007832746D213_element_30/value'
20:25:24.489 [AsyncHttpClient-1-10] DEBUG org.asynchttpclient.netty.handler.HttpHandler - 

Request DefaultHttpRequest(decodeResult: success, version: HTTP/1.1)
POST /session/c58d5965b97217d6be2cd1ad7c8c607f/element/1C468B8ED9C83EE9FEA007832746D213_element_30/value HTTP/1.1
User-Agent: selenium/4.8.3 (java windows)
Content-Length: 188
Content-Type: application/json; charset=utf-8
host: localhost:25640
accept: */*

Response DefaultHttpResponse(decodeResult: success, version: HTTP/1.1)
HTTP/1.1 200 OK
Content-Length: 14
Content-Type: application/json; charset=utf-8
cache-control: no-cache

20:25:24.489 [AsyncHttpClient-1-10] DEBUG org.asynchttpclient.netty.channel.ChannelManager - Adding key: http://localhost:25640 for channel [id: 0x821ab6f8, L:/127.0.0.1:60646 - R:localhost/127.0.0.1:25640]
20:25:24.490 [AsyncHttpClient-1-1] DEBUG org.asynchttpclient.netty.channel.DefaultChannelPool - Entry count for : http://localhost:60647 : 1
20:25:24.490 [AsyncHttpClient-1-1] DEBUG org.asynchttpclient.netty.channel.DefaultChannelPool - Entry count for : http://localhost:25640 : 1
20:25:24.491 [Forwarding findElement on session c58d5965b97217d6be2cd1ad7c8c607f to remote] DEBUG org.asynchttpclient.netty.request.NettyRequestSender - Using pooled Channel '[id: 0x821ab6f8, L:/127.0.0.1:60646 - R:localhost/127.0.0.1:25640]' for 'POST' to 'http://localhost:25640/session/c58d5965b97217d6be2cd1ad7c8c607f/element'
20:25:24.491 [Forwarding findElement on session c58d5965b97217d6be2cd1ad7c8c607f to remote] DEBUG org.asynchttpclient.netty.request.NettyRequestSender - Using open Channel [id: 0x821ab6f8, L:/127.0.0.1:60646 - R:localhost/127.0.0.1:25640] for POST '/session/c58d5965b97217d6be2cd1ad7c8c607f/element'
20:25:24.506 [AsyncHttpClient-1-10] DEBUG org.asynchttpclient.netty.handler.HttpHandler - 

Request DefaultHttpRequest(decodeResult: success, version: HTTP/1.1)
POST /session/c58d5965b97217d6be2cd1ad7c8c607f/element HTTP/1.1
User-Agent: selenium/4.8.3 (java windows)
Content-Length: 62
Content-Type: application/json; charset=utf-8
host: localhost:25640
accept: */*

Response DefaultHttpResponse(decodeResult: success, version: HTTP/1.1)
HTTP/1.1 200 OK
Content-Length: 95
Content-Type: application/json; charset=utf-8
cache-control: no-cache

20:25:24.506 [AsyncHttpClient-1-10] DEBUG org.asynchttpclient.netty.channel.ChannelManager - Adding key: http://localhost:25640 for channel [id: 0x821ab6f8, L:/127.0.0.1:60646 - R:localhost/127.0.0.1:25640]
20:25:24.507 [Forwarding clearElement on session c58d5965b97217d6be2cd1ad7c8c607f to remote] DEBUG org.asynchttpclient.netty.request.NettyRequestSender - Using pooled Channel '[id: 0x821ab6f8, L:/127.0.0.1:60646 - R:localhost/127.0.0.1:25640]' for 'POST' to 'http://localhost:25640/session/c58d5965b97217d6be2cd1ad7c8c607f/element/1C468B8ED9C83EE9FEA007832746D213_element_32/clear'
20:25:24.507 [Forwarding clearElement on session c58d5965b97217d6be2cd1ad7c8c607f to remote] DEBUG org.asynchttpclient.netty.request.NettyRequestSender - Using open Channel [id: 0x821ab6f8, L:/127.0.0.1:60646 - R:localhost/127.0.0.1:25640] for POST '/session/c58d5965b97217d6be2cd1ad7c8c607f/element/1C468B8ED9C83EE9FEA007832746D213_element_32/clear'
20:25:24.552 [AsyncHttpClient-1-10] DEBUG org.asynchttpclient.netty.handler.HttpHandler - 

Request DefaultHttpRequest(decodeResult: success, version: HTTP/1.1)
POST /session/c58d5965b97217d6be2cd1ad7c8c607f/element/1C468B8ED9C83EE9FEA007832746D213_element_32/clear HTTP/1.1
User-Agent: selenium/4.8.3 (java windows)
Content-Length: 57
Content-Type: application/json; charset=utf-8
host: localhost:25640
accept: */*

Response DefaultHttpResponse(decodeResult: success, version: HTTP/1.1)
HTTP/1.1 200 OK
Content-Length: 14
Content-Type: application/json; charset=utf-8
cache-control: no-cache

20:25:24.553 [AsyncHttpClient-1-10] DEBUG org.asynchttpclient.netty.channel.ChannelManager - Adding key: http://localhost:25640 for channel [id: 0x821ab6f8, L:/127.0.0.1:60646 - R:localhost/127.0.0.1:25640]
20:25:24.555 [Forwarding findElement on session c58d5965b97217d6be2cd1ad7c8c607f to remote] DEBUG org.asynchttpclient.netty.request.NettyRequestSender - Using pooled Channel '[id: 0x821ab6f8, L:/127.0.0.1:60646 - R:localhost/127.0.0.1:25640]' for 'POST' to 'http://localhost:25640/session/c58d5965b97217d6be2cd1ad7c8c607f/element'
20:25:24.555 [Forwarding findElement on session c58d5965b97217d6be2cd1ad7c8c607f to remote] DEBUG org.asynchttpclient.netty.request.NettyRequestSender - Using open Channel [id: 0x821ab6f8, L:/127.0.0.1:60646 - R:localhost/127.0.0.1:25640] for POST '/session/c58d5965b97217d6be2cd1ad7c8c607f/element'
20:25:24.606 [AsyncHttpClient-1-10] DEBUG org.asynchttpclient.netty.handler.HttpHandler - 

Request DefaultHttpRequest(decodeResult: success, version: HTTP/1.1)
POST /session/c58d5965b97217d6be2cd1ad7c8c607f/element HTTP/1.1
User-Agent: selenium/4.8.3 (java windows)
Content-Length: 62
Content-Type: application/json; charset=utf-8
host: localhost:25640
accept: */*

Response DefaultHttpResponse(decodeResult: success, version: HTTP/1.1)
HTTP/1.1 200 OK
Content-Length: 95
Content-Type: application/json; charset=utf-8
cache-control: no-cache

20:25:24.606 [AsyncHttpClient-1-10] DEBUG org.asynchttpclient.netty.channel.ChannelManager - Adding key: http://localhost:25640 for channel [id: 0x821ab6f8, L:/127.0.0.1:60646 - R:localhost/127.0.0.1:25640]
20:25:24.608 [Forwarding sendKeysToElement on session c58d5965b97217d6be2cd1ad7c8c607f to remote] DEBUG org.asynchttpclient.netty.request.NettyRequestSender - Using pooled Channel '[id: 0x821ab6f8, L:/127.0.0.1:60646 - R:localhost/127.0.0.1:25640]' for 'POST' to 'http://localhost:25640/session/c58d5965b97217d6be2cd1ad7c8c607f/element/1C468B8ED9C83EE9FEA007832746D213_element_32/value'
20:25:24.608 [Forwarding sendKeysToElement on session c58d5965b97217d6be2cd1ad7c8c607f to remote] DEBUG org.asynchttpclient.netty.request.NettyRequestSender - Using open Channel [id: 0x821ab6f8, L:/127.0.0.1:60646 - R:localhost/127.0.0.1:25640] for POST '/session/c58d5965b97217d6be2cd1ad7c8c607f/element/1C468B8ED9C83EE9FEA007832746D213_element_32/value'
20:25:24.754 [AsyncHttpClient-1-10] DEBUG org.asynchttpclient.netty.handler.HttpHandler - 

Request DefaultHttpRequest(decodeResult: success, version: HTTP/1.1)
POST /session/c58d5965b97217d6be2cd1ad7c8c607f/element/1C468B8ED9C83EE9FEA007832746D213_element_32/value HTTP/1.1
User-Agent: selenium/4.8.3 (java windows)
Content-Length: 148
Content-Type: application/json; charset=utf-8
host: localhost:25640
accept: */*

Response DefaultHttpResponse(decodeResult: success, version: HTTP/1.1)
HTTP/1.1 200 OK
Content-Length: 14
Content-Type: application/json; charset=utf-8
cache-control: no-cache

20:25:24.754 [AsyncHttpClient-1-10] DEBUG org.asynchttpclient.netty.channel.ChannelManager - Adding key: http://localhost:25640 for channel [id: 0x821ab6f8, L:/127.0.0.1:60646 - R:localhost/127.0.0.1:25640]
20:25:24.755 [Forwarding findElement on session c58d5965b97217d6be2cd1ad7c8c607f to remote] DEBUG org.asynchttpclient.netty.request.NettyRequestSender - Using pooled Channel '[id: 0x821ab6f8, L:/127.0.0.1:60646 - R:localhost/127.0.0.1:25640]' for 'POST' to 'http://localhost:25640/session/c58d5965b97217d6be2cd1ad7c8c607f/element'
20:25:24.755 [Forwarding findElement on session c58d5965b97217d6be2cd1ad7c8c607f to remote] DEBUG org.asynchttpclient.netty.request.NettyRequestSender - Using open Channel [id: 0x821ab6f8, L:/127.0.0.1:60646 - R:localhost/127.0.0.1:25640] for POST '/session/c58d5965b97217d6be2cd1ad7c8c607f/element'
20:25:24.782 [AsyncHttpClient-1-10] DEBUG org.asynchttpclient.netty.handler.HttpHandler - 

Request DefaultHttpRequest(decodeResult: success, version: HTTP/1.1)
POST /session/c58d5965b97217d6be2cd1ad7c8c607f/element HTTP/1.1
User-Agent: selenium/4.8.3 (java windows)
Content-Length: 71
Content-Type: application/json; charset=utf-8
host: localhost:25640
accept: */*

Response DefaultHttpResponse(decodeResult: success, version: HTTP/1.1)
HTTP/1.1 200 OK
Content-Length: 95
Content-Type: application/json; charset=utf-8
cache-control: no-cache

20:25:24.783 [AsyncHttpClient-1-10] DEBUG org.asynchttpclient.netty.channel.ChannelManager - Adding key: http://localhost:25640 for channel [id: 0x821ab6f8, L:/127.0.0.1:60646 - R:localhost/127.0.0.1:25640]
20:25:24.784 [Forwarding clickElement on session c58d5965b97217d6be2cd1ad7c8c607f to remote] DEBUG org.asynchttpclient.netty.request.NettyRequestSender - Using pooled Channel '[id: 0x821ab6f8, L:/127.0.0.1:60646 - R:localhost/127.0.0.1:25640]' for 'POST' to 'http://localhost:25640/session/c58d5965b97217d6be2cd1ad7c8c607f/element/1C468B8ED9C83EE9FEA007832746D213_element_33/click'
20:25:24.785 [Forwarding clickElement on session c58d5965b97217d6be2cd1ad7c8c607f to remote] DEBUG org.asynchttpclient.netty.request.NettyRequestSender - Using open Channel [id: 0x821ab6f8, L:/127.0.0.1:60646 - R:localhost/127.0.0.1:25640] for POST '/session/c58d5965b97217d6be2cd1ad7c8c607f/element/1C468B8ED9C83EE9FEA007832746D213_element_33/click'
20:25:24.863 [AsyncHttpClient-1-10] DEBUG org.asynchttpclient.netty.handler.HttpHandler - 

Request DefaultHttpRequest(decodeResult: success, version: HTTP/1.1)
POST /session/c58d5965b97217d6be2cd1ad7c8c607f/element/1C468B8ED9C83EE9FEA007832746D213_element_33/click HTTP/1.1
User-Agent: selenium/4.8.3 (java windows)
Content-Length: 57
Content-Type: application/json; charset=utf-8
host: localhost:25640
accept: */*

Response DefaultHttpResponse(decodeResult: success, version: HTTP/1.1)
HTTP/1.1 200 OK
Content-Length: 14
Content-Type: application/json; charset=utf-8
cache-control: no-cache

20:25:24.863 [AsyncHttpClient-1-10] DEBUG org.asynchttpclient.netty.channel.ChannelManager - Adding key: http://localhost:25640 for channel [id: 0x821ab6f8, L:/127.0.0.1:60646 - R:localhost/127.0.0.1:25640]
2023-06-06 20:25:24 INFO  BaseTest:126 - Logged in
20:25:24.867 [rp-io-66] DEBUG com.epam.reportportal.service.Launch - Starting test item...rp-io-66
2023-06-06 20:25:24 INFO  Listeners:34 - Started Test null
20:25:24.868 [Forwarding findElement on session c58d5965b97217d6be2cd1ad7c8c607f to remote] DEBUG org.asynchttpclient.netty.request.NettyRequestSender - Using pooled Channel '[id: 0x821ab6f8, L:/127.0.0.1:60646 - R:localhost/127.0.0.1:25640]' for 'POST' to 'http://localhost:25640/session/c58d5965b97217d6be2cd1ad7c8c607f/element'
20:25:24.869 [Forwarding findElement on session c58d5965b97217d6be2cd1ad7c8c607f to remote] DEBUG org.asynchttpclient.netty.request.NettyRequestSender - Using open Channel [id: 0x821ab6f8, L:/127.0.0.1:60646 - R:localhost/127.0.0.1:25640] for POST '/session/c58d5965b97217d6be2cd1ad7c8c607f/element'
20:25:24.917 [rp-io-64] DEBUG com.epam.reportportal.service.Launch - TestItem with ID = 'e58f7028-ac67-495d-9efa-cddb12bb0401' successfully finished.
20:25:24.917 [rp-io-64] DEBUG com.epam.reportportal.utils.SubscriptionUtils - Finish test item completed
20:25:24.937 [rp-io-66] DEBUG com.epam.reportportal.service.Launch - ReportPortal item with ID 'c3fbc0fe-2ae4-4903-8bd4-bec7974fd85a' has been created
20:25:24.937 [rp-io-66] DEBUG com.epam.reportportal.utils.SubscriptionUtils - Start test item successfully completed
20:25:25.416 [AsyncHttpClient-1-10] DEBUG org.asynchttpclient.netty.handler.HttpHandler - 

Request DefaultHttpRequest(decodeResult: success, version: HTTP/1.1)
POST /session/c58d5965b97217d6be2cd1ad7c8c607f/element HTTP/1.1
User-Agent: selenium/4.8.3 (java windows)
Content-Length: 168
Content-Type: application/json; charset=utf-8
host: localhost:25640
accept: */*

Response DefaultHttpResponse(decodeResult: success, version: HTTP/1.1)
HTTP/1.1 200 OK
Content-Length: 95
Content-Type: application/json; charset=utf-8
cache-control: no-cache

20:25:25.416 [AsyncHttpClient-1-10] DEBUG org.asynchttpclient.netty.channel.ChannelManager - Adding key: http://localhost:25640 for channel [id: 0x821ab6f8, L:/127.0.0.1:60646 - R:localhost/127.0.0.1:25640]
20:25:25.417 [Forwarding clickElement on session c58d5965b97217d6be2cd1ad7c8c607f to remote] DEBUG org.asynchttpclient.netty.request.NettyRequestSender - Using pooled Channel '[id: 0x821ab6f8, L:/127.0.0.1:60646 - R:localhost/127.0.0.1:25640]' for 'POST' to 'http://localhost:25640/session/c58d5965b97217d6be2cd1ad7c8c607f/element/1C468B8ED9C83EE9FEA007832746D213_element_40/click'
20:25:25.417 [Forwarding clickElement on session c58d5965b97217d6be2cd1ad7c8c607f to remote] DEBUG org.asynchttpclient.netty.request.NettyRequestSender - Using open Channel [id: 0x821ab6f8, L:/127.0.0.1:60646 - R:localhost/127.0.0.1:25640] for POST '/session/c58d5965b97217d6be2cd1ad7c8c607f/element/1C468B8ED9C83EE9FEA007832746D213_element_40/click'
20:25:25.590 [AsyncHttpClient-1-1] DEBUG org.asynchttpclient.netty.channel.DefaultChannelPool - Entry count for : http://localhost:60647 : 1
20:25:25.929 [AsyncHttpClient-1-10] DEBUG org.asynchttpclient.netty.handler.HttpHandler - 

Request DefaultHttpRequest(decodeResult: success, version: HTTP/1.1)
POST /session/c58d5965b97217d6be2cd1ad7c8c607f/element/1C468B8ED9C83EE9FEA007832746D213_element_40/click HTTP/1.1
User-Agent: selenium/4.8.3 (java windows)
Content-Length: 57
Content-Type: application/json; charset=utf-8
host: localhost:25640
accept: */*

Response DefaultHttpResponse(decodeResult: success, version: HTTP/1.1)
HTTP/1.1 200 OK
Content-Length: 14
Content-Type: application/json; charset=utf-8
cache-control: no-cache

20:25:25.929 [AsyncHttpClient-1-10] DEBUG org.asynchttpclient.netty.channel.ChannelManager - Adding key: http://localhost:25640 for channel [id: 0x821ab6f8, L:/127.0.0.1:60646 - R:localhost/127.0.0.1:25640]
20:25:25.930 [Forwarding findElement on session c58d5965b97217d6be2cd1ad7c8c607f to remote] DEBUG org.asynchttpclient.netty.request.NettyRequestSender - Using pooled Channel '[id: 0x821ab6f8, L:/127.0.0.1:60646 - R:localhost/127.0.0.1:25640]' for 'POST' to 'http://localhost:25640/session/c58d5965b97217d6be2cd1ad7c8c607f/element'
20:25:25.930 [Forwarding findElement on session c58d5965b97217d6be2cd1ad7c8c607f to remote] DEBUG org.asynchttpclient.netty.request.NettyRequestSender - Using open Channel [id: 0x821ab6f8, L:/127.0.0.1:60646 - R:localhost/127.0.0.1:25640] for POST '/session/c58d5965b97217d6be2cd1ad7c8c607f/element'
20:25:26.689 [AsyncHttpClient-1-1] DEBUG org.asynchttpclient.netty.channel.DefaultChannelPool - Entry count for : http://localhost:60647 : 1
20:25:27.790 [AsyncHttpClient-1-1] DEBUG org.asynchttpclient.netty.channel.DefaultChannelPool - Entry count for : http://localhost:60647 : 1
20:25:28.890 [AsyncHttpClient-1-1] DEBUG org.asynchttpclient.netty.channel.DefaultChannelPool - Entry count for : http://localhost:60647 : 1
20:25:29.940 [AsyncHttpClient-1-10] DEBUG org.asynchttpclient.netty.handler.HttpHandler - 

Request DefaultHttpRequest(decodeResult: success, version: HTTP/1.1)
POST /session/c58d5965b97217d6be2cd1ad7c8c607f/element HTTP/1.1
User-Agent: selenium/4.8.3 (java windows)
Content-Length: 85
Content-Type: application/json; charset=utf-8
host: localhost:25640
accept: */*

Response DefaultHttpResponse(decodeResult: success, version: HTTP/1.1)
HTTP/1.1 404 Not Found
Content-Length: 975
Content-Type: application/json; charset=utf-8
cache-control: no-cache

20:25:29.941 [AsyncHttpClient-1-10] DEBUG org.asynchttpclient.netty.channel.ChannelManager - Adding key: http://localhost:25640 for channel [id: 0x821ab6f8, L:/127.0.0.1:60646 - R:localhost/127.0.0.1:25640]
2023-06-06 20:25:29 INFO  Listeners:55 - Skipped test null
20:25:29.942 [main] ERROR com.epam.reportportal.service.Launch - Item io.reactivex.internal.operators.maybe.MaybeCache@c10f7a8 not found in the cache
]]></system-out>
    <system-err><![CDATA[Starting ChromeDriver 114.0.5735.90 (386bc09e8f4f2e025eddae123f36f6263096ae49-refs/branch-heads/5735@{#1052}) on port 25640
Only local connections are allowed.
Please see https://chromedriver.chromium.org/security-considerations for suggestions on keeping ChromeDriver safe.
ChromeDriver was started successfully.
Jun 06, 2023 8:25:22 PM org.openqa.selenium.devtools.CdpVersionFinder findNearestMatch
WARNING: Unable to find an exact match for CDP version 114, so returning the closest version found: 111
]]></system-err>
  </testcase>
  <testcase name="searchDashboardNameDP[FAILED CASES TREND CHART](10)" classname="alltests.uitest.coreTest.DashboardPageTest" time="1.349">
    <system-out><![CDATA[20:25:29.944 [AsyncHttpClient-1-12] DEBUG org.asynchttpclient.netty.handler.WebSocketHandler - Channel Closed: [id: 0x1a1242c6, L:/127.0.0.1:60655 ! R:localhost/127.0.0.1:60647] with attribute NettyResponseFuture{currentRetry=0,
	isDone=1,
	isCancelled=0,
	asyncHandler=org.asynchttpclient.ws.WebSocketUpgradeHandler@68176c0e,
	nettyRequest=org.asynchttpclient.netty.request.NettyRequest@3a962adf,
	future=java.util.concurrent.CompletableFuture@51607c23[Completed normally],
	uri=ws://localhost:60647/devtools/browser/0a40d1e1-0652-4b3b-9b16-da3d467a1643,
	keepAlive=true,
	redirectCount=0,
	timeoutsHolder=null,
	inAuth=0,
	touch=1686075922278}
20:25:29.944 [rp-io-69] DEBUG com.epam.reportportal.service.Launch - Starting test item...rp-io-69
20:25:29.944 [AsyncHttpClient-1-12] DEBUG org.asynchttpclient.netty.channel.ChannelManager - Closing Channel [id: 0x1a1242c6, L:/127.0.0.1:60655 ! R:localhost/127.0.0.1:60647] 
20:25:29.945 [Driver Command Executor] DEBUG org.asynchttpclient.netty.request.NettyRequestSender - Using pooled Channel '[id: 0x821ab6f8, L:/127.0.0.1:60646 - R:localhost/127.0.0.1:25640]' for 'DELETE' to 'http://localhost:25640/session/c58d5965b97217d6be2cd1ad7c8c607f'
20:25:29.946 [Driver Command Executor] DEBUG org.asynchttpclient.netty.request.NettyRequestSender - Using open Channel [id: 0x821ab6f8, L:/127.0.0.1:60646 - R:localhost/127.0.0.1:25640] for DELETE '/session/c58d5965b97217d6be2cd1ad7c8c607f'
20:25:29.970 [rp-io-69] DEBUG com.epam.reportportal.service.Launch - ReportPortal item with ID 'bb026ad4-3e6c-4ef5-91c6-f607cc4f80bb' has been created
20:25:29.970 [rp-io-69] DEBUG com.epam.reportportal.utils.SubscriptionUtils - Start test item successfully completed
20:25:29.970 [rp-io-68] DEBUG com.epam.reportportal.service.Launch - TestItem with ID = 'e58f7028-ac67-495d-9efa-cddb12bb0401' successfully finished.
20:25:29.970 [rp-io-68] DEBUG com.epam.reportportal.utils.SubscriptionUtils - Finish test item completed
20:25:29.983 [rp-io-73] DEBUG com.epam.reportportal.service.Launch - TestItem with ID = 'c3fbc0fe-2ae4-4903-8bd4-bec7974fd85a' successfully finished.
20:25:29.983 [rp-io-73] DEBUG com.epam.reportportal.utils.SubscriptionUtils - Finish test item completed
20:25:29.990 [AsyncHttpClient-1-1] DEBUG org.asynchttpclient.netty.channel.DefaultChannelPool - Entry count for : http://localhost:60647 : 1
20:25:30.049 [AsyncHttpClient-1-11] DEBUG org.asynchttpclient.netty.handler.HttpHandler - Unexpected I/O exception on channel [id: 0xdce4bb82, L:/127.0.0.1:60654 - R:localhost/127.0.0.1:60647]
java.net.SocketException: Connection reset
	at java.base/sun.nio.ch.SocketChannelImpl.throwConnectionReset(SocketChannelImpl.java:394)
	at java.base/sun.nio.ch.SocketChannelImpl.read(SocketChannelImpl.java:426)
	at io.netty.buffer.PooledByteBuf.setBytes(PooledByteBuf.java:256)
	at io.netty.buffer.AbstractByteBuf.writeBytes(AbstractByteBuf.java:1132)
	at io.netty.channel.socket.nio.NioSocketChannel.doReadBytes(NioSocketChannel.java:357)
	at io.netty.channel.nio.AbstractNioByteChannel$NioByteUnsafe.read(AbstractNioByteChannel.java:151)
	at io.netty.channel.nio.NioEventLoop.processSelectedKey(NioEventLoop.java:788)
	at io.netty.channel.nio.NioEventLoop.processSelectedKeysOptimized(NioEventLoop.java:724)
	at io.netty.channel.nio.NioEventLoop.processSelectedKeys(NioEventLoop.java:650)
	at io.netty.channel.nio.NioEventLoop.run(NioEventLoop.java:562)
	at io.netty.util.concurrent.SingleThreadEventExecutor$4.run(SingleThreadEventExecutor.java:997)
	at io.netty.util.internal.ThreadExecutorMap$2.run(ThreadExecutorMap.java:74)
	at io.netty.util.concurrent.FastThreadLocalRunnable.run(FastThreadLocalRunnable.java:30)
	at java.base/java.lang.Thread.run(Thread.java:833)
20:25:30.049 [AsyncHttpClient-1-11] DEBUG org.asynchttpclient.netty.channel.ChannelManager - Closing Channel [id: 0xdce4bb82, L:/127.0.0.1:60654 - R:localhost/127.0.0.1:60647] 
20:25:30.049 [AsyncHttpClient-1-11] DEBUG org.asynchttpclient.netty.handler.HttpHandler - Channel Closed: [id: 0xdce4bb82, L:/127.0.0.1:60654 ! R:localhost/127.0.0.1:60647] with attribute DISCARD
20:25:30.083 [AsyncHttpClient-1-10] DEBUG org.asynchttpclient.netty.handler.HttpHandler - 

Request DefaultFullHttpRequest(decodeResult: success, version: HTTP/1.1, content: EmptyByteBufBE)
DELETE /session/c58d5965b97217d6be2cd1ad7c8c607f HTTP/1.1
User-Agent: selenium/4.8.3 (java windows)
Content-Type: application/json; charset=utf-8
host: localhost:25640
accept: */*

Response DefaultHttpResponse(decodeResult: success, version: HTTP/1.1)
HTTP/1.1 200 OK
Content-Length: 14
Content-Type: application/json; charset=utf-8
cache-control: no-cache

20:25:30.083 [AsyncHttpClient-1-10] DEBUG org.asynchttpclient.netty.channel.ChannelManager - Adding key: http://localhost:25640 for channel [id: 0x821ab6f8, L:/127.0.0.1:60646 - R:localhost/127.0.0.1:25640]
20:25:30.156 [AsyncHttpClient-1-10] DEBUG org.asynchttpclient.netty.handler.HttpHandler - Channel Closed: [id: 0x821ab6f8, L:/127.0.0.1:60646 ! R:localhost/127.0.0.1:25640] with attribute DISCARD
2023-06-06 20:25:30 INFO  BaseTest:83 - Test executed**********
20:25:30.200 [rp-io-81] DEBUG com.epam.reportportal.service.Launch - Starting test item...rp-io-81
2023-06-06 20:25:30 INFO  BaseTest:110 - Property files loaded successfully**********
20:25:30.229 [main] DEBUG io.github.bonigarcia.wdm.cache.ResolutionCache - Resolution chrome=114 in cache (valid until 21:23:55 06/06/2023 CEST)
20:25:30.230 [main] DEBUG io.github.bonigarcia.wdm.cache.ResolutionCache - Resolution chrome114=114.0.5735.90 in cache (valid until 16:16:26 07/06/2023 CEST)
20:25:30.230 [main] INFO io.github.bonigarcia.wdm.WebDriverManager - Using chromedriver 114.0.5735.90 (resolved driver for Chrome 114)
20:25:30.243 [main] DEBUG io.github.bonigarcia.wdm.WebDriverManager - Driver chromedriver 114.0.5735.90 found in cache
20:25:30.247 [main] INFO io.github.bonigarcia.wdm.WebDriverManager - Exporting webdriver.chrome.driver as C:\Users\Suwarna_Wagh\.cache\selenium\chromedriver\win32\114.0.5735.90\chromedriver.exe
20:25:30.264 [rp-io-78] DEBUG com.epam.reportportal.service.Launch - TestItem with ID = 'bb026ad4-3e6c-4ef5-91c6-f607cc4f80bb' successfully finished.
20:25:30.264 [rp-io-81] DEBUG com.epam.reportportal.service.Launch - ReportPortal item with ID 'ccf3bea2-9813-47b1-b470-74bc2e6eaa53' has been created
20:25:30.264 [rp-io-78] DEBUG com.epam.reportportal.utils.SubscriptionUtils - Finish test item completed
20:25:30.264 [rp-io-81] DEBUG com.epam.reportportal.utils.SubscriptionUtils - Start test item successfully completed
20:25:30.633 [AsyncHttpClient-1-13] DEBUG org.asynchttpclient.netty.channel.NettyConnectListener - Using new Channel '[id: 0x7e32269d, L:/127.0.0.1:60682 - R:localhost/127.0.0.1:7023]' for 'POST' to '/session'
20:25:31.090 [AsyncHttpClient-1-1] DEBUG org.asynchttpclient.netty.channel.DefaultChannelPool - Entry count for : http://localhost:60647 : 1
20:25:31.090 [AsyncHttpClient-1-1] DEBUG org.asynchttpclient.netty.channel.DefaultChannelPool - Entry count for : http://localhost:25640 : 1
20:25:31.090 [AsyncHttpClient-1-1] DEBUG org.asynchttpclient.netty.channel.DefaultChannelPool - Adding Candidate expired Channel [id: 0xdce4bb82, L:/127.0.0.1:60654 ! R:localhost/127.0.0.1:60647] isIdleTimeoutExpired=false isRemotelyClosed=true isTtlExpired=false
20:25:31.090 [AsyncHttpClient-1-1] DEBUG org.asynchttpclient.netty.channel.DefaultChannelPool - Closing Idle Channel [id: 0xdce4bb82, L:/127.0.0.1:60654 ! R:localhost/127.0.0.1:60647]
20:25:31.090 [AsyncHttpClient-1-1] DEBUG org.asynchttpclient.netty.channel.DefaultChannelPool - Adding Candidate expired Channel [id: 0x821ab6f8, L:/127.0.0.1:60646 ! R:localhost/127.0.0.1:25640] isIdleTimeoutExpired=false isRemotelyClosed=true isTtlExpired=false
20:25:31.090 [AsyncHttpClient-1-1] DEBUG org.asynchttpclient.netty.channel.DefaultChannelPool - Closing Idle Channel [id: 0x821ab6f8, L:/127.0.0.1:60646 ! R:localhost/127.0.0.1:25640]
20:25:31.090 [AsyncHttpClient-1-1] DEBUG org.asynchttpclient.netty.channel.DefaultChannelPool - Closed 2 connections out of 2 in 0 ms
20:25:31.957 [AsyncHttpClient-1-13] DEBUG org.asynchttpclient.netty.handler.HttpHandler - 

Request DefaultHttpRequest(decodeResult: success, version: HTTP/1.1)
POST /session HTTP/1.1
User-Agent: selenium/4.8.3 (java windows)
Content-Length: 439
Content-Type: application/json; charset=utf-8
host: localhost:7023
accept: */*

Response DefaultHttpResponse(decodeResult: success, version: HTTP/1.1)
HTTP/1.1 200 OK
Content-Length: 863
Content-Type: application/json; charset=utf-8
cache-control: no-cache

20:25:31.957 [AsyncHttpClient-1-13] DEBUG org.asynchttpclient.netty.channel.ChannelManager - Adding key: http://localhost:7023 for channel [id: 0x7e32269d, L:/127.0.0.1:60682 - R:localhost/127.0.0.1:7023]
20:25:31.965 [AsyncHttpClient-1-14] DEBUG org.asynchttpclient.netty.channel.NettyConnectListener - Using new Channel '[id: 0xd358beb4, L:/127.0.0.1:60690 - R:localhost/127.0.0.1:60683]' for 'GET' to '/json/version'
20:25:31.966 [AsyncHttpClient-1-14] DEBUG org.asynchttpclient.netty.handler.HttpHandler - 

Request DefaultFullHttpRequest(decodeResult: success, version: HTTP/1.1, content: EmptyByteBufBE)
GET /json/version HTTP/1.1
User-Agent: selenium/4.8.3 (java windows)
host: localhost:60683
accept: */*

Response DefaultHttpResponse(decodeResult: success, version: HTTP/1.1)
HTTP/1.1 200 OK
Content-Security-Policy: frame-ancestors 'none'
Content-Length: 424
Content-Type: application/json; charset=UTF-8

20:25:31.966 [AsyncHttpClient-1-14] DEBUG org.asynchttpclient.netty.channel.ChannelManager - Adding key: http://localhost:60683 for channel [id: 0xd358beb4, L:/127.0.0.1:60690 - R:localhost/127.0.0.1:60683]
20:25:31.969 [AsyncHttpClient-1-15] DEBUG org.asynchttpclient.netty.channel.NettyConnectListener - Using new Channel '[id: 0x5abe2bd3, L:/127.0.0.1:60691 - R:localhost/127.0.0.1:60683]' for 'GET' to '/devtools/browser/ed03f241-da30-4818-ae22-4bed55c7b5e4'
20:25:31.970 [AsyncHttpClient-1-15] DEBUG org.asynchttpclient.netty.handler.WebSocketHandler - 

Request DefaultFullHttpRequest(decodeResult: success, version: HTTP/1.1, content: EmptyByteBufBE)
GET /devtools/browser/ed03f241-da30-4818-ae22-4bed55c7b5e4 HTTP/1.1
upgrade: websocket
connection: upgrade
sec-websocket-key: t+q7062fl8AOpFczb2QSRA==
sec-websocket-version: 13
origin: http://localhost:60683
host: localhost:60683
accept: */*
user-agent: AHC/2.1

Response DefaultHttpResponse(decodeResult: success, version: HTTP/1.1)
HTTP/1.1 101 WebSocket Protocol Handshake
Upgrade: WebSocket
Connection: Upgrade
Sec-WebSocket-Accept: ASO9dnic0OwyyOSs8VxaY9sGCj0=

20:25:31.976 [Forwarding setTimeout on session bcc733c3d92ecfc1c240d36f8161ba38 to remote] DEBUG org.asynchttpclient.netty.request.NettyRequestSender - Using pooled Channel '[id: 0x7e32269d, L:/127.0.0.1:60682 - R:localhost/127.0.0.1:7023]' for 'POST' to 'http://localhost:7023/session/bcc733c3d92ecfc1c240d36f8161ba38/timeouts'
20:25:31.977 [Forwarding setTimeout on session bcc733c3d92ecfc1c240d36f8161ba38 to remote] DEBUG org.asynchttpclient.netty.request.NettyRequestSender - Using open Channel [id: 0x7e32269d, L:/127.0.0.1:60682 - R:localhost/127.0.0.1:7023] for POST '/session/bcc733c3d92ecfc1c240d36f8161ba38/timeouts'
20:25:31.978 [AsyncHttpClient-1-13] DEBUG org.asynchttpclient.netty.handler.HttpHandler - 

Request DefaultHttpRequest(decodeResult: success, version: HTTP/1.1)
POST /session/bcc733c3d92ecfc1c240d36f8161ba38/timeouts HTTP/1.1
User-Agent: selenium/4.8.3 (java windows)
Content-Length: 22
Content-Type: application/json; charset=utf-8
host: localhost:7023
accept: */*

Response DefaultHttpResponse(decodeResult: success, version: HTTP/1.1)
HTTP/1.1 200 OK
Content-Length: 14
Content-Type: application/json; charset=utf-8
cache-control: no-cache

20:25:31.979 [AsyncHttpClient-1-13] DEBUG org.asynchttpclient.netty.channel.ChannelManager - Adding key: http://localhost:7023 for channel [id: 0x7e32269d, L:/127.0.0.1:60682 - R:localhost/127.0.0.1:7023]
20:25:31.980 [Forwarding maximizeCurrentWindow on session bcc733c3d92ecfc1c240d36f8161ba38 to remote] DEBUG org.asynchttpclient.netty.request.NettyRequestSender - Using pooled Channel '[id: 0x7e32269d, L:/127.0.0.1:60682 - R:localhost/127.0.0.1:7023]' for 'POST' to 'http://localhost:7023/session/bcc733c3d92ecfc1c240d36f8161ba38/window/maximize'
20:25:31.980 [Forwarding maximizeCurrentWindow on session bcc733c3d92ecfc1c240d36f8161ba38 to remote] DEBUG org.asynchttpclient.netty.request.NettyRequestSender - Using open Channel [id: 0x7e32269d, L:/127.0.0.1:60682 - R:localhost/127.0.0.1:7023] for POST '/session/bcc733c3d92ecfc1c240d36f8161ba38/window/maximize'
20:25:32.108 [AsyncHttpClient-1-13] DEBUG org.asynchttpclient.netty.handler.HttpHandler - 

Request DefaultHttpRequest(decodeResult: success, version: HTTP/1.1)
POST /session/bcc733c3d92ecfc1c240d36f8161ba38/window/maximize HTTP/1.1
User-Agent: selenium/4.8.3 (java windows)
Content-Length: 3
Content-Type: application/json; charset=utf-8
host: localhost:7023
accept: */*

Response DefaultHttpResponse(decodeResult: success, version: HTTP/1.1)
HTTP/1.1 200 OK
Content-Length: 51
Content-Type: application/json; charset=utf-8
cache-control: no-cache

20:25:32.108 [AsyncHttpClient-1-13] DEBUG org.asynchttpclient.netty.channel.ChannelManager - Adding key: http://localhost:7023 for channel [id: 0x7e32269d, L:/127.0.0.1:60682 - R:localhost/127.0.0.1:7023]
20:25:32.109 [Forwarding get on session bcc733c3d92ecfc1c240d36f8161ba38 to remote] DEBUG org.asynchttpclient.netty.request.NettyRequestSender - Using pooled Channel '[id: 0x7e32269d, L:/127.0.0.1:60682 - R:localhost/127.0.0.1:7023]' for 'POST' to 'http://localhost:7023/session/bcc733c3d92ecfc1c240d36f8161ba38/url'
20:25:32.109 [Forwarding get on session bcc733c3d92ecfc1c240d36f8161ba38 to remote] DEBUG org.asynchttpclient.netty.request.NettyRequestSender - Using open Channel [id: 0x7e32269d, L:/127.0.0.1:60682 - R:localhost/127.0.0.1:7023] for POST '/session/bcc733c3d92ecfc1c240d36f8161ba38/url'
20:25:32.190 [AsyncHttpClient-1-1] DEBUG org.asynchttpclient.netty.channel.DefaultChannelPool - Entry count for : http://localhost:60683 : 1
20:25:33.290 [AsyncHttpClient-1-1] DEBUG org.asynchttpclient.netty.channel.DefaultChannelPool - Entry count for : http://localhost:60683 : 1
20:25:33.808 [AsyncHttpClient-1-13] DEBUG org.asynchttpclient.netty.handler.HttpHandler - 

Request DefaultHttpRequest(decodeResult: success, version: HTTP/1.1)
POST /session/bcc733c3d92ecfc1c240d36f8161ba38/url HTTP/1.1
User-Agent: selenium/4.8.3 (java windows)
Content-Length: 52
Content-Type: application/json; charset=utf-8
host: localhost:7023
accept: */*

Response DefaultHttpResponse(decodeResult: success, version: HTTP/1.1)
HTTP/1.1 200 OK
Content-Length: 14
Content-Type: application/json; charset=utf-8
cache-control: no-cache

20:25:33.808 [AsyncHttpClient-1-13] DEBUG org.asynchttpclient.netty.channel.ChannelManager - Adding key: http://localhost:7023 for channel [id: 0x7e32269d, L:/127.0.0.1:60682 - R:localhost/127.0.0.1:7023]
2023-06-06 20:25:33 INFO  BaseTest:104 - Test driver set up done successfully**********
2023-06-06 20:25:33 INFO  BaseTest:122 - Logging in to portal
20:25:33.812 [Forwarding findElement on session bcc733c3d92ecfc1c240d36f8161ba38 to remote] DEBUG org.asynchttpclient.netty.request.NettyRequestSender - Using pooled Channel '[id: 0x7e32269d, L:/127.0.0.1:60682 - R:localhost/127.0.0.1:7023]' for 'POST' to 'http://localhost:7023/session/bcc733c3d92ecfc1c240d36f8161ba38/element'
20:25:33.812 [Forwarding findElement on session bcc733c3d92ecfc1c240d36f8161ba38 to remote] DEBUG org.asynchttpclient.netty.request.NettyRequestSender - Using open Channel [id: 0x7e32269d, L:/127.0.0.1:60682 - R:localhost/127.0.0.1:7023] for POST '/session/bcc733c3d92ecfc1c240d36f8161ba38/element'
20:25:33.824 [AsyncHttpClient-1-13] DEBUG org.asynchttpclient.netty.handler.HttpHandler - 

Request DefaultHttpRequest(decodeResult: success, version: HTTP/1.1)
POST /session/bcc733c3d92ecfc1c240d36f8161ba38/element HTTP/1.1
User-Agent: selenium/4.8.3 (java windows)
Content-Length: 59
Content-Type: application/json; charset=utf-8
host: localhost:7023
accept: */*

Response DefaultHttpResponse(decodeResult: success, version: HTTP/1.1)
HTTP/1.1 200 OK
Content-Length: 95
Content-Type: application/json; charset=utf-8
cache-control: no-cache

20:25:33.824 [AsyncHttpClient-1-13] DEBUG org.asynchttpclient.netty.channel.ChannelManager - Adding key: http://localhost:7023 for channel [id: 0x7e32269d, L:/127.0.0.1:60682 - R:localhost/127.0.0.1:7023]
20:25:33.825 [Forwarding clearElement on session bcc733c3d92ecfc1c240d36f8161ba38 to remote] DEBUG org.asynchttpclient.netty.request.NettyRequestSender - Using pooled Channel '[id: 0x7e32269d, L:/127.0.0.1:60682 - R:localhost/127.0.0.1:7023]' for 'POST' to 'http://localhost:7023/session/bcc733c3d92ecfc1c240d36f8161ba38/element/77296931D47581A5C2F45A2A2888E6F1_element_27/clear'
20:25:33.825 [Forwarding clearElement on session bcc733c3d92ecfc1c240d36f8161ba38 to remote] DEBUG org.asynchttpclient.netty.request.NettyRequestSender - Using open Channel [id: 0x7e32269d, L:/127.0.0.1:60682 - R:localhost/127.0.0.1:7023] for POST '/session/bcc733c3d92ecfc1c240d36f8161ba38/element/77296931D47581A5C2F45A2A2888E6F1_element_27/clear'
20:25:33.865 [AsyncHttpClient-1-13] DEBUG org.asynchttpclient.netty.handler.HttpHandler - 

Request DefaultHttpRequest(decodeResult: success, version: HTTP/1.1)
POST /session/bcc733c3d92ecfc1c240d36f8161ba38/element/77296931D47581A5C2F45A2A2888E6F1_element_27/clear HTTP/1.1
User-Agent: selenium/4.8.3 (java windows)
Content-Length: 57
Content-Type: application/json; charset=utf-8
host: localhost:7023
accept: */*

Response DefaultHttpResponse(decodeResult: success, version: HTTP/1.1)
HTTP/1.1 200 OK
Content-Length: 14
Content-Type: application/json; charset=utf-8
cache-control: no-cache

20:25:33.865 [AsyncHttpClient-1-13] DEBUG org.asynchttpclient.netty.channel.ChannelManager - Adding key: http://localhost:7023 for channel [id: 0x7e32269d, L:/127.0.0.1:60682 - R:localhost/127.0.0.1:7023]
20:25:33.866 [Forwarding findElement on session bcc733c3d92ecfc1c240d36f8161ba38 to remote] DEBUG org.asynchttpclient.netty.request.NettyRequestSender - Using pooled Channel '[id: 0x7e32269d, L:/127.0.0.1:60682 - R:localhost/127.0.0.1:7023]' for 'POST' to 'http://localhost:7023/session/bcc733c3d92ecfc1c240d36f8161ba38/element'
20:25:33.866 [Forwarding findElement on session bcc733c3d92ecfc1c240d36f8161ba38 to remote] DEBUG org.asynchttpclient.netty.request.NettyRequestSender - Using open Channel [id: 0x7e32269d, L:/127.0.0.1:60682 - R:localhost/127.0.0.1:7023] for POST '/session/bcc733c3d92ecfc1c240d36f8161ba38/element'
20:25:33.874 [AsyncHttpClient-1-13] DEBUG org.asynchttpclient.netty.handler.HttpHandler - 

Request DefaultHttpRequest(decodeResult: success, version: HTTP/1.1)
POST /session/bcc733c3d92ecfc1c240d36f8161ba38/element HTTP/1.1
User-Agent: selenium/4.8.3 (java windows)
Content-Length: 59
Content-Type: application/json; charset=utf-8
host: localhost:7023
accept: */*

Response DefaultHttpResponse(decodeResult: success, version: HTTP/1.1)
HTTP/1.1 200 OK
Content-Length: 95
Content-Type: application/json; charset=utf-8
cache-control: no-cache

20:25:33.874 [AsyncHttpClient-1-13] DEBUG org.asynchttpclient.netty.channel.ChannelManager - Adding key: http://localhost:7023 for channel [id: 0x7e32269d, L:/127.0.0.1:60682 - R:localhost/127.0.0.1:7023]
20:25:33.876 [Forwarding sendKeysToElement on session bcc733c3d92ecfc1c240d36f8161ba38 to remote] DEBUG org.asynchttpclient.netty.request.NettyRequestSender - Using pooled Channel '[id: 0x7e32269d, L:/127.0.0.1:60682 - R:localhost/127.0.0.1:7023]' for 'POST' to 'http://localhost:7023/session/bcc733c3d92ecfc1c240d36f8161ba38/element/77296931D47581A5C2F45A2A2888E6F1_element_27/value'
20:25:33.876 [Forwarding sendKeysToElement on session bcc733c3d92ecfc1c240d36f8161ba38 to remote] DEBUG org.asynchttpclient.netty.request.NettyRequestSender - Using open Channel [id: 0x7e32269d, L:/127.0.0.1:60682 - R:localhost/127.0.0.1:7023] for POST '/session/bcc733c3d92ecfc1c240d36f8161ba38/element/77296931D47581A5C2F45A2A2888E6F1_element_27/value'
20:25:34.001 [AsyncHttpClient-1-13] DEBUG org.asynchttpclient.netty.handler.HttpHandler - 

Request DefaultHttpRequest(decodeResult: success, version: HTTP/1.1)
POST /session/bcc733c3d92ecfc1c240d36f8161ba38/element/77296931D47581A5C2F45A2A2888E6F1_element_27/value HTTP/1.1
User-Agent: selenium/4.8.3 (java windows)
Content-Length: 188
Content-Type: application/json; charset=utf-8
host: localhost:7023
accept: */*

Response DefaultHttpResponse(decodeResult: success, version: HTTP/1.1)
HTTP/1.1 200 OK
Content-Length: 14
Content-Type: application/json; charset=utf-8
cache-control: no-cache

20:25:34.001 [AsyncHttpClient-1-13] DEBUG org.asynchttpclient.netty.channel.ChannelManager - Adding key: http://localhost:7023 for channel [id: 0x7e32269d, L:/127.0.0.1:60682 - R:localhost/127.0.0.1:7023]
20:25:34.002 [Forwarding findElement on session bcc733c3d92ecfc1c240d36f8161ba38 to remote] DEBUG org.asynchttpclient.netty.request.NettyRequestSender - Using pooled Channel '[id: 0x7e32269d, L:/127.0.0.1:60682 - R:localhost/127.0.0.1:7023]' for 'POST' to 'http://localhost:7023/session/bcc733c3d92ecfc1c240d36f8161ba38/element'
20:25:34.002 [Forwarding findElement on session bcc733c3d92ecfc1c240d36f8161ba38 to remote] DEBUG org.asynchttpclient.netty.request.NettyRequestSender - Using open Channel [id: 0x7e32269d, L:/127.0.0.1:60682 - R:localhost/127.0.0.1:7023] for POST '/session/bcc733c3d92ecfc1c240d36f8161ba38/element'
20:25:34.014 [AsyncHttpClient-1-13] DEBUG org.asynchttpclient.netty.handler.HttpHandler - 

Request DefaultHttpRequest(decodeResult: success, version: HTTP/1.1)
POST /session/bcc733c3d92ecfc1c240d36f8161ba38/element HTTP/1.1
User-Agent: selenium/4.8.3 (java windows)
Content-Length: 62
Content-Type: application/json; charset=utf-8
host: localhost:7023
accept: */*

Response DefaultHttpResponse(decodeResult: success, version: HTTP/1.1)
HTTP/1.1 200 OK
Content-Length: 95
Content-Type: application/json; charset=utf-8
cache-control: no-cache

20:25:34.014 [AsyncHttpClient-1-13] DEBUG org.asynchttpclient.netty.channel.ChannelManager - Adding key: http://localhost:7023 for channel [id: 0x7e32269d, L:/127.0.0.1:60682 - R:localhost/127.0.0.1:7023]
20:25:34.015 [Forwarding clearElement on session bcc733c3d92ecfc1c240d36f8161ba38 to remote] DEBUG org.asynchttpclient.netty.request.NettyRequestSender - Using pooled Channel '[id: 0x7e32269d, L:/127.0.0.1:60682 - R:localhost/127.0.0.1:7023]' for 'POST' to 'http://localhost:7023/session/bcc733c3d92ecfc1c240d36f8161ba38/element/77296931D47581A5C2F45A2A2888E6F1_element_32/clear'
20:25:34.015 [Forwarding clearElement on session bcc733c3d92ecfc1c240d36f8161ba38 to remote] DEBUG org.asynchttpclient.netty.request.NettyRequestSender - Using open Channel [id: 0x7e32269d, L:/127.0.0.1:60682 - R:localhost/127.0.0.1:7023] for POST '/session/bcc733c3d92ecfc1c240d36f8161ba38/element/77296931D47581A5C2F45A2A2888E6F1_element_32/clear'
20:25:34.042 [AsyncHttpClient-1-13] DEBUG org.asynchttpclient.netty.handler.HttpHandler - 

Request DefaultHttpRequest(decodeResult: success, version: HTTP/1.1)
POST /session/bcc733c3d92ecfc1c240d36f8161ba38/element/77296931D47581A5C2F45A2A2888E6F1_element_32/clear HTTP/1.1
User-Agent: selenium/4.8.3 (java windows)
Content-Length: 57
Content-Type: application/json; charset=utf-8
host: localhost:7023
accept: */*

Response DefaultHttpResponse(decodeResult: success, version: HTTP/1.1)
HTTP/1.1 200 OK
Content-Length: 14
Content-Type: application/json; charset=utf-8
cache-control: no-cache

20:25:34.042 [AsyncHttpClient-1-13] DEBUG org.asynchttpclient.netty.channel.ChannelManager - Adding key: http://localhost:7023 for channel [id: 0x7e32269d, L:/127.0.0.1:60682 - R:localhost/127.0.0.1:7023]
20:25:34.043 [Forwarding findElement on session bcc733c3d92ecfc1c240d36f8161ba38 to remote] DEBUG org.asynchttpclient.netty.request.NettyRequestSender - Using pooled Channel '[id: 0x7e32269d, L:/127.0.0.1:60682 - R:localhost/127.0.0.1:7023]' for 'POST' to 'http://localhost:7023/session/bcc733c3d92ecfc1c240d36f8161ba38/element'
20:25:34.043 [Forwarding findElement on session bcc733c3d92ecfc1c240d36f8161ba38 to remote] DEBUG org.asynchttpclient.netty.request.NettyRequestSender - Using open Channel [id: 0x7e32269d, L:/127.0.0.1:60682 - R:localhost/127.0.0.1:7023] for POST '/session/bcc733c3d92ecfc1c240d36f8161ba38/element'
20:25:34.050 [AsyncHttpClient-1-13] DEBUG org.asynchttpclient.netty.handler.HttpHandler - 

Request DefaultHttpRequest(decodeResult: success, version: HTTP/1.1)
POST /session/bcc733c3d92ecfc1c240d36f8161ba38/element HTTP/1.1
User-Agent: selenium/4.8.3 (java windows)
Content-Length: 62
Content-Type: application/json; charset=utf-8
host: localhost:7023
accept: */*

Response DefaultHttpResponse(decodeResult: success, version: HTTP/1.1)
HTTP/1.1 200 OK
Content-Length: 95
Content-Type: application/json; charset=utf-8
cache-control: no-cache

20:25:34.050 [AsyncHttpClient-1-13] DEBUG org.asynchttpclient.netty.channel.ChannelManager - Adding key: http://localhost:7023 for channel [id: 0x7e32269d, L:/127.0.0.1:60682 - R:localhost/127.0.0.1:7023]
20:25:34.051 [Forwarding sendKeysToElement on session bcc733c3d92ecfc1c240d36f8161ba38 to remote] DEBUG org.asynchttpclient.netty.request.NettyRequestSender - Using pooled Channel '[id: 0x7e32269d, L:/127.0.0.1:60682 - R:localhost/127.0.0.1:7023]' for 'POST' to 'http://localhost:7023/session/bcc733c3d92ecfc1c240d36f8161ba38/element/77296931D47581A5C2F45A2A2888E6F1_element_32/value'
20:25:34.051 [Forwarding sendKeysToElement on session bcc733c3d92ecfc1c240d36f8161ba38 to remote] DEBUG org.asynchttpclient.netty.request.NettyRequestSender - Using open Channel [id: 0x7e32269d, L:/127.0.0.1:60682 - R:localhost/127.0.0.1:7023] for POST '/session/bcc733c3d92ecfc1c240d36f8161ba38/element/77296931D47581A5C2F45A2A2888E6F1_element_32/value'
20:25:34.116 [AsyncHttpClient-1-13] DEBUG org.asynchttpclient.netty.handler.HttpHandler - 

Request DefaultHttpRequest(decodeResult: success, version: HTTP/1.1)
POST /session/bcc733c3d92ecfc1c240d36f8161ba38/element/77296931D47581A5C2F45A2A2888E6F1_element_32/value HTTP/1.1
User-Agent: selenium/4.8.3 (java windows)
Content-Length: 148
Content-Type: application/json; charset=utf-8
host: localhost:7023
accept: */*

Response DefaultHttpResponse(decodeResult: success, version: HTTP/1.1)
HTTP/1.1 200 OK
Content-Length: 14
Content-Type: application/json; charset=utf-8
cache-control: no-cache

20:25:34.118 [AsyncHttpClient-1-13] DEBUG org.asynchttpclient.netty.channel.ChannelManager - Adding key: http://localhost:7023 for channel [id: 0x7e32269d, L:/127.0.0.1:60682 - R:localhost/127.0.0.1:7023]
20:25:34.119 [Forwarding findElement on session bcc733c3d92ecfc1c240d36f8161ba38 to remote] DEBUG org.asynchttpclient.netty.request.NettyRequestSender - Using pooled Channel '[id: 0x7e32269d, L:/127.0.0.1:60682 - R:localhost/127.0.0.1:7023]' for 'POST' to 'http://localhost:7023/session/bcc733c3d92ecfc1c240d36f8161ba38/element'
20:25:34.119 [Forwarding findElement on session bcc733c3d92ecfc1c240d36f8161ba38 to remote] DEBUG org.asynchttpclient.netty.request.NettyRequestSender - Using open Channel [id: 0x7e32269d, L:/127.0.0.1:60682 - R:localhost/127.0.0.1:7023] for POST '/session/bcc733c3d92ecfc1c240d36f8161ba38/element'
20:25:34.133 [AsyncHttpClient-1-13] DEBUG org.asynchttpclient.netty.handler.HttpHandler - 

Request DefaultHttpRequest(decodeResult: success, version: HTTP/1.1)
POST /session/bcc733c3d92ecfc1c240d36f8161ba38/element HTTP/1.1
User-Agent: selenium/4.8.3 (java windows)
Content-Length: 71
Content-Type: application/json; charset=utf-8
host: localhost:7023
accept: */*

Response DefaultHttpResponse(decodeResult: success, version: HTTP/1.1)
HTTP/1.1 200 OK
Content-Length: 95
Content-Type: application/json; charset=utf-8
cache-control: no-cache

20:25:34.133 [AsyncHttpClient-1-13] DEBUG org.asynchttpclient.netty.channel.ChannelManager - Adding key: http://localhost:7023 for channel [id: 0x7e32269d, L:/127.0.0.1:60682 - R:localhost/127.0.0.1:7023]
20:25:34.134 [Forwarding clickElement on session bcc733c3d92ecfc1c240d36f8161ba38 to remote] DEBUG org.asynchttpclient.netty.request.NettyRequestSender - Using pooled Channel '[id: 0x7e32269d, L:/127.0.0.1:60682 - R:localhost/127.0.0.1:7023]' for 'POST' to 'http://localhost:7023/session/bcc733c3d92ecfc1c240d36f8161ba38/element/77296931D47581A5C2F45A2A2888E6F1_element_33/click'
20:25:34.134 [Forwarding clickElement on session bcc733c3d92ecfc1c240d36f8161ba38 to remote] DEBUG org.asynchttpclient.netty.request.NettyRequestSender - Using open Channel [id: 0x7e32269d, L:/127.0.0.1:60682 - R:localhost/127.0.0.1:7023] for POST '/session/bcc733c3d92ecfc1c240d36f8161ba38/element/77296931D47581A5C2F45A2A2888E6F1_element_33/click'
20:25:34.179 [AsyncHttpClient-1-13] DEBUG org.asynchttpclient.netty.handler.HttpHandler - 

Request DefaultHttpRequest(decodeResult: success, version: HTTP/1.1)
POST /session/bcc733c3d92ecfc1c240d36f8161ba38/element/77296931D47581A5C2F45A2A2888E6F1_element_33/click HTTP/1.1
User-Agent: selenium/4.8.3 (java windows)
Content-Length: 57
Content-Type: application/json; charset=utf-8
host: localhost:7023
accept: */*

Response DefaultHttpResponse(decodeResult: success, version: HTTP/1.1)
HTTP/1.1 200 OK
Content-Length: 14
Content-Type: application/json; charset=utf-8
cache-control: no-cache

20:25:34.179 [AsyncHttpClient-1-13] DEBUG org.asynchttpclient.netty.channel.ChannelManager - Adding key: http://localhost:7023 for channel [id: 0x7e32269d, L:/127.0.0.1:60682 - R:localhost/127.0.0.1:7023]
2023-06-06 20:25:34 INFO  BaseTest:126 - Logged in
20:25:34.181 [rp-io-88] DEBUG com.epam.reportportal.service.Launch - Starting test item...rp-io-88
2023-06-06 20:25:34 INFO  Listeners:34 - Started Test null
20:25:34.185 [Forwarding findElement on session bcc733c3d92ecfc1c240d36f8161ba38 to remote] DEBUG org.asynchttpclient.netty.request.NettyRequestSender - Using pooled Channel '[id: 0x7e32269d, L:/127.0.0.1:60682 - R:localhost/127.0.0.1:7023]' for 'POST' to 'http://localhost:7023/session/bcc733c3d92ecfc1c240d36f8161ba38/element'
20:25:34.185 [Forwarding findElement on session bcc733c3d92ecfc1c240d36f8161ba38 to remote] DEBUG org.asynchttpclient.netty.request.NettyRequestSender - Using open Channel [id: 0x7e32269d, L:/127.0.0.1:60682 - R:localhost/127.0.0.1:7023] for POST '/session/bcc733c3d92ecfc1c240d36f8161ba38/element'
20:25:34.199 [rp-io-84] DEBUG com.epam.reportportal.service.Launch - TestItem with ID = 'ccf3bea2-9813-47b1-b470-74bc2e6eaa53' successfully finished.
20:25:34.199 [rp-io-84] DEBUG com.epam.reportportal.utils.SubscriptionUtils - Finish test item completed
20:25:34.208 [rp-io-88] DEBUG com.epam.reportportal.service.Launch - ReportPortal item with ID '59138b4b-25b1-49fc-ad97-7d7b028fc9c9' has been created
20:25:34.208 [rp-io-88] DEBUG com.epam.reportportal.utils.SubscriptionUtils - Start test item successfully completed
20:25:34.391 [AsyncHttpClient-1-1] DEBUG org.asynchttpclient.netty.channel.DefaultChannelPool - Entry count for : http://localhost:60683 : 1
20:25:34.587 [AsyncHttpClient-1-13] DEBUG org.asynchttpclient.netty.handler.HttpHandler - 

Request DefaultHttpRequest(decodeResult: success, version: HTTP/1.1)
POST /session/bcc733c3d92ecfc1c240d36f8161ba38/element HTTP/1.1
User-Agent: selenium/4.8.3 (java windows)
Content-Length: 168
Content-Type: application/json; charset=utf-8
host: localhost:7023
accept: */*

Response DefaultHttpResponse(decodeResult: success, version: HTTP/1.1)
HTTP/1.1 200 OK
Content-Length: 95
Content-Type: application/json; charset=utf-8
cache-control: no-cache

20:25:34.587 [AsyncHttpClient-1-13] DEBUG org.asynchttpclient.netty.channel.ChannelManager - Adding key: http://localhost:7023 for channel [id: 0x7e32269d, L:/127.0.0.1:60682 - R:localhost/127.0.0.1:7023]
20:25:34.588 [Forwarding clickElement on session bcc733c3d92ecfc1c240d36f8161ba38 to remote] DEBUG org.asynchttpclient.netty.request.NettyRequestSender - Using pooled Channel '[id: 0x7e32269d, L:/127.0.0.1:60682 - R:localhost/127.0.0.1:7023]' for 'POST' to 'http://localhost:7023/session/bcc733c3d92ecfc1c240d36f8161ba38/element/77296931D47581A5C2F45A2A2888E6F1_element_38/click'
20:25:34.588 [Forwarding clickElement on session bcc733c3d92ecfc1c240d36f8161ba38 to remote] DEBUG org.asynchttpclient.netty.request.NettyRequestSender - Using open Channel [id: 0x7e32269d, L:/127.0.0.1:60682 - R:localhost/127.0.0.1:7023] for POST '/session/bcc733c3d92ecfc1c240d36f8161ba38/element/77296931D47581A5C2F45A2A2888E6F1_element_38/click'
20:25:34.875 [AsyncHttpClient-1-13] DEBUG org.asynchttpclient.netty.handler.HttpHandler - 

Request DefaultHttpRequest(decodeResult: success, version: HTTP/1.1)
POST /session/bcc733c3d92ecfc1c240d36f8161ba38/element/77296931D47581A5C2F45A2A2888E6F1_element_38/click HTTP/1.1
User-Agent: selenium/4.8.3 (java windows)
Content-Length: 57
Content-Type: application/json; charset=utf-8
host: localhost:7023
accept: */*

Response DefaultHttpResponse(decodeResult: success, version: HTTP/1.1)
HTTP/1.1 200 OK
Content-Length: 14
Content-Type: application/json; charset=utf-8
cache-control: no-cache

20:25:34.875 [AsyncHttpClient-1-13] DEBUG org.asynchttpclient.netty.channel.ChannelManager - Adding key: http://localhost:7023 for channel [id: 0x7e32269d, L:/127.0.0.1:60682 - R:localhost/127.0.0.1:7023]
20:25:34.876 [Forwarding findElement on session bcc733c3d92ecfc1c240d36f8161ba38 to remote] DEBUG org.asynchttpclient.netty.request.NettyRequestSender - Using pooled Channel '[id: 0x7e32269d, L:/127.0.0.1:60682 - R:localhost/127.0.0.1:7023]' for 'POST' to 'http://localhost:7023/session/bcc733c3d92ecfc1c240d36f8161ba38/element'
20:25:34.876 [Forwarding findElement on session bcc733c3d92ecfc1c240d36f8161ba38 to remote] DEBUG org.asynchttpclient.netty.request.NettyRequestSender - Using open Channel [id: 0x7e32269d, L:/127.0.0.1:60682 - R:localhost/127.0.0.1:7023] for POST '/session/bcc733c3d92ecfc1c240d36f8161ba38/element'
20:25:35.379 [AsyncHttpClient-1-13] DEBUG org.asynchttpclient.netty.handler.HttpHandler - 

Request DefaultHttpRequest(decodeResult: success, version: HTTP/1.1)
POST /session/bcc733c3d92ecfc1c240d36f8161ba38/element HTTP/1.1
User-Agent: selenium/4.8.3 (java windows)
Content-Length: 85
Content-Type: application/json; charset=utf-8
host: localhost:7023
accept: */*

Response DefaultHttpResponse(decodeResult: success, version: HTTP/1.1)
HTTP/1.1 200 OK
Content-Length: 95
Content-Type: application/json; charset=utf-8
cache-control: no-cache

20:25:35.379 [AsyncHttpClient-1-13] DEBUG org.asynchttpclient.netty.channel.ChannelManager - Adding key: http://localhost:7023 for channel [id: 0x7e32269d, L:/127.0.0.1:60682 - R:localhost/127.0.0.1:7023]
20:25:35.381 [Forwarding executeScript on session bcc733c3d92ecfc1c240d36f8161ba38 to remote] DEBUG org.asynchttpclient.netty.request.NettyRequestSender - Using pooled Channel '[id: 0x7e32269d, L:/127.0.0.1:60682 - R:localhost/127.0.0.1:7023]' for 'POST' to 'http://localhost:7023/session/bcc733c3d92ecfc1c240d36f8161ba38/execute/sync'
20:25:35.381 [Forwarding executeScript on session bcc733c3d92ecfc1c240d36f8161ba38 to remote] DEBUG org.asynchttpclient.netty.request.NettyRequestSender - Using open Channel [id: 0x7e32269d, L:/127.0.0.1:60682 - R:localhost/127.0.0.1:7023] for POST '/session/bcc733c3d92ecfc1c240d36f8161ba38/execute/sync'
20:25:35.392 [AsyncHttpClient-1-13] DEBUG org.asynchttpclient.netty.handler.HttpHandler - 

Request DefaultHttpRequest(decodeResult: success, version: HTTP/1.1)
POST /session/bcc733c3d92ecfc1c240d36f8161ba38/execute/sync HTTP/1.1
User-Agent: selenium/4.8.3 (java windows)
Content-Length: 232
Content-Type: application/json; charset=utf-8
host: localhost:7023
accept: */*

Response DefaultHttpResponse(decodeResult: success, version: HTTP/1.1)
HTTP/1.1 200 OK
Content-Length: 14
Content-Type: application/json; charset=utf-8
cache-control: no-cache

20:25:35.392 [AsyncHttpClient-1-13] DEBUG org.asynchttpclient.netty.channel.ChannelManager - Adding key: http://localhost:7023 for channel [id: 0x7e32269d, L:/127.0.0.1:60682 - R:localhost/127.0.0.1:7023]
20:25:35.393 [Forwarding findElement on session bcc733c3d92ecfc1c240d36f8161ba38 to remote] DEBUG org.asynchttpclient.netty.request.NettyRequestSender - Using pooled Channel '[id: 0x7e32269d, L:/127.0.0.1:60682 - R:localhost/127.0.0.1:7023]' for 'POST' to 'http://localhost:7023/session/bcc733c3d92ecfc1c240d36f8161ba38/element'
20:25:35.393 [Forwarding findElement on session bcc733c3d92ecfc1c240d36f8161ba38 to remote] DEBUG org.asynchttpclient.netty.request.NettyRequestSender - Using open Channel [id: 0x7e32269d, L:/127.0.0.1:60682 - R:localhost/127.0.0.1:7023] for POST '/session/bcc733c3d92ecfc1c240d36f8161ba38/element'
20:25:35.432 [AsyncHttpClient-1-13] DEBUG org.asynchttpclient.netty.handler.HttpHandler - 

Request DefaultHttpRequest(decodeResult: success, version: HTTP/1.1)
POST /session/bcc733c3d92ecfc1c240d36f8161ba38/element HTTP/1.1
User-Agent: selenium/4.8.3 (java windows)
Content-Length: 85
Content-Type: application/json; charset=utf-8
host: localhost:7023
accept: */*

Response DefaultHttpResponse(decodeResult: success, version: HTTP/1.1)
HTTP/1.1 200 OK
Content-Length: 95
Content-Type: application/json; charset=utf-8
cache-control: no-cache

20:25:35.433 [AsyncHttpClient-1-13] DEBUG org.asynchttpclient.netty.channel.ChannelManager - Adding key: http://localhost:7023 for channel [id: 0x7e32269d, L:/127.0.0.1:60682 - R:localhost/127.0.0.1:7023]
20:25:35.437 [Forwarding isElementDisplayed on session bcc733c3d92ecfc1c240d36f8161ba38 to remote] DEBUG org.asynchttpclient.netty.request.NettyRequestSender - Using pooled Channel '[id: 0x7e32269d, L:/127.0.0.1:60682 - R:localhost/127.0.0.1:7023]' for 'POST' to 'http://localhost:7023/session/bcc733c3d92ecfc1c240d36f8161ba38/execute/sync'
20:25:35.437 [Forwarding isElementDisplayed on session bcc733c3d92ecfc1c240d36f8161ba38 to remote] DEBUG org.asynchttpclient.netty.request.NettyRequestSender - Using open Channel [id: 0x7e32269d, L:/127.0.0.1:60682 - R:localhost/127.0.0.1:7023] for POST '/session/bcc733c3d92ecfc1c240d36f8161ba38/execute/sync'
20:25:35.493 [AsyncHttpClient-1-1] DEBUG org.asynchttpclient.netty.channel.DefaultChannelPool - Entry count for : http://localhost:60683 : 1
20:25:35.537 [AsyncHttpClient-1-13] DEBUG org.asynchttpclient.netty.handler.HttpHandler - 

Request DefaultHttpRequest(decodeResult: success, version: HTTP/1.1)
POST /session/bcc733c3d92ecfc1c240d36f8161ba38/execute/sync HTTP/1.1
User-Agent: selenium/4.8.3 (java windows)
Content-Length: 48814
Content-Type: application/json; charset=utf-8
host: localhost:7023
accept: */*

Response DefaultHttpResponse(decodeResult: success, version: HTTP/1.1)
HTTP/1.1 200 OK
Content-Length: 14
Content-Type: application/json; charset=utf-8
cache-control: no-cache

20:25:35.537 [AsyncHttpClient-1-13] DEBUG org.asynchttpclient.netty.channel.ChannelManager - Adding key: http://localhost:7023 for channel [id: 0x7e32269d, L:/127.0.0.1:60682 - R:localhost/127.0.0.1:7023]
2023-06-06 20:25:35 INFO  Listeners:38 - Succeeded Test null
]]></system-out>
    <system-err><![CDATA[Starting ChromeDriver 114.0.5735.90 (386bc09e8f4f2e025eddae123f36f6263096ae49-refs/branch-heads/5735@{#1052}) on port 7023
Only local connections are allowed.
Please see https://chromedriver.chromium.org/security-considerations for suggestions on keeping ChromeDriver safe.
ChromeDriver was started successfully.
Jun 06, 2023 8:25:31 PM org.openqa.selenium.devtools.CdpVersionFinder findNearestMatch
WARNING: Unable to find an exact match for CDP version 114, so returning the closest version found: 111
]]></system-err>
  </testcase>
  <testcase name="searchDashboardNameDP[LAUNCH TABLE](11)" classname="alltests.uitest.coreTest.DashboardPageTest" time="0">
    <skipped message="no such element: Unable to locate element: {&quot;method&quot;:&quot;xpath&quot;,&quot;selector&quot;:&quot;//*[text()=&apos;LAUNCH TABLE&apos;]&quot;}&#10;  (Session info: chrome=114.0.5735.110)&#10;For documentation on this error, please visit: https://selenium.dev/exceptions/#no_such_element&#10;Build info: version: &apos;4.8.3&apos;, revision: &apos;e5e76298c3&apos;&#10;System info: os.name: &apos;Windows 10&apos;, os.arch: &apos;amd64&apos;, os.version: &apos;10.0&apos;, java.version: &apos;17.0.3.1&apos;&#10;Driver info: org.openqa.selenium.chrome.ChromeDriver&#10;Command: [32ccfc22ec7c94bbbe90e247945b1dec, findElement {using=xpath, value=//*[text()=&apos;LAUNCH TABLE&apos;]}]&#10;Capabilities {acceptInsecureCerts: false, browserName: chrome, browserVersion: 114.0.5735.110, chrome: {chromedriverVersion: 114.0.5735.90 (386bc09e8f4f..., userDataDir: C:\Users\SUWARN~1\AppData\L...}, goog:chromeOptions: {debuggerAddress: localhost:60713}, networkConnectionEnabled: false, pageLoadStrategy: normal, platformName: WINDOWS, proxy: Proxy(), se:cdp: ws://localhost:60713/devtoo..., se:cdpVersion: 114.0.5735.110, setWindowRect: true, strictFileInteractability: false, timeouts: {implicit: 0, pageLoad: 300000, script: 30000}, unhandledPromptBehavior: dismiss and notify, webauthn:extension:credBlob: true, webauthn:extension:largeBlob: true, webauthn:extension:minPinLength: true, webauthn:extension:prf: true, webauthn:virtualAuthenticators: true}&#10;Session ID: 32ccfc22ec7c94bbbe90e247945b1dec"/>
    <system-out><![CDATA[20:25:35.540 [rp-io-94] DEBUG com.epam.reportportal.service.Launch - Starting test item...rp-io-94
20:25:35.542 [AsyncHttpClient-1-15] DEBUG org.asynchttpclient.netty.handler.WebSocketHandler - Channel Closed: [id: 0x5abe2bd3, L:/127.0.0.1:60691 ! R:localhost/127.0.0.1:60683] with attribute NettyResponseFuture{currentRetry=0,
	isDone=1,
	isCancelled=0,
	asyncHandler=org.asynchttpclient.ws.WebSocketUpgradeHandler@24226e73,
	nettyRequest=org.asynchttpclient.netty.request.NettyRequest@b1a2835,
	future=java.util.concurrent.CompletableFuture@75528623[Completed normally],
	uri=ws://localhost:60683/devtools/browser/ed03f241-da30-4818-ae22-4bed55c7b5e4,
	keepAlive=true,
	redirectCount=0,
	timeoutsHolder=null,
	inAuth=0,
	touch=1686075931970}
20:25:35.543 [AsyncHttpClient-1-15] DEBUG org.asynchttpclient.netty.channel.ChannelManager - Closing Channel [id: 0x5abe2bd3, L:/127.0.0.1:60691 ! R:localhost/127.0.0.1:60683] 
20:25:35.544 [Driver Command Executor] DEBUG org.asynchttpclient.netty.request.NettyRequestSender - Using pooled Channel '[id: 0x7e32269d, L:/127.0.0.1:60682 - R:localhost/127.0.0.1:7023]' for 'DELETE' to 'http://localhost:7023/session/bcc733c3d92ecfc1c240d36f8161ba38'
20:25:35.544 [Driver Command Executor] DEBUG org.asynchttpclient.netty.request.NettyRequestSender - Using open Channel [id: 0x7e32269d, L:/127.0.0.1:60682 - R:localhost/127.0.0.1:7023] for DELETE '/session/bcc733c3d92ecfc1c240d36f8161ba38'
20:25:35.560 [rp-io-91] DEBUG com.epam.reportportal.service.Launch - TestItem with ID = '59138b4b-25b1-49fc-ad97-7d7b028fc9c9' successfully finished.
20:25:35.560 [rp-io-91] DEBUG com.epam.reportportal.utils.SubscriptionUtils - Finish test item completed
20:25:35.571 [rp-io-94] DEBUG com.epam.reportportal.service.Launch - ReportPortal item with ID '921c14a3-edd2-45ca-80c2-4f0a3e97d1b4' has been created
20:25:35.571 [rp-io-94] DEBUG com.epam.reportportal.utils.SubscriptionUtils - Start test item successfully completed
20:25:35.601 [AsyncHttpClient-1-14] DEBUG org.asynchttpclient.netty.handler.HttpHandler - Unexpected I/O exception on channel [id: 0xd358beb4, L:/127.0.0.1:60690 - R:localhost/127.0.0.1:60683]
java.net.SocketException: Connection reset
	at java.base/sun.nio.ch.SocketChannelImpl.throwConnectionReset(SocketChannelImpl.java:394)
	at java.base/sun.nio.ch.SocketChannelImpl.read(SocketChannelImpl.java:426)
	at io.netty.buffer.PooledByteBuf.setBytes(PooledByteBuf.java:256)
	at io.netty.buffer.AbstractByteBuf.writeBytes(AbstractByteBuf.java:1132)
	at io.netty.channel.socket.nio.NioSocketChannel.doReadBytes(NioSocketChannel.java:357)
	at io.netty.channel.nio.AbstractNioByteChannel$NioByteUnsafe.read(AbstractNioByteChannel.java:151)
	at io.netty.channel.nio.NioEventLoop.processSelectedKey(NioEventLoop.java:788)
	at io.netty.channel.nio.NioEventLoop.processSelectedKeysOptimized(NioEventLoop.java:724)
	at io.netty.channel.nio.NioEventLoop.processSelectedKeys(NioEventLoop.java:650)
	at io.netty.channel.nio.NioEventLoop.run(NioEventLoop.java:562)
	at io.netty.util.concurrent.SingleThreadEventExecutor$4.run(SingleThreadEventExecutor.java:997)
	at io.netty.util.internal.ThreadExecutorMap$2.run(ThreadExecutorMap.java:74)
	at io.netty.util.concurrent.FastThreadLocalRunnable.run(FastThreadLocalRunnable.java:30)
	at java.base/java.lang.Thread.run(Thread.java:833)
20:25:35.601 [AsyncHttpClient-1-14] DEBUG org.asynchttpclient.netty.channel.ChannelManager - Closing Channel [id: 0xd358beb4, L:/127.0.0.1:60690 - R:localhost/127.0.0.1:60683] 
20:25:35.601 [AsyncHttpClient-1-14] DEBUG org.asynchttpclient.netty.handler.HttpHandler - Channel Closed: [id: 0xd358beb4, L:/127.0.0.1:60690 ! R:localhost/127.0.0.1:60683] with attribute DISCARD
20:25:35.622 [AsyncHttpClient-1-13] DEBUG org.asynchttpclient.netty.handler.HttpHandler - 

Request DefaultFullHttpRequest(decodeResult: success, version: HTTP/1.1, content: EmptyByteBufBE)
DELETE /session/bcc733c3d92ecfc1c240d36f8161ba38 HTTP/1.1
User-Agent: selenium/4.8.3 (java windows)
Content-Type: application/json; charset=utf-8
host: localhost:7023
accept: */*

Response DefaultHttpResponse(decodeResult: success, version: HTTP/1.1)
HTTP/1.1 200 OK
Content-Length: 14
Content-Type: application/json; charset=utf-8
cache-control: no-cache

20:25:35.622 [AsyncHttpClient-1-13] DEBUG org.asynchttpclient.netty.channel.ChannelManager - Adding key: http://localhost:7023 for channel [id: 0x7e32269d, L:/127.0.0.1:60682 - R:localhost/127.0.0.1:7023]
20:25:35.674 [AsyncHttpClient-1-13] DEBUG org.asynchttpclient.netty.handler.HttpHandler - Channel Closed: [id: 0x7e32269d, L:/127.0.0.1:60682 ! R:localhost/127.0.0.1:7023] with attribute DISCARD
2023-06-06 20:25:35 INFO  BaseTest:83 - Test executed**********
20:25:35.698 [rp-io-98] DEBUG com.epam.reportportal.service.Launch - Starting test item...rp-io-98
2023-06-06 20:25:35 INFO  BaseTest:110 - Property files loaded successfully**********
20:25:35.712 [main] DEBUG io.github.bonigarcia.wdm.cache.ResolutionCache - Resolution chrome=114 in cache (valid until 21:23:55 06/06/2023 CEST)
20:25:35.715 [main] DEBUG io.github.bonigarcia.wdm.cache.ResolutionCache - Resolution chrome114=114.0.5735.90 in cache (valid until 16:16:26 07/06/2023 CEST)
20:25:35.715 [main] INFO io.github.bonigarcia.wdm.WebDriverManager - Using chromedriver 114.0.5735.90 (resolved driver for Chrome 114)
20:25:35.716 [rp-io-93] DEBUG com.epam.reportportal.service.Launch - TestItem with ID = '921c14a3-edd2-45ca-80c2-4f0a3e97d1b4' successfully finished.
20:25:35.716 [rp-io-1] DEBUG com.epam.reportportal.service.Launch - ReportPortal item with ID 'e441254b-5ddd-483b-9189-4c4a6b6d2e15' has been created
20:25:35.716 [rp-io-1] DEBUG com.epam.reportportal.utils.SubscriptionUtils - Start test item successfully completed
20:25:35.716 [rp-io-93] DEBUG com.epam.reportportal.utils.SubscriptionUtils - Finish test item completed
20:25:35.725 [main] DEBUG io.github.bonigarcia.wdm.WebDriverManager - Driver chromedriver 114.0.5735.90 found in cache
20:25:35.726 [main] INFO io.github.bonigarcia.wdm.WebDriverManager - Exporting webdriver.chrome.driver as C:\Users\Suwarna_Wagh\.cache\selenium\chromedriver\win32\114.0.5735.90\chromedriver.exe
20:25:35.978 [AsyncHttpClient-1-16] DEBUG org.asynchttpclient.netty.channel.NettyConnectListener - Using new Channel '[id: 0xce32834d, L:/127.0.0.1:60712 - R:localhost/127.0.0.1:15435]' for 'POST' to '/session'
20:25:36.590 [AsyncHttpClient-1-1] DEBUG org.asynchttpclient.netty.channel.DefaultChannelPool - Entry count for : http://localhost:60683 : 1
20:25:36.590 [AsyncHttpClient-1-1] DEBUG org.asynchttpclient.netty.channel.DefaultChannelPool - Entry count for : http://localhost:7023 : 1
20:25:36.590 [AsyncHttpClient-1-1] DEBUG org.asynchttpclient.netty.channel.DefaultChannelPool - Adding Candidate expired Channel [id: 0xd358beb4, L:/127.0.0.1:60690 ! R:localhost/127.0.0.1:60683] isIdleTimeoutExpired=false isRemotelyClosed=true isTtlExpired=false
20:25:36.590 [AsyncHttpClient-1-1] DEBUG org.asynchttpclient.netty.channel.DefaultChannelPool - Closing Idle Channel [id: 0xd358beb4, L:/127.0.0.1:60690 ! R:localhost/127.0.0.1:60683]
20:25:36.590 [AsyncHttpClient-1-1] DEBUG org.asynchttpclient.netty.channel.DefaultChannelPool - Adding Candidate expired Channel [id: 0x7e32269d, L:/127.0.0.1:60682 ! R:localhost/127.0.0.1:7023] isIdleTimeoutExpired=false isRemotelyClosed=true isTtlExpired=false
20:25:36.590 [AsyncHttpClient-1-1] DEBUG org.asynchttpclient.netty.channel.DefaultChannelPool - Closing Idle Channel [id: 0x7e32269d, L:/127.0.0.1:60682 ! R:localhost/127.0.0.1:7023]
20:25:36.590 [AsyncHttpClient-1-1] DEBUG org.asynchttpclient.netty.channel.DefaultChannelPool - Closed 2 connections out of 2 in 0 ms
20:25:37.011 [AsyncHttpClient-1-16] DEBUG org.asynchttpclient.netty.handler.HttpHandler - 

Request DefaultHttpRequest(decodeResult: success, version: HTTP/1.1)
POST /session HTTP/1.1
User-Agent: selenium/4.8.3 (java windows)
Content-Length: 439
Content-Type: application/json; charset=utf-8
host: localhost:15435
accept: */*

Response DefaultHttpResponse(decodeResult: success, version: HTTP/1.1)
HTTP/1.1 200 OK
Content-Length: 863
Content-Type: application/json; charset=utf-8
cache-control: no-cache

20:25:37.012 [AsyncHttpClient-1-16] DEBUG org.asynchttpclient.netty.channel.ChannelManager - Adding key: http://localhost:15435 for channel [id: 0xce32834d, L:/127.0.0.1:60712 - R:localhost/127.0.0.1:15435]
20:25:37.019 [AsyncHttpClient-1-17] DEBUG org.asynchttpclient.netty.channel.NettyConnectListener - Using new Channel '[id: 0x27d56157, L:/127.0.0.1:60723 - R:localhost/127.0.0.1:60713]' for 'GET' to '/json/version'
20:25:37.020 [AsyncHttpClient-1-17] DEBUG org.asynchttpclient.netty.handler.HttpHandler - 

Request DefaultFullHttpRequest(decodeResult: success, version: HTTP/1.1, content: EmptyByteBufBE)
GET /json/version HTTP/1.1
User-Agent: selenium/4.8.3 (java windows)
host: localhost:60713
accept: */*

Response DefaultHttpResponse(decodeResult: success, version: HTTP/1.1)
HTTP/1.1 200 OK
Content-Security-Policy: frame-ancestors 'none'
Content-Length: 424
Content-Type: application/json; charset=UTF-8

20:25:37.020 [AsyncHttpClient-1-17] DEBUG org.asynchttpclient.netty.channel.ChannelManager - Adding key: http://localhost:60713 for channel [id: 0x27d56157, L:/127.0.0.1:60723 - R:localhost/127.0.0.1:60713]
20:25:37.023 [AsyncHttpClient-1-2] DEBUG org.asynchttpclient.netty.channel.NettyConnectListener - Using new Channel '[id: 0x0cbba58e, L:/127.0.0.1:60724 - R:localhost/127.0.0.1:60713]' for 'GET' to '/devtools/browser/31709217-7d30-4e10-9980-ed6ffefdab74'
20:25:37.024 [AsyncHttpClient-1-2] DEBUG org.asynchttpclient.netty.handler.WebSocketHandler - 

Request DefaultFullHttpRequest(decodeResult: success, version: HTTP/1.1, content: EmptyByteBufBE)
GET /devtools/browser/31709217-7d30-4e10-9980-ed6ffefdab74 HTTP/1.1
upgrade: websocket
connection: upgrade
sec-websocket-key: qfzinSPDxBrg6lhOzrS1eA==
sec-websocket-version: 13
origin: http://localhost:60713
host: localhost:60713
accept: */*
user-agent: AHC/2.1

Response DefaultHttpResponse(decodeResult: success, version: HTTP/1.1)
HTTP/1.1 101 WebSocket Protocol Handshake
Upgrade: WebSocket
Connection: Upgrade
Sec-WebSocket-Accept: PpgdxoLU0jQ7OMRtin49twfJvCQ=

20:25:37.028 [Forwarding setTimeout on session 32ccfc22ec7c94bbbe90e247945b1dec to remote] DEBUG org.asynchttpclient.netty.request.NettyRequestSender - Using pooled Channel '[id: 0xce32834d, L:/127.0.0.1:60712 - R:localhost/127.0.0.1:15435]' for 'POST' to 'http://localhost:15435/session/32ccfc22ec7c94bbbe90e247945b1dec/timeouts'
20:25:37.028 [Forwarding setTimeout on session 32ccfc22ec7c94bbbe90e247945b1dec to remote] DEBUG org.asynchttpclient.netty.request.NettyRequestSender - Using open Channel [id: 0xce32834d, L:/127.0.0.1:60712 - R:localhost/127.0.0.1:15435] for POST '/session/32ccfc22ec7c94bbbe90e247945b1dec/timeouts'
20:25:37.034 [AsyncHttpClient-1-16] DEBUG org.asynchttpclient.netty.handler.HttpHandler - 

Request DefaultHttpRequest(decodeResult: success, version: HTTP/1.1)
POST /session/32ccfc22ec7c94bbbe90e247945b1dec/timeouts HTTP/1.1
User-Agent: selenium/4.8.3 (java windows)
Content-Length: 22
Content-Type: application/json; charset=utf-8
host: localhost:15435
accept: */*

Response DefaultHttpResponse(decodeResult: success, version: HTTP/1.1)
HTTP/1.1 200 OK
Content-Length: 14
Content-Type: application/json; charset=utf-8
cache-control: no-cache

20:25:37.034 [AsyncHttpClient-1-16] DEBUG org.asynchttpclient.netty.channel.ChannelManager - Adding key: http://localhost:15435 for channel [id: 0xce32834d, L:/127.0.0.1:60712 - R:localhost/127.0.0.1:15435]
20:25:37.035 [Forwarding maximizeCurrentWindow on session 32ccfc22ec7c94bbbe90e247945b1dec to remote] DEBUG org.asynchttpclient.netty.request.NettyRequestSender - Using pooled Channel '[id: 0xce32834d, L:/127.0.0.1:60712 - R:localhost/127.0.0.1:15435]' for 'POST' to 'http://localhost:15435/session/32ccfc22ec7c94bbbe90e247945b1dec/window/maximize'
20:25:37.035 [Forwarding maximizeCurrentWindow on session 32ccfc22ec7c94bbbe90e247945b1dec to remote] DEBUG org.asynchttpclient.netty.request.NettyRequestSender - Using open Channel [id: 0xce32834d, L:/127.0.0.1:60712 - R:localhost/127.0.0.1:15435] for POST '/session/32ccfc22ec7c94bbbe90e247945b1dec/window/maximize'
20:25:37.187 [AsyncHttpClient-1-16] DEBUG org.asynchttpclient.netty.handler.HttpHandler - 

Request DefaultHttpRequest(decodeResult: success, version: HTTP/1.1)
POST /session/32ccfc22ec7c94bbbe90e247945b1dec/window/maximize HTTP/1.1
User-Agent: selenium/4.8.3 (java windows)
Content-Length: 3
Content-Type: application/json; charset=utf-8
host: localhost:15435
accept: */*

Response DefaultHttpResponse(decodeResult: success, version: HTTP/1.1)
HTTP/1.1 200 OK
Content-Length: 51
Content-Type: application/json; charset=utf-8
cache-control: no-cache

20:25:37.187 [AsyncHttpClient-1-16] DEBUG org.asynchttpclient.netty.channel.ChannelManager - Adding key: http://localhost:15435 for channel [id: 0xce32834d, L:/127.0.0.1:60712 - R:localhost/127.0.0.1:15435]
20:25:37.189 [Forwarding get on session 32ccfc22ec7c94bbbe90e247945b1dec to remote] DEBUG org.asynchttpclient.netty.request.NettyRequestSender - Using pooled Channel '[id: 0xce32834d, L:/127.0.0.1:60712 - R:localhost/127.0.0.1:15435]' for 'POST' to 'http://localhost:15435/session/32ccfc22ec7c94bbbe90e247945b1dec/url'
20:25:37.189 [Forwarding get on session 32ccfc22ec7c94bbbe90e247945b1dec to remote] DEBUG org.asynchttpclient.netty.request.NettyRequestSender - Using open Channel [id: 0xce32834d, L:/127.0.0.1:60712 - R:localhost/127.0.0.1:15435] for POST '/session/32ccfc22ec7c94bbbe90e247945b1dec/url'
20:25:37.691 [AsyncHttpClient-1-1] DEBUG org.asynchttpclient.netty.channel.DefaultChannelPool - Entry count for : http://localhost:60713 : 1
20:25:38.722 [AsyncHttpClient-1-16] DEBUG org.asynchttpclient.netty.handler.HttpHandler - 

Request DefaultHttpRequest(decodeResult: success, version: HTTP/1.1)
POST /session/32ccfc22ec7c94bbbe90e247945b1dec/url HTTP/1.1
User-Agent: selenium/4.8.3 (java windows)
Content-Length: 52
Content-Type: application/json; charset=utf-8
host: localhost:15435
accept: */*

Response DefaultHttpResponse(decodeResult: success, version: HTTP/1.1)
HTTP/1.1 200 OK
Content-Length: 14
Content-Type: application/json; charset=utf-8
cache-control: no-cache

20:25:38.722 [AsyncHttpClient-1-16] DEBUG org.asynchttpclient.netty.channel.ChannelManager - Adding key: http://localhost:15435 for channel [id: 0xce32834d, L:/127.0.0.1:60712 - R:localhost/127.0.0.1:15435]
2023-06-06 20:25:38 INFO  BaseTest:104 - Test driver set up done successfully**********
2023-06-06 20:25:38 INFO  BaseTest:122 - Logging in to portal
20:25:38.725 [Forwarding findElement on session 32ccfc22ec7c94bbbe90e247945b1dec to remote] DEBUG org.asynchttpclient.netty.request.NettyRequestSender - Using pooled Channel '[id: 0xce32834d, L:/127.0.0.1:60712 - R:localhost/127.0.0.1:15435]' for 'POST' to 'http://localhost:15435/session/32ccfc22ec7c94bbbe90e247945b1dec/element'
20:25:38.725 [Forwarding findElement on session 32ccfc22ec7c94bbbe90e247945b1dec to remote] DEBUG org.asynchttpclient.netty.request.NettyRequestSender - Using open Channel [id: 0xce32834d, L:/127.0.0.1:60712 - R:localhost/127.0.0.1:15435] for POST '/session/32ccfc22ec7c94bbbe90e247945b1dec/element'
20:25:38.739 [AsyncHttpClient-1-16] DEBUG org.asynchttpclient.netty.handler.HttpHandler - 

Request DefaultHttpRequest(decodeResult: success, version: HTTP/1.1)
POST /session/32ccfc22ec7c94bbbe90e247945b1dec/element HTTP/1.1
User-Agent: selenium/4.8.3 (java windows)
Content-Length: 59
Content-Type: application/json; charset=utf-8
host: localhost:15435
accept: */*

Response DefaultHttpResponse(decodeResult: success, version: HTTP/1.1)
HTTP/1.1 200 OK
Content-Length: 95
Content-Type: application/json; charset=utf-8
cache-control: no-cache

20:25:38.739 [AsyncHttpClient-1-16] DEBUG org.asynchttpclient.netty.channel.ChannelManager - Adding key: http://localhost:15435 for channel [id: 0xce32834d, L:/127.0.0.1:60712 - R:localhost/127.0.0.1:15435]
20:25:38.740 [Forwarding clearElement on session 32ccfc22ec7c94bbbe90e247945b1dec to remote] DEBUG org.asynchttpclient.netty.request.NettyRequestSender - Using pooled Channel '[id: 0xce32834d, L:/127.0.0.1:60712 - R:localhost/127.0.0.1:15435]' for 'POST' to 'http://localhost:15435/session/32ccfc22ec7c94bbbe90e247945b1dec/element/8A4A6C30940F17C03E80EEF772A649AE_element_30/clear'
20:25:38.740 [Forwarding clearElement on session 32ccfc22ec7c94bbbe90e247945b1dec to remote] DEBUG org.asynchttpclient.netty.request.NettyRequestSender - Using open Channel [id: 0xce32834d, L:/127.0.0.1:60712 - R:localhost/127.0.0.1:15435] for POST '/session/32ccfc22ec7c94bbbe90e247945b1dec/element/8A4A6C30940F17C03E80EEF772A649AE_element_30/clear'
20:25:38.782 [AsyncHttpClient-1-16] DEBUG org.asynchttpclient.netty.handler.HttpHandler - 

Request DefaultHttpRequest(decodeResult: success, version: HTTP/1.1)
POST /session/32ccfc22ec7c94bbbe90e247945b1dec/element/8A4A6C30940F17C03E80EEF772A649AE_element_30/clear HTTP/1.1
User-Agent: selenium/4.8.3 (java windows)
Content-Length: 57
Content-Type: application/json; charset=utf-8
host: localhost:15435
accept: */*

Response DefaultHttpResponse(decodeResult: success, version: HTTP/1.1)
HTTP/1.1 200 OK
Content-Length: 14
Content-Type: application/json; charset=utf-8
cache-control: no-cache

20:25:38.782 [AsyncHttpClient-1-16] DEBUG org.asynchttpclient.netty.channel.ChannelManager - Adding key: http://localhost:15435 for channel [id: 0xce32834d, L:/127.0.0.1:60712 - R:localhost/127.0.0.1:15435]
20:25:38.783 [Forwarding findElement on session 32ccfc22ec7c94bbbe90e247945b1dec to remote] DEBUG org.asynchttpclient.netty.request.NettyRequestSender - Using pooled Channel '[id: 0xce32834d, L:/127.0.0.1:60712 - R:localhost/127.0.0.1:15435]' for 'POST' to 'http://localhost:15435/session/32ccfc22ec7c94bbbe90e247945b1dec/element'
20:25:38.783 [Forwarding findElement on session 32ccfc22ec7c94bbbe90e247945b1dec to remote] DEBUG org.asynchttpclient.netty.request.NettyRequestSender - Using open Channel [id: 0xce32834d, L:/127.0.0.1:60712 - R:localhost/127.0.0.1:15435] for POST '/session/32ccfc22ec7c94bbbe90e247945b1dec/element'
20:25:38.791 [AsyncHttpClient-1-1] DEBUG org.asynchttpclient.netty.channel.DefaultChannelPool - Entry count for : http://localhost:60713 : 1
20:25:38.791 [AsyncHttpClient-1-16] DEBUG org.asynchttpclient.netty.handler.HttpHandler - 

Request DefaultHttpRequest(decodeResult: success, version: HTTP/1.1)
POST /session/32ccfc22ec7c94bbbe90e247945b1dec/element HTTP/1.1
User-Agent: selenium/4.8.3 (java windows)
Content-Length: 59
Content-Type: application/json; charset=utf-8
host: localhost:15435
accept: */*

Response DefaultHttpResponse(decodeResult: success, version: HTTP/1.1)
HTTP/1.1 200 OK
Content-Length: 95
Content-Type: application/json; charset=utf-8
cache-control: no-cache

20:25:38.791 [AsyncHttpClient-1-16] DEBUG org.asynchttpclient.netty.channel.ChannelManager - Adding key: http://localhost:15435 for channel [id: 0xce32834d, L:/127.0.0.1:60712 - R:localhost/127.0.0.1:15435]
20:25:38.793 [Forwarding sendKeysToElement on session 32ccfc22ec7c94bbbe90e247945b1dec to remote] DEBUG org.asynchttpclient.netty.request.NettyRequestSender - Using pooled Channel '[id: 0xce32834d, L:/127.0.0.1:60712 - R:localhost/127.0.0.1:15435]' for 'POST' to 'http://localhost:15435/session/32ccfc22ec7c94bbbe90e247945b1dec/element/8A4A6C30940F17C03E80EEF772A649AE_element_30/value'
20:25:38.793 [Forwarding sendKeysToElement on session 32ccfc22ec7c94bbbe90e247945b1dec to remote] DEBUG org.asynchttpclient.netty.request.NettyRequestSender - Using open Channel [id: 0xce32834d, L:/127.0.0.1:60712 - R:localhost/127.0.0.1:15435] for POST '/session/32ccfc22ec7c94bbbe90e247945b1dec/element/8A4A6C30940F17C03E80EEF772A649AE_element_30/value'
20:25:38.902 [AsyncHttpClient-1-16] DEBUG org.asynchttpclient.netty.handler.HttpHandler - 

Request DefaultHttpRequest(decodeResult: success, version: HTTP/1.1)
POST /session/32ccfc22ec7c94bbbe90e247945b1dec/element/8A4A6C30940F17C03E80EEF772A649AE_element_30/value HTTP/1.1
User-Agent: selenium/4.8.3 (java windows)
Content-Length: 188
Content-Type: application/json; charset=utf-8
host: localhost:15435
accept: */*

Response DefaultHttpResponse(decodeResult: success, version: HTTP/1.1)
HTTP/1.1 200 OK
Content-Length: 14
Content-Type: application/json; charset=utf-8
cache-control: no-cache

20:25:38.902 [AsyncHttpClient-1-16] DEBUG org.asynchttpclient.netty.channel.ChannelManager - Adding key: http://localhost:15435 for channel [id: 0xce32834d, L:/127.0.0.1:60712 - R:localhost/127.0.0.1:15435]
20:25:38.904 [Forwarding findElement on session 32ccfc22ec7c94bbbe90e247945b1dec to remote] DEBUG org.asynchttpclient.netty.request.NettyRequestSender - Using pooled Channel '[id: 0xce32834d, L:/127.0.0.1:60712 - R:localhost/127.0.0.1:15435]' for 'POST' to 'http://localhost:15435/session/32ccfc22ec7c94bbbe90e247945b1dec/element'
20:25:38.904 [Forwarding findElement on session 32ccfc22ec7c94bbbe90e247945b1dec to remote] DEBUG org.asynchttpclient.netty.request.NettyRequestSender - Using open Channel [id: 0xce32834d, L:/127.0.0.1:60712 - R:localhost/127.0.0.1:15435] for POST '/session/32ccfc22ec7c94bbbe90e247945b1dec/element'
20:25:38.917 [AsyncHttpClient-1-16] DEBUG org.asynchttpclient.netty.handler.HttpHandler - 

Request DefaultHttpRequest(decodeResult: success, version: HTTP/1.1)
POST /session/32ccfc22ec7c94bbbe90e247945b1dec/element HTTP/1.1
User-Agent: selenium/4.8.3 (java windows)
Content-Length: 62
Content-Type: application/json; charset=utf-8
host: localhost:15435
accept: */*

Response DefaultHttpResponse(decodeResult: success, version: HTTP/1.1)
HTTP/1.1 200 OK
Content-Length: 95
Content-Type: application/json; charset=utf-8
cache-control: no-cache

20:25:38.918 [AsyncHttpClient-1-16] DEBUG org.asynchttpclient.netty.channel.ChannelManager - Adding key: http://localhost:15435 for channel [id: 0xce32834d, L:/127.0.0.1:60712 - R:localhost/127.0.0.1:15435]
20:25:38.919 [Forwarding clearElement on session 32ccfc22ec7c94bbbe90e247945b1dec to remote] DEBUG org.asynchttpclient.netty.request.NettyRequestSender - Using pooled Channel '[id: 0xce32834d, L:/127.0.0.1:60712 - R:localhost/127.0.0.1:15435]' for 'POST' to 'http://localhost:15435/session/32ccfc22ec7c94bbbe90e247945b1dec/element/8A4A6C30940F17C03E80EEF772A649AE_element_32/clear'
20:25:38.919 [Forwarding clearElement on session 32ccfc22ec7c94bbbe90e247945b1dec to remote] DEBUG org.asynchttpclient.netty.request.NettyRequestSender - Using open Channel [id: 0xce32834d, L:/127.0.0.1:60712 - R:localhost/127.0.0.1:15435] for POST '/session/32ccfc22ec7c94bbbe90e247945b1dec/element/8A4A6C30940F17C03E80EEF772A649AE_element_32/clear'
20:25:38.969 [AsyncHttpClient-1-16] DEBUG org.asynchttpclient.netty.handler.HttpHandler - 

Request DefaultHttpRequest(decodeResult: success, version: HTTP/1.1)
POST /session/32ccfc22ec7c94bbbe90e247945b1dec/element/8A4A6C30940F17C03E80EEF772A649AE_element_32/clear HTTP/1.1
User-Agent: selenium/4.8.3 (java windows)
Content-Length: 57
Content-Type: application/json; charset=utf-8
host: localhost:15435
accept: */*

Response DefaultHttpResponse(decodeResult: success, version: HTTP/1.1)
HTTP/1.1 200 OK
Content-Length: 14
Content-Type: application/json; charset=utf-8
cache-control: no-cache

20:25:38.969 [AsyncHttpClient-1-16] DEBUG org.asynchttpclient.netty.channel.ChannelManager - Adding key: http://localhost:15435 for channel [id: 0xce32834d, L:/127.0.0.1:60712 - R:localhost/127.0.0.1:15435]
20:25:38.971 [Forwarding findElement on session 32ccfc22ec7c94bbbe90e247945b1dec to remote] DEBUG org.asynchttpclient.netty.request.NettyRequestSender - Using pooled Channel '[id: 0xce32834d, L:/127.0.0.1:60712 - R:localhost/127.0.0.1:15435]' for 'POST' to 'http://localhost:15435/session/32ccfc22ec7c94bbbe90e247945b1dec/element'
20:25:38.971 [Forwarding findElement on session 32ccfc22ec7c94bbbe90e247945b1dec to remote] DEBUG org.asynchttpclient.netty.request.NettyRequestSender - Using open Channel [id: 0xce32834d, L:/127.0.0.1:60712 - R:localhost/127.0.0.1:15435] for POST '/session/32ccfc22ec7c94bbbe90e247945b1dec/element'
20:25:38.984 [AsyncHttpClient-1-16] DEBUG org.asynchttpclient.netty.handler.HttpHandler - 

Request DefaultHttpRequest(decodeResult: success, version: HTTP/1.1)
POST /session/32ccfc22ec7c94bbbe90e247945b1dec/element HTTP/1.1
User-Agent: selenium/4.8.3 (java windows)
Content-Length: 62
Content-Type: application/json; charset=utf-8
host: localhost:15435
accept: */*

Response DefaultHttpResponse(decodeResult: success, version: HTTP/1.1)
HTTP/1.1 200 OK
Content-Length: 95
Content-Type: application/json; charset=utf-8
cache-control: no-cache

20:25:38.984 [AsyncHttpClient-1-16] DEBUG org.asynchttpclient.netty.channel.ChannelManager - Adding key: http://localhost:15435 for channel [id: 0xce32834d, L:/127.0.0.1:60712 - R:localhost/127.0.0.1:15435]
20:25:38.986 [Forwarding sendKeysToElement on session 32ccfc22ec7c94bbbe90e247945b1dec to remote] DEBUG org.asynchttpclient.netty.request.NettyRequestSender - Using pooled Channel '[id: 0xce32834d, L:/127.0.0.1:60712 - R:localhost/127.0.0.1:15435]' for 'POST' to 'http://localhost:15435/session/32ccfc22ec7c94bbbe90e247945b1dec/element/8A4A6C30940F17C03E80EEF772A649AE_element_32/value'
20:25:38.986 [Forwarding sendKeysToElement on session 32ccfc22ec7c94bbbe90e247945b1dec to remote] DEBUG org.asynchttpclient.netty.request.NettyRequestSender - Using open Channel [id: 0xce32834d, L:/127.0.0.1:60712 - R:localhost/127.0.0.1:15435] for POST '/session/32ccfc22ec7c94bbbe90e247945b1dec/element/8A4A6C30940F17C03E80EEF772A649AE_element_32/value'
20:25:39.065 [AsyncHttpClient-1-16] DEBUG org.asynchttpclient.netty.handler.HttpHandler - 

Request DefaultHttpRequest(decodeResult: success, version: HTTP/1.1)
POST /session/32ccfc22ec7c94bbbe90e247945b1dec/element/8A4A6C30940F17C03E80EEF772A649AE_element_32/value HTTP/1.1
User-Agent: selenium/4.8.3 (java windows)
Content-Length: 148
Content-Type: application/json; charset=utf-8
host: localhost:15435
accept: */*

Response DefaultHttpResponse(decodeResult: success, version: HTTP/1.1)
HTTP/1.1 200 OK
Content-Length: 14
Content-Type: application/json; charset=utf-8
cache-control: no-cache

20:25:39.065 [AsyncHttpClient-1-16] DEBUG org.asynchttpclient.netty.channel.ChannelManager - Adding key: http://localhost:15435 for channel [id: 0xce32834d, L:/127.0.0.1:60712 - R:localhost/127.0.0.1:15435]
20:25:39.067 [Forwarding findElement on session 32ccfc22ec7c94bbbe90e247945b1dec to remote] DEBUG org.asynchttpclient.netty.request.NettyRequestSender - Using pooled Channel '[id: 0xce32834d, L:/127.0.0.1:60712 - R:localhost/127.0.0.1:15435]' for 'POST' to 'http://localhost:15435/session/32ccfc22ec7c94bbbe90e247945b1dec/element'
20:25:39.068 [Forwarding findElement on session 32ccfc22ec7c94bbbe90e247945b1dec to remote] DEBUG org.asynchttpclient.netty.request.NettyRequestSender - Using open Channel [id: 0xce32834d, L:/127.0.0.1:60712 - R:localhost/127.0.0.1:15435] for POST '/session/32ccfc22ec7c94bbbe90e247945b1dec/element'
20:25:39.081 [AsyncHttpClient-1-16] DEBUG org.asynchttpclient.netty.handler.HttpHandler - 

Request DefaultHttpRequest(decodeResult: success, version: HTTP/1.1)
POST /session/32ccfc22ec7c94bbbe90e247945b1dec/element HTTP/1.1
User-Agent: selenium/4.8.3 (java windows)
Content-Length: 71
Content-Type: application/json; charset=utf-8
host: localhost:15435
accept: */*

Response DefaultHttpResponse(decodeResult: success, version: HTTP/1.1)
HTTP/1.1 200 OK
Content-Length: 95
Content-Type: application/json; charset=utf-8
cache-control: no-cache

20:25:39.081 [AsyncHttpClient-1-16] DEBUG org.asynchttpclient.netty.channel.ChannelManager - Adding key: http://localhost:15435 for channel [id: 0xce32834d, L:/127.0.0.1:60712 - R:localhost/127.0.0.1:15435]
20:25:39.083 [Forwarding clickElement on session 32ccfc22ec7c94bbbe90e247945b1dec to remote] DEBUG org.asynchttpclient.netty.request.NettyRequestSender - Using pooled Channel '[id: 0xce32834d, L:/127.0.0.1:60712 - R:localhost/127.0.0.1:15435]' for 'POST' to 'http://localhost:15435/session/32ccfc22ec7c94bbbe90e247945b1dec/element/8A4A6C30940F17C03E80EEF772A649AE_element_33/click'
20:25:39.083 [Forwarding clickElement on session 32ccfc22ec7c94bbbe90e247945b1dec to remote] DEBUG org.asynchttpclient.netty.request.NettyRequestSender - Using open Channel [id: 0xce32834d, L:/127.0.0.1:60712 - R:localhost/127.0.0.1:15435] for POST '/session/32ccfc22ec7c94bbbe90e247945b1dec/element/8A4A6C30940F17C03E80EEF772A649AE_element_33/click'
20:25:39.127 [AsyncHttpClient-1-16] DEBUG org.asynchttpclient.netty.handler.HttpHandler - 

Request DefaultHttpRequest(decodeResult: success, version: HTTP/1.1)
POST /session/32ccfc22ec7c94bbbe90e247945b1dec/element/8A4A6C30940F17C03E80EEF772A649AE_element_33/click HTTP/1.1
User-Agent: selenium/4.8.3 (java windows)
Content-Length: 57
Content-Type: application/json; charset=utf-8
host: localhost:15435
accept: */*

Response DefaultHttpResponse(decodeResult: success, version: HTTP/1.1)
HTTP/1.1 200 OK
Content-Length: 14
Content-Type: application/json; charset=utf-8
cache-control: no-cache

20:25:39.128 [AsyncHttpClient-1-16] DEBUG org.asynchttpclient.netty.channel.ChannelManager - Adding key: http://localhost:15435 for channel [id: 0xce32834d, L:/127.0.0.1:60712 - R:localhost/127.0.0.1:15435]
2023-06-06 20:25:39 INFO  BaseTest:126 - Logged in
20:25:39.130 [rp-io-6] DEBUG com.epam.reportportal.service.Launch - Starting test item...rp-io-6
2023-06-06 20:25:39 INFO  Listeners:34 - Started Test null
20:25:39.132 [Forwarding findElement on session 32ccfc22ec7c94bbbe90e247945b1dec to remote] DEBUG org.asynchttpclient.netty.request.NettyRequestSender - Using pooled Channel '[id: 0xce32834d, L:/127.0.0.1:60712 - R:localhost/127.0.0.1:15435]' for 'POST' to 'http://localhost:15435/session/32ccfc22ec7c94bbbe90e247945b1dec/element'
20:25:39.132 [Forwarding findElement on session 32ccfc22ec7c94bbbe90e247945b1dec to remote] DEBUG org.asynchttpclient.netty.request.NettyRequestSender - Using open Channel [id: 0xce32834d, L:/127.0.0.1:60712 - R:localhost/127.0.0.1:15435] for POST '/session/32ccfc22ec7c94bbbe90e247945b1dec/element'
20:25:39.146 [rp-io-3] DEBUG com.epam.reportportal.service.Launch - TestItem with ID = 'e441254b-5ddd-483b-9189-4c4a6b6d2e15' successfully finished.
20:25:39.146 [rp-io-3] DEBUG com.epam.reportportal.utils.SubscriptionUtils - Finish test item completed
20:25:39.151 [rp-io-6] DEBUG com.epam.reportportal.service.Launch - ReportPortal item with ID 'cc1ff01e-6eb0-4a8b-b73a-d88ec3cbca31' has been created
20:25:39.151 [rp-io-6] DEBUG com.epam.reportportal.utils.SubscriptionUtils - Start test item successfully completed
20:25:39.502 [AsyncHttpClient-1-16] DEBUG org.asynchttpclient.netty.handler.HttpHandler - 

Request DefaultHttpRequest(decodeResult: success, version: HTTP/1.1)
POST /session/32ccfc22ec7c94bbbe90e247945b1dec/element HTTP/1.1
User-Agent: selenium/4.8.3 (java windows)
Content-Length: 168
Content-Type: application/json; charset=utf-8
host: localhost:15435
accept: */*

Response DefaultHttpResponse(decodeResult: success, version: HTTP/1.1)
HTTP/1.1 200 OK
Content-Length: 95
Content-Type: application/json; charset=utf-8
cache-control: no-cache

20:25:39.502 [AsyncHttpClient-1-16] DEBUG org.asynchttpclient.netty.channel.ChannelManager - Adding key: http://localhost:15435 for channel [id: 0xce32834d, L:/127.0.0.1:60712 - R:localhost/127.0.0.1:15435]
20:25:39.504 [Forwarding clickElement on session 32ccfc22ec7c94bbbe90e247945b1dec to remote] DEBUG org.asynchttpclient.netty.request.NettyRequestSender - Using pooled Channel '[id: 0xce32834d, L:/127.0.0.1:60712 - R:localhost/127.0.0.1:15435]' for 'POST' to 'http://localhost:15435/session/32ccfc22ec7c94bbbe90e247945b1dec/element/8A4A6C30940F17C03E80EEF772A649AE_element_48/click'
20:25:39.504 [Forwarding clickElement on session 32ccfc22ec7c94bbbe90e247945b1dec to remote] DEBUG org.asynchttpclient.netty.request.NettyRequestSender - Using open Channel [id: 0xce32834d, L:/127.0.0.1:60712 - R:localhost/127.0.0.1:15435] for POST '/session/32ccfc22ec7c94bbbe90e247945b1dec/element/8A4A6C30940F17C03E80EEF772A649AE_element_48/click'
20:25:39.808 [AsyncHttpClient-1-16] DEBUG org.asynchttpclient.netty.handler.HttpHandler - 

Request DefaultHttpRequest(decodeResult: success, version: HTTP/1.1)
POST /session/32ccfc22ec7c94bbbe90e247945b1dec/element/8A4A6C30940F17C03E80EEF772A649AE_element_48/click HTTP/1.1
User-Agent: selenium/4.8.3 (java windows)
Content-Length: 57
Content-Type: application/json; charset=utf-8
host: localhost:15435
accept: */*

Response DefaultHttpResponse(decodeResult: success, version: HTTP/1.1)
HTTP/1.1 200 OK
Content-Length: 14
Content-Type: application/json; charset=utf-8
cache-control: no-cache

20:25:39.808 [AsyncHttpClient-1-16] DEBUG org.asynchttpclient.netty.channel.ChannelManager - Adding key: http://localhost:15435 for channel [id: 0xce32834d, L:/127.0.0.1:60712 - R:localhost/127.0.0.1:15435]
20:25:39.809 [Forwarding findElement on session 32ccfc22ec7c94bbbe90e247945b1dec to remote] DEBUG org.asynchttpclient.netty.request.NettyRequestSender - Using pooled Channel '[id: 0xce32834d, L:/127.0.0.1:60712 - R:localhost/127.0.0.1:15435]' for 'POST' to 'http://localhost:15435/session/32ccfc22ec7c94bbbe90e247945b1dec/element'
20:25:39.809 [Forwarding findElement on session 32ccfc22ec7c94bbbe90e247945b1dec to remote] DEBUG org.asynchttpclient.netty.request.NettyRequestSender - Using open Channel [id: 0xce32834d, L:/127.0.0.1:60712 - R:localhost/127.0.0.1:15435] for POST '/session/32ccfc22ec7c94bbbe90e247945b1dec/element'
20:25:39.895 [AsyncHttpClient-1-1] DEBUG org.asynchttpclient.netty.channel.DefaultChannelPool - Entry count for : http://localhost:60713 : 1
20:25:40.990 [AsyncHttpClient-1-1] DEBUG org.asynchttpclient.netty.channel.DefaultChannelPool - Entry count for : http://localhost:60713 : 1
20:25:42.096 [AsyncHttpClient-1-1] DEBUG org.asynchttpclient.netty.channel.DefaultChannelPool - Entry count for : http://localhost:60713 : 1
20:25:43.190 [AsyncHttpClient-1-1] DEBUG org.asynchttpclient.netty.channel.DefaultChannelPool - Entry count for : http://localhost:60713 : 1
20:25:43.834 [AsyncHttpClient-1-16] DEBUG org.asynchttpclient.netty.handler.HttpHandler - 

Request DefaultHttpRequest(decodeResult: success, version: HTTP/1.1)
POST /session/32ccfc22ec7c94bbbe90e247945b1dec/element HTTP/1.1
User-Agent: selenium/4.8.3 (java windows)
Content-Length: 73
Content-Type: application/json; charset=utf-8
host: localhost:15435
accept: */*

Response DefaultHttpResponse(decodeResult: success, version: HTTP/1.1)
HTTP/1.1 404 Not Found
Content-Length: 963
Content-Type: application/json; charset=utf-8
cache-control: no-cache

20:25:43.834 [AsyncHttpClient-1-16] DEBUG org.asynchttpclient.netty.channel.ChannelManager - Adding key: http://localhost:15435 for channel [id: 0xce32834d, L:/127.0.0.1:60712 - R:localhost/127.0.0.1:15435]
2023-06-06 20:25:43 INFO  Listeners:55 - Skipped test null
20:25:43.836 [main] ERROR com.epam.reportportal.service.Launch - Item io.reactivex.internal.operators.maybe.MaybeCache@4d25943d not found in the cache
]]></system-out>
    <system-err><![CDATA[Starting ChromeDriver 114.0.5735.90 (386bc09e8f4f2e025eddae123f36f6263096ae49-refs/branch-heads/5735@{#1052}) on port 15435
Only local connections are allowed.
Please see https://chromedriver.chromium.org/security-considerations for suggestions on keeping ChromeDriver safe.
ChromeDriver was started successfully.
Jun 06, 2023 8:25:37 PM org.openqa.selenium.devtools.CdpVersionFinder findNearestMatch
WARNING: Unable to find an exact match for CDP version 114, so returning the closest version found: 111
]]></system-err>
  </testcase>
  <testcase name="searchDashboardNameDP[LAUNCH TABLE](12)" classname="alltests.uitest.coreTest.DashboardPageTest" time="1.452">
    <system-out><![CDATA[20:25:43.837 [rp-io-13] DEBUG com.epam.reportportal.service.Launch - Starting test item...rp-io-13
20:25:43.838 [AsyncHttpClient-1-2] DEBUG org.asynchttpclient.netty.handler.WebSocketHandler - Channel Closed: [id: 0x0cbba58e, L:/127.0.0.1:60724 ! R:localhost/127.0.0.1:60713] with attribute NettyResponseFuture{currentRetry=0,
	isDone=1,
	isCancelled=0,
	asyncHandler=org.asynchttpclient.ws.WebSocketUpgradeHandler@5f838842,
	nettyRequest=org.asynchttpclient.netty.request.NettyRequest@62ac8432,
	future=java.util.concurrent.CompletableFuture@cd11474[Completed normally],
	uri=ws://localhost:60713/devtools/browser/31709217-7d30-4e10-9980-ed6ffefdab74,
	keepAlive=true,
	redirectCount=0,
	timeoutsHolder=null,
	inAuth=0,
	touch=1686075937024}
20:25:43.838 [AsyncHttpClient-1-2] DEBUG org.asynchttpclient.netty.channel.ChannelManager - Closing Channel [id: 0x0cbba58e, L:/127.0.0.1:60724 ! R:localhost/127.0.0.1:60713] 
20:25:43.839 [Driver Command Executor] DEBUG org.asynchttpclient.netty.request.NettyRequestSender - Using pooled Channel '[id: 0xce32834d, L:/127.0.0.1:60712 - R:localhost/127.0.0.1:15435]' for 'DELETE' to 'http://localhost:15435/session/32ccfc22ec7c94bbbe90e247945b1dec'
20:25:43.839 [Driver Command Executor] DEBUG org.asynchttpclient.netty.request.NettyRequestSender - Using open Channel [id: 0xce32834d, L:/127.0.0.1:60712 - R:localhost/127.0.0.1:15435] for DELETE '/session/32ccfc22ec7c94bbbe90e247945b1dec'
20:25:43.857 [rp-io-7] DEBUG com.epam.reportportal.service.Launch - TestItem with ID = 'e441254b-5ddd-483b-9189-4c4a6b6d2e15' successfully finished.
20:25:43.857 [rp-io-7] DEBUG com.epam.reportportal.utils.SubscriptionUtils - Finish test item completed
20:25:43.858 [rp-io-92] DEBUG com.epam.reportportal.service.Launch - TestItem with ID = 'cc1ff01e-6eb0-4a8b-b73a-d88ec3cbca31' successfully finished.
20:25:43.858 [rp-io-92] DEBUG com.epam.reportportal.utils.SubscriptionUtils - Finish test item completed
20:25:43.866 [rp-io-13] DEBUG com.epam.reportportal.service.Launch - ReportPortal item with ID '2eb5fea1-cb46-47d1-a409-a538f9bcd720' has been created
20:25:43.866 [rp-io-13] DEBUG com.epam.reportportal.utils.SubscriptionUtils - Start test item successfully completed
20:25:44.121 [AsyncHttpClient-1-17] DEBUG org.asynchttpclient.netty.handler.HttpHandler - Unexpected I/O exception on channel [id: 0x27d56157, L:/127.0.0.1:60723 - R:localhost/127.0.0.1:60713]
java.net.SocketException: Connection reset
	at java.base/sun.nio.ch.SocketChannelImpl.throwConnectionReset(SocketChannelImpl.java:394)
	at java.base/sun.nio.ch.SocketChannelImpl.read(SocketChannelImpl.java:426)
	at io.netty.buffer.PooledByteBuf.setBytes(PooledByteBuf.java:256)
	at io.netty.buffer.AbstractByteBuf.writeBytes(AbstractByteBuf.java:1132)
	at io.netty.channel.socket.nio.NioSocketChannel.doReadBytes(NioSocketChannel.java:357)
	at io.netty.channel.nio.AbstractNioByteChannel$NioByteUnsafe.read(AbstractNioByteChannel.java:151)
	at io.netty.channel.nio.NioEventLoop.processSelectedKey(NioEventLoop.java:788)
	at io.netty.channel.nio.NioEventLoop.processSelectedKeysOptimized(NioEventLoop.java:724)
	at io.netty.channel.nio.NioEventLoop.processSelectedKeys(NioEventLoop.java:650)
	at io.netty.channel.nio.NioEventLoop.run(NioEventLoop.java:562)
	at io.netty.util.concurrent.SingleThreadEventExecutor$4.run(SingleThreadEventExecutor.java:997)
	at io.netty.util.internal.ThreadExecutorMap$2.run(ThreadExecutorMap.java:74)
	at io.netty.util.concurrent.FastThreadLocalRunnable.run(FastThreadLocalRunnable.java:30)
	at java.base/java.lang.Thread.run(Thread.java:833)
20:25:44.122 [AsyncHttpClient-1-17] DEBUG org.asynchttpclient.netty.channel.ChannelManager - Closing Channel [id: 0x27d56157, L:/127.0.0.1:60723 - R:localhost/127.0.0.1:60713] 
20:25:44.122 [AsyncHttpClient-1-17] DEBUG org.asynchttpclient.netty.handler.HttpHandler - Channel Closed: [id: 0x27d56157, L:/127.0.0.1:60723 ! R:localhost/127.0.0.1:60713] with attribute DISCARD
20:25:44.146 [AsyncHttpClient-1-16] DEBUG org.asynchttpclient.netty.handler.HttpHandler - 

Request DefaultFullHttpRequest(decodeResult: success, version: HTTP/1.1, content: EmptyByteBufBE)
DELETE /session/32ccfc22ec7c94bbbe90e247945b1dec HTTP/1.1
User-Agent: selenium/4.8.3 (java windows)
Content-Type: application/json; charset=utf-8
host: localhost:15435
accept: */*

Response DefaultHttpResponse(decodeResult: success, version: HTTP/1.1)
HTTP/1.1 200 OK
Content-Length: 14
Content-Type: application/json; charset=utf-8
cache-control: no-cache

20:25:44.147 [AsyncHttpClient-1-16] DEBUG org.asynchttpclient.netty.channel.ChannelManager - Adding key: http://localhost:15435 for channel [id: 0xce32834d, L:/127.0.0.1:60712 - R:localhost/127.0.0.1:15435]
20:25:44.191 [AsyncHttpClient-1-16] DEBUG org.asynchttpclient.netty.handler.HttpHandler - Channel Closed: [id: 0xce32834d, L:/127.0.0.1:60712 ! R:localhost/127.0.0.1:15435] with attribute DISCARD
2023-06-06 20:25:44 INFO  BaseTest:83 - Test executed**********
20:25:44.209 [rp-io-8] DEBUG com.epam.reportportal.service.Launch - Starting test item...rp-io-8
2023-06-06 20:25:44 INFO  BaseTest:110 - Property files loaded successfully**********
20:25:44.221 [main] DEBUG io.github.bonigarcia.wdm.cache.ResolutionCache - Resolution chrome=114 in cache (valid until 21:23:55 06/06/2023 CEST)
20:25:44.221 [main] DEBUG io.github.bonigarcia.wdm.cache.ResolutionCache - Resolution chrome114=114.0.5735.90 in cache (valid until 16:16:26 07/06/2023 CEST)
20:25:44.221 [main] INFO io.github.bonigarcia.wdm.WebDriverManager - Using chromedriver 114.0.5735.90 (resolved driver for Chrome 114)
20:25:44.224 [rp-io-11] DEBUG com.epam.reportportal.service.Launch - TestItem with ID = '2eb5fea1-cb46-47d1-a409-a538f9bcd720' successfully finished.
20:25:44.224 [rp-io-11] DEBUG com.epam.reportportal.utils.SubscriptionUtils - Finish test item completed
20:25:44.228 [main] DEBUG io.github.bonigarcia.wdm.WebDriverManager - Driver chromedriver 114.0.5735.90 found in cache
20:25:44.229 [main] INFO io.github.bonigarcia.wdm.WebDriverManager - Exporting webdriver.chrome.driver as C:\Users\Suwarna_Wagh\.cache\selenium\chromedriver\win32\114.0.5735.90\chromedriver.exe
20:25:44.230 [rp-io-8] DEBUG com.epam.reportportal.service.Launch - ReportPortal item with ID 'd772d2d5-eba8-4a44-9ef6-52173394c5cc' has been created
20:25:44.230 [rp-io-8] DEBUG com.epam.reportportal.utils.SubscriptionUtils - Start test item successfully completed
20:25:44.290 [AsyncHttpClient-1-1] DEBUG org.asynchttpclient.netty.channel.DefaultChannelPool - Entry count for : http://localhost:15435 : 1
20:25:44.290 [AsyncHttpClient-1-1] DEBUG org.asynchttpclient.netty.channel.DefaultChannelPool - Entry count for : http://localhost:60713 : 1
20:25:44.290 [AsyncHttpClient-1-1] DEBUG org.asynchttpclient.netty.channel.DefaultChannelPool - Adding Candidate expired Channel [id: 0xce32834d, L:/127.0.0.1:60712 ! R:localhost/127.0.0.1:15435] isIdleTimeoutExpired=false isRemotelyClosed=true isTtlExpired=false
20:25:44.290 [AsyncHttpClient-1-1] DEBUG org.asynchttpclient.netty.channel.DefaultChannelPool - Closing Idle Channel [id: 0xce32834d, L:/127.0.0.1:60712 ! R:localhost/127.0.0.1:15435]
20:25:44.290 [AsyncHttpClient-1-1] DEBUG org.asynchttpclient.netty.channel.DefaultChannelPool - Adding Candidate expired Channel [id: 0x27d56157, L:/127.0.0.1:60723 ! R:localhost/127.0.0.1:60713] isIdleTimeoutExpired=false isRemotelyClosed=true isTtlExpired=false
20:25:44.290 [AsyncHttpClient-1-1] DEBUG org.asynchttpclient.netty.channel.DefaultChannelPool - Closing Idle Channel [id: 0x27d56157, L:/127.0.0.1:60723 ! R:localhost/127.0.0.1:60713]
20:25:44.290 [AsyncHttpClient-1-1] DEBUG org.asynchttpclient.netty.channel.DefaultChannelPool - Closed 2 connections out of 2 in 0 ms
20:25:44.425 [AsyncHttpClient-1-3] DEBUG org.asynchttpclient.netty.channel.NettyConnectListener - Using new Channel '[id: 0xba30d8f7, L:/127.0.0.1:60775 - R:localhost/127.0.0.1:34014]' for 'POST' to '/session'
20:25:45.127 [AsyncHttpClient-1-3] DEBUG org.asynchttpclient.netty.handler.HttpHandler - 

Request DefaultHttpRequest(decodeResult: success, version: HTTP/1.1)
POST /session HTTP/1.1
User-Agent: selenium/4.8.3 (java windows)
Content-Length: 439
Content-Type: application/json; charset=utf-8
host: localhost:34014
accept: */*

Response DefaultHttpResponse(decodeResult: success, version: HTTP/1.1)
HTTP/1.1 200 OK
Content-Length: 864
Content-Type: application/json; charset=utf-8
cache-control: no-cache

20:25:45.127 [AsyncHttpClient-1-3] DEBUG org.asynchttpclient.netty.channel.ChannelManager - Adding key: http://localhost:34014 for channel [id: 0xba30d8f7, L:/127.0.0.1:60775 - R:localhost/127.0.0.1:34014]
20:25:45.134 [AsyncHttpClient-1-4] DEBUG org.asynchttpclient.netty.channel.NettyConnectListener - Using new Channel '[id: 0x2aee2dea, L:/127.0.0.1:60785 - R:localhost/127.0.0.1:60776]' for 'GET' to '/json/version'
20:25:45.135 [AsyncHttpClient-1-4] DEBUG org.asynchttpclient.netty.handler.HttpHandler - 

Request DefaultFullHttpRequest(decodeResult: success, version: HTTP/1.1, content: EmptyByteBufBE)
GET /json/version HTTP/1.1
User-Agent: selenium/4.8.3 (java windows)
host: localhost:60776
accept: */*

Response DefaultHttpResponse(decodeResult: success, version: HTTP/1.1)
HTTP/1.1 200 OK
Content-Security-Policy: frame-ancestors 'none'
Content-Length: 424
Content-Type: application/json; charset=UTF-8

20:25:45.136 [AsyncHttpClient-1-4] DEBUG org.asynchttpclient.netty.channel.ChannelManager - Adding key: http://localhost:60776 for channel [id: 0x2aee2dea, L:/127.0.0.1:60785 - R:localhost/127.0.0.1:60776]
20:25:45.137 [AsyncHttpClient-1-5] DEBUG org.asynchttpclient.netty.channel.NettyConnectListener - Using new Channel '[id: 0x8218347d, L:/127.0.0.1:60786 - R:localhost/127.0.0.1:60776]' for 'GET' to '/devtools/browser/fa9b7eea-86ee-416b-a46d-a50515f4ae4f'
20:25:45.138 [AsyncHttpClient-1-5] DEBUG org.asynchttpclient.netty.handler.WebSocketHandler - 

Request DefaultFullHttpRequest(decodeResult: success, version: HTTP/1.1, content: EmptyByteBufBE)
GET /devtools/browser/fa9b7eea-86ee-416b-a46d-a50515f4ae4f HTTP/1.1
upgrade: websocket
connection: upgrade
sec-websocket-key: IDmKbEHMelv7uV7ttfstzQ==
sec-websocket-version: 13
origin: http://localhost:60776
host: localhost:60776
accept: */*
user-agent: AHC/2.1

Response DefaultHttpResponse(decodeResult: success, version: HTTP/1.1)
HTTP/1.1 101 WebSocket Protocol Handshake
Upgrade: WebSocket
Connection: Upgrade
Sec-WebSocket-Accept: vQdr74OEtJwnNWxy5nUZhVeFxTM=

20:25:45.142 [Forwarding setTimeout on session 249ab3f627b66b5e7a7a3d78cce812d7 to remote] DEBUG org.asynchttpclient.netty.request.NettyRequestSender - Using pooled Channel '[id: 0xba30d8f7, L:/127.0.0.1:60775 - R:localhost/127.0.0.1:34014]' for 'POST' to 'http://localhost:34014/session/249ab3f627b66b5e7a7a3d78cce812d7/timeouts'
20:25:45.142 [Forwarding setTimeout on session 249ab3f627b66b5e7a7a3d78cce812d7 to remote] DEBUG org.asynchttpclient.netty.request.NettyRequestSender - Using open Channel [id: 0xba30d8f7, L:/127.0.0.1:60775 - R:localhost/127.0.0.1:34014] for POST '/session/249ab3f627b66b5e7a7a3d78cce812d7/timeouts'
20:25:45.144 [AsyncHttpClient-1-3] DEBUG org.asynchttpclient.netty.handler.HttpHandler - 

Request DefaultHttpRequest(decodeResult: success, version: HTTP/1.1)
POST /session/249ab3f627b66b5e7a7a3d78cce812d7/timeouts HTTP/1.1
User-Agent: selenium/4.8.3 (java windows)
Content-Length: 22
Content-Type: application/json; charset=utf-8
host: localhost:34014
accept: */*

Response DefaultHttpResponse(decodeResult: success, version: HTTP/1.1)
HTTP/1.1 200 OK
Content-Length: 14
Content-Type: application/json; charset=utf-8
cache-control: no-cache

20:25:45.144 [AsyncHttpClient-1-3] DEBUG org.asynchttpclient.netty.channel.ChannelManager - Adding key: http://localhost:34014 for channel [id: 0xba30d8f7, L:/127.0.0.1:60775 - R:localhost/127.0.0.1:34014]
20:25:45.145 [Forwarding maximizeCurrentWindow on session 249ab3f627b66b5e7a7a3d78cce812d7 to remote] DEBUG org.asynchttpclient.netty.request.NettyRequestSender - Using pooled Channel '[id: 0xba30d8f7, L:/127.0.0.1:60775 - R:localhost/127.0.0.1:34014]' for 'POST' to 'http://localhost:34014/session/249ab3f627b66b5e7a7a3d78cce812d7/window/maximize'
20:25:45.145 [Forwarding maximizeCurrentWindow on session 249ab3f627b66b5e7a7a3d78cce812d7 to remote] DEBUG org.asynchttpclient.netty.request.NettyRequestSender - Using open Channel [id: 0xba30d8f7, L:/127.0.0.1:60775 - R:localhost/127.0.0.1:34014] for POST '/session/249ab3f627b66b5e7a7a3d78cce812d7/window/maximize'
20:25:45.268 [AsyncHttpClient-1-3] DEBUG org.asynchttpclient.netty.handler.HttpHandler - 

Request DefaultHttpRequest(decodeResult: success, version: HTTP/1.1)
POST /session/249ab3f627b66b5e7a7a3d78cce812d7/window/maximize HTTP/1.1
User-Agent: selenium/4.8.3 (java windows)
Content-Length: 3
Content-Type: application/json; charset=utf-8
host: localhost:34014
accept: */*

Response DefaultHttpResponse(decodeResult: success, version: HTTP/1.1)
HTTP/1.1 200 OK
Content-Length: 51
Content-Type: application/json; charset=utf-8
cache-control: no-cache

20:25:45.268 [AsyncHttpClient-1-3] DEBUG org.asynchttpclient.netty.channel.ChannelManager - Adding key: http://localhost:34014 for channel [id: 0xba30d8f7, L:/127.0.0.1:60775 - R:localhost/127.0.0.1:34014]
20:25:45.269 [Forwarding get on session 249ab3f627b66b5e7a7a3d78cce812d7 to remote] DEBUG org.asynchttpclient.netty.request.NettyRequestSender - Using pooled Channel '[id: 0xba30d8f7, L:/127.0.0.1:60775 - R:localhost/127.0.0.1:34014]' for 'POST' to 'http://localhost:34014/session/249ab3f627b66b5e7a7a3d78cce812d7/url'
20:25:45.269 [Forwarding get on session 249ab3f627b66b5e7a7a3d78cce812d7 to remote] DEBUG org.asynchttpclient.netty.request.NettyRequestSender - Using open Channel [id: 0xba30d8f7, L:/127.0.0.1:60775 - R:localhost/127.0.0.1:34014] for POST '/session/249ab3f627b66b5e7a7a3d78cce812d7/url'
20:25:45.392 [AsyncHttpClient-1-1] DEBUG org.asynchttpclient.netty.channel.DefaultChannelPool - Entry count for : http://localhost:60776 : 1
20:25:46.490 [AsyncHttpClient-1-1] DEBUG org.asynchttpclient.netty.channel.DefaultChannelPool - Entry count for : http://localhost:60776 : 1
20:25:46.960 [AsyncHttpClient-1-3] DEBUG org.asynchttpclient.netty.handler.HttpHandler - 

Request DefaultHttpRequest(decodeResult: success, version: HTTP/1.1)
POST /session/249ab3f627b66b5e7a7a3d78cce812d7/url HTTP/1.1
User-Agent: selenium/4.8.3 (java windows)
Content-Length: 52
Content-Type: application/json; charset=utf-8
host: localhost:34014
accept: */*

Response DefaultHttpResponse(decodeResult: success, version: HTTP/1.1)
HTTP/1.1 200 OK
Content-Length: 14
Content-Type: application/json; charset=utf-8
cache-control: no-cache

20:25:46.960 [AsyncHttpClient-1-3] DEBUG org.asynchttpclient.netty.channel.ChannelManager - Adding key: http://localhost:34014 for channel [id: 0xba30d8f7, L:/127.0.0.1:60775 - R:localhost/127.0.0.1:34014]
2023-06-06 20:25:46 INFO  BaseTest:104 - Test driver set up done successfully**********
2023-06-06 20:25:46 INFO  BaseTest:122 - Logging in to portal
20:25:46.963 [Forwarding findElement on session 249ab3f627b66b5e7a7a3d78cce812d7 to remote] DEBUG org.asynchttpclient.netty.request.NettyRequestSender - Using pooled Channel '[id: 0xba30d8f7, L:/127.0.0.1:60775 - R:localhost/127.0.0.1:34014]' for 'POST' to 'http://localhost:34014/session/249ab3f627b66b5e7a7a3d78cce812d7/element'
20:25:46.963 [Forwarding findElement on session 249ab3f627b66b5e7a7a3d78cce812d7 to remote] DEBUG org.asynchttpclient.netty.request.NettyRequestSender - Using open Channel [id: 0xba30d8f7, L:/127.0.0.1:60775 - R:localhost/127.0.0.1:34014] for POST '/session/249ab3f627b66b5e7a7a3d78cce812d7/element'
20:25:46.980 [AsyncHttpClient-1-3] DEBUG org.asynchttpclient.netty.handler.HttpHandler - 

Request DefaultHttpRequest(decodeResult: success, version: HTTP/1.1)
POST /session/249ab3f627b66b5e7a7a3d78cce812d7/element HTTP/1.1
User-Agent: selenium/4.8.3 (java windows)
Content-Length: 59
Content-Type: application/json; charset=utf-8
host: localhost:34014
accept: */*

Response DefaultHttpResponse(decodeResult: success, version: HTTP/1.1)
HTTP/1.1 200 OK
Content-Length: 95
Content-Type: application/json; charset=utf-8
cache-control: no-cache

20:25:46.981 [AsyncHttpClient-1-3] DEBUG org.asynchttpclient.netty.channel.ChannelManager - Adding key: http://localhost:34014 for channel [id: 0xba30d8f7, L:/127.0.0.1:60775 - R:localhost/127.0.0.1:34014]
20:25:46.982 [Forwarding clearElement on session 249ab3f627b66b5e7a7a3d78cce812d7 to remote] DEBUG org.asynchttpclient.netty.request.NettyRequestSender - Using pooled Channel '[id: 0xba30d8f7, L:/127.0.0.1:60775 - R:localhost/127.0.0.1:34014]' for 'POST' to 'http://localhost:34014/session/249ab3f627b66b5e7a7a3d78cce812d7/element/DC05DE1EC701BB8F6CE943C3263923FD_element_30/clear'
20:25:46.982 [Forwarding clearElement on session 249ab3f627b66b5e7a7a3d78cce812d7 to remote] DEBUG org.asynchttpclient.netty.request.NettyRequestSender - Using open Channel [id: 0xba30d8f7, L:/127.0.0.1:60775 - R:localhost/127.0.0.1:34014] for POST '/session/249ab3f627b66b5e7a7a3d78cce812d7/element/DC05DE1EC701BB8F6CE943C3263923FD_element_30/clear'
20:25:47.038 [AsyncHttpClient-1-3] DEBUG org.asynchttpclient.netty.handler.HttpHandler - 

Request DefaultHttpRequest(decodeResult: success, version: HTTP/1.1)
POST /session/249ab3f627b66b5e7a7a3d78cce812d7/element/DC05DE1EC701BB8F6CE943C3263923FD_element_30/clear HTTP/1.1
User-Agent: selenium/4.8.3 (java windows)
Content-Length: 57
Content-Type: application/json; charset=utf-8
host: localhost:34014
accept: */*

Response DefaultHttpResponse(decodeResult: success, version: HTTP/1.1)
HTTP/1.1 200 OK
Content-Length: 14
Content-Type: application/json; charset=utf-8
cache-control: no-cache

20:25:47.038 [AsyncHttpClient-1-3] DEBUG org.asynchttpclient.netty.channel.ChannelManager - Adding key: http://localhost:34014 for channel [id: 0xba30d8f7, L:/127.0.0.1:60775 - R:localhost/127.0.0.1:34014]
20:25:47.040 [Forwarding findElement on session 249ab3f627b66b5e7a7a3d78cce812d7 to remote] DEBUG org.asynchttpclient.netty.request.NettyRequestSender - Using pooled Channel '[id: 0xba30d8f7, L:/127.0.0.1:60775 - R:localhost/127.0.0.1:34014]' for 'POST' to 'http://localhost:34014/session/249ab3f627b66b5e7a7a3d78cce812d7/element'
20:25:47.040 [Forwarding findElement on session 249ab3f627b66b5e7a7a3d78cce812d7 to remote] DEBUG org.asynchttpclient.netty.request.NettyRequestSender - Using open Channel [id: 0xba30d8f7, L:/127.0.0.1:60775 - R:localhost/127.0.0.1:34014] for POST '/session/249ab3f627b66b5e7a7a3d78cce812d7/element'
20:25:47.048 [AsyncHttpClient-1-3] DEBUG org.asynchttpclient.netty.handler.HttpHandler - 

Request DefaultHttpRequest(decodeResult: success, version: HTTP/1.1)
POST /session/249ab3f627b66b5e7a7a3d78cce812d7/element HTTP/1.1
User-Agent: selenium/4.8.3 (java windows)
Content-Length: 59
Content-Type: application/json; charset=utf-8
host: localhost:34014
accept: */*

Response DefaultHttpResponse(decodeResult: success, version: HTTP/1.1)
HTTP/1.1 200 OK
Content-Length: 95
Content-Type: application/json; charset=utf-8
cache-control: no-cache

20:25:47.048 [AsyncHttpClient-1-3] DEBUG org.asynchttpclient.netty.channel.ChannelManager - Adding key: http://localhost:34014 for channel [id: 0xba30d8f7, L:/127.0.0.1:60775 - R:localhost/127.0.0.1:34014]
20:25:47.050 [Forwarding sendKeysToElement on session 249ab3f627b66b5e7a7a3d78cce812d7 to remote] DEBUG org.asynchttpclient.netty.request.NettyRequestSender - Using pooled Channel '[id: 0xba30d8f7, L:/127.0.0.1:60775 - R:localhost/127.0.0.1:34014]' for 'POST' to 'http://localhost:34014/session/249ab3f627b66b5e7a7a3d78cce812d7/element/DC05DE1EC701BB8F6CE943C3263923FD_element_30/value'
20:25:47.051 [Forwarding sendKeysToElement on session 249ab3f627b66b5e7a7a3d78cce812d7 to remote] DEBUG org.asynchttpclient.netty.request.NettyRequestSender - Using open Channel [id: 0xba30d8f7, L:/127.0.0.1:60775 - R:localhost/127.0.0.1:34014] for POST '/session/249ab3f627b66b5e7a7a3d78cce812d7/element/DC05DE1EC701BB8F6CE943C3263923FD_element_30/value'
20:25:47.177 [AsyncHttpClient-1-3] DEBUG org.asynchttpclient.netty.handler.HttpHandler - 

Request DefaultHttpRequest(decodeResult: success, version: HTTP/1.1)
POST /session/249ab3f627b66b5e7a7a3d78cce812d7/element/DC05DE1EC701BB8F6CE943C3263923FD_element_30/value HTTP/1.1
User-Agent: selenium/4.8.3 (java windows)
Content-Length: 188
Content-Type: application/json; charset=utf-8
host: localhost:34014
accept: */*

Response DefaultHttpResponse(decodeResult: success, version: HTTP/1.1)
HTTP/1.1 200 OK
Content-Length: 14
Content-Type: application/json; charset=utf-8
cache-control: no-cache

20:25:47.178 [AsyncHttpClient-1-3] DEBUG org.asynchttpclient.netty.channel.ChannelManager - Adding key: http://localhost:34014 for channel [id: 0xba30d8f7, L:/127.0.0.1:60775 - R:localhost/127.0.0.1:34014]
20:25:47.179 [Forwarding findElement on session 249ab3f627b66b5e7a7a3d78cce812d7 to remote] DEBUG org.asynchttpclient.netty.request.NettyRequestSender - Using pooled Channel '[id: 0xba30d8f7, L:/127.0.0.1:60775 - R:localhost/127.0.0.1:34014]' for 'POST' to 'http://localhost:34014/session/249ab3f627b66b5e7a7a3d78cce812d7/element'
20:25:47.179 [Forwarding findElement on session 249ab3f627b66b5e7a7a3d78cce812d7 to remote] DEBUG org.asynchttpclient.netty.request.NettyRequestSender - Using open Channel [id: 0xba30d8f7, L:/127.0.0.1:60775 - R:localhost/127.0.0.1:34014] for POST '/session/249ab3f627b66b5e7a7a3d78cce812d7/element'
20:25:47.191 [AsyncHttpClient-1-3] DEBUG org.asynchttpclient.netty.handler.HttpHandler - 

Request DefaultHttpRequest(decodeResult: success, version: HTTP/1.1)
POST /session/249ab3f627b66b5e7a7a3d78cce812d7/element HTTP/1.1
User-Agent: selenium/4.8.3 (java windows)
Content-Length: 62
Content-Type: application/json; charset=utf-8
host: localhost:34014
accept: */*

Response DefaultHttpResponse(decodeResult: success, version: HTTP/1.1)
HTTP/1.1 200 OK
Content-Length: 95
Content-Type: application/json; charset=utf-8
cache-control: no-cache

20:25:47.192 [AsyncHttpClient-1-3] DEBUG org.asynchttpclient.netty.channel.ChannelManager - Adding key: http://localhost:34014 for channel [id: 0xba30d8f7, L:/127.0.0.1:60775 - R:localhost/127.0.0.1:34014]
20:25:47.193 [Forwarding clearElement on session 249ab3f627b66b5e7a7a3d78cce812d7 to remote] DEBUG org.asynchttpclient.netty.request.NettyRequestSender - Using pooled Channel '[id: 0xba30d8f7, L:/127.0.0.1:60775 - R:localhost/127.0.0.1:34014]' for 'POST' to 'http://localhost:34014/session/249ab3f627b66b5e7a7a3d78cce812d7/element/DC05DE1EC701BB8F6CE943C3263923FD_element_32/clear'
20:25:47.193 [Forwarding clearElement on session 249ab3f627b66b5e7a7a3d78cce812d7 to remote] DEBUG org.asynchttpclient.netty.request.NettyRequestSender - Using open Channel [id: 0xba30d8f7, L:/127.0.0.1:60775 - R:localhost/127.0.0.1:34014] for POST '/session/249ab3f627b66b5e7a7a3d78cce812d7/element/DC05DE1EC701BB8F6CE943C3263923FD_element_32/clear'
20:25:47.220 [AsyncHttpClient-1-3] DEBUG org.asynchttpclient.netty.handler.HttpHandler - 

Request DefaultHttpRequest(decodeResult: success, version: HTTP/1.1)
POST /session/249ab3f627b66b5e7a7a3d78cce812d7/element/DC05DE1EC701BB8F6CE943C3263923FD_element_32/clear HTTP/1.1
User-Agent: selenium/4.8.3 (java windows)
Content-Length: 57
Content-Type: application/json; charset=utf-8
host: localhost:34014
accept: */*

Response DefaultHttpResponse(decodeResult: success, version: HTTP/1.1)
HTTP/1.1 200 OK
Content-Length: 14
Content-Type: application/json; charset=utf-8
cache-control: no-cache

20:25:47.220 [AsyncHttpClient-1-3] DEBUG org.asynchttpclient.netty.channel.ChannelManager - Adding key: http://localhost:34014 for channel [id: 0xba30d8f7, L:/127.0.0.1:60775 - R:localhost/127.0.0.1:34014]
20:25:47.221 [Forwarding findElement on session 249ab3f627b66b5e7a7a3d78cce812d7 to remote] DEBUG org.asynchttpclient.netty.request.NettyRequestSender - Using pooled Channel '[id: 0xba30d8f7, L:/127.0.0.1:60775 - R:localhost/127.0.0.1:34014]' for 'POST' to 'http://localhost:34014/session/249ab3f627b66b5e7a7a3d78cce812d7/element'
20:25:47.221 [Forwarding findElement on session 249ab3f627b66b5e7a7a3d78cce812d7 to remote] DEBUG org.asynchttpclient.netty.request.NettyRequestSender - Using open Channel [id: 0xba30d8f7, L:/127.0.0.1:60775 - R:localhost/127.0.0.1:34014] for POST '/session/249ab3f627b66b5e7a7a3d78cce812d7/element'
20:25:47.229 [AsyncHttpClient-1-3] DEBUG org.asynchttpclient.netty.handler.HttpHandler - 

Request DefaultHttpRequest(decodeResult: success, version: HTTP/1.1)
POST /session/249ab3f627b66b5e7a7a3d78cce812d7/element HTTP/1.1
User-Agent: selenium/4.8.3 (java windows)
Content-Length: 62
Content-Type: application/json; charset=utf-8
host: localhost:34014
accept: */*

Response DefaultHttpResponse(decodeResult: success, version: HTTP/1.1)
HTTP/1.1 200 OK
Content-Length: 95
Content-Type: application/json; charset=utf-8
cache-control: no-cache

20:25:47.229 [AsyncHttpClient-1-3] DEBUG org.asynchttpclient.netty.channel.ChannelManager - Adding key: http://localhost:34014 for channel [id: 0xba30d8f7, L:/127.0.0.1:60775 - R:localhost/127.0.0.1:34014]
20:25:47.231 [Forwarding sendKeysToElement on session 249ab3f627b66b5e7a7a3d78cce812d7 to remote] DEBUG org.asynchttpclient.netty.request.NettyRequestSender - Using pooled Channel '[id: 0xba30d8f7, L:/127.0.0.1:60775 - R:localhost/127.0.0.1:34014]' for 'POST' to 'http://localhost:34014/session/249ab3f627b66b5e7a7a3d78cce812d7/element/DC05DE1EC701BB8F6CE943C3263923FD_element_32/value'
20:25:47.231 [Forwarding sendKeysToElement on session 249ab3f627b66b5e7a7a3d78cce812d7 to remote] DEBUG org.asynchttpclient.netty.request.NettyRequestSender - Using open Channel [id: 0xba30d8f7, L:/127.0.0.1:60775 - R:localhost/127.0.0.1:34014] for POST '/session/249ab3f627b66b5e7a7a3d78cce812d7/element/DC05DE1EC701BB8F6CE943C3263923FD_element_32/value'
20:25:47.305 [AsyncHttpClient-1-3] DEBUG org.asynchttpclient.netty.handler.HttpHandler - 

Request DefaultHttpRequest(decodeResult: success, version: HTTP/1.1)
POST /session/249ab3f627b66b5e7a7a3d78cce812d7/element/DC05DE1EC701BB8F6CE943C3263923FD_element_32/value HTTP/1.1
User-Agent: selenium/4.8.3 (java windows)
Content-Length: 148
Content-Type: application/json; charset=utf-8
host: localhost:34014
accept: */*

Response DefaultHttpResponse(decodeResult: success, version: HTTP/1.1)
HTTP/1.1 200 OK
Content-Length: 14
Content-Type: application/json; charset=utf-8
cache-control: no-cache

20:25:47.305 [AsyncHttpClient-1-3] DEBUG org.asynchttpclient.netty.channel.ChannelManager - Adding key: http://localhost:34014 for channel [id: 0xba30d8f7, L:/127.0.0.1:60775 - R:localhost/127.0.0.1:34014]
20:25:47.306 [Forwarding findElement on session 249ab3f627b66b5e7a7a3d78cce812d7 to remote] DEBUG org.asynchttpclient.netty.request.NettyRequestSender - Using pooled Channel '[id: 0xba30d8f7, L:/127.0.0.1:60775 - R:localhost/127.0.0.1:34014]' for 'POST' to 'http://localhost:34014/session/249ab3f627b66b5e7a7a3d78cce812d7/element'
20:25:47.306 [Forwarding findElement on session 249ab3f627b66b5e7a7a3d78cce812d7 to remote] DEBUG org.asynchttpclient.netty.request.NettyRequestSender - Using open Channel [id: 0xba30d8f7, L:/127.0.0.1:60775 - R:localhost/127.0.0.1:34014] for POST '/session/249ab3f627b66b5e7a7a3d78cce812d7/element'
20:25:47.322 [AsyncHttpClient-1-3] DEBUG org.asynchttpclient.netty.handler.HttpHandler - 

Request DefaultHttpRequest(decodeResult: success, version: HTTP/1.1)
POST /session/249ab3f627b66b5e7a7a3d78cce812d7/element HTTP/1.1
User-Agent: selenium/4.8.3 (java windows)
Content-Length: 71
Content-Type: application/json; charset=utf-8
host: localhost:34014
accept: */*

Response DefaultHttpResponse(decodeResult: success, version: HTTP/1.1)
HTTP/1.1 200 OK
Content-Length: 95
Content-Type: application/json; charset=utf-8
cache-control: no-cache

20:25:47.322 [AsyncHttpClient-1-3] DEBUG org.asynchttpclient.netty.channel.ChannelManager - Adding key: http://localhost:34014 for channel [id: 0xba30d8f7, L:/127.0.0.1:60775 - R:localhost/127.0.0.1:34014]
20:25:47.323 [Forwarding clickElement on session 249ab3f627b66b5e7a7a3d78cce812d7 to remote] DEBUG org.asynchttpclient.netty.request.NettyRequestSender - Using pooled Channel '[id: 0xba30d8f7, L:/127.0.0.1:60775 - R:localhost/127.0.0.1:34014]' for 'POST' to 'http://localhost:34014/session/249ab3f627b66b5e7a7a3d78cce812d7/element/DC05DE1EC701BB8F6CE943C3263923FD_element_33/click'
20:25:47.323 [Forwarding clickElement on session 249ab3f627b66b5e7a7a3d78cce812d7 to remote] DEBUG org.asynchttpclient.netty.request.NettyRequestSender - Using open Channel [id: 0xba30d8f7, L:/127.0.0.1:60775 - R:localhost/127.0.0.1:34014] for POST '/session/249ab3f627b66b5e7a7a3d78cce812d7/element/DC05DE1EC701BB8F6CE943C3263923FD_element_33/click'
20:25:47.366 [AsyncHttpClient-1-3] DEBUG org.asynchttpclient.netty.handler.HttpHandler - 

Request DefaultHttpRequest(decodeResult: success, version: HTTP/1.1)
POST /session/249ab3f627b66b5e7a7a3d78cce812d7/element/DC05DE1EC701BB8F6CE943C3263923FD_element_33/click HTTP/1.1
User-Agent: selenium/4.8.3 (java windows)
Content-Length: 57
Content-Type: application/json; charset=utf-8
host: localhost:34014
accept: */*

Response DefaultHttpResponse(decodeResult: success, version: HTTP/1.1)
HTTP/1.1 200 OK
Content-Length: 14
Content-Type: application/json; charset=utf-8
cache-control: no-cache

20:25:47.367 [AsyncHttpClient-1-3] DEBUG org.asynchttpclient.netty.channel.ChannelManager - Adding key: http://localhost:34014 for channel [id: 0xba30d8f7, L:/127.0.0.1:60775 - R:localhost/127.0.0.1:34014]
2023-06-06 20:25:47 INFO  BaseTest:126 - Logged in
20:25:47.368 [rp-io-24] DEBUG com.epam.reportportal.service.Launch - Starting test item...rp-io-24
2023-06-06 20:25:47 INFO  Listeners:34 - Started Test null
20:25:47.370 [Forwarding findElement on session 249ab3f627b66b5e7a7a3d78cce812d7 to remote] DEBUG org.asynchttpclient.netty.request.NettyRequestSender - Using pooled Channel '[id: 0xba30d8f7, L:/127.0.0.1:60775 - R:localhost/127.0.0.1:34014]' for 'POST' to 'http://localhost:34014/session/249ab3f627b66b5e7a7a3d78cce812d7/element'
20:25:47.371 [Forwarding findElement on session 249ab3f627b66b5e7a7a3d78cce812d7 to remote] DEBUG org.asynchttpclient.netty.request.NettyRequestSender - Using open Channel [id: 0xba30d8f7, L:/127.0.0.1:60775 - R:localhost/127.0.0.1:34014] for POST '/session/249ab3f627b66b5e7a7a3d78cce812d7/element'
20:25:47.389 [rp-io-25] DEBUG com.epam.reportportal.service.Launch - TestItem with ID = 'd772d2d5-eba8-4a44-9ef6-52173394c5cc' successfully finished.
20:25:47.389 [rp-io-25] DEBUG com.epam.reportportal.utils.SubscriptionUtils - Finish test item completed
20:25:47.398 [rp-io-24] DEBUG com.epam.reportportal.service.Launch - ReportPortal item with ID '621c9805-ba13-494c-9830-42158a953e4d' has been created
20:25:47.398 [rp-io-24] DEBUG com.epam.reportportal.utils.SubscriptionUtils - Start test item successfully completed
20:25:47.591 [AsyncHttpClient-1-1] DEBUG org.asynchttpclient.netty.channel.DefaultChannelPool - Entry count for : http://localhost:60776 : 1
20:25:47.764 [AsyncHttpClient-1-3] DEBUG org.asynchttpclient.netty.handler.HttpHandler - 

Request DefaultHttpRequest(decodeResult: success, version: HTTP/1.1)
POST /session/249ab3f627b66b5e7a7a3d78cce812d7/element HTTP/1.1
User-Agent: selenium/4.8.3 (java windows)
Content-Length: 168
Content-Type: application/json; charset=utf-8
host: localhost:34014
accept: */*

Response DefaultHttpResponse(decodeResult: success, version: HTTP/1.1)
HTTP/1.1 200 OK
Content-Length: 95
Content-Type: application/json; charset=utf-8
cache-control: no-cache

20:25:47.764 [AsyncHttpClient-1-3] DEBUG org.asynchttpclient.netty.channel.ChannelManager - Adding key: http://localhost:34014 for channel [id: 0xba30d8f7, L:/127.0.0.1:60775 - R:localhost/127.0.0.1:34014]
20:25:47.765 [Forwarding clickElement on session 249ab3f627b66b5e7a7a3d78cce812d7 to remote] DEBUG org.asynchttpclient.netty.request.NettyRequestSender - Using pooled Channel '[id: 0xba30d8f7, L:/127.0.0.1:60775 - R:localhost/127.0.0.1:34014]' for 'POST' to 'http://localhost:34014/session/249ab3f627b66b5e7a7a3d78cce812d7/element/DC05DE1EC701BB8F6CE943C3263923FD_element_38/click'
20:25:47.765 [Forwarding clickElement on session 249ab3f627b66b5e7a7a3d78cce812d7 to remote] DEBUG org.asynchttpclient.netty.request.NettyRequestSender - Using open Channel [id: 0xba30d8f7, L:/127.0.0.1:60775 - R:localhost/127.0.0.1:34014] for POST '/session/249ab3f627b66b5e7a7a3d78cce812d7/element/DC05DE1EC701BB8F6CE943C3263923FD_element_38/click'
20:25:47.942 [AsyncHttpClient-1-3] DEBUG org.asynchttpclient.netty.handler.HttpHandler - 

Request DefaultHttpRequest(decodeResult: success, version: HTTP/1.1)
POST /session/249ab3f627b66b5e7a7a3d78cce812d7/element/DC05DE1EC701BB8F6CE943C3263923FD_element_38/click HTTP/1.1
User-Agent: selenium/4.8.3 (java windows)
Content-Length: 57
Content-Type: application/json; charset=utf-8
host: localhost:34014
accept: */*

Response DefaultHttpResponse(decodeResult: success, version: HTTP/1.1)
HTTP/1.1 200 OK
Content-Length: 14
Content-Type: application/json; charset=utf-8
cache-control: no-cache

20:25:47.942 [AsyncHttpClient-1-3] DEBUG org.asynchttpclient.netty.channel.ChannelManager - Adding key: http://localhost:34014 for channel [id: 0xba30d8f7, L:/127.0.0.1:60775 - R:localhost/127.0.0.1:34014]
20:25:47.944 [Forwarding findElement on session 249ab3f627b66b5e7a7a3d78cce812d7 to remote] DEBUG org.asynchttpclient.netty.request.NettyRequestSender - Using pooled Channel '[id: 0xba30d8f7, L:/127.0.0.1:60775 - R:localhost/127.0.0.1:34014]' for 'POST' to 'http://localhost:34014/session/249ab3f627b66b5e7a7a3d78cce812d7/element'
20:25:47.945 [Forwarding findElement on session 249ab3f627b66b5e7a7a3d78cce812d7 to remote] DEBUG org.asynchttpclient.netty.request.NettyRequestSender - Using open Channel [id: 0xba30d8f7, L:/127.0.0.1:60775 - R:localhost/127.0.0.1:34014] for POST '/session/249ab3f627b66b5e7a7a3d78cce812d7/element'
20:25:48.636 [AsyncHttpClient-1-3] DEBUG org.asynchttpclient.netty.handler.HttpHandler - 

Request DefaultHttpRequest(decodeResult: success, version: HTTP/1.1)
POST /session/249ab3f627b66b5e7a7a3d78cce812d7/element HTTP/1.1
User-Agent: selenium/4.8.3 (java windows)
Content-Length: 73
Content-Type: application/json; charset=utf-8
host: localhost:34014
accept: */*

Response DefaultHttpResponse(decodeResult: success, version: HTTP/1.1)
HTTP/1.1 200 OK
Content-Length: 95
Content-Type: application/json; charset=utf-8
cache-control: no-cache

20:25:48.638 [AsyncHttpClient-1-3] DEBUG org.asynchttpclient.netty.channel.ChannelManager - Adding key: http://localhost:34014 for channel [id: 0xba30d8f7, L:/127.0.0.1:60775 - R:localhost/127.0.0.1:34014]
20:25:48.639 [Forwarding executeScript on session 249ab3f627b66b5e7a7a3d78cce812d7 to remote] DEBUG org.asynchttpclient.netty.request.NettyRequestSender - Using pooled Channel '[id: 0xba30d8f7, L:/127.0.0.1:60775 - R:localhost/127.0.0.1:34014]' for 'POST' to 'http://localhost:34014/session/249ab3f627b66b5e7a7a3d78cce812d7/execute/sync'
20:25:48.639 [Forwarding executeScript on session 249ab3f627b66b5e7a7a3d78cce812d7 to remote] DEBUG org.asynchttpclient.netty.request.NettyRequestSender - Using open Channel [id: 0xba30d8f7, L:/127.0.0.1:60775 - R:localhost/127.0.0.1:34014] for POST '/session/249ab3f627b66b5e7a7a3d78cce812d7/execute/sync'
20:25:48.694 [AsyncHttpClient-1-1] DEBUG org.asynchttpclient.netty.channel.DefaultChannelPool - Entry count for : http://localhost:60776 : 1
20:25:48.696 [AsyncHttpClient-1-3] DEBUG org.asynchttpclient.netty.handler.HttpHandler - 

Request DefaultHttpRequest(decodeResult: success, version: HTTP/1.1)
POST /session/249ab3f627b66b5e7a7a3d78cce812d7/execute/sync HTTP/1.1
User-Agent: selenium/4.8.3 (java windows)
Content-Length: 232
Content-Type: application/json; charset=utf-8
host: localhost:34014
accept: */*

Response DefaultHttpResponse(decodeResult: success, version: HTTP/1.1)
HTTP/1.1 200 OK
Content-Length: 14
Content-Type: application/json; charset=utf-8
cache-control: no-cache

20:25:48.696 [AsyncHttpClient-1-3] DEBUG org.asynchttpclient.netty.channel.ChannelManager - Adding key: http://localhost:34014 for channel [id: 0xba30d8f7, L:/127.0.0.1:60775 - R:localhost/127.0.0.1:34014]
20:25:48.698 [Forwarding findElement on session 249ab3f627b66b5e7a7a3d78cce812d7 to remote] DEBUG org.asynchttpclient.netty.request.NettyRequestSender - Using pooled Channel '[id: 0xba30d8f7, L:/127.0.0.1:60775 - R:localhost/127.0.0.1:34014]' for 'POST' to 'http://localhost:34014/session/249ab3f627b66b5e7a7a3d78cce812d7/element'
20:25:48.698 [Forwarding findElement on session 249ab3f627b66b5e7a7a3d78cce812d7 to remote] DEBUG org.asynchttpclient.netty.request.NettyRequestSender - Using open Channel [id: 0xba30d8f7, L:/127.0.0.1:60775 - R:localhost/127.0.0.1:34014] for POST '/session/249ab3f627b66b5e7a7a3d78cce812d7/element'
20:25:48.762 [AsyncHttpClient-1-3] DEBUG org.asynchttpclient.netty.handler.HttpHandler - 

Request DefaultHttpRequest(decodeResult: success, version: HTTP/1.1)
POST /session/249ab3f627b66b5e7a7a3d78cce812d7/element HTTP/1.1
User-Agent: selenium/4.8.3 (java windows)
Content-Length: 73
Content-Type: application/json; charset=utf-8
host: localhost:34014
accept: */*

Response DefaultHttpResponse(decodeResult: success, version: HTTP/1.1)
HTTP/1.1 200 OK
Content-Length: 95
Content-Type: application/json; charset=utf-8
cache-control: no-cache

20:25:48.762 [AsyncHttpClient-1-3] DEBUG org.asynchttpclient.netty.channel.ChannelManager - Adding key: http://localhost:34014 for channel [id: 0xba30d8f7, L:/127.0.0.1:60775 - R:localhost/127.0.0.1:34014]
20:25:48.765 [Forwarding isElementDisplayed on session 249ab3f627b66b5e7a7a3d78cce812d7 to remote] DEBUG org.asynchttpclient.netty.request.NettyRequestSender - Using pooled Channel '[id: 0xba30d8f7, L:/127.0.0.1:60775 - R:localhost/127.0.0.1:34014]' for 'POST' to 'http://localhost:34014/session/249ab3f627b66b5e7a7a3d78cce812d7/execute/sync'
20:25:48.766 [Forwarding isElementDisplayed on session 249ab3f627b66b5e7a7a3d78cce812d7 to remote] DEBUG org.asynchttpclient.netty.request.NettyRequestSender - Using open Channel [id: 0xba30d8f7, L:/127.0.0.1:60775 - R:localhost/127.0.0.1:34014] for POST '/session/249ab3f627b66b5e7a7a3d78cce812d7/execute/sync'
20:25:48.837 [AsyncHttpClient-1-3] DEBUG org.asynchttpclient.netty.handler.HttpHandler - 

Request DefaultHttpRequest(decodeResult: success, version: HTTP/1.1)
POST /session/249ab3f627b66b5e7a7a3d78cce812d7/execute/sync HTTP/1.1
User-Agent: selenium/4.8.3 (java windows)
Content-Length: 48814
Content-Type: application/json; charset=utf-8
host: localhost:34014
accept: */*

Response DefaultHttpResponse(decodeResult: success, version: HTTP/1.1)
HTTP/1.1 200 OK
Content-Length: 14
Content-Type: application/json; charset=utf-8
cache-control: no-cache

20:25:48.837 [AsyncHttpClient-1-3] DEBUG org.asynchttpclient.netty.channel.ChannelManager - Adding key: http://localhost:34014 for channel [id: 0xba30d8f7, L:/127.0.0.1:60775 - R:localhost/127.0.0.1:34014]
2023-06-06 20:25:48 INFO  Listeners:38 - Succeeded Test null
]]></system-out>
    <system-err><![CDATA[Starting ChromeDriver 114.0.5735.90 (386bc09e8f4f2e025eddae123f36f6263096ae49-refs/branch-heads/5735@{#1052}) on port 34014
Only local connections are allowed.
Please see https://chromedriver.chromium.org/security-considerations for suggestions on keeping ChromeDriver safe.
ChromeDriver was started successfully.
Jun 06, 2023 8:25:45 PM org.openqa.selenium.devtools.CdpVersionFinder findNearestMatch
WARNING: Unable to find an exact match for CDP version 114, so returning the closest version found: 111
]]></system-err>
  </testcase>
  <testcase name="searchDashboardNameDP[MOST FAILED TEST CASES](13)" classname="alltests.uitest.coreTest.DashboardPageTest" time="0">
    <skipped message="no such element: Unable to locate element: {&quot;method&quot;:&quot;xpath&quot;,&quot;selector&quot;:&quot;//*[text()=&apos;MOST FAILED TEST CASES&apos;]&quot;}&#10;  (Session info: chrome=114.0.5735.110)&#10;For documentation on this error, please visit: https://selenium.dev/exceptions/#no_such_element&#10;Build info: version: &apos;4.8.3&apos;, revision: &apos;e5e76298c3&apos;&#10;System info: os.name: &apos;Windows 10&apos;, os.arch: &apos;amd64&apos;, os.version: &apos;10.0&apos;, java.version: &apos;17.0.3.1&apos;&#10;Driver info: org.openqa.selenium.chrome.ChromeDriver&#10;Command: [815e5072b9f0eb75989a2808d9f5f09b, findElement {using=xpath, value=//*[text()=&apos;MOST FAILED TEST CASES&apos;]}]&#10;Capabilities {acceptInsecureCerts: false, browserName: chrome, browserVersion: 114.0.5735.110, chrome: {chromedriverVersion: 114.0.5735.90 (386bc09e8f4f..., userDataDir: C:\Users\SUWARN~1\AppData\L...}, goog:chromeOptions: {debuggerAddress: localhost:60813}, networkConnectionEnabled: false, pageLoadStrategy: normal, platformName: WINDOWS, proxy: Proxy(), se:cdp: ws://localhost:60813/devtoo..., se:cdpVersion: 114.0.5735.110, setWindowRect: true, strictFileInteractability: false, timeouts: {implicit: 0, pageLoad: 300000, script: 30000}, unhandledPromptBehavior: dismiss and notify, webauthn:extension:credBlob: true, webauthn:extension:largeBlob: true, webauthn:extension:minPinLength: true, webauthn:extension:prf: true, webauthn:virtualAuthenticators: true}&#10;Session ID: 815e5072b9f0eb75989a2808d9f5f09b"/>
    <system-out><![CDATA[20:25:48.839 [rp-io-30] DEBUG com.epam.reportportal.service.Launch - Starting test item...rp-io-30
20:25:48.841 [AsyncHttpClient-1-5] DEBUG org.asynchttpclient.netty.handler.WebSocketHandler - Channel Closed: [id: 0x8218347d, L:/127.0.0.1:60786 ! R:localhost/127.0.0.1:60776] with attribute NettyResponseFuture{currentRetry=0,
	isDone=1,
	isCancelled=0,
	asyncHandler=org.asynchttpclient.ws.WebSocketUpgradeHandler@5ac233c5,
	nettyRequest=org.asynchttpclient.netty.request.NettyRequest@77d23eab,
	future=java.util.concurrent.CompletableFuture@74756ec5[Completed normally],
	uri=ws://localhost:60776/devtools/browser/fa9b7eea-86ee-416b-a46d-a50515f4ae4f,
	keepAlive=true,
	redirectCount=0,
	timeoutsHolder=null,
	inAuth=0,
	touch=1686075945138}
20:25:48.841 [AsyncHttpClient-1-5] DEBUG org.asynchttpclient.netty.channel.ChannelManager - Closing Channel [id: 0x8218347d, L:/127.0.0.1:60786 ! R:localhost/127.0.0.1:60776] 
20:25:48.842 [Driver Command Executor] DEBUG org.asynchttpclient.netty.request.NettyRequestSender - Using pooled Channel '[id: 0xba30d8f7, L:/127.0.0.1:60775 - R:localhost/127.0.0.1:34014]' for 'DELETE' to 'http://localhost:34014/session/249ab3f627b66b5e7a7a3d78cce812d7'
20:25:48.842 [Driver Command Executor] DEBUG org.asynchttpclient.netty.request.NettyRequestSender - Using open Channel [id: 0xba30d8f7, L:/127.0.0.1:60775 - R:localhost/127.0.0.1:34014] for DELETE '/session/249ab3f627b66b5e7a7a3d78cce812d7'
20:25:48.875 [rp-io-31] DEBUG com.epam.reportportal.service.Launch - TestItem with ID = '621c9805-ba13-494c-9830-42158a953e4d' successfully finished.
20:25:48.875 [rp-io-31] DEBUG com.epam.reportportal.utils.SubscriptionUtils - Finish test item completed
20:25:48.879 [rp-io-30] DEBUG com.epam.reportportal.service.Launch - ReportPortal item with ID 'ce5d5614-df3d-4986-af6c-b690c8788850' has been created
20:25:48.879 [rp-io-30] DEBUG com.epam.reportportal.utils.SubscriptionUtils - Start test item successfully completed
20:25:48.917 [AsyncHttpClient-1-4] DEBUG org.asynchttpclient.netty.handler.HttpHandler - Unexpected I/O exception on channel [id: 0x2aee2dea, L:/127.0.0.1:60785 - R:localhost/127.0.0.1:60776]
java.net.SocketException: Connection reset
	at java.base/sun.nio.ch.SocketChannelImpl.throwConnectionReset(SocketChannelImpl.java:394)
	at java.base/sun.nio.ch.SocketChannelImpl.read(SocketChannelImpl.java:426)
	at io.netty.buffer.PooledByteBuf.setBytes(PooledByteBuf.java:256)
	at io.netty.buffer.AbstractByteBuf.writeBytes(AbstractByteBuf.java:1132)
	at io.netty.channel.socket.nio.NioSocketChannel.doReadBytes(NioSocketChannel.java:357)
	at io.netty.channel.nio.AbstractNioByteChannel$NioByteUnsafe.read(AbstractNioByteChannel.java:151)
	at io.netty.channel.nio.NioEventLoop.processSelectedKey(NioEventLoop.java:788)
	at io.netty.channel.nio.NioEventLoop.processSelectedKeysOptimized(NioEventLoop.java:724)
	at io.netty.channel.nio.NioEventLoop.processSelectedKeys(NioEventLoop.java:650)
	at io.netty.channel.nio.NioEventLoop.run(NioEventLoop.java:562)
	at io.netty.util.concurrent.SingleThreadEventExecutor$4.run(SingleThreadEventExecutor.java:997)
	at io.netty.util.internal.ThreadExecutorMap$2.run(ThreadExecutorMap.java:74)
	at io.netty.util.concurrent.FastThreadLocalRunnable.run(FastThreadLocalRunnable.java:30)
	at java.base/java.lang.Thread.run(Thread.java:833)
20:25:48.917 [AsyncHttpClient-1-4] DEBUG org.asynchttpclient.netty.channel.ChannelManager - Closing Channel [id: 0x2aee2dea, L:/127.0.0.1:60785 - R:localhost/127.0.0.1:60776] 
20:25:48.917 [AsyncHttpClient-1-4] DEBUG org.asynchttpclient.netty.handler.HttpHandler - Channel Closed: [id: 0x2aee2dea, L:/127.0.0.1:60785 ! R:localhost/127.0.0.1:60776] with attribute DISCARD
20:25:48.943 [AsyncHttpClient-1-3] DEBUG org.asynchttpclient.netty.handler.HttpHandler - 

Request DefaultFullHttpRequest(decodeResult: success, version: HTTP/1.1, content: EmptyByteBufBE)
DELETE /session/249ab3f627b66b5e7a7a3d78cce812d7 HTTP/1.1
User-Agent: selenium/4.8.3 (java windows)
Content-Type: application/json; charset=utf-8
host: localhost:34014
accept: */*

Response DefaultHttpResponse(decodeResult: success, version: HTTP/1.1)
HTTP/1.1 200 OK
Content-Length: 14
Content-Type: application/json; charset=utf-8
cache-control: no-cache

20:25:48.943 [AsyncHttpClient-1-3] DEBUG org.asynchttpclient.netty.channel.ChannelManager - Adding key: http://localhost:34014 for channel [id: 0xba30d8f7, L:/127.0.0.1:60775 - R:localhost/127.0.0.1:34014]
20:25:48.996 [AsyncHttpClient-1-3] DEBUG org.asynchttpclient.netty.handler.HttpHandler - Channel Closed: [id: 0xba30d8f7, L:/127.0.0.1:60775 ! R:localhost/127.0.0.1:34014] with attribute DISCARD
2023-06-06 20:25:49 INFO  BaseTest:83 - Test executed**********
20:25:49.047 [rp-io-28] DEBUG com.epam.reportportal.service.Launch - Starting test item...rp-io-28
2023-06-06 20:25:49 INFO  BaseTest:110 - Property files loaded successfully**********
20:25:49.060 [main] DEBUG io.github.bonigarcia.wdm.cache.ResolutionCache - Resolution chrome=114 in cache (valid until 21:23:55 06/06/2023 CEST)
20:25:49.061 [main] DEBUG io.github.bonigarcia.wdm.cache.ResolutionCache - Resolution chrome114=114.0.5735.90 in cache (valid until 16:16:26 07/06/2023 CEST)
20:25:49.061 [main] INFO io.github.bonigarcia.wdm.WebDriverManager - Using chromedriver 114.0.5735.90 (resolved driver for Chrome 114)
20:25:49.063 [rp-io-32] DEBUG com.epam.reportportal.service.Launch - TestItem with ID = 'ce5d5614-df3d-4986-af6c-b690c8788850' successfully finished.
20:25:49.063 [rp-io-32] DEBUG com.epam.reportportal.utils.SubscriptionUtils - Finish test item completed
20:25:49.069 [main] DEBUG io.github.bonigarcia.wdm.WebDriverManager - Driver chromedriver 114.0.5735.90 found in cache
20:25:49.070 [main] INFO io.github.bonigarcia.wdm.WebDriverManager - Exporting webdriver.chrome.driver as C:\Users\Suwarna_Wagh\.cache\selenium\chromedriver\win32\114.0.5735.90\chromedriver.exe
20:25:49.070 [rp-io-28] DEBUG com.epam.reportportal.service.Launch - ReportPortal item with ID 'a7aa191a-c1ed-47e6-901b-19bf927e9e0e' has been created
20:25:49.070 [rp-io-28] DEBUG com.epam.reportportal.utils.SubscriptionUtils - Start test item successfully completed
20:25:49.309 [AsyncHttpClient-1-6] DEBUG org.asynchttpclient.netty.channel.NettyConnectListener - Using new Channel '[id: 0x62198231, L:/127.0.0.1:60812 - R:localhost/127.0.0.1:20947]' for 'POST' to '/session'
20:25:49.792 [AsyncHttpClient-1-1] DEBUG org.asynchttpclient.netty.channel.DefaultChannelPool - Entry count for : http://localhost:34014 : 1
20:25:49.792 [AsyncHttpClient-1-1] DEBUG org.asynchttpclient.netty.channel.DefaultChannelPool - Entry count for : http://localhost:60776 : 1
20:25:49.792 [AsyncHttpClient-1-1] DEBUG org.asynchttpclient.netty.channel.DefaultChannelPool - Adding Candidate expired Channel [id: 0xba30d8f7, L:/127.0.0.1:60775 ! R:localhost/127.0.0.1:34014] isIdleTimeoutExpired=false isRemotelyClosed=true isTtlExpired=false
20:25:49.792 [AsyncHttpClient-1-1] DEBUG org.asynchttpclient.netty.channel.DefaultChannelPool - Closing Idle Channel [id: 0xba30d8f7, L:/127.0.0.1:60775 ! R:localhost/127.0.0.1:34014]
20:25:49.792 [AsyncHttpClient-1-1] DEBUG org.asynchttpclient.netty.channel.DefaultChannelPool - Adding Candidate expired Channel [id: 0x2aee2dea, L:/127.0.0.1:60785 ! R:localhost/127.0.0.1:60776] isIdleTimeoutExpired=false isRemotelyClosed=true isTtlExpired=false
20:25:49.792 [AsyncHttpClient-1-1] DEBUG org.asynchttpclient.netty.channel.DefaultChannelPool - Closing Idle Channel [id: 0x2aee2dea, L:/127.0.0.1:60785 ! R:localhost/127.0.0.1:60776]
20:25:49.792 [AsyncHttpClient-1-1] DEBUG org.asynchttpclient.netty.channel.DefaultChannelPool - Closed 2 connections out of 2 in 0 ms
20:25:50.337 [AsyncHttpClient-1-6] DEBUG org.asynchttpclient.netty.handler.HttpHandler - 

Request DefaultHttpRequest(decodeResult: success, version: HTTP/1.1)
POST /session HTTP/1.1
User-Agent: selenium/4.8.3 (java windows)
Content-Length: 439
Content-Type: application/json; charset=utf-8
host: localhost:20947
accept: */*

Response DefaultHttpResponse(decodeResult: success, version: HTTP/1.1)
HTTP/1.1 200 OK
Content-Length: 864
Content-Type: application/json; charset=utf-8
cache-control: no-cache

20:25:50.338 [AsyncHttpClient-1-6] DEBUG org.asynchttpclient.netty.channel.ChannelManager - Adding key: http://localhost:20947 for channel [id: 0x62198231, L:/127.0.0.1:60812 - R:localhost/127.0.0.1:20947]
20:25:50.345 [AsyncHttpClient-1-7] DEBUG org.asynchttpclient.netty.channel.NettyConnectListener - Using new Channel '[id: 0x9eafdb3a, L:/127.0.0.1:60820 - R:localhost/127.0.0.1:60813]' for 'GET' to '/json/version'
20:25:50.346 [AsyncHttpClient-1-7] DEBUG org.asynchttpclient.netty.handler.HttpHandler - 

Request DefaultFullHttpRequest(decodeResult: success, version: HTTP/1.1, content: EmptyByteBufBE)
GET /json/version HTTP/1.1
User-Agent: selenium/4.8.3 (java windows)
host: localhost:60813
accept: */*

Response DefaultHttpResponse(decodeResult: success, version: HTTP/1.1)
HTTP/1.1 200 OK
Content-Security-Policy: frame-ancestors 'none'
Content-Length: 424
Content-Type: application/json; charset=UTF-8

20:25:50.346 [AsyncHttpClient-1-7] DEBUG org.asynchttpclient.netty.channel.ChannelManager - Adding key: http://localhost:60813 for channel [id: 0x9eafdb3a, L:/127.0.0.1:60820 - R:localhost/127.0.0.1:60813]
20:25:50.348 [AsyncHttpClient-1-8] DEBUG org.asynchttpclient.netty.channel.NettyConnectListener - Using new Channel '[id: 0x81ccb1f1, L:/127.0.0.1:60821 - R:localhost/127.0.0.1:60813]' for 'GET' to '/devtools/browser/97b4c8ed-0bff-4b48-8c08-7142f1ea6a18'
20:25:50.349 [AsyncHttpClient-1-8] DEBUG org.asynchttpclient.netty.handler.WebSocketHandler - 

Request DefaultFullHttpRequest(decodeResult: success, version: HTTP/1.1, content: EmptyByteBufBE)
GET /devtools/browser/97b4c8ed-0bff-4b48-8c08-7142f1ea6a18 HTTP/1.1
upgrade: websocket
connection: upgrade
sec-websocket-key: yRxbJNJs1ivkEnCo+jqNWg==
sec-websocket-version: 13
origin: http://localhost:60813
host: localhost:60813
accept: */*
user-agent: AHC/2.1

Response DefaultHttpResponse(decodeResult: success, version: HTTP/1.1)
HTTP/1.1 101 WebSocket Protocol Handshake
Upgrade: WebSocket
Connection: Upgrade
Sec-WebSocket-Accept: pwPFaVWsurHHPAXoDgGeESfUowc=

20:25:50.354 [Forwarding setTimeout on session 815e5072b9f0eb75989a2808d9f5f09b to remote] DEBUG org.asynchttpclient.netty.request.NettyRequestSender - Using pooled Channel '[id: 0x62198231, L:/127.0.0.1:60812 - R:localhost/127.0.0.1:20947]' for 'POST' to 'http://localhost:20947/session/815e5072b9f0eb75989a2808d9f5f09b/timeouts'
20:25:50.354 [Forwarding setTimeout on session 815e5072b9f0eb75989a2808d9f5f09b to remote] DEBUG org.asynchttpclient.netty.request.NettyRequestSender - Using open Channel [id: 0x62198231, L:/127.0.0.1:60812 - R:localhost/127.0.0.1:20947] for POST '/session/815e5072b9f0eb75989a2808d9f5f09b/timeouts'
20:25:50.355 [AsyncHttpClient-1-6] DEBUG org.asynchttpclient.netty.handler.HttpHandler - 

Request DefaultHttpRequest(decodeResult: success, version: HTTP/1.1)
POST /session/815e5072b9f0eb75989a2808d9f5f09b/timeouts HTTP/1.1
User-Agent: selenium/4.8.3 (java windows)
Content-Length: 22
Content-Type: application/json; charset=utf-8
host: localhost:20947
accept: */*

Response DefaultHttpResponse(decodeResult: success, version: HTTP/1.1)
HTTP/1.1 200 OK
Content-Length: 14
Content-Type: application/json; charset=utf-8
cache-control: no-cache

20:25:50.356 [AsyncHttpClient-1-6] DEBUG org.asynchttpclient.netty.channel.ChannelManager - Adding key: http://localhost:20947 for channel [id: 0x62198231, L:/127.0.0.1:60812 - R:localhost/127.0.0.1:20947]
20:25:50.357 [Forwarding maximizeCurrentWindow on session 815e5072b9f0eb75989a2808d9f5f09b to remote] DEBUG org.asynchttpclient.netty.request.NettyRequestSender - Using pooled Channel '[id: 0x62198231, L:/127.0.0.1:60812 - R:localhost/127.0.0.1:20947]' for 'POST' to 'http://localhost:20947/session/815e5072b9f0eb75989a2808d9f5f09b/window/maximize'
20:25:50.358 [Forwarding maximizeCurrentWindow on session 815e5072b9f0eb75989a2808d9f5f09b to remote] DEBUG org.asynchttpclient.netty.request.NettyRequestSender - Using open Channel [id: 0x62198231, L:/127.0.0.1:60812 - R:localhost/127.0.0.1:20947] for POST '/session/815e5072b9f0eb75989a2808d9f5f09b/window/maximize'
20:25:50.485 [AsyncHttpClient-1-6] DEBUG org.asynchttpclient.netty.handler.HttpHandler - 

Request DefaultHttpRequest(decodeResult: success, version: HTTP/1.1)
POST /session/815e5072b9f0eb75989a2808d9f5f09b/window/maximize HTTP/1.1
User-Agent: selenium/4.8.3 (java windows)
Content-Length: 3
Content-Type: application/json; charset=utf-8
host: localhost:20947
accept: */*

Response DefaultHttpResponse(decodeResult: success, version: HTTP/1.1)
HTTP/1.1 200 OK
Content-Length: 51
Content-Type: application/json; charset=utf-8
cache-control: no-cache

20:25:50.485 [AsyncHttpClient-1-6] DEBUG org.asynchttpclient.netty.channel.ChannelManager - Adding key: http://localhost:20947 for channel [id: 0x62198231, L:/127.0.0.1:60812 - R:localhost/127.0.0.1:20947]
20:25:50.487 [Forwarding get on session 815e5072b9f0eb75989a2808d9f5f09b to remote] DEBUG org.asynchttpclient.netty.request.NettyRequestSender - Using pooled Channel '[id: 0x62198231, L:/127.0.0.1:60812 - R:localhost/127.0.0.1:20947]' for 'POST' to 'http://localhost:20947/session/815e5072b9f0eb75989a2808d9f5f09b/url'
20:25:50.487 [Forwarding get on session 815e5072b9f0eb75989a2808d9f5f09b to remote] DEBUG org.asynchttpclient.netty.request.NettyRequestSender - Using open Channel [id: 0x62198231, L:/127.0.0.1:60812 - R:localhost/127.0.0.1:20947] for POST '/session/815e5072b9f0eb75989a2808d9f5f09b/url'
20:25:50.891 [AsyncHttpClient-1-1] DEBUG org.asynchttpclient.netty.channel.DefaultChannelPool - Entry count for : http://localhost:60813 : 1
20:25:51.989 [AsyncHttpClient-1-1] DEBUG org.asynchttpclient.netty.channel.DefaultChannelPool - Entry count for : http://localhost:60813 : 1
20:25:52.071 [AsyncHttpClient-1-6] DEBUG org.asynchttpclient.netty.handler.HttpHandler - 

Request DefaultHttpRequest(decodeResult: success, version: HTTP/1.1)
POST /session/815e5072b9f0eb75989a2808d9f5f09b/url HTTP/1.1
User-Agent: selenium/4.8.3 (java windows)
Content-Length: 52
Content-Type: application/json; charset=utf-8
host: localhost:20947
accept: */*

Response DefaultHttpResponse(decodeResult: success, version: HTTP/1.1)
HTTP/1.1 200 OK
Content-Length: 14
Content-Type: application/json; charset=utf-8
cache-control: no-cache

20:25:52.071 [AsyncHttpClient-1-6] DEBUG org.asynchttpclient.netty.channel.ChannelManager - Adding key: http://localhost:20947 for channel [id: 0x62198231, L:/127.0.0.1:60812 - R:localhost/127.0.0.1:20947]
2023-06-06 20:25:52 INFO  BaseTest:104 - Test driver set up done successfully**********
2023-06-06 20:25:52 INFO  BaseTest:122 - Logging in to portal
20:25:52.074 [Forwarding findElement on session 815e5072b9f0eb75989a2808d9f5f09b to remote] DEBUG org.asynchttpclient.netty.request.NettyRequestSender - Using pooled Channel '[id: 0x62198231, L:/127.0.0.1:60812 - R:localhost/127.0.0.1:20947]' for 'POST' to 'http://localhost:20947/session/815e5072b9f0eb75989a2808d9f5f09b/element'
20:25:52.074 [Forwarding findElement on session 815e5072b9f0eb75989a2808d9f5f09b to remote] DEBUG org.asynchttpclient.netty.request.NettyRequestSender - Using open Channel [id: 0x62198231, L:/127.0.0.1:60812 - R:localhost/127.0.0.1:20947] for POST '/session/815e5072b9f0eb75989a2808d9f5f09b/element'
20:25:52.086 [AsyncHttpClient-1-6] DEBUG org.asynchttpclient.netty.handler.HttpHandler - 

Request DefaultHttpRequest(decodeResult: success, version: HTTP/1.1)
POST /session/815e5072b9f0eb75989a2808d9f5f09b/element HTTP/1.1
User-Agent: selenium/4.8.3 (java windows)
Content-Length: 59
Content-Type: application/json; charset=utf-8
host: localhost:20947
accept: */*

Response DefaultHttpResponse(decodeResult: success, version: HTTP/1.1)
HTTP/1.1 200 OK
Content-Length: 95
Content-Type: application/json; charset=utf-8
cache-control: no-cache

20:25:52.086 [AsyncHttpClient-1-6] DEBUG org.asynchttpclient.netty.channel.ChannelManager - Adding key: http://localhost:20947 for channel [id: 0x62198231, L:/127.0.0.1:60812 - R:localhost/127.0.0.1:20947]
20:25:52.088 [Forwarding clearElement on session 815e5072b9f0eb75989a2808d9f5f09b to remote] DEBUG org.asynchttpclient.netty.request.NettyRequestSender - Using pooled Channel '[id: 0x62198231, L:/127.0.0.1:60812 - R:localhost/127.0.0.1:20947]' for 'POST' to 'http://localhost:20947/session/815e5072b9f0eb75989a2808d9f5f09b/element/2B84B6050DC13F4A6682A462973EFA2F_element_30/clear'
20:25:52.088 [Forwarding clearElement on session 815e5072b9f0eb75989a2808d9f5f09b to remote] DEBUG org.asynchttpclient.netty.request.NettyRequestSender - Using open Channel [id: 0x62198231, L:/127.0.0.1:60812 - R:localhost/127.0.0.1:20947] for POST '/session/815e5072b9f0eb75989a2808d9f5f09b/element/2B84B6050DC13F4A6682A462973EFA2F_element_30/clear'
20:25:52.135 [AsyncHttpClient-1-6] DEBUG org.asynchttpclient.netty.handler.HttpHandler - 

Request DefaultHttpRequest(decodeResult: success, version: HTTP/1.1)
POST /session/815e5072b9f0eb75989a2808d9f5f09b/element/2B84B6050DC13F4A6682A462973EFA2F_element_30/clear HTTP/1.1
User-Agent: selenium/4.8.3 (java windows)
Content-Length: 57
Content-Type: application/json; charset=utf-8
host: localhost:20947
accept: */*

Response DefaultHttpResponse(decodeResult: success, version: HTTP/1.1)
HTTP/1.1 200 OK
Content-Length: 14
Content-Type: application/json; charset=utf-8
cache-control: no-cache

20:25:52.135 [AsyncHttpClient-1-6] DEBUG org.asynchttpclient.netty.channel.ChannelManager - Adding key: http://localhost:20947 for channel [id: 0x62198231, L:/127.0.0.1:60812 - R:localhost/127.0.0.1:20947]
20:25:52.136 [Forwarding findElement on session 815e5072b9f0eb75989a2808d9f5f09b to remote] DEBUG org.asynchttpclient.netty.request.NettyRequestSender - Using pooled Channel '[id: 0x62198231, L:/127.0.0.1:60812 - R:localhost/127.0.0.1:20947]' for 'POST' to 'http://localhost:20947/session/815e5072b9f0eb75989a2808d9f5f09b/element'
20:25:52.136 [Forwarding findElement on session 815e5072b9f0eb75989a2808d9f5f09b to remote] DEBUG org.asynchttpclient.netty.request.NettyRequestSender - Using open Channel [id: 0x62198231, L:/127.0.0.1:60812 - R:localhost/127.0.0.1:20947] for POST '/session/815e5072b9f0eb75989a2808d9f5f09b/element'
20:25:52.144 [AsyncHttpClient-1-6] DEBUG org.asynchttpclient.netty.handler.HttpHandler - 

Request DefaultHttpRequest(decodeResult: success, version: HTTP/1.1)
POST /session/815e5072b9f0eb75989a2808d9f5f09b/element HTTP/1.1
User-Agent: selenium/4.8.3 (java windows)
Content-Length: 59
Content-Type: application/json; charset=utf-8
host: localhost:20947
accept: */*

Response DefaultHttpResponse(decodeResult: success, version: HTTP/1.1)
HTTP/1.1 200 OK
Content-Length: 95
Content-Type: application/json; charset=utf-8
cache-control: no-cache

20:25:52.144 [AsyncHttpClient-1-6] DEBUG org.asynchttpclient.netty.channel.ChannelManager - Adding key: http://localhost:20947 for channel [id: 0x62198231, L:/127.0.0.1:60812 - R:localhost/127.0.0.1:20947]
20:25:52.146 [Forwarding sendKeysToElement on session 815e5072b9f0eb75989a2808d9f5f09b to remote] DEBUG org.asynchttpclient.netty.request.NettyRequestSender - Using pooled Channel '[id: 0x62198231, L:/127.0.0.1:60812 - R:localhost/127.0.0.1:20947]' for 'POST' to 'http://localhost:20947/session/815e5072b9f0eb75989a2808d9f5f09b/element/2B84B6050DC13F4A6682A462973EFA2F_element_30/value'
20:25:52.146 [Forwarding sendKeysToElement on session 815e5072b9f0eb75989a2808d9f5f09b to remote] DEBUG org.asynchttpclient.netty.request.NettyRequestSender - Using open Channel [id: 0x62198231, L:/127.0.0.1:60812 - R:localhost/127.0.0.1:20947] for POST '/session/815e5072b9f0eb75989a2808d9f5f09b/element/2B84B6050DC13F4A6682A462973EFA2F_element_30/value'
20:25:52.253 [AsyncHttpClient-1-6] DEBUG org.asynchttpclient.netty.handler.HttpHandler - 

Request DefaultHttpRequest(decodeResult: success, version: HTTP/1.1)
POST /session/815e5072b9f0eb75989a2808d9f5f09b/element/2B84B6050DC13F4A6682A462973EFA2F_element_30/value HTTP/1.1
User-Agent: selenium/4.8.3 (java windows)
Content-Length: 188
Content-Type: application/json; charset=utf-8
host: localhost:20947
accept: */*

Response DefaultHttpResponse(decodeResult: success, version: HTTP/1.1)
HTTP/1.1 200 OK
Content-Length: 14
Content-Type: application/json; charset=utf-8
cache-control: no-cache

20:25:52.253 [AsyncHttpClient-1-6] DEBUG org.asynchttpclient.netty.channel.ChannelManager - Adding key: http://localhost:20947 for channel [id: 0x62198231, L:/127.0.0.1:60812 - R:localhost/127.0.0.1:20947]
20:25:52.254 [Forwarding findElement on session 815e5072b9f0eb75989a2808d9f5f09b to remote] DEBUG org.asynchttpclient.netty.request.NettyRequestSender - Using pooled Channel '[id: 0x62198231, L:/127.0.0.1:60812 - R:localhost/127.0.0.1:20947]' for 'POST' to 'http://localhost:20947/session/815e5072b9f0eb75989a2808d9f5f09b/element'
20:25:52.254 [Forwarding findElement on session 815e5072b9f0eb75989a2808d9f5f09b to remote] DEBUG org.asynchttpclient.netty.request.NettyRequestSender - Using open Channel [id: 0x62198231, L:/127.0.0.1:60812 - R:localhost/127.0.0.1:20947] for POST '/session/815e5072b9f0eb75989a2808d9f5f09b/element'
20:25:52.266 [AsyncHttpClient-1-6] DEBUG org.asynchttpclient.netty.handler.HttpHandler - 

Request DefaultHttpRequest(decodeResult: success, version: HTTP/1.1)
POST /session/815e5072b9f0eb75989a2808d9f5f09b/element HTTP/1.1
User-Agent: selenium/4.8.3 (java windows)
Content-Length: 62
Content-Type: application/json; charset=utf-8
host: localhost:20947
accept: */*

Response DefaultHttpResponse(decodeResult: success, version: HTTP/1.1)
HTTP/1.1 200 OK
Content-Length: 95
Content-Type: application/json; charset=utf-8
cache-control: no-cache

20:25:52.267 [AsyncHttpClient-1-6] DEBUG org.asynchttpclient.netty.channel.ChannelManager - Adding key: http://localhost:20947 for channel [id: 0x62198231, L:/127.0.0.1:60812 - R:localhost/127.0.0.1:20947]
20:25:52.268 [Forwarding clearElement on session 815e5072b9f0eb75989a2808d9f5f09b to remote] DEBUG org.asynchttpclient.netty.request.NettyRequestSender - Using pooled Channel '[id: 0x62198231, L:/127.0.0.1:60812 - R:localhost/127.0.0.1:20947]' for 'POST' to 'http://localhost:20947/session/815e5072b9f0eb75989a2808d9f5f09b/element/2B84B6050DC13F4A6682A462973EFA2F_element_32/clear'
20:25:52.268 [Forwarding clearElement on session 815e5072b9f0eb75989a2808d9f5f09b to remote] DEBUG org.asynchttpclient.netty.request.NettyRequestSender - Using open Channel [id: 0x62198231, L:/127.0.0.1:60812 - R:localhost/127.0.0.1:20947] for POST '/session/815e5072b9f0eb75989a2808d9f5f09b/element/2B84B6050DC13F4A6682A462973EFA2F_element_32/clear'
20:25:52.299 [AsyncHttpClient-1-6] DEBUG org.asynchttpclient.netty.handler.HttpHandler - 

Request DefaultHttpRequest(decodeResult: success, version: HTTP/1.1)
POST /session/815e5072b9f0eb75989a2808d9f5f09b/element/2B84B6050DC13F4A6682A462973EFA2F_element_32/clear HTTP/1.1
User-Agent: selenium/4.8.3 (java windows)
Content-Length: 57
Content-Type: application/json; charset=utf-8
host: localhost:20947
accept: */*

Response DefaultHttpResponse(decodeResult: success, version: HTTP/1.1)
HTTP/1.1 200 OK
Content-Length: 14
Content-Type: application/json; charset=utf-8
cache-control: no-cache

20:25:52.299 [AsyncHttpClient-1-6] DEBUG org.asynchttpclient.netty.channel.ChannelManager - Adding key: http://localhost:20947 for channel [id: 0x62198231, L:/127.0.0.1:60812 - R:localhost/127.0.0.1:20947]
20:25:52.301 [Forwarding findElement on session 815e5072b9f0eb75989a2808d9f5f09b to remote] DEBUG org.asynchttpclient.netty.request.NettyRequestSender - Using pooled Channel '[id: 0x62198231, L:/127.0.0.1:60812 - R:localhost/127.0.0.1:20947]' for 'POST' to 'http://localhost:20947/session/815e5072b9f0eb75989a2808d9f5f09b/element'
20:25:52.301 [Forwarding findElement on session 815e5072b9f0eb75989a2808d9f5f09b to remote] DEBUG org.asynchttpclient.netty.request.NettyRequestSender - Using open Channel [id: 0x62198231, L:/127.0.0.1:60812 - R:localhost/127.0.0.1:20947] for POST '/session/815e5072b9f0eb75989a2808d9f5f09b/element'
20:25:52.321 [AsyncHttpClient-1-6] DEBUG org.asynchttpclient.netty.handler.HttpHandler - 

Request DefaultHttpRequest(decodeResult: success, version: HTTP/1.1)
POST /session/815e5072b9f0eb75989a2808d9f5f09b/element HTTP/1.1
User-Agent: selenium/4.8.3 (java windows)
Content-Length: 62
Content-Type: application/json; charset=utf-8
host: localhost:20947
accept: */*

Response DefaultHttpResponse(decodeResult: success, version: HTTP/1.1)
HTTP/1.1 200 OK
Content-Length: 95
Content-Type: application/json; charset=utf-8
cache-control: no-cache

20:25:52.321 [AsyncHttpClient-1-6] DEBUG org.asynchttpclient.netty.channel.ChannelManager - Adding key: http://localhost:20947 for channel [id: 0x62198231, L:/127.0.0.1:60812 - R:localhost/127.0.0.1:20947]
20:25:52.322 [Forwarding sendKeysToElement on session 815e5072b9f0eb75989a2808d9f5f09b to remote] DEBUG org.asynchttpclient.netty.request.NettyRequestSender - Using pooled Channel '[id: 0x62198231, L:/127.0.0.1:60812 - R:localhost/127.0.0.1:20947]' for 'POST' to 'http://localhost:20947/session/815e5072b9f0eb75989a2808d9f5f09b/element/2B84B6050DC13F4A6682A462973EFA2F_element_32/value'
20:25:52.322 [Forwarding sendKeysToElement on session 815e5072b9f0eb75989a2808d9f5f09b to remote] DEBUG org.asynchttpclient.netty.request.NettyRequestSender - Using open Channel [id: 0x62198231, L:/127.0.0.1:60812 - R:localhost/127.0.0.1:20947] for POST '/session/815e5072b9f0eb75989a2808d9f5f09b/element/2B84B6050DC13F4A6682A462973EFA2F_element_32/value'
20:25:52.407 [AsyncHttpClient-1-6] DEBUG org.asynchttpclient.netty.handler.HttpHandler - 

Request DefaultHttpRequest(decodeResult: success, version: HTTP/1.1)
POST /session/815e5072b9f0eb75989a2808d9f5f09b/element/2B84B6050DC13F4A6682A462973EFA2F_element_32/value HTTP/1.1
User-Agent: selenium/4.8.3 (java windows)
Content-Length: 148
Content-Type: application/json; charset=utf-8
host: localhost:20947
accept: */*

Response DefaultHttpResponse(decodeResult: success, version: HTTP/1.1)
HTTP/1.1 200 OK
Content-Length: 14
Content-Type: application/json; charset=utf-8
cache-control: no-cache

20:25:52.407 [AsyncHttpClient-1-6] DEBUG org.asynchttpclient.netty.channel.ChannelManager - Adding key: http://localhost:20947 for channel [id: 0x62198231, L:/127.0.0.1:60812 - R:localhost/127.0.0.1:20947]
20:25:52.408 [Forwarding findElement on session 815e5072b9f0eb75989a2808d9f5f09b to remote] DEBUG org.asynchttpclient.netty.request.NettyRequestSender - Using pooled Channel '[id: 0x62198231, L:/127.0.0.1:60812 - R:localhost/127.0.0.1:20947]' for 'POST' to 'http://localhost:20947/session/815e5072b9f0eb75989a2808d9f5f09b/element'
20:25:52.408 [Forwarding findElement on session 815e5072b9f0eb75989a2808d9f5f09b to remote] DEBUG org.asynchttpclient.netty.request.NettyRequestSender - Using open Channel [id: 0x62198231, L:/127.0.0.1:60812 - R:localhost/127.0.0.1:20947] for POST '/session/815e5072b9f0eb75989a2808d9f5f09b/element'
20:25:52.421 [AsyncHttpClient-1-6] DEBUG org.asynchttpclient.netty.handler.HttpHandler - 

Request DefaultHttpRequest(decodeResult: success, version: HTTP/1.1)
POST /session/815e5072b9f0eb75989a2808d9f5f09b/element HTTP/1.1
User-Agent: selenium/4.8.3 (java windows)
Content-Length: 71
Content-Type: application/json; charset=utf-8
host: localhost:20947
accept: */*

Response DefaultHttpResponse(decodeResult: success, version: HTTP/1.1)
HTTP/1.1 200 OK
Content-Length: 95
Content-Type: application/json; charset=utf-8
cache-control: no-cache

20:25:52.422 [AsyncHttpClient-1-6] DEBUG org.asynchttpclient.netty.channel.ChannelManager - Adding key: http://localhost:20947 for channel [id: 0x62198231, L:/127.0.0.1:60812 - R:localhost/127.0.0.1:20947]
20:25:52.423 [Forwarding clickElement on session 815e5072b9f0eb75989a2808d9f5f09b to remote] DEBUG org.asynchttpclient.netty.request.NettyRequestSender - Using pooled Channel '[id: 0x62198231, L:/127.0.0.1:60812 - R:localhost/127.0.0.1:20947]' for 'POST' to 'http://localhost:20947/session/815e5072b9f0eb75989a2808d9f5f09b/element/2B84B6050DC13F4A6682A462973EFA2F_element_33/click'
20:25:52.423 [Forwarding clickElement on session 815e5072b9f0eb75989a2808d9f5f09b to remote] DEBUG org.asynchttpclient.netty.request.NettyRequestSender - Using open Channel [id: 0x62198231, L:/127.0.0.1:60812 - R:localhost/127.0.0.1:20947] for POST '/session/815e5072b9f0eb75989a2808d9f5f09b/element/2B84B6050DC13F4A6682A462973EFA2F_element_33/click'
20:25:52.466 [AsyncHttpClient-1-6] DEBUG org.asynchttpclient.netty.handler.HttpHandler - 

Request DefaultHttpRequest(decodeResult: success, version: HTTP/1.1)
POST /session/815e5072b9f0eb75989a2808d9f5f09b/element/2B84B6050DC13F4A6682A462973EFA2F_element_33/click HTTP/1.1
User-Agent: selenium/4.8.3 (java windows)
Content-Length: 57
Content-Type: application/json; charset=utf-8
host: localhost:20947
accept: */*

Response DefaultHttpResponse(decodeResult: success, version: HTTP/1.1)
HTTP/1.1 200 OK
Content-Length: 14
Content-Type: application/json; charset=utf-8
cache-control: no-cache

20:25:52.466 [AsyncHttpClient-1-6] DEBUG org.asynchttpclient.netty.channel.ChannelManager - Adding key: http://localhost:20947 for channel [id: 0x62198231, L:/127.0.0.1:60812 - R:localhost/127.0.0.1:20947]
2023-06-06 20:25:52 INFO  BaseTest:126 - Logged in
20:25:52.468 [rp-io-38] DEBUG com.epam.reportportal.service.Launch - Starting test item...rp-io-38
2023-06-06 20:25:52 INFO  Listeners:34 - Started Test null
20:25:52.471 [Forwarding findElement on session 815e5072b9f0eb75989a2808d9f5f09b to remote] DEBUG org.asynchttpclient.netty.request.NettyRequestSender - Using pooled Channel '[id: 0x62198231, L:/127.0.0.1:60812 - R:localhost/127.0.0.1:20947]' for 'POST' to 'http://localhost:20947/session/815e5072b9f0eb75989a2808d9f5f09b/element'
20:25:52.471 [Forwarding findElement on session 815e5072b9f0eb75989a2808d9f5f09b to remote] DEBUG org.asynchttpclient.netty.request.NettyRequestSender - Using open Channel [id: 0x62198231, L:/127.0.0.1:60812 - R:localhost/127.0.0.1:20947] for POST '/session/815e5072b9f0eb75989a2808d9f5f09b/element'
20:25:52.485 [rp-io-42] DEBUG com.epam.reportportal.service.Launch - TestItem with ID = 'a7aa191a-c1ed-47e6-901b-19bf927e9e0e' successfully finished.
20:25:52.485 [rp-io-42] DEBUG com.epam.reportportal.utils.SubscriptionUtils - Finish test item completed
20:25:52.490 [rp-io-38] DEBUG com.epam.reportportal.service.Launch - ReportPortal item with ID 'b70283e7-6e7f-42ff-b682-3dc561616061' has been created
20:25:52.490 [rp-io-38] DEBUG com.epam.reportportal.utils.SubscriptionUtils - Start test item successfully completed
20:25:52.894 [AsyncHttpClient-1-6] DEBUG org.asynchttpclient.netty.handler.HttpHandler - 

Request DefaultHttpRequest(decodeResult: success, version: HTTP/1.1)
POST /session/815e5072b9f0eb75989a2808d9f5f09b/element HTTP/1.1
User-Agent: selenium/4.8.3 (java windows)
Content-Length: 168
Content-Type: application/json; charset=utf-8
host: localhost:20947
accept: */*

Response DefaultHttpResponse(decodeResult: success, version: HTTP/1.1)
HTTP/1.1 200 OK
Content-Length: 95
Content-Type: application/json; charset=utf-8
cache-control: no-cache

20:25:52.894 [AsyncHttpClient-1-6] DEBUG org.asynchttpclient.netty.channel.ChannelManager - Adding key: http://localhost:20947 for channel [id: 0x62198231, L:/127.0.0.1:60812 - R:localhost/127.0.0.1:20947]
20:25:52.896 [Forwarding clickElement on session 815e5072b9f0eb75989a2808d9f5f09b to remote] DEBUG org.asynchttpclient.netty.request.NettyRequestSender - Using pooled Channel '[id: 0x62198231, L:/127.0.0.1:60812 - R:localhost/127.0.0.1:20947]' for 'POST' to 'http://localhost:20947/session/815e5072b9f0eb75989a2808d9f5f09b/element/2B84B6050DC13F4A6682A462973EFA2F_element_38/click'
20:25:52.896 [Forwarding clickElement on session 815e5072b9f0eb75989a2808d9f5f09b to remote] DEBUG org.asynchttpclient.netty.request.NettyRequestSender - Using open Channel [id: 0x62198231, L:/127.0.0.1:60812 - R:localhost/127.0.0.1:20947] for POST '/session/815e5072b9f0eb75989a2808d9f5f09b/element/2B84B6050DC13F4A6682A462973EFA2F_element_38/click'
20:25:53.090 [AsyncHttpClient-1-1] DEBUG org.asynchttpclient.netty.channel.DefaultChannelPool - Entry count for : http://localhost:60813 : 1
20:25:53.204 [AsyncHttpClient-1-6] DEBUG org.asynchttpclient.netty.handler.HttpHandler - 

Request DefaultHttpRequest(decodeResult: success, version: HTTP/1.1)
POST /session/815e5072b9f0eb75989a2808d9f5f09b/element/2B84B6050DC13F4A6682A462973EFA2F_element_38/click HTTP/1.1
User-Agent: selenium/4.8.3 (java windows)
Content-Length: 57
Content-Type: application/json; charset=utf-8
host: localhost:20947
accept: */*

Response DefaultHttpResponse(decodeResult: success, version: HTTP/1.1)
HTTP/1.1 200 OK
Content-Length: 14
Content-Type: application/json; charset=utf-8
cache-control: no-cache

20:25:53.204 [AsyncHttpClient-1-6] DEBUG org.asynchttpclient.netty.channel.ChannelManager - Adding key: http://localhost:20947 for channel [id: 0x62198231, L:/127.0.0.1:60812 - R:localhost/127.0.0.1:20947]
20:25:53.205 [Forwarding findElement on session 815e5072b9f0eb75989a2808d9f5f09b to remote] DEBUG org.asynchttpclient.netty.request.NettyRequestSender - Using pooled Channel '[id: 0x62198231, L:/127.0.0.1:60812 - R:localhost/127.0.0.1:20947]' for 'POST' to 'http://localhost:20947/session/815e5072b9f0eb75989a2808d9f5f09b/element'
20:25:53.205 [Forwarding findElement on session 815e5072b9f0eb75989a2808d9f5f09b to remote] DEBUG org.asynchttpclient.netty.request.NettyRequestSender - Using open Channel [id: 0x62198231, L:/127.0.0.1:60812 - R:localhost/127.0.0.1:20947] for POST '/session/815e5072b9f0eb75989a2808d9f5f09b/element'
20:25:54.189 [AsyncHttpClient-1-1] DEBUG org.asynchttpclient.netty.channel.DefaultChannelPool - Entry count for : http://localhost:60813 : 1
20:25:55.290 [AsyncHttpClient-1-1] DEBUG org.asynchttpclient.netty.channel.DefaultChannelPool - Entry count for : http://localhost:60813 : 1
20:25:56.391 [AsyncHttpClient-1-1] DEBUG org.asynchttpclient.netty.channel.DefaultChannelPool - Entry count for : http://localhost:60813 : 1
20:25:57.276 [AsyncHttpClient-1-6] DEBUG org.asynchttpclient.netty.handler.HttpHandler - 

Request DefaultHttpRequest(decodeResult: success, version: HTTP/1.1)
POST /session/815e5072b9f0eb75989a2808d9f5f09b/element HTTP/1.1
User-Agent: selenium/4.8.3 (java windows)
Content-Length: 83
Content-Type: application/json; charset=utf-8
host: localhost:20947
accept: */*

Response DefaultHttpResponse(decodeResult: success, version: HTTP/1.1)
HTTP/1.1 404 Not Found
Content-Length: 973
Content-Type: application/json; charset=utf-8
cache-control: no-cache

20:25:57.276 [AsyncHttpClient-1-6] DEBUG org.asynchttpclient.netty.channel.ChannelManager - Adding key: http://localhost:20947 for channel [id: 0x62198231, L:/127.0.0.1:60812 - R:localhost/127.0.0.1:20947]
2023-06-06 20:25:57 INFO  Listeners:55 - Skipped test null
20:25:57.277 [main] ERROR com.epam.reportportal.service.Launch - Item io.reactivex.internal.operators.maybe.MaybeCache@2c914364 not found in the cache
]]></system-out>
    <system-err><![CDATA[Starting ChromeDriver 114.0.5735.90 (386bc09e8f4f2e025eddae123f36f6263096ae49-refs/branch-heads/5735@{#1052}) on port 20947
Only local connections are allowed.
Please see https://chromedriver.chromium.org/security-considerations for suggestions on keeping ChromeDriver safe.
ChromeDriver was started successfully.
Jun 06, 2023 8:25:50 PM org.openqa.selenium.devtools.CdpVersionFinder findNearestMatch
WARNING: Unable to find an exact match for CDP version 114, so returning the closest version found: 111
]]></system-err>
  </testcase>
  <testcase name="searchDashboardNameDP[MOST FAILED TEST CASES](14)" classname="alltests.uitest.coreTest.DashboardPageTest" time="1.93">
    <system-out><![CDATA[20:25:57.280 [rp-io-52] DEBUG com.epam.reportportal.service.Launch - Starting test item...rp-io-52
20:25:57.281 [AsyncHttpClient-1-8] DEBUG org.asynchttpclient.netty.handler.WebSocketHandler - Channel Closed: [id: 0x81ccb1f1, L:/127.0.0.1:60821 ! R:localhost/127.0.0.1:60813] with attribute NettyResponseFuture{currentRetry=0,
	isDone=1,
	isCancelled=0,
	asyncHandler=org.asynchttpclient.ws.WebSocketUpgradeHandler@57f2dc8b,
	nettyRequest=org.asynchttpclient.netty.request.NettyRequest@4d8d3673,
	future=java.util.concurrent.CompletableFuture@1ab7c8cd[Completed normally],
	uri=ws://localhost:60813/devtools/browser/97b4c8ed-0bff-4b48-8c08-7142f1ea6a18,
	keepAlive=true,
	redirectCount=0,
	timeoutsHolder=null,
	inAuth=0,
	touch=1686075950350}
20:25:57.281 [AsyncHttpClient-1-8] DEBUG org.asynchttpclient.netty.channel.ChannelManager - Closing Channel [id: 0x81ccb1f1, L:/127.0.0.1:60821 ! R:localhost/127.0.0.1:60813] 
20:25:57.282 [Driver Command Executor] DEBUG org.asynchttpclient.netty.request.NettyRequestSender - Using pooled Channel '[id: 0x62198231, L:/127.0.0.1:60812 - R:localhost/127.0.0.1:20947]' for 'DELETE' to 'http://localhost:20947/session/815e5072b9f0eb75989a2808d9f5f09b'
20:25:57.282 [Driver Command Executor] DEBUG org.asynchttpclient.netty.request.NettyRequestSender - Using open Channel [id: 0x62198231, L:/127.0.0.1:60812 - R:localhost/127.0.0.1:20947] for DELETE '/session/815e5072b9f0eb75989a2808d9f5f09b'
20:25:57.296 [rp-io-49] DEBUG com.epam.reportportal.service.Launch - TestItem with ID = 'b70283e7-6e7f-42ff-b682-3dc561616061' successfully finished.
20:25:57.296 [rp-io-49] DEBUG com.epam.reportportal.utils.SubscriptionUtils - Finish test item completed
20:25:57.300 [rp-io-48] DEBUG com.epam.reportportal.service.Launch - TestItem with ID = 'a7aa191a-c1ed-47e6-901b-19bf927e9e0e' successfully finished.
20:25:57.300 [rp-io-48] DEBUG com.epam.reportportal.utils.SubscriptionUtils - Finish test item completed
20:25:57.304 [rp-io-52] DEBUG com.epam.reportportal.service.Launch - ReportPortal item with ID '5acfe5d9-cff1-4a8c-8979-dadb12a111b5' has been created
20:25:57.304 [rp-io-52] DEBUG com.epam.reportportal.utils.SubscriptionUtils - Start test item successfully completed
20:25:57.341 [AsyncHttpClient-1-7] DEBUG org.asynchttpclient.netty.handler.HttpHandler - Unexpected I/O exception on channel [id: 0x9eafdb3a, L:/127.0.0.1:60820 - R:localhost/127.0.0.1:60813]
java.net.SocketException: Connection reset
	at java.base/sun.nio.ch.SocketChannelImpl.throwConnectionReset(SocketChannelImpl.java:394)
	at java.base/sun.nio.ch.SocketChannelImpl.read(SocketChannelImpl.java:426)
	at io.netty.buffer.PooledByteBuf.setBytes(PooledByteBuf.java:256)
	at io.netty.buffer.AbstractByteBuf.writeBytes(AbstractByteBuf.java:1132)
	at io.netty.channel.socket.nio.NioSocketChannel.doReadBytes(NioSocketChannel.java:357)
	at io.netty.channel.nio.AbstractNioByteChannel$NioByteUnsafe.read(AbstractNioByteChannel.java:151)
	at io.netty.channel.nio.NioEventLoop.processSelectedKey(NioEventLoop.java:788)
	at io.netty.channel.nio.NioEventLoop.processSelectedKeysOptimized(NioEventLoop.java:724)
	at io.netty.channel.nio.NioEventLoop.processSelectedKeys(NioEventLoop.java:650)
	at io.netty.channel.nio.NioEventLoop.run(NioEventLoop.java:562)
	at io.netty.util.concurrent.SingleThreadEventExecutor$4.run(SingleThreadEventExecutor.java:997)
	at io.netty.util.internal.ThreadExecutorMap$2.run(ThreadExecutorMap.java:74)
	at io.netty.util.concurrent.FastThreadLocalRunnable.run(FastThreadLocalRunnable.java:30)
	at java.base/java.lang.Thread.run(Thread.java:833)
20:25:57.341 [AsyncHttpClient-1-7] DEBUG org.asynchttpclient.netty.channel.ChannelManager - Closing Channel [id: 0x9eafdb3a, L:/127.0.0.1:60820 - R:localhost/127.0.0.1:60813] 
20:25:57.341 [AsyncHttpClient-1-7] DEBUG org.asynchttpclient.netty.handler.HttpHandler - Channel Closed: [id: 0x9eafdb3a, L:/127.0.0.1:60820 ! R:localhost/127.0.0.1:60813] with attribute DISCARD
20:25:57.364 [AsyncHttpClient-1-6] DEBUG org.asynchttpclient.netty.handler.HttpHandler - 

Request DefaultFullHttpRequest(decodeResult: success, version: HTTP/1.1, content: EmptyByteBufBE)
DELETE /session/815e5072b9f0eb75989a2808d9f5f09b HTTP/1.1
User-Agent: selenium/4.8.3 (java windows)
Content-Type: application/json; charset=utf-8
host: localhost:20947
accept: */*

Response DefaultHttpResponse(decodeResult: success, version: HTTP/1.1)
HTTP/1.1 200 OK
Content-Length: 14
Content-Type: application/json; charset=utf-8
cache-control: no-cache

20:25:57.366 [AsyncHttpClient-1-6] DEBUG org.asynchttpclient.netty.channel.ChannelManager - Adding key: http://localhost:20947 for channel [id: 0x62198231, L:/127.0.0.1:60812 - R:localhost/127.0.0.1:20947]
20:25:57.411 [AsyncHttpClient-1-6] DEBUG org.asynchttpclient.netty.handler.HttpHandler - Channel Closed: [id: 0x62198231, L:/127.0.0.1:60812 ! R:localhost/127.0.0.1:20947] with attribute DISCARD
2023-06-06 20:25:57 INFO  BaseTest:83 - Test executed**********
20:25:57.441 [rp-io-56] DEBUG com.epam.reportportal.service.Launch - Starting test item...rp-io-56
2023-06-06 20:25:57 INFO  BaseTest:110 - Property files loaded successfully**********
20:25:57.451 [main] DEBUG io.github.bonigarcia.wdm.cache.ResolutionCache - Resolution chrome=114 in cache (valid until 21:23:55 06/06/2023 CEST)
20:25:57.452 [main] DEBUG io.github.bonigarcia.wdm.cache.ResolutionCache - Resolution chrome114=114.0.5735.90 in cache (valid until 16:16:26 07/06/2023 CEST)
20:25:57.452 [main] INFO io.github.bonigarcia.wdm.WebDriverManager - Using chromedriver 114.0.5735.90 (resolved driver for Chrome 114)
20:25:57.455 [rp-io-50] DEBUG com.epam.reportportal.service.Launch - TestItem with ID = '5acfe5d9-cff1-4a8c-8979-dadb12a111b5' successfully finished.
20:25:57.456 [rp-io-50] DEBUG com.epam.reportportal.utils.SubscriptionUtils - Finish test item completed
20:25:57.458 [main] DEBUG io.github.bonigarcia.wdm.WebDriverManager - Driver chromedriver 114.0.5735.90 found in cache
20:25:57.458 [main] INFO io.github.bonigarcia.wdm.WebDriverManager - Exporting webdriver.chrome.driver as C:\Users\Suwarna_Wagh\.cache\selenium\chromedriver\win32\114.0.5735.90\chromedriver.exe
20:25:57.460 [rp-io-56] DEBUG com.epam.reportportal.service.Launch - ReportPortal item with ID '610f046d-8bb4-4fd1-b405-772b72ae87f6' has been created
20:25:57.460 [rp-io-56] DEBUG com.epam.reportportal.utils.SubscriptionUtils - Start test item successfully completed
20:25:57.491 [AsyncHttpClient-1-1] DEBUG org.asynchttpclient.netty.channel.DefaultChannelPool - Entry count for : http://localhost:20947 : 1
20:25:57.491 [AsyncHttpClient-1-1] DEBUG org.asynchttpclient.netty.channel.DefaultChannelPool - Entry count for : http://localhost:60813 : 1
20:25:57.491 [AsyncHttpClient-1-1] DEBUG org.asynchttpclient.netty.channel.DefaultChannelPool - Adding Candidate expired Channel [id: 0x62198231, L:/127.0.0.1:60812 ! R:localhost/127.0.0.1:20947] isIdleTimeoutExpired=false isRemotelyClosed=true isTtlExpired=false
20:25:57.491 [AsyncHttpClient-1-1] DEBUG org.asynchttpclient.netty.channel.DefaultChannelPool - Closing Idle Channel [id: 0x62198231, L:/127.0.0.1:60812 ! R:localhost/127.0.0.1:20947]
20:25:57.491 [AsyncHttpClient-1-1] DEBUG org.asynchttpclient.netty.channel.DefaultChannelPool - Adding Candidate expired Channel [id: 0x9eafdb3a, L:/127.0.0.1:60820 ! R:localhost/127.0.0.1:60813] isIdleTimeoutExpired=false isRemotelyClosed=true isTtlExpired=false
20:25:57.491 [AsyncHttpClient-1-1] DEBUG org.asynchttpclient.netty.channel.DefaultChannelPool - Closing Idle Channel [id: 0x9eafdb3a, L:/127.0.0.1:60820 ! R:localhost/127.0.0.1:60813]
20:25:57.491 [AsyncHttpClient-1-1] DEBUG org.asynchttpclient.netty.channel.DefaultChannelPool - Closed 2 connections out of 2 in 0 ms
20:25:57.647 [AsyncHttpClient-1-9] DEBUG org.asynchttpclient.netty.channel.NettyConnectListener - Using new Channel '[id: 0xe23a77e2, L:/127.0.0.1:60839 - R:localhost/127.0.0.1:11180]' for 'POST' to '/session'
20:25:58.358 [AsyncHttpClient-1-9] DEBUG org.asynchttpclient.netty.handler.HttpHandler - 

Request DefaultHttpRequest(decodeResult: success, version: HTTP/1.1)
POST /session HTTP/1.1
User-Agent: selenium/4.8.3 (java windows)
Content-Length: 439
Content-Type: application/json; charset=utf-8
host: localhost:11180
accept: */*

Response DefaultHttpResponse(decodeResult: success, version: HTTP/1.1)
HTTP/1.1 200 OK
Content-Length: 864
Content-Type: application/json; charset=utf-8
cache-control: no-cache

20:25:58.358 [AsyncHttpClient-1-9] DEBUG org.asynchttpclient.netty.channel.ChannelManager - Adding key: http://localhost:11180 for channel [id: 0xe23a77e2, L:/127.0.0.1:60839 - R:localhost/127.0.0.1:11180]
20:25:58.364 [AsyncHttpClient-1-10] DEBUG org.asynchttpclient.netty.channel.NettyConnectListener - Using new Channel '[id: 0xb8a3d7b4, L:/127.0.0.1:60846 - R:localhost/127.0.0.1:60840]' for 'GET' to '/json/version'
20:25:58.364 [AsyncHttpClient-1-10] DEBUG org.asynchttpclient.netty.handler.HttpHandler - 

Request DefaultFullHttpRequest(decodeResult: success, version: HTTP/1.1, content: EmptyByteBufBE)
GET /json/version HTTP/1.1
User-Agent: selenium/4.8.3 (java windows)
host: localhost:60840
accept: */*

Response DefaultHttpResponse(decodeResult: success, version: HTTP/1.1)
HTTP/1.1 200 OK
Content-Security-Policy: frame-ancestors 'none'
Content-Length: 424
Content-Type: application/json; charset=UTF-8

20:25:58.365 [AsyncHttpClient-1-10] DEBUG org.asynchttpclient.netty.channel.ChannelManager - Adding key: http://localhost:60840 for channel [id: 0xb8a3d7b4, L:/127.0.0.1:60846 - R:localhost/127.0.0.1:60840]
20:25:58.366 [AsyncHttpClient-1-11] DEBUG org.asynchttpclient.netty.channel.NettyConnectListener - Using new Channel '[id: 0x008058a2, L:/127.0.0.1:60847 - R:localhost/127.0.0.1:60840]' for 'GET' to '/devtools/browser/950aa6a9-5fa1-49b2-8420-d4fb4e81d534'
20:25:58.367 [AsyncHttpClient-1-11] DEBUG org.asynchttpclient.netty.handler.WebSocketHandler - 

Request DefaultFullHttpRequest(decodeResult: success, version: HTTP/1.1, content: EmptyByteBufBE)
GET /devtools/browser/950aa6a9-5fa1-49b2-8420-d4fb4e81d534 HTTP/1.1
upgrade: websocket
connection: upgrade
sec-websocket-key: TqMNL5HfQIb9kdOEKe3w/g==
sec-websocket-version: 13
origin: http://localhost:60840
host: localhost:60840
accept: */*
user-agent: AHC/2.1

Response DefaultHttpResponse(decodeResult: success, version: HTTP/1.1)
HTTP/1.1 101 WebSocket Protocol Handshake
Upgrade: WebSocket
Connection: Upgrade
Sec-WebSocket-Accept: IaMNNTqMaGRJaxoiP5wW0MNcAHo=

20:25:58.371 [Forwarding setTimeout on session 206c66da5b694a65a3a9b61a05d8e1b9 to remote] DEBUG org.asynchttpclient.netty.request.NettyRequestSender - Using pooled Channel '[id: 0xe23a77e2, L:/127.0.0.1:60839 - R:localhost/127.0.0.1:11180]' for 'POST' to 'http://localhost:11180/session/206c66da5b694a65a3a9b61a05d8e1b9/timeouts'
20:25:58.371 [Forwarding setTimeout on session 206c66da5b694a65a3a9b61a05d8e1b9 to remote] DEBUG org.asynchttpclient.netty.request.NettyRequestSender - Using open Channel [id: 0xe23a77e2, L:/127.0.0.1:60839 - R:localhost/127.0.0.1:11180] for POST '/session/206c66da5b694a65a3a9b61a05d8e1b9/timeouts'
20:25:58.372 [AsyncHttpClient-1-9] DEBUG org.asynchttpclient.netty.handler.HttpHandler - 

Request DefaultHttpRequest(decodeResult: success, version: HTTP/1.1)
POST /session/206c66da5b694a65a3a9b61a05d8e1b9/timeouts HTTP/1.1
User-Agent: selenium/4.8.3 (java windows)
Content-Length: 22
Content-Type: application/json; charset=utf-8
host: localhost:11180
accept: */*

Response DefaultHttpResponse(decodeResult: success, version: HTTP/1.1)
HTTP/1.1 200 OK
Content-Length: 14
Content-Type: application/json; charset=utf-8
cache-control: no-cache

20:25:58.372 [AsyncHttpClient-1-9] DEBUG org.asynchttpclient.netty.channel.ChannelManager - Adding key: http://localhost:11180 for channel [id: 0xe23a77e2, L:/127.0.0.1:60839 - R:localhost/127.0.0.1:11180]
20:25:58.373 [Forwarding maximizeCurrentWindow on session 206c66da5b694a65a3a9b61a05d8e1b9 to remote] DEBUG org.asynchttpclient.netty.request.NettyRequestSender - Using pooled Channel '[id: 0xe23a77e2, L:/127.0.0.1:60839 - R:localhost/127.0.0.1:11180]' for 'POST' to 'http://localhost:11180/session/206c66da5b694a65a3a9b61a05d8e1b9/window/maximize'
20:25:58.373 [Forwarding maximizeCurrentWindow on session 206c66da5b694a65a3a9b61a05d8e1b9 to remote] DEBUG org.asynchttpclient.netty.request.NettyRequestSender - Using open Channel [id: 0xe23a77e2, L:/127.0.0.1:60839 - R:localhost/127.0.0.1:11180] for POST '/session/206c66da5b694a65a3a9b61a05d8e1b9/window/maximize'
20:25:58.509 [AsyncHttpClient-1-9] DEBUG org.asynchttpclient.netty.handler.HttpHandler - 

Request DefaultHttpRequest(decodeResult: success, version: HTTP/1.1)
POST /session/206c66da5b694a65a3a9b61a05d8e1b9/window/maximize HTTP/1.1
User-Agent: selenium/4.8.3 (java windows)
Content-Length: 3
Content-Type: application/json; charset=utf-8
host: localhost:11180
accept: */*

Response DefaultHttpResponse(decodeResult: success, version: HTTP/1.1)
HTTP/1.1 200 OK
Content-Length: 51
Content-Type: application/json; charset=utf-8
cache-control: no-cache

20:25:58.509 [AsyncHttpClient-1-9] DEBUG org.asynchttpclient.netty.channel.ChannelManager - Adding key: http://localhost:11180 for channel [id: 0xe23a77e2, L:/127.0.0.1:60839 - R:localhost/127.0.0.1:11180]
20:25:58.510 [Forwarding get on session 206c66da5b694a65a3a9b61a05d8e1b9 to remote] DEBUG org.asynchttpclient.netty.request.NettyRequestSender - Using pooled Channel '[id: 0xe23a77e2, L:/127.0.0.1:60839 - R:localhost/127.0.0.1:11180]' for 'POST' to 'http://localhost:11180/session/206c66da5b694a65a3a9b61a05d8e1b9/url'
20:25:58.510 [Forwarding get on session 206c66da5b694a65a3a9b61a05d8e1b9 to remote] DEBUG org.asynchttpclient.netty.request.NettyRequestSender - Using open Channel [id: 0xe23a77e2, L:/127.0.0.1:60839 - R:localhost/127.0.0.1:11180] for POST '/session/206c66da5b694a65a3a9b61a05d8e1b9/url'
20:25:58.590 [AsyncHttpClient-1-1] DEBUG org.asynchttpclient.netty.channel.DefaultChannelPool - Entry count for : http://localhost:60840 : 1
20:25:59.689 [AsyncHttpClient-1-1] DEBUG org.asynchttpclient.netty.channel.DefaultChannelPool - Entry count for : http://localhost:60840 : 1
20:25:59.766 [AsyncHttpClient-1-9] DEBUG org.asynchttpclient.netty.handler.HttpHandler - 

Request DefaultHttpRequest(decodeResult: success, version: HTTP/1.1)
POST /session/206c66da5b694a65a3a9b61a05d8e1b9/url HTTP/1.1
User-Agent: selenium/4.8.3 (java windows)
Content-Length: 52
Content-Type: application/json; charset=utf-8
host: localhost:11180
accept: */*

Response DefaultHttpResponse(decodeResult: success, version: HTTP/1.1)
HTTP/1.1 200 OK
Content-Length: 14
Content-Type: application/json; charset=utf-8
cache-control: no-cache

20:25:59.766 [AsyncHttpClient-1-9] DEBUG org.asynchttpclient.netty.channel.ChannelManager - Adding key: http://localhost:11180 for channel [id: 0xe23a77e2, L:/127.0.0.1:60839 - R:localhost/127.0.0.1:11180]
2023-06-06 20:25:59 INFO  BaseTest:104 - Test driver set up done successfully**********
2023-06-06 20:25:59 INFO  BaseTest:122 - Logging in to portal
20:25:59.768 [Forwarding findElement on session 206c66da5b694a65a3a9b61a05d8e1b9 to remote] DEBUG org.asynchttpclient.netty.request.NettyRequestSender - Using pooled Channel '[id: 0xe23a77e2, L:/127.0.0.1:60839 - R:localhost/127.0.0.1:11180]' for 'POST' to 'http://localhost:11180/session/206c66da5b694a65a3a9b61a05d8e1b9/element'
20:25:59.768 [Forwarding findElement on session 206c66da5b694a65a3a9b61a05d8e1b9 to remote] DEBUG org.asynchttpclient.netty.request.NettyRequestSender - Using open Channel [id: 0xe23a77e2, L:/127.0.0.1:60839 - R:localhost/127.0.0.1:11180] for POST '/session/206c66da5b694a65a3a9b61a05d8e1b9/element'
20:25:59.782 [AsyncHttpClient-1-9] DEBUG org.asynchttpclient.netty.handler.HttpHandler - 

Request DefaultHttpRequest(decodeResult: success, version: HTTP/1.1)
POST /session/206c66da5b694a65a3a9b61a05d8e1b9/element HTTP/1.1
User-Agent: selenium/4.8.3 (java windows)
Content-Length: 59
Content-Type: application/json; charset=utf-8
host: localhost:11180
accept: */*

Response DefaultHttpResponse(decodeResult: success, version: HTTP/1.1)
HTTP/1.1 200 OK
Content-Length: 95
Content-Type: application/json; charset=utf-8
cache-control: no-cache

20:25:59.783 [AsyncHttpClient-1-9] DEBUG org.asynchttpclient.netty.channel.ChannelManager - Adding key: http://localhost:11180 for channel [id: 0xe23a77e2, L:/127.0.0.1:60839 - R:localhost/127.0.0.1:11180]
20:25:59.783 [Forwarding clearElement on session 206c66da5b694a65a3a9b61a05d8e1b9 to remote] DEBUG org.asynchttpclient.netty.request.NettyRequestSender - Using pooled Channel '[id: 0xe23a77e2, L:/127.0.0.1:60839 - R:localhost/127.0.0.1:11180]' for 'POST' to 'http://localhost:11180/session/206c66da5b694a65a3a9b61a05d8e1b9/element/B415CD04E721B4FC56ED736115DC0BC8_element_30/clear'
20:25:59.783 [Forwarding clearElement on session 206c66da5b694a65a3a9b61a05d8e1b9 to remote] DEBUG org.asynchttpclient.netty.request.NettyRequestSender - Using open Channel [id: 0xe23a77e2, L:/127.0.0.1:60839 - R:localhost/127.0.0.1:11180] for POST '/session/206c66da5b694a65a3a9b61a05d8e1b9/element/B415CD04E721B4FC56ED736115DC0BC8_element_30/clear'
20:25:59.827 [AsyncHttpClient-1-9] DEBUG org.asynchttpclient.netty.handler.HttpHandler - 

Request DefaultHttpRequest(decodeResult: success, version: HTTP/1.1)
POST /session/206c66da5b694a65a3a9b61a05d8e1b9/element/B415CD04E721B4FC56ED736115DC0BC8_element_30/clear HTTP/1.1
User-Agent: selenium/4.8.3 (java windows)
Content-Length: 57
Content-Type: application/json; charset=utf-8
host: localhost:11180
accept: */*

Response DefaultHttpResponse(decodeResult: success, version: HTTP/1.1)
HTTP/1.1 200 OK
Content-Length: 14
Content-Type: application/json; charset=utf-8
cache-control: no-cache

20:25:59.827 [AsyncHttpClient-1-9] DEBUG org.asynchttpclient.netty.channel.ChannelManager - Adding key: http://localhost:11180 for channel [id: 0xe23a77e2, L:/127.0.0.1:60839 - R:localhost/127.0.0.1:11180]
20:25:59.828 [Forwarding findElement on session 206c66da5b694a65a3a9b61a05d8e1b9 to remote] DEBUG org.asynchttpclient.netty.request.NettyRequestSender - Using pooled Channel '[id: 0xe23a77e2, L:/127.0.0.1:60839 - R:localhost/127.0.0.1:11180]' for 'POST' to 'http://localhost:11180/session/206c66da5b694a65a3a9b61a05d8e1b9/element'
20:25:59.828 [Forwarding findElement on session 206c66da5b694a65a3a9b61a05d8e1b9 to remote] DEBUG org.asynchttpclient.netty.request.NettyRequestSender - Using open Channel [id: 0xe23a77e2, L:/127.0.0.1:60839 - R:localhost/127.0.0.1:11180] for POST '/session/206c66da5b694a65a3a9b61a05d8e1b9/element'
20:25:59.836 [AsyncHttpClient-1-9] DEBUG org.asynchttpclient.netty.handler.HttpHandler - 

Request DefaultHttpRequest(decodeResult: success, version: HTTP/1.1)
POST /session/206c66da5b694a65a3a9b61a05d8e1b9/element HTTP/1.1
User-Agent: selenium/4.8.3 (java windows)
Content-Length: 59
Content-Type: application/json; charset=utf-8
host: localhost:11180
accept: */*

Response DefaultHttpResponse(decodeResult: success, version: HTTP/1.1)
HTTP/1.1 200 OK
Content-Length: 95
Content-Type: application/json; charset=utf-8
cache-control: no-cache

20:25:59.836 [AsyncHttpClient-1-9] DEBUG org.asynchttpclient.netty.channel.ChannelManager - Adding key: http://localhost:11180 for channel [id: 0xe23a77e2, L:/127.0.0.1:60839 - R:localhost/127.0.0.1:11180]
20:25:59.837 [Forwarding sendKeysToElement on session 206c66da5b694a65a3a9b61a05d8e1b9 to remote] DEBUG org.asynchttpclient.netty.request.NettyRequestSender - Using pooled Channel '[id: 0xe23a77e2, L:/127.0.0.1:60839 - R:localhost/127.0.0.1:11180]' for 'POST' to 'http://localhost:11180/session/206c66da5b694a65a3a9b61a05d8e1b9/element/B415CD04E721B4FC56ED736115DC0BC8_element_30/value'
20:25:59.837 [Forwarding sendKeysToElement on session 206c66da5b694a65a3a9b61a05d8e1b9 to remote] DEBUG org.asynchttpclient.netty.request.NettyRequestSender - Using open Channel [id: 0xe23a77e2, L:/127.0.0.1:60839 - R:localhost/127.0.0.1:11180] for POST '/session/206c66da5b694a65a3a9b61a05d8e1b9/element/B415CD04E721B4FC56ED736115DC0BC8_element_30/value'
20:25:59.937 [AsyncHttpClient-1-9] DEBUG org.asynchttpclient.netty.handler.HttpHandler - 

Request DefaultHttpRequest(decodeResult: success, version: HTTP/1.1)
POST /session/206c66da5b694a65a3a9b61a05d8e1b9/element/B415CD04E721B4FC56ED736115DC0BC8_element_30/value HTTP/1.1
User-Agent: selenium/4.8.3 (java windows)
Content-Length: 188
Content-Type: application/json; charset=utf-8
host: localhost:11180
accept: */*

Response DefaultHttpResponse(decodeResult: success, version: HTTP/1.1)
HTTP/1.1 200 OK
Content-Length: 14
Content-Type: application/json; charset=utf-8
cache-control: no-cache

20:25:59.937 [AsyncHttpClient-1-9] DEBUG org.asynchttpclient.netty.channel.ChannelManager - Adding key: http://localhost:11180 for channel [id: 0xe23a77e2, L:/127.0.0.1:60839 - R:localhost/127.0.0.1:11180]
20:25:59.938 [Forwarding findElement on session 206c66da5b694a65a3a9b61a05d8e1b9 to remote] DEBUG org.asynchttpclient.netty.request.NettyRequestSender - Using pooled Channel '[id: 0xe23a77e2, L:/127.0.0.1:60839 - R:localhost/127.0.0.1:11180]' for 'POST' to 'http://localhost:11180/session/206c66da5b694a65a3a9b61a05d8e1b9/element'
20:25:59.938 [Forwarding findElement on session 206c66da5b694a65a3a9b61a05d8e1b9 to remote] DEBUG org.asynchttpclient.netty.request.NettyRequestSender - Using open Channel [id: 0xe23a77e2, L:/127.0.0.1:60839 - R:localhost/127.0.0.1:11180] for POST '/session/206c66da5b694a65a3a9b61a05d8e1b9/element'
20:25:59.953 [AsyncHttpClient-1-9] DEBUG org.asynchttpclient.netty.handler.HttpHandler - 

Request DefaultHttpRequest(decodeResult: success, version: HTTP/1.1)
POST /session/206c66da5b694a65a3a9b61a05d8e1b9/element HTTP/1.1
User-Agent: selenium/4.8.3 (java windows)
Content-Length: 62
Content-Type: application/json; charset=utf-8
host: localhost:11180
accept: */*

Response DefaultHttpResponse(decodeResult: success, version: HTTP/1.1)
HTTP/1.1 200 OK
Content-Length: 95
Content-Type: application/json; charset=utf-8
cache-control: no-cache

20:25:59.953 [AsyncHttpClient-1-9] DEBUG org.asynchttpclient.netty.channel.ChannelManager - Adding key: http://localhost:11180 for channel [id: 0xe23a77e2, L:/127.0.0.1:60839 - R:localhost/127.0.0.1:11180]
20:25:59.955 [Forwarding clearElement on session 206c66da5b694a65a3a9b61a05d8e1b9 to remote] DEBUG org.asynchttpclient.netty.request.NettyRequestSender - Using pooled Channel '[id: 0xe23a77e2, L:/127.0.0.1:60839 - R:localhost/127.0.0.1:11180]' for 'POST' to 'http://localhost:11180/session/206c66da5b694a65a3a9b61a05d8e1b9/element/B415CD04E721B4FC56ED736115DC0BC8_element_32/clear'
20:25:59.955 [Forwarding clearElement on session 206c66da5b694a65a3a9b61a05d8e1b9 to remote] DEBUG org.asynchttpclient.netty.request.NettyRequestSender - Using open Channel [id: 0xe23a77e2, L:/127.0.0.1:60839 - R:localhost/127.0.0.1:11180] for POST '/session/206c66da5b694a65a3a9b61a05d8e1b9/element/B415CD04E721B4FC56ED736115DC0BC8_element_32/clear'
20:26:00.008 [AsyncHttpClient-1-9] DEBUG org.asynchttpclient.netty.handler.HttpHandler - 

Request DefaultHttpRequest(decodeResult: success, version: HTTP/1.1)
POST /session/206c66da5b694a65a3a9b61a05d8e1b9/element/B415CD04E721B4FC56ED736115DC0BC8_element_32/clear HTTP/1.1
User-Agent: selenium/4.8.3 (java windows)
Content-Length: 57
Content-Type: application/json; charset=utf-8
host: localhost:11180
accept: */*

Response DefaultHttpResponse(decodeResult: success, version: HTTP/1.1)
HTTP/1.1 200 OK
Content-Length: 14
Content-Type: application/json; charset=utf-8
cache-control: no-cache

20:26:00.009 [AsyncHttpClient-1-9] DEBUG org.asynchttpclient.netty.channel.ChannelManager - Adding key: http://localhost:11180 for channel [id: 0xe23a77e2, L:/127.0.0.1:60839 - R:localhost/127.0.0.1:11180]
20:26:00.010 [Forwarding findElement on session 206c66da5b694a65a3a9b61a05d8e1b9 to remote] DEBUG org.asynchttpclient.netty.request.NettyRequestSender - Using pooled Channel '[id: 0xe23a77e2, L:/127.0.0.1:60839 - R:localhost/127.0.0.1:11180]' for 'POST' to 'http://localhost:11180/session/206c66da5b694a65a3a9b61a05d8e1b9/element'
20:26:00.010 [Forwarding findElement on session 206c66da5b694a65a3a9b61a05d8e1b9 to remote] DEBUG org.asynchttpclient.netty.request.NettyRequestSender - Using open Channel [id: 0xe23a77e2, L:/127.0.0.1:60839 - R:localhost/127.0.0.1:11180] for POST '/session/206c66da5b694a65a3a9b61a05d8e1b9/element'
20:26:00.022 [AsyncHttpClient-1-9] DEBUG org.asynchttpclient.netty.handler.HttpHandler - 

Request DefaultHttpRequest(decodeResult: success, version: HTTP/1.1)
POST /session/206c66da5b694a65a3a9b61a05d8e1b9/element HTTP/1.1
User-Agent: selenium/4.8.3 (java windows)
Content-Length: 62
Content-Type: application/json; charset=utf-8
host: localhost:11180
accept: */*

Response DefaultHttpResponse(decodeResult: success, version: HTTP/1.1)
HTTP/1.1 200 OK
Content-Length: 95
Content-Type: application/json; charset=utf-8
cache-control: no-cache

20:26:00.022 [AsyncHttpClient-1-9] DEBUG org.asynchttpclient.netty.channel.ChannelManager - Adding key: http://localhost:11180 for channel [id: 0xe23a77e2, L:/127.0.0.1:60839 - R:localhost/127.0.0.1:11180]
20:26:00.023 [Forwarding sendKeysToElement on session 206c66da5b694a65a3a9b61a05d8e1b9 to remote] DEBUG org.asynchttpclient.netty.request.NettyRequestSender - Using pooled Channel '[id: 0xe23a77e2, L:/127.0.0.1:60839 - R:localhost/127.0.0.1:11180]' for 'POST' to 'http://localhost:11180/session/206c66da5b694a65a3a9b61a05d8e1b9/element/B415CD04E721B4FC56ED736115DC0BC8_element_32/value'
20:26:00.023 [Forwarding sendKeysToElement on session 206c66da5b694a65a3a9b61a05d8e1b9 to remote] DEBUG org.asynchttpclient.netty.request.NettyRequestSender - Using open Channel [id: 0xe23a77e2, L:/127.0.0.1:60839 - R:localhost/127.0.0.1:11180] for POST '/session/206c66da5b694a65a3a9b61a05d8e1b9/element/B415CD04E721B4FC56ED736115DC0BC8_element_32/value'
20:26:00.096 [AsyncHttpClient-1-9] DEBUG org.asynchttpclient.netty.handler.HttpHandler - 

Request DefaultHttpRequest(decodeResult: success, version: HTTP/1.1)
POST /session/206c66da5b694a65a3a9b61a05d8e1b9/element/B415CD04E721B4FC56ED736115DC0BC8_element_32/value HTTP/1.1
User-Agent: selenium/4.8.3 (java windows)
Content-Length: 148
Content-Type: application/json; charset=utf-8
host: localhost:11180
accept: */*

Response DefaultHttpResponse(decodeResult: success, version: HTTP/1.1)
HTTP/1.1 200 OK
Content-Length: 14
Content-Type: application/json; charset=utf-8
cache-control: no-cache

20:26:00.096 [AsyncHttpClient-1-9] DEBUG org.asynchttpclient.netty.channel.ChannelManager - Adding key: http://localhost:11180 for channel [id: 0xe23a77e2, L:/127.0.0.1:60839 - R:localhost/127.0.0.1:11180]
20:26:00.098 [Forwarding findElement on session 206c66da5b694a65a3a9b61a05d8e1b9 to remote] DEBUG org.asynchttpclient.netty.request.NettyRequestSender - Using pooled Channel '[id: 0xe23a77e2, L:/127.0.0.1:60839 - R:localhost/127.0.0.1:11180]' for 'POST' to 'http://localhost:11180/session/206c66da5b694a65a3a9b61a05d8e1b9/element'
20:26:00.098 [Forwarding findElement on session 206c66da5b694a65a3a9b61a05d8e1b9 to remote] DEBUG org.asynchttpclient.netty.request.NettyRequestSender - Using open Channel [id: 0xe23a77e2, L:/127.0.0.1:60839 - R:localhost/127.0.0.1:11180] for POST '/session/206c66da5b694a65a3a9b61a05d8e1b9/element'
20:26:00.111 [AsyncHttpClient-1-9] DEBUG org.asynchttpclient.netty.handler.HttpHandler - 

Request DefaultHttpRequest(decodeResult: success, version: HTTP/1.1)
POST /session/206c66da5b694a65a3a9b61a05d8e1b9/element HTTP/1.1
User-Agent: selenium/4.8.3 (java windows)
Content-Length: 71
Content-Type: application/json; charset=utf-8
host: localhost:11180
accept: */*

Response DefaultHttpResponse(decodeResult: success, version: HTTP/1.1)
HTTP/1.1 200 OK
Content-Length: 95
Content-Type: application/json; charset=utf-8
cache-control: no-cache

20:26:00.111 [AsyncHttpClient-1-9] DEBUG org.asynchttpclient.netty.channel.ChannelManager - Adding key: http://localhost:11180 for channel [id: 0xe23a77e2, L:/127.0.0.1:60839 - R:localhost/127.0.0.1:11180]
20:26:00.112 [Forwarding clickElement on session 206c66da5b694a65a3a9b61a05d8e1b9 to remote] DEBUG org.asynchttpclient.netty.request.NettyRequestSender - Using pooled Channel '[id: 0xe23a77e2, L:/127.0.0.1:60839 - R:localhost/127.0.0.1:11180]' for 'POST' to 'http://localhost:11180/session/206c66da5b694a65a3a9b61a05d8e1b9/element/B415CD04E721B4FC56ED736115DC0BC8_element_33/click'
20:26:00.112 [Forwarding clickElement on session 206c66da5b694a65a3a9b61a05d8e1b9 to remote] DEBUG org.asynchttpclient.netty.request.NettyRequestSender - Using open Channel [id: 0xe23a77e2, L:/127.0.0.1:60839 - R:localhost/127.0.0.1:11180] for POST '/session/206c66da5b694a65a3a9b61a05d8e1b9/element/B415CD04E721B4FC56ED736115DC0BC8_element_33/click'
20:26:00.159 [AsyncHttpClient-1-9] DEBUG org.asynchttpclient.netty.handler.HttpHandler - 

Request DefaultHttpRequest(decodeResult: success, version: HTTP/1.1)
POST /session/206c66da5b694a65a3a9b61a05d8e1b9/element/B415CD04E721B4FC56ED736115DC0BC8_element_33/click HTTP/1.1
User-Agent: selenium/4.8.3 (java windows)
Content-Length: 57
Content-Type: application/json; charset=utf-8
host: localhost:11180
accept: */*

Response DefaultHttpResponse(decodeResult: success, version: HTTP/1.1)
HTTP/1.1 200 OK
Content-Length: 14
Content-Type: application/json; charset=utf-8
cache-control: no-cache

20:26:00.159 [AsyncHttpClient-1-9] DEBUG org.asynchttpclient.netty.channel.ChannelManager - Adding key: http://localhost:11180 for channel [id: 0xe23a77e2, L:/127.0.0.1:60839 - R:localhost/127.0.0.1:11180]
2023-06-06 20:26:00 INFO  BaseTest:126 - Logged in
20:26:00.162 [rp-io-58] DEBUG com.epam.reportportal.service.Launch - Starting test item...rp-io-58
2023-06-06 20:26:00 INFO  Listeners:34 - Started Test null
20:26:00.163 [Forwarding findElement on session 206c66da5b694a65a3a9b61a05d8e1b9 to remote] DEBUG org.asynchttpclient.netty.request.NettyRequestSender - Using pooled Channel '[id: 0xe23a77e2, L:/127.0.0.1:60839 - R:localhost/127.0.0.1:11180]' for 'POST' to 'http://localhost:11180/session/206c66da5b694a65a3a9b61a05d8e1b9/element'
20:26:00.164 [Forwarding findElement on session 206c66da5b694a65a3a9b61a05d8e1b9 to remote] DEBUG org.asynchttpclient.netty.request.NettyRequestSender - Using open Channel [id: 0xe23a77e2, L:/127.0.0.1:60839 - R:localhost/127.0.0.1:11180] for POST '/session/206c66da5b694a65a3a9b61a05d8e1b9/element'
20:26:00.178 [rp-io-60] DEBUG com.epam.reportportal.service.Launch - TestItem with ID = '610f046d-8bb4-4fd1-b405-772b72ae87f6' successfully finished.
20:26:00.179 [rp-io-60] DEBUG com.epam.reportportal.utils.SubscriptionUtils - Finish test item completed
20:26:00.187 [rp-io-58] DEBUG com.epam.reportportal.service.Launch - ReportPortal item with ID '1b0c6c1f-8648-4ab8-989b-ec45d1520e52' has been created
20:26:00.187 [rp-io-58] DEBUG com.epam.reportportal.utils.SubscriptionUtils - Start test item successfully completed
20:26:00.557 [AsyncHttpClient-1-9] DEBUG org.asynchttpclient.netty.handler.HttpHandler - 

Request DefaultHttpRequest(decodeResult: success, version: HTTP/1.1)
POST /session/206c66da5b694a65a3a9b61a05d8e1b9/element HTTP/1.1
User-Agent: selenium/4.8.3 (java windows)
Content-Length: 168
Content-Type: application/json; charset=utf-8
host: localhost:11180
accept: */*

Response DefaultHttpResponse(decodeResult: success, version: HTTP/1.1)
HTTP/1.1 200 OK
Content-Length: 95
Content-Type: application/json; charset=utf-8
cache-control: no-cache

20:26:00.558 [AsyncHttpClient-1-9] DEBUG org.asynchttpclient.netty.channel.ChannelManager - Adding key: http://localhost:11180 for channel [id: 0xe23a77e2, L:/127.0.0.1:60839 - R:localhost/127.0.0.1:11180]
20:26:00.559 [Forwarding clickElement on session 206c66da5b694a65a3a9b61a05d8e1b9 to remote] DEBUG org.asynchttpclient.netty.request.NettyRequestSender - Using pooled Channel '[id: 0xe23a77e2, L:/127.0.0.1:60839 - R:localhost/127.0.0.1:11180]' for 'POST' to 'http://localhost:11180/session/206c66da5b694a65a3a9b61a05d8e1b9/element/B415CD04E721B4FC56ED736115DC0BC8_element_38/click'
20:26:00.559 [Forwarding clickElement on session 206c66da5b694a65a3a9b61a05d8e1b9 to remote] DEBUG org.asynchttpclient.netty.request.NettyRequestSender - Using open Channel [id: 0xe23a77e2, L:/127.0.0.1:60839 - R:localhost/127.0.0.1:11180] for POST '/session/206c66da5b694a65a3a9b61a05d8e1b9/element/B415CD04E721B4FC56ED736115DC0BC8_element_38/click'
20:26:00.790 [AsyncHttpClient-1-1] DEBUG org.asynchttpclient.netty.channel.DefaultChannelPool - Entry count for : http://localhost:60840 : 1
20:26:00.836 [AsyncHttpClient-1-9] DEBUG org.asynchttpclient.netty.handler.HttpHandler - 

Request DefaultHttpRequest(decodeResult: success, version: HTTP/1.1)
POST /session/206c66da5b694a65a3a9b61a05d8e1b9/element/B415CD04E721B4FC56ED736115DC0BC8_element_38/click HTTP/1.1
User-Agent: selenium/4.8.3 (java windows)
Content-Length: 57
Content-Type: application/json; charset=utf-8
host: localhost:11180
accept: */*

Response DefaultHttpResponse(decodeResult: success, version: HTTP/1.1)
HTTP/1.1 200 OK
Content-Length: 14
Content-Type: application/json; charset=utf-8
cache-control: no-cache

20:26:00.837 [AsyncHttpClient-1-9] DEBUG org.asynchttpclient.netty.channel.ChannelManager - Adding key: http://localhost:11180 for channel [id: 0xe23a77e2, L:/127.0.0.1:60839 - R:localhost/127.0.0.1:11180]
20:26:00.838 [Forwarding findElement on session 206c66da5b694a65a3a9b61a05d8e1b9 to remote] DEBUG org.asynchttpclient.netty.request.NettyRequestSender - Using pooled Channel '[id: 0xe23a77e2, L:/127.0.0.1:60839 - R:localhost/127.0.0.1:11180]' for 'POST' to 'http://localhost:11180/session/206c66da5b694a65a3a9b61a05d8e1b9/element'
20:26:00.838 [Forwarding findElement on session 206c66da5b694a65a3a9b61a05d8e1b9 to remote] DEBUG org.asynchttpclient.netty.request.NettyRequestSender - Using open Channel [id: 0xe23a77e2, L:/127.0.0.1:60839 - R:localhost/127.0.0.1:11180] for POST '/session/206c66da5b694a65a3a9b61a05d8e1b9/element'
20:26:01.891 [AsyncHttpClient-1-1] DEBUG org.asynchttpclient.netty.channel.DefaultChannelPool - Entry count for : http://localhost:60840 : 1
20:26:01.958 [AsyncHttpClient-1-9] DEBUG org.asynchttpclient.netty.handler.HttpHandler - 

Request DefaultHttpRequest(decodeResult: success, version: HTTP/1.1)
POST /session/206c66da5b694a65a3a9b61a05d8e1b9/element HTTP/1.1
User-Agent: selenium/4.8.3 (java windows)
Content-Length: 83
Content-Type: application/json; charset=utf-8
host: localhost:11180
accept: */*

Response DefaultHttpResponse(decodeResult: success, version: HTTP/1.1)
HTTP/1.1 200 OK
Content-Length: 95
Content-Type: application/json; charset=utf-8
cache-control: no-cache

20:26:01.958 [AsyncHttpClient-1-9] DEBUG org.asynchttpclient.netty.channel.ChannelManager - Adding key: http://localhost:11180 for channel [id: 0xe23a77e2, L:/127.0.0.1:60839 - R:localhost/127.0.0.1:11180]
20:26:01.959 [Forwarding executeScript on session 206c66da5b694a65a3a9b61a05d8e1b9 to remote] DEBUG org.asynchttpclient.netty.request.NettyRequestSender - Using pooled Channel '[id: 0xe23a77e2, L:/127.0.0.1:60839 - R:localhost/127.0.0.1:11180]' for 'POST' to 'http://localhost:11180/session/206c66da5b694a65a3a9b61a05d8e1b9/execute/sync'
20:26:01.959 [Forwarding executeScript on session 206c66da5b694a65a3a9b61a05d8e1b9 to remote] DEBUG org.asynchttpclient.netty.request.NettyRequestSender - Using open Channel [id: 0xe23a77e2, L:/127.0.0.1:60839 - R:localhost/127.0.0.1:11180] for POST '/session/206c66da5b694a65a3a9b61a05d8e1b9/execute/sync'
20:26:01.970 [AsyncHttpClient-1-9] DEBUG org.asynchttpclient.netty.handler.HttpHandler - 

Request DefaultHttpRequest(decodeResult: success, version: HTTP/1.1)
POST /session/206c66da5b694a65a3a9b61a05d8e1b9/execute/sync HTTP/1.1
User-Agent: selenium/4.8.3 (java windows)
Content-Length: 232
Content-Type: application/json; charset=utf-8
host: localhost:11180
accept: */*

Response DefaultHttpResponse(decodeResult: success, version: HTTP/1.1)
HTTP/1.1 200 OK
Content-Length: 14
Content-Type: application/json; charset=utf-8
cache-control: no-cache

20:26:01.970 [AsyncHttpClient-1-9] DEBUG org.asynchttpclient.netty.channel.ChannelManager - Adding key: http://localhost:11180 for channel [id: 0xe23a77e2, L:/127.0.0.1:60839 - R:localhost/127.0.0.1:11180]
20:26:01.971 [Forwarding findElement on session 206c66da5b694a65a3a9b61a05d8e1b9 to remote] DEBUG org.asynchttpclient.netty.request.NettyRequestSender - Using pooled Channel '[id: 0xe23a77e2, L:/127.0.0.1:60839 - R:localhost/127.0.0.1:11180]' for 'POST' to 'http://localhost:11180/session/206c66da5b694a65a3a9b61a05d8e1b9/element'
20:26:01.971 [Forwarding findElement on session 206c66da5b694a65a3a9b61a05d8e1b9 to remote] DEBUG org.asynchttpclient.netty.request.NettyRequestSender - Using open Channel [id: 0xe23a77e2, L:/127.0.0.1:60839 - R:localhost/127.0.0.1:11180] for POST '/session/206c66da5b694a65a3a9b61a05d8e1b9/element'
20:26:02.012 [AsyncHttpClient-1-9] DEBUG org.asynchttpclient.netty.handler.HttpHandler - 

Request DefaultHttpRequest(decodeResult: success, version: HTTP/1.1)
POST /session/206c66da5b694a65a3a9b61a05d8e1b9/element HTTP/1.1
User-Agent: selenium/4.8.3 (java windows)
Content-Length: 83
Content-Type: application/json; charset=utf-8
host: localhost:11180
accept: */*

Response DefaultHttpResponse(decodeResult: success, version: HTTP/1.1)
HTTP/1.1 200 OK
Content-Length: 95
Content-Type: application/json; charset=utf-8
cache-control: no-cache

20:26:02.012 [AsyncHttpClient-1-9] DEBUG org.asynchttpclient.netty.channel.ChannelManager - Adding key: http://localhost:11180 for channel [id: 0xe23a77e2, L:/127.0.0.1:60839 - R:localhost/127.0.0.1:11180]
20:26:02.016 [Forwarding isElementDisplayed on session 206c66da5b694a65a3a9b61a05d8e1b9 to remote] DEBUG org.asynchttpclient.netty.request.NettyRequestSender - Using pooled Channel '[id: 0xe23a77e2, L:/127.0.0.1:60839 - R:localhost/127.0.0.1:11180]' for 'POST' to 'http://localhost:11180/session/206c66da5b694a65a3a9b61a05d8e1b9/execute/sync'
20:26:02.016 [Forwarding isElementDisplayed on session 206c66da5b694a65a3a9b61a05d8e1b9 to remote] DEBUG org.asynchttpclient.netty.request.NettyRequestSender - Using open Channel [id: 0xe23a77e2, L:/127.0.0.1:60839 - R:localhost/127.0.0.1:11180] for POST '/session/206c66da5b694a65a3a9b61a05d8e1b9/execute/sync'
20:26:02.038 [AsyncHttpClient-1-9] DEBUG org.asynchttpclient.netty.handler.HttpHandler - 

Request DefaultHttpRequest(decodeResult: success, version: HTTP/1.1)
POST /session/206c66da5b694a65a3a9b61a05d8e1b9/execute/sync HTTP/1.1
User-Agent: selenium/4.8.3 (java windows)
Content-Length: 48814
Content-Type: application/json; charset=utf-8
host: localhost:11180
accept: */*

Response DefaultHttpResponse(decodeResult: success, version: HTTP/1.1)
HTTP/1.1 200 OK
Content-Length: 14
Content-Type: application/json; charset=utf-8
cache-control: no-cache

20:26:02.038 [AsyncHttpClient-1-9] DEBUG org.asynchttpclient.netty.channel.ChannelManager - Adding key: http://localhost:11180 for channel [id: 0xe23a77e2, L:/127.0.0.1:60839 - R:localhost/127.0.0.1:11180]
2023-06-06 20:26:02 INFO  Listeners:38 - Succeeded Test null
]]></system-out>
    <system-err><![CDATA[Starting ChromeDriver 114.0.5735.90 (386bc09e8f4f2e025eddae123f36f6263096ae49-refs/branch-heads/5735@{#1052}) on port 11180
Only local connections are allowed.
Please see https://chromedriver.chromium.org/security-considerations for suggestions on keeping ChromeDriver safe.
ChromeDriver was started successfully.
Jun 06, 2023 8:25:58 PM org.openqa.selenium.devtools.CdpVersionFinder findNearestMatch
WARNING: Unable to find an exact match for CDP version 114, so returning the closest version found: 111
]]></system-err>
  </testcase>
  <testcase name="searchDashboardNameDP[PASSING RATE SUMMARY](15)" classname="alltests.uitest.coreTest.DashboardPageTest" time="0">
    <skipped message="no such element: Unable to locate element: {&quot;method&quot;:&quot;xpath&quot;,&quot;selector&quot;:&quot;//*[text()=&apos;PASSING RATE SUMMARY&apos;]&quot;}&#10;  (Session info: chrome=114.0.5735.110)&#10;For documentation on this error, please visit: https://selenium.dev/exceptions/#no_such_element&#10;Build info: version: &apos;4.8.3&apos;, revision: &apos;e5e76298c3&apos;&#10;System info: os.name: &apos;Windows 10&apos;, os.arch: &apos;amd64&apos;, os.version: &apos;10.0&apos;, java.version: &apos;17.0.3.1&apos;&#10;Driver info: org.openqa.selenium.chrome.ChromeDriver&#10;Command: [c30e3133bd63b1c1a1a7448d174237f7, findElement {using=xpath, value=//*[text()=&apos;PASSING RATE SUMMARY&apos;]}]&#10;Capabilities {acceptInsecureCerts: false, browserName: chrome, browserVersion: 114.0.5735.110, chrome: {chromedriverVersion: 114.0.5735.90 (386bc09e8f4f..., userDataDir: C:\Users\SUWARN~1\AppData\L...}, goog:chromeOptions: {debuggerAddress: localhost:60873}, networkConnectionEnabled: false, pageLoadStrategy: normal, platformName: WINDOWS, proxy: Proxy(), se:cdp: ws://localhost:60873/devtoo..., se:cdpVersion: 114.0.5735.110, setWindowRect: true, strictFileInteractability: false, timeouts: {implicit: 0, pageLoad: 300000, script: 30000}, unhandledPromptBehavior: dismiss and notify, webauthn:extension:credBlob: true, webauthn:extension:largeBlob: true, webauthn:extension:minPinLength: true, webauthn:extension:prf: true, webauthn:virtualAuthenticators: true}&#10;Session ID: c30e3133bd63b1c1a1a7448d174237f7"/>
    <system-out><![CDATA[20:26:02.043 [AsyncHttpClient-1-11] DEBUG org.asynchttpclient.netty.handler.WebSocketHandler - Channel Closed: [id: 0x008058a2, L:/127.0.0.1:60847 ! R:localhost/127.0.0.1:60840] with attribute NettyResponseFuture{currentRetry=0,
	isDone=1,
	isCancelled=0,
	asyncHandler=org.asynchttpclient.ws.WebSocketUpgradeHandler@639a89f5,
	nettyRequest=org.asynchttpclient.netty.request.NettyRequest@2a5ba75a,
	future=java.util.concurrent.CompletableFuture@14fb396c[Completed normally],
	uri=ws://localhost:60840/devtools/browser/950aa6a9-5fa1-49b2-8420-d4fb4e81d534,
	keepAlive=true,
	redirectCount=0,
	timeoutsHolder=null,
	inAuth=0,
	touch=1686075958368}
20:26:02.044 [AsyncHttpClient-1-11] DEBUG org.asynchttpclient.netty.channel.ChannelManager - Closing Channel [id: 0x008058a2, L:/127.0.0.1:60847 ! R:localhost/127.0.0.1:60840] 
20:26:02.045 [rp-io-70] DEBUG com.epam.reportportal.service.Launch - Starting test item...rp-io-70
20:26:02.048 [Driver Command Executor] DEBUG org.asynchttpclient.netty.request.NettyRequestSender - Using pooled Channel '[id: 0xe23a77e2, L:/127.0.0.1:60839 - R:localhost/127.0.0.1:11180]' for 'DELETE' to 'http://localhost:11180/session/206c66da5b694a65a3a9b61a05d8e1b9'
20:26:02.048 [Driver Command Executor] DEBUG org.asynchttpclient.netty.request.NettyRequestSender - Using open Channel [id: 0xe23a77e2, L:/127.0.0.1:60839 - R:localhost/127.0.0.1:11180] for DELETE '/session/206c66da5b694a65a3a9b61a05d8e1b9'
20:26:02.098 [rp-io-70] DEBUG com.epam.reportportal.service.Launch - ReportPortal item with ID '7dc8e32b-5056-45ee-82b1-0d754b0636ec' has been created
20:26:02.098 [rp-io-64] DEBUG com.epam.reportportal.service.Launch - TestItem with ID = '1b0c6c1f-8648-4ab8-989b-ec45d1520e52' successfully finished.
20:26:02.098 [rp-io-70] DEBUG com.epam.reportportal.utils.SubscriptionUtils - Start test item successfully completed
20:26:02.098 [rp-io-64] DEBUG com.epam.reportportal.utils.SubscriptionUtils - Finish test item completed
20:26:02.188 [AsyncHttpClient-1-10] DEBUG org.asynchttpclient.netty.handler.HttpHandler - Unexpected I/O exception on channel [id: 0xb8a3d7b4, L:/127.0.0.1:60846 - R:localhost/127.0.0.1:60840]
java.net.SocketException: Connection reset
	at java.base/sun.nio.ch.SocketChannelImpl.throwConnectionReset(SocketChannelImpl.java:394)
	at java.base/sun.nio.ch.SocketChannelImpl.read(SocketChannelImpl.java:426)
	at io.netty.buffer.PooledByteBuf.setBytes(PooledByteBuf.java:256)
	at io.netty.buffer.AbstractByteBuf.writeBytes(AbstractByteBuf.java:1132)
	at io.netty.channel.socket.nio.NioSocketChannel.doReadBytes(NioSocketChannel.java:357)
	at io.netty.channel.nio.AbstractNioByteChannel$NioByteUnsafe.read(AbstractNioByteChannel.java:151)
	at io.netty.channel.nio.NioEventLoop.processSelectedKey(NioEventLoop.java:788)
	at io.netty.channel.nio.NioEventLoop.processSelectedKeysOptimized(NioEventLoop.java:724)
	at io.netty.channel.nio.NioEventLoop.processSelectedKeys(NioEventLoop.java:650)
	at io.netty.channel.nio.NioEventLoop.run(NioEventLoop.java:562)
	at io.netty.util.concurrent.SingleThreadEventExecutor$4.run(SingleThreadEventExecutor.java:997)
	at io.netty.util.internal.ThreadExecutorMap$2.run(ThreadExecutorMap.java:74)
	at io.netty.util.concurrent.FastThreadLocalRunnable.run(FastThreadLocalRunnable.java:30)
	at java.base/java.lang.Thread.run(Thread.java:833)
20:26:02.188 [AsyncHttpClient-1-10] DEBUG org.asynchttpclient.netty.channel.ChannelManager - Closing Channel [id: 0xb8a3d7b4, L:/127.0.0.1:60846 - R:localhost/127.0.0.1:60840] 
20:26:02.189 [AsyncHttpClient-1-10] DEBUG org.asynchttpclient.netty.handler.HttpHandler - Channel Closed: [id: 0xb8a3d7b4, L:/127.0.0.1:60846 ! R:localhost/127.0.0.1:60840] with attribute DISCARD
20:26:02.217 [AsyncHttpClient-1-9] DEBUG org.asynchttpclient.netty.handler.HttpHandler - 

Request DefaultFullHttpRequest(decodeResult: success, version: HTTP/1.1, content: EmptyByteBufBE)
DELETE /session/206c66da5b694a65a3a9b61a05d8e1b9 HTTP/1.1
User-Agent: selenium/4.8.3 (java windows)
Content-Type: application/json; charset=utf-8
host: localhost:11180
accept: */*

Response DefaultHttpResponse(decodeResult: success, version: HTTP/1.1)
HTTP/1.1 200 OK
Content-Length: 14
Content-Type: application/json; charset=utf-8
cache-control: no-cache

20:26:02.217 [AsyncHttpClient-1-9] DEBUG org.asynchttpclient.netty.channel.ChannelManager - Adding key: http://localhost:11180 for channel [id: 0xe23a77e2, L:/127.0.0.1:60839 - R:localhost/127.0.0.1:11180]
20:26:02.337 [AsyncHttpClient-1-9] DEBUG org.asynchttpclient.netty.handler.HttpHandler - Channel Closed: [id: 0xe23a77e2, L:/127.0.0.1:60839 ! R:localhost/127.0.0.1:11180] with attribute DISCARD
2023-06-06 20:26:02 INFO  BaseTest:83 - Test executed**********
20:26:02.396 [rp-io-69] DEBUG com.epam.reportportal.service.Launch - Starting test item...rp-io-69
2023-06-06 20:26:02 INFO  BaseTest:110 - Property files loaded successfully**********
20:26:02.410 [main] DEBUG io.github.bonigarcia.wdm.cache.ResolutionCache - Resolution chrome=114 in cache (valid until 21:23:55 06/06/2023 CEST)
20:26:02.412 [main] DEBUG io.github.bonigarcia.wdm.cache.ResolutionCache - Resolution chrome114=114.0.5735.90 in cache (valid until 16:16:26 07/06/2023 CEST)
20:26:02.412 [main] INFO io.github.bonigarcia.wdm.WebDriverManager - Using chromedriver 114.0.5735.90 (resolved driver for Chrome 114)
20:26:02.414 [rp-io-69] DEBUG com.epam.reportportal.service.Launch - ReportPortal item with ID 'be5ad11f-b393-42b7-b558-b62d9ed982b5' has been created
20:26:02.414 [rp-io-77] DEBUG com.epam.reportportal.service.Launch - TestItem with ID = '7dc8e32b-5056-45ee-82b1-0d754b0636ec' successfully finished.
20:26:02.414 [rp-io-69] DEBUG com.epam.reportportal.utils.SubscriptionUtils - Start test item successfully completed
20:26:02.414 [rp-io-77] DEBUG com.epam.reportportal.utils.SubscriptionUtils - Finish test item completed
20:26:02.422 [main] DEBUG io.github.bonigarcia.wdm.WebDriverManager - Driver chromedriver 114.0.5735.90 found in cache
20:26:02.423 [main] INFO io.github.bonigarcia.wdm.WebDriverManager - Exporting webdriver.chrome.driver as C:\Users\Suwarna_Wagh\.cache\selenium\chromedriver\win32\114.0.5735.90\chromedriver.exe
20:26:02.680 [AsyncHttpClient-1-12] DEBUG org.asynchttpclient.netty.channel.NettyConnectListener - Using new Channel '[id: 0xa99d8faf, L:/127.0.0.1:60872 - R:localhost/127.0.0.1:18729]' for 'POST' to '/session'
20:26:02.989 [AsyncHttpClient-1-1] DEBUG org.asynchttpclient.netty.channel.DefaultChannelPool - Entry count for : http://localhost:11180 : 1
20:26:02.989 [AsyncHttpClient-1-1] DEBUG org.asynchttpclient.netty.channel.DefaultChannelPool - Entry count for : http://localhost:60840 : 1
20:26:02.989 [AsyncHttpClient-1-1] DEBUG org.asynchttpclient.netty.channel.DefaultChannelPool - Adding Candidate expired Channel [id: 0xe23a77e2, L:/127.0.0.1:60839 ! R:localhost/127.0.0.1:11180] isIdleTimeoutExpired=false isRemotelyClosed=true isTtlExpired=false
20:26:02.989 [AsyncHttpClient-1-1] DEBUG org.asynchttpclient.netty.channel.DefaultChannelPool - Closing Idle Channel [id: 0xe23a77e2, L:/127.0.0.1:60839 ! R:localhost/127.0.0.1:11180]
20:26:02.989 [AsyncHttpClient-1-1] DEBUG org.asynchttpclient.netty.channel.DefaultChannelPool - Adding Candidate expired Channel [id: 0xb8a3d7b4, L:/127.0.0.1:60846 ! R:localhost/127.0.0.1:60840] isIdleTimeoutExpired=false isRemotelyClosed=true isTtlExpired=false
20:26:02.989 [AsyncHttpClient-1-1] DEBUG org.asynchttpclient.netty.channel.DefaultChannelPool - Closing Idle Channel [id: 0xb8a3d7b4, L:/127.0.0.1:60846 ! R:localhost/127.0.0.1:60840]
20:26:02.989 [AsyncHttpClient-1-1] DEBUG org.asynchttpclient.netty.channel.DefaultChannelPool - Closed 2 connections out of 2 in 0 ms
20:26:03.745 [AsyncHttpClient-1-12] DEBUG org.asynchttpclient.netty.handler.HttpHandler - 

Request DefaultHttpRequest(decodeResult: success, version: HTTP/1.1)
POST /session HTTP/1.1
User-Agent: selenium/4.8.3 (java windows)
Content-Length: 439
Content-Type: application/json; charset=utf-8
host: localhost:18729
accept: */*

Response DefaultHttpResponse(decodeResult: success, version: HTTP/1.1)
HTTP/1.1 200 OK
Content-Length: 864
Content-Type: application/json; charset=utf-8
cache-control: no-cache

20:26:03.746 [AsyncHttpClient-1-12] DEBUG org.asynchttpclient.netty.channel.ChannelManager - Adding key: http://localhost:18729 for channel [id: 0xa99d8faf, L:/127.0.0.1:60872 - R:localhost/127.0.0.1:18729]
20:26:03.754 [AsyncHttpClient-1-13] DEBUG org.asynchttpclient.netty.channel.NettyConnectListener - Using new Channel '[id: 0xb98654e1, L:/127.0.0.1:60880 - R:localhost/127.0.0.1:60873]' for 'GET' to '/json/version'
20:26:03.755 [AsyncHttpClient-1-13] DEBUG org.asynchttpclient.netty.handler.HttpHandler - 

Request DefaultFullHttpRequest(decodeResult: success, version: HTTP/1.1, content: EmptyByteBufBE)
GET /json/version HTTP/1.1
User-Agent: selenium/4.8.3 (java windows)
host: localhost:60873
accept: */*

Response DefaultHttpResponse(decodeResult: success, version: HTTP/1.1)
HTTP/1.1 200 OK
Content-Security-Policy: frame-ancestors 'none'
Content-Length: 424
Content-Type: application/json; charset=UTF-8

20:26:03.755 [AsyncHttpClient-1-13] DEBUG org.asynchttpclient.netty.channel.ChannelManager - Adding key: http://localhost:60873 for channel [id: 0xb98654e1, L:/127.0.0.1:60880 - R:localhost/127.0.0.1:60873]
20:26:03.757 [AsyncHttpClient-1-14] DEBUG org.asynchttpclient.netty.channel.NettyConnectListener - Using new Channel '[id: 0xb12a99ab, L:/127.0.0.1:60881 - R:localhost/127.0.0.1:60873]' for 'GET' to '/devtools/browser/2cb62221-31b8-4600-9287-057b45386c2e'
20:26:03.758 [AsyncHttpClient-1-14] DEBUG org.asynchttpclient.netty.handler.WebSocketHandler - 

Request DefaultFullHttpRequest(decodeResult: success, version: HTTP/1.1, content: EmptyByteBufBE)
GET /devtools/browser/2cb62221-31b8-4600-9287-057b45386c2e HTTP/1.1
upgrade: websocket
connection: upgrade
sec-websocket-key: LQUeU8QnkN3Boqev1Y6YyQ==
sec-websocket-version: 13
origin: http://localhost:60873
host: localhost:60873
accept: */*
user-agent: AHC/2.1

Response DefaultHttpResponse(decodeResult: success, version: HTTP/1.1)
HTTP/1.1 101 WebSocket Protocol Handshake
Upgrade: WebSocket
Connection: Upgrade
Sec-WebSocket-Accept: 1Z685BkGH9DET7HUystsDXK0mQk=

20:26:03.763 [Forwarding setTimeout on session c30e3133bd63b1c1a1a7448d174237f7 to remote] DEBUG org.asynchttpclient.netty.request.NettyRequestSender - Using pooled Channel '[id: 0xa99d8faf, L:/127.0.0.1:60872 - R:localhost/127.0.0.1:18729]' for 'POST' to 'http://localhost:18729/session/c30e3133bd63b1c1a1a7448d174237f7/timeouts'
20:26:03.763 [Forwarding setTimeout on session c30e3133bd63b1c1a1a7448d174237f7 to remote] DEBUG org.asynchttpclient.netty.request.NettyRequestSender - Using open Channel [id: 0xa99d8faf, L:/127.0.0.1:60872 - R:localhost/127.0.0.1:18729] for POST '/session/c30e3133bd63b1c1a1a7448d174237f7/timeouts'
20:26:03.777 [AsyncHttpClient-1-12] DEBUG org.asynchttpclient.netty.handler.HttpHandler - 

Request DefaultHttpRequest(decodeResult: success, version: HTTP/1.1)
POST /session/c30e3133bd63b1c1a1a7448d174237f7/timeouts HTTP/1.1
User-Agent: selenium/4.8.3 (java windows)
Content-Length: 22
Content-Type: application/json; charset=utf-8
host: localhost:18729
accept: */*

Response DefaultHttpResponse(decodeResult: success, version: HTTP/1.1)
HTTP/1.1 200 OK
Content-Length: 14
Content-Type: application/json; charset=utf-8
cache-control: no-cache

20:26:03.778 [AsyncHttpClient-1-12] DEBUG org.asynchttpclient.netty.channel.ChannelManager - Adding key: http://localhost:18729 for channel [id: 0xa99d8faf, L:/127.0.0.1:60872 - R:localhost/127.0.0.1:18729]
20:26:03.779 [Forwarding maximizeCurrentWindow on session c30e3133bd63b1c1a1a7448d174237f7 to remote] DEBUG org.asynchttpclient.netty.request.NettyRequestSender - Using pooled Channel '[id: 0xa99d8faf, L:/127.0.0.1:60872 - R:localhost/127.0.0.1:18729]' for 'POST' to 'http://localhost:18729/session/c30e3133bd63b1c1a1a7448d174237f7/window/maximize'
20:26:03.779 [Forwarding maximizeCurrentWindow on session c30e3133bd63b1c1a1a7448d174237f7 to remote] DEBUG org.asynchttpclient.netty.request.NettyRequestSender - Using open Channel [id: 0xa99d8faf, L:/127.0.0.1:60872 - R:localhost/127.0.0.1:18729] for POST '/session/c30e3133bd63b1c1a1a7448d174237f7/window/maximize'
20:26:03.894 [AsyncHttpClient-1-12] DEBUG org.asynchttpclient.netty.handler.HttpHandler - 

Request DefaultHttpRequest(decodeResult: success, version: HTTP/1.1)
POST /session/c30e3133bd63b1c1a1a7448d174237f7/window/maximize HTTP/1.1
User-Agent: selenium/4.8.3 (java windows)
Content-Length: 3
Content-Type: application/json; charset=utf-8
host: localhost:18729
accept: */*

Response DefaultHttpResponse(decodeResult: success, version: HTTP/1.1)
HTTP/1.1 200 OK
Content-Length: 51
Content-Type: application/json; charset=utf-8
cache-control: no-cache

20:26:03.894 [AsyncHttpClient-1-12] DEBUG org.asynchttpclient.netty.channel.ChannelManager - Adding key: http://localhost:18729 for channel [id: 0xa99d8faf, L:/127.0.0.1:60872 - R:localhost/127.0.0.1:18729]
20:26:03.895 [Forwarding get on session c30e3133bd63b1c1a1a7448d174237f7 to remote] DEBUG org.asynchttpclient.netty.request.NettyRequestSender - Using pooled Channel '[id: 0xa99d8faf, L:/127.0.0.1:60872 - R:localhost/127.0.0.1:18729]' for 'POST' to 'http://localhost:18729/session/c30e3133bd63b1c1a1a7448d174237f7/url'
20:26:03.895 [Forwarding get on session c30e3133bd63b1c1a1a7448d174237f7 to remote] DEBUG org.asynchttpclient.netty.request.NettyRequestSender - Using open Channel [id: 0xa99d8faf, L:/127.0.0.1:60872 - R:localhost/127.0.0.1:18729] for POST '/session/c30e3133bd63b1c1a1a7448d174237f7/url'
20:26:04.090 [AsyncHttpClient-1-1] DEBUG org.asynchttpclient.netty.channel.DefaultChannelPool - Entry count for : http://localhost:60873 : 1
20:26:05.190 [AsyncHttpClient-1-1] DEBUG org.asynchttpclient.netty.channel.DefaultChannelPool - Entry count for : http://localhost:60873 : 1
20:26:05.413 [AsyncHttpClient-1-12] DEBUG org.asynchttpclient.netty.handler.HttpHandler - 

Request DefaultHttpRequest(decodeResult: success, version: HTTP/1.1)
POST /session/c30e3133bd63b1c1a1a7448d174237f7/url HTTP/1.1
User-Agent: selenium/4.8.3 (java windows)
Content-Length: 52
Content-Type: application/json; charset=utf-8
host: localhost:18729
accept: */*

Response DefaultHttpResponse(decodeResult: success, version: HTTP/1.1)
HTTP/1.1 200 OK
Content-Length: 14
Content-Type: application/json; charset=utf-8
cache-control: no-cache

20:26:05.415 [AsyncHttpClient-1-12] DEBUG org.asynchttpclient.netty.channel.ChannelManager - Adding key: http://localhost:18729 for channel [id: 0xa99d8faf, L:/127.0.0.1:60872 - R:localhost/127.0.0.1:18729]
2023-06-06 20:26:05 INFO  BaseTest:104 - Test driver set up done successfully**********
2023-06-06 20:26:05 INFO  BaseTest:122 - Logging in to portal
20:26:05.417 [Forwarding findElement on session c30e3133bd63b1c1a1a7448d174237f7 to remote] DEBUG org.asynchttpclient.netty.request.NettyRequestSender - Using pooled Channel '[id: 0xa99d8faf, L:/127.0.0.1:60872 - R:localhost/127.0.0.1:18729]' for 'POST' to 'http://localhost:18729/session/c30e3133bd63b1c1a1a7448d174237f7/element'
20:26:05.418 [Forwarding findElement on session c30e3133bd63b1c1a1a7448d174237f7 to remote] DEBUG org.asynchttpclient.netty.request.NettyRequestSender - Using open Channel [id: 0xa99d8faf, L:/127.0.0.1:60872 - R:localhost/127.0.0.1:18729] for POST '/session/c30e3133bd63b1c1a1a7448d174237f7/element'
20:26:05.431 [AsyncHttpClient-1-12] DEBUG org.asynchttpclient.netty.handler.HttpHandler - 

Request DefaultHttpRequest(decodeResult: success, version: HTTP/1.1)
POST /session/c30e3133bd63b1c1a1a7448d174237f7/element HTTP/1.1
User-Agent: selenium/4.8.3 (java windows)
Content-Length: 59
Content-Type: application/json; charset=utf-8
host: localhost:18729
accept: */*

Response DefaultHttpResponse(decodeResult: success, version: HTTP/1.1)
HTTP/1.1 200 OK
Content-Length: 95
Content-Type: application/json; charset=utf-8
cache-control: no-cache

20:26:05.431 [AsyncHttpClient-1-12] DEBUG org.asynchttpclient.netty.channel.ChannelManager - Adding key: http://localhost:18729 for channel [id: 0xa99d8faf, L:/127.0.0.1:60872 - R:localhost/127.0.0.1:18729]
20:26:05.432 [Forwarding clearElement on session c30e3133bd63b1c1a1a7448d174237f7 to remote] DEBUG org.asynchttpclient.netty.request.NettyRequestSender - Using pooled Channel '[id: 0xa99d8faf, L:/127.0.0.1:60872 - R:localhost/127.0.0.1:18729]' for 'POST' to 'http://localhost:18729/session/c30e3133bd63b1c1a1a7448d174237f7/element/2A2B3A5E66242514B6A2CB86EBFFF63A_element_30/clear'
20:26:05.432 [Forwarding clearElement on session c30e3133bd63b1c1a1a7448d174237f7 to remote] DEBUG org.asynchttpclient.netty.request.NettyRequestSender - Using open Channel [id: 0xa99d8faf, L:/127.0.0.1:60872 - R:localhost/127.0.0.1:18729] for POST '/session/c30e3133bd63b1c1a1a7448d174237f7/element/2A2B3A5E66242514B6A2CB86EBFFF63A_element_30/clear'
20:26:05.475 [AsyncHttpClient-1-12] DEBUG org.asynchttpclient.netty.handler.HttpHandler - 

Request DefaultHttpRequest(decodeResult: success, version: HTTP/1.1)
POST /session/c30e3133bd63b1c1a1a7448d174237f7/element/2A2B3A5E66242514B6A2CB86EBFFF63A_element_30/clear HTTP/1.1
User-Agent: selenium/4.8.3 (java windows)
Content-Length: 57
Content-Type: application/json; charset=utf-8
host: localhost:18729
accept: */*

Response DefaultHttpResponse(decodeResult: success, version: HTTP/1.1)
HTTP/1.1 200 OK
Content-Length: 14
Content-Type: application/json; charset=utf-8
cache-control: no-cache

20:26:05.475 [AsyncHttpClient-1-12] DEBUG org.asynchttpclient.netty.channel.ChannelManager - Adding key: http://localhost:18729 for channel [id: 0xa99d8faf, L:/127.0.0.1:60872 - R:localhost/127.0.0.1:18729]
20:26:05.477 [Forwarding findElement on session c30e3133bd63b1c1a1a7448d174237f7 to remote] DEBUG org.asynchttpclient.netty.request.NettyRequestSender - Using pooled Channel '[id: 0xa99d8faf, L:/127.0.0.1:60872 - R:localhost/127.0.0.1:18729]' for 'POST' to 'http://localhost:18729/session/c30e3133bd63b1c1a1a7448d174237f7/element'
20:26:05.477 [Forwarding findElement on session c30e3133bd63b1c1a1a7448d174237f7 to remote] DEBUG org.asynchttpclient.netty.request.NettyRequestSender - Using open Channel [id: 0xa99d8faf, L:/127.0.0.1:60872 - R:localhost/127.0.0.1:18729] for POST '/session/c30e3133bd63b1c1a1a7448d174237f7/element'
20:26:05.484 [AsyncHttpClient-1-12] DEBUG org.asynchttpclient.netty.handler.HttpHandler - 

Request DefaultHttpRequest(decodeResult: success, version: HTTP/1.1)
POST /session/c30e3133bd63b1c1a1a7448d174237f7/element HTTP/1.1
User-Agent: selenium/4.8.3 (java windows)
Content-Length: 59
Content-Type: application/json; charset=utf-8
host: localhost:18729
accept: */*

Response DefaultHttpResponse(decodeResult: success, version: HTTP/1.1)
HTTP/1.1 200 OK
Content-Length: 95
Content-Type: application/json; charset=utf-8
cache-control: no-cache

20:26:05.484 [AsyncHttpClient-1-12] DEBUG org.asynchttpclient.netty.channel.ChannelManager - Adding key: http://localhost:18729 for channel [id: 0xa99d8faf, L:/127.0.0.1:60872 - R:localhost/127.0.0.1:18729]
20:26:05.485 [Forwarding sendKeysToElement on session c30e3133bd63b1c1a1a7448d174237f7 to remote] DEBUG org.asynchttpclient.netty.request.NettyRequestSender - Using pooled Channel '[id: 0xa99d8faf, L:/127.0.0.1:60872 - R:localhost/127.0.0.1:18729]' for 'POST' to 'http://localhost:18729/session/c30e3133bd63b1c1a1a7448d174237f7/element/2A2B3A5E66242514B6A2CB86EBFFF63A_element_30/value'
20:26:05.485 [Forwarding sendKeysToElement on session c30e3133bd63b1c1a1a7448d174237f7 to remote] DEBUG org.asynchttpclient.netty.request.NettyRequestSender - Using open Channel [id: 0xa99d8faf, L:/127.0.0.1:60872 - R:localhost/127.0.0.1:18729] for POST '/session/c30e3133bd63b1c1a1a7448d174237f7/element/2A2B3A5E66242514B6A2CB86EBFFF63A_element_30/value'
20:26:05.580 [AsyncHttpClient-1-12] DEBUG org.asynchttpclient.netty.handler.HttpHandler - 

Request DefaultHttpRequest(decodeResult: success, version: HTTP/1.1)
POST /session/c30e3133bd63b1c1a1a7448d174237f7/element/2A2B3A5E66242514B6A2CB86EBFFF63A_element_30/value HTTP/1.1
User-Agent: selenium/4.8.3 (java windows)
Content-Length: 188
Content-Type: application/json; charset=utf-8
host: localhost:18729
accept: */*

Response DefaultHttpResponse(decodeResult: success, version: HTTP/1.1)
HTTP/1.1 200 OK
Content-Length: 14
Content-Type: application/json; charset=utf-8
cache-control: no-cache

20:26:05.581 [AsyncHttpClient-1-12] DEBUG org.asynchttpclient.netty.channel.ChannelManager - Adding key: http://localhost:18729 for channel [id: 0xa99d8faf, L:/127.0.0.1:60872 - R:localhost/127.0.0.1:18729]
20:26:05.581 [Forwarding findElement on session c30e3133bd63b1c1a1a7448d174237f7 to remote] DEBUG org.asynchttpclient.netty.request.NettyRequestSender - Using pooled Channel '[id: 0xa99d8faf, L:/127.0.0.1:60872 - R:localhost/127.0.0.1:18729]' for 'POST' to 'http://localhost:18729/session/c30e3133bd63b1c1a1a7448d174237f7/element'
20:26:05.581 [Forwarding findElement on session c30e3133bd63b1c1a1a7448d174237f7 to remote] DEBUG org.asynchttpclient.netty.request.NettyRequestSender - Using open Channel [id: 0xa99d8faf, L:/127.0.0.1:60872 - R:localhost/127.0.0.1:18729] for POST '/session/c30e3133bd63b1c1a1a7448d174237f7/element'
20:26:05.596 [AsyncHttpClient-1-12] DEBUG org.asynchttpclient.netty.handler.HttpHandler - 

Request DefaultHttpRequest(decodeResult: success, version: HTTP/1.1)
POST /session/c30e3133bd63b1c1a1a7448d174237f7/element HTTP/1.1
User-Agent: selenium/4.8.3 (java windows)
Content-Length: 62
Content-Type: application/json; charset=utf-8
host: localhost:18729
accept: */*

Response DefaultHttpResponse(decodeResult: success, version: HTTP/1.1)
HTTP/1.1 200 OK
Content-Length: 95
Content-Type: application/json; charset=utf-8
cache-control: no-cache

20:26:05.596 [AsyncHttpClient-1-12] DEBUG org.asynchttpclient.netty.channel.ChannelManager - Adding key: http://localhost:18729 for channel [id: 0xa99d8faf, L:/127.0.0.1:60872 - R:localhost/127.0.0.1:18729]
20:26:05.597 [Forwarding clearElement on session c30e3133bd63b1c1a1a7448d174237f7 to remote] DEBUG org.asynchttpclient.netty.request.NettyRequestSender - Using pooled Channel '[id: 0xa99d8faf, L:/127.0.0.1:60872 - R:localhost/127.0.0.1:18729]' for 'POST' to 'http://localhost:18729/session/c30e3133bd63b1c1a1a7448d174237f7/element/2A2B3A5E66242514B6A2CB86EBFFF63A_element_32/clear'
20:26:05.597 [Forwarding clearElement on session c30e3133bd63b1c1a1a7448d174237f7 to remote] DEBUG org.asynchttpclient.netty.request.NettyRequestSender - Using open Channel [id: 0xa99d8faf, L:/127.0.0.1:60872 - R:localhost/127.0.0.1:18729] for POST '/session/c30e3133bd63b1c1a1a7448d174237f7/element/2A2B3A5E66242514B6A2CB86EBFFF63A_element_32/clear'
20:26:05.647 [AsyncHttpClient-1-12] DEBUG org.asynchttpclient.netty.handler.HttpHandler - 

Request DefaultHttpRequest(decodeResult: success, version: HTTP/1.1)
POST /session/c30e3133bd63b1c1a1a7448d174237f7/element/2A2B3A5E66242514B6A2CB86EBFFF63A_element_32/clear HTTP/1.1
User-Agent: selenium/4.8.3 (java windows)
Content-Length: 57
Content-Type: application/json; charset=utf-8
host: localhost:18729
accept: */*

Response DefaultHttpResponse(decodeResult: success, version: HTTP/1.1)
HTTP/1.1 200 OK
Content-Length: 14
Content-Type: application/json; charset=utf-8
cache-control: no-cache

20:26:05.647 [AsyncHttpClient-1-12] DEBUG org.asynchttpclient.netty.channel.ChannelManager - Adding key: http://localhost:18729 for channel [id: 0xa99d8faf, L:/127.0.0.1:60872 - R:localhost/127.0.0.1:18729]
20:26:05.648 [Forwarding findElement on session c30e3133bd63b1c1a1a7448d174237f7 to remote] DEBUG org.asynchttpclient.netty.request.NettyRequestSender - Using pooled Channel '[id: 0xa99d8faf, L:/127.0.0.1:60872 - R:localhost/127.0.0.1:18729]' for 'POST' to 'http://localhost:18729/session/c30e3133bd63b1c1a1a7448d174237f7/element'
20:26:05.648 [Forwarding findElement on session c30e3133bd63b1c1a1a7448d174237f7 to remote] DEBUG org.asynchttpclient.netty.request.NettyRequestSender - Using open Channel [id: 0xa99d8faf, L:/127.0.0.1:60872 - R:localhost/127.0.0.1:18729] for POST '/session/c30e3133bd63b1c1a1a7448d174237f7/element'
20:26:05.657 [AsyncHttpClient-1-12] DEBUG org.asynchttpclient.netty.handler.HttpHandler - 

Request DefaultHttpRequest(decodeResult: success, version: HTTP/1.1)
POST /session/c30e3133bd63b1c1a1a7448d174237f7/element HTTP/1.1
User-Agent: selenium/4.8.3 (java windows)
Content-Length: 62
Content-Type: application/json; charset=utf-8
host: localhost:18729
accept: */*

Response DefaultHttpResponse(decodeResult: success, version: HTTP/1.1)
HTTP/1.1 200 OK
Content-Length: 95
Content-Type: application/json; charset=utf-8
cache-control: no-cache

20:26:05.658 [AsyncHttpClient-1-12] DEBUG org.asynchttpclient.netty.channel.ChannelManager - Adding key: http://localhost:18729 for channel [id: 0xa99d8faf, L:/127.0.0.1:60872 - R:localhost/127.0.0.1:18729]
20:26:05.659 [Forwarding sendKeysToElement on session c30e3133bd63b1c1a1a7448d174237f7 to remote] DEBUG org.asynchttpclient.netty.request.NettyRequestSender - Using pooled Channel '[id: 0xa99d8faf, L:/127.0.0.1:60872 - R:localhost/127.0.0.1:18729]' for 'POST' to 'http://localhost:18729/session/c30e3133bd63b1c1a1a7448d174237f7/element/2A2B3A5E66242514B6A2CB86EBFFF63A_element_32/value'
20:26:05.660 [Forwarding sendKeysToElement on session c30e3133bd63b1c1a1a7448d174237f7 to remote] DEBUG org.asynchttpclient.netty.request.NettyRequestSender - Using open Channel [id: 0xa99d8faf, L:/127.0.0.1:60872 - R:localhost/127.0.0.1:18729] for POST '/session/c30e3133bd63b1c1a1a7448d174237f7/element/2A2B3A5E66242514B6A2CB86EBFFF63A_element_32/value'
20:26:05.740 [AsyncHttpClient-1-12] DEBUG org.asynchttpclient.netty.handler.HttpHandler - 

Request DefaultHttpRequest(decodeResult: success, version: HTTP/1.1)
POST /session/c30e3133bd63b1c1a1a7448d174237f7/element/2A2B3A5E66242514B6A2CB86EBFFF63A_element_32/value HTTP/1.1
User-Agent: selenium/4.8.3 (java windows)
Content-Length: 148
Content-Type: application/json; charset=utf-8
host: localhost:18729
accept: */*

Response DefaultHttpResponse(decodeResult: success, version: HTTP/1.1)
HTTP/1.1 200 OK
Content-Length: 14
Content-Type: application/json; charset=utf-8
cache-control: no-cache

20:26:05.740 [AsyncHttpClient-1-12] DEBUG org.asynchttpclient.netty.channel.ChannelManager - Adding key: http://localhost:18729 for channel [id: 0xa99d8faf, L:/127.0.0.1:60872 - R:localhost/127.0.0.1:18729]
20:26:05.741 [Forwarding findElement on session c30e3133bd63b1c1a1a7448d174237f7 to remote] DEBUG org.asynchttpclient.netty.request.NettyRequestSender - Using pooled Channel '[id: 0xa99d8faf, L:/127.0.0.1:60872 - R:localhost/127.0.0.1:18729]' for 'POST' to 'http://localhost:18729/session/c30e3133bd63b1c1a1a7448d174237f7/element'
20:26:05.741 [Forwarding findElement on session c30e3133bd63b1c1a1a7448d174237f7 to remote] DEBUG org.asynchttpclient.netty.request.NettyRequestSender - Using open Channel [id: 0xa99d8faf, L:/127.0.0.1:60872 - R:localhost/127.0.0.1:18729] for POST '/session/c30e3133bd63b1c1a1a7448d174237f7/element'
20:26:05.754 [AsyncHttpClient-1-12] DEBUG org.asynchttpclient.netty.handler.HttpHandler - 

Request DefaultHttpRequest(decodeResult: success, version: HTTP/1.1)
POST /session/c30e3133bd63b1c1a1a7448d174237f7/element HTTP/1.1
User-Agent: selenium/4.8.3 (java windows)
Content-Length: 71
Content-Type: application/json; charset=utf-8
host: localhost:18729
accept: */*

Response DefaultHttpResponse(decodeResult: success, version: HTTP/1.1)
HTTP/1.1 200 OK
Content-Length: 95
Content-Type: application/json; charset=utf-8
cache-control: no-cache

20:26:05.755 [AsyncHttpClient-1-12] DEBUG org.asynchttpclient.netty.channel.ChannelManager - Adding key: http://localhost:18729 for channel [id: 0xa99d8faf, L:/127.0.0.1:60872 - R:localhost/127.0.0.1:18729]
20:26:05.755 [Forwarding clickElement on session c30e3133bd63b1c1a1a7448d174237f7 to remote] DEBUG org.asynchttpclient.netty.request.NettyRequestSender - Using pooled Channel '[id: 0xa99d8faf, L:/127.0.0.1:60872 - R:localhost/127.0.0.1:18729]' for 'POST' to 'http://localhost:18729/session/c30e3133bd63b1c1a1a7448d174237f7/element/2A2B3A5E66242514B6A2CB86EBFFF63A_element_33/click'
20:26:05.755 [Forwarding clickElement on session c30e3133bd63b1c1a1a7448d174237f7 to remote] DEBUG org.asynchttpclient.netty.request.NettyRequestSender - Using open Channel [id: 0xa99d8faf, L:/127.0.0.1:60872 - R:localhost/127.0.0.1:18729] for POST '/session/c30e3133bd63b1c1a1a7448d174237f7/element/2A2B3A5E66242514B6A2CB86EBFFF63A_element_33/click'
20:26:05.805 [AsyncHttpClient-1-12] DEBUG org.asynchttpclient.netty.handler.HttpHandler - 

Request DefaultHttpRequest(decodeResult: success, version: HTTP/1.1)
POST /session/c30e3133bd63b1c1a1a7448d174237f7/element/2A2B3A5E66242514B6A2CB86EBFFF63A_element_33/click HTTP/1.1
User-Agent: selenium/4.8.3 (java windows)
Content-Length: 57
Content-Type: application/json; charset=utf-8
host: localhost:18729
accept: */*

Response DefaultHttpResponse(decodeResult: success, version: HTTP/1.1)
HTTP/1.1 200 OK
Content-Length: 14
Content-Type: application/json; charset=utf-8
cache-control: no-cache

20:26:05.806 [AsyncHttpClient-1-12] DEBUG org.asynchttpclient.netty.channel.ChannelManager - Adding key: http://localhost:18729 for channel [id: 0xa99d8faf, L:/127.0.0.1:60872 - R:localhost/127.0.0.1:18729]
2023-06-06 20:26:05 INFO  BaseTest:126 - Logged in
2023-06-06 20:26:05 INFO  Listeners:34 - Started Test null
20:26:05.809 [rp-io-83] DEBUG com.epam.reportportal.service.Launch - Starting test item...rp-io-83
20:26:05.810 [Forwarding findElement on session c30e3133bd63b1c1a1a7448d174237f7 to remote] DEBUG org.asynchttpclient.netty.request.NettyRequestSender - Using pooled Channel '[id: 0xa99d8faf, L:/127.0.0.1:60872 - R:localhost/127.0.0.1:18729]' for 'POST' to 'http://localhost:18729/session/c30e3133bd63b1c1a1a7448d174237f7/element'
20:26:05.810 [Forwarding findElement on session c30e3133bd63b1c1a1a7448d174237f7 to remote] DEBUG org.asynchttpclient.netty.request.NettyRequestSender - Using open Channel [id: 0xa99d8faf, L:/127.0.0.1:60872 - R:localhost/127.0.0.1:18729] for POST '/session/c30e3133bd63b1c1a1a7448d174237f7/element'
20:26:05.828 [rp-io-75] DEBUG com.epam.reportportal.service.Launch - TestItem with ID = 'be5ad11f-b393-42b7-b558-b62d9ed982b5' successfully finished.
20:26:05.828 [rp-io-75] DEBUG com.epam.reportportal.utils.SubscriptionUtils - Finish test item completed
20:26:05.833 [rp-io-83] DEBUG com.epam.reportportal.service.Launch - ReportPortal item with ID '80502dce-19e1-43b4-8e82-51512926479b' has been created
20:26:05.833 [rp-io-83] DEBUG com.epam.reportportal.utils.SubscriptionUtils - Start test item successfully completed
20:26:06.223 [AsyncHttpClient-1-12] DEBUG org.asynchttpclient.netty.handler.HttpHandler - 

Request DefaultHttpRequest(decodeResult: success, version: HTTP/1.1)
POST /session/c30e3133bd63b1c1a1a7448d174237f7/element HTTP/1.1
User-Agent: selenium/4.8.3 (java windows)
Content-Length: 168
Content-Type: application/json; charset=utf-8
host: localhost:18729
accept: */*

Response DefaultHttpResponse(decodeResult: success, version: HTTP/1.1)
HTTP/1.1 200 OK
Content-Length: 95
Content-Type: application/json; charset=utf-8
cache-control: no-cache

20:26:06.223 [AsyncHttpClient-1-12] DEBUG org.asynchttpclient.netty.channel.ChannelManager - Adding key: http://localhost:18729 for channel [id: 0xa99d8faf, L:/127.0.0.1:60872 - R:localhost/127.0.0.1:18729]
20:26:06.223 [Forwarding clickElement on session c30e3133bd63b1c1a1a7448d174237f7 to remote] DEBUG org.asynchttpclient.netty.request.NettyRequestSender - Using pooled Channel '[id: 0xa99d8faf, L:/127.0.0.1:60872 - R:localhost/127.0.0.1:18729]' for 'POST' to 'http://localhost:18729/session/c30e3133bd63b1c1a1a7448d174237f7/element/2A2B3A5E66242514B6A2CB86EBFFF63A_element_38/click'
20:26:06.223 [Forwarding clickElement on session c30e3133bd63b1c1a1a7448d174237f7 to remote] DEBUG org.asynchttpclient.netty.request.NettyRequestSender - Using open Channel [id: 0xa99d8faf, L:/127.0.0.1:60872 - R:localhost/127.0.0.1:18729] for POST '/session/c30e3133bd63b1c1a1a7448d174237f7/element/2A2B3A5E66242514B6A2CB86EBFFF63A_element_38/click'
20:26:06.289 [AsyncHttpClient-1-1] DEBUG org.asynchttpclient.netty.channel.DefaultChannelPool - Entry count for : http://localhost:60873 : 1
20:26:06.537 [AsyncHttpClient-1-12] DEBUG org.asynchttpclient.netty.handler.HttpHandler - 

Request DefaultHttpRequest(decodeResult: success, version: HTTP/1.1)
POST /session/c30e3133bd63b1c1a1a7448d174237f7/element/2A2B3A5E66242514B6A2CB86EBFFF63A_element_38/click HTTP/1.1
User-Agent: selenium/4.8.3 (java windows)
Content-Length: 57
Content-Type: application/json; charset=utf-8
host: localhost:18729
accept: */*

Response DefaultHttpResponse(decodeResult: success, version: HTTP/1.1)
HTTP/1.1 200 OK
Content-Length: 14
Content-Type: application/json; charset=utf-8
cache-control: no-cache

20:26:06.537 [AsyncHttpClient-1-12] DEBUG org.asynchttpclient.netty.channel.ChannelManager - Adding key: http://localhost:18729 for channel [id: 0xa99d8faf, L:/127.0.0.1:60872 - R:localhost/127.0.0.1:18729]
20:26:06.538 [Forwarding findElement on session c30e3133bd63b1c1a1a7448d174237f7 to remote] DEBUG org.asynchttpclient.netty.request.NettyRequestSender - Using pooled Channel '[id: 0xa99d8faf, L:/127.0.0.1:60872 - R:localhost/127.0.0.1:18729]' for 'POST' to 'http://localhost:18729/session/c30e3133bd63b1c1a1a7448d174237f7/element'
20:26:06.538 [Forwarding findElement on session c30e3133bd63b1c1a1a7448d174237f7 to remote] DEBUG org.asynchttpclient.netty.request.NettyRequestSender - Using open Channel [id: 0xa99d8faf, L:/127.0.0.1:60872 - R:localhost/127.0.0.1:18729] for POST '/session/c30e3133bd63b1c1a1a7448d174237f7/element'
20:26:07.390 [AsyncHttpClient-1-1] DEBUG org.asynchttpclient.netty.channel.DefaultChannelPool - Entry count for : http://localhost:60873 : 1
20:26:08.491 [AsyncHttpClient-1-1] DEBUG org.asynchttpclient.netty.channel.DefaultChannelPool - Entry count for : http://localhost:60873 : 1
20:26:09.590 [AsyncHttpClient-1-1] DEBUG org.asynchttpclient.netty.channel.DefaultChannelPool - Entry count for : http://localhost:60873 : 1
20:26:10.576 [AsyncHttpClient-1-12] DEBUG org.asynchttpclient.netty.handler.HttpHandler - 

Request DefaultHttpRequest(decodeResult: success, version: HTTP/1.1)
POST /session/c30e3133bd63b1c1a1a7448d174237f7/element HTTP/1.1
User-Agent: selenium/4.8.3 (java windows)
Content-Length: 81
Content-Type: application/json; charset=utf-8
host: localhost:18729
accept: */*

Response DefaultHttpResponse(decodeResult: success, version: HTTP/1.1)
HTTP/1.1 404 Not Found
Content-Length: 971
Content-Type: application/json; charset=utf-8
cache-control: no-cache

20:26:10.576 [AsyncHttpClient-1-12] DEBUG org.asynchttpclient.netty.channel.ChannelManager - Adding key: http://localhost:18729 for channel [id: 0xa99d8faf, L:/127.0.0.1:60872 - R:localhost/127.0.0.1:18729]
2023-06-06 20:26:10 INFO  Listeners:55 - Skipped test null
20:26:10.577 [main] ERROR com.epam.reportportal.service.Launch - Item io.reactivex.internal.operators.maybe.MaybeCache@162c89ac not found in the cache
]]></system-out>
    <system-err><![CDATA[Starting ChromeDriver 114.0.5735.90 (386bc09e8f4f2e025eddae123f36f6263096ae49-refs/branch-heads/5735@{#1052}) on port 18729
Only local connections are allowed.
Please see https://chromedriver.chromium.org/security-considerations for suggestions on keeping ChromeDriver safe.
ChromeDriver was started successfully.
Jun 06, 2023 8:26:03 PM org.openqa.selenium.devtools.CdpVersionFinder findNearestMatch
WARNING: Unable to find an exact match for CDP version 114, so returning the closest version found: 111
]]></system-err>
  </testcase>
  <testcase name="searchDashboardNameDP[PASSING RATE SUMMARY](16)" classname="alltests.uitest.coreTest.DashboardPageTest" time="5.264">
    <failure message="no such element: Unable to locate element: {&quot;method&quot;:&quot;xpath&quot;,&quot;selector&quot;:&quot;//*[text()=&apos;PASSING RATE SUMMARY&apos;]&quot;}&#10;  (Session info: chrome=114.0.5735.110)&#10;For documentation on this error, please visit: https://selenium.dev/exceptions/#no_such_element&#10;Build info: version: &apos;4.8.3&apos;, revision: &apos;e5e76298c3&apos;&#10;System info: os.name: &apos;Windows 10&apos;, os.arch: &apos;amd64&apos;, os.version: &apos;10.0&apos;, java.version: &apos;17.0.3.1&apos;&#10;Driver info: org.openqa.selenium.chrome.ChromeDriver&#10;Command: [7d80a6a351cd007ab66e18b9d1d1aab9, findElement {using=xpath, value=//*[text()=&apos;PASSING RATE SUMMARY&apos;]}]&#10;Capabilities {acceptInsecureCerts: false, browserName: chrome, browserVersion: 114.0.5735.110, chrome: {chromedriverVersion: 114.0.5735.90 (386bc09e8f4f..., userDataDir: C:\Users\SUWARN~1\AppData\L...}, goog:chromeOptions: {debuggerAddress: localhost:60899}, networkConnectionEnabled: false, pageLoadStrategy: normal, platformName: WINDOWS, proxy: Proxy(), se:cdp: ws://localhost:60899/devtoo..., se:cdpVersion: 114.0.5735.110, setWindowRect: true, strictFileInteractability: false, timeouts: {implicit: 0, pageLoad: 300000, script: 30000}, unhandledPromptBehavior: dismiss and notify, webauthn:extension:credBlob: true, webauthn:extension:largeBlob: true, webauthn:extension:minPinLength: true, webauthn:extension:prf: true, webauthn:virtualAuthenticators: true}&#10;Session ID: 7d80a6a351cd007ab66e18b9d1d1aab9" type="org.openqa.selenium.NoSuchElementException"><![CDATA[org.openqa.selenium.NoSuchElementException: 
no such element: Unable to locate element: {"method":"xpath","selector":"//*[text()='PASSING RATE SUMMARY']"}
  (Session info: chrome=114.0.5735.110)
For documentation on this error, please visit: https://selenium.dev/exceptions/#no_such_element
Build info: version: '4.8.3', revision: 'e5e76298c3'
System info: os.name: 'Windows 10', os.arch: 'amd64', os.version: '10.0', java.version: '17.0.3.1'
Driver info: org.openqa.selenium.chrome.ChromeDriver
Command: [7d80a6a351cd007ab66e18b9d1d1aab9, findElement {using=xpath, value=//*[text()='PASSING RATE SUMMARY']}]
Capabilities {acceptInsecureCerts: false, browserName: chrome, browserVersion: 114.0.5735.110, chrome: {chromedriverVersion: 114.0.5735.90 (386bc09e8f4f..., userDataDir: C:\Users\SUWARN~1\AppData\L...}, goog:chromeOptions: {debuggerAddress: localhost:60899}, networkConnectionEnabled: false, pageLoadStrategy: normal, platformName: WINDOWS, proxy: Proxy(), se:cdp: ws://localhost:60899/devtoo..., se:cdpVersion: 114.0.5735.110, setWindowRect: true, strictFileInteractability: false, timeouts: {implicit: 0, pageLoad: 300000, script: 30000}, unhandledPromptBehavior: dismiss and notify, webauthn:extension:credBlob: true, webauthn:extension:largeBlob: true, webauthn:extension:minPinLength: true, webauthn:extension:prf: true, webauthn:virtualAuthenticators: true}
Session ID: 7d80a6a351cd007ab66e18b9d1d1aab9
	at java.base/jdk.internal.reflect.NativeConstructorAccessorImpl.newInstance0(Native Method)
	at java.base/jdk.internal.reflect.NativeConstructorAccessorImpl.newInstance(NativeConstructorAccessorImpl.java:77)
	at java.base/jdk.internal.reflect.DelegatingConstructorAccessorImpl.newInstance(DelegatingConstructorAccessorImpl.java:45)
	at java.base/java.lang.reflect.Constructor.newInstanceWithCaller(Constructor.java:499)
	at java.base/java.lang.reflect.Constructor.newInstance(Constructor.java:480)
	at org.openqa.selenium.remote.codec.w3c.W3CHttpResponseCodec.createException(W3CHttpResponseCodec.java:200)
	at org.openqa.selenium.remote.codec.w3c.W3CHttpResponseCodec.decode(W3CHttpResponseCodec.java:133)
	at org.openqa.selenium.remote.codec.w3c.W3CHttpResponseCodec.decode(W3CHttpResponseCodec.java:53)
	at org.openqa.selenium.remote.HttpCommandExecutor.execute(HttpCommandExecutor.java:193)
	at org.openqa.selenium.remote.service.DriverCommandExecutor.invokeExecute(DriverCommandExecutor.java:183)
	at org.openqa.selenium.remote.service.DriverCommandExecutor.execute(DriverCommandExecutor.java:158)
	at org.openqa.selenium.remote.RemoteWebDriver.execute(RemoteWebDriver.java:543)
	at org.openqa.selenium.remote.ElementLocation$ElementFinder$2.findElement(ElementLocation.java:162)
	at org.openqa.selenium.remote.ElementLocation.findElement(ElementLocation.java:60)
	at org.openqa.selenium.remote.RemoteWebDriver.findElement(RemoteWebDriver.java:352)
	at org.openqa.selenium.remote.RemoteWebDriver.findElement(RemoteWebDriver.java:344)
	at pageobject.DemoDashboard.verifyNamesOfWidgetPresetOnDemoDashboard(DemoDashboard.java:31)
	at alltests.uitest.coreTest.DashboardPageTest.searchDashboardNameDP(DashboardPageTest.java:40)
	at java.base/jdk.internal.reflect.NativeMethodAccessorImpl.invoke0(Native Method)
	at java.base/jdk.internal.reflect.NativeMethodAccessorImpl.invoke(NativeMethodAccessorImpl.java:77)
	at java.base/jdk.internal.reflect.DelegatingMethodAccessorImpl.invoke(DelegatingMethodAccessorImpl.java:43)
	at java.base/java.lang.reflect.Method.invoke(Method.java:568)
	at org.testng.internal.invokers.MethodInvocationHelper.invokeMethod(MethodInvocationHelper.java:139)
	at org.testng.internal.invokers.TestInvoker.invokeMethod(TestInvoker.java:677)
	at org.testng.internal.invokers.TestInvoker.retryFailed(TestInvoker.java:263)
	at org.testng.internal.invokers.MethodRunner.runInSequence(MethodRunner.java:62)
	at org.testng.internal.invokers.TestInvoker$MethodInvocationAgent.invoke(TestInvoker.java:969)
	at org.testng.internal.invokers.TestInvoker.invokeTestMethods(TestInvoker.java:194)
	at org.testng.internal.invokers.TestMethodWorker.invokeTestMethods(TestMethodWorker.java:148)
	at org.testng.internal.invokers.TestMethodWorker.run(TestMethodWorker.java:128)
	at java.base/java.util.ArrayList.forEach(ArrayList.java:1511)
	at org.testng.TestRunner.privateRun(TestRunner.java:829)
	at org.testng.TestRunner.run(TestRunner.java:602)
	at org.testng.SuiteRunner.runTest(SuiteRunner.java:437)
	at org.testng.SuiteRunner.runSequentially(SuiteRunner.java:431)
	at org.testng.SuiteRunner.privateRun(SuiteRunner.java:391)
	at org.testng.SuiteRunner.run(SuiteRunner.java:330)
	at org.testng.SuiteRunnerWorker.runSuite(SuiteRunnerWorker.java:52)
	at org.testng.SuiteRunnerWorker.run(SuiteRunnerWorker.java:95)
	at org.testng.TestNG.runSuitesSequentially(TestNG.java:1256)
	at org.testng.TestNG.runSuitesLocally(TestNG.java:1176)
	at org.testng.TestNG.runSuites(TestNG.java:1099)
	at org.testng.TestNG.run(TestNG.java:1067)
	at org.apache.maven.surefire.testng.TestNGExecutor.run(TestNGExecutor.java:308)
	at org.apache.maven.surefire.testng.TestNGXmlTestSuite.execute(TestNGXmlTestSuite.java:71)
	at org.apache.maven.surefire.testng.TestNGProvider.invoke(TestNGProvider.java:113)
	at org.apache.maven.surefire.booter.ForkedBooter.runSuitesInProcess(ForkedBooter.java:385)
	at org.apache.maven.surefire.booter.ForkedBooter.execute(ForkedBooter.java:162)
	at org.apache.maven.surefire.booter.ForkedBooter.run(ForkedBooter.java:507)
	at org.apache.maven.surefire.booter.ForkedBooter.main(ForkedBooter.java:495)
]]></failure>
    <system-out><![CDATA[20:26:10.578 [rp-io-88] DEBUG com.epam.reportportal.service.Launch - Starting test item...rp-io-88
20:26:10.579 [AsyncHttpClient-1-14] DEBUG org.asynchttpclient.netty.handler.WebSocketHandler - Channel Closed: [id: 0xb12a99ab, L:/127.0.0.1:60881 ! R:localhost/127.0.0.1:60873] with attribute NettyResponseFuture{currentRetry=0,
	isDone=1,
	isCancelled=0,
	asyncHandler=org.asynchttpclient.ws.WebSocketUpgradeHandler@52172403,
	nettyRequest=org.asynchttpclient.netty.request.NettyRequest@28dd6394,
	future=java.util.concurrent.CompletableFuture@67eb8486[Completed normally],
	uri=ws://localhost:60873/devtools/browser/2cb62221-31b8-4600-9287-057b45386c2e,
	keepAlive=true,
	redirectCount=0,
	timeoutsHolder=null,
	inAuth=0,
	touch=1686075963758}
20:26:10.580 [AsyncHttpClient-1-14] DEBUG org.asynchttpclient.netty.channel.ChannelManager - Closing Channel [id: 0xb12a99ab, L:/127.0.0.1:60881 ! R:localhost/127.0.0.1:60873] 
20:26:10.580 [Driver Command Executor] DEBUG org.asynchttpclient.netty.request.NettyRequestSender - Using pooled Channel '[id: 0xa99d8faf, L:/127.0.0.1:60872 - R:localhost/127.0.0.1:18729]' for 'DELETE' to 'http://localhost:18729/session/c30e3133bd63b1c1a1a7448d174237f7'
20:26:10.580 [Driver Command Executor] DEBUG org.asynchttpclient.netty.request.NettyRequestSender - Using open Channel [id: 0xa99d8faf, L:/127.0.0.1:60872 - R:localhost/127.0.0.1:18729] for DELETE '/session/c30e3133bd63b1c1a1a7448d174237f7'
20:26:10.592 [rp-io-86] DEBUG com.epam.reportportal.service.Launch - TestItem with ID = '80502dce-19e1-43b4-8e82-51512926479b' successfully finished.
20:26:10.592 [rp-io-86] DEBUG com.epam.reportportal.utils.SubscriptionUtils - Finish test item completed
20:26:10.598 [rp-io-82] DEBUG com.epam.reportportal.service.Launch - TestItem with ID = 'be5ad11f-b393-42b7-b558-b62d9ed982b5' successfully finished.
20:26:10.598 [rp-io-88] DEBUG com.epam.reportportal.service.Launch - ReportPortal item with ID '8c72f786-7473-48a9-8d0d-7a0539b5a8b5' has been created
20:26:10.599 [rp-io-88] DEBUG com.epam.reportportal.utils.SubscriptionUtils - Start test item successfully completed
20:26:10.599 [rp-io-82] DEBUG com.epam.reportportal.utils.SubscriptionUtils - Finish test item completed
20:26:10.623 [AsyncHttpClient-1-13] DEBUG org.asynchttpclient.netty.handler.HttpHandler - Unexpected I/O exception on channel [id: 0xb98654e1, L:/127.0.0.1:60880 - R:localhost/127.0.0.1:60873]
java.net.SocketException: Connection reset
	at java.base/sun.nio.ch.SocketChannelImpl.throwConnectionReset(SocketChannelImpl.java:394)
	at java.base/sun.nio.ch.SocketChannelImpl.read(SocketChannelImpl.java:426)
	at io.netty.buffer.PooledByteBuf.setBytes(PooledByteBuf.java:256)
	at io.netty.buffer.AbstractByteBuf.writeBytes(AbstractByteBuf.java:1132)
	at io.netty.channel.socket.nio.NioSocketChannel.doReadBytes(NioSocketChannel.java:357)
	at io.netty.channel.nio.AbstractNioByteChannel$NioByteUnsafe.read(AbstractNioByteChannel.java:151)
	at io.netty.channel.nio.NioEventLoop.processSelectedKey(NioEventLoop.java:788)
	at io.netty.channel.nio.NioEventLoop.processSelectedKeysOptimized(NioEventLoop.java:724)
	at io.netty.channel.nio.NioEventLoop.processSelectedKeys(NioEventLoop.java:650)
	at io.netty.channel.nio.NioEventLoop.run(NioEventLoop.java:562)
	at io.netty.util.concurrent.SingleThreadEventExecutor$4.run(SingleThreadEventExecutor.java:997)
	at io.netty.util.internal.ThreadExecutorMap$2.run(ThreadExecutorMap.java:74)
	at io.netty.util.concurrent.FastThreadLocalRunnable.run(FastThreadLocalRunnable.java:30)
	at java.base/java.lang.Thread.run(Thread.java:833)
20:26:10.623 [AsyncHttpClient-1-13] DEBUG org.asynchttpclient.netty.channel.ChannelManager - Closing Channel [id: 0xb98654e1, L:/127.0.0.1:60880 - R:localhost/127.0.0.1:60873] 
20:26:10.623 [AsyncHttpClient-1-13] DEBUG org.asynchttpclient.netty.handler.HttpHandler - Channel Closed: [id: 0xb98654e1, L:/127.0.0.1:60880 ! R:localhost/127.0.0.1:60873] with attribute DISCARD
20:26:10.642 [AsyncHttpClient-1-12] DEBUG org.asynchttpclient.netty.handler.HttpHandler - 

Request DefaultFullHttpRequest(decodeResult: success, version: HTTP/1.1, content: EmptyByteBufBE)
DELETE /session/c30e3133bd63b1c1a1a7448d174237f7 HTTP/1.1
User-Agent: selenium/4.8.3 (java windows)
Content-Type: application/json; charset=utf-8
host: localhost:18729
accept: */*

Response DefaultHttpResponse(decodeResult: success, version: HTTP/1.1)
HTTP/1.1 200 OK
Content-Length: 14
Content-Type: application/json; charset=utf-8
cache-control: no-cache

20:26:10.642 [AsyncHttpClient-1-12] DEBUG org.asynchttpclient.netty.channel.ChannelManager - Adding key: http://localhost:18729 for channel [id: 0xa99d8faf, L:/127.0.0.1:60872 - R:localhost/127.0.0.1:18729]
20:26:10.689 [AsyncHttpClient-1-1] DEBUG org.asynchttpclient.netty.channel.DefaultChannelPool - Entry count for : http://localhost:18729 : 1
20:26:10.689 [AsyncHttpClient-1-1] DEBUG org.asynchttpclient.netty.channel.DefaultChannelPool - Entry count for : http://localhost:60873 : 1
20:26:10.689 [AsyncHttpClient-1-1] DEBUG org.asynchttpclient.netty.channel.DefaultChannelPool - Adding Candidate expired Channel [id: 0xb98654e1, L:/127.0.0.1:60880 ! R:localhost/127.0.0.1:60873] isIdleTimeoutExpired=false isRemotelyClosed=true isTtlExpired=false
20:26:10.689 [AsyncHttpClient-1-1] DEBUG org.asynchttpclient.netty.channel.DefaultChannelPool - Closing Idle Channel [id: 0xb98654e1, L:/127.0.0.1:60880 ! R:localhost/127.0.0.1:60873]
20:26:10.689 [AsyncHttpClient-1-1] DEBUG org.asynchttpclient.netty.channel.DefaultChannelPool - Closed 1 connections out of 2 in 0 ms
20:26:10.700 [AsyncHttpClient-1-12] DEBUG org.asynchttpclient.netty.handler.HttpHandler - Channel Closed: [id: 0xa99d8faf, L:/127.0.0.1:60872 ! R:localhost/127.0.0.1:18729] with attribute DISCARD
2023-06-06 20:26:10 INFO  BaseTest:83 - Test executed**********
20:26:10.735 [rp-io-94] DEBUG com.epam.reportportal.service.Launch - Starting test item...rp-io-94
2023-06-06 20:26:10 INFO  BaseTest:110 - Property files loaded successfully**********
20:26:10.746 [main] DEBUG io.github.bonigarcia.wdm.cache.ResolutionCache - Resolution chrome=114 in cache (valid until 21:23:55 06/06/2023 CEST)
20:26:10.747 [main] DEBUG io.github.bonigarcia.wdm.cache.ResolutionCache - Resolution chrome114=114.0.5735.90 in cache (valid until 16:16:26 07/06/2023 CEST)
20:26:10.747 [main] INFO io.github.bonigarcia.wdm.WebDriverManager - Using chromedriver 114.0.5735.90 (resolved driver for Chrome 114)
20:26:10.748 [rp-io-95] DEBUG com.epam.reportportal.service.Launch - TestItem with ID = '8c72f786-7473-48a9-8d0d-7a0539b5a8b5' successfully finished.
20:26:10.748 [rp-io-95] DEBUG com.epam.reportportal.utils.SubscriptionUtils - Finish test item completed
20:26:10.752 [rp-io-94] DEBUG com.epam.reportportal.service.Launch - ReportPortal item with ID 'c4b7cf63-0e09-471a-83b3-a6fc7c30666e' has been created
20:26:10.752 [rp-io-94] DEBUG com.epam.reportportal.utils.SubscriptionUtils - Start test item successfully completed
20:26:10.754 [main] DEBUG io.github.bonigarcia.wdm.WebDriverManager - Driver chromedriver 114.0.5735.90 found in cache
20:26:10.755 [main] INFO io.github.bonigarcia.wdm.WebDriverManager - Exporting webdriver.chrome.driver as C:\Users\Suwarna_Wagh\.cache\selenium\chromedriver\win32\114.0.5735.90\chromedriver.exe
20:26:10.920 [AsyncHttpClient-1-15] DEBUG org.asynchttpclient.netty.channel.NettyConnectListener - Using new Channel '[id: 0x62519b5c, L:/127.0.0.1:60898 - R:localhost/127.0.0.1:22056]' for 'POST' to '/session'
20:26:11.614 [AsyncHttpClient-1-15] DEBUG org.asynchttpclient.netty.handler.HttpHandler - 

Request DefaultHttpRequest(decodeResult: success, version: HTTP/1.1)
POST /session HTTP/1.1
User-Agent: selenium/4.8.3 (java windows)
Content-Length: 439
Content-Type: application/json; charset=utf-8
host: localhost:22056
accept: */*

Response DefaultHttpResponse(decodeResult: success, version: HTTP/1.1)
HTTP/1.1 200 OK
Content-Length: 862
Content-Type: application/json; charset=utf-8
cache-control: no-cache

20:26:11.614 [AsyncHttpClient-1-15] DEBUG org.asynchttpclient.netty.channel.ChannelManager - Adding key: http://localhost:22056 for channel [id: 0x62519b5c, L:/127.0.0.1:60898 - R:localhost/127.0.0.1:22056]
20:26:11.620 [AsyncHttpClient-1-16] DEBUG org.asynchttpclient.netty.channel.NettyConnectListener - Using new Channel '[id: 0xf8bf091d, L:/127.0.0.1:60905 - R:localhost/127.0.0.1:60899]' for 'GET' to '/json/version'
20:26:11.621 [AsyncHttpClient-1-16] DEBUG org.asynchttpclient.netty.handler.HttpHandler - 

Request DefaultFullHttpRequest(decodeResult: success, version: HTTP/1.1, content: EmptyByteBufBE)
GET /json/version HTTP/1.1
User-Agent: selenium/4.8.3 (java windows)
host: localhost:60899
accept: */*

Response DefaultHttpResponse(decodeResult: success, version: HTTP/1.1)
HTTP/1.1 200 OK
Content-Security-Policy: frame-ancestors 'none'
Content-Length: 424
Content-Type: application/json; charset=UTF-8

20:26:11.622 [AsyncHttpClient-1-16] DEBUG org.asynchttpclient.netty.channel.ChannelManager - Adding key: http://localhost:60899 for channel [id: 0xf8bf091d, L:/127.0.0.1:60905 - R:localhost/127.0.0.1:60899]
20:26:11.623 [AsyncHttpClient-1-17] DEBUG org.asynchttpclient.netty.channel.NettyConnectListener - Using new Channel '[id: 0xc3ec7f5e, L:/127.0.0.1:60906 - R:localhost/127.0.0.1:60899]' for 'GET' to '/devtools/browser/f6f0621e-8497-4535-b383-3cd292a0f209'
20:26:11.623 [AsyncHttpClient-1-17] DEBUG org.asynchttpclient.netty.handler.WebSocketHandler - 

Request DefaultFullHttpRequest(decodeResult: success, version: HTTP/1.1, content: EmptyByteBufBE)
GET /devtools/browser/f6f0621e-8497-4535-b383-3cd292a0f209 HTTP/1.1
upgrade: websocket
connection: upgrade
sec-websocket-key: PrFNHjKsUrjZ5t/5De62zw==
sec-websocket-version: 13
origin: http://localhost:60899
host: localhost:60899
accept: */*
user-agent: AHC/2.1

Response DefaultHttpResponse(decodeResult: success, version: HTTP/1.1)
HTTP/1.1 101 WebSocket Protocol Handshake
Upgrade: WebSocket
Connection: Upgrade
Sec-WebSocket-Accept: +Yg/60963nfB2xgHNA+NWJt4nnU=

20:26:11.630 [Forwarding setTimeout on session 7d80a6a351cd007ab66e18b9d1d1aab9 to remote] DEBUG org.asynchttpclient.netty.request.NettyRequestSender - Using pooled Channel '[id: 0x62519b5c, L:/127.0.0.1:60898 - R:localhost/127.0.0.1:22056]' for 'POST' to 'http://localhost:22056/session/7d80a6a351cd007ab66e18b9d1d1aab9/timeouts'
20:26:11.630 [Forwarding setTimeout on session 7d80a6a351cd007ab66e18b9d1d1aab9 to remote] DEBUG org.asynchttpclient.netty.request.NettyRequestSender - Using open Channel [id: 0x62519b5c, L:/127.0.0.1:60898 - R:localhost/127.0.0.1:22056] for POST '/session/7d80a6a351cd007ab66e18b9d1d1aab9/timeouts'
20:26:11.632 [AsyncHttpClient-1-15] DEBUG org.asynchttpclient.netty.handler.HttpHandler - 

Request DefaultHttpRequest(decodeResult: success, version: HTTP/1.1)
POST /session/7d80a6a351cd007ab66e18b9d1d1aab9/timeouts HTTP/1.1
User-Agent: selenium/4.8.3 (java windows)
Content-Length: 22
Content-Type: application/json; charset=utf-8
host: localhost:22056
accept: */*

Response DefaultHttpResponse(decodeResult: success, version: HTTP/1.1)
HTTP/1.1 200 OK
Content-Length: 14
Content-Type: application/json; charset=utf-8
cache-control: no-cache

20:26:11.632 [AsyncHttpClient-1-15] DEBUG org.asynchttpclient.netty.channel.ChannelManager - Adding key: http://localhost:22056 for channel [id: 0x62519b5c, L:/127.0.0.1:60898 - R:localhost/127.0.0.1:22056]
20:26:11.634 [Forwarding maximizeCurrentWindow on session 7d80a6a351cd007ab66e18b9d1d1aab9 to remote] DEBUG org.asynchttpclient.netty.request.NettyRequestSender - Using pooled Channel '[id: 0x62519b5c, L:/127.0.0.1:60898 - R:localhost/127.0.0.1:22056]' for 'POST' to 'http://localhost:22056/session/7d80a6a351cd007ab66e18b9d1d1aab9/window/maximize'
20:26:11.634 [Forwarding maximizeCurrentWindow on session 7d80a6a351cd007ab66e18b9d1d1aab9 to remote] DEBUG org.asynchttpclient.netty.request.NettyRequestSender - Using open Channel [id: 0x62519b5c, L:/127.0.0.1:60898 - R:localhost/127.0.0.1:22056] for POST '/session/7d80a6a351cd007ab66e18b9d1d1aab9/window/maximize'
20:26:11.750 [AsyncHttpClient-1-15] DEBUG org.asynchttpclient.netty.handler.HttpHandler - 

Request DefaultHttpRequest(decodeResult: success, version: HTTP/1.1)
POST /session/7d80a6a351cd007ab66e18b9d1d1aab9/window/maximize HTTP/1.1
User-Agent: selenium/4.8.3 (java windows)
Content-Length: 3
Content-Type: application/json; charset=utf-8
host: localhost:22056
accept: */*

Response DefaultHttpResponse(decodeResult: success, version: HTTP/1.1)
HTTP/1.1 200 OK
Content-Length: 51
Content-Type: application/json; charset=utf-8
cache-control: no-cache

20:26:11.750 [AsyncHttpClient-1-15] DEBUG org.asynchttpclient.netty.channel.ChannelManager - Adding key: http://localhost:22056 for channel [id: 0x62519b5c, L:/127.0.0.1:60898 - R:localhost/127.0.0.1:22056]
20:26:11.751 [Forwarding get on session 7d80a6a351cd007ab66e18b9d1d1aab9 to remote] DEBUG org.asynchttpclient.netty.request.NettyRequestSender - Using pooled Channel '[id: 0x62519b5c, L:/127.0.0.1:60898 - R:localhost/127.0.0.1:22056]' for 'POST' to 'http://localhost:22056/session/7d80a6a351cd007ab66e18b9d1d1aab9/url'
20:26:11.751 [Forwarding get on session 7d80a6a351cd007ab66e18b9d1d1aab9 to remote] DEBUG org.asynchttpclient.netty.request.NettyRequestSender - Using open Channel [id: 0x62519b5c, L:/127.0.0.1:60898 - R:localhost/127.0.0.1:22056] for POST '/session/7d80a6a351cd007ab66e18b9d1d1aab9/url'
20:26:11.790 [AsyncHttpClient-1-1] DEBUG org.asynchttpclient.netty.channel.DefaultChannelPool - Entry count for : http://localhost:18729 : 1
20:26:11.790 [AsyncHttpClient-1-1] DEBUG org.asynchttpclient.netty.channel.DefaultChannelPool - Entry count for : http://localhost:60899 : 1
20:26:11.790 [AsyncHttpClient-1-1] DEBUG org.asynchttpclient.netty.channel.DefaultChannelPool - Adding Candidate expired Channel [id: 0xa99d8faf, L:/127.0.0.1:60872 ! R:localhost/127.0.0.1:18729] isIdleTimeoutExpired=false isRemotelyClosed=true isTtlExpired=false
20:26:11.790 [AsyncHttpClient-1-1] DEBUG org.asynchttpclient.netty.channel.DefaultChannelPool - Closing Idle Channel [id: 0xa99d8faf, L:/127.0.0.1:60872 ! R:localhost/127.0.0.1:18729]
20:26:11.790 [AsyncHttpClient-1-1] DEBUG org.asynchttpclient.netty.channel.DefaultChannelPool - Closed 1 connections out of 2 in 0 ms
20:26:12.891 [AsyncHttpClient-1-1] DEBUG org.asynchttpclient.netty.channel.DefaultChannelPool - Entry count for : http://localhost:60899 : 1
20:26:13.126 [AsyncHttpClient-1-15] DEBUG org.asynchttpclient.netty.handler.HttpHandler - 

Request DefaultHttpRequest(decodeResult: success, version: HTTP/1.1)
POST /session/7d80a6a351cd007ab66e18b9d1d1aab9/url HTTP/1.1
User-Agent: selenium/4.8.3 (java windows)
Content-Length: 52
Content-Type: application/json; charset=utf-8
host: localhost:22056
accept: */*

Response DefaultHttpResponse(decodeResult: success, version: HTTP/1.1)
HTTP/1.1 200 OK
Content-Length: 14
Content-Type: application/json; charset=utf-8
cache-control: no-cache

20:26:13.126 [AsyncHttpClient-1-15] DEBUG org.asynchttpclient.netty.channel.ChannelManager - Adding key: http://localhost:22056 for channel [id: 0x62519b5c, L:/127.0.0.1:60898 - R:localhost/127.0.0.1:22056]
2023-06-06 20:26:13 INFO  BaseTest:104 - Test driver set up done successfully**********
2023-06-06 20:26:13 INFO  BaseTest:122 - Logging in to portal
20:26:13.129 [Forwarding findElement on session 7d80a6a351cd007ab66e18b9d1d1aab9 to remote] DEBUG org.asynchttpclient.netty.request.NettyRequestSender - Using pooled Channel '[id: 0x62519b5c, L:/127.0.0.1:60898 - R:localhost/127.0.0.1:22056]' for 'POST' to 'http://localhost:22056/session/7d80a6a351cd007ab66e18b9d1d1aab9/element'
20:26:13.129 [Forwarding findElement on session 7d80a6a351cd007ab66e18b9d1d1aab9 to remote] DEBUG org.asynchttpclient.netty.request.NettyRequestSender - Using open Channel [id: 0x62519b5c, L:/127.0.0.1:60898 - R:localhost/127.0.0.1:22056] for POST '/session/7d80a6a351cd007ab66e18b9d1d1aab9/element'
20:26:13.142 [AsyncHttpClient-1-15] DEBUG org.asynchttpclient.netty.handler.HttpHandler - 

Request DefaultHttpRequest(decodeResult: success, version: HTTP/1.1)
POST /session/7d80a6a351cd007ab66e18b9d1d1aab9/element HTTP/1.1
User-Agent: selenium/4.8.3 (java windows)
Content-Length: 59
Content-Type: application/json; charset=utf-8
host: localhost:22056
accept: */*

Response DefaultHttpResponse(decodeResult: success, version: HTTP/1.1)
HTTP/1.1 200 OK
Content-Length: 95
Content-Type: application/json; charset=utf-8
cache-control: no-cache

20:26:13.143 [AsyncHttpClient-1-15] DEBUG org.asynchttpclient.netty.channel.ChannelManager - Adding key: http://localhost:22056 for channel [id: 0x62519b5c, L:/127.0.0.1:60898 - R:localhost/127.0.0.1:22056]
20:26:13.144 [Forwarding clearElement on session 7d80a6a351cd007ab66e18b9d1d1aab9 to remote] DEBUG org.asynchttpclient.netty.request.NettyRequestSender - Using pooled Channel '[id: 0x62519b5c, L:/127.0.0.1:60898 - R:localhost/127.0.0.1:22056]' for 'POST' to 'http://localhost:22056/session/7d80a6a351cd007ab66e18b9d1d1aab9/element/81553F6E2237478C6B939F1CF48CA5CF_element_30/clear'
20:26:13.144 [Forwarding clearElement on session 7d80a6a351cd007ab66e18b9d1d1aab9 to remote] DEBUG org.asynchttpclient.netty.request.NettyRequestSender - Using open Channel [id: 0x62519b5c, L:/127.0.0.1:60898 - R:localhost/127.0.0.1:22056] for POST '/session/7d80a6a351cd007ab66e18b9d1d1aab9/element/81553F6E2237478C6B939F1CF48CA5CF_element_30/clear'
20:26:13.188 [AsyncHttpClient-1-15] DEBUG org.asynchttpclient.netty.handler.HttpHandler - 

Request DefaultHttpRequest(decodeResult: success, version: HTTP/1.1)
POST /session/7d80a6a351cd007ab66e18b9d1d1aab9/element/81553F6E2237478C6B939F1CF48CA5CF_element_30/clear HTTP/1.1
User-Agent: selenium/4.8.3 (java windows)
Content-Length: 57
Content-Type: application/json; charset=utf-8
host: localhost:22056
accept: */*

Response DefaultHttpResponse(decodeResult: success, version: HTTP/1.1)
HTTP/1.1 200 OK
Content-Length: 14
Content-Type: application/json; charset=utf-8
cache-control: no-cache

20:26:13.188 [AsyncHttpClient-1-15] DEBUG org.asynchttpclient.netty.channel.ChannelManager - Adding key: http://localhost:22056 for channel [id: 0x62519b5c, L:/127.0.0.1:60898 - R:localhost/127.0.0.1:22056]
20:26:13.189 [Forwarding findElement on session 7d80a6a351cd007ab66e18b9d1d1aab9 to remote] DEBUG org.asynchttpclient.netty.request.NettyRequestSender - Using pooled Channel '[id: 0x62519b5c, L:/127.0.0.1:60898 - R:localhost/127.0.0.1:22056]' for 'POST' to 'http://localhost:22056/session/7d80a6a351cd007ab66e18b9d1d1aab9/element'
20:26:13.189 [Forwarding findElement on session 7d80a6a351cd007ab66e18b9d1d1aab9 to remote] DEBUG org.asynchttpclient.netty.request.NettyRequestSender - Using open Channel [id: 0x62519b5c, L:/127.0.0.1:60898 - R:localhost/127.0.0.1:22056] for POST '/session/7d80a6a351cd007ab66e18b9d1d1aab9/element'
20:26:13.198 [AsyncHttpClient-1-15] DEBUG org.asynchttpclient.netty.handler.HttpHandler - 

Request DefaultHttpRequest(decodeResult: success, version: HTTP/1.1)
POST /session/7d80a6a351cd007ab66e18b9d1d1aab9/element HTTP/1.1
User-Agent: selenium/4.8.3 (java windows)
Content-Length: 59
Content-Type: application/json; charset=utf-8
host: localhost:22056
accept: */*

Response DefaultHttpResponse(decodeResult: success, version: HTTP/1.1)
HTTP/1.1 200 OK
Content-Length: 95
Content-Type: application/json; charset=utf-8
cache-control: no-cache

20:26:13.198 [AsyncHttpClient-1-15] DEBUG org.asynchttpclient.netty.channel.ChannelManager - Adding key: http://localhost:22056 for channel [id: 0x62519b5c, L:/127.0.0.1:60898 - R:localhost/127.0.0.1:22056]
20:26:13.200 [Forwarding sendKeysToElement on session 7d80a6a351cd007ab66e18b9d1d1aab9 to remote] DEBUG org.asynchttpclient.netty.request.NettyRequestSender - Using pooled Channel '[id: 0x62519b5c, L:/127.0.0.1:60898 - R:localhost/127.0.0.1:22056]' for 'POST' to 'http://localhost:22056/session/7d80a6a351cd007ab66e18b9d1d1aab9/element/81553F6E2237478C6B939F1CF48CA5CF_element_30/value'
20:26:13.200 [Forwarding sendKeysToElement on session 7d80a6a351cd007ab66e18b9d1d1aab9 to remote] DEBUG org.asynchttpclient.netty.request.NettyRequestSender - Using open Channel [id: 0x62519b5c, L:/127.0.0.1:60898 - R:localhost/127.0.0.1:22056] for POST '/session/7d80a6a351cd007ab66e18b9d1d1aab9/element/81553F6E2237478C6B939F1CF48CA5CF_element_30/value'
20:26:13.316 [AsyncHttpClient-1-15] DEBUG org.asynchttpclient.netty.handler.HttpHandler - 

Request DefaultHttpRequest(decodeResult: success, version: HTTP/1.1)
POST /session/7d80a6a351cd007ab66e18b9d1d1aab9/element/81553F6E2237478C6B939F1CF48CA5CF_element_30/value HTTP/1.1
User-Agent: selenium/4.8.3 (java windows)
Content-Length: 188
Content-Type: application/json; charset=utf-8
host: localhost:22056
accept: */*

Response DefaultHttpResponse(decodeResult: success, version: HTTP/1.1)
HTTP/1.1 200 OK
Content-Length: 14
Content-Type: application/json; charset=utf-8
cache-control: no-cache

20:26:13.316 [AsyncHttpClient-1-15] DEBUG org.asynchttpclient.netty.channel.ChannelManager - Adding key: http://localhost:22056 for channel [id: 0x62519b5c, L:/127.0.0.1:60898 - R:localhost/127.0.0.1:22056]
20:26:13.317 [Forwarding findElement on session 7d80a6a351cd007ab66e18b9d1d1aab9 to remote] DEBUG org.asynchttpclient.netty.request.NettyRequestSender - Using pooled Channel '[id: 0x62519b5c, L:/127.0.0.1:60898 - R:localhost/127.0.0.1:22056]' for 'POST' to 'http://localhost:22056/session/7d80a6a351cd007ab66e18b9d1d1aab9/element'
20:26:13.317 [Forwarding findElement on session 7d80a6a351cd007ab66e18b9d1d1aab9 to remote] DEBUG org.asynchttpclient.netty.request.NettyRequestSender - Using open Channel [id: 0x62519b5c, L:/127.0.0.1:60898 - R:localhost/127.0.0.1:22056] for POST '/session/7d80a6a351cd007ab66e18b9d1d1aab9/element'
20:26:13.331 [AsyncHttpClient-1-15] DEBUG org.asynchttpclient.netty.handler.HttpHandler - 

Request DefaultHttpRequest(decodeResult: success, version: HTTP/1.1)
POST /session/7d80a6a351cd007ab66e18b9d1d1aab9/element HTTP/1.1
User-Agent: selenium/4.8.3 (java windows)
Content-Length: 62
Content-Type: application/json; charset=utf-8
host: localhost:22056
accept: */*

Response DefaultHttpResponse(decodeResult: success, version: HTTP/1.1)
HTTP/1.1 200 OK
Content-Length: 95
Content-Type: application/json; charset=utf-8
cache-control: no-cache

20:26:13.331 [AsyncHttpClient-1-15] DEBUG org.asynchttpclient.netty.channel.ChannelManager - Adding key: http://localhost:22056 for channel [id: 0x62519b5c, L:/127.0.0.1:60898 - R:localhost/127.0.0.1:22056]
20:26:13.332 [Forwarding clearElement on session 7d80a6a351cd007ab66e18b9d1d1aab9 to remote] DEBUG org.asynchttpclient.netty.request.NettyRequestSender - Using pooled Channel '[id: 0x62519b5c, L:/127.0.0.1:60898 - R:localhost/127.0.0.1:22056]' for 'POST' to 'http://localhost:22056/session/7d80a6a351cd007ab66e18b9d1d1aab9/element/81553F6E2237478C6B939F1CF48CA5CF_element_32/clear'
20:26:13.332 [Forwarding clearElement on session 7d80a6a351cd007ab66e18b9d1d1aab9 to remote] DEBUG org.asynchttpclient.netty.request.NettyRequestSender - Using open Channel [id: 0x62519b5c, L:/127.0.0.1:60898 - R:localhost/127.0.0.1:22056] for POST '/session/7d80a6a351cd007ab66e18b9d1d1aab9/element/81553F6E2237478C6B939F1CF48CA5CF_element_32/clear'
20:26:13.367 [AsyncHttpClient-1-15] DEBUG org.asynchttpclient.netty.handler.HttpHandler - 

Request DefaultHttpRequest(decodeResult: success, version: HTTP/1.1)
POST /session/7d80a6a351cd007ab66e18b9d1d1aab9/element/81553F6E2237478C6B939F1CF48CA5CF_element_32/clear HTTP/1.1
User-Agent: selenium/4.8.3 (java windows)
Content-Length: 57
Content-Type: application/json; charset=utf-8
host: localhost:22056
accept: */*

Response DefaultHttpResponse(decodeResult: success, version: HTTP/1.1)
HTTP/1.1 200 OK
Content-Length: 14
Content-Type: application/json; charset=utf-8
cache-control: no-cache

20:26:13.367 [AsyncHttpClient-1-15] DEBUG org.asynchttpclient.netty.channel.ChannelManager - Adding key: http://localhost:22056 for channel [id: 0x62519b5c, L:/127.0.0.1:60898 - R:localhost/127.0.0.1:22056]
20:26:13.368 [Forwarding findElement on session 7d80a6a351cd007ab66e18b9d1d1aab9 to remote] DEBUG org.asynchttpclient.netty.request.NettyRequestSender - Using pooled Channel '[id: 0x62519b5c, L:/127.0.0.1:60898 - R:localhost/127.0.0.1:22056]' for 'POST' to 'http://localhost:22056/session/7d80a6a351cd007ab66e18b9d1d1aab9/element'
20:26:13.368 [Forwarding findElement on session 7d80a6a351cd007ab66e18b9d1d1aab9 to remote] DEBUG org.asynchttpclient.netty.request.NettyRequestSender - Using open Channel [id: 0x62519b5c, L:/127.0.0.1:60898 - R:localhost/127.0.0.1:22056] for POST '/session/7d80a6a351cd007ab66e18b9d1d1aab9/element'
20:26:13.378 [AsyncHttpClient-1-15] DEBUG org.asynchttpclient.netty.handler.HttpHandler - 

Request DefaultHttpRequest(decodeResult: success, version: HTTP/1.1)
POST /session/7d80a6a351cd007ab66e18b9d1d1aab9/element HTTP/1.1
User-Agent: selenium/4.8.3 (java windows)
Content-Length: 62
Content-Type: application/json; charset=utf-8
host: localhost:22056
accept: */*

Response DefaultHttpResponse(decodeResult: success, version: HTTP/1.1)
HTTP/1.1 200 OK
Content-Length: 95
Content-Type: application/json; charset=utf-8
cache-control: no-cache

20:26:13.378 [AsyncHttpClient-1-15] DEBUG org.asynchttpclient.netty.channel.ChannelManager - Adding key: http://localhost:22056 for channel [id: 0x62519b5c, L:/127.0.0.1:60898 - R:localhost/127.0.0.1:22056]
20:26:13.381 [Forwarding sendKeysToElement on session 7d80a6a351cd007ab66e18b9d1d1aab9 to remote] DEBUG org.asynchttpclient.netty.request.NettyRequestSender - Using pooled Channel '[id: 0x62519b5c, L:/127.0.0.1:60898 - R:localhost/127.0.0.1:22056]' for 'POST' to 'http://localhost:22056/session/7d80a6a351cd007ab66e18b9d1d1aab9/element/81553F6E2237478C6B939F1CF48CA5CF_element_32/value'
20:26:13.382 [Forwarding sendKeysToElement on session 7d80a6a351cd007ab66e18b9d1d1aab9 to remote] DEBUG org.asynchttpclient.netty.request.NettyRequestSender - Using open Channel [id: 0x62519b5c, L:/127.0.0.1:60898 - R:localhost/127.0.0.1:22056] for POST '/session/7d80a6a351cd007ab66e18b9d1d1aab9/element/81553F6E2237478C6B939F1CF48CA5CF_element_32/value'
20:26:13.513 [AsyncHttpClient-1-15] DEBUG org.asynchttpclient.netty.handler.HttpHandler - 

Request DefaultHttpRequest(decodeResult: success, version: HTTP/1.1)
POST /session/7d80a6a351cd007ab66e18b9d1d1aab9/element/81553F6E2237478C6B939F1CF48CA5CF_element_32/value HTTP/1.1
User-Agent: selenium/4.8.3 (java windows)
Content-Length: 148
Content-Type: application/json; charset=utf-8
host: localhost:22056
accept: */*

Response DefaultHttpResponse(decodeResult: success, version: HTTP/1.1)
HTTP/1.1 200 OK
Content-Length: 14
Content-Type: application/json; charset=utf-8
cache-control: no-cache

20:26:13.513 [AsyncHttpClient-1-15] DEBUG org.asynchttpclient.netty.channel.ChannelManager - Adding key: http://localhost:22056 for channel [id: 0x62519b5c, L:/127.0.0.1:60898 - R:localhost/127.0.0.1:22056]
20:26:13.515 [Forwarding findElement on session 7d80a6a351cd007ab66e18b9d1d1aab9 to remote] DEBUG org.asynchttpclient.netty.request.NettyRequestSender - Using pooled Channel '[id: 0x62519b5c, L:/127.0.0.1:60898 - R:localhost/127.0.0.1:22056]' for 'POST' to 'http://localhost:22056/session/7d80a6a351cd007ab66e18b9d1d1aab9/element'
20:26:13.515 [Forwarding findElement on session 7d80a6a351cd007ab66e18b9d1d1aab9 to remote] DEBUG org.asynchttpclient.netty.request.NettyRequestSender - Using open Channel [id: 0x62519b5c, L:/127.0.0.1:60898 - R:localhost/127.0.0.1:22056] for POST '/session/7d80a6a351cd007ab66e18b9d1d1aab9/element'
20:26:13.533 [AsyncHttpClient-1-15] DEBUG org.asynchttpclient.netty.handler.HttpHandler - 

Request DefaultHttpRequest(decodeResult: success, version: HTTP/1.1)
POST /session/7d80a6a351cd007ab66e18b9d1d1aab9/element HTTP/1.1
User-Agent: selenium/4.8.3 (java windows)
Content-Length: 71
Content-Type: application/json; charset=utf-8
host: localhost:22056
accept: */*

Response DefaultHttpResponse(decodeResult: success, version: HTTP/1.1)
HTTP/1.1 200 OK
Content-Length: 95
Content-Type: application/json; charset=utf-8
cache-control: no-cache

20:26:13.533 [AsyncHttpClient-1-15] DEBUG org.asynchttpclient.netty.channel.ChannelManager - Adding key: http://localhost:22056 for channel [id: 0x62519b5c, L:/127.0.0.1:60898 - R:localhost/127.0.0.1:22056]
20:26:13.534 [Forwarding clickElement on session 7d80a6a351cd007ab66e18b9d1d1aab9 to remote] DEBUG org.asynchttpclient.netty.request.NettyRequestSender - Using pooled Channel '[id: 0x62519b5c, L:/127.0.0.1:60898 - R:localhost/127.0.0.1:22056]' for 'POST' to 'http://localhost:22056/session/7d80a6a351cd007ab66e18b9d1d1aab9/element/81553F6E2237478C6B939F1CF48CA5CF_element_33/click'
20:26:13.534 [Forwarding clickElement on session 7d80a6a351cd007ab66e18b9d1d1aab9 to remote] DEBUG org.asynchttpclient.netty.request.NettyRequestSender - Using open Channel [id: 0x62519b5c, L:/127.0.0.1:60898 - R:localhost/127.0.0.1:22056] for POST '/session/7d80a6a351cd007ab66e18b9d1d1aab9/element/81553F6E2237478C6B939F1CF48CA5CF_element_33/click'
20:26:13.589 [AsyncHttpClient-1-15] DEBUG org.asynchttpclient.netty.handler.HttpHandler - 

Request DefaultHttpRequest(decodeResult: success, version: HTTP/1.1)
POST /session/7d80a6a351cd007ab66e18b9d1d1aab9/element/81553F6E2237478C6B939F1CF48CA5CF_element_33/click HTTP/1.1
User-Agent: selenium/4.8.3 (java windows)
Content-Length: 57
Content-Type: application/json; charset=utf-8
host: localhost:22056
accept: */*

Response DefaultHttpResponse(decodeResult: success, version: HTTP/1.1)
HTTP/1.1 200 OK
Content-Length: 14
Content-Type: application/json; charset=utf-8
cache-control: no-cache

20:26:13.589 [AsyncHttpClient-1-15] DEBUG org.asynchttpclient.netty.channel.ChannelManager - Adding key: http://localhost:22056 for channel [id: 0x62519b5c, L:/127.0.0.1:60898 - R:localhost/127.0.0.1:22056]
2023-06-06 20:26:13 INFO  BaseTest:126 - Logged in
20:26:13.591 [rp-io-93] DEBUG com.epam.reportportal.service.Launch - Starting test item...rp-io-93
2023-06-06 20:26:13 INFO  Listeners:34 - Started Test null
20:26:13.595 [Forwarding findElement on session 7d80a6a351cd007ab66e18b9d1d1aab9 to remote] DEBUG org.asynchttpclient.netty.request.NettyRequestSender - Using pooled Channel '[id: 0x62519b5c, L:/127.0.0.1:60898 - R:localhost/127.0.0.1:22056]' for 'POST' to 'http://localhost:22056/session/7d80a6a351cd007ab66e18b9d1d1aab9/element'
20:26:13.595 [Forwarding findElement on session 7d80a6a351cd007ab66e18b9d1d1aab9 to remote] DEBUG org.asynchttpclient.netty.request.NettyRequestSender - Using open Channel [id: 0x62519b5c, L:/127.0.0.1:60898 - R:localhost/127.0.0.1:22056] for POST '/session/7d80a6a351cd007ab66e18b9d1d1aab9/element'
20:26:13.611 [rp-io-98] DEBUG com.epam.reportportal.service.Launch - TestItem with ID = 'c4b7cf63-0e09-471a-83b3-a6fc7c30666e' successfully finished.
20:26:13.611 [rp-io-98] DEBUG com.epam.reportportal.utils.SubscriptionUtils - Finish test item completed
20:26:13.623 [rp-io-93] DEBUG com.epam.reportportal.service.Launch - ReportPortal item with ID 'eef152a8-377d-4018-84e3-1df5b0e4b41a' has been created
20:26:13.623 [rp-io-93] DEBUG com.epam.reportportal.utils.SubscriptionUtils - Start test item successfully completed
20:26:13.989 [AsyncHttpClient-1-1] DEBUG org.asynchttpclient.netty.channel.DefaultChannelPool - Entry count for : http://localhost:60899 : 1
20:26:14.048 [AsyncHttpClient-1-15] DEBUG org.asynchttpclient.netty.handler.HttpHandler - 

Request DefaultHttpRequest(decodeResult: success, version: HTTP/1.1)
POST /session/7d80a6a351cd007ab66e18b9d1d1aab9/element HTTP/1.1
User-Agent: selenium/4.8.3 (java windows)
Content-Length: 168
Content-Type: application/json; charset=utf-8
host: localhost:22056
accept: */*

Response DefaultHttpResponse(decodeResult: success, version: HTTP/1.1)
HTTP/1.1 200 OK
Content-Length: 95
Content-Type: application/json; charset=utf-8
cache-control: no-cache

20:26:14.048 [AsyncHttpClient-1-15] DEBUG org.asynchttpclient.netty.channel.ChannelManager - Adding key: http://localhost:22056 for channel [id: 0x62519b5c, L:/127.0.0.1:60898 - R:localhost/127.0.0.1:22056]
20:26:14.049 [Forwarding clickElement on session 7d80a6a351cd007ab66e18b9d1d1aab9 to remote] DEBUG org.asynchttpclient.netty.request.NettyRequestSender - Using pooled Channel '[id: 0x62519b5c, L:/127.0.0.1:60898 - R:localhost/127.0.0.1:22056]' for 'POST' to 'http://localhost:22056/session/7d80a6a351cd007ab66e18b9d1d1aab9/element/81553F6E2237478C6B939F1CF48CA5CF_element_49/click'
20:26:14.049 [Forwarding clickElement on session 7d80a6a351cd007ab66e18b9d1d1aab9 to remote] DEBUG org.asynchttpclient.netty.request.NettyRequestSender - Using open Channel [id: 0x62519b5c, L:/127.0.0.1:60898 - R:localhost/127.0.0.1:22056] for POST '/session/7d80a6a351cd007ab66e18b9d1d1aab9/element/81553F6E2237478C6B939F1CF48CA5CF_element_49/click'
20:26:14.321 [AsyncHttpClient-1-15] DEBUG org.asynchttpclient.netty.handler.HttpHandler - 

Request DefaultHttpRequest(decodeResult: success, version: HTTP/1.1)
POST /session/7d80a6a351cd007ab66e18b9d1d1aab9/element/81553F6E2237478C6B939F1CF48CA5CF_element_49/click HTTP/1.1
User-Agent: selenium/4.8.3 (java windows)
Content-Length: 57
Content-Type: application/json; charset=utf-8
host: localhost:22056
accept: */*

Response DefaultHttpResponse(decodeResult: success, version: HTTP/1.1)
HTTP/1.1 200 OK
Content-Length: 14
Content-Type: application/json; charset=utf-8
cache-control: no-cache

20:26:14.321 [AsyncHttpClient-1-15] DEBUG org.asynchttpclient.netty.channel.ChannelManager - Adding key: http://localhost:22056 for channel [id: 0x62519b5c, L:/127.0.0.1:60898 - R:localhost/127.0.0.1:22056]
20:26:14.323 [Forwarding findElement on session 7d80a6a351cd007ab66e18b9d1d1aab9 to remote] DEBUG org.asynchttpclient.netty.request.NettyRequestSender - Using pooled Channel '[id: 0x62519b5c, L:/127.0.0.1:60898 - R:localhost/127.0.0.1:22056]' for 'POST' to 'http://localhost:22056/session/7d80a6a351cd007ab66e18b9d1d1aab9/element'
20:26:14.323 [Forwarding findElement on session 7d80a6a351cd007ab66e18b9d1d1aab9 to remote] DEBUG org.asynchttpclient.netty.request.NettyRequestSender - Using open Channel [id: 0x62519b5c, L:/127.0.0.1:60898 - R:localhost/127.0.0.1:22056] for POST '/session/7d80a6a351cd007ab66e18b9d1d1aab9/element'
20:26:15.090 [AsyncHttpClient-1-1] DEBUG org.asynchttpclient.netty.channel.DefaultChannelPool - Entry count for : http://localhost:60899 : 1
20:26:16.190 [AsyncHttpClient-1-1] DEBUG org.asynchttpclient.netty.channel.DefaultChannelPool - Entry count for : http://localhost:60899 : 1
20:26:17.290 [AsyncHttpClient-1-1] DEBUG org.asynchttpclient.netty.channel.DefaultChannelPool - Entry count for : http://localhost:60899 : 1
20:26:18.391 [AsyncHttpClient-1-1] DEBUG org.asynchttpclient.netty.channel.DefaultChannelPool - Entry count for : http://localhost:60899 : 1
20:26:18.862 [AsyncHttpClient-1-15] DEBUG org.asynchttpclient.netty.handler.HttpHandler - 

Request DefaultHttpRequest(decodeResult: success, version: HTTP/1.1)
POST /session/7d80a6a351cd007ab66e18b9d1d1aab9/element HTTP/1.1
User-Agent: selenium/4.8.3 (java windows)
Content-Length: 81
Content-Type: application/json; charset=utf-8
host: localhost:22056
accept: */*

Response DefaultHttpResponse(decodeResult: success, version: HTTP/1.1)
HTTP/1.1 404 Not Found
Content-Length: 971
Content-Type: application/json; charset=utf-8
cache-control: no-cache

20:26:18.862 [AsyncHttpClient-1-15] DEBUG org.asynchttpclient.netty.channel.ChannelManager - Adding key: http://localhost:22056 for channel [id: 0x62519b5c, L:/127.0.0.1:60898 - R:localhost/127.0.0.1:22056]
2023-06-06 20:26:18 INFO  Listeners:42 - Failed Test null
]]></system-out>
    <system-err><![CDATA[Starting ChromeDriver 114.0.5735.90 (386bc09e8f4f2e025eddae123f36f6263096ae49-refs/branch-heads/5735@{#1052}) on port 22056
Only local connections are allowed.
Please see https://chromedriver.chromium.org/security-considerations for suggestions on keeping ChromeDriver safe.
ChromeDriver was started successfully.
Jun 06, 2023 8:26:11 PM org.openqa.selenium.devtools.CdpVersionFinder findNearestMatch
WARNING: Unable to find an exact match for CDP version 114, so returning the closest version found: 111
]]></system-err>
  </testcase>
  <testcase name="searchDashboardNameDP[FLAKY TEST CASES](17)" classname="alltests.uitest.coreTest.DashboardPageTest" time="0">
    <skipped message="no such element: Unable to locate element: {&quot;method&quot;:&quot;xpath&quot;,&quot;selector&quot;:&quot;//*[text()=&apos;FLAKY TEST CASES&apos;]&quot;}&#10;  (Session info: chrome=114.0.5735.110)&#10;For documentation on this error, please visit: https://selenium.dev/exceptions/#no_such_element&#10;Build info: version: &apos;4.8.3&apos;, revision: &apos;e5e76298c3&apos;&#10;System info: os.name: &apos;Windows 10&apos;, os.arch: &apos;amd64&apos;, os.version: &apos;10.0&apos;, java.version: &apos;17.0.3.1&apos;&#10;Driver info: org.openqa.selenium.chrome.ChromeDriver&#10;Command: [ceaf2ac2a257a0a6e173ee86114a2c90, findElement {using=xpath, value=//*[text()=&apos;FLAKY TEST CASES&apos;]}]&#10;Capabilities {acceptInsecureCerts: false, browserName: chrome, browserVersion: 114.0.5735.110, chrome: {chromedriverVersion: 114.0.5735.90 (386bc09e8f4f..., userDataDir: C:\Users\SUWARN~1\AppData\L...}, goog:chromeOptions: {debuggerAddress: localhost:60929}, networkConnectionEnabled: false, pageLoadStrategy: normal, platformName: WINDOWS, proxy: Proxy(), se:cdp: ws://localhost:60929/devtoo..., se:cdpVersion: 114.0.5735.110, setWindowRect: true, strictFileInteractability: false, timeouts: {implicit: 0, pageLoad: 300000, script: 30000}, unhandledPromptBehavior: dismiss and notify, webauthn:extension:credBlob: true, webauthn:extension:largeBlob: true, webauthn:extension:minPinLength: true, webauthn:extension:prf: true, webauthn:virtualAuthenticators: true}&#10;Session ID: ceaf2ac2a257a0a6e173ee86114a2c90"/>
    <system-out><![CDATA[20:26:18.866 [rp-io-6] DEBUG com.epam.reportportal.service.Launch - Starting test item...rp-io-6
20:26:18.870 [Forwarding screenshot on session 7d80a6a351cd007ab66e18b9d1d1aab9 to remote] DEBUG org.asynchttpclient.netty.request.NettyRequestSender - Using pooled Channel '[id: 0x62519b5c, L:/127.0.0.1:60898 - R:localhost/127.0.0.1:22056]' for 'GET' to 'http://localhost:22056/session/7d80a6a351cd007ab66e18b9d1d1aab9/screenshot'
20:26:18.870 [Forwarding screenshot on session 7d80a6a351cd007ab66e18b9d1d1aab9 to remote] DEBUG org.asynchttpclient.netty.request.NettyRequestSender - Using open Channel [id: 0x62519b5c, L:/127.0.0.1:60898 - R:localhost/127.0.0.1:22056] for GET '/session/7d80a6a351cd007ab66e18b9d1d1aab9/screenshot'
20:26:18.886 [rp-io-10] DEBUG com.epam.reportportal.service.Launch - TestItem with ID = 'eef152a8-377d-4018-84e3-1df5b0e4b41a' successfully finished.
20:26:18.886 [rp-io-10] DEBUG com.epam.reportportal.utils.SubscriptionUtils - Finish test item completed
20:26:18.886 [rp-io-6] DEBUG com.epam.reportportal.service.Launch - ReportPortal item with ID 'bd93d418-fe62-413e-9a2c-1135954bfc50' has been created
20:26:18.886 [rp-io-6] DEBUG com.epam.reportportal.utils.SubscriptionUtils - Start test item successfully completed
20:26:18.993 [AsyncHttpClient-1-15] DEBUG org.asynchttpclient.netty.handler.HttpHandler - 

Request DefaultFullHttpRequest(decodeResult: success, version: HTTP/1.1, content: EmptyByteBufBE)
GET /session/7d80a6a351cd007ab66e18b9d1d1aab9/screenshot HTTP/1.1
User-Agent: selenium/4.8.3 (java windows)
Cache-Control: no-cache
Content-Type: application/json; charset=utf-8
host: localhost:22056
accept: */*

Response DefaultHttpResponse(decodeResult: success, version: HTTP/1.1)
HTTP/1.1 200 OK
Content-Length: 164140
Content-Type: application/json; charset=utf-8
cache-control: no-cache

20:26:18.993 [AsyncHttpClient-1-15] DEBUG org.asynchttpclient.netty.channel.ChannelManager - Adding key: http://localhost:22056 for channel [id: 0x62519b5c, L:/127.0.0.1:60898 - R:localhost/127.0.0.1:22056]
20:26:19.007 [AsyncHttpClient-1-17] DEBUG org.asynchttpclient.netty.handler.WebSocketHandler - Channel Closed: [id: 0xc3ec7f5e, L:/127.0.0.1:60906 ! R:localhost/127.0.0.1:60899] with attribute NettyResponseFuture{currentRetry=0,
	isDone=1,
	isCancelled=0,
	asyncHandler=org.asynchttpclient.ws.WebSocketUpgradeHandler@d8a2383,
	nettyRequest=org.asynchttpclient.netty.request.NettyRequest@661b6be,
	future=java.util.concurrent.CompletableFuture@4db59260[Completed normally],
	uri=ws://localhost:60899/devtools/browser/f6f0621e-8497-4535-b383-3cd292a0f209,
	keepAlive=true,
	redirectCount=0,
	timeoutsHolder=null,
	inAuth=0,
	touch=1686075971623}
20:26:19.008 [AsyncHttpClient-1-17] DEBUG org.asynchttpclient.netty.channel.ChannelManager - Closing Channel [id: 0xc3ec7f5e, L:/127.0.0.1:60906 ! R:localhost/127.0.0.1:60899] 
20:26:19.008 [Driver Command Executor] DEBUG org.asynchttpclient.netty.request.NettyRequestSender - Using pooled Channel '[id: 0x62519b5c, L:/127.0.0.1:60898 - R:localhost/127.0.0.1:22056]' for 'DELETE' to 'http://localhost:22056/session/7d80a6a351cd007ab66e18b9d1d1aab9'
20:26:19.008 [Driver Command Executor] DEBUG org.asynchttpclient.netty.request.NettyRequestSender - Using open Channel [id: 0x62519b5c, L:/127.0.0.1:60898 - R:localhost/127.0.0.1:22056] for DELETE '/session/7d80a6a351cd007ab66e18b9d1d1aab9'
20:26:19.146 [AsyncHttpClient-1-16] DEBUG org.asynchttpclient.netty.handler.HttpHandler - Unexpected I/O exception on channel [id: 0xf8bf091d, L:/127.0.0.1:60905 - R:localhost/127.0.0.1:60899]
java.net.SocketException: Connection reset
	at java.base/sun.nio.ch.SocketChannelImpl.throwConnectionReset(SocketChannelImpl.java:394)
	at java.base/sun.nio.ch.SocketChannelImpl.read(SocketChannelImpl.java:426)
	at io.netty.buffer.PooledByteBuf.setBytes(PooledByteBuf.java:256)
	at io.netty.buffer.AbstractByteBuf.writeBytes(AbstractByteBuf.java:1132)
	at io.netty.channel.socket.nio.NioSocketChannel.doReadBytes(NioSocketChannel.java:357)
	at io.netty.channel.nio.AbstractNioByteChannel$NioByteUnsafe.read(AbstractNioByteChannel.java:151)
	at io.netty.channel.nio.NioEventLoop.processSelectedKey(NioEventLoop.java:788)
	at io.netty.channel.nio.NioEventLoop.processSelectedKeysOptimized(NioEventLoop.java:724)
	at io.netty.channel.nio.NioEventLoop.processSelectedKeys(NioEventLoop.java:650)
	at io.netty.channel.nio.NioEventLoop.run(NioEventLoop.java:562)
	at io.netty.util.concurrent.SingleThreadEventExecutor$4.run(SingleThreadEventExecutor.java:997)
	at io.netty.util.internal.ThreadExecutorMap$2.run(ThreadExecutorMap.java:74)
	at io.netty.util.concurrent.FastThreadLocalRunnable.run(FastThreadLocalRunnable.java:30)
	at java.base/java.lang.Thread.run(Thread.java:833)
20:26:19.147 [AsyncHttpClient-1-16] DEBUG org.asynchttpclient.netty.channel.ChannelManager - Closing Channel [id: 0xf8bf091d, L:/127.0.0.1:60905 - R:localhost/127.0.0.1:60899] 
20:26:19.147 [AsyncHttpClient-1-16] DEBUG org.asynchttpclient.netty.handler.HttpHandler - Channel Closed: [id: 0xf8bf091d, L:/127.0.0.1:60905 ! R:localhost/127.0.0.1:60899] with attribute DISCARD
20:26:19.170 [AsyncHttpClient-1-15] DEBUG org.asynchttpclient.netty.handler.HttpHandler - 

Request DefaultFullHttpRequest(decodeResult: success, version: HTTP/1.1, content: EmptyByteBufBE)
DELETE /session/7d80a6a351cd007ab66e18b9d1d1aab9 HTTP/1.1
User-Agent: selenium/4.8.3 (java windows)
Content-Type: application/json; charset=utf-8
host: localhost:22056
accept: */*

Response DefaultHttpResponse(decodeResult: success, version: HTTP/1.1)
HTTP/1.1 200 OK
Content-Length: 14
Content-Type: application/json; charset=utf-8
cache-control: no-cache

20:26:19.170 [AsyncHttpClient-1-15] DEBUG org.asynchttpclient.netty.channel.ChannelManager - Adding key: http://localhost:22056 for channel [id: 0x62519b5c, L:/127.0.0.1:60898 - R:localhost/127.0.0.1:22056]
20:26:19.211 [AsyncHttpClient-1-15] DEBUG org.asynchttpclient.netty.handler.HttpHandler - Channel Closed: [id: 0x62519b5c, L:/127.0.0.1:60898 ! R:localhost/127.0.0.1:22056] with attribute DISCARD
2023-06-06 20:26:19 INFO  BaseTest:83 - Test executed**********
20:26:19.263 [rp-io-92] DEBUG com.epam.reportportal.service.Launch - Starting test item...rp-io-92
2023-06-06 20:26:19 INFO  BaseTest:110 - Property files loaded successfully**********
20:26:19.270 [main] DEBUG io.github.bonigarcia.wdm.cache.ResolutionCache - Resolution chrome=114 in cache (valid until 21:23:55 06/06/2023 CEST)
20:26:19.270 [main] DEBUG io.github.bonigarcia.wdm.cache.ResolutionCache - Resolution chrome114=114.0.5735.90 in cache (valid until 16:16:26 07/06/2023 CEST)
20:26:19.270 [main] INFO io.github.bonigarcia.wdm.WebDriverManager - Using chromedriver 114.0.5735.90 (resolved driver for Chrome 114)
20:26:19.275 [rp-io-17] DEBUG com.epam.reportportal.service.Launch - TestItem with ID = 'bd93d418-fe62-413e-9a2c-1135954bfc50' successfully finished.
20:26:19.275 [rp-io-17] DEBUG com.epam.reportportal.utils.SubscriptionUtils - Finish test item completed
20:26:19.276 [rp-io-13] DEBUG com.epam.reportportal.service.Launch - ReportPortal item with ID '05a41fed-d95b-4443-8262-053013ae409c' has been created
20:26:19.276 [rp-io-13] DEBUG com.epam.reportportal.utils.SubscriptionUtils - Start test item successfully completed
20:26:19.276 [main] DEBUG io.github.bonigarcia.wdm.WebDriverManager - Driver chromedriver 114.0.5735.90 found in cache
20:26:19.277 [main] INFO io.github.bonigarcia.wdm.WebDriverManager - Exporting webdriver.chrome.driver as C:\Users\Suwarna_Wagh\.cache\selenium\chromedriver\win32\114.0.5735.90\chromedriver.exe
20:26:19.480 [AsyncHttpClient-1-2] DEBUG org.asynchttpclient.netty.channel.NettyConnectListener - Using new Channel '[id: 0xf05046b3, L:/127.0.0.1:60928 - R:localhost/127.0.0.1:40933]' for 'POST' to '/session'
20:26:19.490 [AsyncHttpClient-1-1] DEBUG org.asynchttpclient.netty.channel.DefaultChannelPool - Entry count for : http://localhost:60899 : 1
20:26:19.490 [AsyncHttpClient-1-1] DEBUG org.asynchttpclient.netty.channel.DefaultChannelPool - Entry count for : http://localhost:22056 : 1
20:26:19.490 [AsyncHttpClient-1-1] DEBUG org.asynchttpclient.netty.channel.DefaultChannelPool - Adding Candidate expired Channel [id: 0xf8bf091d, L:/127.0.0.1:60905 ! R:localhost/127.0.0.1:60899] isIdleTimeoutExpired=false isRemotelyClosed=true isTtlExpired=false
20:26:19.490 [AsyncHttpClient-1-1] DEBUG org.asynchttpclient.netty.channel.DefaultChannelPool - Closing Idle Channel [id: 0xf8bf091d, L:/127.0.0.1:60905 ! R:localhost/127.0.0.1:60899]
20:26:19.490 [AsyncHttpClient-1-1] DEBUG org.asynchttpclient.netty.channel.DefaultChannelPool - Adding Candidate expired Channel [id: 0x62519b5c, L:/127.0.0.1:60898 ! R:localhost/127.0.0.1:22056] isIdleTimeoutExpired=false isRemotelyClosed=true isTtlExpired=false
20:26:19.490 [AsyncHttpClient-1-1] DEBUG org.asynchttpclient.netty.channel.DefaultChannelPool - Closing Idle Channel [id: 0x62519b5c, L:/127.0.0.1:60898 ! R:localhost/127.0.0.1:22056]
20:26:19.490 [AsyncHttpClient-1-1] DEBUG org.asynchttpclient.netty.channel.DefaultChannelPool - Closed 2 connections out of 2 in 0 ms
20:26:20.263 [AsyncHttpClient-1-2] DEBUG org.asynchttpclient.netty.handler.HttpHandler - 

Request DefaultHttpRequest(decodeResult: success, version: HTTP/1.1)
POST /session HTTP/1.1
User-Agent: selenium/4.8.3 (java windows)
Content-Length: 439
Content-Type: application/json; charset=utf-8
host: localhost:40933
accept: */*

Response DefaultHttpResponse(decodeResult: success, version: HTTP/1.1)
HTTP/1.1 200 OK
Content-Length: 862
Content-Type: application/json; charset=utf-8
cache-control: no-cache

20:26:20.263 [AsyncHttpClient-1-2] DEBUG org.asynchttpclient.netty.channel.ChannelManager - Adding key: http://localhost:40933 for channel [id: 0xf05046b3, L:/127.0.0.1:60928 - R:localhost/127.0.0.1:40933]
20:26:20.269 [AsyncHttpClient-1-3] DEBUG org.asynchttpclient.netty.channel.NettyConnectListener - Using new Channel '[id: 0x08f72d45, L:/127.0.0.1:60936 - R:localhost/127.0.0.1:60929]' for 'GET' to '/json/version'
20:26:20.270 [AsyncHttpClient-1-3] DEBUG org.asynchttpclient.netty.handler.HttpHandler - 

Request DefaultFullHttpRequest(decodeResult: success, version: HTTP/1.1, content: EmptyByteBufBE)
GET /json/version HTTP/1.1
User-Agent: selenium/4.8.3 (java windows)
host: localhost:60929
accept: */*

Response DefaultHttpResponse(decodeResult: success, version: HTTP/1.1)
HTTP/1.1 200 OK
Content-Security-Policy: frame-ancestors 'none'
Content-Length: 424
Content-Type: application/json; charset=UTF-8

20:26:20.270 [AsyncHttpClient-1-3] DEBUG org.asynchttpclient.netty.channel.ChannelManager - Adding key: http://localhost:60929 for channel [id: 0x08f72d45, L:/127.0.0.1:60936 - R:localhost/127.0.0.1:60929]
20:26:20.274 [AsyncHttpClient-1-4] DEBUG org.asynchttpclient.netty.channel.NettyConnectListener - Using new Channel '[id: 0x48472a31, L:/127.0.0.1:60937 - R:localhost/127.0.0.1:60929]' for 'GET' to '/devtools/browser/2c9f2b90-5453-43c3-920b-52c8c2e3454d'
20:26:20.275 [AsyncHttpClient-1-4] DEBUG org.asynchttpclient.netty.handler.WebSocketHandler - 

Request DefaultFullHttpRequest(decodeResult: success, version: HTTP/1.1, content: EmptyByteBufBE)
GET /devtools/browser/2c9f2b90-5453-43c3-920b-52c8c2e3454d HTTP/1.1
upgrade: websocket
connection: upgrade
sec-websocket-key: 8PdXN82ng7KCMa5V2OC4Sw==
sec-websocket-version: 13
origin: http://localhost:60929
host: localhost:60929
accept: */*
user-agent: AHC/2.1

Response DefaultHttpResponse(decodeResult: success, version: HTTP/1.1)
HTTP/1.1 101 WebSocket Protocol Handshake
Upgrade: WebSocket
Connection: Upgrade
Sec-WebSocket-Accept: 901gqWSDLWnm9TQr54Kmo9GZS6E=

20:26:20.279 [Forwarding setTimeout on session ceaf2ac2a257a0a6e173ee86114a2c90 to remote] DEBUG org.asynchttpclient.netty.request.NettyRequestSender - Using pooled Channel '[id: 0xf05046b3, L:/127.0.0.1:60928 - R:localhost/127.0.0.1:40933]' for 'POST' to 'http://localhost:40933/session/ceaf2ac2a257a0a6e173ee86114a2c90/timeouts'
20:26:20.279 [Forwarding setTimeout on session ceaf2ac2a257a0a6e173ee86114a2c90 to remote] DEBUG org.asynchttpclient.netty.request.NettyRequestSender - Using open Channel [id: 0xf05046b3, L:/127.0.0.1:60928 - R:localhost/127.0.0.1:40933] for POST '/session/ceaf2ac2a257a0a6e173ee86114a2c90/timeouts'
20:26:20.283 [AsyncHttpClient-1-2] DEBUG org.asynchttpclient.netty.handler.HttpHandler - 

Request DefaultHttpRequest(decodeResult: success, version: HTTP/1.1)
POST /session/ceaf2ac2a257a0a6e173ee86114a2c90/timeouts HTTP/1.1
User-Agent: selenium/4.8.3 (java windows)
Content-Length: 22
Content-Type: application/json; charset=utf-8
host: localhost:40933
accept: */*

Response DefaultHttpResponse(decodeResult: success, version: HTTP/1.1)
HTTP/1.1 200 OK
Content-Length: 14
Content-Type: application/json; charset=utf-8
cache-control: no-cache

20:26:20.283 [AsyncHttpClient-1-2] DEBUG org.asynchttpclient.netty.channel.ChannelManager - Adding key: http://localhost:40933 for channel [id: 0xf05046b3, L:/127.0.0.1:60928 - R:localhost/127.0.0.1:40933]
20:26:20.286 [Forwarding maximizeCurrentWindow on session ceaf2ac2a257a0a6e173ee86114a2c90 to remote] DEBUG org.asynchttpclient.netty.request.NettyRequestSender - Using pooled Channel '[id: 0xf05046b3, L:/127.0.0.1:60928 - R:localhost/127.0.0.1:40933]' for 'POST' to 'http://localhost:40933/session/ceaf2ac2a257a0a6e173ee86114a2c90/window/maximize'
20:26:20.286 [Forwarding maximizeCurrentWindow on session ceaf2ac2a257a0a6e173ee86114a2c90 to remote] DEBUG org.asynchttpclient.netty.request.NettyRequestSender - Using open Channel [id: 0xf05046b3, L:/127.0.0.1:60928 - R:localhost/127.0.0.1:40933] for POST '/session/ceaf2ac2a257a0a6e173ee86114a2c90/window/maximize'
20:26:20.415 [AsyncHttpClient-1-2] DEBUG org.asynchttpclient.netty.handler.HttpHandler - 

Request DefaultHttpRequest(decodeResult: success, version: HTTP/1.1)
POST /session/ceaf2ac2a257a0a6e173ee86114a2c90/window/maximize HTTP/1.1
User-Agent: selenium/4.8.3 (java windows)
Content-Length: 3
Content-Type: application/json; charset=utf-8
host: localhost:40933
accept: */*

Response DefaultHttpResponse(decodeResult: success, version: HTTP/1.1)
HTTP/1.1 200 OK
Content-Length: 51
Content-Type: application/json; charset=utf-8
cache-control: no-cache

20:26:20.415 [AsyncHttpClient-1-2] DEBUG org.asynchttpclient.netty.channel.ChannelManager - Adding key: http://localhost:40933 for channel [id: 0xf05046b3, L:/127.0.0.1:60928 - R:localhost/127.0.0.1:40933]
20:26:20.416 [Forwarding get on session ceaf2ac2a257a0a6e173ee86114a2c90 to remote] DEBUG org.asynchttpclient.netty.request.NettyRequestSender - Using pooled Channel '[id: 0xf05046b3, L:/127.0.0.1:60928 - R:localhost/127.0.0.1:40933]' for 'POST' to 'http://localhost:40933/session/ceaf2ac2a257a0a6e173ee86114a2c90/url'
20:26:20.417 [Forwarding get on session ceaf2ac2a257a0a6e173ee86114a2c90 to remote] DEBUG org.asynchttpclient.netty.request.NettyRequestSender - Using open Channel [id: 0xf05046b3, L:/127.0.0.1:60928 - R:localhost/127.0.0.1:40933] for POST '/session/ceaf2ac2a257a0a6e173ee86114a2c90/url'
20:26:20.590 [AsyncHttpClient-1-1] DEBUG org.asynchttpclient.netty.channel.DefaultChannelPool - Entry count for : http://localhost:60929 : 1
20:26:21.690 [AsyncHttpClient-1-1] DEBUG org.asynchttpclient.netty.channel.DefaultChannelPool - Entry count for : http://localhost:60929 : 1
20:26:22.362 [AsyncHttpClient-1-2] DEBUG org.asynchttpclient.netty.handler.HttpHandler - 

Request DefaultHttpRequest(decodeResult: success, version: HTTP/1.1)
POST /session/ceaf2ac2a257a0a6e173ee86114a2c90/url HTTP/1.1
User-Agent: selenium/4.8.3 (java windows)
Content-Length: 52
Content-Type: application/json; charset=utf-8
host: localhost:40933
accept: */*

Response DefaultHttpResponse(decodeResult: success, version: HTTP/1.1)
HTTP/1.1 200 OK
Content-Length: 14
Content-Type: application/json; charset=utf-8
cache-control: no-cache

20:26:22.362 [AsyncHttpClient-1-2] DEBUG org.asynchttpclient.netty.channel.ChannelManager - Adding key: http://localhost:40933 for channel [id: 0xf05046b3, L:/127.0.0.1:60928 - R:localhost/127.0.0.1:40933]
2023-06-06 20:26:22 INFO  BaseTest:104 - Test driver set up done successfully**********
2023-06-06 20:26:22 INFO  BaseTest:122 - Logging in to portal
20:26:22.365 [Forwarding findElement on session ceaf2ac2a257a0a6e173ee86114a2c90 to remote] DEBUG org.asynchttpclient.netty.request.NettyRequestSender - Using pooled Channel '[id: 0xf05046b3, L:/127.0.0.1:60928 - R:localhost/127.0.0.1:40933]' for 'POST' to 'http://localhost:40933/session/ceaf2ac2a257a0a6e173ee86114a2c90/element'
20:26:22.365 [Forwarding findElement on session ceaf2ac2a257a0a6e173ee86114a2c90 to remote] DEBUG org.asynchttpclient.netty.request.NettyRequestSender - Using open Channel [id: 0xf05046b3, L:/127.0.0.1:60928 - R:localhost/127.0.0.1:40933] for POST '/session/ceaf2ac2a257a0a6e173ee86114a2c90/element'
20:26:22.380 [AsyncHttpClient-1-2] DEBUG org.asynchttpclient.netty.handler.HttpHandler - 

Request DefaultHttpRequest(decodeResult: success, version: HTTP/1.1)
POST /session/ceaf2ac2a257a0a6e173ee86114a2c90/element HTTP/1.1
User-Agent: selenium/4.8.3 (java windows)
Content-Length: 59
Content-Type: application/json; charset=utf-8
host: localhost:40933
accept: */*

Response DefaultHttpResponse(decodeResult: success, version: HTTP/1.1)
HTTP/1.1 200 OK
Content-Length: 95
Content-Type: application/json; charset=utf-8
cache-control: no-cache

20:26:22.380 [AsyncHttpClient-1-2] DEBUG org.asynchttpclient.netty.channel.ChannelManager - Adding key: http://localhost:40933 for channel [id: 0xf05046b3, L:/127.0.0.1:60928 - R:localhost/127.0.0.1:40933]
20:26:22.381 [Forwarding clearElement on session ceaf2ac2a257a0a6e173ee86114a2c90 to remote] DEBUG org.asynchttpclient.netty.request.NettyRequestSender - Using pooled Channel '[id: 0xf05046b3, L:/127.0.0.1:60928 - R:localhost/127.0.0.1:40933]' for 'POST' to 'http://localhost:40933/session/ceaf2ac2a257a0a6e173ee86114a2c90/element/80B89794CE2A7207FD23BCF4E16C80A9_element_29/clear'
20:26:22.381 [Forwarding clearElement on session ceaf2ac2a257a0a6e173ee86114a2c90 to remote] DEBUG org.asynchttpclient.netty.request.NettyRequestSender - Using open Channel [id: 0xf05046b3, L:/127.0.0.1:60928 - R:localhost/127.0.0.1:40933] for POST '/session/ceaf2ac2a257a0a6e173ee86114a2c90/element/80B89794CE2A7207FD23BCF4E16C80A9_element_29/clear'
20:26:22.427 [AsyncHttpClient-1-2] DEBUG org.asynchttpclient.netty.handler.HttpHandler - 

Request DefaultHttpRequest(decodeResult: success, version: HTTP/1.1)
POST /session/ceaf2ac2a257a0a6e173ee86114a2c90/element/80B89794CE2A7207FD23BCF4E16C80A9_element_29/clear HTTP/1.1
User-Agent: selenium/4.8.3 (java windows)
Content-Length: 57
Content-Type: application/json; charset=utf-8
host: localhost:40933
accept: */*

Response DefaultHttpResponse(decodeResult: success, version: HTTP/1.1)
HTTP/1.1 200 OK
Content-Length: 14
Content-Type: application/json; charset=utf-8
cache-control: no-cache

20:26:22.427 [AsyncHttpClient-1-2] DEBUG org.asynchttpclient.netty.channel.ChannelManager - Adding key: http://localhost:40933 for channel [id: 0xf05046b3, L:/127.0.0.1:60928 - R:localhost/127.0.0.1:40933]
20:26:22.428 [Forwarding findElement on session ceaf2ac2a257a0a6e173ee86114a2c90 to remote] DEBUG org.asynchttpclient.netty.request.NettyRequestSender - Using pooled Channel '[id: 0xf05046b3, L:/127.0.0.1:60928 - R:localhost/127.0.0.1:40933]' for 'POST' to 'http://localhost:40933/session/ceaf2ac2a257a0a6e173ee86114a2c90/element'
20:26:22.428 [Forwarding findElement on session ceaf2ac2a257a0a6e173ee86114a2c90 to remote] DEBUG org.asynchttpclient.netty.request.NettyRequestSender - Using open Channel [id: 0xf05046b3, L:/127.0.0.1:60928 - R:localhost/127.0.0.1:40933] for POST '/session/ceaf2ac2a257a0a6e173ee86114a2c90/element'
20:26:22.438 [AsyncHttpClient-1-2] DEBUG org.asynchttpclient.netty.handler.HttpHandler - 

Request DefaultHttpRequest(decodeResult: success, version: HTTP/1.1)
POST /session/ceaf2ac2a257a0a6e173ee86114a2c90/element HTTP/1.1
User-Agent: selenium/4.8.3 (java windows)
Content-Length: 59
Content-Type: application/json; charset=utf-8
host: localhost:40933
accept: */*

Response DefaultHttpResponse(decodeResult: success, version: HTTP/1.1)
HTTP/1.1 200 OK
Content-Length: 95
Content-Type: application/json; charset=utf-8
cache-control: no-cache

20:26:22.438 [AsyncHttpClient-1-2] DEBUG org.asynchttpclient.netty.channel.ChannelManager - Adding key: http://localhost:40933 for channel [id: 0xf05046b3, L:/127.0.0.1:60928 - R:localhost/127.0.0.1:40933]
20:26:22.439 [Forwarding sendKeysToElement on session ceaf2ac2a257a0a6e173ee86114a2c90 to remote] DEBUG org.asynchttpclient.netty.request.NettyRequestSender - Using pooled Channel '[id: 0xf05046b3, L:/127.0.0.1:60928 - R:localhost/127.0.0.1:40933]' for 'POST' to 'http://localhost:40933/session/ceaf2ac2a257a0a6e173ee86114a2c90/element/80B89794CE2A7207FD23BCF4E16C80A9_element_29/value'
20:26:22.439 [Forwarding sendKeysToElement on session ceaf2ac2a257a0a6e173ee86114a2c90 to remote] DEBUG org.asynchttpclient.netty.request.NettyRequestSender - Using open Channel [id: 0xf05046b3, L:/127.0.0.1:60928 - R:localhost/127.0.0.1:40933] for POST '/session/ceaf2ac2a257a0a6e173ee86114a2c90/element/80B89794CE2A7207FD23BCF4E16C80A9_element_29/value'
20:26:22.536 [AsyncHttpClient-1-2] DEBUG org.asynchttpclient.netty.handler.HttpHandler - 

Request DefaultHttpRequest(decodeResult: success, version: HTTP/1.1)
POST /session/ceaf2ac2a257a0a6e173ee86114a2c90/element/80B89794CE2A7207FD23BCF4E16C80A9_element_29/value HTTP/1.1
User-Agent: selenium/4.8.3 (java windows)
Content-Length: 188
Content-Type: application/json; charset=utf-8
host: localhost:40933
accept: */*

Response DefaultHttpResponse(decodeResult: success, version: HTTP/1.1)
HTTP/1.1 200 OK
Content-Length: 14
Content-Type: application/json; charset=utf-8
cache-control: no-cache

20:26:22.536 [AsyncHttpClient-1-2] DEBUG org.asynchttpclient.netty.channel.ChannelManager - Adding key: http://localhost:40933 for channel [id: 0xf05046b3, L:/127.0.0.1:60928 - R:localhost/127.0.0.1:40933]
20:26:22.537 [Forwarding findElement on session ceaf2ac2a257a0a6e173ee86114a2c90 to remote] DEBUG org.asynchttpclient.netty.request.NettyRequestSender - Using pooled Channel '[id: 0xf05046b3, L:/127.0.0.1:60928 - R:localhost/127.0.0.1:40933]' for 'POST' to 'http://localhost:40933/session/ceaf2ac2a257a0a6e173ee86114a2c90/element'
20:26:22.537 [Forwarding findElement on session ceaf2ac2a257a0a6e173ee86114a2c90 to remote] DEBUG org.asynchttpclient.netty.request.NettyRequestSender - Using open Channel [id: 0xf05046b3, L:/127.0.0.1:60928 - R:localhost/127.0.0.1:40933] for POST '/session/ceaf2ac2a257a0a6e173ee86114a2c90/element'
20:26:22.550 [AsyncHttpClient-1-2] DEBUG org.asynchttpclient.netty.handler.HttpHandler - 

Request DefaultHttpRequest(decodeResult: success, version: HTTP/1.1)
POST /session/ceaf2ac2a257a0a6e173ee86114a2c90/element HTTP/1.1
User-Agent: selenium/4.8.3 (java windows)
Content-Length: 62
Content-Type: application/json; charset=utf-8
host: localhost:40933
accept: */*

Response DefaultHttpResponse(decodeResult: success, version: HTTP/1.1)
HTTP/1.1 200 OK
Content-Length: 95
Content-Type: application/json; charset=utf-8
cache-control: no-cache

20:26:22.550 [AsyncHttpClient-1-2] DEBUG org.asynchttpclient.netty.channel.ChannelManager - Adding key: http://localhost:40933 for channel [id: 0xf05046b3, L:/127.0.0.1:60928 - R:localhost/127.0.0.1:40933]
20:26:22.551 [Forwarding clearElement on session ceaf2ac2a257a0a6e173ee86114a2c90 to remote] DEBUG org.asynchttpclient.netty.request.NettyRequestSender - Using pooled Channel '[id: 0xf05046b3, L:/127.0.0.1:60928 - R:localhost/127.0.0.1:40933]' for 'POST' to 'http://localhost:40933/session/ceaf2ac2a257a0a6e173ee86114a2c90/element/80B89794CE2A7207FD23BCF4E16C80A9_element_31/clear'
20:26:22.551 [Forwarding clearElement on session ceaf2ac2a257a0a6e173ee86114a2c90 to remote] DEBUG org.asynchttpclient.netty.request.NettyRequestSender - Using open Channel [id: 0xf05046b3, L:/127.0.0.1:60928 - R:localhost/127.0.0.1:40933] for POST '/session/ceaf2ac2a257a0a6e173ee86114a2c90/element/80B89794CE2A7207FD23BCF4E16C80A9_element_31/clear'
20:26:22.579 [AsyncHttpClient-1-2] DEBUG org.asynchttpclient.netty.handler.HttpHandler - 

Request DefaultHttpRequest(decodeResult: success, version: HTTP/1.1)
POST /session/ceaf2ac2a257a0a6e173ee86114a2c90/element/80B89794CE2A7207FD23BCF4E16C80A9_element_31/clear HTTP/1.1
User-Agent: selenium/4.8.3 (java windows)
Content-Length: 57
Content-Type: application/json; charset=utf-8
host: localhost:40933
accept: */*

Response DefaultHttpResponse(decodeResult: success, version: HTTP/1.1)
HTTP/1.1 200 OK
Content-Length: 14
Content-Type: application/json; charset=utf-8
cache-control: no-cache

20:26:22.579 [AsyncHttpClient-1-2] DEBUG org.asynchttpclient.netty.channel.ChannelManager - Adding key: http://localhost:40933 for channel [id: 0xf05046b3, L:/127.0.0.1:60928 - R:localhost/127.0.0.1:40933]
20:26:22.580 [Forwarding findElement on session ceaf2ac2a257a0a6e173ee86114a2c90 to remote] DEBUG org.asynchttpclient.netty.request.NettyRequestSender - Using pooled Channel '[id: 0xf05046b3, L:/127.0.0.1:60928 - R:localhost/127.0.0.1:40933]' for 'POST' to 'http://localhost:40933/session/ceaf2ac2a257a0a6e173ee86114a2c90/element'
20:26:22.580 [Forwarding findElement on session ceaf2ac2a257a0a6e173ee86114a2c90 to remote] DEBUG org.asynchttpclient.netty.request.NettyRequestSender - Using open Channel [id: 0xf05046b3, L:/127.0.0.1:60928 - R:localhost/127.0.0.1:40933] for POST '/session/ceaf2ac2a257a0a6e173ee86114a2c90/element'
20:26:22.605 [AsyncHttpClient-1-2] DEBUG org.asynchttpclient.netty.handler.HttpHandler - 

Request DefaultHttpRequest(decodeResult: success, version: HTTP/1.1)
POST /session/ceaf2ac2a257a0a6e173ee86114a2c90/element HTTP/1.1
User-Agent: selenium/4.8.3 (java windows)
Content-Length: 62
Content-Type: application/json; charset=utf-8
host: localhost:40933
accept: */*

Response DefaultHttpResponse(decodeResult: success, version: HTTP/1.1)
HTTP/1.1 200 OK
Content-Length: 95
Content-Type: application/json; charset=utf-8
cache-control: no-cache

20:26:22.606 [AsyncHttpClient-1-2] DEBUG org.asynchttpclient.netty.channel.ChannelManager - Adding key: http://localhost:40933 for channel [id: 0xf05046b3, L:/127.0.0.1:60928 - R:localhost/127.0.0.1:40933]
20:26:22.607 [Forwarding sendKeysToElement on session ceaf2ac2a257a0a6e173ee86114a2c90 to remote] DEBUG org.asynchttpclient.netty.request.NettyRequestSender - Using pooled Channel '[id: 0xf05046b3, L:/127.0.0.1:60928 - R:localhost/127.0.0.1:40933]' for 'POST' to 'http://localhost:40933/session/ceaf2ac2a257a0a6e173ee86114a2c90/element/80B89794CE2A7207FD23BCF4E16C80A9_element_31/value'
20:26:22.607 [Forwarding sendKeysToElement on session ceaf2ac2a257a0a6e173ee86114a2c90 to remote] DEBUG org.asynchttpclient.netty.request.NettyRequestSender - Using open Channel [id: 0xf05046b3, L:/127.0.0.1:60928 - R:localhost/127.0.0.1:40933] for POST '/session/ceaf2ac2a257a0a6e173ee86114a2c90/element/80B89794CE2A7207FD23BCF4E16C80A9_element_31/value'
20:26:22.688 [AsyncHttpClient-1-2] DEBUG org.asynchttpclient.netty.handler.HttpHandler - 

Request DefaultHttpRequest(decodeResult: success, version: HTTP/1.1)
POST /session/ceaf2ac2a257a0a6e173ee86114a2c90/element/80B89794CE2A7207FD23BCF4E16C80A9_element_31/value HTTP/1.1
User-Agent: selenium/4.8.3 (java windows)
Content-Length: 148
Content-Type: application/json; charset=utf-8
host: localhost:40933
accept: */*

Response DefaultHttpResponse(decodeResult: success, version: HTTP/1.1)
HTTP/1.1 200 OK
Content-Length: 14
Content-Type: application/json; charset=utf-8
cache-control: no-cache

20:26:22.689 [AsyncHttpClient-1-2] DEBUG org.asynchttpclient.netty.channel.ChannelManager - Adding key: http://localhost:40933 for channel [id: 0xf05046b3, L:/127.0.0.1:60928 - R:localhost/127.0.0.1:40933]
20:26:22.690 [Forwarding findElement on session ceaf2ac2a257a0a6e173ee86114a2c90 to remote] DEBUG org.asynchttpclient.netty.request.NettyRequestSender - Using pooled Channel '[id: 0xf05046b3, L:/127.0.0.1:60928 - R:localhost/127.0.0.1:40933]' for 'POST' to 'http://localhost:40933/session/ceaf2ac2a257a0a6e173ee86114a2c90/element'
20:26:22.690 [Forwarding findElement on session ceaf2ac2a257a0a6e173ee86114a2c90 to remote] DEBUG org.asynchttpclient.netty.request.NettyRequestSender - Using open Channel [id: 0xf05046b3, L:/127.0.0.1:60928 - R:localhost/127.0.0.1:40933] for POST '/session/ceaf2ac2a257a0a6e173ee86114a2c90/element'
20:26:22.703 [AsyncHttpClient-1-2] DEBUG org.asynchttpclient.netty.handler.HttpHandler - 

Request DefaultHttpRequest(decodeResult: success, version: HTTP/1.1)
POST /session/ceaf2ac2a257a0a6e173ee86114a2c90/element HTTP/1.1
User-Agent: selenium/4.8.3 (java windows)
Content-Length: 71
Content-Type: application/json; charset=utf-8
host: localhost:40933
accept: */*

Response DefaultHttpResponse(decodeResult: success, version: HTTP/1.1)
HTTP/1.1 200 OK
Content-Length: 95
Content-Type: application/json; charset=utf-8
cache-control: no-cache

20:26:22.703 [AsyncHttpClient-1-2] DEBUG org.asynchttpclient.netty.channel.ChannelManager - Adding key: http://localhost:40933 for channel [id: 0xf05046b3, L:/127.0.0.1:60928 - R:localhost/127.0.0.1:40933]
20:26:22.704 [Forwarding clickElement on session ceaf2ac2a257a0a6e173ee86114a2c90 to remote] DEBUG org.asynchttpclient.netty.request.NettyRequestSender - Using pooled Channel '[id: 0xf05046b3, L:/127.0.0.1:60928 - R:localhost/127.0.0.1:40933]' for 'POST' to 'http://localhost:40933/session/ceaf2ac2a257a0a6e173ee86114a2c90/element/80B89794CE2A7207FD23BCF4E16C80A9_element_32/click'
20:26:22.704 [Forwarding clickElement on session ceaf2ac2a257a0a6e173ee86114a2c90 to remote] DEBUG org.asynchttpclient.netty.request.NettyRequestSender - Using open Channel [id: 0xf05046b3, L:/127.0.0.1:60928 - R:localhost/127.0.0.1:40933] for POST '/session/ceaf2ac2a257a0a6e173ee86114a2c90/element/80B89794CE2A7207FD23BCF4E16C80A9_element_32/click'
20:26:22.762 [AsyncHttpClient-1-2] DEBUG org.asynchttpclient.netty.handler.HttpHandler - 

Request DefaultHttpRequest(decodeResult: success, version: HTTP/1.1)
POST /session/ceaf2ac2a257a0a6e173ee86114a2c90/element/80B89794CE2A7207FD23BCF4E16C80A9_element_32/click HTTP/1.1
User-Agent: selenium/4.8.3 (java windows)
Content-Length: 57
Content-Type: application/json; charset=utf-8
host: localhost:40933
accept: */*

Response DefaultHttpResponse(decodeResult: success, version: HTTP/1.1)
HTTP/1.1 200 OK
Content-Length: 14
Content-Type: application/json; charset=utf-8
cache-control: no-cache

20:26:22.763 [AsyncHttpClient-1-2] DEBUG org.asynchttpclient.netty.channel.ChannelManager - Adding key: http://localhost:40933 for channel [id: 0xf05046b3, L:/127.0.0.1:60928 - R:localhost/127.0.0.1:40933]
2023-06-06 20:26:22 INFO  BaseTest:126 - Logged in
20:26:22.765 [rp-io-11] DEBUG com.epam.reportportal.service.Launch - Starting test item...rp-io-11
2023-06-06 20:26:22 INFO  Listeners:34 - Started Test null
20:26:22.768 [Forwarding findElement on session ceaf2ac2a257a0a6e173ee86114a2c90 to remote] DEBUG org.asynchttpclient.netty.request.NettyRequestSender - Using pooled Channel '[id: 0xf05046b3, L:/127.0.0.1:60928 - R:localhost/127.0.0.1:40933]' for 'POST' to 'http://localhost:40933/session/ceaf2ac2a257a0a6e173ee86114a2c90/element'
20:26:22.768 [Forwarding findElement on session ceaf2ac2a257a0a6e173ee86114a2c90 to remote] DEBUG org.asynchttpclient.netty.request.NettyRequestSender - Using open Channel [id: 0xf05046b3, L:/127.0.0.1:60928 - R:localhost/127.0.0.1:40933] for POST '/session/ceaf2ac2a257a0a6e173ee86114a2c90/element'
20:26:22.784 [rp-io-19] DEBUG com.epam.reportportal.service.Launch - TestItem with ID = '05a41fed-d95b-4443-8262-053013ae409c' successfully finished.
20:26:22.784 [rp-io-19] DEBUG com.epam.reportportal.utils.SubscriptionUtils - Finish test item completed
20:26:22.789 [rp-io-11] DEBUG com.epam.reportportal.service.Launch - ReportPortal item with ID 'd1c33542-99fd-494f-b12d-564a7232255a' has been created
20:26:22.789 [rp-io-11] DEBUG com.epam.reportportal.utils.SubscriptionUtils - Start test item successfully completed
20:26:22.790 [AsyncHttpClient-1-1] DEBUG org.asynchttpclient.netty.channel.DefaultChannelPool - Entry count for : http://localhost:60929 : 1
20:26:23.245 [AsyncHttpClient-1-2] DEBUG org.asynchttpclient.netty.handler.HttpHandler - 

Request DefaultHttpRequest(decodeResult: success, version: HTTP/1.1)
POST /session/ceaf2ac2a257a0a6e173ee86114a2c90/element HTTP/1.1
User-Agent: selenium/4.8.3 (java windows)
Content-Length: 168
Content-Type: application/json; charset=utf-8
host: localhost:40933
accept: */*

Response DefaultHttpResponse(decodeResult: success, version: HTTP/1.1)
HTTP/1.1 200 OK
Content-Length: 95
Content-Type: application/json; charset=utf-8
cache-control: no-cache

20:26:23.245 [AsyncHttpClient-1-2] DEBUG org.asynchttpclient.netty.channel.ChannelManager - Adding key: http://localhost:40933 for channel [id: 0xf05046b3, L:/127.0.0.1:60928 - R:localhost/127.0.0.1:40933]
20:26:23.247 [Forwarding clickElement on session ceaf2ac2a257a0a6e173ee86114a2c90 to remote] DEBUG org.asynchttpclient.netty.request.NettyRequestSender - Using pooled Channel '[id: 0xf05046b3, L:/127.0.0.1:60928 - R:localhost/127.0.0.1:40933]' for 'POST' to 'http://localhost:40933/session/ceaf2ac2a257a0a6e173ee86114a2c90/element/80B89794CE2A7207FD23BCF4E16C80A9_element_40/click'
20:26:23.248 [Forwarding clickElement on session ceaf2ac2a257a0a6e173ee86114a2c90 to remote] DEBUG org.asynchttpclient.netty.request.NettyRequestSender - Using open Channel [id: 0xf05046b3, L:/127.0.0.1:60928 - R:localhost/127.0.0.1:40933] for POST '/session/ceaf2ac2a257a0a6e173ee86114a2c90/element/80B89794CE2A7207FD23BCF4E16C80A9_element_40/click'
20:26:23.459 [AsyncHttpClient-1-2] DEBUG org.asynchttpclient.netty.handler.HttpHandler - 

Request DefaultHttpRequest(decodeResult: success, version: HTTP/1.1)
POST /session/ceaf2ac2a257a0a6e173ee86114a2c90/element/80B89794CE2A7207FD23BCF4E16C80A9_element_40/click HTTP/1.1
User-Agent: selenium/4.8.3 (java windows)
Content-Length: 57
Content-Type: application/json; charset=utf-8
host: localhost:40933
accept: */*

Response DefaultHttpResponse(decodeResult: success, version: HTTP/1.1)
HTTP/1.1 200 OK
Content-Length: 14
Content-Type: application/json; charset=utf-8
cache-control: no-cache

20:26:23.459 [AsyncHttpClient-1-2] DEBUG org.asynchttpclient.netty.channel.ChannelManager - Adding key: http://localhost:40933 for channel [id: 0xf05046b3, L:/127.0.0.1:60928 - R:localhost/127.0.0.1:40933]
20:26:23.461 [Forwarding findElement on session ceaf2ac2a257a0a6e173ee86114a2c90 to remote] DEBUG org.asynchttpclient.netty.request.NettyRequestSender - Using pooled Channel '[id: 0xf05046b3, L:/127.0.0.1:60928 - R:localhost/127.0.0.1:40933]' for 'POST' to 'http://localhost:40933/session/ceaf2ac2a257a0a6e173ee86114a2c90/element'
20:26:23.461 [Forwarding findElement on session ceaf2ac2a257a0a6e173ee86114a2c90 to remote] DEBUG org.asynchttpclient.netty.request.NettyRequestSender - Using open Channel [id: 0xf05046b3, L:/127.0.0.1:60928 - R:localhost/127.0.0.1:40933] for POST '/session/ceaf2ac2a257a0a6e173ee86114a2c90/element'
20:26:23.890 [AsyncHttpClient-1-1] DEBUG org.asynchttpclient.netty.channel.DefaultChannelPool - Entry count for : http://localhost:60929 : 1
20:26:24.990 [AsyncHttpClient-1-1] DEBUG org.asynchttpclient.netty.channel.DefaultChannelPool - Entry count for : http://localhost:60929 : 1
20:26:26.091 [AsyncHttpClient-1-1] DEBUG org.asynchttpclient.netty.channel.DefaultChannelPool - Entry count for : http://localhost:60929 : 1
20:26:27.190 [AsyncHttpClient-1-1] DEBUG org.asynchttpclient.netty.channel.DefaultChannelPool - Entry count for : http://localhost:60929 : 1
20:26:27.780 [AsyncHttpClient-1-2] DEBUG org.asynchttpclient.netty.handler.HttpHandler - 

Request DefaultHttpRequest(decodeResult: success, version: HTTP/1.1)
POST /session/ceaf2ac2a257a0a6e173ee86114a2c90/element HTTP/1.1
User-Agent: selenium/4.8.3 (java windows)
Content-Length: 77
Content-Type: application/json; charset=utf-8
host: localhost:40933
accept: */*

Response DefaultHttpResponse(decodeResult: success, version: HTTP/1.1)
HTTP/1.1 404 Not Found
Content-Length: 967
Content-Type: application/json; charset=utf-8
cache-control: no-cache

20:26:27.781 [AsyncHttpClient-1-2] DEBUG org.asynchttpclient.netty.channel.ChannelManager - Adding key: http://localhost:40933 for channel [id: 0xf05046b3, L:/127.0.0.1:60928 - R:localhost/127.0.0.1:40933]
2023-06-06 20:26:27 INFO  Listeners:55 - Skipped test null
20:26:27.782 [main] ERROR com.epam.reportportal.service.Launch - Item io.reactivex.internal.operators.maybe.MaybeCache@495cac83 not found in the cache
]]></system-out>
    <system-err><![CDATA[Starting ChromeDriver 114.0.5735.90 (386bc09e8f4f2e025eddae123f36f6263096ae49-refs/branch-heads/5735@{#1052}) on port 40933
Only local connections are allowed.
Please see https://chromedriver.chromium.org/security-considerations for suggestions on keeping ChromeDriver safe.
ChromeDriver was started successfully.
Jun 06, 2023 8:26:20 PM org.openqa.selenium.devtools.CdpVersionFinder findNearestMatch
WARNING: Unable to find an exact match for CDP version 114, so returning the closest version found: 111
]]></system-err>
  </testcase>
  <testcase name="searchDashboardNameDP[FLAKY TEST CASES](18)" classname="alltests.uitest.coreTest.DashboardPageTest" time="4.836">
    <failure message="no such element: Unable to locate element: {&quot;method&quot;:&quot;xpath&quot;,&quot;selector&quot;:&quot;//*[text()=&apos;FLAKY TEST CASES&apos;]&quot;}&#10;  (Session info: chrome=114.0.5735.110)&#10;For documentation on this error, please visit: https://selenium.dev/exceptions/#no_such_element&#10;Build info: version: &apos;4.8.3&apos;, revision: &apos;e5e76298c3&apos;&#10;System info: os.name: &apos;Windows 10&apos;, os.arch: &apos;amd64&apos;, os.version: &apos;10.0&apos;, java.version: &apos;17.0.3.1&apos;&#10;Driver info: org.openqa.selenium.chrome.ChromeDriver&#10;Command: [15d1af94c853d78bb2b59fcb0eb120ce, findElement {using=xpath, value=//*[text()=&apos;FLAKY TEST CASES&apos;]}]&#10;Capabilities {acceptInsecureCerts: false, browserName: chrome, browserVersion: 114.0.5735.110, chrome: {chromedriverVersion: 114.0.5735.90 (386bc09e8f4f..., userDataDir: C:\Users\SUWARN~1\AppData\L...}, goog:chromeOptions: {debuggerAddress: localhost:60958}, networkConnectionEnabled: false, pageLoadStrategy: normal, platformName: WINDOWS, proxy: Proxy(), se:cdp: ws://localhost:60958/devtoo..., se:cdpVersion: 114.0.5735.110, setWindowRect: true, strictFileInteractability: false, timeouts: {implicit: 0, pageLoad: 300000, script: 30000}, unhandledPromptBehavior: dismiss and notify, webauthn:extension:credBlob: true, webauthn:extension:largeBlob: true, webauthn:extension:minPinLength: true, webauthn:extension:prf: true, webauthn:virtualAuthenticators: true}&#10;Session ID: 15d1af94c853d78bb2b59fcb0eb120ce" type="org.openqa.selenium.NoSuchElementException"><![CDATA[org.openqa.selenium.NoSuchElementException: 
no such element: Unable to locate element: {"method":"xpath","selector":"//*[text()='FLAKY TEST CASES']"}
  (Session info: chrome=114.0.5735.110)
For documentation on this error, please visit: https://selenium.dev/exceptions/#no_such_element
Build info: version: '4.8.3', revision: 'e5e76298c3'
System info: os.name: 'Windows 10', os.arch: 'amd64', os.version: '10.0', java.version: '17.0.3.1'
Driver info: org.openqa.selenium.chrome.ChromeDriver
Command: [15d1af94c853d78bb2b59fcb0eb120ce, findElement {using=xpath, value=//*[text()='FLAKY TEST CASES']}]
Capabilities {acceptInsecureCerts: false, browserName: chrome, browserVersion: 114.0.5735.110, chrome: {chromedriverVersion: 114.0.5735.90 (386bc09e8f4f..., userDataDir: C:\Users\SUWARN~1\AppData\L...}, goog:chromeOptions: {debuggerAddress: localhost:60958}, networkConnectionEnabled: false, pageLoadStrategy: normal, platformName: WINDOWS, proxy: Proxy(), se:cdp: ws://localhost:60958/devtoo..., se:cdpVersion: 114.0.5735.110, setWindowRect: true, strictFileInteractability: false, timeouts: {implicit: 0, pageLoad: 300000, script: 30000}, unhandledPromptBehavior: dismiss and notify, webauthn:extension:credBlob: true, webauthn:extension:largeBlob: true, webauthn:extension:minPinLength: true, webauthn:extension:prf: true, webauthn:virtualAuthenticators: true}
Session ID: 15d1af94c853d78bb2b59fcb0eb120ce
	at java.base/jdk.internal.reflect.NativeConstructorAccessorImpl.newInstance0(Native Method)
	at java.base/jdk.internal.reflect.NativeConstructorAccessorImpl.newInstance(NativeConstructorAccessorImpl.java:77)
	at java.base/jdk.internal.reflect.DelegatingConstructorAccessorImpl.newInstance(DelegatingConstructorAccessorImpl.java:45)
	at java.base/java.lang.reflect.Constructor.newInstanceWithCaller(Constructor.java:499)
	at java.base/java.lang.reflect.Constructor.newInstance(Constructor.java:480)
	at org.openqa.selenium.remote.codec.w3c.W3CHttpResponseCodec.createException(W3CHttpResponseCodec.java:200)
	at org.openqa.selenium.remote.codec.w3c.W3CHttpResponseCodec.decode(W3CHttpResponseCodec.java:133)
	at org.openqa.selenium.remote.codec.w3c.W3CHttpResponseCodec.decode(W3CHttpResponseCodec.java:53)
	at org.openqa.selenium.remote.HttpCommandExecutor.execute(HttpCommandExecutor.java:193)
	at org.openqa.selenium.remote.service.DriverCommandExecutor.invokeExecute(DriverCommandExecutor.java:183)
	at org.openqa.selenium.remote.service.DriverCommandExecutor.execute(DriverCommandExecutor.java:158)
	at org.openqa.selenium.remote.RemoteWebDriver.execute(RemoteWebDriver.java:543)
	at org.openqa.selenium.remote.ElementLocation$ElementFinder$2.findElement(ElementLocation.java:162)
	at org.openqa.selenium.remote.ElementLocation.findElement(ElementLocation.java:60)
	at org.openqa.selenium.remote.RemoteWebDriver.findElement(RemoteWebDriver.java:352)
	at org.openqa.selenium.remote.RemoteWebDriver.findElement(RemoteWebDriver.java:344)
	at pageobject.DemoDashboard.verifyNamesOfWidgetPresetOnDemoDashboard(DemoDashboard.java:31)
	at alltests.uitest.coreTest.DashboardPageTest.searchDashboardNameDP(DashboardPageTest.java:40)
	at jdk.internal.reflect.GeneratedMethodAccessor126.invoke(Unknown Source)
	at java.base/jdk.internal.reflect.DelegatingMethodAccessorImpl.invoke(DelegatingMethodAccessorImpl.java:43)
	at java.base/java.lang.reflect.Method.invoke(Method.java:568)
	at org.testng.internal.invokers.MethodInvocationHelper.invokeMethod(MethodInvocationHelper.java:139)
	at org.testng.internal.invokers.TestInvoker.invokeMethod(TestInvoker.java:677)
	at org.testng.internal.invokers.TestInvoker.retryFailed(TestInvoker.java:263)
	at org.testng.internal.invokers.MethodRunner.runInSequence(MethodRunner.java:62)
	at org.testng.internal.invokers.TestInvoker$MethodInvocationAgent.invoke(TestInvoker.java:969)
	at org.testng.internal.invokers.TestInvoker.invokeTestMethods(TestInvoker.java:194)
	at org.testng.internal.invokers.TestMethodWorker.invokeTestMethods(TestMethodWorker.java:148)
	at org.testng.internal.invokers.TestMethodWorker.run(TestMethodWorker.java:128)
	at java.base/java.util.ArrayList.forEach(ArrayList.java:1511)
	at org.testng.TestRunner.privateRun(TestRunner.java:829)
	at org.testng.TestRunner.run(TestRunner.java:602)
	at org.testng.SuiteRunner.runTest(SuiteRunner.java:437)
	at org.testng.SuiteRunner.runSequentially(SuiteRunner.java:431)
	at org.testng.SuiteRunner.privateRun(SuiteRunner.java:391)
	at org.testng.SuiteRunner.run(SuiteRunner.java:330)
	at org.testng.SuiteRunnerWorker.runSuite(SuiteRunnerWorker.java:52)
	at org.testng.SuiteRunnerWorker.run(SuiteRunnerWorker.java:95)
	at org.testng.TestNG.runSuitesSequentially(TestNG.java:1256)
	at org.testng.TestNG.runSuitesLocally(TestNG.java:1176)
	at org.testng.TestNG.runSuites(TestNG.java:1099)
	at org.testng.TestNG.run(TestNG.java:1067)
	at org.apache.maven.surefire.testng.TestNGExecutor.run(TestNGExecutor.java:308)
	at org.apache.maven.surefire.testng.TestNGXmlTestSuite.execute(TestNGXmlTestSuite.java:71)
	at org.apache.maven.surefire.testng.TestNGProvider.invoke(TestNGProvider.java:113)
	at org.apache.maven.surefire.booter.ForkedBooter.runSuitesInProcess(ForkedBooter.java:385)
	at org.apache.maven.surefire.booter.ForkedBooter.execute(ForkedBooter.java:162)
	at org.apache.maven.surefire.booter.ForkedBooter.run(ForkedBooter.java:507)
	at org.apache.maven.surefire.booter.ForkedBooter.main(ForkedBooter.java:495)
]]></failure>
    <system-out><![CDATA[20:26:27.783 [rp-io-27] DEBUG com.epam.reportportal.service.Launch - Starting test item...rp-io-27
20:26:27.783 [AsyncHttpClient-1-4] DEBUG org.asynchttpclient.netty.handler.WebSocketHandler - Channel Closed: [id: 0x48472a31, L:/127.0.0.1:60937 ! R:localhost/127.0.0.1:60929] with attribute NettyResponseFuture{currentRetry=0,
	isDone=1,
	isCancelled=0,
	asyncHandler=org.asynchttpclient.ws.WebSocketUpgradeHandler@47a353b3,
	nettyRequest=org.asynchttpclient.netty.request.NettyRequest@4e7f7609,
	future=java.util.concurrent.CompletableFuture@44108dcf[Completed normally],
	uri=ws://localhost:60929/devtools/browser/2c9f2b90-5453-43c3-920b-52c8c2e3454d,
	keepAlive=true,
	redirectCount=0,
	timeoutsHolder=null,
	inAuth=0,
	touch=1686075980275}
20:26:27.783 [AsyncHttpClient-1-4] DEBUG org.asynchttpclient.netty.channel.ChannelManager - Closing Channel [id: 0x48472a31, L:/127.0.0.1:60937 ! R:localhost/127.0.0.1:60929] 
20:26:27.784 [Driver Command Executor] DEBUG org.asynchttpclient.netty.request.NettyRequestSender - Using pooled Channel '[id: 0xf05046b3, L:/127.0.0.1:60928 - R:localhost/127.0.0.1:40933]' for 'DELETE' to 'http://localhost:40933/session/ceaf2ac2a257a0a6e173ee86114a2c90'
20:26:27.784 [Driver Command Executor] DEBUG org.asynchttpclient.netty.request.NettyRequestSender - Using open Channel [id: 0xf05046b3, L:/127.0.0.1:60928 - R:localhost/127.0.0.1:40933] for DELETE '/session/ceaf2ac2a257a0a6e173ee86114a2c90'
20:26:27.818 [rp-io-21] DEBUG com.epam.reportportal.service.Launch - TestItem with ID = 'd1c33542-99fd-494f-b12d-564a7232255a' successfully finished.
20:26:27.818 [rp-io-21] DEBUG com.epam.reportportal.utils.SubscriptionUtils - Finish test item completed
20:26:27.825 [rp-io-22] DEBUG com.epam.reportportal.service.Launch - TestItem with ID = '05a41fed-d95b-4443-8262-053013ae409c' successfully finished.
20:26:27.825 [rp-io-22] DEBUG com.epam.reportportal.utils.SubscriptionUtils - Finish test item completed
20:26:27.835 [rp-io-27] DEBUG com.epam.reportportal.service.Launch - ReportPortal item with ID '0512ca4a-0855-405b-ae1d-35a3a05137f1' has been created
20:26:27.835 [rp-io-27] DEBUG com.epam.reportportal.utils.SubscriptionUtils - Start test item successfully completed
20:26:28.030 [AsyncHttpClient-1-3] DEBUG org.asynchttpclient.netty.handler.HttpHandler - Unexpected I/O exception on channel [id: 0x08f72d45, L:/127.0.0.1:60936 - R:localhost/127.0.0.1:60929]
java.net.SocketException: Connection reset
	at java.base/sun.nio.ch.SocketChannelImpl.throwConnectionReset(SocketChannelImpl.java:394)
	at java.base/sun.nio.ch.SocketChannelImpl.read(SocketChannelImpl.java:426)
	at io.netty.buffer.PooledByteBuf.setBytes(PooledByteBuf.java:256)
	at io.netty.buffer.AbstractByteBuf.writeBytes(AbstractByteBuf.java:1132)
	at io.netty.channel.socket.nio.NioSocketChannel.doReadBytes(NioSocketChannel.java:357)
	at io.netty.channel.nio.AbstractNioByteChannel$NioByteUnsafe.read(AbstractNioByteChannel.java:151)
	at io.netty.channel.nio.NioEventLoop.processSelectedKey(NioEventLoop.java:788)
	at io.netty.channel.nio.NioEventLoop.processSelectedKeysOptimized(NioEventLoop.java:724)
	at io.netty.channel.nio.NioEventLoop.processSelectedKeys(NioEventLoop.java:650)
	at io.netty.channel.nio.NioEventLoop.run(NioEventLoop.java:562)
	at io.netty.util.concurrent.SingleThreadEventExecutor$4.run(SingleThreadEventExecutor.java:997)
	at io.netty.util.internal.ThreadExecutorMap$2.run(ThreadExecutorMap.java:74)
	at io.netty.util.concurrent.FastThreadLocalRunnable.run(FastThreadLocalRunnable.java:30)
	at java.base/java.lang.Thread.run(Thread.java:833)
20:26:28.030 [AsyncHttpClient-1-3] DEBUG org.asynchttpclient.netty.channel.ChannelManager - Closing Channel [id: 0x08f72d45, L:/127.0.0.1:60936 - R:localhost/127.0.0.1:60929] 
20:26:28.031 [AsyncHttpClient-1-3] DEBUG org.asynchttpclient.netty.handler.HttpHandler - Channel Closed: [id: 0x08f72d45, L:/127.0.0.1:60936 ! R:localhost/127.0.0.1:60929] with attribute DISCARD
20:26:28.048 [AsyncHttpClient-1-2] DEBUG org.asynchttpclient.netty.handler.HttpHandler - 

Request DefaultFullHttpRequest(decodeResult: success, version: HTTP/1.1, content: EmptyByteBufBE)
DELETE /session/ceaf2ac2a257a0a6e173ee86114a2c90 HTTP/1.1
User-Agent: selenium/4.8.3 (java windows)
Content-Type: application/json; charset=utf-8
host: localhost:40933
accept: */*

Response DefaultHttpResponse(decodeResult: success, version: HTTP/1.1)
HTTP/1.1 200 OK
Content-Length: 14
Content-Type: application/json; charset=utf-8
cache-control: no-cache

20:26:28.049 [AsyncHttpClient-1-2] DEBUG org.asynchttpclient.netty.channel.ChannelManager - Adding key: http://localhost:40933 for channel [id: 0xf05046b3, L:/127.0.0.1:60928 - R:localhost/127.0.0.1:40933]
20:26:28.099 [AsyncHttpClient-1-2] DEBUG org.asynchttpclient.netty.handler.HttpHandler - Channel Closed: [id: 0xf05046b3, L:/127.0.0.1:60928 ! R:localhost/127.0.0.1:40933] with attribute DISCARD
2023-06-06 20:26:28 INFO  BaseTest:83 - Test executed**********
20:26:28.140 [rp-io-36] DEBUG com.epam.reportportal.service.Launch - Starting test item...rp-io-36
2023-06-06 20:26:28 INFO  BaseTest:110 - Property files loaded successfully**********
20:26:28.150 [main] DEBUG io.github.bonigarcia.wdm.cache.ResolutionCache - Resolution chrome=114 in cache (valid until 21:23:55 06/06/2023 CEST)
20:26:28.151 [main] DEBUG io.github.bonigarcia.wdm.cache.ResolutionCache - Resolution chrome114=114.0.5735.90 in cache (valid until 16:16:26 07/06/2023 CEST)
20:26:28.151 [main] INFO io.github.bonigarcia.wdm.WebDriverManager - Using chromedriver 114.0.5735.90 (resolved driver for Chrome 114)
20:26:28.159 [main] DEBUG io.github.bonigarcia.wdm.WebDriverManager - Driver chromedriver 114.0.5735.90 found in cache
20:26:28.160 [main] INFO io.github.bonigarcia.wdm.WebDriverManager - Exporting webdriver.chrome.driver as C:\Users\Suwarna_Wagh\.cache\selenium\chromedriver\win32\114.0.5735.90\chromedriver.exe
20:26:28.164 [rp-io-31] DEBUG com.epam.reportportal.service.Launch - TestItem with ID = '0512ca4a-0855-405b-ae1d-35a3a05137f1' successfully finished.
20:26:28.164 [rp-io-31] DEBUG com.epam.reportportal.utils.SubscriptionUtils - Finish test item completed
20:26:28.174 [rp-io-33] DEBUG com.epam.reportportal.service.Launch - ReportPortal item with ID 'e74c3d0c-30ea-46c2-baa8-f16b35171b5e' has been created
20:26:28.174 [rp-io-33] DEBUG com.epam.reportportal.utils.SubscriptionUtils - Start test item successfully completed
20:26:28.289 [AsyncHttpClient-1-1] DEBUG org.asynchttpclient.netty.channel.DefaultChannelPool - Entry count for : http://localhost:40933 : 1
20:26:28.289 [AsyncHttpClient-1-1] DEBUG org.asynchttpclient.netty.channel.DefaultChannelPool - Entry count for : http://localhost:60929 : 1
20:26:28.289 [AsyncHttpClient-1-1] DEBUG org.asynchttpclient.netty.channel.DefaultChannelPool - Adding Candidate expired Channel [id: 0xf05046b3, L:/127.0.0.1:60928 ! R:localhost/127.0.0.1:40933] isIdleTimeoutExpired=false isRemotelyClosed=true isTtlExpired=false
20:26:28.289 [AsyncHttpClient-1-1] DEBUG org.asynchttpclient.netty.channel.DefaultChannelPool - Closing Idle Channel [id: 0xf05046b3, L:/127.0.0.1:60928 ! R:localhost/127.0.0.1:40933]
20:26:28.289 [AsyncHttpClient-1-1] DEBUG org.asynchttpclient.netty.channel.DefaultChannelPool - Adding Candidate expired Channel [id: 0x08f72d45, L:/127.0.0.1:60936 ! R:localhost/127.0.0.1:60929] isIdleTimeoutExpired=false isRemotelyClosed=true isTtlExpired=false
20:26:28.289 [AsyncHttpClient-1-1] DEBUG org.asynchttpclient.netty.channel.DefaultChannelPool - Closing Idle Channel [id: 0x08f72d45, L:/127.0.0.1:60936 ! R:localhost/127.0.0.1:60929]
20:26:28.289 [AsyncHttpClient-1-1] DEBUG org.asynchttpclient.netty.channel.DefaultChannelPool - Closed 2 connections out of 2 in 0 ms
20:26:28.356 [AsyncHttpClient-1-5] DEBUG org.asynchttpclient.netty.channel.NettyConnectListener - Using new Channel '[id: 0x124e09ac, L:/127.0.0.1:60957 - R:localhost/127.0.0.1:4481]' for 'POST' to '/session'
20:26:29.321 [AsyncHttpClient-1-5] DEBUG org.asynchttpclient.netty.handler.HttpHandler - 

Request DefaultHttpRequest(decodeResult: success, version: HTTP/1.1)
POST /session HTTP/1.1
User-Agent: selenium/4.8.3 (java windows)
Content-Length: 439
Content-Type: application/json; charset=utf-8
host: localhost:4481
accept: */*

Response DefaultHttpResponse(decodeResult: success, version: HTTP/1.1)
HTTP/1.1 200 OK
Content-Length: 864
Content-Type: application/json; charset=utf-8
cache-control: no-cache

20:26:29.321 [AsyncHttpClient-1-5] DEBUG org.asynchttpclient.netty.channel.ChannelManager - Adding key: http://localhost:4481 for channel [id: 0x124e09ac, L:/127.0.0.1:60957 - R:localhost/127.0.0.1:4481]
20:26:29.327 [AsyncHttpClient-1-6] DEBUG org.asynchttpclient.netty.channel.NettyConnectListener - Using new Channel '[id: 0xb80b7495, L:/127.0.0.1:60968 - R:localhost/127.0.0.1:60958]' for 'GET' to '/json/version'
20:26:29.328 [AsyncHttpClient-1-6] DEBUG org.asynchttpclient.netty.handler.HttpHandler - 

Request DefaultFullHttpRequest(decodeResult: success, version: HTTP/1.1, content: EmptyByteBufBE)
GET /json/version HTTP/1.1
User-Agent: selenium/4.8.3 (java windows)
host: localhost:60958
accept: */*

Response DefaultHttpResponse(decodeResult: success, version: HTTP/1.1)
HTTP/1.1 200 OK
Content-Security-Policy: frame-ancestors 'none'
Content-Length: 424
Content-Type: application/json; charset=UTF-8

20:26:29.328 [AsyncHttpClient-1-6] DEBUG org.asynchttpclient.netty.channel.ChannelManager - Adding key: http://localhost:60958 for channel [id: 0xb80b7495, L:/127.0.0.1:60968 - R:localhost/127.0.0.1:60958]
20:26:29.329 [AsyncHttpClient-1-7] DEBUG org.asynchttpclient.netty.channel.NettyConnectListener - Using new Channel '[id: 0xe8f0d1c3, L:/127.0.0.1:60969 - R:localhost/127.0.0.1:60958]' for 'GET' to '/devtools/browser/edadd29b-2118-4f2b-b66a-5502665911f3'
20:26:29.330 [AsyncHttpClient-1-7] DEBUG org.asynchttpclient.netty.handler.WebSocketHandler - 

Request DefaultFullHttpRequest(decodeResult: success, version: HTTP/1.1, content: EmptyByteBufBE)
GET /devtools/browser/edadd29b-2118-4f2b-b66a-5502665911f3 HTTP/1.1
upgrade: websocket
connection: upgrade
sec-websocket-key: WMqt/IcBTdMw3csH2PlgQQ==
sec-websocket-version: 13
origin: http://localhost:60958
host: localhost:60958
accept: */*
user-agent: AHC/2.1

Response DefaultHttpResponse(decodeResult: success, version: HTTP/1.1)
HTTP/1.1 101 WebSocket Protocol Handshake
Upgrade: WebSocket
Connection: Upgrade
Sec-WebSocket-Accept: f/bHgCTj4oAdkGcmFlvD37WWHmE=

20:26:29.334 [Forwarding setTimeout on session 15d1af94c853d78bb2b59fcb0eb120ce to remote] DEBUG org.asynchttpclient.netty.request.NettyRequestSender - Using pooled Channel '[id: 0x124e09ac, L:/127.0.0.1:60957 - R:localhost/127.0.0.1:4481]' for 'POST' to 'http://localhost:4481/session/15d1af94c853d78bb2b59fcb0eb120ce/timeouts'
20:26:29.334 [Forwarding setTimeout on session 15d1af94c853d78bb2b59fcb0eb120ce to remote] DEBUG org.asynchttpclient.netty.request.NettyRequestSender - Using open Channel [id: 0x124e09ac, L:/127.0.0.1:60957 - R:localhost/127.0.0.1:4481] for POST '/session/15d1af94c853d78bb2b59fcb0eb120ce/timeouts'
20:26:29.336 [AsyncHttpClient-1-5] DEBUG org.asynchttpclient.netty.handler.HttpHandler - 

Request DefaultHttpRequest(decodeResult: success, version: HTTP/1.1)
POST /session/15d1af94c853d78bb2b59fcb0eb120ce/timeouts HTTP/1.1
User-Agent: selenium/4.8.3 (java windows)
Content-Length: 22
Content-Type: application/json; charset=utf-8
host: localhost:4481
accept: */*

Response DefaultHttpResponse(decodeResult: success, version: HTTP/1.1)
HTTP/1.1 200 OK
Content-Length: 14
Content-Type: application/json; charset=utf-8
cache-control: no-cache

20:26:29.336 [AsyncHttpClient-1-5] DEBUG org.asynchttpclient.netty.channel.ChannelManager - Adding key: http://localhost:4481 for channel [id: 0x124e09ac, L:/127.0.0.1:60957 - R:localhost/127.0.0.1:4481]
20:26:29.337 [Forwarding maximizeCurrentWindow on session 15d1af94c853d78bb2b59fcb0eb120ce to remote] DEBUG org.asynchttpclient.netty.request.NettyRequestSender - Using pooled Channel '[id: 0x124e09ac, L:/127.0.0.1:60957 - R:localhost/127.0.0.1:4481]' for 'POST' to 'http://localhost:4481/session/15d1af94c853d78bb2b59fcb0eb120ce/window/maximize'
20:26:29.337 [Forwarding maximizeCurrentWindow on session 15d1af94c853d78bb2b59fcb0eb120ce to remote] DEBUG org.asynchttpclient.netty.request.NettyRequestSender - Using open Channel [id: 0x124e09ac, L:/127.0.0.1:60957 - R:localhost/127.0.0.1:4481] for POST '/session/15d1af94c853d78bb2b59fcb0eb120ce/window/maximize'
20:26:29.390 [AsyncHttpClient-1-1] DEBUG org.asynchttpclient.netty.channel.DefaultChannelPool - Entry count for : http://localhost:60958 : 1
20:26:29.461 [AsyncHttpClient-1-5] DEBUG org.asynchttpclient.netty.handler.HttpHandler - 

Request DefaultHttpRequest(decodeResult: success, version: HTTP/1.1)
POST /session/15d1af94c853d78bb2b59fcb0eb120ce/window/maximize HTTP/1.1
User-Agent: selenium/4.8.3 (java windows)
Content-Length: 3
Content-Type: application/json; charset=utf-8
host: localhost:4481
accept: */*

Response DefaultHttpResponse(decodeResult: success, version: HTTP/1.1)
HTTP/1.1 200 OK
Content-Length: 51
Content-Type: application/json; charset=utf-8
cache-control: no-cache

20:26:29.462 [AsyncHttpClient-1-5] DEBUG org.asynchttpclient.netty.channel.ChannelManager - Adding key: http://localhost:4481 for channel [id: 0x124e09ac, L:/127.0.0.1:60957 - R:localhost/127.0.0.1:4481]
20:26:29.463 [Forwarding get on session 15d1af94c853d78bb2b59fcb0eb120ce to remote] DEBUG org.asynchttpclient.netty.request.NettyRequestSender - Using pooled Channel '[id: 0x124e09ac, L:/127.0.0.1:60957 - R:localhost/127.0.0.1:4481]' for 'POST' to 'http://localhost:4481/session/15d1af94c853d78bb2b59fcb0eb120ce/url'
20:26:29.463 [Forwarding get on session 15d1af94c853d78bb2b59fcb0eb120ce to remote] DEBUG org.asynchttpclient.netty.request.NettyRequestSender - Using open Channel [id: 0x124e09ac, L:/127.0.0.1:60957 - R:localhost/127.0.0.1:4481] for POST '/session/15d1af94c853d78bb2b59fcb0eb120ce/url'
20:26:30.491 [AsyncHttpClient-1-1] DEBUG org.asynchttpclient.netty.channel.DefaultChannelPool - Entry count for : http://localhost:60958 : 1
20:26:31.139 [AsyncHttpClient-1-5] DEBUG org.asynchttpclient.netty.handler.HttpHandler - 

Request DefaultHttpRequest(decodeResult: success, version: HTTP/1.1)
POST /session/15d1af94c853d78bb2b59fcb0eb120ce/url HTTP/1.1
User-Agent: selenium/4.8.3 (java windows)
Content-Length: 52
Content-Type: application/json; charset=utf-8
host: localhost:4481
accept: */*

Response DefaultHttpResponse(decodeResult: success, version: HTTP/1.1)
HTTP/1.1 200 OK
Content-Length: 14
Content-Type: application/json; charset=utf-8
cache-control: no-cache

20:26:31.139 [AsyncHttpClient-1-5] DEBUG org.asynchttpclient.netty.channel.ChannelManager - Adding key: http://localhost:4481 for channel [id: 0x124e09ac, L:/127.0.0.1:60957 - R:localhost/127.0.0.1:4481]
2023-06-06 20:26:31 INFO  BaseTest:104 - Test driver set up done successfully**********
2023-06-06 20:26:31 INFO  BaseTest:122 - Logging in to portal
20:26:31.141 [Forwarding findElement on session 15d1af94c853d78bb2b59fcb0eb120ce to remote] DEBUG org.asynchttpclient.netty.request.NettyRequestSender - Using pooled Channel '[id: 0x124e09ac, L:/127.0.0.1:60957 - R:localhost/127.0.0.1:4481]' for 'POST' to 'http://localhost:4481/session/15d1af94c853d78bb2b59fcb0eb120ce/element'
20:26:31.142 [Forwarding findElement on session 15d1af94c853d78bb2b59fcb0eb120ce to remote] DEBUG org.asynchttpclient.netty.request.NettyRequestSender - Using open Channel [id: 0x124e09ac, L:/127.0.0.1:60957 - R:localhost/127.0.0.1:4481] for POST '/session/15d1af94c853d78bb2b59fcb0eb120ce/element'
20:26:31.157 [AsyncHttpClient-1-5] DEBUG org.asynchttpclient.netty.handler.HttpHandler - 

Request DefaultHttpRequest(decodeResult: success, version: HTTP/1.1)
POST /session/15d1af94c853d78bb2b59fcb0eb120ce/element HTTP/1.1
User-Agent: selenium/4.8.3 (java windows)
Content-Length: 59
Content-Type: application/json; charset=utf-8
host: localhost:4481
accept: */*

Response DefaultHttpResponse(decodeResult: success, version: HTTP/1.1)
HTTP/1.1 200 OK
Content-Length: 95
Content-Type: application/json; charset=utf-8
cache-control: no-cache

20:26:31.157 [AsyncHttpClient-1-5] DEBUG org.asynchttpclient.netty.channel.ChannelManager - Adding key: http://localhost:4481 for channel [id: 0x124e09ac, L:/127.0.0.1:60957 - R:localhost/127.0.0.1:4481]
20:26:31.158 [Forwarding clearElement on session 15d1af94c853d78bb2b59fcb0eb120ce to remote] DEBUG org.asynchttpclient.netty.request.NettyRequestSender - Using pooled Channel '[id: 0x124e09ac, L:/127.0.0.1:60957 - R:localhost/127.0.0.1:4481]' for 'POST' to 'http://localhost:4481/session/15d1af94c853d78bb2b59fcb0eb120ce/element/1B24E26FBA9155B462EAA320BD0C0AC6_element_29/clear'
20:26:31.158 [Forwarding clearElement on session 15d1af94c853d78bb2b59fcb0eb120ce to remote] DEBUG org.asynchttpclient.netty.request.NettyRequestSender - Using open Channel [id: 0x124e09ac, L:/127.0.0.1:60957 - R:localhost/127.0.0.1:4481] for POST '/session/15d1af94c853d78bb2b59fcb0eb120ce/element/1B24E26FBA9155B462EAA320BD0C0AC6_element_29/clear'
20:26:31.206 [AsyncHttpClient-1-5] DEBUG org.asynchttpclient.netty.handler.HttpHandler - 

Request DefaultHttpRequest(decodeResult: success, version: HTTP/1.1)
POST /session/15d1af94c853d78bb2b59fcb0eb120ce/element/1B24E26FBA9155B462EAA320BD0C0AC6_element_29/clear HTTP/1.1
User-Agent: selenium/4.8.3 (java windows)
Content-Length: 57
Content-Type: application/json; charset=utf-8
host: localhost:4481
accept: */*

Response DefaultHttpResponse(decodeResult: success, version: HTTP/1.1)
HTTP/1.1 200 OK
Content-Length: 14
Content-Type: application/json; charset=utf-8
cache-control: no-cache

20:26:31.206 [AsyncHttpClient-1-5] DEBUG org.asynchttpclient.netty.channel.ChannelManager - Adding key: http://localhost:4481 for channel [id: 0x124e09ac, L:/127.0.0.1:60957 - R:localhost/127.0.0.1:4481]
20:26:31.207 [Forwarding findElement on session 15d1af94c853d78bb2b59fcb0eb120ce to remote] DEBUG org.asynchttpclient.netty.request.NettyRequestSender - Using pooled Channel '[id: 0x124e09ac, L:/127.0.0.1:60957 - R:localhost/127.0.0.1:4481]' for 'POST' to 'http://localhost:4481/session/15d1af94c853d78bb2b59fcb0eb120ce/element'
20:26:31.207 [Forwarding findElement on session 15d1af94c853d78bb2b59fcb0eb120ce to remote] DEBUG org.asynchttpclient.netty.request.NettyRequestSender - Using open Channel [id: 0x124e09ac, L:/127.0.0.1:60957 - R:localhost/127.0.0.1:4481] for POST '/session/15d1af94c853d78bb2b59fcb0eb120ce/element'
20:26:31.216 [AsyncHttpClient-1-5] DEBUG org.asynchttpclient.netty.handler.HttpHandler - 

Request DefaultHttpRequest(decodeResult: success, version: HTTP/1.1)
POST /session/15d1af94c853d78bb2b59fcb0eb120ce/element HTTP/1.1
User-Agent: selenium/4.8.3 (java windows)
Content-Length: 59
Content-Type: application/json; charset=utf-8
host: localhost:4481
accept: */*

Response DefaultHttpResponse(decodeResult: success, version: HTTP/1.1)
HTTP/1.1 200 OK
Content-Length: 95
Content-Type: application/json; charset=utf-8
cache-control: no-cache

20:26:31.216 [AsyncHttpClient-1-5] DEBUG org.asynchttpclient.netty.channel.ChannelManager - Adding key: http://localhost:4481 for channel [id: 0x124e09ac, L:/127.0.0.1:60957 - R:localhost/127.0.0.1:4481]
20:26:31.217 [Forwarding sendKeysToElement on session 15d1af94c853d78bb2b59fcb0eb120ce to remote] DEBUG org.asynchttpclient.netty.request.NettyRequestSender - Using pooled Channel '[id: 0x124e09ac, L:/127.0.0.1:60957 - R:localhost/127.0.0.1:4481]' for 'POST' to 'http://localhost:4481/session/15d1af94c853d78bb2b59fcb0eb120ce/element/1B24E26FBA9155B462EAA320BD0C0AC6_element_29/value'
20:26:31.217 [Forwarding sendKeysToElement on session 15d1af94c853d78bb2b59fcb0eb120ce to remote] DEBUG org.asynchttpclient.netty.request.NettyRequestSender - Using open Channel [id: 0x124e09ac, L:/127.0.0.1:60957 - R:localhost/127.0.0.1:4481] for POST '/session/15d1af94c853d78bb2b59fcb0eb120ce/element/1B24E26FBA9155B462EAA320BD0C0AC6_element_29/value'
20:26:31.332 [AsyncHttpClient-1-5] DEBUG org.asynchttpclient.netty.handler.HttpHandler - 

Request DefaultHttpRequest(decodeResult: success, version: HTTP/1.1)
POST /session/15d1af94c853d78bb2b59fcb0eb120ce/element/1B24E26FBA9155B462EAA320BD0C0AC6_element_29/value HTTP/1.1
User-Agent: selenium/4.8.3 (java windows)
Content-Length: 188
Content-Type: application/json; charset=utf-8
host: localhost:4481
accept: */*

Response DefaultHttpResponse(decodeResult: success, version: HTTP/1.1)
HTTP/1.1 200 OK
Content-Length: 14
Content-Type: application/json; charset=utf-8
cache-control: no-cache

20:26:31.332 [AsyncHttpClient-1-5] DEBUG org.asynchttpclient.netty.channel.ChannelManager - Adding key: http://localhost:4481 for channel [id: 0x124e09ac, L:/127.0.0.1:60957 - R:localhost/127.0.0.1:4481]
20:26:31.332 [Forwarding findElement on session 15d1af94c853d78bb2b59fcb0eb120ce to remote] DEBUG org.asynchttpclient.netty.request.NettyRequestSender - Using pooled Channel '[id: 0x124e09ac, L:/127.0.0.1:60957 - R:localhost/127.0.0.1:4481]' for 'POST' to 'http://localhost:4481/session/15d1af94c853d78bb2b59fcb0eb120ce/element'
20:26:31.332 [Forwarding findElement on session 15d1af94c853d78bb2b59fcb0eb120ce to remote] DEBUG org.asynchttpclient.netty.request.NettyRequestSender - Using open Channel [id: 0x124e09ac, L:/127.0.0.1:60957 - R:localhost/127.0.0.1:4481] for POST '/session/15d1af94c853d78bb2b59fcb0eb120ce/element'
20:26:31.352 [AsyncHttpClient-1-5] DEBUG org.asynchttpclient.netty.handler.HttpHandler - 

Request DefaultHttpRequest(decodeResult: success, version: HTTP/1.1)
POST /session/15d1af94c853d78bb2b59fcb0eb120ce/element HTTP/1.1
User-Agent: selenium/4.8.3 (java windows)
Content-Length: 62
Content-Type: application/json; charset=utf-8
host: localhost:4481
accept: */*

Response DefaultHttpResponse(decodeResult: success, version: HTTP/1.1)
HTTP/1.1 200 OK
Content-Length: 95
Content-Type: application/json; charset=utf-8
cache-control: no-cache

20:26:31.352 [AsyncHttpClient-1-5] DEBUG org.asynchttpclient.netty.channel.ChannelManager - Adding key: http://localhost:4481 for channel [id: 0x124e09ac, L:/127.0.0.1:60957 - R:localhost/127.0.0.1:4481]
20:26:31.353 [Forwarding clearElement on session 15d1af94c853d78bb2b59fcb0eb120ce to remote] DEBUG org.asynchttpclient.netty.request.NettyRequestSender - Using pooled Channel '[id: 0x124e09ac, L:/127.0.0.1:60957 - R:localhost/127.0.0.1:4481]' for 'POST' to 'http://localhost:4481/session/15d1af94c853d78bb2b59fcb0eb120ce/element/1B24E26FBA9155B462EAA320BD0C0AC6_element_32/clear'
20:26:31.353 [Forwarding clearElement on session 15d1af94c853d78bb2b59fcb0eb120ce to remote] DEBUG org.asynchttpclient.netty.request.NettyRequestSender - Using open Channel [id: 0x124e09ac, L:/127.0.0.1:60957 - R:localhost/127.0.0.1:4481] for POST '/session/15d1af94c853d78bb2b59fcb0eb120ce/element/1B24E26FBA9155B462EAA320BD0C0AC6_element_32/clear'
20:26:31.380 [AsyncHttpClient-1-5] DEBUG org.asynchttpclient.netty.handler.HttpHandler - 

Request DefaultHttpRequest(decodeResult: success, version: HTTP/1.1)
POST /session/15d1af94c853d78bb2b59fcb0eb120ce/element/1B24E26FBA9155B462EAA320BD0C0AC6_element_32/clear HTTP/1.1
User-Agent: selenium/4.8.3 (java windows)
Content-Length: 57
Content-Type: application/json; charset=utf-8
host: localhost:4481
accept: */*

Response DefaultHttpResponse(decodeResult: success, version: HTTP/1.1)
HTTP/1.1 200 OK
Content-Length: 14
Content-Type: application/json; charset=utf-8
cache-control: no-cache

20:26:31.380 [AsyncHttpClient-1-5] DEBUG org.asynchttpclient.netty.channel.ChannelManager - Adding key: http://localhost:4481 for channel [id: 0x124e09ac, L:/127.0.0.1:60957 - R:localhost/127.0.0.1:4481]
20:26:31.381 [Forwarding findElement on session 15d1af94c853d78bb2b59fcb0eb120ce to remote] DEBUG org.asynchttpclient.netty.request.NettyRequestSender - Using pooled Channel '[id: 0x124e09ac, L:/127.0.0.1:60957 - R:localhost/127.0.0.1:4481]' for 'POST' to 'http://localhost:4481/session/15d1af94c853d78bb2b59fcb0eb120ce/element'
20:26:31.381 [Forwarding findElement on session 15d1af94c853d78bb2b59fcb0eb120ce to remote] DEBUG org.asynchttpclient.netty.request.NettyRequestSender - Using open Channel [id: 0x124e09ac, L:/127.0.0.1:60957 - R:localhost/127.0.0.1:4481] for POST '/session/15d1af94c853d78bb2b59fcb0eb120ce/element'
20:26:31.387 [AsyncHttpClient-1-5] DEBUG org.asynchttpclient.netty.handler.HttpHandler - 

Request DefaultHttpRequest(decodeResult: success, version: HTTP/1.1)
POST /session/15d1af94c853d78bb2b59fcb0eb120ce/element HTTP/1.1
User-Agent: selenium/4.8.3 (java windows)
Content-Length: 62
Content-Type: application/json; charset=utf-8
host: localhost:4481
accept: */*

Response DefaultHttpResponse(decodeResult: success, version: HTTP/1.1)
HTTP/1.1 200 OK
Content-Length: 95
Content-Type: application/json; charset=utf-8
cache-control: no-cache

20:26:31.387 [AsyncHttpClient-1-5] DEBUG org.asynchttpclient.netty.channel.ChannelManager - Adding key: http://localhost:4481 for channel [id: 0x124e09ac, L:/127.0.0.1:60957 - R:localhost/127.0.0.1:4481]
20:26:31.388 [Forwarding sendKeysToElement on session 15d1af94c853d78bb2b59fcb0eb120ce to remote] DEBUG org.asynchttpclient.netty.request.NettyRequestSender - Using pooled Channel '[id: 0x124e09ac, L:/127.0.0.1:60957 - R:localhost/127.0.0.1:4481]' for 'POST' to 'http://localhost:4481/session/15d1af94c853d78bb2b59fcb0eb120ce/element/1B24E26FBA9155B462EAA320BD0C0AC6_element_32/value'
20:26:31.388 [Forwarding sendKeysToElement on session 15d1af94c853d78bb2b59fcb0eb120ce to remote] DEBUG org.asynchttpclient.netty.request.NettyRequestSender - Using open Channel [id: 0x124e09ac, L:/127.0.0.1:60957 - R:localhost/127.0.0.1:4481] for POST '/session/15d1af94c853d78bb2b59fcb0eb120ce/element/1B24E26FBA9155B462EAA320BD0C0AC6_element_32/value'
20:26:31.455 [AsyncHttpClient-1-5] DEBUG org.asynchttpclient.netty.handler.HttpHandler - 

Request DefaultHttpRequest(decodeResult: success, version: HTTP/1.1)
POST /session/15d1af94c853d78bb2b59fcb0eb120ce/element/1B24E26FBA9155B462EAA320BD0C0AC6_element_32/value HTTP/1.1
User-Agent: selenium/4.8.3 (java windows)
Content-Length: 148
Content-Type: application/json; charset=utf-8
host: localhost:4481
accept: */*

Response DefaultHttpResponse(decodeResult: success, version: HTTP/1.1)
HTTP/1.1 200 OK
Content-Length: 14
Content-Type: application/json; charset=utf-8
cache-control: no-cache

20:26:31.456 [AsyncHttpClient-1-5] DEBUG org.asynchttpclient.netty.channel.ChannelManager - Adding key: http://localhost:4481 for channel [id: 0x124e09ac, L:/127.0.0.1:60957 - R:localhost/127.0.0.1:4481]
20:26:31.456 [Forwarding findElement on session 15d1af94c853d78bb2b59fcb0eb120ce to remote] DEBUG org.asynchttpclient.netty.request.NettyRequestSender - Using pooled Channel '[id: 0x124e09ac, L:/127.0.0.1:60957 - R:localhost/127.0.0.1:4481]' for 'POST' to 'http://localhost:4481/session/15d1af94c853d78bb2b59fcb0eb120ce/element'
20:26:31.457 [Forwarding findElement on session 15d1af94c853d78bb2b59fcb0eb120ce to remote] DEBUG org.asynchttpclient.netty.request.NettyRequestSender - Using open Channel [id: 0x124e09ac, L:/127.0.0.1:60957 - R:localhost/127.0.0.1:4481] for POST '/session/15d1af94c853d78bb2b59fcb0eb120ce/element'
20:26:31.470 [AsyncHttpClient-1-5] DEBUG org.asynchttpclient.netty.handler.HttpHandler - 

Request DefaultHttpRequest(decodeResult: success, version: HTTP/1.1)
POST /session/15d1af94c853d78bb2b59fcb0eb120ce/element HTTP/1.1
User-Agent: selenium/4.8.3 (java windows)
Content-Length: 71
Content-Type: application/json; charset=utf-8
host: localhost:4481
accept: */*

Response DefaultHttpResponse(decodeResult: success, version: HTTP/1.1)
HTTP/1.1 200 OK
Content-Length: 95
Content-Type: application/json; charset=utf-8
cache-control: no-cache

20:26:31.470 [AsyncHttpClient-1-5] DEBUG org.asynchttpclient.netty.channel.ChannelManager - Adding key: http://localhost:4481 for channel [id: 0x124e09ac, L:/127.0.0.1:60957 - R:localhost/127.0.0.1:4481]
20:26:31.471 [Forwarding clickElement on session 15d1af94c853d78bb2b59fcb0eb120ce to remote] DEBUG org.asynchttpclient.netty.request.NettyRequestSender - Using pooled Channel '[id: 0x124e09ac, L:/127.0.0.1:60957 - R:localhost/127.0.0.1:4481]' for 'POST' to 'http://localhost:4481/session/15d1af94c853d78bb2b59fcb0eb120ce/element/1B24E26FBA9155B462EAA320BD0C0AC6_element_33/click'
20:26:31.472 [Forwarding clickElement on session 15d1af94c853d78bb2b59fcb0eb120ce to remote] DEBUG org.asynchttpclient.netty.request.NettyRequestSender - Using open Channel [id: 0x124e09ac, L:/127.0.0.1:60957 - R:localhost/127.0.0.1:4481] for POST '/session/15d1af94c853d78bb2b59fcb0eb120ce/element/1B24E26FBA9155B462EAA320BD0C0AC6_element_33/click'
20:26:31.516 [AsyncHttpClient-1-5] DEBUG org.asynchttpclient.netty.handler.HttpHandler - 

Request DefaultHttpRequest(decodeResult: success, version: HTTP/1.1)
POST /session/15d1af94c853d78bb2b59fcb0eb120ce/element/1B24E26FBA9155B462EAA320BD0C0AC6_element_33/click HTTP/1.1
User-Agent: selenium/4.8.3 (java windows)
Content-Length: 57
Content-Type: application/json; charset=utf-8
host: localhost:4481
accept: */*

Response DefaultHttpResponse(decodeResult: success, version: HTTP/1.1)
HTTP/1.1 200 OK
Content-Length: 14
Content-Type: application/json; charset=utf-8
cache-control: no-cache

20:26:31.516 [AsyncHttpClient-1-5] DEBUG org.asynchttpclient.netty.channel.ChannelManager - Adding key: http://localhost:4481 for channel [id: 0x124e09ac, L:/127.0.0.1:60957 - R:localhost/127.0.0.1:4481]
2023-06-06 20:26:31 INFO  BaseTest:126 - Logged in
20:26:31.518 [rp-io-41] DEBUG com.epam.reportportal.service.Launch - Starting test item...rp-io-41
2023-06-06 20:26:31 INFO  Listeners:34 - Started Test null
20:26:31.519 [Forwarding findElement on session 15d1af94c853d78bb2b59fcb0eb120ce to remote] DEBUG org.asynchttpclient.netty.request.NettyRequestSender - Using pooled Channel '[id: 0x124e09ac, L:/127.0.0.1:60957 - R:localhost/127.0.0.1:4481]' for 'POST' to 'http://localhost:4481/session/15d1af94c853d78bb2b59fcb0eb120ce/element'
20:26:31.519 [Forwarding findElement on session 15d1af94c853d78bb2b59fcb0eb120ce to remote] DEBUG org.asynchttpclient.netty.request.NettyRequestSender - Using open Channel [id: 0x124e09ac, L:/127.0.0.1:60957 - R:localhost/127.0.0.1:4481] for POST '/session/15d1af94c853d78bb2b59fcb0eb120ce/element'
20:26:31.538 [rp-io-32] DEBUG com.epam.reportportal.service.Launch - TestItem with ID = 'e74c3d0c-30ea-46c2-baa8-f16b35171b5e' successfully finished.
20:26:31.538 [rp-io-32] DEBUG com.epam.reportportal.utils.SubscriptionUtils - Finish test item completed
20:26:31.550 [rp-io-41] DEBUG com.epam.reportportal.service.Launch - ReportPortal item with ID '5225b6bf-fe33-4b69-8122-a8c770a2bc7e' has been created
20:26:31.550 [rp-io-41] DEBUG com.epam.reportportal.utils.SubscriptionUtils - Start test item successfully completed
20:26:31.589 [AsyncHttpClient-1-1] DEBUG org.asynchttpclient.netty.channel.DefaultChannelPool - Entry count for : http://localhost:60958 : 1
20:26:31.891 [AsyncHttpClient-1-5] DEBUG org.asynchttpclient.netty.handler.HttpHandler - 

Request DefaultHttpRequest(decodeResult: success, version: HTTP/1.1)
POST /session/15d1af94c853d78bb2b59fcb0eb120ce/element HTTP/1.1
User-Agent: selenium/4.8.3 (java windows)
Content-Length: 168
Content-Type: application/json; charset=utf-8
host: localhost:4481
accept: */*

Response DefaultHttpResponse(decodeResult: success, version: HTTP/1.1)
HTTP/1.1 200 OK
Content-Length: 95
Content-Type: application/json; charset=utf-8
cache-control: no-cache

20:26:31.892 [AsyncHttpClient-1-5] DEBUG org.asynchttpclient.netty.channel.ChannelManager - Adding key: http://localhost:4481 for channel [id: 0x124e09ac, L:/127.0.0.1:60957 - R:localhost/127.0.0.1:4481]
20:26:31.892 [Forwarding clickElement on session 15d1af94c853d78bb2b59fcb0eb120ce to remote] DEBUG org.asynchttpclient.netty.request.NettyRequestSender - Using pooled Channel '[id: 0x124e09ac, L:/127.0.0.1:60957 - R:localhost/127.0.0.1:4481]' for 'POST' to 'http://localhost:4481/session/15d1af94c853d78bb2b59fcb0eb120ce/element/1B24E26FBA9155B462EAA320BD0C0AC6_element_47/click'
20:26:31.892 [Forwarding clickElement on session 15d1af94c853d78bb2b59fcb0eb120ce to remote] DEBUG org.asynchttpclient.netty.request.NettyRequestSender - Using open Channel [id: 0x124e09ac, L:/127.0.0.1:60957 - R:localhost/127.0.0.1:4481] for POST '/session/15d1af94c853d78bb2b59fcb0eb120ce/element/1B24E26FBA9155B462EAA320BD0C0AC6_element_47/click'
20:26:32.040 [AsyncHttpClient-1-5] DEBUG org.asynchttpclient.netty.handler.HttpHandler - 

Request DefaultHttpRequest(decodeResult: success, version: HTTP/1.1)
POST /session/15d1af94c853d78bb2b59fcb0eb120ce/element/1B24E26FBA9155B462EAA320BD0C0AC6_element_47/click HTTP/1.1
User-Agent: selenium/4.8.3 (java windows)
Content-Length: 57
Content-Type: application/json; charset=utf-8
host: localhost:4481
accept: */*

Response DefaultHttpResponse(decodeResult: success, version: HTTP/1.1)
HTTP/1.1 200 OK
Content-Length: 14
Content-Type: application/json; charset=utf-8
cache-control: no-cache

20:26:32.040 [AsyncHttpClient-1-5] DEBUG org.asynchttpclient.netty.channel.ChannelManager - Adding key: http://localhost:4481 for channel [id: 0x124e09ac, L:/127.0.0.1:60957 - R:localhost/127.0.0.1:4481]
20:26:32.041 [Forwarding findElement on session 15d1af94c853d78bb2b59fcb0eb120ce to remote] DEBUG org.asynchttpclient.netty.request.NettyRequestSender - Using pooled Channel '[id: 0x124e09ac, L:/127.0.0.1:60957 - R:localhost/127.0.0.1:4481]' for 'POST' to 'http://localhost:4481/session/15d1af94c853d78bb2b59fcb0eb120ce/element'
20:26:32.041 [Forwarding findElement on session 15d1af94c853d78bb2b59fcb0eb120ce to remote] DEBUG org.asynchttpclient.netty.request.NettyRequestSender - Using open Channel [id: 0x124e09ac, L:/127.0.0.1:60957 - R:localhost/127.0.0.1:4481] for POST '/session/15d1af94c853d78bb2b59fcb0eb120ce/element'
20:26:32.691 [AsyncHttpClient-1-1] DEBUG org.asynchttpclient.netty.channel.DefaultChannelPool - Entry count for : http://localhost:60958 : 1
20:26:33.791 [AsyncHttpClient-1-1] DEBUG org.asynchttpclient.netty.channel.DefaultChannelPool - Entry count for : http://localhost:60958 : 1
20:26:34.891 [AsyncHttpClient-1-1] DEBUG org.asynchttpclient.netty.channel.DefaultChannelPool - Entry count for : http://localhost:60958 : 1
20:26:35.990 [AsyncHttpClient-1-1] DEBUG org.asynchttpclient.netty.channel.DefaultChannelPool - Entry count for : http://localhost:60958 : 1
20:26:36.369 [AsyncHttpClient-1-5] DEBUG org.asynchttpclient.netty.handler.HttpHandler - 

Request DefaultHttpRequest(decodeResult: success, version: HTTP/1.1)
POST /session/15d1af94c853d78bb2b59fcb0eb120ce/element HTTP/1.1
User-Agent: selenium/4.8.3 (java windows)
Content-Length: 77
Content-Type: application/json; charset=utf-8
host: localhost:4481
accept: */*

Response DefaultHttpResponse(decodeResult: success, version: HTTP/1.1)
HTTP/1.1 404 Not Found
Content-Length: 967
Content-Type: application/json; charset=utf-8
cache-control: no-cache

20:26:36.369 [AsyncHttpClient-1-5] DEBUG org.asynchttpclient.netty.channel.ChannelManager - Adding key: http://localhost:4481 for channel [id: 0x124e09ac, L:/127.0.0.1:60957 - R:localhost/127.0.0.1:4481]
2023-06-06 20:26:36 INFO  Listeners:42 - Failed Test null
]]></system-out>
    <system-err><![CDATA[Starting ChromeDriver 114.0.5735.90 (386bc09e8f4f2e025eddae123f36f6263096ae49-refs/branch-heads/5735@{#1052}) on port 4481
Only local connections are allowed.
Please see https://chromedriver.chromium.org/security-considerations for suggestions on keeping ChromeDriver safe.
ChromeDriver was started successfully.
Jun 06, 2023 8:26:29 PM org.openqa.selenium.devtools.CdpVersionFinder findNearestMatch
WARNING: Unable to find an exact match for CDP version 114, so returning the closest version found: 111
]]></system-err>
  </testcase>
  <testcase name="totalWidgetPresent" classname="alltests.uitest.coreTest.DashboardPageTest" time="0.733">
    <system-out><![CDATA[20:26:36.373 [rp-io-44] DEBUG com.epam.reportportal.service.Launch - Starting test item...rp-io-44
20:26:36.376 [Forwarding screenshot on session 15d1af94c853d78bb2b59fcb0eb120ce to remote] DEBUG org.asynchttpclient.netty.request.NettyRequestSender - Using pooled Channel '[id: 0x124e09ac, L:/127.0.0.1:60957 - R:localhost/127.0.0.1:4481]' for 'GET' to 'http://localhost:4481/session/15d1af94c853d78bb2b59fcb0eb120ce/screenshot'
20:26:36.376 [Forwarding screenshot on session 15d1af94c853d78bb2b59fcb0eb120ce to remote] DEBUG org.asynchttpclient.netty.request.NettyRequestSender - Using open Channel [id: 0x124e09ac, L:/127.0.0.1:60957 - R:localhost/127.0.0.1:4481] for GET '/session/15d1af94c853d78bb2b59fcb0eb120ce/screenshot'
20:26:36.394 [rp-io-46] DEBUG com.epam.reportportal.service.Launch - ReportPortal item with ID '5b6bddc0-5056-49ab-856d-cdea7686a716' has been created
20:26:36.394 [rp-io-46] DEBUG com.epam.reportportal.utils.SubscriptionUtils - Start test item successfully completed
20:26:36.405 [rp-io-42] DEBUG com.epam.reportportal.service.Launch - TestItem with ID = '5225b6bf-fe33-4b69-8122-a8c770a2bc7e' successfully finished.
20:26:36.405 [rp-io-42] DEBUG com.epam.reportportal.utils.SubscriptionUtils - Finish test item completed
20:26:36.488 [AsyncHttpClient-1-5] DEBUG org.asynchttpclient.netty.handler.HttpHandler - 

Request DefaultFullHttpRequest(decodeResult: success, version: HTTP/1.1, content: EmptyByteBufBE)
GET /session/15d1af94c853d78bb2b59fcb0eb120ce/screenshot HTTP/1.1
User-Agent: selenium/4.8.3 (java windows)
Cache-Control: no-cache
Content-Type: application/json; charset=utf-8
host: localhost:4481
accept: */*

Response DefaultHttpResponse(decodeResult: success, version: HTTP/1.1)
HTTP/1.1 200 OK
Content-Length: 164140
Content-Type: application/json; charset=utf-8
cache-control: no-cache

20:26:36.489 [AsyncHttpClient-1-5] DEBUG org.asynchttpclient.netty.channel.ChannelManager - Adding key: http://localhost:4481 for channel [id: 0x124e09ac, L:/127.0.0.1:60957 - R:localhost/127.0.0.1:4481]
20:26:36.496 [AsyncHttpClient-1-7] DEBUG org.asynchttpclient.netty.handler.WebSocketHandler - Channel Closed: [id: 0xe8f0d1c3, L:/127.0.0.1:60969 ! R:localhost/127.0.0.1:60958] with attribute NettyResponseFuture{currentRetry=0,
	isDone=1,
	isCancelled=0,
	asyncHandler=org.asynchttpclient.ws.WebSocketUpgradeHandler@698e85ec,
	nettyRequest=org.asynchttpclient.netty.request.NettyRequest@fa2ed72,
	future=java.util.concurrent.CompletableFuture@1a032b3e[Completed normally],
	uri=ws://localhost:60958/devtools/browser/edadd29b-2118-4f2b-b66a-5502665911f3,
	keepAlive=true,
	redirectCount=0,
	timeoutsHolder=null,
	inAuth=0,
	touch=1686075989331}
20:26:36.496 [AsyncHttpClient-1-7] DEBUG org.asynchttpclient.netty.channel.ChannelManager - Closing Channel [id: 0xe8f0d1c3, L:/127.0.0.1:60969 ! R:localhost/127.0.0.1:60958] 
20:26:36.496 [Driver Command Executor] DEBUG org.asynchttpclient.netty.request.NettyRequestSender - Using pooled Channel '[id: 0x124e09ac, L:/127.0.0.1:60957 - R:localhost/127.0.0.1:4481]' for 'DELETE' to 'http://localhost:4481/session/15d1af94c853d78bb2b59fcb0eb120ce'
20:26:36.496 [Driver Command Executor] DEBUG org.asynchttpclient.netty.request.NettyRequestSender - Using open Channel [id: 0x124e09ac, L:/127.0.0.1:60957 - R:localhost/127.0.0.1:4481] for DELETE '/session/15d1af94c853d78bb2b59fcb0eb120ce'
20:26:36.578 [AsyncHttpClient-1-6] DEBUG org.asynchttpclient.netty.handler.HttpHandler - Unexpected I/O exception on channel [id: 0xb80b7495, L:/127.0.0.1:60968 - R:localhost/127.0.0.1:60958]
java.net.SocketException: Connection reset
	at java.base/sun.nio.ch.SocketChannelImpl.throwConnectionReset(SocketChannelImpl.java:394)
	at java.base/sun.nio.ch.SocketChannelImpl.read(SocketChannelImpl.java:426)
	at io.netty.buffer.PooledByteBuf.setBytes(PooledByteBuf.java:256)
	at io.netty.buffer.AbstractByteBuf.writeBytes(AbstractByteBuf.java:1132)
	at io.netty.channel.socket.nio.NioSocketChannel.doReadBytes(NioSocketChannel.java:357)
	at io.netty.channel.nio.AbstractNioByteChannel$NioByteUnsafe.read(AbstractNioByteChannel.java:151)
	at io.netty.channel.nio.NioEventLoop.processSelectedKey(NioEventLoop.java:788)
	at io.netty.channel.nio.NioEventLoop.processSelectedKeysOptimized(NioEventLoop.java:724)
	at io.netty.channel.nio.NioEventLoop.processSelectedKeys(NioEventLoop.java:650)
	at io.netty.channel.nio.NioEventLoop.run(NioEventLoop.java:562)
	at io.netty.util.concurrent.SingleThreadEventExecutor$4.run(SingleThreadEventExecutor.java:997)
	at io.netty.util.internal.ThreadExecutorMap$2.run(ThreadExecutorMap.java:74)
	at io.netty.util.concurrent.FastThreadLocalRunnable.run(FastThreadLocalRunnable.java:30)
	at java.base/java.lang.Thread.run(Thread.java:833)
20:26:36.578 [AsyncHttpClient-1-6] DEBUG org.asynchttpclient.netty.channel.ChannelManager - Closing Channel [id: 0xb80b7495, L:/127.0.0.1:60968 - R:localhost/127.0.0.1:60958] 
20:26:36.579 [AsyncHttpClient-1-6] DEBUG org.asynchttpclient.netty.handler.HttpHandler - Channel Closed: [id: 0xb80b7495, L:/127.0.0.1:60968 ! R:localhost/127.0.0.1:60958] with attribute DISCARD
20:26:36.603 [AsyncHttpClient-1-5] DEBUG org.asynchttpclient.netty.handler.HttpHandler - 

Request DefaultFullHttpRequest(decodeResult: success, version: HTTP/1.1, content: EmptyByteBufBE)
DELETE /session/15d1af94c853d78bb2b59fcb0eb120ce HTTP/1.1
User-Agent: selenium/4.8.3 (java windows)
Content-Type: application/json; charset=utf-8
host: localhost:4481
accept: */*

Response DefaultHttpResponse(decodeResult: success, version: HTTP/1.1)
HTTP/1.1 200 OK
Content-Length: 14
Content-Type: application/json; charset=utf-8
cache-control: no-cache

20:26:36.603 [AsyncHttpClient-1-5] DEBUG org.asynchttpclient.netty.channel.ChannelManager - Adding key: http://localhost:4481 for channel [id: 0x124e09ac, L:/127.0.0.1:60957 - R:localhost/127.0.0.1:4481]
20:26:36.644 [AsyncHttpClient-1-5] DEBUG org.asynchttpclient.netty.handler.HttpHandler - Channel Closed: [id: 0x124e09ac, L:/127.0.0.1:60957 ! R:localhost/127.0.0.1:4481] with attribute DISCARD
2023-06-06 20:26:36 INFO  BaseTest:83 - Test executed**********
20:26:36.698 [rp-io-52] DEBUG com.epam.reportportal.service.Launch - Starting test item...rp-io-52
2023-06-06 20:26:36 INFO  BaseTest:110 - Property files loaded successfully**********
20:26:36.707 [main] DEBUG io.github.bonigarcia.wdm.cache.ResolutionCache - Resolution chrome=114 in cache (valid until 21:23:55 06/06/2023 CEST)
20:26:36.708 [main] DEBUG io.github.bonigarcia.wdm.cache.ResolutionCache - Resolution chrome114=114.0.5735.90 in cache (valid until 16:16:26 07/06/2023 CEST)
20:26:36.708 [main] INFO io.github.bonigarcia.wdm.WebDriverManager - Using chromedriver 114.0.5735.90 (resolved driver for Chrome 114)
20:26:36.711 [rp-io-49] DEBUG com.epam.reportportal.service.Launch - TestItem with ID = '5b6bddc0-5056-49ab-856d-cdea7686a716' successfully finished.
20:26:36.711 [rp-io-49] DEBUG com.epam.reportportal.utils.SubscriptionUtils - Finish test item completed
20:26:36.713 [main] DEBUG io.github.bonigarcia.wdm.WebDriverManager - Driver chromedriver 114.0.5735.90 found in cache
20:26:36.713 [main] INFO io.github.bonigarcia.wdm.WebDriverManager - Exporting webdriver.chrome.driver as C:\Users\Suwarna_Wagh\.cache\selenium\chromedriver\win32\114.0.5735.90\chromedriver.exe
20:26:36.716 [rp-io-53] DEBUG com.epam.reportportal.service.Launch - ReportPortal item with ID 'dcb40fe0-0376-4a96-a545-6ffc2de909cb' has been created
20:26:36.716 [rp-io-53] DEBUG com.epam.reportportal.utils.SubscriptionUtils - Start test item successfully completed
20:26:36.900 [AsyncHttpClient-1-8] DEBUG org.asynchttpclient.netty.channel.NettyConnectListener - Using new Channel '[id: 0x71378572, L:/127.0.0.1:60992 - R:localhost/127.0.0.1:45933]' for 'POST' to '/session'
20:26:37.090 [AsyncHttpClient-1-1] DEBUG org.asynchttpclient.netty.channel.DefaultChannelPool - Entry count for : http://localhost:4481 : 1
20:26:37.090 [AsyncHttpClient-1-1] DEBUG org.asynchttpclient.netty.channel.DefaultChannelPool - Entry count for : http://localhost:60958 : 1
20:26:37.090 [AsyncHttpClient-1-1] DEBUG org.asynchttpclient.netty.channel.DefaultChannelPool - Adding Candidate expired Channel [id: 0x124e09ac, L:/127.0.0.1:60957 ! R:localhost/127.0.0.1:4481] isIdleTimeoutExpired=false isRemotelyClosed=true isTtlExpired=false
20:26:37.090 [AsyncHttpClient-1-1] DEBUG org.asynchttpclient.netty.channel.DefaultChannelPool - Closing Idle Channel [id: 0x124e09ac, L:/127.0.0.1:60957 ! R:localhost/127.0.0.1:4481]
20:26:37.090 [AsyncHttpClient-1-1] DEBUG org.asynchttpclient.netty.channel.DefaultChannelPool - Adding Candidate expired Channel [id: 0xb80b7495, L:/127.0.0.1:60968 ! R:localhost/127.0.0.1:60958] isIdleTimeoutExpired=false isRemotelyClosed=true isTtlExpired=false
20:26:37.090 [AsyncHttpClient-1-1] DEBUG org.asynchttpclient.netty.channel.DefaultChannelPool - Closing Idle Channel [id: 0xb80b7495, L:/127.0.0.1:60968 ! R:localhost/127.0.0.1:60958]
20:26:37.090 [AsyncHttpClient-1-1] DEBUG org.asynchttpclient.netty.channel.DefaultChannelPool - Closed 2 connections out of 2 in 0 ms
20:26:37.709 [AsyncHttpClient-1-8] DEBUG org.asynchttpclient.netty.handler.HttpHandler - 

Request DefaultHttpRequest(decodeResult: success, version: HTTP/1.1)
POST /session HTTP/1.1
User-Agent: selenium/4.8.3 (java windows)
Content-Length: 439
Content-Type: application/json; charset=utf-8
host: localhost:45933
accept: */*

Response DefaultHttpResponse(decodeResult: success, version: HTTP/1.1)
HTTP/1.1 200 OK
Content-Length: 864
Content-Type: application/json; charset=utf-8
cache-control: no-cache

20:26:37.710 [AsyncHttpClient-1-8] DEBUG org.asynchttpclient.netty.channel.ChannelManager - Adding key: http://localhost:45933 for channel [id: 0x71378572, L:/127.0.0.1:60992 - R:localhost/127.0.0.1:45933]
20:26:37.716 [AsyncHttpClient-1-9] DEBUG org.asynchttpclient.netty.channel.NettyConnectListener - Using new Channel '[id: 0x87de1d12, L:/127.0.0.1:60999 - R:localhost/127.0.0.1:60993]' for 'GET' to '/json/version'
20:26:37.717 [AsyncHttpClient-1-9] DEBUG org.asynchttpclient.netty.handler.HttpHandler - 

Request DefaultFullHttpRequest(decodeResult: success, version: HTTP/1.1, content: EmptyByteBufBE)
GET /json/version HTTP/1.1
User-Agent: selenium/4.8.3 (java windows)
host: localhost:60993
accept: */*

Response DefaultHttpResponse(decodeResult: success, version: HTTP/1.1)
HTTP/1.1 200 OK
Content-Security-Policy: frame-ancestors 'none'
Content-Length: 424
Content-Type: application/json; charset=UTF-8

20:26:37.717 [AsyncHttpClient-1-9] DEBUG org.asynchttpclient.netty.channel.ChannelManager - Adding key: http://localhost:60993 for channel [id: 0x87de1d12, L:/127.0.0.1:60999 - R:localhost/127.0.0.1:60993]
20:26:37.718 [AsyncHttpClient-1-10] DEBUG org.asynchttpclient.netty.channel.NettyConnectListener - Using new Channel '[id: 0x193376e5, L:/127.0.0.1:61000 - R:localhost/127.0.0.1:60993]' for 'GET' to '/devtools/browser/0812773c-ce56-455e-a4a2-ee1515920b6c'
20:26:37.720 [AsyncHttpClient-1-10] DEBUG org.asynchttpclient.netty.handler.WebSocketHandler - 

Request DefaultFullHttpRequest(decodeResult: success, version: HTTP/1.1, content: EmptyByteBufBE)
GET /devtools/browser/0812773c-ce56-455e-a4a2-ee1515920b6c HTTP/1.1
upgrade: websocket
connection: upgrade
sec-websocket-key: o5knNx50hIlvWiFWemf6+Q==
sec-websocket-version: 13
origin: http://localhost:60993
host: localhost:60993
accept: */*
user-agent: AHC/2.1

Response DefaultHttpResponse(decodeResult: success, version: HTTP/1.1)
HTTP/1.1 101 WebSocket Protocol Handshake
Upgrade: WebSocket
Connection: Upgrade
Sec-WebSocket-Accept: byPi2tfXAW7dOSZzwi4hLVBWcRM=

20:26:37.722 [Forwarding setTimeout on session 7978c2524287a0ed9a65ac559e8410d3 to remote] DEBUG org.asynchttpclient.netty.request.NettyRequestSender - Using pooled Channel '[id: 0x71378572, L:/127.0.0.1:60992 - R:localhost/127.0.0.1:45933]' for 'POST' to 'http://localhost:45933/session/7978c2524287a0ed9a65ac559e8410d3/timeouts'
20:26:37.722 [Forwarding setTimeout on session 7978c2524287a0ed9a65ac559e8410d3 to remote] DEBUG org.asynchttpclient.netty.request.NettyRequestSender - Using open Channel [id: 0x71378572, L:/127.0.0.1:60992 - R:localhost/127.0.0.1:45933] for POST '/session/7978c2524287a0ed9a65ac559e8410d3/timeouts'
20:26:37.723 [AsyncHttpClient-1-8] DEBUG org.asynchttpclient.netty.handler.HttpHandler - 

Request DefaultHttpRequest(decodeResult: success, version: HTTP/1.1)
POST /session/7978c2524287a0ed9a65ac559e8410d3/timeouts HTTP/1.1
User-Agent: selenium/4.8.3 (java windows)
Content-Length: 22
Content-Type: application/json; charset=utf-8
host: localhost:45933
accept: */*

Response DefaultHttpResponse(decodeResult: success, version: HTTP/1.1)
HTTP/1.1 200 OK
Content-Length: 14
Content-Type: application/json; charset=utf-8
cache-control: no-cache

20:26:37.723 [AsyncHttpClient-1-8] DEBUG org.asynchttpclient.netty.channel.ChannelManager - Adding key: http://localhost:45933 for channel [id: 0x71378572, L:/127.0.0.1:60992 - R:localhost/127.0.0.1:45933]
20:26:37.724 [Forwarding maximizeCurrentWindow on session 7978c2524287a0ed9a65ac559e8410d3 to remote] DEBUG org.asynchttpclient.netty.request.NettyRequestSender - Using pooled Channel '[id: 0x71378572, L:/127.0.0.1:60992 - R:localhost/127.0.0.1:45933]' for 'POST' to 'http://localhost:45933/session/7978c2524287a0ed9a65ac559e8410d3/window/maximize'
20:26:37.724 [Forwarding maximizeCurrentWindow on session 7978c2524287a0ed9a65ac559e8410d3 to remote] DEBUG org.asynchttpclient.netty.request.NettyRequestSender - Using open Channel [id: 0x71378572, L:/127.0.0.1:60992 - R:localhost/127.0.0.1:45933] for POST '/session/7978c2524287a0ed9a65ac559e8410d3/window/maximize'
20:26:37.840 [AsyncHttpClient-1-8] DEBUG org.asynchttpclient.netty.handler.HttpHandler - 

Request DefaultHttpRequest(decodeResult: success, version: HTTP/1.1)
POST /session/7978c2524287a0ed9a65ac559e8410d3/window/maximize HTTP/1.1
User-Agent: selenium/4.8.3 (java windows)
Content-Length: 3
Content-Type: application/json; charset=utf-8
host: localhost:45933
accept: */*

Response DefaultHttpResponse(decodeResult: success, version: HTTP/1.1)
HTTP/1.1 200 OK
Content-Length: 51
Content-Type: application/json; charset=utf-8
cache-control: no-cache

20:26:37.840 [AsyncHttpClient-1-8] DEBUG org.asynchttpclient.netty.channel.ChannelManager - Adding key: http://localhost:45933 for channel [id: 0x71378572, L:/127.0.0.1:60992 - R:localhost/127.0.0.1:45933]
20:26:37.841 [Forwarding get on session 7978c2524287a0ed9a65ac559e8410d3 to remote] DEBUG org.asynchttpclient.netty.request.NettyRequestSender - Using pooled Channel '[id: 0x71378572, L:/127.0.0.1:60992 - R:localhost/127.0.0.1:45933]' for 'POST' to 'http://localhost:45933/session/7978c2524287a0ed9a65ac559e8410d3/url'
20:26:37.841 [Forwarding get on session 7978c2524287a0ed9a65ac559e8410d3 to remote] DEBUG org.asynchttpclient.netty.request.NettyRequestSender - Using open Channel [id: 0x71378572, L:/127.0.0.1:60992 - R:localhost/127.0.0.1:45933] for POST '/session/7978c2524287a0ed9a65ac559e8410d3/url'
20:26:38.189 [AsyncHttpClient-1-1] DEBUG org.asynchttpclient.netty.channel.DefaultChannelPool - Entry count for : http://localhost:60993 : 1
20:26:39.291 [AsyncHttpClient-1-1] DEBUG org.asynchttpclient.netty.channel.DefaultChannelPool - Entry count for : http://localhost:60993 : 1
20:26:39.493 [AsyncHttpClient-1-8] DEBUG org.asynchttpclient.netty.handler.HttpHandler - 

Request DefaultHttpRequest(decodeResult: success, version: HTTP/1.1)
POST /session/7978c2524287a0ed9a65ac559e8410d3/url HTTP/1.1
User-Agent: selenium/4.8.3 (java windows)
Content-Length: 52
Content-Type: application/json; charset=utf-8
host: localhost:45933
accept: */*

Response DefaultHttpResponse(decodeResult: success, version: HTTP/1.1)
HTTP/1.1 200 OK
Content-Length: 14
Content-Type: application/json; charset=utf-8
cache-control: no-cache

20:26:39.493 [AsyncHttpClient-1-8] DEBUG org.asynchttpclient.netty.channel.ChannelManager - Adding key: http://localhost:45933 for channel [id: 0x71378572, L:/127.0.0.1:60992 - R:localhost/127.0.0.1:45933]
2023-06-06 20:26:39 INFO  BaseTest:104 - Test driver set up done successfully**********
2023-06-06 20:26:39 INFO  BaseTest:122 - Logging in to portal
20:26:39.496 [Forwarding findElement on session 7978c2524287a0ed9a65ac559e8410d3 to remote] DEBUG org.asynchttpclient.netty.request.NettyRequestSender - Using pooled Channel '[id: 0x71378572, L:/127.0.0.1:60992 - R:localhost/127.0.0.1:45933]' for 'POST' to 'http://localhost:45933/session/7978c2524287a0ed9a65ac559e8410d3/element'
20:26:39.496 [Forwarding findElement on session 7978c2524287a0ed9a65ac559e8410d3 to remote] DEBUG org.asynchttpclient.netty.request.NettyRequestSender - Using open Channel [id: 0x71378572, L:/127.0.0.1:60992 - R:localhost/127.0.0.1:45933] for POST '/session/7978c2524287a0ed9a65ac559e8410d3/element'
20:26:39.509 [AsyncHttpClient-1-8] DEBUG org.asynchttpclient.netty.handler.HttpHandler - 

Request DefaultHttpRequest(decodeResult: success, version: HTTP/1.1)
POST /session/7978c2524287a0ed9a65ac559e8410d3/element HTTP/1.1
User-Agent: selenium/4.8.3 (java windows)
Content-Length: 59
Content-Type: application/json; charset=utf-8
host: localhost:45933
accept: */*

Response DefaultHttpResponse(decodeResult: success, version: HTTP/1.1)
HTTP/1.1 200 OK
Content-Length: 95
Content-Type: application/json; charset=utf-8
cache-control: no-cache

20:26:39.509 [AsyncHttpClient-1-8] DEBUG org.asynchttpclient.netty.channel.ChannelManager - Adding key: http://localhost:45933 for channel [id: 0x71378572, L:/127.0.0.1:60992 - R:localhost/127.0.0.1:45933]
20:26:39.510 [Forwarding clearElement on session 7978c2524287a0ed9a65ac559e8410d3 to remote] DEBUG org.asynchttpclient.netty.request.NettyRequestSender - Using pooled Channel '[id: 0x71378572, L:/127.0.0.1:60992 - R:localhost/127.0.0.1:45933]' for 'POST' to 'http://localhost:45933/session/7978c2524287a0ed9a65ac559e8410d3/element/A0FA2D0247C4D2CA8B3956574B2EA69D_element_30/clear'
20:26:39.510 [Forwarding clearElement on session 7978c2524287a0ed9a65ac559e8410d3 to remote] DEBUG org.asynchttpclient.netty.request.NettyRequestSender - Using open Channel [id: 0x71378572, L:/127.0.0.1:60992 - R:localhost/127.0.0.1:45933] for POST '/session/7978c2524287a0ed9a65ac559e8410d3/element/A0FA2D0247C4D2CA8B3956574B2EA69D_element_30/clear'
20:26:39.557 [AsyncHttpClient-1-8] DEBUG org.asynchttpclient.netty.handler.HttpHandler - 

Request DefaultHttpRequest(decodeResult: success, version: HTTP/1.1)
POST /session/7978c2524287a0ed9a65ac559e8410d3/element/A0FA2D0247C4D2CA8B3956574B2EA69D_element_30/clear HTTP/1.1
User-Agent: selenium/4.8.3 (java windows)
Content-Length: 57
Content-Type: application/json; charset=utf-8
host: localhost:45933
accept: */*

Response DefaultHttpResponse(decodeResult: success, version: HTTP/1.1)
HTTP/1.1 200 OK
Content-Length: 14
Content-Type: application/json; charset=utf-8
cache-control: no-cache

20:26:39.557 [AsyncHttpClient-1-8] DEBUG org.asynchttpclient.netty.channel.ChannelManager - Adding key: http://localhost:45933 for channel [id: 0x71378572, L:/127.0.0.1:60992 - R:localhost/127.0.0.1:45933]
20:26:39.558 [Forwarding findElement on session 7978c2524287a0ed9a65ac559e8410d3 to remote] DEBUG org.asynchttpclient.netty.request.NettyRequestSender - Using pooled Channel '[id: 0x71378572, L:/127.0.0.1:60992 - R:localhost/127.0.0.1:45933]' for 'POST' to 'http://localhost:45933/session/7978c2524287a0ed9a65ac559e8410d3/element'
20:26:39.558 [Forwarding findElement on session 7978c2524287a0ed9a65ac559e8410d3 to remote] DEBUG org.asynchttpclient.netty.request.NettyRequestSender - Using open Channel [id: 0x71378572, L:/127.0.0.1:60992 - R:localhost/127.0.0.1:45933] for POST '/session/7978c2524287a0ed9a65ac559e8410d3/element'
20:26:39.566 [AsyncHttpClient-1-8] DEBUG org.asynchttpclient.netty.handler.HttpHandler - 

Request DefaultHttpRequest(decodeResult: success, version: HTTP/1.1)
POST /session/7978c2524287a0ed9a65ac559e8410d3/element HTTP/1.1
User-Agent: selenium/4.8.3 (java windows)
Content-Length: 59
Content-Type: application/json; charset=utf-8
host: localhost:45933
accept: */*

Response DefaultHttpResponse(decodeResult: success, version: HTTP/1.1)
HTTP/1.1 200 OK
Content-Length: 95
Content-Type: application/json; charset=utf-8
cache-control: no-cache

20:26:39.567 [AsyncHttpClient-1-8] DEBUG org.asynchttpclient.netty.channel.ChannelManager - Adding key: http://localhost:45933 for channel [id: 0x71378572, L:/127.0.0.1:60992 - R:localhost/127.0.0.1:45933]
20:26:39.568 [Forwarding sendKeysToElement on session 7978c2524287a0ed9a65ac559e8410d3 to remote] DEBUG org.asynchttpclient.netty.request.NettyRequestSender - Using pooled Channel '[id: 0x71378572, L:/127.0.0.1:60992 - R:localhost/127.0.0.1:45933]' for 'POST' to 'http://localhost:45933/session/7978c2524287a0ed9a65ac559e8410d3/element/A0FA2D0247C4D2CA8B3956574B2EA69D_element_30/value'
20:26:39.568 [Forwarding sendKeysToElement on session 7978c2524287a0ed9a65ac559e8410d3 to remote] DEBUG org.asynchttpclient.netty.request.NettyRequestSender - Using open Channel [id: 0x71378572, L:/127.0.0.1:60992 - R:localhost/127.0.0.1:45933] for POST '/session/7978c2524287a0ed9a65ac559e8410d3/element/A0FA2D0247C4D2CA8B3956574B2EA69D_element_30/value'
20:26:39.671 [AsyncHttpClient-1-8] DEBUG org.asynchttpclient.netty.handler.HttpHandler - 

Request DefaultHttpRequest(decodeResult: success, version: HTTP/1.1)
POST /session/7978c2524287a0ed9a65ac559e8410d3/element/A0FA2D0247C4D2CA8B3956574B2EA69D_element_30/value HTTP/1.1
User-Agent: selenium/4.8.3 (java windows)
Content-Length: 188
Content-Type: application/json; charset=utf-8
host: localhost:45933
accept: */*

Response DefaultHttpResponse(decodeResult: success, version: HTTP/1.1)
HTTP/1.1 200 OK
Content-Length: 14
Content-Type: application/json; charset=utf-8
cache-control: no-cache

20:26:39.671 [AsyncHttpClient-1-8] DEBUG org.asynchttpclient.netty.channel.ChannelManager - Adding key: http://localhost:45933 for channel [id: 0x71378572, L:/127.0.0.1:60992 - R:localhost/127.0.0.1:45933]
20:26:39.672 [Forwarding findElement on session 7978c2524287a0ed9a65ac559e8410d3 to remote] DEBUG org.asynchttpclient.netty.request.NettyRequestSender - Using pooled Channel '[id: 0x71378572, L:/127.0.0.1:60992 - R:localhost/127.0.0.1:45933]' for 'POST' to 'http://localhost:45933/session/7978c2524287a0ed9a65ac559e8410d3/element'
20:26:39.672 [Forwarding findElement on session 7978c2524287a0ed9a65ac559e8410d3 to remote] DEBUG org.asynchttpclient.netty.request.NettyRequestSender - Using open Channel [id: 0x71378572, L:/127.0.0.1:60992 - R:localhost/127.0.0.1:45933] for POST '/session/7978c2524287a0ed9a65ac559e8410d3/element'
20:26:39.685 [AsyncHttpClient-1-8] DEBUG org.asynchttpclient.netty.handler.HttpHandler - 

Request DefaultHttpRequest(decodeResult: success, version: HTTP/1.1)
POST /session/7978c2524287a0ed9a65ac559e8410d3/element HTTP/1.1
User-Agent: selenium/4.8.3 (java windows)
Content-Length: 62
Content-Type: application/json; charset=utf-8
host: localhost:45933
accept: */*

Response DefaultHttpResponse(decodeResult: success, version: HTTP/1.1)
HTTP/1.1 200 OK
Content-Length: 95
Content-Type: application/json; charset=utf-8
cache-control: no-cache

20:26:39.685 [AsyncHttpClient-1-8] DEBUG org.asynchttpclient.netty.channel.ChannelManager - Adding key: http://localhost:45933 for channel [id: 0x71378572, L:/127.0.0.1:60992 - R:localhost/127.0.0.1:45933]
20:26:39.686 [Forwarding clearElement on session 7978c2524287a0ed9a65ac559e8410d3 to remote] DEBUG org.asynchttpclient.netty.request.NettyRequestSender - Using pooled Channel '[id: 0x71378572, L:/127.0.0.1:60992 - R:localhost/127.0.0.1:45933]' for 'POST' to 'http://localhost:45933/session/7978c2524287a0ed9a65ac559e8410d3/element/A0FA2D0247C4D2CA8B3956574B2EA69D_element_32/clear'
20:26:39.687 [Forwarding clearElement on session 7978c2524287a0ed9a65ac559e8410d3 to remote] DEBUG org.asynchttpclient.netty.request.NettyRequestSender - Using open Channel [id: 0x71378572, L:/127.0.0.1:60992 - R:localhost/127.0.0.1:45933] for POST '/session/7978c2524287a0ed9a65ac559e8410d3/element/A0FA2D0247C4D2CA8B3956574B2EA69D_element_32/clear'
20:26:39.715 [AsyncHttpClient-1-8] DEBUG org.asynchttpclient.netty.handler.HttpHandler - 

Request DefaultHttpRequest(decodeResult: success, version: HTTP/1.1)
POST /session/7978c2524287a0ed9a65ac559e8410d3/element/A0FA2D0247C4D2CA8B3956574B2EA69D_element_32/clear HTTP/1.1
User-Agent: selenium/4.8.3 (java windows)
Content-Length: 57
Content-Type: application/json; charset=utf-8
host: localhost:45933
accept: */*

Response DefaultHttpResponse(decodeResult: success, version: HTTP/1.1)
HTTP/1.1 200 OK
Content-Length: 14
Content-Type: application/json; charset=utf-8
cache-control: no-cache

20:26:39.716 [AsyncHttpClient-1-8] DEBUG org.asynchttpclient.netty.channel.ChannelManager - Adding key: http://localhost:45933 for channel [id: 0x71378572, L:/127.0.0.1:60992 - R:localhost/127.0.0.1:45933]
20:26:39.717 [Forwarding findElement on session 7978c2524287a0ed9a65ac559e8410d3 to remote] DEBUG org.asynchttpclient.netty.request.NettyRequestSender - Using pooled Channel '[id: 0x71378572, L:/127.0.0.1:60992 - R:localhost/127.0.0.1:45933]' for 'POST' to 'http://localhost:45933/session/7978c2524287a0ed9a65ac559e8410d3/element'
20:26:39.717 [Forwarding findElement on session 7978c2524287a0ed9a65ac559e8410d3 to remote] DEBUG org.asynchttpclient.netty.request.NettyRequestSender - Using open Channel [id: 0x71378572, L:/127.0.0.1:60992 - R:localhost/127.0.0.1:45933] for POST '/session/7978c2524287a0ed9a65ac559e8410d3/element'
20:26:39.725 [AsyncHttpClient-1-8] DEBUG org.asynchttpclient.netty.handler.HttpHandler - 

Request DefaultHttpRequest(decodeResult: success, version: HTTP/1.1)
POST /session/7978c2524287a0ed9a65ac559e8410d3/element HTTP/1.1
User-Agent: selenium/4.8.3 (java windows)
Content-Length: 62
Content-Type: application/json; charset=utf-8
host: localhost:45933
accept: */*

Response DefaultHttpResponse(decodeResult: success, version: HTTP/1.1)
HTTP/1.1 200 OK
Content-Length: 95
Content-Type: application/json; charset=utf-8
cache-control: no-cache

20:26:39.725 [AsyncHttpClient-1-8] DEBUG org.asynchttpclient.netty.channel.ChannelManager - Adding key: http://localhost:45933 for channel [id: 0x71378572, L:/127.0.0.1:60992 - R:localhost/127.0.0.1:45933]
20:26:39.726 [Forwarding sendKeysToElement on session 7978c2524287a0ed9a65ac559e8410d3 to remote] DEBUG org.asynchttpclient.netty.request.NettyRequestSender - Using pooled Channel '[id: 0x71378572, L:/127.0.0.1:60992 - R:localhost/127.0.0.1:45933]' for 'POST' to 'http://localhost:45933/session/7978c2524287a0ed9a65ac559e8410d3/element/A0FA2D0247C4D2CA8B3956574B2EA69D_element_32/value'
20:26:39.726 [Forwarding sendKeysToElement on session 7978c2524287a0ed9a65ac559e8410d3 to remote] DEBUG org.asynchttpclient.netty.request.NettyRequestSender - Using open Channel [id: 0x71378572, L:/127.0.0.1:60992 - R:localhost/127.0.0.1:45933] for POST '/session/7978c2524287a0ed9a65ac559e8410d3/element/A0FA2D0247C4D2CA8B3956574B2EA69D_element_32/value'
20:26:39.792 [AsyncHttpClient-1-8] DEBUG org.asynchttpclient.netty.handler.HttpHandler - 

Request DefaultHttpRequest(decodeResult: success, version: HTTP/1.1)
POST /session/7978c2524287a0ed9a65ac559e8410d3/element/A0FA2D0247C4D2CA8B3956574B2EA69D_element_32/value HTTP/1.1
User-Agent: selenium/4.8.3 (java windows)
Content-Length: 148
Content-Type: application/json; charset=utf-8
host: localhost:45933
accept: */*

Response DefaultHttpResponse(decodeResult: success, version: HTTP/1.1)
HTTP/1.1 200 OK
Content-Length: 14
Content-Type: application/json; charset=utf-8
cache-control: no-cache

20:26:39.792 [AsyncHttpClient-1-8] DEBUG org.asynchttpclient.netty.channel.ChannelManager - Adding key: http://localhost:45933 for channel [id: 0x71378572, L:/127.0.0.1:60992 - R:localhost/127.0.0.1:45933]
20:26:39.793 [Forwarding findElement on session 7978c2524287a0ed9a65ac559e8410d3 to remote] DEBUG org.asynchttpclient.netty.request.NettyRequestSender - Using pooled Channel '[id: 0x71378572, L:/127.0.0.1:60992 - R:localhost/127.0.0.1:45933]' for 'POST' to 'http://localhost:45933/session/7978c2524287a0ed9a65ac559e8410d3/element'
20:26:39.793 [Forwarding findElement on session 7978c2524287a0ed9a65ac559e8410d3 to remote] DEBUG org.asynchttpclient.netty.request.NettyRequestSender - Using open Channel [id: 0x71378572, L:/127.0.0.1:60992 - R:localhost/127.0.0.1:45933] for POST '/session/7978c2524287a0ed9a65ac559e8410d3/element'
20:26:39.807 [AsyncHttpClient-1-8] DEBUG org.asynchttpclient.netty.handler.HttpHandler - 

Request DefaultHttpRequest(decodeResult: success, version: HTTP/1.1)
POST /session/7978c2524287a0ed9a65ac559e8410d3/element HTTP/1.1
User-Agent: selenium/4.8.3 (java windows)
Content-Length: 71
Content-Type: application/json; charset=utf-8
host: localhost:45933
accept: */*

Response DefaultHttpResponse(decodeResult: success, version: HTTP/1.1)
HTTP/1.1 200 OK
Content-Length: 95
Content-Type: application/json; charset=utf-8
cache-control: no-cache

20:26:39.807 [AsyncHttpClient-1-8] DEBUG org.asynchttpclient.netty.channel.ChannelManager - Adding key: http://localhost:45933 for channel [id: 0x71378572, L:/127.0.0.1:60992 - R:localhost/127.0.0.1:45933]
20:26:39.808 [Forwarding clickElement on session 7978c2524287a0ed9a65ac559e8410d3 to remote] DEBUG org.asynchttpclient.netty.request.NettyRequestSender - Using pooled Channel '[id: 0x71378572, L:/127.0.0.1:60992 - R:localhost/127.0.0.1:45933]' for 'POST' to 'http://localhost:45933/session/7978c2524287a0ed9a65ac559e8410d3/element/A0FA2D0247C4D2CA8B3956574B2EA69D_element_33/click'
20:26:39.808 [Forwarding clickElement on session 7978c2524287a0ed9a65ac559e8410d3 to remote] DEBUG org.asynchttpclient.netty.request.NettyRequestSender - Using open Channel [id: 0x71378572, L:/127.0.0.1:60992 - R:localhost/127.0.0.1:45933] for POST '/session/7978c2524287a0ed9a65ac559e8410d3/element/A0FA2D0247C4D2CA8B3956574B2EA69D_element_33/click'
20:26:39.853 [AsyncHttpClient-1-8] DEBUG org.asynchttpclient.netty.handler.HttpHandler - 

Request DefaultHttpRequest(decodeResult: success, version: HTTP/1.1)
POST /session/7978c2524287a0ed9a65ac559e8410d3/element/A0FA2D0247C4D2CA8B3956574B2EA69D_element_33/click HTTP/1.1
User-Agent: selenium/4.8.3 (java windows)
Content-Length: 57
Content-Type: application/json; charset=utf-8
host: localhost:45933
accept: */*

Response DefaultHttpResponse(decodeResult: success, version: HTTP/1.1)
HTTP/1.1 200 OK
Content-Length: 14
Content-Type: application/json; charset=utf-8
cache-control: no-cache

20:26:39.854 [AsyncHttpClient-1-8] DEBUG org.asynchttpclient.netty.channel.ChannelManager - Adding key: http://localhost:45933 for channel [id: 0x71378572, L:/127.0.0.1:60992 - R:localhost/127.0.0.1:45933]
2023-06-06 20:26:39 INFO  BaseTest:126 - Logged in
20:26:39.856 [rp-io-56] DEBUG com.epam.reportportal.service.Launch - Starting test item...rp-io-56
2023-06-06 20:26:39 INFO  Listeners:34 - Started Test null
20:26:39.857 [Forwarding findElement on session 7978c2524287a0ed9a65ac559e8410d3 to remote] DEBUG org.asynchttpclient.netty.request.NettyRequestSender - Using pooled Channel '[id: 0x71378572, L:/127.0.0.1:60992 - R:localhost/127.0.0.1:45933]' for 'POST' to 'http://localhost:45933/session/7978c2524287a0ed9a65ac559e8410d3/element'
20:26:39.857 [Forwarding findElement on session 7978c2524287a0ed9a65ac559e8410d3 to remote] DEBUG org.asynchttpclient.netty.request.NettyRequestSender - Using open Channel [id: 0x71378572, L:/127.0.0.1:60992 - R:localhost/127.0.0.1:45933] for POST '/session/7978c2524287a0ed9a65ac559e8410d3/element'
20:26:39.869 [rp-io-57] DEBUG com.epam.reportportal.service.Launch - TestItem with ID = 'dcb40fe0-0376-4a96-a545-6ffc2de909cb' successfully finished.
20:26:39.869 [rp-io-57] DEBUG com.epam.reportportal.utils.SubscriptionUtils - Finish test item completed
20:26:39.873 [rp-io-56] DEBUG com.epam.reportportal.service.Launch - ReportPortal item with ID '5145a9fd-c1ed-4f3a-8ae4-cd7a8bb5b79d' has been created
20:26:39.873 [rp-io-56] DEBUG com.epam.reportportal.utils.SubscriptionUtils - Start test item successfully completed
20:26:40.209 [AsyncHttpClient-1-8] DEBUG org.asynchttpclient.netty.handler.HttpHandler - 

Request DefaultHttpRequest(decodeResult: success, version: HTTP/1.1)
POST /session/7978c2524287a0ed9a65ac559e8410d3/element HTTP/1.1
User-Agent: selenium/4.8.3 (java windows)
Content-Length: 168
Content-Type: application/json; charset=utf-8
host: localhost:45933
accept: */*

Response DefaultHttpResponse(decodeResult: success, version: HTTP/1.1)
HTTP/1.1 200 OK
Content-Length: 95
Content-Type: application/json; charset=utf-8
cache-control: no-cache

20:26:40.209 [AsyncHttpClient-1-8] DEBUG org.asynchttpclient.netty.channel.ChannelManager - Adding key: http://localhost:45933 for channel [id: 0x71378572, L:/127.0.0.1:60992 - R:localhost/127.0.0.1:45933]
20:26:40.211 [Forwarding clickElement on session 7978c2524287a0ed9a65ac559e8410d3 to remote] DEBUG org.asynchttpclient.netty.request.NettyRequestSender - Using pooled Channel '[id: 0x71378572, L:/127.0.0.1:60992 - R:localhost/127.0.0.1:45933]' for 'POST' to 'http://localhost:45933/session/7978c2524287a0ed9a65ac559e8410d3/element/A0FA2D0247C4D2CA8B3956574B2EA69D_element_38/click'
20:26:40.211 [Forwarding clickElement on session 7978c2524287a0ed9a65ac559e8410d3 to remote] DEBUG org.asynchttpclient.netty.request.NettyRequestSender - Using open Channel [id: 0x71378572, L:/127.0.0.1:60992 - R:localhost/127.0.0.1:45933] for POST '/session/7978c2524287a0ed9a65ac559e8410d3/element/A0FA2D0247C4D2CA8B3956574B2EA69D_element_38/click'
20:26:40.390 [AsyncHttpClient-1-1] DEBUG org.asynchttpclient.netty.channel.DefaultChannelPool - Entry count for : http://localhost:60993 : 1
20:26:40.433 [AsyncHttpClient-1-8] DEBUG org.asynchttpclient.netty.handler.HttpHandler - 

Request DefaultHttpRequest(decodeResult: success, version: HTTP/1.1)
POST /session/7978c2524287a0ed9a65ac559e8410d3/element/A0FA2D0247C4D2CA8B3956574B2EA69D_element_38/click HTTP/1.1
User-Agent: selenium/4.8.3 (java windows)
Content-Length: 57
Content-Type: application/json; charset=utf-8
host: localhost:45933
accept: */*

Response DefaultHttpResponse(decodeResult: success, version: HTTP/1.1)
HTTP/1.1 200 OK
Content-Length: 14
Content-Type: application/json; charset=utf-8
cache-control: no-cache

20:26:40.434 [AsyncHttpClient-1-8] DEBUG org.asynchttpclient.netty.channel.ChannelManager - Adding key: http://localhost:45933 for channel [id: 0x71378572, L:/127.0.0.1:60992 - R:localhost/127.0.0.1:45933]
20:26:40.436 [Forwarding findElements on session 7978c2524287a0ed9a65ac559e8410d3 to remote] DEBUG org.asynchttpclient.netty.request.NettyRequestSender - Using pooled Channel '[id: 0x71378572, L:/127.0.0.1:60992 - R:localhost/127.0.0.1:45933]' for 'POST' to 'http://localhost:45933/session/7978c2524287a0ed9a65ac559e8410d3/elements'
20:26:40.436 [Forwarding findElements on session 7978c2524287a0ed9a65ac559e8410d3 to remote] DEBUG org.asynchttpclient.netty.request.NettyRequestSender - Using open Channel [id: 0x71378572, L:/127.0.0.1:60992 - R:localhost/127.0.0.1:45933] for POST '/session/7978c2524287a0ed9a65ac559e8410d3/elements'
20:26:40.563 [AsyncHttpClient-1-8] DEBUG org.asynchttpclient.netty.handler.HttpHandler - 

Request DefaultHttpRequest(decodeResult: success, version: HTTP/1.1)
POST /session/7978c2524287a0ed9a65ac559e8410d3/elements HTTP/1.1
User-Agent: selenium/4.8.3 (java windows)
Content-Length: 93
Content-Type: application/json; charset=utf-8
host: localhost:45933
accept: */*

Response DefaultHttpResponse(decodeResult: success, version: HTTP/1.1)
HTTP/1.1 200 OK
Content-Length: 1043
Content-Type: application/json; charset=utf-8
cache-control: no-cache

20:26:40.564 [AsyncHttpClient-1-8] DEBUG org.asynchttpclient.netty.channel.ChannelManager - Adding key: http://localhost:45933 for channel [id: 0x71378572, L:/127.0.0.1:60992 - R:localhost/127.0.0.1:45933]
20:26:40.570 [Forwarding findElements on session 7978c2524287a0ed9a65ac559e8410d3 to remote] DEBUG org.asynchttpclient.netty.request.NettyRequestSender - Using pooled Channel '[id: 0x71378572, L:/127.0.0.1:60992 - R:localhost/127.0.0.1:45933]' for 'POST' to 'http://localhost:45933/session/7978c2524287a0ed9a65ac559e8410d3/elements'
20:26:40.570 [Forwarding findElements on session 7978c2524287a0ed9a65ac559e8410d3 to remote] DEBUG org.asynchttpclient.netty.request.NettyRequestSender - Using open Channel [id: 0x71378572, L:/127.0.0.1:60992 - R:localhost/127.0.0.1:45933] for POST '/session/7978c2524287a0ed9a65ac559e8410d3/elements'
20:26:40.579 [AsyncHttpClient-1-8] DEBUG org.asynchttpclient.netty.handler.HttpHandler - 

Request DefaultHttpRequest(decodeResult: success, version: HTTP/1.1)
POST /session/7978c2524287a0ed9a65ac559e8410d3/elements HTTP/1.1
User-Agent: selenium/4.8.3 (java windows)
Content-Length: 93
Content-Type: application/json; charset=utf-8
host: localhost:45933
accept: */*

Response DefaultHttpResponse(decodeResult: success, version: HTTP/1.1)
HTTP/1.1 200 OK
Content-Length: 1043
Content-Type: application/json; charset=utf-8
cache-control: no-cache

20:26:40.579 [AsyncHttpClient-1-8] DEBUG org.asynchttpclient.netty.channel.ChannelManager - Adding key: http://localhost:45933 for channel [id: 0x71378572, L:/127.0.0.1:60992 - R:localhost/127.0.0.1:45933]
2023-06-06 20:26:40 INFO  Listeners:38 - Succeeded Test null
]]></system-out>
    <system-err><![CDATA[Starting ChromeDriver 114.0.5735.90 (386bc09e8f4f2e025eddae123f36f6263096ae49-refs/branch-heads/5735@{#1052}) on port 45933
Only local connections are allowed.
Please see https://chromedriver.chromium.org/security-considerations for suggestions on keeping ChromeDriver safe.
ChromeDriver was started successfully.
Jun 06, 2023 8:26:37 PM org.openqa.selenium.devtools.CdpVersionFinder findNearestMatch
WARNING: Unable to find an exact match for CDP version 114, so returning the closest version found: 111
]]></system-err>
  </testcase>
  <testcase name="maximizing_widget" classname="alltests.uitest.coreTest.MaximizeWidget" time="1.573">
    <system-out><![CDATA[20:26:40.583 [rp-io-58] DEBUG com.epam.reportportal.service.Launch - Starting test item...rp-io-58
20:26:40.584 [AsyncHttpClient-1-10] DEBUG org.asynchttpclient.netty.handler.WebSocketHandler - Channel Closed: [id: 0x193376e5, L:/127.0.0.1:61000 ! R:localhost/127.0.0.1:60993] with attribute NettyResponseFuture{currentRetry=0,
	isDone=1,
	isCancelled=0,
	asyncHandler=org.asynchttpclient.ws.WebSocketUpgradeHandler@5f42f654,
	nettyRequest=org.asynchttpclient.netty.request.NettyRequest@5abe0c69,
	future=java.util.concurrent.CompletableFuture@525fa9a7[Completed normally],
	uri=ws://localhost:60993/devtools/browser/0812773c-ce56-455e-a4a2-ee1515920b6c,
	keepAlive=true,
	redirectCount=0,
	timeoutsHolder=null,
	inAuth=0,
	touch=1686075997720}
20:26:40.584 [AsyncHttpClient-1-10] DEBUG org.asynchttpclient.netty.channel.ChannelManager - Closing Channel [id: 0x193376e5, L:/127.0.0.1:61000 ! R:localhost/127.0.0.1:60993] 
20:26:40.585 [Driver Command Executor] DEBUG org.asynchttpclient.netty.request.NettyRequestSender - Using pooled Channel '[id: 0x71378572, L:/127.0.0.1:60992 - R:localhost/127.0.0.1:45933]' for 'DELETE' to 'http://localhost:45933/session/7978c2524287a0ed9a65ac559e8410d3'
20:26:40.585 [Driver Command Executor] DEBUG org.asynchttpclient.netty.request.NettyRequestSender - Using open Channel [id: 0x71378572, L:/127.0.0.1:60992 - R:localhost/127.0.0.1:45933] for DELETE '/session/7978c2524287a0ed9a65ac559e8410d3'
20:26:40.601 [rp-io-63] DEBUG com.epam.reportportal.service.Launch - TestItem with ID = '5145a9fd-c1ed-4f3a-8ae4-cd7a8bb5b79d' successfully finished.
20:26:40.601 [rp-io-63] DEBUG com.epam.reportportal.utils.SubscriptionUtils - Finish test item completed
20:26:40.612 [rp-io-58] DEBUG com.epam.reportportal.service.Launch - ReportPortal item with ID 'e8bbcb9f-ef0b-4f1a-8665-5b5f1526e356' has been created
20:26:40.612 [rp-io-58] DEBUG com.epam.reportportal.utils.SubscriptionUtils - Start test item successfully completed
20:26:40.643 [AsyncHttpClient-1-9] DEBUG org.asynchttpclient.netty.handler.HttpHandler - Unexpected I/O exception on channel [id: 0x87de1d12, L:/127.0.0.1:60999 - R:localhost/127.0.0.1:60993]
java.net.SocketException: Connection reset
	at java.base/sun.nio.ch.SocketChannelImpl.throwConnectionReset(SocketChannelImpl.java:394)
	at java.base/sun.nio.ch.SocketChannelImpl.read(SocketChannelImpl.java:426)
	at io.netty.buffer.PooledByteBuf.setBytes(PooledByteBuf.java:256)
	at io.netty.buffer.AbstractByteBuf.writeBytes(AbstractByteBuf.java:1132)
	at io.netty.channel.socket.nio.NioSocketChannel.doReadBytes(NioSocketChannel.java:357)
	at io.netty.channel.nio.AbstractNioByteChannel$NioByteUnsafe.read(AbstractNioByteChannel.java:151)
	at io.netty.channel.nio.NioEventLoop.processSelectedKey(NioEventLoop.java:788)
	at io.netty.channel.nio.NioEventLoop.processSelectedKeysOptimized(NioEventLoop.java:724)
	at io.netty.channel.nio.NioEventLoop.processSelectedKeys(NioEventLoop.java:650)
	at io.netty.channel.nio.NioEventLoop.run(NioEventLoop.java:562)
	at io.netty.util.concurrent.SingleThreadEventExecutor$4.run(SingleThreadEventExecutor.java:997)
	at io.netty.util.internal.ThreadExecutorMap$2.run(ThreadExecutorMap.java:74)
	at io.netty.util.concurrent.FastThreadLocalRunnable.run(FastThreadLocalRunnable.java:30)
	at java.base/java.lang.Thread.run(Thread.java:833)
20:26:40.643 [AsyncHttpClient-1-9] DEBUG org.asynchttpclient.netty.channel.ChannelManager - Closing Channel [id: 0x87de1d12, L:/127.0.0.1:60999 - R:localhost/127.0.0.1:60993] 
20:26:40.643 [AsyncHttpClient-1-9] DEBUG org.asynchttpclient.netty.handler.HttpHandler - Channel Closed: [id: 0x87de1d12, L:/127.0.0.1:60999 ! R:localhost/127.0.0.1:60993] with attribute DISCARD
20:26:40.675 [AsyncHttpClient-1-8] DEBUG org.asynchttpclient.netty.handler.HttpHandler - 

Request DefaultFullHttpRequest(decodeResult: success, version: HTTP/1.1, content: EmptyByteBufBE)
DELETE /session/7978c2524287a0ed9a65ac559e8410d3 HTTP/1.1
User-Agent: selenium/4.8.3 (java windows)
Content-Type: application/json; charset=utf-8
host: localhost:45933
accept: */*

Response DefaultHttpResponse(decodeResult: success, version: HTTP/1.1)
HTTP/1.1 200 OK
Content-Length: 14
Content-Type: application/json; charset=utf-8
cache-control: no-cache

20:26:40.676 [AsyncHttpClient-1-8] DEBUG org.asynchttpclient.netty.channel.ChannelManager - Adding key: http://localhost:45933 for channel [id: 0x71378572, L:/127.0.0.1:60992 - R:localhost/127.0.0.1:45933]
20:26:40.727 [AsyncHttpClient-1-8] DEBUG org.asynchttpclient.netty.handler.HttpHandler - Channel Closed: [id: 0x71378572, L:/127.0.0.1:60992 ! R:localhost/127.0.0.1:45933] with attribute DISCARD
2023-06-06 20:26:40 INFO  BaseTest:83 - Test executed**********
20:26:40.788 [rp-io-64] DEBUG com.epam.reportportal.service.Launch - Starting test item...rp-io-64
2023-06-06 20:26:40 INFO  BaseTest:110 - Property files loaded successfully**********
20:26:40.800 [main] DEBUG io.github.bonigarcia.wdm.cache.ResolutionCache - Resolution chrome=114 in cache (valid until 21:23:55 06/06/2023 CEST)
20:26:40.801 [main] DEBUG io.github.bonigarcia.wdm.cache.ResolutionCache - Resolution chrome114=114.0.5735.90 in cache (valid until 16:16:26 07/06/2023 CEST)
20:26:40.801 [main] INFO io.github.bonigarcia.wdm.WebDriverManager - Using chromedriver 114.0.5735.90 (resolved driver for Chrome 114)
20:26:40.802 [rp-io-72] DEBUG com.epam.reportportal.service.Launch - TestItem with ID = 'e8bbcb9f-ef0b-4f1a-8665-5b5f1526e356' successfully finished.
20:26:40.802 [rp-io-72] DEBUG com.epam.reportportal.utils.SubscriptionUtils - Finish test item completed
20:26:40.807 [rp-io-64] DEBUG com.epam.reportportal.service.Launch - ReportPortal item with ID 'd395bc76-6e00-4c46-a598-113de1e37750' has been created
20:26:40.807 [rp-io-64] DEBUG com.epam.reportportal.utils.SubscriptionUtils - Start test item successfully completed
20:26:40.810 [main] DEBUG io.github.bonigarcia.wdm.WebDriverManager - Driver chromedriver 114.0.5735.90 found in cache
20:26:40.811 [main] INFO io.github.bonigarcia.wdm.WebDriverManager - Exporting webdriver.chrome.driver as C:\Users\Suwarna_Wagh\.cache\selenium\chromedriver\win32\114.0.5735.90\chromedriver.exe
20:26:41.028 [AsyncHttpClient-1-11] DEBUG org.asynchttpclient.netty.channel.NettyConnectListener - Using new Channel '[id: 0x8f5a1c35, L:/127.0.0.1:61021 - R:localhost/127.0.0.1:25652]' for 'POST' to '/session'
20:26:41.491 [AsyncHttpClient-1-1] DEBUG org.asynchttpclient.netty.channel.DefaultChannelPool - Entry count for : http://localhost:45933 : 1
20:26:41.491 [AsyncHttpClient-1-1] DEBUG org.asynchttpclient.netty.channel.DefaultChannelPool - Entry count for : http://localhost:60993 : 1
20:26:41.491 [AsyncHttpClient-1-1] DEBUG org.asynchttpclient.netty.channel.DefaultChannelPool - Adding Candidate expired Channel [id: 0x71378572, L:/127.0.0.1:60992 ! R:localhost/127.0.0.1:45933] isIdleTimeoutExpired=false isRemotelyClosed=true isTtlExpired=false
20:26:41.491 [AsyncHttpClient-1-1] DEBUG org.asynchttpclient.netty.channel.DefaultChannelPool - Closing Idle Channel [id: 0x71378572, L:/127.0.0.1:60992 ! R:localhost/127.0.0.1:45933]
20:26:41.491 [AsyncHttpClient-1-1] DEBUG org.asynchttpclient.netty.channel.DefaultChannelPool - Adding Candidate expired Channel [id: 0x87de1d12, L:/127.0.0.1:60999 ! R:localhost/127.0.0.1:60993] isIdleTimeoutExpired=false isRemotelyClosed=true isTtlExpired=false
20:26:41.491 [AsyncHttpClient-1-1] DEBUG org.asynchttpclient.netty.channel.DefaultChannelPool - Closing Idle Channel [id: 0x87de1d12, L:/127.0.0.1:60999 ! R:localhost/127.0.0.1:60993]
20:26:41.491 [AsyncHttpClient-1-1] DEBUG org.asynchttpclient.netty.channel.DefaultChannelPool - Closed 2 connections out of 2 in 0 ms
20:26:41.976 [AsyncHttpClient-1-11] DEBUG org.asynchttpclient.netty.handler.HttpHandler - 

Request DefaultHttpRequest(decodeResult: success, version: HTTP/1.1)
POST /session HTTP/1.1
User-Agent: selenium/4.8.3 (java windows)
Content-Length: 439
Content-Type: application/json; charset=utf-8
host: localhost:25652
accept: */*

Response DefaultHttpResponse(decodeResult: success, version: HTTP/1.1)
HTTP/1.1 200 OK
Content-Length: 863
Content-Type: application/json; charset=utf-8
cache-control: no-cache

20:26:41.976 [AsyncHttpClient-1-11] DEBUG org.asynchttpclient.netty.channel.ChannelManager - Adding key: http://localhost:25652 for channel [id: 0x8f5a1c35, L:/127.0.0.1:61021 - R:localhost/127.0.0.1:25652]
20:26:41.982 [AsyncHttpClient-1-12] DEBUG org.asynchttpclient.netty.channel.NettyConnectListener - Using new Channel '[id: 0x98b74ea1, L:/127.0.0.1:61029 - R:localhost/127.0.0.1:61022]' for 'GET' to '/json/version'
20:26:41.983 [AsyncHttpClient-1-12] DEBUG org.asynchttpclient.netty.handler.HttpHandler - 

Request DefaultFullHttpRequest(decodeResult: success, version: HTTP/1.1, content: EmptyByteBufBE)
GET /json/version HTTP/1.1
User-Agent: selenium/4.8.3 (java windows)
host: localhost:61022
accept: */*

Response DefaultHttpResponse(decodeResult: success, version: HTTP/1.1)
HTTP/1.1 200 OK
Content-Security-Policy: frame-ancestors 'none'
Content-Length: 424
Content-Type: application/json; charset=UTF-8

20:26:41.983 [AsyncHttpClient-1-12] DEBUG org.asynchttpclient.netty.channel.ChannelManager - Adding key: http://localhost:61022 for channel [id: 0x98b74ea1, L:/127.0.0.1:61029 - R:localhost/127.0.0.1:61022]
20:26:41.985 [AsyncHttpClient-1-13] DEBUG org.asynchttpclient.netty.channel.NettyConnectListener - Using new Channel '[id: 0x0bed2914, L:/127.0.0.1:61030 - R:localhost/127.0.0.1:61022]' for 'GET' to '/devtools/browser/eb1e7e31-da5f-4a4c-aac7-1c18049b15fa'
20:26:41.986 [AsyncHttpClient-1-13] DEBUG org.asynchttpclient.netty.handler.WebSocketHandler - 

Request DefaultFullHttpRequest(decodeResult: success, version: HTTP/1.1, content: EmptyByteBufBE)
GET /devtools/browser/eb1e7e31-da5f-4a4c-aac7-1c18049b15fa HTTP/1.1
upgrade: websocket
connection: upgrade
sec-websocket-key: hSXw0t8nCdxsKNHXYB5xDw==
sec-websocket-version: 13
origin: http://localhost:61022
host: localhost:61022
accept: */*
user-agent: AHC/2.1

Response DefaultHttpResponse(decodeResult: success, version: HTTP/1.1)
HTTP/1.1 101 WebSocket Protocol Handshake
Upgrade: WebSocket
Connection: Upgrade
Sec-WebSocket-Accept: 0coa2IQ6EyqFmp2vq1a1UtuzDOY=

20:26:41.989 [Forwarding setTimeout on session e6760e9348811226df58964e21e7fa40 to remote] DEBUG org.asynchttpclient.netty.request.NettyRequestSender - Using pooled Channel '[id: 0x8f5a1c35, L:/127.0.0.1:61021 - R:localhost/127.0.0.1:25652]' for 'POST' to 'http://localhost:25652/session/e6760e9348811226df58964e21e7fa40/timeouts'
20:26:41.990 [Forwarding setTimeout on session e6760e9348811226df58964e21e7fa40 to remote] DEBUG org.asynchttpclient.netty.request.NettyRequestSender - Using open Channel [id: 0x8f5a1c35, L:/127.0.0.1:61021 - R:localhost/127.0.0.1:25652] for POST '/session/e6760e9348811226df58964e21e7fa40/timeouts'
20:26:41.991 [AsyncHttpClient-1-11] DEBUG org.asynchttpclient.netty.handler.HttpHandler - 

Request DefaultHttpRequest(decodeResult: success, version: HTTP/1.1)
POST /session/e6760e9348811226df58964e21e7fa40/timeouts HTTP/1.1
User-Agent: selenium/4.8.3 (java windows)
Content-Length: 22
Content-Type: application/json; charset=utf-8
host: localhost:25652
accept: */*

Response DefaultHttpResponse(decodeResult: success, version: HTTP/1.1)
HTTP/1.1 200 OK
Content-Length: 14
Content-Type: application/json; charset=utf-8
cache-control: no-cache

20:26:41.991 [AsyncHttpClient-1-11] DEBUG org.asynchttpclient.netty.channel.ChannelManager - Adding key: http://localhost:25652 for channel [id: 0x8f5a1c35, L:/127.0.0.1:61021 - R:localhost/127.0.0.1:25652]
20:26:41.994 [Forwarding maximizeCurrentWindow on session e6760e9348811226df58964e21e7fa40 to remote] DEBUG org.asynchttpclient.netty.request.NettyRequestSender - Using pooled Channel '[id: 0x8f5a1c35, L:/127.0.0.1:61021 - R:localhost/127.0.0.1:25652]' for 'POST' to 'http://localhost:25652/session/e6760e9348811226df58964e21e7fa40/window/maximize'
20:26:41.994 [Forwarding maximizeCurrentWindow on session e6760e9348811226df58964e21e7fa40 to remote] DEBUG org.asynchttpclient.netty.request.NettyRequestSender - Using open Channel [id: 0x8f5a1c35, L:/127.0.0.1:61021 - R:localhost/127.0.0.1:25652] for POST '/session/e6760e9348811226df58964e21e7fa40/window/maximize'
20:26:42.137 [AsyncHttpClient-1-11] DEBUG org.asynchttpclient.netty.handler.HttpHandler - 

Request DefaultHttpRequest(decodeResult: success, version: HTTP/1.1)
POST /session/e6760e9348811226df58964e21e7fa40/window/maximize HTTP/1.1
User-Agent: selenium/4.8.3 (java windows)
Content-Length: 3
Content-Type: application/json; charset=utf-8
host: localhost:25652
accept: */*

Response DefaultHttpResponse(decodeResult: success, version: HTTP/1.1)
HTTP/1.1 200 OK
Content-Length: 51
Content-Type: application/json; charset=utf-8
cache-control: no-cache

20:26:42.138 [AsyncHttpClient-1-11] DEBUG org.asynchttpclient.netty.channel.ChannelManager - Adding key: http://localhost:25652 for channel [id: 0x8f5a1c35, L:/127.0.0.1:61021 - R:localhost/127.0.0.1:25652]
20:26:42.140 [Forwarding get on session e6760e9348811226df58964e21e7fa40 to remote] DEBUG org.asynchttpclient.netty.request.NettyRequestSender - Using pooled Channel '[id: 0x8f5a1c35, L:/127.0.0.1:61021 - R:localhost/127.0.0.1:25652]' for 'POST' to 'http://localhost:25652/session/e6760e9348811226df58964e21e7fa40/url'
20:26:42.140 [Forwarding get on session e6760e9348811226df58964e21e7fa40 to remote] DEBUG org.asynchttpclient.netty.request.NettyRequestSender - Using open Channel [id: 0x8f5a1c35, L:/127.0.0.1:61021 - R:localhost/127.0.0.1:25652] for POST '/session/e6760e9348811226df58964e21e7fa40/url'
20:26:42.591 [AsyncHttpClient-1-1] DEBUG org.asynchttpclient.netty.channel.DefaultChannelPool - Entry count for : http://localhost:61022 : 1
20:26:43.676 [AsyncHttpClient-1-11] DEBUG org.asynchttpclient.netty.handler.HttpHandler - 

Request DefaultHttpRequest(decodeResult: success, version: HTTP/1.1)
POST /session/e6760e9348811226df58964e21e7fa40/url HTTP/1.1
User-Agent: selenium/4.8.3 (java windows)
Content-Length: 52
Content-Type: application/json; charset=utf-8
host: localhost:25652
accept: */*

Response DefaultHttpResponse(decodeResult: success, version: HTTP/1.1)
HTTP/1.1 200 OK
Content-Length: 14
Content-Type: application/json; charset=utf-8
cache-control: no-cache

20:26:43.676 [AsyncHttpClient-1-11] DEBUG org.asynchttpclient.netty.channel.ChannelManager - Adding key: http://localhost:25652 for channel [id: 0x8f5a1c35, L:/127.0.0.1:61021 - R:localhost/127.0.0.1:25652]
2023-06-06 20:26:43 INFO  BaseTest:104 - Test driver set up done successfully**********
2023-06-06 20:26:43 INFO  BaseTest:122 - Logging in to portal
20:26:43.679 [Forwarding findElement on session e6760e9348811226df58964e21e7fa40 to remote] DEBUG org.asynchttpclient.netty.request.NettyRequestSender - Using pooled Channel '[id: 0x8f5a1c35, L:/127.0.0.1:61021 - R:localhost/127.0.0.1:25652]' for 'POST' to 'http://localhost:25652/session/e6760e9348811226df58964e21e7fa40/element'
20:26:43.679 [Forwarding findElement on session e6760e9348811226df58964e21e7fa40 to remote] DEBUG org.asynchttpclient.netty.request.NettyRequestSender - Using open Channel [id: 0x8f5a1c35, L:/127.0.0.1:61021 - R:localhost/127.0.0.1:25652] for POST '/session/e6760e9348811226df58964e21e7fa40/element'
20:26:43.690 [AsyncHttpClient-1-1] DEBUG org.asynchttpclient.netty.channel.DefaultChannelPool - Entry count for : http://localhost:61022 : 1
20:26:43.695 [AsyncHttpClient-1-11] DEBUG org.asynchttpclient.netty.handler.HttpHandler - 

Request DefaultHttpRequest(decodeResult: success, version: HTTP/1.1)
POST /session/e6760e9348811226df58964e21e7fa40/element HTTP/1.1
User-Agent: selenium/4.8.3 (java windows)
Content-Length: 59
Content-Type: application/json; charset=utf-8
host: localhost:25652
accept: */*

Response DefaultHttpResponse(decodeResult: success, version: HTTP/1.1)
HTTP/1.1 200 OK
Content-Length: 95
Content-Type: application/json; charset=utf-8
cache-control: no-cache

20:26:43.695 [AsyncHttpClient-1-11] DEBUG org.asynchttpclient.netty.channel.ChannelManager - Adding key: http://localhost:25652 for channel [id: 0x8f5a1c35, L:/127.0.0.1:61021 - R:localhost/127.0.0.1:25652]
20:26:43.696 [Forwarding clearElement on session e6760e9348811226df58964e21e7fa40 to remote] DEBUG org.asynchttpclient.netty.request.NettyRequestSender - Using pooled Channel '[id: 0x8f5a1c35, L:/127.0.0.1:61021 - R:localhost/127.0.0.1:25652]' for 'POST' to 'http://localhost:25652/session/e6760e9348811226df58964e21e7fa40/element/652F6ED001A4AFF4F09CBCFFED998892_element_30/clear'
20:26:43.696 [Forwarding clearElement on session e6760e9348811226df58964e21e7fa40 to remote] DEBUG org.asynchttpclient.netty.request.NettyRequestSender - Using open Channel [id: 0x8f5a1c35, L:/127.0.0.1:61021 - R:localhost/127.0.0.1:25652] for POST '/session/e6760e9348811226df58964e21e7fa40/element/652F6ED001A4AFF4F09CBCFFED998892_element_30/clear'
20:26:43.759 [AsyncHttpClient-1-11] DEBUG org.asynchttpclient.netty.handler.HttpHandler - 

Request DefaultHttpRequest(decodeResult: success, version: HTTP/1.1)
POST /session/e6760e9348811226df58964e21e7fa40/element/652F6ED001A4AFF4F09CBCFFED998892_element_30/clear HTTP/1.1
User-Agent: selenium/4.8.3 (java windows)
Content-Length: 57
Content-Type: application/json; charset=utf-8
host: localhost:25652
accept: */*

Response DefaultHttpResponse(decodeResult: success, version: HTTP/1.1)
HTTP/1.1 200 OK
Content-Length: 14
Content-Type: application/json; charset=utf-8
cache-control: no-cache

20:26:43.759 [AsyncHttpClient-1-11] DEBUG org.asynchttpclient.netty.channel.ChannelManager - Adding key: http://localhost:25652 for channel [id: 0x8f5a1c35, L:/127.0.0.1:61021 - R:localhost/127.0.0.1:25652]
20:26:43.760 [Forwarding findElement on session e6760e9348811226df58964e21e7fa40 to remote] DEBUG org.asynchttpclient.netty.request.NettyRequestSender - Using pooled Channel '[id: 0x8f5a1c35, L:/127.0.0.1:61021 - R:localhost/127.0.0.1:25652]' for 'POST' to 'http://localhost:25652/session/e6760e9348811226df58964e21e7fa40/element'
20:26:43.760 [Forwarding findElement on session e6760e9348811226df58964e21e7fa40 to remote] DEBUG org.asynchttpclient.netty.request.NettyRequestSender - Using open Channel [id: 0x8f5a1c35, L:/127.0.0.1:61021 - R:localhost/127.0.0.1:25652] for POST '/session/e6760e9348811226df58964e21e7fa40/element'
20:26:43.769 [AsyncHttpClient-1-11] DEBUG org.asynchttpclient.netty.handler.HttpHandler - 

Request DefaultHttpRequest(decodeResult: success, version: HTTP/1.1)
POST /session/e6760e9348811226df58964e21e7fa40/element HTTP/1.1
User-Agent: selenium/4.8.3 (java windows)
Content-Length: 59
Content-Type: application/json; charset=utf-8
host: localhost:25652
accept: */*

Response DefaultHttpResponse(decodeResult: success, version: HTTP/1.1)
HTTP/1.1 200 OK
Content-Length: 95
Content-Type: application/json; charset=utf-8
cache-control: no-cache

20:26:43.770 [AsyncHttpClient-1-11] DEBUG org.asynchttpclient.netty.channel.ChannelManager - Adding key: http://localhost:25652 for channel [id: 0x8f5a1c35, L:/127.0.0.1:61021 - R:localhost/127.0.0.1:25652]
20:26:43.771 [Forwarding sendKeysToElement on session e6760e9348811226df58964e21e7fa40 to remote] DEBUG org.asynchttpclient.netty.request.NettyRequestSender - Using pooled Channel '[id: 0x8f5a1c35, L:/127.0.0.1:61021 - R:localhost/127.0.0.1:25652]' for 'POST' to 'http://localhost:25652/session/e6760e9348811226df58964e21e7fa40/element/652F6ED001A4AFF4F09CBCFFED998892_element_30/value'
20:26:43.771 [Forwarding sendKeysToElement on session e6760e9348811226df58964e21e7fa40 to remote] DEBUG org.asynchttpclient.netty.request.NettyRequestSender - Using open Channel [id: 0x8f5a1c35, L:/127.0.0.1:61021 - R:localhost/127.0.0.1:25652] for POST '/session/e6760e9348811226df58964e21e7fa40/element/652F6ED001A4AFF4F09CBCFFED998892_element_30/value'
20:26:43.875 [AsyncHttpClient-1-11] DEBUG org.asynchttpclient.netty.handler.HttpHandler - 

Request DefaultHttpRequest(decodeResult: success, version: HTTP/1.1)
POST /session/e6760e9348811226df58964e21e7fa40/element/652F6ED001A4AFF4F09CBCFFED998892_element_30/value HTTP/1.1
User-Agent: selenium/4.8.3 (java windows)
Content-Length: 188
Content-Type: application/json; charset=utf-8
host: localhost:25652
accept: */*

Response DefaultHttpResponse(decodeResult: success, version: HTTP/1.1)
HTTP/1.1 200 OK
Content-Length: 14
Content-Type: application/json; charset=utf-8
cache-control: no-cache

20:26:43.875 [AsyncHttpClient-1-11] DEBUG org.asynchttpclient.netty.channel.ChannelManager - Adding key: http://localhost:25652 for channel [id: 0x8f5a1c35, L:/127.0.0.1:61021 - R:localhost/127.0.0.1:25652]
20:26:43.876 [Forwarding findElement on session e6760e9348811226df58964e21e7fa40 to remote] DEBUG org.asynchttpclient.netty.request.NettyRequestSender - Using pooled Channel '[id: 0x8f5a1c35, L:/127.0.0.1:61021 - R:localhost/127.0.0.1:25652]' for 'POST' to 'http://localhost:25652/session/e6760e9348811226df58964e21e7fa40/element'
20:26:43.876 [Forwarding findElement on session e6760e9348811226df58964e21e7fa40 to remote] DEBUG org.asynchttpclient.netty.request.NettyRequestSender - Using open Channel [id: 0x8f5a1c35, L:/127.0.0.1:61021 - R:localhost/127.0.0.1:25652] for POST '/session/e6760e9348811226df58964e21e7fa40/element'
20:26:43.889 [AsyncHttpClient-1-11] DEBUG org.asynchttpclient.netty.handler.HttpHandler - 

Request DefaultHttpRequest(decodeResult: success, version: HTTP/1.1)
POST /session/e6760e9348811226df58964e21e7fa40/element HTTP/1.1
User-Agent: selenium/4.8.3 (java windows)
Content-Length: 62
Content-Type: application/json; charset=utf-8
host: localhost:25652
accept: */*

Response DefaultHttpResponse(decodeResult: success, version: HTTP/1.1)
HTTP/1.1 200 OK
Content-Length: 95
Content-Type: application/json; charset=utf-8
cache-control: no-cache

20:26:43.889 [AsyncHttpClient-1-11] DEBUG org.asynchttpclient.netty.channel.ChannelManager - Adding key: http://localhost:25652 for channel [id: 0x8f5a1c35, L:/127.0.0.1:61021 - R:localhost/127.0.0.1:25652]
20:26:43.890 [Forwarding clearElement on session e6760e9348811226df58964e21e7fa40 to remote] DEBUG org.asynchttpclient.netty.request.NettyRequestSender - Using pooled Channel '[id: 0x8f5a1c35, L:/127.0.0.1:61021 - R:localhost/127.0.0.1:25652]' for 'POST' to 'http://localhost:25652/session/e6760e9348811226df58964e21e7fa40/element/652F6ED001A4AFF4F09CBCFFED998892_element_32/clear'
20:26:43.890 [Forwarding clearElement on session e6760e9348811226df58964e21e7fa40 to remote] DEBUG org.asynchttpclient.netty.request.NettyRequestSender - Using open Channel [id: 0x8f5a1c35, L:/127.0.0.1:61021 - R:localhost/127.0.0.1:25652] for POST '/session/e6760e9348811226df58964e21e7fa40/element/652F6ED001A4AFF4F09CBCFFED998892_element_32/clear'
20:26:43.923 [AsyncHttpClient-1-11] DEBUG org.asynchttpclient.netty.handler.HttpHandler - 

Request DefaultHttpRequest(decodeResult: success, version: HTTP/1.1)
POST /session/e6760e9348811226df58964e21e7fa40/element/652F6ED001A4AFF4F09CBCFFED998892_element_32/clear HTTP/1.1
User-Agent: selenium/4.8.3 (java windows)
Content-Length: 57
Content-Type: application/json; charset=utf-8
host: localhost:25652
accept: */*

Response DefaultHttpResponse(decodeResult: success, version: HTTP/1.1)
HTTP/1.1 200 OK
Content-Length: 14
Content-Type: application/json; charset=utf-8
cache-control: no-cache

20:26:43.923 [AsyncHttpClient-1-11] DEBUG org.asynchttpclient.netty.channel.ChannelManager - Adding key: http://localhost:25652 for channel [id: 0x8f5a1c35, L:/127.0.0.1:61021 - R:localhost/127.0.0.1:25652]
20:26:43.924 [Forwarding findElement on session e6760e9348811226df58964e21e7fa40 to remote] DEBUG org.asynchttpclient.netty.request.NettyRequestSender - Using pooled Channel '[id: 0x8f5a1c35, L:/127.0.0.1:61021 - R:localhost/127.0.0.1:25652]' for 'POST' to 'http://localhost:25652/session/e6760e9348811226df58964e21e7fa40/element'
20:26:43.924 [Forwarding findElement on session e6760e9348811226df58964e21e7fa40 to remote] DEBUG org.asynchttpclient.netty.request.NettyRequestSender - Using open Channel [id: 0x8f5a1c35, L:/127.0.0.1:61021 - R:localhost/127.0.0.1:25652] for POST '/session/e6760e9348811226df58964e21e7fa40/element'
20:26:43.933 [AsyncHttpClient-1-11] DEBUG org.asynchttpclient.netty.handler.HttpHandler - 

Request DefaultHttpRequest(decodeResult: success, version: HTTP/1.1)
POST /session/e6760e9348811226df58964e21e7fa40/element HTTP/1.1
User-Agent: selenium/4.8.3 (java windows)
Content-Length: 62
Content-Type: application/json; charset=utf-8
host: localhost:25652
accept: */*

Response DefaultHttpResponse(decodeResult: success, version: HTTP/1.1)
HTTP/1.1 200 OK
Content-Length: 95
Content-Type: application/json; charset=utf-8
cache-control: no-cache

20:26:43.934 [AsyncHttpClient-1-11] DEBUG org.asynchttpclient.netty.channel.ChannelManager - Adding key: http://localhost:25652 for channel [id: 0x8f5a1c35, L:/127.0.0.1:61021 - R:localhost/127.0.0.1:25652]
20:26:43.935 [Forwarding sendKeysToElement on session e6760e9348811226df58964e21e7fa40 to remote] DEBUG org.asynchttpclient.netty.request.NettyRequestSender - Using pooled Channel '[id: 0x8f5a1c35, L:/127.0.0.1:61021 - R:localhost/127.0.0.1:25652]' for 'POST' to 'http://localhost:25652/session/e6760e9348811226df58964e21e7fa40/element/652F6ED001A4AFF4F09CBCFFED998892_element_32/value'
20:26:43.935 [Forwarding sendKeysToElement on session e6760e9348811226df58964e21e7fa40 to remote] DEBUG org.asynchttpclient.netty.request.NettyRequestSender - Using open Channel [id: 0x8f5a1c35, L:/127.0.0.1:61021 - R:localhost/127.0.0.1:25652] for POST '/session/e6760e9348811226df58964e21e7fa40/element/652F6ED001A4AFF4F09CBCFFED998892_element_32/value'
20:26:44.010 [AsyncHttpClient-1-11] DEBUG org.asynchttpclient.netty.handler.HttpHandler - 

Request DefaultHttpRequest(decodeResult: success, version: HTTP/1.1)
POST /session/e6760e9348811226df58964e21e7fa40/element/652F6ED001A4AFF4F09CBCFFED998892_element_32/value HTTP/1.1
User-Agent: selenium/4.8.3 (java windows)
Content-Length: 148
Content-Type: application/json; charset=utf-8
host: localhost:25652
accept: */*

Response DefaultHttpResponse(decodeResult: success, version: HTTP/1.1)
HTTP/1.1 200 OK
Content-Length: 14
Content-Type: application/json; charset=utf-8
cache-control: no-cache

20:26:44.011 [AsyncHttpClient-1-11] DEBUG org.asynchttpclient.netty.channel.ChannelManager - Adding key: http://localhost:25652 for channel [id: 0x8f5a1c35, L:/127.0.0.1:61021 - R:localhost/127.0.0.1:25652]
20:26:44.012 [Forwarding findElement on session e6760e9348811226df58964e21e7fa40 to remote] DEBUG org.asynchttpclient.netty.request.NettyRequestSender - Using pooled Channel '[id: 0x8f5a1c35, L:/127.0.0.1:61021 - R:localhost/127.0.0.1:25652]' for 'POST' to 'http://localhost:25652/session/e6760e9348811226df58964e21e7fa40/element'
20:26:44.012 [Forwarding findElement on session e6760e9348811226df58964e21e7fa40 to remote] DEBUG org.asynchttpclient.netty.request.NettyRequestSender - Using open Channel [id: 0x8f5a1c35, L:/127.0.0.1:61021 - R:localhost/127.0.0.1:25652] for POST '/session/e6760e9348811226df58964e21e7fa40/element'
20:26:44.027 [AsyncHttpClient-1-11] DEBUG org.asynchttpclient.netty.handler.HttpHandler - 

Request DefaultHttpRequest(decodeResult: success, version: HTTP/1.1)
POST /session/e6760e9348811226df58964e21e7fa40/element HTTP/1.1
User-Agent: selenium/4.8.3 (java windows)
Content-Length: 71
Content-Type: application/json; charset=utf-8
host: localhost:25652
accept: */*

Response DefaultHttpResponse(decodeResult: success, version: HTTP/1.1)
HTTP/1.1 200 OK
Content-Length: 95
Content-Type: application/json; charset=utf-8
cache-control: no-cache

20:26:44.027 [AsyncHttpClient-1-11] DEBUG org.asynchttpclient.netty.channel.ChannelManager - Adding key: http://localhost:25652 for channel [id: 0x8f5a1c35, L:/127.0.0.1:61021 - R:localhost/127.0.0.1:25652]
20:26:44.028 [Forwarding clickElement on session e6760e9348811226df58964e21e7fa40 to remote] DEBUG org.asynchttpclient.netty.request.NettyRequestSender - Using pooled Channel '[id: 0x8f5a1c35, L:/127.0.0.1:61021 - R:localhost/127.0.0.1:25652]' for 'POST' to 'http://localhost:25652/session/e6760e9348811226df58964e21e7fa40/element/652F6ED001A4AFF4F09CBCFFED998892_element_33/click'
20:26:44.029 [Forwarding clickElement on session e6760e9348811226df58964e21e7fa40 to remote] DEBUG org.asynchttpclient.netty.request.NettyRequestSender - Using open Channel [id: 0x8f5a1c35, L:/127.0.0.1:61021 - R:localhost/127.0.0.1:25652] for POST '/session/e6760e9348811226df58964e21e7fa40/element/652F6ED001A4AFF4F09CBCFFED998892_element_33/click'
20:26:44.072 [AsyncHttpClient-1-11] DEBUG org.asynchttpclient.netty.handler.HttpHandler - 

Request DefaultHttpRequest(decodeResult: success, version: HTTP/1.1)
POST /session/e6760e9348811226df58964e21e7fa40/element/652F6ED001A4AFF4F09CBCFFED998892_element_33/click HTTP/1.1
User-Agent: selenium/4.8.3 (java windows)
Content-Length: 57
Content-Type: application/json; charset=utf-8
host: localhost:25652
accept: */*

Response DefaultHttpResponse(decodeResult: success, version: HTTP/1.1)
HTTP/1.1 200 OK
Content-Length: 14
Content-Type: application/json; charset=utf-8
cache-control: no-cache

20:26:44.072 [AsyncHttpClient-1-11] DEBUG org.asynchttpclient.netty.channel.ChannelManager - Adding key: http://localhost:25652 for channel [id: 0x8f5a1c35, L:/127.0.0.1:61021 - R:localhost/127.0.0.1:25652]
2023-06-06 20:26:44 INFO  BaseTest:126 - Logged in
20:26:44.074 [rp-io-77] DEBUG com.epam.reportportal.service.Launch - Starting test item...rp-io-77
2023-06-06 20:26:44 INFO  Listeners:34 - Started Test null
20:26:44.075 [Forwarding findElement on session e6760e9348811226df58964e21e7fa40 to remote] DEBUG org.asynchttpclient.netty.request.NettyRequestSender - Using pooled Channel '[id: 0x8f5a1c35, L:/127.0.0.1:61021 - R:localhost/127.0.0.1:25652]' for 'POST' to 'http://localhost:25652/session/e6760e9348811226df58964e21e7fa40/element'
20:26:44.075 [Forwarding findElement on session e6760e9348811226df58964e21e7fa40 to remote] DEBUG org.asynchttpclient.netty.request.NettyRequestSender - Using open Channel [id: 0x8f5a1c35, L:/127.0.0.1:61021 - R:localhost/127.0.0.1:25652] for POST '/session/e6760e9348811226df58964e21e7fa40/element'
20:26:44.089 [rp-io-73] DEBUG com.epam.reportportal.service.Launch - TestItem with ID = 'd395bc76-6e00-4c46-a598-113de1e37750' successfully finished.
20:26:44.089 [rp-io-73] DEBUG com.epam.reportportal.utils.SubscriptionUtils - Finish test item completed
20:26:44.093 [rp-io-77] DEBUG com.epam.reportportal.service.Launch - ReportPortal item with ID '2df02f7a-7194-43d5-82f7-b922fdcf11dc' has been created
20:26:44.093 [rp-io-77] DEBUG com.epam.reportportal.utils.SubscriptionUtils - Start test item successfully completed
20:26:44.449 [AsyncHttpClient-1-11] DEBUG org.asynchttpclient.netty.handler.HttpHandler - 

Request DefaultHttpRequest(decodeResult: success, version: HTTP/1.1)
POST /session/e6760e9348811226df58964e21e7fa40/element HTTP/1.1
User-Agent: selenium/4.8.3 (java windows)
Content-Length: 168
Content-Type: application/json; charset=utf-8
host: localhost:25652
accept: */*

Response DefaultHttpResponse(decodeResult: success, version: HTTP/1.1)
HTTP/1.1 200 OK
Content-Length: 95
Content-Type: application/json; charset=utf-8
cache-control: no-cache

20:26:44.449 [AsyncHttpClient-1-11] DEBUG org.asynchttpclient.netty.channel.ChannelManager - Adding key: http://localhost:25652 for channel [id: 0x8f5a1c35, L:/127.0.0.1:61021 - R:localhost/127.0.0.1:25652]
20:26:44.450 [Forwarding clickElement on session e6760e9348811226df58964e21e7fa40 to remote] DEBUG org.asynchttpclient.netty.request.NettyRequestSender - Using pooled Channel '[id: 0x8f5a1c35, L:/127.0.0.1:61021 - R:localhost/127.0.0.1:25652]' for 'POST' to 'http://localhost:25652/session/e6760e9348811226df58964e21e7fa40/element/652F6ED001A4AFF4F09CBCFFED998892_element_47/click'
20:26:44.450 [Forwarding clickElement on session e6760e9348811226df58964e21e7fa40 to remote] DEBUG org.asynchttpclient.netty.request.NettyRequestSender - Using open Channel [id: 0x8f5a1c35, L:/127.0.0.1:61021 - R:localhost/127.0.0.1:25652] for POST '/session/e6760e9348811226df58964e21e7fa40/element/652F6ED001A4AFF4F09CBCFFED998892_element_47/click'
20:26:44.601 [AsyncHttpClient-1-11] DEBUG org.asynchttpclient.netty.handler.HttpHandler - 

Request DefaultHttpRequest(decodeResult: success, version: HTTP/1.1)
POST /session/e6760e9348811226df58964e21e7fa40/element/652F6ED001A4AFF4F09CBCFFED998892_element_47/click HTTP/1.1
User-Agent: selenium/4.8.3 (java windows)
Content-Length: 57
Content-Type: application/json; charset=utf-8
host: localhost:25652
accept: */*

Response DefaultHttpResponse(decodeResult: success, version: HTTP/1.1)
HTTP/1.1 200 OK
Content-Length: 14
Content-Type: application/json; charset=utf-8
cache-control: no-cache

20:26:44.601 [AsyncHttpClient-1-11] DEBUG org.asynchttpclient.netty.channel.ChannelManager - Adding key: http://localhost:25652 for channel [id: 0x8f5a1c35, L:/127.0.0.1:61021 - R:localhost/127.0.0.1:25652]
20:26:44.603 [Forwarding findElement on session e6760e9348811226df58964e21e7fa40 to remote] DEBUG org.asynchttpclient.netty.request.NettyRequestSender - Using pooled Channel '[id: 0x8f5a1c35, L:/127.0.0.1:61021 - R:localhost/127.0.0.1:25652]' for 'POST' to 'http://localhost:25652/session/e6760e9348811226df58964e21e7fa40/element'
20:26:44.603 [Forwarding findElement on session e6760e9348811226df58964e21e7fa40 to remote] DEBUG org.asynchttpclient.netty.request.NettyRequestSender - Using open Channel [id: 0x8f5a1c35, L:/127.0.0.1:61021 - R:localhost/127.0.0.1:25652] for POST '/session/e6760e9348811226df58964e21e7fa40/element'
20:26:44.791 [AsyncHttpClient-1-1] DEBUG org.asynchttpclient.netty.channel.DefaultChannelPool - Entry count for : http://localhost:61022 : 1
20:26:45.165 [AsyncHttpClient-1-11] DEBUG org.asynchttpclient.netty.handler.HttpHandler - 

Request DefaultHttpRequest(decodeResult: success, version: HTTP/1.1)
POST /session/e6760e9348811226df58964e21e7fa40/element HTTP/1.1
User-Agent: selenium/4.8.3 (java windows)
Content-Length: 94
Content-Type: application/json; charset=utf-8
host: localhost:25652
accept: */*

Response DefaultHttpResponse(decodeResult: success, version: HTTP/1.1)
HTTP/1.1 200 OK
Content-Length: 95
Content-Type: application/json; charset=utf-8
cache-control: no-cache

20:26:45.165 [AsyncHttpClient-1-11] DEBUG org.asynchttpclient.netty.channel.ChannelManager - Adding key: http://localhost:25652 for channel [id: 0x8f5a1c35, L:/127.0.0.1:61021 - R:localhost/127.0.0.1:25652]
20:26:45.166 [Forwarding getElementRect on session e6760e9348811226df58964e21e7fa40 to remote] DEBUG org.asynchttpclient.netty.request.NettyRequestSender - Using pooled Channel '[id: 0x8f5a1c35, L:/127.0.0.1:61021 - R:localhost/127.0.0.1:25652]' for 'GET' to 'http://localhost:25652/session/e6760e9348811226df58964e21e7fa40/element/652F6ED001A4AFF4F09CBCFFED998892_element_64/rect'
20:26:45.166 [Forwarding getElementRect on session e6760e9348811226df58964e21e7fa40 to remote] DEBUG org.asynchttpclient.netty.request.NettyRequestSender - Using open Channel [id: 0x8f5a1c35, L:/127.0.0.1:61021 - R:localhost/127.0.0.1:25652] for GET '/session/e6760e9348811226df58964e21e7fa40/element/652F6ED001A4AFF4F09CBCFFED998892_element_64/rect'
20:26:45.183 [AsyncHttpClient-1-11] DEBUG org.asynchttpclient.netty.handler.HttpHandler - 

Request DefaultFullHttpRequest(decodeResult: success, version: HTTP/1.1, content: EmptyByteBufBE)
GET /session/e6760e9348811226df58964e21e7fa40/element/652F6ED001A4AFF4F09CBCFFED998892_element_64/rect HTTP/1.1
User-Agent: selenium/4.8.3 (java windows)
Cache-Control: no-cache
Content-Type: application/json; charset=utf-8
host: localhost:25652
accept: */*

Response DefaultHttpResponse(decodeResult: success, version: HTTP/1.1)
HTTP/1.1 200 OK
Content-Length: 95
Content-Type: application/json; charset=utf-8
cache-control: no-cache

20:26:45.183 [AsyncHttpClient-1-11] DEBUG org.asynchttpclient.netty.channel.ChannelManager - Adding key: http://localhost:25652 for channel [id: 0x8f5a1c35, L:/127.0.0.1:61021 - R:localhost/127.0.0.1:25652]
20:26:45.185 [Forwarding findElement on session e6760e9348811226df58964e21e7fa40 to remote] DEBUG org.asynchttpclient.netty.request.NettyRequestSender - Using pooled Channel '[id: 0x8f5a1c35, L:/127.0.0.1:61021 - R:localhost/127.0.0.1:25652]' for 'POST' to 'http://localhost:25652/session/e6760e9348811226df58964e21e7fa40/element'
20:26:45.185 [Forwarding findElement on session e6760e9348811226df58964e21e7fa40 to remote] DEBUG org.asynchttpclient.netty.request.NettyRequestSender - Using open Channel [id: 0x8f5a1c35, L:/127.0.0.1:61021 - R:localhost/127.0.0.1:25652] for POST '/session/e6760e9348811226df58964e21e7fa40/element'
20:26:45.203 [AsyncHttpClient-1-11] DEBUG org.asynchttpclient.netty.handler.HttpHandler - 

Request DefaultHttpRequest(decodeResult: success, version: HTTP/1.1)
POST /session/e6760e9348811226df58964e21e7fa40/element HTTP/1.1
User-Agent: selenium/4.8.3 (java windows)
Content-Length: 232
Content-Type: application/json; charset=utf-8
host: localhost:25652
accept: */*

Response DefaultHttpResponse(decodeResult: success, version: HTTP/1.1)
HTTP/1.1 200 OK
Content-Length: 95
Content-Type: application/json; charset=utf-8
cache-control: no-cache

20:26:45.203 [AsyncHttpClient-1-11] DEBUG org.asynchttpclient.netty.channel.ChannelManager - Adding key: http://localhost:25652 for channel [id: 0x8f5a1c35, L:/127.0.0.1:61021 - R:localhost/127.0.0.1:25652]
20:26:45.204 [Forwarding findElement on session e6760e9348811226df58964e21e7fa40 to remote] DEBUG org.asynchttpclient.netty.request.NettyRequestSender - Using pooled Channel '[id: 0x8f5a1c35, L:/127.0.0.1:61021 - R:localhost/127.0.0.1:25652]' for 'POST' to 'http://localhost:25652/session/e6760e9348811226df58964e21e7fa40/element'
20:26:45.204 [Forwarding findElement on session e6760e9348811226df58964e21e7fa40 to remote] DEBUG org.asynchttpclient.netty.request.NettyRequestSender - Using open Channel [id: 0x8f5a1c35, L:/127.0.0.1:61021 - R:localhost/127.0.0.1:25652] for POST '/session/e6760e9348811226df58964e21e7fa40/element'
20:26:45.220 [AsyncHttpClient-1-11] DEBUG org.asynchttpclient.netty.handler.HttpHandler - 

Request DefaultHttpRequest(decodeResult: success, version: HTTP/1.1)
POST /session/e6760e9348811226df58964e21e7fa40/element HTTP/1.1
User-Agent: selenium/4.8.3 (java windows)
Content-Length: 283
Content-Type: application/json; charset=utf-8
host: localhost:25652
accept: */*

Response DefaultHttpResponse(decodeResult: success, version: HTTP/1.1)
HTTP/1.1 200 OK
Content-Length: 95
Content-Type: application/json; charset=utf-8
cache-control: no-cache

20:26:45.220 [AsyncHttpClient-1-11] DEBUG org.asynchttpclient.netty.channel.ChannelManager - Adding key: http://localhost:25652 for channel [id: 0x8f5a1c35, L:/127.0.0.1:61021 - R:localhost/127.0.0.1:25652]
20:26:45.227 [Forwarding actions on session e6760e9348811226df58964e21e7fa40 to remote] DEBUG org.asynchttpclient.netty.request.NettyRequestSender - Using pooled Channel '[id: 0x8f5a1c35, L:/127.0.0.1:61021 - R:localhost/127.0.0.1:25652]' for 'POST' to 'http://localhost:25652/session/e6760e9348811226df58964e21e7fa40/actions'
20:26:45.227 [Forwarding actions on session e6760e9348811226df58964e21e7fa40 to remote] DEBUG org.asynchttpclient.netty.request.NettyRequestSender - Using open Channel [id: 0x8f5a1c35, L:/127.0.0.1:61021 - R:localhost/127.0.0.1:25652] for POST '/session/e6760e9348811226df58964e21e7fa40/actions'
20:26:45.580 [AsyncHttpClient-1-11] DEBUG org.asynchttpclient.netty.handler.HttpHandler - 

Request DefaultHttpRequest(decodeResult: success, version: HTTP/1.1)
POST /session/e6760e9348811226df58964e21e7fa40/actions HTTP/1.1
User-Agent: selenium/4.8.3 (java windows)
Content-Length: 962
Content-Type: application/json; charset=utf-8
host: localhost:25652
accept: */*

Response DefaultHttpResponse(decodeResult: success, version: HTTP/1.1)
HTTP/1.1 200 OK
Content-Length: 14
Content-Type: application/json; charset=utf-8
cache-control: no-cache

20:26:45.580 [AsyncHttpClient-1-11] DEBUG org.asynchttpclient.netty.channel.ChannelManager - Adding key: http://localhost:25652 for channel [id: 0x8f5a1c35, L:/127.0.0.1:61021 - R:localhost/127.0.0.1:25652]
20:26:45.581 [Forwarding findElement on session e6760e9348811226df58964e21e7fa40 to remote] DEBUG org.asynchttpclient.netty.request.NettyRequestSender - Using pooled Channel '[id: 0x8f5a1c35, L:/127.0.0.1:61021 - R:localhost/127.0.0.1:25652]' for 'POST' to 'http://localhost:25652/session/e6760e9348811226df58964e21e7fa40/element'
20:26:45.581 [Forwarding findElement on session e6760e9348811226df58964e21e7fa40 to remote] DEBUG org.asynchttpclient.netty.request.NettyRequestSender - Using open Channel [id: 0x8f5a1c35, L:/127.0.0.1:61021 - R:localhost/127.0.0.1:25652] for POST '/session/e6760e9348811226df58964e21e7fa40/element'
20:26:45.594 [AsyncHttpClient-1-11] DEBUG org.asynchttpclient.netty.handler.HttpHandler - 

Request DefaultHttpRequest(decodeResult: success, version: HTTP/1.1)
POST /session/e6760e9348811226df58964e21e7fa40/element HTTP/1.1
User-Agent: selenium/4.8.3 (java windows)
Content-Length: 94
Content-Type: application/json; charset=utf-8
host: localhost:25652
accept: */*

Response DefaultHttpResponse(decodeResult: success, version: HTTP/1.1)
HTTP/1.1 200 OK
Content-Length: 95
Content-Type: application/json; charset=utf-8
cache-control: no-cache

20:26:45.594 [AsyncHttpClient-1-11] DEBUG org.asynchttpclient.netty.channel.ChannelManager - Adding key: http://localhost:25652 for channel [id: 0x8f5a1c35, L:/127.0.0.1:61021 - R:localhost/127.0.0.1:25652]
20:26:45.594 [Forwarding getElementRect on session e6760e9348811226df58964e21e7fa40 to remote] DEBUG org.asynchttpclient.netty.request.NettyRequestSender - Using pooled Channel '[id: 0x8f5a1c35, L:/127.0.0.1:61021 - R:localhost/127.0.0.1:25652]' for 'GET' to 'http://localhost:25652/session/e6760e9348811226df58964e21e7fa40/element/652F6ED001A4AFF4F09CBCFFED998892_element_64/rect'
20:26:45.594 [Forwarding getElementRect on session e6760e9348811226df58964e21e7fa40 to remote] DEBUG org.asynchttpclient.netty.request.NettyRequestSender - Using open Channel [id: 0x8f5a1c35, L:/127.0.0.1:61021 - R:localhost/127.0.0.1:25652] for GET '/session/e6760e9348811226df58964e21e7fa40/element/652F6ED001A4AFF4F09CBCFFED998892_element_64/rect'
20:26:45.612 [AsyncHttpClient-1-11] DEBUG org.asynchttpclient.netty.handler.HttpHandler - 

Request DefaultFullHttpRequest(decodeResult: success, version: HTTP/1.1, content: EmptyByteBufBE)
GET /session/e6760e9348811226df58964e21e7fa40/element/652F6ED001A4AFF4F09CBCFFED998892_element_64/rect HTTP/1.1
User-Agent: selenium/4.8.3 (java windows)
Cache-Control: no-cache
Content-Type: application/json; charset=utf-8
host: localhost:25652
accept: */*

Response DefaultHttpResponse(decodeResult: success, version: HTTP/1.1)
HTTP/1.1 200 OK
Content-Length: 95
Content-Type: application/json; charset=utf-8
cache-control: no-cache

20:26:45.612 [AsyncHttpClient-1-11] DEBUG org.asynchttpclient.netty.channel.ChannelManager - Adding key: http://localhost:25652 for channel [id: 0x8f5a1c35, L:/127.0.0.1:61021 - R:localhost/127.0.0.1:25652]
2023-06-06 20:26:45 INFO  Listeners:38 - Succeeded Test null
]]></system-out>
    <system-err><![CDATA[Starting ChromeDriver 114.0.5735.90 (386bc09e8f4f2e025eddae123f36f6263096ae49-refs/branch-heads/5735@{#1052}) on port 25652
Only local connections are allowed.
Please see https://chromedriver.chromium.org/security-considerations for suggestions on keeping ChromeDriver safe.
ChromeDriver was started successfully.
Jun 06, 2023 8:26:41 PM org.openqa.selenium.devtools.CdpVersionFinder findNearestMatch
WARNING: Unable to find an exact match for CDP version 114, so returning the closest version found: 111
]]></system-err>
  </testcase>
  <testcase name="minimizing_widget" classname="alltests.uitest.coreTest.MinimizeWidget" time="1.58">
    <system-out><![CDATA[20:26:45.617 [rp-io-83] DEBUG com.epam.reportportal.service.Launch - Starting test item...rp-io-83
20:26:45.619 [AsyncHttpClient-1-13] DEBUG org.asynchttpclient.netty.handler.WebSocketHandler - Channel Closed: [id: 0x0bed2914, L:/127.0.0.1:61030 ! R:localhost/127.0.0.1:61022] with attribute NettyResponseFuture{currentRetry=0,
	isDone=1,
	isCancelled=0,
	asyncHandler=org.asynchttpclient.ws.WebSocketUpgradeHandler@195469ec,
	nettyRequest=org.asynchttpclient.netty.request.NettyRequest@25953cd7,
	future=java.util.concurrent.CompletableFuture@73bee4f4[Completed normally],
	uri=ws://localhost:61022/devtools/browser/eb1e7e31-da5f-4a4c-aac7-1c18049b15fa,
	keepAlive=true,
	redirectCount=0,
	timeoutsHolder=null,
	inAuth=0,
	touch=1686076001986}
20:26:45.619 [AsyncHttpClient-1-13] DEBUG org.asynchttpclient.netty.channel.ChannelManager - Closing Channel [id: 0x0bed2914, L:/127.0.0.1:61030 ! R:localhost/127.0.0.1:61022] 
20:26:45.624 [Driver Command Executor] DEBUG org.asynchttpclient.netty.request.NettyRequestSender - Using pooled Channel '[id: 0x8f5a1c35, L:/127.0.0.1:61021 - R:localhost/127.0.0.1:25652]' for 'DELETE' to 'http://localhost:25652/session/e6760e9348811226df58964e21e7fa40'
20:26:45.624 [Driver Command Executor] DEBUG org.asynchttpclient.netty.request.NettyRequestSender - Using open Channel [id: 0x8f5a1c35, L:/127.0.0.1:61021 - R:localhost/127.0.0.1:25652] for DELETE '/session/e6760e9348811226df58964e21e7fa40'
20:26:45.649 [rp-io-81] DEBUG com.epam.reportportal.service.Launch - TestItem with ID = '2df02f7a-7194-43d5-82f7-b922fdcf11dc' successfully finished.
20:26:45.649 [rp-io-81] DEBUG com.epam.reportportal.utils.SubscriptionUtils - Finish test item completed
20:26:45.656 [rp-io-83] DEBUG com.epam.reportportal.service.Launch - ReportPortal item with ID 'f63383d1-c6c7-4edf-941d-6323cfebca3f' has been created
20:26:45.656 [rp-io-83] DEBUG com.epam.reportportal.utils.SubscriptionUtils - Start test item successfully completed
20:26:45.723 [AsyncHttpClient-1-12] DEBUG org.asynchttpclient.netty.handler.HttpHandler - Unexpected I/O exception on channel [id: 0x98b74ea1, L:/127.0.0.1:61029 - R:localhost/127.0.0.1:61022]
java.net.SocketException: Connection reset
	at java.base/sun.nio.ch.SocketChannelImpl.throwConnectionReset(SocketChannelImpl.java:394)
	at java.base/sun.nio.ch.SocketChannelImpl.read(SocketChannelImpl.java:426)
	at io.netty.buffer.PooledByteBuf.setBytes(PooledByteBuf.java:256)
	at io.netty.buffer.AbstractByteBuf.writeBytes(AbstractByteBuf.java:1132)
	at io.netty.channel.socket.nio.NioSocketChannel.doReadBytes(NioSocketChannel.java:357)
	at io.netty.channel.nio.AbstractNioByteChannel$NioByteUnsafe.read(AbstractNioByteChannel.java:151)
	at io.netty.channel.nio.NioEventLoop.processSelectedKey(NioEventLoop.java:788)
	at io.netty.channel.nio.NioEventLoop.processSelectedKeysOptimized(NioEventLoop.java:724)
	at io.netty.channel.nio.NioEventLoop.processSelectedKeys(NioEventLoop.java:650)
	at io.netty.channel.nio.NioEventLoop.run(NioEventLoop.java:562)
	at io.netty.util.concurrent.SingleThreadEventExecutor$4.run(SingleThreadEventExecutor.java:997)
	at io.netty.util.internal.ThreadExecutorMap$2.run(ThreadExecutorMap.java:74)
	at io.netty.util.concurrent.FastThreadLocalRunnable.run(FastThreadLocalRunnable.java:30)
	at java.base/java.lang.Thread.run(Thread.java:833)
20:26:45.724 [AsyncHttpClient-1-12] DEBUG org.asynchttpclient.netty.channel.ChannelManager - Closing Channel [id: 0x98b74ea1, L:/127.0.0.1:61029 - R:localhost/127.0.0.1:61022] 
20:26:45.724 [AsyncHttpClient-1-12] DEBUG org.asynchttpclient.netty.handler.HttpHandler - Channel Closed: [id: 0x98b74ea1, L:/127.0.0.1:61029 ! R:localhost/127.0.0.1:61022] with attribute DISCARD
20:26:45.745 [AsyncHttpClient-1-11] DEBUG org.asynchttpclient.netty.handler.HttpHandler - 

Request DefaultFullHttpRequest(decodeResult: success, version: HTTP/1.1, content: EmptyByteBufBE)
DELETE /session/e6760e9348811226df58964e21e7fa40 HTTP/1.1
User-Agent: selenium/4.8.3 (java windows)
Content-Type: application/json; charset=utf-8
host: localhost:25652
accept: */*

Response DefaultHttpResponse(decodeResult: success, version: HTTP/1.1)
HTTP/1.1 200 OK
Content-Length: 14
Content-Type: application/json; charset=utf-8
cache-control: no-cache

20:26:45.745 [AsyncHttpClient-1-11] DEBUG org.asynchttpclient.netty.channel.ChannelManager - Adding key: http://localhost:25652 for channel [id: 0x8f5a1c35, L:/127.0.0.1:61021 - R:localhost/127.0.0.1:25652]
20:26:45.800 [AsyncHttpClient-1-11] DEBUG org.asynchttpclient.netty.handler.HttpHandler - Channel Closed: [id: 0x8f5a1c35, L:/127.0.0.1:61021 ! R:localhost/127.0.0.1:25652] with attribute DISCARD
2023-06-06 20:26:45 INFO  BaseTest:83 - Test executed**********
20:26:45.860 [rp-io-86] DEBUG com.epam.reportportal.service.Launch - Starting test item...rp-io-86
2023-06-06 20:26:45 INFO  BaseTest:110 - Property files loaded successfully**********
20:26:45.872 [main] DEBUG io.github.bonigarcia.wdm.cache.ResolutionCache - Resolution chrome=114 in cache (valid until 21:23:55 06/06/2023 CEST)
20:26:45.873 [rp-io-87] DEBUG com.epam.reportportal.service.Launch - TestItem with ID = 'f63383d1-c6c7-4edf-941d-6323cfebca3f' successfully finished.
20:26:45.873 [rp-io-87] DEBUG com.epam.reportportal.utils.SubscriptionUtils - Finish test item completed
20:26:45.873 [main] DEBUG io.github.bonigarcia.wdm.cache.ResolutionCache - Resolution chrome114=114.0.5735.90 in cache (valid until 16:16:26 07/06/2023 CEST)
20:26:45.873 [main] INFO io.github.bonigarcia.wdm.WebDriverManager - Using chromedriver 114.0.5735.90 (resolved driver for Chrome 114)
20:26:45.878 [rp-io-86] DEBUG com.epam.reportportal.service.Launch - ReportPortal item with ID 'dc973ea5-9cfc-4391-bbca-1e4422144602' has been created
20:26:45.878 [rp-io-86] DEBUG com.epam.reportportal.utils.SubscriptionUtils - Start test item successfully completed
20:26:45.882 [main] DEBUG io.github.bonigarcia.wdm.WebDriverManager - Driver chromedriver 114.0.5735.90 found in cache
20:26:45.882 [main] INFO io.github.bonigarcia.wdm.WebDriverManager - Exporting webdriver.chrome.driver as C:\Users\Suwarna_Wagh\.cache\selenium\chromedriver\win32\114.0.5735.90\chromedriver.exe
20:26:45.890 [AsyncHttpClient-1-1] DEBUG org.asynchttpclient.netty.channel.DefaultChannelPool - Entry count for : http://localhost:61022 : 1
20:26:45.890 [AsyncHttpClient-1-1] DEBUG org.asynchttpclient.netty.channel.DefaultChannelPool - Entry count for : http://localhost:25652 : 1
20:26:45.890 [AsyncHttpClient-1-1] DEBUG org.asynchttpclient.netty.channel.DefaultChannelPool - Adding Candidate expired Channel [id: 0x98b74ea1, L:/127.0.0.1:61029 ! R:localhost/127.0.0.1:61022] isIdleTimeoutExpired=false isRemotelyClosed=true isTtlExpired=false
20:26:45.890 [AsyncHttpClient-1-1] DEBUG org.asynchttpclient.netty.channel.DefaultChannelPool - Closing Idle Channel [id: 0x98b74ea1, L:/127.0.0.1:61029 ! R:localhost/127.0.0.1:61022]
20:26:45.890 [AsyncHttpClient-1-1] DEBUG org.asynchttpclient.netty.channel.DefaultChannelPool - Adding Candidate expired Channel [id: 0x8f5a1c35, L:/127.0.0.1:61021 ! R:localhost/127.0.0.1:25652] isIdleTimeoutExpired=false isRemotelyClosed=true isTtlExpired=false
20:26:45.890 [AsyncHttpClient-1-1] DEBUG org.asynchttpclient.netty.channel.DefaultChannelPool - Closing Idle Channel [id: 0x8f5a1c35, L:/127.0.0.1:61021 ! R:localhost/127.0.0.1:25652]
20:26:45.890 [AsyncHttpClient-1-1] DEBUG org.asynchttpclient.netty.channel.DefaultChannelPool - Closed 2 connections out of 2 in 0 ms
20:26:46.077 [AsyncHttpClient-1-14] DEBUG org.asynchttpclient.netty.channel.NettyConnectListener - Using new Channel '[id: 0x9334f384, L:/127.0.0.1:61048 - R:localhost/127.0.0.1:38748]' for 'POST' to '/session'
20:26:47.014 [AsyncHttpClient-1-14] DEBUG org.asynchttpclient.netty.handler.HttpHandler - 

Request DefaultHttpRequest(decodeResult: success, version: HTTP/1.1)
POST /session HTTP/1.1
User-Agent: selenium/4.8.3 (java windows)
Content-Length: 439
Content-Type: application/json; charset=utf-8
host: localhost:38748
accept: */*

Response DefaultHttpResponse(decodeResult: success, version: HTTP/1.1)
HTTP/1.1 200 OK
Content-Length: 862
Content-Type: application/json; charset=utf-8
cache-control: no-cache

20:26:47.014 [AsyncHttpClient-1-14] DEBUG org.asynchttpclient.netty.channel.ChannelManager - Adding key: http://localhost:38748 for channel [id: 0x9334f384, L:/127.0.0.1:61048 - R:localhost/127.0.0.1:38748]
20:26:47.020 [AsyncHttpClient-1-15] DEBUG org.asynchttpclient.netty.channel.NettyConnectListener - Using new Channel '[id: 0x79ad88cf, L:/127.0.0.1:61056 - R:localhost/127.0.0.1:61049]' for 'GET' to '/json/version'
20:26:47.021 [AsyncHttpClient-1-15] DEBUG org.asynchttpclient.netty.handler.HttpHandler - 

Request DefaultFullHttpRequest(decodeResult: success, version: HTTP/1.1, content: EmptyByteBufBE)
GET /json/version HTTP/1.1
User-Agent: selenium/4.8.3 (java windows)
host: localhost:61049
accept: */*

Response DefaultHttpResponse(decodeResult: success, version: HTTP/1.1)
HTTP/1.1 200 OK
Content-Security-Policy: frame-ancestors 'none'
Content-Length: 424
Content-Type: application/json; charset=UTF-8

20:26:47.021 [AsyncHttpClient-1-15] DEBUG org.asynchttpclient.netty.channel.ChannelManager - Adding key: http://localhost:61049 for channel [id: 0x79ad88cf, L:/127.0.0.1:61056 - R:localhost/127.0.0.1:61049]
20:26:47.022 [AsyncHttpClient-1-16] DEBUG org.asynchttpclient.netty.channel.NettyConnectListener - Using new Channel '[id: 0x9a36fcd1, L:/127.0.0.1:61057 - R:localhost/127.0.0.1:61049]' for 'GET' to '/devtools/browser/93ee27c6-7e2f-497e-b272-67fc988f249c'
20:26:47.023 [AsyncHttpClient-1-16] DEBUG org.asynchttpclient.netty.handler.WebSocketHandler - 

Request DefaultFullHttpRequest(decodeResult: success, version: HTTP/1.1, content: EmptyByteBufBE)
GET /devtools/browser/93ee27c6-7e2f-497e-b272-67fc988f249c HTTP/1.1
upgrade: websocket
connection: upgrade
sec-websocket-key: tMEhzagPSYuhv5+q390j8A==
sec-websocket-version: 13
origin: http://localhost:61049
host: localhost:61049
accept: */*
user-agent: AHC/2.1

Response DefaultHttpResponse(decodeResult: success, version: HTTP/1.1)
HTTP/1.1 101 WebSocket Protocol Handshake
Upgrade: WebSocket
Connection: Upgrade
Sec-WebSocket-Accept: 55Wt0hWBbsuWLVkFrhfGm82p7ig=

20:26:47.026 [Forwarding setTimeout on session 7a8fb918beb6fde56017c18e8cb61f24 to remote] DEBUG org.asynchttpclient.netty.request.NettyRequestSender - Using pooled Channel '[id: 0x9334f384, L:/127.0.0.1:61048 - R:localhost/127.0.0.1:38748]' for 'POST' to 'http://localhost:38748/session/7a8fb918beb6fde56017c18e8cb61f24/timeouts'
20:26:47.026 [Forwarding setTimeout on session 7a8fb918beb6fde56017c18e8cb61f24 to remote] DEBUG org.asynchttpclient.netty.request.NettyRequestSender - Using open Channel [id: 0x9334f384, L:/127.0.0.1:61048 - R:localhost/127.0.0.1:38748] for POST '/session/7a8fb918beb6fde56017c18e8cb61f24/timeouts'
20:26:47.028 [AsyncHttpClient-1-14] DEBUG org.asynchttpclient.netty.handler.HttpHandler - 

Request DefaultHttpRequest(decodeResult: success, version: HTTP/1.1)
POST /session/7a8fb918beb6fde56017c18e8cb61f24/timeouts HTTP/1.1
User-Agent: selenium/4.8.3 (java windows)
Content-Length: 22
Content-Type: application/json; charset=utf-8
host: localhost:38748
accept: */*

Response DefaultHttpResponse(decodeResult: success, version: HTTP/1.1)
HTTP/1.1 200 OK
Content-Length: 14
Content-Type: application/json; charset=utf-8
cache-control: no-cache

20:26:47.028 [AsyncHttpClient-1-14] DEBUG org.asynchttpclient.netty.channel.ChannelManager - Adding key: http://localhost:38748 for channel [id: 0x9334f384, L:/127.0.0.1:61048 - R:localhost/127.0.0.1:38748]
20:26:47.029 [Forwarding maximizeCurrentWindow on session 7a8fb918beb6fde56017c18e8cb61f24 to remote] DEBUG org.asynchttpclient.netty.request.NettyRequestSender - Using pooled Channel '[id: 0x9334f384, L:/127.0.0.1:61048 - R:localhost/127.0.0.1:38748]' for 'POST' to 'http://localhost:38748/session/7a8fb918beb6fde56017c18e8cb61f24/window/maximize'
20:26:47.029 [Forwarding maximizeCurrentWindow on session 7a8fb918beb6fde56017c18e8cb61f24 to remote] DEBUG org.asynchttpclient.netty.request.NettyRequestSender - Using open Channel [id: 0x9334f384, L:/127.0.0.1:61048 - R:localhost/127.0.0.1:38748] for POST '/session/7a8fb918beb6fde56017c18e8cb61f24/window/maximize'
20:26:47.150 [AsyncHttpClient-1-14] DEBUG org.asynchttpclient.netty.handler.HttpHandler - 

Request DefaultHttpRequest(decodeResult: success, version: HTTP/1.1)
POST /session/7a8fb918beb6fde56017c18e8cb61f24/window/maximize HTTP/1.1
User-Agent: selenium/4.8.3 (java windows)
Content-Length: 3
Content-Type: application/json; charset=utf-8
host: localhost:38748
accept: */*

Response DefaultHttpResponse(decodeResult: success, version: HTTP/1.1)
HTTP/1.1 200 OK
Content-Length: 51
Content-Type: application/json; charset=utf-8
cache-control: no-cache

20:26:47.150 [AsyncHttpClient-1-14] DEBUG org.asynchttpclient.netty.channel.ChannelManager - Adding key: http://localhost:38748 for channel [id: 0x9334f384, L:/127.0.0.1:61048 - R:localhost/127.0.0.1:38748]
20:26:47.152 [Forwarding get on session 7a8fb918beb6fde56017c18e8cb61f24 to remote] DEBUG org.asynchttpclient.netty.request.NettyRequestSender - Using pooled Channel '[id: 0x9334f384, L:/127.0.0.1:61048 - R:localhost/127.0.0.1:38748]' for 'POST' to 'http://localhost:38748/session/7a8fb918beb6fde56017c18e8cb61f24/url'
20:26:47.152 [Forwarding get on session 7a8fb918beb6fde56017c18e8cb61f24 to remote] DEBUG org.asynchttpclient.netty.request.NettyRequestSender - Using open Channel [id: 0x9334f384, L:/127.0.0.1:61048 - R:localhost/127.0.0.1:38748] for POST '/session/7a8fb918beb6fde56017c18e8cb61f24/url'
20:26:48.089 [AsyncHttpClient-1-1] DEBUG org.asynchttpclient.netty.channel.DefaultChannelPool - Entry count for : http://localhost:61049 : 1
20:26:48.664 [AsyncHttpClient-1-14] DEBUG org.asynchttpclient.netty.handler.HttpHandler - 

Request DefaultHttpRequest(decodeResult: success, version: HTTP/1.1)
POST /session/7a8fb918beb6fde56017c18e8cb61f24/url HTTP/1.1
User-Agent: selenium/4.8.3 (java windows)
Content-Length: 52
Content-Type: application/json; charset=utf-8
host: localhost:38748
accept: */*

Response DefaultHttpResponse(decodeResult: success, version: HTTP/1.1)
HTTP/1.1 200 OK
Content-Length: 14
Content-Type: application/json; charset=utf-8
cache-control: no-cache

20:26:48.664 [AsyncHttpClient-1-14] DEBUG org.asynchttpclient.netty.channel.ChannelManager - Adding key: http://localhost:38748 for channel [id: 0x9334f384, L:/127.0.0.1:61048 - R:localhost/127.0.0.1:38748]
2023-06-06 20:26:48 INFO  BaseTest:104 - Test driver set up done successfully**********
2023-06-06 20:26:48 INFO  BaseTest:122 - Logging in to portal
20:26:48.666 [Forwarding findElement on session 7a8fb918beb6fde56017c18e8cb61f24 to remote] DEBUG org.asynchttpclient.netty.request.NettyRequestSender - Using pooled Channel '[id: 0x9334f384, L:/127.0.0.1:61048 - R:localhost/127.0.0.1:38748]' for 'POST' to 'http://localhost:38748/session/7a8fb918beb6fde56017c18e8cb61f24/element'
20:26:48.666 [Forwarding findElement on session 7a8fb918beb6fde56017c18e8cb61f24 to remote] DEBUG org.asynchttpclient.netty.request.NettyRequestSender - Using open Channel [id: 0x9334f384, L:/127.0.0.1:61048 - R:localhost/127.0.0.1:38748] for POST '/session/7a8fb918beb6fde56017c18e8cb61f24/element'
20:26:48.679 [AsyncHttpClient-1-14] DEBUG org.asynchttpclient.netty.handler.HttpHandler - 

Request DefaultHttpRequest(decodeResult: success, version: HTTP/1.1)
POST /session/7a8fb918beb6fde56017c18e8cb61f24/element HTTP/1.1
User-Agent: selenium/4.8.3 (java windows)
Content-Length: 59
Content-Type: application/json; charset=utf-8
host: localhost:38748
accept: */*

Response DefaultHttpResponse(decodeResult: success, version: HTTP/1.1)
HTTP/1.1 200 OK
Content-Length: 95
Content-Type: application/json; charset=utf-8
cache-control: no-cache

20:26:48.679 [AsyncHttpClient-1-14] DEBUG org.asynchttpclient.netty.channel.ChannelManager - Adding key: http://localhost:38748 for channel [id: 0x9334f384, L:/127.0.0.1:61048 - R:localhost/127.0.0.1:38748]
20:26:48.680 [Forwarding clearElement on session 7a8fb918beb6fde56017c18e8cb61f24 to remote] DEBUG org.asynchttpclient.netty.request.NettyRequestSender - Using pooled Channel '[id: 0x9334f384, L:/127.0.0.1:61048 - R:localhost/127.0.0.1:38748]' for 'POST' to 'http://localhost:38748/session/7a8fb918beb6fde56017c18e8cb61f24/element/EB6315F018699F427E7D93EBCECB8FAC_element_27/clear'
20:26:48.680 [Forwarding clearElement on session 7a8fb918beb6fde56017c18e8cb61f24 to remote] DEBUG org.asynchttpclient.netty.request.NettyRequestSender - Using open Channel [id: 0x9334f384, L:/127.0.0.1:61048 - R:localhost/127.0.0.1:38748] for POST '/session/7a8fb918beb6fde56017c18e8cb61f24/element/EB6315F018699F427E7D93EBCECB8FAC_element_27/clear'
20:26:48.723 [AsyncHttpClient-1-14] DEBUG org.asynchttpclient.netty.handler.HttpHandler - 

Request DefaultHttpRequest(decodeResult: success, version: HTTP/1.1)
POST /session/7a8fb918beb6fde56017c18e8cb61f24/element/EB6315F018699F427E7D93EBCECB8FAC_element_27/clear HTTP/1.1
User-Agent: selenium/4.8.3 (java windows)
Content-Length: 57
Content-Type: application/json; charset=utf-8
host: localhost:38748
accept: */*

Response DefaultHttpResponse(decodeResult: success, version: HTTP/1.1)
HTTP/1.1 200 OK
Content-Length: 14
Content-Type: application/json; charset=utf-8
cache-control: no-cache

20:26:48.723 [AsyncHttpClient-1-14] DEBUG org.asynchttpclient.netty.channel.ChannelManager - Adding key: http://localhost:38748 for channel [id: 0x9334f384, L:/127.0.0.1:61048 - R:localhost/127.0.0.1:38748]
20:26:48.724 [Forwarding findElement on session 7a8fb918beb6fde56017c18e8cb61f24 to remote] DEBUG org.asynchttpclient.netty.request.NettyRequestSender - Using pooled Channel '[id: 0x9334f384, L:/127.0.0.1:61048 - R:localhost/127.0.0.1:38748]' for 'POST' to 'http://localhost:38748/session/7a8fb918beb6fde56017c18e8cb61f24/element'
20:26:48.724 [Forwarding findElement on session 7a8fb918beb6fde56017c18e8cb61f24 to remote] DEBUG org.asynchttpclient.netty.request.NettyRequestSender - Using open Channel [id: 0x9334f384, L:/127.0.0.1:61048 - R:localhost/127.0.0.1:38748] for POST '/session/7a8fb918beb6fde56017c18e8cb61f24/element'
20:26:48.733 [AsyncHttpClient-1-14] DEBUG org.asynchttpclient.netty.handler.HttpHandler - 

Request DefaultHttpRequest(decodeResult: success, version: HTTP/1.1)
POST /session/7a8fb918beb6fde56017c18e8cb61f24/element HTTP/1.1
User-Agent: selenium/4.8.3 (java windows)
Content-Length: 59
Content-Type: application/json; charset=utf-8
host: localhost:38748
accept: */*

Response DefaultHttpResponse(decodeResult: success, version: HTTP/1.1)
HTTP/1.1 200 OK
Content-Length: 95
Content-Type: application/json; charset=utf-8
cache-control: no-cache

20:26:48.733 [AsyncHttpClient-1-14] DEBUG org.asynchttpclient.netty.channel.ChannelManager - Adding key: http://localhost:38748 for channel [id: 0x9334f384, L:/127.0.0.1:61048 - R:localhost/127.0.0.1:38748]
20:26:48.734 [Forwarding sendKeysToElement on session 7a8fb918beb6fde56017c18e8cb61f24 to remote] DEBUG org.asynchttpclient.netty.request.NettyRequestSender - Using pooled Channel '[id: 0x9334f384, L:/127.0.0.1:61048 - R:localhost/127.0.0.1:38748]' for 'POST' to 'http://localhost:38748/session/7a8fb918beb6fde56017c18e8cb61f24/element/EB6315F018699F427E7D93EBCECB8FAC_element_27/value'
20:26:48.734 [Forwarding sendKeysToElement on session 7a8fb918beb6fde56017c18e8cb61f24 to remote] DEBUG org.asynchttpclient.netty.request.NettyRequestSender - Using open Channel [id: 0x9334f384, L:/127.0.0.1:61048 - R:localhost/127.0.0.1:38748] for POST '/session/7a8fb918beb6fde56017c18e8cb61f24/element/EB6315F018699F427E7D93EBCECB8FAC_element_27/value'
20:26:48.824 [AsyncHttpClient-1-14] DEBUG org.asynchttpclient.netty.handler.HttpHandler - 

Request DefaultHttpRequest(decodeResult: success, version: HTTP/1.1)
POST /session/7a8fb918beb6fde56017c18e8cb61f24/element/EB6315F018699F427E7D93EBCECB8FAC_element_27/value HTTP/1.1
User-Agent: selenium/4.8.3 (java windows)
Content-Length: 188
Content-Type: application/json; charset=utf-8
host: localhost:38748
accept: */*

Response DefaultHttpResponse(decodeResult: success, version: HTTP/1.1)
HTTP/1.1 200 OK
Content-Length: 14
Content-Type: application/json; charset=utf-8
cache-control: no-cache

20:26:48.825 [AsyncHttpClient-1-14] DEBUG org.asynchttpclient.netty.channel.ChannelManager - Adding key: http://localhost:38748 for channel [id: 0x9334f384, L:/127.0.0.1:61048 - R:localhost/127.0.0.1:38748]
20:26:48.825 [Forwarding findElement on session 7a8fb918beb6fde56017c18e8cb61f24 to remote] DEBUG org.asynchttpclient.netty.request.NettyRequestSender - Using pooled Channel '[id: 0x9334f384, L:/127.0.0.1:61048 - R:localhost/127.0.0.1:38748]' for 'POST' to 'http://localhost:38748/session/7a8fb918beb6fde56017c18e8cb61f24/element'
20:26:48.826 [Forwarding findElement on session 7a8fb918beb6fde56017c18e8cb61f24 to remote] DEBUG org.asynchttpclient.netty.request.NettyRequestSender - Using open Channel [id: 0x9334f384, L:/127.0.0.1:61048 - R:localhost/127.0.0.1:38748] for POST '/session/7a8fb918beb6fde56017c18e8cb61f24/element'
20:26:48.837 [AsyncHttpClient-1-14] DEBUG org.asynchttpclient.netty.handler.HttpHandler - 

Request DefaultHttpRequest(decodeResult: success, version: HTTP/1.1)
POST /session/7a8fb918beb6fde56017c18e8cb61f24/element HTTP/1.1
User-Agent: selenium/4.8.3 (java windows)
Content-Length: 62
Content-Type: application/json; charset=utf-8
host: localhost:38748
accept: */*

Response DefaultHttpResponse(decodeResult: success, version: HTTP/1.1)
HTTP/1.1 200 OK
Content-Length: 95
Content-Type: application/json; charset=utf-8
cache-control: no-cache

20:26:48.837 [AsyncHttpClient-1-14] DEBUG org.asynchttpclient.netty.channel.ChannelManager - Adding key: http://localhost:38748 for channel [id: 0x9334f384, L:/127.0.0.1:61048 - R:localhost/127.0.0.1:38748]
20:26:48.838 [Forwarding clearElement on session 7a8fb918beb6fde56017c18e8cb61f24 to remote] DEBUG org.asynchttpclient.netty.request.NettyRequestSender - Using pooled Channel '[id: 0x9334f384, L:/127.0.0.1:61048 - R:localhost/127.0.0.1:38748]' for 'POST' to 'http://localhost:38748/session/7a8fb918beb6fde56017c18e8cb61f24/element/EB6315F018699F427E7D93EBCECB8FAC_element_29/clear'
20:26:48.838 [Forwarding clearElement on session 7a8fb918beb6fde56017c18e8cb61f24 to remote] DEBUG org.asynchttpclient.netty.request.NettyRequestSender - Using open Channel [id: 0x9334f384, L:/127.0.0.1:61048 - R:localhost/127.0.0.1:38748] for POST '/session/7a8fb918beb6fde56017c18e8cb61f24/element/EB6315F018699F427E7D93EBCECB8FAC_element_29/clear'
20:26:48.883 [AsyncHttpClient-1-14] DEBUG org.asynchttpclient.netty.handler.HttpHandler - 

Request DefaultHttpRequest(decodeResult: success, version: HTTP/1.1)
POST /session/7a8fb918beb6fde56017c18e8cb61f24/element/EB6315F018699F427E7D93EBCECB8FAC_element_29/clear HTTP/1.1
User-Agent: selenium/4.8.3 (java windows)
Content-Length: 57
Content-Type: application/json; charset=utf-8
host: localhost:38748
accept: */*

Response DefaultHttpResponse(decodeResult: success, version: HTTP/1.1)
HTTP/1.1 200 OK
Content-Length: 14
Content-Type: application/json; charset=utf-8
cache-control: no-cache

20:26:48.883 [AsyncHttpClient-1-14] DEBUG org.asynchttpclient.netty.channel.ChannelManager - Adding key: http://localhost:38748 for channel [id: 0x9334f384, L:/127.0.0.1:61048 - R:localhost/127.0.0.1:38748]
20:26:48.884 [Forwarding findElement on session 7a8fb918beb6fde56017c18e8cb61f24 to remote] DEBUG org.asynchttpclient.netty.request.NettyRequestSender - Using pooled Channel '[id: 0x9334f384, L:/127.0.0.1:61048 - R:localhost/127.0.0.1:38748]' for 'POST' to 'http://localhost:38748/session/7a8fb918beb6fde56017c18e8cb61f24/element'
20:26:48.884 [Forwarding findElement on session 7a8fb918beb6fde56017c18e8cb61f24 to remote] DEBUG org.asynchttpclient.netty.request.NettyRequestSender - Using open Channel [id: 0x9334f384, L:/127.0.0.1:61048 - R:localhost/127.0.0.1:38748] for POST '/session/7a8fb918beb6fde56017c18e8cb61f24/element'
20:26:48.895 [AsyncHttpClient-1-14] DEBUG org.asynchttpclient.netty.handler.HttpHandler - 

Request DefaultHttpRequest(decodeResult: success, version: HTTP/1.1)
POST /session/7a8fb918beb6fde56017c18e8cb61f24/element HTTP/1.1
User-Agent: selenium/4.8.3 (java windows)
Content-Length: 62
Content-Type: application/json; charset=utf-8
host: localhost:38748
accept: */*

Response DefaultHttpResponse(decodeResult: success, version: HTTP/1.1)
HTTP/1.1 200 OK
Content-Length: 95
Content-Type: application/json; charset=utf-8
cache-control: no-cache

20:26:48.895 [AsyncHttpClient-1-14] DEBUG org.asynchttpclient.netty.channel.ChannelManager - Adding key: http://localhost:38748 for channel [id: 0x9334f384, L:/127.0.0.1:61048 - R:localhost/127.0.0.1:38748]
20:26:48.897 [Forwarding sendKeysToElement on session 7a8fb918beb6fde56017c18e8cb61f24 to remote] DEBUG org.asynchttpclient.netty.request.NettyRequestSender - Using pooled Channel '[id: 0x9334f384, L:/127.0.0.1:61048 - R:localhost/127.0.0.1:38748]' for 'POST' to 'http://localhost:38748/session/7a8fb918beb6fde56017c18e8cb61f24/element/EB6315F018699F427E7D93EBCECB8FAC_element_29/value'
20:26:48.897 [Forwarding sendKeysToElement on session 7a8fb918beb6fde56017c18e8cb61f24 to remote] DEBUG org.asynchttpclient.netty.request.NettyRequestSender - Using open Channel [id: 0x9334f384, L:/127.0.0.1:61048 - R:localhost/127.0.0.1:38748] for POST '/session/7a8fb918beb6fde56017c18e8cb61f24/element/EB6315F018699F427E7D93EBCECB8FAC_element_29/value'
20:26:48.971 [AsyncHttpClient-1-14] DEBUG org.asynchttpclient.netty.handler.HttpHandler - 

Request DefaultHttpRequest(decodeResult: success, version: HTTP/1.1)
POST /session/7a8fb918beb6fde56017c18e8cb61f24/element/EB6315F018699F427E7D93EBCECB8FAC_element_29/value HTTP/1.1
User-Agent: selenium/4.8.3 (java windows)
Content-Length: 148
Content-Type: application/json; charset=utf-8
host: localhost:38748
accept: */*

Response DefaultHttpResponse(decodeResult: success, version: HTTP/1.1)
HTTP/1.1 200 OK
Content-Length: 14
Content-Type: application/json; charset=utf-8
cache-control: no-cache

20:26:48.971 [AsyncHttpClient-1-14] DEBUG org.asynchttpclient.netty.channel.ChannelManager - Adding key: http://localhost:38748 for channel [id: 0x9334f384, L:/127.0.0.1:61048 - R:localhost/127.0.0.1:38748]
20:26:48.972 [Forwarding findElement on session 7a8fb918beb6fde56017c18e8cb61f24 to remote] DEBUG org.asynchttpclient.netty.request.NettyRequestSender - Using pooled Channel '[id: 0x9334f384, L:/127.0.0.1:61048 - R:localhost/127.0.0.1:38748]' for 'POST' to 'http://localhost:38748/session/7a8fb918beb6fde56017c18e8cb61f24/element'
20:26:48.972 [Forwarding findElement on session 7a8fb918beb6fde56017c18e8cb61f24 to remote] DEBUG org.asynchttpclient.netty.request.NettyRequestSender - Using open Channel [id: 0x9334f384, L:/127.0.0.1:61048 - R:localhost/127.0.0.1:38748] for POST '/session/7a8fb918beb6fde56017c18e8cb61f24/element'
20:26:48.985 [AsyncHttpClient-1-14] DEBUG org.asynchttpclient.netty.handler.HttpHandler - 

Request DefaultHttpRequest(decodeResult: success, version: HTTP/1.1)
POST /session/7a8fb918beb6fde56017c18e8cb61f24/element HTTP/1.1
User-Agent: selenium/4.8.3 (java windows)
Content-Length: 71
Content-Type: application/json; charset=utf-8
host: localhost:38748
accept: */*

Response DefaultHttpResponse(decodeResult: success, version: HTTP/1.1)
HTTP/1.1 200 OK
Content-Length: 95
Content-Type: application/json; charset=utf-8
cache-control: no-cache

20:26:48.985 [AsyncHttpClient-1-14] DEBUG org.asynchttpclient.netty.channel.ChannelManager - Adding key: http://localhost:38748 for channel [id: 0x9334f384, L:/127.0.0.1:61048 - R:localhost/127.0.0.1:38748]
20:26:48.986 [Forwarding clickElement on session 7a8fb918beb6fde56017c18e8cb61f24 to remote] DEBUG org.asynchttpclient.netty.request.NettyRequestSender - Using pooled Channel '[id: 0x9334f384, L:/127.0.0.1:61048 - R:localhost/127.0.0.1:38748]' for 'POST' to 'http://localhost:38748/session/7a8fb918beb6fde56017c18e8cb61f24/element/EB6315F018699F427E7D93EBCECB8FAC_element_33/click'
20:26:48.986 [Forwarding clickElement on session 7a8fb918beb6fde56017c18e8cb61f24 to remote] DEBUG org.asynchttpclient.netty.request.NettyRequestSender - Using open Channel [id: 0x9334f384, L:/127.0.0.1:61048 - R:localhost/127.0.0.1:38748] for POST '/session/7a8fb918beb6fde56017c18e8cb61f24/element/EB6315F018699F427E7D93EBCECB8FAC_element_33/click'
20:26:49.032 [AsyncHttpClient-1-14] DEBUG org.asynchttpclient.netty.handler.HttpHandler - 

Request DefaultHttpRequest(decodeResult: success, version: HTTP/1.1)
POST /session/7a8fb918beb6fde56017c18e8cb61f24/element/EB6315F018699F427E7D93EBCECB8FAC_element_33/click HTTP/1.1
User-Agent: selenium/4.8.3 (java windows)
Content-Length: 57
Content-Type: application/json; charset=utf-8
host: localhost:38748
accept: */*

Response DefaultHttpResponse(decodeResult: success, version: HTTP/1.1)
HTTP/1.1 200 OK
Content-Length: 14
Content-Type: application/json; charset=utf-8
cache-control: no-cache

20:26:49.033 [AsyncHttpClient-1-14] DEBUG org.asynchttpclient.netty.channel.ChannelManager - Adding key: http://localhost:38748 for channel [id: 0x9334f384, L:/127.0.0.1:61048 - R:localhost/127.0.0.1:38748]
2023-06-06 20:26:49 INFO  BaseTest:126 - Logged in
20:26:49.034 [rp-io-96] DEBUG com.epam.reportportal.service.Launch - Starting test item...rp-io-96
2023-06-06 20:26:49 INFO  Listeners:34 - Started Test null
20:26:49.035 [Forwarding findElement on session 7a8fb918beb6fde56017c18e8cb61f24 to remote] DEBUG org.asynchttpclient.netty.request.NettyRequestSender - Using pooled Channel '[id: 0x9334f384, L:/127.0.0.1:61048 - R:localhost/127.0.0.1:38748]' for 'POST' to 'http://localhost:38748/session/7a8fb918beb6fde56017c18e8cb61f24/element'
20:26:49.035 [Forwarding findElement on session 7a8fb918beb6fde56017c18e8cb61f24 to remote] DEBUG org.asynchttpclient.netty.request.NettyRequestSender - Using open Channel [id: 0x9334f384, L:/127.0.0.1:61048 - R:localhost/127.0.0.1:38748] for POST '/session/7a8fb918beb6fde56017c18e8cb61f24/element'
20:26:49.049 [rp-io-97] DEBUG com.epam.reportportal.service.Launch - TestItem with ID = 'dc973ea5-9cfc-4391-bbca-1e4422144602' successfully finished.
20:26:49.049 [rp-io-97] DEBUG com.epam.reportportal.utils.SubscriptionUtils - Finish test item completed
20:26:49.052 [rp-io-96] DEBUG com.epam.reportportal.service.Launch - ReportPortal item with ID '77d2b2b0-3758-4c3a-be25-2dd19a1c2605' has been created
20:26:49.052 [rp-io-96] DEBUG com.epam.reportportal.utils.SubscriptionUtils - Start test item successfully completed
20:26:49.191 [AsyncHttpClient-1-1] DEBUG org.asynchttpclient.netty.channel.DefaultChannelPool - Entry count for : http://localhost:61049 : 1
20:26:49.392 [AsyncHttpClient-1-14] DEBUG org.asynchttpclient.netty.handler.HttpHandler - 

Request DefaultHttpRequest(decodeResult: success, version: HTTP/1.1)
POST /session/7a8fb918beb6fde56017c18e8cb61f24/element HTTP/1.1
User-Agent: selenium/4.8.3 (java windows)
Content-Length: 168
Content-Type: application/json; charset=utf-8
host: localhost:38748
accept: */*

Response DefaultHttpResponse(decodeResult: success, version: HTTP/1.1)
HTTP/1.1 200 OK
Content-Length: 95
Content-Type: application/json; charset=utf-8
cache-control: no-cache

20:26:49.392 [AsyncHttpClient-1-14] DEBUG org.asynchttpclient.netty.channel.ChannelManager - Adding key: http://localhost:38748 for channel [id: 0x9334f384, L:/127.0.0.1:61048 - R:localhost/127.0.0.1:38748]
20:26:49.393 [Forwarding clickElement on session 7a8fb918beb6fde56017c18e8cb61f24 to remote] DEBUG org.asynchttpclient.netty.request.NettyRequestSender - Using pooled Channel '[id: 0x9334f384, L:/127.0.0.1:61048 - R:localhost/127.0.0.1:38748]' for 'POST' to 'http://localhost:38748/session/7a8fb918beb6fde56017c18e8cb61f24/element/EB6315F018699F427E7D93EBCECB8FAC_element_38/click'
20:26:49.393 [Forwarding clickElement on session 7a8fb918beb6fde56017c18e8cb61f24 to remote] DEBUG org.asynchttpclient.netty.request.NettyRequestSender - Using open Channel [id: 0x9334f384, L:/127.0.0.1:61048 - R:localhost/127.0.0.1:38748] for POST '/session/7a8fb918beb6fde56017c18e8cb61f24/element/EB6315F018699F427E7D93EBCECB8FAC_element_38/click'
20:26:49.547 [AsyncHttpClient-1-14] DEBUG org.asynchttpclient.netty.handler.HttpHandler - 

Request DefaultHttpRequest(decodeResult: success, version: HTTP/1.1)
POST /session/7a8fb918beb6fde56017c18e8cb61f24/element/EB6315F018699F427E7D93EBCECB8FAC_element_38/click HTTP/1.1
User-Agent: selenium/4.8.3 (java windows)
Content-Length: 57
Content-Type: application/json; charset=utf-8
host: localhost:38748
accept: */*

Response DefaultHttpResponse(decodeResult: success, version: HTTP/1.1)
HTTP/1.1 200 OK
Content-Length: 14
Content-Type: application/json; charset=utf-8
cache-control: no-cache

20:26:49.547 [AsyncHttpClient-1-14] DEBUG org.asynchttpclient.netty.channel.ChannelManager - Adding key: http://localhost:38748 for channel [id: 0x9334f384, L:/127.0.0.1:61048 - R:localhost/127.0.0.1:38748]
20:26:49.548 [Forwarding findElement on session 7a8fb918beb6fde56017c18e8cb61f24 to remote] DEBUG org.asynchttpclient.netty.request.NettyRequestSender - Using pooled Channel '[id: 0x9334f384, L:/127.0.0.1:61048 - R:localhost/127.0.0.1:38748]' for 'POST' to 'http://localhost:38748/session/7a8fb918beb6fde56017c18e8cb61f24/element'
20:26:49.548 [Forwarding findElement on session 7a8fb918beb6fde56017c18e8cb61f24 to remote] DEBUG org.asynchttpclient.netty.request.NettyRequestSender - Using open Channel [id: 0x9334f384, L:/127.0.0.1:61048 - R:localhost/127.0.0.1:38748] for POST '/session/7a8fb918beb6fde56017c18e8cb61f24/element'
20:26:49.917 [AsyncHttpClient-1-14] DEBUG org.asynchttpclient.netty.handler.HttpHandler - 

Request DefaultHttpRequest(decodeResult: success, version: HTTP/1.1)
POST /session/7a8fb918beb6fde56017c18e8cb61f24/element HTTP/1.1
User-Agent: selenium/4.8.3 (java windows)
Content-Length: 232
Content-Type: application/json; charset=utf-8
host: localhost:38748
accept: */*

Response DefaultHttpResponse(decodeResult: success, version: HTTP/1.1)
HTTP/1.1 200 OK
Content-Length: 95
Content-Type: application/json; charset=utf-8
cache-control: no-cache

20:26:49.917 [AsyncHttpClient-1-14] DEBUG org.asynchttpclient.netty.channel.ChannelManager - Adding key: http://localhost:38748 for channel [id: 0x9334f384, L:/127.0.0.1:61048 - R:localhost/127.0.0.1:38748]
20:26:49.919 [Forwarding executeScript on session 7a8fb918beb6fde56017c18e8cb61f24 to remote] DEBUG org.asynchttpclient.netty.request.NettyRequestSender - Using pooled Channel '[id: 0x9334f384, L:/127.0.0.1:61048 - R:localhost/127.0.0.1:38748]' for 'POST' to 'http://localhost:38748/session/7a8fb918beb6fde56017c18e8cb61f24/execute/sync'
20:26:49.919 [Forwarding executeScript on session 7a8fb918beb6fde56017c18e8cb61f24 to remote] DEBUG org.asynchttpclient.netty.request.NettyRequestSender - Using open Channel [id: 0x9334f384, L:/127.0.0.1:61048 - R:localhost/127.0.0.1:38748] for POST '/session/7a8fb918beb6fde56017c18e8cb61f24/execute/sync'
20:26:49.927 [AsyncHttpClient-1-14] DEBUG org.asynchttpclient.netty.handler.HttpHandler - 

Request DefaultHttpRequest(decodeResult: success, version: HTTP/1.1)
POST /session/7a8fb918beb6fde56017c18e8cb61f24/execute/sync HTTP/1.1
User-Agent: selenium/4.8.3 (java windows)
Content-Length: 232
Content-Type: application/json; charset=utf-8
host: localhost:38748
accept: */*

Response DefaultHttpResponse(decodeResult: success, version: HTTP/1.1)
HTTP/1.1 200 OK
Content-Length: 14
Content-Type: application/json; charset=utf-8
cache-control: no-cache

20:26:49.927 [AsyncHttpClient-1-14] DEBUG org.asynchttpclient.netty.channel.ChannelManager - Adding key: http://localhost:38748 for channel [id: 0x9334f384, L:/127.0.0.1:61048 - R:localhost/127.0.0.1:38748]
20:26:49.928 [Forwarding findElement on session 7a8fb918beb6fde56017c18e8cb61f24 to remote] DEBUG org.asynchttpclient.netty.request.NettyRequestSender - Using pooled Channel '[id: 0x9334f384, L:/127.0.0.1:61048 - R:localhost/127.0.0.1:38748]' for 'POST' to 'http://localhost:38748/session/7a8fb918beb6fde56017c18e8cb61f24/element'
20:26:49.928 [Forwarding findElement on session 7a8fb918beb6fde56017c18e8cb61f24 to remote] DEBUG org.asynchttpclient.netty.request.NettyRequestSender - Using open Channel [id: 0x9334f384, L:/127.0.0.1:61048 - R:localhost/127.0.0.1:38748] for POST '/session/7a8fb918beb6fde56017c18e8cb61f24/element'
20:26:49.958 [AsyncHttpClient-1-14] DEBUG org.asynchttpclient.netty.handler.HttpHandler - 

Request DefaultHttpRequest(decodeResult: success, version: HTTP/1.1)
POST /session/7a8fb918beb6fde56017c18e8cb61f24/element HTTP/1.1
User-Agent: selenium/4.8.3 (java windows)
Content-Length: 317
Content-Type: application/json; charset=utf-8
host: localhost:38748
accept: */*

Response DefaultHttpResponse(decodeResult: success, version: HTTP/1.1)
HTTP/1.1 200 OK
Content-Length: 95
Content-Type: application/json; charset=utf-8
cache-control: no-cache

20:26:49.958 [AsyncHttpClient-1-14] DEBUG org.asynchttpclient.netty.channel.ChannelManager - Adding key: http://localhost:38748 for channel [id: 0x9334f384, L:/127.0.0.1:61048 - R:localhost/127.0.0.1:38748]
20:26:49.959 [Forwarding findElement on session 7a8fb918beb6fde56017c18e8cb61f24 to remote] DEBUG org.asynchttpclient.netty.request.NettyRequestSender - Using pooled Channel '[id: 0x9334f384, L:/127.0.0.1:61048 - R:localhost/127.0.0.1:38748]' for 'POST' to 'http://localhost:38748/session/7a8fb918beb6fde56017c18e8cb61f24/element'
20:26:49.959 [Forwarding findElement on session 7a8fb918beb6fde56017c18e8cb61f24 to remote] DEBUG org.asynchttpclient.netty.request.NettyRequestSender - Using open Channel [id: 0x9334f384, L:/127.0.0.1:61048 - R:localhost/127.0.0.1:38748] for POST '/session/7a8fb918beb6fde56017c18e8cb61f24/element'
20:26:50.150 [AsyncHttpClient-1-14] DEBUG org.asynchttpclient.netty.handler.HttpHandler - 

Request DefaultHttpRequest(decodeResult: success, version: HTTP/1.1)
POST /session/7a8fb918beb6fde56017c18e8cb61f24/element HTTP/1.1
User-Agent: selenium/4.8.3 (java windows)
Content-Length: 317
Content-Type: application/json; charset=utf-8
host: localhost:38748
accept: */*

Response DefaultHttpResponse(decodeResult: success, version: HTTP/1.1)
HTTP/1.1 200 OK
Content-Length: 95
Content-Type: application/json; charset=utf-8
cache-control: no-cache

20:26:50.150 [AsyncHttpClient-1-14] DEBUG org.asynchttpclient.netty.channel.ChannelManager - Adding key: http://localhost:38748 for channel [id: 0x9334f384, L:/127.0.0.1:61048 - R:localhost/127.0.0.1:38748]
20:26:50.151 [Forwarding getElementRect on session 7a8fb918beb6fde56017c18e8cb61f24 to remote] DEBUG org.asynchttpclient.netty.request.NettyRequestSender - Using pooled Channel '[id: 0x9334f384, L:/127.0.0.1:61048 - R:localhost/127.0.0.1:38748]' for 'GET' to 'http://localhost:38748/session/7a8fb918beb6fde56017c18e8cb61f24/element/EB6315F018699F427E7D93EBCECB8FAC_element_62/rect'
20:26:50.151 [Forwarding getElementRect on session 7a8fb918beb6fde56017c18e8cb61f24 to remote] DEBUG org.asynchttpclient.netty.request.NettyRequestSender - Using open Channel [id: 0x9334f384, L:/127.0.0.1:61048 - R:localhost/127.0.0.1:38748] for GET '/session/7a8fb918beb6fde56017c18e8cb61f24/element/EB6315F018699F427E7D93EBCECB8FAC_element_62/rect'
20:26:50.182 [AsyncHttpClient-1-14] DEBUG org.asynchttpclient.netty.handler.HttpHandler - 

Request DefaultFullHttpRequest(decodeResult: success, version: HTTP/1.1, content: EmptyByteBufBE)
GET /session/7a8fb918beb6fde56017c18e8cb61f24/element/EB6315F018699F427E7D93EBCECB8FAC_element_62/rect HTTP/1.1
User-Agent: selenium/4.8.3 (java windows)
Cache-Control: no-cache
Content-Type: application/json; charset=utf-8
host: localhost:38748
accept: */*

Response DefaultHttpResponse(decodeResult: success, version: HTTP/1.1)
HTTP/1.1 200 OK
Content-Length: 65
Content-Type: application/json; charset=utf-8
cache-control: no-cache

20:26:50.182 [AsyncHttpClient-1-14] DEBUG org.asynchttpclient.netty.channel.ChannelManager - Adding key: http://localhost:38748 for channel [id: 0x9334f384, L:/127.0.0.1:61048 - R:localhost/127.0.0.1:38748]
20:26:50.184 [Forwarding actions on session 7a8fb918beb6fde56017c18e8cb61f24 to remote] DEBUG org.asynchttpclient.netty.request.NettyRequestSender - Using pooled Channel '[id: 0x9334f384, L:/127.0.0.1:61048 - R:localhost/127.0.0.1:38748]' for 'POST' to 'http://localhost:38748/session/7a8fb918beb6fde56017c18e8cb61f24/actions'
20:26:50.184 [Forwarding actions on session 7a8fb918beb6fde56017c18e8cb61f24 to remote] DEBUG org.asynchttpclient.netty.request.NettyRequestSender - Using open Channel [id: 0x9334f384, L:/127.0.0.1:61048 - R:localhost/127.0.0.1:38748] for POST '/session/7a8fb918beb6fde56017c18e8cb61f24/actions'
20:26:50.290 [AsyncHttpClient-1-1] DEBUG org.asynchttpclient.netty.channel.DefaultChannelPool - Entry count for : http://localhost:61049 : 1
20:26:50.534 [AsyncHttpClient-1-14] DEBUG org.asynchttpclient.netty.handler.HttpHandler - 

Request DefaultHttpRequest(decodeResult: success, version: HTTP/1.1)
POST /session/7a8fb918beb6fde56017c18e8cb61f24/actions HTTP/1.1
User-Agent: selenium/4.8.3 (java windows)
Content-Length: 962
Content-Type: application/json; charset=utf-8
host: localhost:38748
accept: */*

Response DefaultHttpResponse(decodeResult: success, version: HTTP/1.1)
HTTP/1.1 200 OK
Content-Length: 14
Content-Type: application/json; charset=utf-8
cache-control: no-cache

20:26:50.534 [AsyncHttpClient-1-14] DEBUG org.asynchttpclient.netty.channel.ChannelManager - Adding key: http://localhost:38748 for channel [id: 0x9334f384, L:/127.0.0.1:61048 - R:localhost/127.0.0.1:38748]
20:26:50.539 [Forwarding findElement on session 7a8fb918beb6fde56017c18e8cb61f24 to remote] DEBUG org.asynchttpclient.netty.request.NettyRequestSender - Using pooled Channel '[id: 0x9334f384, L:/127.0.0.1:61048 - R:localhost/127.0.0.1:38748]' for 'POST' to 'http://localhost:38748/session/7a8fb918beb6fde56017c18e8cb61f24/element'
20:26:50.539 [Forwarding findElement on session 7a8fb918beb6fde56017c18e8cb61f24 to remote] DEBUG org.asynchttpclient.netty.request.NettyRequestSender - Using open Channel [id: 0x9334f384, L:/127.0.0.1:61048 - R:localhost/127.0.0.1:38748] for POST '/session/7a8fb918beb6fde56017c18e8cb61f24/element'
20:26:50.554 [AsyncHttpClient-1-14] DEBUG org.asynchttpclient.netty.handler.HttpHandler - 

Request DefaultHttpRequest(decodeResult: success, version: HTTP/1.1)
POST /session/7a8fb918beb6fde56017c18e8cb61f24/element HTTP/1.1
User-Agent: selenium/4.8.3 (java windows)
Content-Length: 232
Content-Type: application/json; charset=utf-8
host: localhost:38748
accept: */*

Response DefaultHttpResponse(decodeResult: success, version: HTTP/1.1)
HTTP/1.1 200 OK
Content-Length: 95
Content-Type: application/json; charset=utf-8
cache-control: no-cache

20:26:50.554 [AsyncHttpClient-1-14] DEBUG org.asynchttpclient.netty.channel.ChannelManager - Adding key: http://localhost:38748 for channel [id: 0x9334f384, L:/127.0.0.1:61048 - R:localhost/127.0.0.1:38748]
20:26:50.555 [Forwarding findElement on session 7a8fb918beb6fde56017c18e8cb61f24 to remote] DEBUG org.asynchttpclient.netty.request.NettyRequestSender - Using pooled Channel '[id: 0x9334f384, L:/127.0.0.1:61048 - R:localhost/127.0.0.1:38748]' for 'POST' to 'http://localhost:38748/session/7a8fb918beb6fde56017c18e8cb61f24/element'
20:26:50.555 [Forwarding findElement on session 7a8fb918beb6fde56017c18e8cb61f24 to remote] DEBUG org.asynchttpclient.netty.request.NettyRequestSender - Using open Channel [id: 0x9334f384, L:/127.0.0.1:61048 - R:localhost/127.0.0.1:38748] for POST '/session/7a8fb918beb6fde56017c18e8cb61f24/element'
20:26:50.584 [AsyncHttpClient-1-14] DEBUG org.asynchttpclient.netty.handler.HttpHandler - 

Request DefaultHttpRequest(decodeResult: success, version: HTTP/1.1)
POST /session/7a8fb918beb6fde56017c18e8cb61f24/element HTTP/1.1
User-Agent: selenium/4.8.3 (java windows)
Content-Length: 94
Content-Type: application/json; charset=utf-8
host: localhost:38748
accept: */*

Response DefaultHttpResponse(decodeResult: success, version: HTTP/1.1)
HTTP/1.1 200 OK
Content-Length: 95
Content-Type: application/json; charset=utf-8
cache-control: no-cache

20:26:50.584 [AsyncHttpClient-1-14] DEBUG org.asynchttpclient.netty.channel.ChannelManager - Adding key: http://localhost:38748 for channel [id: 0x9334f384, L:/127.0.0.1:61048 - R:localhost/127.0.0.1:38748]
20:26:50.585 [Forwarding getElementRect on session 7a8fb918beb6fde56017c18e8cb61f24 to remote] DEBUG org.asynchttpclient.netty.request.NettyRequestSender - Using pooled Channel '[id: 0x9334f384, L:/127.0.0.1:61048 - R:localhost/127.0.0.1:38748]' for 'GET' to 'http://localhost:38748/session/7a8fb918beb6fde56017c18e8cb61f24/element/EB6315F018699F427E7D93EBCECB8FAC_element_86/rect'
20:26:50.585 [Forwarding getElementRect on session 7a8fb918beb6fde56017c18e8cb61f24 to remote] DEBUG org.asynchttpclient.netty.request.NettyRequestSender - Using open Channel [id: 0x9334f384, L:/127.0.0.1:61048 - R:localhost/127.0.0.1:38748] for GET '/session/7a8fb918beb6fde56017c18e8cb61f24/element/EB6315F018699F427E7D93EBCECB8FAC_element_86/rect'
20:26:50.603 [AsyncHttpClient-1-14] DEBUG org.asynchttpclient.netty.handler.HttpHandler - 

Request DefaultFullHttpRequest(decodeResult: success, version: HTTP/1.1, content: EmptyByteBufBE)
GET /session/7a8fb918beb6fde56017c18e8cb61f24/element/EB6315F018699F427E7D93EBCECB8FAC_element_86/rect HTTP/1.1
User-Agent: selenium/4.8.3 (java windows)
Cache-Control: no-cache
Content-Type: application/json; charset=utf-8
host: localhost:38748
accept: */*

Response DefaultHttpResponse(decodeResult: success, version: HTTP/1.1)
HTTP/1.1 200 OK
Content-Length: 95
Content-Type: application/json; charset=utf-8
cache-control: no-cache

20:26:50.603 [AsyncHttpClient-1-14] DEBUG org.asynchttpclient.netty.channel.ChannelManager - Adding key: http://localhost:38748 for channel [id: 0x9334f384, L:/127.0.0.1:61048 - R:localhost/127.0.0.1:38748]
2023-06-06 20:26:50 INFO  Listeners:38 - Succeeded Test null
]]></system-out>
    <system-err><![CDATA[Starting ChromeDriver 114.0.5735.90 (386bc09e8f4f2e025eddae123f36f6263096ae49-refs/branch-heads/5735@{#1052}) on port 38748
Only local connections are allowed.
Please see https://chromedriver.chromium.org/security-considerations for suggestions on keeping ChromeDriver safe.
ChromeDriver was started successfully.
Jun 06, 2023 8:26:47 PM org.openqa.selenium.devtools.CdpVersionFinder findNearestMatch
WARNING: Unable to find an exact match for CDP version 114, so returning the closest version found: 111
]]></system-err>
  </testcase>
  <testcase name="automaticMovableWidgets" classname="alltests.uitest.coreTest.MovableWidget" time="1.683">
    <system-out><![CDATA[20:26:50.605 [rp-io-4] DEBUG com.epam.reportportal.service.Launch - Starting test item...rp-io-4
20:26:50.606 [AsyncHttpClient-1-16] DEBUG org.asynchttpclient.netty.handler.WebSocketHandler - Channel Closed: [id: 0x9a36fcd1, L:/127.0.0.1:61057 ! R:localhost/127.0.0.1:61049] with attribute NettyResponseFuture{currentRetry=0,
	isDone=1,
	isCancelled=0,
	asyncHandler=org.asynchttpclient.ws.WebSocketUpgradeHandler@3da776a8,
	nettyRequest=org.asynchttpclient.netty.request.NettyRequest@29900ba,
	future=java.util.concurrent.CompletableFuture@64823282[Completed normally],
	uri=ws://localhost:61049/devtools/browser/93ee27c6-7e2f-497e-b272-67fc988f249c,
	keepAlive=true,
	redirectCount=0,
	timeoutsHolder=null,
	inAuth=0,
	touch=1686076007023}
20:26:50.606 [AsyncHttpClient-1-16] DEBUG org.asynchttpclient.netty.channel.ChannelManager - Closing Channel [id: 0x9a36fcd1, L:/127.0.0.1:61057 ! R:localhost/127.0.0.1:61049] 
20:26:50.607 [Driver Command Executor] DEBUG org.asynchttpclient.netty.request.NettyRequestSender - Using pooled Channel '[id: 0x9334f384, L:/127.0.0.1:61048 - R:localhost/127.0.0.1:38748]' for 'DELETE' to 'http://localhost:38748/session/7a8fb918beb6fde56017c18e8cb61f24'
20:26:50.607 [Driver Command Executor] DEBUG org.asynchttpclient.netty.request.NettyRequestSender - Using open Channel [id: 0x9334f384, L:/127.0.0.1:61048 - R:localhost/127.0.0.1:38748] for DELETE '/session/7a8fb918beb6fde56017c18e8cb61f24'
20:26:50.622 [rp-io-1] DEBUG com.epam.reportportal.service.Launch - TestItem with ID = '77d2b2b0-3758-4c3a-be25-2dd19a1c2605' successfully finished.
20:26:50.622 [rp-io-1] DEBUG com.epam.reportportal.utils.SubscriptionUtils - Finish test item completed
20:26:50.624 [rp-io-4] DEBUG com.epam.reportportal.service.Launch - ReportPortal item with ID '4d5e268d-7978-4977-b9f4-b01a77498bd1' has been created
20:26:50.624 [rp-io-4] DEBUG com.epam.reportportal.utils.SubscriptionUtils - Start test item successfully completed
20:26:50.655 [AsyncHttpClient-1-15] DEBUG org.asynchttpclient.netty.handler.HttpHandler - Unexpected I/O exception on channel [id: 0x79ad88cf, L:/127.0.0.1:61056 - R:localhost/127.0.0.1:61049]
java.net.SocketException: Connection reset
	at java.base/sun.nio.ch.SocketChannelImpl.throwConnectionReset(SocketChannelImpl.java:394)
	at java.base/sun.nio.ch.SocketChannelImpl.read(SocketChannelImpl.java:426)
	at io.netty.buffer.PooledByteBuf.setBytes(PooledByteBuf.java:256)
	at io.netty.buffer.AbstractByteBuf.writeBytes(AbstractByteBuf.java:1132)
	at io.netty.channel.socket.nio.NioSocketChannel.doReadBytes(NioSocketChannel.java:357)
	at io.netty.channel.nio.AbstractNioByteChannel$NioByteUnsafe.read(AbstractNioByteChannel.java:151)
	at io.netty.channel.nio.NioEventLoop.processSelectedKey(NioEventLoop.java:788)
	at io.netty.channel.nio.NioEventLoop.processSelectedKeysOptimized(NioEventLoop.java:724)
	at io.netty.channel.nio.NioEventLoop.processSelectedKeys(NioEventLoop.java:650)
	at io.netty.channel.nio.NioEventLoop.run(NioEventLoop.java:562)
	at io.netty.util.concurrent.SingleThreadEventExecutor$4.run(SingleThreadEventExecutor.java:997)
	at io.netty.util.internal.ThreadExecutorMap$2.run(ThreadExecutorMap.java:74)
	at io.netty.util.concurrent.FastThreadLocalRunnable.run(FastThreadLocalRunnable.java:30)
	at java.base/java.lang.Thread.run(Thread.java:833)
20:26:50.655 [AsyncHttpClient-1-15] DEBUG org.asynchttpclient.netty.channel.ChannelManager - Closing Channel [id: 0x79ad88cf, L:/127.0.0.1:61056 - R:localhost/127.0.0.1:61049] 
20:26:50.655 [AsyncHttpClient-1-15] DEBUG org.asynchttpclient.netty.handler.HttpHandler - Channel Closed: [id: 0x79ad88cf, L:/127.0.0.1:61056 ! R:localhost/127.0.0.1:61049] with attribute DISCARD
20:26:50.678 [AsyncHttpClient-1-14] DEBUG org.asynchttpclient.netty.handler.HttpHandler - 

Request DefaultFullHttpRequest(decodeResult: success, version: HTTP/1.1, content: EmptyByteBufBE)
DELETE /session/7a8fb918beb6fde56017c18e8cb61f24 HTTP/1.1
User-Agent: selenium/4.8.3 (java windows)
Content-Type: application/json; charset=utf-8
host: localhost:38748
accept: */*

Response DefaultHttpResponse(decodeResult: success, version: HTTP/1.1)
HTTP/1.1 200 OK
Content-Length: 14
Content-Type: application/json; charset=utf-8
cache-control: no-cache

20:26:50.678 [AsyncHttpClient-1-14] DEBUG org.asynchttpclient.netty.channel.ChannelManager - Adding key: http://localhost:38748 for channel [id: 0x9334f384, L:/127.0.0.1:61048 - R:localhost/127.0.0.1:38748]
20:26:50.721 [AsyncHttpClient-1-14] DEBUG org.asynchttpclient.netty.handler.HttpHandler - Channel Closed: [id: 0x9334f384, L:/127.0.0.1:61048 ! R:localhost/127.0.0.1:38748] with attribute DISCARD
2023-06-06 20:26:50 INFO  BaseTest:83 - Test executed**********
20:26:50.775 [rp-io-99] DEBUG com.epam.reportportal.service.Launch - Starting test item...rp-io-99
2023-06-06 20:26:50 INFO  BaseTest:110 - Property files loaded successfully**********
20:26:50.786 [main] DEBUG io.github.bonigarcia.wdm.cache.ResolutionCache - Resolution chrome=114 in cache (valid until 21:23:55 06/06/2023 CEST)
20:26:50.787 [main] DEBUG io.github.bonigarcia.wdm.cache.ResolutionCache - Resolution chrome114=114.0.5735.90 in cache (valid until 16:16:26 07/06/2023 CEST)
20:26:50.787 [main] INFO io.github.bonigarcia.wdm.WebDriverManager - Using chromedriver 114.0.5735.90 (resolved driver for Chrome 114)
20:26:50.787 [rp-io-9] DEBUG com.epam.reportportal.service.Launch - TestItem with ID = '4d5e268d-7978-4977-b9f4-b01a77498bd1' successfully finished.
20:26:50.787 [rp-io-9] DEBUG com.epam.reportportal.utils.SubscriptionUtils - Finish test item completed
20:26:50.789 [rp-io-99] DEBUG com.epam.reportportal.service.Launch - ReportPortal item with ID 'e4b93da2-7372-46e4-9939-9f461ada0d5a' has been created
20:26:50.789 [rp-io-99] DEBUG com.epam.reportportal.utils.SubscriptionUtils - Start test item successfully completed
20:26:50.793 [main] DEBUG io.github.bonigarcia.wdm.WebDriverManager - Driver chromedriver 114.0.5735.90 found in cache
20:26:50.793 [main] INFO io.github.bonigarcia.wdm.WebDriverManager - Exporting webdriver.chrome.driver as C:\Users\Suwarna_Wagh\.cache\selenium\chromedriver\win32\114.0.5735.90\chromedriver.exe
20:26:50.980 [AsyncHttpClient-1-17] DEBUG org.asynchttpclient.netty.channel.NettyConnectListener - Using new Channel '[id: 0x9fa84fd5, L:/127.0.0.1:61073 - R:localhost/127.0.0.1:46344]' for 'POST' to '/session'
20:26:51.390 [AsyncHttpClient-1-1] DEBUG org.asynchttpclient.netty.channel.DefaultChannelPool - Entry count for : http://localhost:61049 : 1
20:26:51.390 [AsyncHttpClient-1-1] DEBUG org.asynchttpclient.netty.channel.DefaultChannelPool - Entry count for : http://localhost:38748 : 1
20:26:51.390 [AsyncHttpClient-1-1] DEBUG org.asynchttpclient.netty.channel.DefaultChannelPool - Adding Candidate expired Channel [id: 0x79ad88cf, L:/127.0.0.1:61056 ! R:localhost/127.0.0.1:61049] isIdleTimeoutExpired=false isRemotelyClosed=true isTtlExpired=false
20:26:51.390 [AsyncHttpClient-1-1] DEBUG org.asynchttpclient.netty.channel.DefaultChannelPool - Closing Idle Channel [id: 0x79ad88cf, L:/127.0.0.1:61056 ! R:localhost/127.0.0.1:61049]
20:26:51.390 [AsyncHttpClient-1-1] DEBUG org.asynchttpclient.netty.channel.DefaultChannelPool - Adding Candidate expired Channel [id: 0x9334f384, L:/127.0.0.1:61048 ! R:localhost/127.0.0.1:38748] isIdleTimeoutExpired=false isRemotelyClosed=true isTtlExpired=false
20:26:51.390 [AsyncHttpClient-1-1] DEBUG org.asynchttpclient.netty.channel.DefaultChannelPool - Closing Idle Channel [id: 0x9334f384, L:/127.0.0.1:61048 ! R:localhost/127.0.0.1:38748]
20:26:51.390 [AsyncHttpClient-1-1] DEBUG org.asynchttpclient.netty.channel.DefaultChannelPool - Closed 2 connections out of 2 in 0 ms
20:26:51.903 [AsyncHttpClient-1-17] DEBUG org.asynchttpclient.netty.handler.HttpHandler - 

Request DefaultHttpRequest(decodeResult: success, version: HTTP/1.1)
POST /session HTTP/1.1
User-Agent: selenium/4.8.3 (java windows)
Content-Length: 439
Content-Type: application/json; charset=utf-8
host: localhost:46344
accept: */*

Response DefaultHttpResponse(decodeResult: success, version: HTTP/1.1)
HTTP/1.1 200 OK
Content-Length: 864
Content-Type: application/json; charset=utf-8
cache-control: no-cache

20:26:51.903 [AsyncHttpClient-1-17] DEBUG org.asynchttpclient.netty.channel.ChannelManager - Adding key: http://localhost:46344 for channel [id: 0x9fa84fd5, L:/127.0.0.1:61073 - R:localhost/127.0.0.1:46344]
20:26:51.910 [AsyncHttpClient-1-2] DEBUG org.asynchttpclient.netty.channel.NettyConnectListener - Using new Channel '[id: 0x68673500, L:/127.0.0.1:61081 - R:localhost/127.0.0.1:61074]' for 'GET' to '/json/version'
20:26:51.911 [AsyncHttpClient-1-2] DEBUG org.asynchttpclient.netty.handler.HttpHandler - 

Request DefaultFullHttpRequest(decodeResult: success, version: HTTP/1.1, content: EmptyByteBufBE)
GET /json/version HTTP/1.1
User-Agent: selenium/4.8.3 (java windows)
host: localhost:61074
accept: */*

Response DefaultHttpResponse(decodeResult: success, version: HTTP/1.1)
HTTP/1.1 200 OK
Content-Security-Policy: frame-ancestors 'none'
Content-Length: 424
Content-Type: application/json; charset=UTF-8

20:26:51.911 [AsyncHttpClient-1-2] DEBUG org.asynchttpclient.netty.channel.ChannelManager - Adding key: http://localhost:61074 for channel [id: 0x68673500, L:/127.0.0.1:61081 - R:localhost/127.0.0.1:61074]
20:26:51.914 [AsyncHttpClient-1-3] DEBUG org.asynchttpclient.netty.channel.NettyConnectListener - Using new Channel '[id: 0x07719560, L:/127.0.0.1:61082 - R:localhost/127.0.0.1:61074]' for 'GET' to '/devtools/browser/598bbc5a-5a24-4665-97c0-359da5ef5a71'
20:26:51.914 [AsyncHttpClient-1-3] DEBUG org.asynchttpclient.netty.handler.WebSocketHandler - 

Request DefaultFullHttpRequest(decodeResult: success, version: HTTP/1.1, content: EmptyByteBufBE)
GET /devtools/browser/598bbc5a-5a24-4665-97c0-359da5ef5a71 HTTP/1.1
upgrade: websocket
connection: upgrade
sec-websocket-key: j4XT7a3CdDWZ/h9Ku8yq+g==
sec-websocket-version: 13
origin: http://localhost:61074
host: localhost:61074
accept: */*
user-agent: AHC/2.1

Response DefaultHttpResponse(decodeResult: success, version: HTTP/1.1)
HTTP/1.1 101 WebSocket Protocol Handshake
Upgrade: WebSocket
Connection: Upgrade
Sec-WebSocket-Accept: rbc7J0O5giZ7KIVzMZoSFbmBCWA=

20:26:51.920 [Forwarding setTimeout on session 2ea617beb16956c1666dd43996b77c72 to remote] DEBUG org.asynchttpclient.netty.request.NettyRequestSender - Using pooled Channel '[id: 0x9fa84fd5, L:/127.0.0.1:61073 - R:localhost/127.0.0.1:46344]' for 'POST' to 'http://localhost:46344/session/2ea617beb16956c1666dd43996b77c72/timeouts'
20:26:51.920 [Forwarding setTimeout on session 2ea617beb16956c1666dd43996b77c72 to remote] DEBUG org.asynchttpclient.netty.request.NettyRequestSender - Using open Channel [id: 0x9fa84fd5, L:/127.0.0.1:61073 - R:localhost/127.0.0.1:46344] for POST '/session/2ea617beb16956c1666dd43996b77c72/timeouts'
20:26:51.923 [AsyncHttpClient-1-17] DEBUG org.asynchttpclient.netty.handler.HttpHandler - 

Request DefaultHttpRequest(decodeResult: success, version: HTTP/1.1)
POST /session/2ea617beb16956c1666dd43996b77c72/timeouts HTTP/1.1
User-Agent: selenium/4.8.3 (java windows)
Content-Length: 22
Content-Type: application/json; charset=utf-8
host: localhost:46344
accept: */*

Response DefaultHttpResponse(decodeResult: success, version: HTTP/1.1)
HTTP/1.1 200 OK
Content-Length: 14
Content-Type: application/json; charset=utf-8
cache-control: no-cache

20:26:51.923 [AsyncHttpClient-1-17] DEBUG org.asynchttpclient.netty.channel.ChannelManager - Adding key: http://localhost:46344 for channel [id: 0x9fa84fd5, L:/127.0.0.1:61073 - R:localhost/127.0.0.1:46344]
20:26:51.927 [Forwarding maximizeCurrentWindow on session 2ea617beb16956c1666dd43996b77c72 to remote] DEBUG org.asynchttpclient.netty.request.NettyRequestSender - Using pooled Channel '[id: 0x9fa84fd5, L:/127.0.0.1:61073 - R:localhost/127.0.0.1:46344]' for 'POST' to 'http://localhost:46344/session/2ea617beb16956c1666dd43996b77c72/window/maximize'
20:26:51.927 [Forwarding maximizeCurrentWindow on session 2ea617beb16956c1666dd43996b77c72 to remote] DEBUG org.asynchttpclient.netty.request.NettyRequestSender - Using open Channel [id: 0x9fa84fd5, L:/127.0.0.1:61073 - R:localhost/127.0.0.1:46344] for POST '/session/2ea617beb16956c1666dd43996b77c72/window/maximize'
20:26:52.052 [AsyncHttpClient-1-17] DEBUG org.asynchttpclient.netty.handler.HttpHandler - 

Request DefaultHttpRequest(decodeResult: success, version: HTTP/1.1)
POST /session/2ea617beb16956c1666dd43996b77c72/window/maximize HTTP/1.1
User-Agent: selenium/4.8.3 (java windows)
Content-Length: 3
Content-Type: application/json; charset=utf-8
host: localhost:46344
accept: */*

Response DefaultHttpResponse(decodeResult: success, version: HTTP/1.1)
HTTP/1.1 200 OK
Content-Length: 51
Content-Type: application/json; charset=utf-8
cache-control: no-cache

20:26:52.052 [AsyncHttpClient-1-17] DEBUG org.asynchttpclient.netty.channel.ChannelManager - Adding key: http://localhost:46344 for channel [id: 0x9fa84fd5, L:/127.0.0.1:61073 - R:localhost/127.0.0.1:46344]
20:26:52.053 [Forwarding get on session 2ea617beb16956c1666dd43996b77c72 to remote] DEBUG org.asynchttpclient.netty.request.NettyRequestSender - Using pooled Channel '[id: 0x9fa84fd5, L:/127.0.0.1:61073 - R:localhost/127.0.0.1:46344]' for 'POST' to 'http://localhost:46344/session/2ea617beb16956c1666dd43996b77c72/url'
20:26:52.053 [Forwarding get on session 2ea617beb16956c1666dd43996b77c72 to remote] DEBUG org.asynchttpclient.netty.request.NettyRequestSender - Using open Channel [id: 0x9fa84fd5, L:/127.0.0.1:61073 - R:localhost/127.0.0.1:46344] for POST '/session/2ea617beb16956c1666dd43996b77c72/url'
20:26:52.490 [AsyncHttpClient-1-1] DEBUG org.asynchttpclient.netty.channel.DefaultChannelPool - Entry count for : http://localhost:61074 : 1
20:26:53.590 [AsyncHttpClient-1-1] DEBUG org.asynchttpclient.netty.channel.DefaultChannelPool - Entry count for : http://localhost:61074 : 1
20:26:53.739 [AsyncHttpClient-1-17] DEBUG org.asynchttpclient.netty.handler.HttpHandler - 

Request DefaultHttpRequest(decodeResult: success, version: HTTP/1.1)
POST /session/2ea617beb16956c1666dd43996b77c72/url HTTP/1.1
User-Agent: selenium/4.8.3 (java windows)
Content-Length: 52
Content-Type: application/json; charset=utf-8
host: localhost:46344
accept: */*

Response DefaultHttpResponse(decodeResult: success, version: HTTP/1.1)
HTTP/1.1 200 OK
Content-Length: 14
Content-Type: application/json; charset=utf-8
cache-control: no-cache

20:26:53.739 [AsyncHttpClient-1-17] DEBUG org.asynchttpclient.netty.channel.ChannelManager - Adding key: http://localhost:46344 for channel [id: 0x9fa84fd5, L:/127.0.0.1:61073 - R:localhost/127.0.0.1:46344]
2023-06-06 20:26:53 INFO  BaseTest:104 - Test driver set up done successfully**********
2023-06-06 20:26:53 INFO  BaseTest:122 - Logging in to portal
20:26:53.741 [Forwarding findElement on session 2ea617beb16956c1666dd43996b77c72 to remote] DEBUG org.asynchttpclient.netty.request.NettyRequestSender - Using pooled Channel '[id: 0x9fa84fd5, L:/127.0.0.1:61073 - R:localhost/127.0.0.1:46344]' for 'POST' to 'http://localhost:46344/session/2ea617beb16956c1666dd43996b77c72/element'
20:26:53.741 [Forwarding findElement on session 2ea617beb16956c1666dd43996b77c72 to remote] DEBUG org.asynchttpclient.netty.request.NettyRequestSender - Using open Channel [id: 0x9fa84fd5, L:/127.0.0.1:61073 - R:localhost/127.0.0.1:46344] for POST '/session/2ea617beb16956c1666dd43996b77c72/element'
20:26:53.756 [AsyncHttpClient-1-17] DEBUG org.asynchttpclient.netty.handler.HttpHandler - 

Request DefaultHttpRequest(decodeResult: success, version: HTTP/1.1)
POST /session/2ea617beb16956c1666dd43996b77c72/element HTTP/1.1
User-Agent: selenium/4.8.3 (java windows)
Content-Length: 59
Content-Type: application/json; charset=utf-8
host: localhost:46344
accept: */*

Response DefaultHttpResponse(decodeResult: success, version: HTTP/1.1)
HTTP/1.1 200 OK
Content-Length: 95
Content-Type: application/json; charset=utf-8
cache-control: no-cache

20:26:53.756 [AsyncHttpClient-1-17] DEBUG org.asynchttpclient.netty.channel.ChannelManager - Adding key: http://localhost:46344 for channel [id: 0x9fa84fd5, L:/127.0.0.1:61073 - R:localhost/127.0.0.1:46344]
20:26:53.757 [Forwarding clearElement on session 2ea617beb16956c1666dd43996b77c72 to remote] DEBUG org.asynchttpclient.netty.request.NettyRequestSender - Using pooled Channel '[id: 0x9fa84fd5, L:/127.0.0.1:61073 - R:localhost/127.0.0.1:46344]' for 'POST' to 'http://localhost:46344/session/2ea617beb16956c1666dd43996b77c72/element/078E1D363EA25F0B40482172FC006D59_element_27/clear'
20:26:53.757 [Forwarding clearElement on session 2ea617beb16956c1666dd43996b77c72 to remote] DEBUG org.asynchttpclient.netty.request.NettyRequestSender - Using open Channel [id: 0x9fa84fd5, L:/127.0.0.1:61073 - R:localhost/127.0.0.1:46344] for POST '/session/2ea617beb16956c1666dd43996b77c72/element/078E1D363EA25F0B40482172FC006D59_element_27/clear'
20:26:53.802 [AsyncHttpClient-1-17] DEBUG org.asynchttpclient.netty.handler.HttpHandler - 

Request DefaultHttpRequest(decodeResult: success, version: HTTP/1.1)
POST /session/2ea617beb16956c1666dd43996b77c72/element/078E1D363EA25F0B40482172FC006D59_element_27/clear HTTP/1.1
User-Agent: selenium/4.8.3 (java windows)
Content-Length: 57
Content-Type: application/json; charset=utf-8
host: localhost:46344
accept: */*

Response DefaultHttpResponse(decodeResult: success, version: HTTP/1.1)
HTTP/1.1 200 OK
Content-Length: 14
Content-Type: application/json; charset=utf-8
cache-control: no-cache

20:26:53.802 [AsyncHttpClient-1-17] DEBUG org.asynchttpclient.netty.channel.ChannelManager - Adding key: http://localhost:46344 for channel [id: 0x9fa84fd5, L:/127.0.0.1:61073 - R:localhost/127.0.0.1:46344]
20:26:53.803 [Forwarding findElement on session 2ea617beb16956c1666dd43996b77c72 to remote] DEBUG org.asynchttpclient.netty.request.NettyRequestSender - Using pooled Channel '[id: 0x9fa84fd5, L:/127.0.0.1:61073 - R:localhost/127.0.0.1:46344]' for 'POST' to 'http://localhost:46344/session/2ea617beb16956c1666dd43996b77c72/element'
20:26:53.803 [Forwarding findElement on session 2ea617beb16956c1666dd43996b77c72 to remote] DEBUG org.asynchttpclient.netty.request.NettyRequestSender - Using open Channel [id: 0x9fa84fd5, L:/127.0.0.1:61073 - R:localhost/127.0.0.1:46344] for POST '/session/2ea617beb16956c1666dd43996b77c72/element'
20:26:53.812 [AsyncHttpClient-1-17] DEBUG org.asynchttpclient.netty.handler.HttpHandler - 

Request DefaultHttpRequest(decodeResult: success, version: HTTP/1.1)
POST /session/2ea617beb16956c1666dd43996b77c72/element HTTP/1.1
User-Agent: selenium/4.8.3 (java windows)
Content-Length: 59
Content-Type: application/json; charset=utf-8
host: localhost:46344
accept: */*

Response DefaultHttpResponse(decodeResult: success, version: HTTP/1.1)
HTTP/1.1 200 OK
Content-Length: 95
Content-Type: application/json; charset=utf-8
cache-control: no-cache

20:26:53.812 [AsyncHttpClient-1-17] DEBUG org.asynchttpclient.netty.channel.ChannelManager - Adding key: http://localhost:46344 for channel [id: 0x9fa84fd5, L:/127.0.0.1:61073 - R:localhost/127.0.0.1:46344]
20:26:53.813 [Forwarding sendKeysToElement on session 2ea617beb16956c1666dd43996b77c72 to remote] DEBUG org.asynchttpclient.netty.request.NettyRequestSender - Using pooled Channel '[id: 0x9fa84fd5, L:/127.0.0.1:61073 - R:localhost/127.0.0.1:46344]' for 'POST' to 'http://localhost:46344/session/2ea617beb16956c1666dd43996b77c72/element/078E1D363EA25F0B40482172FC006D59_element_27/value'
20:26:53.813 [Forwarding sendKeysToElement on session 2ea617beb16956c1666dd43996b77c72 to remote] DEBUG org.asynchttpclient.netty.request.NettyRequestSender - Using open Channel [id: 0x9fa84fd5, L:/127.0.0.1:61073 - R:localhost/127.0.0.1:46344] for POST '/session/2ea617beb16956c1666dd43996b77c72/element/078E1D363EA25F0B40482172FC006D59_element_27/value'
20:26:53.907 [AsyncHttpClient-1-17] DEBUG org.asynchttpclient.netty.handler.HttpHandler - 

Request DefaultHttpRequest(decodeResult: success, version: HTTP/1.1)
POST /session/2ea617beb16956c1666dd43996b77c72/element/078E1D363EA25F0B40482172FC006D59_element_27/value HTTP/1.1
User-Agent: selenium/4.8.3 (java windows)
Content-Length: 188
Content-Type: application/json; charset=utf-8
host: localhost:46344
accept: */*

Response DefaultHttpResponse(decodeResult: success, version: HTTP/1.1)
HTTP/1.1 200 OK
Content-Length: 14
Content-Type: application/json; charset=utf-8
cache-control: no-cache

20:26:53.907 [AsyncHttpClient-1-17] DEBUG org.asynchttpclient.netty.channel.ChannelManager - Adding key: http://localhost:46344 for channel [id: 0x9fa84fd5, L:/127.0.0.1:61073 - R:localhost/127.0.0.1:46344]
20:26:53.908 [Forwarding findElement on session 2ea617beb16956c1666dd43996b77c72 to remote] DEBUG org.asynchttpclient.netty.request.NettyRequestSender - Using pooled Channel '[id: 0x9fa84fd5, L:/127.0.0.1:61073 - R:localhost/127.0.0.1:46344]' for 'POST' to 'http://localhost:46344/session/2ea617beb16956c1666dd43996b77c72/element'
20:26:53.908 [Forwarding findElement on session 2ea617beb16956c1666dd43996b77c72 to remote] DEBUG org.asynchttpclient.netty.request.NettyRequestSender - Using open Channel [id: 0x9fa84fd5, L:/127.0.0.1:61073 - R:localhost/127.0.0.1:46344] for POST '/session/2ea617beb16956c1666dd43996b77c72/element'
20:26:53.921 [AsyncHttpClient-1-17] DEBUG org.asynchttpclient.netty.handler.HttpHandler - 

Request DefaultHttpRequest(decodeResult: success, version: HTTP/1.1)
POST /session/2ea617beb16956c1666dd43996b77c72/element HTTP/1.1
User-Agent: selenium/4.8.3 (java windows)
Content-Length: 62
Content-Type: application/json; charset=utf-8
host: localhost:46344
accept: */*

Response DefaultHttpResponse(decodeResult: success, version: HTTP/1.1)
HTTP/1.1 200 OK
Content-Length: 95
Content-Type: application/json; charset=utf-8
cache-control: no-cache

20:26:53.921 [AsyncHttpClient-1-17] DEBUG org.asynchttpclient.netty.channel.ChannelManager - Adding key: http://localhost:46344 for channel [id: 0x9fa84fd5, L:/127.0.0.1:61073 - R:localhost/127.0.0.1:46344]
20:26:53.922 [Forwarding clearElement on session 2ea617beb16956c1666dd43996b77c72 to remote] DEBUG org.asynchttpclient.netty.request.NettyRequestSender - Using pooled Channel '[id: 0x9fa84fd5, L:/127.0.0.1:61073 - R:localhost/127.0.0.1:46344]' for 'POST' to 'http://localhost:46344/session/2ea617beb16956c1666dd43996b77c72/element/078E1D363EA25F0B40482172FC006D59_element_29/clear'
20:26:53.922 [Forwarding clearElement on session 2ea617beb16956c1666dd43996b77c72 to remote] DEBUG org.asynchttpclient.netty.request.NettyRequestSender - Using open Channel [id: 0x9fa84fd5, L:/127.0.0.1:61073 - R:localhost/127.0.0.1:46344] for POST '/session/2ea617beb16956c1666dd43996b77c72/element/078E1D363EA25F0B40482172FC006D59_element_29/clear'
20:26:53.978 [AsyncHttpClient-1-17] DEBUG org.asynchttpclient.netty.handler.HttpHandler - 

Request DefaultHttpRequest(decodeResult: success, version: HTTP/1.1)
POST /session/2ea617beb16956c1666dd43996b77c72/element/078E1D363EA25F0B40482172FC006D59_element_29/clear HTTP/1.1
User-Agent: selenium/4.8.3 (java windows)
Content-Length: 57
Content-Type: application/json; charset=utf-8
host: localhost:46344
accept: */*

Response DefaultHttpResponse(decodeResult: success, version: HTTP/1.1)
HTTP/1.1 200 OK
Content-Length: 14
Content-Type: application/json; charset=utf-8
cache-control: no-cache

20:26:53.978 [AsyncHttpClient-1-17] DEBUG org.asynchttpclient.netty.channel.ChannelManager - Adding key: http://localhost:46344 for channel [id: 0x9fa84fd5, L:/127.0.0.1:61073 - R:localhost/127.0.0.1:46344]
20:26:53.979 [Forwarding findElement on session 2ea617beb16956c1666dd43996b77c72 to remote] DEBUG org.asynchttpclient.netty.request.NettyRequestSender - Using pooled Channel '[id: 0x9fa84fd5, L:/127.0.0.1:61073 - R:localhost/127.0.0.1:46344]' for 'POST' to 'http://localhost:46344/session/2ea617beb16956c1666dd43996b77c72/element'
20:26:53.979 [Forwarding findElement on session 2ea617beb16956c1666dd43996b77c72 to remote] DEBUG org.asynchttpclient.netty.request.NettyRequestSender - Using open Channel [id: 0x9fa84fd5, L:/127.0.0.1:61073 - R:localhost/127.0.0.1:46344] for POST '/session/2ea617beb16956c1666dd43996b77c72/element'
20:26:53.985 [AsyncHttpClient-1-17] DEBUG org.asynchttpclient.netty.handler.HttpHandler - 

Request DefaultHttpRequest(decodeResult: success, version: HTTP/1.1)
POST /session/2ea617beb16956c1666dd43996b77c72/element HTTP/1.1
User-Agent: selenium/4.8.3 (java windows)
Content-Length: 62
Content-Type: application/json; charset=utf-8
host: localhost:46344
accept: */*

Response DefaultHttpResponse(decodeResult: success, version: HTTP/1.1)
HTTP/1.1 200 OK
Content-Length: 95
Content-Type: application/json; charset=utf-8
cache-control: no-cache

20:26:53.985 [AsyncHttpClient-1-17] DEBUG org.asynchttpclient.netty.channel.ChannelManager - Adding key: http://localhost:46344 for channel [id: 0x9fa84fd5, L:/127.0.0.1:61073 - R:localhost/127.0.0.1:46344]
20:26:53.986 [Forwarding sendKeysToElement on session 2ea617beb16956c1666dd43996b77c72 to remote] DEBUG org.asynchttpclient.netty.request.NettyRequestSender - Using pooled Channel '[id: 0x9fa84fd5, L:/127.0.0.1:61073 - R:localhost/127.0.0.1:46344]' for 'POST' to 'http://localhost:46344/session/2ea617beb16956c1666dd43996b77c72/element/078E1D363EA25F0B40482172FC006D59_element_29/value'
20:26:53.986 [Forwarding sendKeysToElement on session 2ea617beb16956c1666dd43996b77c72 to remote] DEBUG org.asynchttpclient.netty.request.NettyRequestSender - Using open Channel [id: 0x9fa84fd5, L:/127.0.0.1:61073 - R:localhost/127.0.0.1:46344] for POST '/session/2ea617beb16956c1666dd43996b77c72/element/078E1D363EA25F0B40482172FC006D59_element_29/value'
20:26:54.055 [AsyncHttpClient-1-17] DEBUG org.asynchttpclient.netty.handler.HttpHandler - 

Request DefaultHttpRequest(decodeResult: success, version: HTTP/1.1)
POST /session/2ea617beb16956c1666dd43996b77c72/element/078E1D363EA25F0B40482172FC006D59_element_29/value HTTP/1.1
User-Agent: selenium/4.8.3 (java windows)
Content-Length: 148
Content-Type: application/json; charset=utf-8
host: localhost:46344
accept: */*

Response DefaultHttpResponse(decodeResult: success, version: HTTP/1.1)
HTTP/1.1 200 OK
Content-Length: 14
Content-Type: application/json; charset=utf-8
cache-control: no-cache

20:26:54.055 [AsyncHttpClient-1-17] DEBUG org.asynchttpclient.netty.channel.ChannelManager - Adding key: http://localhost:46344 for channel [id: 0x9fa84fd5, L:/127.0.0.1:61073 - R:localhost/127.0.0.1:46344]
20:26:54.056 [Forwarding findElement on session 2ea617beb16956c1666dd43996b77c72 to remote] DEBUG org.asynchttpclient.netty.request.NettyRequestSender - Using pooled Channel '[id: 0x9fa84fd5, L:/127.0.0.1:61073 - R:localhost/127.0.0.1:46344]' for 'POST' to 'http://localhost:46344/session/2ea617beb16956c1666dd43996b77c72/element'
20:26:54.056 [Forwarding findElement on session 2ea617beb16956c1666dd43996b77c72 to remote] DEBUG org.asynchttpclient.netty.request.NettyRequestSender - Using open Channel [id: 0x9fa84fd5, L:/127.0.0.1:61073 - R:localhost/127.0.0.1:46344] for POST '/session/2ea617beb16956c1666dd43996b77c72/element'
20:26:54.070 [AsyncHttpClient-1-17] DEBUG org.asynchttpclient.netty.handler.HttpHandler - 

Request DefaultHttpRequest(decodeResult: success, version: HTTP/1.1)
POST /session/2ea617beb16956c1666dd43996b77c72/element HTTP/1.1
User-Agent: selenium/4.8.3 (java windows)
Content-Length: 71
Content-Type: application/json; charset=utf-8
host: localhost:46344
accept: */*

Response DefaultHttpResponse(decodeResult: success, version: HTTP/1.1)
HTTP/1.1 200 OK
Content-Length: 95
Content-Type: application/json; charset=utf-8
cache-control: no-cache

20:26:54.070 [AsyncHttpClient-1-17] DEBUG org.asynchttpclient.netty.channel.ChannelManager - Adding key: http://localhost:46344 for channel [id: 0x9fa84fd5, L:/127.0.0.1:61073 - R:localhost/127.0.0.1:46344]
20:26:54.071 [Forwarding clickElement on session 2ea617beb16956c1666dd43996b77c72 to remote] DEBUG org.asynchttpclient.netty.request.NettyRequestSender - Using pooled Channel '[id: 0x9fa84fd5, L:/127.0.0.1:61073 - R:localhost/127.0.0.1:46344]' for 'POST' to 'http://localhost:46344/session/2ea617beb16956c1666dd43996b77c72/element/078E1D363EA25F0B40482172FC006D59_element_33/click'
20:26:54.071 [Forwarding clickElement on session 2ea617beb16956c1666dd43996b77c72 to remote] DEBUG org.asynchttpclient.netty.request.NettyRequestSender - Using open Channel [id: 0x9fa84fd5, L:/127.0.0.1:61073 - R:localhost/127.0.0.1:46344] for POST '/session/2ea617beb16956c1666dd43996b77c72/element/078E1D363EA25F0B40482172FC006D59_element_33/click'
20:26:54.118 [AsyncHttpClient-1-17] DEBUG org.asynchttpclient.netty.handler.HttpHandler - 

Request DefaultHttpRequest(decodeResult: success, version: HTTP/1.1)
POST /session/2ea617beb16956c1666dd43996b77c72/element/078E1D363EA25F0B40482172FC006D59_element_33/click HTTP/1.1
User-Agent: selenium/4.8.3 (java windows)
Content-Length: 57
Content-Type: application/json; charset=utf-8
host: localhost:46344
accept: */*

Response DefaultHttpResponse(decodeResult: success, version: HTTP/1.1)
HTTP/1.1 200 OK
Content-Length: 14
Content-Type: application/json; charset=utf-8
cache-control: no-cache

20:26:54.118 [AsyncHttpClient-1-17] DEBUG org.asynchttpclient.netty.channel.ChannelManager - Adding key: http://localhost:46344 for channel [id: 0x9fa84fd5, L:/127.0.0.1:61073 - R:localhost/127.0.0.1:46344]
2023-06-06 20:26:54 INFO  BaseTest:126 - Logged in
20:26:54.120 [rp-io-92] DEBUG com.epam.reportportal.service.Launch - Starting test item...rp-io-92
2023-06-06 20:26:54 INFO  Listeners:34 - Started Test null
20:26:54.121 [Forwarding findElement on session 2ea617beb16956c1666dd43996b77c72 to remote] DEBUG org.asynchttpclient.netty.request.NettyRequestSender - Using pooled Channel '[id: 0x9fa84fd5, L:/127.0.0.1:61073 - R:localhost/127.0.0.1:46344]' for 'POST' to 'http://localhost:46344/session/2ea617beb16956c1666dd43996b77c72/element'
20:26:54.121 [Forwarding findElement on session 2ea617beb16956c1666dd43996b77c72 to remote] DEBUG org.asynchttpclient.netty.request.NettyRequestSender - Using open Channel [id: 0x9fa84fd5, L:/127.0.0.1:61073 - R:localhost/127.0.0.1:46344] for POST '/session/2ea617beb16956c1666dd43996b77c72/element'
20:26:54.135 [rp-io-6] DEBUG com.epam.reportportal.service.Launch - TestItem with ID = 'e4b93da2-7372-46e4-9939-9f461ada0d5a' successfully finished.
20:26:54.135 [rp-io-6] DEBUG com.epam.reportportal.utils.SubscriptionUtils - Finish test item completed
20:26:54.142 [rp-io-92] DEBUG com.epam.reportportal.service.Launch - ReportPortal item with ID '80faab22-25b9-4d1d-9fed-69e4b80d1412' has been created
20:26:54.142 [rp-io-92] DEBUG com.epam.reportportal.utils.SubscriptionUtils - Start test item successfully completed
20:26:54.519 [AsyncHttpClient-1-17] DEBUG org.asynchttpclient.netty.handler.HttpHandler - 

Request DefaultHttpRequest(decodeResult: success, version: HTTP/1.1)
POST /session/2ea617beb16956c1666dd43996b77c72/element HTTP/1.1
User-Agent: selenium/4.8.3 (java windows)
Content-Length: 168
Content-Type: application/json; charset=utf-8
host: localhost:46344
accept: */*

Response DefaultHttpResponse(decodeResult: success, version: HTTP/1.1)
HTTP/1.1 200 OK
Content-Length: 95
Content-Type: application/json; charset=utf-8
cache-control: no-cache

20:26:54.519 [AsyncHttpClient-1-17] DEBUG org.asynchttpclient.netty.channel.ChannelManager - Adding key: http://localhost:46344 for channel [id: 0x9fa84fd5, L:/127.0.0.1:61073 - R:localhost/127.0.0.1:46344]
20:26:54.520 [Forwarding clickElement on session 2ea617beb16956c1666dd43996b77c72 to remote] DEBUG org.asynchttpclient.netty.request.NettyRequestSender - Using pooled Channel '[id: 0x9fa84fd5, L:/127.0.0.1:61073 - R:localhost/127.0.0.1:46344]' for 'POST' to 'http://localhost:46344/session/2ea617beb16956c1666dd43996b77c72/element/078E1D363EA25F0B40482172FC006D59_element_47/click'
20:26:54.520 [Forwarding clickElement on session 2ea617beb16956c1666dd43996b77c72 to remote] DEBUG org.asynchttpclient.netty.request.NettyRequestSender - Using open Channel [id: 0x9fa84fd5, L:/127.0.0.1:61073 - R:localhost/127.0.0.1:46344] for POST '/session/2ea617beb16956c1666dd43996b77c72/element/078E1D363EA25F0B40482172FC006D59_element_47/click'
20:26:54.684 [AsyncHttpClient-1-17] DEBUG org.asynchttpclient.netty.handler.HttpHandler - 

Request DefaultHttpRequest(decodeResult: success, version: HTTP/1.1)
POST /session/2ea617beb16956c1666dd43996b77c72/element/078E1D363EA25F0B40482172FC006D59_element_47/click HTTP/1.1
User-Agent: selenium/4.8.3 (java windows)
Content-Length: 57
Content-Type: application/json; charset=utf-8
host: localhost:46344
accept: */*

Response DefaultHttpResponse(decodeResult: success, version: HTTP/1.1)
HTTP/1.1 200 OK
Content-Length: 14
Content-Type: application/json; charset=utf-8
cache-control: no-cache

20:26:54.684 [AsyncHttpClient-1-17] DEBUG org.asynchttpclient.netty.channel.ChannelManager - Adding key: http://localhost:46344 for channel [id: 0x9fa84fd5, L:/127.0.0.1:61073 - R:localhost/127.0.0.1:46344]
20:26:54.686 [Forwarding findElement on session 2ea617beb16956c1666dd43996b77c72 to remote] DEBUG org.asynchttpclient.netty.request.NettyRequestSender - Using pooled Channel '[id: 0x9fa84fd5, L:/127.0.0.1:61073 - R:localhost/127.0.0.1:46344]' for 'POST' to 'http://localhost:46344/session/2ea617beb16956c1666dd43996b77c72/element'
20:26:54.686 [Forwarding findElement on session 2ea617beb16956c1666dd43996b77c72 to remote] DEBUG org.asynchttpclient.netty.request.NettyRequestSender - Using open Channel [id: 0x9fa84fd5, L:/127.0.0.1:61073 - R:localhost/127.0.0.1:46344] for POST '/session/2ea617beb16956c1666dd43996b77c72/element'
20:26:54.690 [AsyncHttpClient-1-1] DEBUG org.asynchttpclient.netty.channel.DefaultChannelPool - Entry count for : http://localhost:61074 : 1
20:26:55.356 [AsyncHttpClient-1-17] DEBUG org.asynchttpclient.netty.handler.HttpHandler - 

Request DefaultHttpRequest(decodeResult: success, version: HTTP/1.1)
POST /session/2ea617beb16956c1666dd43996b77c72/element HTTP/1.1
User-Agent: selenium/4.8.3 (java windows)
Content-Length: 240
Content-Type: application/json; charset=utf-8
host: localhost:46344
accept: */*

Response DefaultHttpResponse(decodeResult: success, version: HTTP/1.1)
HTTP/1.1 200 OK
Content-Length: 95
Content-Type: application/json; charset=utf-8
cache-control: no-cache

20:26:55.356 [AsyncHttpClient-1-17] DEBUG org.asynchttpclient.netty.channel.ChannelManager - Adding key: http://localhost:46344 for channel [id: 0x9fa84fd5, L:/127.0.0.1:61073 - R:localhost/127.0.0.1:46344]
20:26:55.357 [Forwarding findElement on session 2ea617beb16956c1666dd43996b77c72 to remote] DEBUG org.asynchttpclient.netty.request.NettyRequestSender - Using pooled Channel '[id: 0x9fa84fd5, L:/127.0.0.1:61073 - R:localhost/127.0.0.1:46344]' for 'POST' to 'http://localhost:46344/session/2ea617beb16956c1666dd43996b77c72/element'
20:26:55.357 [Forwarding findElement on session 2ea617beb16956c1666dd43996b77c72 to remote] DEBUG org.asynchttpclient.netty.request.NettyRequestSender - Using open Channel [id: 0x9fa84fd5, L:/127.0.0.1:61073 - R:localhost/127.0.0.1:46344] for POST '/session/2ea617beb16956c1666dd43996b77c72/element'
20:26:55.371 [AsyncHttpClient-1-17] DEBUG org.asynchttpclient.netty.handler.HttpHandler - 

Request DefaultHttpRequest(decodeResult: success, version: HTTP/1.1)
POST /session/2ea617beb16956c1666dd43996b77c72/element HTTP/1.1
User-Agent: selenium/4.8.3 (java windows)
Content-Length: 240
Content-Type: application/json; charset=utf-8
host: localhost:46344
accept: */*

Response DefaultHttpResponse(decodeResult: success, version: HTTP/1.1)
HTTP/1.1 200 OK
Content-Length: 95
Content-Type: application/json; charset=utf-8
cache-control: no-cache

20:26:55.371 [AsyncHttpClient-1-17] DEBUG org.asynchttpclient.netty.channel.ChannelManager - Adding key: http://localhost:46344 for channel [id: 0x9fa84fd5, L:/127.0.0.1:61073 - R:localhost/127.0.0.1:46344]
20:26:55.371 [Forwarding getElementRect on session 2ea617beb16956c1666dd43996b77c72 to remote] DEBUG org.asynchttpclient.netty.request.NettyRequestSender - Using pooled Channel '[id: 0x9fa84fd5, L:/127.0.0.1:61073 - R:localhost/127.0.0.1:46344]' for 'GET' to 'http://localhost:46344/session/2ea617beb16956c1666dd43996b77c72/element/078E1D363EA25F0B40482172FC006D59_element_64/rect'
20:26:55.371 [Forwarding getElementRect on session 2ea617beb16956c1666dd43996b77c72 to remote] DEBUG org.asynchttpclient.netty.request.NettyRequestSender - Using open Channel [id: 0x9fa84fd5, L:/127.0.0.1:61073 - R:localhost/127.0.0.1:46344] for GET '/session/2ea617beb16956c1666dd43996b77c72/element/078E1D363EA25F0B40482172FC006D59_element_64/rect'
20:26:55.384 [AsyncHttpClient-1-17] DEBUG org.asynchttpclient.netty.handler.HttpHandler - 

Request DefaultFullHttpRequest(decodeResult: success, version: HTTP/1.1, content: EmptyByteBufBE)
GET /session/2ea617beb16956c1666dd43996b77c72/element/078E1D363EA25F0B40482172FC006D59_element_64/rect HTTP/1.1
User-Agent: selenium/4.8.3 (java windows)
Cache-Control: no-cache
Content-Type: application/json; charset=utf-8
host: localhost:46344
accept: */*

Response DefaultHttpResponse(decodeResult: success, version: HTTP/1.1)
HTTP/1.1 200 OK
Content-Length: 81
Content-Type: application/json; charset=utf-8
cache-control: no-cache

20:26:55.384 [AsyncHttpClient-1-17] DEBUG org.asynchttpclient.netty.channel.ChannelManager - Adding key: http://localhost:46344 for channel [id: 0x9fa84fd5, L:/127.0.0.1:61073 - R:localhost/127.0.0.1:46344]
20:26:55.385 [Forwarding findElement on session 2ea617beb16956c1666dd43996b77c72 to remote] DEBUG org.asynchttpclient.netty.request.NettyRequestSender - Using pooled Channel '[id: 0x9fa84fd5, L:/127.0.0.1:61073 - R:localhost/127.0.0.1:46344]' for 'POST' to 'http://localhost:46344/session/2ea617beb16956c1666dd43996b77c72/element'
20:26:55.385 [Forwarding findElement on session 2ea617beb16956c1666dd43996b77c72 to remote] DEBUG org.asynchttpclient.netty.request.NettyRequestSender - Using open Channel [id: 0x9fa84fd5, L:/127.0.0.1:61073 - R:localhost/127.0.0.1:46344] for POST '/session/2ea617beb16956c1666dd43996b77c72/element'
20:26:55.402 [AsyncHttpClient-1-17] DEBUG org.asynchttpclient.netty.handler.HttpHandler - 

Request DefaultHttpRequest(decodeResult: success, version: HTTP/1.1)
POST /session/2ea617beb16956c1666dd43996b77c72/element HTTP/1.1
User-Agent: selenium/4.8.3 (java windows)
Content-Length: 232
Content-Type: application/json; charset=utf-8
host: localhost:46344
accept: */*

Response DefaultHttpResponse(decodeResult: success, version: HTTP/1.1)
HTTP/1.1 200 OK
Content-Length: 95
Content-Type: application/json; charset=utf-8
cache-control: no-cache

20:26:55.402 [AsyncHttpClient-1-17] DEBUG org.asynchttpclient.netty.channel.ChannelManager - Adding key: http://localhost:46344 for channel [id: 0x9fa84fd5, L:/127.0.0.1:61073 - R:localhost/127.0.0.1:46344]
20:26:55.403 [Forwarding findElement on session 2ea617beb16956c1666dd43996b77c72 to remote] DEBUG org.asynchttpclient.netty.request.NettyRequestSender - Using pooled Channel '[id: 0x9fa84fd5, L:/127.0.0.1:61073 - R:localhost/127.0.0.1:46344]' for 'POST' to 'http://localhost:46344/session/2ea617beb16956c1666dd43996b77c72/element'
20:26:55.403 [Forwarding findElement on session 2ea617beb16956c1666dd43996b77c72 to remote] DEBUG org.asynchttpclient.netty.request.NettyRequestSender - Using open Channel [id: 0x9fa84fd5, L:/127.0.0.1:61073 - R:localhost/127.0.0.1:46344] for POST '/session/2ea617beb16956c1666dd43996b77c72/element'
20:26:55.418 [AsyncHttpClient-1-17] DEBUG org.asynchttpclient.netty.handler.HttpHandler - 

Request DefaultHttpRequest(decodeResult: success, version: HTTP/1.1)
POST /session/2ea617beb16956c1666dd43996b77c72/element HTTP/1.1
User-Agent: selenium/4.8.3 (java windows)
Content-Length: 283
Content-Type: application/json; charset=utf-8
host: localhost:46344
accept: */*

Response DefaultHttpResponse(decodeResult: success, version: HTTP/1.1)
HTTP/1.1 200 OK
Content-Length: 95
Content-Type: application/json; charset=utf-8
cache-control: no-cache

20:26:55.418 [AsyncHttpClient-1-17] DEBUG org.asynchttpclient.netty.channel.ChannelManager - Adding key: http://localhost:46344 for channel [id: 0x9fa84fd5, L:/127.0.0.1:61073 - R:localhost/127.0.0.1:46344]
20:26:55.421 [Forwarding actions on session 2ea617beb16956c1666dd43996b77c72 to remote] DEBUG org.asynchttpclient.netty.request.NettyRequestSender - Using pooled Channel '[id: 0x9fa84fd5, L:/127.0.0.1:61073 - R:localhost/127.0.0.1:46344]' for 'POST' to 'http://localhost:46344/session/2ea617beb16956c1666dd43996b77c72/actions'
20:26:55.421 [Forwarding actions on session 2ea617beb16956c1666dd43996b77c72 to remote] DEBUG org.asynchttpclient.netty.request.NettyRequestSender - Using open Channel [id: 0x9fa84fd5, L:/127.0.0.1:61073 - R:localhost/127.0.0.1:46344] for POST '/session/2ea617beb16956c1666dd43996b77c72/actions'
20:26:55.769 [AsyncHttpClient-1-17] DEBUG org.asynchttpclient.netty.handler.HttpHandler - 

Request DefaultHttpRequest(decodeResult: success, version: HTTP/1.1)
POST /session/2ea617beb16956c1666dd43996b77c72/actions HTTP/1.1
User-Agent: selenium/4.8.3 (java windows)
Content-Length: 962
Content-Type: application/json; charset=utf-8
host: localhost:46344
accept: */*

Response DefaultHttpResponse(decodeResult: success, version: HTTP/1.1)
HTTP/1.1 200 OK
Content-Length: 14
Content-Type: application/json; charset=utf-8
cache-control: no-cache

20:26:55.769 [AsyncHttpClient-1-17] DEBUG org.asynchttpclient.netty.channel.ChannelManager - Adding key: http://localhost:46344 for channel [id: 0x9fa84fd5, L:/127.0.0.1:61073 - R:localhost/127.0.0.1:46344]
20:26:55.770 [Forwarding findElement on session 2ea617beb16956c1666dd43996b77c72 to remote] DEBUG org.asynchttpclient.netty.request.NettyRequestSender - Using pooled Channel '[id: 0x9fa84fd5, L:/127.0.0.1:61073 - R:localhost/127.0.0.1:46344]' for 'POST' to 'http://localhost:46344/session/2ea617beb16956c1666dd43996b77c72/element'
20:26:55.770 [Forwarding findElement on session 2ea617beb16956c1666dd43996b77c72 to remote] DEBUG org.asynchttpclient.netty.request.NettyRequestSender - Using open Channel [id: 0x9fa84fd5, L:/127.0.0.1:61073 - R:localhost/127.0.0.1:46344] for POST '/session/2ea617beb16956c1666dd43996b77c72/element'
20:26:55.783 [AsyncHttpClient-1-17] DEBUG org.asynchttpclient.netty.handler.HttpHandler - 

Request DefaultHttpRequest(decodeResult: success, version: HTTP/1.1)
POST /session/2ea617beb16956c1666dd43996b77c72/element HTTP/1.1
User-Agent: selenium/4.8.3 (java windows)
Content-Length: 240
Content-Type: application/json; charset=utf-8
host: localhost:46344
accept: */*

Response DefaultHttpResponse(decodeResult: success, version: HTTP/1.1)
HTTP/1.1 200 OK
Content-Length: 95
Content-Type: application/json; charset=utf-8
cache-control: no-cache

20:26:55.784 [AsyncHttpClient-1-17] DEBUG org.asynchttpclient.netty.channel.ChannelManager - Adding key: http://localhost:46344 for channel [id: 0x9fa84fd5, L:/127.0.0.1:61073 - R:localhost/127.0.0.1:46344]
20:26:55.784 [Forwarding getElementRect on session 2ea617beb16956c1666dd43996b77c72 to remote] DEBUG org.asynchttpclient.netty.request.NettyRequestSender - Using pooled Channel '[id: 0x9fa84fd5, L:/127.0.0.1:61073 - R:localhost/127.0.0.1:46344]' for 'GET' to 'http://localhost:46344/session/2ea617beb16956c1666dd43996b77c72/element/078E1D363EA25F0B40482172FC006D59_element_64/rect'
20:26:55.784 [Forwarding getElementRect on session 2ea617beb16956c1666dd43996b77c72 to remote] DEBUG org.asynchttpclient.netty.request.NettyRequestSender - Using open Channel [id: 0x9fa84fd5, L:/127.0.0.1:61073 - R:localhost/127.0.0.1:46344] for GET '/session/2ea617beb16956c1666dd43996b77c72/element/078E1D363EA25F0B40482172FC006D59_element_64/rect'
20:26:55.790 [AsyncHttpClient-1-1] DEBUG org.asynchttpclient.netty.channel.DefaultChannelPool - Entry count for : http://localhost:61074 : 1
20:26:55.800 [AsyncHttpClient-1-17] DEBUG org.asynchttpclient.netty.handler.HttpHandler - 

Request DefaultFullHttpRequest(decodeResult: success, version: HTTP/1.1, content: EmptyByteBufBE)
GET /session/2ea617beb16956c1666dd43996b77c72/element/078E1D363EA25F0B40482172FC006D59_element_64/rect HTTP/1.1
User-Agent: selenium/4.8.3 (java windows)
Cache-Control: no-cache
Content-Type: application/json; charset=utf-8
host: localhost:46344
accept: */*

Response DefaultHttpResponse(decodeResult: success, version: HTTP/1.1)
HTTP/1.1 200 OK
Content-Length: 79
Content-Type: application/json; charset=utf-8
cache-control: no-cache

20:26:55.800 [AsyncHttpClient-1-17] DEBUG org.asynchttpclient.netty.channel.ChannelManager - Adding key: http://localhost:46344 for channel [id: 0x9fa84fd5, L:/127.0.0.1:61073 - R:localhost/127.0.0.1:46344]
2023-06-06 20:26:55 INFO  Listeners:38 - Succeeded Test null
]]></system-out>
    <system-err><![CDATA[Starting ChromeDriver 114.0.5735.90 (386bc09e8f4f2e025eddae123f36f6263096ae49-refs/branch-heads/5735@{#1052}) on port 46344
Only local connections are allowed.
Please see https://chromedriver.chromium.org/security-considerations for suggestions on keeping ChromeDriver safe.
ChromeDriver was started successfully.
Jun 06, 2023 8:26:51 PM org.openqa.selenium.devtools.CdpVersionFinder findNearestMatch
WARNING: Unable to find an exact match for CDP version 114, so returning the closest version found: 111
]]></system-err>
  </testcase>
</testsuite>