<?xml version="1.0" encoding="UTF-8"?>
<testsuite xmlns:xsi="http://www.w3.org/2001/XMLSchema-instance" xsi:noNamespaceSchemaLocation="https://maven.apache.org/surefire/maven-surefire-plugin/xsd/surefire-test-report-3.0.xsd" version="3.0" name="TestSuite" time="12.803" tests="14" errors="0" skipped="0" failures="0">
  <properties>
    <property name="sun.desktop" value="windows"/>
    <property name="awt.toolkit" value="sun.awt.windows.WToolkit"/>
    <property name="java.specification.version" value="11"/>
    <property name="sun.cpu.isalist" value="amd64"/>
    <property name="sun.jnu.encoding" value="Cp1252"/>
    <property name="java.class.path" value="C:\AdvancedTraining\AutomationFramework\target\test-classes;C:\AdvancedTraining\AutomationFramework\target\classes;C:\Users\Suwarna_Wagh\.m2\repository\org\mockito\mockito-core\4.1.0\mockito-core-4.1.0.jar;C:\Users\Suwarna_Wagh\.m2\repository\net\bytebuddy\byte-buddy\1.12.1\byte-buddy-1.12.1.jar;C:\Users\Suwarna_Wagh\.m2\repository\net\bytebuddy\byte-buddy-agent\1.12.1\byte-buddy-agent-1.12.1.jar;C:\Users\Suwarna_Wagh\.m2\repository\org\objenesis\objenesis\3.2\objenesis-3.2.jar;C:\Users\Suwarna_Wagh\.m2\repository\org\mockito\mockito-all\1.10.19\mockito-all-1.10.19.jar;C:\Users\Suwarna_Wagh\.m2\repository\junit\junit\4.12\junit-4.12.jar;C:\Users\Suwarna_Wagh\.m2\repository\org\hamcrest\hamcrest-core\1.3\hamcrest-core-1.3.jar;C:\Users\Suwarna_Wagh\.m2\repository\org\junit\jupiter\junit-jupiter-api\5.9.1\junit-jupiter-api-5.9.1.jar;C:\Users\Suwarna_Wagh\.m2\repository\org\opentest4j\opentest4j\1.2.0\opentest4j-1.2.0.jar;C:\Users\Suwarna_Wagh\.m2\repository\org\junit\platform\junit-platform-commons\1.9.1\junit-platform-commons-1.9.1.jar;C:\Users\Suwarna_Wagh\.m2\repository\org\apiguardian\apiguardian-api\1.1.2\apiguardian-api-1.1.2.jar;C:\Users\Suwarna_Wagh\.m2\repository\org\assertj\assertj-core\3.24.2\assertj-core-3.24.2.jar;C:\Users\Suwarna_Wagh\.m2\repository\log4j\log4j\1.2.17\log4j-1.2.17.jar;C:\Users\Suwarna_Wagh\.m2\repository\org\sonarsource\scanner\maven\sonar-maven-plugin\3.9.1.2184\sonar-maven-plugin-3.9.1.2184.jar;C:\Users\Suwarna_Wagh\.m2\repository\org\sonatype\plexus\plexus-sec-dispatcher\1.4\plexus-sec-dispatcher-1.4.jar;C:\Users\Suwarna_Wagh\.m2\repository\org\sonatype\plexus\plexus-cipher\1.4\plexus-cipher-1.4.jar;C:\Users\Suwarna_Wagh\.m2\repository\org\codehaus\plexus\plexus-utils\3.2.1\plexus-utils-3.2.1.jar;C:\Users\Suwarna_Wagh\.m2\repository\org\sonarsource\scanner\api\sonar-scanner-api\2.16.2.588\sonar-scanner-api-2.16.2.588.jar;C:\Users\Suwarna_Wagh\.m2\repository\commons-lang\commons-lang\2.6\commons-lang-2.6.jar;C:\Users\Suwarna_Wagh\.m2\repository\com\epam\reportportal\agent-java-testng\5.1.3\agent-java-testng-5.1.3.jar;C:\Users\Suwarna_Wagh\.m2\repository\com\epam\reportportal\client-java\5.1.11\client-java-5.1.11.jar;C:\Users\Suwarna_Wagh\.m2\repository\io\reactivex\rxjava2\rxjava\2.2.10\rxjava-2.2.10.jar;C:\Users\Suwarna_Wagh\.m2\repository\org\reactivestreams\reactive-streams\1.0.2\reactive-streams-1.0.2.jar;C:\Users\Suwarna_Wagh\.m2\repository\com\squareup\retrofit2\retrofit\2.9.0\retrofit-2.9.0.jar;C:\Users\Suwarna_Wagh\.m2\repository\com\squareup\okhttp3\okhttp\3.14.9\okhttp-3.14.9.jar;C:\Users\Suwarna_Wagh\.m2\repository\com\squareup\okio\okio\1.17.2\okio-1.17.2.jar;C:\Users\Suwarna_Wagh\.m2\repository\org\aspectj\aspectjrt\1.9.2\aspectjrt-1.9.2.jar;C:\Users\Suwarna_Wagh\.m2\repository\com\squareup\retrofit2\converter-scalars\2.9.0\converter-scalars-2.9.0.jar;C:\Users\Suwarna_Wagh\.m2\repository\com\squareup\retrofit2\converter-jackson\2.9.0\converter-jackson-2.9.0.jar;C:\Users\Suwarna_Wagh\.m2\repository\com\squareup\retrofit2\adapter-rxjava2\2.9.0\adapter-rxjava2-2.9.0.jar;C:\Users\Suwarna_Wagh\.m2\repository\com\squareup\okhttp3\logging-interceptor\3.14.9\logging-interceptor-3.14.9.jar;C:\Users\Suwarna_Wagh\.m2\repository\org\aspectj\aspectjweaver\1.9.2\aspectjweaver-1.9.2.jar;C:\Users\Suwarna_Wagh\.m2\repository\com\google\code\findbugs\jsr305\3.0.2\jsr305-3.0.2.jar;C:\Users\Suwarna_Wagh\.m2\repository\com\epam\reportportal\commons-model\5.0.0\commons-model-5.0.0.jar;C:\Users\Suwarna_Wagh\.m2\repository\io\swagger\swagger-annotations\1.5.24\swagger-annotations-1.5.24.jar;C:\Users\Suwarna_Wagh\.m2\repository\javax\validation\validation-api\2.0.1.Final\validation-api-2.0.1.Final.jar;C:\Users\Suwarna_Wagh\.m2\repository\org\slf4j\slf4j-api\1.7.36\slf4j-api-1.7.36.jar;C:\Users\Suwarna_Wagh\.m2\repository\com\epam\reportportal\logger-java-logback\5.1.3\logger-java-logback-5.1.3.jar;C:\Users\Suwarna_Wagh\.m2\repository\ch\qos\logback\logback-classic\1.2.11\logback-classic-1.2.11.jar;C:\Users\Suwarna_Wagh\.m2\repository\ch\qos\logback\logback-core\1.2.11\logback-core-1.2.11.jar;C:\Users\Suwarna_Wagh\.m2\repository\com\epam\reportportal\logger-java-log4j\5.1.5\logger-java-log4j-5.1.5.jar;C:\Users\Suwarna_Wagh\.m2\repository\org\apache\logging\log4j\log4j-core\2.17.2\log4j-core-2.17.2.jar;C:\Users\Suwarna_Wagh\.m2\repository\org\apache\logging\log4j\log4j-api\2.17.2\log4j-api-2.17.2.jar;C:\Users\Suwarna_Wagh\.m2\repository\io\github\bonigarcia\webdrivermanager\5.3.2\webdrivermanager-5.3.2.jar;C:\Users\Suwarna_Wagh\.m2\repository\com\google\code\gson\gson\2.10.1\gson-2.10.1.jar;C:\Users\Suwarna_Wagh\.m2\repository\com\github\docker-java\docker-java\3.2.14\docker-java-3.2.14.jar;C:\Users\Suwarna_Wagh\.m2\repository\com\github\docker-java\docker-java-core\3.2.14\docker-java-core-3.2.14.jar;C:\Users\Suwarna_Wagh\.m2\repository\com\github\docker-java\docker-java-api\3.2.14\docker-java-api-3.2.14.jar;C:\Users\Suwarna_Wagh\.m2\repository\org\apache\commons\commons-compress\1.21\commons-compress-1.21.jar;C:\Users\Suwarna_Wagh\.m2\repository\org\bouncycastle\bcpkix-jdk15on\1.64\bcpkix-jdk15on-1.64.jar;C:\Users\Suwarna_Wagh\.m2\repository\org\bouncycastle\bcprov-jdk15on\1.64\bcprov-jdk15on-1.64.jar;C:\Users\Suwarna_Wagh\.m2\repository\org\slf4j\jcl-over-slf4j\1.7.30\jcl-over-slf4j-1.7.30.jar;C:\Users\Suwarna_Wagh\.m2\repository\com\github\docker-java\docker-java-transport-httpclient5\3.2.14\docker-java-transport-httpclient5-3.2.14.jar;C:\Users\Suwarna_Wagh\.m2\repository\com\github\docker-java\docker-java-transport\3.2.14\docker-java-transport-3.2.14.jar;C:\Users\Suwarna_Wagh\.m2\repository\net\java\dev\jna\jna\5.12.1\jna-5.12.1.jar;C:\Users\Suwarna_Wagh\.m2\repository\org\brotli\dec\0.1.2\dec-0.1.2.jar;C:\Users\Suwarna_Wagh\.m2\repository\org\apache\commons\commons-lang3\3.12.0\commons-lang3-3.12.0.jar;C:\Users\Suwarna_Wagh\.m2\repository\org\apache\httpcomponents\client5\httpclient5\5.2.1\httpclient5-5.2.1.jar;C:\Users\Suwarna_Wagh\.m2\repository\org\apache\httpcomponents\core5\httpcore5\5.2\httpcore5-5.2.jar;C:\Users\Suwarna_Wagh\.m2\repository\org\apache\httpcomponents\core5\httpcore5-h2\5.2\httpcore5-h2-5.2.jar;C:\Users\Suwarna_Wagh\.m2\repository\org\seleniumhq\selenium\selenium-java\4.8.3\selenium-java-4.8.3.jar;C:\Users\Suwarna_Wagh\.m2\repository\org\seleniumhq\selenium\selenium-api\4.8.3\selenium-api-4.8.3.jar;C:\Users\Suwarna_Wagh\.m2\repository\org\seleniumhq\selenium\selenium-chrome-driver\4.8.3\selenium-chrome-driver-4.8.3.jar;C:\Users\Suwarna_Wagh\.m2\repository\com\google\auto\service\auto-service-annotations\1.0.1\auto-service-annotations-1.0.1.jar;C:\Users\Suwarna_Wagh\.m2\repository\com\google\auto\service\auto-service\1.0.1\auto-service-1.0.1.jar;C:\Users\Suwarna_Wagh\.m2\repository\com\google\auto\auto-common\1.2\auto-common-1.2.jar;C:\Users\Suwarna_Wagh\.m2\repository\org\seleniumhq\selenium\selenium-chromium-driver\4.8.3\selenium-chromium-driver-4.8.3.jar;C:\Users\Suwarna_Wagh\.m2\repository\org\seleniumhq\selenium\selenium-json\4.8.3\selenium-json-4.8.3.jar;C:\Users\Suwarna_Wagh\.m2\repository\org\seleniumhq\selenium\selenium-manager\4.8.3\selenium-manager-4.8.3.jar;C:\Users\Suwarna_Wagh\.m2\repository\org\seleniumhq\selenium\selenium-devtools-v109\4.8.3\selenium-devtools-v109-4.8.3.jar;C:\Users\Suwarna_Wagh\.m2\repository\org\seleniumhq\selenium\selenium-devtools-v110\4.8.3\selenium-devtools-v110-4.8.3.jar;C:\Users\Suwarna_Wagh\.m2\repository\org\seleniumhq\selenium\selenium-devtools-v111\4.8.3\selenium-devtools-v111-4.8.3.jar;C:\Users\Suwarna_Wagh\.m2\repository\org\seleniumhq\selenium\selenium-devtools-v85\4.8.3\selenium-devtools-v85-4.8.3.jar;C:\Users\Suwarna_Wagh\.m2\repository\org\seleniumhq\selenium\selenium-edge-driver\4.8.3\selenium-edge-driver-4.8.3.jar;C:\Users\Suwarna_Wagh\.m2\repository\org\seleniumhq\selenium\selenium-firefox-driver\4.8.3\selenium-firefox-driver-4.8.3.jar;C:\Users\Suwarna_Wagh\.m2\repository\org\seleniumhq\selenium\selenium-http\4.8.3\selenium-http-4.8.3.jar;C:\Users\Suwarna_Wagh\.m2\repository\dev\failsafe\failsafe\3.3.1\failsafe-3.3.1.jar;C:\Users\Suwarna_Wagh\.m2\repository\org\seleniumhq\selenium\selenium-ie-driver\4.8.3\selenium-ie-driver-4.8.3.jar;C:\Users\Suwarna_Wagh\.m2\repository\org\seleniumhq\selenium\selenium-remote-driver\4.8.3\selenium-remote-driver-4.8.3.jar;C:\Users\Suwarna_Wagh\.m2\repository\io\netty\netty-buffer\4.1.90.Final\netty-buffer-4.1.90.Final.jar;C:\Users\Suwarna_Wagh\.m2\repository\io\netty\netty-codec-http\4.1.90.Final\netty-codec-http-4.1.90.Final.jar;C:\Users\Suwarna_Wagh\.m2\repository\io\netty\netty-codec\4.1.90.Final\netty-codec-4.1.90.Final.jar;C:\Users\Suwarna_Wagh\.m2\repository\io\netty\netty-handler\4.1.90.Final\netty-handler-4.1.90.Final.jar;C:\Users\Suwarna_Wagh\.m2\repository\io\netty\netty-common\4.1.90.Final\netty-common-4.1.90.Final.jar;C:\Users\Suwarna_Wagh\.m2\repository\io\netty\netty-transport-classes-epoll\4.1.90.Final\netty-transport-classes-epoll-4.1.90.Final.jar;C:\Users\Suwarna_Wagh\.m2\repository\io\netty\netty-transport-classes-kqueue\4.1.90.Final\netty-transport-classes-kqueue-4.1.90.Final.jar;C:\Users\Suwarna_Wagh\.m2\repository\io\netty\netty-transport-native-epoll\4.1.90.Final\netty-transport-native-epoll-4.1.90.Final.jar;C:\Users\Suwarna_Wagh\.m2\repository\io\netty\netty-transport-native-kqueue\4.1.90.Final\netty-transport-native-kqueue-4.1.90.Final.jar;C:\Users\Suwarna_Wagh\.m2\repository\io\netty\netty-transport-native-unix-common\4.1.90.Final\netty-transport-native-unix-common-4.1.90.Final.jar;C:\Users\Suwarna_Wagh\.m2\repository\io\netty\netty-transport\4.1.90.Final\netty-transport-4.1.90.Final.jar;C:\Users\Suwarna_Wagh\.m2\repository\io\netty\netty-resolver\4.1.90.Final\netty-resolver-4.1.90.Final.jar;C:\Users\Suwarna_Wagh\.m2\repository\io\opentelemetry\opentelemetry-api\1.24.0\opentelemetry-api-1.24.0.jar;C:\Users\Suwarna_Wagh\.m2\repository\io\opentelemetry\opentelemetry-context\1.24.0\opentelemetry-context-1.24.0.jar;C:\Users\Suwarna_Wagh\.m2\repository\io\opentelemetry\opentelemetry-exporter-logging\1.24.0\opentelemetry-exporter-logging-1.24.0.jar;C:\Users\Suwarna_Wagh\.m2\repository\io\opentelemetry\opentelemetry-sdk-metrics\1.24.0\opentelemetry-sdk-metrics-1.24.0.jar;C:\Users\Suwarna_Wagh\.m2\repository\io\opentelemetry\opentelemetry-sdk-logs\1.24.0-alpha\opentelemetry-sdk-logs-1.24.0-alpha.jar;C:\Users\Suwarna_Wagh\.m2\repository\io\opentelemetry\opentelemetry-api-logs\1.24.0-alpha\opentelemetry-api-logs-1.24.0-alpha.jar;C:\Users\Suwarna_Wagh\.m2\repository\io\opentelemetry\opentelemetry-api-events\1.24.0-alpha\opentelemetry-api-events-1.24.0-alpha.jar;C:\Users\Suwarna_Wagh\.m2\repository\io\opentelemetry\opentelemetry-sdk-common\1.24.0\opentelemetry-sdk-common-1.24.0.jar;C:\Users\Suwarna_Wagh\.m2\repository\io\opentelemetry\opentelemetry-sdk-extension-autoconfigure-spi\1.24.0\opentelemetry-sdk-extension-autoconfigure-spi-1.24.0.jar;C:\Users\Suwarna_Wagh\.m2\repository\io\opentelemetry\opentelemetry-sdk-extension-autoconfigure\1.24.0-alpha\opentelemetry-sdk-extension-autoconfigure-1.24.0-alpha.jar;C:\Users\Suwarna_Wagh\.m2\repository\io\opentelemetry\opentelemetry-sdk-trace\1.24.0\opentelemetry-sdk-trace-1.24.0.jar;C:\Users\Suwarna_Wagh\.m2\repository\io\opentelemetry\opentelemetry-sdk\1.24.0\opentelemetry-sdk-1.24.0.jar;C:\Users\Suwarna_Wagh\.m2\repository\io\opentelemetry\opentelemetry-semconv\1.24.0-alpha\opentelemetry-semconv-1.24.0-alpha.jar;C:\Users\Suwarna_Wagh\.m2\repository\io\ous\jtoml\2.0.0\jtoml-2.0.0.jar;C:\Users\Suwarna_Wagh\.m2\repository\org\apache\commons\commons-exec\1.3\commons-exec-1.3.jar;C:\Users\Suwarna_Wagh\.m2\repository\org\asynchttpclient\async-http-client\2.12.3\async-http-client-2.12.3.jar;C:\Users\Suwarna_Wagh\.m2\repository\org\asynchttpclient\async-http-client-netty-utils\2.12.3\async-http-client-netty-utils-2.12.3.jar;C:\Users\Suwarna_Wagh\.m2\repository\io\netty\netty-codec-socks\4.1.60.Final\netty-codec-socks-4.1.60.Final.jar;C:\Users\Suwarna_Wagh\.m2\repository\io\netty\netty-handler-proxy\4.1.60.Final\netty-handler-proxy-4.1.60.Final.jar;C:\Users\Suwarna_Wagh\.m2\repository\io\netty\netty-transport-native-epoll\4.1.60.Final\netty-transport-native-epoll-4.1.60.Final-linux-x86_64.jar;C:\Users\Suwarna_Wagh\.m2\repository\io\netty\netty-transport-native-kqueue\4.1.60.Final\netty-transport-native-kqueue-4.1.60.Final-osx-x86_64.jar;C:\Users\Suwarna_Wagh\.m2\repository\com\typesafe\netty\netty-reactive-streams\2.0.4\netty-reactive-streams-2.0.4.jar;C:\Users\Suwarna_Wagh\.m2\repository\com\sun\activation\jakarta.activation\1.2.2\jakarta.activation-1.2.2.jar;C:\Users\Suwarna_Wagh\.m2\repository\org\seleniumhq\selenium\selenium-safari-driver\4.8.3\selenium-safari-driver-4.8.3.jar;C:\Users\Suwarna_Wagh\.m2\repository\org\seleniumhq\selenium\selenium-support\4.8.3\selenium-support-4.8.3.jar;C:\Users\Suwarna_Wagh\.m2\repository\com\google\guava\guava\31.0.1-jre\guava-31.0.1-jre.jar;C:\Users\Suwarna_Wagh\.m2\repository\com\google\guava\failureaccess\1.0.1\failureaccess-1.0.1.jar;C:\Users\Suwarna_Wagh\.m2\repository\com\google\guava\listenablefuture\9999.0-empty-to-avoid-conflict-with-guava\listenablefuture-9999.0-empty-to-avoid-conflict-with-guava.jar;C:\Users\Suwarna_Wagh\.m2\repository\org\checkerframework\checker-qual\3.12.0\checker-qual-3.12.0.jar;C:\Users\Suwarna_Wagh\.m2\repository\com\google\errorprone\error_prone_annotations\2.7.1\error_prone_annotations-2.7.1.jar;C:\Users\Suwarna_Wagh\.m2\repository\com\google\j2objc\j2objc-annotations\1.3\j2objc-annotations-1.3.jar;C:\Users\Suwarna_Wagh\.m2\repository\io\rest-assured\rest-assured\5.3.0\rest-assured-5.3.0.jar;C:\Users\Suwarna_Wagh\.m2\repository\org\apache\groovy\groovy\4.0.6\groovy-4.0.6.jar;C:\Users\Suwarna_Wagh\.m2\repository\org\apache\groovy\groovy-xml\4.0.6\groovy-xml-4.0.6.jar;C:\Users\Suwarna_Wagh\.m2\repository\org\apache\httpcomponents\httpclient\4.5.13\httpclient-4.5.13.jar;C:\Users\Suwarna_Wagh\.m2\repository\org\apache\httpcomponents\httpcore\4.4.13\httpcore-4.4.13.jar;C:\Users\Suwarna_Wagh\.m2\repository\commons-logging\commons-logging\1.2\commons-logging-1.2.jar;C:\Users\Suwarna_Wagh\.m2\repository\commons-codec\commons-codec\1.11\commons-codec-1.11.jar;C:\Users\Suwarna_Wagh\.m2\repository\org\apache\httpcomponents\httpmime\4.5.13\httpmime-4.5.13.jar;C:\Users\Suwarna_Wagh\.m2\repository\org\hamcrest\hamcrest\2.1\hamcrest-2.1.jar;C:\Users\Suwarna_Wagh\.m2\repository\org\ccil\cowan\tagsoup\tagsoup\1.2.1\tagsoup-1.2.1.jar;C:\Users\Suwarna_Wagh\.m2\repository\io\rest-assured\xml-path\5.3.0\xml-path-5.3.0.jar;C:\Users\Suwarna_Wagh\.m2\repository\io\rest-assured\json-path\5.3.0\json-path-5.3.0.jar;C:\Users\Suwarna_Wagh\.m2\repository\org\apache\groovy\groovy-json\4.0.6\groovy-json-4.0.6.jar;C:\Users\Suwarna_Wagh\.m2\repository\io\rest-assured\rest-assured-common\5.3.0\rest-assured-common-5.3.0.jar;C:\Users\Suwarna_Wagh\.m2\repository\io\rest-assured\json-schema-validator\5.3.0\json-schema-validator-5.3.0.jar;C:\Users\Suwarna_Wagh\.m2\repository\com\github\java-json-tools\json-schema-validator\2.2.14\json-schema-validator-2.2.14.jar;C:\Users\Suwarna_Wagh\.m2\repository\com\github\java-json-tools\jackson-coreutils-equivalence\1.0\jackson-coreutils-equivalence-1.0.jar;C:\Users\Suwarna_Wagh\.m2\repository\com\github\java-json-tools\jackson-coreutils\2.0\jackson-coreutils-2.0.jar;C:\Users\Suwarna_Wagh\.m2\repository\com\github\java-json-tools\msg-simple\1.2\msg-simple-1.2.jar;C:\Users\Suwarna_Wagh\.m2\repository\com\github\java-json-tools\btf\1.3\btf-1.3.jar;C:\Users\Suwarna_Wagh\.m2\repository\com\github\java-json-tools\json-schema-core\1.2.14\json-schema-core-1.2.14.jar;C:\Users\Suwarna_Wagh\.m2\repository\com\github\java-json-tools\uri-template\0.10\uri-template-0.10.jar;C:\Users\Suwarna_Wagh\.m2\repository\org\mozilla\rhino\1.7.7.2\rhino-1.7.7.2.jar;C:\Users\Suwarna_Wagh\.m2\repository\com\sun\mail\mailapi\1.6.2\mailapi-1.6.2.jar;C:\Users\Suwarna_Wagh\.m2\repository\com\googlecode\libphonenumber\libphonenumber\8.11.1\libphonenumber-8.11.1.jar;C:\Users\Suwarna_Wagh\.m2\repository\net\sf\jopt-simple\jopt-simple\5.0.4\jopt-simple-5.0.4.jar;C:\Users\Suwarna_Wagh\.m2\repository\com\aventstack\extentreports\3.0.0\extentreports-3.0.0.jar;C:\Users\Suwarna_Wagh\.m2\repository\org\freemarker\freemarker\2.3.23\freemarker-2.3.23.jar;C:\Users\Suwarna_Wagh\.m2\repository\org\mongodb\mongodb-driver\3.3.0\mongodb-driver-3.3.0.jar;C:\Users\Suwarna_Wagh\.m2\repository\org\mongodb\bson\3.3.0\bson-3.3.0.jar;C:\Users\Suwarna_Wagh\.m2\repository\org\mongodb\mongodb-driver-core\3.3.0\mongodb-driver-core-3.3.0.jar;C:\Users\Suwarna_Wagh\.m2\repository\global\AdvancedTraining\1.0-SNAPSHOT\AdvancedTraining-1.0-SNAPSHOT.jar;C:\Users\Suwarna_Wagh\.m2\repository\org\projectlombok\lombok\1.18.26\lombok-1.18.26.jar;C:\Users\Suwarna_Wagh\.m2\repository\org\modelmapper\modelmapper\3.1.1\modelmapper-3.1.1.jar;C:\Users\Suwarna_Wagh\.m2\repository\com\mashape\unirest\unirest-java\1.4.9\unirest-java-1.4.9.jar;C:\Users\Suwarna_Wagh\.m2\repository\org\apache\httpcomponents\httpasyncclient\4.1.1\httpasyncclient-4.1.1.jar;C:\Users\Suwarna_Wagh\.m2\repository\org\apache\httpcomponents\httpcore-nio\4.4.4\httpcore-nio-4.4.4.jar;C:\Users\Suwarna_Wagh\.m2\repository\org\json\json\20160212\json-20160212.jar;C:\Users\Suwarna_Wagh\.m2\repository\org\junit\jupiter\junit-jupiter-engine\5.9.1\junit-jupiter-engine-5.9.1.jar;C:\Users\Suwarna_Wagh\.m2\repository\org\junit\platform\junit-platform-engine\1.9.1\junit-platform-engine-1.9.1.jar;C:\Users\Suwarna_Wagh\.m2\repository\org\junit\vintage\junit-vintage-engine\5.9.1\junit-vintage-engine-5.9.1.jar;C:\Users\Suwarna_Wagh\.m2\repository\org\testng\testng\7.7.1\testng-7.7.1.jar;C:\Users\Suwarna_Wagh\.m2\repository\com\beust\jcommander\1.82\jcommander-1.82.jar;C:\Users\Suwarna_Wagh\.m2\repository\org\webjars\jquery\3.6.1\jquery-3.6.1.jar;C:\Users\Suwarna_Wagh\.m2\repository\io\cucumber\cucumber-java\7.11.1\cucumber-java-7.11.1.jar;C:\Users\Suwarna_Wagh\.m2\repository\io\cucumber\cucumber-junit\7.11.1\cucumber-junit-7.11.1.jar;C:\Users\Suwarna_Wagh\.m2\repository\io\cucumber\cucumber-core\7.11.1\cucumber-core-7.11.1.jar;C:\Users\Suwarna_Wagh\.m2\repository\io\cucumber\cucumber-gherkin-messages\7.11.1\cucumber-gherkin-messages-7.11.1.jar;C:\Users\Suwarna_Wagh\.m2\repository\io\cucumber\gherkin\26.0.3\gherkin-26.0.3.jar;C:\Users\Suwarna_Wagh\.m2\repository\io\cucumber\messages\21.0.1\messages-21.0.1.jar;C:\Users\Suwarna_Wagh\.m2\repository\io\cucumber\tag-expressions\5.0.1\tag-expressions-5.0.1.jar;C:\Users\Suwarna_Wagh\.m2\repository\io\cucumber\cucumber-expressions\16.1.2\cucumber-expressions-16.1.2.jar;C:\Users\Suwarna_Wagh\.m2\repository\io\cucumber\datatable\7.11.1\datatable-7.11.1.jar;C:\Users\Suwarna_Wagh\.m2\repository\io\cucumber\docstring\7.11.1\docstring-7.11.1.jar;C:\Users\Suwarna_Wagh\.m2\repository\io\cucumber\html-formatter\20.2.1\html-formatter-20.2.1.jar;C:\Users\Suwarna_Wagh\.m2\repository\io\cucumber\junit-xml-formatter\0.1.0\junit-xml-formatter-0.1.0.jar;C:\Users\Suwarna_Wagh\.m2\repository\io\cucumber\ci-environment\9.1.0\ci-environment-9.1.0.jar;C:\Users\Suwarna_Wagh\.m2\repository\io\cucumber\cucumber-gherkin\7.11.1\cucumber-gherkin-7.11.1.jar;C:\Users\Suwarna_Wagh\.m2\repository\io\cucumber\cucumber-java8\7.11.1\cucumber-java8-7.11.1.jar;C:\Users\Suwarna_Wagh\.m2\repository\net\jodah\typetools\0.6.3\typetools-0.6.3.jar;C:\Users\Suwarna_Wagh\.m2\repository\io\cucumber\cucumber-jvm-deps\1.0.6\cucumber-jvm-deps-1.0.6.jar;C:\Users\Suwarna_Wagh\.m2\repository\io\cucumber\cucumber-plugin\7.11.1\cucumber-plugin-7.11.1.jar;C:\Users\Suwarna_Wagh\.m2\repository\net\masterthought\cucumber-reporting\5.7.5\cucumber-reporting-5.7.5.jar;C:\Users\Suwarna_Wagh\.m2\repository\com\fasterxml\jackson\core\jackson-databind\2.13.2.2\jackson-databind-2.13.2.2.jar;C:\Users\Suwarna_Wagh\.m2\repository\com\fasterxml\jackson\core\jackson-annotations\2.13.2\jackson-annotations-2.13.2.jar;C:\Users\Suwarna_Wagh\.m2\repository\com\fasterxml\jackson\core\jackson-core\2.13.2\jackson-core-2.13.2.jar;C:\Users\Suwarna_Wagh\.m2\repository\com\fasterxml\jackson\datatype\jackson-datatype-jsr310\2.13.2\jackson-datatype-jsr310-2.13.2.jar;C:\Users\Suwarna_Wagh\.m2\repository\org\apache\velocity\velocity-engine-core\2.3\velocity-engine-core-2.3.jar;C:\Users\Suwarna_Wagh\.m2\repository\org\apache\commons\commons-collections4\4.4\commons-collections4-4.4.jar;C:\Users\Suwarna_Wagh\.m2\repository\joda-time\joda-time\2.12.2\joda-time-2.12.2.jar;C:\Users\Suwarna_Wagh\.m2\repository\commons-io\commons-io\2.7\commons-io-2.7.jar;C:\Users\Suwarna_Wagh\.m2\repository\org\jsoup\jsoup\1.15.4\jsoup-1.15.4.jar;C:\Users\Suwarna_Wagh\.m2\repository\com\googlecode\owasp-java-html-sanitizer\owasp-java-html-sanitizer\20220608.1\owasp-java-html-sanitizer-20220608.1.jar;C:\Users\Suwarna_Wagh\.m2\repository\commons-configuration\commons-configuration\1.10\commons-configuration-1.10.jar;C:\Users\Suwarna_Wagh\.m2\repository\io\cucumber\datatable-matchers\7.11.1\datatable-matchers-7.11.1.jar;"/>
    <property name="java.vm.vendor" value="Microsoft"/>
    <property name="sun.arch.data.model" value="64"/>
    <property name="user.variant" value=""/>
    <property name="java.vendor.url" value="https://www.microsoft.com"/>
    <property name="user.timezone" value="Europe/Belgrade"/>
    <property name="rp.launch.id" value="4f3136e9-a2a1-4145-979e-f15c41a64f68"/>
    <property name="java.vm.specification.version" value="11"/>
    <property name="os.name" value="Windows 10"/>
    <property name="sun.java.launcher" value="SUN_STANDARD"/>
    <property name="user.country" value="GB"/>
    <property name="sun.boot.library.path" value="C:\Program Files\Java\jdk-11.0.19\bin"/>
    <property name="sun.java.command" value="C:\Users\Suwarna_Wagh\AppData\Local\Temp\surefire4454866412434310905\surefirebooter-20230622172047136_3.jar C:\Users\Suwarna_Wagh\AppData\Local\Temp\surefire4454866412434310905 2023-06-22T17-20-46_945-jvmRun1 surefire-20230622172047136_1tmp surefire_0-20230622172047136_2tmp"/>
    <property name="jdk.debug" value="release"/>
    <property name="surefire.test.class.path" value="C:\AdvancedTraining\AutomationFramework\target\test-classes;C:\AdvancedTraining\AutomationFramework\target\classes;C:\Users\Suwarna_Wagh\.m2\repository\org\mockito\mockito-core\4.1.0\mockito-core-4.1.0.jar;C:\Users\Suwarna_Wagh\.m2\repository\net\bytebuddy\byte-buddy\1.12.1\byte-buddy-1.12.1.jar;C:\Users\Suwarna_Wagh\.m2\repository\net\bytebuddy\byte-buddy-agent\1.12.1\byte-buddy-agent-1.12.1.jar;C:\Users\Suwarna_Wagh\.m2\repository\org\objenesis\objenesis\3.2\objenesis-3.2.jar;C:\Users\Suwarna_Wagh\.m2\repository\org\mockito\mockito-all\1.10.19\mockito-all-1.10.19.jar;C:\Users\Suwarna_Wagh\.m2\repository\junit\junit\4.12\junit-4.12.jar;C:\Users\Suwarna_Wagh\.m2\repository\org\hamcrest\hamcrest-core\1.3\hamcrest-core-1.3.jar;C:\Users\Suwarna_Wagh\.m2\repository\org\junit\jupiter\junit-jupiter-api\5.9.1\junit-jupiter-api-5.9.1.jar;C:\Users\Suwarna_Wagh\.m2\repository\org\opentest4j\opentest4j\1.2.0\opentest4j-1.2.0.jar;C:\Users\Suwarna_Wagh\.m2\repository\org\junit\platform\junit-platform-commons\1.9.1\junit-platform-commons-1.9.1.jar;C:\Users\Suwarna_Wagh\.m2\repository\org\apiguardian\apiguardian-api\1.1.2\apiguardian-api-1.1.2.jar;C:\Users\Suwarna_Wagh\.m2\repository\org\assertj\assertj-core\3.24.2\assertj-core-3.24.2.jar;C:\Users\Suwarna_Wagh\.m2\repository\log4j\log4j\1.2.17\log4j-1.2.17.jar;C:\Users\Suwarna_Wagh\.m2\repository\org\sonarsource\scanner\maven\sonar-maven-plugin\3.9.1.2184\sonar-maven-plugin-3.9.1.2184.jar;C:\Users\Suwarna_Wagh\.m2\repository\org\sonatype\plexus\plexus-sec-dispatcher\1.4\plexus-sec-dispatcher-1.4.jar;C:\Users\Suwarna_Wagh\.m2\repository\org\sonatype\plexus\plexus-cipher\1.4\plexus-cipher-1.4.jar;C:\Users\Suwarna_Wagh\.m2\repository\org\codehaus\plexus\plexus-utils\3.2.1\plexus-utils-3.2.1.jar;C:\Users\Suwarna_Wagh\.m2\repository\org\sonarsource\scanner\api\sonar-scanner-api\2.16.2.588\sonar-scanner-api-2.16.2.588.jar;C:\Users\Suwarna_Wagh\.m2\repository\commons-lang\commons-lang\2.6\commons-lang-2.6.jar;C:\Users\Suwarna_Wagh\.m2\repository\com\epam\reportportal\agent-java-testng\5.1.3\agent-java-testng-5.1.3.jar;C:\Users\Suwarna_Wagh\.m2\repository\com\epam\reportportal\client-java\5.1.11\client-java-5.1.11.jar;C:\Users\Suwarna_Wagh\.m2\repository\io\reactivex\rxjava2\rxjava\2.2.10\rxjava-2.2.10.jar;C:\Users\Suwarna_Wagh\.m2\repository\org\reactivestreams\reactive-streams\1.0.2\reactive-streams-1.0.2.jar;C:\Users\Suwarna_Wagh\.m2\repository\com\squareup\retrofit2\retrofit\2.9.0\retrofit-2.9.0.jar;C:\Users\Suwarna_Wagh\.m2\repository\com\squareup\okhttp3\okhttp\3.14.9\okhttp-3.14.9.jar;C:\Users\Suwarna_Wagh\.m2\repository\com\squareup\okio\okio\1.17.2\okio-1.17.2.jar;C:\Users\Suwarna_Wagh\.m2\repository\org\aspectj\aspectjrt\1.9.2\aspectjrt-1.9.2.jar;C:\Users\Suwarna_Wagh\.m2\repository\com\squareup\retrofit2\converter-scalars\2.9.0\converter-scalars-2.9.0.jar;C:\Users\Suwarna_Wagh\.m2\repository\com\squareup\retrofit2\converter-jackson\2.9.0\converter-jackson-2.9.0.jar;C:\Users\Suwarna_Wagh\.m2\repository\com\squareup\retrofit2\adapter-rxjava2\2.9.0\adapter-rxjava2-2.9.0.jar;C:\Users\Suwarna_Wagh\.m2\repository\com\squareup\okhttp3\logging-interceptor\3.14.9\logging-interceptor-3.14.9.jar;C:\Users\Suwarna_Wagh\.m2\repository\org\aspectj\aspectjweaver\1.9.2\aspectjweaver-1.9.2.jar;C:\Users\Suwarna_Wagh\.m2\repository\com\google\code\findbugs\jsr305\3.0.2\jsr305-3.0.2.jar;C:\Users\Suwarna_Wagh\.m2\repository\com\epam\reportportal\commons-model\5.0.0\commons-model-5.0.0.jar;C:\Users\Suwarna_Wagh\.m2\repository\io\swagger\swagger-annotations\1.5.24\swagger-annotations-1.5.24.jar;C:\Users\Suwarna_Wagh\.m2\repository\javax\validation\validation-api\2.0.1.Final\validation-api-2.0.1.Final.jar;C:\Users\Suwarna_Wagh\.m2\repository\org\slf4j\slf4j-api\1.7.36\slf4j-api-1.7.36.jar;C:\Users\Suwarna_Wagh\.m2\repository\com\epam\reportportal\logger-java-logback\5.1.3\logger-java-logback-5.1.3.jar;C:\Users\Suwarna_Wagh\.m2\repository\ch\qos\logback\logback-classic\1.2.11\logback-classic-1.2.11.jar;C:\Users\Suwarna_Wagh\.m2\repository\ch\qos\logback\logback-core\1.2.11\logback-core-1.2.11.jar;C:\Users\Suwarna_Wagh\.m2\repository\com\epam\reportportal\logger-java-log4j\5.1.5\logger-java-log4j-5.1.5.jar;C:\Users\Suwarna_Wagh\.m2\repository\org\apache\logging\log4j\log4j-core\2.17.2\log4j-core-2.17.2.jar;C:\Users\Suwarna_Wagh\.m2\repository\org\apache\logging\log4j\log4j-api\2.17.2\log4j-api-2.17.2.jar;C:\Users\Suwarna_Wagh\.m2\repository\io\github\bonigarcia\webdrivermanager\5.3.2\webdrivermanager-5.3.2.jar;C:\Users\Suwarna_Wagh\.m2\repository\com\google\code\gson\gson\2.10.1\gson-2.10.1.jar;C:\Users\Suwarna_Wagh\.m2\repository\com\github\docker-java\docker-java\3.2.14\docker-java-3.2.14.jar;C:\Users\Suwarna_Wagh\.m2\repository\com\github\docker-java\docker-java-core\3.2.14\docker-java-core-3.2.14.jar;C:\Users\Suwarna_Wagh\.m2\repository\com\github\docker-java\docker-java-api\3.2.14\docker-java-api-3.2.14.jar;C:\Users\Suwarna_Wagh\.m2\repository\org\apache\commons\commons-compress\1.21\commons-compress-1.21.jar;C:\Users\Suwarna_Wagh\.m2\repository\org\bouncycastle\bcpkix-jdk15on\1.64\bcpkix-jdk15on-1.64.jar;C:\Users\Suwarna_Wagh\.m2\repository\org\bouncycastle\bcprov-jdk15on\1.64\bcprov-jdk15on-1.64.jar;C:\Users\Suwarna_Wagh\.m2\repository\org\slf4j\jcl-over-slf4j\1.7.30\jcl-over-slf4j-1.7.30.jar;C:\Users\Suwarna_Wagh\.m2\repository\com\github\docker-java\docker-java-transport-httpclient5\3.2.14\docker-java-transport-httpclient5-3.2.14.jar;C:\Users\Suwarna_Wagh\.m2\repository\com\github\docker-java\docker-java-transport\3.2.14\docker-java-transport-3.2.14.jar;C:\Users\Suwarna_Wagh\.m2\repository\net\java\dev\jna\jna\5.12.1\jna-5.12.1.jar;C:\Users\Suwarna_Wagh\.m2\repository\org\brotli\dec\0.1.2\dec-0.1.2.jar;C:\Users\Suwarna_Wagh\.m2\repository\org\apache\commons\commons-lang3\3.12.0\commons-lang3-3.12.0.jar;C:\Users\Suwarna_Wagh\.m2\repository\org\apache\httpcomponents\client5\httpclient5\5.2.1\httpclient5-5.2.1.jar;C:\Users\Suwarna_Wagh\.m2\repository\org\apache\httpcomponents\core5\httpcore5\5.2\httpcore5-5.2.jar;C:\Users\Suwarna_Wagh\.m2\repository\org\apache\httpcomponents\core5\httpcore5-h2\5.2\httpcore5-h2-5.2.jar;C:\Users\Suwarna_Wagh\.m2\repository\org\seleniumhq\selenium\selenium-java\4.8.3\selenium-java-4.8.3.jar;C:\Users\Suwarna_Wagh\.m2\repository\org\seleniumhq\selenium\selenium-api\4.8.3\selenium-api-4.8.3.jar;C:\Users\Suwarna_Wagh\.m2\repository\org\seleniumhq\selenium\selenium-chrome-driver\4.8.3\selenium-chrome-driver-4.8.3.jar;C:\Users\Suwarna_Wagh\.m2\repository\com\google\auto\service\auto-service-annotations\1.0.1\auto-service-annotations-1.0.1.jar;C:\Users\Suwarna_Wagh\.m2\repository\com\google\auto\service\auto-service\1.0.1\auto-service-1.0.1.jar;C:\Users\Suwarna_Wagh\.m2\repository\com\google\auto\auto-common\1.2\auto-common-1.2.jar;C:\Users\Suwarna_Wagh\.m2\repository\org\seleniumhq\selenium\selenium-chromium-driver\4.8.3\selenium-chromium-driver-4.8.3.jar;C:\Users\Suwarna_Wagh\.m2\repository\org\seleniumhq\selenium\selenium-json\4.8.3\selenium-json-4.8.3.jar;C:\Users\Suwarna_Wagh\.m2\repository\org\seleniumhq\selenium\selenium-manager\4.8.3\selenium-manager-4.8.3.jar;C:\Users\Suwarna_Wagh\.m2\repository\org\seleniumhq\selenium\selenium-devtools-v109\4.8.3\selenium-devtools-v109-4.8.3.jar;C:\Users\Suwarna_Wagh\.m2\repository\org\seleniumhq\selenium\selenium-devtools-v110\4.8.3\selenium-devtools-v110-4.8.3.jar;C:\Users\Suwarna_Wagh\.m2\repository\org\seleniumhq\selenium\selenium-devtools-v111\4.8.3\selenium-devtools-v111-4.8.3.jar;C:\Users\Suwarna_Wagh\.m2\repository\org\seleniumhq\selenium\selenium-devtools-v85\4.8.3\selenium-devtools-v85-4.8.3.jar;C:\Users\Suwarna_Wagh\.m2\repository\org\seleniumhq\selenium\selenium-edge-driver\4.8.3\selenium-edge-driver-4.8.3.jar;C:\Users\Suwarna_Wagh\.m2\repository\org\seleniumhq\selenium\selenium-firefox-driver\4.8.3\selenium-firefox-driver-4.8.3.jar;C:\Users\Suwarna_Wagh\.m2\repository\org\seleniumhq\selenium\selenium-http\4.8.3\selenium-http-4.8.3.jar;C:\Users\Suwarna_Wagh\.m2\repository\dev\failsafe\failsafe\3.3.1\failsafe-3.3.1.jar;C:\Users\Suwarna_Wagh\.m2\repository\org\seleniumhq\selenium\selenium-ie-driver\4.8.3\selenium-ie-driver-4.8.3.jar;C:\Users\Suwarna_Wagh\.m2\repository\org\seleniumhq\selenium\selenium-remote-driver\4.8.3\selenium-remote-driver-4.8.3.jar;C:\Users\Suwarna_Wagh\.m2\repository\io\netty\netty-buffer\4.1.90.Final\netty-buffer-4.1.90.Final.jar;C:\Users\Suwarna_Wagh\.m2\repository\io\netty\netty-codec-http\4.1.90.Final\netty-codec-http-4.1.90.Final.jar;C:\Users\Suwarna_Wagh\.m2\repository\io\netty\netty-codec\4.1.90.Final\netty-codec-4.1.90.Final.jar;C:\Users\Suwarna_Wagh\.m2\repository\io\netty\netty-handler\4.1.90.Final\netty-handler-4.1.90.Final.jar;C:\Users\Suwarna_Wagh\.m2\repository\io\netty\netty-common\4.1.90.Final\netty-common-4.1.90.Final.jar;C:\Users\Suwarna_Wagh\.m2\repository\io\netty\netty-transport-classes-epoll\4.1.90.Final\netty-transport-classes-epoll-4.1.90.Final.jar;C:\Users\Suwarna_Wagh\.m2\repository\io\netty\netty-transport-classes-kqueue\4.1.90.Final\netty-transport-classes-kqueue-4.1.90.Final.jar;C:\Users\Suwarna_Wagh\.m2\repository\io\netty\netty-transport-native-epoll\4.1.90.Final\netty-transport-native-epoll-4.1.90.Final.jar;C:\Users\Suwarna_Wagh\.m2\repository\io\netty\netty-transport-native-kqueue\4.1.90.Final\netty-transport-native-kqueue-4.1.90.Final.jar;C:\Users\Suwarna_Wagh\.m2\repository\io\netty\netty-transport-native-unix-common\4.1.90.Final\netty-transport-native-unix-common-4.1.90.Final.jar;C:\Users\Suwarna_Wagh\.m2\repository\io\netty\netty-transport\4.1.90.Final\netty-transport-4.1.90.Final.jar;C:\Users\Suwarna_Wagh\.m2\repository\io\netty\netty-resolver\4.1.90.Final\netty-resolver-4.1.90.Final.jar;C:\Users\Suwarna_Wagh\.m2\repository\io\opentelemetry\opentelemetry-api\1.24.0\opentelemetry-api-1.24.0.jar;C:\Users\Suwarna_Wagh\.m2\repository\io\opentelemetry\opentelemetry-context\1.24.0\opentelemetry-context-1.24.0.jar;C:\Users\Suwarna_Wagh\.m2\repository\io\opentelemetry\opentelemetry-exporter-logging\1.24.0\opentelemetry-exporter-logging-1.24.0.jar;C:\Users\Suwarna_Wagh\.m2\repository\io\opentelemetry\opentelemetry-sdk-metrics\1.24.0\opentelemetry-sdk-metrics-1.24.0.jar;C:\Users\Suwarna_Wagh\.m2\repository\io\opentelemetry\opentelemetry-sdk-logs\1.24.0-alpha\opentelemetry-sdk-logs-1.24.0-alpha.jar;C:\Users\Suwarna_Wagh\.m2\repository\io\opentelemetry\opentelemetry-api-logs\1.24.0-alpha\opentelemetry-api-logs-1.24.0-alpha.jar;C:\Users\Suwarna_Wagh\.m2\repository\io\opentelemetry\opentelemetry-api-events\1.24.0-alpha\opentelemetry-api-events-1.24.0-alpha.jar;C:\Users\Suwarna_Wagh\.m2\repository\io\opentelemetry\opentelemetry-sdk-common\1.24.0\opentelemetry-sdk-common-1.24.0.jar;C:\Users\Suwarna_Wagh\.m2\repository\io\opentelemetry\opentelemetry-sdk-extension-autoconfigure-spi\1.24.0\opentelemetry-sdk-extension-autoconfigure-spi-1.24.0.jar;C:\Users\Suwarna_Wagh\.m2\repository\io\opentelemetry\opentelemetry-sdk-extension-autoconfigure\1.24.0-alpha\opentelemetry-sdk-extension-autoconfigure-1.24.0-alpha.jar;C:\Users\Suwarna_Wagh\.m2\repository\io\opentelemetry\opentelemetry-sdk-trace\1.24.0\opentelemetry-sdk-trace-1.24.0.jar;C:\Users\Suwarna_Wagh\.m2\repository\io\opentelemetry\opentelemetry-sdk\1.24.0\opentelemetry-sdk-1.24.0.jar;C:\Users\Suwarna_Wagh\.m2\repository\io\opentelemetry\opentelemetry-semconv\1.24.0-alpha\opentelemetry-semconv-1.24.0-alpha.jar;C:\Users\Suwarna_Wagh\.m2\repository\io\ous\jtoml\2.0.0\jtoml-2.0.0.jar;C:\Users\Suwarna_Wagh\.m2\repository\org\apache\commons\commons-exec\1.3\commons-exec-1.3.jar;C:\Users\Suwarna_Wagh\.m2\repository\org\asynchttpclient\async-http-client\2.12.3\async-http-client-2.12.3.jar;C:\Users\Suwarna_Wagh\.m2\repository\org\asynchttpclient\async-http-client-netty-utils\2.12.3\async-http-client-netty-utils-2.12.3.jar;C:\Users\Suwarna_Wagh\.m2\repository\io\netty\netty-codec-socks\4.1.60.Final\netty-codec-socks-4.1.60.Final.jar;C:\Users\Suwarna_Wagh\.m2\repository\io\netty\netty-handler-proxy\4.1.60.Final\netty-handler-proxy-4.1.60.Final.jar;C:\Users\Suwarna_Wagh\.m2\repository\io\netty\netty-transport-native-epoll\4.1.60.Final\netty-transport-native-epoll-4.1.60.Final-linux-x86_64.jar;C:\Users\Suwarna_Wagh\.m2\repository\io\netty\netty-transport-native-kqueue\4.1.60.Final\netty-transport-native-kqueue-4.1.60.Final-osx-x86_64.jar;C:\Users\Suwarna_Wagh\.m2\repository\com\typesafe\netty\netty-reactive-streams\2.0.4\netty-reactive-streams-2.0.4.jar;C:\Users\Suwarna_Wagh\.m2\repository\com\sun\activation\jakarta.activation\1.2.2\jakarta.activation-1.2.2.jar;C:\Users\Suwarna_Wagh\.m2\repository\org\seleniumhq\selenium\selenium-safari-driver\4.8.3\selenium-safari-driver-4.8.3.jar;C:\Users\Suwarna_Wagh\.m2\repository\org\seleniumhq\selenium\selenium-support\4.8.3\selenium-support-4.8.3.jar;C:\Users\Suwarna_Wagh\.m2\repository\com\google\guava\guava\31.0.1-jre\guava-31.0.1-jre.jar;C:\Users\Suwarna_Wagh\.m2\repository\com\google\guava\failureaccess\1.0.1\failureaccess-1.0.1.jar;C:\Users\Suwarna_Wagh\.m2\repository\com\google\guava\listenablefuture\9999.0-empty-to-avoid-conflict-with-guava\listenablefuture-9999.0-empty-to-avoid-conflict-with-guava.jar;C:\Users\Suwarna_Wagh\.m2\repository\org\checkerframework\checker-qual\3.12.0\checker-qual-3.12.0.jar;C:\Users\Suwarna_Wagh\.m2\repository\com\google\errorprone\error_prone_annotations\2.7.1\error_prone_annotations-2.7.1.jar;C:\Users\Suwarna_Wagh\.m2\repository\com\google\j2objc\j2objc-annotations\1.3\j2objc-annotations-1.3.jar;C:\Users\Suwarna_Wagh\.m2\repository\io\rest-assured\rest-assured\5.3.0\rest-assured-5.3.0.jar;C:\Users\Suwarna_Wagh\.m2\repository\org\apache\groovy\groovy\4.0.6\groovy-4.0.6.jar;C:\Users\Suwarna_Wagh\.m2\repository\org\apache\groovy\groovy-xml\4.0.6\groovy-xml-4.0.6.jar;C:\Users\Suwarna_Wagh\.m2\repository\org\apache\httpcomponents\httpclient\4.5.13\httpclient-4.5.13.jar;C:\Users\Suwarna_Wagh\.m2\repository\org\apache\httpcomponents\httpcore\4.4.13\httpcore-4.4.13.jar;C:\Users\Suwarna_Wagh\.m2\repository\commons-logging\commons-logging\1.2\commons-logging-1.2.jar;C:\Users\Suwarna_Wagh\.m2\repository\commons-codec\commons-codec\1.11\commons-codec-1.11.jar;C:\Users\Suwarna_Wagh\.m2\repository\org\apache\httpcomponents\httpmime\4.5.13\httpmime-4.5.13.jar;C:\Users\Suwarna_Wagh\.m2\repository\org\hamcrest\hamcrest\2.1\hamcrest-2.1.jar;C:\Users\Suwarna_Wagh\.m2\repository\org\ccil\cowan\tagsoup\tagsoup\1.2.1\tagsoup-1.2.1.jar;C:\Users\Suwarna_Wagh\.m2\repository\io\rest-assured\xml-path\5.3.0\xml-path-5.3.0.jar;C:\Users\Suwarna_Wagh\.m2\repository\io\rest-assured\json-path\5.3.0\json-path-5.3.0.jar;C:\Users\Suwarna_Wagh\.m2\repository\org\apache\groovy\groovy-json\4.0.6\groovy-json-4.0.6.jar;C:\Users\Suwarna_Wagh\.m2\repository\io\rest-assured\rest-assured-common\5.3.0\rest-assured-common-5.3.0.jar;C:\Users\Suwarna_Wagh\.m2\repository\io\rest-assured\json-schema-validator\5.3.0\json-schema-validator-5.3.0.jar;C:\Users\Suwarna_Wagh\.m2\repository\com\github\java-json-tools\json-schema-validator\2.2.14\json-schema-validator-2.2.14.jar;C:\Users\Suwarna_Wagh\.m2\repository\com\github\java-json-tools\jackson-coreutils-equivalence\1.0\jackson-coreutils-equivalence-1.0.jar;C:\Users\Suwarna_Wagh\.m2\repository\com\github\java-json-tools\jackson-coreutils\2.0\jackson-coreutils-2.0.jar;C:\Users\Suwarna_Wagh\.m2\repository\com\github\java-json-tools\msg-simple\1.2\msg-simple-1.2.jar;C:\Users\Suwarna_Wagh\.m2\repository\com\github\java-json-tools\btf\1.3\btf-1.3.jar;C:\Users\Suwarna_Wagh\.m2\repository\com\github\java-json-tools\json-schema-core\1.2.14\json-schema-core-1.2.14.jar;C:\Users\Suwarna_Wagh\.m2\repository\com\github\java-json-tools\uri-template\0.10\uri-template-0.10.jar;C:\Users\Suwarna_Wagh\.m2\repository\org\mozilla\rhino\1.7.7.2\rhino-1.7.7.2.jar;C:\Users\Suwarna_Wagh\.m2\repository\com\sun\mail\mailapi\1.6.2\mailapi-1.6.2.jar;C:\Users\Suwarna_Wagh\.m2\repository\com\googlecode\libphonenumber\libphonenumber\8.11.1\libphonenumber-8.11.1.jar;C:\Users\Suwarna_Wagh\.m2\repository\net\sf\jopt-simple\jopt-simple\5.0.4\jopt-simple-5.0.4.jar;C:\Users\Suwarna_Wagh\.m2\repository\com\aventstack\extentreports\3.0.0\extentreports-3.0.0.jar;C:\Users\Suwarna_Wagh\.m2\repository\org\freemarker\freemarker\2.3.23\freemarker-2.3.23.jar;C:\Users\Suwarna_Wagh\.m2\repository\org\mongodb\mongodb-driver\3.3.0\mongodb-driver-3.3.0.jar;C:\Users\Suwarna_Wagh\.m2\repository\org\mongodb\bson\3.3.0\bson-3.3.0.jar;C:\Users\Suwarna_Wagh\.m2\repository\org\mongodb\mongodb-driver-core\3.3.0\mongodb-driver-core-3.3.0.jar;C:\Users\Suwarna_Wagh\.m2\repository\global\AdvancedTraining\1.0-SNAPSHOT\AdvancedTraining-1.0-SNAPSHOT.jar;C:\Users\Suwarna_Wagh\.m2\repository\org\projectlombok\lombok\1.18.26\lombok-1.18.26.jar;C:\Users\Suwarna_Wagh\.m2\repository\org\modelmapper\modelmapper\3.1.1\modelmapper-3.1.1.jar;C:\Users\Suwarna_Wagh\.m2\repository\com\mashape\unirest\unirest-java\1.4.9\unirest-java-1.4.9.jar;C:\Users\Suwarna_Wagh\.m2\repository\org\apache\httpcomponents\httpasyncclient\4.1.1\httpasyncclient-4.1.1.jar;C:\Users\Suwarna_Wagh\.m2\repository\org\apache\httpcomponents\httpcore-nio\4.4.4\httpcore-nio-4.4.4.jar;C:\Users\Suwarna_Wagh\.m2\repository\org\json\json\20160212\json-20160212.jar;C:\Users\Suwarna_Wagh\.m2\repository\org\junit\jupiter\junit-jupiter-engine\5.9.1\junit-jupiter-engine-5.9.1.jar;C:\Users\Suwarna_Wagh\.m2\repository\org\junit\platform\junit-platform-engine\1.9.1\junit-platform-engine-1.9.1.jar;C:\Users\Suwarna_Wagh\.m2\repository\org\junit\vintage\junit-vintage-engine\5.9.1\junit-vintage-engine-5.9.1.jar;C:\Users\Suwarna_Wagh\.m2\repository\org\testng\testng\7.7.1\testng-7.7.1.jar;C:\Users\Suwarna_Wagh\.m2\repository\com\beust\jcommander\1.82\jcommander-1.82.jar;C:\Users\Suwarna_Wagh\.m2\repository\org\webjars\jquery\3.6.1\jquery-3.6.1.jar;C:\Users\Suwarna_Wagh\.m2\repository\io\cucumber\cucumber-java\7.11.1\cucumber-java-7.11.1.jar;C:\Users\Suwarna_Wagh\.m2\repository\io\cucumber\cucumber-junit\7.11.1\cucumber-junit-7.11.1.jar;C:\Users\Suwarna_Wagh\.m2\repository\io\cucumber\cucumber-core\7.11.1\cucumber-core-7.11.1.jar;C:\Users\Suwarna_Wagh\.m2\repository\io\cucumber\cucumber-gherkin-messages\7.11.1\cucumber-gherkin-messages-7.11.1.jar;C:\Users\Suwarna_Wagh\.m2\repository\io\cucumber\gherkin\26.0.3\gherkin-26.0.3.jar;C:\Users\Suwarna_Wagh\.m2\repository\io\cucumber\messages\21.0.1\messages-21.0.1.jar;C:\Users\Suwarna_Wagh\.m2\repository\io\cucumber\tag-expressions\5.0.1\tag-expressions-5.0.1.jar;C:\Users\Suwarna_Wagh\.m2\repository\io\cucumber\cucumber-expressions\16.1.2\cucumber-expressions-16.1.2.jar;C:\Users\Suwarna_Wagh\.m2\repository\io\cucumber\datatable\7.11.1\datatable-7.11.1.jar;C:\Users\Suwarna_Wagh\.m2\repository\io\cucumber\docstring\7.11.1\docstring-7.11.1.jar;C:\Users\Suwarna_Wagh\.m2\repository\io\cucumber\html-formatter\20.2.1\html-formatter-20.2.1.jar;C:\Users\Suwarna_Wagh\.m2\repository\io\cucumber\junit-xml-formatter\0.1.0\junit-xml-formatter-0.1.0.jar;C:\Users\Suwarna_Wagh\.m2\repository\io\cucumber\ci-environment\9.1.0\ci-environment-9.1.0.jar;C:\Users\Suwarna_Wagh\.m2\repository\io\cucumber\cucumber-gherkin\7.11.1\cucumber-gherkin-7.11.1.jar;C:\Users\Suwarna_Wagh\.m2\repository\io\cucumber\cucumber-java8\7.11.1\cucumber-java8-7.11.1.jar;C:\Users\Suwarna_Wagh\.m2\repository\net\jodah\typetools\0.6.3\typetools-0.6.3.jar;C:\Users\Suwarna_Wagh\.m2\repository\io\cucumber\cucumber-jvm-deps\1.0.6\cucumber-jvm-deps-1.0.6.jar;C:\Users\Suwarna_Wagh\.m2\repository\io\cucumber\cucumber-plugin\7.11.1\cucumber-plugin-7.11.1.jar;C:\Users\Suwarna_Wagh\.m2\repository\net\masterthought\cucumber-reporting\5.7.5\cucumber-reporting-5.7.5.jar;C:\Users\Suwarna_Wagh\.m2\repository\com\fasterxml\jackson\core\jackson-databind\2.13.2.2\jackson-databind-2.13.2.2.jar;C:\Users\Suwarna_Wagh\.m2\repository\com\fasterxml\jackson\core\jackson-annotations\2.13.2\jackson-annotations-2.13.2.jar;C:\Users\Suwarna_Wagh\.m2\repository\com\fasterxml\jackson\core\jackson-core\2.13.2\jackson-core-2.13.2.jar;C:\Users\Suwarna_Wagh\.m2\repository\com\fasterxml\jackson\datatype\jackson-datatype-jsr310\2.13.2\jackson-datatype-jsr310-2.13.2.jar;C:\Users\Suwarna_Wagh\.m2\repository\org\apache\velocity\velocity-engine-core\2.3\velocity-engine-core-2.3.jar;C:\Users\Suwarna_Wagh\.m2\repository\org\apache\commons\commons-collections4\4.4\commons-collections4-4.4.jar;C:\Users\Suwarna_Wagh\.m2\repository\joda-time\joda-time\2.12.2\joda-time-2.12.2.jar;C:\Users\Suwarna_Wagh\.m2\repository\commons-io\commons-io\2.7\commons-io-2.7.jar;C:\Users\Suwarna_Wagh\.m2\repository\org\jsoup\jsoup\1.15.4\jsoup-1.15.4.jar;C:\Users\Suwarna_Wagh\.m2\repository\com\googlecode\owasp-java-html-sanitizer\owasp-java-html-sanitizer\20220608.1\owasp-java-html-sanitizer-20220608.1.jar;C:\Users\Suwarna_Wagh\.m2\repository\commons-configuration\commons-configuration\1.10\commons-configuration-1.10.jar;C:\Users\Suwarna_Wagh\.m2\repository\io\cucumber\datatable-matchers\7.11.1\datatable-matchers-7.11.1.jar;"/>
    <property name="sun.cpu.endian" value="little"/>
    <property name="user.home" value="C:\Users\Suwarna_Wagh"/>
    <property name="user.language" value="en"/>
    <property name="java.specification.vendor" value="Oracle Corporation"/>
    <property name="java.version.date" value="2023-04-18"/>
    <property name="java.home" value="C:\Program Files\Java\jdk-11.0.19"/>
    <property name="file.separator" value="\"/>
    <property name="basedir" value="C:\AdvancedTraining\AutomationFramework"/>
    <property name="java.vm.compressedOopsMode" value="Zero based"/>
    <property name="line.separator" value="&#10;"/>
    <property name="java.specification.name" value="Java Platform API Specification"/>
    <property name="java.vm.specification.vendor" value="Oracle Corporation"/>
    <property name="java.awt.graphicsenv" value="sun.awt.Win32GraphicsEnvironment"/>
    <property name="surefire.real.class.path" value="C:\Users\Suwarna_Wagh\AppData\Local\Temp\surefire4454866412434310905\surefirebooter-20230622172047136_3.jar"/>
    <property name="user.script" value=""/>
    <property name="sun.management.compiler" value="HotSpot 64-Bit Tiered Compilers"/>
    <property name="java.runtime.version" value="11.0.19+7-LTS"/>
    <property name="user.name" value="Suwarna_Wagh"/>
    <property name="path.separator" value=";"/>
    <property name="os.version" value="10.0"/>
    <property name="java.runtime.name" value="OpenJDK Runtime Environment"/>
    <property name="file.encoding" value="Cp1252"/>
    <property name="java.vm.name" value="OpenJDK 64-Bit Server VM"/>
    <property name="java.vendor.version" value="Microsoft-7621296"/>
    <property name="localRepository" value="C:\Users\Suwarna_Wagh\.m2\repository"/>
    <property name="java.vendor.url.bug" value="https://github.com/microsoft/openjdk/issues"/>
    <property name="java.io.tmpdir" value="C:\Users\SUWARN~1\AppData\Local\Temp\"/>
    <property name="java.version" value="11.0.19"/>
    <property name="user.dir" value="C:\AdvancedTraining\AutomationFramework"/>
    <property name="os.arch" value="amd64"/>
    <property name="java.vm.specification.name" value="Java Virtual Machine Specification"/>
    <property name="java.awt.printerjob" value="sun.awt.windows.WPrinterJob"/>
    <property name="sun.os.patch.level" value=""/>
    <property name="java.library.path" value="C:\Program Files\Java\jdk-11.0.19\bin;C:\windows\Sun\Java\bin;C:\windows\system32;C:\windows;C:\Python311\Scripts\;C:\Python311\;C:\Program Files (x86)\Microsoft SDKs\Azure\CLI2\wbin;C:\Program Files\Common Files\Oracle\Java\javapath;C:\Program Files (x86)\Common Files\Oracle\Java\javapath;C:\windows\system32;C:\windows;C:\windows\System32\Wbem;C:\windows\System32\WindowsPowerShell\v1.0\;C:\windows\System32\OpenSSH\;C:\Program Files\Java\jdk-11.0.19\bin;C:\Program Files\Git\cmd;C:\MyApp\Gradle\gradle-7.4.2\bin;C:\MyApp\Kube;C:\Program Files\Docker\Docker\resources\bin;C:\Program Files\Git\bin;C:\Program Files\nodejs\;C:\ProgramData\chocolatey\bin;C:\Users\Suwarna_Wagh\AppData\Local\Microsoft\WindowsApps;C:\Program Files\JetBrains\IntelliJ IDEA Community Edition 2022.1.2\bin;;C:\Maven\apache-maven-3.9.1\bin;C:\Program Files\Git\bin;C:\Program Files (x86)\BrowserStackLocal\;C:\Users\Suwarna_Wagh\AppData\Local\Programs\Microsoft VS Code\bin;C:\Users\Suwarna_Wagh\AppData\Roaming\npm;C:\Program Files\JetBrains\PyCharm Community Edition 2023.1.2\bin;;."/>
    <property name="java.vm.info" value="mixed mode"/>
    <property name="java.vendor" value="Microsoft"/>
    <property name="java.vm.version" value="11.0.19+7-LTS"/>
    <property name="sun.io.unicode.encoding" value="UnicodeLittle"/>
    <property name="java.class.version" value="55.0"/>
  </properties>
  <testcase name="a_getAllSharedDashboardTest_GET" classname="alltests.apitest.DashboardControllerTest" time="4.069">
    <system-out><![CDATA[17:20:48.028 [main] DEBUG org.testng.TestNG - suiteXmlPath: "C:\AdvancedTraining\AutomationFramework\src\test\resources\testng.xml"
17:20:49.453 [main] INFO com.epam.reportportal.service.Launch - Rerun: false
17:20:49.748 [rp-io-1] DEBUG com.epam.reportportal.service.Launch - ReportPortal launch with ID '4f3136e9-a2a1-4145-979e-f15c41a64f68' has been created
17:20:49.749 [rp-io-1] DEBUG com.epam.reportportal.utils.SubscriptionUtils - Launch start successfully completed
17:20:50.124 [rp-io-4] DEBUG com.epam.reportportal.service.Launch - ReportPortal item with ID 'cfff10d9-fa0e-49f6-a03c-db05567d2b08' has been created
17:20:50.124 [rp-io-4] DEBUG com.epam.reportportal.utils.SubscriptionUtils - Start test item successfully completed
17:20:50.125 [rp-io-4] DEBUG com.epam.reportportal.service.Launch - Starting test item...rp-io-4
2023-06-22 17:20:50 INFO  Listeners:52 - Started Dashboard API Controller Tests
17:20:50.228 [rp-io-8] DEBUG com.epam.reportportal.service.Launch - ReportPortal item with ID '18ee2640-ab56-4ec4-91b7-fc6da64a7d5b' has been created
17:20:50.228 [rp-io-8] DEBUG com.epam.reportportal.utils.SubscriptionUtils - Start test item successfully completed
2023-06-22 17:20:50 INFO  Listeners:28 - Started Test null
2023-06-22 17:20:50 INFO  DashboardControllerTest:25 - a_getAllSharedDashboardTest_GET
17:20:50.310 [rp-io-9] DEBUG com.epam.reportportal.service.Launch - Starting test item...rp-io-9
17:20:50.439 [rp-io-11] DEBUG com.epam.reportportal.service.Launch - ReportPortal item with ID '5b70f6f0-3309-42f1-84a8-479e8004924f' has been created
17:20:50.440 [rp-io-11] DEBUG com.epam.reportportal.utils.SubscriptionUtils - Start test item successfully completed
Request method:	GET
Request URI:	http://192.168.1.11:8080/api/v1/AUTOMATIONTESTINGADVANCEDPROGRAM/dashboard/shared
Proxy:			<none>
Request params:	<none>
Query params:	<none>
Form params:	<none>
Path params:	<none>
Headers:		Authorization=Bearer 8bb82a7d-a573-419e-9cce-c2419f308802
				Accept=*/*
				Content-Type=application/json
Cookies:		<none>
Multiparts:		<none>
Body:			<none>
17:20:53.918 [main] DEBUG org.apache.http.impl.conn.BasicClientConnectionManager - Get connection for route {}->http://192.168.1.11:8080
17:20:53.942 [main] DEBUG org.apache.http.impl.conn.DefaultClientConnectionOperator - Connecting to 192.168.1.11:8080
17:20:53.995 [main] DEBUG org.apache.http.client.protocol.RequestAddCookies - CookieSpec selected: ignoreCookies
17:20:53.998 [main] DEBUG org.apache.http.client.protocol.RequestAuthCache - Auth cache not set in the context
17:20:53.998 [main] DEBUG org.apache.http.client.protocol.RequestProxyAuthentication - Proxy auth state: UNCHALLENGED
17:20:54.000 [main] DEBUG org.apache.http.impl.client.DefaultHttpClient - Attempt 1 to execute request
17:20:54.000 [main] DEBUG org.apache.http.impl.conn.DefaultClientConnection - Sending request: GET /api/v1/AUTOMATIONTESTINGADVANCEDPROGRAM/dashboard/shared HTTP/1.1
17:20:54.001 [main] DEBUG org.apache.http.wire -  >> "GET /api/v1/AUTOMATIONTESTINGADVANCEDPROGRAM/dashboard/shared HTTP/1.1[\r][\n]"
17:20:54.003 [main] DEBUG org.apache.http.wire -  >> "Content-Type: application/json[\r][\n]"
17:20:54.004 [main] DEBUG org.apache.http.wire -  >> "Authorization: Bearer 8bb82a7d-a573-419e-9cce-c2419f308802[\r][\n]"
17:20:54.004 [main] DEBUG org.apache.http.wire -  >> "Accept: */*[\r][\n]"
17:20:54.004 [main] DEBUG org.apache.http.wire -  >> "Host: 192.168.1.11:8080[\r][\n]"
17:20:54.004 [main] DEBUG org.apache.http.wire -  >> "Connection: Keep-Alive[\r][\n]"
17:20:54.004 [main] DEBUG org.apache.http.wire -  >> "User-Agent: Apache-HttpClient/4.5.13 (Java/11.0.19)[\r][\n]"
17:20:54.005 [main] DEBUG org.apache.http.wire -  >> "Accept-Encoding: gzip,deflate[\r][\n]"
17:20:54.005 [main] DEBUG org.apache.http.wire -  >> "[\r][\n]"
17:20:54.005 [main] DEBUG org.apache.http.headers - >> GET /api/v1/AUTOMATIONTESTINGADVANCEDPROGRAM/dashboard/shared HTTP/1.1
17:20:54.005 [main] DEBUG org.apache.http.headers - >> Content-Type: application/json
17:20:54.005 [main] DEBUG org.apache.http.headers - >> Authorization: Bearer 8bb82a7d-a573-419e-9cce-c2419f308802
17:20:54.005 [main] DEBUG org.apache.http.headers - >> Accept: */*
17:20:54.005 [main] DEBUG org.apache.http.headers - >> Host: 192.168.1.11:8080
17:20:54.005 [main] DEBUG org.apache.http.headers - >> Connection: Keep-Alive
17:20:54.006 [main] DEBUG org.apache.http.headers - >> User-Agent: Apache-HttpClient/4.5.13 (Java/11.0.19)
17:20:54.006 [main] DEBUG org.apache.http.headers - >> Accept-Encoding: gzip,deflate
17:20:54.044 [main] DEBUG org.apache.http.wire -  << "HTTP/1.1 200 OK[\r][\n]"
17:20:54.047 [main] DEBUG org.apache.http.wire -  << "Cache-Control: no-cache, no-store, max-age=0, must-revalidate[\r][\n]"
17:20:54.048 [main] DEBUG org.apache.http.wire -  << "Content-Type: application/json[\r][\n]"
17:20:54.048 [main] DEBUG org.apache.http.wire -  << "Date: Thu, 22 Jun 2023 15:20:54 GMT[\r][\n]"
17:20:54.049 [main] DEBUG org.apache.http.wire -  << "Expires: 0[\r][\n]"
17:20:54.049 [main] DEBUG org.apache.http.wire -  << "Pragma: no-cache[\r][\n]"
17:20:54.049 [main] DEBUG org.apache.http.wire -  << "X-Content-Type-Options: nosniff[\r][\n]"
17:20:54.049 [main] DEBUG org.apache.http.wire -  << "X-Frame-Options: DENY[\r][\n]"
17:20:54.050 [main] DEBUG org.apache.http.wire -  << "X-Xss-Protection: 1; mode=block[\r][\n]"
17:20:54.050 [main] DEBUG org.apache.http.wire -  << "Content-Length: 165[\r][\n]"
17:20:54.050 [main] DEBUG org.apache.http.wire -  << "[\r][\n]"
17:20:54.053 [main] DEBUG org.apache.http.impl.conn.DefaultClientConnection - Receiving response: HTTP/1.1 200 OK
17:20:54.053 [main] DEBUG org.apache.http.headers - << HTTP/1.1 200 OK
17:20:54.053 [main] DEBUG org.apache.http.headers - << Cache-Control: no-cache, no-store, max-age=0, must-revalidate
17:20:54.053 [main] DEBUG org.apache.http.headers - << Content-Type: application/json
17:20:54.054 [main] DEBUG org.apache.http.headers - << Date: Thu, 22 Jun 2023 15:20:54 GMT
17:20:54.054 [main] DEBUG org.apache.http.headers - << Expires: 0
17:20:54.054 [main] DEBUG org.apache.http.headers - << Pragma: no-cache
17:20:54.054 [main] DEBUG org.apache.http.headers - << X-Content-Type-Options: nosniff
17:20:54.054 [main] DEBUG org.apache.http.headers - << X-Frame-Options: DENY
17:20:54.055 [main] DEBUG org.apache.http.headers - << X-Xss-Protection: 1; mode=block
17:20:54.055 [main] DEBUG org.apache.http.headers - << Content-Length: 165
17:20:54.066 [main] DEBUG org.apache.http.impl.client.DefaultHttpClient - Connection can be kept alive indefinitely
17:20:54.081 [main] DEBUG io.restassured.internal.RestAssuredHttpBuilder - Parsing response as: application/json
17:20:54.082 [main] DEBUG io.restassured.internal.RestAssuredHttpBuilder - Parsed data to instance of: class org.apache.http.conn.EofSensorInputStream
17:20:54.193 [main] DEBUG org.apache.http.wire -  << "{"content":[{"id":"67","name":"DEMO DASHBOARD","owner":"superadmin","description":"Testing purpose"}],"page":{"number":1,"size":20,"totalElements":1,"totalPages":1}}"
17:20:54.195 [main] DEBUG org.apache.http.impl.conn.BasicClientConnectionManager - Releasing connection org.apache.http.impl.conn.ManagedClientConnectionImpl@11ede87f
17:20:54.195 [main] DEBUG org.apache.http.impl.conn.BasicClientConnectionManager - Connection can be kept alive indefinitely
HTTP/1.1 200 OK
Cache-Control: no-cache, no-store, max-age=0, must-revalidate
Content-Type: application/json
Date: Thu, 22 Jun 2023 15:20:54 GMT
Expires: 0
Pragma: no-cache
X-Content-Type-Options: nosniff
X-Frame-Options: DENY
X-Xss-Protection: 1; mode=block
Content-Length: 165

{
    "content": [
        {
            "id": "67",
            "name": "DEMO DASHBOARD",
            "owner": "superadmin",
            "description": "Testing purpose"
        }
    ],
    "page": {
        "number": 1,
        "size": 20,
        "totalElements": 1,
        "totalPages": 1
    }
}
2023-06-22 17:20:54 INFO  Listeners:32 - Succeeded Test null
]]></system-out>
  </testcase>
  <testcase name="b_getAllDashboardListTest_GET" classname="alltests.apitest.DashboardControllerTest" time="0.461">
    <system-out><![CDATA[2023-06-22 17:20:54 INFO  Listeners:28 - Started Test null
2023-06-22 17:20:54 INFO  DashboardControllerTest:32 - b_getAllDashboardListTest_GET
17:20:54.384 [rp-io-14] DEBUG com.epam.reportportal.service.Launch - Starting test item...rp-io-14
Request method:	GET
Request URI:	http://192.168.1.11:8080/api/v1/AUTOMATIONTESTINGADVANCEDPROGRAM/dashboard
Proxy:			<none>
Request params:	<none>
Query params:	<none>
Form params:	<none>
Path params:	<none>
Headers:		Authorization=Bearer 8bb82a7d-a573-419e-9cce-c2419f308802
				Accept=*/*
				Content-Type=application/json
Cookies:		<none>
Multiparts:		<none>
Body:			<none>
17:20:54.444 [main] DEBUG org.apache.http.impl.conn.BasicClientConnectionManager - Get connection for route {}->http://192.168.1.11:8080
17:20:54.444 [main] DEBUG org.apache.http.impl.conn.DefaultClientConnectionOperator - Connecting to 192.168.1.11:8080
17:20:54.445 [main] DEBUG org.apache.http.client.protocol.RequestAddCookies - CookieSpec selected: ignoreCookies
17:20:54.446 [main] DEBUG org.apache.http.client.protocol.RequestAuthCache - Auth cache not set in the context
17:20:54.446 [main] DEBUG org.apache.http.client.protocol.RequestProxyAuthentication - Proxy auth state: UNCHALLENGED
17:20:54.446 [main] DEBUG org.apache.http.impl.client.DefaultHttpClient - Attempt 1 to execute request
17:20:54.446 [main] DEBUG org.apache.http.impl.conn.DefaultClientConnection - Sending request: GET /api/v1/AUTOMATIONTESTINGADVANCEDPROGRAM/dashboard HTTP/1.1
17:20:54.447 [main] DEBUG org.apache.http.wire -  >> "GET /api/v1/AUTOMATIONTESTINGADVANCEDPROGRAM/dashboard HTTP/1.1[\r][\n]"
17:20:54.447 [main] DEBUG org.apache.http.wire -  >> "Content-Type: application/json[\r][\n]"
17:20:54.447 [main] DEBUG org.apache.http.wire -  >> "Authorization: Bearer 8bb82a7d-a573-419e-9cce-c2419f308802[\r][\n]"
17:20:54.447 [main] DEBUG org.apache.http.wire -  >> "Accept: */*[\r][\n]"
17:20:54.447 [main] DEBUG org.apache.http.wire -  >> "Host: 192.168.1.11:8080[\r][\n]"
17:20:54.447 [main] DEBUG org.apache.http.wire -  >> "Connection: Keep-Alive[\r][\n]"
17:20:54.447 [main] DEBUG org.apache.http.wire -  >> "User-Agent: Apache-HttpClient/4.5.13 (Java/11.0.19)[\r][\n]"
17:20:54.448 [main] DEBUG org.apache.http.wire -  >> "Accept-Encoding: gzip,deflate[\r][\n]"
17:20:54.448 [main] DEBUG org.apache.http.wire -  >> "[\r][\n]"
17:20:54.448 [main] DEBUG org.apache.http.headers - >> GET /api/v1/AUTOMATIONTESTINGADVANCEDPROGRAM/dashboard HTTP/1.1
17:20:54.448 [main] DEBUG org.apache.http.headers - >> Content-Type: application/json
17:20:54.448 [main] DEBUG org.apache.http.headers - >> Authorization: Bearer 8bb82a7d-a573-419e-9cce-c2419f308802
17:20:54.448 [main] DEBUG org.apache.http.headers - >> Accept: */*
17:20:54.448 [main] DEBUG org.apache.http.headers - >> Host: 192.168.1.11:8080
17:20:54.448 [main] DEBUG org.apache.http.headers - >> Connection: Keep-Alive
17:20:54.448 [main] DEBUG org.apache.http.headers - >> User-Agent: Apache-HttpClient/4.5.13 (Java/11.0.19)
17:20:54.448 [main] DEBUG org.apache.http.headers - >> Accept-Encoding: gzip,deflate
17:20:54.525 [rp-io-16] DEBUG com.epam.reportportal.service.Launch - TestItem with ID = '5b70f6f0-3309-42f1-84a8-479e8004924f' successfully finished.
17:20:54.525 [rp-io-16] DEBUG com.epam.reportportal.utils.SubscriptionUtils - Finish test item completed
17:20:54.528 [rp-io-17] DEBUG com.epam.reportportal.service.Launch - ReportPortal item with ID '99a0c26d-5947-4353-8115-428579740c4c' has been created
17:20:54.528 [rp-io-17] DEBUG com.epam.reportportal.utils.SubscriptionUtils - Start test item successfully completed
17:20:54.557 [main] DEBUG org.apache.http.wire -  << "HTTP/1.1 200 OK[\r][\n]"
17:20:54.557 [main] DEBUG org.apache.http.wire -  << "Cache-Control: no-cache, no-store, max-age=0, must-revalidate[\r][\n]"
17:20:54.557 [main] DEBUG org.apache.http.wire -  << "Content-Type: application/json[\r][\n]"
17:20:54.557 [main] DEBUG org.apache.http.wire -  << "Date: Thu, 22 Jun 2023 15:20:54 GMT[\r][\n]"
17:20:54.557 [main] DEBUG org.apache.http.wire -  << "Expires: 0[\r][\n]"
17:20:54.557 [main] DEBUG org.apache.http.wire -  << "Pragma: no-cache[\r][\n]"
17:20:54.557 [main] DEBUG org.apache.http.wire -  << "X-Content-Type-Options: nosniff[\r][\n]"
17:20:54.557 [main] DEBUG org.apache.http.wire -  << "X-Frame-Options: DENY[\r][\n]"
17:20:54.557 [main] DEBUG org.apache.http.wire -  << "X-Xss-Protection: 1; mode=block[\r][\n]"
17:20:54.568 [main] DEBUG org.apache.http.wire -  << "Transfer-Encoding: chunked[\r][\n]"
17:20:54.569 [main] DEBUG org.apache.http.wire -  << "[\r][\n]"
17:20:54.569 [main] DEBUG org.apache.http.impl.conn.DefaultClientConnection - Receiving response: HTTP/1.1 200 OK
17:20:54.569 [main] DEBUG org.apache.http.headers - << HTTP/1.1 200 OK
17:20:54.569 [main] DEBUG org.apache.http.headers - << Cache-Control: no-cache, no-store, max-age=0, must-revalidate
17:20:54.569 [main] DEBUG org.apache.http.headers - << Content-Type: application/json
17:20:54.569 [main] DEBUG org.apache.http.headers - << Date: Thu, 22 Jun 2023 15:20:54 GMT
17:20:54.569 [main] DEBUG org.apache.http.headers - << Expires: 0
17:20:54.569 [main] DEBUG org.apache.http.headers - << Pragma: no-cache
17:20:54.569 [main] DEBUG org.apache.http.headers - << X-Content-Type-Options: nosniff
17:20:54.570 [main] DEBUG org.apache.http.headers - << X-Frame-Options: DENY
17:20:54.570 [main] DEBUG org.apache.http.headers - << X-Xss-Protection: 1; mode=block
17:20:54.570 [main] DEBUG org.apache.http.headers - << Transfer-Encoding: chunked
17:20:54.573 [main] DEBUG org.apache.http.impl.client.DefaultHttpClient - Connection can be kept alive indefinitely
17:20:54.574 [main] DEBUG io.restassured.internal.RestAssuredHttpBuilder - Parsing response as: application/json
17:20:54.574 [main] DEBUG io.restassured.internal.RestAssuredHttpBuilder - Parsed data to instance of: class org.apache.http.conn.EofSensorInputStream
17:20:54.576 [main] DEBUG org.apache.http.wire -  << "b7a[\r][\n]"
17:20:54.576 [main] DEBUG org.apache.http.wire -  << "{"content":[{"description":"Testing purpose","owner":"superadmin","share":true,"id":67,"name":"DEMO DASHBOARD","widgets":[{"widgetName":"LAUNCH STATISTICS AREA","widgetId":55,"widgetType":"statisticTrend","widgetSize":{"width":6,"height":4},"widgetPosition":{"positionX":0,"positionY":0},"share":true,"widgetOptions":{"zoom":false,"timeline":"launch","viewMode":"area-spline"}},{"widgetName":"LAUNCH STATISTICS BAR","widgetId":56,"widgetType":"statisticTrend","widgetSize":{"width":6,"height":5},"widgetPosition":{"positionX":6,"positionY":0},"share":true,"widgetOptions":{"zoom":false,"timeline":"launch","viewMode":"bar"}},{"widgetName":"INVESTIGATED PERCENTAGE OF LAUNCHES","widgetId":57,"widgetType":"investigatedTrend","widgetSize":{"width":7,"height":5},"widgetPosition":{"positionX":0,"positionY":5},"share":true,"widgetOptions":{"timeline":"launch"}},{"widgetName":"TEST CASES GROWTH TREND CHART","widgetId":58,"widgetType":"casesTrend","widgetSize":{"width":5,"height":5},"widgetPosition":{"positionX":7,"positionY":5},"share":true,"widgetOptions":{}},{"widgetName":"OVERALL STATISTICS PANEL","widgetId":59,"widgetType":"overallStatistics","widgetSize":{"width":5,"height":5},"widgetPosition":{"positionX":0,"positionY":10},"share":true,"widgetOptions":{"latest":false,"viewMode":"panel"}},{"widgetName":"LAUNCHES DURATION CHART","widgetId":60,"widgetType":"launchesDurationChart","widgetSize":{"width":7,"height":5},"widgetPosition":{"positionX":5,"positionY":10},"share":true,"widgetOptions":{"latest":false}},{"widgetName":"OVERALL STATISTICS DONUT","widgetId":61,"widgetType":"overallStatistics","widgetSize":{"width":6,"height":5},"widgetPosition":{"positionX":0,"positionY":15},"share":true,"widgetOptions":{"latest":false,"viewMode":"donut"}},{"widgetName":"FAILED CASES TREND CHART","widgetId":62,"widgetType":"bugTrend","widgetSize":{"width":6,"height":5},"widgetPosition":{"positionX":6,"positionY":15},"share":true,"widgetOptions":{}},{"widgetName":"LAUNCH TABLE","widgetId":63,"widgetType":"launchesTable","widgetSize":{"width":12,"height":4},"widgetPosition":{"positionX":0,"positionY":20},"share":true,"widgetOptions":{}},{"widgetName":"MOST FAILED TEST CASES","widgetId":64,"widgetType":"topTestCases","widgetSize":{"width":7,"height":5},"widgetPosition":{"positionX":0,"positionY":24},"share":true,"widgetOptions":{"includeMethods":false,"launchNameFilter":"Demo Api Tests"}},{"widgetName":"PASSING RATE SUMMARY","widgetId":65,"widgetType":"passingRateSummary","widgetSize":{"width":5,"height":5},"widgetPosition":{"positionX":7,"positionY":24},"share":true,"widgetOptions":{"viewMode":"pie"}},{"widgetName":"FLAKY TEST CASES","widgetId":66,"widgetType":"flakyTestCases","widgetSize":{"width":12,"height":4},"widgetPosition":{"positionX":0,"positionY":29},"share":true,"widgetOptions":{"includeMethods":false,"launchNameFilter":"Demo Api Tests"}}]}],"page":{"number":1,"size":20,"totalElements":1,"totalPages":1}}"
17:20:54.576 [main] DEBUG org.apache.http.wire -  << "[\r][\n]"
17:20:54.576 [main] DEBUG org.apache.http.wire -  << "0[\r][\n]"
17:20:54.577 [main] DEBUG org.apache.http.wire -  << "[\r][\n]"
17:20:54.577 [main] DEBUG org.apache.http.impl.conn.BasicClientConnectionManager - Releasing connection org.apache.http.impl.conn.ManagedClientConnectionImpl@3e28d779
17:20:54.577 [main] DEBUG org.apache.http.impl.conn.BasicClientConnectionManager - Connection can be kept alive indefinitely
HTTP/1.1 200 OK
Cache-Control: no-cache, no-store, max-age=0, must-revalidate
Content-Type: application/json
Date: Thu, 22 Jun 2023 15:20:54 GMT
Expires: 0
Pragma: no-cache
X-Content-Type-Options: nosniff
X-Frame-Options: DENY
X-Xss-Protection: 1; mode=block
Transfer-Encoding: chunked

{
    "content": [
        {
            "description": "Testing purpose",
            "owner": "superadmin",
            "share": true,
            "id": 67,
            "name": "DEMO DASHBOARD",
            "widgets": [
                {
                    "widgetName": "LAUNCH STATISTICS AREA",
                    "widgetId": 55,
                    "widgetType": "statisticTrend",
                    "widgetSize": {
                        "width": 6,
                        "height": 4
                    },
                    "widgetPosition": {
                        "positionX": 0,
                        "positionY": 0
                    },
                    "share": true,
                    "widgetOptions": {
                        "zoom": false,
                        "timeline": "launch",
                        "viewMode": "area-spline"
                    }
                },
                {
                    "widgetName": "LAUNCH STATISTICS BAR",
                    "widgetId": 56,
                    "widgetType": "statisticTrend",
                    "widgetSize": {
                        "width": 6,
                        "height": 5
                    },
                    "widgetPosition": {
                        "positionX": 6,
                        "positionY": 0
                    },
                    "share": true,
                    "widgetOptions": {
                        "zoom": false,
                        "timeline": "launch",
                        "viewMode": "bar"
                    }
                },
                {
                    "widgetName": "INVESTIGATED PERCENTAGE OF LAUNCHES",
                    "widgetId": 57,
                    "widgetType": "investigatedTrend",
                    "widgetSize": {
                        "width": 7,
                        "height": 5
                    },
                    "widgetPosition": {
                        "positionX": 0,
                        "positionY": 5
                    },
                    "share": true,
                    "widgetOptions": {
                        "timeline": "launch"
                    }
                },
                {
                    "widgetName": "TEST CASES GROWTH TREND CHART",
                    "widgetId": 58,
                    "widgetType": "casesTrend",
                    "widgetSize": {
                        "width": 5,
                        "height": 5
                    },
                    "widgetPosition": {
                        "positionX": 7,
                        "positionY": 5
                    },
                    "share": true,
                    "widgetOptions": {
                        
                    }
                },
                {
                    "widgetName": "OVERALL STATISTICS PANEL",
                    "widgetId": 59,
                    "widgetType": "overallStatistics",
                    "widgetSize": {
                        "width": 5,
                        "height": 5
                    },
                    "widgetPosition": {
                        "positionX": 0,
                        "positionY": 10
                    },
                    "share": true,
                    "widgetOptions": {
                        "latest": false,
                        "viewMode": "panel"
                    }
                },
                {
                    "widgetName": "LAUNCHES DURATION CHART",
                    "widgetId": 60,
                    "widgetType": "launchesDurationChart",
                    "widgetSize": {
                        "width": 7,
                        "height": 5
                    },
                    "widgetPosition": {
                        "positionX": 5,
                        "positionY": 10
                    },
                    "share": true,
                    "widgetOptions": {
                        "latest": false
                    }
                },
                {
                    "widgetName": "OVERALL STATISTICS DONUT",
                    "widgetId": 61,
                    "widgetType": "overallStatistics",
                    "widgetSize": {
                        "width": 6,
                        "height": 5
                    },
                    "widgetPosition": {
                        "positionX": 0,
                        "positionY": 15
                    },
                    "share": true,
                    "widgetOptions": {
                        "latest": false,
                        "viewMode": "donut"
                    }
                },
                {
                    "widgetName": "FAILED CASES TREND CHART",
                    "widgetId": 62,
                    "widgetType": "bugTrend",
                    "widgetSize": {
                        "width": 6,
                        "height": 5
                    },
                    "widgetPosition": {
                        "positionX": 6,
                        "positionY": 15
                    },
                    "share": true,
                    "widgetOptions": {
                        
                    }
                },
                {
                    "widgetName": "LAUNCH TABLE",
                    "widgetId": 63,
                    "widgetType": "launchesTable",
                    "widgetSize": {
                        "width": 12,
                        "height": 4
                    },
                    "widgetPosition": {
                        "positionX": 0,
                        "positionY": 20
                    },
                    "share": true,
                    "widgetOptions": {
                        
                    }
                },
                {
                    "widgetName": "MOST FAILED TEST CASES",
                    "widgetId": 64,
                    "widgetType": "topTestCases",
                    "widgetSize": {
                        "width": 7,
                        "height": 5
                    },
                    "widgetPosition": {
                        "positionX": 0,
                        "positionY": 24
                    },
                    "share": true,
                    "widgetOptions": {
                        "includeMethods": false,
                        "launchNameFilter": "Demo Api Tests"
                    }
                },
                {
                    "widgetName": "PASSING RATE SUMMARY",
                    "widgetId": 65,
                    "widgetType": "passingRateSummary",
                    "widgetSize": {
                        "width": 5,
                        "height": 5
                    },
                    "widgetPosition": {
                        "positionX": 7,
                        "positionY": 24
                    },
                    "share": true,
                    "widgetOptions": {
                        "viewMode": "pie"
                    }
                },
                {
                    "widgetName": "FLAKY TEST CASES",
                    "widgetId": 66,
                    "widgetType": "flakyTestCases",
                    "widgetSize": {
                        "width": 12,
                        "height": 4
                    },
                    "widgetPosition": {
                        "positionX": 0,
                        "positionY": 29
                    },
                    "share": true,
                    "widgetOptions": {
                        "includeMethods": false,
                        "launchNameFilter": "Demo Api Tests"
                    }
                }
            ]
        }
    ],
    "page": {
        "number": 1,
        "size": 20,
        "totalElements": 1,
        "totalPages": 1
    }
}
2023-06-22 17:20:54 INFO  Listeners:32 - Succeeded Test null
]]></system-out>
  </testcase>
  <testcase name="c_getDashboardByIdTest_GET" classname="alltests.apitest.DashboardControllerTest" time="0.231">
    <system-out><![CDATA[17:20:54.604 [rp-io-20] DEBUG com.epam.reportportal.service.Launch - Starting test item...rp-io-20
2023-06-22 17:20:54 INFO  Listeners:28 - Started Test null
2023-06-22 17:20:54 INFO  DashboardControllerTest:39 - c_getDashboardByIdTest_GET
Request method:	GET
Request URI:	http://192.168.1.11:8080/api/v1/AUTOMATIONTESTINGADVANCEDPROGRAM/dashboard/67
Proxy:			<none>
Request params:	<none>
Query params:	<none>
Form params:	<none>
Path params:	id=67
Headers:		Authorization=Bearer 8bb82a7d-a573-419e-9cce-c2419f308802
				Accept=*/*
				Content-Type=application/json
Cookies:		<none>
Multiparts:		<none>
Body:			<none>
17:20:54.729 [main] DEBUG org.apache.http.impl.conn.BasicClientConnectionManager - Get connection for route {}->http://192.168.1.11:8080
17:20:54.730 [main] DEBUG org.apache.http.impl.conn.DefaultClientConnectionOperator - Connecting to 192.168.1.11:8080
17:20:54.733 [main] DEBUG org.apache.http.client.protocol.RequestAddCookies - CookieSpec selected: ignoreCookies
17:20:54.733 [main] DEBUG org.apache.http.client.protocol.RequestAuthCache - Auth cache not set in the context
17:20:54.733 [main] DEBUG org.apache.http.client.protocol.RequestProxyAuthentication - Proxy auth state: UNCHALLENGED
17:20:54.733 [main] DEBUG org.apache.http.impl.client.DefaultHttpClient - Attempt 1 to execute request
17:20:54.733 [main] DEBUG org.apache.http.impl.conn.DefaultClientConnection - Sending request: GET /api/v1/AUTOMATIONTESTINGADVANCEDPROGRAM/dashboard/67 HTTP/1.1
17:20:54.733 [main] DEBUG org.apache.http.wire -  >> "GET /api/v1/AUTOMATIONTESTINGADVANCEDPROGRAM/dashboard/67 HTTP/1.1[\r][\n]"
17:20:54.733 [main] DEBUG org.apache.http.wire -  >> "Content-Type: application/json[\r][\n]"
17:20:54.733 [main] DEBUG org.apache.http.wire -  >> "Authorization: Bearer 8bb82a7d-a573-419e-9cce-c2419f308802[\r][\n]"
17:20:54.734 [main] DEBUG org.apache.http.wire -  >> "Accept: */*[\r][\n]"
17:20:54.734 [main] DEBUG org.apache.http.wire -  >> "Host: 192.168.1.11:8080[\r][\n]"
17:20:54.734 [main] DEBUG org.apache.http.wire -  >> "Connection: Keep-Alive[\r][\n]"
17:20:54.734 [main] DEBUG org.apache.http.wire -  >> "User-Agent: Apache-HttpClient/4.5.13 (Java/11.0.19)[\r][\n]"
17:20:54.734 [main] DEBUG org.apache.http.wire -  >> "Accept-Encoding: gzip,deflate[\r][\n]"
17:20:54.734 [main] DEBUG org.apache.http.wire -  >> "[\r][\n]"
17:20:54.734 [main] DEBUG org.apache.http.headers - >> GET /api/v1/AUTOMATIONTESTINGADVANCEDPROGRAM/dashboard/67 HTTP/1.1
17:20:54.735 [main] DEBUG org.apache.http.headers - >> Content-Type: application/json
17:20:54.735 [main] DEBUG org.apache.http.headers - >> Authorization: Bearer 8bb82a7d-a573-419e-9cce-c2419f308802
17:20:54.735 [main] DEBUG org.apache.http.headers - >> Accept: */*
17:20:54.735 [main] DEBUG org.apache.http.headers - >> Host: 192.168.1.11:8080
17:20:54.735 [main] DEBUG org.apache.http.headers - >> Connection: Keep-Alive
17:20:54.735 [main] DEBUG org.apache.http.headers - >> User-Agent: Apache-HttpClient/4.5.13 (Java/11.0.19)
17:20:54.735 [main] DEBUG org.apache.http.headers - >> Accept-Encoding: gzip,deflate
17:20:54.740 [rp-io-23] DEBUG com.epam.reportportal.service.Launch - ReportPortal item with ID '9ed8f406-a90b-48bd-9fca-a365833b4744' has been created
17:20:54.741 [rp-io-23] DEBUG com.epam.reportportal.utils.SubscriptionUtils - Start test item successfully completed
17:20:54.757 [rp-io-21] DEBUG com.epam.reportportal.service.Launch - TestItem with ID = '99a0c26d-5947-4353-8115-428579740c4c' successfully finished.
17:20:54.758 [rp-io-21] DEBUG com.epam.reportportal.utils.SubscriptionUtils - Finish test item completed
17:20:54.850 [main] DEBUG org.apache.http.wire -  << "HTTP/1.1 200 OK[\r][\n]"
17:20:54.851 [main] DEBUG org.apache.http.wire -  << "Cache-Control: no-cache, no-store, max-age=0, must-revalidate[\r][\n]"
17:20:54.851 [main] DEBUG org.apache.http.wire -  << "Content-Type: application/json[\r][\n]"
17:20:54.851 [main] DEBUG org.apache.http.wire -  << "Date: Thu, 22 Jun 2023 15:20:54 GMT[\r][\n]"
17:20:54.851 [main] DEBUG org.apache.http.wire -  << "Expires: 0[\r][\n]"
17:20:54.851 [main] DEBUG org.apache.http.wire -  << "Pragma: no-cache[\r][\n]"
17:20:54.852 [main] DEBUG org.apache.http.wire -  << "X-Content-Type-Options: nosniff[\r][\n]"
17:20:54.852 [main] DEBUG org.apache.http.wire -  << "X-Frame-Options: DENY[\r][\n]"
17:20:54.852 [main] DEBUG org.apache.http.wire -  << "X-Xss-Protection: 1; mode=block[\r][\n]"
17:20:54.852 [main] DEBUG org.apache.http.wire -  << "Transfer-Encoding: chunked[\r][\n]"
17:20:54.852 [main] DEBUG org.apache.http.wire -  << "[\r][\n]"
17:20:54.852 [main] DEBUG org.apache.http.impl.conn.DefaultClientConnection - Receiving response: HTTP/1.1 200 OK
17:20:54.852 [main] DEBUG org.apache.http.headers - << HTTP/1.1 200 OK
17:20:54.852 [main] DEBUG org.apache.http.headers - << Cache-Control: no-cache, no-store, max-age=0, must-revalidate
17:20:54.852 [main] DEBUG org.apache.http.headers - << Content-Type: application/json
17:20:54.852 [main] DEBUG org.apache.http.headers - << Date: Thu, 22 Jun 2023 15:20:54 GMT
17:20:54.852 [main] DEBUG org.apache.http.headers - << Expires: 0
17:20:54.852 [main] DEBUG org.apache.http.headers - << Pragma: no-cache
17:20:54.852 [main] DEBUG org.apache.http.headers - << X-Content-Type-Options: nosniff
17:20:54.852 [main] DEBUG org.apache.http.headers - << X-Frame-Options: DENY
17:20:54.853 [main] DEBUG org.apache.http.headers - << X-Xss-Protection: 1; mode=block
17:20:54.853 [main] DEBUG org.apache.http.headers - << Transfer-Encoding: chunked
17:20:54.853 [main] DEBUG org.apache.http.impl.client.DefaultHttpClient - Connection can be kept alive indefinitely
17:20:54.853 [main] DEBUG io.restassured.internal.RestAssuredHttpBuilder - Parsing response as: application/json
17:20:54.853 [main] DEBUG io.restassured.internal.RestAssuredHttpBuilder - Parsed data to instance of: class org.apache.http.conn.EofSensorInputStream
17:20:54.855 [main] DEBUG org.apache.http.wire -  << "b2d[\r][\n]"
17:20:54.856 [main] DEBUG org.apache.http.wire -  << "{"description":"Testing purpose","owner":"superadmin","share":true,"id":67,"name":"DEMO DASHBOARD","widgets":[{"widgetName":"LAUNCH STATISTICS AREA","widgetId":55,"widgetType":"statisticTrend","widgetSize":{"width":6,"height":4},"widgetPosition":{"positionX":0,"positionY":0},"share":true,"widgetOptions":{"zoom":false,"timeline":"launch","viewMode":"area-spline"}},{"widgetName":"LAUNCH STATISTICS BAR","widgetId":56,"widgetType":"statisticTrend","widgetSize":{"width":6,"height":5},"widgetPosition":{"positionX":6,"positionY":0},"share":true,"widgetOptions":{"zoom":false,"timeline":"launch","viewMode":"bar"}},{"widgetName":"INVESTIGATED PERCENTAGE OF LAUNCHES","widgetId":57,"widgetType":"investigatedTrend","widgetSize":{"width":7,"height":5},"widgetPosition":{"positionX":0,"positionY":5},"share":true,"widgetOptions":{"timeline":"launch"}},{"widgetName":"TEST CASES GROWTH TREND CHART","widgetId":58,"widgetType":"casesTrend","widgetSize":{"width":5,"height":5},"widgetPosition":{"positionX":7,"positionY":5},"share":true,"widgetOptions":{}},{"widgetName":"OVERALL STATISTICS PANEL","widgetId":59,"widgetType":"overallStatistics","widgetSize":{"width":5,"height":5},"widgetPosition":{"positionX":0,"positionY":10},"share":true,"widgetOptions":{"latest":false,"viewMode":"panel"}},{"widgetName":"LAUNCHES DURATION CHART","widgetId":60,"widgetType":"launchesDurationChart","widgetSize":{"width":7,"height":5},"widgetPosition":{"positionX":5,"positionY":10},"share":true,"widgetOptions":{"latest":false}},{"widgetName":"OVERALL STATISTICS DONUT","widgetId":61,"widgetType":"overallStatistics","widgetSize":{"width":6,"height":5},"widgetPosition":{"positionX":0,"positionY":15},"share":true,"widgetOptions":{"latest":false,"viewMode":"donut"}},{"widgetName":"FAILED CASES TREND CHART","widgetId":62,"widgetType":"bugTrend","widgetSize":{"width":6,"height":5},"widgetPosition":{"positionX":6,"positionY":15},"share":true,"widgetOptions":{}},{"widgetName":"LAUNCH TABLE","widgetId":63,"widgetType":"launchesTable","widgetSize":{"width":12,"height":4},"widgetPosition":{"positionX":0,"positionY":20},"share":true,"widgetOptions":{}},{"widgetName":"MOST FAILED TEST CASES","widgetId":64,"widgetType":"topTestCases","widgetSize":{"width":7,"height":5},"widgetPosition":{"positionX":0,"positionY":24},"share":true,"widgetOptions":{"includeMethods":false,"launchNameFilter":"Demo Api Tests"}},{"widgetName":"PASSING RATE SUMMARY","widgetId":65,"widgetType":"passingRateSummary","widgetSize":{"width":5,"height":5},"widgetPosition":{"positionX":7,"positionY":24},"share":true,"widgetOptions":{"viewMode":"pie"}},{"widgetName":"FLAKY TEST CASES","widgetId":66,"widgetType":"flakyTestCases","widgetSize":{"width":12,"height":4},"widgetPosition":{"positionX":0,"positionY":29},"share":true,"widgetOptions":{"includeMethods":false,"launchNameFilter":"Demo Api Tests"}}]}"
17:20:54.856 [main] DEBUG org.apache.http.wire -  << "[\r][\n]"
17:20:54.856 [main] DEBUG org.apache.http.wire -  << "0[\r][\n]"
17:20:54.856 [main] DEBUG org.apache.http.wire -  << "[\r][\n]"
17:20:54.858 [main] DEBUG org.apache.http.impl.conn.BasicClientConnectionManager - Releasing connection org.apache.http.impl.conn.ManagedClientConnectionImpl@269222ae
17:20:54.859 [main] DEBUG org.apache.http.impl.conn.BasicClientConnectionManager - Connection can be kept alive indefinitely
HTTP/1.1 200 OK
Cache-Control: no-cache, no-store, max-age=0, must-revalidate
Content-Type: application/json
Date: Thu, 22 Jun 2023 15:20:54 GMT
Expires: 0
Pragma: no-cache
X-Content-Type-Options: nosniff
X-Frame-Options: DENY
X-Xss-Protection: 1; mode=block
Transfer-Encoding: chunked

{
    "description": "Testing purpose",
    "owner": "superadmin",
    "share": true,
    "id": 67,
    "name": "DEMO DASHBOARD",
    "widgets": [
        {
            "widgetName": "LAUNCH STATISTICS AREA",
            "widgetId": 55,
            "widgetType": "statisticTrend",
            "widgetSize": {
                "width": 6,
                "height": 4
            },
            "widgetPosition": {
                "positionX": 0,
                "positionY": 0
            },
            "share": true,
            "widgetOptions": {
                "zoom": false,
                "timeline": "launch",
                "viewMode": "area-spline"
            }
        },
        {
            "widgetName": "LAUNCH STATISTICS BAR",
            "widgetId": 56,
            "widgetType": "statisticTrend",
            "widgetSize": {
                "width": 6,
                "height": 5
            },
            "widgetPosition": {
                "positionX": 6,
                "positionY": 0
            },
            "share": true,
            "widgetOptions": {
                "zoom": false,
                "timeline": "launch",
                "viewMode": "bar"
            }
        },
        {
            "widgetName": "INVESTIGATED PERCENTAGE OF LAUNCHES",
            "widgetId": 57,
            "widgetType": "investigatedTrend",
            "widgetSize": {
                "width": 7,
                "height": 5
            },
            "widgetPosition": {
                "positionX": 0,
                "positionY": 5
            },
            "share": true,
            "widgetOptions": {
                "timeline": "launch"
            }
        },
        {
            "widgetName": "TEST CASES GROWTH TREND CHART",
            "widgetId": 58,
            "widgetType": "casesTrend",
            "widgetSize": {
                "width": 5,
                "height": 5
            },
            "widgetPosition": {
                "positionX": 7,
                "positionY": 5
            },
            "share": true,
            "widgetOptions": {
                
            }
        },
        {
            "widgetName": "OVERALL STATISTICS PANEL",
            "widgetId": 59,
            "widgetType": "overallStatistics",
            "widgetSize": {
                "width": 5,
                "height": 5
            },
            "widgetPosition": {
                "positionX": 0,
                "positionY": 10
            },
            "share": true,
            "widgetOptions": {
                "latest": false,
                "viewMode": "panel"
            }
        },
        {
            "widgetName": "LAUNCHES DURATION CHART",
            "widgetId": 60,
            "widgetType": "launchesDurationChart",
            "widgetSize": {
                "width": 7,
                "height": 5
            },
            "widgetPosition": {
                "positionX": 5,
                "positionY": 10
            },
            "share": true,
            "widgetOptions": {
                "latest": false
            }
        },
        {
            "widgetName": "OVERALL STATISTICS DONUT",
            "widgetId": 61,
            "widgetType": "overallStatistics",
            "widgetSize": {
                "width": 6,
                "height": 5
            },
            "widgetPosition": {
                "positionX": 0,
                "positionY": 15
            },
            "share": true,
            "widgetOptions": {
                "latest": false,
                "viewMode": "donut"
            }
        },
        {
            "widgetName": "FAILED CASES TREND CHART",
            "widgetId": 62,
            "widgetType": "bugTrend",
            "widgetSize": {
                "width": 6,
                "height": 5
            },
            "widgetPosition": {
                "positionX": 6,
                "positionY": 15
            },
            "share": true,
            "widgetOptions": {
                
            }
        },
        {
            "widgetName": "LAUNCH TABLE",
            "widgetId": 63,
            "widgetType": "launchesTable",
            "widgetSize": {
                "width": 12,
                "height": 4
            },
            "widgetPosition": {
                "positionX": 0,
                "positionY": 20
            },
            "share": true,
            "widgetOptions": {
                
            }
        },
        {
            "widgetName": "MOST FAILED TEST CASES",
            "widgetId": 64,
            "widgetType": "topTestCases",
            "widgetSize": {
                "width": 7,
                "height": 5
            },
            "widgetPosition": {
                "positionX": 0,
                "positionY": 24
            },
            "share": true,
            "widgetOptions": {
                "includeMethods": false,
                "launchNameFilter": "Demo Api Tests"
            }
        },
        {
            "widgetName": "PASSING RATE SUMMARY",
            "widgetId": 65,
            "widgetType": "passingRateSummary",
            "widgetSize": {
                "width": 5,
                "height": 5
            },
            "widgetPosition": {
                "positionX": 7,
                "positionY": 24
            },
            "share": true,
            "widgetOptions": {
                "viewMode": "pie"
            }
        },
        {
            "widgetName": "FLAKY TEST CASES",
            "widgetId": 66,
            "widgetType": "flakyTestCases",
            "widgetSize": {
                "width": 12,
                "height": 4
            },
            "widgetPosition": {
                "positionX": 0,
                "positionY": 29
            },
            "share": true,
            "widgetOptions": {
                "includeMethods": false,
                "launchNameFilter": "Demo Api Tests"
            }
        }
    ]
}
2023-06-22 17:20:54 INFO  Listeners:32 - Succeeded Test null
]]></system-out>
  </testcase>
  <testcase name="d_getDashboardByIdThatDoesNotExist_GET" classname="alltests.apitest.DashboardControllerTest" time="1.985">
    <system-out><![CDATA[2023-06-22 17:20:54 INFO  Listeners:28 - Started Test null
2023-06-22 17:20:54 INFO  DashboardControllerTest:46 - getDashboardByIdThatDoesNotExist_GET
17:20:54.887 [rp-io-26] DEBUG com.epam.reportportal.service.Launch - Starting test item...rp-io-26
Request method:	GET
Request URI:	http://192.168.1.11:8080/api/v1/AUTOMATIONTESTINGADVANCEDPROGRAM/dashboard/0
Proxy:			<none>
Request params:	<none>
Query params:	<none>
Form params:	<none>
Path params:	id=0
Headers:		Authorization=Bearer 8bb82a7d-a573-419e-9cce-c2419f308802
				Accept=*/*
				Content-Type=application/json
Cookies:		<none>
Multiparts:		<none>
Body:			<none>
17:20:54.949 [main] DEBUG org.apache.http.impl.conn.BasicClientConnectionManager - Get connection for route {}->http://192.168.1.11:8080
17:20:54.951 [main] DEBUG org.apache.http.impl.conn.DefaultClientConnectionOperator - Connecting to 192.168.1.11:8080
17:20:54.952 [main] DEBUG org.apache.http.client.protocol.RequestAddCookies - CookieSpec selected: ignoreCookies
17:20:54.953 [main] DEBUG org.apache.http.client.protocol.RequestAuthCache - Auth cache not set in the context
17:20:54.953 [main] DEBUG org.apache.http.client.protocol.RequestProxyAuthentication - Proxy auth state: UNCHALLENGED
17:20:54.953 [main] DEBUG org.apache.http.impl.client.DefaultHttpClient - Attempt 1 to execute request
17:20:54.953 [main] DEBUG org.apache.http.impl.conn.DefaultClientConnection - Sending request: GET /api/v1/AUTOMATIONTESTINGADVANCEDPROGRAM/dashboard/0 HTTP/1.1
17:20:54.953 [main] DEBUG org.apache.http.wire -  >> "GET /api/v1/AUTOMATIONTESTINGADVANCEDPROGRAM/dashboard/0 HTTP/1.1[\r][\n]"
17:20:54.953 [main] DEBUG org.apache.http.wire -  >> "Content-Type: application/json[\r][\n]"
17:20:54.954 [main] DEBUG org.apache.http.wire -  >> "Authorization: Bearer 8bb82a7d-a573-419e-9cce-c2419f308802[\r][\n]"
17:20:54.954 [main] DEBUG org.apache.http.wire -  >> "Accept: */*[\r][\n]"
17:20:54.954 [main] DEBUG org.apache.http.wire -  >> "Host: 192.168.1.11:8080[\r][\n]"
17:20:54.954 [main] DEBUG org.apache.http.wire -  >> "Connection: Keep-Alive[\r][\n]"
17:20:54.954 [main] DEBUG org.apache.http.wire -  >> "User-Agent: Apache-HttpClient/4.5.13 (Java/11.0.19)[\r][\n]"
17:20:54.954 [main] DEBUG org.apache.http.wire -  >> "Accept-Encoding: gzip,deflate[\r][\n]"
17:20:54.954 [main] DEBUG org.apache.http.wire -  >> "[\r][\n]"
17:20:54.954 [main] DEBUG org.apache.http.headers - >> GET /api/v1/AUTOMATIONTESTINGADVANCEDPROGRAM/dashboard/0 HTTP/1.1
17:20:54.954 [main] DEBUG org.apache.http.headers - >> Content-Type: application/json
17:20:54.954 [main] DEBUG org.apache.http.headers - >> Authorization: Bearer 8bb82a7d-a573-419e-9cce-c2419f308802
17:20:54.954 [main] DEBUG org.apache.http.headers - >> Accept: */*
17:20:54.954 [main] DEBUG org.apache.http.headers - >> Host: 192.168.1.11:8080
17:20:54.954 [main] DEBUG org.apache.http.headers - >> Connection: Keep-Alive
17:20:54.955 [main] DEBUG org.apache.http.headers - >> User-Agent: Apache-HttpClient/4.5.13 (Java/11.0.19)
17:20:54.955 [main] DEBUG org.apache.http.headers - >> Accept-Encoding: gzip,deflate
17:20:55.027 [main] DEBUG org.apache.http.wire -  << "HTTP/1.1 404 Not Found[\r][\n]"
17:20:55.028 [main] DEBUG org.apache.http.wire -  << "Cache-Control: no-cache, no-store, max-age=0, must-revalidate[\r][\n]"
17:20:55.028 [main] DEBUG org.apache.http.wire -  << "Content-Type: application/json[\r][\n]"
17:20:55.028 [main] DEBUG org.apache.http.wire -  << "Date: Thu, 22 Jun 2023 15:20:54 GMT[\r][\n]"
17:20:55.028 [main] DEBUG org.apache.http.wire -  << "Expires: 0[\r][\n]"
17:20:55.028 [main] DEBUG org.apache.http.wire -  << "Pragma: no-cache[\r][\n]"
17:20:55.028 [main] DEBUG org.apache.http.wire -  << "X-Content-Type-Options: nosniff[\r][\n]"
17:20:55.028 [main] DEBUG org.apache.http.wire -  << "X-Frame-Options: DENY[\r][\n]"
17:20:55.028 [main] DEBUG org.apache.http.wire -  << "X-Xss-Protection: 1; mode=block[\r][\n]"
17:20:55.028 [main] DEBUG org.apache.http.wire -  << "Content-Length: 144[\r][\n]"
17:20:55.028 [main] DEBUG org.apache.http.wire -  << "[\r][\n]"
17:20:55.028 [rp-io-28] DEBUG com.epam.reportportal.service.Launch - TestItem with ID = '9ed8f406-a90b-48bd-9fca-a365833b4744' successfully finished.
17:20:55.029 [rp-io-28] DEBUG com.epam.reportportal.utils.SubscriptionUtils - Finish test item completed
17:20:55.028 [main] DEBUG org.apache.http.impl.conn.DefaultClientConnection - Receiving response: HTTP/1.1 404 Not Found
17:20:55.029 [main] DEBUG org.apache.http.headers - << HTTP/1.1 404 Not Found
17:20:55.029 [main] DEBUG org.apache.http.headers - << Cache-Control: no-cache, no-store, max-age=0, must-revalidate
17:20:55.029 [main] DEBUG org.apache.http.headers - << Content-Type: application/json
17:20:55.029 [main] DEBUG org.apache.http.headers - << Date: Thu, 22 Jun 2023 15:20:54 GMT
17:20:55.029 [main] DEBUG org.apache.http.headers - << Expires: 0
17:20:55.029 [main] DEBUG org.apache.http.headers - << Pragma: no-cache
17:20:55.029 [main] DEBUG org.apache.http.headers - << X-Content-Type-Options: nosniff
17:20:55.030 [main] DEBUG org.apache.http.headers - << X-Frame-Options: DENY
17:20:55.030 [main] DEBUG org.apache.http.headers - << X-Xss-Protection: 1; mode=block
17:20:55.030 [main] DEBUG org.apache.http.headers - << Content-Length: 144
17:20:55.030 [main] DEBUG org.apache.http.impl.client.DefaultHttpClient - Connection can be kept alive indefinitely
17:20:55.030 [main] DEBUG io.restassured.internal.RestAssuredHttpBuilder - Parsing response as: application/json
17:20:55.030 [main] DEBUG io.restassured.internal.RestAssuredHttpBuilder - Parsed data to instance of: class org.apache.http.conn.EofSensorInputStream
17:20:55.031 [main] DEBUG org.apache.http.wire -  << "{"errorCode":40422,"message":"Dashboard with ID '0' not found on project 'automationtestingadvancedprogram'. Did you use correct Dashboard ID?"}"
17:20:55.032 [main] DEBUG org.apache.http.impl.conn.BasicClientConnectionManager - Releasing connection org.apache.http.impl.conn.ManagedClientConnectionImpl@3c7279a5
17:20:55.032 [main] DEBUG org.apache.http.impl.conn.BasicClientConnectionManager - Connection can be kept alive indefinitely
HTTP/1.1 404 Not Found
Cache-Control: no-cache, no-store, max-age=0, must-revalidate
Content-Type: application/json
Date: Thu, 22 Jun 2023 15:20:54 GMT
Expires: 0
Pragma: no-cache
X-Content-Type-Options: nosniff
X-Frame-Options: DENY
X-Xss-Protection: 1; mode=block
Content-Length: 144

{
    "errorCode": 40422,
    "message": "Dashboard with ID '0' not found on project 'automationtestingadvancedprogram'. Did you use correct Dashboard ID?"
}
17:20:55.066 [rp-io-29] DEBUG com.epam.reportportal.service.Launch - ReportPortal item with ID '1c6457f5-d7e3-41f0-aac8-cdba75b0545f' has been created
17:20:55.066 [rp-io-29] DEBUG com.epam.reportportal.utils.SubscriptionUtils - Start test item successfully completed
2023-06-22 17:20:57 INFO  Listeners:32 - Succeeded Test null
]]></system-out>
  </testcase>
  <testcase name="e_createNewDashboardWithoutName_POST" classname="alltests.apitest.DashboardControllerTest" time="0.68">
    <system-out><![CDATA[17:20:57.024 [rp-io-33] DEBUG com.epam.reportportal.service.Launch - Starting test item...rp-io-33
2023-06-22 17:20:57 INFO  Listeners:28 - Started Test null
2023-06-22 17:20:57 INFO  DashboardControllerTest:66 - e_createNewDashboardWithoutName_POST
17:20:57.070 [rp-io-32] DEBUG com.epam.reportportal.service.Launch - TestItem with ID = '1c6457f5-d7e3-41f0-aac8-cdba75b0545f' successfully finished.
17:20:57.071 [rp-io-32] DEBUG com.epam.reportportal.utils.SubscriptionUtils - Finish test item completed
17:20:57.101 [rp-io-35] DEBUG com.epam.reportportal.service.Launch - ReportPortal item with ID 'b45da7ed-1e13-4bc5-a419-337259213a90' has been created
17:20:57.101 [rp-io-35] DEBUG com.epam.reportportal.utils.SubscriptionUtils - Start test item successfully completed
Request method:	POST
Request URI:	http://192.168.1.11:8080/api/v1/AUTOMATIONTESTINGADVANCEDPROGRAM/dashboard
Proxy:			<none>
Request params:	<none>
Query params:	<none>
Form params:	<none>
Path params:	<none>
Headers:		Authorization=Bearer 8bb82a7d-a573-419e-9cce-c2419f308802
				Accept=*/*
				Content-Type=application/json
Cookies:		<none>
Multiparts:		<none>
Body:
{
    "name": null,
    "description": "And Its already 24th May",
    "shared": true
}
17:20:57.404 [main] DEBUG org.apache.http.impl.conn.BasicClientConnectionManager - Get connection for route {}->http://192.168.1.11:8080
17:20:57.404 [main] DEBUG org.apache.http.impl.conn.DefaultClientConnectionOperator - Connecting to 192.168.1.11:8080
17:20:57.406 [main] DEBUG org.apache.http.client.protocol.RequestAddCookies - CookieSpec selected: ignoreCookies
17:20:57.407 [main] DEBUG org.apache.http.client.protocol.RequestAuthCache - Auth cache not set in the context
17:20:57.407 [main] DEBUG org.apache.http.client.protocol.RequestProxyAuthentication - Proxy auth state: UNCHALLENGED
17:20:57.407 [main] DEBUG org.apache.http.impl.client.DefaultHttpClient - Attempt 1 to execute request
17:20:57.407 [main] DEBUG org.apache.http.impl.conn.DefaultClientConnection - Sending request: POST /api/v1/AUTOMATIONTESTINGADVANCEDPROGRAM/dashboard HTTP/1.1
17:20:57.407 [main] DEBUG org.apache.http.wire -  >> "POST /api/v1/AUTOMATIONTESTINGADVANCEDPROGRAM/dashboard HTTP/1.1[\r][\n]"
17:20:57.407 [main] DEBUG org.apache.http.wire -  >> "Authorization: Bearer 8bb82a7d-a573-419e-9cce-c2419f308802[\r][\n]"
17:20:57.408 [main] DEBUG org.apache.http.wire -  >> "Accept: */*[\r][\n]"
17:20:57.408 [main] DEBUG org.apache.http.wire -  >> "Content-Type: application/json[\r][\n]"
17:20:57.408 [main] DEBUG org.apache.http.wire -  >> "Content-Length: 68[\r][\n]"
17:20:57.409 [main] DEBUG org.apache.http.wire -  >> "Host: 192.168.1.11:8080[\r][\n]"
17:20:57.409 [main] DEBUG org.apache.http.wire -  >> "Connection: Keep-Alive[\r][\n]"
17:20:57.409 [main] DEBUG org.apache.http.wire -  >> "User-Agent: Apache-HttpClient/4.5.13 (Java/11.0.19)[\r][\n]"
17:20:57.409 [main] DEBUG org.apache.http.wire -  >> "Accept-Encoding: gzip,deflate[\r][\n]"
17:20:57.409 [main] DEBUG org.apache.http.wire -  >> "[\r][\n]"
17:20:57.409 [main] DEBUG org.apache.http.headers - >> POST /api/v1/AUTOMATIONTESTINGADVANCEDPROGRAM/dashboard HTTP/1.1
17:20:57.409 [main] DEBUG org.apache.http.headers - >> Authorization: Bearer 8bb82a7d-a573-419e-9cce-c2419f308802
17:20:57.409 [main] DEBUG org.apache.http.headers - >> Accept: */*
17:20:57.409 [main] DEBUG org.apache.http.headers - >> Content-Type: application/json
17:20:57.409 [main] DEBUG org.apache.http.headers - >> Content-Length: 68
17:20:57.409 [main] DEBUG org.apache.http.headers - >> Host: 192.168.1.11:8080
17:20:57.409 [main] DEBUG org.apache.http.headers - >> Connection: Keep-Alive
17:20:57.409 [main] DEBUG org.apache.http.headers - >> User-Agent: Apache-HttpClient/4.5.13 (Java/11.0.19)
17:20:57.409 [main] DEBUG org.apache.http.headers - >> Accept-Encoding: gzip,deflate
17:20:57.410 [main] DEBUG org.apache.http.wire -  >> "{"name":null,"description":"And Its already 24th May","shared":true}"
17:20:57.581 [main] DEBUG org.apache.http.wire -  << "HTTP/1.1 400 Bad Request[\r][\n]"
17:20:57.581 [main] DEBUG org.apache.http.wire -  << "Cache-Control: no-cache, no-store, max-age=0, must-revalidate[\r][\n]"
17:20:57.582 [main] DEBUG org.apache.http.wire -  << "Content-Type: application/json[\r][\n]"
17:20:57.582 [main] DEBUG org.apache.http.wire -  << "Date: Thu, 22 Jun 2023 15:20:57 GMT[\r][\n]"
17:20:57.582 [main] DEBUG org.apache.http.wire -  << "Expires: 0[\r][\n]"
17:20:57.582 [main] DEBUG org.apache.http.wire -  << "Pragma: no-cache[\r][\n]"
17:20:57.582 [main] DEBUG org.apache.http.wire -  << "X-Content-Type-Options: nosniff[\r][\n]"
17:20:57.582 [main] DEBUG org.apache.http.wire -  << "X-Frame-Options: DENY[\r][\n]"
17:20:57.583 [main] DEBUG org.apache.http.wire -  << "X-Xss-Protection: 1; mode=block[\r][\n]"
17:20:57.583 [main] DEBUG org.apache.http.wire -  << "Content-Length: 85[\r][\n]"
17:20:57.583 [main] DEBUG org.apache.http.wire -  << "[\r][\n]"
17:20:57.583 [main] DEBUG org.apache.http.impl.conn.DefaultClientConnection - Receiving response: HTTP/1.1 400 Bad Request
17:20:57.583 [main] DEBUG org.apache.http.headers - << HTTP/1.1 400 Bad Request
17:20:57.583 [main] DEBUG org.apache.http.headers - << Cache-Control: no-cache, no-store, max-age=0, must-revalidate
17:20:57.583 [main] DEBUG org.apache.http.headers - << Content-Type: application/json
17:20:57.583 [main] DEBUG org.apache.http.headers - << Date: Thu, 22 Jun 2023 15:20:57 GMT
17:20:57.583 [main] DEBUG org.apache.http.headers - << Expires: 0
17:20:57.583 [main] DEBUG org.apache.http.headers - << Pragma: no-cache
17:20:57.583 [main] DEBUG org.apache.http.headers - << X-Content-Type-Options: nosniff
17:20:57.583 [main] DEBUG org.apache.http.headers - << X-Frame-Options: DENY
17:20:57.583 [main] DEBUG org.apache.http.headers - << X-Xss-Protection: 1; mode=block
17:20:57.584 [main] DEBUG org.apache.http.headers - << Content-Length: 85
17:20:57.584 [main] DEBUG org.apache.http.impl.client.DefaultHttpClient - Connection can be kept alive indefinitely
17:20:57.584 [main] DEBUG io.restassured.internal.RestAssuredHttpBuilder - Parsing response as: application/json
17:20:57.584 [main] DEBUG io.restassured.internal.RestAssuredHttpBuilder - Parsed data to instance of: class org.apache.http.conn.EofSensorInputStream
17:20:57.600 [main] DEBUG org.apache.http.wire -  << "{"errorCode":4001,"message":"Incorrect Request. [Field 'name' should not be null.] "}"
17:20:57.602 [main] DEBUG org.apache.http.impl.conn.BasicClientConnectionManager - Releasing connection org.apache.http.impl.conn.ManagedClientConnectionImpl@3b362f1
17:20:57.602 [main] DEBUG org.apache.http.impl.conn.BasicClientConnectionManager - Connection can be kept alive indefinitely
HTTP/1.1 400 Bad Request
Cache-Control: no-cache, no-store, max-age=0, must-revalidate
Content-Type: application/json
Date: Thu, 22 Jun 2023 15:20:57 GMT
Expires: 0
Pragma: no-cache
X-Content-Type-Options: nosniff
X-Frame-Options: DENY
X-Xss-Protection: 1; mode=block
Content-Length: 85

{
    "errorCode": 4001,
    "message": "Incorrect Request. [Field 'name' should not be null.] "
}
2023-06-22 17:20:57 INFO  Listeners:32 - Succeeded Test null
]]></system-out>
  </testcase>
  <testcase name="f_createNewDashboardByName_POST" classname="alltests.apitest.DashboardControllerTest" time="0.483">
    <system-out><![CDATA[2023-06-22 17:20:57 INFO  Listeners:28 - Started Test null
2023-06-22 17:20:57 INFO  DashboardControllerTest:55 - f_createNewDashboardByName_POST
17:20:57.719 [rp-io-38] DEBUG com.epam.reportportal.service.Launch - Starting test item...rp-io-38
Request method:	POST
Request URI:	http://192.168.1.11:8080/api/v1/AUTOMATIONTESTINGADVANCEDPROGRAM/dashboard
Proxy:			<none>
Request params:	<none>
Query params:	<none>
Form params:	<none>
Path params:	<none>
Headers:		Authorization=Bearer 8bb82a7d-a573-419e-9cce-c2419f308802
				Accept=*/*
				Content-Type=application/json
Cookies:		<none>
Multiparts:		<none>
Body:
{
    "name": "QAT Dashboard A02",
    "description": "QAT Dashboard description A02",
    "shared": true
}
17:20:57.763 [main] DEBUG org.apache.http.impl.conn.BasicClientConnectionManager - Get connection for route {}->http://192.168.1.11:8080
17:20:57.763 [main] DEBUG org.apache.http.impl.conn.DefaultClientConnectionOperator - Connecting to 192.168.1.11:8080
17:20:57.765 [main] DEBUG org.apache.http.client.protocol.RequestAddCookies - CookieSpec selected: ignoreCookies
17:20:57.774 [main] DEBUG org.apache.http.client.protocol.RequestAuthCache - Auth cache not set in the context
17:20:57.774 [main] DEBUG org.apache.http.client.protocol.RequestProxyAuthentication - Proxy auth state: UNCHALLENGED
17:20:57.774 [main] DEBUG org.apache.http.impl.client.DefaultHttpClient - Attempt 1 to execute request
17:20:57.775 [main] DEBUG org.apache.http.impl.conn.DefaultClientConnection - Sending request: POST /api/v1/AUTOMATIONTESTINGADVANCEDPROGRAM/dashboard HTTP/1.1
17:20:57.776 [main] DEBUG org.apache.http.wire -  >> "POST /api/v1/AUTOMATIONTESTINGADVANCEDPROGRAM/dashboard HTTP/1.1[\r][\n]"
17:20:57.776 [main] DEBUG org.apache.http.wire -  >> "Authorization: Bearer 8bb82a7d-a573-419e-9cce-c2419f308802[\r][\n]"
17:20:57.776 [main] DEBUG org.apache.http.wire -  >> "Accept: */*[\r][\n]"
17:20:57.776 [main] DEBUG org.apache.http.wire -  >> "Content-Type: application/json[\r][\n]"
17:20:57.776 [main] DEBUG org.apache.http.wire -  >> "Content-Length: 88[\r][\n]"
17:20:57.776 [main] DEBUG org.apache.http.wire -  >> "Host: 192.168.1.11:8080[\r][\n]"
17:20:57.776 [main] DEBUG org.apache.http.wire -  >> "Connection: Keep-Alive[\r][\n]"
17:20:57.776 [main] DEBUG org.apache.http.wire -  >> "User-Agent: Apache-HttpClient/4.5.13 (Java/11.0.19)[\r][\n]"
17:20:57.776 [main] DEBUG org.apache.http.wire -  >> "Accept-Encoding: gzip,deflate[\r][\n]"
17:20:57.777 [main] DEBUG org.apache.http.wire -  >> "[\r][\n]"
17:20:57.777 [main] DEBUG org.apache.http.headers - >> POST /api/v1/AUTOMATIONTESTINGADVANCEDPROGRAM/dashboard HTTP/1.1
17:20:57.777 [main] DEBUG org.apache.http.headers - >> Authorization: Bearer 8bb82a7d-a573-419e-9cce-c2419f308802
17:20:57.777 [main] DEBUG org.apache.http.headers - >> Accept: */*
17:20:57.777 [main] DEBUG org.apache.http.headers - >> Content-Type: application/json
17:20:57.777 [main] DEBUG org.apache.http.headers - >> Content-Length: 88
17:20:57.777 [main] DEBUG org.apache.http.headers - >> Host: 192.168.1.11:8080
17:20:57.777 [main] DEBUG org.apache.http.headers - >> Connection: Keep-Alive
17:20:57.777 [main] DEBUG org.apache.http.headers - >> User-Agent: Apache-HttpClient/4.5.13 (Java/11.0.19)
17:20:57.777 [main] DEBUG org.apache.http.headers - >> Accept-Encoding: gzip,deflate
17:20:57.778 [main] DEBUG org.apache.http.wire -  >> "{"name":"QAT Dashboard A02","description":"QAT Dashboard description A02","shared":true}"
17:20:57.950 [rp-io-41] DEBUG com.epam.reportportal.service.Launch - TestItem with ID = 'b45da7ed-1e13-4bc5-a419-337259213a90' successfully finished.
17:20:57.950 [rp-io-41] DEBUG com.epam.reportportal.utils.SubscriptionUtils - Finish test item completed
17:20:57.964 [rp-io-40] DEBUG com.epam.reportportal.service.Launch - ReportPortal item with ID 'fc51f486-6d09-4a23-9c35-4733b93f2f5b' has been created
17:20:57.964 [rp-io-40] DEBUG com.epam.reportportal.utils.SubscriptionUtils - Start test item successfully completed
17:20:58.111 [main] DEBUG org.apache.http.wire -  << "HTTP/1.1 201 Created[\r][\n]"
17:20:58.111 [main] DEBUG org.apache.http.wire -  << "Cache-Control: no-cache, no-store, max-age=0, must-revalidate[\r][\n]"
17:20:58.111 [main] DEBUG org.apache.http.wire -  << "Content-Type: application/json[\r][\n]"
17:20:58.111 [main] DEBUG org.apache.http.wire -  << "Date: Thu, 22 Jun 2023 15:20:58 GMT[\r][\n]"
17:20:58.111 [main] DEBUG org.apache.http.wire -  << "Expires: 0[\r][\n]"
17:20:58.112 [main] DEBUG org.apache.http.wire -  << "Pragma: no-cache[\r][\n]"
17:20:58.112 [main] DEBUG org.apache.http.wire -  << "X-Content-Type-Options: nosniff[\r][\n]"
17:20:58.112 [main] DEBUG org.apache.http.wire -  << "X-Frame-Options: DENY[\r][\n]"
17:20:58.112 [main] DEBUG org.apache.http.wire -  << "X-Xss-Protection: 1; mode=block[\r][\n]"
17:20:58.112 [main] DEBUG org.apache.http.wire -  << "Content-Length: 10[\r][\n]"
17:20:58.112 [main] DEBUG org.apache.http.wire -  << "[\r][\n]"
17:20:58.112 [main] DEBUG org.apache.http.impl.conn.DefaultClientConnection - Receiving response: HTTP/1.1 201 Created
17:20:58.113 [main] DEBUG org.apache.http.headers - << HTTP/1.1 201 Created
17:20:58.113 [main] DEBUG org.apache.http.headers - << Cache-Control: no-cache, no-store, max-age=0, must-revalidate
17:20:58.114 [main] DEBUG org.apache.http.headers - << Content-Type: application/json
17:20:58.114 [main] DEBUG org.apache.http.headers - << Date: Thu, 22 Jun 2023 15:20:58 GMT
17:20:58.114 [main] DEBUG org.apache.http.headers - << Expires: 0
17:20:58.114 [main] DEBUG org.apache.http.headers - << Pragma: no-cache
17:20:58.114 [main] DEBUG org.apache.http.headers - << X-Content-Type-Options: nosniff
17:20:58.114 [main] DEBUG org.apache.http.headers - << X-Frame-Options: DENY
17:20:58.114 [main] DEBUG org.apache.http.headers - << X-Xss-Protection: 1; mode=block
17:20:58.114 [main] DEBUG org.apache.http.headers - << Content-Length: 10
17:20:58.114 [main] DEBUG org.apache.http.impl.client.DefaultHttpClient - Connection can be kept alive indefinitely
17:20:58.116 [main] DEBUG io.restassured.internal.RestAssuredHttpBuilder - Parsing response as: application/json
17:20:58.117 [main] DEBUG io.restassured.internal.RestAssuredHttpBuilder - Parsed data to instance of: class org.apache.http.conn.EofSensorInputStream
17:20:58.119 [main] DEBUG org.apache.http.wire -  << "{"id":169}"
17:20:58.120 [main] DEBUG org.apache.http.impl.conn.BasicClientConnectionManager - Releasing connection org.apache.http.impl.conn.ManagedClientConnectionImpl@1a84a8b2
17:20:58.120 [main] DEBUG org.apache.http.impl.conn.BasicClientConnectionManager - Connection can be kept alive indefinitely
HTTP/1.1 201 Created
Cache-Control: no-cache, no-store, max-age=0, must-revalidate
Content-Type: application/json
Date: Thu, 22 Jun 2023 15:20:58 GMT
Expires: 0
Pragma: no-cache
X-Content-Type-Options: nosniff
X-Frame-Options: DENY
X-Xss-Protection: 1; mode=block
Content-Length: 10

{
    "id": 169
}
2023-06-22 17:20:58 INFO  Listeners:32 - Succeeded Test null
]]></system-out>
  </testcase>
  <testcase name="g_createDuplicateDashboard_POST" classname="alltests.apitest.DashboardControllerTest" time="0.585">
    <system-out><![CDATA[2023-06-22 17:20:58 INFO  Listeners:28 - Started Test null
17:20:58.203 [rp-io-44] DEBUG com.epam.reportportal.service.Launch - Starting test item...rp-io-44
2023-06-22 17:20:58 INFO  DashboardControllerTest:76 - g_createDuplicateDashboard_POST
Request method:	POST
Request URI:	http://192.168.1.11:8080/api/v1/AUTOMATIONTESTINGADVANCEDPROGRAM/dashboard
Proxy:			<none>
Request params:	<none>
Query params:	<none>
Form params:	<none>
Path params:	<none>
Headers:		Authorization=Bearer 8bb82a7d-a573-419e-9cce-c2419f308802
				Accept=*/*
				Content-Type=application/json
Cookies:		<none>
Multiparts:		<none>
Body:
{
    "name": "QAT Dashboard A02",
    "description": "QAT Dashboard description A02",
    "shared": true
}
17:20:58.323 [main] DEBUG org.apache.http.impl.conn.BasicClientConnectionManager - Get connection for route {}->http://192.168.1.11:8080
17:20:58.323 [main] DEBUG org.apache.http.impl.conn.DefaultClientConnectionOperator - Connecting to 192.168.1.11:8080
17:20:58.325 [main] DEBUG org.apache.http.client.protocol.RequestAddCookies - CookieSpec selected: ignoreCookies
17:20:58.325 [main] DEBUG org.apache.http.client.protocol.RequestAuthCache - Auth cache not set in the context
17:20:58.326 [main] DEBUG org.apache.http.client.protocol.RequestProxyAuthentication - Proxy auth state: UNCHALLENGED
17:20:58.326 [main] DEBUG org.apache.http.impl.client.DefaultHttpClient - Attempt 1 to execute request
17:20:58.326 [main] DEBUG org.apache.http.impl.conn.DefaultClientConnection - Sending request: POST /api/v1/AUTOMATIONTESTINGADVANCEDPROGRAM/dashboard HTTP/1.1
17:20:58.326 [main] DEBUG org.apache.http.wire -  >> "POST /api/v1/AUTOMATIONTESTINGADVANCEDPROGRAM/dashboard HTTP/1.1[\r][\n]"
17:20:58.326 [main] DEBUG org.apache.http.wire -  >> "Authorization: Bearer 8bb82a7d-a573-419e-9cce-c2419f308802[\r][\n]"
17:20:58.326 [main] DEBUG org.apache.http.wire -  >> "Accept: */*[\r][\n]"
17:20:58.326 [main] DEBUG org.apache.http.wire -  >> "Content-Type: application/json[\r][\n]"
17:20:58.326 [main] DEBUG org.apache.http.wire -  >> "Content-Length: 88[\r][\n]"
17:20:58.326 [main] DEBUG org.apache.http.wire -  >> "Host: 192.168.1.11:8080[\r][\n]"
17:20:58.326 [main] DEBUG org.apache.http.wire -  >> "Connection: Keep-Alive[\r][\n]"
17:20:58.326 [main] DEBUG org.apache.http.wire -  >> "User-Agent: Apache-HttpClient/4.5.13 (Java/11.0.19)[\r][\n]"
17:20:58.326 [main] DEBUG org.apache.http.wire -  >> "Accept-Encoding: gzip,deflate[\r][\n]"
17:20:58.327 [main] DEBUG org.apache.http.wire -  >> "[\r][\n]"
17:20:58.327 [main] DEBUG org.apache.http.headers - >> POST /api/v1/AUTOMATIONTESTINGADVANCEDPROGRAM/dashboard HTTP/1.1
17:20:58.327 [main] DEBUG org.apache.http.headers - >> Authorization: Bearer 8bb82a7d-a573-419e-9cce-c2419f308802
17:20:58.329 [main] DEBUG org.apache.http.headers - >> Accept: */*
17:20:58.363 [main] DEBUG org.apache.http.headers - >> Content-Type: application/json
17:20:58.363 [main] DEBUG org.apache.http.headers - >> Content-Length: 88
17:20:58.363 [main] DEBUG org.apache.http.headers - >> Host: 192.168.1.11:8080
17:20:58.363 [main] DEBUG org.apache.http.headers - >> Connection: Keep-Alive
17:20:58.363 [main] DEBUG org.apache.http.headers - >> User-Agent: Apache-HttpClient/4.5.13 (Java/11.0.19)
17:20:58.363 [main] DEBUG org.apache.http.headers - >> Accept-Encoding: gzip,deflate
17:20:58.363 [main] DEBUG org.apache.http.wire -  >> "{"name":"QAT Dashboard A02","description":"QAT Dashboard description A02","shared":true}"
17:20:58.492 [main] DEBUG org.apache.http.wire -  << "HTTP/1.1 409 Conflict[\r][\n]"
17:20:58.492 [main] DEBUG org.apache.http.wire -  << "Cache-Control: no-cache, no-store, max-age=0, must-revalidate[\r][\n]"
17:20:58.492 [main] DEBUG org.apache.http.wire -  << "Content-Type: application/json[\r][\n]"
17:20:58.492 [main] DEBUG org.apache.http.wire -  << "Date: Thu, 22 Jun 2023 15:20:58 GMT[\r][\n]"
17:20:58.492 [main] DEBUG org.apache.http.wire -  << "Expires: 0[\r][\n]"
17:20:58.492 [main] DEBUG org.apache.http.wire -  << "Pragma: no-cache[\r][\n]"
17:20:58.492 [main] DEBUG org.apache.http.wire -  << "X-Content-Type-Options: nosniff[\r][\n]"
17:20:58.492 [main] DEBUG org.apache.http.wire -  << "X-Frame-Options: DENY[\r][\n]"
17:20:58.492 [main] DEBUG org.apache.http.wire -  << "X-Xss-Protection: 1; mode=block[\r][\n]"
17:20:58.492 [main] DEBUG org.apache.http.wire -  << "Content-Length: 110[\r][\n]"
17:20:58.492 [main] DEBUG org.apache.http.wire -  << "[\r][\n]"
17:20:58.492 [main] DEBUG org.apache.http.impl.conn.DefaultClientConnection - Receiving response: HTTP/1.1 409 Conflict
17:20:58.493 [main] DEBUG org.apache.http.headers - << HTTP/1.1 409 Conflict
17:20:58.493 [main] DEBUG org.apache.http.headers - << Cache-Control: no-cache, no-store, max-age=0, must-revalidate
17:20:58.493 [main] DEBUG org.apache.http.headers - << Content-Type: application/json
17:20:58.493 [main] DEBUG org.apache.http.headers - << Date: Thu, 22 Jun 2023 15:20:58 GMT
17:20:58.493 [main] DEBUG org.apache.http.headers - << Expires: 0
17:20:58.493 [main] DEBUG org.apache.http.headers - << Pragma: no-cache
17:20:58.493 [main] DEBUG org.apache.http.headers - << X-Content-Type-Options: nosniff
17:20:58.493 [main] DEBUG org.apache.http.headers - << X-Frame-Options: DENY
17:20:58.493 [main] DEBUG org.apache.http.headers - << X-Xss-Protection: 1; mode=block
17:20:58.493 [main] DEBUG org.apache.http.headers - << Content-Length: 110
17:20:58.493 [main] DEBUG org.apache.http.impl.client.DefaultHttpClient - Connection can be kept alive indefinitely
17:20:58.493 [main] DEBUG io.restassured.internal.RestAssuredHttpBuilder - Parsing response as: application/json
17:20:58.493 [main] DEBUG io.restassured.internal.RestAssuredHttpBuilder - Parsed data to instance of: class org.apache.http.conn.EofSensorInputStream
17:20:58.495 [main] DEBUG org.apache.http.wire -  << "{"errorCode":4091,"message":"Resource 'QAT Dashboard A02' already exists. You couldn't create the duplicate."}"
17:20:58.495 [main] DEBUG org.apache.http.impl.conn.BasicClientConnectionManager - Releasing connection org.apache.http.impl.conn.ManagedClientConnectionImpl@7de6549d
17:20:58.495 [main] DEBUG org.apache.http.impl.conn.BasicClientConnectionManager - Connection can be kept alive indefinitely
HTTP/1.1 409 Conflict
Cache-Control: no-cache, no-store, max-age=0, must-revalidate
Content-Type: application/json
Date: Thu, 22 Jun 2023 15:20:58 GMT
Expires: 0
Pragma: no-cache
X-Content-Type-Options: nosniff
X-Frame-Options: DENY
X-Xss-Protection: 1; mode=block
Content-Length: 110

{
    "errorCode": 4091,
    "message": "Resource 'QAT Dashboard A02' already exists. You couldn't create the duplicate."
}
17:20:58.529 [rp-io-45] DEBUG com.epam.reportportal.service.Launch - TestItem with ID = 'fc51f486-6d09-4a23-9c35-4733b93f2f5b' successfully finished.
17:20:58.529 [rp-io-45] DEBUG com.epam.reportportal.utils.SubscriptionUtils - Finish test item completed
17:20:58.561 [rp-io-47] DEBUG com.epam.reportportal.service.Launch - ReportPortal item with ID '1ed7f498-705f-4ab8-bdaa-660a617d8775' has been created
17:20:58.561 [rp-io-47] DEBUG com.epam.reportportal.utils.SubscriptionUtils - Start test item successfully completed
2023-06-22 17:20:58 INFO  Listeners:32 - Succeeded Test null
]]></system-out>
  </testcase>
  <testcase name="h_updateDashboardNameRQ_UPDATE" classname="alltests.apitest.DashboardControllerTest" time="0.442">
    <system-out><![CDATA[2023-06-22 17:20:58 INFO  Listeners:28 - Started Test null
2023-06-22 17:20:58 INFO  DashboardControllerTest:86 - h_updateDashboardNameRQ_UPDATE
17:20:58.618 [rp-io-50] DEBUG com.epam.reportportal.service.Launch - Starting test item...rp-io-50
Request method:	PUT
Request URI:	http://192.168.1.11:8080/api/v1/AUTOMATIONTESTINGADVANCEDPROGRAM/dashboard/169
Proxy:			<none>
Request params:	<none>
Query params:	<none>
Form params:	<none>
Path params:	id=169
Headers:		Authorization=Bearer 8bb82a7d-a573-419e-9cce-c2419f308802
				Accept=*/*
				Content-Type=application/json
Cookies:		<none>
Multiparts:		<none>
Body:
{
    "name": "Updated QAT Dashboard A02 to A03",
    "description": "Updated Dashboard A02 description updated to A03",
    "shared": true
}
17:20:58.762 [main] DEBUG org.apache.http.impl.conn.BasicClientConnectionManager - Get connection for route {}->http://192.168.1.11:8080
17:20:58.762 [main] DEBUG org.apache.http.impl.conn.DefaultClientConnectionOperator - Connecting to 192.168.1.11:8080
17:20:58.764 [main] DEBUG org.apache.http.client.protocol.RequestAddCookies - CookieSpec selected: ignoreCookies
17:20:58.764 [main] DEBUG org.apache.http.client.protocol.RequestAuthCache - Auth cache not set in the context
17:20:58.764 [main] DEBUG org.apache.http.client.protocol.RequestProxyAuthentication - Proxy auth state: UNCHALLENGED
17:20:58.764 [main] DEBUG org.apache.http.impl.client.DefaultHttpClient - Attempt 1 to execute request
17:20:58.764 [rp-io-51] DEBUG com.epam.reportportal.service.Launch - TestItem with ID = '1ed7f498-705f-4ab8-bdaa-660a617d8775' successfully finished.
17:20:58.765 [rp-io-51] DEBUG com.epam.reportportal.utils.SubscriptionUtils - Finish test item completed
17:20:58.765 [main] DEBUG org.apache.http.impl.conn.DefaultClientConnection - Sending request: PUT /api/v1/AUTOMATIONTESTINGADVANCEDPROGRAM/dashboard/169 HTTP/1.1
17:20:58.765 [main] DEBUG org.apache.http.wire -  >> "PUT /api/v1/AUTOMATIONTESTINGADVANCEDPROGRAM/dashboard/169 HTTP/1.1[\r][\n]"
17:20:58.765 [main] DEBUG org.apache.http.wire -  >> "Authorization: Bearer 8bb82a7d-a573-419e-9cce-c2419f308802[\r][\n]"
17:20:58.765 [main] DEBUG org.apache.http.wire -  >> "Accept: */*[\r][\n]"
17:20:58.765 [main] DEBUG org.apache.http.wire -  >> "Content-Type: application/json[\r][\n]"
17:20:58.765 [main] DEBUG org.apache.http.wire -  >> "Content-Length: 122[\r][\n]"
17:20:58.765 [main] DEBUG org.apache.http.wire -  >> "Host: 192.168.1.11:8080[\r][\n]"
17:20:58.765 [main] DEBUG org.apache.http.wire -  >> "Connection: Keep-Alive[\r][\n]"
17:20:58.766 [main] DEBUG org.apache.http.wire -  >> "User-Agent: Apache-HttpClient/4.5.13 (Java/11.0.19)[\r][\n]"
17:20:58.766 [main] DEBUG org.apache.http.wire -  >> "Accept-Encoding: gzip,deflate[\r][\n]"
17:20:58.766 [main] DEBUG org.apache.http.wire -  >> "[\r][\n]"
17:20:58.766 [main] DEBUG org.apache.http.headers - >> PUT /api/v1/AUTOMATIONTESTINGADVANCEDPROGRAM/dashboard/169 HTTP/1.1
17:20:58.766 [main] DEBUG org.apache.http.headers - >> Authorization: Bearer 8bb82a7d-a573-419e-9cce-c2419f308802
17:20:58.766 [main] DEBUG org.apache.http.headers - >> Accept: */*
17:20:58.766 [main] DEBUG org.apache.http.headers - >> Content-Type: application/json
17:20:58.766 [main] DEBUG org.apache.http.headers - >> Content-Length: 122
17:20:58.766 [main] DEBUG org.apache.http.headers - >> Host: 192.168.1.11:8080
17:20:58.766 [main] DEBUG org.apache.http.headers - >> Connection: Keep-Alive
17:20:58.766 [main] DEBUG org.apache.http.headers - >> User-Agent: Apache-HttpClient/4.5.13 (Java/11.0.19)
17:20:58.766 [main] DEBUG org.apache.http.headers - >> Accept-Encoding: gzip,deflate
17:20:58.766 [main] DEBUG org.apache.http.wire -  >> "{"name":"Updated QAT Dashboard A02 to A03","description":"Updated Dashboard A02 description updated to A03","shared":true}"
17:20:58.918 [main] DEBUG org.apache.http.wire -  << "HTTP/1.1 200 OK[\r][\n]"
17:20:58.919 [main] DEBUG org.apache.http.wire -  << "Cache-Control: no-cache, no-store, max-age=0, must-revalidate[\r][\n]"
17:20:58.919 [main] DEBUG org.apache.http.wire -  << "Content-Type: application/json[\r][\n]"
17:20:58.919 [main] DEBUG org.apache.http.wire -  << "Date: Thu, 22 Jun 2023 15:20:58 GMT[\r][\n]"
17:20:58.920 [main] DEBUG org.apache.http.wire -  << "Expires: 0[\r][\n]"
17:20:58.921 [main] DEBUG org.apache.http.wire -  << "Pragma: no-cache[\r][\n]"
17:20:58.921 [main] DEBUG org.apache.http.wire -  << "X-Content-Type-Options: nosniff[\r][\n]"
17:20:58.921 [main] DEBUG org.apache.http.wire -  << "X-Frame-Options: DENY[\r][\n]"
17:20:58.921 [main] DEBUG org.apache.http.wire -  << "X-Xss-Protection: 1; mode=block[\r][\n]"
17:20:58.921 [main] DEBUG org.apache.http.wire -  << "Content-Length: 60[\r][\n]"
17:20:58.921 [main] DEBUG org.apache.http.wire -  << "[\r][\n]"
17:20:58.921 [main] DEBUG org.apache.http.impl.conn.DefaultClientConnection - Receiving response: HTTP/1.1 200 OK
17:20:58.921 [main] DEBUG org.apache.http.headers - << HTTP/1.1 200 OK
17:20:58.921 [main] DEBUG org.apache.http.headers - << Cache-Control: no-cache, no-store, max-age=0, must-revalidate
17:20:58.921 [main] DEBUG org.apache.http.headers - << Content-Type: application/json
17:20:58.921 [main] DEBUG org.apache.http.headers - << Date: Thu, 22 Jun 2023 15:20:58 GMT
17:20:58.921 [main] DEBUG org.apache.http.headers - << Expires: 0
17:20:58.921 [main] DEBUG org.apache.http.headers - << Pragma: no-cache
17:20:58.921 [main] DEBUG org.apache.http.headers - << X-Content-Type-Options: nosniff
17:20:58.921 [main] DEBUG org.apache.http.headers - << X-Frame-Options: DENY
17:20:58.921 [main] DEBUG org.apache.http.headers - << X-Xss-Protection: 1; mode=block
17:20:58.921 [main] DEBUG org.apache.http.headers - << Content-Length: 60
17:20:58.921 [main] DEBUG org.apache.http.impl.client.DefaultHttpClient - Connection can be kept alive indefinitely
17:20:58.921 [main] DEBUG io.restassured.internal.RestAssuredHttpBuilder - Parsing response as: application/json
17:20:58.922 [main] DEBUG io.restassured.internal.RestAssuredHttpBuilder - Parsed data to instance of: class org.apache.http.conn.EofSensorInputStream
17:20:58.924 [main] DEBUG org.apache.http.wire -  << "{"message":"Dashboard with ID = '169' successfully updated"}"
17:20:58.925 [main] DEBUG org.apache.http.impl.conn.BasicClientConnectionManager - Releasing connection org.apache.http.impl.conn.ManagedClientConnectionImpl@5efe5b25
17:20:58.925 [main] DEBUG org.apache.http.impl.conn.BasicClientConnectionManager - Connection can be kept alive indefinitely
HTTP/1.1 200 OK
Cache-Control: no-cache, no-store, max-age=0, must-revalidate
Content-Type: application/json
Date: Thu, 22 Jun 2023 15:20:58 GMT
Expires: 0
Pragma: no-cache
X-Content-Type-Options: nosniff
X-Frame-Options: DENY
X-Xss-Protection: 1; mode=block
Content-Length: 60

{
    "message": "Dashboard with ID = '169' successfully updated"
}
2023-06-22 17:20:58 INFO  Listeners:32 - Succeeded Test null
]]></system-out>
  </testcase>
  <testcase name="i_updateDashboardNameRQ_PATCH" classname="alltests.apitest.DashboardControllerTest" time="0.294">
    <system-out><![CDATA[2023-06-22 17:20:58 INFO  Listeners:28 - Started Test null
2023-06-22 17:20:58 INFO  DashboardControllerTest:93 - i_updateDashboardNameRQ_PATCH
17:20:58.947 [rp-io-56] DEBUG com.epam.reportportal.service.Launch - Starting test item...rp-io-56
Request method:	PATCH
Request URI:	http://192.168.1.11:8080/api/v1/AUTOMATIONTESTINGADVANCEDPROGRAM/dashboard/169
Proxy:			<none>
Request params:	<none>
Query params:	<none>
Form params:	<none>
Path params:	id=169
Headers:		Authorization=Bearer 8bb82a7d-a573-419e-9cce-c2419f308802
				Accept=*/*
				Content-Type=application/json
Cookies:		<none>
Multiparts:		<none>
Body:
{
    "name": "Updated QAT Dashboard A03 to A04",
    "description": null,
    "shared": false
}
17:20:58.987 [main] DEBUG org.apache.http.impl.conn.BasicClientConnectionManager - Get connection for route {}->http://192.168.1.11:8080
17:20:58.987 [main] DEBUG org.apache.http.impl.conn.DefaultClientConnectionOperator - Connecting to 192.168.1.11:8080
17:20:58.988 [main] DEBUG org.apache.http.client.protocol.RequestAddCookies - CookieSpec selected: ignoreCookies
17:20:58.988 [main] DEBUG org.apache.http.client.protocol.RequestAuthCache - Auth cache not set in the context
17:20:58.988 [main] DEBUG org.apache.http.client.protocol.RequestProxyAuthentication - Proxy auth state: UNCHALLENGED
17:20:58.988 [main] DEBUG org.apache.http.impl.client.DefaultHttpClient - Attempt 1 to execute request
17:20:58.988 [main] DEBUG org.apache.http.impl.conn.DefaultClientConnection - Sending request: PATCH /api/v1/AUTOMATIONTESTINGADVANCEDPROGRAM/dashboard/169 HTTP/1.1
17:20:58.988 [main] DEBUG org.apache.http.wire -  >> "PATCH /api/v1/AUTOMATIONTESTINGADVANCEDPROGRAM/dashboard/169 HTTP/1.1[\r][\n]"
17:20:58.989 [main] DEBUG org.apache.http.wire -  >> "Authorization: Bearer 8bb82a7d-a573-419e-9cce-c2419f308802[\r][\n]"
17:20:58.989 [main] DEBUG org.apache.http.wire -  >> "Accept: */*[\r][\n]"
17:20:58.989 [main] DEBUG org.apache.http.wire -  >> "Content-Type: application/json[\r][\n]"
17:20:58.989 [main] DEBUG org.apache.http.wire -  >> "Content-Length: 77[\r][\n]"
17:20:58.989 [main] DEBUG org.apache.http.wire -  >> "Host: 192.168.1.11:8080[\r][\n]"
17:20:58.989 [main] DEBUG org.apache.http.wire -  >> "Connection: Keep-Alive[\r][\n]"
17:20:58.989 [main] DEBUG org.apache.http.wire -  >> "User-Agent: Apache-HttpClient/4.5.13 (Java/11.0.19)[\r][\n]"
17:20:58.989 [main] DEBUG org.apache.http.wire -  >> "Accept-Encoding: gzip,deflate[\r][\n]"
17:20:58.989 [main] DEBUG org.apache.http.wire -  >> "[\r][\n]"
17:20:58.989 [main] DEBUG org.apache.http.headers - >> PATCH /api/v1/AUTOMATIONTESTINGADVANCEDPROGRAM/dashboard/169 HTTP/1.1
17:20:58.989 [main] DEBUG org.apache.http.headers - >> Authorization: Bearer 8bb82a7d-a573-419e-9cce-c2419f308802
17:20:58.989 [main] DEBUG org.apache.http.headers - >> Accept: */*
17:20:58.989 [main] DEBUG org.apache.http.headers - >> Content-Type: application/json
17:20:58.989 [main] DEBUG org.apache.http.headers - >> Content-Length: 77
17:20:58.989 [main] DEBUG org.apache.http.headers - >> Host: 192.168.1.11:8080
17:20:58.989 [main] DEBUG org.apache.http.headers - >> Connection: Keep-Alive
17:20:58.989 [main] DEBUG org.apache.http.headers - >> User-Agent: Apache-HttpClient/4.5.13 (Java/11.0.19)
17:20:58.989 [main] DEBUG org.apache.http.headers - >> Accept-Encoding: gzip,deflate
17:20:58.989 [main] DEBUG org.apache.http.wire -  >> "{"name":"Updated QAT Dashboard A03 to A04","description":null,"shared":false}"
17:20:59.016 [rp-io-53] DEBUG com.epam.reportportal.service.Launch - ReportPortal item with ID '07b70a61-ddba-4dcd-b337-c1110edea982' has been created
17:20:59.017 [rp-io-53] DEBUG com.epam.reportportal.utils.SubscriptionUtils - Start test item successfully completed
17:20:59.196 [rp-io-59] DEBUG com.epam.reportportal.service.Launch - TestItem with ID = '07b70a61-ddba-4dcd-b337-c1110edea982' successfully finished.
17:20:59.197 [rp-io-59] DEBUG com.epam.reportportal.utils.SubscriptionUtils - Finish test item completed
17:20:59.198 [main] DEBUG org.apache.http.wire -  << "HTTP/1.1 405 Method Not Allowed[\r][\n]"
17:20:59.198 [main] DEBUG org.apache.http.wire -  << "Allow: PUT, GET, DELETE[\r][\n]"
17:20:59.200 [main] DEBUG org.apache.http.wire -  << "Cache-Control: no-cache, no-store, max-age=0, must-revalidate[\r][\n]"
17:20:59.200 [main] DEBUG org.apache.http.wire -  << "Content-Type: application/json[\r][\n]"
17:20:59.200 [main] DEBUG org.apache.http.wire -  << "Date: Thu, 22 Jun 2023 15:20:59 GMT[\r][\n]"
17:20:59.200 [main] DEBUG org.apache.http.wire -  << "Expires: 0[\r][\n]"
17:20:59.200 [main] DEBUG org.apache.http.wire -  << "Pragma: no-cache[\r][\n]"
17:20:59.200 [main] DEBUG org.apache.http.wire -  << "X-Content-Type-Options: nosniff[\r][\n]"
17:20:59.200 [main] DEBUG org.apache.http.wire -  << "X-Frame-Options: DENY[\r][\n]"
17:20:59.200 [main] DEBUG org.apache.http.wire -  << "X-Xss-Protection: 1; mode=block[\r][\n]"
17:20:59.200 [main] DEBUG org.apache.http.wire -  << "Content-Length: 129[\r][\n]"
17:20:59.200 [main] DEBUG org.apache.http.wire -  << "[\r][\n]"
17:20:59.200 [main] DEBUG org.apache.http.impl.conn.DefaultClientConnection - Receiving response: HTTP/1.1 405 Method Not Allowed
17:20:59.200 [main] DEBUG org.apache.http.headers - << HTTP/1.1 405 Method Not Allowed
17:20:59.200 [main] DEBUG org.apache.http.headers - << Allow: PUT, GET, DELETE
17:20:59.200 [main] DEBUG org.apache.http.headers - << Cache-Control: no-cache, no-store, max-age=0, must-revalidate
17:20:59.200 [main] DEBUG org.apache.http.headers - << Content-Type: application/json
17:20:59.200 [main] DEBUG org.apache.http.headers - << Date: Thu, 22 Jun 2023 15:20:59 GMT
17:20:59.200 [main] DEBUG org.apache.http.headers - << Expires: 0
17:20:59.200 [main] DEBUG org.apache.http.headers - << Pragma: no-cache
17:20:59.200 [main] DEBUG org.apache.http.headers - << X-Content-Type-Options: nosniff
17:20:59.200 [main] DEBUG org.apache.http.headers - << X-Frame-Options: DENY
17:20:59.200 [main] DEBUG org.apache.http.headers - << X-Xss-Protection: 1; mode=block
17:20:59.200 [main] DEBUG org.apache.http.headers - << Content-Length: 129
17:20:59.200 [main] DEBUG org.apache.http.impl.client.DefaultHttpClient - Connection can be kept alive indefinitely
17:20:59.200 [main] DEBUG io.restassured.internal.RestAssuredHttpBuilder - Parsing response as: application/json
17:20:59.200 [main] DEBUG io.restassured.internal.RestAssuredHttpBuilder - Parsed data to instance of: class org.apache.http.conn.EofSensorInputStream
17:20:59.203 [main] DEBUG org.apache.http.wire -  << "{"timestamp":1687447259095,"status":405,"error":"Method Not Allowed","path":"/v1/AUTOMATIONTESTINGADVANCEDPROGRAM/dashboard/169"}"
17:20:59.204 [main] DEBUG org.apache.http.impl.conn.BasicClientConnectionManager - Releasing connection org.apache.http.impl.conn.ManagedClientConnectionImpl@77a2688d
17:20:59.204 [main] DEBUG org.apache.http.impl.conn.BasicClientConnectionManager - Connection can be kept alive indefinitely
17:20:59.204 [rp-io-58] DEBUG com.epam.reportportal.service.Launch - ReportPortal item with ID 'b2055952-15da-4996-8459-bf0f5bcf9961' has been created
17:20:59.204 [rp-io-58] DEBUG com.epam.reportportal.utils.SubscriptionUtils - Start test item successfully completed
HTTP/1.1 405 Method Not Allowed
Allow: PUT, GET, DELETE
Cache-Control: no-cache, no-store, max-age=0, must-revalidate
Content-Type: application/json
Date: Thu, 22 Jun 2023 15:20:59 GMT
Expires: 0
Pragma: no-cache
X-Content-Type-Options: nosniff
X-Frame-Options: DENY
X-Xss-Protection: 1; mode=block
Content-Length: 129

{
    "timestamp": 1687447259095,
    "status": 405,
    "error": "Method Not Allowed",
    "path": "/v1/AUTOMATIONTESTINGADVANCEDPROGRAM/dashboard/169"
}
2023-06-22 17:20:59 INFO  Listeners:32 - Succeeded Test null
]]></system-out>
  </testcase>
  <testcase name="j_updateDashboardWithNull_PATCH" classname="alltests.apitest.DashboardControllerTest" time="0.106">
    <system-out><![CDATA[17:20:59.316 [rp-io-62] DEBUG com.epam.reportportal.service.Launch - Starting test item...rp-io-62
2023-06-22 17:20:59 INFO  Listeners:28 - Started Test null
2023-06-22 17:20:59 INFO  DashboardControllerTest:102 - j_updateDashboardWithNull_PATCH
Request method:	PATCH
Request URI:	http://192.168.1.11:8080/api/v1/AUTOMATIONTESTINGADVANCEDPROGRAM/dashboard/169
Proxy:			<none>
Request params:	<none>
Query params:	<none>
Form params:	<none>
Path params:	id=169
Headers:		Authorization=Bearer 8bb82a7d-a573-419e-9cce-c2419f308802
				Accept=*/*
				Content-Type=application/json
Cookies:		<none>
Multiparts:		<none>
Body:
{
    "name": "",
    "description": null,
    "shared": false
}
17:20:59.346 [main] DEBUG org.apache.http.impl.conn.BasicClientConnectionManager - Get connection for route {}->http://192.168.1.11:8080
17:20:59.346 [main] DEBUG org.apache.http.impl.conn.DefaultClientConnectionOperator - Connecting to 192.168.1.11:8080
17:20:59.348 [main] DEBUG org.apache.http.client.protocol.RequestAddCookies - CookieSpec selected: ignoreCookies
17:20:59.348 [main] DEBUG org.apache.http.client.protocol.RequestAuthCache - Auth cache not set in the context
17:20:59.348 [main] DEBUG org.apache.http.client.protocol.RequestProxyAuthentication - Proxy auth state: UNCHALLENGED
17:20:59.348 [main] DEBUG org.apache.http.impl.client.DefaultHttpClient - Attempt 1 to execute request
17:20:59.348 [main] DEBUG org.apache.http.impl.conn.DefaultClientConnection - Sending request: PATCH /api/v1/AUTOMATIONTESTINGADVANCEDPROGRAM/dashboard/169 HTTP/1.1
17:20:59.348 [main] DEBUG org.apache.http.wire -  >> "PATCH /api/v1/AUTOMATIONTESTINGADVANCEDPROGRAM/dashboard/169 HTTP/1.1[\r][\n]"
17:20:59.349 [main] DEBUG org.apache.http.wire -  >> "Authorization: Bearer 8bb82a7d-a573-419e-9cce-c2419f308802[\r][\n]"
17:20:59.349 [main] DEBUG org.apache.http.wire -  >> "Accept: */*[\r][\n]"
17:20:59.349 [main] DEBUG org.apache.http.wire -  >> "Content-Type: application/json[\r][\n]"
17:20:59.349 [main] DEBUG org.apache.http.wire -  >> "Content-Length: 45[\r][\n]"
17:20:59.349 [main] DEBUG org.apache.http.wire -  >> "Host: 192.168.1.11:8080[\r][\n]"
17:20:59.349 [main] DEBUG org.apache.http.wire -  >> "Connection: Keep-Alive[\r][\n]"
17:20:59.349 [main] DEBUG org.apache.http.wire -  >> "User-Agent: Apache-HttpClient/4.5.13 (Java/11.0.19)[\r][\n]"
17:20:59.349 [main] DEBUG org.apache.http.wire -  >> "Accept-Encoding: gzip,deflate[\r][\n]"
17:20:59.349 [main] DEBUG org.apache.http.wire -  >> "[\r][\n]"
17:20:59.349 [main] DEBUG org.apache.http.headers - >> PATCH /api/v1/AUTOMATIONTESTINGADVANCEDPROGRAM/dashboard/169 HTTP/1.1
17:20:59.349 [main] DEBUG org.apache.http.headers - >> Authorization: Bearer 8bb82a7d-a573-419e-9cce-c2419f308802
17:20:59.349 [main] DEBUG org.apache.http.headers - >> Accept: */*
17:20:59.349 [main] DEBUG org.apache.http.headers - >> Content-Type: application/json
17:20:59.349 [main] DEBUG org.apache.http.headers - >> Content-Length: 45
17:20:59.349 [main] DEBUG org.apache.http.headers - >> Host: 192.168.1.11:8080
17:20:59.349 [main] DEBUG org.apache.http.headers - >> Connection: Keep-Alive
17:20:59.349 [main] DEBUG org.apache.http.headers - >> User-Agent: Apache-HttpClient/4.5.13 (Java/11.0.19)
17:20:59.349 [main] DEBUG org.apache.http.headers - >> Accept-Encoding: gzip,deflate
17:20:59.349 [main] DEBUG org.apache.http.wire -  >> "{"name":"","description":null,"shared":false}"
17:20:59.393 [main] DEBUG org.apache.http.wire -  << "HTTP/1.1 405 Method Not Allowed[\r][\n]"
17:20:59.393 [main] DEBUG org.apache.http.wire -  << "Allow: PUT, GET, DELETE[\r][\n]"
17:20:59.393 [main] DEBUG org.apache.http.wire -  << "Cache-Control: no-cache, no-store, max-age=0, must-revalidate[\r][\n]"
17:20:59.393 [main] DEBUG org.apache.http.wire -  << "Content-Type: application/json[\r][\n]"
17:20:59.393 [main] DEBUG org.apache.http.wire -  << "Date: Thu, 22 Jun 2023 15:20:59 GMT[\r][\n]"
17:20:59.393 [main] DEBUG org.apache.http.wire -  << "Expires: 0[\r][\n]"
17:20:59.393 [main] DEBUG org.apache.http.wire -  << "Pragma: no-cache[\r][\n]"
17:20:59.393 [main] DEBUG org.apache.http.wire -  << "X-Content-Type-Options: nosniff[\r][\n]"
17:20:59.393 [main] DEBUG org.apache.http.wire -  << "X-Frame-Options: DENY[\r][\n]"
17:20:59.393 [main] DEBUG org.apache.http.wire -  << "X-Xss-Protection: 1; mode=block[\r][\n]"
17:20:59.394 [main] DEBUG org.apache.http.wire -  << "Content-Length: 129[\r][\n]"
17:20:59.394 [main] DEBUG org.apache.http.wire -  << "[\r][\n]"
17:20:59.394 [main] DEBUG org.apache.http.impl.conn.DefaultClientConnection - Receiving response: HTTP/1.1 405 Method Not Allowed
17:20:59.394 [main] DEBUG org.apache.http.headers - << HTTP/1.1 405 Method Not Allowed
17:20:59.394 [main] DEBUG org.apache.http.headers - << Allow: PUT, GET, DELETE
17:20:59.394 [main] DEBUG org.apache.http.headers - << Cache-Control: no-cache, no-store, max-age=0, must-revalidate
17:20:59.394 [main] DEBUG org.apache.http.headers - << Content-Type: application/json
17:20:59.394 [main] DEBUG org.apache.http.headers - << Date: Thu, 22 Jun 2023 15:20:59 GMT
17:20:59.394 [main] DEBUG org.apache.http.headers - << Expires: 0
17:20:59.394 [main] DEBUG org.apache.http.headers - << Pragma: no-cache
17:20:59.394 [main] DEBUG org.apache.http.headers - << X-Content-Type-Options: nosniff
17:20:59.394 [main] DEBUG org.apache.http.headers - << X-Frame-Options: DENY
17:20:59.394 [main] DEBUG org.apache.http.headers - << X-Xss-Protection: 1; mode=block
17:20:59.394 [main] DEBUG org.apache.http.headers - << Content-Length: 129
17:20:59.394 [main] DEBUG org.apache.http.impl.client.DefaultHttpClient - Connection can be kept alive indefinitely
17:20:59.394 [main] DEBUG io.restassured.internal.RestAssuredHttpBuilder - Parsing response as: application/json
17:20:59.394 [main] DEBUG io.restassured.internal.RestAssuredHttpBuilder - Parsed data to instance of: class org.apache.http.conn.EofSensorInputStream
17:20:59.396 [main] DEBUG org.apache.http.wire -  << "{"timestamp":1687447259385,"status":405,"error":"Method Not Allowed","path":"/v1/AUTOMATIONTESTINGADVANCEDPROGRAM/dashboard/169"}"
17:20:59.397 [main] DEBUG org.apache.http.impl.conn.BasicClientConnectionManager - Releasing connection org.apache.http.impl.conn.ManagedClientConnectionImpl@5871a482
17:20:59.397 [main] DEBUG org.apache.http.impl.conn.BasicClientConnectionManager - Connection can be kept alive indefinitely
HTTP/1.1 405 Method Not Allowed
Allow: PUT, GET, DELETE
Cache-Control: no-cache, no-store, max-age=0, must-revalidate
Content-Type: application/json
Date: Thu, 22 Jun 2023 15:20:59 GMT
Expires: 0
Pragma: no-cache
X-Content-Type-Options: nosniff
X-Frame-Options: DENY
X-Xss-Protection: 1; mode=block
Content-Length: 129

{
    "timestamp": 1687447259385,
    "status": 405,
    "error": "Method Not Allowed",
    "path": "/v1/AUTOMATIONTESTINGADVANCEDPROGRAM/dashboard/169"
}
17:20:59.417 [rp-io-63] DEBUG com.epam.reportportal.service.Launch - TestItem with ID = 'b2055952-15da-4996-8459-bf0f5bcf9961' successfully finished.
17:20:59.417 [rp-io-63] DEBUG com.epam.reportportal.utils.SubscriptionUtils - Finish test item completed
17:20:59.443 [rp-io-65] DEBUG com.epam.reportportal.service.Launch - ReportPortal item with ID '558428ff-485f-4454-9741-e664a87abc1d' has been created
17:20:59.444 [rp-io-65] DEBUG com.epam.reportportal.utils.SubscriptionUtils - Start test item successfully completed
2023-06-22 17:20:59 INFO  Listeners:32 - Succeeded Test null
]]></system-out>
  </testcase>
  <testcase name="k_deleteDashboardById_DELETE" classname="alltests.apitest.DashboardControllerTest" time="0.128">
    <system-out><![CDATA[2023-06-22 17:20:59 INFO  Listeners:28 - Started Test null
2023-06-22 17:20:59 INFO  DashboardControllerTest:111 - k_deleteDashboardById_DELETE
17:20:59.474 [rp-io-68] DEBUG com.epam.reportportal.service.Launch - Starting test item...rp-io-68
Request method:	DELETE
Request URI:	http://192.168.1.11:8080/api/v1/AUTOMATIONTESTINGADVANCEDPROGRAM/dashboard/169
Proxy:			<none>
Request params:	<none>
Query params:	<none>
Form params:	<none>
Path params:	id=169
Headers:		Authorization=Bearer 8bb82a7d-a573-419e-9cce-c2419f308802
				Accept=*/*
				Content-Type=application/json
Cookies:		<none>
Multiparts:		<none>
Body:			<none>
17:20:59.511 [main] DEBUG org.apache.http.impl.conn.BasicClientConnectionManager - Get connection for route {}->http://192.168.1.11:8080
17:20:59.511 [main] DEBUG org.apache.http.impl.conn.DefaultClientConnectionOperator - Connecting to 192.168.1.11:8080
17:20:59.512 [main] DEBUG org.apache.http.client.protocol.RequestAddCookies - CookieSpec selected: ignoreCookies
17:20:59.513 [main] DEBUG org.apache.http.client.protocol.RequestAuthCache - Auth cache not set in the context
17:20:59.513 [main] DEBUG org.apache.http.client.protocol.RequestProxyAuthentication - Proxy auth state: UNCHALLENGED
17:20:59.513 [main] DEBUG org.apache.http.impl.client.DefaultHttpClient - Attempt 1 to execute request
17:20:59.513 [main] DEBUG org.apache.http.impl.conn.DefaultClientConnection - Sending request: DELETE /api/v1/AUTOMATIONTESTINGADVANCEDPROGRAM/dashboard/169 HTTP/1.1
17:20:59.513 [main] DEBUG org.apache.http.wire -  >> "DELETE /api/v1/AUTOMATIONTESTINGADVANCEDPROGRAM/dashboard/169 HTTP/1.1[\r][\n]"
17:20:59.513 [main] DEBUG org.apache.http.wire -  >> "Content-Type: application/json[\r][\n]"
17:20:59.513 [main] DEBUG org.apache.http.wire -  >> "Authorization: Bearer 8bb82a7d-a573-419e-9cce-c2419f308802[\r][\n]"
17:20:59.513 [main] DEBUG org.apache.http.wire -  >> "Accept: */*[\r][\n]"
17:20:59.513 [main] DEBUG org.apache.http.wire -  >> "Host: 192.168.1.11:8080[\r][\n]"
17:20:59.513 [main] DEBUG org.apache.http.wire -  >> "Connection: Keep-Alive[\r][\n]"
17:20:59.513 [main] DEBUG org.apache.http.wire -  >> "User-Agent: Apache-HttpClient/4.5.13 (Java/11.0.19)[\r][\n]"
17:20:59.513 [main] DEBUG org.apache.http.wire -  >> "Accept-Encoding: gzip,deflate[\r][\n]"
17:20:59.513 [main] DEBUG org.apache.http.wire -  >> "[\r][\n]"
17:20:59.513 [main] DEBUG org.apache.http.headers - >> DELETE /api/v1/AUTOMATIONTESTINGADVANCEDPROGRAM/dashboard/169 HTTP/1.1
17:20:59.513 [main] DEBUG org.apache.http.headers - >> Content-Type: application/json
17:20:59.513 [main] DEBUG org.apache.http.headers - >> Authorization: Bearer 8bb82a7d-a573-419e-9cce-c2419f308802
17:20:59.513 [main] DEBUG org.apache.http.headers - >> Accept: */*
17:20:59.513 [main] DEBUG org.apache.http.headers - >> Host: 192.168.1.11:8080
17:20:59.513 [main] DEBUG org.apache.http.headers - >> Connection: Keep-Alive
17:20:59.513 [main] DEBUG org.apache.http.headers - >> User-Agent: Apache-HttpClient/4.5.13 (Java/11.0.19)
17:20:59.513 [main] DEBUG org.apache.http.headers - >> Accept-Encoding: gzip,deflate
17:20:59.635 [rp-io-69] DEBUG com.epam.reportportal.service.Launch - TestItem with ID = '558428ff-485f-4454-9741-e664a87abc1d' successfully finished.
17:20:59.635 [rp-io-69] DEBUG com.epam.reportportal.utils.SubscriptionUtils - Finish test item completed
17:20:59.663 [main] DEBUG org.apache.http.wire -  << "HTTP/1.1 200 OK[\r][\n]"
17:20:59.663 [main] DEBUG org.apache.http.wire -  << "Cache-Control: no-cache, no-store, max-age=0, must-revalidate[\r][\n]"
17:20:59.663 [main] DEBUG org.apache.http.wire -  << "Content-Type: application/json[\r][\n]"
17:20:59.663 [main] DEBUG org.apache.http.wire -  << "Date: Thu, 22 Jun 2023 15:20:59 GMT[\r][\n]"
17:20:59.663 [main] DEBUG org.apache.http.wire -  << "Expires: 0[\r][\n]"
17:20:59.663 [main] DEBUG org.apache.http.wire -  << "Pragma: no-cache[\r][\n]"
17:20:59.663 [main] DEBUG org.apache.http.wire -  << "X-Content-Type-Options: nosniff[\r][\n]"
17:20:59.663 [main] DEBUG org.apache.http.wire -  << "X-Frame-Options: DENY[\r][\n]"
17:20:59.663 [main] DEBUG org.apache.http.wire -  << "X-Xss-Protection: 1; mode=block[\r][\n]"
17:20:59.663 [main] DEBUG org.apache.http.wire -  << "Content-Length: 61[\r][\n]"
17:20:59.663 [main] DEBUG org.apache.http.wire -  << "[\r][\n]"
17:20:59.663 [main] DEBUG org.apache.http.impl.conn.DefaultClientConnection - Receiving response: HTTP/1.1 200 OK
17:20:59.663 [main] DEBUG org.apache.http.headers - << HTTP/1.1 200 OK
17:20:59.663 [main] DEBUG org.apache.http.headers - << Cache-Control: no-cache, no-store, max-age=0, must-revalidate
17:20:59.663 [main] DEBUG org.apache.http.headers - << Content-Type: application/json
17:20:59.663 [main] DEBUG org.apache.http.headers - << Date: Thu, 22 Jun 2023 15:20:59 GMT
17:20:59.663 [main] DEBUG org.apache.http.headers - << Expires: 0
17:20:59.663 [main] DEBUG org.apache.http.headers - << Pragma: no-cache
17:20:59.663 [main] DEBUG org.apache.http.headers - << X-Content-Type-Options: nosniff
17:20:59.663 [main] DEBUG org.apache.http.headers - << X-Frame-Options: DENY
17:20:59.663 [main] DEBUG org.apache.http.headers - << X-Xss-Protection: 1; mode=block
17:20:59.663 [main] DEBUG org.apache.http.headers - << Content-Length: 61
17:20:59.664 [main] DEBUG org.apache.http.impl.client.DefaultHttpClient - Connection can be kept alive indefinitely
17:20:59.664 [main] DEBUG io.restassured.internal.RestAssuredHttpBuilder - Parsing response as: application/json
17:20:59.664 [main] DEBUG io.restassured.internal.RestAssuredHttpBuilder - Parsed data to instance of: class org.apache.http.conn.EofSensorInputStream
17:20:59.666 [main] DEBUG org.apache.http.wire -  << "{"message":"Dashboard with ID = '169' successfully deleted."}"
17:20:59.666 [main] DEBUG org.apache.http.impl.conn.BasicClientConnectionManager - Releasing connection org.apache.http.impl.conn.ManagedClientConnectionImpl@43755e2f
17:20:59.666 [main] DEBUG org.apache.http.impl.conn.BasicClientConnectionManager - Connection can be kept alive indefinitely
HTTP/1.1 200 OK
Cache-Control: no-cache, no-store, max-age=0, must-revalidate
Content-Type: application/json
Date: Thu, 22 Jun 2023 15:20:59 GMT
Expires: 0
Pragma: no-cache
X-Content-Type-Options: nosniff
X-Frame-Options: DENY
X-Xss-Protection: 1; mode=block
Content-Length: 61

{
    "message": "Dashboard with ID = '169' successfully deleted."
}
2023-06-22 17:20:59 INFO  Listeners:32 - Succeeded Test null
]]></system-out>
  </testcase>
  <testcase name="l_deleteDashboardByIdThatDoesNotExist_DELETE" classname="alltests.apitest.DashboardControllerTest" time="0.206">
    <system-out><![CDATA[2023-06-22 17:20:59 INFO  Listeners:28 - Started Test null
2023-06-22 17:20:59 INFO  DashboardControllerTest:119 - l_deleteDashboardByIdThatDoesNotExist_DELETE
Request method:	DELETE
Request URI:	http://192.168.1.11:8080/api/v1/AUTOMATIONTESTINGADVANCEDPROGRAM/dashboard/169
Proxy:			<none>
Request params:	<none>
Query params:	<none>
Form params:	<none>
Path params:	id=169
Headers:		Authorization=Bearer 8bb82a7d-a573-419e-9cce-c2419f308802
				Accept=*/*
				Content-Type=application/json
Cookies:		<none>
Multiparts:		<none>
Body:			<none>
17:20:59.751 [main] DEBUG org.apache.http.impl.conn.BasicClientConnectionManager - Get connection for route {}->http://192.168.1.11:8080
17:20:59.751 [main] DEBUG org.apache.http.impl.conn.DefaultClientConnectionOperator - Connecting to 192.168.1.11:8080
17:20:59.752 [rp-io-71] DEBUG com.epam.reportportal.service.Launch - ReportPortal item with ID '01799a82-5139-43ce-bdbf-98c960ddc9ea' has been created
17:20:59.752 [rp-io-71] DEBUG com.epam.reportportal.utils.SubscriptionUtils - Start test item successfully completed
17:20:59.752 [main] DEBUG org.apache.http.client.protocol.RequestAddCookies - CookieSpec selected: ignoreCookies
17:20:59.753 [main] DEBUG org.apache.http.client.protocol.RequestAuthCache - Auth cache not set in the context
17:20:59.753 [main] DEBUG org.apache.http.client.protocol.RequestProxyAuthentication - Proxy auth state: UNCHALLENGED
17:20:59.753 [main] DEBUG org.apache.http.impl.client.DefaultHttpClient - Attempt 1 to execute request
17:20:59.753 [main] DEBUG org.apache.http.impl.conn.DefaultClientConnection - Sending request: DELETE /api/v1/AUTOMATIONTESTINGADVANCEDPROGRAM/dashboard/169 HTTP/1.1
17:20:59.753 [main] DEBUG org.apache.http.wire -  >> "DELETE /api/v1/AUTOMATIONTESTINGADVANCEDPROGRAM/dashboard/169 HTTP/1.1[\r][\n]"
17:20:59.753 [main] DEBUG org.apache.http.wire -  >> "Content-Type: application/json[\r][\n]"
17:20:59.753 [main] DEBUG org.apache.http.wire -  >> "Authorization: Bearer 8bb82a7d-a573-419e-9cce-c2419f308802[\r][\n]"
17:20:59.753 [main] DEBUG org.apache.http.wire -  >> "Accept: */*[\r][\n]"
17:20:59.753 [main] DEBUG org.apache.http.wire -  >> "Host: 192.168.1.11:8080[\r][\n]"
17:20:59.753 [main] DEBUG org.apache.http.wire -  >> "Connection: Keep-Alive[\r][\n]"
17:20:59.753 [main] DEBUG org.apache.http.wire -  >> "User-Agent: Apache-HttpClient/4.5.13 (Java/11.0.19)[\r][\n]"
17:20:59.753 [main] DEBUG org.apache.http.wire -  >> "Accept-Encoding: gzip,deflate[\r][\n]"
17:20:59.753 [main] DEBUG org.apache.http.wire -  >> "[\r][\n]"
17:20:59.753 [main] DEBUG org.apache.http.headers - >> DELETE /api/v1/AUTOMATIONTESTINGADVANCEDPROGRAM/dashboard/169 HTTP/1.1
17:20:59.753 [main] DEBUG org.apache.http.headers - >> Content-Type: application/json
17:20:59.753 [main] DEBUG org.apache.http.headers - >> Authorization: Bearer 8bb82a7d-a573-419e-9cce-c2419f308802
17:20:59.753 [main] DEBUG org.apache.http.headers - >> Accept: */*
17:20:59.753 [main] DEBUG org.apache.http.headers - >> Host: 192.168.1.11:8080
17:20:59.753 [main] DEBUG org.apache.http.headers - >> Connection: Keep-Alive
17:20:59.753 [main] DEBUG org.apache.http.headers - >> User-Agent: Apache-HttpClient/4.5.13 (Java/11.0.19)
17:20:59.753 [main] DEBUG org.apache.http.headers - >> Accept-Encoding: gzip,deflate
17:20:59.754 [rp-io-74] DEBUG com.epam.reportportal.service.Launch - Starting test item...rp-io-74
17:20:59.819 [main] DEBUG org.apache.http.wire -  << "HTTP/1.1 404 Not Found[\r][\n]"
17:20:59.819 [main] DEBUG org.apache.http.wire -  << "Cache-Control: no-cache, no-store, max-age=0, must-revalidate[\r][\n]"
17:20:59.819 [main] DEBUG org.apache.http.wire -  << "Content-Type: application/json[\r][\n]"
17:20:59.819 [main] DEBUG org.apache.http.wire -  << "Date: Thu, 22 Jun 2023 15:20:59 GMT[\r][\n]"
17:20:59.819 [main] DEBUG org.apache.http.wire -  << "Expires: 0[\r][\n]"
17:20:59.819 [main] DEBUG org.apache.http.wire -  << "Pragma: no-cache[\r][\n]"
17:20:59.819 [main] DEBUG org.apache.http.wire -  << "X-Content-Type-Options: nosniff[\r][\n]"
17:20:59.819 [main] DEBUG org.apache.http.wire -  << "X-Frame-Options: DENY[\r][\n]"
17:20:59.819 [main] DEBUG org.apache.http.wire -  << "X-Xss-Protection: 1; mode=block[\r][\n]"
17:20:59.819 [main] DEBUG org.apache.http.wire -  << "Content-Length: 146[\r][\n]"
17:20:59.819 [main] DEBUG org.apache.http.wire -  << "[\r][\n]"
17:20:59.819 [main] DEBUG org.apache.http.impl.conn.DefaultClientConnection - Receiving response: HTTP/1.1 404 Not Found
17:20:59.820 [main] DEBUG org.apache.http.headers - << HTTP/1.1 404 Not Found
17:20:59.820 [main] DEBUG org.apache.http.headers - << Cache-Control: no-cache, no-store, max-age=0, must-revalidate
17:20:59.820 [main] DEBUG org.apache.http.headers - << Content-Type: application/json
17:20:59.820 [main] DEBUG org.apache.http.headers - << Date: Thu, 22 Jun 2023 15:20:59 GMT
17:20:59.820 [main] DEBUG org.apache.http.headers - << Expires: 0
17:20:59.820 [main] DEBUG org.apache.http.headers - << Pragma: no-cache
17:20:59.820 [main] DEBUG org.apache.http.headers - << X-Content-Type-Options: nosniff
17:20:59.820 [main] DEBUG org.apache.http.headers - << X-Frame-Options: DENY
17:20:59.820 [main] DEBUG org.apache.http.headers - << X-Xss-Protection: 1; mode=block
17:20:59.820 [main] DEBUG org.apache.http.headers - << Content-Length: 146
17:20:59.820 [main] DEBUG org.apache.http.impl.client.DefaultHttpClient - Connection can be kept alive indefinitely
17:20:59.820 [main] DEBUG io.restassured.internal.RestAssuredHttpBuilder - Parsing response as: application/json
17:20:59.820 [main] DEBUG io.restassured.internal.RestAssuredHttpBuilder - Parsed data to instance of: class org.apache.http.conn.EofSensorInputStream
17:20:59.822 [main] DEBUG org.apache.http.wire -  << "{"errorCode":40422,"message":"Dashboard with ID '169' not found on project 'automationtestingadvancedprogram'. Did you use correct Dashboard ID?"}"
17:20:59.823 [main] DEBUG org.apache.http.impl.conn.BasicClientConnectionManager - Releasing connection org.apache.http.impl.conn.ManagedClientConnectionImpl@504b8705
17:20:59.823 [main] DEBUG org.apache.http.impl.conn.BasicClientConnectionManager - Connection can be kept alive indefinitely
HTTP/1.1 404 Not Found
Cache-Control: no-cache, no-store, max-age=0, must-revalidate
Content-Type: application/json
Date: Thu, 22 Jun 2023 15:20:59 GMT
Expires: 0
Pragma: no-cache
X-Content-Type-Options: nosniff
X-Frame-Options: DENY
X-Xss-Protection: 1; mode=block
Content-Length: 146

{
    "errorCode": 40422,
    "message": "Dashboard with ID '169' not found on project 'automationtestingadvancedprogram'. Did you use correct Dashboard ID?"
}
17:20:59.849 [rp-io-76] DEBUG com.epam.reportportal.service.Launch - TestItem with ID = '01799a82-5139-43ce-bdbf-98c960ddc9ea' successfully finished.
17:20:59.850 [rp-io-76] DEBUG com.epam.reportportal.utils.SubscriptionUtils - Finish test item completed
17:20:59.915 [rp-io-77] DEBUG com.epam.reportportal.service.Launch - ReportPortal item with ID 'b3db3904-8ce3-46f6-9fce-e5de4d81e527' has been created
17:20:59.915 [rp-io-77] DEBUG com.epam.reportportal.utils.SubscriptionUtils - Start test item successfully completed
2023-06-22 17:20:59 INFO  Listeners:32 - Succeeded Test null
]]></system-out>
  </testcase>
  <testcase name="m_updateNonExistedDashboard_PUT" classname="alltests.apitest.DashboardControllerTest" time="0.189">
    <system-out><![CDATA[17:20:59.922 [rp-io-81] DEBUG com.epam.reportportal.service.Launch - Starting test item...rp-io-81
2023-06-22 17:20:59 INFO  Listeners:28 - Started Test null
2023-06-22 17:20:59 INFO  DashboardControllerTest:128 - m_updateNonExistedDashboard_PUT
Request method:	PUT
Request URI:	http://192.168.1.11:8080/api/v1/AUTOMATIONTESTINGADVANCEDPROGRAM/dashboard/169
Proxy:			<none>
Request params:	<none>
Query params:	<none>
Form params:	<none>
Path params:	id=169
Headers:		Authorization=Bearer 8bb82a7d-a573-419e-9cce-c2419f308802
				Accept=*/*
				Content-Type=application/json
Cookies:		<none>
Multiparts:		<none>
Body:
{
    "name": "Dashboard12",
    "description": "Dashboard11 description updated to 12",
    "shared": true
}
17:20:59.987 [main] DEBUG org.apache.http.impl.conn.BasicClientConnectionManager - Get connection for route {}->http://192.168.1.11:8080
17:20:59.987 [main] DEBUG org.apache.http.impl.conn.DefaultClientConnectionOperator - Connecting to 192.168.1.11:8080
17:20:59.989 [main] DEBUG org.apache.http.client.protocol.RequestAddCookies - CookieSpec selected: ignoreCookies
17:20:59.989 [main] DEBUG org.apache.http.client.protocol.RequestAuthCache - Auth cache not set in the context
17:20:59.989 [main] DEBUG org.apache.http.client.protocol.RequestProxyAuthentication - Proxy auth state: UNCHALLENGED
17:20:59.989 [main] DEBUG org.apache.http.impl.client.DefaultHttpClient - Attempt 1 to execute request
17:20:59.989 [main] DEBUG org.apache.http.impl.conn.DefaultClientConnection - Sending request: PUT /api/v1/AUTOMATIONTESTINGADVANCEDPROGRAM/dashboard/169 HTTP/1.1
17:20:59.990 [main] DEBUG org.apache.http.wire -  >> "PUT /api/v1/AUTOMATIONTESTINGADVANCEDPROGRAM/dashboard/169 HTTP/1.1[\r][\n]"
17:20:59.990 [main] DEBUG org.apache.http.wire -  >> "Authorization: Bearer 8bb82a7d-a573-419e-9cce-c2419f308802[\r][\n]"
17:20:59.990 [main] DEBUG org.apache.http.wire -  >> "Accept: */*[\r][\n]"
17:20:59.990 [main] DEBUG org.apache.http.wire -  >> "Content-Type: application/json[\r][\n]"
17:20:59.990 [main] DEBUG org.apache.http.wire -  >> "Content-Length: 90[\r][\n]"
17:20:59.990 [main] DEBUG org.apache.http.wire -  >> "Host: 192.168.1.11:8080[\r][\n]"
17:20:59.990 [main] DEBUG org.apache.http.wire -  >> "Connection: Keep-Alive[\r][\n]"
17:20:59.990 [main] DEBUG org.apache.http.wire -  >> "User-Agent: Apache-HttpClient/4.5.13 (Java/11.0.19)[\r][\n]"
17:20:59.990 [main] DEBUG org.apache.http.wire -  >> "Accept-Encoding: gzip,deflate[\r][\n]"
17:20:59.990 [main] DEBUG org.apache.http.wire -  >> "[\r][\n]"
17:20:59.990 [main] DEBUG org.apache.http.headers - >> PUT /api/v1/AUTOMATIONTESTINGADVANCEDPROGRAM/dashboard/169 HTTP/1.1
17:20:59.990 [main] DEBUG org.apache.http.headers - >> Authorization: Bearer 8bb82a7d-a573-419e-9cce-c2419f308802
17:20:59.990 [main] DEBUG org.apache.http.headers - >> Accept: */*
17:20:59.990 [main] DEBUG org.apache.http.headers - >> Content-Type: application/json
17:20:59.990 [main] DEBUG org.apache.http.headers - >> Content-Length: 90
17:20:59.990 [main] DEBUG org.apache.http.headers - >> Host: 192.168.1.11:8080
17:20:59.990 [main] DEBUG org.apache.http.headers - >> Connection: Keep-Alive
17:20:59.990 [main] DEBUG org.apache.http.headers - >> User-Agent: Apache-HttpClient/4.5.13 (Java/11.0.19)
17:20:59.990 [main] DEBUG org.apache.http.headers - >> Accept-Encoding: gzip,deflate
17:20:59.990 [main] DEBUG org.apache.http.wire -  >> "{"name":"Dashboard12","description":"Dashboard11 description updated to 12","shared":true}"
17:21:00.012 [rp-io-80] DEBUG com.epam.reportportal.service.Launch - TestItem with ID = 'b3db3904-8ce3-46f6-9fce-e5de4d81e527' successfully finished.
17:21:00.012 [rp-io-80] DEBUG com.epam.reportportal.utils.SubscriptionUtils - Finish test item completed
17:21:00.062 [main] DEBUG org.apache.http.wire -  << "HTTP/1.1 404 Not Found[\r][\n]"
17:21:00.062 [main] DEBUG org.apache.http.wire -  << "Cache-Control: no-cache, no-store, max-age=0, must-revalidate[\r][\n]"
17:21:00.062 [main] DEBUG org.apache.http.wire -  << "Content-Type: application/json[\r][\n]"
17:21:00.062 [main] DEBUG org.apache.http.wire -  << "Date: Thu, 22 Jun 2023 15:20:59 GMT[\r][\n]"
17:21:00.063 [main] DEBUG org.apache.http.wire -  << "Expires: 0[\r][\n]"
17:21:00.063 [main] DEBUG org.apache.http.wire -  << "Pragma: no-cache[\r][\n]"
17:21:00.063 [main] DEBUG org.apache.http.wire -  << "X-Content-Type-Options: nosniff[\r][\n]"
17:21:00.063 [main] DEBUG org.apache.http.wire -  << "X-Frame-Options: DENY[\r][\n]"
17:21:00.063 [main] DEBUG org.apache.http.wire -  << "X-Xss-Protection: 1; mode=block[\r][\n]"
17:21:00.063 [main] DEBUG org.apache.http.wire -  << "Content-Length: 146[\r][\n]"
17:21:00.063 [main] DEBUG org.apache.http.wire -  << "[\r][\n]"
17:21:00.063 [main] DEBUG org.apache.http.impl.conn.DefaultClientConnection - Receiving response: HTTP/1.1 404 Not Found
17:21:00.063 [main] DEBUG org.apache.http.headers - << HTTP/1.1 404 Not Found
17:21:00.063 [main] DEBUG org.apache.http.headers - << Cache-Control: no-cache, no-store, max-age=0, must-revalidate
17:21:00.063 [main] DEBUG org.apache.http.headers - << Content-Type: application/json
17:21:00.063 [main] DEBUG org.apache.http.headers - << Date: Thu, 22 Jun 2023 15:20:59 GMT
17:21:00.063 [main] DEBUG org.apache.http.headers - << Expires: 0
17:21:00.063 [main] DEBUG org.apache.http.headers - << Pragma: no-cache
17:21:00.063 [main] DEBUG org.apache.http.headers - << X-Content-Type-Options: nosniff
17:21:00.063 [main] DEBUG org.apache.http.headers - << X-Frame-Options: DENY
17:21:00.063 [main] DEBUG org.apache.http.headers - << X-Xss-Protection: 1; mode=block
17:21:00.063 [main] DEBUG org.apache.http.headers - << Content-Length: 146
17:21:00.063 [main] DEBUG org.apache.http.impl.client.DefaultHttpClient - Connection can be kept alive indefinitely
17:21:00.063 [main] DEBUG io.restassured.internal.RestAssuredHttpBuilder - Parsing response as: application/json
17:21:00.063 [main] DEBUG io.restassured.internal.RestAssuredHttpBuilder - Parsed data to instance of: class org.apache.http.conn.EofSensorInputStream
17:21:00.065 [main] DEBUG org.apache.http.wire -  << "{"errorCode":40422,"message":"Dashboard with ID '169' not found on project 'automationtestingadvancedprogram'. Did you use correct Dashboard ID?"}"
17:21:00.065 [main] DEBUG org.apache.http.impl.conn.BasicClientConnectionManager - Releasing connection org.apache.http.impl.conn.ManagedClientConnectionImpl@405d8a80
17:21:00.065 [main] DEBUG org.apache.http.impl.conn.BasicClientConnectionManager - Connection can be kept alive indefinitely
HTTP/1.1 404 Not Found
Cache-Control: no-cache, no-store, max-age=0, must-revalidate
Content-Type: application/json
Date: Thu, 22 Jun 2023 15:20:59 GMT
Expires: 0
Pragma: no-cache
X-Content-Type-Options: nosniff
X-Frame-Options: DENY
X-Xss-Protection: 1; mode=block
Content-Length: 146

{
    "errorCode": 40422,
    "message": "Dashboard with ID '169' not found on project 'automationtestingadvancedprogram'. Did you use correct Dashboard ID?"
}
17:21:00.101 [rp-io-83] DEBUG com.epam.reportportal.service.Launch - ReportPortal item with ID 'affae39a-3ae1-4d83-9486-325b4fa8ad5e' has been created
17:21:00.101 [rp-io-83] DEBUG com.epam.reportportal.utils.SubscriptionUtils - Start test item successfully completed
2023-06-22 17:21:00 INFO  Listeners:32 - Succeeded Test null
]]></system-out>
  </testcase>
  <testcase name="m_updateNullDashboard_PUT" classname="alltests.apitest.DashboardControllerTest" time="0.262">
    <system-out><![CDATA[17:21:00.141 [rp-io-87] DEBUG com.epam.reportportal.service.Launch - Starting test item...rp-io-87
2023-06-22 17:21:00 INFO  Listeners:28 - Started Test null
2023-06-22 17:21:00 INFO  DashboardControllerTest:138 - m_updateNullDashboard_PUT
Request method:	PUT
Request URI:	http://192.168.1.11:8080/api/v1/AUTOMATIONTESTINGADVANCEDPROGRAM/dashboard/69
Proxy:			<none>
Request params:	<none>
Query params:	<none>
Form params:	<none>
Path params:	id=69
Headers:		Authorization=Bearer 8bb82a7d-a573-419e-9cce-c2419f308802
				Accept=*/*
				Content-Type=application/json
Cookies:		<none>
Multiparts:		<none>
Body:
{
    "name": "",
    "description": "",
    "shared": true
}
17:21:00.192 [main] DEBUG org.apache.http.impl.conn.BasicClientConnectionManager - Get connection for route {}->http://192.168.1.11:8080
17:21:00.193 [main] DEBUG org.apache.http.impl.conn.DefaultClientConnectionOperator - Connecting to 192.168.1.11:8080
17:21:00.194 [main] DEBUG org.apache.http.client.protocol.RequestAddCookies - CookieSpec selected: ignoreCookies
17:21:00.194 [main] DEBUG org.apache.http.client.protocol.RequestAuthCache - Auth cache not set in the context
17:21:00.194 [main] DEBUG org.apache.http.client.protocol.RequestProxyAuthentication - Proxy auth state: UNCHALLENGED
17:21:00.194 [main] DEBUG org.apache.http.impl.client.DefaultHttpClient - Attempt 1 to execute request
17:21:00.194 [main] DEBUG org.apache.http.impl.conn.DefaultClientConnection - Sending request: PUT /api/v1/AUTOMATIONTESTINGADVANCEDPROGRAM/dashboard/69 HTTP/1.1
17:21:00.195 [main] DEBUG org.apache.http.wire -  >> "PUT /api/v1/AUTOMATIONTESTINGADVANCEDPROGRAM/dashboard/69 HTTP/1.1[\r][\n]"
17:21:00.195 [main] DEBUG org.apache.http.wire -  >> "Authorization: Bearer 8bb82a7d-a573-419e-9cce-c2419f308802[\r][\n]"
17:21:00.195 [main] DEBUG org.apache.http.wire -  >> "Accept: */*[\r][\n]"
17:21:00.195 [main] DEBUG org.apache.http.wire -  >> "Content-Type: application/json[\r][\n]"
17:21:00.195 [main] DEBUG org.apache.http.wire -  >> "Content-Length: 42[\r][\n]"
17:21:00.195 [main] DEBUG org.apache.http.wire -  >> "Host: 192.168.1.11:8080[\r][\n]"
17:21:00.195 [main] DEBUG org.apache.http.wire -  >> "Connection: Keep-Alive[\r][\n]"
17:21:00.195 [main] DEBUG org.apache.http.wire -  >> "User-Agent: Apache-HttpClient/4.5.13 (Java/11.0.19)[\r][\n]"
17:21:00.195 [main] DEBUG org.apache.http.wire -  >> "Accept-Encoding: gzip,deflate[\r][\n]"
17:21:00.195 [main] DEBUG org.apache.http.wire -  >> "[\r][\n]"
17:21:00.195 [main] DEBUG org.apache.http.headers - >> PUT /api/v1/AUTOMATIONTESTINGADVANCEDPROGRAM/dashboard/69 HTTP/1.1
17:21:00.195 [main] DEBUG org.apache.http.headers - >> Authorization: Bearer 8bb82a7d-a573-419e-9cce-c2419f308802
17:21:00.195 [main] DEBUG org.apache.http.headers - >> Accept: */*
17:21:00.195 [main] DEBUG org.apache.http.headers - >> Content-Type: application/json
17:21:00.195 [main] DEBUG org.apache.http.headers - >> Content-Length: 42
17:21:00.195 [main] DEBUG org.apache.http.headers - >> Host: 192.168.1.11:8080
17:21:00.195 [main] DEBUG org.apache.http.headers - >> Connection: Keep-Alive
17:21:00.195 [main] DEBUG org.apache.http.headers - >> User-Agent: Apache-HttpClient/4.5.13 (Java/11.0.19)
17:21:00.195 [main] DEBUG org.apache.http.headers - >> Accept-Encoding: gzip,deflate
17:21:00.195 [main] DEBUG org.apache.http.wire -  >> "{"name":"","description":"","shared":true}"
17:21:00.229 [rp-io-86] DEBUG com.epam.reportportal.service.Launch - TestItem with ID = 'affae39a-3ae1-4d83-9486-325b4fa8ad5e' successfully finished.
17:21:00.229 [rp-io-86] DEBUG com.epam.reportportal.utils.SubscriptionUtils - Finish test item completed
17:21:00.245 [rp-io-89] DEBUG com.epam.reportportal.service.Launch - ReportPortal item with ID 'f55a18d6-b5f9-4222-8e38-40ba384be2bb' has been created
17:21:00.245 [rp-io-89] DEBUG com.epam.reportportal.utils.SubscriptionUtils - Start test item successfully completed
17:21:00.283 [main] DEBUG org.apache.http.wire -  << "HTTP/1.1 400 Bad Request[\r][\n]"
17:21:00.283 [main] DEBUG org.apache.http.wire -  << "Cache-Control: no-cache, no-store, max-age=0, must-revalidate[\r][\n]"
17:21:00.283 [main] DEBUG org.apache.http.wire -  << "Content-Type: application/json[\r][\n]"
17:21:00.283 [main] DEBUG org.apache.http.wire -  << "Date: Thu, 22 Jun 2023 15:21:00 GMT[\r][\n]"
17:21:00.283 [main] DEBUG org.apache.http.wire -  << "Expires: 0[\r][\n]"
17:21:00.284 [main] DEBUG org.apache.http.wire -  << "Pragma: no-cache[\r][\n]"
17:21:00.284 [main] DEBUG org.apache.http.wire -  << "X-Content-Type-Options: nosniff[\r][\n]"
17:21:00.284 [main] DEBUG org.apache.http.wire -  << "X-Frame-Options: DENY[\r][\n]"
17:21:00.284 [main] DEBUG org.apache.http.wire -  << "X-Xss-Protection: 1; mode=block[\r][\n]"
17:21:00.284 [main] DEBUG org.apache.http.wire -  << "Content-Length: 175[\r][\n]"
17:21:00.284 [main] DEBUG org.apache.http.wire -  << "[\r][\n]"
17:21:00.284 [main] DEBUG org.apache.http.impl.conn.DefaultClientConnection - Receiving response: HTTP/1.1 400 Bad Request
17:21:00.284 [main] DEBUG org.apache.http.headers - << HTTP/1.1 400 Bad Request
17:21:00.284 [main] DEBUG org.apache.http.headers - << Cache-Control: no-cache, no-store, max-age=0, must-revalidate
17:21:00.284 [main] DEBUG org.apache.http.headers - << Content-Type: application/json
17:21:00.284 [main] DEBUG org.apache.http.headers - << Date: Thu, 22 Jun 2023 15:21:00 GMT
17:21:00.284 [main] DEBUG org.apache.http.headers - << Expires: 0
17:21:00.284 [main] DEBUG org.apache.http.headers - << Pragma: no-cache
17:21:00.284 [main] DEBUG org.apache.http.headers - << X-Content-Type-Options: nosniff
17:21:00.284 [main] DEBUG org.apache.http.headers - << X-Frame-Options: DENY
17:21:00.284 [main] DEBUG org.apache.http.headers - << X-Xss-Protection: 1; mode=block
17:21:00.284 [main] DEBUG org.apache.http.headers - << Content-Length: 175
17:21:00.284 [main] DEBUG org.apache.http.impl.client.DefaultHttpClient - Connection can be kept alive indefinitely
17:21:00.284 [main] DEBUG io.restassured.internal.RestAssuredHttpBuilder - Parsing response as: application/json
17:21:00.284 [main] DEBUG io.restassured.internal.RestAssuredHttpBuilder - Parsed data to instance of: class org.apache.http.conn.EofSensorInputStream
17:21:00.287 [main] DEBUG org.apache.http.wire -  << "{"errorCode":4001,"message":"Incorrect Request. [Field 'name' should not contain only white spaces and shouldn't be empty. Field 'name' should have size from '3' to '128'.] "}"
17:21:00.289 [main] DEBUG org.apache.http.impl.conn.BasicClientConnectionManager - Releasing connection org.apache.http.impl.conn.ManagedClientConnectionImpl@429e7914
17:21:00.289 [main] DEBUG org.apache.http.impl.conn.BasicClientConnectionManager - Connection can be kept alive indefinitely
HTTP/1.1 400 Bad Request
Cache-Control: no-cache, no-store, max-age=0, must-revalidate
Content-Type: application/json
Date: Thu, 22 Jun 2023 15:21:00 GMT
Expires: 0
Pragma: no-cache
X-Content-Type-Options: nosniff
X-Frame-Options: DENY
X-Xss-Protection: 1; mode=block
Content-Length: 175

{
    "errorCode": 4001,
    "message": "Incorrect Request. [Field 'name' should not contain only white spaces and shouldn't be empty. Field 'name' should have size from '3' to '128'.] "
}
2023-06-22 17:21:00 INFO  Listeners:32 - Succeeded Test null
]]></system-out>
  </testcase>
</testsuite>