<?xml version="1.0" encoding="UTF-8"?>
<testsuite xmlns:xsi="http://www.w3.org/2001/XMLSchema-instance" xsi:noNamespaceSchemaLocation="https://maven.apache.org/surefire/maven-surefire-plugin/xsd/surefire-test-report-3.0.xsd" version="3.0" name="TestSuite" time="108.623" tests="30" errors="0" skipped="0" failures="4">
  <properties>
    <property name="java.specification.version" value="17"/>
    <property name="webdriver.chrome.driver" value="C:\Users\Suwarna_Wagh\.cache\selenium\chromedriver\win32\114.0.5735.90\chromedriver.exe"/>
    <property name="sun.cpu.isalist" value="amd64"/>
    <property name="sun.jnu.encoding" value="Cp1252"/>
    <property name="java.class.path" value="C:\AdvancedTraining\AutomationFramework\target\test-classes;C:\AdvancedTraining\AutomationFramework\target\classes;C:\Users\Suwarna_Wagh\.m2\repository\org\mockito\mockito-core\4.1.0\mockito-core-4.1.0.jar;C:\Users\Suwarna_Wagh\.m2\repository\net\bytebuddy\byte-buddy\1.12.1\byte-buddy-1.12.1.jar;C:\Users\Suwarna_Wagh\.m2\repository\net\bytebuddy\byte-buddy-agent\1.12.1\byte-buddy-agent-1.12.1.jar;C:\Users\Suwarna_Wagh\.m2\repository\org\objenesis\objenesis\3.2\objenesis-3.2.jar;C:\Users\Suwarna_Wagh\.m2\repository\org\mockito\mockito-all\1.10.19\mockito-all-1.10.19.jar;C:\Users\Suwarna_Wagh\.m2\repository\junit\junit\4.12\junit-4.12.jar;C:\Users\Suwarna_Wagh\.m2\repository\org\hamcrest\hamcrest-core\1.3\hamcrest-core-1.3.jar;C:\Users\Suwarna_Wagh\.m2\repository\org\junit\jupiter\junit-jupiter-api\5.9.1\junit-jupiter-api-5.9.1.jar;C:\Users\Suwarna_Wagh\.m2\repository\org\opentest4j\opentest4j\1.2.0\opentest4j-1.2.0.jar;C:\Users\Suwarna_Wagh\.m2\repository\org\junit\platform\junit-platform-commons\1.9.1\junit-platform-commons-1.9.1.jar;C:\Users\Suwarna_Wagh\.m2\repository\org\apiguardian\apiguardian-api\1.1.2\apiguardian-api-1.1.2.jar;C:\Users\Suwarna_Wagh\.m2\repository\org\assertj\assertj-core\3.24.2\assertj-core-3.24.2.jar;C:\Users\Suwarna_Wagh\.m2\repository\log4j\log4j\1.2.17\log4j-1.2.17.jar;C:\Users\Suwarna_Wagh\.m2\repository\org\sonarsource\scanner\maven\sonar-maven-plugin\3.9.1.2184\sonar-maven-plugin-3.9.1.2184.jar;C:\Users\Suwarna_Wagh\.m2\repository\org\sonatype\plexus\plexus-sec-dispatcher\1.4\plexus-sec-dispatcher-1.4.jar;C:\Users\Suwarna_Wagh\.m2\repository\org\sonatype\plexus\plexus-cipher\1.4\plexus-cipher-1.4.jar;C:\Users\Suwarna_Wagh\.m2\repository\org\codehaus\plexus\plexus-utils\3.2.1\plexus-utils-3.2.1.jar;C:\Users\Suwarna_Wagh\.m2\repository\org\sonarsource\scanner\api\sonar-scanner-api\2.16.2.588\sonar-scanner-api-2.16.2.588.jar;C:\Users\Suwarna_Wagh\.m2\repository\commons-lang\commons-lang\2.6\commons-lang-2.6.jar;C:\Users\Suwarna_Wagh\.m2\repository\com\epam\reportportal\agent-java-testng\5.1.3\agent-java-testng-5.1.3.jar;C:\Users\Suwarna_Wagh\.m2\repository\com\epam\reportportal\client-java\5.1.11\client-java-5.1.11.jar;C:\Users\Suwarna_Wagh\.m2\repository\io\reactivex\rxjava2\rxjava\2.2.10\rxjava-2.2.10.jar;C:\Users\Suwarna_Wagh\.m2\repository\org\reactivestreams\reactive-streams\1.0.2\reactive-streams-1.0.2.jar;C:\Users\Suwarna_Wagh\.m2\repository\com\squareup\retrofit2\retrofit\2.9.0\retrofit-2.9.0.jar;C:\Users\Suwarna_Wagh\.m2\repository\com\squareup\okhttp3\okhttp\3.14.9\okhttp-3.14.9.jar;C:\Users\Suwarna_Wagh\.m2\repository\com\squareup\okio\okio\1.17.2\okio-1.17.2.jar;C:\Users\Suwarna_Wagh\.m2\repository\org\aspectj\aspectjrt\1.9.2\aspectjrt-1.9.2.jar;C:\Users\Suwarna_Wagh\.m2\repository\com\squareup\retrofit2\converter-scalars\2.9.0\converter-scalars-2.9.0.jar;C:\Users\Suwarna_Wagh\.m2\repository\com\squareup\retrofit2\converter-jackson\2.9.0\converter-jackson-2.9.0.jar;C:\Users\Suwarna_Wagh\.m2\repository\com\squareup\retrofit2\adapter-rxjava2\2.9.0\adapter-rxjava2-2.9.0.jar;C:\Users\Suwarna_Wagh\.m2\repository\com\squareup\okhttp3\logging-interceptor\3.14.9\logging-interceptor-3.14.9.jar;C:\Users\Suwarna_Wagh\.m2\repository\org\aspectj\aspectjweaver\1.9.2\aspectjweaver-1.9.2.jar;C:\Users\Suwarna_Wagh\.m2\repository\com\google\code\findbugs\jsr305\3.0.2\jsr305-3.0.2.jar;C:\Users\Suwarna_Wagh\.m2\repository\com\epam\reportportal\commons-model\5.0.0\commons-model-5.0.0.jar;C:\Users\Suwarna_Wagh\.m2\repository\io\swagger\swagger-annotations\1.5.24\swagger-annotations-1.5.24.jar;C:\Users\Suwarna_Wagh\.m2\repository\javax\validation\validation-api\2.0.1.Final\validation-api-2.0.1.Final.jar;C:\Users\Suwarna_Wagh\.m2\repository\org\slf4j\slf4j-api\1.7.36\slf4j-api-1.7.36.jar;C:\Users\Suwarna_Wagh\.m2\repository\com\epam\reportportal\logger-java-logback\5.1.3\logger-java-logback-5.1.3.jar;C:\Users\Suwarna_Wagh\.m2\repository\ch\qos\logback\logback-classic\1.2.11\logback-classic-1.2.11.jar;C:\Users\Suwarna_Wagh\.m2\repository\ch\qos\logback\logback-core\1.2.11\logback-core-1.2.11.jar;C:\Users\Suwarna_Wagh\.m2\repository\com\epam\reportportal\logger-java-log4j\5.1.5\logger-java-log4j-5.1.5.jar;C:\Users\Suwarna_Wagh\.m2\repository\org\apache\logging\log4j\log4j-core\2.17.2\log4j-core-2.17.2.jar;C:\Users\Suwarna_Wagh\.m2\repository\org\apache\logging\log4j\log4j-api\2.17.2\log4j-api-2.17.2.jar;C:\Users\Suwarna_Wagh\.m2\repository\io\github\bonigarcia\webdrivermanager\5.3.2\webdrivermanager-5.3.2.jar;C:\Users\Suwarna_Wagh\.m2\repository\com\google\code\gson\gson\2.10.1\gson-2.10.1.jar;C:\Users\Suwarna_Wagh\.m2\repository\com\github\docker-java\docker-java\3.2.14\docker-java-3.2.14.jar;C:\Users\Suwarna_Wagh\.m2\repository\com\github\docker-java\docker-java-core\3.2.14\docker-java-core-3.2.14.jar;C:\Users\Suwarna_Wagh\.m2\repository\com\github\docker-java\docker-java-api\3.2.14\docker-java-api-3.2.14.jar;C:\Users\Suwarna_Wagh\.m2\repository\org\apache\commons\commons-compress\1.21\commons-compress-1.21.jar;C:\Users\Suwarna_Wagh\.m2\repository\org\bouncycastle\bcpkix-jdk15on\1.64\bcpkix-jdk15on-1.64.jar;C:\Users\Suwarna_Wagh\.m2\repository\org\bouncycastle\bcprov-jdk15on\1.64\bcprov-jdk15on-1.64.jar;C:\Users\Suwarna_Wagh\.m2\repository\org\slf4j\jcl-over-slf4j\1.7.30\jcl-over-slf4j-1.7.30.jar;C:\Users\Suwarna_Wagh\.m2\repository\com\github\docker-java\docker-java-transport-httpclient5\3.2.14\docker-java-transport-httpclient5-3.2.14.jar;C:\Users\Suwarna_Wagh\.m2\repository\com\github\docker-java\docker-java-transport\3.2.14\docker-java-transport-3.2.14.jar;C:\Users\Suwarna_Wagh\.m2\repository\net\java\dev\jna\jna\5.12.1\jna-5.12.1.jar;C:\Users\Suwarna_Wagh\.m2\repository\org\brotli\dec\0.1.2\dec-0.1.2.jar;C:\Users\Suwarna_Wagh\.m2\repository\org\apache\commons\commons-lang3\3.12.0\commons-lang3-3.12.0.jar;C:\Users\Suwarna_Wagh\.m2\repository\org\apache\httpcomponents\client5\httpclient5\5.2.1\httpclient5-5.2.1.jar;C:\Users\Suwarna_Wagh\.m2\repository\org\apache\httpcomponents\core5\httpcore5\5.2\httpcore5-5.2.jar;C:\Users\Suwarna_Wagh\.m2\repository\org\apache\httpcomponents\core5\httpcore5-h2\5.2\httpcore5-h2-5.2.jar;C:\Users\Suwarna_Wagh\.m2\repository\org\seleniumhq\selenium\selenium-java\4.8.3\selenium-java-4.8.3.jar;C:\Users\Suwarna_Wagh\.m2\repository\org\seleniumhq\selenium\selenium-api\4.8.3\selenium-api-4.8.3.jar;C:\Users\Suwarna_Wagh\.m2\repository\org\seleniumhq\selenium\selenium-chrome-driver\4.8.3\selenium-chrome-driver-4.8.3.jar;C:\Users\Suwarna_Wagh\.m2\repository\com\google\auto\service\auto-service-annotations\1.0.1\auto-service-annotations-1.0.1.jar;C:\Users\Suwarna_Wagh\.m2\repository\com\google\auto\service\auto-service\1.0.1\auto-service-1.0.1.jar;C:\Users\Suwarna_Wagh\.m2\repository\com\google\auto\auto-common\1.2\auto-common-1.2.jar;C:\Users\Suwarna_Wagh\.m2\repository\org\seleniumhq\selenium\selenium-chromium-driver\4.8.3\selenium-chromium-driver-4.8.3.jar;C:\Users\Suwarna_Wagh\.m2\repository\org\seleniumhq\selenium\selenium-json\4.8.3\selenium-json-4.8.3.jar;C:\Users\Suwarna_Wagh\.m2\repository\org\seleniumhq\selenium\selenium-manager\4.8.3\selenium-manager-4.8.3.jar;C:\Users\Suwarna_Wagh\.m2\repository\org\seleniumhq\selenium\selenium-devtools-v109\4.8.3\selenium-devtools-v109-4.8.3.jar;C:\Users\Suwarna_Wagh\.m2\repository\org\seleniumhq\selenium\selenium-devtools-v110\4.8.3\selenium-devtools-v110-4.8.3.jar;C:\Users\Suwarna_Wagh\.m2\repository\org\seleniumhq\selenium\selenium-devtools-v111\4.8.3\selenium-devtools-v111-4.8.3.jar;C:\Users\Suwarna_Wagh\.m2\repository\org\seleniumhq\selenium\selenium-devtools-v85\4.8.3\selenium-devtools-v85-4.8.3.jar;C:\Users\Suwarna_Wagh\.m2\repository\org\seleniumhq\selenium\selenium-edge-driver\4.8.3\selenium-edge-driver-4.8.3.jar;C:\Users\Suwarna_Wagh\.m2\repository\org\seleniumhq\selenium\selenium-firefox-driver\4.8.3\selenium-firefox-driver-4.8.3.jar;C:\Users\Suwarna_Wagh\.m2\repository\org\seleniumhq\selenium\selenium-http\4.8.3\selenium-http-4.8.3.jar;C:\Users\Suwarna_Wagh\.m2\repository\dev\failsafe\failsafe\3.3.1\failsafe-3.3.1.jar;C:\Users\Suwarna_Wagh\.m2\repository\org\seleniumhq\selenium\selenium-ie-driver\4.8.3\selenium-ie-driver-4.8.3.jar;C:\Users\Suwarna_Wagh\.m2\repository\org\seleniumhq\selenium\selenium-remote-driver\4.8.3\selenium-remote-driver-4.8.3.jar;C:\Users\Suwarna_Wagh\.m2\repository\io\netty\netty-buffer\4.1.90.Final\netty-buffer-4.1.90.Final.jar;C:\Users\Suwarna_Wagh\.m2\repository\io\netty\netty-codec-http\4.1.90.Final\netty-codec-http-4.1.90.Final.jar;C:\Users\Suwarna_Wagh\.m2\repository\io\netty\netty-codec\4.1.90.Final\netty-codec-4.1.90.Final.jar;C:\Users\Suwarna_Wagh\.m2\repository\io\netty\netty-handler\4.1.90.Final\netty-handler-4.1.90.Final.jar;C:\Users\Suwarna_Wagh\.m2\repository\io\netty\netty-common\4.1.90.Final\netty-common-4.1.90.Final.jar;C:\Users\Suwarna_Wagh\.m2\repository\io\netty\netty-transport-classes-epoll\4.1.90.Final\netty-transport-classes-epoll-4.1.90.Final.jar;C:\Users\Suwarna_Wagh\.m2\repository\io\netty\netty-transport-classes-kqueue\4.1.90.Final\netty-transport-classes-kqueue-4.1.90.Final.jar;C:\Users\Suwarna_Wagh\.m2\repository\io\netty\netty-transport-native-epoll\4.1.90.Final\netty-transport-native-epoll-4.1.90.Final.jar;C:\Users\Suwarna_Wagh\.m2\repository\io\netty\netty-transport-native-kqueue\4.1.90.Final\netty-transport-native-kqueue-4.1.90.Final.jar;C:\Users\Suwarna_Wagh\.m2\repository\io\netty\netty-transport-native-unix-common\4.1.90.Final\netty-transport-native-unix-common-4.1.90.Final.jar;C:\Users\Suwarna_Wagh\.m2\repository\io\netty\netty-transport\4.1.90.Final\netty-transport-4.1.90.Final.jar;C:\Users\Suwarna_Wagh\.m2\repository\io\netty\netty-resolver\4.1.90.Final\netty-resolver-4.1.90.Final.jar;C:\Users\Suwarna_Wagh\.m2\repository\io\opentelemetry\opentelemetry-api\1.24.0\opentelemetry-api-1.24.0.jar;C:\Users\Suwarna_Wagh\.m2\repository\io\opentelemetry\opentelemetry-context\1.24.0\opentelemetry-context-1.24.0.jar;C:\Users\Suwarna_Wagh\.m2\repository\io\opentelemetry\opentelemetry-exporter-logging\1.24.0\opentelemetry-exporter-logging-1.24.0.jar;C:\Users\Suwarna_Wagh\.m2\repository\io\opentelemetry\opentelemetry-sdk-metrics\1.24.0\opentelemetry-sdk-metrics-1.24.0.jar;C:\Users\Suwarna_Wagh\.m2\repository\io\opentelemetry\opentelemetry-sdk-logs\1.24.0-alpha\opentelemetry-sdk-logs-1.24.0-alpha.jar;C:\Users\Suwarna_Wagh\.m2\repository\io\opentelemetry\opentelemetry-api-logs\1.24.0-alpha\opentelemetry-api-logs-1.24.0-alpha.jar;C:\Users\Suwarna_Wagh\.m2\repository\io\opentelemetry\opentelemetry-api-events\1.24.0-alpha\opentelemetry-api-events-1.24.0-alpha.jar;C:\Users\Suwarna_Wagh\.m2\repository\io\opentelemetry\opentelemetry-sdk-common\1.24.0\opentelemetry-sdk-common-1.24.0.jar;C:\Users\Suwarna_Wagh\.m2\repository\io\opentelemetry\opentelemetry-sdk-extension-autoconfigure-spi\1.24.0\opentelemetry-sdk-extension-autoconfigure-spi-1.24.0.jar;C:\Users\Suwarna_Wagh\.m2\repository\io\opentelemetry\opentelemetry-sdk-extension-autoconfigure\1.24.0-alpha\opentelemetry-sdk-extension-autoconfigure-1.24.0-alpha.jar;C:\Users\Suwarna_Wagh\.m2\repository\io\opentelemetry\opentelemetry-sdk-trace\1.24.0\opentelemetry-sdk-trace-1.24.0.jar;C:\Users\Suwarna_Wagh\.m2\repository\io\opentelemetry\opentelemetry-sdk\1.24.0\opentelemetry-sdk-1.24.0.jar;C:\Users\Suwarna_Wagh\.m2\repository\io\opentelemetry\opentelemetry-semconv\1.24.0-alpha\opentelemetry-semconv-1.24.0-alpha.jar;C:\Users\Suwarna_Wagh\.m2\repository\io\ous\jtoml\2.0.0\jtoml-2.0.0.jar;C:\Users\Suwarna_Wagh\.m2\repository\org\apache\commons\commons-exec\1.3\commons-exec-1.3.jar;C:\Users\Suwarna_Wagh\.m2\repository\org\asynchttpclient\async-http-client\2.12.3\async-http-client-2.12.3.jar;C:\Users\Suwarna_Wagh\.m2\repository\org\asynchttpclient\async-http-client-netty-utils\2.12.3\async-http-client-netty-utils-2.12.3.jar;C:\Users\Suwarna_Wagh\.m2\repository\io\netty\netty-codec-socks\4.1.60.Final\netty-codec-socks-4.1.60.Final.jar;C:\Users\Suwarna_Wagh\.m2\repository\io\netty\netty-handler-proxy\4.1.60.Final\netty-handler-proxy-4.1.60.Final.jar;C:\Users\Suwarna_Wagh\.m2\repository\io\netty\netty-transport-native-epoll\4.1.60.Final\netty-transport-native-epoll-4.1.60.Final-linux-x86_64.jar;C:\Users\Suwarna_Wagh\.m2\repository\io\netty\netty-transport-native-kqueue\4.1.60.Final\netty-transport-native-kqueue-4.1.60.Final-osx-x86_64.jar;C:\Users\Suwarna_Wagh\.m2\repository\com\typesafe\netty\netty-reactive-streams\2.0.4\netty-reactive-streams-2.0.4.jar;C:\Users\Suwarna_Wagh\.m2\repository\com\sun\activation\jakarta.activation\1.2.2\jakarta.activation-1.2.2.jar;C:\Users\Suwarna_Wagh\.m2\repository\org\seleniumhq\selenium\selenium-safari-driver\4.8.3\selenium-safari-driver-4.8.3.jar;C:\Users\Suwarna_Wagh\.m2\repository\org\seleniumhq\selenium\selenium-support\4.8.3\selenium-support-4.8.3.jar;C:\Users\Suwarna_Wagh\.m2\repository\com\google\guava\guava\31.0.1-jre\guava-31.0.1-jre.jar;C:\Users\Suwarna_Wagh\.m2\repository\com\google\guava\failureaccess\1.0.1\failureaccess-1.0.1.jar;C:\Users\Suwarna_Wagh\.m2\repository\com\google\guava\listenablefuture\9999.0-empty-to-avoid-conflict-with-guava\listenablefuture-9999.0-empty-to-avoid-conflict-with-guava.jar;C:\Users\Suwarna_Wagh\.m2\repository\org\checkerframework\checker-qual\3.12.0\checker-qual-3.12.0.jar;C:\Users\Suwarna_Wagh\.m2\repository\com\google\errorprone\error_prone_annotations\2.7.1\error_prone_annotations-2.7.1.jar;C:\Users\Suwarna_Wagh\.m2\repository\com\google\j2objc\j2objc-annotations\1.3\j2objc-annotations-1.3.jar;C:\Users\Suwarna_Wagh\.m2\repository\io\rest-assured\rest-assured\5.3.0\rest-assured-5.3.0.jar;C:\Users\Suwarna_Wagh\.m2\repository\org\apache\groovy\groovy\4.0.6\groovy-4.0.6.jar;C:\Users\Suwarna_Wagh\.m2\repository\org\apache\groovy\groovy-xml\4.0.6\groovy-xml-4.0.6.jar;C:\Users\Suwarna_Wagh\.m2\repository\org\apache\httpcomponents\httpclient\4.5.13\httpclient-4.5.13.jar;C:\Users\Suwarna_Wagh\.m2\repository\org\apache\httpcomponents\httpcore\4.4.13\httpcore-4.4.13.jar;C:\Users\Suwarna_Wagh\.m2\repository\commons-logging\commons-logging\1.2\commons-logging-1.2.jar;C:\Users\Suwarna_Wagh\.m2\repository\commons-codec\commons-codec\1.11\commons-codec-1.11.jar;C:\Users\Suwarna_Wagh\.m2\repository\org\apache\httpcomponents\httpmime\4.5.13\httpmime-4.5.13.jar;C:\Users\Suwarna_Wagh\.m2\repository\org\hamcrest\hamcrest\2.1\hamcrest-2.1.jar;C:\Users\Suwarna_Wagh\.m2\repository\org\ccil\cowan\tagsoup\tagsoup\1.2.1\tagsoup-1.2.1.jar;C:\Users\Suwarna_Wagh\.m2\repository\io\rest-assured\xml-path\5.3.0\xml-path-5.3.0.jar;C:\Users\Suwarna_Wagh\.m2\repository\io\rest-assured\json-path\5.3.0\json-path-5.3.0.jar;C:\Users\Suwarna_Wagh\.m2\repository\org\apache\groovy\groovy-json\4.0.6\groovy-json-4.0.6.jar;C:\Users\Suwarna_Wagh\.m2\repository\io\rest-assured\rest-assured-common\5.3.0\rest-assured-common-5.3.0.jar;C:\Users\Suwarna_Wagh\.m2\repository\io\rest-assured\json-schema-validator\5.3.0\json-schema-validator-5.3.0.jar;C:\Users\Suwarna_Wagh\.m2\repository\com\github\java-json-tools\json-schema-validator\2.2.14\json-schema-validator-2.2.14.jar;C:\Users\Suwarna_Wagh\.m2\repository\com\github\java-json-tools\jackson-coreutils-equivalence\1.0\jackson-coreutils-equivalence-1.0.jar;C:\Users\Suwarna_Wagh\.m2\repository\com\github\java-json-tools\jackson-coreutils\2.0\jackson-coreutils-2.0.jar;C:\Users\Suwarna_Wagh\.m2\repository\com\github\java-json-tools\msg-simple\1.2\msg-simple-1.2.jar;C:\Users\Suwarna_Wagh\.m2\repository\com\github\java-json-tools\btf\1.3\btf-1.3.jar;C:\Users\Suwarna_Wagh\.m2\repository\com\github\java-json-tools\json-schema-core\1.2.14\json-schema-core-1.2.14.jar;C:\Users\Suwarna_Wagh\.m2\repository\com\github\java-json-tools\uri-template\0.10\uri-template-0.10.jar;C:\Users\Suwarna_Wagh\.m2\repository\org\mozilla\rhino\1.7.7.2\rhino-1.7.7.2.jar;C:\Users\Suwarna_Wagh\.m2\repository\com\sun\mail\mailapi\1.6.2\mailapi-1.6.2.jar;C:\Users\Suwarna_Wagh\.m2\repository\com\googlecode\libphonenumber\libphonenumber\8.11.1\libphonenumber-8.11.1.jar;C:\Users\Suwarna_Wagh\.m2\repository\net\sf\jopt-simple\jopt-simple\5.0.4\jopt-simple-5.0.4.jar;C:\Users\Suwarna_Wagh\.m2\repository\com\aventstack\extentreports\3.0.0\extentreports-3.0.0.jar;C:\Users\Suwarna_Wagh\.m2\repository\org\freemarker\freemarker\2.3.23\freemarker-2.3.23.jar;C:\Users\Suwarna_Wagh\.m2\repository\org\mongodb\mongodb-driver\3.3.0\mongodb-driver-3.3.0.jar;C:\Users\Suwarna_Wagh\.m2\repository\org\mongodb\bson\3.3.0\bson-3.3.0.jar;C:\Users\Suwarna_Wagh\.m2\repository\org\mongodb\mongodb-driver-core\3.3.0\mongodb-driver-core-3.3.0.jar;C:\Users\Suwarna_Wagh\.m2\repository\global\AdvancedTraining\1.0-SNAPSHOT\AdvancedTraining-1.0-SNAPSHOT.jar;C:\Users\Suwarna_Wagh\.m2\repository\org\projectlombok\lombok\1.18.26\lombok-1.18.26.jar;C:\Users\Suwarna_Wagh\.m2\repository\org\modelmapper\modelmapper\3.1.1\modelmapper-3.1.1.jar;C:\Users\Suwarna_Wagh\.m2\repository\com\mashape\unirest\unirest-java\1.4.9\unirest-java-1.4.9.jar;C:\Users\Suwarna_Wagh\.m2\repository\org\apache\httpcomponents\httpasyncclient\4.1.1\httpasyncclient-4.1.1.jar;C:\Users\Suwarna_Wagh\.m2\repository\org\apache\httpcomponents\httpcore-nio\4.4.4\httpcore-nio-4.4.4.jar;C:\Users\Suwarna_Wagh\.m2\repository\org\json\json\20160212\json-20160212.jar;C:\Users\Suwarna_Wagh\.m2\repository\org\junit\jupiter\junit-jupiter-engine\5.9.1\junit-jupiter-engine-5.9.1.jar;C:\Users\Suwarna_Wagh\.m2\repository\org\junit\platform\junit-platform-engine\1.9.1\junit-platform-engine-1.9.1.jar;C:\Users\Suwarna_Wagh\.m2\repository\org\junit\vintage\junit-vintage-engine\5.9.1\junit-vintage-engine-5.9.1.jar;C:\Users\Suwarna_Wagh\.m2\repository\org\testng\testng\7.7.1\testng-7.7.1.jar;C:\Users\Suwarna_Wagh\.m2\repository\com\beust\jcommander\1.82\jcommander-1.82.jar;C:\Users\Suwarna_Wagh\.m2\repository\org\webjars\jquery\3.6.1\jquery-3.6.1.jar;C:\Users\Suwarna_Wagh\.m2\repository\io\cucumber\cucumber-java\7.11.1\cucumber-java-7.11.1.jar;C:\Users\Suwarna_Wagh\.m2\repository\io\cucumber\cucumber-junit\7.11.1\cucumber-junit-7.11.1.jar;C:\Users\Suwarna_Wagh\.m2\repository\io\cucumber\cucumber-core\7.11.1\cucumber-core-7.11.1.jar;C:\Users\Suwarna_Wagh\.m2\repository\io\cucumber\cucumber-gherkin-messages\7.11.1\cucumber-gherkin-messages-7.11.1.jar;C:\Users\Suwarna_Wagh\.m2\repository\io\cucumber\gherkin\26.0.3\gherkin-26.0.3.jar;C:\Users\Suwarna_Wagh\.m2\repository\io\cucumber\messages\21.0.1\messages-21.0.1.jar;C:\Users\Suwarna_Wagh\.m2\repository\io\cucumber\tag-expressions\5.0.1\tag-expressions-5.0.1.jar;C:\Users\Suwarna_Wagh\.m2\repository\io\cucumber\cucumber-expressions\16.1.2\cucumber-expressions-16.1.2.jar;C:\Users\Suwarna_Wagh\.m2\repository\io\cucumber\datatable\7.11.1\datatable-7.11.1.jar;C:\Users\Suwarna_Wagh\.m2\repository\io\cucumber\docstring\7.11.1\docstring-7.11.1.jar;C:\Users\Suwarna_Wagh\.m2\repository\io\cucumber\html-formatter\20.2.1\html-formatter-20.2.1.jar;C:\Users\Suwarna_Wagh\.m2\repository\io\cucumber\junit-xml-formatter\0.1.0\junit-xml-formatter-0.1.0.jar;C:\Users\Suwarna_Wagh\.m2\repository\io\cucumber\ci-environment\9.1.0\ci-environment-9.1.0.jar;C:\Users\Suwarna_Wagh\.m2\repository\io\cucumber\cucumber-gherkin\7.11.1\cucumber-gherkin-7.11.1.jar;C:\Users\Suwarna_Wagh\.m2\repository\io\cucumber\cucumber-java8\7.11.1\cucumber-java8-7.11.1.jar;C:\Users\Suwarna_Wagh\.m2\repository\net\jodah\typetools\0.6.3\typetools-0.6.3.jar;C:\Users\Suwarna_Wagh\.m2\repository\io\cucumber\cucumber-jvm-deps\1.0.6\cucumber-jvm-deps-1.0.6.jar;C:\Users\Suwarna_Wagh\.m2\repository\io\cucumber\cucumber-plugin\7.11.1\cucumber-plugin-7.11.1.jar;C:\Users\Suwarna_Wagh\.m2\repository\net\masterthought\cucumber-reporting\5.7.5\cucumber-reporting-5.7.5.jar;C:\Users\Suwarna_Wagh\.m2\repository\com\fasterxml\jackson\core\jackson-databind\2.13.2.2\jackson-databind-2.13.2.2.jar;C:\Users\Suwarna_Wagh\.m2\repository\com\fasterxml\jackson\core\jackson-annotations\2.13.2\jackson-annotations-2.13.2.jar;C:\Users\Suwarna_Wagh\.m2\repository\com\fasterxml\jackson\core\jackson-core\2.13.2\jackson-core-2.13.2.jar;C:\Users\Suwarna_Wagh\.m2\repository\com\fasterxml\jackson\datatype\jackson-datatype-jsr310\2.13.2\jackson-datatype-jsr310-2.13.2.jar;C:\Users\Suwarna_Wagh\.m2\repository\org\apache\velocity\velocity-engine-core\2.3\velocity-engine-core-2.3.jar;C:\Users\Suwarna_Wagh\.m2\repository\org\apache\commons\commons-collections4\4.4\commons-collections4-4.4.jar;C:\Users\Suwarna_Wagh\.m2\repository\joda-time\joda-time\2.12.2\joda-time-2.12.2.jar;C:\Users\Suwarna_Wagh\.m2\repository\commons-io\commons-io\2.7\commons-io-2.7.jar;C:\Users\Suwarna_Wagh\.m2\repository\org\jsoup\jsoup\1.15.4\jsoup-1.15.4.jar;C:\Users\Suwarna_Wagh\.m2\repository\com\googlecode\owasp-java-html-sanitizer\owasp-java-html-sanitizer\20220608.1\owasp-java-html-sanitizer-20220608.1.jar;C:\Users\Suwarna_Wagh\.m2\repository\commons-configuration\commons-configuration\1.10\commons-configuration-1.10.jar;C:\Users\Suwarna_Wagh\.m2\repository\io\cucumber\datatable-matchers\7.11.1\datatable-matchers-7.11.1.jar;"/>
    <property name="java.vm.vendor" value="Oracle Corporation"/>
    <property name="sun.arch.data.model" value="64"/>
    <property name="user.variant" value=""/>
    <property name="java.vendor.url" value="https://java.oracle.com/"/>
    <property name="user.timezone" value="Europe/Warsaw"/>
    <property name="rp.launch.id" value="59b6c93f-31e8-401f-87bb-77c484f3179f"/>
    <property name="os.name" value="Windows 10"/>
    <property name="java.vm.specification.version" value="17"/>
    <property name="sun.java.launcher" value="SUN_STANDARD"/>
    <property name="user.country" value="GB"/>
    <property name="sun.boot.library.path" value="C:\Program Files\Java\jdk-17.0.3.1\bin"/>
    <property name="sun.java.command" value="C:\Users\Suwarna_Wagh\AppData\Local\Temp\surefire1555858531332606678\surefirebooter-20230621153525669_3.jar C:\Users\Suwarna_Wagh\AppData\Local\Temp\surefire1555858531332606678 2023-06-21T15-35-25_568-jvmRun1 surefire-20230621153525669_1tmp surefire_0-20230621153525669_2tmp"/>
    <property name="jdk.debug" value="release"/>
    <property name="surefire.test.class.path" value="C:\AdvancedTraining\AutomationFramework\target\test-classes;C:\AdvancedTraining\AutomationFramework\target\classes;C:\Users\Suwarna_Wagh\.m2\repository\org\mockito\mockito-core\4.1.0\mockito-core-4.1.0.jar;C:\Users\Suwarna_Wagh\.m2\repository\net\bytebuddy\byte-buddy\1.12.1\byte-buddy-1.12.1.jar;C:\Users\Suwarna_Wagh\.m2\repository\net\bytebuddy\byte-buddy-agent\1.12.1\byte-buddy-agent-1.12.1.jar;C:\Users\Suwarna_Wagh\.m2\repository\org\objenesis\objenesis\3.2\objenesis-3.2.jar;C:\Users\Suwarna_Wagh\.m2\repository\org\mockito\mockito-all\1.10.19\mockito-all-1.10.19.jar;C:\Users\Suwarna_Wagh\.m2\repository\junit\junit\4.12\junit-4.12.jar;C:\Users\Suwarna_Wagh\.m2\repository\org\hamcrest\hamcrest-core\1.3\hamcrest-core-1.3.jar;C:\Users\Suwarna_Wagh\.m2\repository\org\junit\jupiter\junit-jupiter-api\5.9.1\junit-jupiter-api-5.9.1.jar;C:\Users\Suwarna_Wagh\.m2\repository\org\opentest4j\opentest4j\1.2.0\opentest4j-1.2.0.jar;C:\Users\Suwarna_Wagh\.m2\repository\org\junit\platform\junit-platform-commons\1.9.1\junit-platform-commons-1.9.1.jar;C:\Users\Suwarna_Wagh\.m2\repository\org\apiguardian\apiguardian-api\1.1.2\apiguardian-api-1.1.2.jar;C:\Users\Suwarna_Wagh\.m2\repository\org\assertj\assertj-core\3.24.2\assertj-core-3.24.2.jar;C:\Users\Suwarna_Wagh\.m2\repository\log4j\log4j\1.2.17\log4j-1.2.17.jar;C:\Users\Suwarna_Wagh\.m2\repository\org\sonarsource\scanner\maven\sonar-maven-plugin\3.9.1.2184\sonar-maven-plugin-3.9.1.2184.jar;C:\Users\Suwarna_Wagh\.m2\repository\org\sonatype\plexus\plexus-sec-dispatcher\1.4\plexus-sec-dispatcher-1.4.jar;C:\Users\Suwarna_Wagh\.m2\repository\org\sonatype\plexus\plexus-cipher\1.4\plexus-cipher-1.4.jar;C:\Users\Suwarna_Wagh\.m2\repository\org\codehaus\plexus\plexus-utils\3.2.1\plexus-utils-3.2.1.jar;C:\Users\Suwarna_Wagh\.m2\repository\org\sonarsource\scanner\api\sonar-scanner-api\2.16.2.588\sonar-scanner-api-2.16.2.588.jar;C:\Users\Suwarna_Wagh\.m2\repository\commons-lang\commons-lang\2.6\commons-lang-2.6.jar;C:\Users\Suwarna_Wagh\.m2\repository\com\epam\reportportal\agent-java-testng\5.1.3\agent-java-testng-5.1.3.jar;C:\Users\Suwarna_Wagh\.m2\repository\com\epam\reportportal\client-java\5.1.11\client-java-5.1.11.jar;C:\Users\Suwarna_Wagh\.m2\repository\io\reactivex\rxjava2\rxjava\2.2.10\rxjava-2.2.10.jar;C:\Users\Suwarna_Wagh\.m2\repository\org\reactivestreams\reactive-streams\1.0.2\reactive-streams-1.0.2.jar;C:\Users\Suwarna_Wagh\.m2\repository\com\squareup\retrofit2\retrofit\2.9.0\retrofit-2.9.0.jar;C:\Users\Suwarna_Wagh\.m2\repository\com\squareup\okhttp3\okhttp\3.14.9\okhttp-3.14.9.jar;C:\Users\Suwarna_Wagh\.m2\repository\com\squareup\okio\okio\1.17.2\okio-1.17.2.jar;C:\Users\Suwarna_Wagh\.m2\repository\org\aspectj\aspectjrt\1.9.2\aspectjrt-1.9.2.jar;C:\Users\Suwarna_Wagh\.m2\repository\com\squareup\retrofit2\converter-scalars\2.9.0\converter-scalars-2.9.0.jar;C:\Users\Suwarna_Wagh\.m2\repository\com\squareup\retrofit2\converter-jackson\2.9.0\converter-jackson-2.9.0.jar;C:\Users\Suwarna_Wagh\.m2\repository\com\squareup\retrofit2\adapter-rxjava2\2.9.0\adapter-rxjava2-2.9.0.jar;C:\Users\Suwarna_Wagh\.m2\repository\com\squareup\okhttp3\logging-interceptor\3.14.9\logging-interceptor-3.14.9.jar;C:\Users\Suwarna_Wagh\.m2\repository\org\aspectj\aspectjweaver\1.9.2\aspectjweaver-1.9.2.jar;C:\Users\Suwarna_Wagh\.m2\repository\com\google\code\findbugs\jsr305\3.0.2\jsr305-3.0.2.jar;C:\Users\Suwarna_Wagh\.m2\repository\com\epam\reportportal\commons-model\5.0.0\commons-model-5.0.0.jar;C:\Users\Suwarna_Wagh\.m2\repository\io\swagger\swagger-annotations\1.5.24\swagger-annotations-1.5.24.jar;C:\Users\Suwarna_Wagh\.m2\repository\javax\validation\validation-api\2.0.1.Final\validation-api-2.0.1.Final.jar;C:\Users\Suwarna_Wagh\.m2\repository\org\slf4j\slf4j-api\1.7.36\slf4j-api-1.7.36.jar;C:\Users\Suwarna_Wagh\.m2\repository\com\epam\reportportal\logger-java-logback\5.1.3\logger-java-logback-5.1.3.jar;C:\Users\Suwarna_Wagh\.m2\repository\ch\qos\logback\logback-classic\1.2.11\logback-classic-1.2.11.jar;C:\Users\Suwarna_Wagh\.m2\repository\ch\qos\logback\logback-core\1.2.11\logback-core-1.2.11.jar;C:\Users\Suwarna_Wagh\.m2\repository\com\epam\reportportal\logger-java-log4j\5.1.5\logger-java-log4j-5.1.5.jar;C:\Users\Suwarna_Wagh\.m2\repository\org\apache\logging\log4j\log4j-core\2.17.2\log4j-core-2.17.2.jar;C:\Users\Suwarna_Wagh\.m2\repository\org\apache\logging\log4j\log4j-api\2.17.2\log4j-api-2.17.2.jar;C:\Users\Suwarna_Wagh\.m2\repository\io\github\bonigarcia\webdrivermanager\5.3.2\webdrivermanager-5.3.2.jar;C:\Users\Suwarna_Wagh\.m2\repository\com\google\code\gson\gson\2.10.1\gson-2.10.1.jar;C:\Users\Suwarna_Wagh\.m2\repository\com\github\docker-java\docker-java\3.2.14\docker-java-3.2.14.jar;C:\Users\Suwarna_Wagh\.m2\repository\com\github\docker-java\docker-java-core\3.2.14\docker-java-core-3.2.14.jar;C:\Users\Suwarna_Wagh\.m2\repository\com\github\docker-java\docker-java-api\3.2.14\docker-java-api-3.2.14.jar;C:\Users\Suwarna_Wagh\.m2\repository\org\apache\commons\commons-compress\1.21\commons-compress-1.21.jar;C:\Users\Suwarna_Wagh\.m2\repository\org\bouncycastle\bcpkix-jdk15on\1.64\bcpkix-jdk15on-1.64.jar;C:\Users\Suwarna_Wagh\.m2\repository\org\bouncycastle\bcprov-jdk15on\1.64\bcprov-jdk15on-1.64.jar;C:\Users\Suwarna_Wagh\.m2\repository\org\slf4j\jcl-over-slf4j\1.7.30\jcl-over-slf4j-1.7.30.jar;C:\Users\Suwarna_Wagh\.m2\repository\com\github\docker-java\docker-java-transport-httpclient5\3.2.14\docker-java-transport-httpclient5-3.2.14.jar;C:\Users\Suwarna_Wagh\.m2\repository\com\github\docker-java\docker-java-transport\3.2.14\docker-java-transport-3.2.14.jar;C:\Users\Suwarna_Wagh\.m2\repository\net\java\dev\jna\jna\5.12.1\jna-5.12.1.jar;C:\Users\Suwarna_Wagh\.m2\repository\org\brotli\dec\0.1.2\dec-0.1.2.jar;C:\Users\Suwarna_Wagh\.m2\repository\org\apache\commons\commons-lang3\3.12.0\commons-lang3-3.12.0.jar;C:\Users\Suwarna_Wagh\.m2\repository\org\apache\httpcomponents\client5\httpclient5\5.2.1\httpclient5-5.2.1.jar;C:\Users\Suwarna_Wagh\.m2\repository\org\apache\httpcomponents\core5\httpcore5\5.2\httpcore5-5.2.jar;C:\Users\Suwarna_Wagh\.m2\repository\org\apache\httpcomponents\core5\httpcore5-h2\5.2\httpcore5-h2-5.2.jar;C:\Users\Suwarna_Wagh\.m2\repository\org\seleniumhq\selenium\selenium-java\4.8.3\selenium-java-4.8.3.jar;C:\Users\Suwarna_Wagh\.m2\repository\org\seleniumhq\selenium\selenium-api\4.8.3\selenium-api-4.8.3.jar;C:\Users\Suwarna_Wagh\.m2\repository\org\seleniumhq\selenium\selenium-chrome-driver\4.8.3\selenium-chrome-driver-4.8.3.jar;C:\Users\Suwarna_Wagh\.m2\repository\com\google\auto\service\auto-service-annotations\1.0.1\auto-service-annotations-1.0.1.jar;C:\Users\Suwarna_Wagh\.m2\repository\com\google\auto\service\auto-service\1.0.1\auto-service-1.0.1.jar;C:\Users\Suwarna_Wagh\.m2\repository\com\google\auto\auto-common\1.2\auto-common-1.2.jar;C:\Users\Suwarna_Wagh\.m2\repository\org\seleniumhq\selenium\selenium-chromium-driver\4.8.3\selenium-chromium-driver-4.8.3.jar;C:\Users\Suwarna_Wagh\.m2\repository\org\seleniumhq\selenium\selenium-json\4.8.3\selenium-json-4.8.3.jar;C:\Users\Suwarna_Wagh\.m2\repository\org\seleniumhq\selenium\selenium-manager\4.8.3\selenium-manager-4.8.3.jar;C:\Users\Suwarna_Wagh\.m2\repository\org\seleniumhq\selenium\selenium-devtools-v109\4.8.3\selenium-devtools-v109-4.8.3.jar;C:\Users\Suwarna_Wagh\.m2\repository\org\seleniumhq\selenium\selenium-devtools-v110\4.8.3\selenium-devtools-v110-4.8.3.jar;C:\Users\Suwarna_Wagh\.m2\repository\org\seleniumhq\selenium\selenium-devtools-v111\4.8.3\selenium-devtools-v111-4.8.3.jar;C:\Users\Suwarna_Wagh\.m2\repository\org\seleniumhq\selenium\selenium-devtools-v85\4.8.3\selenium-devtools-v85-4.8.3.jar;C:\Users\Suwarna_Wagh\.m2\repository\org\seleniumhq\selenium\selenium-edge-driver\4.8.3\selenium-edge-driver-4.8.3.jar;C:\Users\Suwarna_Wagh\.m2\repository\org\seleniumhq\selenium\selenium-firefox-driver\4.8.3\selenium-firefox-driver-4.8.3.jar;C:\Users\Suwarna_Wagh\.m2\repository\org\seleniumhq\selenium\selenium-http\4.8.3\selenium-http-4.8.3.jar;C:\Users\Suwarna_Wagh\.m2\repository\dev\failsafe\failsafe\3.3.1\failsafe-3.3.1.jar;C:\Users\Suwarna_Wagh\.m2\repository\org\seleniumhq\selenium\selenium-ie-driver\4.8.3\selenium-ie-driver-4.8.3.jar;C:\Users\Suwarna_Wagh\.m2\repository\org\seleniumhq\selenium\selenium-remote-driver\4.8.3\selenium-remote-driver-4.8.3.jar;C:\Users\Suwarna_Wagh\.m2\repository\io\netty\netty-buffer\4.1.90.Final\netty-buffer-4.1.90.Final.jar;C:\Users\Suwarna_Wagh\.m2\repository\io\netty\netty-codec-http\4.1.90.Final\netty-codec-http-4.1.90.Final.jar;C:\Users\Suwarna_Wagh\.m2\repository\io\netty\netty-codec\4.1.90.Final\netty-codec-4.1.90.Final.jar;C:\Users\Suwarna_Wagh\.m2\repository\io\netty\netty-handler\4.1.90.Final\netty-handler-4.1.90.Final.jar;C:\Users\Suwarna_Wagh\.m2\repository\io\netty\netty-common\4.1.90.Final\netty-common-4.1.90.Final.jar;C:\Users\Suwarna_Wagh\.m2\repository\io\netty\netty-transport-classes-epoll\4.1.90.Final\netty-transport-classes-epoll-4.1.90.Final.jar;C:\Users\Suwarna_Wagh\.m2\repository\io\netty\netty-transport-classes-kqueue\4.1.90.Final\netty-transport-classes-kqueue-4.1.90.Final.jar;C:\Users\Suwarna_Wagh\.m2\repository\io\netty\netty-transport-native-epoll\4.1.90.Final\netty-transport-native-epoll-4.1.90.Final.jar;C:\Users\Suwarna_Wagh\.m2\repository\io\netty\netty-transport-native-kqueue\4.1.90.Final\netty-transport-native-kqueue-4.1.90.Final.jar;C:\Users\Suwarna_Wagh\.m2\repository\io\netty\netty-transport-native-unix-common\4.1.90.Final\netty-transport-native-unix-common-4.1.90.Final.jar;C:\Users\Suwarna_Wagh\.m2\repository\io\netty\netty-transport\4.1.90.Final\netty-transport-4.1.90.Final.jar;C:\Users\Suwarna_Wagh\.m2\repository\io\netty\netty-resolver\4.1.90.Final\netty-resolver-4.1.90.Final.jar;C:\Users\Suwarna_Wagh\.m2\repository\io\opentelemetry\opentelemetry-api\1.24.0\opentelemetry-api-1.24.0.jar;C:\Users\Suwarna_Wagh\.m2\repository\io\opentelemetry\opentelemetry-context\1.24.0\opentelemetry-context-1.24.0.jar;C:\Users\Suwarna_Wagh\.m2\repository\io\opentelemetry\opentelemetry-exporter-logging\1.24.0\opentelemetry-exporter-logging-1.24.0.jar;C:\Users\Suwarna_Wagh\.m2\repository\io\opentelemetry\opentelemetry-sdk-metrics\1.24.0\opentelemetry-sdk-metrics-1.24.0.jar;C:\Users\Suwarna_Wagh\.m2\repository\io\opentelemetry\opentelemetry-sdk-logs\1.24.0-alpha\opentelemetry-sdk-logs-1.24.0-alpha.jar;C:\Users\Suwarna_Wagh\.m2\repository\io\opentelemetry\opentelemetry-api-logs\1.24.0-alpha\opentelemetry-api-logs-1.24.0-alpha.jar;C:\Users\Suwarna_Wagh\.m2\repository\io\opentelemetry\opentelemetry-api-events\1.24.0-alpha\opentelemetry-api-events-1.24.0-alpha.jar;C:\Users\Suwarna_Wagh\.m2\repository\io\opentelemetry\opentelemetry-sdk-common\1.24.0\opentelemetry-sdk-common-1.24.0.jar;C:\Users\Suwarna_Wagh\.m2\repository\io\opentelemetry\opentelemetry-sdk-extension-autoconfigure-spi\1.24.0\opentelemetry-sdk-extension-autoconfigure-spi-1.24.0.jar;C:\Users\Suwarna_Wagh\.m2\repository\io\opentelemetry\opentelemetry-sdk-extension-autoconfigure\1.24.0-alpha\opentelemetry-sdk-extension-autoconfigure-1.24.0-alpha.jar;C:\Users\Suwarna_Wagh\.m2\repository\io\opentelemetry\opentelemetry-sdk-trace\1.24.0\opentelemetry-sdk-trace-1.24.0.jar;C:\Users\Suwarna_Wagh\.m2\repository\io\opentelemetry\opentelemetry-sdk\1.24.0\opentelemetry-sdk-1.24.0.jar;C:\Users\Suwarna_Wagh\.m2\repository\io\opentelemetry\opentelemetry-semconv\1.24.0-alpha\opentelemetry-semconv-1.24.0-alpha.jar;C:\Users\Suwarna_Wagh\.m2\repository\io\ous\jtoml\2.0.0\jtoml-2.0.0.jar;C:\Users\Suwarna_Wagh\.m2\repository\org\apache\commons\commons-exec\1.3\commons-exec-1.3.jar;C:\Users\Suwarna_Wagh\.m2\repository\org\asynchttpclient\async-http-client\2.12.3\async-http-client-2.12.3.jar;C:\Users\Suwarna_Wagh\.m2\repository\org\asynchttpclient\async-http-client-netty-utils\2.12.3\async-http-client-netty-utils-2.12.3.jar;C:\Users\Suwarna_Wagh\.m2\repository\io\netty\netty-codec-socks\4.1.60.Final\netty-codec-socks-4.1.60.Final.jar;C:\Users\Suwarna_Wagh\.m2\repository\io\netty\netty-handler-proxy\4.1.60.Final\netty-handler-proxy-4.1.60.Final.jar;C:\Users\Suwarna_Wagh\.m2\repository\io\netty\netty-transport-native-epoll\4.1.60.Final\netty-transport-native-epoll-4.1.60.Final-linux-x86_64.jar;C:\Users\Suwarna_Wagh\.m2\repository\io\netty\netty-transport-native-kqueue\4.1.60.Final\netty-transport-native-kqueue-4.1.60.Final-osx-x86_64.jar;C:\Users\Suwarna_Wagh\.m2\repository\com\typesafe\netty\netty-reactive-streams\2.0.4\netty-reactive-streams-2.0.4.jar;C:\Users\Suwarna_Wagh\.m2\repository\com\sun\activation\jakarta.activation\1.2.2\jakarta.activation-1.2.2.jar;C:\Users\Suwarna_Wagh\.m2\repository\org\seleniumhq\selenium\selenium-safari-driver\4.8.3\selenium-safari-driver-4.8.3.jar;C:\Users\Suwarna_Wagh\.m2\repository\org\seleniumhq\selenium\selenium-support\4.8.3\selenium-support-4.8.3.jar;C:\Users\Suwarna_Wagh\.m2\repository\com\google\guava\guava\31.0.1-jre\guava-31.0.1-jre.jar;C:\Users\Suwarna_Wagh\.m2\repository\com\google\guava\failureaccess\1.0.1\failureaccess-1.0.1.jar;C:\Users\Suwarna_Wagh\.m2\repository\com\google\guava\listenablefuture\9999.0-empty-to-avoid-conflict-with-guava\listenablefuture-9999.0-empty-to-avoid-conflict-with-guava.jar;C:\Users\Suwarna_Wagh\.m2\repository\org\checkerframework\checker-qual\3.12.0\checker-qual-3.12.0.jar;C:\Users\Suwarna_Wagh\.m2\repository\com\google\errorprone\error_prone_annotations\2.7.1\error_prone_annotations-2.7.1.jar;C:\Users\Suwarna_Wagh\.m2\repository\com\google\j2objc\j2objc-annotations\1.3\j2objc-annotations-1.3.jar;C:\Users\Suwarna_Wagh\.m2\repository\io\rest-assured\rest-assured\5.3.0\rest-assured-5.3.0.jar;C:\Users\Suwarna_Wagh\.m2\repository\org\apache\groovy\groovy\4.0.6\groovy-4.0.6.jar;C:\Users\Suwarna_Wagh\.m2\repository\org\apache\groovy\groovy-xml\4.0.6\groovy-xml-4.0.6.jar;C:\Users\Suwarna_Wagh\.m2\repository\org\apache\httpcomponents\httpclient\4.5.13\httpclient-4.5.13.jar;C:\Users\Suwarna_Wagh\.m2\repository\org\apache\httpcomponents\httpcore\4.4.13\httpcore-4.4.13.jar;C:\Users\Suwarna_Wagh\.m2\repository\commons-logging\commons-logging\1.2\commons-logging-1.2.jar;C:\Users\Suwarna_Wagh\.m2\repository\commons-codec\commons-codec\1.11\commons-codec-1.11.jar;C:\Users\Suwarna_Wagh\.m2\repository\org\apache\httpcomponents\httpmime\4.5.13\httpmime-4.5.13.jar;C:\Users\Suwarna_Wagh\.m2\repository\org\hamcrest\hamcrest\2.1\hamcrest-2.1.jar;C:\Users\Suwarna_Wagh\.m2\repository\org\ccil\cowan\tagsoup\tagsoup\1.2.1\tagsoup-1.2.1.jar;C:\Users\Suwarna_Wagh\.m2\repository\io\rest-assured\xml-path\5.3.0\xml-path-5.3.0.jar;C:\Users\Suwarna_Wagh\.m2\repository\io\rest-assured\json-path\5.3.0\json-path-5.3.0.jar;C:\Users\Suwarna_Wagh\.m2\repository\org\apache\groovy\groovy-json\4.0.6\groovy-json-4.0.6.jar;C:\Users\Suwarna_Wagh\.m2\repository\io\rest-assured\rest-assured-common\5.3.0\rest-assured-common-5.3.0.jar;C:\Users\Suwarna_Wagh\.m2\repository\io\rest-assured\json-schema-validator\5.3.0\json-schema-validator-5.3.0.jar;C:\Users\Suwarna_Wagh\.m2\repository\com\github\java-json-tools\json-schema-validator\2.2.14\json-schema-validator-2.2.14.jar;C:\Users\Suwarna_Wagh\.m2\repository\com\github\java-json-tools\jackson-coreutils-equivalence\1.0\jackson-coreutils-equivalence-1.0.jar;C:\Users\Suwarna_Wagh\.m2\repository\com\github\java-json-tools\jackson-coreutils\2.0\jackson-coreutils-2.0.jar;C:\Users\Suwarna_Wagh\.m2\repository\com\github\java-json-tools\msg-simple\1.2\msg-simple-1.2.jar;C:\Users\Suwarna_Wagh\.m2\repository\com\github\java-json-tools\btf\1.3\btf-1.3.jar;C:\Users\Suwarna_Wagh\.m2\repository\com\github\java-json-tools\json-schema-core\1.2.14\json-schema-core-1.2.14.jar;C:\Users\Suwarna_Wagh\.m2\repository\com\github\java-json-tools\uri-template\0.10\uri-template-0.10.jar;C:\Users\Suwarna_Wagh\.m2\repository\org\mozilla\rhino\1.7.7.2\rhino-1.7.7.2.jar;C:\Users\Suwarna_Wagh\.m2\repository\com\sun\mail\mailapi\1.6.2\mailapi-1.6.2.jar;C:\Users\Suwarna_Wagh\.m2\repository\com\googlecode\libphonenumber\libphonenumber\8.11.1\libphonenumber-8.11.1.jar;C:\Users\Suwarna_Wagh\.m2\repository\net\sf\jopt-simple\jopt-simple\5.0.4\jopt-simple-5.0.4.jar;C:\Users\Suwarna_Wagh\.m2\repository\com\aventstack\extentreports\3.0.0\extentreports-3.0.0.jar;C:\Users\Suwarna_Wagh\.m2\repository\org\freemarker\freemarker\2.3.23\freemarker-2.3.23.jar;C:\Users\Suwarna_Wagh\.m2\repository\org\mongodb\mongodb-driver\3.3.0\mongodb-driver-3.3.0.jar;C:\Users\Suwarna_Wagh\.m2\repository\org\mongodb\bson\3.3.0\bson-3.3.0.jar;C:\Users\Suwarna_Wagh\.m2\repository\org\mongodb\mongodb-driver-core\3.3.0\mongodb-driver-core-3.3.0.jar;C:\Users\Suwarna_Wagh\.m2\repository\global\AdvancedTraining\1.0-SNAPSHOT\AdvancedTraining-1.0-SNAPSHOT.jar;C:\Users\Suwarna_Wagh\.m2\repository\org\projectlombok\lombok\1.18.26\lombok-1.18.26.jar;C:\Users\Suwarna_Wagh\.m2\repository\org\modelmapper\modelmapper\3.1.1\modelmapper-3.1.1.jar;C:\Users\Suwarna_Wagh\.m2\repository\com\mashape\unirest\unirest-java\1.4.9\unirest-java-1.4.9.jar;C:\Users\Suwarna_Wagh\.m2\repository\org\apache\httpcomponents\httpasyncclient\4.1.1\httpasyncclient-4.1.1.jar;C:\Users\Suwarna_Wagh\.m2\repository\org\apache\httpcomponents\httpcore-nio\4.4.4\httpcore-nio-4.4.4.jar;C:\Users\Suwarna_Wagh\.m2\repository\org\json\json\20160212\json-20160212.jar;C:\Users\Suwarna_Wagh\.m2\repository\org\junit\jupiter\junit-jupiter-engine\5.9.1\junit-jupiter-engine-5.9.1.jar;C:\Users\Suwarna_Wagh\.m2\repository\org\junit\platform\junit-platform-engine\1.9.1\junit-platform-engine-1.9.1.jar;C:\Users\Suwarna_Wagh\.m2\repository\org\junit\vintage\junit-vintage-engine\5.9.1\junit-vintage-engine-5.9.1.jar;C:\Users\Suwarna_Wagh\.m2\repository\org\testng\testng\7.7.1\testng-7.7.1.jar;C:\Users\Suwarna_Wagh\.m2\repository\com\beust\jcommander\1.82\jcommander-1.82.jar;C:\Users\Suwarna_Wagh\.m2\repository\org\webjars\jquery\3.6.1\jquery-3.6.1.jar;C:\Users\Suwarna_Wagh\.m2\repository\io\cucumber\cucumber-java\7.11.1\cucumber-java-7.11.1.jar;C:\Users\Suwarna_Wagh\.m2\repository\io\cucumber\cucumber-junit\7.11.1\cucumber-junit-7.11.1.jar;C:\Users\Suwarna_Wagh\.m2\repository\io\cucumber\cucumber-core\7.11.1\cucumber-core-7.11.1.jar;C:\Users\Suwarna_Wagh\.m2\repository\io\cucumber\cucumber-gherkin-messages\7.11.1\cucumber-gherkin-messages-7.11.1.jar;C:\Users\Suwarna_Wagh\.m2\repository\io\cucumber\gherkin\26.0.3\gherkin-26.0.3.jar;C:\Users\Suwarna_Wagh\.m2\repository\io\cucumber\messages\21.0.1\messages-21.0.1.jar;C:\Users\Suwarna_Wagh\.m2\repository\io\cucumber\tag-expressions\5.0.1\tag-expressions-5.0.1.jar;C:\Users\Suwarna_Wagh\.m2\repository\io\cucumber\cucumber-expressions\16.1.2\cucumber-expressions-16.1.2.jar;C:\Users\Suwarna_Wagh\.m2\repository\io\cucumber\datatable\7.11.1\datatable-7.11.1.jar;C:\Users\Suwarna_Wagh\.m2\repository\io\cucumber\docstring\7.11.1\docstring-7.11.1.jar;C:\Users\Suwarna_Wagh\.m2\repository\io\cucumber\html-formatter\20.2.1\html-formatter-20.2.1.jar;C:\Users\Suwarna_Wagh\.m2\repository\io\cucumber\junit-xml-formatter\0.1.0\junit-xml-formatter-0.1.0.jar;C:\Users\Suwarna_Wagh\.m2\repository\io\cucumber\ci-environment\9.1.0\ci-environment-9.1.0.jar;C:\Users\Suwarna_Wagh\.m2\repository\io\cucumber\cucumber-gherkin\7.11.1\cucumber-gherkin-7.11.1.jar;C:\Users\Suwarna_Wagh\.m2\repository\io\cucumber\cucumber-java8\7.11.1\cucumber-java8-7.11.1.jar;C:\Users\Suwarna_Wagh\.m2\repository\net\jodah\typetools\0.6.3\typetools-0.6.3.jar;C:\Users\Suwarna_Wagh\.m2\repository\io\cucumber\cucumber-jvm-deps\1.0.6\cucumber-jvm-deps-1.0.6.jar;C:\Users\Suwarna_Wagh\.m2\repository\io\cucumber\cucumber-plugin\7.11.1\cucumber-plugin-7.11.1.jar;C:\Users\Suwarna_Wagh\.m2\repository\net\masterthought\cucumber-reporting\5.7.5\cucumber-reporting-5.7.5.jar;C:\Users\Suwarna_Wagh\.m2\repository\com\fasterxml\jackson\core\jackson-databind\2.13.2.2\jackson-databind-2.13.2.2.jar;C:\Users\Suwarna_Wagh\.m2\repository\com\fasterxml\jackson\core\jackson-annotations\2.13.2\jackson-annotations-2.13.2.jar;C:\Users\Suwarna_Wagh\.m2\repository\com\fasterxml\jackson\core\jackson-core\2.13.2\jackson-core-2.13.2.jar;C:\Users\Suwarna_Wagh\.m2\repository\com\fasterxml\jackson\datatype\jackson-datatype-jsr310\2.13.2\jackson-datatype-jsr310-2.13.2.jar;C:\Users\Suwarna_Wagh\.m2\repository\org\apache\velocity\velocity-engine-core\2.3\velocity-engine-core-2.3.jar;C:\Users\Suwarna_Wagh\.m2\repository\org\apache\commons\commons-collections4\4.4\commons-collections4-4.4.jar;C:\Users\Suwarna_Wagh\.m2\repository\joda-time\joda-time\2.12.2\joda-time-2.12.2.jar;C:\Users\Suwarna_Wagh\.m2\repository\commons-io\commons-io\2.7\commons-io-2.7.jar;C:\Users\Suwarna_Wagh\.m2\repository\org\jsoup\jsoup\1.15.4\jsoup-1.15.4.jar;C:\Users\Suwarna_Wagh\.m2\repository\com\googlecode\owasp-java-html-sanitizer\owasp-java-html-sanitizer\20220608.1\owasp-java-html-sanitizer-20220608.1.jar;C:\Users\Suwarna_Wagh\.m2\repository\commons-configuration\commons-configuration\1.10\commons-configuration-1.10.jar;C:\Users\Suwarna_Wagh\.m2\repository\io\cucumber\datatable-matchers\7.11.1\datatable-matchers-7.11.1.jar;"/>
    <property name="sun.cpu.endian" value="little"/>
    <property name="user.home" value="C:\Users\Suwarna_Wagh"/>
    <property name="user.language" value="en"/>
    <property name="java.specification.vendor" value="Oracle Corporation"/>
    <property name="java.version.date" value="2022-04-22"/>
    <property name="java.home" value="C:\Program Files\Java\jdk-17.0.3.1"/>
    <property name="file.separator" value="\"/>
    <property name="basedir" value="C:\AdvancedTraining\AutomationFramework"/>
    <property name="java.vm.compressedOopsMode" value="Zero based"/>
    <property name="line.separator" value="&#10;"/>
    <property name="java.vm.specification.vendor" value="Oracle Corporation"/>
    <property name="java.specification.name" value="Java Platform API Specification"/>
    <property name="surefire.real.class.path" value="C:\Users\Suwarna_Wagh\AppData\Local\Temp\surefire1555858531332606678\surefirebooter-20230621153525669_3.jar"/>
    <property name="user.script" value=""/>
    <property name="sun.management.compiler" value="HotSpot 64-Bit Tiered Compilers"/>
    <property name="java.runtime.version" value="17.0.3.1+2-LTS-6"/>
    <property name="user.name" value="Suwarna_Wagh"/>
    <property name="path.separator" value=";"/>
    <property name="os.version" value="10.0"/>
    <property name="java.runtime.name" value="Java(TM) SE Runtime Environment"/>
    <property name="file.encoding" value="Cp1252"/>
    <property name="java.vm.name" value="Java HotSpot(TM) 64-Bit Server VM"/>
    <property name="localRepository" value="C:\Users\Suwarna_Wagh\.m2\repository"/>
    <property name="java.vendor.url.bug" value="https://bugreport.java.com/bugreport/"/>
    <property name="java.io.tmpdir" value="C:\Users\SUWARN~1\AppData\Local\Temp\"/>
    <property name="java.version" value="17.0.3.1"/>
    <property name="user.dir" value="C:\AdvancedTraining\AutomationFramework"/>
    <property name="os.arch" value="amd64"/>
    <property name="java.vm.specification.name" value="Java Virtual Machine Specification"/>
    <property name="sun.os.patch.level" value=""/>
    <property name="native.encoding" value="Cp1252"/>
    <property name="java.library.path" value="C:\Program Files\Java\jdk-17.0.3.1\bin;C:\windows\Sun\Java\bin;C:\windows\system32;C:\windows;C:\Python311\Scripts\;C:\Python311\;C:\Program Files (x86)\Microsoft SDKs\Azure\CLI2\wbin;C:\Program Files\Common Files\Oracle\Java\javapath;C:\windows\system32;C:\windows;C:\windows\System32\Wbem;C:\windows\System32\WindowsPowerShell\v1.0\;C:\windows\System32\OpenSSH\;C:\Program Files\Java\jdk-17.0.3.1\bin;C:\Program Files\Git\cmd;C:\MyApp\Gradle\gradle-7.4.2\bin;C:\MyApp\Kube;C:\Program Files\Docker\Docker\resources\bin;C:\Program Files\Git\bin;C:\Program Files\nodejs\;C:\ProgramData\chocolatey\bin;C:\Users\Suwarna_Wagh\AppData\Local\Microsoft\WindowsApps;C:\Program Files\JetBrains\IntelliJ IDEA Community Edition 2022.1.2\bin;;C:\Maven\apache-maven-3.9.1\bin;C:\Program Files\Git\bin;C:\Program Files (x86)\BrowserStackLocal\;C:\Users\Suwarna_Wagh\AppData\Local\Programs\Microsoft VS Code\bin;C:\Users\Suwarna_Wagh\AppData\Roaming\npm;C:\Program Files\JetBrains\PyCharm Community Edition 2023.1.2\bin;;."/>
    <property name="java.vm.info" value="mixed mode, sharing"/>
    <property name="java.vendor" value="Oracle Corporation"/>
    <property name="java.vm.version" value="17.0.3.1+2-LTS-6"/>
    <property name="sun.io.unicode.encoding" value="UnicodeLittle"/>
    <property name="java.class.version" value="61.0"/>
  </properties>
  <testcase name="a_getAllSharedDashboardTest_GET" classname="alltests.apitest.DashboardControllerTest" time="1.616">
    <system-out><![CDATA[15:35:26.644 [main] DEBUG org.testng.TestNG - suiteXmlPath: "C:\AdvancedTraining\AutomationFramework\src\test\resources\testng.xml"
15:35:26.916 [main] DEBUG org.testng.TestNG - suiteXmlPath: "C:\AdvancedTraining\AutomationFramework\src\test\resources\testng_ui.xml"
15:35:27.576 [main] WARN com.epam.reportportal.testng.BaseTestNGListener - WARNING! More than one ReportPortal listener is added
WARNING! More than one ReportPortal listener is added
15:35:27.576 [main] WARN org.testng.TestNG - Ignoring duplicate listener : com.epam.reportportal.testng.ReportPortalTestNGListener
15:35:27.576 [main] WARN org.testng.TestNG - Ignoring duplicate listener : com.epam.reportportal.testng.ReportPortalTestNGListener
15:35:27.576 [main] WARN org.testng.TestNG - Ignoring duplicate listener : utils.Listeners
15:35:27.576 [main] WARN org.testng.TestNG - AnnotationTransformer already set
15:35:27.839 [main] INFO com.epam.reportportal.service.Launch - Rerun: false
15:35:28.094 [rp-io-1] DEBUG com.epam.reportportal.service.Launch - ReportPortal launch with ID '59b6c93f-31e8-401f-87bb-77c484f3179f' has been created
15:35:28.094 [rp-io-1] DEBUG com.epam.reportportal.utils.SubscriptionUtils - Launch start successfully completed
15:35:28.899 [rp-io-4] DEBUG com.epam.reportportal.service.Launch - ReportPortal item with ID 'c19676bd-ddfa-4703-9454-15eeaf75d0c1' has been created
15:35:28.899 [rp-io-4] DEBUG com.epam.reportportal.utils.SubscriptionUtils - Start test item successfully completed
15:35:28.903 [rp-io-6] DEBUG com.epam.reportportal.service.Launch - Starting test item...rp-io-6
2023-06-21 15:35:28 INFO  Listeners:58 - Started Dashboard API Controller Tests
15:35:28.933 [rp-io-8] DEBUG com.epam.reportportal.service.Launch - ReportPortal item with ID 'a529b4d2-ca39-4e2a-9db8-4d4bfb4bd072' has been created
15:35:28.933 [rp-io-8] DEBUG com.epam.reportportal.utils.SubscriptionUtils - Start test item successfully completed
15:35:28.974 [rp-io-9] DEBUG com.epam.reportportal.service.Launch - Starting test item...rp-io-9
2023-06-21 15:35:28 INFO  Listeners:34 - Started Test null
2023-06-21 15:35:28 INFO  DashboardControllerTest:31 - a_getAllSharedDashboardTest_GET
15:35:29.001 [rp-io-11] DEBUG com.epam.reportportal.service.Launch - ReportPortal item with ID 'e419d1c0-6b66-4963-a785-f12acfa10bb7' has been created
15:35:29.001 [rp-io-11] DEBUG com.epam.reportportal.utils.SubscriptionUtils - Start test item successfully completed
Request method:	GET
Request URI:	http://localhost:8080/api/v1/AUTOMATIONTESTINGADVANCEDPROGRAM/dashboard/shared
Proxy:			<none>
Request params:	<none>
Query params:	<none>
Form params:	<none>
Path params:	<none>
Headers:		Authorization=Bearer 8bb82a7d-a573-419e-9cce-c2419f308802
				Accept=*/*
				Content-Type=application/json
Cookies:		<none>
Multiparts:		<none>
Body:			<none>
15:35:30.411 [main] DEBUG org.apache.http.impl.conn.BasicClientConnectionManager - Get connection for route {}->http://localhost:8080
15:35:30.411 [main] DEBUG org.apache.http.impl.conn.DefaultClientConnectionOperator - Connecting to localhost:8080
15:35:30.435 [main] DEBUG org.apache.http.client.protocol.RequestAddCookies - CookieSpec selected: ignoreCookies
15:35:30.435 [main] DEBUG org.apache.http.client.protocol.RequestAuthCache - Auth cache not set in the context
15:35:30.435 [main] DEBUG org.apache.http.client.protocol.RequestProxyAuthentication - Proxy auth state: UNCHALLENGED
15:35:30.435 [main] DEBUG org.apache.http.impl.client.DefaultHttpClient - Attempt 1 to execute request
15:35:30.435 [main] DEBUG org.apache.http.impl.conn.DefaultClientConnection - Sending request: GET /api/v1/AUTOMATIONTESTINGADVANCEDPROGRAM/dashboard/shared HTTP/1.1
15:35:30.435 [main] DEBUG org.apache.http.wire -  >> "GET /api/v1/AUTOMATIONTESTINGADVANCEDPROGRAM/dashboard/shared HTTP/1.1[\r][\n]"
15:35:30.435 [main] DEBUG org.apache.http.wire -  >> "Content-Type: application/json[\r][\n]"
15:35:30.435 [main] DEBUG org.apache.http.wire -  >> "Authorization: Bearer 8bb82a7d-a573-419e-9cce-c2419f308802[\r][\n]"
15:35:30.435 [main] DEBUG org.apache.http.wire -  >> "Accept: */*[\r][\n]"
15:35:30.435 [main] DEBUG org.apache.http.wire -  >> "Host: localhost:8080[\r][\n]"
15:35:30.435 [main] DEBUG org.apache.http.wire -  >> "Connection: Keep-Alive[\r][\n]"
15:35:30.435 [main] DEBUG org.apache.http.wire -  >> "User-Agent: Apache-HttpClient/4.5.13 (Java/17.0.3.1)[\r][\n]"
15:35:30.435 [main] DEBUG org.apache.http.wire -  >> "Accept-Encoding: gzip,deflate[\r][\n]"
15:35:30.435 [main] DEBUG org.apache.http.wire -  >> "[\r][\n]"
15:35:30.435 [main] DEBUG org.apache.http.headers - >> GET /api/v1/AUTOMATIONTESTINGADVANCEDPROGRAM/dashboard/shared HTTP/1.1
15:35:30.435 [main] DEBUG org.apache.http.headers - >> Content-Type: application/json
15:35:30.435 [main] DEBUG org.apache.http.headers - >> Authorization: Bearer 8bb82a7d-a573-419e-9cce-c2419f308802
15:35:30.435 [main] DEBUG org.apache.http.headers - >> Accept: */*
15:35:30.435 [main] DEBUG org.apache.http.headers - >> Host: localhost:8080
15:35:30.435 [main] DEBUG org.apache.http.headers - >> Connection: Keep-Alive
15:35:30.435 [main] DEBUG org.apache.http.headers - >> User-Agent: Apache-HttpClient/4.5.13 (Java/17.0.3.1)
15:35:30.435 [main] DEBUG org.apache.http.headers - >> Accept-Encoding: gzip,deflate
15:35:30.463 [main] DEBUG org.apache.http.wire -  << "HTTP/1.1 200 OK[\r][\n]"
15:35:30.464 [main] DEBUG org.apache.http.wire -  << "Cache-Control: no-cache, no-store, max-age=0, must-revalidate[\r][\n]"
15:35:30.464 [main] DEBUG org.apache.http.wire -  << "Content-Type: application/json[\r][\n]"
15:35:30.464 [main] DEBUG org.apache.http.wire -  << "Date: Wed, 21 Jun 2023 13:35:30 GMT[\r][\n]"
15:35:30.464 [main] DEBUG org.apache.http.wire -  << "Expires: 0[\r][\n]"
15:35:30.464 [main] DEBUG org.apache.http.wire -  << "Pragma: no-cache[\r][\n]"
15:35:30.464 [main] DEBUG org.apache.http.wire -  << "X-Content-Type-Options: nosniff[\r][\n]"
15:35:30.464 [main] DEBUG org.apache.http.wire -  << "X-Frame-Options: DENY[\r][\n]"
15:35:30.464 [main] DEBUG org.apache.http.wire -  << "X-Xss-Protection: 1; mode=block[\r][\n]"
15:35:30.464 [main] DEBUG org.apache.http.wire -  << "Content-Length: 165[\r][\n]"
15:35:30.464 [main] DEBUG org.apache.http.wire -  << "[\r][\n]"
15:35:30.464 [main] DEBUG org.apache.http.impl.conn.DefaultClientConnection - Receiving response: HTTP/1.1 200 OK
15:35:30.464 [main] DEBUG org.apache.http.headers - << HTTP/1.1 200 OK
15:35:30.464 [main] DEBUG org.apache.http.headers - << Cache-Control: no-cache, no-store, max-age=0, must-revalidate
15:35:30.464 [main] DEBUG org.apache.http.headers - << Content-Type: application/json
15:35:30.464 [main] DEBUG org.apache.http.headers - << Date: Wed, 21 Jun 2023 13:35:30 GMT
15:35:30.464 [main] DEBUG org.apache.http.headers - << Expires: 0
15:35:30.464 [main] DEBUG org.apache.http.headers - << Pragma: no-cache
15:35:30.464 [main] DEBUG org.apache.http.headers - << X-Content-Type-Options: nosniff
15:35:30.464 [main] DEBUG org.apache.http.headers - << X-Frame-Options: DENY
15:35:30.464 [main] DEBUG org.apache.http.headers - << X-Xss-Protection: 1; mode=block
15:35:30.464 [main] DEBUG org.apache.http.headers - << Content-Length: 165
15:35:30.464 [main] DEBUG org.apache.http.impl.client.DefaultHttpClient - Connection can be kept alive indefinitely
15:35:30.477 [main] DEBUG io.restassured.internal.RestAssuredHttpBuilder - Parsing response as: application/json
15:35:30.477 [main] DEBUG io.restassured.internal.RestAssuredHttpBuilder - Parsed data to instance of: class org.apache.http.conn.EofSensorInputStream
15:35:30.526 [main] DEBUG org.apache.http.wire -  << "{"content":[{"id":"67","name":"DEMO DASHBOARD","owner":"superadmin","description":"Testing purpose"}],"page":{"number":1,"size":20,"totalElements":1,"totalPages":1}}"
15:35:30.526 [main] DEBUG org.apache.http.impl.conn.BasicClientConnectionManager - Releasing connection org.apache.http.impl.conn.ManagedClientConnectionImpl@24fba488
15:35:30.526 [main] DEBUG org.apache.http.impl.conn.BasicClientConnectionManager - Connection can be kept alive indefinitely
HTTP/1.1 200 OK
Cache-Control: no-cache, no-store, max-age=0, must-revalidate
Content-Type: application/json
Date: Wed, 21 Jun 2023 13:35:30 GMT
Expires: 0
Pragma: no-cache
X-Content-Type-Options: nosniff
X-Frame-Options: DENY
X-Xss-Protection: 1; mode=block
Content-Length: 165

{
    "content": [
        {
            "id": "67",
            "name": "DEMO DASHBOARD",
            "owner": "superadmin",
            "description": "Testing purpose"
        }
    ],
    "page": {
        "number": 1,
        "size": 20,
        "totalElements": 1,
        "totalPages": 1
    }
}
2023-06-21 15:35:30 INFO  Listeners:38 - Succeeded Test null
]]></system-out>
  </testcase>
  <testcase name="b_getAllDashboardListTest_GET" classname="alltests.apitest.DashboardControllerTest" time="0.104">
    <system-out><![CDATA[15:35:30.579 [rp-io-14] DEBUG com.epam.reportportal.service.Launch - Starting test item...rp-io-14
2023-06-21 15:35:30 INFO  Listeners:34 - Started Test null
2023-06-21 15:35:30 INFO  DashboardControllerTest:38 - b_getAllDashboardListTest_GET
Request method:	GET
Request URI:	http://localhost:8080/api/v1/AUTOMATIONTESTINGADVANCEDPROGRAM/dashboard
Proxy:			<none>
Request params:	<none>
Query params:	<none>
Form params:	<none>
Path params:	<none>
Headers:		Authorization=Bearer 8bb82a7d-a573-419e-9cce-c2419f308802
				Accept=*/*
				Content-Type=application/json
Cookies:		<none>
Multiparts:		<none>
Body:			<none>
15:35:30.608 [rp-io-16] DEBUG com.epam.reportportal.service.Launch - ReportPortal item with ID '5695147e-a0ac-4d00-b31f-00a304aac5f8' has been created
15:35:30.608 [rp-io-16] DEBUG com.epam.reportportal.utils.SubscriptionUtils - Start test item successfully completed
15:35:30.611 [rp-io-17] DEBUG com.epam.reportportal.service.Launch - TestItem with ID = 'e419d1c0-6b66-4963-a785-f12acfa10bb7' successfully finished.
15:35:30.611 [rp-io-17] DEBUG com.epam.reportportal.utils.SubscriptionUtils - Finish test item completed
15:35:30.614 [main] DEBUG org.apache.http.impl.conn.BasicClientConnectionManager - Get connection for route {}->http://localhost:8080
15:35:30.615 [main] DEBUG org.apache.http.impl.conn.DefaultClientConnectionOperator - Connecting to localhost:8080
15:35:30.615 [main] DEBUG org.apache.http.client.protocol.RequestAddCookies - CookieSpec selected: ignoreCookies
15:35:30.616 [main] DEBUG org.apache.http.client.protocol.RequestAuthCache - Auth cache not set in the context
15:35:30.616 [main] DEBUG org.apache.http.client.protocol.RequestProxyAuthentication - Proxy auth state: UNCHALLENGED
15:35:30.616 [main] DEBUG org.apache.http.impl.client.DefaultHttpClient - Attempt 1 to execute request
15:35:30.616 [main] DEBUG org.apache.http.impl.conn.DefaultClientConnection - Sending request: GET /api/v1/AUTOMATIONTESTINGADVANCEDPROGRAM/dashboard HTTP/1.1
15:35:30.616 [main] DEBUG org.apache.http.wire -  >> "GET /api/v1/AUTOMATIONTESTINGADVANCEDPROGRAM/dashboard HTTP/1.1[\r][\n]"
15:35:30.616 [main] DEBUG org.apache.http.wire -  >> "Content-Type: application/json[\r][\n]"
15:35:30.617 [main] DEBUG org.apache.http.wire -  >> "Authorization: Bearer 8bb82a7d-a573-419e-9cce-c2419f308802[\r][\n]"
15:35:30.617 [main] DEBUG org.apache.http.wire -  >> "Accept: */*[\r][\n]"
15:35:30.617 [main] DEBUG org.apache.http.wire -  >> "Host: localhost:8080[\r][\n]"
15:35:30.617 [main] DEBUG org.apache.http.wire -  >> "Connection: Keep-Alive[\r][\n]"
15:35:30.617 [main] DEBUG org.apache.http.wire -  >> "User-Agent: Apache-HttpClient/4.5.13 (Java/17.0.3.1)[\r][\n]"
15:35:30.617 [main] DEBUG org.apache.http.wire -  >> "Accept-Encoding: gzip,deflate[\r][\n]"
15:35:30.617 [main] DEBUG org.apache.http.wire -  >> "[\r][\n]"
15:35:30.617 [main] DEBUG org.apache.http.headers - >> GET /api/v1/AUTOMATIONTESTINGADVANCEDPROGRAM/dashboard HTTP/1.1
15:35:30.617 [main] DEBUG org.apache.http.headers - >> Content-Type: application/json
15:35:30.617 [main] DEBUG org.apache.http.headers - >> Authorization: Bearer 8bb82a7d-a573-419e-9cce-c2419f308802
15:35:30.617 [main] DEBUG org.apache.http.headers - >> Accept: */*
15:35:30.617 [main] DEBUG org.apache.http.headers - >> Host: localhost:8080
15:35:30.617 [main] DEBUG org.apache.http.headers - >> Connection: Keep-Alive
15:35:30.618 [main] DEBUG org.apache.http.headers - >> User-Agent: Apache-HttpClient/4.5.13 (Java/17.0.3.1)
15:35:30.618 [main] DEBUG org.apache.http.headers - >> Accept-Encoding: gzip,deflate
15:35:30.631 [main] DEBUG org.apache.http.wire -  << "HTTP/1.1 200 OK[\r][\n]"
15:35:30.631 [main] DEBUG org.apache.http.wire -  << "Cache-Control: no-cache, no-store, max-age=0, must-revalidate[\r][\n]"
15:35:30.631 [main] DEBUG org.apache.http.wire -  << "Content-Type: application/json[\r][\n]"
15:35:30.631 [main] DEBUG org.apache.http.wire -  << "Date: Wed, 21 Jun 2023 13:35:30 GMT[\r][\n]"
15:35:30.632 [main] DEBUG org.apache.http.wire -  << "Expires: 0[\r][\n]"
15:35:30.632 [main] DEBUG org.apache.http.wire -  << "Pragma: no-cache[\r][\n]"
15:35:30.632 [main] DEBUG org.apache.http.wire -  << "X-Content-Type-Options: nosniff[\r][\n]"
15:35:30.632 [main] DEBUG org.apache.http.wire -  << "X-Frame-Options: DENY[\r][\n]"
15:35:30.632 [main] DEBUG org.apache.http.wire -  << "X-Xss-Protection: 1; mode=block[\r][\n]"
15:35:30.632 [main] DEBUG org.apache.http.wire -  << "Transfer-Encoding: chunked[\r][\n]"
15:35:30.632 [main] DEBUG org.apache.http.wire -  << "[\r][\n]"
15:35:30.632 [main] DEBUG org.apache.http.impl.conn.DefaultClientConnection - Receiving response: HTTP/1.1 200 OK
15:35:30.632 [main] DEBUG org.apache.http.headers - << HTTP/1.1 200 OK
15:35:30.632 [main] DEBUG org.apache.http.headers - << Cache-Control: no-cache, no-store, max-age=0, must-revalidate
15:35:30.632 [main] DEBUG org.apache.http.headers - << Content-Type: application/json
15:35:30.632 [main] DEBUG org.apache.http.headers - << Date: Wed, 21 Jun 2023 13:35:30 GMT
15:35:30.632 [main] DEBUG org.apache.http.headers - << Expires: 0
15:35:30.632 [main] DEBUG org.apache.http.headers - << Pragma: no-cache
15:35:30.632 [main] DEBUG org.apache.http.headers - << X-Content-Type-Options: nosniff
15:35:30.632 [main] DEBUG org.apache.http.headers - << X-Frame-Options: DENY
15:35:30.632 [main] DEBUG org.apache.http.headers - << X-Xss-Protection: 1; mode=block
15:35:30.632 [main] DEBUG org.apache.http.headers - << Transfer-Encoding: chunked
15:35:30.634 [main] DEBUG org.apache.http.impl.client.DefaultHttpClient - Connection can be kept alive indefinitely
15:35:30.635 [main] DEBUG io.restassured.internal.RestAssuredHttpBuilder - Parsing response as: application/json
15:35:30.635 [main] DEBUG io.restassured.internal.RestAssuredHttpBuilder - Parsed data to instance of: class org.apache.http.conn.EofSensorInputStream
15:35:30.636 [main] DEBUG org.apache.http.wire -  << "b7c[\r][\n]"
15:35:30.636 [main] DEBUG org.apache.http.wire -  << "{"content":[{"description":"Testing purpose","owner":"superadmin","share":true,"id":67,"name":"DEMO DASHBOARD","widgets":[{"widgetName":"LAUNCH STATISTICS AREA","widgetId":55,"widgetType":"statisticTrend","widgetSize":{"width":8,"height":6},"widgetPosition":{"positionX":0,"positionY":0},"share":true,"widgetOptions":{"zoom":false,"timeline":"launch","viewMode":"area-spline"}},{"widgetName":"LAUNCH STATISTICS BAR","widgetId":56,"widgetType":"statisticTrend","widgetSize":{"width":6,"height":5},"widgetPosition":{"positionX":6,"positionY":6},"share":true,"widgetOptions":{"zoom":false,"timeline":"launch","viewMode":"bar"}},{"widgetName":"INVESTIGATED PERCENTAGE OF LAUNCHES","widgetId":57,"widgetType":"investigatedTrend","widgetSize":{"width":7,"height":5},"widgetPosition":{"positionX":0,"positionY":11},"share":true,"widgetOptions":{"timeline":"launch"}},{"widgetName":"TEST CASES GROWTH TREND CHART","widgetId":58,"widgetType":"casesTrend","widgetSize":{"width":5,"height":5},"widgetPosition":{"positionX":7,"positionY":11},"share":true,"widgetOptions":{}},{"widgetName":"OVERALL STATISTICS PANEL","widgetId":59,"widgetType":"overallStatistics","widgetSize":{"width":5,"height":5},"widgetPosition":{"positionX":0,"positionY":16},"share":true,"widgetOptions":{"latest":false,"viewMode":"panel"}},{"widgetName":"LAUNCHES DURATION CHART","widgetId":60,"widgetType":"launchesDurationChart","widgetSize":{"width":7,"height":5},"widgetPosition":{"positionX":5,"positionY":16},"share":true,"widgetOptions":{"latest":false}},{"widgetName":"OVERALL STATISTICS DONUT","widgetId":61,"widgetType":"overallStatistics","widgetSize":{"width":6,"height":5},"widgetPosition":{"positionX":0,"positionY":21},"share":true,"widgetOptions":{"latest":false,"viewMode":"donut"}},{"widgetName":"FAILED CASES TREND CHART","widgetId":62,"widgetType":"bugTrend","widgetSize":{"width":6,"height":5},"widgetPosition":{"positionX":6,"positionY":21},"share":true,"widgetOptions":{}},{"widgetName":"LAUNCH TABLE","widgetId":63,"widgetType":"launchesTable","widgetSize":{"width":12,"height":4},"widgetPosition":{"positionX":0,"positionY":26},"share":true,"widgetOptions":{}},{"widgetName":"MOST FAILED TEST CASES","widgetId":64,"widgetType":"topTestCases","widgetSize":{"width":7,"height":5},"widgetPosition":{"positionX":0,"positionY":30},"share":true,"widgetOptions":{"includeMethods":false,"launchNameFilter":"Demo Api Tests"}},{"widgetName":"PASSING RATE SUMMARY","widgetId":65,"widgetType":"passingRateSummary","widgetSize":{"width":5,"height":5},"widgetPosition":{"positionX":7,"positionY":30},"share":true,"widgetOptions":{"viewMode":"pie"}},{"widgetName":"FLAKY TEST CASES","widgetId":66,"widgetType":"flakyTestCases","widgetSize":{"width":12,"height":4},"widgetPosition":{"positionX":0,"positionY":35},"share":true,"widgetOptions":{"includeMethods":false,"launchNameFilter":"Demo Api Tests"}}]}],"page":{"number":1,"size":20,"totalElements":1,"totalPages":1}}"
15:35:30.636 [main] DEBUG org.apache.http.wire -  << "[\r][\n]"
15:35:30.636 [main] DEBUG org.apache.http.wire -  << "0[\r][\n]"
15:35:30.636 [main] DEBUG org.apache.http.wire -  << "[\r][\n]"
15:35:30.636 [main] DEBUG org.apache.http.impl.conn.BasicClientConnectionManager - Releasing connection org.apache.http.impl.conn.ManagedClientConnectionImpl@5cff729b
15:35:30.636 [main] DEBUG org.apache.http.impl.conn.BasicClientConnectionManager - Connection can be kept alive indefinitely
HTTP/1.1 200 OK
Cache-Control: no-cache, no-store, max-age=0, must-revalidate
Content-Type: application/json
Date: Wed, 21 Jun 2023 13:35:30 GMT
Expires: 0
Pragma: no-cache
X-Content-Type-Options: nosniff
X-Frame-Options: DENY
X-Xss-Protection: 1; mode=block
Transfer-Encoding: chunked

{
    "content": [
        {
            "description": "Testing purpose",
            "owner": "superadmin",
            "share": true,
            "id": 67,
            "name": "DEMO DASHBOARD",
            "widgets": [
                {
                    "widgetName": "LAUNCH STATISTICS AREA",
                    "widgetId": 55,
                    "widgetType": "statisticTrend",
                    "widgetSize": {
                        "width": 8,
                        "height": 6
                    },
                    "widgetPosition": {
                        "positionX": 0,
                        "positionY": 0
                    },
                    "share": true,
                    "widgetOptions": {
                        "zoom": false,
                        "timeline": "launch",
                        "viewMode": "area-spline"
                    }
                },
                {
                    "widgetName": "LAUNCH STATISTICS BAR",
                    "widgetId": 56,
                    "widgetType": "statisticTrend",
                    "widgetSize": {
                        "width": 6,
                        "height": 5
                    },
                    "widgetPosition": {
                        "positionX": 6,
                        "positionY": 6
                    },
                    "share": true,
                    "widgetOptions": {
                        "zoom": false,
                        "timeline": "launch",
                        "viewMode": "bar"
                    }
                },
                {
                    "widgetName": "INVESTIGATED PERCENTAGE OF LAUNCHES",
                    "widgetId": 57,
                    "widgetType": "investigatedTrend",
                    "widgetSize": {
                        "width": 7,
                        "height": 5
                    },
                    "widgetPosition": {
                        "positionX": 0,
                        "positionY": 11
                    },
                    "share": true,
                    "widgetOptions": {
                        "timeline": "launch"
                    }
                },
                {
                    "widgetName": "TEST CASES GROWTH TREND CHART",
                    "widgetId": 58,
                    "widgetType": "casesTrend",
                    "widgetSize": {
                        "width": 5,
                        "height": 5
                    },
                    "widgetPosition": {
                        "positionX": 7,
                        "positionY": 11
                    },
                    "share": true,
                    "widgetOptions": {
                        
                    }
                },
                {
                    "widgetName": "OVERALL STATISTICS PANEL",
                    "widgetId": 59,
                    "widgetType": "overallStatistics",
                    "widgetSize": {
                        "width": 5,
                        "height": 5
                    },
                    "widgetPosition": {
                        "positionX": 0,
                        "positionY": 16
                    },
                    "share": true,
                    "widgetOptions": {
                        "latest": false,
                        "viewMode": "panel"
                    }
                },
                {
                    "widgetName": "LAUNCHES DURATION CHART",
                    "widgetId": 60,
                    "widgetType": "launchesDurationChart",
                    "widgetSize": {
                        "width": 7,
                        "height": 5
                    },
                    "widgetPosition": {
                        "positionX": 5,
                        "positionY": 16
                    },
                    "share": true,
                    "widgetOptions": {
                        "latest": false
                    }
                },
                {
                    "widgetName": "OVERALL STATISTICS DONUT",
                    "widgetId": 61,
                    "widgetType": "overallStatistics",
                    "widgetSize": {
                        "width": 6,
                        "height": 5
                    },
                    "widgetPosition": {
                        "positionX": 0,
                        "positionY": 21
                    },
                    "share": true,
                    "widgetOptions": {
                        "latest": false,
                        "viewMode": "donut"
                    }
                },
                {
                    "widgetName": "FAILED CASES TREND CHART",
                    "widgetId": 62,
                    "widgetType": "bugTrend",
                    "widgetSize": {
                        "width": 6,
                        "height": 5
                    },
                    "widgetPosition": {
                        "positionX": 6,
                        "positionY": 21
                    },
                    "share": true,
                    "widgetOptions": {
                        
                    }
                },
                {
                    "widgetName": "LAUNCH TABLE",
                    "widgetId": 63,
                    "widgetType": "launchesTable",
                    "widgetSize": {
                        "width": 12,
                        "height": 4
                    },
                    "widgetPosition": {
                        "positionX": 0,
                        "positionY": 26
                    },
                    "share": true,
                    "widgetOptions": {
                        
                    }
                },
                {
                    "widgetName": "MOST FAILED TEST CASES",
                    "widgetId": 64,
                    "widgetType": "topTestCases",
                    "widgetSize": {
                        "width": 7,
                        "height": 5
                    },
                    "widgetPosition": {
                        "positionX": 0,
                        "positionY": 30
                    },
                    "share": true,
                    "widgetOptions": {
                        "includeMethods": false,
                        "launchNameFilter": "Demo Api Tests"
                    }
                },
                {
                    "widgetName": "PASSING RATE SUMMARY",
                    "widgetId": 65,
                    "widgetType": "passingRateSummary",
                    "widgetSize": {
                        "width": 5,
                        "height": 5
                    },
                    "widgetPosition": {
                        "positionX": 7,
                        "positionY": 30
                    },
                    "share": true,
                    "widgetOptions": {
                        "viewMode": "pie"
                    }
                },
                {
                    "widgetName": "FLAKY TEST CASES",
                    "widgetId": 66,
                    "widgetType": "flakyTestCases",
                    "widgetSize": {
                        "width": 12,
                        "height": 4
                    },
                    "widgetPosition": {
                        "positionX": 0,
                        "positionY": 35
                    },
                    "share": true,
                    "widgetOptions": {
                        "includeMethods": false,
                        "launchNameFilter": "Demo Api Tests"
                    }
                }
            ]
        }
    ],
    "page": {
        "number": 1,
        "size": 20,
        "totalElements": 1,
        "totalPages": 1
    }
}
2023-06-21 15:35:30 INFO  Listeners:38 - Succeeded Test null
]]></system-out>
  </testcase>
  <testcase name="c_getDashboardByIdTest_GET" classname="alltests.apitest.DashboardControllerTest" time="0.078">
    <system-out><![CDATA[2023-06-21 15:35:30 INFO  Listeners:34 - Started Test null
15:35:30.652 [rp-io-21] DEBUG com.epam.reportportal.service.Launch - Starting test item...rp-io-21
2023-06-21 15:35:30 INFO  DashboardControllerTest:45 - c_getDashboardByIdTest_GET
15:35:30.668 [rp-io-20] DEBUG com.epam.reportportal.service.Launch - TestItem with ID = '5695147e-a0ac-4d00-b31f-00a304aac5f8' successfully finished.
15:35:30.668 [rp-io-20] DEBUG com.epam.reportportal.utils.SubscriptionUtils - Finish test item completed
15:35:30.676 [rp-io-23] DEBUG com.epam.reportportal.service.Launch - ReportPortal item with ID '9c822565-e6ba-4001-a027-cfff068a57a7' has been created
15:35:30.676 [rp-io-23] DEBUG com.epam.reportportal.utils.SubscriptionUtils - Start test item successfully completed
Request method:	GET
Request URI:	http://localhost:8080/api/v1/AUTOMATIONTESTINGADVANCEDPROGRAM/dashboard/67
Proxy:			<none>
Request params:	<none>
Query params:	<none>
Form params:	<none>
Path params:	id=67
Headers:		Authorization=Bearer 8bb82a7d-a573-419e-9cce-c2419f308802
				Accept=*/*
				Content-Type=application/json
Cookies:		<none>
Multiparts:		<none>
Body:			<none>
15:35:30.697 [main] DEBUG org.apache.http.impl.conn.BasicClientConnectionManager - Get connection for route {}->http://localhost:8080
15:35:30.697 [main] DEBUG org.apache.http.impl.conn.DefaultClientConnectionOperator - Connecting to localhost:8080
15:35:30.698 [main] DEBUG org.apache.http.client.protocol.RequestAddCookies - CookieSpec selected: ignoreCookies
15:35:30.699 [main] DEBUG org.apache.http.client.protocol.RequestAuthCache - Auth cache not set in the context
15:35:30.699 [main] DEBUG org.apache.http.client.protocol.RequestProxyAuthentication - Proxy auth state: UNCHALLENGED
15:35:30.699 [main] DEBUG org.apache.http.impl.client.DefaultHttpClient - Attempt 1 to execute request
15:35:30.699 [main] DEBUG org.apache.http.impl.conn.DefaultClientConnection - Sending request: GET /api/v1/AUTOMATIONTESTINGADVANCEDPROGRAM/dashboard/67 HTTP/1.1
15:35:30.699 [main] DEBUG org.apache.http.wire -  >> "GET /api/v1/AUTOMATIONTESTINGADVANCEDPROGRAM/dashboard/67 HTTP/1.1[\r][\n]"
15:35:30.699 [main] DEBUG org.apache.http.wire -  >> "Content-Type: application/json[\r][\n]"
15:35:30.699 [main] DEBUG org.apache.http.wire -  >> "Authorization: Bearer 8bb82a7d-a573-419e-9cce-c2419f308802[\r][\n]"
15:35:30.699 [main] DEBUG org.apache.http.wire -  >> "Accept: */*[\r][\n]"
15:35:30.699 [main] DEBUG org.apache.http.wire -  >> "Host: localhost:8080[\r][\n]"
15:35:30.699 [main] DEBUG org.apache.http.wire -  >> "Connection: Keep-Alive[\r][\n]"
15:35:30.700 [main] DEBUG org.apache.http.wire -  >> "User-Agent: Apache-HttpClient/4.5.13 (Java/17.0.3.1)[\r][\n]"
15:35:30.700 [main] DEBUG org.apache.http.wire -  >> "Accept-Encoding: gzip,deflate[\r][\n]"
15:35:30.700 [main] DEBUG org.apache.http.wire -  >> "[\r][\n]"
15:35:30.700 [main] DEBUG org.apache.http.headers - >> GET /api/v1/AUTOMATIONTESTINGADVANCEDPROGRAM/dashboard/67 HTTP/1.1
15:35:30.700 [main] DEBUG org.apache.http.headers - >> Content-Type: application/json
15:35:30.700 [main] DEBUG org.apache.http.headers - >> Authorization: Bearer 8bb82a7d-a573-419e-9cce-c2419f308802
15:35:30.700 [main] DEBUG org.apache.http.headers - >> Accept: */*
15:35:30.700 [main] DEBUG org.apache.http.headers - >> Host: localhost:8080
15:35:30.700 [main] DEBUG org.apache.http.headers - >> Connection: Keep-Alive
15:35:30.700 [main] DEBUG org.apache.http.headers - >> User-Agent: Apache-HttpClient/4.5.13 (Java/17.0.3.1)
15:35:30.700 [main] DEBUG org.apache.http.headers - >> Accept-Encoding: gzip,deflate
15:35:30.718 [main] DEBUG org.apache.http.wire -  << "HTTP/1.1 200 OK[\r][\n]"
15:35:30.718 [main] DEBUG org.apache.http.wire -  << "Cache-Control: no-cache, no-store, max-age=0, must-revalidate[\r][\n]"
15:35:30.718 [main] DEBUG org.apache.http.wire -  << "Content-Type: application/json[\r][\n]"
15:35:30.718 [main] DEBUG org.apache.http.wire -  << "Date: Wed, 21 Jun 2023 13:35:30 GMT[\r][\n]"
15:35:30.718 [main] DEBUG org.apache.http.wire -  << "Expires: 0[\r][\n]"
15:35:30.718 [main] DEBUG org.apache.http.wire -  << "Pragma: no-cache[\r][\n]"
15:35:30.718 [main] DEBUG org.apache.http.wire -  << "X-Content-Type-Options: nosniff[\r][\n]"
15:35:30.718 [main] DEBUG org.apache.http.wire -  << "X-Frame-Options: DENY[\r][\n]"
15:35:30.718 [main] DEBUG org.apache.http.wire -  << "X-Xss-Protection: 1; mode=block[\r][\n]"
15:35:30.719 [main] DEBUG org.apache.http.wire -  << "Transfer-Encoding: chunked[\r][\n]"
15:35:30.719 [main] DEBUG org.apache.http.wire -  << "[\r][\n]"
15:35:30.719 [main] DEBUG org.apache.http.impl.conn.DefaultClientConnection - Receiving response: HTTP/1.1 200 OK
15:35:30.719 [main] DEBUG org.apache.http.headers - << HTTP/1.1 200 OK
15:35:30.719 [main] DEBUG org.apache.http.headers - << Cache-Control: no-cache, no-store, max-age=0, must-revalidate
15:35:30.719 [main] DEBUG org.apache.http.headers - << Content-Type: application/json
15:35:30.719 [main] DEBUG org.apache.http.headers - << Date: Wed, 21 Jun 2023 13:35:30 GMT
15:35:30.719 [main] DEBUG org.apache.http.headers - << Expires: 0
15:35:30.719 [main] DEBUG org.apache.http.headers - << Pragma: no-cache
15:35:30.719 [main] DEBUG org.apache.http.headers - << X-Content-Type-Options: nosniff
15:35:30.719 [main] DEBUG org.apache.http.headers - << X-Frame-Options: DENY
15:35:30.719 [main] DEBUG org.apache.http.headers - << X-Xss-Protection: 1; mode=block
15:35:30.719 [main] DEBUG org.apache.http.headers - << Transfer-Encoding: chunked
15:35:30.719 [main] DEBUG org.apache.http.impl.client.DefaultHttpClient - Connection can be kept alive indefinitely
15:35:30.719 [main] DEBUG io.restassured.internal.RestAssuredHttpBuilder - Parsing response as: application/json
15:35:30.719 [main] DEBUG io.restassured.internal.RestAssuredHttpBuilder - Parsed data to instance of: class org.apache.http.conn.EofSensorInputStream
15:35:30.720 [main] DEBUG org.apache.http.wire -  << "b2f[\r][\n]"
15:35:30.721 [main] DEBUG org.apache.http.wire -  << "{"description":"Testing purpose","owner":"superadmin","share":true,"id":67,"name":"DEMO DASHBOARD","widgets":[{"widgetName":"LAUNCH STATISTICS AREA","widgetId":55,"widgetType":"statisticTrend","widgetSize":{"width":8,"height":6},"widgetPosition":{"positionX":0,"positionY":0},"share":true,"widgetOptions":{"zoom":false,"timeline":"launch","viewMode":"area-spline"}},{"widgetName":"LAUNCH STATISTICS BAR","widgetId":56,"widgetType":"statisticTrend","widgetSize":{"width":6,"height":5},"widgetPosition":{"positionX":6,"positionY":6},"share":true,"widgetOptions":{"zoom":false,"timeline":"launch","viewMode":"bar"}},{"widgetName":"INVESTIGATED PERCENTAGE OF LAUNCHES","widgetId":57,"widgetType":"investigatedTrend","widgetSize":{"width":7,"height":5},"widgetPosition":{"positionX":0,"positionY":11},"share":true,"widgetOptions":{"timeline":"launch"}},{"widgetName":"TEST CASES GROWTH TREND CHART","widgetId":58,"widgetType":"casesTrend","widgetSize":{"width":5,"height":5},"widgetPosition":{"positionX":7,"positionY":11},"share":true,"widgetOptions":{}},{"widgetName":"OVERALL STATISTICS PANEL","widgetId":59,"widgetType":"overallStatistics","widgetSize":{"width":5,"height":5},"widgetPosition":{"positionX":0,"positionY":16},"share":true,"widgetOptions":{"latest":false,"viewMode":"panel"}},{"widgetName":"LAUNCHES DURATION CHART","widgetId":60,"widgetType":"launchesDurationChart","widgetSize":{"width":7,"height":5},"widgetPosition":{"positionX":5,"positionY":16},"share":true,"widgetOptions":{"latest":false}},{"widgetName":"OVERALL STATISTICS DONUT","widgetId":61,"widgetType":"overallStatistics","widgetSize":{"width":6,"height":5},"widgetPosition":{"positionX":0,"positionY":21},"share":true,"widgetOptions":{"latest":false,"viewMode":"donut"}},{"widgetName":"FAILED CASES TREND CHART","widgetId":62,"widgetType":"bugTrend","widgetSize":{"width":6,"height":5},"widgetPosition":{"positionX":6,"positionY":21},"share":true,"widgetOptions":{}},{"widgetName":"LAUNCH TABLE","widgetId":63,"widgetType":"launchesTable","widgetSize":{"width":12,"height":4},"widgetPosition":{"positionX":0,"positionY":26},"share":true,"widgetOptions":{}},{"widgetName":"MOST FAILED TEST CASES","widgetId":64,"widgetType":"topTestCases","widgetSize":{"width":7,"height":5},"widgetPosition":{"positionX":0,"positionY":30},"share":true,"widgetOptions":{"includeMethods":false,"launchNameFilter":"Demo Api Tests"}},{"widgetName":"PASSING RATE SUMMARY","widgetId":65,"widgetType":"passingRateSummary","widgetSize":{"width":5,"height":5},"widgetPosition":{"positionX":7,"positionY":30},"share":true,"widgetOptions":{"viewMode":"pie"}},{"widgetName":"FLAKY TEST CASES","widgetId":66,"widgetType":"flakyTestCases","widgetSize":{"width":12,"height":4},"widgetPosition":{"positionX":0,"positionY":35},"share":true,"widgetOptions":{"includeMethods":false,"launchNameFilter":"Demo Api Tests"}}]}"
15:35:30.721 [main] DEBUG org.apache.http.wire -  << "[\r][\n]"
15:35:30.721 [main] DEBUG org.apache.http.wire -  << "0[\r][\n]"
15:35:30.721 [main] DEBUG org.apache.http.wire -  << "[\r][\n]"
15:35:30.721 [main] DEBUG org.apache.http.impl.conn.BasicClientConnectionManager - Releasing connection org.apache.http.impl.conn.ManagedClientConnectionImpl@5dbab232
15:35:30.721 [main] DEBUG org.apache.http.impl.conn.BasicClientConnectionManager - Connection can be kept alive indefinitely
HTTP/1.1 200 OK
Cache-Control: no-cache, no-store, max-age=0, must-revalidate
Content-Type: application/json
Date: Wed, 21 Jun 2023 13:35:30 GMT
Expires: 0
Pragma: no-cache
X-Content-Type-Options: nosniff
X-Frame-Options: DENY
X-Xss-Protection: 1; mode=block
Transfer-Encoding: chunked

{
    "description": "Testing purpose",
    "owner": "superadmin",
    "share": true,
    "id": 67,
    "name": "DEMO DASHBOARD",
    "widgets": [
        {
            "widgetName": "LAUNCH STATISTICS AREA",
            "widgetId": 55,
            "widgetType": "statisticTrend",
            "widgetSize": {
                "width": 8,
                "height": 6
            },
            "widgetPosition": {
                "positionX": 0,
                "positionY": 0
            },
            "share": true,
            "widgetOptions": {
                "zoom": false,
                "timeline": "launch",
                "viewMode": "area-spline"
            }
        },
        {
            "widgetName": "LAUNCH STATISTICS BAR",
            "widgetId": 56,
            "widgetType": "statisticTrend",
            "widgetSize": {
                "width": 6,
                "height": 5
            },
            "widgetPosition": {
                "positionX": 6,
                "positionY": 6
            },
            "share": true,
            "widgetOptions": {
                "zoom": false,
                "timeline": "launch",
                "viewMode": "bar"
            }
        },
        {
            "widgetName": "INVESTIGATED PERCENTAGE OF LAUNCHES",
            "widgetId": 57,
            "widgetType": "investigatedTrend",
            "widgetSize": {
                "width": 7,
                "height": 5
            },
            "widgetPosition": {
                "positionX": 0,
                "positionY": 11
            },
            "share": true,
            "widgetOptions": {
                "timeline": "launch"
            }
        },
        {
            "widgetName": "TEST CASES GROWTH TREND CHART",
            "widgetId": 58,
            "widgetType": "casesTrend",
            "widgetSize": {
                "width": 5,
                "height": 5
            },
            "widgetPosition": {
                "positionX": 7,
                "positionY": 11
            },
            "share": true,
            "widgetOptions": {
                
            }
        },
        {
            "widgetName": "OVERALL STATISTICS PANEL",
            "widgetId": 59,
            "widgetType": "overallStatistics",
            "widgetSize": {
                "width": 5,
                "height": 5
            },
            "widgetPosition": {
                "positionX": 0,
                "positionY": 16
            },
            "share": true,
            "widgetOptions": {
                "latest": false,
                "viewMode": "panel"
            }
        },
        {
            "widgetName": "LAUNCHES DURATION CHART",
            "widgetId": 60,
            "widgetType": "launchesDurationChart",
            "widgetSize": {
                "width": 7,
                "height": 5
            },
            "widgetPosition": {
                "positionX": 5,
                "positionY": 16
            },
            "share": true,
            "widgetOptions": {
                "latest": false
            }
        },
        {
            "widgetName": "OVERALL STATISTICS DONUT",
            "widgetId": 61,
            "widgetType": "overallStatistics",
            "widgetSize": {
                "width": 6,
                "height": 5
            },
            "widgetPosition": {
                "positionX": 0,
                "positionY": 21
            },
            "share": true,
            "widgetOptions": {
                "latest": false,
                "viewMode": "donut"
            }
        },
        {
            "widgetName": "FAILED CASES TREND CHART",
            "widgetId": 62,
            "widgetType": "bugTrend",
            "widgetSize": {
                "width": 6,
                "height": 5
            },
            "widgetPosition": {
                "positionX": 6,
                "positionY": 21
            },
            "share": true,
            "widgetOptions": {
                
            }
        },
        {
            "widgetName": "LAUNCH TABLE",
            "widgetId": 63,
            "widgetType": "launchesTable",
            "widgetSize": {
                "width": 12,
                "height": 4
            },
            "widgetPosition": {
                "positionX": 0,
                "positionY": 26
            },
            "share": true,
            "widgetOptions": {
                
            }
        },
        {
            "widgetName": "MOST FAILED TEST CASES",
            "widgetId": 64,
            "widgetType": "topTestCases",
            "widgetSize": {
                "width": 7,
                "height": 5
            },
            "widgetPosition": {
                "positionX": 0,
                "positionY": 30
            },
            "share": true,
            "widgetOptions": {
                "includeMethods": false,
                "launchNameFilter": "Demo Api Tests"
            }
        },
        {
            "widgetName": "PASSING RATE SUMMARY",
            "widgetId": 65,
            "widgetType": "passingRateSummary",
            "widgetSize": {
                "width": 5,
                "height": 5
            },
            "widgetPosition": {
                "positionX": 7,
                "positionY": 30
            },
            "share": true,
            "widgetOptions": {
                "viewMode": "pie"
            }
        },
        {
            "widgetName": "FLAKY TEST CASES",
            "widgetId": 66,
            "widgetType": "flakyTestCases",
            "widgetSize": {
                "width": 12,
                "height": 4
            },
            "widgetPosition": {
                "positionX": 0,
                "positionY": 35
            },
            "share": true,
            "widgetOptions": {
                "includeMethods": false,
                "launchNameFilter": "Demo Api Tests"
            }
        }
    ]
}
2023-06-21 15:35:30 INFO  Listeners:38 - Succeeded Test null
]]></system-out>
  </testcase>
  <testcase name="d_getDashboardByIdThatDoesNotExist_GET" classname="alltests.apitest.DashboardControllerTest" time="1.043">
    <system-out><![CDATA[2023-06-21 15:35:30 INFO  Listeners:34 - Started Test null
15:35:30.730 [rp-io-27] DEBUG com.epam.reportportal.service.Launch - Starting test item...rp-io-27
2023-06-21 15:35:30 INFO  DashboardControllerTest:52 - getDashboardByIdThatDoesNotExist_GET
Request method:	GET
Request URI:	http://localhost:8080/api/v1/AUTOMATIONTESTINGADVANCEDPROGRAM/dashboard/0
Proxy:			<none>
Request params:	<none>
Query params:	<none>
Form params:	<none>
Path params:	id=0
Headers:		Authorization=Bearer 8bb82a7d-a573-419e-9cce-c2419f308802
				Accept=*/*
				Content-Type=application/json
Cookies:		<none>
Multiparts:		<none>
Body:			<none>
15:35:30.748 [rp-io-26] DEBUG com.epam.reportportal.service.Launch - TestItem with ID = '9c822565-e6ba-4001-a027-cfff068a57a7' successfully finished.
15:35:30.749 [rp-io-26] DEBUG com.epam.reportportal.utils.SubscriptionUtils - Finish test item completed
15:35:30.752 [rp-io-29] DEBUG com.epam.reportportal.service.Launch - ReportPortal item with ID '012ac70f-f352-4803-aea4-a6b49c7bb55a' has been created
15:35:30.752 [rp-io-29] DEBUG com.epam.reportportal.utils.SubscriptionUtils - Start test item successfully completed
15:35:30.757 [main] DEBUG org.apache.http.impl.conn.BasicClientConnectionManager - Get connection for route {}->http://localhost:8080
15:35:30.757 [main] DEBUG org.apache.http.impl.conn.DefaultClientConnectionOperator - Connecting to localhost:8080
15:35:30.759 [main] DEBUG org.apache.http.client.protocol.RequestAddCookies - CookieSpec selected: ignoreCookies
15:35:30.759 [main] DEBUG org.apache.http.client.protocol.RequestAuthCache - Auth cache not set in the context
15:35:30.759 [main] DEBUG org.apache.http.client.protocol.RequestProxyAuthentication - Proxy auth state: UNCHALLENGED
15:35:30.759 [main] DEBUG org.apache.http.impl.client.DefaultHttpClient - Attempt 1 to execute request
15:35:30.759 [main] DEBUG org.apache.http.impl.conn.DefaultClientConnection - Sending request: GET /api/v1/AUTOMATIONTESTINGADVANCEDPROGRAM/dashboard/0 HTTP/1.1
15:35:30.759 [main] DEBUG org.apache.http.wire -  >> "GET /api/v1/AUTOMATIONTESTINGADVANCEDPROGRAM/dashboard/0 HTTP/1.1[\r][\n]"
15:35:30.760 [main] DEBUG org.apache.http.wire -  >> "Content-Type: application/json[\r][\n]"
15:35:30.760 [main] DEBUG org.apache.http.wire -  >> "Authorization: Bearer 8bb82a7d-a573-419e-9cce-c2419f308802[\r][\n]"
15:35:30.760 [main] DEBUG org.apache.http.wire -  >> "Accept: */*[\r][\n]"
15:35:30.760 [main] DEBUG org.apache.http.wire -  >> "Host: localhost:8080[\r][\n]"
15:35:30.760 [main] DEBUG org.apache.http.wire -  >> "Connection: Keep-Alive[\r][\n]"
15:35:30.760 [main] DEBUG org.apache.http.wire -  >> "User-Agent: Apache-HttpClient/4.5.13 (Java/17.0.3.1)[\r][\n]"
15:35:30.760 [main] DEBUG org.apache.http.wire -  >> "Accept-Encoding: gzip,deflate[\r][\n]"
15:35:30.760 [main] DEBUG org.apache.http.wire -  >> "[\r][\n]"
15:35:30.760 [main] DEBUG org.apache.http.headers - >> GET /api/v1/AUTOMATIONTESTINGADVANCEDPROGRAM/dashboard/0 HTTP/1.1
15:35:30.760 [main] DEBUG org.apache.http.headers - >> Content-Type: application/json
15:35:30.760 [main] DEBUG org.apache.http.headers - >> Authorization: Bearer 8bb82a7d-a573-419e-9cce-c2419f308802
15:35:30.760 [main] DEBUG org.apache.http.headers - >> Accept: */*
15:35:30.760 [main] DEBUG org.apache.http.headers - >> Host: localhost:8080
15:35:30.760 [main] DEBUG org.apache.http.headers - >> Connection: Keep-Alive
15:35:30.760 [main] DEBUG org.apache.http.headers - >> User-Agent: Apache-HttpClient/4.5.13 (Java/17.0.3.1)
15:35:30.760 [main] DEBUG org.apache.http.headers - >> Accept-Encoding: gzip,deflate
15:35:30.769 [main] DEBUG org.apache.http.wire -  << "HTTP/1.1 404 Not Found[\r][\n]"
15:35:30.770 [main] DEBUG org.apache.http.wire -  << "Cache-Control: no-cache, no-store, max-age=0, must-revalidate[\r][\n]"
15:35:30.770 [main] DEBUG org.apache.http.wire -  << "Content-Type: application/json[\r][\n]"
15:35:30.770 [main] DEBUG org.apache.http.wire -  << "Date: Wed, 21 Jun 2023 13:35:30 GMT[\r][\n]"
15:35:30.770 [main] DEBUG org.apache.http.wire -  << "Expires: 0[\r][\n]"
15:35:30.770 [main] DEBUG org.apache.http.wire -  << "Pragma: no-cache[\r][\n]"
15:35:30.770 [main] DEBUG org.apache.http.wire -  << "X-Content-Type-Options: nosniff[\r][\n]"
15:35:30.770 [main] DEBUG org.apache.http.wire -  << "X-Frame-Options: DENY[\r][\n]"
15:35:30.770 [main] DEBUG org.apache.http.wire -  << "X-Xss-Protection: 1; mode=block[\r][\n]"
15:35:30.770 [main] DEBUG org.apache.http.wire -  << "Content-Length: 144[\r][\n]"
15:35:30.770 [main] DEBUG org.apache.http.wire -  << "[\r][\n]"
15:35:30.771 [main] DEBUG org.apache.http.impl.conn.DefaultClientConnection - Receiving response: HTTP/1.1 404 Not Found
15:35:30.771 [main] DEBUG org.apache.http.headers - << HTTP/1.1 404 Not Found
15:35:30.771 [main] DEBUG org.apache.http.headers - << Cache-Control: no-cache, no-store, max-age=0, must-revalidate
15:35:30.771 [main] DEBUG org.apache.http.headers - << Content-Type: application/json
15:35:30.771 [main] DEBUG org.apache.http.headers - << Date: Wed, 21 Jun 2023 13:35:30 GMT
15:35:30.771 [main] DEBUG org.apache.http.headers - << Expires: 0
15:35:30.771 [main] DEBUG org.apache.http.headers - << Pragma: no-cache
15:35:30.771 [main] DEBUG org.apache.http.headers - << X-Content-Type-Options: nosniff
15:35:30.771 [main] DEBUG org.apache.http.headers - << X-Frame-Options: DENY
15:35:30.771 [main] DEBUG org.apache.http.headers - << X-Xss-Protection: 1; mode=block
15:35:30.771 [main] DEBUG org.apache.http.headers - << Content-Length: 144
15:35:30.771 [main] DEBUG org.apache.http.impl.client.DefaultHttpClient - Connection can be kept alive indefinitely
15:35:30.771 [main] DEBUG io.restassured.internal.RestAssuredHttpBuilder - Parsing response as: application/json
15:35:30.772 [main] DEBUG io.restassured.internal.RestAssuredHttpBuilder - Parsed data to instance of: class org.apache.http.conn.EofSensorInputStream
15:35:30.773 [main] DEBUG org.apache.http.wire -  << "{"errorCode":40422,"message":"Dashboard with ID '0' not found on project 'automationtestingadvancedprogram'. Did you use correct Dashboard ID?"}"
15:35:30.773 [main] DEBUG org.apache.http.impl.conn.BasicClientConnectionManager - Releasing connection org.apache.http.impl.conn.ManagedClientConnectionImpl@34edd065
15:35:30.773 [main] DEBUG org.apache.http.impl.conn.BasicClientConnectionManager - Connection can be kept alive indefinitely
HTTP/1.1 404 Not Found
Cache-Control: no-cache, no-store, max-age=0, must-revalidate
Content-Type: application/json
Date: Wed, 21 Jun 2023 13:35:30 GMT
Expires: 0
Pragma: no-cache
X-Content-Type-Options: nosniff
X-Frame-Options: DENY
X-Xss-Protection: 1; mode=block
Content-Length: 144

{
    "errorCode": 40422,
    "message": "Dashboard with ID '0' not found on project 'automationtestingadvancedprogram'. Did you use correct Dashboard ID?"
}
15:35:31.417 [Finalizer] DEBUG org.apache.http.impl.conn.DefaultClientConnection - Connection 0.0.0.0:52442<->127.0.0.1:8080 closed
15:35:31.418 [Finalizer] DEBUG org.apache.http.impl.conn.DefaultClientConnection - Connection 0.0.0.0:52443<->127.0.0.1:8080 closed
2023-06-21 15:35:31 INFO  Listeners:38 - Succeeded Test null
]]></system-out>
  </testcase>
  <testcase name="e_createNewDashboardWithoutName_POST" classname="alltests.apitest.DashboardControllerTest" time="0.356">
    <system-out><![CDATA[15:35:31.815 [rp-io-33] DEBUG com.epam.reportportal.service.Launch - Starting test item...rp-io-33
2023-06-21 15:35:31 INFO  Listeners:34 - Started Test null
2023-06-21 15:35:31 INFO  DashboardControllerTest:72 - e_createNewDashboardWithoutName_POST
15:35:31.831 [rp-io-32] DEBUG com.epam.reportportal.service.Launch - TestItem with ID = '012ac70f-f352-4803-aea4-a6b49c7bb55a' successfully finished.
15:35:31.831 [rp-io-32] DEBUG com.epam.reportportal.utils.SubscriptionUtils - Finish test item completed
15:35:31.834 [rp-io-35] DEBUG com.epam.reportportal.service.Launch - ReportPortal item with ID '829e542e-3016-424a-8bb1-260b29e39d77' has been created
15:35:31.834 [rp-io-35] DEBUG com.epam.reportportal.utils.SubscriptionUtils - Start test item successfully completed
Request method:	POST
Request URI:	http://localhost:8080/api/v1/AUTOMATIONTESTINGADVANCEDPROGRAM/dashboard
Proxy:			<none>
Request params:	<none>
Query params:	<none>
Form params:	<none>
Path params:	<none>
Headers:		Authorization=Bearer 8bb82a7d-a573-419e-9cce-c2419f308802
				Accept=*/*
				Content-Type=application/json
Cookies:		<none>
Multiparts:		<none>
Body:
{
    "name": null,
    "description": "And Its already 24th May",
    "shared": true
}
15:35:32.109 [main] DEBUG org.apache.http.impl.conn.BasicClientConnectionManager - Get connection for route {}->http://localhost:8080
15:35:32.110 [main] DEBUG org.apache.http.impl.conn.DefaultClientConnectionOperator - Connecting to localhost:8080
15:35:32.111 [main] DEBUG org.apache.http.client.protocol.RequestAddCookies - CookieSpec selected: ignoreCookies
15:35:32.111 [main] DEBUG org.apache.http.client.protocol.RequestAuthCache - Auth cache not set in the context
15:35:32.111 [main] DEBUG org.apache.http.client.protocol.RequestProxyAuthentication - Proxy auth state: UNCHALLENGED
15:35:32.111 [main] DEBUG org.apache.http.impl.client.DefaultHttpClient - Attempt 1 to execute request
15:35:32.111 [main] DEBUG org.apache.http.impl.conn.DefaultClientConnection - Sending request: POST /api/v1/AUTOMATIONTESTINGADVANCEDPROGRAM/dashboard HTTP/1.1
15:35:32.111 [main] DEBUG org.apache.http.wire -  >> "POST /api/v1/AUTOMATIONTESTINGADVANCEDPROGRAM/dashboard HTTP/1.1[\r][\n]"
15:35:32.111 [main] DEBUG org.apache.http.wire -  >> "Authorization: Bearer 8bb82a7d-a573-419e-9cce-c2419f308802[\r][\n]"
15:35:32.111 [main] DEBUG org.apache.http.wire -  >> "Accept: */*[\r][\n]"
15:35:32.111 [main] DEBUG org.apache.http.wire -  >> "Content-Type: application/json[\r][\n]"
15:35:32.111 [main] DEBUG org.apache.http.wire -  >> "Content-Length: 68[\r][\n]"
15:35:32.111 [main] DEBUG org.apache.http.wire -  >> "Host: localhost:8080[\r][\n]"
15:35:32.111 [main] DEBUG org.apache.http.wire -  >> "Connection: Keep-Alive[\r][\n]"
15:35:32.112 [main] DEBUG org.apache.http.wire -  >> "User-Agent: Apache-HttpClient/4.5.13 (Java/17.0.3.1)[\r][\n]"
15:35:32.112 [main] DEBUG org.apache.http.wire -  >> "Accept-Encoding: gzip,deflate[\r][\n]"
15:35:32.112 [main] DEBUG org.apache.http.wire -  >> "[\r][\n]"
15:35:32.112 [main] DEBUG org.apache.http.headers - >> POST /api/v1/AUTOMATIONTESTINGADVANCEDPROGRAM/dashboard HTTP/1.1
15:35:32.112 [main] DEBUG org.apache.http.headers - >> Authorization: Bearer 8bb82a7d-a573-419e-9cce-c2419f308802
15:35:32.112 [main] DEBUG org.apache.http.headers - >> Accept: */*
15:35:32.112 [main] DEBUG org.apache.http.headers - >> Content-Type: application/json
15:35:32.112 [main] DEBUG org.apache.http.headers - >> Content-Length: 68
15:35:32.112 [main] DEBUG org.apache.http.headers - >> Host: localhost:8080
15:35:32.112 [main] DEBUG org.apache.http.headers - >> Connection: Keep-Alive
15:35:32.112 [main] DEBUG org.apache.http.headers - >> User-Agent: Apache-HttpClient/4.5.13 (Java/17.0.3.1)
15:35:32.112 [main] DEBUG org.apache.http.headers - >> Accept-Encoding: gzip,deflate
15:35:32.113 [main] DEBUG org.apache.http.wire -  >> "{"name":null,"description":"And Its already 24th May","shared":true}"
15:35:32.119 [main] DEBUG org.apache.http.wire -  << "HTTP/1.1 400 Bad Request[\r][\n]"
15:35:32.119 [main] DEBUG org.apache.http.wire -  << "Cache-Control: no-cache, no-store, max-age=0, must-revalidate[\r][\n]"
15:35:32.120 [main] DEBUG org.apache.http.wire -  << "Content-Type: application/json[\r][\n]"
15:35:32.120 [main] DEBUG org.apache.http.wire -  << "Date: Wed, 21 Jun 2023 13:35:31 GMT[\r][\n]"
15:35:32.120 [main] DEBUG org.apache.http.wire -  << "Expires: 0[\r][\n]"
15:35:32.120 [main] DEBUG org.apache.http.wire -  << "Pragma: no-cache[\r][\n]"
15:35:32.120 [main] DEBUG org.apache.http.wire -  << "X-Content-Type-Options: nosniff[\r][\n]"
15:35:32.120 [main] DEBUG org.apache.http.wire -  << "X-Frame-Options: DENY[\r][\n]"
15:35:32.120 [main] DEBUG org.apache.http.wire -  << "X-Xss-Protection: 1; mode=block[\r][\n]"
15:35:32.120 [main] DEBUG org.apache.http.wire -  << "Content-Length: 85[\r][\n]"
15:35:32.120 [main] DEBUG org.apache.http.wire -  << "[\r][\n]"
15:35:32.120 [main] DEBUG org.apache.http.impl.conn.DefaultClientConnection - Receiving response: HTTP/1.1 400 Bad Request
15:35:32.120 [main] DEBUG org.apache.http.headers - << HTTP/1.1 400 Bad Request
15:35:32.120 [main] DEBUG org.apache.http.headers - << Cache-Control: no-cache, no-store, max-age=0, must-revalidate
15:35:32.120 [main] DEBUG org.apache.http.headers - << Content-Type: application/json
15:35:32.120 [main] DEBUG org.apache.http.headers - << Date: Wed, 21 Jun 2023 13:35:31 GMT
15:35:32.120 [main] DEBUG org.apache.http.headers - << Expires: 0
15:35:32.120 [main] DEBUG org.apache.http.headers - << Pragma: no-cache
15:35:32.120 [main] DEBUG org.apache.http.headers - << X-Content-Type-Options: nosniff
15:35:32.120 [main] DEBUG org.apache.http.headers - << X-Frame-Options: DENY
15:35:32.120 [main] DEBUG org.apache.http.headers - << X-Xss-Protection: 1; mode=block
15:35:32.120 [main] DEBUG org.apache.http.headers - << Content-Length: 85
15:35:32.120 [main] DEBUG org.apache.http.impl.client.DefaultHttpClient - Connection can be kept alive indefinitely
15:35:32.120 [main] DEBUG io.restassured.internal.RestAssuredHttpBuilder - Parsing response as: application/json
15:35:32.120 [main] DEBUG io.restassured.internal.RestAssuredHttpBuilder - Parsed data to instance of: class org.apache.http.conn.EofSensorInputStream
15:35:32.122 [main] DEBUG org.apache.http.wire -  << "{"errorCode":4001,"message":"Incorrect Request. [Field 'name' should not be null.] "}"
15:35:32.122 [main] DEBUG org.apache.http.impl.conn.BasicClientConnectionManager - Releasing connection org.apache.http.impl.conn.ManagedClientConnectionImpl@401926df
15:35:32.122 [main] DEBUG org.apache.http.impl.conn.BasicClientConnectionManager - Connection can be kept alive indefinitely
HTTP/1.1 400 Bad Request
Cache-Control: no-cache, no-store, max-age=0, must-revalidate
Content-Type: application/json
Date: Wed, 21 Jun 2023 13:35:31 GMT
Expires: 0
Pragma: no-cache
X-Content-Type-Options: nosniff
X-Frame-Options: DENY
X-Xss-Protection: 1; mode=block
Content-Length: 85

{
    "errorCode": 4001,
    "message": "Incorrect Request. [Field 'name' should not be null.] "
}
2023-06-21 15:35:32 INFO  Listeners:38 - Succeeded Test null
]]></system-out>
  </testcase>
  <testcase name="f_createNewDashboardByName_POST" classname="alltests.apitest.DashboardControllerTest" time="0.074">
    <system-out><![CDATA[15:35:32.149 [rp-io-39] DEBUG com.epam.reportportal.service.Launch - Starting test item...rp-io-39
2023-06-21 15:35:32 INFO  Listeners:34 - Started Test null
2023-06-21 15:35:32 INFO  DashboardControllerTest:61 - f_createNewDashboardByName_POST
Request method:	POST
Request URI:	http://localhost:8080/api/v1/AUTOMATIONTESTINGADVANCEDPROGRAM/dashboard
Proxy:			<none>
Request params:	<none>
Query params:	<none>
Form params:	<none>
Path params:	<none>
Headers:		Authorization=Bearer 8bb82a7d-a573-419e-9cce-c2419f308802
				Accept=*/*
				Content-Type=application/json
Cookies:		<none>
Multiparts:		<none>
Body:
{
    "name": "QAT Dashboard A02",
    "description": "QAT Dashboard description A02",
    "shared": true
}
15:35:32.170 [rp-io-38] DEBUG com.epam.reportportal.service.Launch - TestItem with ID = '829e542e-3016-424a-8bb1-260b29e39d77' successfully finished.
15:35:32.171 [rp-io-38] DEBUG com.epam.reportportal.utils.SubscriptionUtils - Finish test item completed
15:35:32.173 [rp-io-41] DEBUG com.epam.reportportal.service.Launch - ReportPortal item with ID '0dc9b931-3dcb-4f30-ad8f-2b996fa69f14' has been created
15:35:32.173 [rp-io-41] DEBUG com.epam.reportportal.utils.SubscriptionUtils - Start test item successfully completed
15:35:32.180 [main] DEBUG org.apache.http.impl.conn.BasicClientConnectionManager - Get connection for route {}->http://localhost:8080
15:35:32.180 [main] DEBUG org.apache.http.impl.conn.DefaultClientConnectionOperator - Connecting to localhost:8080
15:35:32.181 [main] DEBUG org.apache.http.client.protocol.RequestAddCookies - CookieSpec selected: ignoreCookies
15:35:32.181 [main] DEBUG org.apache.http.client.protocol.RequestAuthCache - Auth cache not set in the context
15:35:32.181 [main] DEBUG org.apache.http.client.protocol.RequestProxyAuthentication - Proxy auth state: UNCHALLENGED
15:35:32.181 [main] DEBUG org.apache.http.impl.client.DefaultHttpClient - Attempt 1 to execute request
15:35:32.181 [main] DEBUG org.apache.http.impl.conn.DefaultClientConnection - Sending request: POST /api/v1/AUTOMATIONTESTINGADVANCEDPROGRAM/dashboard HTTP/1.1
15:35:32.181 [main] DEBUG org.apache.http.wire -  >> "POST /api/v1/AUTOMATIONTESTINGADVANCEDPROGRAM/dashboard HTTP/1.1[\r][\n]"
15:35:32.181 [main] DEBUG org.apache.http.wire -  >> "Authorization: Bearer 8bb82a7d-a573-419e-9cce-c2419f308802[\r][\n]"
15:35:32.181 [main] DEBUG org.apache.http.wire -  >> "Accept: */*[\r][\n]"
15:35:32.181 [main] DEBUG org.apache.http.wire -  >> "Content-Type: application/json[\r][\n]"
15:35:32.181 [main] DEBUG org.apache.http.wire -  >> "Content-Length: 88[\r][\n]"
15:35:32.182 [main] DEBUG org.apache.http.wire -  >> "Host: localhost:8080[\r][\n]"
15:35:32.182 [main] DEBUG org.apache.http.wire -  >> "Connection: Keep-Alive[\r][\n]"
15:35:32.182 [main] DEBUG org.apache.http.wire -  >> "User-Agent: Apache-HttpClient/4.5.13 (Java/17.0.3.1)[\r][\n]"
15:35:32.182 [main] DEBUG org.apache.http.wire -  >> "Accept-Encoding: gzip,deflate[\r][\n]"
15:35:32.182 [main] DEBUG org.apache.http.wire -  >> "[\r][\n]"
15:35:32.182 [main] DEBUG org.apache.http.headers - >> POST /api/v1/AUTOMATIONTESTINGADVANCEDPROGRAM/dashboard HTTP/1.1
15:35:32.182 [main] DEBUG org.apache.http.headers - >> Authorization: Bearer 8bb82a7d-a573-419e-9cce-c2419f308802
15:35:32.182 [main] DEBUG org.apache.http.headers - >> Accept: */*
15:35:32.182 [main] DEBUG org.apache.http.headers - >> Content-Type: application/json
15:35:32.182 [main] DEBUG org.apache.http.headers - >> Content-Length: 88
15:35:32.182 [main] DEBUG org.apache.http.headers - >> Host: localhost:8080
15:35:32.182 [main] DEBUG org.apache.http.headers - >> Connection: Keep-Alive
15:35:32.182 [main] DEBUG org.apache.http.headers - >> User-Agent: Apache-HttpClient/4.5.13 (Java/17.0.3.1)
15:35:32.182 [main] DEBUG org.apache.http.headers - >> Accept-Encoding: gzip,deflate
15:35:32.182 [main] DEBUG org.apache.http.wire -  >> "{"name":"QAT Dashboard A02","description":"QAT Dashboard description A02","shared":true}"
15:35:32.207 [main] DEBUG org.apache.http.wire -  << "HTTP/1.1 201 Created[\r][\n]"
15:35:32.208 [main] DEBUG org.apache.http.wire -  << "Cache-Control: no-cache, no-store, max-age=0, must-revalidate[\r][\n]"
15:35:32.208 [main] DEBUG org.apache.http.wire -  << "Content-Type: application/json[\r][\n]"
15:35:32.208 [main] DEBUG org.apache.http.wire -  << "Date: Wed, 21 Jun 2023 13:35:31 GMT[\r][\n]"
15:35:32.208 [main] DEBUG org.apache.http.wire -  << "Expires: 0[\r][\n]"
15:35:32.208 [main] DEBUG org.apache.http.wire -  << "Pragma: no-cache[\r][\n]"
15:35:32.208 [main] DEBUG org.apache.http.wire -  << "X-Content-Type-Options: nosniff[\r][\n]"
15:35:32.208 [main] DEBUG org.apache.http.wire -  << "X-Frame-Options: DENY[\r][\n]"
15:35:32.208 [main] DEBUG org.apache.http.wire -  << "X-Xss-Protection: 1; mode=block[\r][\n]"
15:35:32.208 [main] DEBUG org.apache.http.wire -  << "Content-Length: 10[\r][\n]"
15:35:32.208 [main] DEBUG org.apache.http.wire -  << "[\r][\n]"
15:35:32.208 [main] DEBUG org.apache.http.impl.conn.DefaultClientConnection - Receiving response: HTTP/1.1 201 Created
15:35:32.208 [main] DEBUG org.apache.http.headers - << HTTP/1.1 201 Created
15:35:32.208 [main] DEBUG org.apache.http.headers - << Cache-Control: no-cache, no-store, max-age=0, must-revalidate
15:35:32.208 [main] DEBUG org.apache.http.headers - << Content-Type: application/json
15:35:32.208 [main] DEBUG org.apache.http.headers - << Date: Wed, 21 Jun 2023 13:35:31 GMT
15:35:32.208 [main] DEBUG org.apache.http.headers - << Expires: 0
15:35:32.208 [main] DEBUG org.apache.http.headers - << Pragma: no-cache
15:35:32.208 [main] DEBUG org.apache.http.headers - << X-Content-Type-Options: nosniff
15:35:32.209 [main] DEBUG org.apache.http.headers - << X-Frame-Options: DENY
15:35:32.209 [main] DEBUG org.apache.http.headers - << X-Xss-Protection: 1; mode=block
15:35:32.209 [main] DEBUG org.apache.http.headers - << Content-Length: 10
15:35:32.209 [main] DEBUG org.apache.http.impl.client.DefaultHttpClient - Connection can be kept alive indefinitely
15:35:32.210 [main] DEBUG io.restassured.internal.RestAssuredHttpBuilder - Parsing response as: application/json
15:35:32.210 [main] DEBUG io.restassured.internal.RestAssuredHttpBuilder - Parsed data to instance of: class org.apache.http.conn.EofSensorInputStream
15:35:32.211 [main] DEBUG org.apache.http.wire -  << "{"id":129}"
15:35:32.211 [main] DEBUG org.apache.http.impl.conn.BasicClientConnectionManager - Releasing connection org.apache.http.impl.conn.ManagedClientConnectionImpl@72a3462f
15:35:32.211 [main] DEBUG org.apache.http.impl.conn.BasicClientConnectionManager - Connection can be kept alive indefinitely
HTTP/1.1 201 Created
Cache-Control: no-cache, no-store, max-age=0, must-revalidate
Content-Type: application/json
Date: Wed, 21 Jun 2023 13:35:31 GMT
Expires: 0
Pragma: no-cache
X-Content-Type-Options: nosniff
X-Frame-Options: DENY
X-Xss-Protection: 1; mode=block
Content-Length: 10

{
    "id": 129
}
2023-06-21 15:35:32 INFO  Listeners:38 - Succeeded Test null
]]></system-out>
  </testcase>
  <testcase name="g_createDuplicateDashboard_POST" classname="alltests.apitest.DashboardControllerTest" time="0.066">
    <system-out><![CDATA[2023-06-21 15:35:32 INFO  Listeners:34 - Started Test null
2023-06-21 15:35:32 INFO  DashboardControllerTest:82 - g_createDuplicateDashboard_POST
15:35:32.233 [rp-io-45] DEBUG com.epam.reportportal.service.Launch - Starting test item...rp-io-45
Request method:	POST
Request URI:	http://localhost:8080/api/v1/AUTOMATIONTESTINGADVANCEDPROGRAM/dashboard
Proxy:			<none>
Request params:	<none>
Query params:	<none>
Form params:	<none>
Path params:	<none>
Headers:		Authorization=Bearer 8bb82a7d-a573-419e-9cce-c2419f308802
				Accept=*/*
				Content-Type=application/json
Cookies:		<none>
Multiparts:		<none>
Body:
{
    "name": "QAT Dashboard A02",
    "description": "QAT Dashboard description A02",
    "shared": true
}
15:35:32.249 [rp-io-44] DEBUG com.epam.reportportal.service.Launch - TestItem with ID = '0dc9b931-3dcb-4f30-ad8f-2b996fa69f14' successfully finished.
15:35:32.249 [rp-io-44] DEBUG com.epam.reportportal.utils.SubscriptionUtils - Finish test item completed
15:35:32.256 [main] DEBUG org.apache.http.impl.conn.BasicClientConnectionManager - Get connection for route {}->http://localhost:8080
15:35:32.256 [main] DEBUG org.apache.http.impl.conn.DefaultClientConnectionOperator - Connecting to localhost:8080
15:35:32.258 [main] DEBUG org.apache.http.client.protocol.RequestAddCookies - CookieSpec selected: ignoreCookies
15:35:32.258 [main] DEBUG org.apache.http.client.protocol.RequestAuthCache - Auth cache not set in the context
15:35:32.258 [main] DEBUG org.apache.http.client.protocol.RequestProxyAuthentication - Proxy auth state: UNCHALLENGED
15:35:32.258 [main] DEBUG org.apache.http.impl.client.DefaultHttpClient - Attempt 1 to execute request
15:35:32.259 [main] DEBUG org.apache.http.impl.conn.DefaultClientConnection - Sending request: POST /api/v1/AUTOMATIONTESTINGADVANCEDPROGRAM/dashboard HTTP/1.1
15:35:32.259 [main] DEBUG org.apache.http.wire -  >> "POST /api/v1/AUTOMATIONTESTINGADVANCEDPROGRAM/dashboard HTTP/1.1[\r][\n]"
15:35:32.259 [main] DEBUG org.apache.http.wire -  >> "Authorization: Bearer 8bb82a7d-a573-419e-9cce-c2419f308802[\r][\n]"
15:35:32.259 [main] DEBUG org.apache.http.wire -  >> "Accept: */*[\r][\n]"
15:35:32.259 [main] DEBUG org.apache.http.wire -  >> "Content-Type: application/json[\r][\n]"
15:35:32.259 [main] DEBUG org.apache.http.wire -  >> "Content-Length: 88[\r][\n]"
15:35:32.259 [main] DEBUG org.apache.http.wire -  >> "Host: localhost:8080[\r][\n]"
15:35:32.259 [main] DEBUG org.apache.http.wire -  >> "Connection: Keep-Alive[\r][\n]"
15:35:32.259 [main] DEBUG org.apache.http.wire -  >> "User-Agent: Apache-HttpClient/4.5.13 (Java/17.0.3.1)[\r][\n]"
15:35:32.259 [main] DEBUG org.apache.http.wire -  >> "Accept-Encoding: gzip,deflate[\r][\n]"
15:35:32.259 [main] DEBUG org.apache.http.wire -  >> "[\r][\n]"
15:35:32.259 [main] DEBUG org.apache.http.headers - >> POST /api/v1/AUTOMATIONTESTINGADVANCEDPROGRAM/dashboard HTTP/1.1
15:35:32.259 [main] DEBUG org.apache.http.headers - >> Authorization: Bearer 8bb82a7d-a573-419e-9cce-c2419f308802
15:35:32.259 [main] DEBUG org.apache.http.headers - >> Accept: */*
15:35:32.259 [main] DEBUG org.apache.http.headers - >> Content-Type: application/json
15:35:32.260 [main] DEBUG org.apache.http.headers - >> Content-Length: 88
15:35:32.260 [main] DEBUG org.apache.http.headers - >> Host: localhost:8080
15:35:32.260 [main] DEBUG org.apache.http.headers - >> Connection: Keep-Alive
15:35:32.260 [main] DEBUG org.apache.http.headers - >> User-Agent: Apache-HttpClient/4.5.13 (Java/17.0.3.1)
15:35:32.260 [main] DEBUG org.apache.http.headers - >> Accept-Encoding: gzip,deflate
15:35:32.260 [main] DEBUG org.apache.http.wire -  >> "{"name":"QAT Dashboard A02","description":"QAT Dashboard description A02","shared":true}"
15:35:32.261 [rp-io-47] DEBUG com.epam.reportportal.service.Launch - ReportPortal item with ID 'ba14e1e7-ac88-46d8-b7f1-dfbe863f1922' has been created
15:35:32.261 [rp-io-47] DEBUG com.epam.reportportal.utils.SubscriptionUtils - Start test item successfully completed
15:35:32.268 [main] DEBUG org.apache.http.wire -  << "HTTP/1.1 409 Conflict[\r][\n]"
15:35:32.268 [main] DEBUG org.apache.http.wire -  << "Cache-Control: no-cache, no-store, max-age=0, must-revalidate[\r][\n]"
15:35:32.268 [main] DEBUG org.apache.http.wire -  << "Content-Type: application/json[\r][\n]"
15:35:32.268 [main] DEBUG org.apache.http.wire -  << "Date: Wed, 21 Jun 2023 13:35:31 GMT[\r][\n]"
15:35:32.268 [main] DEBUG org.apache.http.wire -  << "Expires: 0[\r][\n]"
15:35:32.268 [main] DEBUG org.apache.http.wire -  << "Pragma: no-cache[\r][\n]"
15:35:32.268 [main] DEBUG org.apache.http.wire -  << "X-Content-Type-Options: nosniff[\r][\n]"
15:35:32.268 [main] DEBUG org.apache.http.wire -  << "X-Frame-Options: DENY[\r][\n]"
15:35:32.268 [main] DEBUG org.apache.http.wire -  << "X-Xss-Protection: 1; mode=block[\r][\n]"
15:35:32.268 [main] DEBUG org.apache.http.wire -  << "Content-Length: 110[\r][\n]"
15:35:32.268 [main] DEBUG org.apache.http.wire -  << "[\r][\n]"
15:35:32.268 [main] DEBUG org.apache.http.impl.conn.DefaultClientConnection - Receiving response: HTTP/1.1 409 Conflict
15:35:32.269 [main] DEBUG org.apache.http.headers - << HTTP/1.1 409 Conflict
15:35:32.269 [main] DEBUG org.apache.http.headers - << Cache-Control: no-cache, no-store, max-age=0, must-revalidate
15:35:32.269 [main] DEBUG org.apache.http.headers - << Content-Type: application/json
15:35:32.269 [main] DEBUG org.apache.http.headers - << Date: Wed, 21 Jun 2023 13:35:31 GMT
15:35:32.269 [main] DEBUG org.apache.http.headers - << Expires: 0
15:35:32.269 [main] DEBUG org.apache.http.headers - << Pragma: no-cache
15:35:32.269 [main] DEBUG org.apache.http.headers - << X-Content-Type-Options: nosniff
15:35:32.269 [main] DEBUG org.apache.http.headers - << X-Frame-Options: DENY
15:35:32.269 [main] DEBUG org.apache.http.headers - << X-Xss-Protection: 1; mode=block
15:35:32.269 [main] DEBUG org.apache.http.headers - << Content-Length: 110
15:35:32.269 [main] DEBUG org.apache.http.impl.client.DefaultHttpClient - Connection can be kept alive indefinitely
15:35:32.269 [main] DEBUG io.restassured.internal.RestAssuredHttpBuilder - Parsing response as: application/json
15:35:32.269 [main] DEBUG io.restassured.internal.RestAssuredHttpBuilder - Parsed data to instance of: class org.apache.http.conn.EofSensorInputStream
15:35:32.270 [main] DEBUG org.apache.http.wire -  << "{"errorCode":4091,"message":"Resource 'QAT Dashboard A02' already exists. You couldn't create the duplicate."}"
15:35:32.270 [main] DEBUG org.apache.http.impl.conn.BasicClientConnectionManager - Releasing connection org.apache.http.impl.conn.ManagedClientConnectionImpl@42b4df5a
15:35:32.270 [main] DEBUG org.apache.http.impl.conn.BasicClientConnectionManager - Connection can be kept alive indefinitely
HTTP/1.1 409 Conflict
Cache-Control: no-cache, no-store, max-age=0, must-revalidate
Content-Type: application/json
Date: Wed, 21 Jun 2023 13:35:31 GMT
Expires: 0
Pragma: no-cache
X-Content-Type-Options: nosniff
X-Frame-Options: DENY
X-Xss-Protection: 1; mode=block
Content-Length: 110

{
    "errorCode": 4091,
    "message": "Resource 'QAT Dashboard A02' already exists. You couldn't create the duplicate."
}
2023-06-21 15:35:32 INFO  Listeners:38 - Succeeded Test null
]]></system-out>
  </testcase>
  <testcase name="h_updateDashboardNameRQ_UPDATE" classname="alltests.apitest.DashboardControllerTest" time="0.069">
    <system-out><![CDATA[15:35:32.296 [rp-io-51] DEBUG com.epam.reportportal.service.Launch - Starting test item...rp-io-51
2023-06-21 15:35:32 INFO  Listeners:34 - Started Test null
2023-06-21 15:35:32 INFO  DashboardControllerTest:92 - h_updateDashboardNameRQ_UPDATE
15:35:32.312 [rp-io-50] DEBUG com.epam.reportportal.service.Launch - TestItem with ID = 'ba14e1e7-ac88-46d8-b7f1-dfbe863f1922' successfully finished.
15:35:32.312 [rp-io-50] DEBUG com.epam.reportportal.utils.SubscriptionUtils - Finish test item completed
Request method:	PUT
Request URI:	http://localhost:8080/api/v1/AUTOMATIONTESTINGADVANCEDPROGRAM/dashboard/129
Proxy:			<none>
Request params:	<none>
Query params:	<none>
Form params:	<none>
Path params:	id=129
Headers:		Authorization=Bearer 8bb82a7d-a573-419e-9cce-c2419f308802
				Accept=*/*
				Content-Type=application/json
Cookies:		<none>
Multiparts:		<none>
Body:
{
    "name": "Updated QAT Dashboard A02 to A03",
    "description": "Updated Dashboard A02 description updated to A03",
    "shared": true
}
15:35:32.317 [rp-io-53] DEBUG com.epam.reportportal.service.Launch - ReportPortal item with ID '1e2e2b26-4361-4a4e-bc84-1d36c8365bc7' has been created
15:35:32.317 [rp-io-53] DEBUG com.epam.reportportal.utils.SubscriptionUtils - Start test item successfully completed
15:35:32.326 [main] DEBUG org.apache.http.impl.conn.BasicClientConnectionManager - Get connection for route {}->http://localhost:8080
15:35:32.326 [main] DEBUG org.apache.http.impl.conn.DefaultClientConnectionOperator - Connecting to localhost:8080
15:35:32.327 [main] DEBUG org.apache.http.client.protocol.RequestAddCookies - CookieSpec selected: ignoreCookies
15:35:32.327 [main] DEBUG org.apache.http.client.protocol.RequestAuthCache - Auth cache not set in the context
15:35:32.328 [main] DEBUG org.apache.http.client.protocol.RequestProxyAuthentication - Proxy auth state: UNCHALLENGED
15:35:32.328 [main] DEBUG org.apache.http.impl.client.DefaultHttpClient - Attempt 1 to execute request
15:35:32.328 [main] DEBUG org.apache.http.impl.conn.DefaultClientConnection - Sending request: PUT /api/v1/AUTOMATIONTESTINGADVANCEDPROGRAM/dashboard/129 HTTP/1.1
15:35:32.328 [main] DEBUG org.apache.http.wire -  >> "PUT /api/v1/AUTOMATIONTESTINGADVANCEDPROGRAM/dashboard/129 HTTP/1.1[\r][\n]"
15:35:32.328 [main] DEBUG org.apache.http.wire -  >> "Authorization: Bearer 8bb82a7d-a573-419e-9cce-c2419f308802[\r][\n]"
15:35:32.328 [main] DEBUG org.apache.http.wire -  >> "Accept: */*[\r][\n]"
15:35:32.328 [main] DEBUG org.apache.http.wire -  >> "Content-Type: application/json[\r][\n]"
15:35:32.328 [main] DEBUG org.apache.http.wire -  >> "Content-Length: 122[\r][\n]"
15:35:32.328 [main] DEBUG org.apache.http.wire -  >> "Host: localhost:8080[\r][\n]"
15:35:32.328 [main] DEBUG org.apache.http.wire -  >> "Connection: Keep-Alive[\r][\n]"
15:35:32.328 [main] DEBUG org.apache.http.wire -  >> "User-Agent: Apache-HttpClient/4.5.13 (Java/17.0.3.1)[\r][\n]"
15:35:32.328 [main] DEBUG org.apache.http.wire -  >> "Accept-Encoding: gzip,deflate[\r][\n]"
15:35:32.328 [main] DEBUG org.apache.http.wire -  >> "[\r][\n]"
15:35:32.328 [main] DEBUG org.apache.http.headers - >> PUT /api/v1/AUTOMATIONTESTINGADVANCEDPROGRAM/dashboard/129 HTTP/1.1
15:35:32.328 [main] DEBUG org.apache.http.headers - >> Authorization: Bearer 8bb82a7d-a573-419e-9cce-c2419f308802
15:35:32.328 [main] DEBUG org.apache.http.headers - >> Accept: */*
15:35:32.328 [main] DEBUG org.apache.http.headers - >> Content-Type: application/json
15:35:32.328 [main] DEBUG org.apache.http.headers - >> Content-Length: 122
15:35:32.328 [main] DEBUG org.apache.http.headers - >> Host: localhost:8080
15:35:32.328 [main] DEBUG org.apache.http.headers - >> Connection: Keep-Alive
15:35:32.328 [main] DEBUG org.apache.http.headers - >> User-Agent: Apache-HttpClient/4.5.13 (Java/17.0.3.1)
15:35:32.328 [main] DEBUG org.apache.http.headers - >> Accept-Encoding: gzip,deflate
15:35:32.328 [main] DEBUG org.apache.http.wire -  >> "{"name":"Updated QAT Dashboard A02 to A03","description":"Updated Dashboard A02 description updated to A03","shared":true}"
15:35:32.338 [main] DEBUG org.apache.http.wire -  << "HTTP/1.1 200 OK[\r][\n]"
15:35:32.338 [main] DEBUG org.apache.http.wire -  << "Cache-Control: no-cache, no-store, max-age=0, must-revalidate[\r][\n]"
15:35:32.338 [main] DEBUG org.apache.http.wire -  << "Content-Type: application/json[\r][\n]"
15:35:32.338 [main] DEBUG org.apache.http.wire -  << "Date: Wed, 21 Jun 2023 13:35:31 GMT[\r][\n]"
15:35:32.338 [main] DEBUG org.apache.http.wire -  << "Expires: 0[\r][\n]"
15:35:32.338 [main] DEBUG org.apache.http.wire -  << "Pragma: no-cache[\r][\n]"
15:35:32.338 [main] DEBUG org.apache.http.wire -  << "X-Content-Type-Options: nosniff[\r][\n]"
15:35:32.338 [main] DEBUG org.apache.http.wire -  << "X-Frame-Options: DENY[\r][\n]"
15:35:32.338 [main] DEBUG org.apache.http.wire -  << "X-Xss-Protection: 1; mode=block[\r][\n]"
15:35:32.338 [main] DEBUG org.apache.http.wire -  << "Content-Length: 60[\r][\n]"
15:35:32.338 [main] DEBUG org.apache.http.wire -  << "[\r][\n]"
15:35:32.338 [main] DEBUG org.apache.http.impl.conn.DefaultClientConnection - Receiving response: HTTP/1.1 200 OK
15:35:32.338 [main] DEBUG org.apache.http.headers - << HTTP/1.1 200 OK
15:35:32.338 [main] DEBUG org.apache.http.headers - << Cache-Control: no-cache, no-store, max-age=0, must-revalidate
15:35:32.338 [main] DEBUG org.apache.http.headers - << Content-Type: application/json
15:35:32.338 [main] DEBUG org.apache.http.headers - << Date: Wed, 21 Jun 2023 13:35:31 GMT
15:35:32.338 [main] DEBUG org.apache.http.headers - << Expires: 0
15:35:32.338 [main] DEBUG org.apache.http.headers - << Pragma: no-cache
15:35:32.338 [main] DEBUG org.apache.http.headers - << X-Content-Type-Options: nosniff
15:35:32.338 [main] DEBUG org.apache.http.headers - << X-Frame-Options: DENY
15:35:32.338 [main] DEBUG org.apache.http.headers - << X-Xss-Protection: 1; mode=block
15:35:32.338 [main] DEBUG org.apache.http.headers - << Content-Length: 60
15:35:32.339 [main] DEBUG org.apache.http.impl.client.DefaultHttpClient - Connection can be kept alive indefinitely
15:35:32.339 [main] DEBUG io.restassured.internal.RestAssuredHttpBuilder - Parsing response as: application/json
15:35:32.339 [main] DEBUG io.restassured.internal.RestAssuredHttpBuilder - Parsed data to instance of: class org.apache.http.conn.EofSensorInputStream
15:35:32.341 [main] DEBUG org.apache.http.wire -  << "{"message":"Dashboard with ID = '129' successfully updated"}"
15:35:32.341 [main] DEBUG org.apache.http.impl.conn.BasicClientConnectionManager - Releasing connection org.apache.http.impl.conn.ManagedClientConnectionImpl@182e4365
15:35:32.341 [main] DEBUG org.apache.http.impl.conn.BasicClientConnectionManager - Connection can be kept alive indefinitely
HTTP/1.1 200 OK
Cache-Control: no-cache, no-store, max-age=0, must-revalidate
Content-Type: application/json
Date: Wed, 21 Jun 2023 13:35:31 GMT
Expires: 0
Pragma: no-cache
X-Content-Type-Options: nosniff
X-Frame-Options: DENY
X-Xss-Protection: 1; mode=block
Content-Length: 60

{
    "message": "Dashboard with ID = '129' successfully updated"
}
2023-06-21 15:35:32 INFO  Listeners:38 - Succeeded Test null
]]></system-out>
  </testcase>
  <testcase name="i_updateDashboardNameRQ_PATCH" classname="alltests.apitest.DashboardControllerTest" time="0.075">
    <system-out><![CDATA[15:35:32.345 [rp-io-57] DEBUG com.epam.reportportal.service.Launch - Starting test item...rp-io-57
2023-06-21 15:35:32 INFO  Listeners:34 - Started Test null
2023-06-21 15:35:32 INFO  DashboardControllerTest:99 - i_updateDashboardNameRQ_PATCH
15:35:32.367 [rp-io-56] DEBUG com.epam.reportportal.service.Launch - TestItem with ID = '1e2e2b26-4361-4a4e-bc84-1d36c8365bc7' successfully finished.
15:35:32.367 [rp-io-56] DEBUG com.epam.reportportal.utils.SubscriptionUtils - Finish test item completed
Request method:	PATCH
Request URI:	http://localhost:8080/api/v1/AUTOMATIONTESTINGADVANCEDPROGRAM/dashboard/129
Proxy:			<none>
Request params:	<none>
Query params:	<none>
Form params:	<none>
Path params:	id=129
Headers:		Authorization=Bearer 8bb82a7d-a573-419e-9cce-c2419f308802
				Accept=*/*
				Content-Type=application/json
Cookies:		<none>
Multiparts:		<none>
Body:
{
    "name": "Updated QAT Dashboard A03 to A04",
    "description": null,
    "shared": false
}
15:35:32.374 [rp-io-59] DEBUG com.epam.reportportal.service.Launch - ReportPortal item with ID '24658f75-cac0-4fc0-84e3-9a4fc2e0c7ce' has been created
15:35:32.374 [rp-io-59] DEBUG com.epam.reportportal.utils.SubscriptionUtils - Start test item successfully completed
15:35:32.383 [main] DEBUG org.apache.http.impl.conn.BasicClientConnectionManager - Get connection for route {}->http://localhost:8080
15:35:32.384 [main] DEBUG org.apache.http.impl.conn.DefaultClientConnectionOperator - Connecting to localhost:8080
15:35:32.385 [main] DEBUG org.apache.http.client.protocol.RequestAddCookies - CookieSpec selected: ignoreCookies
15:35:32.385 [main] DEBUG org.apache.http.client.protocol.RequestAuthCache - Auth cache not set in the context
15:35:32.385 [main] DEBUG org.apache.http.client.protocol.RequestProxyAuthentication - Proxy auth state: UNCHALLENGED
15:35:32.385 [main] DEBUG org.apache.http.impl.client.DefaultHttpClient - Attempt 1 to execute request
15:35:32.385 [main] DEBUG org.apache.http.impl.conn.DefaultClientConnection - Sending request: PATCH /api/v1/AUTOMATIONTESTINGADVANCEDPROGRAM/dashboard/129 HTTP/1.1
15:35:32.385 [main] DEBUG org.apache.http.wire -  >> "PATCH /api/v1/AUTOMATIONTESTINGADVANCEDPROGRAM/dashboard/129 HTTP/1.1[\r][\n]"
15:35:32.385 [main] DEBUG org.apache.http.wire -  >> "Authorization: Bearer 8bb82a7d-a573-419e-9cce-c2419f308802[\r][\n]"
15:35:32.385 [main] DEBUG org.apache.http.wire -  >> "Accept: */*[\r][\n]"
15:35:32.385 [main] DEBUG org.apache.http.wire -  >> "Content-Type: application/json[\r][\n]"
15:35:32.385 [main] DEBUG org.apache.http.wire -  >> "Content-Length: 77[\r][\n]"
15:35:32.385 [main] DEBUG org.apache.http.wire -  >> "Host: localhost:8080[\r][\n]"
15:35:32.385 [main] DEBUG org.apache.http.wire -  >> "Connection: Keep-Alive[\r][\n]"
15:35:32.385 [main] DEBUG org.apache.http.wire -  >> "User-Agent: Apache-HttpClient/4.5.13 (Java/17.0.3.1)[\r][\n]"
15:35:32.385 [main] DEBUG org.apache.http.wire -  >> "Accept-Encoding: gzip,deflate[\r][\n]"
15:35:32.385 [main] DEBUG org.apache.http.wire -  >> "[\r][\n]"
15:35:32.385 [main] DEBUG org.apache.http.headers - >> PATCH /api/v1/AUTOMATIONTESTINGADVANCEDPROGRAM/dashboard/129 HTTP/1.1
15:35:32.385 [main] DEBUG org.apache.http.headers - >> Authorization: Bearer 8bb82a7d-a573-419e-9cce-c2419f308802
15:35:32.385 [main] DEBUG org.apache.http.headers - >> Accept: */*
15:35:32.385 [main] DEBUG org.apache.http.headers - >> Content-Type: application/json
15:35:32.385 [main] DEBUG org.apache.http.headers - >> Content-Length: 77
15:35:32.385 [main] DEBUG org.apache.http.headers - >> Host: localhost:8080
15:35:32.385 [main] DEBUG org.apache.http.headers - >> Connection: Keep-Alive
15:35:32.386 [main] DEBUG org.apache.http.headers - >> User-Agent: Apache-HttpClient/4.5.13 (Java/17.0.3.1)
15:35:32.386 [main] DEBUG org.apache.http.headers - >> Accept-Encoding: gzip,deflate
15:35:32.387 [main] DEBUG org.apache.http.wire -  >> "{"name":"Updated QAT Dashboard A03 to A04","description":null,"shared":false}"
15:35:32.397 [main] DEBUG org.apache.http.wire -  << "HTTP/1.1 405 Method Not Allowed[\r][\n]"
15:35:32.397 [main] DEBUG org.apache.http.wire -  << "Allow: DELETE, GET, PUT[\r][\n]"
15:35:32.397 [main] DEBUG org.apache.http.wire -  << "Cache-Control: no-cache, no-store, max-age=0, must-revalidate[\r][\n]"
15:35:32.397 [main] DEBUG org.apache.http.wire -  << "Content-Type: application/json[\r][\n]"
15:35:32.397 [main] DEBUG org.apache.http.wire -  << "Date: Wed, 21 Jun 2023 13:35:31 GMT[\r][\n]"
15:35:32.397 [main] DEBUG org.apache.http.wire -  << "Expires: 0[\r][\n]"
15:35:32.397 [main] DEBUG org.apache.http.wire -  << "Pragma: no-cache[\r][\n]"
15:35:32.397 [main] DEBUG org.apache.http.wire -  << "X-Content-Type-Options: nosniff[\r][\n]"
15:35:32.397 [main] DEBUG org.apache.http.wire -  << "X-Frame-Options: DENY[\r][\n]"
15:35:32.397 [main] DEBUG org.apache.http.wire -  << "X-Xss-Protection: 1; mode=block[\r][\n]"
15:35:32.397 [main] DEBUG org.apache.http.wire -  << "Content-Length: 129[\r][\n]"
15:35:32.397 [main] DEBUG org.apache.http.wire -  << "[\r][\n]"
15:35:32.397 [main] DEBUG org.apache.http.impl.conn.DefaultClientConnection - Receiving response: HTTP/1.1 405 Method Not Allowed
15:35:32.397 [main] DEBUG org.apache.http.headers - << HTTP/1.1 405 Method Not Allowed
15:35:32.397 [main] DEBUG org.apache.http.headers - << Allow: DELETE, GET, PUT
15:35:32.397 [main] DEBUG org.apache.http.headers - << Cache-Control: no-cache, no-store, max-age=0, must-revalidate
15:35:32.397 [main] DEBUG org.apache.http.headers - << Content-Type: application/json
15:35:32.398 [main] DEBUG org.apache.http.headers - << Date: Wed, 21 Jun 2023 13:35:31 GMT
15:35:32.398 [main] DEBUG org.apache.http.headers - << Expires: 0
15:35:32.398 [main] DEBUG org.apache.http.headers - << Pragma: no-cache
15:35:32.398 [main] DEBUG org.apache.http.headers - << X-Content-Type-Options: nosniff
15:35:32.398 [main] DEBUG org.apache.http.headers - << X-Frame-Options: DENY
15:35:32.398 [main] DEBUG org.apache.http.headers - << X-Xss-Protection: 1; mode=block
15:35:32.398 [main] DEBUG org.apache.http.headers - << Content-Length: 129
15:35:32.398 [main] DEBUG org.apache.http.impl.client.DefaultHttpClient - Connection can be kept alive indefinitely
15:35:32.398 [main] DEBUG io.restassured.internal.RestAssuredHttpBuilder - Parsing response as: application/json
15:35:32.398 [main] DEBUG io.restassured.internal.RestAssuredHttpBuilder - Parsed data to instance of: class org.apache.http.conn.EofSensorInputStream
15:35:32.398 [main] DEBUG org.apache.http.wire -  << "{"timestamp":1687354532396,"status":405,"error":"Method Not Allowed","path":"/v1/AUTOMATIONTESTINGADVANCEDPROGRAM/dashboard/129"}"
15:35:32.398 [main] DEBUG org.apache.http.impl.conn.BasicClientConnectionManager - Releasing connection org.apache.http.impl.conn.ManagedClientConnectionImpl@29c244e
15:35:32.398 [main] DEBUG org.apache.http.impl.conn.BasicClientConnectionManager - Connection can be kept alive indefinitely
HTTP/1.1 405 Method Not Allowed
Allow: DELETE, GET, PUT
Cache-Control: no-cache, no-store, max-age=0, must-revalidate
Content-Type: application/json
Date: Wed, 21 Jun 2023 13:35:31 GMT
Expires: 0
Pragma: no-cache
X-Content-Type-Options: nosniff
X-Frame-Options: DENY
X-Xss-Protection: 1; mode=block
Content-Length: 129

{
    "timestamp": 1687354532396,
    "status": 405,
    "error": "Method Not Allowed",
    "path": "/v1/AUTOMATIONTESTINGADVANCEDPROGRAM/dashboard/129"
}
2023-06-21 15:35:32 INFO  Listeners:38 - Succeeded Test null
]]></system-out>
  </testcase>
  <testcase name="j_updateDashboardWithNull_PATCH" classname="alltests.apitest.DashboardControllerTest" time="0.058">
    <system-out><![CDATA[15:35:32.432 [rp-io-63] DEBUG com.epam.reportportal.service.Launch - Starting test item...rp-io-63
2023-06-21 15:35:32 INFO  Listeners:34 - Started Test null
2023-06-21 15:35:32 INFO  DashboardControllerTest:108 - j_updateDashboardWithNull_PATCH
Request method:	PATCH
Request URI:	http://localhost:8080/api/v1/AUTOMATIONTESTINGADVANCEDPROGRAM/dashboard/129
Proxy:			<none>
Request params:	<none>
Query params:	<none>
Form params:	<none>
Path params:	id=129
Headers:		Authorization=Bearer 8bb82a7d-a573-419e-9cce-c2419f308802
				Accept=*/*
				Content-Type=application/json
Cookies:		<none>
Multiparts:		<none>
Body:
{
    "name": "",
    "description": null,
    "shared": false
}
15:35:32.454 [rp-io-65] DEBUG com.epam.reportportal.service.Launch - ReportPortal item with ID '6fb5a912-5169-4761-bacb-515a806051bb' has been created
15:35:32.454 [rp-io-65] DEBUG com.epam.reportportal.utils.SubscriptionUtils - Start test item successfully completed
15:35:32.456 [rp-io-62] DEBUG com.epam.reportportal.service.Launch - TestItem with ID = '24658f75-cac0-4fc0-84e3-9a4fc2e0c7ce' successfully finished.
15:35:32.456 [rp-io-62] DEBUG com.epam.reportportal.utils.SubscriptionUtils - Finish test item completed
15:35:32.462 [main] DEBUG org.apache.http.impl.conn.BasicClientConnectionManager - Get connection for route {}->http://localhost:8080
15:35:32.462 [main] DEBUG org.apache.http.impl.conn.DefaultClientConnectionOperator - Connecting to localhost:8080
15:35:32.463 [main] DEBUG org.apache.http.client.protocol.RequestAddCookies - CookieSpec selected: ignoreCookies
15:35:32.463 [main] DEBUG org.apache.http.client.protocol.RequestAuthCache - Auth cache not set in the context
15:35:32.463 [main] DEBUG org.apache.http.client.protocol.RequestProxyAuthentication - Proxy auth state: UNCHALLENGED
15:35:32.463 [main] DEBUG org.apache.http.impl.client.DefaultHttpClient - Attempt 1 to execute request
15:35:32.463 [main] DEBUG org.apache.http.impl.conn.DefaultClientConnection - Sending request: PATCH /api/v1/AUTOMATIONTESTINGADVANCEDPROGRAM/dashboard/129 HTTP/1.1
15:35:32.463 [main] DEBUG org.apache.http.wire -  >> "PATCH /api/v1/AUTOMATIONTESTINGADVANCEDPROGRAM/dashboard/129 HTTP/1.1[\r][\n]"
15:35:32.463 [main] DEBUG org.apache.http.wire -  >> "Authorization: Bearer 8bb82a7d-a573-419e-9cce-c2419f308802[\r][\n]"
15:35:32.463 [main] DEBUG org.apache.http.wire -  >> "Accept: */*[\r][\n]"
15:35:32.464 [main] DEBUG org.apache.http.wire -  >> "Content-Type: application/json[\r][\n]"
15:35:32.464 [main] DEBUG org.apache.http.wire -  >> "Content-Length: 45[\r][\n]"
15:35:32.464 [main] DEBUG org.apache.http.wire -  >> "Host: localhost:8080[\r][\n]"
15:35:32.464 [main] DEBUG org.apache.http.wire -  >> "Connection: Keep-Alive[\r][\n]"
15:35:32.464 [main] DEBUG org.apache.http.wire -  >> "User-Agent: Apache-HttpClient/4.5.13 (Java/17.0.3.1)[\r][\n]"
15:35:32.464 [main] DEBUG org.apache.http.wire -  >> "Accept-Encoding: gzip,deflate[\r][\n]"
15:35:32.464 [main] DEBUG org.apache.http.wire -  >> "[\r][\n]"
15:35:32.464 [main] DEBUG org.apache.http.headers - >> PATCH /api/v1/AUTOMATIONTESTINGADVANCEDPROGRAM/dashboard/129 HTTP/1.1
15:35:32.464 [main] DEBUG org.apache.http.headers - >> Authorization: Bearer 8bb82a7d-a573-419e-9cce-c2419f308802
15:35:32.464 [main] DEBUG org.apache.http.headers - >> Accept: */*
15:35:32.464 [main] DEBUG org.apache.http.headers - >> Content-Type: application/json
15:35:32.464 [main] DEBUG org.apache.http.headers - >> Content-Length: 45
15:35:32.464 [main] DEBUG org.apache.http.headers - >> Host: localhost:8080
15:35:32.464 [main] DEBUG org.apache.http.headers - >> Connection: Keep-Alive
15:35:32.464 [main] DEBUG org.apache.http.headers - >> User-Agent: Apache-HttpClient/4.5.13 (Java/17.0.3.1)
15:35:32.464 [main] DEBUG org.apache.http.headers - >> Accept-Encoding: gzip,deflate
15:35:32.464 [main] DEBUG org.apache.http.wire -  >> "{"name":"","description":null,"shared":false}"
15:35:32.475 [main] DEBUG org.apache.http.wire -  << "HTTP/1.1 405 Method Not Allowed[\r][\n]"
15:35:32.475 [main] DEBUG org.apache.http.wire -  << "Allow: DELETE, GET, PUT[\r][\n]"
15:35:32.475 [main] DEBUG org.apache.http.wire -  << "Cache-Control: no-cache, no-store, max-age=0, must-revalidate[\r][\n]"
15:35:32.475 [main] DEBUG org.apache.http.wire -  << "Content-Type: application/json[\r][\n]"
15:35:32.475 [main] DEBUG org.apache.http.wire -  << "Date: Wed, 21 Jun 2023 13:35:31 GMT[\r][\n]"
15:35:32.475 [main] DEBUG org.apache.http.wire -  << "Expires: 0[\r][\n]"
15:35:32.475 [main] DEBUG org.apache.http.wire -  << "Pragma: no-cache[\r][\n]"
15:35:32.475 [main] DEBUG org.apache.http.wire -  << "X-Content-Type-Options: nosniff[\r][\n]"
15:35:32.475 [main] DEBUG org.apache.http.wire -  << "X-Frame-Options: DENY[\r][\n]"
15:35:32.475 [main] DEBUG org.apache.http.wire -  << "X-Xss-Protection: 1; mode=block[\r][\n]"
15:35:32.475 [main] DEBUG org.apache.http.wire -  << "Content-Length: 129[\r][\n]"
15:35:32.475 [main] DEBUG org.apache.http.wire -  << "[\r][\n]"
15:35:32.475 [main] DEBUG org.apache.http.impl.conn.DefaultClientConnection - Receiving response: HTTP/1.1 405 Method Not Allowed
15:35:32.475 [main] DEBUG org.apache.http.headers - << HTTP/1.1 405 Method Not Allowed
15:35:32.475 [main] DEBUG org.apache.http.headers - << Allow: DELETE, GET, PUT
15:35:32.475 [main] DEBUG org.apache.http.headers - << Cache-Control: no-cache, no-store, max-age=0, must-revalidate
15:35:32.475 [main] DEBUG org.apache.http.headers - << Content-Type: application/json
15:35:32.475 [main] DEBUG org.apache.http.headers - << Date: Wed, 21 Jun 2023 13:35:31 GMT
15:35:32.475 [main] DEBUG org.apache.http.headers - << Expires: 0
15:35:32.475 [main] DEBUG org.apache.http.headers - << Pragma: no-cache
15:35:32.475 [main] DEBUG org.apache.http.headers - << X-Content-Type-Options: nosniff
15:35:32.475 [main] DEBUG org.apache.http.headers - << X-Frame-Options: DENY
15:35:32.475 [main] DEBUG org.apache.http.headers - << X-Xss-Protection: 1; mode=block
15:35:32.475 [main] DEBUG org.apache.http.headers - << Content-Length: 129
15:35:32.475 [main] DEBUG org.apache.http.impl.client.DefaultHttpClient - Connection can be kept alive indefinitely
15:35:32.475 [main] DEBUG io.restassured.internal.RestAssuredHttpBuilder - Parsing response as: application/json
15:35:32.475 [main] DEBUG io.restassured.internal.RestAssuredHttpBuilder - Parsed data to instance of: class org.apache.http.conn.EofSensorInputStream
15:35:32.476 [main] DEBUG org.apache.http.wire -  << "{"timestamp":1687354532474,"status":405,"error":"Method Not Allowed","path":"/v1/AUTOMATIONTESTINGADVANCEDPROGRAM/dashboard/129"}"
15:35:32.477 [main] DEBUG org.apache.http.impl.conn.BasicClientConnectionManager - Releasing connection org.apache.http.impl.conn.ManagedClientConnectionImpl@d8e4250
15:35:32.477 [main] DEBUG org.apache.http.impl.conn.BasicClientConnectionManager - Connection can be kept alive indefinitely
HTTP/1.1 405 Method Not Allowed
Allow: DELETE, GET, PUT
Cache-Control: no-cache, no-store, max-age=0, must-revalidate
Content-Type: application/json
Date: Wed, 21 Jun 2023 13:35:31 GMT
Expires: 0
Pragma: no-cache
X-Content-Type-Options: nosniff
X-Frame-Options: DENY
X-Xss-Protection: 1; mode=block
Content-Length: 129

{
    "timestamp": 1687354532474,
    "status": 405,
    "error": "Method Not Allowed",
    "path": "/v1/AUTOMATIONTESTINGADVANCEDPROGRAM/dashboard/129"
}
2023-06-21 15:35:32 INFO  Listeners:38 - Succeeded Test null
]]></system-out>
  </testcase>
  <testcase name="k_deleteDashboardById_DELETE" classname="alltests.apitest.DashboardControllerTest" time="0.08">
    <system-out><![CDATA[15:35:32.511 [rp-io-69] DEBUG com.epam.reportportal.service.Launch - Starting test item...rp-io-69
2023-06-21 15:35:32 INFO  Listeners:34 - Started Test null
2023-06-21 15:35:32 INFO  DashboardControllerTest:117 - k_deleteDashboardById_DELETE
Request method:	DELETE
Request URI:	http://localhost:8080/api/v1/AUTOMATIONTESTINGADVANCEDPROGRAM/dashboard/129
Proxy:			<none>
Request params:	<none>
Query params:	<none>
Form params:	<none>
Path params:	id=129
Headers:		Authorization=Bearer 8bb82a7d-a573-419e-9cce-c2419f308802
				Accept=*/*
				Content-Type=application/json
Cookies:		<none>
Multiparts:		<none>
Body:			<none>
15:35:32.530 [rp-io-68] DEBUG com.epam.reportportal.service.Launch - TestItem with ID = '6fb5a912-5169-4761-bacb-515a806051bb' successfully finished.
15:35:32.530 [rp-io-68] DEBUG com.epam.reportportal.utils.SubscriptionUtils - Finish test item completed
15:35:32.533 [main] DEBUG org.apache.http.impl.conn.BasicClientConnectionManager - Get connection for route {}->http://localhost:8080
15:35:32.533 [main] DEBUG org.apache.http.impl.conn.DefaultClientConnectionOperator - Connecting to localhost:8080
15:35:32.534 [main] DEBUG org.apache.http.client.protocol.RequestAddCookies - CookieSpec selected: ignoreCookies
15:35:32.535 [main] DEBUG org.apache.http.client.protocol.RequestAuthCache - Auth cache not set in the context
15:35:32.535 [main] DEBUG org.apache.http.client.protocol.RequestProxyAuthentication - Proxy auth state: UNCHALLENGED
15:35:32.535 [main] DEBUG org.apache.http.impl.client.DefaultHttpClient - Attempt 1 to execute request
15:35:32.535 [main] DEBUG org.apache.http.impl.conn.DefaultClientConnection - Sending request: DELETE /api/v1/AUTOMATIONTESTINGADVANCEDPROGRAM/dashboard/129 HTTP/1.1
15:35:32.535 [main] DEBUG org.apache.http.wire -  >> "DELETE /api/v1/AUTOMATIONTESTINGADVANCEDPROGRAM/dashboard/129 HTTP/1.1[\r][\n]"
15:35:32.535 [rp-io-71] DEBUG com.epam.reportportal.service.Launch - ReportPortal item with ID '46fe1965-10dd-41f3-bfdf-38f1366b3001' has been created
15:35:32.535 [main] DEBUG org.apache.http.wire -  >> "Content-Type: application/json[\r][\n]"
15:35:32.535 [rp-io-71] DEBUG com.epam.reportportal.utils.SubscriptionUtils - Start test item successfully completed
15:35:32.535 [main] DEBUG org.apache.http.wire -  >> "Authorization: Bearer 8bb82a7d-a573-419e-9cce-c2419f308802[\r][\n]"
15:35:32.535 [main] DEBUG org.apache.http.wire -  >> "Accept: */*[\r][\n]"
15:35:32.535 [main] DEBUG org.apache.http.wire -  >> "Host: localhost:8080[\r][\n]"
15:35:32.535 [main] DEBUG org.apache.http.wire -  >> "Connection: Keep-Alive[\r][\n]"
15:35:32.535 [main] DEBUG org.apache.http.wire -  >> "User-Agent: Apache-HttpClient/4.5.13 (Java/17.0.3.1)[\r][\n]"
15:35:32.535 [main] DEBUG org.apache.http.wire -  >> "Accept-Encoding: gzip,deflate[\r][\n]"
15:35:32.535 [main] DEBUG org.apache.http.wire -  >> "[\r][\n]"
15:35:32.535 [main] DEBUG org.apache.http.headers - >> DELETE /api/v1/AUTOMATIONTESTINGADVANCEDPROGRAM/dashboard/129 HTTP/1.1
15:35:32.535 [main] DEBUG org.apache.http.headers - >> Content-Type: application/json
15:35:32.535 [main] DEBUG org.apache.http.headers - >> Authorization: Bearer 8bb82a7d-a573-419e-9cce-c2419f308802
15:35:32.535 [main] DEBUG org.apache.http.headers - >> Accept: */*
15:35:32.535 [main] DEBUG org.apache.http.headers - >> Host: localhost:8080
15:35:32.535 [main] DEBUG org.apache.http.headers - >> Connection: Keep-Alive
15:35:32.535 [main] DEBUG org.apache.http.headers - >> User-Agent: Apache-HttpClient/4.5.13 (Java/17.0.3.1)
15:35:32.535 [main] DEBUG org.apache.http.headers - >> Accept-Encoding: gzip,deflate
15:35:32.552 [main] DEBUG org.apache.http.wire -  << "HTTP/1.1 200 OK[\r][\n]"
15:35:32.552 [main] DEBUG org.apache.http.wire -  << "Cache-Control: no-cache, no-store, max-age=0, must-revalidate[\r][\n]"
15:35:32.552 [main] DEBUG org.apache.http.wire -  << "Content-Type: application/json[\r][\n]"
15:35:32.552 [main] DEBUG org.apache.http.wire -  << "Date: Wed, 21 Jun 2023 13:35:31 GMT[\r][\n]"
15:35:32.552 [main] DEBUG org.apache.http.wire -  << "Expires: 0[\r][\n]"
15:35:32.552 [main] DEBUG org.apache.http.wire -  << "Pragma: no-cache[\r][\n]"
15:35:32.552 [main] DEBUG org.apache.http.wire -  << "X-Content-Type-Options: nosniff[\r][\n]"
15:35:32.552 [main] DEBUG org.apache.http.wire -  << "X-Frame-Options: DENY[\r][\n]"
15:35:32.552 [main] DEBUG org.apache.http.wire -  << "X-Xss-Protection: 1; mode=block[\r][\n]"
15:35:32.552 [main] DEBUG org.apache.http.wire -  << "Content-Length: 61[\r][\n]"
15:35:32.552 [main] DEBUG org.apache.http.wire -  << "[\r][\n]"
15:35:32.552 [main] DEBUG org.apache.http.impl.conn.DefaultClientConnection - Receiving response: HTTP/1.1 200 OK
15:35:32.552 [main] DEBUG org.apache.http.headers - << HTTP/1.1 200 OK
15:35:32.552 [main] DEBUG org.apache.http.headers - << Cache-Control: no-cache, no-store, max-age=0, must-revalidate
15:35:32.552 [main] DEBUG org.apache.http.headers - << Content-Type: application/json
15:35:32.552 [main] DEBUG org.apache.http.headers - << Date: Wed, 21 Jun 2023 13:35:31 GMT
15:35:32.553 [main] DEBUG org.apache.http.headers - << Expires: 0
15:35:32.553 [main] DEBUG org.apache.http.headers - << Pragma: no-cache
15:35:32.553 [main] DEBUG org.apache.http.headers - << X-Content-Type-Options: nosniff
15:35:32.553 [main] DEBUG org.apache.http.headers - << X-Frame-Options: DENY
15:35:32.553 [main] DEBUG org.apache.http.headers - << X-Xss-Protection: 1; mode=block
15:35:32.553 [main] DEBUG org.apache.http.headers - << Content-Length: 61
15:35:32.553 [main] DEBUG org.apache.http.impl.client.DefaultHttpClient - Connection can be kept alive indefinitely
15:35:32.553 [main] DEBUG io.restassured.internal.RestAssuredHttpBuilder - Parsing response as: application/json
15:35:32.553 [main] DEBUG io.restassured.internal.RestAssuredHttpBuilder - Parsed data to instance of: class org.apache.http.conn.EofSensorInputStream
15:35:32.554 [main] DEBUG org.apache.http.wire -  << "{"message":"Dashboard with ID = '129' successfully deleted."}"
15:35:32.554 [main] DEBUG org.apache.http.impl.conn.BasicClientConnectionManager - Releasing connection org.apache.http.impl.conn.ManagedClientConnectionImpl@324e8baa
15:35:32.554 [main] DEBUG org.apache.http.impl.conn.BasicClientConnectionManager - Connection can be kept alive indefinitely
HTTP/1.1 200 OK
Cache-Control: no-cache, no-store, max-age=0, must-revalidate
Content-Type: application/json
Date: Wed, 21 Jun 2023 13:35:31 GMT
Expires: 0
Pragma: no-cache
X-Content-Type-Options: nosniff
X-Frame-Options: DENY
X-Xss-Protection: 1; mode=block
Content-Length: 61

{
    "message": "Dashboard with ID = '129' successfully deleted."
}
2023-06-21 15:35:32 INFO  Listeners:38 - Succeeded Test null
]]></system-out>
  </testcase>
  <testcase name="l_deleteDashboardByIdThatDoesNotExist_DELETE" classname="alltests.apitest.DashboardControllerTest" time="0.045">
    <system-out><![CDATA[15:35:32.575 [rp-io-75] DEBUG com.epam.reportportal.service.Launch - Starting test item...rp-io-75
2023-06-21 15:35:32 INFO  Listeners:34 - Started Test null
2023-06-21 15:35:32 INFO  DashboardControllerTest:125 - l_deleteDashboardByIdThatDoesNotExist_DELETE
Request method:	DELETE
Request URI:	http://localhost:8080/api/v1/AUTOMATIONTESTINGADVANCEDPROGRAM/dashboard/129
Proxy:			<none>
Request params:	<none>
Query params:	<none>
Form params:	<none>
Path params:	id=129
Headers:		Authorization=Bearer 8bb82a7d-a573-419e-9cce-c2419f308802
				Accept=*/*
				Content-Type=application/json
Cookies:		<none>
Multiparts:		<none>
Body:			<none>
15:35:32.593 [rp-io-74] DEBUG com.epam.reportportal.service.Launch - TestItem with ID = '46fe1965-10dd-41f3-bfdf-38f1366b3001' successfully finished.
15:35:32.593 [rp-io-74] DEBUG com.epam.reportportal.utils.SubscriptionUtils - Finish test item completed
15:35:32.595 [main] DEBUG org.apache.http.impl.conn.BasicClientConnectionManager - Get connection for route {}->http://localhost:8080
15:35:32.595 [main] DEBUG org.apache.http.impl.conn.DefaultClientConnectionOperator - Connecting to localhost:8080
15:35:32.596 [main] DEBUG org.apache.http.client.protocol.RequestAddCookies - CookieSpec selected: ignoreCookies
15:35:32.596 [main] DEBUG org.apache.http.client.protocol.RequestAuthCache - Auth cache not set in the context
15:35:32.596 [main] DEBUG org.apache.http.client.protocol.RequestProxyAuthentication - Proxy auth state: UNCHALLENGED
15:35:32.596 [main] DEBUG org.apache.http.impl.client.DefaultHttpClient - Attempt 1 to execute request
15:35:32.596 [main] DEBUG org.apache.http.impl.conn.DefaultClientConnection - Sending request: DELETE /api/v1/AUTOMATIONTESTINGADVANCEDPROGRAM/dashboard/129 HTTP/1.1
15:35:32.596 [main] DEBUG org.apache.http.wire -  >> "DELETE /api/v1/AUTOMATIONTESTINGADVANCEDPROGRAM/dashboard/129 HTTP/1.1[\r][\n]"
15:35:32.596 [main] DEBUG org.apache.http.wire -  >> "Content-Type: application/json[\r][\n]"
15:35:32.597 [main] DEBUG org.apache.http.wire -  >> "Authorization: Bearer 8bb82a7d-a573-419e-9cce-c2419f308802[\r][\n]"
15:35:32.597 [main] DEBUG org.apache.http.wire -  >> "Accept: */*[\r][\n]"
15:35:32.597 [main] DEBUG org.apache.http.wire -  >> "Host: localhost:8080[\r][\n]"
15:35:32.597 [main] DEBUG org.apache.http.wire -  >> "Connection: Keep-Alive[\r][\n]"
15:35:32.597 [main] DEBUG org.apache.http.wire -  >> "User-Agent: Apache-HttpClient/4.5.13 (Java/17.0.3.1)[\r][\n]"
15:35:32.597 [main] DEBUG org.apache.http.wire -  >> "Accept-Encoding: gzip,deflate[\r][\n]"
15:35:32.597 [main] DEBUG org.apache.http.wire -  >> "[\r][\n]"
15:35:32.597 [main] DEBUG org.apache.http.headers - >> DELETE /api/v1/AUTOMATIONTESTINGADVANCEDPROGRAM/dashboard/129 HTTP/1.1
15:35:32.597 [main] DEBUG org.apache.http.headers - >> Content-Type: application/json
15:35:32.597 [main] DEBUG org.apache.http.headers - >> Authorization: Bearer 8bb82a7d-a573-419e-9cce-c2419f308802
15:35:32.597 [main] DEBUG org.apache.http.headers - >> Accept: */*
15:35:32.597 [main] DEBUG org.apache.http.headers - >> Host: localhost:8080
15:35:32.597 [main] DEBUG org.apache.http.headers - >> Connection: Keep-Alive
15:35:32.597 [main] DEBUG org.apache.http.headers - >> User-Agent: Apache-HttpClient/4.5.13 (Java/17.0.3.1)
15:35:32.597 [main] DEBUG org.apache.http.headers - >> Accept-Encoding: gzip,deflate
15:35:32.601 [rp-io-77] DEBUG com.epam.reportportal.service.Launch - ReportPortal item with ID '98216410-6d4d-4914-bed8-d2d5c561ba4e' has been created
15:35:32.601 [rp-io-77] DEBUG com.epam.reportportal.utils.SubscriptionUtils - Start test item successfully completed
15:35:32.607 [main] DEBUG org.apache.http.wire -  << "HTTP/1.1 404 Not Found[\r][\n]"
15:35:32.607 [main] DEBUG org.apache.http.wire -  << "Cache-Control: no-cache, no-store, max-age=0, must-revalidate[\r][\n]"
15:35:32.607 [main] DEBUG org.apache.http.wire -  << "Content-Type: application/json[\r][\n]"
15:35:32.607 [main] DEBUG org.apache.http.wire -  << "Date: Wed, 21 Jun 2023 13:35:31 GMT[\r][\n]"
15:35:32.607 [main] DEBUG org.apache.http.wire -  << "Expires: 0[\r][\n]"
15:35:32.607 [main] DEBUG org.apache.http.wire -  << "Pragma: no-cache[\r][\n]"
15:35:32.607 [main] DEBUG org.apache.http.wire -  << "X-Content-Type-Options: nosniff[\r][\n]"
15:35:32.607 [main] DEBUG org.apache.http.wire -  << "X-Frame-Options: DENY[\r][\n]"
15:35:32.607 [main] DEBUG org.apache.http.wire -  << "X-Xss-Protection: 1; mode=block[\r][\n]"
15:35:32.607 [main] DEBUG org.apache.http.wire -  << "Content-Length: 146[\r][\n]"
15:35:32.607 [main] DEBUG org.apache.http.wire -  << "[\r][\n]"
15:35:32.607 [main] DEBUG org.apache.http.impl.conn.DefaultClientConnection - Receiving response: HTTP/1.1 404 Not Found
15:35:32.607 [main] DEBUG org.apache.http.headers - << HTTP/1.1 404 Not Found
15:35:32.607 [main] DEBUG org.apache.http.headers - << Cache-Control: no-cache, no-store, max-age=0, must-revalidate
15:35:32.607 [main] DEBUG org.apache.http.headers - << Content-Type: application/json
15:35:32.607 [main] DEBUG org.apache.http.headers - << Date: Wed, 21 Jun 2023 13:35:31 GMT
15:35:32.607 [main] DEBUG org.apache.http.headers - << Expires: 0
15:35:32.608 [main] DEBUG org.apache.http.headers - << Pragma: no-cache
15:35:32.608 [main] DEBUG org.apache.http.headers - << X-Content-Type-Options: nosniff
15:35:32.608 [main] DEBUG org.apache.http.headers - << X-Frame-Options: DENY
15:35:32.608 [main] DEBUG org.apache.http.headers - << X-Xss-Protection: 1; mode=block
15:35:32.608 [main] DEBUG org.apache.http.headers - << Content-Length: 146
15:35:32.608 [main] DEBUG org.apache.http.impl.client.DefaultHttpClient - Connection can be kept alive indefinitely
15:35:32.608 [main] DEBUG io.restassured.internal.RestAssuredHttpBuilder - Parsing response as: application/json
15:35:32.608 [main] DEBUG io.restassured.internal.RestAssuredHttpBuilder - Parsed data to instance of: class org.apache.http.conn.EofSensorInputStream
15:35:32.610 [main] DEBUG org.apache.http.wire -  << "{"errorCode":40422,"message":"Dashboard with ID '129' not found on project 'automationtestingadvancedprogram'. Did you use correct Dashboard ID?"}"
15:35:32.610 [main] DEBUG org.apache.http.impl.conn.BasicClientConnectionManager - Releasing connection org.apache.http.impl.conn.ManagedClientConnectionImpl@286a4c52
15:35:32.610 [main] DEBUG org.apache.http.impl.conn.BasicClientConnectionManager - Connection can be kept alive indefinitely
HTTP/1.1 404 Not Found
Cache-Control: no-cache, no-store, max-age=0, must-revalidate
Content-Type: application/json
Date: Wed, 21 Jun 2023 13:35:31 GMT
Expires: 0
Pragma: no-cache
X-Content-Type-Options: nosniff
X-Frame-Options: DENY
X-Xss-Protection: 1; mode=block
Content-Length: 146

{
    "errorCode": 40422,
    "message": "Dashboard with ID '129' not found on project 'automationtestingadvancedprogram'. Did you use correct Dashboard ID?"
}
2023-06-21 15:35:32 INFO  Listeners:38 - Succeeded Test null
]]></system-out>
  </testcase>
  <testcase name="m_updateNonExistedDashboard_PUT" classname="alltests.apitest.DashboardControllerTest" time="0.081">
    <system-out><![CDATA[15:35:32.640 [rp-io-81] DEBUG com.epam.reportportal.service.Launch - Starting test item...rp-io-81
2023-06-21 15:35:32 INFO  Listeners:34 - Started Test null
2023-06-21 15:35:32 INFO  DashboardControllerTest:134 - m_updateNonExistedDashboard_PUT
Request method:	PUT
Request URI:	http://localhost:8080/api/v1/AUTOMATIONTESTINGADVANCEDPROGRAM/dashboard/129
Proxy:			<none>
Request params:	<none>
Query params:	<none>
Form params:	<none>
Path params:	id=129
Headers:		Authorization=Bearer 8bb82a7d-a573-419e-9cce-c2419f308802
				Accept=*/*
				Content-Type=application/json
Cookies:		<none>
Multiparts:		<none>
Body:
{
    "name": "Dashboard12",
    "description": "Dashboard11 description updated to 12",
    "shared": true
}
15:35:32.658 [rp-io-80] DEBUG com.epam.reportportal.service.Launch - TestItem with ID = '98216410-6d4d-4914-bed8-d2d5c561ba4e' successfully finished.
15:35:32.658 [rp-io-80] DEBUG com.epam.reportportal.utils.SubscriptionUtils - Finish test item completed
15:35:32.662 [rp-io-83] DEBUG com.epam.reportportal.service.Launch - ReportPortal item with ID '9621e86c-8c24-476a-b07f-2b008f128d06' has been created
15:35:32.662 [rp-io-83] DEBUG com.epam.reportportal.utils.SubscriptionUtils - Start test item successfully completed
15:35:32.665 [main] DEBUG org.apache.http.impl.conn.BasicClientConnectionManager - Get connection for route {}->http://localhost:8080
15:35:32.665 [main] DEBUG org.apache.http.impl.conn.DefaultClientConnectionOperator - Connecting to localhost:8080
15:35:32.666 [main] DEBUG org.apache.http.client.protocol.RequestAddCookies - CookieSpec selected: ignoreCookies
15:35:32.666 [main] DEBUG org.apache.http.client.protocol.RequestAuthCache - Auth cache not set in the context
15:35:32.666 [main] DEBUG org.apache.http.client.protocol.RequestProxyAuthentication - Proxy auth state: UNCHALLENGED
15:35:32.666 [main] DEBUG org.apache.http.impl.client.DefaultHttpClient - Attempt 1 to execute request
15:35:32.666 [main] DEBUG org.apache.http.impl.conn.DefaultClientConnection - Sending request: PUT /api/v1/AUTOMATIONTESTINGADVANCEDPROGRAM/dashboard/129 HTTP/1.1
15:35:32.666 [main] DEBUG org.apache.http.wire -  >> "PUT /api/v1/AUTOMATIONTESTINGADVANCEDPROGRAM/dashboard/129 HTTP/1.1[\r][\n]"
15:35:32.667 [main] DEBUG org.apache.http.wire -  >> "Authorization: Bearer 8bb82a7d-a573-419e-9cce-c2419f308802[\r][\n]"
15:35:32.667 [main] DEBUG org.apache.http.wire -  >> "Accept: */*[\r][\n]"
15:35:32.667 [main] DEBUG org.apache.http.wire -  >> "Content-Type: application/json[\r][\n]"
15:35:32.667 [main] DEBUG org.apache.http.wire -  >> "Content-Length: 90[\r][\n]"
15:35:32.667 [main] DEBUG org.apache.http.wire -  >> "Host: localhost:8080[\r][\n]"
15:35:32.667 [main] DEBUG org.apache.http.wire -  >> "Connection: Keep-Alive[\r][\n]"
15:35:32.667 [main] DEBUG org.apache.http.wire -  >> "User-Agent: Apache-HttpClient/4.5.13 (Java/17.0.3.1)[\r][\n]"
15:35:32.667 [main] DEBUG org.apache.http.wire -  >> "Accept-Encoding: gzip,deflate[\r][\n]"
15:35:32.667 [main] DEBUG org.apache.http.wire -  >> "[\r][\n]"
15:35:32.667 [main] DEBUG org.apache.http.headers - >> PUT /api/v1/AUTOMATIONTESTINGADVANCEDPROGRAM/dashboard/129 HTTP/1.1
15:35:32.667 [main] DEBUG org.apache.http.headers - >> Authorization: Bearer 8bb82a7d-a573-419e-9cce-c2419f308802
15:35:32.667 [main] DEBUG org.apache.http.headers - >> Accept: */*
15:35:32.667 [main] DEBUG org.apache.http.headers - >> Content-Type: application/json
15:35:32.667 [main] DEBUG org.apache.http.headers - >> Content-Length: 90
15:35:32.667 [main] DEBUG org.apache.http.headers - >> Host: localhost:8080
15:35:32.667 [main] DEBUG org.apache.http.headers - >> Connection: Keep-Alive
15:35:32.667 [main] DEBUG org.apache.http.headers - >> User-Agent: Apache-HttpClient/4.5.13 (Java/17.0.3.1)
15:35:32.667 [main] DEBUG org.apache.http.headers - >> Accept-Encoding: gzip,deflate
15:35:32.667 [main] DEBUG org.apache.http.wire -  >> "{"name":"Dashboard12","description":"Dashboard11 description updated to 12","shared":true}"
15:35:32.675 [main] DEBUG org.apache.http.wire -  << "HTTP/1.1 404 Not Found[\r][\n]"
15:35:32.676 [main] DEBUG org.apache.http.wire -  << "Cache-Control: no-cache, no-store, max-age=0, must-revalidate[\r][\n]"
15:35:32.676 [main] DEBUG org.apache.http.wire -  << "Content-Type: application/json[\r][\n]"
15:35:32.676 [main] DEBUG org.apache.http.wire -  << "Date: Wed, 21 Jun 2023 13:35:31 GMT[\r][\n]"
15:35:32.676 [main] DEBUG org.apache.http.wire -  << "Expires: 0[\r][\n]"
15:35:32.676 [main] DEBUG org.apache.http.wire -  << "Pragma: no-cache[\r][\n]"
15:35:32.676 [main] DEBUG org.apache.http.wire -  << "X-Content-Type-Options: nosniff[\r][\n]"
15:35:32.676 [main] DEBUG org.apache.http.wire -  << "X-Frame-Options: DENY[\r][\n]"
15:35:32.676 [main] DEBUG org.apache.http.wire -  << "X-Xss-Protection: 1; mode=block[\r][\n]"
15:35:32.676 [main] DEBUG org.apache.http.wire -  << "Content-Length: 146[\r][\n]"
15:35:32.676 [main] DEBUG org.apache.http.wire -  << "[\r][\n]"
15:35:32.676 [main] DEBUG org.apache.http.impl.conn.DefaultClientConnection - Receiving response: HTTP/1.1 404 Not Found
15:35:32.676 [main] DEBUG org.apache.http.headers - << HTTP/1.1 404 Not Found
15:35:32.676 [main] DEBUG org.apache.http.headers - << Cache-Control: no-cache, no-store, max-age=0, must-revalidate
15:35:32.676 [main] DEBUG org.apache.http.headers - << Content-Type: application/json
15:35:32.676 [main] DEBUG org.apache.http.headers - << Date: Wed, 21 Jun 2023 13:35:31 GMT
15:35:32.676 [main] DEBUG org.apache.http.headers - << Expires: 0
15:35:32.676 [main] DEBUG org.apache.http.headers - << Pragma: no-cache
15:35:32.676 [main] DEBUG org.apache.http.headers - << X-Content-Type-Options: nosniff
15:35:32.676 [main] DEBUG org.apache.http.headers - << X-Frame-Options: DENY
15:35:32.676 [main] DEBUG org.apache.http.headers - << X-Xss-Protection: 1; mode=block
15:35:32.676 [main] DEBUG org.apache.http.headers - << Content-Length: 146
15:35:32.676 [main] DEBUG org.apache.http.impl.client.DefaultHttpClient - Connection can be kept alive indefinitely
15:35:32.676 [main] DEBUG io.restassured.internal.RestAssuredHttpBuilder - Parsing response as: application/json
15:35:32.677 [main] DEBUG io.restassured.internal.RestAssuredHttpBuilder - Parsed data to instance of: class org.apache.http.conn.EofSensorInputStream
15:35:32.677 [main] DEBUG org.apache.http.wire -  << "{"errorCode":40422,"message":"Dashboard with ID '129' not found on project 'automationtestingadvancedprogram'. Did you use correct Dashboard ID?"}"
15:35:32.677 [main] DEBUG org.apache.http.impl.conn.BasicClientConnectionManager - Releasing connection org.apache.http.impl.conn.ManagedClientConnectionImpl@2e159116
15:35:32.677 [main] DEBUG org.apache.http.impl.conn.BasicClientConnectionManager - Connection can be kept alive indefinitely
HTTP/1.1 404 Not Found
Cache-Control: no-cache, no-store, max-age=0, must-revalidate
Content-Type: application/json
Date: Wed, 21 Jun 2023 13:35:31 GMT
Expires: 0
Pragma: no-cache
X-Content-Type-Options: nosniff
X-Frame-Options: DENY
X-Xss-Protection: 1; mode=block
Content-Length: 146

{
    "errorCode": 40422,
    "message": "Dashboard with ID '129' not found on project 'automationtestingadvancedprogram'. Did you use correct Dashboard ID?"
}
15:35:32.701 [Finalizer] DEBUG org.apache.http.impl.conn.DefaultClientConnection - Connection 0.0.0.0:52451<->127.0.0.1:8080 closed
15:35:32.701 [Finalizer] DEBUG org.apache.http.impl.conn.DefaultClientConnection - Connection 0.0.0.0:52450<->127.0.0.1:8080 closed
15:35:32.702 [Finalizer] DEBUG org.apache.http.impl.conn.DefaultClientConnection - Connection 0.0.0.0:52449<->127.0.0.1:8080 closed
15:35:32.702 [Finalizer] DEBUG org.apache.http.impl.conn.DefaultClientConnection - Connection 0.0.0.0:52448<->127.0.0.1:8080 closed
15:35:32.703 [Finalizer] DEBUG org.apache.http.impl.conn.DefaultClientConnection - Connection 0.0.0.0:52447<->127.0.0.1:8080 closed
15:35:32.703 [Finalizer] DEBUG org.apache.http.impl.conn.DefaultClientConnection - Connection 0.0.0.0:52454<->127.0.0.1:8080 closed
15:35:32.704 [Finalizer] DEBUG org.apache.http.impl.conn.DefaultClientConnection - Connection 0.0.0.0:52453<->127.0.0.1:8080 closed
15:35:32.704 [Finalizer] DEBUG org.apache.http.impl.conn.DefaultClientConnection - Connection 0.0.0.0:52452<->127.0.0.1:8080 closed
2023-06-21 15:35:32 INFO  Listeners:38 - Succeeded Test null
]]></system-out>
  </testcase>
  <testcase name="m_updateNullDashboard_PUT" classname="alltests.apitest.DashboardControllerTest" time="0.07">
    <system-out><![CDATA[15:35:32.731 [rp-io-87] DEBUG com.epam.reportportal.service.Launch - Starting test item...rp-io-87
2023-06-21 15:35:32 INFO  Listeners:34 - Started Test null
2023-06-21 15:35:32 INFO  DashboardControllerTest:144 - m_updateNullDashboard_PUT
Request method:	PUT
Request URI:	http://localhost:8080/api/v1/AUTOMATIONTESTINGADVANCEDPROGRAM/dashboard/69
Proxy:			<none>
Request params:	<none>
Query params:	<none>
Form params:	<none>
Path params:	id=69
Headers:		Authorization=Bearer 8bb82a7d-a573-419e-9cce-c2419f308802
				Accept=*/*
				Content-Type=application/json
Cookies:		<none>
Multiparts:		<none>
Body:
{
    "name": "",
    "description": "",
    "shared": true
}
15:35:32.748 [main] DEBUG org.apache.http.impl.conn.BasicClientConnectionManager - Get connection for route {}->http://localhost:8080
15:35:32.748 [main] DEBUG org.apache.http.impl.conn.DefaultClientConnectionOperator - Connecting to localhost:8080
15:35:32.749 [rp-io-86] DEBUG com.epam.reportportal.service.Launch - TestItem with ID = '9621e86c-8c24-476a-b07f-2b008f128d06' successfully finished.
15:35:32.749 [rp-io-86] DEBUG com.epam.reportportal.utils.SubscriptionUtils - Finish test item completed
15:35:32.749 [main] DEBUG org.apache.http.client.protocol.RequestAddCookies - CookieSpec selected: ignoreCookies
15:35:32.749 [main] DEBUG org.apache.http.client.protocol.RequestAuthCache - Auth cache not set in the context
15:35:32.749 [main] DEBUG org.apache.http.client.protocol.RequestProxyAuthentication - Proxy auth state: UNCHALLENGED
15:35:32.749 [main] DEBUG org.apache.http.impl.client.DefaultHttpClient - Attempt 1 to execute request
15:35:32.750 [main] DEBUG org.apache.http.impl.conn.DefaultClientConnection - Sending request: PUT /api/v1/AUTOMATIONTESTINGADVANCEDPROGRAM/dashboard/69 HTTP/1.1
15:35:32.750 [main] DEBUG org.apache.http.wire -  >> "PUT /api/v1/AUTOMATIONTESTINGADVANCEDPROGRAM/dashboard/69 HTTP/1.1[\r][\n]"
15:35:32.750 [main] DEBUG org.apache.http.wire -  >> "Authorization: Bearer 8bb82a7d-a573-419e-9cce-c2419f308802[\r][\n]"
15:35:32.750 [main] DEBUG org.apache.http.wire -  >> "Accept: */*[\r][\n]"
15:35:32.750 [main] DEBUG org.apache.http.wire -  >> "Content-Type: application/json[\r][\n]"
15:35:32.750 [main] DEBUG org.apache.http.wire -  >> "Content-Length: 42[\r][\n]"
15:35:32.750 [main] DEBUG org.apache.http.wire -  >> "Host: localhost:8080[\r][\n]"
15:35:32.750 [main] DEBUG org.apache.http.wire -  >> "Connection: Keep-Alive[\r][\n]"
15:35:32.750 [main] DEBUG org.apache.http.wire -  >> "User-Agent: Apache-HttpClient/4.5.13 (Java/17.0.3.1)[\r][\n]"
15:35:32.751 [main] DEBUG org.apache.http.wire -  >> "Accept-Encoding: gzip,deflate[\r][\n]"
15:35:32.751 [main] DEBUG org.apache.http.wire -  >> "[\r][\n]"
15:35:32.751 [main] DEBUG org.apache.http.headers - >> PUT /api/v1/AUTOMATIONTESTINGADVANCEDPROGRAM/dashboard/69 HTTP/1.1
15:35:32.751 [main] DEBUG org.apache.http.headers - >> Authorization: Bearer 8bb82a7d-a573-419e-9cce-c2419f308802
15:35:32.751 [main] DEBUG org.apache.http.headers - >> Accept: */*
15:35:32.751 [main] DEBUG org.apache.http.headers - >> Content-Type: application/json
15:35:32.751 [main] DEBUG org.apache.http.headers - >> Content-Length: 42
15:35:32.751 [main] DEBUG org.apache.http.headers - >> Host: localhost:8080
15:35:32.751 [main] DEBUG org.apache.http.headers - >> Connection: Keep-Alive
15:35:32.751 [main] DEBUG org.apache.http.headers - >> User-Agent: Apache-HttpClient/4.5.13 (Java/17.0.3.1)
15:35:32.751 [main] DEBUG org.apache.http.headers - >> Accept-Encoding: gzip,deflate
15:35:32.751 [main] DEBUG org.apache.http.wire -  >> "{"name":"","description":"","shared":true}"
15:35:32.757 [rp-io-89] DEBUG com.epam.reportportal.service.Launch - ReportPortal item with ID '24fceade-e8c5-4775-b3ca-99a1e0893f05' has been created
15:35:32.757 [rp-io-89] DEBUG com.epam.reportportal.utils.SubscriptionUtils - Start test item successfully completed
15:35:32.761 [main] DEBUG org.apache.http.wire -  << "HTTP/1.1 400 Bad Request[\r][\n]"
15:35:32.761 [main] DEBUG org.apache.http.wire -  << "Cache-Control: no-cache, no-store, max-age=0, must-revalidate[\r][\n]"
15:35:32.761 [main] DEBUG org.apache.http.wire -  << "Content-Type: application/json[\r][\n]"
15:35:32.761 [main] DEBUG org.apache.http.wire -  << "Date: Wed, 21 Jun 2023 13:35:31 GMT[\r][\n]"
15:35:32.761 [main] DEBUG org.apache.http.wire -  << "Expires: 0[\r][\n]"
15:35:32.761 [main] DEBUG org.apache.http.wire -  << "Pragma: no-cache[\r][\n]"
15:35:32.761 [main] DEBUG org.apache.http.wire -  << "X-Content-Type-Options: nosniff[\r][\n]"
15:35:32.761 [main] DEBUG org.apache.http.wire -  << "X-Frame-Options: DENY[\r][\n]"
15:35:32.761 [main] DEBUG org.apache.http.wire -  << "X-Xss-Protection: 1; mode=block[\r][\n]"
15:35:32.761 [main] DEBUG org.apache.http.wire -  << "Content-Length: 175[\r][\n]"
15:35:32.761 [main] DEBUG org.apache.http.wire -  << "[\r][\n]"
15:35:32.761 [main] DEBUG org.apache.http.impl.conn.DefaultClientConnection - Receiving response: HTTP/1.1 400 Bad Request
15:35:32.761 [main] DEBUG org.apache.http.headers - << HTTP/1.1 400 Bad Request
15:35:32.761 [main] DEBUG org.apache.http.headers - << Cache-Control: no-cache, no-store, max-age=0, must-revalidate
15:35:32.761 [main] DEBUG org.apache.http.headers - << Content-Type: application/json
15:35:32.761 [main] DEBUG org.apache.http.headers - << Date: Wed, 21 Jun 2023 13:35:31 GMT
15:35:32.761 [main] DEBUG org.apache.http.headers - << Expires: 0
15:35:32.761 [main] DEBUG org.apache.http.headers - << Pragma: no-cache
15:35:32.761 [main] DEBUG org.apache.http.headers - << X-Content-Type-Options: nosniff
15:35:32.761 [main] DEBUG org.apache.http.headers - << X-Frame-Options: DENY
15:35:32.761 [main] DEBUG org.apache.http.headers - << X-Xss-Protection: 1; mode=block
15:35:32.761 [main] DEBUG org.apache.http.headers - << Content-Length: 175
15:35:32.761 [main] DEBUG org.apache.http.impl.client.DefaultHttpClient - Connection can be kept alive indefinitely
15:35:32.761 [main] DEBUG io.restassured.internal.RestAssuredHttpBuilder - Parsing response as: application/json
15:35:32.761 [main] DEBUG io.restassured.internal.RestAssuredHttpBuilder - Parsed data to instance of: class org.apache.http.conn.EofSensorInputStream
15:35:32.762 [main] DEBUG org.apache.http.wire -  << "{"errorCode":4001,"message":"Incorrect Request. [Field 'name' should not contain only white spaces and shouldn't be empty. Field 'name' should have size from '3' to '128'.] "}"
15:35:32.762 [main] DEBUG org.apache.http.impl.conn.BasicClientConnectionManager - Releasing connection org.apache.http.impl.conn.ManagedClientConnectionImpl@7856f41a
15:35:32.762 [main] DEBUG org.apache.http.impl.conn.BasicClientConnectionManager - Connection can be kept alive indefinitely
HTTP/1.1 400 Bad Request
Cache-Control: no-cache, no-store, max-age=0, must-revalidate
Content-Type: application/json
Date: Wed, 21 Jun 2023 13:35:31 GMT
Expires: 0
Pragma: no-cache
X-Content-Type-Options: nosniff
X-Frame-Options: DENY
X-Xss-Protection: 1; mode=block
Content-Length: 175

{
    "errorCode": 4001,
    "message": "Incorrect Request. [Field 'name' should not contain only white spaces and shouldn't be empty. Field 'name' should have size from '3' to '128'.] "
}
2023-06-21 15:35:32 INFO  Listeners:38 - Succeeded Test null
]]></system-out>
  </testcase>
  <testcase name="searchDashboardNameDP[LAUNCH STATISTICS AREA](1)" classname="alltests.uitest.coreTest.DashboardPageTest" time="1.025">
    <system-out><![CDATA[2023-06-21 15:35:32 INFO  Listeners:62 - Finished Dashboard API Controller Tests
2023-06-21 15:35:32 INFO  Listeners:58 - Started All UI Test
15:35:32.800 [rp-io-92] DEBUG com.epam.reportportal.service.Launch - TestItem with ID = '24fceade-e8c5-4775-b3ca-99a1e0893f05' successfully finished.
15:35:32.801 [rp-io-92] DEBUG com.epam.reportportal.utils.SubscriptionUtils - Finish test item completed
15:35:32.811 [rp-io-99] DEBUG com.epam.reportportal.service.Launch - ReportPortal item with ID 'dd0918ad-b6bf-4c3c-b913-b70a9d4b67b0' has been created
15:35:32.811 [rp-io-99] DEBUG com.epam.reportportal.utils.SubscriptionUtils - Start test item successfully completed
15:35:32.812 [rp-io-99] DEBUG com.epam.reportportal.service.Launch - Starting test item...rp-io-99
15:35:32.818 [rp-io-1] DEBUG com.epam.reportportal.service.Launch - TestItem with ID = 'a529b4d2-ca39-4e2a-9db8-4d4bfb4bd072' successfully finished.
15:35:32.818 [rp-io-1] DEBUG com.epam.reportportal.utils.SubscriptionUtils - Finish test item completed
15:35:32.833 [rp-io-99] DEBUG com.epam.reportportal.service.Launch - ReportPortal item with ID 'b771f278-3e7d-4cde-9ac3-f005ac87af2b' has been created
15:35:32.833 [rp-io-99] DEBUG com.epam.reportportal.utils.SubscriptionUtils - Start test item successfully completed
15:35:32.833 [rp-io-99] DEBUG com.epam.reportportal.service.Launch - Starting test item...rp-io-99
15:35:32.839 [rp-io-7] DEBUG com.epam.reportportal.service.Launch - TestItem with ID = 'c19676bd-ddfa-4703-9454-15eeaf75d0c1' successfully finished.
15:35:32.839 [rp-io-7] DEBUG com.epam.reportportal.utils.SubscriptionUtils - Finish test item completed
15:35:32.851 [rp-io-99] DEBUG com.epam.reportportal.service.Launch - ReportPortal item with ID 'c4f37947-503c-4379-ab84-ab8a5b64b29b' has been created
15:35:32.851 [rp-io-99] DEBUG com.epam.reportportal.utils.SubscriptionUtils - Start test item successfully completed
15:35:32.916 [rp-io-11] DEBUG com.epam.reportportal.service.Launch - Starting test item...rp-io-11
2023-06-21 15:35:32 INFO  BaseTest:116 - Property files loaded successfully**********
15:35:32.920 [rp-io-10] DEBUG com.epam.reportportal.service.Launch - TestItem with ID = 'c4f37947-503c-4379-ab84-ab8a5b64b29b' successfully finished.
15:35:32.921 [rp-io-10] DEBUG com.epam.reportportal.utils.SubscriptionUtils - Finish test item completed
15:35:32.938 [rp-io-15] DEBUG com.epam.reportportal.service.Launch - ReportPortal item with ID '74c3863a-3cc9-48ef-b1b6-89de141a2e3a' has been created
15:35:32.938 [rp-io-15] DEBUG com.epam.reportportal.utils.SubscriptionUtils - Start test item successfully completed
15:35:33.245 [main] DEBUG io.github.bonigarcia.wdm.cache.ResolutionCache - Resolution chrome=114 in cache (valid until 16:09:26 21/06/2023 CEST)
15:35:33.245 [main] DEBUG io.github.bonigarcia.wdm.cache.ResolutionCache - Resolution chrome114=114.0.5735.90 in cache (valid until 09:55:46 22/06/2023 CEST)
15:35:33.247 [main] INFO io.github.bonigarcia.wdm.WebDriverManager - Using chromedriver 114.0.5735.90 (resolved driver for Chrome 114)
15:35:33.280 [main] DEBUG io.github.bonigarcia.wdm.WebDriverManager - Driver chromedriver 114.0.5735.90 found in cache
15:35:33.281 [main] INFO io.github.bonigarcia.wdm.WebDriverManager - Exporting webdriver.chrome.driver as C:\Users\Suwarna_Wagh\.cache\selenium\chromedriver\win32\114.0.5735.90\chromedriver.exe
15:35:33.417 [main] DEBUG io.netty.util.internal.logging.InternalLoggerFactory - Using SLF4J as the default logging framework
15:35:33.420 [main] DEBUG io.netty.util.ResourceLeakDetector - -Dio.netty.leakDetection.level: simple
15:35:33.421 [main] DEBUG io.netty.util.ResourceLeakDetector - -Dio.netty.leakDetection.targetRecords: 4
15:35:33.426 [main] DEBUG io.netty.util.ResourceLeakDetectorFactory - Loaded default ResourceLeakDetector: io.netty.util.ResourceLeakDetector@1c8e2850
15:35:33.456 [main] DEBUG io.netty.util.internal.PlatformDependent0 - -Dio.netty.noUnsafe: false
15:35:33.456 [main] DEBUG io.netty.util.internal.PlatformDependent0 - Java version: 17
15:35:33.457 [main] DEBUG io.netty.util.internal.PlatformDependent0 - sun.misc.Unsafe.theUnsafe: available
15:35:33.459 [main] DEBUG io.netty.util.internal.PlatformDependent0 - sun.misc.Unsafe.copyMemory: available
15:35:33.460 [main] DEBUG io.netty.util.internal.PlatformDependent0 - sun.misc.Unsafe.storeFence: available
15:35:33.461 [main] DEBUG io.netty.util.internal.PlatformDependent0 - java.nio.Buffer.address: available
15:35:33.463 [main] DEBUG io.netty.util.internal.PlatformDependent0 - direct buffer constructor: unavailable: Reflective setAccessible(true) disabled
15:35:33.466 [main] DEBUG io.netty.util.internal.PlatformDependent0 - java.nio.Bits.unaligned: available, true
15:35:33.469 [main] DEBUG io.netty.util.internal.PlatformDependent0 - jdk.internal.misc.Unsafe.allocateUninitializedArray(int): unavailable: class io.netty.util.internal.PlatformDependent0$7 cannot access class jdk.internal.misc.Unsafe (in module java.base) because module java.base does not export jdk.internal.misc to unnamed module @2141a12
15:35:33.471 [main] DEBUG io.netty.util.internal.PlatformDependent0 - java.nio.DirectByteBuffer.<init>(long, int): unavailable
15:35:33.471 [main] DEBUG io.netty.util.internal.PlatformDependent - sun.misc.Unsafe: available
15:35:33.472 [main] DEBUG io.netty.util.internal.PlatformDependent - maxDirectMemory: 8459911168 bytes (maybe)
15:35:33.472 [main] DEBUG io.netty.util.internal.PlatformDependent - -Dio.netty.tmpdir: C:\Users\SUWARN~1\AppData\Local\Temp (java.io.tmpdir)
15:35:33.472 [main] DEBUG io.netty.util.internal.PlatformDependent - -Dio.netty.bitMode: 64 (sun.arch.data.model)
15:35:33.473 [main] DEBUG io.netty.util.internal.PlatformDependent - Platform: Windows
15:35:33.474 [main] DEBUG io.netty.util.internal.PlatformDependent - -Dio.netty.maxDirectMemory: -1 bytes
15:35:33.474 [main] DEBUG io.netty.util.internal.PlatformDependent - -Dio.netty.uninitializedArrayAllocationThreshold: -1
15:35:33.477 [main] DEBUG io.netty.util.internal.CleanerJava9 - java.nio.ByteBuffer.cleaner(): available
15:35:33.477 [main] DEBUG io.netty.util.internal.PlatformDependent - -Dio.netty.noPreferDirect: false
15:35:33.488 [main] DEBUG io.netty.util.internal.PlatformDependent - org.jctools-core.MpscChunkedArrayQueue: available
15:35:33.518 [main] DEBUG io.netty.util.internal.InternalThreadLocalMap - -Dio.netty.threadLocalMap.stringBuilder.initialSize: 1024
15:35:33.518 [main] DEBUG io.netty.util.internal.InternalThreadLocalMap - -Dio.netty.threadLocalMap.stringBuilder.maxSize: 4096
15:35:33.533 [main] DEBUG io.netty.handler.ssl.JdkSslContext - Default protocols (JDK): [TLSv1.3, TLSv1.2] 
15:35:33.533 [main] DEBUG io.netty.handler.ssl.JdkSslContext - Default cipher suites (JDK): [TLS_ECDHE_ECDSA_WITH_AES_256_GCM_SHA384, TLS_ECDHE_ECDSA_WITH_AES_128_GCM_SHA256, TLS_ECDHE_RSA_WITH_AES_128_GCM_SHA256, TLS_ECDHE_RSA_WITH_AES_256_GCM_SHA384, TLS_ECDHE_RSA_WITH_AES_128_CBC_SHA, TLS_ECDHE_RSA_WITH_AES_256_CBC_SHA, TLS_RSA_WITH_AES_128_GCM_SHA256, TLS_RSA_WITH_AES_128_CBC_SHA, TLS_RSA_WITH_AES_256_CBC_SHA, TLS_AES_128_GCM_SHA256, TLS_AES_256_GCM_SHA384]
15:35:33.555 [main] DEBUG io.netty.util.concurrent.GlobalEventExecutor - -Dio.netty.globalEventExecutor.quietPeriodSeconds: 1
15:35:33.579 [main] DEBUG io.netty.channel.MultithreadEventLoopGroup - -Dio.netty.eventLoopThreads: 16
15:35:33.609 [main] DEBUG io.netty.channel.nio.NioEventLoop - -Dio.netty.noKeySetOptimization: false
15:35:33.609 [main] DEBUG io.netty.channel.nio.NioEventLoop - -Dio.netty.selectorAutoRebuildThreshold: 512
15:35:33.682 [main] DEBUG io.netty.buffer.PooledByteBufAllocator - -Dio.netty.allocator.numHeapArenas: 16
15:35:33.682 [main] DEBUG io.netty.buffer.PooledByteBufAllocator - -Dio.netty.allocator.numDirectArenas: 16
15:35:33.682 [main] DEBUG io.netty.buffer.PooledByteBufAllocator - -Dio.netty.allocator.pageSize: 8192
15:35:33.682 [main] DEBUG io.netty.buffer.PooledByteBufAllocator - -Dio.netty.allocator.maxOrder: 9
15:35:33.682 [main] DEBUG io.netty.buffer.PooledByteBufAllocator - -Dio.netty.allocator.chunkSize: 4194304
15:35:33.682 [main] DEBUG io.netty.buffer.PooledByteBufAllocator - -Dio.netty.allocator.smallCacheSize: 256
15:35:33.682 [main] DEBUG io.netty.buffer.PooledByteBufAllocator - -Dio.netty.allocator.normalCacheSize: 64
15:35:33.682 [main] DEBUG io.netty.buffer.PooledByteBufAllocator - -Dio.netty.allocator.maxCachedBufferCapacity: 32768
15:35:33.682 [main] DEBUG io.netty.buffer.PooledByteBufAllocator - -Dio.netty.allocator.cacheTrimInterval: 8192
15:35:33.682 [main] DEBUG io.netty.buffer.PooledByteBufAllocator - -Dio.netty.allocator.cacheTrimIntervalMillis: 0
15:35:33.682 [main] DEBUG io.netty.buffer.PooledByteBufAllocator - -Dio.netty.allocator.useCacheForAllThreads: false
15:35:33.682 [main] DEBUG io.netty.buffer.PooledByteBufAllocator - -Dio.netty.allocator.maxCachedByteBuffersPerChunk: 1023
15:35:33.704 [main] DEBUG io.netty.buffer.ByteBufUtil - -Dio.netty.allocator.type: pooled
15:35:33.704 [main] DEBUG io.netty.buffer.ByteBufUtil - -Dio.netty.threadLocalDirectBufferSize: 0
15:35:33.704 [main] DEBUG io.netty.buffer.ByteBufUtil - -Dio.netty.maxThreadLocalCharBufferSize: 16384
15:35:33.716 [Finalizer] DEBUG org.apache.http.impl.conn.DefaultClientConnection - Connection 0.0.0.0:52455<->127.0.0.1:8080 closed
15:35:33.716 [Finalizer] DEBUG org.apache.http.impl.conn.DefaultClientConnection - Connection 0.0.0.0:52457<->127.0.0.1:8080 closed
15:35:34.171 [Forwarding newSession on session null to remote] DEBUG io.netty.channel.DefaultChannelId - -Dio.netty.processId: 28828 (auto-detected)
15:35:34.174 [Forwarding newSession on session null to remote] DEBUG io.netty.util.NetUtil - -Djava.net.preferIPv4Stack: false
15:35:34.174 [Forwarding newSession on session null to remote] DEBUG io.netty.util.NetUtil - -Djava.net.preferIPv6Addresses: false
15:35:34.192 [Forwarding newSession on session null to remote] DEBUG io.netty.util.NetUtilInitializations - Loopback interface: lo (Software Loopback Interface 1, 127.0.0.1)
15:35:34.194 [Forwarding newSession on session null to remote] DEBUG io.netty.util.NetUtil - Failed to get SOMAXCONN from sysctl and file \proc\sys\net\core\somaxconn. Default: 200
15:35:34.239 [Forwarding newSession on session null to remote] DEBUG io.netty.channel.DefaultChannelId - -Dio.netty.machineId: 80:45:dd:ff:fe:fb:a5:ea (auto-detected)
15:35:34.286 [AsyncHttpClient-1-2] DEBUG io.netty.buffer.AbstractByteBuf - -Dio.netty.buffer.checkAccessible: true
15:35:34.287 [AsyncHttpClient-1-2] DEBUG io.netty.buffer.AbstractByteBuf - -Dio.netty.buffer.checkBounds: true
15:35:34.287 [AsyncHttpClient-1-2] DEBUG io.netty.util.ResourceLeakDetectorFactory - Loaded default ResourceLeakDetector: io.netty.util.ResourceLeakDetector@62485b7f
15:35:34.303 [AsyncHttpClient-1-2] DEBUG org.asynchttpclient.netty.channel.NettyConnectListener - Using new Channel '[id: 0x63df8942, L:/127.0.0.1:52463 - R:localhost/127.0.0.1:19198]' for 'POST' to '/session'
15:35:34.322 [AsyncHttpClient-1-2] DEBUG io.netty.util.Recycler - -Dio.netty.recycler.maxCapacityPerThread: 4096
15:35:34.322 [AsyncHttpClient-1-2] DEBUG io.netty.util.Recycler - -Dio.netty.recycler.ratio: 8
15:35:34.322 [AsyncHttpClient-1-2] DEBUG io.netty.util.Recycler - -Dio.netty.recycler.chunkSize: 32
15:35:34.322 [AsyncHttpClient-1-2] DEBUG io.netty.util.Recycler - -Dio.netty.recycler.blocking: false
15:35:34.322 [AsyncHttpClient-1-2] DEBUG io.netty.util.Recycler - -Dio.netty.recycler.batchFastThreadLocalOnly: true
15:35:35.407 [AsyncHttpClient-1-2] DEBUG io.netty.handler.codec.compression.Brotli - brotli4j not in the classpath; Brotli support will be unavailable.
15:35:35.407 [AsyncHttpClient-1-2] DEBUG org.asynchttpclient.netty.handler.HttpHandler - 

Request DefaultHttpRequest(decodeResult: success, version: HTTP/1.1)
POST /session HTTP/1.1
User-Agent: selenium/4.8.3 (java windows)
Content-Length: 439
Content-Type: application/json; charset=utf-8
host: localhost:19198
accept: */*

Response DefaultHttpResponse(decodeResult: success, version: HTTP/1.1)
HTTP/1.1 200 OK
Content-Length: 863
Content-Type: application/json; charset=utf-8
cache-control: no-cache

15:35:35.426 [AsyncHttpClient-1-2] DEBUG org.asynchttpclient.netty.channel.ChannelManager - Adding key: http://localhost:19198 for channel [id: 0x63df8942, L:/127.0.0.1:52463 - R:localhost/127.0.0.1:19198]
15:35:35.695 [AsyncHttpClient-1-1] DEBUG org.asynchttpclient.netty.channel.DefaultChannelPool - Entry count for : http://localhost:19198 : 1
15:35:35.699 [AsyncHttpClient-1-3] DEBUG org.asynchttpclient.netty.channel.NettyConnectListener - Using new Channel '[id: 0xd0d8446f, L:/127.0.0.1:52474 - R:localhost/127.0.0.1:52464]' for 'GET' to '/json/version'
15:35:35.701 [AsyncHttpClient-1-3] DEBUG org.asynchttpclient.netty.handler.HttpHandler - 

Request DefaultFullHttpRequest(decodeResult: success, version: HTTP/1.1, content: EmptyByteBufBE)
GET /json/version HTTP/1.1
User-Agent: selenium/4.8.3 (java windows)
host: localhost:52464
accept: */*

Response DefaultHttpResponse(decodeResult: success, version: HTTP/1.1)
HTTP/1.1 200 OK
Content-Security-Policy: frame-ancestors 'none'
Content-Length: 424
Content-Type: application/json; charset=UTF-8

15:35:35.702 [AsyncHttpClient-1-3] DEBUG org.asynchttpclient.netty.channel.ChannelManager - Adding key: http://localhost:52464 for channel [id: 0xd0d8446f, L:/127.0.0.1:52474 - R:localhost/127.0.0.1:52464]
15:35:35.717 [main] DEBUG io.netty.util.internal.ThreadLocalRandom - -Dio.netty.initialSeedUniquifier: 0xc30ca22631973218
15:35:35.724 [AsyncHttpClient-1-4] DEBUG org.asynchttpclient.netty.channel.NettyConnectListener - Using new Channel '[id: 0x6987cb19, L:/127.0.0.1:52475 - R:localhost/127.0.0.1:52464]' for 'GET' to '/devtools/browser/a306900f-2c22-441f-90ae-81cd4597dfe6'
15:35:35.729 [AsyncHttpClient-1-4] DEBUG org.asynchttpclient.netty.handler.WebSocketHandler - 

Request DefaultFullHttpRequest(decodeResult: success, version: HTTP/1.1, content: EmptyByteBufBE)
GET /devtools/browser/a306900f-2c22-441f-90ae-81cd4597dfe6 HTTP/1.1
upgrade: websocket
connection: upgrade
sec-websocket-key: 5vpNCUhtqNEpZwF8KLZlNQ==
sec-websocket-version: 13
origin: http://localhost:52464
host: localhost:52464
accept: */*
user-agent: AHC/2.1

Response DefaultHttpResponse(decodeResult: success, version: HTTP/1.1)
HTTP/1.1 101 WebSocket Protocol Handshake
Upgrade: WebSocket
Connection: Upgrade
Sec-WebSocket-Accept: e8HxDWolT/KrsgDl3SsCxhUL5WA=

15:35:35.839 [Forwarding setTimeout on session 1a4c180fb32203247b051f839a02c95f to remote] DEBUG org.asynchttpclient.netty.request.NettyRequestSender - Using pooled Channel '[id: 0x63df8942, L:/127.0.0.1:52463 - R:localhost/127.0.0.1:19198]' for 'POST' to 'http://localhost:19198/session/1a4c180fb32203247b051f839a02c95f/timeouts'
15:35:35.839 [Forwarding setTimeout on session 1a4c180fb32203247b051f839a02c95f to remote] DEBUG org.asynchttpclient.netty.request.NettyRequestSender - Using open Channel [id: 0x63df8942, L:/127.0.0.1:52463 - R:localhost/127.0.0.1:19198] for POST '/session/1a4c180fb32203247b051f839a02c95f/timeouts'
15:35:35.844 [AsyncHttpClient-1-2] DEBUG org.asynchttpclient.netty.handler.HttpHandler - 

Request DefaultHttpRequest(decodeResult: success, version: HTTP/1.1)
POST /session/1a4c180fb32203247b051f839a02c95f/timeouts HTTP/1.1
User-Agent: selenium/4.8.3 (java windows)
Content-Length: 22
Content-Type: application/json; charset=utf-8
host: localhost:19198
accept: */*

Response DefaultHttpResponse(decodeResult: success, version: HTTP/1.1)
HTTP/1.1 200 OK
Content-Length: 14
Content-Type: application/json; charset=utf-8
cache-control: no-cache

15:35:35.844 [AsyncHttpClient-1-2] DEBUG org.asynchttpclient.netty.channel.ChannelManager - Adding key: http://localhost:19198 for channel [id: 0x63df8942, L:/127.0.0.1:52463 - R:localhost/127.0.0.1:19198]
15:35:35.851 [Forwarding maximizeCurrentWindow on session 1a4c180fb32203247b051f839a02c95f to remote] DEBUG org.asynchttpclient.netty.request.NettyRequestSender - Using pooled Channel '[id: 0x63df8942, L:/127.0.0.1:52463 - R:localhost/127.0.0.1:19198]' for 'POST' to 'http://localhost:19198/session/1a4c180fb32203247b051f839a02c95f/window/maximize'
15:35:35.851 [Forwarding maximizeCurrentWindow on session 1a4c180fb32203247b051f839a02c95f to remote] DEBUG org.asynchttpclient.netty.request.NettyRequestSender - Using open Channel [id: 0x63df8942, L:/127.0.0.1:52463 - R:localhost/127.0.0.1:19198] for POST '/session/1a4c180fb32203247b051f839a02c95f/window/maximize'
15:35:35.983 [AsyncHttpClient-1-2] DEBUG org.asynchttpclient.netty.handler.HttpHandler - 

Request DefaultHttpRequest(decodeResult: success, version: HTTP/1.1)
POST /session/1a4c180fb32203247b051f839a02c95f/window/maximize HTTP/1.1
User-Agent: selenium/4.8.3 (java windows)
Content-Length: 3
Content-Type: application/json; charset=utf-8
host: localhost:19198
accept: */*

Response DefaultHttpResponse(decodeResult: success, version: HTTP/1.1)
HTTP/1.1 200 OK
Content-Length: 51
Content-Type: application/json; charset=utf-8
cache-control: no-cache

15:35:35.984 [AsyncHttpClient-1-2] DEBUG org.asynchttpclient.netty.channel.ChannelManager - Adding key: http://localhost:19198 for channel [id: 0x63df8942, L:/127.0.0.1:52463 - R:localhost/127.0.0.1:19198]
15:35:35.987 [Forwarding get on session 1a4c180fb32203247b051f839a02c95f to remote] DEBUG org.asynchttpclient.netty.request.NettyRequestSender - Using pooled Channel '[id: 0x63df8942, L:/127.0.0.1:52463 - R:localhost/127.0.0.1:19198]' for 'POST' to 'http://localhost:19198/session/1a4c180fb32203247b051f839a02c95f/url'
15:35:35.988 [Forwarding get on session 1a4c180fb32203247b051f839a02c95f to remote] DEBUG org.asynchttpclient.netty.request.NettyRequestSender - Using open Channel [id: 0x63df8942, L:/127.0.0.1:52463 - R:localhost/127.0.0.1:19198] for POST '/session/1a4c180fb32203247b051f839a02c95f/url'
15:35:36.796 [AsyncHttpClient-1-1] DEBUG org.asynchttpclient.netty.channel.DefaultChannelPool - Entry count for : http://localhost:52464 : 1
15:35:37.821 [AsyncHttpClient-1-2] DEBUG org.asynchttpclient.netty.handler.HttpHandler - 

Request DefaultHttpRequest(decodeResult: success, version: HTTP/1.1)
POST /session/1a4c180fb32203247b051f839a02c95f/url HTTP/1.1
User-Agent: selenium/4.8.3 (java windows)
Content-Length: 52
Content-Type: application/json; charset=utf-8
host: localhost:19198
accept: */*

Response DefaultHttpResponse(decodeResult: success, version: HTTP/1.1)
HTTP/1.1 200 OK
Content-Length: 14
Content-Type: application/json; charset=utf-8
cache-control: no-cache

15:35:37.822 [AsyncHttpClient-1-2] DEBUG org.asynchttpclient.netty.channel.ChannelManager - Adding key: http://localhost:19198 for channel [id: 0x63df8942, L:/127.0.0.1:52463 - R:localhost/127.0.0.1:19198]
2023-06-21 15:35:37 INFO  BaseTest:110 - Test driver set up done successfully**********
2023-06-21 15:35:37 INFO  BaseTest:128 - Logging in to portal
15:35:37.875 [Forwarding findElement on session 1a4c180fb32203247b051f839a02c95f to remote] DEBUG org.asynchttpclient.netty.request.NettyRequestSender - Using pooled Channel '[id: 0x63df8942, L:/127.0.0.1:52463 - R:localhost/127.0.0.1:19198]' for 'POST' to 'http://localhost:19198/session/1a4c180fb32203247b051f839a02c95f/element'
15:35:37.875 [Forwarding findElement on session 1a4c180fb32203247b051f839a02c95f to remote] DEBUG org.asynchttpclient.netty.request.NettyRequestSender - Using open Channel [id: 0x63df8942, L:/127.0.0.1:52463 - R:localhost/127.0.0.1:19198] for POST '/session/1a4c180fb32203247b051f839a02c95f/element'
15:35:37.892 [AsyncHttpClient-1-2] DEBUG org.asynchttpclient.netty.handler.HttpHandler - 

Request DefaultHttpRequest(decodeResult: success, version: HTTP/1.1)
POST /session/1a4c180fb32203247b051f839a02c95f/element HTTP/1.1
User-Agent: selenium/4.8.3 (java windows)
Content-Length: 59
Content-Type: application/json; charset=utf-8
host: localhost:19198
accept: */*

Response DefaultHttpResponse(decodeResult: success, version: HTTP/1.1)
HTTP/1.1 200 OK
Content-Length: 95
Content-Type: application/json; charset=utf-8
cache-control: no-cache

15:35:37.892 [AsyncHttpClient-1-2] DEBUG org.asynchttpclient.netty.channel.ChannelManager - Adding key: http://localhost:19198 for channel [id: 0x63df8942, L:/127.0.0.1:52463 - R:localhost/127.0.0.1:19198]
15:35:37.896 [AsyncHttpClient-1-1] DEBUG org.asynchttpclient.netty.channel.DefaultChannelPool - Entry count for : http://localhost:19198 : 1
15:35:37.896 [AsyncHttpClient-1-1] DEBUG org.asynchttpclient.netty.channel.DefaultChannelPool - Entry count for : http://localhost:52464 : 1
15:35:37.899 [Forwarding clearElement on session 1a4c180fb32203247b051f839a02c95f to remote] DEBUG org.asynchttpclient.netty.request.NettyRequestSender - Using pooled Channel '[id: 0x63df8942, L:/127.0.0.1:52463 - R:localhost/127.0.0.1:19198]' for 'POST' to 'http://localhost:19198/session/1a4c180fb32203247b051f839a02c95f/element/04437F54CE6ABB7B202EE507E6DB6BCF_element_29/clear'
15:35:37.899 [Forwarding clearElement on session 1a4c180fb32203247b051f839a02c95f to remote] DEBUG org.asynchttpclient.netty.request.NettyRequestSender - Using open Channel [id: 0x63df8942, L:/127.0.0.1:52463 - R:localhost/127.0.0.1:19198] for POST '/session/1a4c180fb32203247b051f839a02c95f/element/04437F54CE6ABB7B202EE507E6DB6BCF_element_29/clear'
15:35:37.963 [AsyncHttpClient-1-2] DEBUG org.asynchttpclient.netty.handler.HttpHandler - 

Request DefaultHttpRequest(decodeResult: success, version: HTTP/1.1)
POST /session/1a4c180fb32203247b051f839a02c95f/element/04437F54CE6ABB7B202EE507E6DB6BCF_element_29/clear HTTP/1.1
User-Agent: selenium/4.8.3 (java windows)
Content-Length: 57
Content-Type: application/json; charset=utf-8
host: localhost:19198
accept: */*

Response DefaultHttpResponse(decodeResult: success, version: HTTP/1.1)
HTTP/1.1 200 OK
Content-Length: 14
Content-Type: application/json; charset=utf-8
cache-control: no-cache

15:35:37.963 [AsyncHttpClient-1-2] DEBUG org.asynchttpclient.netty.channel.ChannelManager - Adding key: http://localhost:19198 for channel [id: 0x63df8942, L:/127.0.0.1:52463 - R:localhost/127.0.0.1:19198]
15:35:37.966 [Forwarding findElement on session 1a4c180fb32203247b051f839a02c95f to remote] DEBUG org.asynchttpclient.netty.request.NettyRequestSender - Using pooled Channel '[id: 0x63df8942, L:/127.0.0.1:52463 - R:localhost/127.0.0.1:19198]' for 'POST' to 'http://localhost:19198/session/1a4c180fb32203247b051f839a02c95f/element'
15:35:37.966 [Forwarding findElement on session 1a4c180fb32203247b051f839a02c95f to remote] DEBUG org.asynchttpclient.netty.request.NettyRequestSender - Using open Channel [id: 0x63df8942, L:/127.0.0.1:52463 - R:localhost/127.0.0.1:19198] for POST '/session/1a4c180fb32203247b051f839a02c95f/element'
15:35:37.978 [AsyncHttpClient-1-2] DEBUG org.asynchttpclient.netty.handler.HttpHandler - 

Request DefaultHttpRequest(decodeResult: success, version: HTTP/1.1)
POST /session/1a4c180fb32203247b051f839a02c95f/element HTTP/1.1
User-Agent: selenium/4.8.3 (java windows)
Content-Length: 59
Content-Type: application/json; charset=utf-8
host: localhost:19198
accept: */*

Response DefaultHttpResponse(decodeResult: success, version: HTTP/1.1)
HTTP/1.1 200 OK
Content-Length: 95
Content-Type: application/json; charset=utf-8
cache-control: no-cache

15:35:37.979 [AsyncHttpClient-1-2] DEBUG org.asynchttpclient.netty.channel.ChannelManager - Adding key: http://localhost:19198 for channel [id: 0x63df8942, L:/127.0.0.1:52463 - R:localhost/127.0.0.1:19198]
15:35:37.985 [Forwarding sendKeysToElement on session 1a4c180fb32203247b051f839a02c95f to remote] DEBUG org.asynchttpclient.netty.request.NettyRequestSender - Using pooled Channel '[id: 0x63df8942, L:/127.0.0.1:52463 - R:localhost/127.0.0.1:19198]' for 'POST' to 'http://localhost:19198/session/1a4c180fb32203247b051f839a02c95f/element/04437F54CE6ABB7B202EE507E6DB6BCF_element_29/value'
15:35:37.985 [Forwarding sendKeysToElement on session 1a4c180fb32203247b051f839a02c95f to remote] DEBUG org.asynchttpclient.netty.request.NettyRequestSender - Using open Channel [id: 0x63df8942, L:/127.0.0.1:52463 - R:localhost/127.0.0.1:19198] for POST '/session/1a4c180fb32203247b051f839a02c95f/element/04437F54CE6ABB7B202EE507E6DB6BCF_element_29/value'
15:35:38.143 [AsyncHttpClient-1-2] DEBUG org.asynchttpclient.netty.handler.HttpHandler - 

Request DefaultHttpRequest(decodeResult: success, version: HTTP/1.1)
POST /session/1a4c180fb32203247b051f839a02c95f/element/04437F54CE6ABB7B202EE507E6DB6BCF_element_29/value HTTP/1.1
User-Agent: selenium/4.8.3 (java windows)
Content-Length: 188
Content-Type: application/json; charset=utf-8
host: localhost:19198
accept: */*

Response DefaultHttpResponse(decodeResult: success, version: HTTP/1.1)
HTTP/1.1 200 OK
Content-Length: 14
Content-Type: application/json; charset=utf-8
cache-control: no-cache

15:35:38.143 [AsyncHttpClient-1-2] DEBUG org.asynchttpclient.netty.channel.ChannelManager - Adding key: http://localhost:19198 for channel [id: 0x63df8942, L:/127.0.0.1:52463 - R:localhost/127.0.0.1:19198]
15:35:38.146 [Forwarding findElement on session 1a4c180fb32203247b051f839a02c95f to remote] DEBUG org.asynchttpclient.netty.request.NettyRequestSender - Using pooled Channel '[id: 0x63df8942, L:/127.0.0.1:52463 - R:localhost/127.0.0.1:19198]' for 'POST' to 'http://localhost:19198/session/1a4c180fb32203247b051f839a02c95f/element'
15:35:38.146 [Forwarding findElement on session 1a4c180fb32203247b051f839a02c95f to remote] DEBUG org.asynchttpclient.netty.request.NettyRequestSender - Using open Channel [id: 0x63df8942, L:/127.0.0.1:52463 - R:localhost/127.0.0.1:19198] for POST '/session/1a4c180fb32203247b051f839a02c95f/element'
15:35:38.168 [AsyncHttpClient-1-2] DEBUG org.asynchttpclient.netty.handler.HttpHandler - 

Request DefaultHttpRequest(decodeResult: success, version: HTTP/1.1)
POST /session/1a4c180fb32203247b051f839a02c95f/element HTTP/1.1
User-Agent: selenium/4.8.3 (java windows)
Content-Length: 62
Content-Type: application/json; charset=utf-8
host: localhost:19198
accept: */*

Response DefaultHttpResponse(decodeResult: success, version: HTTP/1.1)
HTTP/1.1 200 OK
Content-Length: 95
Content-Type: application/json; charset=utf-8
cache-control: no-cache

15:35:38.168 [AsyncHttpClient-1-2] DEBUG org.asynchttpclient.netty.channel.ChannelManager - Adding key: http://localhost:19198 for channel [id: 0x63df8942, L:/127.0.0.1:52463 - R:localhost/127.0.0.1:19198]
15:35:38.171 [Forwarding clearElement on session 1a4c180fb32203247b051f839a02c95f to remote] DEBUG org.asynchttpclient.netty.request.NettyRequestSender - Using pooled Channel '[id: 0x63df8942, L:/127.0.0.1:52463 - R:localhost/127.0.0.1:19198]' for 'POST' to 'http://localhost:19198/session/1a4c180fb32203247b051f839a02c95f/element/04437F54CE6ABB7B202EE507E6DB6BCF_element_31/clear'
15:35:38.171 [Forwarding clearElement on session 1a4c180fb32203247b051f839a02c95f to remote] DEBUG org.asynchttpclient.netty.request.NettyRequestSender - Using open Channel [id: 0x63df8942, L:/127.0.0.1:52463 - R:localhost/127.0.0.1:19198] for POST '/session/1a4c180fb32203247b051f839a02c95f/element/04437F54CE6ABB7B202EE507E6DB6BCF_element_31/clear'
15:35:38.233 [AsyncHttpClient-1-2] DEBUG org.asynchttpclient.netty.handler.HttpHandler - 

Request DefaultHttpRequest(decodeResult: success, version: HTTP/1.1)
POST /session/1a4c180fb32203247b051f839a02c95f/element/04437F54CE6ABB7B202EE507E6DB6BCF_element_31/clear HTTP/1.1
User-Agent: selenium/4.8.3 (java windows)
Content-Length: 57
Content-Type: application/json; charset=utf-8
host: localhost:19198
accept: */*

Response DefaultHttpResponse(decodeResult: success, version: HTTP/1.1)
HTTP/1.1 200 OK
Content-Length: 14
Content-Type: application/json; charset=utf-8
cache-control: no-cache

15:35:38.234 [AsyncHttpClient-1-2] DEBUG org.asynchttpclient.netty.channel.ChannelManager - Adding key: http://localhost:19198 for channel [id: 0x63df8942, L:/127.0.0.1:52463 - R:localhost/127.0.0.1:19198]
15:35:38.236 [Forwarding findElement on session 1a4c180fb32203247b051f839a02c95f to remote] DEBUG org.asynchttpclient.netty.request.NettyRequestSender - Using pooled Channel '[id: 0x63df8942, L:/127.0.0.1:52463 - R:localhost/127.0.0.1:19198]' for 'POST' to 'http://localhost:19198/session/1a4c180fb32203247b051f839a02c95f/element'
15:35:38.237 [Forwarding findElement on session 1a4c180fb32203247b051f839a02c95f to remote] DEBUG org.asynchttpclient.netty.request.NettyRequestSender - Using open Channel [id: 0x63df8942, L:/127.0.0.1:52463 - R:localhost/127.0.0.1:19198] for POST '/session/1a4c180fb32203247b051f839a02c95f/element'
15:35:38.250 [AsyncHttpClient-1-2] DEBUG org.asynchttpclient.netty.handler.HttpHandler - 

Request DefaultHttpRequest(decodeResult: success, version: HTTP/1.1)
POST /session/1a4c180fb32203247b051f839a02c95f/element HTTP/1.1
User-Agent: selenium/4.8.3 (java windows)
Content-Length: 62
Content-Type: application/json; charset=utf-8
host: localhost:19198
accept: */*

Response DefaultHttpResponse(decodeResult: success, version: HTTP/1.1)
HTTP/1.1 200 OK
Content-Length: 95
Content-Type: application/json; charset=utf-8
cache-control: no-cache

15:35:38.250 [AsyncHttpClient-1-2] DEBUG org.asynchttpclient.netty.channel.ChannelManager - Adding key: http://localhost:19198 for channel [id: 0x63df8942, L:/127.0.0.1:52463 - R:localhost/127.0.0.1:19198]
15:35:38.253 [Forwarding sendKeysToElement on session 1a4c180fb32203247b051f839a02c95f to remote] DEBUG org.asynchttpclient.netty.request.NettyRequestSender - Using pooled Channel '[id: 0x63df8942, L:/127.0.0.1:52463 - R:localhost/127.0.0.1:19198]' for 'POST' to 'http://localhost:19198/session/1a4c180fb32203247b051f839a02c95f/element/04437F54CE6ABB7B202EE507E6DB6BCF_element_31/value'
15:35:38.253 [Forwarding sendKeysToElement on session 1a4c180fb32203247b051f839a02c95f to remote] DEBUG org.asynchttpclient.netty.request.NettyRequestSender - Using open Channel [id: 0x63df8942, L:/127.0.0.1:52463 - R:localhost/127.0.0.1:19198] for POST '/session/1a4c180fb32203247b051f839a02c95f/element/04437F54CE6ABB7B202EE507E6DB6BCF_element_31/value'
15:35:38.340 [AsyncHttpClient-1-2] DEBUG org.asynchttpclient.netty.handler.HttpHandler - 

Request DefaultHttpRequest(decodeResult: success, version: HTTP/1.1)
POST /session/1a4c180fb32203247b051f839a02c95f/element/04437F54CE6ABB7B202EE507E6DB6BCF_element_31/value HTTP/1.1
User-Agent: selenium/4.8.3 (java windows)
Content-Length: 148
Content-Type: application/json; charset=utf-8
host: localhost:19198
accept: */*

Response DefaultHttpResponse(decodeResult: success, version: HTTP/1.1)
HTTP/1.1 200 OK
Content-Length: 14
Content-Type: application/json; charset=utf-8
cache-control: no-cache

15:35:38.340 [AsyncHttpClient-1-2] DEBUG org.asynchttpclient.netty.channel.ChannelManager - Adding key: http://localhost:19198 for channel [id: 0x63df8942, L:/127.0.0.1:52463 - R:localhost/127.0.0.1:19198]
15:35:38.343 [Forwarding findElement on session 1a4c180fb32203247b051f839a02c95f to remote] DEBUG org.asynchttpclient.netty.request.NettyRequestSender - Using pooled Channel '[id: 0x63df8942, L:/127.0.0.1:52463 - R:localhost/127.0.0.1:19198]' for 'POST' to 'http://localhost:19198/session/1a4c180fb32203247b051f839a02c95f/element'
15:35:38.343 [Forwarding findElement on session 1a4c180fb32203247b051f839a02c95f to remote] DEBUG org.asynchttpclient.netty.request.NettyRequestSender - Using open Channel [id: 0x63df8942, L:/127.0.0.1:52463 - R:localhost/127.0.0.1:19198] for POST '/session/1a4c180fb32203247b051f839a02c95f/element'
15:35:38.359 [AsyncHttpClient-1-2] DEBUG org.asynchttpclient.netty.handler.HttpHandler - 

Request DefaultHttpRequest(decodeResult: success, version: HTTP/1.1)
POST /session/1a4c180fb32203247b051f839a02c95f/element HTTP/1.1
User-Agent: selenium/4.8.3 (java windows)
Content-Length: 71
Content-Type: application/json; charset=utf-8
host: localhost:19198
accept: */*

Response DefaultHttpResponse(decodeResult: success, version: HTTP/1.1)
HTTP/1.1 200 OK
Content-Length: 95
Content-Type: application/json; charset=utf-8
cache-control: no-cache

15:35:38.359 [AsyncHttpClient-1-2] DEBUG org.asynchttpclient.netty.channel.ChannelManager - Adding key: http://localhost:19198 for channel [id: 0x63df8942, L:/127.0.0.1:52463 - R:localhost/127.0.0.1:19198]
15:35:38.362 [Forwarding clickElement on session 1a4c180fb32203247b051f839a02c95f to remote] DEBUG org.asynchttpclient.netty.request.NettyRequestSender - Using pooled Channel '[id: 0x63df8942, L:/127.0.0.1:52463 - R:localhost/127.0.0.1:19198]' for 'POST' to 'http://localhost:19198/session/1a4c180fb32203247b051f839a02c95f/element/04437F54CE6ABB7B202EE507E6DB6BCF_element_32/click'
15:35:38.363 [Forwarding clickElement on session 1a4c180fb32203247b051f839a02c95f to remote] DEBUG org.asynchttpclient.netty.request.NettyRequestSender - Using open Channel [id: 0x63df8942, L:/127.0.0.1:52463 - R:localhost/127.0.0.1:19198] for POST '/session/1a4c180fb32203247b051f839a02c95f/element/04437F54CE6ABB7B202EE507E6DB6BCF_element_32/click'
15:35:38.419 [AsyncHttpClient-1-2] DEBUG org.asynchttpclient.netty.handler.HttpHandler - 

Request DefaultHttpRequest(decodeResult: success, version: HTTP/1.1)
POST /session/1a4c180fb32203247b051f839a02c95f/element/04437F54CE6ABB7B202EE507E6DB6BCF_element_32/click HTTP/1.1
User-Agent: selenium/4.8.3 (java windows)
Content-Length: 57
Content-Type: application/json; charset=utf-8
host: localhost:19198
accept: */*

Response DefaultHttpResponse(decodeResult: success, version: HTTP/1.1)
HTTP/1.1 200 OK
Content-Length: 14
Content-Type: application/json; charset=utf-8
cache-control: no-cache

15:35:38.419 [AsyncHttpClient-1-2] DEBUG org.asynchttpclient.netty.channel.ChannelManager - Adding key: http://localhost:19198 for channel [id: 0x63df8942, L:/127.0.0.1:52463 - R:localhost/127.0.0.1:19198]
2023-06-21 15:35:38 INFO  BaseTest:132 - Logged in
15:35:38.430 [rp-io-17] DEBUG com.epam.reportportal.service.Launch - Starting test item...rp-io-17
2023-06-21 15:35:38 INFO  Listeners:34 - Started Test null
15:35:38.440 [rp-io-13] DEBUG com.epam.reportportal.service.Launch - TestItem with ID = '74c3863a-3cc9-48ef-b1b6-89de141a2e3a' successfully finished.
15:35:38.441 [rp-io-13] DEBUG com.epam.reportportal.utils.SubscriptionUtils - Finish test item completed
15:35:38.442 [Forwarding findElement on session 1a4c180fb32203247b051f839a02c95f to remote] DEBUG org.asynchttpclient.netty.request.NettyRequestSender - Using pooled Channel '[id: 0x63df8942, L:/127.0.0.1:52463 - R:localhost/127.0.0.1:19198]' for 'POST' to 'http://localhost:19198/session/1a4c180fb32203247b051f839a02c95f/element'
15:35:38.442 [Forwarding findElement on session 1a4c180fb32203247b051f839a02c95f to remote] DEBUG org.asynchttpclient.netty.request.NettyRequestSender - Using open Channel [id: 0x63df8942, L:/127.0.0.1:52463 - R:localhost/127.0.0.1:19198] for POST '/session/1a4c180fb32203247b051f839a02c95f/element'
15:35:38.450 [rp-io-17] DEBUG com.epam.reportportal.service.Launch - ReportPortal item with ID '81387d6d-4903-44b8-a56f-5306c69d5eae' has been created
15:35:38.450 [rp-io-17] DEBUG com.epam.reportportal.utils.SubscriptionUtils - Start test item successfully completed
15:35:38.758 [AsyncHttpClient-1-2] DEBUG org.asynchttpclient.netty.handler.HttpHandler - 

Request DefaultHttpRequest(decodeResult: success, version: HTTP/1.1)
POST /session/1a4c180fb32203247b051f839a02c95f/element HTTP/1.1
User-Agent: selenium/4.8.3 (java windows)
Content-Length: 168
Content-Type: application/json; charset=utf-8
host: localhost:19198
accept: */*

Response DefaultHttpResponse(decodeResult: success, version: HTTP/1.1)
HTTP/1.1 200 OK
Content-Length: 95
Content-Type: application/json; charset=utf-8
cache-control: no-cache

15:35:38.758 [AsyncHttpClient-1-2] DEBUG org.asynchttpclient.netty.channel.ChannelManager - Adding key: http://localhost:19198 for channel [id: 0x63df8942, L:/127.0.0.1:52463 - R:localhost/127.0.0.1:19198]
15:35:38.760 [Forwarding clickElement on session 1a4c180fb32203247b051f839a02c95f to remote] DEBUG org.asynchttpclient.netty.request.NettyRequestSender - Using pooled Channel '[id: 0x63df8942, L:/127.0.0.1:52463 - R:localhost/127.0.0.1:19198]' for 'POST' to 'http://localhost:19198/session/1a4c180fb32203247b051f839a02c95f/element/04437F54CE6ABB7B202EE507E6DB6BCF_element_48/click'
15:35:38.760 [Forwarding clickElement on session 1a4c180fb32203247b051f839a02c95f to remote] DEBUG org.asynchttpclient.netty.request.NettyRequestSender - Using open Channel [id: 0x63df8942, L:/127.0.0.1:52463 - R:localhost/127.0.0.1:19198] for POST '/session/1a4c180fb32203247b051f839a02c95f/element/04437F54CE6ABB7B202EE507E6DB6BCF_element_48/click'
15:35:38.922 [AsyncHttpClient-1-2] DEBUG org.asynchttpclient.netty.handler.HttpHandler - 

Request DefaultHttpRequest(decodeResult: success, version: HTTP/1.1)
POST /session/1a4c180fb32203247b051f839a02c95f/element/04437F54CE6ABB7B202EE507E6DB6BCF_element_48/click HTTP/1.1
User-Agent: selenium/4.8.3 (java windows)
Content-Length: 57
Content-Type: application/json; charset=utf-8
host: localhost:19198
accept: */*

Response DefaultHttpResponse(decodeResult: success, version: HTTP/1.1)
HTTP/1.1 200 OK
Content-Length: 14
Content-Type: application/json; charset=utf-8
cache-control: no-cache

15:35:38.923 [AsyncHttpClient-1-2] DEBUG org.asynchttpclient.netty.channel.ChannelManager - Adding key: http://localhost:19198 for channel [id: 0x63df8942, L:/127.0.0.1:52463 - R:localhost/127.0.0.1:19198]
15:35:38.925 [Forwarding findElement on session 1a4c180fb32203247b051f839a02c95f to remote] DEBUG org.asynchttpclient.netty.request.NettyRequestSender - Using pooled Channel '[id: 0x63df8942, L:/127.0.0.1:52463 - R:localhost/127.0.0.1:19198]' for 'POST' to 'http://localhost:19198/session/1a4c180fb32203247b051f839a02c95f/element'
15:35:38.925 [Forwarding findElement on session 1a4c180fb32203247b051f839a02c95f to remote] DEBUG org.asynchttpclient.netty.request.NettyRequestSender - Using open Channel [id: 0x63df8942, L:/127.0.0.1:52463 - R:localhost/127.0.0.1:19198] for POST '/session/1a4c180fb32203247b051f839a02c95f/element'
15:35:38.996 [AsyncHttpClient-1-1] DEBUG org.asynchttpclient.netty.channel.DefaultChannelPool - Entry count for : http://localhost:52464 : 1
15:35:39.337 [AsyncHttpClient-1-2] DEBUG org.asynchttpclient.netty.handler.HttpHandler - 

Request DefaultHttpRequest(decodeResult: success, version: HTTP/1.1)
POST /session/1a4c180fb32203247b051f839a02c95f/element HTTP/1.1
User-Agent: selenium/4.8.3 (java windows)
Content-Length: 83
Content-Type: application/json; charset=utf-8
host: localhost:19198
accept: */*

Response DefaultHttpResponse(decodeResult: success, version: HTTP/1.1)
HTTP/1.1 200 OK
Content-Length: 95
Content-Type: application/json; charset=utf-8
cache-control: no-cache

15:35:39.338 [AsyncHttpClient-1-2] DEBUG org.asynchttpclient.netty.channel.ChannelManager - Adding key: http://localhost:19198 for channel [id: 0x63df8942, L:/127.0.0.1:52463 - R:localhost/127.0.0.1:19198]
15:35:39.343 [Forwarding executeScript on session 1a4c180fb32203247b051f839a02c95f to remote] DEBUG org.asynchttpclient.netty.request.NettyRequestSender - Using pooled Channel '[id: 0x63df8942, L:/127.0.0.1:52463 - R:localhost/127.0.0.1:19198]' for 'POST' to 'http://localhost:19198/session/1a4c180fb32203247b051f839a02c95f/execute/sync'
15:35:39.344 [Forwarding executeScript on session 1a4c180fb32203247b051f839a02c95f to remote] DEBUG org.asynchttpclient.netty.request.NettyRequestSender - Using open Channel [id: 0x63df8942, L:/127.0.0.1:52463 - R:localhost/127.0.0.1:19198] for POST '/session/1a4c180fb32203247b051f839a02c95f/execute/sync'
15:35:39.364 [AsyncHttpClient-1-2] DEBUG org.asynchttpclient.netty.handler.HttpHandler - 

Request DefaultHttpRequest(decodeResult: success, version: HTTP/1.1)
POST /session/1a4c180fb32203247b051f839a02c95f/execute/sync HTTP/1.1
User-Agent: selenium/4.8.3 (java windows)
Content-Length: 232
Content-Type: application/json; charset=utf-8
host: localhost:19198
accept: */*

Response DefaultHttpResponse(decodeResult: success, version: HTTP/1.1)
HTTP/1.1 200 OK
Content-Length: 14
Content-Type: application/json; charset=utf-8
cache-control: no-cache

15:35:39.365 [AsyncHttpClient-1-2] DEBUG org.asynchttpclient.netty.channel.ChannelManager - Adding key: http://localhost:19198 for channel [id: 0x63df8942, L:/127.0.0.1:52463 - R:localhost/127.0.0.1:19198]
15:35:39.367 [Forwarding findElement on session 1a4c180fb32203247b051f839a02c95f to remote] DEBUG org.asynchttpclient.netty.request.NettyRequestSender - Using pooled Channel '[id: 0x63df8942, L:/127.0.0.1:52463 - R:localhost/127.0.0.1:19198]' for 'POST' to 'http://localhost:19198/session/1a4c180fb32203247b051f839a02c95f/element'
15:35:39.367 [Forwarding findElement on session 1a4c180fb32203247b051f839a02c95f to remote] DEBUG org.asynchttpclient.netty.request.NettyRequestSender - Using open Channel [id: 0x63df8942, L:/127.0.0.1:52463 - R:localhost/127.0.0.1:19198] for POST '/session/1a4c180fb32203247b051f839a02c95f/element'
15:35:39.393 [AsyncHttpClient-1-2] DEBUG org.asynchttpclient.netty.handler.HttpHandler - 

Request DefaultHttpRequest(decodeResult: success, version: HTTP/1.1)
POST /session/1a4c180fb32203247b051f839a02c95f/element HTTP/1.1
User-Agent: selenium/4.8.3 (java windows)
Content-Length: 83
Content-Type: application/json; charset=utf-8
host: localhost:19198
accept: */*

Response DefaultHttpResponse(decodeResult: success, version: HTTP/1.1)
HTTP/1.1 200 OK
Content-Length: 95
Content-Type: application/json; charset=utf-8
cache-control: no-cache

15:35:39.393 [AsyncHttpClient-1-2] DEBUG org.asynchttpclient.netty.channel.ChannelManager - Adding key: http://localhost:19198 for channel [id: 0x63df8942, L:/127.0.0.1:52463 - R:localhost/127.0.0.1:19198]
15:35:39.408 [Forwarding isElementDisplayed on session 1a4c180fb32203247b051f839a02c95f to remote] DEBUG org.asynchttpclient.netty.request.NettyRequestSender - Using pooled Channel '[id: 0x63df8942, L:/127.0.0.1:52463 - R:localhost/127.0.0.1:19198]' for 'POST' to 'http://localhost:19198/session/1a4c180fb32203247b051f839a02c95f/execute/sync'
15:35:39.408 [Forwarding isElementDisplayed on session 1a4c180fb32203247b051f839a02c95f to remote] DEBUG org.asynchttpclient.netty.request.NettyRequestSender - Using open Channel [id: 0x63df8942, L:/127.0.0.1:52463 - R:localhost/127.0.0.1:19198] for POST '/session/1a4c180fb32203247b051f839a02c95f/execute/sync'
15:35:39.437 [AsyncHttpClient-1-2] DEBUG org.asynchttpclient.netty.handler.HttpHandler - 

Request DefaultHttpRequest(decodeResult: success, version: HTTP/1.1)
POST /session/1a4c180fb32203247b051f839a02c95f/execute/sync HTTP/1.1
User-Agent: selenium/4.8.3 (java windows)
Content-Length: 48814
Content-Type: application/json; charset=utf-8
host: localhost:19198
accept: */*

Response DefaultHttpResponse(decodeResult: success, version: HTTP/1.1)
HTTP/1.1 200 OK
Content-Length: 14
Content-Type: application/json; charset=utf-8
cache-control: no-cache

15:35:39.437 [AsyncHttpClient-1-2] DEBUG org.asynchttpclient.netty.channel.ChannelManager - Adding key: http://localhost:19198 for channel [id: 0x63df8942, L:/127.0.0.1:52463 - R:localhost/127.0.0.1:19198]
2023-06-21 15:35:39 INFO  Listeners:38 - Succeeded Test null
]]></system-out>
    <system-err><![CDATA[Starting ChromeDriver 114.0.5735.90 (386bc09e8f4f2e025eddae123f36f6263096ae49-refs/branch-heads/5735@{#1052}) on port 19198
Only local connections are allowed.
Please see https://chromedriver.chromium.org/security-considerations for suggestions on keeping ChromeDriver safe.
ChromeDriver was started successfully.
Jun 21, 2023 3:35:35 PM org.openqa.selenium.devtools.CdpVersionFinder findNearestMatch
WARNING: Unable to find an exact match for CDP version 114, so returning the closest version found: 111
]]></system-err>
  </testcase>
  <testcase name="searchDashboardNameDP[LAUNCH STATISTICS BAR](2)" classname="alltests.uitest.coreTest.DashboardPageTest" time="1.157">
    <system-out><![CDATA[15:35:39.447 [rp-io-23] DEBUG com.epam.reportportal.service.Launch - Starting test item...rp-io-23
15:35:39.466 [rp-io-21] DEBUG com.epam.reportportal.service.Launch - TestItem with ID = '81387d6d-4903-44b8-a56f-5306c69d5eae' successfully finished.
15:35:39.466 [rp-io-21] DEBUG com.epam.reportportal.utils.SubscriptionUtils - Finish test item completed
15:35:39.468 [Driver Command Executor] DEBUG org.asynchttpclient.netty.request.NettyRequestSender - Using pooled Channel '[id: 0x63df8942, L:/127.0.0.1:52463 - R:localhost/127.0.0.1:19198]' for 'DELETE' to 'http://localhost:19198/session/1a4c180fb32203247b051f839a02c95f'
15:35:39.469 [Driver Command Executor] DEBUG org.asynchttpclient.netty.request.NettyRequestSender - Using open Channel [id: 0x63df8942, L:/127.0.0.1:52463 - R:localhost/127.0.0.1:19198] for DELETE '/session/1a4c180fb32203247b051f839a02c95f'
15:35:39.469 [rp-io-23] DEBUG com.epam.reportportal.service.Launch - ReportPortal item with ID '50328ae6-14b2-40c7-bcbd-9921f5b7f8da' has been created
15:35:39.469 [rp-io-23] DEBUG com.epam.reportportal.utils.SubscriptionUtils - Start test item successfully completed
15:35:39.472 [AsyncHttpClient-1-4] DEBUG org.asynchttpclient.netty.handler.WebSocketHandler - Channel Closed: [id: 0x6987cb19, L:/127.0.0.1:52475 ! R:localhost/127.0.0.1:52464] with attribute NettyResponseFuture{currentRetry=0,
	isDone=1,
	isCancelled=0,
	asyncHandler=org.asynchttpclient.ws.WebSocketUpgradeHandler@5b28b039,
	nettyRequest=org.asynchttpclient.netty.request.NettyRequest@e088b12,
	future=java.util.concurrent.CompletableFuture@6e30b935[Completed normally],
	uri=ws://localhost:52464/devtools/browser/a306900f-2c22-441f-90ae-81cd4597dfe6,
	keepAlive=true,
	redirectCount=0,
	timeoutsHolder=null,
	inAuth=0,
	touch=1687354535755}
15:35:39.473 [AsyncHttpClient-1-4] DEBUG org.asynchttpclient.netty.channel.ChannelManager - Closing Channel [id: 0x6987cb19, L:/127.0.0.1:52475 ! R:localhost/127.0.0.1:52464] 
15:35:39.529 [AsyncHttpClient-1-3] DEBUG org.asynchttpclient.netty.handler.HttpHandler - Unexpected I/O exception on channel [id: 0xd0d8446f, L:/127.0.0.1:52474 - R:localhost/127.0.0.1:52464]
java.net.SocketException: Connection reset
	at java.base/sun.nio.ch.SocketChannelImpl.throwConnectionReset(SocketChannelImpl.java:394)
	at java.base/sun.nio.ch.SocketChannelImpl.read(SocketChannelImpl.java:426)
	at io.netty.buffer.PooledByteBuf.setBytes(PooledByteBuf.java:256)
	at io.netty.buffer.AbstractByteBuf.writeBytes(AbstractByteBuf.java:1132)
	at io.netty.channel.socket.nio.NioSocketChannel.doReadBytes(NioSocketChannel.java:357)
	at io.netty.channel.nio.AbstractNioByteChannel$NioByteUnsafe.read(AbstractNioByteChannel.java:151)
	at io.netty.channel.nio.NioEventLoop.processSelectedKey(NioEventLoop.java:788)
	at io.netty.channel.nio.NioEventLoop.processSelectedKeysOptimized(NioEventLoop.java:724)
	at io.netty.channel.nio.NioEventLoop.processSelectedKeys(NioEventLoop.java:650)
	at io.netty.channel.nio.NioEventLoop.run(NioEventLoop.java:562)
	at io.netty.util.concurrent.SingleThreadEventExecutor$4.run(SingleThreadEventExecutor.java:997)
	at io.netty.util.internal.ThreadExecutorMap$2.run(ThreadExecutorMap.java:74)
	at io.netty.util.concurrent.FastThreadLocalRunnable.run(FastThreadLocalRunnable.java:30)
	at java.base/java.lang.Thread.run(Thread.java:833)
15:35:39.529 [AsyncHttpClient-1-3] DEBUG org.asynchttpclient.netty.channel.ChannelManager - Closing Channel [id: 0xd0d8446f, L:/127.0.0.1:52474 - R:localhost/127.0.0.1:52464] 
15:35:39.530 [AsyncHttpClient-1-3] DEBUG org.asynchttpclient.netty.handler.HttpHandler - Channel Closed: [id: 0xd0d8446f, L:/127.0.0.1:52474 ! R:localhost/127.0.0.1:52464] with attribute DISCARD
15:35:39.548 [AsyncHttpClient-1-2] DEBUG org.asynchttpclient.netty.handler.HttpHandler - 

Request DefaultFullHttpRequest(decodeResult: success, version: HTTP/1.1, content: EmptyByteBufBE)
DELETE /session/1a4c180fb32203247b051f839a02c95f HTTP/1.1
User-Agent: selenium/4.8.3 (java windows)
Content-Type: application/json; charset=utf-8
host: localhost:19198
accept: */*

Response DefaultHttpResponse(decodeResult: success, version: HTTP/1.1)
HTTP/1.1 200 OK
Content-Length: 14
Content-Type: application/json; charset=utf-8
cache-control: no-cache

15:35:39.548 [AsyncHttpClient-1-2] DEBUG org.asynchttpclient.netty.channel.ChannelManager - Adding key: http://localhost:19198 for channel [id: 0x63df8942, L:/127.0.0.1:52463 - R:localhost/127.0.0.1:19198]
15:35:39.604 [AsyncHttpClient-1-2] DEBUG org.asynchttpclient.netty.handler.HttpHandler - Channel Closed: [id: 0x63df8942, L:/127.0.0.1:52463 ! R:localhost/127.0.0.1:19198] with attribute DISCARD
2023-06-21 15:35:39 INFO  BaseTest:89 - Test executed**********
15:35:39.672 [rp-io-29] DEBUG com.epam.reportportal.service.Launch - Starting test item...rp-io-29
2023-06-21 15:35:39 INFO  BaseTest:116 - Property files loaded successfully**********
15:35:39.684 [rp-io-27] DEBUG com.epam.reportportal.service.Launch - TestItem with ID = '50328ae6-14b2-40c7-bcbd-9921f5b7f8da' successfully finished.
15:35:39.684 [rp-io-27] DEBUG com.epam.reportportal.utils.SubscriptionUtils - Finish test item completed
15:35:39.687 [rp-io-29] DEBUG com.epam.reportportal.service.Launch - ReportPortal item with ID 'de671010-21cf-4500-aab4-d789e18c7b8b' has been created
15:35:39.687 [rp-io-29] DEBUG com.epam.reportportal.utils.SubscriptionUtils - Start test item successfully completed
15:35:39.688 [main] DEBUG io.github.bonigarcia.wdm.cache.ResolutionCache - Resolution chrome=114 in cache (valid until 16:09:26 21/06/2023 CEST)
15:35:39.689 [main] DEBUG io.github.bonigarcia.wdm.cache.ResolutionCache - Resolution chrome114=114.0.5735.90 in cache (valid until 09:55:46 22/06/2023 CEST)
15:35:39.689 [main] INFO io.github.bonigarcia.wdm.WebDriverManager - Using chromedriver 114.0.5735.90 (resolved driver for Chrome 114)
15:35:39.695 [main] DEBUG io.github.bonigarcia.wdm.WebDriverManager - Driver chromedriver 114.0.5735.90 found in cache
15:35:39.695 [main] INFO io.github.bonigarcia.wdm.WebDriverManager - Exporting webdriver.chrome.driver as C:\Users\Suwarna_Wagh\.cache\selenium\chromedriver\win32\114.0.5735.90\chromedriver.exe
15:35:39.805 [AsyncHttpClient-1-5] DEBUG org.asynchttpclient.netty.channel.NettyConnectListener - Using new Channel '[id: 0xbac78427, L:/127.0.0.1:52501 - R:localhost/127.0.0.1:26360]' for 'POST' to '/session'
15:35:40.096 [AsyncHttpClient-1-1] DEBUG org.asynchttpclient.netty.channel.DefaultChannelPool - Entry count for : http://localhost:19198 : 1
15:35:40.096 [AsyncHttpClient-1-1] DEBUG org.asynchttpclient.netty.channel.DefaultChannelPool - Entry count for : http://localhost:52464 : 1
15:35:40.096 [AsyncHttpClient-1-1] DEBUG org.asynchttpclient.netty.channel.DefaultChannelPool - Adding Candidate expired Channel [id: 0x63df8942, L:/127.0.0.1:52463 ! R:localhost/127.0.0.1:19198] isIdleTimeoutExpired=false isRemotelyClosed=true isTtlExpired=false
15:35:40.096 [AsyncHttpClient-1-1] DEBUG org.asynchttpclient.netty.channel.DefaultChannelPool - Closing Idle Channel [id: 0x63df8942, L:/127.0.0.1:52463 ! R:localhost/127.0.0.1:19198]
15:35:40.097 [AsyncHttpClient-1-1] DEBUG org.asynchttpclient.netty.channel.DefaultChannelPool - Adding Candidate expired Channel [id: 0xd0d8446f, L:/127.0.0.1:52474 ! R:localhost/127.0.0.1:52464] isIdleTimeoutExpired=false isRemotelyClosed=true isTtlExpired=false
15:35:40.097 [AsyncHttpClient-1-1] DEBUG org.asynchttpclient.netty.channel.DefaultChannelPool - Closing Idle Channel [id: 0xd0d8446f, L:/127.0.0.1:52474 ! R:localhost/127.0.0.1:52464]
15:35:40.097 [AsyncHttpClient-1-1] DEBUG org.asynchttpclient.netty.channel.DefaultChannelPool - Closed 2 connections out of 2 in 1 ms
15:35:41.070 [AsyncHttpClient-1-5] DEBUG org.asynchttpclient.netty.handler.HttpHandler - 

Request DefaultHttpRequest(decodeResult: success, version: HTTP/1.1)
POST /session HTTP/1.1
User-Agent: selenium/4.8.3 (java windows)
Content-Length: 439
Content-Type: application/json; charset=utf-8
host: localhost:26360
accept: */*

Response DefaultHttpResponse(decodeResult: success, version: HTTP/1.1)
HTTP/1.1 200 OK
Content-Length: 863
Content-Type: application/json; charset=utf-8
cache-control: no-cache

15:35:41.070 [AsyncHttpClient-1-5] DEBUG org.asynchttpclient.netty.channel.ChannelManager - Adding key: http://localhost:26360 for channel [id: 0xbac78427, L:/127.0.0.1:52501 - R:localhost/127.0.0.1:26360]
15:35:41.083 [AsyncHttpClient-1-6] DEBUG org.asynchttpclient.netty.channel.NettyConnectListener - Using new Channel '[id: 0x631b4c82, L:/127.0.0.1:52510 - R:localhost/127.0.0.1:52502]' for 'GET' to '/json/version'
15:35:41.086 [AsyncHttpClient-1-6] DEBUG org.asynchttpclient.netty.handler.HttpHandler - 

Request DefaultFullHttpRequest(decodeResult: success, version: HTTP/1.1, content: EmptyByteBufBE)
GET /json/version HTTP/1.1
User-Agent: selenium/4.8.3 (java windows)
host: localhost:52502
accept: */*

Response DefaultHttpResponse(decodeResult: success, version: HTTP/1.1)
HTTP/1.1 200 OK
Content-Security-Policy: frame-ancestors 'none'
Content-Length: 424
Content-Type: application/json; charset=UTF-8

15:35:41.087 [AsyncHttpClient-1-6] DEBUG org.asynchttpclient.netty.channel.ChannelManager - Adding key: http://localhost:52502 for channel [id: 0x631b4c82, L:/127.0.0.1:52510 - R:localhost/127.0.0.1:52502]
15:35:41.090 [AsyncHttpClient-1-7] DEBUG org.asynchttpclient.netty.channel.NettyConnectListener - Using new Channel '[id: 0xbb846446, L:/127.0.0.1:52511 - R:localhost/127.0.0.1:52502]' for 'GET' to '/devtools/browser/bdfad296-8a0b-4ca7-839e-d683a1c8c04e'
15:35:41.093 [AsyncHttpClient-1-7] DEBUG org.asynchttpclient.netty.handler.WebSocketHandler - 

Request DefaultFullHttpRequest(decodeResult: success, version: HTTP/1.1, content: EmptyByteBufBE)
GET /devtools/browser/bdfad296-8a0b-4ca7-839e-d683a1c8c04e HTTP/1.1
upgrade: websocket
connection: upgrade
sec-websocket-key: fp7p+TvG00HZ1NsLuRP/8Q==
sec-websocket-version: 13
origin: http://localhost:52502
host: localhost:52502
accept: */*
user-agent: AHC/2.1

Response DefaultHttpResponse(decodeResult: success, version: HTTP/1.1)
HTTP/1.1 101 WebSocket Protocol Handshake
Upgrade: WebSocket
Connection: Upgrade
Sec-WebSocket-Accept: mx9cBopGfHkpVpoDi1V0tYdAwq8=

15:35:41.099 [Forwarding setTimeout on session 900526bab5a1eb310d80f8e31429acef to remote] DEBUG org.asynchttpclient.netty.request.NettyRequestSender - Using pooled Channel '[id: 0xbac78427, L:/127.0.0.1:52501 - R:localhost/127.0.0.1:26360]' for 'POST' to 'http://localhost:26360/session/900526bab5a1eb310d80f8e31429acef/timeouts'
15:35:41.099 [Forwarding setTimeout on session 900526bab5a1eb310d80f8e31429acef to remote] DEBUG org.asynchttpclient.netty.request.NettyRequestSender - Using open Channel [id: 0xbac78427, L:/127.0.0.1:52501 - R:localhost/127.0.0.1:26360] for POST '/session/900526bab5a1eb310d80f8e31429acef/timeouts'
15:35:41.101 [AsyncHttpClient-1-5] DEBUG org.asynchttpclient.netty.handler.HttpHandler - 

Request DefaultHttpRequest(decodeResult: success, version: HTTP/1.1)
POST /session/900526bab5a1eb310d80f8e31429acef/timeouts HTTP/1.1
User-Agent: selenium/4.8.3 (java windows)
Content-Length: 22
Content-Type: application/json; charset=utf-8
host: localhost:26360
accept: */*

Response DefaultHttpResponse(decodeResult: success, version: HTTP/1.1)
HTTP/1.1 200 OK
Content-Length: 14
Content-Type: application/json; charset=utf-8
cache-control: no-cache

15:35:41.102 [AsyncHttpClient-1-5] DEBUG org.asynchttpclient.netty.channel.ChannelManager - Adding key: http://localhost:26360 for channel [id: 0xbac78427, L:/127.0.0.1:52501 - R:localhost/127.0.0.1:26360]
15:35:41.104 [Forwarding maximizeCurrentWindow on session 900526bab5a1eb310d80f8e31429acef to remote] DEBUG org.asynchttpclient.netty.request.NettyRequestSender - Using pooled Channel '[id: 0xbac78427, L:/127.0.0.1:52501 - R:localhost/127.0.0.1:26360]' for 'POST' to 'http://localhost:26360/session/900526bab5a1eb310d80f8e31429acef/window/maximize'
15:35:41.104 [Forwarding maximizeCurrentWindow on session 900526bab5a1eb310d80f8e31429acef to remote] DEBUG org.asynchttpclient.netty.request.NettyRequestSender - Using open Channel [id: 0xbac78427, L:/127.0.0.1:52501 - R:localhost/127.0.0.1:26360] for POST '/session/900526bab5a1eb310d80f8e31429acef/window/maximize'
15:35:41.195 [AsyncHttpClient-1-1] DEBUG org.asynchttpclient.netty.channel.DefaultChannelPool - Entry count for : http://localhost:52502 : 1
15:35:41.226 [AsyncHttpClient-1-5] DEBUG org.asynchttpclient.netty.handler.HttpHandler - 

Request DefaultHttpRequest(decodeResult: success, version: HTTP/1.1)
POST /session/900526bab5a1eb310d80f8e31429acef/window/maximize HTTP/1.1
User-Agent: selenium/4.8.3 (java windows)
Content-Length: 3
Content-Type: application/json; charset=utf-8
host: localhost:26360
accept: */*

Response DefaultHttpResponse(decodeResult: success, version: HTTP/1.1)
HTTP/1.1 200 OK
Content-Length: 51
Content-Type: application/json; charset=utf-8
cache-control: no-cache

15:35:41.226 [AsyncHttpClient-1-5] DEBUG org.asynchttpclient.netty.channel.ChannelManager - Adding key: http://localhost:26360 for channel [id: 0xbac78427, L:/127.0.0.1:52501 - R:localhost/127.0.0.1:26360]
15:35:41.229 [Forwarding get on session 900526bab5a1eb310d80f8e31429acef to remote] DEBUG org.asynchttpclient.netty.request.NettyRequestSender - Using pooled Channel '[id: 0xbac78427, L:/127.0.0.1:52501 - R:localhost/127.0.0.1:26360]' for 'POST' to 'http://localhost:26360/session/900526bab5a1eb310d80f8e31429acef/url'
15:35:41.229 [Forwarding get on session 900526bab5a1eb310d80f8e31429acef to remote] DEBUG org.asynchttpclient.netty.request.NettyRequestSender - Using open Channel [id: 0xbac78427, L:/127.0.0.1:52501 - R:localhost/127.0.0.1:26360] for POST '/session/900526bab5a1eb310d80f8e31429acef/url'
15:35:42.296 [AsyncHttpClient-1-1] DEBUG org.asynchttpclient.netty.channel.DefaultChannelPool - Entry count for : http://localhost:52502 : 1
15:35:42.821 [AsyncHttpClient-1-5] DEBUG org.asynchttpclient.netty.handler.HttpHandler - 

Request DefaultHttpRequest(decodeResult: success, version: HTTP/1.1)
POST /session/900526bab5a1eb310d80f8e31429acef/url HTTP/1.1
User-Agent: selenium/4.8.3 (java windows)
Content-Length: 52
Content-Type: application/json; charset=utf-8
host: localhost:26360
accept: */*

Response DefaultHttpResponse(decodeResult: success, version: HTTP/1.1)
HTTP/1.1 200 OK
Content-Length: 14
Content-Type: application/json; charset=utf-8
cache-control: no-cache

15:35:42.821 [AsyncHttpClient-1-5] DEBUG org.asynchttpclient.netty.channel.ChannelManager - Adding key: http://localhost:26360 for channel [id: 0xbac78427, L:/127.0.0.1:52501 - R:localhost/127.0.0.1:26360]
2023-06-21 15:35:42 INFO  BaseTest:110 - Test driver set up done successfully**********
2023-06-21 15:35:42 INFO  BaseTest:128 - Logging in to portal
15:35:42.825 [Forwarding findElement on session 900526bab5a1eb310d80f8e31429acef to remote] DEBUG org.asynchttpclient.netty.request.NettyRequestSender - Using pooled Channel '[id: 0xbac78427, L:/127.0.0.1:52501 - R:localhost/127.0.0.1:26360]' for 'POST' to 'http://localhost:26360/session/900526bab5a1eb310d80f8e31429acef/element'
15:35:42.825 [Forwarding findElement on session 900526bab5a1eb310d80f8e31429acef to remote] DEBUG org.asynchttpclient.netty.request.NettyRequestSender - Using open Channel [id: 0xbac78427, L:/127.0.0.1:52501 - R:localhost/127.0.0.1:26360] for POST '/session/900526bab5a1eb310d80f8e31429acef/element'
15:35:42.840 [AsyncHttpClient-1-5] DEBUG org.asynchttpclient.netty.handler.HttpHandler - 

Request DefaultHttpRequest(decodeResult: success, version: HTTP/1.1)
POST /session/900526bab5a1eb310d80f8e31429acef/element HTTP/1.1
User-Agent: selenium/4.8.3 (java windows)
Content-Length: 59
Content-Type: application/json; charset=utf-8
host: localhost:26360
accept: */*

Response DefaultHttpResponse(decodeResult: success, version: HTTP/1.1)
HTTP/1.1 200 OK
Content-Length: 95
Content-Type: application/json; charset=utf-8
cache-control: no-cache

15:35:42.840 [AsyncHttpClient-1-5] DEBUG org.asynchttpclient.netty.channel.ChannelManager - Adding key: http://localhost:26360 for channel [id: 0xbac78427, L:/127.0.0.1:52501 - R:localhost/127.0.0.1:26360]
15:35:42.842 [Forwarding clearElement on session 900526bab5a1eb310d80f8e31429acef to remote] DEBUG org.asynchttpclient.netty.request.NettyRequestSender - Using pooled Channel '[id: 0xbac78427, L:/127.0.0.1:52501 - R:localhost/127.0.0.1:26360]' for 'POST' to 'http://localhost:26360/session/900526bab5a1eb310d80f8e31429acef/element/51FF09376066B1D1F1CC6CB829D8CFF8_element_27/clear'
15:35:42.842 [Forwarding clearElement on session 900526bab5a1eb310d80f8e31429acef to remote] DEBUG org.asynchttpclient.netty.request.NettyRequestSender - Using open Channel [id: 0xbac78427, L:/127.0.0.1:52501 - R:localhost/127.0.0.1:26360] for POST '/session/900526bab5a1eb310d80f8e31429acef/element/51FF09376066B1D1F1CC6CB829D8CFF8_element_27/clear'
15:35:42.888 [AsyncHttpClient-1-5] DEBUG org.asynchttpclient.netty.handler.HttpHandler - 

Request DefaultHttpRequest(decodeResult: success, version: HTTP/1.1)
POST /session/900526bab5a1eb310d80f8e31429acef/element/51FF09376066B1D1F1CC6CB829D8CFF8_element_27/clear HTTP/1.1
User-Agent: selenium/4.8.3 (java windows)
Content-Length: 57
Content-Type: application/json; charset=utf-8
host: localhost:26360
accept: */*

Response DefaultHttpResponse(decodeResult: success, version: HTTP/1.1)
HTTP/1.1 200 OK
Content-Length: 14
Content-Type: application/json; charset=utf-8
cache-control: no-cache

15:35:42.888 [AsyncHttpClient-1-5] DEBUG org.asynchttpclient.netty.channel.ChannelManager - Adding key: http://localhost:26360 for channel [id: 0xbac78427, L:/127.0.0.1:52501 - R:localhost/127.0.0.1:26360]
15:35:42.890 [Forwarding findElement on session 900526bab5a1eb310d80f8e31429acef to remote] DEBUG org.asynchttpclient.netty.request.NettyRequestSender - Using pooled Channel '[id: 0xbac78427, L:/127.0.0.1:52501 - R:localhost/127.0.0.1:26360]' for 'POST' to 'http://localhost:26360/session/900526bab5a1eb310d80f8e31429acef/element'
15:35:42.890 [Forwarding findElement on session 900526bab5a1eb310d80f8e31429acef to remote] DEBUG org.asynchttpclient.netty.request.NettyRequestSender - Using open Channel [id: 0xbac78427, L:/127.0.0.1:52501 - R:localhost/127.0.0.1:26360] for POST '/session/900526bab5a1eb310d80f8e31429acef/element'
15:35:42.898 [AsyncHttpClient-1-5] DEBUG org.asynchttpclient.netty.handler.HttpHandler - 

Request DefaultHttpRequest(decodeResult: success, version: HTTP/1.1)
POST /session/900526bab5a1eb310d80f8e31429acef/element HTTP/1.1
User-Agent: selenium/4.8.3 (java windows)
Content-Length: 59
Content-Type: application/json; charset=utf-8
host: localhost:26360
accept: */*

Response DefaultHttpResponse(decodeResult: success, version: HTTP/1.1)
HTTP/1.1 200 OK
Content-Length: 95
Content-Type: application/json; charset=utf-8
cache-control: no-cache

15:35:42.898 [AsyncHttpClient-1-5] DEBUG org.asynchttpclient.netty.channel.ChannelManager - Adding key: http://localhost:26360 for channel [id: 0xbac78427, L:/127.0.0.1:52501 - R:localhost/127.0.0.1:26360]
15:35:42.900 [Forwarding sendKeysToElement on session 900526bab5a1eb310d80f8e31429acef to remote] DEBUG org.asynchttpclient.netty.request.NettyRequestSender - Using pooled Channel '[id: 0xbac78427, L:/127.0.0.1:52501 - R:localhost/127.0.0.1:26360]' for 'POST' to 'http://localhost:26360/session/900526bab5a1eb310d80f8e31429acef/element/51FF09376066B1D1F1CC6CB829D8CFF8_element_27/value'
15:35:42.900 [Forwarding sendKeysToElement on session 900526bab5a1eb310d80f8e31429acef to remote] DEBUG org.asynchttpclient.netty.request.NettyRequestSender - Using open Channel [id: 0xbac78427, L:/127.0.0.1:52501 - R:localhost/127.0.0.1:26360] for POST '/session/900526bab5a1eb310d80f8e31429acef/element/51FF09376066B1D1F1CC6CB829D8CFF8_element_27/value'
15:35:43.005 [AsyncHttpClient-1-5] DEBUG org.asynchttpclient.netty.handler.HttpHandler - 

Request DefaultHttpRequest(decodeResult: success, version: HTTP/1.1)
POST /session/900526bab5a1eb310d80f8e31429acef/element/51FF09376066B1D1F1CC6CB829D8CFF8_element_27/value HTTP/1.1
User-Agent: selenium/4.8.3 (java windows)
Content-Length: 188
Content-Type: application/json; charset=utf-8
host: localhost:26360
accept: */*

Response DefaultHttpResponse(decodeResult: success, version: HTTP/1.1)
HTTP/1.1 200 OK
Content-Length: 14
Content-Type: application/json; charset=utf-8
cache-control: no-cache

15:35:43.005 [AsyncHttpClient-1-5] DEBUG org.asynchttpclient.netty.channel.ChannelManager - Adding key: http://localhost:26360 for channel [id: 0xbac78427, L:/127.0.0.1:52501 - R:localhost/127.0.0.1:26360]
15:35:43.006 [Forwarding findElement on session 900526bab5a1eb310d80f8e31429acef to remote] DEBUG org.asynchttpclient.netty.request.NettyRequestSender - Using pooled Channel '[id: 0xbac78427, L:/127.0.0.1:52501 - R:localhost/127.0.0.1:26360]' for 'POST' to 'http://localhost:26360/session/900526bab5a1eb310d80f8e31429acef/element'
15:35:43.007 [Forwarding findElement on session 900526bab5a1eb310d80f8e31429acef to remote] DEBUG org.asynchttpclient.netty.request.NettyRequestSender - Using open Channel [id: 0xbac78427, L:/127.0.0.1:52501 - R:localhost/127.0.0.1:26360] for POST '/session/900526bab5a1eb310d80f8e31429acef/element'
15:35:43.023 [AsyncHttpClient-1-5] DEBUG org.asynchttpclient.netty.handler.HttpHandler - 

Request DefaultHttpRequest(decodeResult: success, version: HTTP/1.1)
POST /session/900526bab5a1eb310d80f8e31429acef/element HTTP/1.1
User-Agent: selenium/4.8.3 (java windows)
Content-Length: 62
Content-Type: application/json; charset=utf-8
host: localhost:26360
accept: */*

Response DefaultHttpResponse(decodeResult: success, version: HTTP/1.1)
HTTP/1.1 200 OK
Content-Length: 95
Content-Type: application/json; charset=utf-8
cache-control: no-cache

15:35:43.023 [AsyncHttpClient-1-5] DEBUG org.asynchttpclient.netty.channel.ChannelManager - Adding key: http://localhost:26360 for channel [id: 0xbac78427, L:/127.0.0.1:52501 - R:localhost/127.0.0.1:26360]
15:35:43.026 [Forwarding clearElement on session 900526bab5a1eb310d80f8e31429acef to remote] DEBUG org.asynchttpclient.netty.request.NettyRequestSender - Using pooled Channel '[id: 0xbac78427, L:/127.0.0.1:52501 - R:localhost/127.0.0.1:26360]' for 'POST' to 'http://localhost:26360/session/900526bab5a1eb310d80f8e31429acef/element/51FF09376066B1D1F1CC6CB829D8CFF8_element_29/clear'
15:35:43.026 [Forwarding clearElement on session 900526bab5a1eb310d80f8e31429acef to remote] DEBUG org.asynchttpclient.netty.request.NettyRequestSender - Using open Channel [id: 0xbac78427, L:/127.0.0.1:52501 - R:localhost/127.0.0.1:26360] for POST '/session/900526bab5a1eb310d80f8e31429acef/element/51FF09376066B1D1F1CC6CB829D8CFF8_element_29/clear'
15:35:43.078 [AsyncHttpClient-1-5] DEBUG org.asynchttpclient.netty.handler.HttpHandler - 

Request DefaultHttpRequest(decodeResult: success, version: HTTP/1.1)
POST /session/900526bab5a1eb310d80f8e31429acef/element/51FF09376066B1D1F1CC6CB829D8CFF8_element_29/clear HTTP/1.1
User-Agent: selenium/4.8.3 (java windows)
Content-Length: 57
Content-Type: application/json; charset=utf-8
host: localhost:26360
accept: */*

Response DefaultHttpResponse(decodeResult: success, version: HTTP/1.1)
HTTP/1.1 200 OK
Content-Length: 14
Content-Type: application/json; charset=utf-8
cache-control: no-cache

15:35:43.078 [AsyncHttpClient-1-5] DEBUG org.asynchttpclient.netty.channel.ChannelManager - Adding key: http://localhost:26360 for channel [id: 0xbac78427, L:/127.0.0.1:52501 - R:localhost/127.0.0.1:26360]
15:35:43.079 [Forwarding findElement on session 900526bab5a1eb310d80f8e31429acef to remote] DEBUG org.asynchttpclient.netty.request.NettyRequestSender - Using pooled Channel '[id: 0xbac78427, L:/127.0.0.1:52501 - R:localhost/127.0.0.1:26360]' for 'POST' to 'http://localhost:26360/session/900526bab5a1eb310d80f8e31429acef/element'
15:35:43.079 [Forwarding findElement on session 900526bab5a1eb310d80f8e31429acef to remote] DEBUG org.asynchttpclient.netty.request.NettyRequestSender - Using open Channel [id: 0xbac78427, L:/127.0.0.1:52501 - R:localhost/127.0.0.1:26360] for POST '/session/900526bab5a1eb310d80f8e31429acef/element'
15:35:43.088 [AsyncHttpClient-1-5] DEBUG org.asynchttpclient.netty.handler.HttpHandler - 

Request DefaultHttpRequest(decodeResult: success, version: HTTP/1.1)
POST /session/900526bab5a1eb310d80f8e31429acef/element HTTP/1.1
User-Agent: selenium/4.8.3 (java windows)
Content-Length: 62
Content-Type: application/json; charset=utf-8
host: localhost:26360
accept: */*

Response DefaultHttpResponse(decodeResult: success, version: HTTP/1.1)
HTTP/1.1 200 OK
Content-Length: 95
Content-Type: application/json; charset=utf-8
cache-control: no-cache

15:35:43.088 [AsyncHttpClient-1-5] DEBUG org.asynchttpclient.netty.channel.ChannelManager - Adding key: http://localhost:26360 for channel [id: 0xbac78427, L:/127.0.0.1:52501 - R:localhost/127.0.0.1:26360]
15:35:43.090 [Forwarding sendKeysToElement on session 900526bab5a1eb310d80f8e31429acef to remote] DEBUG org.asynchttpclient.netty.request.NettyRequestSender - Using pooled Channel '[id: 0xbac78427, L:/127.0.0.1:52501 - R:localhost/127.0.0.1:26360]' for 'POST' to 'http://localhost:26360/session/900526bab5a1eb310d80f8e31429acef/element/51FF09376066B1D1F1CC6CB829D8CFF8_element_29/value'
15:35:43.090 [Forwarding sendKeysToElement on session 900526bab5a1eb310d80f8e31429acef to remote] DEBUG org.asynchttpclient.netty.request.NettyRequestSender - Using open Channel [id: 0xbac78427, L:/127.0.0.1:52501 - R:localhost/127.0.0.1:26360] for POST '/session/900526bab5a1eb310d80f8e31429acef/element/51FF09376066B1D1F1CC6CB829D8CFF8_element_29/value'
15:35:43.157 [AsyncHttpClient-1-5] DEBUG org.asynchttpclient.netty.handler.HttpHandler - 

Request DefaultHttpRequest(decodeResult: success, version: HTTP/1.1)
POST /session/900526bab5a1eb310d80f8e31429acef/element/51FF09376066B1D1F1CC6CB829D8CFF8_element_29/value HTTP/1.1
User-Agent: selenium/4.8.3 (java windows)
Content-Length: 148
Content-Type: application/json; charset=utf-8
host: localhost:26360
accept: */*

Response DefaultHttpResponse(decodeResult: success, version: HTTP/1.1)
HTTP/1.1 200 OK
Content-Length: 14
Content-Type: application/json; charset=utf-8
cache-control: no-cache

15:35:43.157 [AsyncHttpClient-1-5] DEBUG org.asynchttpclient.netty.channel.ChannelManager - Adding key: http://localhost:26360 for channel [id: 0xbac78427, L:/127.0.0.1:52501 - R:localhost/127.0.0.1:26360]
15:35:43.159 [Forwarding findElement on session 900526bab5a1eb310d80f8e31429acef to remote] DEBUG org.asynchttpclient.netty.request.NettyRequestSender - Using pooled Channel '[id: 0xbac78427, L:/127.0.0.1:52501 - R:localhost/127.0.0.1:26360]' for 'POST' to 'http://localhost:26360/session/900526bab5a1eb310d80f8e31429acef/element'
15:35:43.159 [Forwarding findElement on session 900526bab5a1eb310d80f8e31429acef to remote] DEBUG org.asynchttpclient.netty.request.NettyRequestSender - Using open Channel [id: 0xbac78427, L:/127.0.0.1:52501 - R:localhost/127.0.0.1:26360] for POST '/session/900526bab5a1eb310d80f8e31429acef/element'
15:35:43.173 [AsyncHttpClient-1-5] DEBUG org.asynchttpclient.netty.handler.HttpHandler - 

Request DefaultHttpRequest(decodeResult: success, version: HTTP/1.1)
POST /session/900526bab5a1eb310d80f8e31429acef/element HTTP/1.1
User-Agent: selenium/4.8.3 (java windows)
Content-Length: 71
Content-Type: application/json; charset=utf-8
host: localhost:26360
accept: */*

Response DefaultHttpResponse(decodeResult: success, version: HTTP/1.1)
HTTP/1.1 200 OK
Content-Length: 95
Content-Type: application/json; charset=utf-8
cache-control: no-cache

15:35:43.173 [AsyncHttpClient-1-5] DEBUG org.asynchttpclient.netty.channel.ChannelManager - Adding key: http://localhost:26360 for channel [id: 0xbac78427, L:/127.0.0.1:52501 - R:localhost/127.0.0.1:26360]
15:35:43.175 [Forwarding clickElement on session 900526bab5a1eb310d80f8e31429acef to remote] DEBUG org.asynchttpclient.netty.request.NettyRequestSender - Using pooled Channel '[id: 0xbac78427, L:/127.0.0.1:52501 - R:localhost/127.0.0.1:26360]' for 'POST' to 'http://localhost:26360/session/900526bab5a1eb310d80f8e31429acef/element/51FF09376066B1D1F1CC6CB829D8CFF8_element_33/click'
15:35:43.175 [Forwarding clickElement on session 900526bab5a1eb310d80f8e31429acef to remote] DEBUG org.asynchttpclient.netty.request.NettyRequestSender - Using open Channel [id: 0xbac78427, L:/127.0.0.1:52501 - R:localhost/127.0.0.1:26360] for POST '/session/900526bab5a1eb310d80f8e31429acef/element/51FF09376066B1D1F1CC6CB829D8CFF8_element_33/click'
15:35:43.219 [AsyncHttpClient-1-5] DEBUG org.asynchttpclient.netty.handler.HttpHandler - 

Request DefaultHttpRequest(decodeResult: success, version: HTTP/1.1)
POST /session/900526bab5a1eb310d80f8e31429acef/element/51FF09376066B1D1F1CC6CB829D8CFF8_element_33/click HTTP/1.1
User-Agent: selenium/4.8.3 (java windows)
Content-Length: 57
Content-Type: application/json; charset=utf-8
host: localhost:26360
accept: */*

Response DefaultHttpResponse(decodeResult: success, version: HTTP/1.1)
HTTP/1.1 200 OK
Content-Length: 14
Content-Type: application/json; charset=utf-8
cache-control: no-cache

15:35:43.219 [AsyncHttpClient-1-5] DEBUG org.asynchttpclient.netty.channel.ChannelManager - Adding key: http://localhost:26360 for channel [id: 0xbac78427, L:/127.0.0.1:52501 - R:localhost/127.0.0.1:26360]
2023-06-21 15:35:43 INFO  BaseTest:132 - Logged in
15:35:43.221 [rp-io-35] DEBUG com.epam.reportportal.service.Launch - Starting test item...rp-io-35
2023-06-21 15:35:43 INFO  Listeners:34 - Started Test null
15:35:43.223 [Forwarding findElement on session 900526bab5a1eb310d80f8e31429acef to remote] DEBUG org.asynchttpclient.netty.request.NettyRequestSender - Using pooled Channel '[id: 0xbac78427, L:/127.0.0.1:52501 - R:localhost/127.0.0.1:26360]' for 'POST' to 'http://localhost:26360/session/900526bab5a1eb310d80f8e31429acef/element'
15:35:43.224 [Forwarding findElement on session 900526bab5a1eb310d80f8e31429acef to remote] DEBUG org.asynchttpclient.netty.request.NettyRequestSender - Using open Channel [id: 0xbac78427, L:/127.0.0.1:52501 - R:localhost/127.0.0.1:26360] for POST '/session/900526bab5a1eb310d80f8e31429acef/element'
15:35:43.239 [rp-io-34] DEBUG com.epam.reportportal.service.Launch - TestItem with ID = 'de671010-21cf-4500-aab4-d789e18c7b8b' successfully finished.
15:35:43.239 [rp-io-34] DEBUG com.epam.reportportal.utils.SubscriptionUtils - Finish test item completed
15:35:43.245 [rp-io-35] DEBUG com.epam.reportportal.service.Launch - ReportPortal item with ID 'ae41571d-3116-44d5-8c6d-6e751053f626' has been created
15:35:43.245 [rp-io-35] DEBUG com.epam.reportportal.utils.SubscriptionUtils - Start test item successfully completed
15:35:43.396 [AsyncHttpClient-1-1] DEBUG org.asynchttpclient.netty.channel.DefaultChannelPool - Entry count for : http://localhost:52502 : 1
15:35:43.607 [AsyncHttpClient-1-5] DEBUG org.asynchttpclient.netty.handler.HttpHandler - 

Request DefaultHttpRequest(decodeResult: success, version: HTTP/1.1)
POST /session/900526bab5a1eb310d80f8e31429acef/element HTTP/1.1
User-Agent: selenium/4.8.3 (java windows)
Content-Length: 168
Content-Type: application/json; charset=utf-8
host: localhost:26360
accept: */*

Response DefaultHttpResponse(decodeResult: success, version: HTTP/1.1)
HTTP/1.1 200 OK
Content-Length: 95
Content-Type: application/json; charset=utf-8
cache-control: no-cache

15:35:43.608 [AsyncHttpClient-1-5] DEBUG org.asynchttpclient.netty.channel.ChannelManager - Adding key: http://localhost:26360 for channel [id: 0xbac78427, L:/127.0.0.1:52501 - R:localhost/127.0.0.1:26360]
15:35:43.609 [Forwarding clickElement on session 900526bab5a1eb310d80f8e31429acef to remote] DEBUG org.asynchttpclient.netty.request.NettyRequestSender - Using pooled Channel '[id: 0xbac78427, L:/127.0.0.1:52501 - R:localhost/127.0.0.1:26360]' for 'POST' to 'http://localhost:26360/session/900526bab5a1eb310d80f8e31429acef/element/51FF09376066B1D1F1CC6CB829D8CFF8_element_47/click'
15:35:43.609 [Forwarding clickElement on session 900526bab5a1eb310d80f8e31429acef to remote] DEBUG org.asynchttpclient.netty.request.NettyRequestSender - Using open Channel [id: 0xbac78427, L:/127.0.0.1:52501 - R:localhost/127.0.0.1:26360] for POST '/session/900526bab5a1eb310d80f8e31429acef/element/51FF09376066B1D1F1CC6CB829D8CFF8_element_47/click'
15:35:43.936 [AsyncHttpClient-1-5] DEBUG org.asynchttpclient.netty.handler.HttpHandler - 

Request DefaultHttpRequest(decodeResult: success, version: HTTP/1.1)
POST /session/900526bab5a1eb310d80f8e31429acef/element/51FF09376066B1D1F1CC6CB829D8CFF8_element_47/click HTTP/1.1
User-Agent: selenium/4.8.3 (java windows)
Content-Length: 57
Content-Type: application/json; charset=utf-8
host: localhost:26360
accept: */*

Response DefaultHttpResponse(decodeResult: success, version: HTTP/1.1)
HTTP/1.1 200 OK
Content-Length: 14
Content-Type: application/json; charset=utf-8
cache-control: no-cache

15:35:43.936 [AsyncHttpClient-1-5] DEBUG org.asynchttpclient.netty.channel.ChannelManager - Adding key: http://localhost:26360 for channel [id: 0xbac78427, L:/127.0.0.1:52501 - R:localhost/127.0.0.1:26360]
15:35:43.938 [Forwarding findElement on session 900526bab5a1eb310d80f8e31429acef to remote] DEBUG org.asynchttpclient.netty.request.NettyRequestSender - Using pooled Channel '[id: 0xbac78427, L:/127.0.0.1:52501 - R:localhost/127.0.0.1:26360]' for 'POST' to 'http://localhost:26360/session/900526bab5a1eb310d80f8e31429acef/element'
15:35:43.938 [Forwarding findElement on session 900526bab5a1eb310d80f8e31429acef to remote] DEBUG org.asynchttpclient.netty.request.NettyRequestSender - Using open Channel [id: 0xbac78427, L:/127.0.0.1:52501 - R:localhost/127.0.0.1:26360] for POST '/session/900526bab5a1eb310d80f8e31429acef/element'
15:35:44.151 [AsyncHttpClient-1-5] DEBUG org.asynchttpclient.netty.handler.HttpHandler - 

Request DefaultHttpRequest(decodeResult: success, version: HTTP/1.1)
POST /session/900526bab5a1eb310d80f8e31429acef/element HTTP/1.1
User-Agent: selenium/4.8.3 (java windows)
Content-Length: 82
Content-Type: application/json; charset=utf-8
host: localhost:26360
accept: */*

Response DefaultHttpResponse(decodeResult: success, version: HTTP/1.1)
HTTP/1.1 200 OK
Content-Length: 95
Content-Type: application/json; charset=utf-8
cache-control: no-cache

15:35:44.152 [AsyncHttpClient-1-5] DEBUG org.asynchttpclient.netty.channel.ChannelManager - Adding key: http://localhost:26360 for channel [id: 0xbac78427, L:/127.0.0.1:52501 - R:localhost/127.0.0.1:26360]
15:35:44.154 [Forwarding executeScript on session 900526bab5a1eb310d80f8e31429acef to remote] DEBUG org.asynchttpclient.netty.request.NettyRequestSender - Using pooled Channel '[id: 0xbac78427, L:/127.0.0.1:52501 - R:localhost/127.0.0.1:26360]' for 'POST' to 'http://localhost:26360/session/900526bab5a1eb310d80f8e31429acef/execute/sync'
15:35:44.154 [Forwarding executeScript on session 900526bab5a1eb310d80f8e31429acef to remote] DEBUG org.asynchttpclient.netty.request.NettyRequestSender - Using open Channel [id: 0xbac78427, L:/127.0.0.1:52501 - R:localhost/127.0.0.1:26360] for POST '/session/900526bab5a1eb310d80f8e31429acef/execute/sync'
15:35:44.163 [AsyncHttpClient-1-5] DEBUG org.asynchttpclient.netty.handler.HttpHandler - 

Request DefaultHttpRequest(decodeResult: success, version: HTTP/1.1)
POST /session/900526bab5a1eb310d80f8e31429acef/execute/sync HTTP/1.1
User-Agent: selenium/4.8.3 (java windows)
Content-Length: 232
Content-Type: application/json; charset=utf-8
host: localhost:26360
accept: */*

Response DefaultHttpResponse(decodeResult: success, version: HTTP/1.1)
HTTP/1.1 200 OK
Content-Length: 14
Content-Type: application/json; charset=utf-8
cache-control: no-cache

15:35:44.163 [AsyncHttpClient-1-5] DEBUG org.asynchttpclient.netty.channel.ChannelManager - Adding key: http://localhost:26360 for channel [id: 0xbac78427, L:/127.0.0.1:52501 - R:localhost/127.0.0.1:26360]
15:35:44.164 [Forwarding findElement on session 900526bab5a1eb310d80f8e31429acef to remote] DEBUG org.asynchttpclient.netty.request.NettyRequestSender - Using pooled Channel '[id: 0xbac78427, L:/127.0.0.1:52501 - R:localhost/127.0.0.1:26360]' for 'POST' to 'http://localhost:26360/session/900526bab5a1eb310d80f8e31429acef/element'
15:35:44.164 [Forwarding findElement on session 900526bab5a1eb310d80f8e31429acef to remote] DEBUG org.asynchttpclient.netty.request.NettyRequestSender - Using open Channel [id: 0xbac78427, L:/127.0.0.1:52501 - R:localhost/127.0.0.1:26360] for POST '/session/900526bab5a1eb310d80f8e31429acef/element'
15:35:44.201 [AsyncHttpClient-1-5] DEBUG org.asynchttpclient.netty.handler.HttpHandler - 

Request DefaultHttpRequest(decodeResult: success, version: HTTP/1.1)
POST /session/900526bab5a1eb310d80f8e31429acef/element HTTP/1.1
User-Agent: selenium/4.8.3 (java windows)
Content-Length: 82
Content-Type: application/json; charset=utf-8
host: localhost:26360
accept: */*

Response DefaultHttpResponse(decodeResult: success, version: HTTP/1.1)
HTTP/1.1 200 OK
Content-Length: 95
Content-Type: application/json; charset=utf-8
cache-control: no-cache

15:35:44.202 [AsyncHttpClient-1-5] DEBUG org.asynchttpclient.netty.channel.ChannelManager - Adding key: http://localhost:26360 for channel [id: 0xbac78427, L:/127.0.0.1:52501 - R:localhost/127.0.0.1:26360]
15:35:44.207 [Forwarding isElementDisplayed on session 900526bab5a1eb310d80f8e31429acef to remote] DEBUG org.asynchttpclient.netty.request.NettyRequestSender - Using pooled Channel '[id: 0xbac78427, L:/127.0.0.1:52501 - R:localhost/127.0.0.1:26360]' for 'POST' to 'http://localhost:26360/session/900526bab5a1eb310d80f8e31429acef/execute/sync'
15:35:44.207 [Forwarding isElementDisplayed on session 900526bab5a1eb310d80f8e31429acef to remote] DEBUG org.asynchttpclient.netty.request.NettyRequestSender - Using open Channel [id: 0xbac78427, L:/127.0.0.1:52501 - R:localhost/127.0.0.1:26360] for POST '/session/900526bab5a1eb310d80f8e31429acef/execute/sync'
15:35:44.382 [AsyncHttpClient-1-5] DEBUG org.asynchttpclient.netty.handler.HttpHandler - 

Request DefaultHttpRequest(decodeResult: success, version: HTTP/1.1)
POST /session/900526bab5a1eb310d80f8e31429acef/execute/sync HTTP/1.1
User-Agent: selenium/4.8.3 (java windows)
Content-Length: 48814
Content-Type: application/json; charset=utf-8
host: localhost:26360
accept: */*

Response DefaultHttpResponse(decodeResult: success, version: HTTP/1.1)
HTTP/1.1 200 OK
Content-Length: 14
Content-Type: application/json; charset=utf-8
cache-control: no-cache

15:35:44.382 [AsyncHttpClient-1-5] DEBUG org.asynchttpclient.netty.channel.ChannelManager - Adding key: http://localhost:26360 for channel [id: 0xbac78427, L:/127.0.0.1:52501 - R:localhost/127.0.0.1:26360]
2023-06-21 15:35:44 INFO  Listeners:38 - Succeeded Test null
]]></system-out>
    <system-err><![CDATA[Starting ChromeDriver 114.0.5735.90 (386bc09e8f4f2e025eddae123f36f6263096ae49-refs/branch-heads/5735@{#1052}) on port 26360
Only local connections are allowed.
Please see https://chromedriver.chromium.org/security-considerations for suggestions on keeping ChromeDriver safe.
ChromeDriver was started successfully.
Jun 21, 2023 3:35:41 PM org.openqa.selenium.devtools.CdpVersionFinder findNearestMatch
WARNING: Unable to find an exact match for CDP version 114, so returning the closest version found: 111
]]></system-err>
  </testcase>
  <testcase name="searchDashboardNameDP[INVESTIGATED PERCENTAGE OF LAUNCHES](3)" classname="alltests.uitest.coreTest.DashboardPageTest" time="1.362">
    <system-out><![CDATA[15:35:44.387 [rp-io-41] DEBUG com.epam.reportportal.service.Launch - Starting test item...rp-io-41
15:35:44.389 [AsyncHttpClient-1-7] DEBUG org.asynchttpclient.netty.handler.WebSocketHandler - Channel Closed: [id: 0xbb846446, L:/127.0.0.1:52511 ! R:localhost/127.0.0.1:52502] with attribute NettyResponseFuture{currentRetry=0,
	isDone=1,
	isCancelled=0,
	asyncHandler=org.asynchttpclient.ws.WebSocketUpgradeHandler@65c1ef1a,
	nettyRequest=org.asynchttpclient.netty.request.NettyRequest@20c36dc6,
	future=java.util.concurrent.CompletableFuture@3faa760[Completed normally],
	uri=ws://localhost:52502/devtools/browser/bdfad296-8a0b-4ca7-839e-d683a1c8c04e,
	keepAlive=true,
	redirectCount=0,
	timeoutsHolder=null,
	inAuth=0,
	touch=1687354541094}
15:35:44.389 [AsyncHttpClient-1-7] DEBUG org.asynchttpclient.netty.channel.ChannelManager - Closing Channel [id: 0xbb846446, L:/127.0.0.1:52511 ! R:localhost/127.0.0.1:52502] 
15:35:44.391 [Driver Command Executor] DEBUG org.asynchttpclient.netty.request.NettyRequestSender - Using pooled Channel '[id: 0xbac78427, L:/127.0.0.1:52501 - R:localhost/127.0.0.1:26360]' for 'DELETE' to 'http://localhost:26360/session/900526bab5a1eb310d80f8e31429acef'
15:35:44.391 [Driver Command Executor] DEBUG org.asynchttpclient.netty.request.NettyRequestSender - Using open Channel [id: 0xbac78427, L:/127.0.0.1:52501 - R:localhost/127.0.0.1:26360] for DELETE '/session/900526bab5a1eb310d80f8e31429acef'
15:35:44.408 [rp-io-38] DEBUG com.epam.reportportal.service.Launch - TestItem with ID = 'ae41571d-3116-44d5-8c6d-6e751053f626' successfully finished.
15:35:44.408 [rp-io-38] DEBUG com.epam.reportportal.utils.SubscriptionUtils - Finish test item completed
15:35:44.413 [rp-io-41] DEBUG com.epam.reportportal.service.Launch - ReportPortal item with ID '3f39fad7-2eab-41dd-a1ea-d68df339d4ce' has been created
15:35:44.413 [rp-io-41] DEBUG com.epam.reportportal.utils.SubscriptionUtils - Start test item successfully completed
15:35:44.450 [AsyncHttpClient-1-6] DEBUG org.asynchttpclient.netty.handler.HttpHandler - Unexpected I/O exception on channel [id: 0x631b4c82, L:/127.0.0.1:52510 - R:localhost/127.0.0.1:52502]
java.net.SocketException: Connection reset
	at java.base/sun.nio.ch.SocketChannelImpl.throwConnectionReset(SocketChannelImpl.java:394)
	at java.base/sun.nio.ch.SocketChannelImpl.read(SocketChannelImpl.java:426)
	at io.netty.buffer.PooledByteBuf.setBytes(PooledByteBuf.java:256)
	at io.netty.buffer.AbstractByteBuf.writeBytes(AbstractByteBuf.java:1132)
	at io.netty.channel.socket.nio.NioSocketChannel.doReadBytes(NioSocketChannel.java:357)
	at io.netty.channel.nio.AbstractNioByteChannel$NioByteUnsafe.read(AbstractNioByteChannel.java:151)
	at io.netty.channel.nio.NioEventLoop.processSelectedKey(NioEventLoop.java:788)
	at io.netty.channel.nio.NioEventLoop.processSelectedKeysOptimized(NioEventLoop.java:724)
	at io.netty.channel.nio.NioEventLoop.processSelectedKeys(NioEventLoop.java:650)
	at io.netty.channel.nio.NioEventLoop.run(NioEventLoop.java:562)
	at io.netty.util.concurrent.SingleThreadEventExecutor$4.run(SingleThreadEventExecutor.java:997)
	at io.netty.util.internal.ThreadExecutorMap$2.run(ThreadExecutorMap.java:74)
	at io.netty.util.concurrent.FastThreadLocalRunnable.run(FastThreadLocalRunnable.java:30)
	at java.base/java.lang.Thread.run(Thread.java:833)
15:35:44.450 [AsyncHttpClient-1-6] DEBUG org.asynchttpclient.netty.channel.ChannelManager - Closing Channel [id: 0x631b4c82, L:/127.0.0.1:52510 - R:localhost/127.0.0.1:52502] 
15:35:44.450 [AsyncHttpClient-1-6] DEBUG org.asynchttpclient.netty.handler.HttpHandler - Channel Closed: [id: 0x631b4c82, L:/127.0.0.1:52510 ! R:localhost/127.0.0.1:52502] with attribute DISCARD
15:35:44.472 [AsyncHttpClient-1-5] DEBUG org.asynchttpclient.netty.handler.HttpHandler - 

Request DefaultFullHttpRequest(decodeResult: success, version: HTTP/1.1, content: EmptyByteBufBE)
DELETE /session/900526bab5a1eb310d80f8e31429acef HTTP/1.1
User-Agent: selenium/4.8.3 (java windows)
Content-Type: application/json; charset=utf-8
host: localhost:26360
accept: */*

Response DefaultHttpResponse(decodeResult: success, version: HTTP/1.1)
HTTP/1.1 200 OK
Content-Length: 14
Content-Type: application/json; charset=utf-8
cache-control: no-cache

15:35:44.473 [AsyncHttpClient-1-5] DEBUG org.asynchttpclient.netty.channel.ChannelManager - Adding key: http://localhost:26360 for channel [id: 0xbac78427, L:/127.0.0.1:52501 - R:localhost/127.0.0.1:26360]
15:35:44.496 [AsyncHttpClient-1-1] DEBUG org.asynchttpclient.netty.channel.DefaultChannelPool - Entry count for : http://localhost:52502 : 1
15:35:44.496 [AsyncHttpClient-1-1] DEBUG org.asynchttpclient.netty.channel.DefaultChannelPool - Entry count for : http://localhost:26360 : 1
15:35:44.496 [AsyncHttpClient-1-1] DEBUG org.asynchttpclient.netty.channel.DefaultChannelPool - Adding Candidate expired Channel [id: 0x631b4c82, L:/127.0.0.1:52510 ! R:localhost/127.0.0.1:52502] isIdleTimeoutExpired=false isRemotelyClosed=true isTtlExpired=false
15:35:44.496 [AsyncHttpClient-1-1] DEBUG org.asynchttpclient.netty.channel.DefaultChannelPool - Closing Idle Channel [id: 0x631b4c82, L:/127.0.0.1:52510 ! R:localhost/127.0.0.1:52502]
15:35:44.496 [AsyncHttpClient-1-1] DEBUG org.asynchttpclient.netty.channel.DefaultChannelPool - Closed 1 connections out of 2 in 0 ms
15:35:44.518 [AsyncHttpClient-1-5] DEBUG org.asynchttpclient.netty.handler.HttpHandler - Channel Closed: [id: 0xbac78427, L:/127.0.0.1:52501 ! R:localhost/127.0.0.1:26360] with attribute DISCARD
2023-06-21 15:35:44 INFO  BaseTest:89 - Test executed**********
15:35:44.544 [rp-io-47] DEBUG com.epam.reportportal.service.Launch - Starting test item...rp-io-47
2023-06-21 15:35:44 INFO  BaseTest:116 - Property files loaded successfully**********
15:35:44.559 [rp-io-45] DEBUG com.epam.reportportal.service.Launch - TestItem with ID = '3f39fad7-2eab-41dd-a1ea-d68df339d4ce' successfully finished.
15:35:44.559 [rp-io-45] DEBUG com.epam.reportportal.utils.SubscriptionUtils - Finish test item completed
15:35:44.561 [main] DEBUG io.github.bonigarcia.wdm.cache.ResolutionCache - Resolution chrome=114 in cache (valid until 16:09:26 21/06/2023 CEST)
15:35:44.561 [main] DEBUG io.github.bonigarcia.wdm.cache.ResolutionCache - Resolution chrome114=114.0.5735.90 in cache (valid until 09:55:46 22/06/2023 CEST)
15:35:44.561 [main] INFO io.github.bonigarcia.wdm.WebDriverManager - Using chromedriver 114.0.5735.90 (resolved driver for Chrome 114)
15:35:44.566 [rp-io-48] DEBUG com.epam.reportportal.service.Launch - ReportPortal item with ID 'bd25de8b-b59f-43e7-8664-89568ebcebb5' has been created
15:35:44.566 [rp-io-48] DEBUG com.epam.reportportal.utils.SubscriptionUtils - Start test item successfully completed
15:35:44.571 [main] DEBUG io.github.bonigarcia.wdm.WebDriverManager - Driver chromedriver 114.0.5735.90 found in cache
15:35:44.572 [main] INFO io.github.bonigarcia.wdm.WebDriverManager - Exporting webdriver.chrome.driver as C:\Users\Suwarna_Wagh\.cache\selenium\chromedriver\win32\114.0.5735.90\chromedriver.exe
15:35:44.681 [AsyncHttpClient-1-8] DEBUG org.asynchttpclient.netty.channel.NettyConnectListener - Using new Channel '[id: 0x6396322d, L:/127.0.0.1:52533 - R:localhost/127.0.0.1:15587]' for 'POST' to '/session'
15:35:44.750 [Finalizer] DEBUG org.apache.http.impl.conn.DefaultClientConnection - Connection 0.0.0.0:52445<->127.0.0.1:8080 closed
15:35:44.750 [Finalizer] DEBUG org.apache.http.impl.conn.DefaultClientConnection - Connection 0.0.0.0:52440<->127.0.0.1:8080 closed
15:35:45.596 [AsyncHttpClient-1-1] DEBUG org.asynchttpclient.netty.channel.DefaultChannelPool - Entry count for : http://localhost:26360 : 1
15:35:45.596 [AsyncHttpClient-1-1] DEBUG org.asynchttpclient.netty.channel.DefaultChannelPool - Adding Candidate expired Channel [id: 0xbac78427, L:/127.0.0.1:52501 ! R:localhost/127.0.0.1:26360] isIdleTimeoutExpired=false isRemotelyClosed=true isTtlExpired=false
15:35:45.596 [AsyncHttpClient-1-1] DEBUG org.asynchttpclient.netty.channel.DefaultChannelPool - Closing Idle Channel [id: 0xbac78427, L:/127.0.0.1:52501 ! R:localhost/127.0.0.1:26360]
15:35:45.596 [AsyncHttpClient-1-1] DEBUG org.asynchttpclient.netty.channel.DefaultChannelPool - Closed 1 connections out of 1 in 0 ms
15:35:45.807 [AsyncHttpClient-1-8] DEBUG org.asynchttpclient.netty.handler.HttpHandler - 

Request DefaultHttpRequest(decodeResult: success, version: HTTP/1.1)
POST /session HTTP/1.1
User-Agent: selenium/4.8.3 (java windows)
Content-Length: 439
Content-Type: application/json; charset=utf-8
host: localhost:15587
accept: */*

Response DefaultHttpResponse(decodeResult: success, version: HTTP/1.1)
HTTP/1.1 200 OK
Content-Length: 864
Content-Type: application/json; charset=utf-8
cache-control: no-cache

15:35:45.807 [AsyncHttpClient-1-8] DEBUG org.asynchttpclient.netty.channel.ChannelManager - Adding key: http://localhost:15587 for channel [id: 0x6396322d, L:/127.0.0.1:52533 - R:localhost/127.0.0.1:15587]
15:35:45.817 [AsyncHttpClient-1-9] DEBUG org.asynchttpclient.netty.channel.NettyConnectListener - Using new Channel '[id: 0x73db1af5, L:/127.0.0.1:52543 - R:localhost/127.0.0.1:52535]' for 'GET' to '/json/version'
15:35:45.819 [AsyncHttpClient-1-9] DEBUG org.asynchttpclient.netty.handler.HttpHandler - 

Request DefaultFullHttpRequest(decodeResult: success, version: HTTP/1.1, content: EmptyByteBufBE)
GET /json/version HTTP/1.1
User-Agent: selenium/4.8.3 (java windows)
host: localhost:52535
accept: */*

Response DefaultHttpResponse(decodeResult: success, version: HTTP/1.1)
HTTP/1.1 200 OK
Content-Security-Policy: frame-ancestors 'none'
Content-Length: 424
Content-Type: application/json; charset=UTF-8

15:35:45.819 [AsyncHttpClient-1-9] DEBUG org.asynchttpclient.netty.channel.ChannelManager - Adding key: http://localhost:52535 for channel [id: 0x73db1af5, L:/127.0.0.1:52543 - R:localhost/127.0.0.1:52535]
15:35:45.824 [AsyncHttpClient-1-10] DEBUG org.asynchttpclient.netty.channel.NettyConnectListener - Using new Channel '[id: 0x8f9b2c01, L:/127.0.0.1:52544 - R:localhost/127.0.0.1:52535]' for 'GET' to '/devtools/browser/00777332-7397-450a-9eff-e409fb7981e3'
15:35:45.827 [AsyncHttpClient-1-10] DEBUG org.asynchttpclient.netty.handler.WebSocketHandler - 

Request DefaultFullHttpRequest(decodeResult: success, version: HTTP/1.1, content: EmptyByteBufBE)
GET /devtools/browser/00777332-7397-450a-9eff-e409fb7981e3 HTTP/1.1
upgrade: websocket
connection: upgrade
sec-websocket-key: AkT3upgCbXuGrrfllfP4rQ==
sec-websocket-version: 13
origin: http://localhost:52535
host: localhost:52535
accept: */*
user-agent: AHC/2.1

Response DefaultHttpResponse(decodeResult: success, version: HTTP/1.1)
HTTP/1.1 101 WebSocket Protocol Handshake
Upgrade: WebSocket
Connection: Upgrade
Sec-WebSocket-Accept: T4G5bwT3KowjqHTCXx4TT7LiRgM=

15:35:45.832 [Forwarding setTimeout on session 4c5018804416b5cf92fcfae89ac0b992 to remote] DEBUG org.asynchttpclient.netty.request.NettyRequestSender - Using pooled Channel '[id: 0x6396322d, L:/127.0.0.1:52533 - R:localhost/127.0.0.1:15587]' for 'POST' to 'http://localhost:15587/session/4c5018804416b5cf92fcfae89ac0b992/timeouts'
15:35:45.832 [Forwarding setTimeout on session 4c5018804416b5cf92fcfae89ac0b992 to remote] DEBUG org.asynchttpclient.netty.request.NettyRequestSender - Using open Channel [id: 0x6396322d, L:/127.0.0.1:52533 - R:localhost/127.0.0.1:15587] for POST '/session/4c5018804416b5cf92fcfae89ac0b992/timeouts'
15:35:45.834 [AsyncHttpClient-1-8] DEBUG org.asynchttpclient.netty.handler.HttpHandler - 

Request DefaultHttpRequest(decodeResult: success, version: HTTP/1.1)
POST /session/4c5018804416b5cf92fcfae89ac0b992/timeouts HTTP/1.1
User-Agent: selenium/4.8.3 (java windows)
Content-Length: 22
Content-Type: application/json; charset=utf-8
host: localhost:15587
accept: */*

Response DefaultHttpResponse(decodeResult: success, version: HTTP/1.1)
HTTP/1.1 200 OK
Content-Length: 14
Content-Type: application/json; charset=utf-8
cache-control: no-cache

15:35:45.834 [AsyncHttpClient-1-8] DEBUG org.asynchttpclient.netty.channel.ChannelManager - Adding key: http://localhost:15587 for channel [id: 0x6396322d, L:/127.0.0.1:52533 - R:localhost/127.0.0.1:15587]
15:35:45.835 [Forwarding maximizeCurrentWindow on session 4c5018804416b5cf92fcfae89ac0b992 to remote] DEBUG org.asynchttpclient.netty.request.NettyRequestSender - Using pooled Channel '[id: 0x6396322d, L:/127.0.0.1:52533 - R:localhost/127.0.0.1:15587]' for 'POST' to 'http://localhost:15587/session/4c5018804416b5cf92fcfae89ac0b992/window/maximize'
15:35:45.835 [Forwarding maximizeCurrentWindow on session 4c5018804416b5cf92fcfae89ac0b992 to remote] DEBUG org.asynchttpclient.netty.request.NettyRequestSender - Using open Channel [id: 0x6396322d, L:/127.0.0.1:52533 - R:localhost/127.0.0.1:15587] for POST '/session/4c5018804416b5cf92fcfae89ac0b992/window/maximize'
15:35:45.960 [AsyncHttpClient-1-8] DEBUG org.asynchttpclient.netty.handler.HttpHandler - 

Request DefaultHttpRequest(decodeResult: success, version: HTTP/1.1)
POST /session/4c5018804416b5cf92fcfae89ac0b992/window/maximize HTTP/1.1
User-Agent: selenium/4.8.3 (java windows)
Content-Length: 3
Content-Type: application/json; charset=utf-8
host: localhost:15587
accept: */*

Response DefaultHttpResponse(decodeResult: success, version: HTTP/1.1)
HTTP/1.1 200 OK
Content-Length: 51
Content-Type: application/json; charset=utf-8
cache-control: no-cache

15:35:45.960 [AsyncHttpClient-1-8] DEBUG org.asynchttpclient.netty.channel.ChannelManager - Adding key: http://localhost:15587 for channel [id: 0x6396322d, L:/127.0.0.1:52533 - R:localhost/127.0.0.1:15587]
15:35:45.961 [Forwarding get on session 4c5018804416b5cf92fcfae89ac0b992 to remote] DEBUG org.asynchttpclient.netty.request.NettyRequestSender - Using pooled Channel '[id: 0x6396322d, L:/127.0.0.1:52533 - R:localhost/127.0.0.1:15587]' for 'POST' to 'http://localhost:15587/session/4c5018804416b5cf92fcfae89ac0b992/url'
15:35:45.961 [Forwarding get on session 4c5018804416b5cf92fcfae89ac0b992 to remote] DEBUG org.asynchttpclient.netty.request.NettyRequestSender - Using open Channel [id: 0x6396322d, L:/127.0.0.1:52533 - R:localhost/127.0.0.1:15587] for POST '/session/4c5018804416b5cf92fcfae89ac0b992/url'
15:35:46.696 [AsyncHttpClient-1-1] DEBUG org.asynchttpclient.netty.channel.DefaultChannelPool - Entry count for : http://localhost:52535 : 1
15:35:47.401 [AsyncHttpClient-1-8] DEBUG org.asynchttpclient.netty.handler.HttpHandler - 

Request DefaultHttpRequest(decodeResult: success, version: HTTP/1.1)
POST /session/4c5018804416b5cf92fcfae89ac0b992/url HTTP/1.1
User-Agent: selenium/4.8.3 (java windows)
Content-Length: 52
Content-Type: application/json; charset=utf-8
host: localhost:15587
accept: */*

Response DefaultHttpResponse(decodeResult: success, version: HTTP/1.1)
HTTP/1.1 200 OK
Content-Length: 14
Content-Type: application/json; charset=utf-8
cache-control: no-cache

15:35:47.401 [AsyncHttpClient-1-8] DEBUG org.asynchttpclient.netty.channel.ChannelManager - Adding key: http://localhost:15587 for channel [id: 0x6396322d, L:/127.0.0.1:52533 - R:localhost/127.0.0.1:15587]
2023-06-21 15:35:47 INFO  BaseTest:110 - Test driver set up done successfully**********
2023-06-21 15:35:47 INFO  BaseTest:128 - Logging in to portal
15:35:47.404 [Forwarding findElement on session 4c5018804416b5cf92fcfae89ac0b992 to remote] DEBUG org.asynchttpclient.netty.request.NettyRequestSender - Using pooled Channel '[id: 0x6396322d, L:/127.0.0.1:52533 - R:localhost/127.0.0.1:15587]' for 'POST' to 'http://localhost:15587/session/4c5018804416b5cf92fcfae89ac0b992/element'
15:35:47.404 [Forwarding findElement on session 4c5018804416b5cf92fcfae89ac0b992 to remote] DEBUG org.asynchttpclient.netty.request.NettyRequestSender - Using open Channel [id: 0x6396322d, L:/127.0.0.1:52533 - R:localhost/127.0.0.1:15587] for POST '/session/4c5018804416b5cf92fcfae89ac0b992/element'
15:35:47.417 [AsyncHttpClient-1-8] DEBUG org.asynchttpclient.netty.handler.HttpHandler - 

Request DefaultHttpRequest(decodeResult: success, version: HTTP/1.1)
POST /session/4c5018804416b5cf92fcfae89ac0b992/element HTTP/1.1
User-Agent: selenium/4.8.3 (java windows)
Content-Length: 59
Content-Type: application/json; charset=utf-8
host: localhost:15587
accept: */*

Response DefaultHttpResponse(decodeResult: success, version: HTTP/1.1)
HTTP/1.1 200 OK
Content-Length: 95
Content-Type: application/json; charset=utf-8
cache-control: no-cache

15:35:47.417 [AsyncHttpClient-1-8] DEBUG org.asynchttpclient.netty.channel.ChannelManager - Adding key: http://localhost:15587 for channel [id: 0x6396322d, L:/127.0.0.1:52533 - R:localhost/127.0.0.1:15587]
15:35:47.420 [Forwarding clearElement on session 4c5018804416b5cf92fcfae89ac0b992 to remote] DEBUG org.asynchttpclient.netty.request.NettyRequestSender - Using pooled Channel '[id: 0x6396322d, L:/127.0.0.1:52533 - R:localhost/127.0.0.1:15587]' for 'POST' to 'http://localhost:15587/session/4c5018804416b5cf92fcfae89ac0b992/element/9BF102E5A33F4CE01B3DDD96550D4108_element_30/clear'
15:35:47.420 [Forwarding clearElement on session 4c5018804416b5cf92fcfae89ac0b992 to remote] DEBUG org.asynchttpclient.netty.request.NettyRequestSender - Using open Channel [id: 0x6396322d, L:/127.0.0.1:52533 - R:localhost/127.0.0.1:15587] for POST '/session/4c5018804416b5cf92fcfae89ac0b992/element/9BF102E5A33F4CE01B3DDD96550D4108_element_30/clear'
15:35:47.463 [AsyncHttpClient-1-8] DEBUG org.asynchttpclient.netty.handler.HttpHandler - 

Request DefaultHttpRequest(decodeResult: success, version: HTTP/1.1)
POST /session/4c5018804416b5cf92fcfae89ac0b992/element/9BF102E5A33F4CE01B3DDD96550D4108_element_30/clear HTTP/1.1
User-Agent: selenium/4.8.3 (java windows)
Content-Length: 57
Content-Type: application/json; charset=utf-8
host: localhost:15587
accept: */*

Response DefaultHttpResponse(decodeResult: success, version: HTTP/1.1)
HTTP/1.1 200 OK
Content-Length: 14
Content-Type: application/json; charset=utf-8
cache-control: no-cache

15:35:47.463 [AsyncHttpClient-1-8] DEBUG org.asynchttpclient.netty.channel.ChannelManager - Adding key: http://localhost:15587 for channel [id: 0x6396322d, L:/127.0.0.1:52533 - R:localhost/127.0.0.1:15587]
15:35:47.464 [Forwarding findElement on session 4c5018804416b5cf92fcfae89ac0b992 to remote] DEBUG org.asynchttpclient.netty.request.NettyRequestSender - Using pooled Channel '[id: 0x6396322d, L:/127.0.0.1:52533 - R:localhost/127.0.0.1:15587]' for 'POST' to 'http://localhost:15587/session/4c5018804416b5cf92fcfae89ac0b992/element'
15:35:47.464 [Forwarding findElement on session 4c5018804416b5cf92fcfae89ac0b992 to remote] DEBUG org.asynchttpclient.netty.request.NettyRequestSender - Using open Channel [id: 0x6396322d, L:/127.0.0.1:52533 - R:localhost/127.0.0.1:15587] for POST '/session/4c5018804416b5cf92fcfae89ac0b992/element'
15:35:47.472 [AsyncHttpClient-1-8] DEBUG org.asynchttpclient.netty.handler.HttpHandler - 

Request DefaultHttpRequest(decodeResult: success, version: HTTP/1.1)
POST /session/4c5018804416b5cf92fcfae89ac0b992/element HTTP/1.1
User-Agent: selenium/4.8.3 (java windows)
Content-Length: 59
Content-Type: application/json; charset=utf-8
host: localhost:15587
accept: */*

Response DefaultHttpResponse(decodeResult: success, version: HTTP/1.1)
HTTP/1.1 200 OK
Content-Length: 95
Content-Type: application/json; charset=utf-8
cache-control: no-cache

15:35:47.472 [AsyncHttpClient-1-8] DEBUG org.asynchttpclient.netty.channel.ChannelManager - Adding key: http://localhost:15587 for channel [id: 0x6396322d, L:/127.0.0.1:52533 - R:localhost/127.0.0.1:15587]
15:35:47.474 [Forwarding sendKeysToElement on session 4c5018804416b5cf92fcfae89ac0b992 to remote] DEBUG org.asynchttpclient.netty.request.NettyRequestSender - Using pooled Channel '[id: 0x6396322d, L:/127.0.0.1:52533 - R:localhost/127.0.0.1:15587]' for 'POST' to 'http://localhost:15587/session/4c5018804416b5cf92fcfae89ac0b992/element/9BF102E5A33F4CE01B3DDD96550D4108_element_30/value'
15:35:47.475 [Forwarding sendKeysToElement on session 4c5018804416b5cf92fcfae89ac0b992 to remote] DEBUG org.asynchttpclient.netty.request.NettyRequestSender - Using open Channel [id: 0x6396322d, L:/127.0.0.1:52533 - R:localhost/127.0.0.1:15587] for POST '/session/4c5018804416b5cf92fcfae89ac0b992/element/9BF102E5A33F4CE01B3DDD96550D4108_element_30/value'
15:35:47.566 [AsyncHttpClient-1-8] DEBUG org.asynchttpclient.netty.handler.HttpHandler - 

Request DefaultHttpRequest(decodeResult: success, version: HTTP/1.1)
POST /session/4c5018804416b5cf92fcfae89ac0b992/element/9BF102E5A33F4CE01B3DDD96550D4108_element_30/value HTTP/1.1
User-Agent: selenium/4.8.3 (java windows)
Content-Length: 188
Content-Type: application/json; charset=utf-8
host: localhost:15587
accept: */*

Response DefaultHttpResponse(decodeResult: success, version: HTTP/1.1)
HTTP/1.1 200 OK
Content-Length: 14
Content-Type: application/json; charset=utf-8
cache-control: no-cache

15:35:47.566 [AsyncHttpClient-1-8] DEBUG org.asynchttpclient.netty.channel.ChannelManager - Adding key: http://localhost:15587 for channel [id: 0x6396322d, L:/127.0.0.1:52533 - R:localhost/127.0.0.1:15587]
15:35:47.568 [Forwarding findElement on session 4c5018804416b5cf92fcfae89ac0b992 to remote] DEBUG org.asynchttpclient.netty.request.NettyRequestSender - Using pooled Channel '[id: 0x6396322d, L:/127.0.0.1:52533 - R:localhost/127.0.0.1:15587]' for 'POST' to 'http://localhost:15587/session/4c5018804416b5cf92fcfae89ac0b992/element'
15:35:47.568 [Forwarding findElement on session 4c5018804416b5cf92fcfae89ac0b992 to remote] DEBUG org.asynchttpclient.netty.request.NettyRequestSender - Using open Channel [id: 0x6396322d, L:/127.0.0.1:52533 - R:localhost/127.0.0.1:15587] for POST '/session/4c5018804416b5cf92fcfae89ac0b992/element'
15:35:47.581 [AsyncHttpClient-1-8] DEBUG org.asynchttpclient.netty.handler.HttpHandler - 

Request DefaultHttpRequest(decodeResult: success, version: HTTP/1.1)
POST /session/4c5018804416b5cf92fcfae89ac0b992/element HTTP/1.1
User-Agent: selenium/4.8.3 (java windows)
Content-Length: 62
Content-Type: application/json; charset=utf-8
host: localhost:15587
accept: */*

Response DefaultHttpResponse(decodeResult: success, version: HTTP/1.1)
HTTP/1.1 200 OK
Content-Length: 95
Content-Type: application/json; charset=utf-8
cache-control: no-cache

15:35:47.581 [AsyncHttpClient-1-8] DEBUG org.asynchttpclient.netty.channel.ChannelManager - Adding key: http://localhost:15587 for channel [id: 0x6396322d, L:/127.0.0.1:52533 - R:localhost/127.0.0.1:15587]
15:35:47.583 [Forwarding clearElement on session 4c5018804416b5cf92fcfae89ac0b992 to remote] DEBUG org.asynchttpclient.netty.request.NettyRequestSender - Using pooled Channel '[id: 0x6396322d, L:/127.0.0.1:52533 - R:localhost/127.0.0.1:15587]' for 'POST' to 'http://localhost:15587/session/4c5018804416b5cf92fcfae89ac0b992/element/9BF102E5A33F4CE01B3DDD96550D4108_element_32/clear'
15:35:47.583 [Forwarding clearElement on session 4c5018804416b5cf92fcfae89ac0b992 to remote] DEBUG org.asynchttpclient.netty.request.NettyRequestSender - Using open Channel [id: 0x6396322d, L:/127.0.0.1:52533 - R:localhost/127.0.0.1:15587] for POST '/session/4c5018804416b5cf92fcfae89ac0b992/element/9BF102E5A33F4CE01B3DDD96550D4108_element_32/clear'
15:35:47.617 [AsyncHttpClient-1-8] DEBUG org.asynchttpclient.netty.handler.HttpHandler - 

Request DefaultHttpRequest(decodeResult: success, version: HTTP/1.1)
POST /session/4c5018804416b5cf92fcfae89ac0b992/element/9BF102E5A33F4CE01B3DDD96550D4108_element_32/clear HTTP/1.1
User-Agent: selenium/4.8.3 (java windows)
Content-Length: 57
Content-Type: application/json; charset=utf-8
host: localhost:15587
accept: */*

Response DefaultHttpResponse(decodeResult: success, version: HTTP/1.1)
HTTP/1.1 200 OK
Content-Length: 14
Content-Type: application/json; charset=utf-8
cache-control: no-cache

15:35:47.618 [AsyncHttpClient-1-8] DEBUG org.asynchttpclient.netty.channel.ChannelManager - Adding key: http://localhost:15587 for channel [id: 0x6396322d, L:/127.0.0.1:52533 - R:localhost/127.0.0.1:15587]
15:35:47.619 [Forwarding findElement on session 4c5018804416b5cf92fcfae89ac0b992 to remote] DEBUG org.asynchttpclient.netty.request.NettyRequestSender - Using pooled Channel '[id: 0x6396322d, L:/127.0.0.1:52533 - R:localhost/127.0.0.1:15587]' for 'POST' to 'http://localhost:15587/session/4c5018804416b5cf92fcfae89ac0b992/element'
15:35:47.620 [Forwarding findElement on session 4c5018804416b5cf92fcfae89ac0b992 to remote] DEBUG org.asynchttpclient.netty.request.NettyRequestSender - Using open Channel [id: 0x6396322d, L:/127.0.0.1:52533 - R:localhost/127.0.0.1:15587] for POST '/session/4c5018804416b5cf92fcfae89ac0b992/element'
15:35:47.650 [AsyncHttpClient-1-8] DEBUG org.asynchttpclient.netty.handler.HttpHandler - 

Request DefaultHttpRequest(decodeResult: success, version: HTTP/1.1)
POST /session/4c5018804416b5cf92fcfae89ac0b992/element HTTP/1.1
User-Agent: selenium/4.8.3 (java windows)
Content-Length: 62
Content-Type: application/json; charset=utf-8
host: localhost:15587
accept: */*

Response DefaultHttpResponse(decodeResult: success, version: HTTP/1.1)
HTTP/1.1 200 OK
Content-Length: 95
Content-Type: application/json; charset=utf-8
cache-control: no-cache

15:35:47.650 [AsyncHttpClient-1-8] DEBUG org.asynchttpclient.netty.channel.ChannelManager - Adding key: http://localhost:15587 for channel [id: 0x6396322d, L:/127.0.0.1:52533 - R:localhost/127.0.0.1:15587]
15:35:47.652 [Forwarding sendKeysToElement on session 4c5018804416b5cf92fcfae89ac0b992 to remote] DEBUG org.asynchttpclient.netty.request.NettyRequestSender - Using pooled Channel '[id: 0x6396322d, L:/127.0.0.1:52533 - R:localhost/127.0.0.1:15587]' for 'POST' to 'http://localhost:15587/session/4c5018804416b5cf92fcfae89ac0b992/element/9BF102E5A33F4CE01B3DDD96550D4108_element_32/value'
15:35:47.652 [Forwarding sendKeysToElement on session 4c5018804416b5cf92fcfae89ac0b992 to remote] DEBUG org.asynchttpclient.netty.request.NettyRequestSender - Using open Channel [id: 0x6396322d, L:/127.0.0.1:52533 - R:localhost/127.0.0.1:15587] for POST '/session/4c5018804416b5cf92fcfae89ac0b992/element/9BF102E5A33F4CE01B3DDD96550D4108_element_32/value'
15:35:47.739 [AsyncHttpClient-1-8] DEBUG org.asynchttpclient.netty.handler.HttpHandler - 

Request DefaultHttpRequest(decodeResult: success, version: HTTP/1.1)
POST /session/4c5018804416b5cf92fcfae89ac0b992/element/9BF102E5A33F4CE01B3DDD96550D4108_element_32/value HTTP/1.1
User-Agent: selenium/4.8.3 (java windows)
Content-Length: 148
Content-Type: application/json; charset=utf-8
host: localhost:15587
accept: */*

Response DefaultHttpResponse(decodeResult: success, version: HTTP/1.1)
HTTP/1.1 200 OK
Content-Length: 14
Content-Type: application/json; charset=utf-8
cache-control: no-cache

15:35:47.740 [AsyncHttpClient-1-8] DEBUG org.asynchttpclient.netty.channel.ChannelManager - Adding key: http://localhost:15587 for channel [id: 0x6396322d, L:/127.0.0.1:52533 - R:localhost/127.0.0.1:15587]
15:35:47.741 [Forwarding findElement on session 4c5018804416b5cf92fcfae89ac0b992 to remote] DEBUG org.asynchttpclient.netty.request.NettyRequestSender - Using pooled Channel '[id: 0x6396322d, L:/127.0.0.1:52533 - R:localhost/127.0.0.1:15587]' for 'POST' to 'http://localhost:15587/session/4c5018804416b5cf92fcfae89ac0b992/element'
15:35:47.741 [Forwarding findElement on session 4c5018804416b5cf92fcfae89ac0b992 to remote] DEBUG org.asynchttpclient.netty.request.NettyRequestSender - Using open Channel [id: 0x6396322d, L:/127.0.0.1:52533 - R:localhost/127.0.0.1:15587] for POST '/session/4c5018804416b5cf92fcfae89ac0b992/element'
15:35:47.755 [AsyncHttpClient-1-8] DEBUG org.asynchttpclient.netty.handler.HttpHandler - 

Request DefaultHttpRequest(decodeResult: success, version: HTTP/1.1)
POST /session/4c5018804416b5cf92fcfae89ac0b992/element HTTP/1.1
User-Agent: selenium/4.8.3 (java windows)
Content-Length: 71
Content-Type: application/json; charset=utf-8
host: localhost:15587
accept: */*

Response DefaultHttpResponse(decodeResult: success, version: HTTP/1.1)
HTTP/1.1 200 OK
Content-Length: 95
Content-Type: application/json; charset=utf-8
cache-control: no-cache

15:35:47.756 [AsyncHttpClient-1-8] DEBUG org.asynchttpclient.netty.channel.ChannelManager - Adding key: http://localhost:15587 for channel [id: 0x6396322d, L:/127.0.0.1:52533 - R:localhost/127.0.0.1:15587]
15:35:47.757 [Forwarding clickElement on session 4c5018804416b5cf92fcfae89ac0b992 to remote] DEBUG org.asynchttpclient.netty.request.NettyRequestSender - Using pooled Channel '[id: 0x6396322d, L:/127.0.0.1:52533 - R:localhost/127.0.0.1:15587]' for 'POST' to 'http://localhost:15587/session/4c5018804416b5cf92fcfae89ac0b992/element/9BF102E5A33F4CE01B3DDD96550D4108_element_33/click'
15:35:47.757 [Forwarding clickElement on session 4c5018804416b5cf92fcfae89ac0b992 to remote] DEBUG org.asynchttpclient.netty.request.NettyRequestSender - Using open Channel [id: 0x6396322d, L:/127.0.0.1:52533 - R:localhost/127.0.0.1:15587] for POST '/session/4c5018804416b5cf92fcfae89ac0b992/element/9BF102E5A33F4CE01B3DDD96550D4108_element_33/click'
15:35:47.796 [AsyncHttpClient-1-1] DEBUG org.asynchttpclient.netty.channel.DefaultChannelPool - Entry count for : http://localhost:52535 : 1
15:35:47.822 [AsyncHttpClient-1-8] DEBUG org.asynchttpclient.netty.handler.HttpHandler - 

Request DefaultHttpRequest(decodeResult: success, version: HTTP/1.1)
POST /session/4c5018804416b5cf92fcfae89ac0b992/element/9BF102E5A33F4CE01B3DDD96550D4108_element_33/click HTTP/1.1
User-Agent: selenium/4.8.3 (java windows)
Content-Length: 57
Content-Type: application/json; charset=utf-8
host: localhost:15587
accept: */*

Response DefaultHttpResponse(decodeResult: success, version: HTTP/1.1)
HTTP/1.1 200 OK
Content-Length: 14
Content-Type: application/json; charset=utf-8
cache-control: no-cache

15:35:47.823 [AsyncHttpClient-1-8] DEBUG org.asynchttpclient.netty.channel.ChannelManager - Adding key: http://localhost:15587 for channel [id: 0x6396322d, L:/127.0.0.1:52533 - R:localhost/127.0.0.1:15587]
2023-06-21 15:35:47 INFO  BaseTest:132 - Logged in
15:35:47.825 [rp-io-53] DEBUG com.epam.reportportal.service.Launch - Starting test item...rp-io-53
2023-06-21 15:35:47 INFO  Listeners:34 - Started Test null
15:35:47.828 [Forwarding findElement on session 4c5018804416b5cf92fcfae89ac0b992 to remote] DEBUG org.asynchttpclient.netty.request.NettyRequestSender - Using pooled Channel '[id: 0x6396322d, L:/127.0.0.1:52533 - R:localhost/127.0.0.1:15587]' for 'POST' to 'http://localhost:15587/session/4c5018804416b5cf92fcfae89ac0b992/element'
15:35:47.828 [Forwarding findElement on session 4c5018804416b5cf92fcfae89ac0b992 to remote] DEBUG org.asynchttpclient.netty.request.NettyRequestSender - Using open Channel [id: 0x6396322d, L:/127.0.0.1:52533 - R:localhost/127.0.0.1:15587] for POST '/session/4c5018804416b5cf92fcfae89ac0b992/element'
15:35:47.842 [rp-io-51] DEBUG com.epam.reportportal.service.Launch - TestItem with ID = 'bd25de8b-b59f-43e7-8664-89568ebcebb5' successfully finished.
15:35:47.842 [rp-io-51] DEBUG com.epam.reportportal.utils.SubscriptionUtils - Finish test item completed
15:35:47.848 [rp-io-53] DEBUG com.epam.reportportal.service.Launch - ReportPortal item with ID 'd349aacd-840a-4871-8fb0-2d8490631d15' has been created
15:35:47.848 [rp-io-53] DEBUG com.epam.reportportal.utils.SubscriptionUtils - Start test item successfully completed
15:35:48.198 [AsyncHttpClient-1-8] DEBUG org.asynchttpclient.netty.handler.HttpHandler - 

Request DefaultHttpRequest(decodeResult: success, version: HTTP/1.1)
POST /session/4c5018804416b5cf92fcfae89ac0b992/element HTTP/1.1
User-Agent: selenium/4.8.3 (java windows)
Content-Length: 168
Content-Type: application/json; charset=utf-8
host: localhost:15587
accept: */*

Response DefaultHttpResponse(decodeResult: success, version: HTTP/1.1)
HTTP/1.1 200 OK
Content-Length: 95
Content-Type: application/json; charset=utf-8
cache-control: no-cache

15:35:48.198 [AsyncHttpClient-1-8] DEBUG org.asynchttpclient.netty.channel.ChannelManager - Adding key: http://localhost:15587 for channel [id: 0x6396322d, L:/127.0.0.1:52533 - R:localhost/127.0.0.1:15587]
15:35:48.200 [Forwarding clickElement on session 4c5018804416b5cf92fcfae89ac0b992 to remote] DEBUG org.asynchttpclient.netty.request.NettyRequestSender - Using pooled Channel '[id: 0x6396322d, L:/127.0.0.1:52533 - R:localhost/127.0.0.1:15587]' for 'POST' to 'http://localhost:15587/session/4c5018804416b5cf92fcfae89ac0b992/element/9BF102E5A33F4CE01B3DDD96550D4108_element_36/click'
15:35:48.200 [Forwarding clickElement on session 4c5018804416b5cf92fcfae89ac0b992 to remote] DEBUG org.asynchttpclient.netty.request.NettyRequestSender - Using open Channel [id: 0x6396322d, L:/127.0.0.1:52533 - R:localhost/127.0.0.1:15587] for POST '/session/4c5018804416b5cf92fcfae89ac0b992/element/9BF102E5A33F4CE01B3DDD96550D4108_element_36/click'
15:35:48.381 [AsyncHttpClient-1-8] DEBUG org.asynchttpclient.netty.handler.HttpHandler - 

Request DefaultHttpRequest(decodeResult: success, version: HTTP/1.1)
POST /session/4c5018804416b5cf92fcfae89ac0b992/element/9BF102E5A33F4CE01B3DDD96550D4108_element_36/click HTTP/1.1
User-Agent: selenium/4.8.3 (java windows)
Content-Length: 57
Content-Type: application/json; charset=utf-8
host: localhost:15587
accept: */*

Response DefaultHttpResponse(decodeResult: success, version: HTTP/1.1)
HTTP/1.1 200 OK
Content-Length: 14
Content-Type: application/json; charset=utf-8
cache-control: no-cache

15:35:48.381 [AsyncHttpClient-1-8] DEBUG org.asynchttpclient.netty.channel.ChannelManager - Adding key: http://localhost:15587 for channel [id: 0x6396322d, L:/127.0.0.1:52533 - R:localhost/127.0.0.1:15587]
15:35:48.383 [Forwarding findElement on session 4c5018804416b5cf92fcfae89ac0b992 to remote] DEBUG org.asynchttpclient.netty.request.NettyRequestSender - Using pooled Channel '[id: 0x6396322d, L:/127.0.0.1:52533 - R:localhost/127.0.0.1:15587]' for 'POST' to 'http://localhost:15587/session/4c5018804416b5cf92fcfae89ac0b992/element'
15:35:48.383 [Forwarding findElement on session 4c5018804416b5cf92fcfae89ac0b992 to remote] DEBUG org.asynchttpclient.netty.request.NettyRequestSender - Using open Channel [id: 0x6396322d, L:/127.0.0.1:52533 - R:localhost/127.0.0.1:15587] for POST '/session/4c5018804416b5cf92fcfae89ac0b992/element'
15:35:48.797 [AsyncHttpClient-1-8] DEBUG org.asynchttpclient.netty.handler.HttpHandler - 

Request DefaultHttpRequest(decodeResult: success, version: HTTP/1.1)
POST /session/4c5018804416b5cf92fcfae89ac0b992/element HTTP/1.1
User-Agent: selenium/4.8.3 (java windows)
Content-Length: 96
Content-Type: application/json; charset=utf-8
host: localhost:15587
accept: */*

Response DefaultHttpResponse(decodeResult: success, version: HTTP/1.1)
HTTP/1.1 200 OK
Content-Length: 95
Content-Type: application/json; charset=utf-8
cache-control: no-cache

15:35:48.797 [AsyncHttpClient-1-8] DEBUG org.asynchttpclient.netty.channel.ChannelManager - Adding key: http://localhost:15587 for channel [id: 0x6396322d, L:/127.0.0.1:52533 - R:localhost/127.0.0.1:15587]
15:35:48.799 [Forwarding executeScript on session 4c5018804416b5cf92fcfae89ac0b992 to remote] DEBUG org.asynchttpclient.netty.request.NettyRequestSender - Using pooled Channel '[id: 0x6396322d, L:/127.0.0.1:52533 - R:localhost/127.0.0.1:15587]' for 'POST' to 'http://localhost:15587/session/4c5018804416b5cf92fcfae89ac0b992/execute/sync'
15:35:48.799 [Forwarding executeScript on session 4c5018804416b5cf92fcfae89ac0b992 to remote] DEBUG org.asynchttpclient.netty.request.NettyRequestSender - Using open Channel [id: 0x6396322d, L:/127.0.0.1:52533 - R:localhost/127.0.0.1:15587] for POST '/session/4c5018804416b5cf92fcfae89ac0b992/execute/sync'
15:35:48.814 [AsyncHttpClient-1-8] DEBUG org.asynchttpclient.netty.handler.HttpHandler - 

Request DefaultHttpRequest(decodeResult: success, version: HTTP/1.1)
POST /session/4c5018804416b5cf92fcfae89ac0b992/execute/sync HTTP/1.1
User-Agent: selenium/4.8.3 (java windows)
Content-Length: 232
Content-Type: application/json; charset=utf-8
host: localhost:15587
accept: */*

Response DefaultHttpResponse(decodeResult: success, version: HTTP/1.1)
HTTP/1.1 200 OK
Content-Length: 14
Content-Type: application/json; charset=utf-8
cache-control: no-cache

15:35:48.814 [AsyncHttpClient-1-8] DEBUG org.asynchttpclient.netty.channel.ChannelManager - Adding key: http://localhost:15587 for channel [id: 0x6396322d, L:/127.0.0.1:52533 - R:localhost/127.0.0.1:15587]
15:35:48.816 [Forwarding findElement on session 4c5018804416b5cf92fcfae89ac0b992 to remote] DEBUG org.asynchttpclient.netty.request.NettyRequestSender - Using pooled Channel '[id: 0x6396322d, L:/127.0.0.1:52533 - R:localhost/127.0.0.1:15587]' for 'POST' to 'http://localhost:15587/session/4c5018804416b5cf92fcfae89ac0b992/element'
15:35:48.816 [Forwarding findElement on session 4c5018804416b5cf92fcfae89ac0b992 to remote] DEBUG org.asynchttpclient.netty.request.NettyRequestSender - Using open Channel [id: 0x6396322d, L:/127.0.0.1:52533 - R:localhost/127.0.0.1:15587] for POST '/session/4c5018804416b5cf92fcfae89ac0b992/element'
15:35:48.896 [AsyncHttpClient-1-1] DEBUG org.asynchttpclient.netty.channel.DefaultChannelPool - Entry count for : http://localhost:52535 : 1
15:35:49.151 [AsyncHttpClient-1-8] DEBUG org.asynchttpclient.netty.handler.HttpHandler - 

Request DefaultHttpRequest(decodeResult: success, version: HTTP/1.1)
POST /session/4c5018804416b5cf92fcfae89ac0b992/element HTTP/1.1
User-Agent: selenium/4.8.3 (java windows)
Content-Length: 96
Content-Type: application/json; charset=utf-8
host: localhost:15587
accept: */*

Response DefaultHttpResponse(decodeResult: success, version: HTTP/1.1)
HTTP/1.1 200 OK
Content-Length: 95
Content-Type: application/json; charset=utf-8
cache-control: no-cache

15:35:49.152 [AsyncHttpClient-1-8] DEBUG org.asynchttpclient.netty.channel.ChannelManager - Adding key: http://localhost:15587 for channel [id: 0x6396322d, L:/127.0.0.1:52533 - R:localhost/127.0.0.1:15587]
15:35:49.155 [Forwarding isElementDisplayed on session 4c5018804416b5cf92fcfae89ac0b992 to remote] DEBUG org.asynchttpclient.netty.request.NettyRequestSender - Using pooled Channel '[id: 0x6396322d, L:/127.0.0.1:52533 - R:localhost/127.0.0.1:15587]' for 'POST' to 'http://localhost:15587/session/4c5018804416b5cf92fcfae89ac0b992/execute/sync'
15:35:49.156 [Forwarding isElementDisplayed on session 4c5018804416b5cf92fcfae89ac0b992 to remote] DEBUG org.asynchttpclient.netty.request.NettyRequestSender - Using open Channel [id: 0x6396322d, L:/127.0.0.1:52533 - R:localhost/127.0.0.1:15587] for POST '/session/4c5018804416b5cf92fcfae89ac0b992/execute/sync'
15:35:49.184 [AsyncHttpClient-1-8] DEBUG org.asynchttpclient.netty.handler.HttpHandler - 

Request DefaultHttpRequest(decodeResult: success, version: HTTP/1.1)
POST /session/4c5018804416b5cf92fcfae89ac0b992/execute/sync HTTP/1.1
User-Agent: selenium/4.8.3 (java windows)
Content-Length: 48814
Content-Type: application/json; charset=utf-8
host: localhost:15587
accept: */*

Response DefaultHttpResponse(decodeResult: success, version: HTTP/1.1)
HTTP/1.1 200 OK
Content-Length: 14
Content-Type: application/json; charset=utf-8
cache-control: no-cache

15:35:49.184 [AsyncHttpClient-1-8] DEBUG org.asynchttpclient.netty.channel.ChannelManager - Adding key: http://localhost:15587 for channel [id: 0x6396322d, L:/127.0.0.1:52533 - R:localhost/127.0.0.1:15587]
2023-06-21 15:35:49 INFO  Listeners:38 - Succeeded Test null
]]></system-out>
    <system-err><![CDATA[Starting ChromeDriver 114.0.5735.90 (386bc09e8f4f2e025eddae123f36f6263096ae49-refs/branch-heads/5735@{#1052}) on port 15587
Only local connections are allowed.
Please see https://chromedriver.chromium.org/security-considerations for suggestions on keeping ChromeDriver safe.
ChromeDriver was started successfully.
Jun 21, 2023 3:35:45 PM org.openqa.selenium.devtools.CdpVersionFinder findNearestMatch
WARNING: Unable to find an exact match for CDP version 114, so returning the closest version found: 111
]]></system-err>
  </testcase>
  <testcase name="searchDashboardNameDP[TEST CASES GROWTH TREND CHART](4)" classname="alltests.uitest.coreTest.DashboardPageTest" time="1.307">
    <system-out><![CDATA[15:35:49.187 [rp-io-59] DEBUG com.epam.reportportal.service.Launch - Starting test item...rp-io-59
15:35:49.189 [AsyncHttpClient-1-10] DEBUG org.asynchttpclient.netty.handler.WebSocketHandler - Channel Closed: [id: 0x8f9b2c01, L:/127.0.0.1:52544 ! R:localhost/127.0.0.1:52535] with attribute NettyResponseFuture{currentRetry=0,
	isDone=1,
	isCancelled=0,
	asyncHandler=org.asynchttpclient.ws.WebSocketUpgradeHandler@54b8fec5,
	nettyRequest=org.asynchttpclient.netty.request.NettyRequest@11ba7a36,
	future=java.util.concurrent.CompletableFuture@4b8da889[Completed normally],
	uri=ws://localhost:52535/devtools/browser/00777332-7397-450a-9eff-e409fb7981e3,
	keepAlive=true,
	redirectCount=0,
	timeoutsHolder=null,
	inAuth=0,
	touch=1687354545828}
15:35:49.189 [AsyncHttpClient-1-10] DEBUG org.asynchttpclient.netty.channel.ChannelManager - Closing Channel [id: 0x8f9b2c01, L:/127.0.0.1:52544 ! R:localhost/127.0.0.1:52535] 
15:35:49.189 [Driver Command Executor] DEBUG org.asynchttpclient.netty.request.NettyRequestSender - Using pooled Channel '[id: 0x6396322d, L:/127.0.0.1:52533 - R:localhost/127.0.0.1:15587]' for 'DELETE' to 'http://localhost:15587/session/4c5018804416b5cf92fcfae89ac0b992'
15:35:49.189 [Driver Command Executor] DEBUG org.asynchttpclient.netty.request.NettyRequestSender - Using open Channel [id: 0x6396322d, L:/127.0.0.1:52533 - R:localhost/127.0.0.1:15587] for DELETE '/session/4c5018804416b5cf92fcfae89ac0b992'
15:35:49.204 [rp-io-57] DEBUG com.epam.reportportal.service.Launch - TestItem with ID = 'd349aacd-840a-4871-8fb0-2d8490631d15' successfully finished.
15:35:49.204 [rp-io-57] DEBUG com.epam.reportportal.utils.SubscriptionUtils - Finish test item completed
15:35:49.209 [rp-io-60] DEBUG com.epam.reportportal.service.Launch - ReportPortal item with ID 'f8fc02d1-0096-48b4-9c51-590803ae1a89' has been created
15:35:49.210 [rp-io-60] DEBUG com.epam.reportportal.utils.SubscriptionUtils - Start test item successfully completed
15:35:49.223 [AsyncHttpClient-1-9] DEBUG org.asynchttpclient.netty.handler.HttpHandler - Unexpected I/O exception on channel [id: 0x73db1af5, L:/127.0.0.1:52543 - R:localhost/127.0.0.1:52535]
java.net.SocketException: Connection reset
	at java.base/sun.nio.ch.SocketChannelImpl.throwConnectionReset(SocketChannelImpl.java:394)
	at java.base/sun.nio.ch.SocketChannelImpl.read(SocketChannelImpl.java:426)
	at io.netty.buffer.PooledByteBuf.setBytes(PooledByteBuf.java:256)
	at io.netty.buffer.AbstractByteBuf.writeBytes(AbstractByteBuf.java:1132)
	at io.netty.channel.socket.nio.NioSocketChannel.doReadBytes(NioSocketChannel.java:357)
	at io.netty.channel.nio.AbstractNioByteChannel$NioByteUnsafe.read(AbstractNioByteChannel.java:151)
	at io.netty.channel.nio.NioEventLoop.processSelectedKey(NioEventLoop.java:788)
	at io.netty.channel.nio.NioEventLoop.processSelectedKeysOptimized(NioEventLoop.java:724)
	at io.netty.channel.nio.NioEventLoop.processSelectedKeys(NioEventLoop.java:650)
	at io.netty.channel.nio.NioEventLoop.run(NioEventLoop.java:562)
	at io.netty.util.concurrent.SingleThreadEventExecutor$4.run(SingleThreadEventExecutor.java:997)
	at io.netty.util.internal.ThreadExecutorMap$2.run(ThreadExecutorMap.java:74)
	at io.netty.util.concurrent.FastThreadLocalRunnable.run(FastThreadLocalRunnable.java:30)
	at java.base/java.lang.Thread.run(Thread.java:833)
15:35:49.223 [AsyncHttpClient-1-9] DEBUG org.asynchttpclient.netty.channel.ChannelManager - Closing Channel [id: 0x73db1af5, L:/127.0.0.1:52543 - R:localhost/127.0.0.1:52535] 
15:35:49.224 [AsyncHttpClient-1-9] DEBUG org.asynchttpclient.netty.handler.HttpHandler - Channel Closed: [id: 0x73db1af5, L:/127.0.0.1:52543 ! R:localhost/127.0.0.1:52535] with attribute DISCARD
15:35:49.241 [AsyncHttpClient-1-8] DEBUG org.asynchttpclient.netty.handler.HttpHandler - 

Request DefaultFullHttpRequest(decodeResult: success, version: HTTP/1.1, content: EmptyByteBufBE)
DELETE /session/4c5018804416b5cf92fcfae89ac0b992 HTTP/1.1
User-Agent: selenium/4.8.3 (java windows)
Content-Type: application/json; charset=utf-8
host: localhost:15587
accept: */*

Response DefaultHttpResponse(decodeResult: success, version: HTTP/1.1)
HTTP/1.1 200 OK
Content-Length: 14
Content-Type: application/json; charset=utf-8
cache-control: no-cache

15:35:49.241 [AsyncHttpClient-1-8] DEBUG org.asynchttpclient.netty.channel.ChannelManager - Adding key: http://localhost:15587 for channel [id: 0x6396322d, L:/127.0.0.1:52533 - R:localhost/127.0.0.1:15587]
15:35:49.297 [AsyncHttpClient-1-8] DEBUG org.asynchttpclient.netty.handler.HttpHandler - Channel Closed: [id: 0x6396322d, L:/127.0.0.1:52533 ! R:localhost/127.0.0.1:15587] with attribute DISCARD
2023-06-21 15:35:49 INFO  BaseTest:89 - Test executed**********
15:35:49.341 [rp-io-62] DEBUG com.epam.reportportal.service.Launch - Starting test item...rp-io-62
2023-06-21 15:35:49 INFO  BaseTest:116 - Property files loaded successfully**********
15:35:49.352 [main] DEBUG io.github.bonigarcia.wdm.cache.ResolutionCache - Resolution chrome=114 in cache (valid until 16:09:26 21/06/2023 CEST)
15:35:49.352 [main] DEBUG io.github.bonigarcia.wdm.cache.ResolutionCache - Resolution chrome114=114.0.5735.90 in cache (valid until 09:55:46 22/06/2023 CEST)
15:35:49.352 [main] INFO io.github.bonigarcia.wdm.WebDriverManager - Using chromedriver 114.0.5735.90 (resolved driver for Chrome 114)
15:35:49.357 [rp-io-64] DEBUG com.epam.reportportal.service.Launch - TestItem with ID = 'f8fc02d1-0096-48b4-9c51-590803ae1a89' successfully finished.
15:35:49.357 [rp-io-64] DEBUG com.epam.reportportal.utils.SubscriptionUtils - Finish test item completed
15:35:49.362 [main] DEBUG io.github.bonigarcia.wdm.WebDriverManager - Driver chromedriver 114.0.5735.90 found in cache
15:35:49.362 [rp-io-66] DEBUG com.epam.reportportal.service.Launch - ReportPortal item with ID 'dc176bc1-95cd-4b72-80e9-b13414c076eb' has been created
15:35:49.362 [rp-io-66] DEBUG com.epam.reportportal.utils.SubscriptionUtils - Start test item successfully completed
15:35:49.362 [main] INFO io.github.bonigarcia.wdm.WebDriverManager - Exporting webdriver.chrome.driver as C:\Users\Suwarna_Wagh\.cache\selenium\chromedriver\win32\114.0.5735.90\chromedriver.exe
15:35:49.506 [AsyncHttpClient-1-11] DEBUG org.asynchttpclient.netty.channel.NettyConnectListener - Using new Channel '[id: 0x5880e7bf, L:/127.0.0.1:52565 - R:localhost/127.0.0.1:48538]' for 'POST' to '/session'
15:35:49.995 [AsyncHttpClient-1-1] DEBUG org.asynchttpclient.netty.channel.DefaultChannelPool - Entry count for : http://localhost:52535 : 1
15:35:49.995 [AsyncHttpClient-1-1] DEBUG org.asynchttpclient.netty.channel.DefaultChannelPool - Entry count for : http://localhost:15587 : 1
15:35:49.995 [AsyncHttpClient-1-1] DEBUG org.asynchttpclient.netty.channel.DefaultChannelPool - Adding Candidate expired Channel [id: 0x73db1af5, L:/127.0.0.1:52543 ! R:localhost/127.0.0.1:52535] isIdleTimeoutExpired=false isRemotelyClosed=true isTtlExpired=false
15:35:49.995 [AsyncHttpClient-1-1] DEBUG org.asynchttpclient.netty.channel.DefaultChannelPool - Closing Idle Channel [id: 0x73db1af5, L:/127.0.0.1:52543 ! R:localhost/127.0.0.1:52535]
15:35:49.995 [AsyncHttpClient-1-1] DEBUG org.asynchttpclient.netty.channel.DefaultChannelPool - Adding Candidate expired Channel [id: 0x6396322d, L:/127.0.0.1:52533 ! R:localhost/127.0.0.1:15587] isIdleTimeoutExpired=false isRemotelyClosed=true isTtlExpired=false
15:35:49.995 [AsyncHttpClient-1-1] DEBUG org.asynchttpclient.netty.channel.DefaultChannelPool - Closing Idle Channel [id: 0x6396322d, L:/127.0.0.1:52533 ! R:localhost/127.0.0.1:15587]
15:35:49.995 [AsyncHttpClient-1-1] DEBUG org.asynchttpclient.netty.channel.DefaultChannelPool - Closed 2 connections out of 2 in 0 ms
15:35:50.526 [AsyncHttpClient-1-11] DEBUG org.asynchttpclient.netty.handler.HttpHandler - 

Request DefaultHttpRequest(decodeResult: success, version: HTTP/1.1)
POST /session HTTP/1.1
User-Agent: selenium/4.8.3 (java windows)
Content-Length: 439
Content-Type: application/json; charset=utf-8
host: localhost:48538
accept: */*

Response DefaultHttpResponse(decodeResult: success, version: HTTP/1.1)
HTTP/1.1 200 OK
Content-Length: 863
Content-Type: application/json; charset=utf-8
cache-control: no-cache

15:35:50.527 [AsyncHttpClient-1-11] DEBUG org.asynchttpclient.netty.channel.ChannelManager - Adding key: http://localhost:48538 for channel [id: 0x5880e7bf, L:/127.0.0.1:52565 - R:localhost/127.0.0.1:48538]
15:35:50.534 [AsyncHttpClient-1-12] DEBUG org.asynchttpclient.netty.channel.NettyConnectListener - Using new Channel '[id: 0x2b8e51a8, L:/127.0.0.1:52574 - R:localhost/127.0.0.1:52566]' for 'GET' to '/json/version'
15:35:50.537 [AsyncHttpClient-1-12] DEBUG org.asynchttpclient.netty.handler.HttpHandler - 

Request DefaultFullHttpRequest(decodeResult: success, version: HTTP/1.1, content: EmptyByteBufBE)
GET /json/version HTTP/1.1
User-Agent: selenium/4.8.3 (java windows)
host: localhost:52566
accept: */*

Response DefaultHttpResponse(decodeResult: success, version: HTTP/1.1)
HTTP/1.1 200 OK
Content-Security-Policy: frame-ancestors 'none'
Content-Length: 424
Content-Type: application/json; charset=UTF-8

15:35:50.538 [AsyncHttpClient-1-12] DEBUG org.asynchttpclient.netty.channel.ChannelManager - Adding key: http://localhost:52566 for channel [id: 0x2b8e51a8, L:/127.0.0.1:52574 - R:localhost/127.0.0.1:52566]
15:35:50.540 [AsyncHttpClient-1-13] DEBUG org.asynchttpclient.netty.channel.NettyConnectListener - Using new Channel '[id: 0x4b56e0fe, L:/127.0.0.1:52575 - R:localhost/127.0.0.1:52566]' for 'GET' to '/devtools/browser/92f96323-71ee-4025-bfaa-9067f3189413'
15:35:50.542 [AsyncHttpClient-1-13] DEBUG org.asynchttpclient.netty.handler.WebSocketHandler - 

Request DefaultFullHttpRequest(decodeResult: success, version: HTTP/1.1, content: EmptyByteBufBE)
GET /devtools/browser/92f96323-71ee-4025-bfaa-9067f3189413 HTTP/1.1
upgrade: websocket
connection: upgrade
sec-websocket-key: ++OrT3R/7jxeAXgN1JSvzA==
sec-websocket-version: 13
origin: http://localhost:52566
host: localhost:52566
accept: */*
user-agent: AHC/2.1

Response DefaultHttpResponse(decodeResult: success, version: HTTP/1.1)
HTTP/1.1 101 WebSocket Protocol Handshake
Upgrade: WebSocket
Connection: Upgrade
Sec-WebSocket-Accept: iUJKYn/hXCzC720KhBTjbl/NNtQ=

15:35:50.546 [Forwarding setTimeout on session d79060a0f2124806f3e5f47a14af3bfb to remote] DEBUG org.asynchttpclient.netty.request.NettyRequestSender - Using pooled Channel '[id: 0x5880e7bf, L:/127.0.0.1:52565 - R:localhost/127.0.0.1:48538]' for 'POST' to 'http://localhost:48538/session/d79060a0f2124806f3e5f47a14af3bfb/timeouts'
15:35:50.546 [Forwarding setTimeout on session d79060a0f2124806f3e5f47a14af3bfb to remote] DEBUG org.asynchttpclient.netty.request.NettyRequestSender - Using open Channel [id: 0x5880e7bf, L:/127.0.0.1:52565 - R:localhost/127.0.0.1:48538] for POST '/session/d79060a0f2124806f3e5f47a14af3bfb/timeouts'
15:35:50.547 [AsyncHttpClient-1-11] DEBUG org.asynchttpclient.netty.handler.HttpHandler - 

Request DefaultHttpRequest(decodeResult: success, version: HTTP/1.1)
POST /session/d79060a0f2124806f3e5f47a14af3bfb/timeouts HTTP/1.1
User-Agent: selenium/4.8.3 (java windows)
Content-Length: 22
Content-Type: application/json; charset=utf-8
host: localhost:48538
accept: */*

Response DefaultHttpResponse(decodeResult: success, version: HTTP/1.1)
HTTP/1.1 200 OK
Content-Length: 14
Content-Type: application/json; charset=utf-8
cache-control: no-cache

15:35:50.547 [AsyncHttpClient-1-11] DEBUG org.asynchttpclient.netty.channel.ChannelManager - Adding key: http://localhost:48538 for channel [id: 0x5880e7bf, L:/127.0.0.1:52565 - R:localhost/127.0.0.1:48538]
15:35:50.549 [Forwarding maximizeCurrentWindow on session d79060a0f2124806f3e5f47a14af3bfb to remote] DEBUG org.asynchttpclient.netty.request.NettyRequestSender - Using pooled Channel '[id: 0x5880e7bf, L:/127.0.0.1:52565 - R:localhost/127.0.0.1:48538]' for 'POST' to 'http://localhost:48538/session/d79060a0f2124806f3e5f47a14af3bfb/window/maximize'
15:35:50.549 [Forwarding maximizeCurrentWindow on session d79060a0f2124806f3e5f47a14af3bfb to remote] DEBUG org.asynchttpclient.netty.request.NettyRequestSender - Using open Channel [id: 0x5880e7bf, L:/127.0.0.1:52565 - R:localhost/127.0.0.1:48538] for POST '/session/d79060a0f2124806f3e5f47a14af3bfb/window/maximize'
15:35:50.666 [AsyncHttpClient-1-11] DEBUG org.asynchttpclient.netty.handler.HttpHandler - 

Request DefaultHttpRequest(decodeResult: success, version: HTTP/1.1)
POST /session/d79060a0f2124806f3e5f47a14af3bfb/window/maximize HTTP/1.1
User-Agent: selenium/4.8.3 (java windows)
Content-Length: 3
Content-Type: application/json; charset=utf-8
host: localhost:48538
accept: */*

Response DefaultHttpResponse(decodeResult: success, version: HTTP/1.1)
HTTP/1.1 200 OK
Content-Length: 51
Content-Type: application/json; charset=utf-8
cache-control: no-cache

15:35:50.667 [AsyncHttpClient-1-11] DEBUG org.asynchttpclient.netty.channel.ChannelManager - Adding key: http://localhost:48538 for channel [id: 0x5880e7bf, L:/127.0.0.1:52565 - R:localhost/127.0.0.1:48538]
15:35:50.669 [Forwarding get on session d79060a0f2124806f3e5f47a14af3bfb to remote] DEBUG org.asynchttpclient.netty.request.NettyRequestSender - Using pooled Channel '[id: 0x5880e7bf, L:/127.0.0.1:52565 - R:localhost/127.0.0.1:48538]' for 'POST' to 'http://localhost:48538/session/d79060a0f2124806f3e5f47a14af3bfb/url'
15:35:50.669 [Forwarding get on session d79060a0f2124806f3e5f47a14af3bfb to remote] DEBUG org.asynchttpclient.netty.request.NettyRequestSender - Using open Channel [id: 0x5880e7bf, L:/127.0.0.1:52565 - R:localhost/127.0.0.1:48538] for POST '/session/d79060a0f2124806f3e5f47a14af3bfb/url'
15:35:51.095 [AsyncHttpClient-1-1] DEBUG org.asynchttpclient.netty.channel.DefaultChannelPool - Entry count for : http://localhost:52566 : 1
15:35:52.129 [AsyncHttpClient-1-11] DEBUG org.asynchttpclient.netty.handler.HttpHandler - 

Request DefaultHttpRequest(decodeResult: success, version: HTTP/1.1)
POST /session/d79060a0f2124806f3e5f47a14af3bfb/url HTTP/1.1
User-Agent: selenium/4.8.3 (java windows)
Content-Length: 52
Content-Type: application/json; charset=utf-8
host: localhost:48538
accept: */*

Response DefaultHttpResponse(decodeResult: success, version: HTTP/1.1)
HTTP/1.1 200 OK
Content-Length: 14
Content-Type: application/json; charset=utf-8
cache-control: no-cache

15:35:52.130 [AsyncHttpClient-1-11] DEBUG org.asynchttpclient.netty.channel.ChannelManager - Adding key: http://localhost:48538 for channel [id: 0x5880e7bf, L:/127.0.0.1:52565 - R:localhost/127.0.0.1:48538]
2023-06-21 15:35:52 INFO  BaseTest:110 - Test driver set up done successfully**********
2023-06-21 15:35:52 INFO  BaseTest:128 - Logging in to portal
15:35:52.132 [Forwarding findElement on session d79060a0f2124806f3e5f47a14af3bfb to remote] DEBUG org.asynchttpclient.netty.request.NettyRequestSender - Using pooled Channel '[id: 0x5880e7bf, L:/127.0.0.1:52565 - R:localhost/127.0.0.1:48538]' for 'POST' to 'http://localhost:48538/session/d79060a0f2124806f3e5f47a14af3bfb/element'
15:35:52.132 [Forwarding findElement on session d79060a0f2124806f3e5f47a14af3bfb to remote] DEBUG org.asynchttpclient.netty.request.NettyRequestSender - Using open Channel [id: 0x5880e7bf, L:/127.0.0.1:52565 - R:localhost/127.0.0.1:48538] for POST '/session/d79060a0f2124806f3e5f47a14af3bfb/element'
15:35:52.146 [AsyncHttpClient-1-11] DEBUG org.asynchttpclient.netty.handler.HttpHandler - 

Request DefaultHttpRequest(decodeResult: success, version: HTTP/1.1)
POST /session/d79060a0f2124806f3e5f47a14af3bfb/element HTTP/1.1
User-Agent: selenium/4.8.3 (java windows)
Content-Length: 59
Content-Type: application/json; charset=utf-8
host: localhost:48538
accept: */*

Response DefaultHttpResponse(decodeResult: success, version: HTTP/1.1)
HTTP/1.1 200 OK
Content-Length: 95
Content-Type: application/json; charset=utf-8
cache-control: no-cache

15:35:52.146 [AsyncHttpClient-1-11] DEBUG org.asynchttpclient.netty.channel.ChannelManager - Adding key: http://localhost:48538 for channel [id: 0x5880e7bf, L:/127.0.0.1:52565 - R:localhost/127.0.0.1:48538]
15:35:52.148 [Forwarding clearElement on session d79060a0f2124806f3e5f47a14af3bfb to remote] DEBUG org.asynchttpclient.netty.request.NettyRequestSender - Using pooled Channel '[id: 0x5880e7bf, L:/127.0.0.1:52565 - R:localhost/127.0.0.1:48538]' for 'POST' to 'http://localhost:48538/session/d79060a0f2124806f3e5f47a14af3bfb/element/F58A5B57EEB5C858AD843A4C50095CC8_element_27/clear'
15:35:52.148 [Forwarding clearElement on session d79060a0f2124806f3e5f47a14af3bfb to remote] DEBUG org.asynchttpclient.netty.request.NettyRequestSender - Using open Channel [id: 0x5880e7bf, L:/127.0.0.1:52565 - R:localhost/127.0.0.1:48538] for POST '/session/d79060a0f2124806f3e5f47a14af3bfb/element/F58A5B57EEB5C858AD843A4C50095CC8_element_27/clear'
15:35:52.195 [AsyncHttpClient-1-1] DEBUG org.asynchttpclient.netty.channel.DefaultChannelPool - Entry count for : http://localhost:52566 : 1
15:35:52.195 [AsyncHttpClient-1-11] DEBUG org.asynchttpclient.netty.handler.HttpHandler - 

Request DefaultHttpRequest(decodeResult: success, version: HTTP/1.1)
POST /session/d79060a0f2124806f3e5f47a14af3bfb/element/F58A5B57EEB5C858AD843A4C50095CC8_element_27/clear HTTP/1.1
User-Agent: selenium/4.8.3 (java windows)
Content-Length: 57
Content-Type: application/json; charset=utf-8
host: localhost:48538
accept: */*

Response DefaultHttpResponse(decodeResult: success, version: HTTP/1.1)
HTTP/1.1 200 OK
Content-Length: 14
Content-Type: application/json; charset=utf-8
cache-control: no-cache

15:35:52.195 [AsyncHttpClient-1-11] DEBUG org.asynchttpclient.netty.channel.ChannelManager - Adding key: http://localhost:48538 for channel [id: 0x5880e7bf, L:/127.0.0.1:52565 - R:localhost/127.0.0.1:48538]
15:35:52.196 [Forwarding findElement on session d79060a0f2124806f3e5f47a14af3bfb to remote] DEBUG org.asynchttpclient.netty.request.NettyRequestSender - Using pooled Channel '[id: 0x5880e7bf, L:/127.0.0.1:52565 - R:localhost/127.0.0.1:48538]' for 'POST' to 'http://localhost:48538/session/d79060a0f2124806f3e5f47a14af3bfb/element'
15:35:52.196 [Forwarding findElement on session d79060a0f2124806f3e5f47a14af3bfb to remote] DEBUG org.asynchttpclient.netty.request.NettyRequestSender - Using open Channel [id: 0x5880e7bf, L:/127.0.0.1:52565 - R:localhost/127.0.0.1:48538] for POST '/session/d79060a0f2124806f3e5f47a14af3bfb/element'
15:35:52.207 [AsyncHttpClient-1-11] DEBUG org.asynchttpclient.netty.handler.HttpHandler - 

Request DefaultHttpRequest(decodeResult: success, version: HTTP/1.1)
POST /session/d79060a0f2124806f3e5f47a14af3bfb/element HTTP/1.1
User-Agent: selenium/4.8.3 (java windows)
Content-Length: 59
Content-Type: application/json; charset=utf-8
host: localhost:48538
accept: */*

Response DefaultHttpResponse(decodeResult: success, version: HTTP/1.1)
HTTP/1.1 200 OK
Content-Length: 95
Content-Type: application/json; charset=utf-8
cache-control: no-cache

15:35:52.207 [AsyncHttpClient-1-11] DEBUG org.asynchttpclient.netty.channel.ChannelManager - Adding key: http://localhost:48538 for channel [id: 0x5880e7bf, L:/127.0.0.1:52565 - R:localhost/127.0.0.1:48538]
15:35:52.209 [Forwarding sendKeysToElement on session d79060a0f2124806f3e5f47a14af3bfb to remote] DEBUG org.asynchttpclient.netty.request.NettyRequestSender - Using pooled Channel '[id: 0x5880e7bf, L:/127.0.0.1:52565 - R:localhost/127.0.0.1:48538]' for 'POST' to 'http://localhost:48538/session/d79060a0f2124806f3e5f47a14af3bfb/element/F58A5B57EEB5C858AD843A4C50095CC8_element_27/value'
15:35:52.209 [Forwarding sendKeysToElement on session d79060a0f2124806f3e5f47a14af3bfb to remote] DEBUG org.asynchttpclient.netty.request.NettyRequestSender - Using open Channel [id: 0x5880e7bf, L:/127.0.0.1:52565 - R:localhost/127.0.0.1:48538] for POST '/session/d79060a0f2124806f3e5f47a14af3bfb/element/F58A5B57EEB5C858AD843A4C50095CC8_element_27/value'
15:35:52.301 [AsyncHttpClient-1-11] DEBUG org.asynchttpclient.netty.handler.HttpHandler - 

Request DefaultHttpRequest(decodeResult: success, version: HTTP/1.1)
POST /session/d79060a0f2124806f3e5f47a14af3bfb/element/F58A5B57EEB5C858AD843A4C50095CC8_element_27/value HTTP/1.1
User-Agent: selenium/4.8.3 (java windows)
Content-Length: 188
Content-Type: application/json; charset=utf-8
host: localhost:48538
accept: */*

Response DefaultHttpResponse(decodeResult: success, version: HTTP/1.1)
HTTP/1.1 200 OK
Content-Length: 14
Content-Type: application/json; charset=utf-8
cache-control: no-cache

15:35:52.302 [AsyncHttpClient-1-11] DEBUG org.asynchttpclient.netty.channel.ChannelManager - Adding key: http://localhost:48538 for channel [id: 0x5880e7bf, L:/127.0.0.1:52565 - R:localhost/127.0.0.1:48538]
15:35:52.303 [Forwarding findElement on session d79060a0f2124806f3e5f47a14af3bfb to remote] DEBUG org.asynchttpclient.netty.request.NettyRequestSender - Using pooled Channel '[id: 0x5880e7bf, L:/127.0.0.1:52565 - R:localhost/127.0.0.1:48538]' for 'POST' to 'http://localhost:48538/session/d79060a0f2124806f3e5f47a14af3bfb/element'
15:35:52.303 [Forwarding findElement on session d79060a0f2124806f3e5f47a14af3bfb to remote] DEBUG org.asynchttpclient.netty.request.NettyRequestSender - Using open Channel [id: 0x5880e7bf, L:/127.0.0.1:52565 - R:localhost/127.0.0.1:48538] for POST '/session/d79060a0f2124806f3e5f47a14af3bfb/element'
15:35:52.316 [AsyncHttpClient-1-11] DEBUG org.asynchttpclient.netty.handler.HttpHandler - 

Request DefaultHttpRequest(decodeResult: success, version: HTTP/1.1)
POST /session/d79060a0f2124806f3e5f47a14af3bfb/element HTTP/1.1
User-Agent: selenium/4.8.3 (java windows)
Content-Length: 62
Content-Type: application/json; charset=utf-8
host: localhost:48538
accept: */*

Response DefaultHttpResponse(decodeResult: success, version: HTTP/1.1)
HTTP/1.1 200 OK
Content-Length: 95
Content-Type: application/json; charset=utf-8
cache-control: no-cache

15:35:52.316 [AsyncHttpClient-1-11] DEBUG org.asynchttpclient.netty.channel.ChannelManager - Adding key: http://localhost:48538 for channel [id: 0x5880e7bf, L:/127.0.0.1:52565 - R:localhost/127.0.0.1:48538]
15:35:52.317 [Forwarding clearElement on session d79060a0f2124806f3e5f47a14af3bfb to remote] DEBUG org.asynchttpclient.netty.request.NettyRequestSender - Using pooled Channel '[id: 0x5880e7bf, L:/127.0.0.1:52565 - R:localhost/127.0.0.1:48538]' for 'POST' to 'http://localhost:48538/session/d79060a0f2124806f3e5f47a14af3bfb/element/F58A5B57EEB5C858AD843A4C50095CC8_element_29/clear'
15:35:52.317 [Forwarding clearElement on session d79060a0f2124806f3e5f47a14af3bfb to remote] DEBUG org.asynchttpclient.netty.request.NettyRequestSender - Using open Channel [id: 0x5880e7bf, L:/127.0.0.1:52565 - R:localhost/127.0.0.1:48538] for POST '/session/d79060a0f2124806f3e5f47a14af3bfb/element/F58A5B57EEB5C858AD843A4C50095CC8_element_29/clear'
15:35:52.375 [AsyncHttpClient-1-11] DEBUG org.asynchttpclient.netty.handler.HttpHandler - 

Request DefaultHttpRequest(decodeResult: success, version: HTTP/1.1)
POST /session/d79060a0f2124806f3e5f47a14af3bfb/element/F58A5B57EEB5C858AD843A4C50095CC8_element_29/clear HTTP/1.1
User-Agent: selenium/4.8.3 (java windows)
Content-Length: 57
Content-Type: application/json; charset=utf-8
host: localhost:48538
accept: */*

Response DefaultHttpResponse(decodeResult: success, version: HTTP/1.1)
HTTP/1.1 200 OK
Content-Length: 14
Content-Type: application/json; charset=utf-8
cache-control: no-cache

15:35:52.375 [AsyncHttpClient-1-11] DEBUG org.asynchttpclient.netty.channel.ChannelManager - Adding key: http://localhost:48538 for channel [id: 0x5880e7bf, L:/127.0.0.1:52565 - R:localhost/127.0.0.1:48538]
15:35:52.376 [Forwarding findElement on session d79060a0f2124806f3e5f47a14af3bfb to remote] DEBUG org.asynchttpclient.netty.request.NettyRequestSender - Using pooled Channel '[id: 0x5880e7bf, L:/127.0.0.1:52565 - R:localhost/127.0.0.1:48538]' for 'POST' to 'http://localhost:48538/session/d79060a0f2124806f3e5f47a14af3bfb/element'
15:35:52.376 [Forwarding findElement on session d79060a0f2124806f3e5f47a14af3bfb to remote] DEBUG org.asynchttpclient.netty.request.NettyRequestSender - Using open Channel [id: 0x5880e7bf, L:/127.0.0.1:52565 - R:localhost/127.0.0.1:48538] for POST '/session/d79060a0f2124806f3e5f47a14af3bfb/element'
15:35:52.386 [AsyncHttpClient-1-11] DEBUG org.asynchttpclient.netty.handler.HttpHandler - 

Request DefaultHttpRequest(decodeResult: success, version: HTTP/1.1)
POST /session/d79060a0f2124806f3e5f47a14af3bfb/element HTTP/1.1
User-Agent: selenium/4.8.3 (java windows)
Content-Length: 62
Content-Type: application/json; charset=utf-8
host: localhost:48538
accept: */*

Response DefaultHttpResponse(decodeResult: success, version: HTTP/1.1)
HTTP/1.1 200 OK
Content-Length: 95
Content-Type: application/json; charset=utf-8
cache-control: no-cache

15:35:52.386 [AsyncHttpClient-1-11] DEBUG org.asynchttpclient.netty.channel.ChannelManager - Adding key: http://localhost:48538 for channel [id: 0x5880e7bf, L:/127.0.0.1:52565 - R:localhost/127.0.0.1:48538]
15:35:52.388 [Forwarding sendKeysToElement on session d79060a0f2124806f3e5f47a14af3bfb to remote] DEBUG org.asynchttpclient.netty.request.NettyRequestSender - Using pooled Channel '[id: 0x5880e7bf, L:/127.0.0.1:52565 - R:localhost/127.0.0.1:48538]' for 'POST' to 'http://localhost:48538/session/d79060a0f2124806f3e5f47a14af3bfb/element/F58A5B57EEB5C858AD843A4C50095CC8_element_29/value'
15:35:52.388 [Forwarding sendKeysToElement on session d79060a0f2124806f3e5f47a14af3bfb to remote] DEBUG org.asynchttpclient.netty.request.NettyRequestSender - Using open Channel [id: 0x5880e7bf, L:/127.0.0.1:52565 - R:localhost/127.0.0.1:48538] for POST '/session/d79060a0f2124806f3e5f47a14af3bfb/element/F58A5B57EEB5C858AD843A4C50095CC8_element_29/value'
15:35:52.456 [AsyncHttpClient-1-11] DEBUG org.asynchttpclient.netty.handler.HttpHandler - 

Request DefaultHttpRequest(decodeResult: success, version: HTTP/1.1)
POST /session/d79060a0f2124806f3e5f47a14af3bfb/element/F58A5B57EEB5C858AD843A4C50095CC8_element_29/value HTTP/1.1
User-Agent: selenium/4.8.3 (java windows)
Content-Length: 148
Content-Type: application/json; charset=utf-8
host: localhost:48538
accept: */*

Response DefaultHttpResponse(decodeResult: success, version: HTTP/1.1)
HTTP/1.1 200 OK
Content-Length: 14
Content-Type: application/json; charset=utf-8
cache-control: no-cache

15:35:52.456 [AsyncHttpClient-1-11] DEBUG org.asynchttpclient.netty.channel.ChannelManager - Adding key: http://localhost:48538 for channel [id: 0x5880e7bf, L:/127.0.0.1:52565 - R:localhost/127.0.0.1:48538]
15:35:52.458 [Forwarding findElement on session d79060a0f2124806f3e5f47a14af3bfb to remote] DEBUG org.asynchttpclient.netty.request.NettyRequestSender - Using pooled Channel '[id: 0x5880e7bf, L:/127.0.0.1:52565 - R:localhost/127.0.0.1:48538]' for 'POST' to 'http://localhost:48538/session/d79060a0f2124806f3e5f47a14af3bfb/element'
15:35:52.458 [Forwarding findElement on session d79060a0f2124806f3e5f47a14af3bfb to remote] DEBUG org.asynchttpclient.netty.request.NettyRequestSender - Using open Channel [id: 0x5880e7bf, L:/127.0.0.1:52565 - R:localhost/127.0.0.1:48538] for POST '/session/d79060a0f2124806f3e5f47a14af3bfb/element'
15:35:52.473 [AsyncHttpClient-1-11] DEBUG org.asynchttpclient.netty.handler.HttpHandler - 

Request DefaultHttpRequest(decodeResult: success, version: HTTP/1.1)
POST /session/d79060a0f2124806f3e5f47a14af3bfb/element HTTP/1.1
User-Agent: selenium/4.8.3 (java windows)
Content-Length: 71
Content-Type: application/json; charset=utf-8
host: localhost:48538
accept: */*

Response DefaultHttpResponse(decodeResult: success, version: HTTP/1.1)
HTTP/1.1 200 OK
Content-Length: 95
Content-Type: application/json; charset=utf-8
cache-control: no-cache

15:35:52.473 [AsyncHttpClient-1-11] DEBUG org.asynchttpclient.netty.channel.ChannelManager - Adding key: http://localhost:48538 for channel [id: 0x5880e7bf, L:/127.0.0.1:52565 - R:localhost/127.0.0.1:48538]
15:35:52.474 [Forwarding clickElement on session d79060a0f2124806f3e5f47a14af3bfb to remote] DEBUG org.asynchttpclient.netty.request.NettyRequestSender - Using pooled Channel '[id: 0x5880e7bf, L:/127.0.0.1:52565 - R:localhost/127.0.0.1:48538]' for 'POST' to 'http://localhost:48538/session/d79060a0f2124806f3e5f47a14af3bfb/element/F58A5B57EEB5C858AD843A4C50095CC8_element_33/click'
15:35:52.474 [Forwarding clickElement on session d79060a0f2124806f3e5f47a14af3bfb to remote] DEBUG org.asynchttpclient.netty.request.NettyRequestSender - Using open Channel [id: 0x5880e7bf, L:/127.0.0.1:52565 - R:localhost/127.0.0.1:48538] for POST '/session/d79060a0f2124806f3e5f47a14af3bfb/element/F58A5B57EEB5C858AD843A4C50095CC8_element_33/click'
15:35:52.527 [AsyncHttpClient-1-11] DEBUG org.asynchttpclient.netty.handler.HttpHandler - 

Request DefaultHttpRequest(decodeResult: success, version: HTTP/1.1)
POST /session/d79060a0f2124806f3e5f47a14af3bfb/element/F58A5B57EEB5C858AD843A4C50095CC8_element_33/click HTTP/1.1
User-Agent: selenium/4.8.3 (java windows)
Content-Length: 57
Content-Type: application/json; charset=utf-8
host: localhost:48538
accept: */*

Response DefaultHttpResponse(decodeResult: success, version: HTTP/1.1)
HTTP/1.1 200 OK
Content-Length: 14
Content-Type: application/json; charset=utf-8
cache-control: no-cache

15:35:52.527 [AsyncHttpClient-1-11] DEBUG org.asynchttpclient.netty.channel.ChannelManager - Adding key: http://localhost:48538 for channel [id: 0x5880e7bf, L:/127.0.0.1:52565 - R:localhost/127.0.0.1:48538]
2023-06-21 15:35:52 INFO  BaseTest:132 - Logged in
15:35:52.530 [rp-io-71] DEBUG com.epam.reportportal.service.Launch - Starting test item...rp-io-71
2023-06-21 15:35:52 INFO  Listeners:34 - Started Test null
15:35:52.534 [Forwarding findElement on session d79060a0f2124806f3e5f47a14af3bfb to remote] DEBUG org.asynchttpclient.netty.request.NettyRequestSender - Using pooled Channel '[id: 0x5880e7bf, L:/127.0.0.1:52565 - R:localhost/127.0.0.1:48538]' for 'POST' to 'http://localhost:48538/session/d79060a0f2124806f3e5f47a14af3bfb/element'
15:35:52.534 [Forwarding findElement on session d79060a0f2124806f3e5f47a14af3bfb to remote] DEBUG org.asynchttpclient.netty.request.NettyRequestSender - Using open Channel [id: 0x5880e7bf, L:/127.0.0.1:52565 - R:localhost/127.0.0.1:48538] for POST '/session/d79060a0f2124806f3e5f47a14af3bfb/element'
15:35:52.546 [rp-io-69] DEBUG com.epam.reportportal.service.Launch - TestItem with ID = 'dc176bc1-95cd-4b72-80e9-b13414c076eb' successfully finished.
15:35:52.546 [rp-io-69] DEBUG com.epam.reportportal.utils.SubscriptionUtils - Finish test item completed
15:35:52.550 [rp-io-71] DEBUG com.epam.reportportal.service.Launch - ReportPortal item with ID 'b048f2b5-bcce-4839-b09a-0f92115ec037' has been created
15:35:52.550 [rp-io-71] DEBUG com.epam.reportportal.utils.SubscriptionUtils - Start test item successfully completed
15:35:52.911 [AsyncHttpClient-1-11] DEBUG org.asynchttpclient.netty.handler.HttpHandler - 

Request DefaultHttpRequest(decodeResult: success, version: HTTP/1.1)
POST /session/d79060a0f2124806f3e5f47a14af3bfb/element HTTP/1.1
User-Agent: selenium/4.8.3 (java windows)
Content-Length: 168
Content-Type: application/json; charset=utf-8
host: localhost:48538
accept: */*

Response DefaultHttpResponse(decodeResult: success, version: HTTP/1.1)
HTTP/1.1 200 OK
Content-Length: 95
Content-Type: application/json; charset=utf-8
cache-control: no-cache

15:35:52.912 [AsyncHttpClient-1-11] DEBUG org.asynchttpclient.netty.channel.ChannelManager - Adding key: http://localhost:48538 for channel [id: 0x5880e7bf, L:/127.0.0.1:52565 - R:localhost/127.0.0.1:48538]
15:35:52.913 [Forwarding clickElement on session d79060a0f2124806f3e5f47a14af3bfb to remote] DEBUG org.asynchttpclient.netty.request.NettyRequestSender - Using pooled Channel '[id: 0x5880e7bf, L:/127.0.0.1:52565 - R:localhost/127.0.0.1:48538]' for 'POST' to 'http://localhost:48538/session/d79060a0f2124806f3e5f47a14af3bfb/element/F58A5B57EEB5C858AD843A4C50095CC8_element_37/click'
15:35:52.913 [Forwarding clickElement on session d79060a0f2124806f3e5f47a14af3bfb to remote] DEBUG org.asynchttpclient.netty.request.NettyRequestSender - Using open Channel [id: 0x5880e7bf, L:/127.0.0.1:52565 - R:localhost/127.0.0.1:48538] for POST '/session/d79060a0f2124806f3e5f47a14af3bfb/element/F58A5B57EEB5C858AD843A4C50095CC8_element_37/click'
15:35:53.058 [AsyncHttpClient-1-11] DEBUG org.asynchttpclient.netty.handler.HttpHandler - 

Request DefaultHttpRequest(decodeResult: success, version: HTTP/1.1)
POST /session/d79060a0f2124806f3e5f47a14af3bfb/element/F58A5B57EEB5C858AD843A4C50095CC8_element_37/click HTTP/1.1
User-Agent: selenium/4.8.3 (java windows)
Content-Length: 57
Content-Type: application/json; charset=utf-8
host: localhost:48538
accept: */*

Response DefaultHttpResponse(decodeResult: success, version: HTTP/1.1)
HTTP/1.1 200 OK
Content-Length: 14
Content-Type: application/json; charset=utf-8
cache-control: no-cache

15:35:53.058 [AsyncHttpClient-1-11] DEBUG org.asynchttpclient.netty.channel.ChannelManager - Adding key: http://localhost:48538 for channel [id: 0x5880e7bf, L:/127.0.0.1:52565 - R:localhost/127.0.0.1:48538]
15:35:53.061 [Forwarding findElement on session d79060a0f2124806f3e5f47a14af3bfb to remote] DEBUG org.asynchttpclient.netty.request.NettyRequestSender - Using pooled Channel '[id: 0x5880e7bf, L:/127.0.0.1:52565 - R:localhost/127.0.0.1:48538]' for 'POST' to 'http://localhost:48538/session/d79060a0f2124806f3e5f47a14af3bfb/element'
15:35:53.061 [Forwarding findElement on session d79060a0f2124806f3e5f47a14af3bfb to remote] DEBUG org.asynchttpclient.netty.request.NettyRequestSender - Using open Channel [id: 0x5880e7bf, L:/127.0.0.1:52565 - R:localhost/127.0.0.1:48538] for POST '/session/d79060a0f2124806f3e5f47a14af3bfb/element'
15:35:53.297 [AsyncHttpClient-1-1] DEBUG org.asynchttpclient.netty.channel.DefaultChannelPool - Entry count for : http://localhost:52566 : 1
15:35:53.510 [AsyncHttpClient-1-11] DEBUG org.asynchttpclient.netty.handler.HttpHandler - 

Request DefaultHttpRequest(decodeResult: success, version: HTTP/1.1)
POST /session/d79060a0f2124806f3e5f47a14af3bfb/element HTTP/1.1
User-Agent: selenium/4.8.3 (java windows)
Content-Length: 90
Content-Type: application/json; charset=utf-8
host: localhost:48538
accept: */*

Response DefaultHttpResponse(decodeResult: success, version: HTTP/1.1)
HTTP/1.1 200 OK
Content-Length: 95
Content-Type: application/json; charset=utf-8
cache-control: no-cache

15:35:53.510 [AsyncHttpClient-1-11] DEBUG org.asynchttpclient.netty.channel.ChannelManager - Adding key: http://localhost:48538 for channel [id: 0x5880e7bf, L:/127.0.0.1:52565 - R:localhost/127.0.0.1:48538]
15:35:53.511 [Forwarding executeScript on session d79060a0f2124806f3e5f47a14af3bfb to remote] DEBUG org.asynchttpclient.netty.request.NettyRequestSender - Using pooled Channel '[id: 0x5880e7bf, L:/127.0.0.1:52565 - R:localhost/127.0.0.1:48538]' for 'POST' to 'http://localhost:48538/session/d79060a0f2124806f3e5f47a14af3bfb/execute/sync'
15:35:53.511 [Forwarding executeScript on session d79060a0f2124806f3e5f47a14af3bfb to remote] DEBUG org.asynchttpclient.netty.request.NettyRequestSender - Using open Channel [id: 0x5880e7bf, L:/127.0.0.1:52565 - R:localhost/127.0.0.1:48538] for POST '/session/d79060a0f2124806f3e5f47a14af3bfb/execute/sync'
15:35:53.523 [AsyncHttpClient-1-11] DEBUG org.asynchttpclient.netty.handler.HttpHandler - 

Request DefaultHttpRequest(decodeResult: success, version: HTTP/1.1)
POST /session/d79060a0f2124806f3e5f47a14af3bfb/execute/sync HTTP/1.1
User-Agent: selenium/4.8.3 (java windows)
Content-Length: 232
Content-Type: application/json; charset=utf-8
host: localhost:48538
accept: */*

Response DefaultHttpResponse(decodeResult: success, version: HTTP/1.1)
HTTP/1.1 200 OK
Content-Length: 14
Content-Type: application/json; charset=utf-8
cache-control: no-cache

15:35:53.523 [AsyncHttpClient-1-11] DEBUG org.asynchttpclient.netty.channel.ChannelManager - Adding key: http://localhost:48538 for channel [id: 0x5880e7bf, L:/127.0.0.1:52565 - R:localhost/127.0.0.1:48538]
15:35:53.524 [Forwarding findElement on session d79060a0f2124806f3e5f47a14af3bfb to remote] DEBUG org.asynchttpclient.netty.request.NettyRequestSender - Using pooled Channel '[id: 0x5880e7bf, L:/127.0.0.1:52565 - R:localhost/127.0.0.1:48538]' for 'POST' to 'http://localhost:48538/session/d79060a0f2124806f3e5f47a14af3bfb/element'
15:35:53.524 [Forwarding findElement on session d79060a0f2124806f3e5f47a14af3bfb to remote] DEBUG org.asynchttpclient.netty.request.NettyRequestSender - Using open Channel [id: 0x5880e7bf, L:/127.0.0.1:52565 - R:localhost/127.0.0.1:48538] for POST '/session/d79060a0f2124806f3e5f47a14af3bfb/element'
15:35:53.575 [AsyncHttpClient-1-11] DEBUG org.asynchttpclient.netty.handler.HttpHandler - 

Request DefaultHttpRequest(decodeResult: success, version: HTTP/1.1)
POST /session/d79060a0f2124806f3e5f47a14af3bfb/element HTTP/1.1
User-Agent: selenium/4.8.3 (java windows)
Content-Length: 90
Content-Type: application/json; charset=utf-8
host: localhost:48538
accept: */*

Response DefaultHttpResponse(decodeResult: success, version: HTTP/1.1)
HTTP/1.1 200 OK
Content-Length: 95
Content-Type: application/json; charset=utf-8
cache-control: no-cache

15:35:53.575 [AsyncHttpClient-1-11] DEBUG org.asynchttpclient.netty.channel.ChannelManager - Adding key: http://localhost:48538 for channel [id: 0x5880e7bf, L:/127.0.0.1:52565 - R:localhost/127.0.0.1:48538]
15:35:53.583 [Forwarding isElementDisplayed on session d79060a0f2124806f3e5f47a14af3bfb to remote] DEBUG org.asynchttpclient.netty.request.NettyRequestSender - Using pooled Channel '[id: 0x5880e7bf, L:/127.0.0.1:52565 - R:localhost/127.0.0.1:48538]' for 'POST' to 'http://localhost:48538/session/d79060a0f2124806f3e5f47a14af3bfb/execute/sync'
15:35:53.583 [Forwarding isElementDisplayed on session d79060a0f2124806f3e5f47a14af3bfb to remote] DEBUG org.asynchttpclient.netty.request.NettyRequestSender - Using open Channel [id: 0x5880e7bf, L:/127.0.0.1:52565 - R:localhost/127.0.0.1:48538] for POST '/session/d79060a0f2124806f3e5f47a14af3bfb/execute/sync'
15:35:53.843 [AsyncHttpClient-1-11] DEBUG org.asynchttpclient.netty.handler.HttpHandler - 

Request DefaultHttpRequest(decodeResult: success, version: HTTP/1.1)
POST /session/d79060a0f2124806f3e5f47a14af3bfb/execute/sync HTTP/1.1
User-Agent: selenium/4.8.3 (java windows)
Content-Length: 48814
Content-Type: application/json; charset=utf-8
host: localhost:48538
accept: */*

Response DefaultHttpResponse(decodeResult: success, version: HTTP/1.1)
HTTP/1.1 200 OK
Content-Length: 14
Content-Type: application/json; charset=utf-8
cache-control: no-cache

15:35:53.843 [AsyncHttpClient-1-11] DEBUG org.asynchttpclient.netty.channel.ChannelManager - Adding key: http://localhost:48538 for channel [id: 0x5880e7bf, L:/127.0.0.1:52565 - R:localhost/127.0.0.1:48538]
2023-06-21 15:35:53 INFO  Listeners:38 - Succeeded Test null
]]></system-out>
    <system-err><![CDATA[Starting ChromeDriver 114.0.5735.90 (386bc09e8f4f2e025eddae123f36f6263096ae49-refs/branch-heads/5735@{#1052}) on port 48538
Only local connections are allowed.
Please see https://chromedriver.chromium.org/security-considerations for suggestions on keeping ChromeDriver safe.
ChromeDriver was started successfully.
Jun 21, 2023 3:35:50 PM org.openqa.selenium.devtools.CdpVersionFinder findNearestMatch
WARNING: Unable to find an exact match for CDP version 114, so returning the closest version found: 111
]]></system-err>
  </testcase>
  <testcase name="searchDashboardNameDP[OVERALL STATISTICS PANEL](5)" classname="alltests.uitest.coreTest.DashboardPageTest" time="1.34">
    <system-out><![CDATA[15:35:53.846 [rp-io-77] DEBUG com.epam.reportportal.service.Launch - Starting test item...rp-io-77
15:35:53.848 [AsyncHttpClient-1-13] DEBUG org.asynchttpclient.netty.handler.WebSocketHandler - Channel Closed: [id: 0x4b56e0fe, L:/127.0.0.1:52575 ! R:localhost/127.0.0.1:52566] with attribute NettyResponseFuture{currentRetry=0,
	isDone=1,
	isCancelled=0,
	asyncHandler=org.asynchttpclient.ws.WebSocketUpgradeHandler@4034e893,
	nettyRequest=org.asynchttpclient.netty.request.NettyRequest@5366ef1,
	future=java.util.concurrent.CompletableFuture@2b4b262f[Completed normally],
	uri=ws://localhost:52566/devtools/browser/92f96323-71ee-4025-bfaa-9067f3189413,
	keepAlive=true,
	redirectCount=0,
	timeoutsHolder=null,
	inAuth=0,
	touch=1687354550542}
15:35:53.848 [AsyncHttpClient-1-13] DEBUG org.asynchttpclient.netty.channel.ChannelManager - Closing Channel [id: 0x4b56e0fe, L:/127.0.0.1:52575 ! R:localhost/127.0.0.1:52566] 
15:35:53.852 [Driver Command Executor] DEBUG org.asynchttpclient.netty.request.NettyRequestSender - Using pooled Channel '[id: 0x5880e7bf, L:/127.0.0.1:52565 - R:localhost/127.0.0.1:48538]' for 'DELETE' to 'http://localhost:48538/session/d79060a0f2124806f3e5f47a14af3bfb'
15:35:53.852 [Driver Command Executor] DEBUG org.asynchttpclient.netty.request.NettyRequestSender - Using open Channel [id: 0x5880e7bf, L:/127.0.0.1:52565 - R:localhost/127.0.0.1:48538] for DELETE '/session/d79060a0f2124806f3e5f47a14af3bfb'
15:35:53.864 [rp-io-75] DEBUG com.epam.reportportal.service.Launch - TestItem with ID = 'b048f2b5-bcce-4839-b09a-0f92115ec037' successfully finished.
15:35:53.864 [rp-io-75] DEBUG com.epam.reportportal.utils.SubscriptionUtils - Finish test item completed
15:35:53.868 [rp-io-77] DEBUG com.epam.reportportal.service.Launch - ReportPortal item with ID 'c0d1fb51-23ed-43e5-b0f6-855e90c20963' has been created
15:35:53.868 [rp-io-77] DEBUG com.epam.reportportal.utils.SubscriptionUtils - Start test item successfully completed
15:35:53.918 [AsyncHttpClient-1-12] DEBUG org.asynchttpclient.netty.handler.HttpHandler - Unexpected I/O exception on channel [id: 0x2b8e51a8, L:/127.0.0.1:52574 - R:localhost/127.0.0.1:52566]
java.net.SocketException: Connection reset
	at java.base/sun.nio.ch.SocketChannelImpl.throwConnectionReset(SocketChannelImpl.java:394)
	at java.base/sun.nio.ch.SocketChannelImpl.read(SocketChannelImpl.java:426)
	at io.netty.buffer.PooledByteBuf.setBytes(PooledByteBuf.java:256)
	at io.netty.buffer.AbstractByteBuf.writeBytes(AbstractByteBuf.java:1132)
	at io.netty.channel.socket.nio.NioSocketChannel.doReadBytes(NioSocketChannel.java:357)
	at io.netty.channel.nio.AbstractNioByteChannel$NioByteUnsafe.read(AbstractNioByteChannel.java:151)
	at io.netty.channel.nio.NioEventLoop.processSelectedKey(NioEventLoop.java:788)
	at io.netty.channel.nio.NioEventLoop.processSelectedKeysOptimized(NioEventLoop.java:724)
	at io.netty.channel.nio.NioEventLoop.processSelectedKeys(NioEventLoop.java:650)
	at io.netty.channel.nio.NioEventLoop.run(NioEventLoop.java:562)
	at io.netty.util.concurrent.SingleThreadEventExecutor$4.run(SingleThreadEventExecutor.java:997)
	at io.netty.util.internal.ThreadExecutorMap$2.run(ThreadExecutorMap.java:74)
	at io.netty.util.concurrent.FastThreadLocalRunnable.run(FastThreadLocalRunnable.java:30)
	at java.base/java.lang.Thread.run(Thread.java:833)
15:35:53.919 [AsyncHttpClient-1-12] DEBUG org.asynchttpclient.netty.channel.ChannelManager - Closing Channel [id: 0x2b8e51a8, L:/127.0.0.1:52574 - R:localhost/127.0.0.1:52566] 
15:35:53.919 [AsyncHttpClient-1-12] DEBUG org.asynchttpclient.netty.handler.HttpHandler - Channel Closed: [id: 0x2b8e51a8, L:/127.0.0.1:52574 ! R:localhost/127.0.0.1:52566] with attribute DISCARD
15:35:53.954 [AsyncHttpClient-1-11] DEBUG org.asynchttpclient.netty.handler.HttpHandler - 

Request DefaultFullHttpRequest(decodeResult: success, version: HTTP/1.1, content: EmptyByteBufBE)
DELETE /session/d79060a0f2124806f3e5f47a14af3bfb HTTP/1.1
User-Agent: selenium/4.8.3 (java windows)
Content-Type: application/json; charset=utf-8
host: localhost:48538
accept: */*

Response DefaultHttpResponse(decodeResult: success, version: HTTP/1.1)
HTTP/1.1 200 OK
Content-Length: 14
Content-Type: application/json; charset=utf-8
cache-control: no-cache

15:35:53.955 [AsyncHttpClient-1-11] DEBUG org.asynchttpclient.netty.channel.ChannelManager - Adding key: http://localhost:48538 for channel [id: 0x5880e7bf, L:/127.0.0.1:52565 - R:localhost/127.0.0.1:48538]
15:35:54.020 [AsyncHttpClient-1-11] DEBUG org.asynchttpclient.netty.handler.HttpHandler - Channel Closed: [id: 0x5880e7bf, L:/127.0.0.1:52565 ! R:localhost/127.0.0.1:48538] with attribute DISCARD
2023-06-21 15:35:54 INFO  BaseTest:89 - Test executed**********
15:35:54.056 [rp-io-83] DEBUG com.epam.reportportal.service.Launch - Starting test item...rp-io-83
2023-06-21 15:35:54 INFO  BaseTest:116 - Property files loaded successfully**********
15:35:54.070 [rp-io-80] DEBUG com.epam.reportportal.service.Launch - TestItem with ID = 'c0d1fb51-23ed-43e5-b0f6-855e90c20963' successfully finished.
15:35:54.070 [rp-io-80] DEBUG com.epam.reportportal.utils.SubscriptionUtils - Finish test item completed
15:35:54.071 [main] DEBUG io.github.bonigarcia.wdm.cache.ResolutionCache - Resolution chrome=114 in cache (valid until 16:09:26 21/06/2023 CEST)
15:35:54.071 [main] DEBUG io.github.bonigarcia.wdm.cache.ResolutionCache - Resolution chrome114=114.0.5735.90 in cache (valid until 09:55:46 22/06/2023 CEST)
15:35:54.071 [main] INFO io.github.bonigarcia.wdm.WebDriverManager - Using chromedriver 114.0.5735.90 (resolved driver for Chrome 114)
15:35:54.074 [rp-io-83] DEBUG com.epam.reportportal.service.Launch - ReportPortal item with ID '833e41c3-0cea-40d3-8fe9-1956f49abfc0' has been created
15:35:54.074 [rp-io-83] DEBUG com.epam.reportportal.utils.SubscriptionUtils - Start test item successfully completed
15:35:54.079 [main] DEBUG io.github.bonigarcia.wdm.WebDriverManager - Driver chromedriver 114.0.5735.90 found in cache
15:35:54.080 [main] INFO io.github.bonigarcia.wdm.WebDriverManager - Exporting webdriver.chrome.driver as C:\Users\Suwarna_Wagh\.cache\selenium\chromedriver\win32\114.0.5735.90\chromedriver.exe
15:35:54.233 [AsyncHttpClient-1-14] DEBUG org.asynchttpclient.netty.channel.NettyConnectListener - Using new Channel '[id: 0x7e1eda29, L:/127.0.0.1:52599 - R:localhost/127.0.0.1:2263]' for 'POST' to '/session'
15:35:54.396 [AsyncHttpClient-1-1] DEBUG org.asynchttpclient.netty.channel.DefaultChannelPool - Entry count for : http://localhost:48538 : 1
15:35:54.396 [AsyncHttpClient-1-1] DEBUG org.asynchttpclient.netty.channel.DefaultChannelPool - Entry count for : http://localhost:52566 : 1
15:35:54.396 [AsyncHttpClient-1-1] DEBUG org.asynchttpclient.netty.channel.DefaultChannelPool - Adding Candidate expired Channel [id: 0x5880e7bf, L:/127.0.0.1:52565 ! R:localhost/127.0.0.1:48538] isIdleTimeoutExpired=false isRemotelyClosed=true isTtlExpired=false
15:35:54.396 [AsyncHttpClient-1-1] DEBUG org.asynchttpclient.netty.channel.DefaultChannelPool - Closing Idle Channel [id: 0x5880e7bf, L:/127.0.0.1:52565 ! R:localhost/127.0.0.1:48538]
15:35:54.396 [AsyncHttpClient-1-1] DEBUG org.asynchttpclient.netty.channel.DefaultChannelPool - Adding Candidate expired Channel [id: 0x2b8e51a8, L:/127.0.0.1:52574 ! R:localhost/127.0.0.1:52566] isIdleTimeoutExpired=false isRemotelyClosed=true isTtlExpired=false
15:35:54.396 [AsyncHttpClient-1-1] DEBUG org.asynchttpclient.netty.channel.DefaultChannelPool - Closing Idle Channel [id: 0x2b8e51a8, L:/127.0.0.1:52574 ! R:localhost/127.0.0.1:52566]
15:35:54.396 [AsyncHttpClient-1-1] DEBUG org.asynchttpclient.netty.channel.DefaultChannelPool - Closed 2 connections out of 2 in 0 ms
15:35:55.320 [AsyncHttpClient-1-14] DEBUG org.asynchttpclient.netty.handler.HttpHandler - 

Request DefaultHttpRequest(decodeResult: success, version: HTTP/1.1)
POST /session HTTP/1.1
User-Agent: selenium/4.8.3 (java windows)
Content-Length: 439
Content-Type: application/json; charset=utf-8
host: localhost:2263
accept: */*

Response DefaultHttpResponse(decodeResult: success, version: HTTP/1.1)
HTTP/1.1 200 OK
Content-Length: 864
Content-Type: application/json; charset=utf-8
cache-control: no-cache

15:35:55.321 [AsyncHttpClient-1-14] DEBUG org.asynchttpclient.netty.channel.ChannelManager - Adding key: http://localhost:2263 for channel [id: 0x7e1eda29, L:/127.0.0.1:52599 - R:localhost/127.0.0.1:2263]
15:35:55.332 [AsyncHttpClient-1-15] DEBUG org.asynchttpclient.netty.channel.NettyConnectListener - Using new Channel '[id: 0x9fb8e2fd, L:/127.0.0.1:52608 - R:localhost/127.0.0.1:52600]' for 'GET' to '/json/version'
15:35:55.335 [AsyncHttpClient-1-15] DEBUG org.asynchttpclient.netty.handler.HttpHandler - 

Request DefaultFullHttpRequest(decodeResult: success, version: HTTP/1.1, content: EmptyByteBufBE)
GET /json/version HTTP/1.1
User-Agent: selenium/4.8.3 (java windows)
host: localhost:52600
accept: */*

Response DefaultHttpResponse(decodeResult: success, version: HTTP/1.1)
HTTP/1.1 200 OK
Content-Security-Policy: frame-ancestors 'none'
Content-Length: 424
Content-Type: application/json; charset=UTF-8

15:35:55.335 [AsyncHttpClient-1-15] DEBUG org.asynchttpclient.netty.channel.ChannelManager - Adding key: http://localhost:52600 for channel [id: 0x9fb8e2fd, L:/127.0.0.1:52608 - R:localhost/127.0.0.1:52600]
15:35:55.338 [AsyncHttpClient-1-16] DEBUG org.asynchttpclient.netty.channel.NettyConnectListener - Using new Channel '[id: 0xb814c348, L:/127.0.0.1:52609 - R:localhost/127.0.0.1:52600]' for 'GET' to '/devtools/browser/ce5e0539-2c24-473f-abd9-87d90c62779e'
15:35:55.341 [AsyncHttpClient-1-16] DEBUG org.asynchttpclient.netty.handler.WebSocketHandler - 

Request DefaultFullHttpRequest(decodeResult: success, version: HTTP/1.1, content: EmptyByteBufBE)
GET /devtools/browser/ce5e0539-2c24-473f-abd9-87d90c62779e HTTP/1.1
upgrade: websocket
connection: upgrade
sec-websocket-key: TZ1UvVtOaZ8Yyj+51NQq8Q==
sec-websocket-version: 13
origin: http://localhost:52600
host: localhost:52600
accept: */*
user-agent: AHC/2.1

Response DefaultHttpResponse(decodeResult: success, version: HTTP/1.1)
HTTP/1.1 101 WebSocket Protocol Handshake
Upgrade: WebSocket
Connection: Upgrade
Sec-WebSocket-Accept: EopUcWB2Ne40dey0g6ivByYTsyg=

15:35:55.345 [Forwarding setTimeout on session 1e6d0130db977abdbf24f8acf24b27e8 to remote] DEBUG org.asynchttpclient.netty.request.NettyRequestSender - Using pooled Channel '[id: 0x7e1eda29, L:/127.0.0.1:52599 - R:localhost/127.0.0.1:2263]' for 'POST' to 'http://localhost:2263/session/1e6d0130db977abdbf24f8acf24b27e8/timeouts'
15:35:55.345 [Forwarding setTimeout on session 1e6d0130db977abdbf24f8acf24b27e8 to remote] DEBUG org.asynchttpclient.netty.request.NettyRequestSender - Using open Channel [id: 0x7e1eda29, L:/127.0.0.1:52599 - R:localhost/127.0.0.1:2263] for POST '/session/1e6d0130db977abdbf24f8acf24b27e8/timeouts'
15:35:55.346 [AsyncHttpClient-1-14] DEBUG org.asynchttpclient.netty.handler.HttpHandler - 

Request DefaultHttpRequest(decodeResult: success, version: HTTP/1.1)
POST /session/1e6d0130db977abdbf24f8acf24b27e8/timeouts HTTP/1.1
User-Agent: selenium/4.8.3 (java windows)
Content-Length: 22
Content-Type: application/json; charset=utf-8
host: localhost:2263
accept: */*

Response DefaultHttpResponse(decodeResult: success, version: HTTP/1.1)
HTTP/1.1 200 OK
Content-Length: 14
Content-Type: application/json; charset=utf-8
cache-control: no-cache

15:35:55.347 [AsyncHttpClient-1-14] DEBUG org.asynchttpclient.netty.channel.ChannelManager - Adding key: http://localhost:2263 for channel [id: 0x7e1eda29, L:/127.0.0.1:52599 - R:localhost/127.0.0.1:2263]
15:35:55.348 [Forwarding maximizeCurrentWindow on session 1e6d0130db977abdbf24f8acf24b27e8 to remote] DEBUG org.asynchttpclient.netty.request.NettyRequestSender - Using pooled Channel '[id: 0x7e1eda29, L:/127.0.0.1:52599 - R:localhost/127.0.0.1:2263]' for 'POST' to 'http://localhost:2263/session/1e6d0130db977abdbf24f8acf24b27e8/window/maximize'
15:35:55.348 [Forwarding maximizeCurrentWindow on session 1e6d0130db977abdbf24f8acf24b27e8 to remote] DEBUG org.asynchttpclient.netty.request.NettyRequestSender - Using open Channel [id: 0x7e1eda29, L:/127.0.0.1:52599 - R:localhost/127.0.0.1:2263] for POST '/session/1e6d0130db977abdbf24f8acf24b27e8/window/maximize'
15:35:55.465 [AsyncHttpClient-1-14] DEBUG org.asynchttpclient.netty.handler.HttpHandler - 

Request DefaultHttpRequest(decodeResult: success, version: HTTP/1.1)
POST /session/1e6d0130db977abdbf24f8acf24b27e8/window/maximize HTTP/1.1
User-Agent: selenium/4.8.3 (java windows)
Content-Length: 3
Content-Type: application/json; charset=utf-8
host: localhost:2263
accept: */*

Response DefaultHttpResponse(decodeResult: success, version: HTTP/1.1)
HTTP/1.1 200 OK
Content-Length: 51
Content-Type: application/json; charset=utf-8
cache-control: no-cache

15:35:55.465 [AsyncHttpClient-1-14] DEBUG org.asynchttpclient.netty.channel.ChannelManager - Adding key: http://localhost:2263 for channel [id: 0x7e1eda29, L:/127.0.0.1:52599 - R:localhost/127.0.0.1:2263]
15:35:55.467 [Forwarding get on session 1e6d0130db977abdbf24f8acf24b27e8 to remote] DEBUG org.asynchttpclient.netty.request.NettyRequestSender - Using pooled Channel '[id: 0x7e1eda29, L:/127.0.0.1:52599 - R:localhost/127.0.0.1:2263]' for 'POST' to 'http://localhost:2263/session/1e6d0130db977abdbf24f8acf24b27e8/url'
15:35:55.467 [Forwarding get on session 1e6d0130db977abdbf24f8acf24b27e8 to remote] DEBUG org.asynchttpclient.netty.request.NettyRequestSender - Using open Channel [id: 0x7e1eda29, L:/127.0.0.1:52599 - R:localhost/127.0.0.1:2263] for POST '/session/1e6d0130db977abdbf24f8acf24b27e8/url'
15:35:55.495 [AsyncHttpClient-1-1] DEBUG org.asynchttpclient.netty.channel.DefaultChannelPool - Entry count for : http://localhost:52600 : 1
15:35:56.596 [AsyncHttpClient-1-1] DEBUG org.asynchttpclient.netty.channel.DefaultChannelPool - Entry count for : http://localhost:52600 : 1
15:35:57.110 [AsyncHttpClient-1-14] DEBUG org.asynchttpclient.netty.handler.HttpHandler - 

Request DefaultHttpRequest(decodeResult: success, version: HTTP/1.1)
POST /session/1e6d0130db977abdbf24f8acf24b27e8/url HTTP/1.1
User-Agent: selenium/4.8.3 (java windows)
Content-Length: 52
Content-Type: application/json; charset=utf-8
host: localhost:2263
accept: */*

Response DefaultHttpResponse(decodeResult: success, version: HTTP/1.1)
HTTP/1.1 200 OK
Content-Length: 14
Content-Type: application/json; charset=utf-8
cache-control: no-cache

15:35:57.110 [AsyncHttpClient-1-14] DEBUG org.asynchttpclient.netty.channel.ChannelManager - Adding key: http://localhost:2263 for channel [id: 0x7e1eda29, L:/127.0.0.1:52599 - R:localhost/127.0.0.1:2263]
2023-06-21 15:35:57 INFO  BaseTest:110 - Test driver set up done successfully**********
2023-06-21 15:35:57 INFO  BaseTest:128 - Logging in to portal
15:35:57.113 [Forwarding findElement on session 1e6d0130db977abdbf24f8acf24b27e8 to remote] DEBUG org.asynchttpclient.netty.request.NettyRequestSender - Using pooled Channel '[id: 0x7e1eda29, L:/127.0.0.1:52599 - R:localhost/127.0.0.1:2263]' for 'POST' to 'http://localhost:2263/session/1e6d0130db977abdbf24f8acf24b27e8/element'
15:35:57.113 [Forwarding findElement on session 1e6d0130db977abdbf24f8acf24b27e8 to remote] DEBUG org.asynchttpclient.netty.request.NettyRequestSender - Using open Channel [id: 0x7e1eda29, L:/127.0.0.1:52599 - R:localhost/127.0.0.1:2263] for POST '/session/1e6d0130db977abdbf24f8acf24b27e8/element'
15:35:57.129 [AsyncHttpClient-1-14] DEBUG org.asynchttpclient.netty.handler.HttpHandler - 

Request DefaultHttpRequest(decodeResult: success, version: HTTP/1.1)
POST /session/1e6d0130db977abdbf24f8acf24b27e8/element HTTP/1.1
User-Agent: selenium/4.8.3 (java windows)
Content-Length: 59
Content-Type: application/json; charset=utf-8
host: localhost:2263
accept: */*

Response DefaultHttpResponse(decodeResult: success, version: HTTP/1.1)
HTTP/1.1 200 OK
Content-Length: 95
Content-Type: application/json; charset=utf-8
cache-control: no-cache

15:35:57.129 [AsyncHttpClient-1-14] DEBUG org.asynchttpclient.netty.channel.ChannelManager - Adding key: http://localhost:2263 for channel [id: 0x7e1eda29, L:/127.0.0.1:52599 - R:localhost/127.0.0.1:2263]
15:35:57.131 [Forwarding clearElement on session 1e6d0130db977abdbf24f8acf24b27e8 to remote] DEBUG org.asynchttpclient.netty.request.NettyRequestSender - Using pooled Channel '[id: 0x7e1eda29, L:/127.0.0.1:52599 - R:localhost/127.0.0.1:2263]' for 'POST' to 'http://localhost:2263/session/1e6d0130db977abdbf24f8acf24b27e8/element/3031EB055FDDB513FD3EED48107764B5_element_27/clear'
15:35:57.131 [Forwarding clearElement on session 1e6d0130db977abdbf24f8acf24b27e8 to remote] DEBUG org.asynchttpclient.netty.request.NettyRequestSender - Using open Channel [id: 0x7e1eda29, L:/127.0.0.1:52599 - R:localhost/127.0.0.1:2263] for POST '/session/1e6d0130db977abdbf24f8acf24b27e8/element/3031EB055FDDB513FD3EED48107764B5_element_27/clear'
15:35:57.178 [AsyncHttpClient-1-14] DEBUG org.asynchttpclient.netty.handler.HttpHandler - 

Request DefaultHttpRequest(decodeResult: success, version: HTTP/1.1)
POST /session/1e6d0130db977abdbf24f8acf24b27e8/element/3031EB055FDDB513FD3EED48107764B5_element_27/clear HTTP/1.1
User-Agent: selenium/4.8.3 (java windows)
Content-Length: 57
Content-Type: application/json; charset=utf-8
host: localhost:2263
accept: */*

Response DefaultHttpResponse(decodeResult: success, version: HTTP/1.1)
HTTP/1.1 200 OK
Content-Length: 14
Content-Type: application/json; charset=utf-8
cache-control: no-cache

15:35:57.178 [AsyncHttpClient-1-14] DEBUG org.asynchttpclient.netty.channel.ChannelManager - Adding key: http://localhost:2263 for channel [id: 0x7e1eda29, L:/127.0.0.1:52599 - R:localhost/127.0.0.1:2263]
15:35:57.179 [Forwarding findElement on session 1e6d0130db977abdbf24f8acf24b27e8 to remote] DEBUG org.asynchttpclient.netty.request.NettyRequestSender - Using pooled Channel '[id: 0x7e1eda29, L:/127.0.0.1:52599 - R:localhost/127.0.0.1:2263]' for 'POST' to 'http://localhost:2263/session/1e6d0130db977abdbf24f8acf24b27e8/element'
15:35:57.179 [Forwarding findElement on session 1e6d0130db977abdbf24f8acf24b27e8 to remote] DEBUG org.asynchttpclient.netty.request.NettyRequestSender - Using open Channel [id: 0x7e1eda29, L:/127.0.0.1:52599 - R:localhost/127.0.0.1:2263] for POST '/session/1e6d0130db977abdbf24f8acf24b27e8/element'
15:35:57.189 [AsyncHttpClient-1-14] DEBUG org.asynchttpclient.netty.handler.HttpHandler - 

Request DefaultHttpRequest(decodeResult: success, version: HTTP/1.1)
POST /session/1e6d0130db977abdbf24f8acf24b27e8/element HTTP/1.1
User-Agent: selenium/4.8.3 (java windows)
Content-Length: 59
Content-Type: application/json; charset=utf-8
host: localhost:2263
accept: */*

Response DefaultHttpResponse(decodeResult: success, version: HTTP/1.1)
HTTP/1.1 200 OK
Content-Length: 95
Content-Type: application/json; charset=utf-8
cache-control: no-cache

15:35:57.189 [AsyncHttpClient-1-14] DEBUG org.asynchttpclient.netty.channel.ChannelManager - Adding key: http://localhost:2263 for channel [id: 0x7e1eda29, L:/127.0.0.1:52599 - R:localhost/127.0.0.1:2263]
15:35:57.191 [Forwarding sendKeysToElement on session 1e6d0130db977abdbf24f8acf24b27e8 to remote] DEBUG org.asynchttpclient.netty.request.NettyRequestSender - Using pooled Channel '[id: 0x7e1eda29, L:/127.0.0.1:52599 - R:localhost/127.0.0.1:2263]' for 'POST' to 'http://localhost:2263/session/1e6d0130db977abdbf24f8acf24b27e8/element/3031EB055FDDB513FD3EED48107764B5_element_27/value'
15:35:57.191 [Forwarding sendKeysToElement on session 1e6d0130db977abdbf24f8acf24b27e8 to remote] DEBUG org.asynchttpclient.netty.request.NettyRequestSender - Using open Channel [id: 0x7e1eda29, L:/127.0.0.1:52599 - R:localhost/127.0.0.1:2263] for POST '/session/1e6d0130db977abdbf24f8acf24b27e8/element/3031EB055FDDB513FD3EED48107764B5_element_27/value'
15:35:57.297 [AsyncHttpClient-1-14] DEBUG org.asynchttpclient.netty.handler.HttpHandler - 

Request DefaultHttpRequest(decodeResult: success, version: HTTP/1.1)
POST /session/1e6d0130db977abdbf24f8acf24b27e8/element/3031EB055FDDB513FD3EED48107764B5_element_27/value HTTP/1.1
User-Agent: selenium/4.8.3 (java windows)
Content-Length: 188
Content-Type: application/json; charset=utf-8
host: localhost:2263
accept: */*

Response DefaultHttpResponse(decodeResult: success, version: HTTP/1.1)
HTTP/1.1 200 OK
Content-Length: 14
Content-Type: application/json; charset=utf-8
cache-control: no-cache

15:35:57.297 [AsyncHttpClient-1-14] DEBUG org.asynchttpclient.netty.channel.ChannelManager - Adding key: http://localhost:2263 for channel [id: 0x7e1eda29, L:/127.0.0.1:52599 - R:localhost/127.0.0.1:2263]
15:35:57.298 [Forwarding findElement on session 1e6d0130db977abdbf24f8acf24b27e8 to remote] DEBUG org.asynchttpclient.netty.request.NettyRequestSender - Using pooled Channel '[id: 0x7e1eda29, L:/127.0.0.1:52599 - R:localhost/127.0.0.1:2263]' for 'POST' to 'http://localhost:2263/session/1e6d0130db977abdbf24f8acf24b27e8/element'
15:35:57.298 [Forwarding findElement on session 1e6d0130db977abdbf24f8acf24b27e8 to remote] DEBUG org.asynchttpclient.netty.request.NettyRequestSender - Using open Channel [id: 0x7e1eda29, L:/127.0.0.1:52599 - R:localhost/127.0.0.1:2263] for POST '/session/1e6d0130db977abdbf24f8acf24b27e8/element'
15:35:57.312 [AsyncHttpClient-1-14] DEBUG org.asynchttpclient.netty.handler.HttpHandler - 

Request DefaultHttpRequest(decodeResult: success, version: HTTP/1.1)
POST /session/1e6d0130db977abdbf24f8acf24b27e8/element HTTP/1.1
User-Agent: selenium/4.8.3 (java windows)
Content-Length: 62
Content-Type: application/json; charset=utf-8
host: localhost:2263
accept: */*

Response DefaultHttpResponse(decodeResult: success, version: HTTP/1.1)
HTTP/1.1 200 OK
Content-Length: 95
Content-Type: application/json; charset=utf-8
cache-control: no-cache

15:35:57.312 [AsyncHttpClient-1-14] DEBUG org.asynchttpclient.netty.channel.ChannelManager - Adding key: http://localhost:2263 for channel [id: 0x7e1eda29, L:/127.0.0.1:52599 - R:localhost/127.0.0.1:2263]
15:35:57.314 [Forwarding clearElement on session 1e6d0130db977abdbf24f8acf24b27e8 to remote] DEBUG org.asynchttpclient.netty.request.NettyRequestSender - Using pooled Channel '[id: 0x7e1eda29, L:/127.0.0.1:52599 - R:localhost/127.0.0.1:2263]' for 'POST' to 'http://localhost:2263/session/1e6d0130db977abdbf24f8acf24b27e8/element/3031EB055FDDB513FD3EED48107764B5_element_29/clear'
15:35:57.314 [Forwarding clearElement on session 1e6d0130db977abdbf24f8acf24b27e8 to remote] DEBUG org.asynchttpclient.netty.request.NettyRequestSender - Using open Channel [id: 0x7e1eda29, L:/127.0.0.1:52599 - R:localhost/127.0.0.1:2263] for POST '/session/1e6d0130db977abdbf24f8acf24b27e8/element/3031EB055FDDB513FD3EED48107764B5_element_29/clear'
15:35:57.367 [AsyncHttpClient-1-14] DEBUG org.asynchttpclient.netty.handler.HttpHandler - 

Request DefaultHttpRequest(decodeResult: success, version: HTTP/1.1)
POST /session/1e6d0130db977abdbf24f8acf24b27e8/element/3031EB055FDDB513FD3EED48107764B5_element_29/clear HTTP/1.1
User-Agent: selenium/4.8.3 (java windows)
Content-Length: 57
Content-Type: application/json; charset=utf-8
host: localhost:2263
accept: */*

Response DefaultHttpResponse(decodeResult: success, version: HTTP/1.1)
HTTP/1.1 200 OK
Content-Length: 14
Content-Type: application/json; charset=utf-8
cache-control: no-cache

15:35:57.367 [AsyncHttpClient-1-14] DEBUG org.asynchttpclient.netty.channel.ChannelManager - Adding key: http://localhost:2263 for channel [id: 0x7e1eda29, L:/127.0.0.1:52599 - R:localhost/127.0.0.1:2263]
15:35:57.368 [Forwarding findElement on session 1e6d0130db977abdbf24f8acf24b27e8 to remote] DEBUG org.asynchttpclient.netty.request.NettyRequestSender - Using pooled Channel '[id: 0x7e1eda29, L:/127.0.0.1:52599 - R:localhost/127.0.0.1:2263]' for 'POST' to 'http://localhost:2263/session/1e6d0130db977abdbf24f8acf24b27e8/element'
15:35:57.368 [Forwarding findElement on session 1e6d0130db977abdbf24f8acf24b27e8 to remote] DEBUG org.asynchttpclient.netty.request.NettyRequestSender - Using open Channel [id: 0x7e1eda29, L:/127.0.0.1:52599 - R:localhost/127.0.0.1:2263] for POST '/session/1e6d0130db977abdbf24f8acf24b27e8/element'
15:35:57.384 [AsyncHttpClient-1-14] DEBUG org.asynchttpclient.netty.handler.HttpHandler - 

Request DefaultHttpRequest(decodeResult: success, version: HTTP/1.1)
POST /session/1e6d0130db977abdbf24f8acf24b27e8/element HTTP/1.1
User-Agent: selenium/4.8.3 (java windows)
Content-Length: 62
Content-Type: application/json; charset=utf-8
host: localhost:2263
accept: */*

Response DefaultHttpResponse(decodeResult: success, version: HTTP/1.1)
HTTP/1.1 200 OK
Content-Length: 95
Content-Type: application/json; charset=utf-8
cache-control: no-cache

15:35:57.384 [AsyncHttpClient-1-14] DEBUG org.asynchttpclient.netty.channel.ChannelManager - Adding key: http://localhost:2263 for channel [id: 0x7e1eda29, L:/127.0.0.1:52599 - R:localhost/127.0.0.1:2263]
15:35:57.386 [Forwarding sendKeysToElement on session 1e6d0130db977abdbf24f8acf24b27e8 to remote] DEBUG org.asynchttpclient.netty.request.NettyRequestSender - Using pooled Channel '[id: 0x7e1eda29, L:/127.0.0.1:52599 - R:localhost/127.0.0.1:2263]' for 'POST' to 'http://localhost:2263/session/1e6d0130db977abdbf24f8acf24b27e8/element/3031EB055FDDB513FD3EED48107764B5_element_29/value'
15:35:57.386 [Forwarding sendKeysToElement on session 1e6d0130db977abdbf24f8acf24b27e8 to remote] DEBUG org.asynchttpclient.netty.request.NettyRequestSender - Using open Channel [id: 0x7e1eda29, L:/127.0.0.1:52599 - R:localhost/127.0.0.1:2263] for POST '/session/1e6d0130db977abdbf24f8acf24b27e8/element/3031EB055FDDB513FD3EED48107764B5_element_29/value'
15:35:57.456 [AsyncHttpClient-1-14] DEBUG org.asynchttpclient.netty.handler.HttpHandler - 

Request DefaultHttpRequest(decodeResult: success, version: HTTP/1.1)
POST /session/1e6d0130db977abdbf24f8acf24b27e8/element/3031EB055FDDB513FD3EED48107764B5_element_29/value HTTP/1.1
User-Agent: selenium/4.8.3 (java windows)
Content-Length: 148
Content-Type: application/json; charset=utf-8
host: localhost:2263
accept: */*

Response DefaultHttpResponse(decodeResult: success, version: HTTP/1.1)
HTTP/1.1 200 OK
Content-Length: 14
Content-Type: application/json; charset=utf-8
cache-control: no-cache

15:35:57.456 [AsyncHttpClient-1-14] DEBUG org.asynchttpclient.netty.channel.ChannelManager - Adding key: http://localhost:2263 for channel [id: 0x7e1eda29, L:/127.0.0.1:52599 - R:localhost/127.0.0.1:2263]
15:35:57.457 [Forwarding findElement on session 1e6d0130db977abdbf24f8acf24b27e8 to remote] DEBUG org.asynchttpclient.netty.request.NettyRequestSender - Using pooled Channel '[id: 0x7e1eda29, L:/127.0.0.1:52599 - R:localhost/127.0.0.1:2263]' for 'POST' to 'http://localhost:2263/session/1e6d0130db977abdbf24f8acf24b27e8/element'
15:35:57.457 [Forwarding findElement on session 1e6d0130db977abdbf24f8acf24b27e8 to remote] DEBUG org.asynchttpclient.netty.request.NettyRequestSender - Using open Channel [id: 0x7e1eda29, L:/127.0.0.1:52599 - R:localhost/127.0.0.1:2263] for POST '/session/1e6d0130db977abdbf24f8acf24b27e8/element'
15:35:57.472 [AsyncHttpClient-1-14] DEBUG org.asynchttpclient.netty.handler.HttpHandler - 

Request DefaultHttpRequest(decodeResult: success, version: HTTP/1.1)
POST /session/1e6d0130db977abdbf24f8acf24b27e8/element HTTP/1.1
User-Agent: selenium/4.8.3 (java windows)
Content-Length: 71
Content-Type: application/json; charset=utf-8
host: localhost:2263
accept: */*

Response DefaultHttpResponse(decodeResult: success, version: HTTP/1.1)
HTTP/1.1 200 OK
Content-Length: 95
Content-Type: application/json; charset=utf-8
cache-control: no-cache

15:35:57.472 [AsyncHttpClient-1-14] DEBUG org.asynchttpclient.netty.channel.ChannelManager - Adding key: http://localhost:2263 for channel [id: 0x7e1eda29, L:/127.0.0.1:52599 - R:localhost/127.0.0.1:2263]
15:35:57.473 [Forwarding clickElement on session 1e6d0130db977abdbf24f8acf24b27e8 to remote] DEBUG org.asynchttpclient.netty.request.NettyRequestSender - Using pooled Channel '[id: 0x7e1eda29, L:/127.0.0.1:52599 - R:localhost/127.0.0.1:2263]' for 'POST' to 'http://localhost:2263/session/1e6d0130db977abdbf24f8acf24b27e8/element/3031EB055FDDB513FD3EED48107764B5_element_33/click'
15:35:57.473 [Forwarding clickElement on session 1e6d0130db977abdbf24f8acf24b27e8 to remote] DEBUG org.asynchttpclient.netty.request.NettyRequestSender - Using open Channel [id: 0x7e1eda29, L:/127.0.0.1:52599 - R:localhost/127.0.0.1:2263] for POST '/session/1e6d0130db977abdbf24f8acf24b27e8/element/3031EB055FDDB513FD3EED48107764B5_element_33/click'
15:35:57.521 [AsyncHttpClient-1-14] DEBUG org.asynchttpclient.netty.handler.HttpHandler - 

Request DefaultHttpRequest(decodeResult: success, version: HTTP/1.1)
POST /session/1e6d0130db977abdbf24f8acf24b27e8/element/3031EB055FDDB513FD3EED48107764B5_element_33/click HTTP/1.1
User-Agent: selenium/4.8.3 (java windows)
Content-Length: 57
Content-Type: application/json; charset=utf-8
host: localhost:2263
accept: */*

Response DefaultHttpResponse(decodeResult: success, version: HTTP/1.1)
HTTP/1.1 200 OK
Content-Length: 14
Content-Type: application/json; charset=utf-8
cache-control: no-cache

15:35:57.521 [AsyncHttpClient-1-14] DEBUG org.asynchttpclient.netty.channel.ChannelManager - Adding key: http://localhost:2263 for channel [id: 0x7e1eda29, L:/127.0.0.1:52599 - R:localhost/127.0.0.1:2263]
2023-06-21 15:35:57 INFO  BaseTest:132 - Logged in
15:35:57.523 [rp-io-89] DEBUG com.epam.reportportal.service.Launch - Starting test item...rp-io-89
2023-06-21 15:35:57 INFO  Listeners:34 - Started Test null
15:35:57.527 [Forwarding findElement on session 1e6d0130db977abdbf24f8acf24b27e8 to remote] DEBUG org.asynchttpclient.netty.request.NettyRequestSender - Using pooled Channel '[id: 0x7e1eda29, L:/127.0.0.1:52599 - R:localhost/127.0.0.1:2263]' for 'POST' to 'http://localhost:2263/session/1e6d0130db977abdbf24f8acf24b27e8/element'
15:35:57.528 [Forwarding findElement on session 1e6d0130db977abdbf24f8acf24b27e8 to remote] DEBUG org.asynchttpclient.netty.request.NettyRequestSender - Using open Channel [id: 0x7e1eda29, L:/127.0.0.1:52599 - R:localhost/127.0.0.1:2263] for POST '/session/1e6d0130db977abdbf24f8acf24b27e8/element'
15:35:57.541 [rp-io-88] DEBUG com.epam.reportportal.service.Launch - TestItem with ID = '833e41c3-0cea-40d3-8fe9-1956f49abfc0' successfully finished.
15:35:57.541 [rp-io-88] DEBUG com.epam.reportportal.utils.SubscriptionUtils - Finish test item completed
15:35:57.551 [rp-io-90] DEBUG com.epam.reportportal.service.Launch - ReportPortal item with ID 'c80d2087-4279-432b-9369-23cb31ffec8a' has been created
15:35:57.551 [rp-io-90] DEBUG com.epam.reportportal.utils.SubscriptionUtils - Start test item successfully completed
15:35:57.696 [AsyncHttpClient-1-1] DEBUG org.asynchttpclient.netty.channel.DefaultChannelPool - Entry count for : http://localhost:52600 : 1
15:35:57.958 [AsyncHttpClient-1-14] DEBUG org.asynchttpclient.netty.handler.HttpHandler - 

Request DefaultHttpRequest(decodeResult: success, version: HTTP/1.1)
POST /session/1e6d0130db977abdbf24f8acf24b27e8/element HTTP/1.1
User-Agent: selenium/4.8.3 (java windows)
Content-Length: 168
Content-Type: application/json; charset=utf-8
host: localhost:2263
accept: */*

Response DefaultHttpResponse(decodeResult: success, version: HTTP/1.1)
HTTP/1.1 200 OK
Content-Length: 95
Content-Type: application/json; charset=utf-8
cache-control: no-cache

15:35:57.958 [AsyncHttpClient-1-14] DEBUG org.asynchttpclient.netty.channel.ChannelManager - Adding key: http://localhost:2263 for channel [id: 0x7e1eda29, L:/127.0.0.1:52599 - R:localhost/127.0.0.1:2263]
15:35:57.959 [Forwarding clickElement on session 1e6d0130db977abdbf24f8acf24b27e8 to remote] DEBUG org.asynchttpclient.netty.request.NettyRequestSender - Using pooled Channel '[id: 0x7e1eda29, L:/127.0.0.1:52599 - R:localhost/127.0.0.1:2263]' for 'POST' to 'http://localhost:2263/session/1e6d0130db977abdbf24f8acf24b27e8/element/3031EB055FDDB513FD3EED48107764B5_element_48/click'
15:35:57.959 [Forwarding clickElement on session 1e6d0130db977abdbf24f8acf24b27e8 to remote] DEBUG org.asynchttpclient.netty.request.NettyRequestSender - Using open Channel [id: 0x7e1eda29, L:/127.0.0.1:52599 - R:localhost/127.0.0.1:2263] for POST '/session/1e6d0130db977abdbf24f8acf24b27e8/element/3031EB055FDDB513FD3EED48107764B5_element_48/click'
15:35:58.221 [AsyncHttpClient-1-14] DEBUG org.asynchttpclient.netty.handler.HttpHandler - 

Request DefaultHttpRequest(decodeResult: success, version: HTTP/1.1)
POST /session/1e6d0130db977abdbf24f8acf24b27e8/element/3031EB055FDDB513FD3EED48107764B5_element_48/click HTTP/1.1
User-Agent: selenium/4.8.3 (java windows)
Content-Length: 57
Content-Type: application/json; charset=utf-8
host: localhost:2263
accept: */*

Response DefaultHttpResponse(decodeResult: success, version: HTTP/1.1)
HTTP/1.1 200 OK
Content-Length: 14
Content-Type: application/json; charset=utf-8
cache-control: no-cache

15:35:58.222 [AsyncHttpClient-1-14] DEBUG org.asynchttpclient.netty.channel.ChannelManager - Adding key: http://localhost:2263 for channel [id: 0x7e1eda29, L:/127.0.0.1:52599 - R:localhost/127.0.0.1:2263]
15:35:58.225 [Forwarding findElement on session 1e6d0130db977abdbf24f8acf24b27e8 to remote] DEBUG org.asynchttpclient.netty.request.NettyRequestSender - Using pooled Channel '[id: 0x7e1eda29, L:/127.0.0.1:52599 - R:localhost/127.0.0.1:2263]' for 'POST' to 'http://localhost:2263/session/1e6d0130db977abdbf24f8acf24b27e8/element'
15:35:58.225 [Forwarding findElement on session 1e6d0130db977abdbf24f8acf24b27e8 to remote] DEBUG org.asynchttpclient.netty.request.NettyRequestSender - Using open Channel [id: 0x7e1eda29, L:/127.0.0.1:52599 - R:localhost/127.0.0.1:2263] for POST '/session/1e6d0130db977abdbf24f8acf24b27e8/element'
15:35:58.558 [AsyncHttpClient-1-14] DEBUG org.asynchttpclient.netty.handler.HttpHandler - 

Request DefaultHttpRequest(decodeResult: success, version: HTTP/1.1)
POST /session/1e6d0130db977abdbf24f8acf24b27e8/element HTTP/1.1
User-Agent: selenium/4.8.3 (java windows)
Content-Length: 85
Content-Type: application/json; charset=utf-8
host: localhost:2263
accept: */*

Response DefaultHttpResponse(decodeResult: success, version: HTTP/1.1)
HTTP/1.1 200 OK
Content-Length: 95
Content-Type: application/json; charset=utf-8
cache-control: no-cache

15:35:58.558 [AsyncHttpClient-1-14] DEBUG org.asynchttpclient.netty.channel.ChannelManager - Adding key: http://localhost:2263 for channel [id: 0x7e1eda29, L:/127.0.0.1:52599 - R:localhost/127.0.0.1:2263]
15:35:58.559 [Forwarding executeScript on session 1e6d0130db977abdbf24f8acf24b27e8 to remote] DEBUG org.asynchttpclient.netty.request.NettyRequestSender - Using pooled Channel '[id: 0x7e1eda29, L:/127.0.0.1:52599 - R:localhost/127.0.0.1:2263]' for 'POST' to 'http://localhost:2263/session/1e6d0130db977abdbf24f8acf24b27e8/execute/sync'
15:35:58.559 [Forwarding executeScript on session 1e6d0130db977abdbf24f8acf24b27e8 to remote] DEBUG org.asynchttpclient.netty.request.NettyRequestSender - Using open Channel [id: 0x7e1eda29, L:/127.0.0.1:52599 - R:localhost/127.0.0.1:2263] for POST '/session/1e6d0130db977abdbf24f8acf24b27e8/execute/sync'
15:35:58.573 [AsyncHttpClient-1-14] DEBUG org.asynchttpclient.netty.handler.HttpHandler - 

Request DefaultHttpRequest(decodeResult: success, version: HTTP/1.1)
POST /session/1e6d0130db977abdbf24f8acf24b27e8/execute/sync HTTP/1.1
User-Agent: selenium/4.8.3 (java windows)
Content-Length: 232
Content-Type: application/json; charset=utf-8
host: localhost:2263
accept: */*

Response DefaultHttpResponse(decodeResult: success, version: HTTP/1.1)
HTTP/1.1 200 OK
Content-Length: 14
Content-Type: application/json; charset=utf-8
cache-control: no-cache

15:35:58.574 [AsyncHttpClient-1-14] DEBUG org.asynchttpclient.netty.channel.ChannelManager - Adding key: http://localhost:2263 for channel [id: 0x7e1eda29, L:/127.0.0.1:52599 - R:localhost/127.0.0.1:2263]
15:35:58.575 [Forwarding findElement on session 1e6d0130db977abdbf24f8acf24b27e8 to remote] DEBUG org.asynchttpclient.netty.request.NettyRequestSender - Using pooled Channel '[id: 0x7e1eda29, L:/127.0.0.1:52599 - R:localhost/127.0.0.1:2263]' for 'POST' to 'http://localhost:2263/session/1e6d0130db977abdbf24f8acf24b27e8/element'
15:35:58.575 [Forwarding findElement on session 1e6d0130db977abdbf24f8acf24b27e8 to remote] DEBUG org.asynchttpclient.netty.request.NettyRequestSender - Using open Channel [id: 0x7e1eda29, L:/127.0.0.1:52599 - R:localhost/127.0.0.1:2263] for POST '/session/1e6d0130db977abdbf24f8acf24b27e8/element'
15:35:58.796 [AsyncHttpClient-1-1] DEBUG org.asynchttpclient.netty.channel.DefaultChannelPool - Entry count for : http://localhost:52600 : 1
15:35:58.800 [AsyncHttpClient-1-14] DEBUG org.asynchttpclient.netty.handler.HttpHandler - 

Request DefaultHttpRequest(decodeResult: success, version: HTTP/1.1)
POST /session/1e6d0130db977abdbf24f8acf24b27e8/element HTTP/1.1
User-Agent: selenium/4.8.3 (java windows)
Content-Length: 85
Content-Type: application/json; charset=utf-8
host: localhost:2263
accept: */*

Response DefaultHttpResponse(decodeResult: success, version: HTTP/1.1)
HTTP/1.1 200 OK
Content-Length: 95
Content-Type: application/json; charset=utf-8
cache-control: no-cache

15:35:58.800 [AsyncHttpClient-1-14] DEBUG org.asynchttpclient.netty.channel.ChannelManager - Adding key: http://localhost:2263 for channel [id: 0x7e1eda29, L:/127.0.0.1:52599 - R:localhost/127.0.0.1:2263]
15:35:58.803 [Forwarding isElementDisplayed on session 1e6d0130db977abdbf24f8acf24b27e8 to remote] DEBUG org.asynchttpclient.netty.request.NettyRequestSender - Using pooled Channel '[id: 0x7e1eda29, L:/127.0.0.1:52599 - R:localhost/127.0.0.1:2263]' for 'POST' to 'http://localhost:2263/session/1e6d0130db977abdbf24f8acf24b27e8/execute/sync'
15:35:58.803 [Forwarding isElementDisplayed on session 1e6d0130db977abdbf24f8acf24b27e8 to remote] DEBUG org.asynchttpclient.netty.request.NettyRequestSender - Using open Channel [id: 0x7e1eda29, L:/127.0.0.1:52599 - R:localhost/127.0.0.1:2263] for POST '/session/1e6d0130db977abdbf24f8acf24b27e8/execute/sync'
15:35:58.870 [AsyncHttpClient-1-14] DEBUG org.asynchttpclient.netty.handler.HttpHandler - 

Request DefaultHttpRequest(decodeResult: success, version: HTTP/1.1)
POST /session/1e6d0130db977abdbf24f8acf24b27e8/execute/sync HTTP/1.1
User-Agent: selenium/4.8.3 (java windows)
Content-Length: 48814
Content-Type: application/json; charset=utf-8
host: localhost:2263
accept: */*

Response DefaultHttpResponse(decodeResult: success, version: HTTP/1.1)
HTTP/1.1 200 OK
Content-Length: 14
Content-Type: application/json; charset=utf-8
cache-control: no-cache

15:35:58.870 [AsyncHttpClient-1-14] DEBUG org.asynchttpclient.netty.channel.ChannelManager - Adding key: http://localhost:2263 for channel [id: 0x7e1eda29, L:/127.0.0.1:52599 - R:localhost/127.0.0.1:2263]
2023-06-21 15:35:58 INFO  Listeners:38 - Succeeded Test null
]]></system-out>
    <system-err><![CDATA[Starting ChromeDriver 114.0.5735.90 (386bc09e8f4f2e025eddae123f36f6263096ae49-refs/branch-heads/5735@{#1052}) on port 2263
Only local connections are allowed.
Please see https://chromedriver.chromium.org/security-considerations for suggestions on keeping ChromeDriver safe.
ChromeDriver was started successfully.
Jun 21, 2023 3:35:55 PM org.openqa.selenium.devtools.CdpVersionFinder findNearestMatch
WARNING: Unable to find an exact match for CDP version 114, so returning the closest version found: 111
]]></system-err>
  </testcase>
  <testcase name="searchDashboardNameDP[LAUNCHES DURATION CHART](6)" classname="alltests.uitest.coreTest.DashboardPageTest" time="1.291">
    <system-out><![CDATA[15:35:58.873 [rp-io-96] DEBUG com.epam.reportportal.service.Launch - Starting test item...rp-io-96
15:35:58.875 [AsyncHttpClient-1-16] DEBUG org.asynchttpclient.netty.handler.WebSocketHandler - Channel Closed: [id: 0xb814c348, L:/127.0.0.1:52609 ! R:localhost/127.0.0.1:52600] with attribute NettyResponseFuture{currentRetry=0,
	isDone=1,
	isCancelled=0,
	asyncHandler=org.asynchttpclient.ws.WebSocketUpgradeHandler@3ba42d7,
	nettyRequest=org.asynchttpclient.netty.request.NettyRequest@46b8dcc4,
	future=java.util.concurrent.CompletableFuture@5eafdaa5[Completed normally],
	uri=ws://localhost:52600/devtools/browser/ce5e0539-2c24-473f-abd9-87d90c62779e,
	keepAlive=true,
	redirectCount=0,
	timeoutsHolder=null,
	inAuth=0,
	touch=1687354555342}
15:35:58.875 [AsyncHttpClient-1-16] DEBUG org.asynchttpclient.netty.channel.ChannelManager - Closing Channel [id: 0xb814c348, L:/127.0.0.1:52609 ! R:localhost/127.0.0.1:52600] 
15:35:58.876 [Driver Command Executor] DEBUG org.asynchttpclient.netty.request.NettyRequestSender - Using pooled Channel '[id: 0x7e1eda29, L:/127.0.0.1:52599 - R:localhost/127.0.0.1:2263]' for 'DELETE' to 'http://localhost:2263/session/1e6d0130db977abdbf24f8acf24b27e8'
15:35:58.876 [Driver Command Executor] DEBUG org.asynchttpclient.netty.request.NettyRequestSender - Using open Channel [id: 0x7e1eda29, L:/127.0.0.1:52599 - R:localhost/127.0.0.1:2263] for DELETE '/session/1e6d0130db977abdbf24f8acf24b27e8'
15:35:58.889 [rp-io-93] DEBUG com.epam.reportportal.service.Launch - TestItem with ID = 'c80d2087-4279-432b-9369-23cb31ffec8a' successfully finished.
15:35:58.889 [rp-io-93] DEBUG com.epam.reportportal.utils.SubscriptionUtils - Finish test item completed
15:35:58.892 [rp-io-96] DEBUG com.epam.reportportal.service.Launch - ReportPortal item with ID '98813401-4898-4e5f-9b7d-380afe988d47' has been created
15:35:58.892 [rp-io-96] DEBUG com.epam.reportportal.utils.SubscriptionUtils - Start test item successfully completed
15:35:58.931 [AsyncHttpClient-1-15] DEBUG org.asynchttpclient.netty.handler.HttpHandler - Unexpected I/O exception on channel [id: 0x9fb8e2fd, L:/127.0.0.1:52608 - R:localhost/127.0.0.1:52600]
java.net.SocketException: Connection reset
	at java.base/sun.nio.ch.SocketChannelImpl.throwConnectionReset(SocketChannelImpl.java:394)
	at java.base/sun.nio.ch.SocketChannelImpl.read(SocketChannelImpl.java:426)
	at io.netty.buffer.PooledByteBuf.setBytes(PooledByteBuf.java:256)
	at io.netty.buffer.AbstractByteBuf.writeBytes(AbstractByteBuf.java:1132)
	at io.netty.channel.socket.nio.NioSocketChannel.doReadBytes(NioSocketChannel.java:357)
	at io.netty.channel.nio.AbstractNioByteChannel$NioByteUnsafe.read(AbstractNioByteChannel.java:151)
	at io.netty.channel.nio.NioEventLoop.processSelectedKey(NioEventLoop.java:788)
	at io.netty.channel.nio.NioEventLoop.processSelectedKeysOptimized(NioEventLoop.java:724)
	at io.netty.channel.nio.NioEventLoop.processSelectedKeys(NioEventLoop.java:650)
	at io.netty.channel.nio.NioEventLoop.run(NioEventLoop.java:562)
	at io.netty.util.concurrent.SingleThreadEventExecutor$4.run(SingleThreadEventExecutor.java:997)
	at io.netty.util.internal.ThreadExecutorMap$2.run(ThreadExecutorMap.java:74)
	at io.netty.util.concurrent.FastThreadLocalRunnable.run(FastThreadLocalRunnable.java:30)
	at java.base/java.lang.Thread.run(Thread.java:833)
15:35:58.932 [AsyncHttpClient-1-15] DEBUG org.asynchttpclient.netty.channel.ChannelManager - Closing Channel [id: 0x9fb8e2fd, L:/127.0.0.1:52608 - R:localhost/127.0.0.1:52600] 
15:35:58.932 [AsyncHttpClient-1-15] DEBUG org.asynchttpclient.netty.handler.HttpHandler - Channel Closed: [id: 0x9fb8e2fd, L:/127.0.0.1:52608 ! R:localhost/127.0.0.1:52600] with attribute DISCARD
15:35:58.954 [AsyncHttpClient-1-14] DEBUG org.asynchttpclient.netty.handler.HttpHandler - 

Request DefaultFullHttpRequest(decodeResult: success, version: HTTP/1.1, content: EmptyByteBufBE)
DELETE /session/1e6d0130db977abdbf24f8acf24b27e8 HTTP/1.1
User-Agent: selenium/4.8.3 (java windows)
Content-Type: application/json; charset=utf-8
host: localhost:2263
accept: */*

Response DefaultHttpResponse(decodeResult: success, version: HTTP/1.1)
HTTP/1.1 200 OK
Content-Length: 14
Content-Type: application/json; charset=utf-8
cache-control: no-cache

15:35:58.954 [AsyncHttpClient-1-14] DEBUG org.asynchttpclient.netty.channel.ChannelManager - Adding key: http://localhost:2263 for channel [id: 0x7e1eda29, L:/127.0.0.1:52599 - R:localhost/127.0.0.1:2263]
15:35:59.003 [AsyncHttpClient-1-14] DEBUG org.asynchttpclient.netty.handler.HttpHandler - Channel Closed: [id: 0x7e1eda29, L:/127.0.0.1:52599 ! R:localhost/127.0.0.1:2263] with attribute DISCARD
2023-06-21 15:35:59 INFO  BaseTest:89 - Test executed**********
15:35:59.029 [rp-io-3] DEBUG com.epam.reportportal.service.Launch - Starting test item...rp-io-3
2023-06-21 15:35:59 INFO  BaseTest:116 - Property files loaded successfully**********
15:35:59.041 [rp-io-0] DEBUG com.epam.reportportal.service.Launch - TestItem with ID = '98813401-4898-4e5f-9b7d-380afe988d47' successfully finished.
15:35:59.041 [rp-io-0] DEBUG com.epam.reportportal.utils.SubscriptionUtils - Finish test item completed
15:35:59.043 [main] DEBUG io.github.bonigarcia.wdm.cache.ResolutionCache - Resolution chrome=114 in cache (valid until 16:09:26 21/06/2023 CEST)
15:35:59.043 [main] DEBUG io.github.bonigarcia.wdm.cache.ResolutionCache - Resolution chrome114=114.0.5735.90 in cache (valid until 09:55:46 22/06/2023 CEST)
15:35:59.043 [main] INFO io.github.bonigarcia.wdm.WebDriverManager - Using chromedriver 114.0.5735.90 (resolved driver for Chrome 114)
15:35:59.045 [rp-io-3] DEBUG com.epam.reportportal.service.Launch - ReportPortal item with ID 'ebf24563-0cc1-4600-b973-351071611e2d' has been created
15:35:59.045 [rp-io-3] DEBUG com.epam.reportportal.utils.SubscriptionUtils - Start test item successfully completed
15:35:59.051 [main] DEBUG io.github.bonigarcia.wdm.WebDriverManager - Driver chromedriver 114.0.5735.90 found in cache
15:35:59.051 [main] INFO io.github.bonigarcia.wdm.WebDriverManager - Exporting webdriver.chrome.driver as C:\Users\Suwarna_Wagh\.cache\selenium\chromedriver\win32\114.0.5735.90\chromedriver.exe
15:35:59.213 [AsyncHttpClient-1-17] DEBUG org.asynchttpclient.netty.channel.NettyConnectListener - Using new Channel '[id: 0x560ad339, L:/127.0.0.1:52644 - R:localhost/127.0.0.1:34676]' for 'POST' to '/session'
15:35:59.895 [AsyncHttpClient-1-1] DEBUG org.asynchttpclient.netty.channel.DefaultChannelPool - Entry count for : http://localhost:52600 : 1
15:35:59.896 [AsyncHttpClient-1-1] DEBUG org.asynchttpclient.netty.channel.DefaultChannelPool - Entry count for : http://localhost:2263 : 1
15:35:59.896 [AsyncHttpClient-1-1] DEBUG org.asynchttpclient.netty.channel.DefaultChannelPool - Adding Candidate expired Channel [id: 0x9fb8e2fd, L:/127.0.0.1:52608 ! R:localhost/127.0.0.1:52600] isIdleTimeoutExpired=false isRemotelyClosed=true isTtlExpired=false
15:35:59.896 [AsyncHttpClient-1-1] DEBUG org.asynchttpclient.netty.channel.DefaultChannelPool - Closing Idle Channel [id: 0x9fb8e2fd, L:/127.0.0.1:52608 ! R:localhost/127.0.0.1:52600]
15:35:59.896 [AsyncHttpClient-1-1] DEBUG org.asynchttpclient.netty.channel.DefaultChannelPool - Adding Candidate expired Channel [id: 0x7e1eda29, L:/127.0.0.1:52599 ! R:localhost/127.0.0.1:2263] isIdleTimeoutExpired=false isRemotelyClosed=true isTtlExpired=false
15:35:59.896 [AsyncHttpClient-1-1] DEBUG org.asynchttpclient.netty.channel.DefaultChannelPool - Closing Idle Channel [id: 0x7e1eda29, L:/127.0.0.1:52599 ! R:localhost/127.0.0.1:2263]
15:35:59.896 [AsyncHttpClient-1-1] DEBUG org.asynchttpclient.netty.channel.DefaultChannelPool - Closed 2 connections out of 2 in 0 ms
15:36:00.350 [AsyncHttpClient-1-17] DEBUG org.asynchttpclient.netty.handler.HttpHandler - 

Request DefaultHttpRequest(decodeResult: success, version: HTTP/1.1)
POST /session HTTP/1.1
User-Agent: selenium/4.8.3 (java windows)
Content-Length: 439
Content-Type: application/json; charset=utf-8
host: localhost:34676
accept: */*

Response DefaultHttpResponse(decodeResult: success, version: HTTP/1.1)
HTTP/1.1 200 OK
Content-Length: 863
Content-Type: application/json; charset=utf-8
cache-control: no-cache

15:36:00.351 [AsyncHttpClient-1-17] DEBUG org.asynchttpclient.netty.channel.ChannelManager - Adding key: http://localhost:34676 for channel [id: 0x560ad339, L:/127.0.0.1:52644 - R:localhost/127.0.0.1:34676]
15:36:00.358 [AsyncHttpClient-1-2] DEBUG org.asynchttpclient.netty.channel.NettyConnectListener - Using new Channel '[id: 0x7e09b5d8, L:/127.0.0.1:52655 - R:localhost/127.0.0.1:52647]' for 'GET' to '/json/version'
15:36:00.359 [AsyncHttpClient-1-2] DEBUG org.asynchttpclient.netty.handler.HttpHandler - 

Request DefaultFullHttpRequest(decodeResult: success, version: HTTP/1.1, content: EmptyByteBufBE)
GET /json/version HTTP/1.1
User-Agent: selenium/4.8.3 (java windows)
host: localhost:52647
accept: */*

Response DefaultHttpResponse(decodeResult: success, version: HTTP/1.1)
HTTP/1.1 200 OK
Content-Security-Policy: frame-ancestors 'none'
Content-Length: 424
Content-Type: application/json; charset=UTF-8

15:36:00.360 [AsyncHttpClient-1-2] DEBUG org.asynchttpclient.netty.channel.ChannelManager - Adding key: http://localhost:52647 for channel [id: 0x7e09b5d8, L:/127.0.0.1:52655 - R:localhost/127.0.0.1:52647]
15:36:00.363 [AsyncHttpClient-1-3] DEBUG org.asynchttpclient.netty.channel.NettyConnectListener - Using new Channel '[id: 0x8c5c9c38, L:/127.0.0.1:52656 - R:localhost/127.0.0.1:52647]' for 'GET' to '/devtools/browser/fb45d8e9-034f-4c16-8947-2af7a7699f6a'
15:36:00.364 [AsyncHttpClient-1-3] DEBUG org.asynchttpclient.netty.handler.WebSocketHandler - 

Request DefaultFullHttpRequest(decodeResult: success, version: HTTP/1.1, content: EmptyByteBufBE)
GET /devtools/browser/fb45d8e9-034f-4c16-8947-2af7a7699f6a HTTP/1.1
upgrade: websocket
connection: upgrade
sec-websocket-key: BcrXHsIFyycuMMg0UZLrqg==
sec-websocket-version: 13
origin: http://localhost:52647
host: localhost:52647
accept: */*
user-agent: AHC/2.1

Response DefaultHttpResponse(decodeResult: success, version: HTTP/1.1)
HTTP/1.1 101 WebSocket Protocol Handshake
Upgrade: WebSocket
Connection: Upgrade
Sec-WebSocket-Accept: da+jRqJxF9oZlubVLyLLh4rC1pE=

15:36:00.368 [Forwarding setTimeout on session 6150a88ea5ae818c706b1a5d7888ce88 to remote] DEBUG org.asynchttpclient.netty.request.NettyRequestSender - Using pooled Channel '[id: 0x560ad339, L:/127.0.0.1:52644 - R:localhost/127.0.0.1:34676]' for 'POST' to 'http://localhost:34676/session/6150a88ea5ae818c706b1a5d7888ce88/timeouts'
15:36:00.368 [Forwarding setTimeout on session 6150a88ea5ae818c706b1a5d7888ce88 to remote] DEBUG org.asynchttpclient.netty.request.NettyRequestSender - Using open Channel [id: 0x560ad339, L:/127.0.0.1:52644 - R:localhost/127.0.0.1:34676] for POST '/session/6150a88ea5ae818c706b1a5d7888ce88/timeouts'
15:36:00.369 [AsyncHttpClient-1-17] DEBUG org.asynchttpclient.netty.handler.HttpHandler - 

Request DefaultHttpRequest(decodeResult: success, version: HTTP/1.1)
POST /session/6150a88ea5ae818c706b1a5d7888ce88/timeouts HTTP/1.1
User-Agent: selenium/4.8.3 (java windows)
Content-Length: 22
Content-Type: application/json; charset=utf-8
host: localhost:34676
accept: */*

Response DefaultHttpResponse(decodeResult: success, version: HTTP/1.1)
HTTP/1.1 200 OK
Content-Length: 14
Content-Type: application/json; charset=utf-8
cache-control: no-cache

15:36:00.370 [AsyncHttpClient-1-17] DEBUG org.asynchttpclient.netty.channel.ChannelManager - Adding key: http://localhost:34676 for channel [id: 0x560ad339, L:/127.0.0.1:52644 - R:localhost/127.0.0.1:34676]
15:36:00.371 [Forwarding maximizeCurrentWindow on session 6150a88ea5ae818c706b1a5d7888ce88 to remote] DEBUG org.asynchttpclient.netty.request.NettyRequestSender - Using pooled Channel '[id: 0x560ad339, L:/127.0.0.1:52644 - R:localhost/127.0.0.1:34676]' for 'POST' to 'http://localhost:34676/session/6150a88ea5ae818c706b1a5d7888ce88/window/maximize'
15:36:00.371 [Forwarding maximizeCurrentWindow on session 6150a88ea5ae818c706b1a5d7888ce88 to remote] DEBUG org.asynchttpclient.netty.request.NettyRequestSender - Using open Channel [id: 0x560ad339, L:/127.0.0.1:52644 - R:localhost/127.0.0.1:34676] for POST '/session/6150a88ea5ae818c706b1a5d7888ce88/window/maximize'
15:36:00.499 [AsyncHttpClient-1-17] DEBUG org.asynchttpclient.netty.handler.HttpHandler - 

Request DefaultHttpRequest(decodeResult: success, version: HTTP/1.1)
POST /session/6150a88ea5ae818c706b1a5d7888ce88/window/maximize HTTP/1.1
User-Agent: selenium/4.8.3 (java windows)
Content-Length: 3
Content-Type: application/json; charset=utf-8
host: localhost:34676
accept: */*

Response DefaultHttpResponse(decodeResult: success, version: HTTP/1.1)
HTTP/1.1 200 OK
Content-Length: 51
Content-Type: application/json; charset=utf-8
cache-control: no-cache

15:36:00.499 [AsyncHttpClient-1-17] DEBUG org.asynchttpclient.netty.channel.ChannelManager - Adding key: http://localhost:34676 for channel [id: 0x560ad339, L:/127.0.0.1:52644 - R:localhost/127.0.0.1:34676]
15:36:00.501 [Forwarding get on session 6150a88ea5ae818c706b1a5d7888ce88 to remote] DEBUG org.asynchttpclient.netty.request.NettyRequestSender - Using pooled Channel '[id: 0x560ad339, L:/127.0.0.1:52644 - R:localhost/127.0.0.1:34676]' for 'POST' to 'http://localhost:34676/session/6150a88ea5ae818c706b1a5d7888ce88/url'
15:36:00.501 [Forwarding get on session 6150a88ea5ae818c706b1a5d7888ce88 to remote] DEBUG org.asynchttpclient.netty.request.NettyRequestSender - Using open Channel [id: 0x560ad339, L:/127.0.0.1:52644 - R:localhost/127.0.0.1:34676] for POST '/session/6150a88ea5ae818c706b1a5d7888ce88/url'
15:36:00.996 [AsyncHttpClient-1-1] DEBUG org.asynchttpclient.netty.channel.DefaultChannelPool - Entry count for : http://localhost:52647 : 1
15:36:02.097 [AsyncHttpClient-1-1] DEBUG org.asynchttpclient.netty.channel.DefaultChannelPool - Entry count for : http://localhost:52647 : 1
15:36:02.141 [AsyncHttpClient-1-17] DEBUG org.asynchttpclient.netty.handler.HttpHandler - 

Request DefaultHttpRequest(decodeResult: success, version: HTTP/1.1)
POST /session/6150a88ea5ae818c706b1a5d7888ce88/url HTTP/1.1
User-Agent: selenium/4.8.3 (java windows)
Content-Length: 52
Content-Type: application/json; charset=utf-8
host: localhost:34676
accept: */*

Response DefaultHttpResponse(decodeResult: success, version: HTTP/1.1)
HTTP/1.1 200 OK
Content-Length: 14
Content-Type: application/json; charset=utf-8
cache-control: no-cache

15:36:02.142 [AsyncHttpClient-1-17] DEBUG org.asynchttpclient.netty.channel.ChannelManager - Adding key: http://localhost:34676 for channel [id: 0x560ad339, L:/127.0.0.1:52644 - R:localhost/127.0.0.1:34676]
2023-06-21 15:36:02 INFO  BaseTest:110 - Test driver set up done successfully**********
2023-06-21 15:36:02 INFO  BaseTest:128 - Logging in to portal
15:36:02.145 [Forwarding findElement on session 6150a88ea5ae818c706b1a5d7888ce88 to remote] DEBUG org.asynchttpclient.netty.request.NettyRequestSender - Using pooled Channel '[id: 0x560ad339, L:/127.0.0.1:52644 - R:localhost/127.0.0.1:34676]' for 'POST' to 'http://localhost:34676/session/6150a88ea5ae818c706b1a5d7888ce88/element'
15:36:02.145 [Forwarding findElement on session 6150a88ea5ae818c706b1a5d7888ce88 to remote] DEBUG org.asynchttpclient.netty.request.NettyRequestSender - Using open Channel [id: 0x560ad339, L:/127.0.0.1:52644 - R:localhost/127.0.0.1:34676] for POST '/session/6150a88ea5ae818c706b1a5d7888ce88/element'
15:36:02.161 [AsyncHttpClient-1-17] DEBUG org.asynchttpclient.netty.handler.HttpHandler - 

Request DefaultHttpRequest(decodeResult: success, version: HTTP/1.1)
POST /session/6150a88ea5ae818c706b1a5d7888ce88/element HTTP/1.1
User-Agent: selenium/4.8.3 (java windows)
Content-Length: 59
Content-Type: application/json; charset=utf-8
host: localhost:34676
accept: */*

Response DefaultHttpResponse(decodeResult: success, version: HTTP/1.1)
HTTP/1.1 200 OK
Content-Length: 95
Content-Type: application/json; charset=utf-8
cache-control: no-cache

15:36:02.161 [AsyncHttpClient-1-17] DEBUG org.asynchttpclient.netty.channel.ChannelManager - Adding key: http://localhost:34676 for channel [id: 0x560ad339, L:/127.0.0.1:52644 - R:localhost/127.0.0.1:34676]
15:36:02.163 [Forwarding clearElement on session 6150a88ea5ae818c706b1a5d7888ce88 to remote] DEBUG org.asynchttpclient.netty.request.NettyRequestSender - Using pooled Channel '[id: 0x560ad339, L:/127.0.0.1:52644 - R:localhost/127.0.0.1:34676]' for 'POST' to 'http://localhost:34676/session/6150a88ea5ae818c706b1a5d7888ce88/element/4597D79D3E5BA106A8180242973C3BF0_element_30/clear'
15:36:02.163 [Forwarding clearElement on session 6150a88ea5ae818c706b1a5d7888ce88 to remote] DEBUG org.asynchttpclient.netty.request.NettyRequestSender - Using open Channel [id: 0x560ad339, L:/127.0.0.1:52644 - R:localhost/127.0.0.1:34676] for POST '/session/6150a88ea5ae818c706b1a5d7888ce88/element/4597D79D3E5BA106A8180242973C3BF0_element_30/clear'
15:36:02.209 [AsyncHttpClient-1-17] DEBUG org.asynchttpclient.netty.handler.HttpHandler - 

Request DefaultHttpRequest(decodeResult: success, version: HTTP/1.1)
POST /session/6150a88ea5ae818c706b1a5d7888ce88/element/4597D79D3E5BA106A8180242973C3BF0_element_30/clear HTTP/1.1
User-Agent: selenium/4.8.3 (java windows)
Content-Length: 57
Content-Type: application/json; charset=utf-8
host: localhost:34676
accept: */*

Response DefaultHttpResponse(decodeResult: success, version: HTTP/1.1)
HTTP/1.1 200 OK
Content-Length: 14
Content-Type: application/json; charset=utf-8
cache-control: no-cache

15:36:02.209 [AsyncHttpClient-1-17] DEBUG org.asynchttpclient.netty.channel.ChannelManager - Adding key: http://localhost:34676 for channel [id: 0x560ad339, L:/127.0.0.1:52644 - R:localhost/127.0.0.1:34676]
15:36:02.210 [Forwarding findElement on session 6150a88ea5ae818c706b1a5d7888ce88 to remote] DEBUG org.asynchttpclient.netty.request.NettyRequestSender - Using pooled Channel '[id: 0x560ad339, L:/127.0.0.1:52644 - R:localhost/127.0.0.1:34676]' for 'POST' to 'http://localhost:34676/session/6150a88ea5ae818c706b1a5d7888ce88/element'
15:36:02.210 [Forwarding findElement on session 6150a88ea5ae818c706b1a5d7888ce88 to remote] DEBUG org.asynchttpclient.netty.request.NettyRequestSender - Using open Channel [id: 0x560ad339, L:/127.0.0.1:52644 - R:localhost/127.0.0.1:34676] for POST '/session/6150a88ea5ae818c706b1a5d7888ce88/element'
15:36:02.220 [AsyncHttpClient-1-17] DEBUG org.asynchttpclient.netty.handler.HttpHandler - 

Request DefaultHttpRequest(decodeResult: success, version: HTTP/1.1)
POST /session/6150a88ea5ae818c706b1a5d7888ce88/element HTTP/1.1
User-Agent: selenium/4.8.3 (java windows)
Content-Length: 59
Content-Type: application/json; charset=utf-8
host: localhost:34676
accept: */*

Response DefaultHttpResponse(decodeResult: success, version: HTTP/1.1)
HTTP/1.1 200 OK
Content-Length: 95
Content-Type: application/json; charset=utf-8
cache-control: no-cache

15:36:02.220 [AsyncHttpClient-1-17] DEBUG org.asynchttpclient.netty.channel.ChannelManager - Adding key: http://localhost:34676 for channel [id: 0x560ad339, L:/127.0.0.1:52644 - R:localhost/127.0.0.1:34676]
15:36:02.224 [Forwarding sendKeysToElement on session 6150a88ea5ae818c706b1a5d7888ce88 to remote] DEBUG org.asynchttpclient.netty.request.NettyRequestSender - Using pooled Channel '[id: 0x560ad339, L:/127.0.0.1:52644 - R:localhost/127.0.0.1:34676]' for 'POST' to 'http://localhost:34676/session/6150a88ea5ae818c706b1a5d7888ce88/element/4597D79D3E5BA106A8180242973C3BF0_element_30/value'
15:36:02.224 [Forwarding sendKeysToElement on session 6150a88ea5ae818c706b1a5d7888ce88 to remote] DEBUG org.asynchttpclient.netty.request.NettyRequestSender - Using open Channel [id: 0x560ad339, L:/127.0.0.1:52644 - R:localhost/127.0.0.1:34676] for POST '/session/6150a88ea5ae818c706b1a5d7888ce88/element/4597D79D3E5BA106A8180242973C3BF0_element_30/value'
15:36:02.328 [AsyncHttpClient-1-17] DEBUG org.asynchttpclient.netty.handler.HttpHandler - 

Request DefaultHttpRequest(decodeResult: success, version: HTTP/1.1)
POST /session/6150a88ea5ae818c706b1a5d7888ce88/element/4597D79D3E5BA106A8180242973C3BF0_element_30/value HTTP/1.1
User-Agent: selenium/4.8.3 (java windows)
Content-Length: 188
Content-Type: application/json; charset=utf-8
host: localhost:34676
accept: */*

Response DefaultHttpResponse(decodeResult: success, version: HTTP/1.1)
HTTP/1.1 200 OK
Content-Length: 14
Content-Type: application/json; charset=utf-8
cache-control: no-cache

15:36:02.328 [AsyncHttpClient-1-17] DEBUG org.asynchttpclient.netty.channel.ChannelManager - Adding key: http://localhost:34676 for channel [id: 0x560ad339, L:/127.0.0.1:52644 - R:localhost/127.0.0.1:34676]
15:36:02.329 [Forwarding findElement on session 6150a88ea5ae818c706b1a5d7888ce88 to remote] DEBUG org.asynchttpclient.netty.request.NettyRequestSender - Using pooled Channel '[id: 0x560ad339, L:/127.0.0.1:52644 - R:localhost/127.0.0.1:34676]' for 'POST' to 'http://localhost:34676/session/6150a88ea5ae818c706b1a5d7888ce88/element'
15:36:02.330 [Forwarding findElement on session 6150a88ea5ae818c706b1a5d7888ce88 to remote] DEBUG org.asynchttpclient.netty.request.NettyRequestSender - Using open Channel [id: 0x560ad339, L:/127.0.0.1:52644 - R:localhost/127.0.0.1:34676] for POST '/session/6150a88ea5ae818c706b1a5d7888ce88/element'
15:36:02.341 [AsyncHttpClient-1-17] DEBUG org.asynchttpclient.netty.handler.HttpHandler - 

Request DefaultHttpRequest(decodeResult: success, version: HTTP/1.1)
POST /session/6150a88ea5ae818c706b1a5d7888ce88/element HTTP/1.1
User-Agent: selenium/4.8.3 (java windows)
Content-Length: 62
Content-Type: application/json; charset=utf-8
host: localhost:34676
accept: */*

Response DefaultHttpResponse(decodeResult: success, version: HTTP/1.1)
HTTP/1.1 200 OK
Content-Length: 95
Content-Type: application/json; charset=utf-8
cache-control: no-cache

15:36:02.342 [AsyncHttpClient-1-17] DEBUG org.asynchttpclient.netty.channel.ChannelManager - Adding key: http://localhost:34676 for channel [id: 0x560ad339, L:/127.0.0.1:52644 - R:localhost/127.0.0.1:34676]
15:36:02.344 [Forwarding clearElement on session 6150a88ea5ae818c706b1a5d7888ce88 to remote] DEBUG org.asynchttpclient.netty.request.NettyRequestSender - Using pooled Channel '[id: 0x560ad339, L:/127.0.0.1:52644 - R:localhost/127.0.0.1:34676]' for 'POST' to 'http://localhost:34676/session/6150a88ea5ae818c706b1a5d7888ce88/element/4597D79D3E5BA106A8180242973C3BF0_element_32/clear'
15:36:02.344 [Forwarding clearElement on session 6150a88ea5ae818c706b1a5d7888ce88 to remote] DEBUG org.asynchttpclient.netty.request.NettyRequestSender - Using open Channel [id: 0x560ad339, L:/127.0.0.1:52644 - R:localhost/127.0.0.1:34676] for POST '/session/6150a88ea5ae818c706b1a5d7888ce88/element/4597D79D3E5BA106A8180242973C3BF0_element_32/clear'
15:36:02.374 [AsyncHttpClient-1-17] DEBUG org.asynchttpclient.netty.handler.HttpHandler - 

Request DefaultHttpRequest(decodeResult: success, version: HTTP/1.1)
POST /session/6150a88ea5ae818c706b1a5d7888ce88/element/4597D79D3E5BA106A8180242973C3BF0_element_32/clear HTTP/1.1
User-Agent: selenium/4.8.3 (java windows)
Content-Length: 57
Content-Type: application/json; charset=utf-8
host: localhost:34676
accept: */*

Response DefaultHttpResponse(decodeResult: success, version: HTTP/1.1)
HTTP/1.1 200 OK
Content-Length: 14
Content-Type: application/json; charset=utf-8
cache-control: no-cache

15:36:02.374 [AsyncHttpClient-1-17] DEBUG org.asynchttpclient.netty.channel.ChannelManager - Adding key: http://localhost:34676 for channel [id: 0x560ad339, L:/127.0.0.1:52644 - R:localhost/127.0.0.1:34676]
15:36:02.376 [Forwarding findElement on session 6150a88ea5ae818c706b1a5d7888ce88 to remote] DEBUG org.asynchttpclient.netty.request.NettyRequestSender - Using pooled Channel '[id: 0x560ad339, L:/127.0.0.1:52644 - R:localhost/127.0.0.1:34676]' for 'POST' to 'http://localhost:34676/session/6150a88ea5ae818c706b1a5d7888ce88/element'
15:36:02.376 [Forwarding findElement on session 6150a88ea5ae818c706b1a5d7888ce88 to remote] DEBUG org.asynchttpclient.netty.request.NettyRequestSender - Using open Channel [id: 0x560ad339, L:/127.0.0.1:52644 - R:localhost/127.0.0.1:34676] for POST '/session/6150a88ea5ae818c706b1a5d7888ce88/element'
15:36:02.386 [AsyncHttpClient-1-17] DEBUG org.asynchttpclient.netty.handler.HttpHandler - 

Request DefaultHttpRequest(decodeResult: success, version: HTTP/1.1)
POST /session/6150a88ea5ae818c706b1a5d7888ce88/element HTTP/1.1
User-Agent: selenium/4.8.3 (java windows)
Content-Length: 62
Content-Type: application/json; charset=utf-8
host: localhost:34676
accept: */*

Response DefaultHttpResponse(decodeResult: success, version: HTTP/1.1)
HTTP/1.1 200 OK
Content-Length: 95
Content-Type: application/json; charset=utf-8
cache-control: no-cache

15:36:02.387 [AsyncHttpClient-1-17] DEBUG org.asynchttpclient.netty.channel.ChannelManager - Adding key: http://localhost:34676 for channel [id: 0x560ad339, L:/127.0.0.1:52644 - R:localhost/127.0.0.1:34676]
15:36:02.397 [Forwarding sendKeysToElement on session 6150a88ea5ae818c706b1a5d7888ce88 to remote] DEBUG org.asynchttpclient.netty.request.NettyRequestSender - Using pooled Channel '[id: 0x560ad339, L:/127.0.0.1:52644 - R:localhost/127.0.0.1:34676]' for 'POST' to 'http://localhost:34676/session/6150a88ea5ae818c706b1a5d7888ce88/element/4597D79D3E5BA106A8180242973C3BF0_element_32/value'
15:36:02.397 [Forwarding sendKeysToElement on session 6150a88ea5ae818c706b1a5d7888ce88 to remote] DEBUG org.asynchttpclient.netty.request.NettyRequestSender - Using open Channel [id: 0x560ad339, L:/127.0.0.1:52644 - R:localhost/127.0.0.1:34676] for POST '/session/6150a88ea5ae818c706b1a5d7888ce88/element/4597D79D3E5BA106A8180242973C3BF0_element_32/value'
15:36:02.479 [AsyncHttpClient-1-17] DEBUG org.asynchttpclient.netty.handler.HttpHandler - 

Request DefaultHttpRequest(decodeResult: success, version: HTTP/1.1)
POST /session/6150a88ea5ae818c706b1a5d7888ce88/element/4597D79D3E5BA106A8180242973C3BF0_element_32/value HTTP/1.1
User-Agent: selenium/4.8.3 (java windows)
Content-Length: 148
Content-Type: application/json; charset=utf-8
host: localhost:34676
accept: */*

Response DefaultHttpResponse(decodeResult: success, version: HTTP/1.1)
HTTP/1.1 200 OK
Content-Length: 14
Content-Type: application/json; charset=utf-8
cache-control: no-cache

15:36:02.479 [AsyncHttpClient-1-17] DEBUG org.asynchttpclient.netty.channel.ChannelManager - Adding key: http://localhost:34676 for channel [id: 0x560ad339, L:/127.0.0.1:52644 - R:localhost/127.0.0.1:34676]
15:36:02.480 [Forwarding findElement on session 6150a88ea5ae818c706b1a5d7888ce88 to remote] DEBUG org.asynchttpclient.netty.request.NettyRequestSender - Using pooled Channel '[id: 0x560ad339, L:/127.0.0.1:52644 - R:localhost/127.0.0.1:34676]' for 'POST' to 'http://localhost:34676/session/6150a88ea5ae818c706b1a5d7888ce88/element'
15:36:02.480 [Forwarding findElement on session 6150a88ea5ae818c706b1a5d7888ce88 to remote] DEBUG org.asynchttpclient.netty.request.NettyRequestSender - Using open Channel [id: 0x560ad339, L:/127.0.0.1:52644 - R:localhost/127.0.0.1:34676] for POST '/session/6150a88ea5ae818c706b1a5d7888ce88/element'
15:36:02.494 [AsyncHttpClient-1-17] DEBUG org.asynchttpclient.netty.handler.HttpHandler - 

Request DefaultHttpRequest(decodeResult: success, version: HTTP/1.1)
POST /session/6150a88ea5ae818c706b1a5d7888ce88/element HTTP/1.1
User-Agent: selenium/4.8.3 (java windows)
Content-Length: 71
Content-Type: application/json; charset=utf-8
host: localhost:34676
accept: */*

Response DefaultHttpResponse(decodeResult: success, version: HTTP/1.1)
HTTP/1.1 200 OK
Content-Length: 95
Content-Type: application/json; charset=utf-8
cache-control: no-cache

15:36:02.494 [AsyncHttpClient-1-17] DEBUG org.asynchttpclient.netty.channel.ChannelManager - Adding key: http://localhost:34676 for channel [id: 0x560ad339, L:/127.0.0.1:52644 - R:localhost/127.0.0.1:34676]
15:36:02.495 [Forwarding clickElement on session 6150a88ea5ae818c706b1a5d7888ce88 to remote] DEBUG org.asynchttpclient.netty.request.NettyRequestSender - Using pooled Channel '[id: 0x560ad339, L:/127.0.0.1:52644 - R:localhost/127.0.0.1:34676]' for 'POST' to 'http://localhost:34676/session/6150a88ea5ae818c706b1a5d7888ce88/element/4597D79D3E5BA106A8180242973C3BF0_element_33/click'
15:36:02.495 [Forwarding clickElement on session 6150a88ea5ae818c706b1a5d7888ce88 to remote] DEBUG org.asynchttpclient.netty.request.NettyRequestSender - Using open Channel [id: 0x560ad339, L:/127.0.0.1:52644 - R:localhost/127.0.0.1:34676] for POST '/session/6150a88ea5ae818c706b1a5d7888ce88/element/4597D79D3E5BA106A8180242973C3BF0_element_33/click'
15:36:02.545 [AsyncHttpClient-1-17] DEBUG org.asynchttpclient.netty.handler.HttpHandler - 

Request DefaultHttpRequest(decodeResult: success, version: HTTP/1.1)
POST /session/6150a88ea5ae818c706b1a5d7888ce88/element/4597D79D3E5BA106A8180242973C3BF0_element_33/click HTTP/1.1
User-Agent: selenium/4.8.3 (java windows)
Content-Length: 57
Content-Type: application/json; charset=utf-8
host: localhost:34676
accept: */*

Response DefaultHttpResponse(decodeResult: success, version: HTTP/1.1)
HTTP/1.1 200 OK
Content-Length: 14
Content-Type: application/json; charset=utf-8
cache-control: no-cache

15:36:02.546 [AsyncHttpClient-1-17] DEBUG org.asynchttpclient.netty.channel.ChannelManager - Adding key: http://localhost:34676 for channel [id: 0x560ad339, L:/127.0.0.1:52644 - R:localhost/127.0.0.1:34676]
2023-06-21 15:36:02 INFO  BaseTest:132 - Logged in
15:36:02.549 [rp-io-99] DEBUG com.epam.reportportal.service.Launch - Starting test item...rp-io-99
2023-06-21 15:36:02 INFO  Listeners:34 - Started Test null
15:36:02.551 [Forwarding findElement on session 6150a88ea5ae818c706b1a5d7888ce88 to remote] DEBUG org.asynchttpclient.netty.request.NettyRequestSender - Using pooled Channel '[id: 0x560ad339, L:/127.0.0.1:52644 - R:localhost/127.0.0.1:34676]' for 'POST' to 'http://localhost:34676/session/6150a88ea5ae818c706b1a5d7888ce88/element'
15:36:02.551 [Forwarding findElement on session 6150a88ea5ae818c706b1a5d7888ce88 to remote] DEBUG org.asynchttpclient.netty.request.NettyRequestSender - Using open Channel [id: 0x560ad339, L:/127.0.0.1:52644 - R:localhost/127.0.0.1:34676] for POST '/session/6150a88ea5ae818c706b1a5d7888ce88/element'
15:36:02.568 [rp-io-7] DEBUG com.epam.reportportal.service.Launch - TestItem with ID = 'ebf24563-0cc1-4600-b973-351071611e2d' successfully finished.
15:36:02.568 [rp-io-7] DEBUG com.epam.reportportal.utils.SubscriptionUtils - Finish test item completed
15:36:02.574 [rp-io-99] DEBUG com.epam.reportportal.service.Launch - ReportPortal item with ID '4b2b3eeb-1d42-4775-ada6-4ddb0a5e34b4' has been created
15:36:02.574 [rp-io-99] DEBUG com.epam.reportportal.utils.SubscriptionUtils - Start test item successfully completed
15:36:02.989 [AsyncHttpClient-1-17] DEBUG org.asynchttpclient.netty.handler.HttpHandler - 

Request DefaultHttpRequest(decodeResult: success, version: HTTP/1.1)
POST /session/6150a88ea5ae818c706b1a5d7888ce88/element HTTP/1.1
User-Agent: selenium/4.8.3 (java windows)
Content-Length: 168
Content-Type: application/json; charset=utf-8
host: localhost:34676
accept: */*

Response DefaultHttpResponse(decodeResult: success, version: HTTP/1.1)
HTTP/1.1 200 OK
Content-Length: 95
Content-Type: application/json; charset=utf-8
cache-control: no-cache

15:36:02.989 [AsyncHttpClient-1-17] DEBUG org.asynchttpclient.netty.channel.ChannelManager - Adding key: http://localhost:34676 for channel [id: 0x560ad339, L:/127.0.0.1:52644 - R:localhost/127.0.0.1:34676]
15:36:02.991 [Forwarding clickElement on session 6150a88ea5ae818c706b1a5d7888ce88 to remote] DEBUG org.asynchttpclient.netty.request.NettyRequestSender - Using pooled Channel '[id: 0x560ad339, L:/127.0.0.1:52644 - R:localhost/127.0.0.1:34676]' for 'POST' to 'http://localhost:34676/session/6150a88ea5ae818c706b1a5d7888ce88/element/4597D79D3E5BA106A8180242973C3BF0_element_45/click'
15:36:02.991 [Forwarding clickElement on session 6150a88ea5ae818c706b1a5d7888ce88 to remote] DEBUG org.asynchttpclient.netty.request.NettyRequestSender - Using open Channel [id: 0x560ad339, L:/127.0.0.1:52644 - R:localhost/127.0.0.1:34676] for POST '/session/6150a88ea5ae818c706b1a5d7888ce88/element/4597D79D3E5BA106A8180242973C3BF0_element_45/click'
15:36:03.145 [AsyncHttpClient-1-17] DEBUG org.asynchttpclient.netty.handler.HttpHandler - 

Request DefaultHttpRequest(decodeResult: success, version: HTTP/1.1)
POST /session/6150a88ea5ae818c706b1a5d7888ce88/element/4597D79D3E5BA106A8180242973C3BF0_element_45/click HTTP/1.1
User-Agent: selenium/4.8.3 (java windows)
Content-Length: 57
Content-Type: application/json; charset=utf-8
host: localhost:34676
accept: */*

Response DefaultHttpResponse(decodeResult: success, version: HTTP/1.1)
HTTP/1.1 200 OK
Content-Length: 14
Content-Type: application/json; charset=utf-8
cache-control: no-cache

15:36:03.145 [AsyncHttpClient-1-17] DEBUG org.asynchttpclient.netty.channel.ChannelManager - Adding key: http://localhost:34676 for channel [id: 0x560ad339, L:/127.0.0.1:52644 - R:localhost/127.0.0.1:34676]
15:36:03.147 [Forwarding findElement on session 6150a88ea5ae818c706b1a5d7888ce88 to remote] DEBUG org.asynchttpclient.netty.request.NettyRequestSender - Using pooled Channel '[id: 0x560ad339, L:/127.0.0.1:52644 - R:localhost/127.0.0.1:34676]' for 'POST' to 'http://localhost:34676/session/6150a88ea5ae818c706b1a5d7888ce88/element'
15:36:03.147 [Forwarding findElement on session 6150a88ea5ae818c706b1a5d7888ce88 to remote] DEBUG org.asynchttpclient.netty.request.NettyRequestSender - Using open Channel [id: 0x560ad339, L:/127.0.0.1:52644 - R:localhost/127.0.0.1:34676] for POST '/session/6150a88ea5ae818c706b1a5d7888ce88/element'
15:36:03.196 [AsyncHttpClient-1-1] DEBUG org.asynchttpclient.netty.channel.DefaultChannelPool - Entry count for : http://localhost:52647 : 1
15:36:03.532 [AsyncHttpClient-1-17] DEBUG org.asynchttpclient.netty.handler.HttpHandler - 

Request DefaultHttpRequest(decodeResult: success, version: HTTP/1.1)
POST /session/6150a88ea5ae818c706b1a5d7888ce88/element HTTP/1.1
User-Agent: selenium/4.8.3 (java windows)
Content-Length: 84
Content-Type: application/json; charset=utf-8
host: localhost:34676
accept: */*

Response DefaultHttpResponse(decodeResult: success, version: HTTP/1.1)
HTTP/1.1 200 OK
Content-Length: 95
Content-Type: application/json; charset=utf-8
cache-control: no-cache

15:36:03.533 [AsyncHttpClient-1-17] DEBUG org.asynchttpclient.netty.channel.ChannelManager - Adding key: http://localhost:34676 for channel [id: 0x560ad339, L:/127.0.0.1:52644 - R:localhost/127.0.0.1:34676]
15:36:03.534 [Forwarding executeScript on session 6150a88ea5ae818c706b1a5d7888ce88 to remote] DEBUG org.asynchttpclient.netty.request.NettyRequestSender - Using pooled Channel '[id: 0x560ad339, L:/127.0.0.1:52644 - R:localhost/127.0.0.1:34676]' for 'POST' to 'http://localhost:34676/session/6150a88ea5ae818c706b1a5d7888ce88/execute/sync'
15:36:03.534 [Forwarding executeScript on session 6150a88ea5ae818c706b1a5d7888ce88 to remote] DEBUG org.asynchttpclient.netty.request.NettyRequestSender - Using open Channel [id: 0x560ad339, L:/127.0.0.1:52644 - R:localhost/127.0.0.1:34676] for POST '/session/6150a88ea5ae818c706b1a5d7888ce88/execute/sync'
15:36:03.543 [AsyncHttpClient-1-17] DEBUG org.asynchttpclient.netty.handler.HttpHandler - 

Request DefaultHttpRequest(decodeResult: success, version: HTTP/1.1)
POST /session/6150a88ea5ae818c706b1a5d7888ce88/execute/sync HTTP/1.1
User-Agent: selenium/4.8.3 (java windows)
Content-Length: 232
Content-Type: application/json; charset=utf-8
host: localhost:34676
accept: */*

Response DefaultHttpResponse(decodeResult: success, version: HTTP/1.1)
HTTP/1.1 200 OK
Content-Length: 14
Content-Type: application/json; charset=utf-8
cache-control: no-cache

15:36:03.543 [AsyncHttpClient-1-17] DEBUG org.asynchttpclient.netty.channel.ChannelManager - Adding key: http://localhost:34676 for channel [id: 0x560ad339, L:/127.0.0.1:52644 - R:localhost/127.0.0.1:34676]
15:36:03.545 [Forwarding findElement on session 6150a88ea5ae818c706b1a5d7888ce88 to remote] DEBUG org.asynchttpclient.netty.request.NettyRequestSender - Using pooled Channel '[id: 0x560ad339, L:/127.0.0.1:52644 - R:localhost/127.0.0.1:34676]' for 'POST' to 'http://localhost:34676/session/6150a88ea5ae818c706b1a5d7888ce88/element'
15:36:03.545 [Forwarding findElement on session 6150a88ea5ae818c706b1a5d7888ce88 to remote] DEBUG org.asynchttpclient.netty.request.NettyRequestSender - Using open Channel [id: 0x560ad339, L:/127.0.0.1:52644 - R:localhost/127.0.0.1:34676] for POST '/session/6150a88ea5ae818c706b1a5d7888ce88/element'
15:36:03.796 [AsyncHttpClient-1-17] DEBUG org.asynchttpclient.netty.handler.HttpHandler - 

Request DefaultHttpRequest(decodeResult: success, version: HTTP/1.1)
POST /session/6150a88ea5ae818c706b1a5d7888ce88/element HTTP/1.1
User-Agent: selenium/4.8.3 (java windows)
Content-Length: 84
Content-Type: application/json; charset=utf-8
host: localhost:34676
accept: */*

Response DefaultHttpResponse(decodeResult: success, version: HTTP/1.1)
HTTP/1.1 200 OK
Content-Length: 95
Content-Type: application/json; charset=utf-8
cache-control: no-cache

15:36:03.796 [AsyncHttpClient-1-17] DEBUG org.asynchttpclient.netty.channel.ChannelManager - Adding key: http://localhost:34676 for channel [id: 0x560ad339, L:/127.0.0.1:52644 - R:localhost/127.0.0.1:34676]
15:36:03.808 [Forwarding isElementDisplayed on session 6150a88ea5ae818c706b1a5d7888ce88 to remote] DEBUG org.asynchttpclient.netty.request.NettyRequestSender - Using pooled Channel '[id: 0x560ad339, L:/127.0.0.1:52644 - R:localhost/127.0.0.1:34676]' for 'POST' to 'http://localhost:34676/session/6150a88ea5ae818c706b1a5d7888ce88/execute/sync'
15:36:03.808 [Forwarding isElementDisplayed on session 6150a88ea5ae818c706b1a5d7888ce88 to remote] DEBUG org.asynchttpclient.netty.request.NettyRequestSender - Using open Channel [id: 0x560ad339, L:/127.0.0.1:52644 - R:localhost/127.0.0.1:34676] for POST '/session/6150a88ea5ae818c706b1a5d7888ce88/execute/sync'
15:36:03.840 [AsyncHttpClient-1-17] DEBUG org.asynchttpclient.netty.handler.HttpHandler - 

Request DefaultHttpRequest(decodeResult: success, version: HTTP/1.1)
POST /session/6150a88ea5ae818c706b1a5d7888ce88/execute/sync HTTP/1.1
User-Agent: selenium/4.8.3 (java windows)
Content-Length: 48814
Content-Type: application/json; charset=utf-8
host: localhost:34676
accept: */*

Response DefaultHttpResponse(decodeResult: success, version: HTTP/1.1)
HTTP/1.1 200 OK
Content-Length: 14
Content-Type: application/json; charset=utf-8
cache-control: no-cache

15:36:03.840 [AsyncHttpClient-1-17] DEBUG org.asynchttpclient.netty.channel.ChannelManager - Adding key: http://localhost:34676 for channel [id: 0x560ad339, L:/127.0.0.1:52644 - R:localhost/127.0.0.1:34676]
2023-06-21 15:36:03 INFO  Listeners:38 - Succeeded Test null
]]></system-out>
    <system-err><![CDATA[Starting ChromeDriver 114.0.5735.90 (386bc09e8f4f2e025eddae123f36f6263096ae49-refs/branch-heads/5735@{#1052}) on port 34676
Only local connections are allowed.
Please see https://chromedriver.chromium.org/security-considerations for suggestions on keeping ChromeDriver safe.
ChromeDriver was started successfully.
Jun 21, 2023 3:36:00 PM org.openqa.selenium.devtools.CdpVersionFinder findNearestMatch
WARNING: Unable to find an exact match for CDP version 114, so returning the closest version found: 111
]]></system-err>
  </testcase>
  <testcase name="searchDashboardNameDP[OVERALL STATISTICS DONUT](7)" classname="alltests.uitest.coreTest.DashboardPageTest" time="1.303">
    <system-out><![CDATA[15:36:03.842 [rp-io-15] DEBUG com.epam.reportportal.service.Launch - Starting test item...rp-io-15
15:36:03.844 [AsyncHttpClient-1-3] DEBUG org.asynchttpclient.netty.handler.WebSocketHandler - Channel Closed: [id: 0x8c5c9c38, L:/127.0.0.1:52656 ! R:localhost/127.0.0.1:52647] with attribute NettyResponseFuture{currentRetry=0,
	isDone=1,
	isCancelled=0,
	asyncHandler=org.asynchttpclient.ws.WebSocketUpgradeHandler@761bcb7c,
	nettyRequest=org.asynchttpclient.netty.request.NettyRequest@5a2c9f6c,
	future=java.util.concurrent.CompletableFuture@2849d83f[Completed normally],
	uri=ws://localhost:52647/devtools/browser/fb45d8e9-034f-4c16-8947-2af7a7699f6a,
	keepAlive=true,
	redirectCount=0,
	timeoutsHolder=null,
	inAuth=0,
	touch=1687354560364}
15:36:03.844 [AsyncHttpClient-1-3] DEBUG org.asynchttpclient.netty.channel.ChannelManager - Closing Channel [id: 0x8c5c9c38, L:/127.0.0.1:52656 ! R:localhost/127.0.0.1:52647] 
15:36:03.846 [Driver Command Executor] DEBUG org.asynchttpclient.netty.request.NettyRequestSender - Using pooled Channel '[id: 0x560ad339, L:/127.0.0.1:52644 - R:localhost/127.0.0.1:34676]' for 'DELETE' to 'http://localhost:34676/session/6150a88ea5ae818c706b1a5d7888ce88'
15:36:03.846 [Driver Command Executor] DEBUG org.asynchttpclient.netty.request.NettyRequestSender - Using open Channel [id: 0x560ad339, L:/127.0.0.1:52644 - R:localhost/127.0.0.1:34676] for DELETE '/session/6150a88ea5ae818c706b1a5d7888ce88'
15:36:03.858 [rp-io-12] DEBUG com.epam.reportportal.service.Launch - TestItem with ID = '4b2b3eeb-1d42-4775-ada6-4ddb0a5e34b4' successfully finished.
15:36:03.858 [rp-io-12] DEBUG com.epam.reportportal.utils.SubscriptionUtils - Finish test item completed
15:36:03.864 [rp-io-15] DEBUG com.epam.reportportal.service.Launch - ReportPortal item with ID 'bd702ca0-628d-47eb-b76c-e68b58015881' has been created
15:36:03.864 [rp-io-15] DEBUG com.epam.reportportal.utils.SubscriptionUtils - Start test item successfully completed
15:36:03.909 [AsyncHttpClient-1-2] DEBUG org.asynchttpclient.netty.handler.HttpHandler - Unexpected I/O exception on channel [id: 0x7e09b5d8, L:/127.0.0.1:52655 - R:localhost/127.0.0.1:52647]
java.net.SocketException: Connection reset
	at java.base/sun.nio.ch.SocketChannelImpl.throwConnectionReset(SocketChannelImpl.java:394)
	at java.base/sun.nio.ch.SocketChannelImpl.read(SocketChannelImpl.java:426)
	at io.netty.buffer.PooledByteBuf.setBytes(PooledByteBuf.java:256)
	at io.netty.buffer.AbstractByteBuf.writeBytes(AbstractByteBuf.java:1132)
	at io.netty.channel.socket.nio.NioSocketChannel.doReadBytes(NioSocketChannel.java:357)
	at io.netty.channel.nio.AbstractNioByteChannel$NioByteUnsafe.read(AbstractNioByteChannel.java:151)
	at io.netty.channel.nio.NioEventLoop.processSelectedKey(NioEventLoop.java:788)
	at io.netty.channel.nio.NioEventLoop.processSelectedKeysOptimized(NioEventLoop.java:724)
	at io.netty.channel.nio.NioEventLoop.processSelectedKeys(NioEventLoop.java:650)
	at io.netty.channel.nio.NioEventLoop.run(NioEventLoop.java:562)
	at io.netty.util.concurrent.SingleThreadEventExecutor$4.run(SingleThreadEventExecutor.java:997)
	at io.netty.util.internal.ThreadExecutorMap$2.run(ThreadExecutorMap.java:74)
	at io.netty.util.concurrent.FastThreadLocalRunnable.run(FastThreadLocalRunnable.java:30)
	at java.base/java.lang.Thread.run(Thread.java:833)
15:36:03.909 [AsyncHttpClient-1-2] DEBUG org.asynchttpclient.netty.channel.ChannelManager - Closing Channel [id: 0x7e09b5d8, L:/127.0.0.1:52655 - R:localhost/127.0.0.1:52647] 
15:36:03.909 [AsyncHttpClient-1-2] DEBUG org.asynchttpclient.netty.handler.HttpHandler - Channel Closed: [id: 0x7e09b5d8, L:/127.0.0.1:52655 ! R:localhost/127.0.0.1:52647] with attribute DISCARD
15:36:03.931 [AsyncHttpClient-1-17] DEBUG org.asynchttpclient.netty.handler.HttpHandler - 

Request DefaultFullHttpRequest(decodeResult: success, version: HTTP/1.1, content: EmptyByteBufBE)
DELETE /session/6150a88ea5ae818c706b1a5d7888ce88 HTTP/1.1
User-Agent: selenium/4.8.3 (java windows)
Content-Type: application/json; charset=utf-8
host: localhost:34676
accept: */*

Response DefaultHttpResponse(decodeResult: success, version: HTTP/1.1)
HTTP/1.1 200 OK
Content-Length: 14
Content-Type: application/json; charset=utf-8
cache-control: no-cache

15:36:03.931 [AsyncHttpClient-1-17] DEBUG org.asynchttpclient.netty.channel.ChannelManager - Adding key: http://localhost:34676 for channel [id: 0x560ad339, L:/127.0.0.1:52644 - R:localhost/127.0.0.1:34676]
15:36:03.985 [AsyncHttpClient-1-17] DEBUG org.asynchttpclient.netty.handler.HttpHandler - Channel Closed: [id: 0x560ad339, L:/127.0.0.1:52644 ! R:localhost/127.0.0.1:34676] with attribute DISCARD
2023-06-21 15:36:04 INFO  BaseTest:89 - Test executed**********
15:36:04.028 [rp-io-17] DEBUG com.epam.reportportal.service.Launch - Starting test item...rp-io-17
2023-06-21 15:36:04 INFO  BaseTest:116 - Property files loaded successfully**********
15:36:04.045 [rp-io-18] DEBUG com.epam.reportportal.service.Launch - TestItem with ID = 'bd702ca0-628d-47eb-b76c-e68b58015881' successfully finished.
15:36:04.045 [rp-io-18] DEBUG com.epam.reportportal.utils.SubscriptionUtils - Finish test item completed
15:36:04.046 [main] DEBUG io.github.bonigarcia.wdm.cache.ResolutionCache - Resolution chrome=114 in cache (valid until 16:09:26 21/06/2023 CEST)
15:36:04.047 [main] DEBUG io.github.bonigarcia.wdm.cache.ResolutionCache - Resolution chrome114=114.0.5735.90 in cache (valid until 09:55:46 22/06/2023 CEST)
15:36:04.047 [main] INFO io.github.bonigarcia.wdm.WebDriverManager - Using chromedriver 114.0.5735.90 (resolved driver for Chrome 114)
15:36:04.050 [rp-io-17] DEBUG com.epam.reportportal.service.Launch - ReportPortal item with ID '79126b47-0987-4440-8595-fc02fb3f5607' has been created
15:36:04.050 [rp-io-17] DEBUG com.epam.reportportal.utils.SubscriptionUtils - Start test item successfully completed
15:36:04.055 [main] DEBUG io.github.bonigarcia.wdm.WebDriverManager - Driver chromedriver 114.0.5735.90 found in cache
15:36:04.055 [main] INFO io.github.bonigarcia.wdm.WebDriverManager - Exporting webdriver.chrome.driver as C:\Users\Suwarna_Wagh\.cache\selenium\chromedriver\win32\114.0.5735.90\chromedriver.exe
15:36:04.196 [AsyncHttpClient-1-4] DEBUG org.asynchttpclient.netty.channel.NettyConnectListener - Using new Channel '[id: 0xa202584b, L:/127.0.0.1:52681 - R:localhost/127.0.0.1:32939]' for 'POST' to '/session'
15:36:04.297 [AsyncHttpClient-1-1] DEBUG org.asynchttpclient.netty.channel.DefaultChannelPool - Entry count for : http://localhost:34676 : 1
15:36:04.297 [AsyncHttpClient-1-1] DEBUG org.asynchttpclient.netty.channel.DefaultChannelPool - Entry count for : http://localhost:52647 : 1
15:36:04.297 [AsyncHttpClient-1-1] DEBUG org.asynchttpclient.netty.channel.DefaultChannelPool - Adding Candidate expired Channel [id: 0x560ad339, L:/127.0.0.1:52644 ! R:localhost/127.0.0.1:34676] isIdleTimeoutExpired=false isRemotelyClosed=true isTtlExpired=false
15:36:04.297 [AsyncHttpClient-1-1] DEBUG org.asynchttpclient.netty.channel.DefaultChannelPool - Closing Idle Channel [id: 0x560ad339, L:/127.0.0.1:52644 ! R:localhost/127.0.0.1:34676]
15:36:04.297 [AsyncHttpClient-1-1] DEBUG org.asynchttpclient.netty.channel.DefaultChannelPool - Adding Candidate expired Channel [id: 0x7e09b5d8, L:/127.0.0.1:52655 ! R:localhost/127.0.0.1:52647] isIdleTimeoutExpired=false isRemotelyClosed=true isTtlExpired=false
15:36:04.297 [AsyncHttpClient-1-1] DEBUG org.asynchttpclient.netty.channel.DefaultChannelPool - Closing Idle Channel [id: 0x7e09b5d8, L:/127.0.0.1:52655 ! R:localhost/127.0.0.1:52647]
15:36:04.297 [AsyncHttpClient-1-1] DEBUG org.asynchttpclient.netty.channel.DefaultChannelPool - Closed 2 connections out of 2 in 0 ms
15:36:05.358 [AsyncHttpClient-1-4] DEBUG org.asynchttpclient.netty.handler.HttpHandler - 

Request DefaultHttpRequest(decodeResult: success, version: HTTP/1.1)
POST /session HTTP/1.1
User-Agent: selenium/4.8.3 (java windows)
Content-Length: 439
Content-Type: application/json; charset=utf-8
host: localhost:32939
accept: */*

Response DefaultHttpResponse(decodeResult: success, version: HTTP/1.1)
HTTP/1.1 200 OK
Content-Length: 864
Content-Type: application/json; charset=utf-8
cache-control: no-cache

15:36:05.358 [AsyncHttpClient-1-4] DEBUG org.asynchttpclient.netty.channel.ChannelManager - Adding key: http://localhost:32939 for channel [id: 0xa202584b, L:/127.0.0.1:52681 - R:localhost/127.0.0.1:32939]
15:36:05.369 [AsyncHttpClient-1-5] DEBUG org.asynchttpclient.netty.channel.NettyConnectListener - Using new Channel '[id: 0x848125db, L:/127.0.0.1:52690 - R:localhost/127.0.0.1:52682]' for 'GET' to '/json/version'
15:36:05.370 [AsyncHttpClient-1-5] DEBUG org.asynchttpclient.netty.handler.HttpHandler - 

Request DefaultFullHttpRequest(decodeResult: success, version: HTTP/1.1, content: EmptyByteBufBE)
GET /json/version HTTP/1.1
User-Agent: selenium/4.8.3 (java windows)
host: localhost:52682
accept: */*

Response DefaultHttpResponse(decodeResult: success, version: HTTP/1.1)
HTTP/1.1 200 OK
Content-Security-Policy: frame-ancestors 'none'
Content-Length: 424
Content-Type: application/json; charset=UTF-8

15:36:05.370 [AsyncHttpClient-1-5] DEBUG org.asynchttpclient.netty.channel.ChannelManager - Adding key: http://localhost:52682 for channel [id: 0x848125db, L:/127.0.0.1:52690 - R:localhost/127.0.0.1:52682]
15:36:05.374 [AsyncHttpClient-1-6] DEBUG org.asynchttpclient.netty.channel.NettyConnectListener - Using new Channel '[id: 0x6135d5df, L:/127.0.0.1:52691 - R:localhost/127.0.0.1:52682]' for 'GET' to '/devtools/browser/d2a2d8c6-cbbe-46a2-9c98-ed189738a6b8'
15:36:05.375 [AsyncHttpClient-1-6] DEBUG org.asynchttpclient.netty.handler.WebSocketHandler - 

Request DefaultFullHttpRequest(decodeResult: success, version: HTTP/1.1, content: EmptyByteBufBE)
GET /devtools/browser/d2a2d8c6-cbbe-46a2-9c98-ed189738a6b8 HTTP/1.1
upgrade: websocket
connection: upgrade
sec-websocket-key: DmmLBAvlp06kATuin1FVug==
sec-websocket-version: 13
origin: http://localhost:52682
host: localhost:52682
accept: */*
user-agent: AHC/2.1

Response DefaultHttpResponse(decodeResult: success, version: HTTP/1.1)
HTTP/1.1 101 WebSocket Protocol Handshake
Upgrade: WebSocket
Connection: Upgrade
Sec-WebSocket-Accept: Kbb9V9kh9u11IDHBMgaSQunK5P4=

15:36:05.386 [Forwarding setTimeout on session 95c39dfd71d28ba8e8406924a2537ab4 to remote] DEBUG org.asynchttpclient.netty.request.NettyRequestSender - Using pooled Channel '[id: 0xa202584b, L:/127.0.0.1:52681 - R:localhost/127.0.0.1:32939]' for 'POST' to 'http://localhost:32939/session/95c39dfd71d28ba8e8406924a2537ab4/timeouts'
15:36:05.386 [Forwarding setTimeout on session 95c39dfd71d28ba8e8406924a2537ab4 to remote] DEBUG org.asynchttpclient.netty.request.NettyRequestSender - Using open Channel [id: 0xa202584b, L:/127.0.0.1:52681 - R:localhost/127.0.0.1:32939] for POST '/session/95c39dfd71d28ba8e8406924a2537ab4/timeouts'
15:36:05.389 [AsyncHttpClient-1-4] DEBUG org.asynchttpclient.netty.handler.HttpHandler - 

Request DefaultHttpRequest(decodeResult: success, version: HTTP/1.1)
POST /session/95c39dfd71d28ba8e8406924a2537ab4/timeouts HTTP/1.1
User-Agent: selenium/4.8.3 (java windows)
Content-Length: 22
Content-Type: application/json; charset=utf-8
host: localhost:32939
accept: */*

Response DefaultHttpResponse(decodeResult: success, version: HTTP/1.1)
HTTP/1.1 200 OK
Content-Length: 14
Content-Type: application/json; charset=utf-8
cache-control: no-cache

15:36:05.389 [AsyncHttpClient-1-4] DEBUG org.asynchttpclient.netty.channel.ChannelManager - Adding key: http://localhost:32939 for channel [id: 0xa202584b, L:/127.0.0.1:52681 - R:localhost/127.0.0.1:32939]
15:36:05.391 [Forwarding maximizeCurrentWindow on session 95c39dfd71d28ba8e8406924a2537ab4 to remote] DEBUG org.asynchttpclient.netty.request.NettyRequestSender - Using pooled Channel '[id: 0xa202584b, L:/127.0.0.1:52681 - R:localhost/127.0.0.1:32939]' for 'POST' to 'http://localhost:32939/session/95c39dfd71d28ba8e8406924a2537ab4/window/maximize'
15:36:05.391 [Forwarding maximizeCurrentWindow on session 95c39dfd71d28ba8e8406924a2537ab4 to remote] DEBUG org.asynchttpclient.netty.request.NettyRequestSender - Using open Channel [id: 0xa202584b, L:/127.0.0.1:52681 - R:localhost/127.0.0.1:32939] for POST '/session/95c39dfd71d28ba8e8406924a2537ab4/window/maximize'
15:36:05.396 [AsyncHttpClient-1-1] DEBUG org.asynchttpclient.netty.channel.DefaultChannelPool - Entry count for : http://localhost:52682 : 1
15:36:05.518 [AsyncHttpClient-1-4] DEBUG org.asynchttpclient.netty.handler.HttpHandler - 

Request DefaultHttpRequest(decodeResult: success, version: HTTP/1.1)
POST /session/95c39dfd71d28ba8e8406924a2537ab4/window/maximize HTTP/1.1
User-Agent: selenium/4.8.3 (java windows)
Content-Length: 3
Content-Type: application/json; charset=utf-8
host: localhost:32939
accept: */*

Response DefaultHttpResponse(decodeResult: success, version: HTTP/1.1)
HTTP/1.1 200 OK
Content-Length: 51
Content-Type: application/json; charset=utf-8
cache-control: no-cache

15:36:05.518 [AsyncHttpClient-1-4] DEBUG org.asynchttpclient.netty.channel.ChannelManager - Adding key: http://localhost:32939 for channel [id: 0xa202584b, L:/127.0.0.1:52681 - R:localhost/127.0.0.1:32939]
15:36:05.520 [Forwarding get on session 95c39dfd71d28ba8e8406924a2537ab4 to remote] DEBUG org.asynchttpclient.netty.request.NettyRequestSender - Using pooled Channel '[id: 0xa202584b, L:/127.0.0.1:52681 - R:localhost/127.0.0.1:32939]' for 'POST' to 'http://localhost:32939/session/95c39dfd71d28ba8e8406924a2537ab4/url'
15:36:05.520 [Forwarding get on session 95c39dfd71d28ba8e8406924a2537ab4 to remote] DEBUG org.asynchttpclient.netty.request.NettyRequestSender - Using open Channel [id: 0xa202584b, L:/127.0.0.1:52681 - R:localhost/127.0.0.1:32939] for POST '/session/95c39dfd71d28ba8e8406924a2537ab4/url'
15:36:06.495 [AsyncHttpClient-1-1] DEBUG org.asynchttpclient.netty.channel.DefaultChannelPool - Entry count for : http://localhost:52682 : 1
15:36:07.333 [AsyncHttpClient-1-4] DEBUG org.asynchttpclient.netty.handler.HttpHandler - 

Request DefaultHttpRequest(decodeResult: success, version: HTTP/1.1)
POST /session/95c39dfd71d28ba8e8406924a2537ab4/url HTTP/1.1
User-Agent: selenium/4.8.3 (java windows)
Content-Length: 52
Content-Type: application/json; charset=utf-8
host: localhost:32939
accept: */*

Response DefaultHttpResponse(decodeResult: success, version: HTTP/1.1)
HTTP/1.1 200 OK
Content-Length: 14
Content-Type: application/json; charset=utf-8
cache-control: no-cache

15:36:07.333 [AsyncHttpClient-1-4] DEBUG org.asynchttpclient.netty.channel.ChannelManager - Adding key: http://localhost:32939 for channel [id: 0xa202584b, L:/127.0.0.1:52681 - R:localhost/127.0.0.1:32939]
2023-06-21 15:36:07 INFO  BaseTest:110 - Test driver set up done successfully**********
2023-06-21 15:36:07 INFO  BaseTest:128 - Logging in to portal
15:36:07.336 [Forwarding findElement on session 95c39dfd71d28ba8e8406924a2537ab4 to remote] DEBUG org.asynchttpclient.netty.request.NettyRequestSender - Using pooled Channel '[id: 0xa202584b, L:/127.0.0.1:52681 - R:localhost/127.0.0.1:32939]' for 'POST' to 'http://localhost:32939/session/95c39dfd71d28ba8e8406924a2537ab4/element'
15:36:07.336 [Forwarding findElement on session 95c39dfd71d28ba8e8406924a2537ab4 to remote] DEBUG org.asynchttpclient.netty.request.NettyRequestSender - Using open Channel [id: 0xa202584b, L:/127.0.0.1:52681 - R:localhost/127.0.0.1:32939] for POST '/session/95c39dfd71d28ba8e8406924a2537ab4/element'
15:36:07.350 [AsyncHttpClient-1-4] DEBUG org.asynchttpclient.netty.handler.HttpHandler - 

Request DefaultHttpRequest(decodeResult: success, version: HTTP/1.1)
POST /session/95c39dfd71d28ba8e8406924a2537ab4/element HTTP/1.1
User-Agent: selenium/4.8.3 (java windows)
Content-Length: 59
Content-Type: application/json; charset=utf-8
host: localhost:32939
accept: */*

Response DefaultHttpResponse(decodeResult: success, version: HTTP/1.1)
HTTP/1.1 200 OK
Content-Length: 95
Content-Type: application/json; charset=utf-8
cache-control: no-cache

15:36:07.350 [AsyncHttpClient-1-4] DEBUG org.asynchttpclient.netty.channel.ChannelManager - Adding key: http://localhost:32939 for channel [id: 0xa202584b, L:/127.0.0.1:52681 - R:localhost/127.0.0.1:32939]
15:36:07.351 [Forwarding clearElement on session 95c39dfd71d28ba8e8406924a2537ab4 to remote] DEBUG org.asynchttpclient.netty.request.NettyRequestSender - Using pooled Channel '[id: 0xa202584b, L:/127.0.0.1:52681 - R:localhost/127.0.0.1:32939]' for 'POST' to 'http://localhost:32939/session/95c39dfd71d28ba8e8406924a2537ab4/element/5AA821260A32F94A4834198E759BD73B_element_26/clear'
15:36:07.351 [Forwarding clearElement on session 95c39dfd71d28ba8e8406924a2537ab4 to remote] DEBUG org.asynchttpclient.netty.request.NettyRequestSender - Using open Channel [id: 0xa202584b, L:/127.0.0.1:52681 - R:localhost/127.0.0.1:32939] for POST '/session/95c39dfd71d28ba8e8406924a2537ab4/element/5AA821260A32F94A4834198E759BD73B_element_26/clear'
15:36:07.396 [AsyncHttpClient-1-4] DEBUG org.asynchttpclient.netty.handler.HttpHandler - 

Request DefaultHttpRequest(decodeResult: success, version: HTTP/1.1)
POST /session/95c39dfd71d28ba8e8406924a2537ab4/element/5AA821260A32F94A4834198E759BD73B_element_26/clear HTTP/1.1
User-Agent: selenium/4.8.3 (java windows)
Content-Length: 57
Content-Type: application/json; charset=utf-8
host: localhost:32939
accept: */*

Response DefaultHttpResponse(decodeResult: success, version: HTTP/1.1)
HTTP/1.1 200 OK
Content-Length: 14
Content-Type: application/json; charset=utf-8
cache-control: no-cache

15:36:07.396 [AsyncHttpClient-1-4] DEBUG org.asynchttpclient.netty.channel.ChannelManager - Adding key: http://localhost:32939 for channel [id: 0xa202584b, L:/127.0.0.1:52681 - R:localhost/127.0.0.1:32939]
15:36:07.397 [Forwarding findElement on session 95c39dfd71d28ba8e8406924a2537ab4 to remote] DEBUG org.asynchttpclient.netty.request.NettyRequestSender - Using pooled Channel '[id: 0xa202584b, L:/127.0.0.1:52681 - R:localhost/127.0.0.1:32939]' for 'POST' to 'http://localhost:32939/session/95c39dfd71d28ba8e8406924a2537ab4/element'
15:36:07.397 [Forwarding findElement on session 95c39dfd71d28ba8e8406924a2537ab4 to remote] DEBUG org.asynchttpclient.netty.request.NettyRequestSender - Using open Channel [id: 0xa202584b, L:/127.0.0.1:52681 - R:localhost/127.0.0.1:32939] for POST '/session/95c39dfd71d28ba8e8406924a2537ab4/element'
15:36:07.406 [AsyncHttpClient-1-4] DEBUG org.asynchttpclient.netty.handler.HttpHandler - 

Request DefaultHttpRequest(decodeResult: success, version: HTTP/1.1)
POST /session/95c39dfd71d28ba8e8406924a2537ab4/element HTTP/1.1
User-Agent: selenium/4.8.3 (java windows)
Content-Length: 59
Content-Type: application/json; charset=utf-8
host: localhost:32939
accept: */*

Response DefaultHttpResponse(decodeResult: success, version: HTTP/1.1)
HTTP/1.1 200 OK
Content-Length: 95
Content-Type: application/json; charset=utf-8
cache-control: no-cache

15:36:07.406 [AsyncHttpClient-1-4] DEBUG org.asynchttpclient.netty.channel.ChannelManager - Adding key: http://localhost:32939 for channel [id: 0xa202584b, L:/127.0.0.1:52681 - R:localhost/127.0.0.1:32939]
15:36:07.407 [Forwarding sendKeysToElement on session 95c39dfd71d28ba8e8406924a2537ab4 to remote] DEBUG org.asynchttpclient.netty.request.NettyRequestSender - Using pooled Channel '[id: 0xa202584b, L:/127.0.0.1:52681 - R:localhost/127.0.0.1:32939]' for 'POST' to 'http://localhost:32939/session/95c39dfd71d28ba8e8406924a2537ab4/element/5AA821260A32F94A4834198E759BD73B_element_26/value'
15:36:07.407 [Forwarding sendKeysToElement on session 95c39dfd71d28ba8e8406924a2537ab4 to remote] DEBUG org.asynchttpclient.netty.request.NettyRequestSender - Using open Channel [id: 0xa202584b, L:/127.0.0.1:52681 - R:localhost/127.0.0.1:32939] for POST '/session/95c39dfd71d28ba8e8406924a2537ab4/element/5AA821260A32F94A4834198E759BD73B_element_26/value'
15:36:07.496 [AsyncHttpClient-1-4] DEBUG org.asynchttpclient.netty.handler.HttpHandler - 

Request DefaultHttpRequest(decodeResult: success, version: HTTP/1.1)
POST /session/95c39dfd71d28ba8e8406924a2537ab4/element/5AA821260A32F94A4834198E759BD73B_element_26/value HTTP/1.1
User-Agent: selenium/4.8.3 (java windows)
Content-Length: 188
Content-Type: application/json; charset=utf-8
host: localhost:32939
accept: */*

Response DefaultHttpResponse(decodeResult: success, version: HTTP/1.1)
HTTP/1.1 200 OK
Content-Length: 14
Content-Type: application/json; charset=utf-8
cache-control: no-cache

15:36:07.496 [AsyncHttpClient-1-4] DEBUG org.asynchttpclient.netty.channel.ChannelManager - Adding key: http://localhost:32939 for channel [id: 0xa202584b, L:/127.0.0.1:52681 - R:localhost/127.0.0.1:32939]
15:36:07.497 [Forwarding findElement on session 95c39dfd71d28ba8e8406924a2537ab4 to remote] DEBUG org.asynchttpclient.netty.request.NettyRequestSender - Using pooled Channel '[id: 0xa202584b, L:/127.0.0.1:52681 - R:localhost/127.0.0.1:32939]' for 'POST' to 'http://localhost:32939/session/95c39dfd71d28ba8e8406924a2537ab4/element'
15:36:07.497 [Forwarding findElement on session 95c39dfd71d28ba8e8406924a2537ab4 to remote] DEBUG org.asynchttpclient.netty.request.NettyRequestSender - Using open Channel [id: 0xa202584b, L:/127.0.0.1:52681 - R:localhost/127.0.0.1:32939] for POST '/session/95c39dfd71d28ba8e8406924a2537ab4/element'
15:36:07.512 [AsyncHttpClient-1-4] DEBUG org.asynchttpclient.netty.handler.HttpHandler - 

Request DefaultHttpRequest(decodeResult: success, version: HTTP/1.1)
POST /session/95c39dfd71d28ba8e8406924a2537ab4/element HTTP/1.1
User-Agent: selenium/4.8.3 (java windows)
Content-Length: 62
Content-Type: application/json; charset=utf-8
host: localhost:32939
accept: */*

Response DefaultHttpResponse(decodeResult: success, version: HTTP/1.1)
HTTP/1.1 200 OK
Content-Length: 95
Content-Type: application/json; charset=utf-8
cache-control: no-cache

15:36:07.512 [AsyncHttpClient-1-4] DEBUG org.asynchttpclient.netty.channel.ChannelManager - Adding key: http://localhost:32939 for channel [id: 0xa202584b, L:/127.0.0.1:52681 - R:localhost/127.0.0.1:32939]
15:36:07.513 [Forwarding clearElement on session 95c39dfd71d28ba8e8406924a2537ab4 to remote] DEBUG org.asynchttpclient.netty.request.NettyRequestSender - Using pooled Channel '[id: 0xa202584b, L:/127.0.0.1:52681 - R:localhost/127.0.0.1:32939]' for 'POST' to 'http://localhost:32939/session/95c39dfd71d28ba8e8406924a2537ab4/element/5AA821260A32F94A4834198E759BD73B_element_28/clear'
15:36:07.514 [Forwarding clearElement on session 95c39dfd71d28ba8e8406924a2537ab4 to remote] DEBUG org.asynchttpclient.netty.request.NettyRequestSender - Using open Channel [id: 0xa202584b, L:/127.0.0.1:52681 - R:localhost/127.0.0.1:32939] for POST '/session/95c39dfd71d28ba8e8406924a2537ab4/element/5AA821260A32F94A4834198E759BD73B_element_28/clear'
15:36:07.561 [AsyncHttpClient-1-4] DEBUG org.asynchttpclient.netty.handler.HttpHandler - 

Request DefaultHttpRequest(decodeResult: success, version: HTTP/1.1)
POST /session/95c39dfd71d28ba8e8406924a2537ab4/element/5AA821260A32F94A4834198E759BD73B_element_28/clear HTTP/1.1
User-Agent: selenium/4.8.3 (java windows)
Content-Length: 57
Content-Type: application/json; charset=utf-8
host: localhost:32939
accept: */*

Response DefaultHttpResponse(decodeResult: success, version: HTTP/1.1)
HTTP/1.1 200 OK
Content-Length: 14
Content-Type: application/json; charset=utf-8
cache-control: no-cache

15:36:07.561 [AsyncHttpClient-1-4] DEBUG org.asynchttpclient.netty.channel.ChannelManager - Adding key: http://localhost:32939 for channel [id: 0xa202584b, L:/127.0.0.1:52681 - R:localhost/127.0.0.1:32939]
15:36:07.562 [Forwarding findElement on session 95c39dfd71d28ba8e8406924a2537ab4 to remote] DEBUG org.asynchttpclient.netty.request.NettyRequestSender - Using pooled Channel '[id: 0xa202584b, L:/127.0.0.1:52681 - R:localhost/127.0.0.1:32939]' for 'POST' to 'http://localhost:32939/session/95c39dfd71d28ba8e8406924a2537ab4/element'
15:36:07.562 [Forwarding findElement on session 95c39dfd71d28ba8e8406924a2537ab4 to remote] DEBUG org.asynchttpclient.netty.request.NettyRequestSender - Using open Channel [id: 0xa202584b, L:/127.0.0.1:52681 - R:localhost/127.0.0.1:32939] for POST '/session/95c39dfd71d28ba8e8406924a2537ab4/element'
15:36:07.570 [AsyncHttpClient-1-4] DEBUG org.asynchttpclient.netty.handler.HttpHandler - 

Request DefaultHttpRequest(decodeResult: success, version: HTTP/1.1)
POST /session/95c39dfd71d28ba8e8406924a2537ab4/element HTTP/1.1
User-Agent: selenium/4.8.3 (java windows)
Content-Length: 62
Content-Type: application/json; charset=utf-8
host: localhost:32939
accept: */*

Response DefaultHttpResponse(decodeResult: success, version: HTTP/1.1)
HTTP/1.1 200 OK
Content-Length: 95
Content-Type: application/json; charset=utf-8
cache-control: no-cache

15:36:07.571 [AsyncHttpClient-1-4] DEBUG org.asynchttpclient.netty.channel.ChannelManager - Adding key: http://localhost:32939 for channel [id: 0xa202584b, L:/127.0.0.1:52681 - R:localhost/127.0.0.1:32939]
15:36:07.572 [Forwarding sendKeysToElement on session 95c39dfd71d28ba8e8406924a2537ab4 to remote] DEBUG org.asynchttpclient.netty.request.NettyRequestSender - Using pooled Channel '[id: 0xa202584b, L:/127.0.0.1:52681 - R:localhost/127.0.0.1:32939]' for 'POST' to 'http://localhost:32939/session/95c39dfd71d28ba8e8406924a2537ab4/element/5AA821260A32F94A4834198E759BD73B_element_28/value'
15:36:07.573 [Forwarding sendKeysToElement on session 95c39dfd71d28ba8e8406924a2537ab4 to remote] DEBUG org.asynchttpclient.netty.request.NettyRequestSender - Using open Channel [id: 0xa202584b, L:/127.0.0.1:52681 - R:localhost/127.0.0.1:32939] for POST '/session/95c39dfd71d28ba8e8406924a2537ab4/element/5AA821260A32F94A4834198E759BD73B_element_28/value'
15:36:07.596 [AsyncHttpClient-1-1] DEBUG org.asynchttpclient.netty.channel.DefaultChannelPool - Entry count for : http://localhost:52682 : 1
15:36:07.646 [AsyncHttpClient-1-4] DEBUG org.asynchttpclient.netty.handler.HttpHandler - 

Request DefaultHttpRequest(decodeResult: success, version: HTTP/1.1)
POST /session/95c39dfd71d28ba8e8406924a2537ab4/element/5AA821260A32F94A4834198E759BD73B_element_28/value HTTP/1.1
User-Agent: selenium/4.8.3 (java windows)
Content-Length: 148
Content-Type: application/json; charset=utf-8
host: localhost:32939
accept: */*

Response DefaultHttpResponse(decodeResult: success, version: HTTP/1.1)
HTTP/1.1 200 OK
Content-Length: 14
Content-Type: application/json; charset=utf-8
cache-control: no-cache

15:36:07.646 [AsyncHttpClient-1-4] DEBUG org.asynchttpclient.netty.channel.ChannelManager - Adding key: http://localhost:32939 for channel [id: 0xa202584b, L:/127.0.0.1:52681 - R:localhost/127.0.0.1:32939]
15:36:07.647 [Forwarding findElement on session 95c39dfd71d28ba8e8406924a2537ab4 to remote] DEBUG org.asynchttpclient.netty.request.NettyRequestSender - Using pooled Channel '[id: 0xa202584b, L:/127.0.0.1:52681 - R:localhost/127.0.0.1:32939]' for 'POST' to 'http://localhost:32939/session/95c39dfd71d28ba8e8406924a2537ab4/element'
15:36:07.647 [Forwarding findElement on session 95c39dfd71d28ba8e8406924a2537ab4 to remote] DEBUG org.asynchttpclient.netty.request.NettyRequestSender - Using open Channel [id: 0xa202584b, L:/127.0.0.1:52681 - R:localhost/127.0.0.1:32939] for POST '/session/95c39dfd71d28ba8e8406924a2537ab4/element'
15:36:07.660 [AsyncHttpClient-1-4] DEBUG org.asynchttpclient.netty.handler.HttpHandler - 

Request DefaultHttpRequest(decodeResult: success, version: HTTP/1.1)
POST /session/95c39dfd71d28ba8e8406924a2537ab4/element HTTP/1.1
User-Agent: selenium/4.8.3 (java windows)
Content-Length: 71
Content-Type: application/json; charset=utf-8
host: localhost:32939
accept: */*

Response DefaultHttpResponse(decodeResult: success, version: HTTP/1.1)
HTTP/1.1 200 OK
Content-Length: 95
Content-Type: application/json; charset=utf-8
cache-control: no-cache

15:36:07.660 [AsyncHttpClient-1-4] DEBUG org.asynchttpclient.netty.channel.ChannelManager - Adding key: http://localhost:32939 for channel [id: 0xa202584b, L:/127.0.0.1:52681 - R:localhost/127.0.0.1:32939]
15:36:07.661 [Forwarding clickElement on session 95c39dfd71d28ba8e8406924a2537ab4 to remote] DEBUG org.asynchttpclient.netty.request.NettyRequestSender - Using pooled Channel '[id: 0xa202584b, L:/127.0.0.1:52681 - R:localhost/127.0.0.1:32939]' for 'POST' to 'http://localhost:32939/session/95c39dfd71d28ba8e8406924a2537ab4/element/5AA821260A32F94A4834198E759BD73B_element_33/click'
15:36:07.661 [Forwarding clickElement on session 95c39dfd71d28ba8e8406924a2537ab4 to remote] DEBUG org.asynchttpclient.netty.request.NettyRequestSender - Using open Channel [id: 0xa202584b, L:/127.0.0.1:52681 - R:localhost/127.0.0.1:32939] for POST '/session/95c39dfd71d28ba8e8406924a2537ab4/element/5AA821260A32F94A4834198E759BD73B_element_33/click'
15:36:07.707 [AsyncHttpClient-1-4] DEBUG org.asynchttpclient.netty.handler.HttpHandler - 

Request DefaultHttpRequest(decodeResult: success, version: HTTP/1.1)
POST /session/95c39dfd71d28ba8e8406924a2537ab4/element/5AA821260A32F94A4834198E759BD73B_element_33/click HTTP/1.1
User-Agent: selenium/4.8.3 (java windows)
Content-Length: 57
Content-Type: application/json; charset=utf-8
host: localhost:32939
accept: */*

Response DefaultHttpResponse(decodeResult: success, version: HTTP/1.1)
HTTP/1.1 200 OK
Content-Length: 14
Content-Type: application/json; charset=utf-8
cache-control: no-cache

15:36:07.707 [AsyncHttpClient-1-4] DEBUG org.asynchttpclient.netty.channel.ChannelManager - Adding key: http://localhost:32939 for channel [id: 0xa202584b, L:/127.0.0.1:52681 - R:localhost/127.0.0.1:32939]
2023-06-21 15:36:07 INFO  BaseTest:132 - Logged in
15:36:07.709 [rp-io-23] DEBUG com.epam.reportportal.service.Launch - Starting test item...rp-io-23
2023-06-21 15:36:07 INFO  Listeners:34 - Started Test null
15:36:07.711 [Forwarding findElement on session 95c39dfd71d28ba8e8406924a2537ab4 to remote] DEBUG org.asynchttpclient.netty.request.NettyRequestSender - Using pooled Channel '[id: 0xa202584b, L:/127.0.0.1:52681 - R:localhost/127.0.0.1:32939]' for 'POST' to 'http://localhost:32939/session/95c39dfd71d28ba8e8406924a2537ab4/element'
15:36:07.711 [Forwarding findElement on session 95c39dfd71d28ba8e8406924a2537ab4 to remote] DEBUG org.asynchttpclient.netty.request.NettyRequestSender - Using open Channel [id: 0xa202584b, L:/127.0.0.1:52681 - R:localhost/127.0.0.1:32939] for POST '/session/95c39dfd71d28ba8e8406924a2537ab4/element'
15:36:07.726 [rp-io-25] DEBUG com.epam.reportportal.service.Launch - TestItem with ID = '79126b47-0987-4440-8595-fc02fb3f5607' successfully finished.
15:36:07.726 [rp-io-25] DEBUG com.epam.reportportal.utils.SubscriptionUtils - Finish test item completed
15:36:07.730 [rp-io-23] DEBUG com.epam.reportportal.service.Launch - ReportPortal item with ID 'a6d9cd4d-2f92-46eb-9d9c-857a44b24348' has been created
15:36:07.730 [rp-io-23] DEBUG com.epam.reportportal.utils.SubscriptionUtils - Start test item successfully completed
15:36:08.124 [AsyncHttpClient-1-4] DEBUG org.asynchttpclient.netty.handler.HttpHandler - 

Request DefaultHttpRequest(decodeResult: success, version: HTTP/1.1)
POST /session/95c39dfd71d28ba8e8406924a2537ab4/element HTTP/1.1
User-Agent: selenium/4.8.3 (java windows)
Content-Length: 168
Content-Type: application/json; charset=utf-8
host: localhost:32939
accept: */*

Response DefaultHttpResponse(decodeResult: success, version: HTTP/1.1)
HTTP/1.1 200 OK
Content-Length: 95
Content-Type: application/json; charset=utf-8
cache-control: no-cache

15:36:08.124 [AsyncHttpClient-1-4] DEBUG org.asynchttpclient.netty.channel.ChannelManager - Adding key: http://localhost:32939 for channel [id: 0xa202584b, L:/127.0.0.1:52681 - R:localhost/127.0.0.1:32939]
15:36:08.125 [Forwarding clickElement on session 95c39dfd71d28ba8e8406924a2537ab4 to remote] DEBUG org.asynchttpclient.netty.request.NettyRequestSender - Using pooled Channel '[id: 0xa202584b, L:/127.0.0.1:52681 - R:localhost/127.0.0.1:32939]' for 'POST' to 'http://localhost:32939/session/95c39dfd71d28ba8e8406924a2537ab4/element/5AA821260A32F94A4834198E759BD73B_element_38/click'
15:36:08.125 [Forwarding clickElement on session 95c39dfd71d28ba8e8406924a2537ab4 to remote] DEBUG org.asynchttpclient.netty.request.NettyRequestSender - Using open Channel [id: 0xa202584b, L:/127.0.0.1:52681 - R:localhost/127.0.0.1:32939] for POST '/session/95c39dfd71d28ba8e8406924a2537ab4/element/5AA821260A32F94A4834198E759BD73B_element_38/click'
15:36:08.274 [AsyncHttpClient-1-4] DEBUG org.asynchttpclient.netty.handler.HttpHandler - 

Request DefaultHttpRequest(decodeResult: success, version: HTTP/1.1)
POST /session/95c39dfd71d28ba8e8406924a2537ab4/element/5AA821260A32F94A4834198E759BD73B_element_38/click HTTP/1.1
User-Agent: selenium/4.8.3 (java windows)
Content-Length: 57
Content-Type: application/json; charset=utf-8
host: localhost:32939
accept: */*

Response DefaultHttpResponse(decodeResult: success, version: HTTP/1.1)
HTTP/1.1 200 OK
Content-Length: 14
Content-Type: application/json; charset=utf-8
cache-control: no-cache

15:36:08.274 [AsyncHttpClient-1-4] DEBUG org.asynchttpclient.netty.channel.ChannelManager - Adding key: http://localhost:32939 for channel [id: 0xa202584b, L:/127.0.0.1:52681 - R:localhost/127.0.0.1:32939]
15:36:08.276 [Forwarding findElement on session 95c39dfd71d28ba8e8406924a2537ab4 to remote] DEBUG org.asynchttpclient.netty.request.NettyRequestSender - Using pooled Channel '[id: 0xa202584b, L:/127.0.0.1:52681 - R:localhost/127.0.0.1:32939]' for 'POST' to 'http://localhost:32939/session/95c39dfd71d28ba8e8406924a2537ab4/element'
15:36:08.276 [Forwarding findElement on session 95c39dfd71d28ba8e8406924a2537ab4 to remote] DEBUG org.asynchttpclient.netty.request.NettyRequestSender - Using open Channel [id: 0xa202584b, L:/127.0.0.1:52681 - R:localhost/127.0.0.1:32939] for POST '/session/95c39dfd71d28ba8e8406924a2537ab4/element'
15:36:08.665 [AsyncHttpClient-1-4] DEBUG org.asynchttpclient.netty.handler.HttpHandler - 

Request DefaultHttpRequest(decodeResult: success, version: HTTP/1.1)
POST /session/95c39dfd71d28ba8e8406924a2537ab4/element HTTP/1.1
User-Agent: selenium/4.8.3 (java windows)
Content-Length: 85
Content-Type: application/json; charset=utf-8
host: localhost:32939
accept: */*

Response DefaultHttpResponse(decodeResult: success, version: HTTP/1.1)
HTTP/1.1 200 OK
Content-Length: 95
Content-Type: application/json; charset=utf-8
cache-control: no-cache

15:36:08.666 [AsyncHttpClient-1-4] DEBUG org.asynchttpclient.netty.channel.ChannelManager - Adding key: http://localhost:32939 for channel [id: 0xa202584b, L:/127.0.0.1:52681 - R:localhost/127.0.0.1:32939]
15:36:08.667 [Forwarding executeScript on session 95c39dfd71d28ba8e8406924a2537ab4 to remote] DEBUG org.asynchttpclient.netty.request.NettyRequestSender - Using pooled Channel '[id: 0xa202584b, L:/127.0.0.1:52681 - R:localhost/127.0.0.1:32939]' for 'POST' to 'http://localhost:32939/session/95c39dfd71d28ba8e8406924a2537ab4/execute/sync'
15:36:08.667 [Forwarding executeScript on session 95c39dfd71d28ba8e8406924a2537ab4 to remote] DEBUG org.asynchttpclient.netty.request.NettyRequestSender - Using open Channel [id: 0xa202584b, L:/127.0.0.1:52681 - R:localhost/127.0.0.1:32939] for POST '/session/95c39dfd71d28ba8e8406924a2537ab4/execute/sync'
15:36:08.677 [AsyncHttpClient-1-4] DEBUG org.asynchttpclient.netty.handler.HttpHandler - 

Request DefaultHttpRequest(decodeResult: success, version: HTTP/1.1)
POST /session/95c39dfd71d28ba8e8406924a2537ab4/execute/sync HTTP/1.1
User-Agent: selenium/4.8.3 (java windows)
Content-Length: 232
Content-Type: application/json; charset=utf-8
host: localhost:32939
accept: */*

Response DefaultHttpResponse(decodeResult: success, version: HTTP/1.1)
HTTP/1.1 200 OK
Content-Length: 14
Content-Type: application/json; charset=utf-8
cache-control: no-cache

15:36:08.677 [AsyncHttpClient-1-4] DEBUG org.asynchttpclient.netty.channel.ChannelManager - Adding key: http://localhost:32939 for channel [id: 0xa202584b, L:/127.0.0.1:52681 - R:localhost/127.0.0.1:32939]
15:36:08.679 [Forwarding findElement on session 95c39dfd71d28ba8e8406924a2537ab4 to remote] DEBUG org.asynchttpclient.netty.request.NettyRequestSender - Using pooled Channel '[id: 0xa202584b, L:/127.0.0.1:52681 - R:localhost/127.0.0.1:32939]' for 'POST' to 'http://localhost:32939/session/95c39dfd71d28ba8e8406924a2537ab4/element'
15:36:08.679 [Forwarding findElement on session 95c39dfd71d28ba8e8406924a2537ab4 to remote] DEBUG org.asynchttpclient.netty.request.NettyRequestSender - Using open Channel [id: 0xa202584b, L:/127.0.0.1:52681 - R:localhost/127.0.0.1:32939] for POST '/session/95c39dfd71d28ba8e8406924a2537ab4/element'
15:36:08.691 [AsyncHttpClient-1-4] DEBUG org.asynchttpclient.netty.handler.HttpHandler - 

Request DefaultHttpRequest(decodeResult: success, version: HTTP/1.1)
POST /session/95c39dfd71d28ba8e8406924a2537ab4/element HTTP/1.1
User-Agent: selenium/4.8.3 (java windows)
Content-Length: 85
Content-Type: application/json; charset=utf-8
host: localhost:32939
accept: */*

Response DefaultHttpResponse(decodeResult: success, version: HTTP/1.1)
HTTP/1.1 200 OK
Content-Length: 95
Content-Type: application/json; charset=utf-8
cache-control: no-cache

15:36:08.691 [AsyncHttpClient-1-4] DEBUG org.asynchttpclient.netty.channel.ChannelManager - Adding key: http://localhost:32939 for channel [id: 0xa202584b, L:/127.0.0.1:52681 - R:localhost/127.0.0.1:32939]
15:36:08.694 [Forwarding isElementDisplayed on session 95c39dfd71d28ba8e8406924a2537ab4 to remote] DEBUG org.asynchttpclient.netty.request.NettyRequestSender - Using pooled Channel '[id: 0xa202584b, L:/127.0.0.1:52681 - R:localhost/127.0.0.1:32939]' for 'POST' to 'http://localhost:32939/session/95c39dfd71d28ba8e8406924a2537ab4/execute/sync'
15:36:08.694 [Forwarding isElementDisplayed on session 95c39dfd71d28ba8e8406924a2537ab4 to remote] DEBUG org.asynchttpclient.netty.request.NettyRequestSender - Using open Channel [id: 0xa202584b, L:/127.0.0.1:52681 - R:localhost/127.0.0.1:32939] for POST '/session/95c39dfd71d28ba8e8406924a2537ab4/execute/sync'
15:36:08.695 [AsyncHttpClient-1-1] DEBUG org.asynchttpclient.netty.channel.DefaultChannelPool - Entry count for : http://localhost:52682 : 1
15:36:09.013 [AsyncHttpClient-1-4] DEBUG org.asynchttpclient.netty.handler.HttpHandler - 

Request DefaultHttpRequest(decodeResult: success, version: HTTP/1.1)
POST /session/95c39dfd71d28ba8e8406924a2537ab4/execute/sync HTTP/1.1
User-Agent: selenium/4.8.3 (java windows)
Content-Length: 48814
Content-Type: application/json; charset=utf-8
host: localhost:32939
accept: */*

Response DefaultHttpResponse(decodeResult: success, version: HTTP/1.1)
HTTP/1.1 200 OK
Content-Length: 14
Content-Type: application/json; charset=utf-8
cache-control: no-cache

15:36:09.013 [AsyncHttpClient-1-4] DEBUG org.asynchttpclient.netty.channel.ChannelManager - Adding key: http://localhost:32939 for channel [id: 0xa202584b, L:/127.0.0.1:52681 - R:localhost/127.0.0.1:32939]
2023-06-21 15:36:09 INFO  Listeners:38 - Succeeded Test null
]]></system-out>
    <system-err><![CDATA[Starting ChromeDriver 114.0.5735.90 (386bc09e8f4f2e025eddae123f36f6263096ae49-refs/branch-heads/5735@{#1052}) on port 32939
Only local connections are allowed.
Please see https://chromedriver.chromium.org/security-considerations for suggestions on keeping ChromeDriver safe.
ChromeDriver was started successfully.
Jun 21, 2023 3:36:05 PM org.openqa.selenium.devtools.CdpVersionFinder findNearestMatch
WARNING: Unable to find an exact match for CDP version 114, so returning the closest version found: 111
]]></system-err>
  </testcase>
  <testcase name="searchDashboardNameDP[FAILED CASES TREND CHART](8)" classname="alltests.uitest.coreTest.DashboardPageTest" time="1.324">
    <system-out><![CDATA[15:36:09.015 [rp-io-29] DEBUG com.epam.reportportal.service.Launch - Starting test item...rp-io-29
15:36:09.016 [AsyncHttpClient-1-6] DEBUG org.asynchttpclient.netty.handler.WebSocketHandler - Channel Closed: [id: 0x6135d5df, L:/127.0.0.1:52691 ! R:localhost/127.0.0.1:52682] with attribute NettyResponseFuture{currentRetry=0,
	isDone=1,
	isCancelled=0,
	asyncHandler=org.asynchttpclient.ws.WebSocketUpgradeHandler@139f2f3f,
	nettyRequest=org.asynchttpclient.netty.request.NettyRequest@5cdbe9d9,
	future=java.util.concurrent.CompletableFuture@42d8721f[Completed normally],
	uri=ws://localhost:52682/devtools/browser/d2a2d8c6-cbbe-46a2-9c98-ed189738a6b8,
	keepAlive=true,
	redirectCount=0,
	timeoutsHolder=null,
	inAuth=0,
	touch=1687354565377}
15:36:09.017 [AsyncHttpClient-1-6] DEBUG org.asynchttpclient.netty.channel.ChannelManager - Closing Channel [id: 0x6135d5df, L:/127.0.0.1:52691 ! R:localhost/127.0.0.1:52682] 
15:36:09.017 [Driver Command Executor] DEBUG org.asynchttpclient.netty.request.NettyRequestSender - Using pooled Channel '[id: 0xa202584b, L:/127.0.0.1:52681 - R:localhost/127.0.0.1:32939]' for 'DELETE' to 'http://localhost:32939/session/95c39dfd71d28ba8e8406924a2537ab4'
15:36:09.017 [Driver Command Executor] DEBUG org.asynchttpclient.netty.request.NettyRequestSender - Using open Channel [id: 0xa202584b, L:/127.0.0.1:52681 - R:localhost/127.0.0.1:32939] for DELETE '/session/95c39dfd71d28ba8e8406924a2537ab4'
15:36:09.030 [rp-io-30] DEBUG com.epam.reportportal.service.Launch - TestItem with ID = 'a6d9cd4d-2f92-46eb-9d9c-857a44b24348' successfully finished.
15:36:09.031 [rp-io-30] DEBUG com.epam.reportportal.utils.SubscriptionUtils - Finish test item completed
15:36:09.040 [rp-io-29] DEBUG com.epam.reportportal.service.Launch - ReportPortal item with ID '7c46e25b-76fe-49fb-a185-0af1520bf8e9' has been created
15:36:09.040 [rp-io-29] DEBUG com.epam.reportportal.utils.SubscriptionUtils - Start test item successfully completed
15:36:09.071 [AsyncHttpClient-1-5] DEBUG org.asynchttpclient.netty.handler.HttpHandler - Unexpected I/O exception on channel [id: 0x848125db, L:/127.0.0.1:52690 - R:localhost/127.0.0.1:52682]
java.net.SocketException: Connection reset
	at java.base/sun.nio.ch.SocketChannelImpl.throwConnectionReset(SocketChannelImpl.java:394)
	at java.base/sun.nio.ch.SocketChannelImpl.read(SocketChannelImpl.java:426)
	at io.netty.buffer.PooledByteBuf.setBytes(PooledByteBuf.java:256)
	at io.netty.buffer.AbstractByteBuf.writeBytes(AbstractByteBuf.java:1132)
	at io.netty.channel.socket.nio.NioSocketChannel.doReadBytes(NioSocketChannel.java:357)
	at io.netty.channel.nio.AbstractNioByteChannel$NioByteUnsafe.read(AbstractNioByteChannel.java:151)
	at io.netty.channel.nio.NioEventLoop.processSelectedKey(NioEventLoop.java:788)
	at io.netty.channel.nio.NioEventLoop.processSelectedKeysOptimized(NioEventLoop.java:724)
	at io.netty.channel.nio.NioEventLoop.processSelectedKeys(NioEventLoop.java:650)
	at io.netty.channel.nio.NioEventLoop.run(NioEventLoop.java:562)
	at io.netty.util.concurrent.SingleThreadEventExecutor$4.run(SingleThreadEventExecutor.java:997)
	at io.netty.util.internal.ThreadExecutorMap$2.run(ThreadExecutorMap.java:74)
	at io.netty.util.concurrent.FastThreadLocalRunnable.run(FastThreadLocalRunnable.java:30)
	at java.base/java.lang.Thread.run(Thread.java:833)
15:36:09.071 [AsyncHttpClient-1-5] DEBUG org.asynchttpclient.netty.channel.ChannelManager - Closing Channel [id: 0x848125db, L:/127.0.0.1:52690 - R:localhost/127.0.0.1:52682] 
15:36:09.072 [AsyncHttpClient-1-5] DEBUG org.asynchttpclient.netty.handler.HttpHandler - Channel Closed: [id: 0x848125db, L:/127.0.0.1:52690 ! R:localhost/127.0.0.1:52682] with attribute DISCARD
15:36:09.097 [AsyncHttpClient-1-4] DEBUG org.asynchttpclient.netty.handler.HttpHandler - 

Request DefaultFullHttpRequest(decodeResult: success, version: HTTP/1.1, content: EmptyByteBufBE)
DELETE /session/95c39dfd71d28ba8e8406924a2537ab4 HTTP/1.1
User-Agent: selenium/4.8.3 (java windows)
Content-Type: application/json; charset=utf-8
host: localhost:32939
accept: */*

Response DefaultHttpResponse(decodeResult: success, version: HTTP/1.1)
HTTP/1.1 200 OK
Content-Length: 14
Content-Type: application/json; charset=utf-8
cache-control: no-cache

15:36:09.098 [AsyncHttpClient-1-4] DEBUG org.asynchttpclient.netty.channel.ChannelManager - Adding key: http://localhost:32939 for channel [id: 0xa202584b, L:/127.0.0.1:52681 - R:localhost/127.0.0.1:32939]
15:36:09.152 [AsyncHttpClient-1-4] DEBUG org.asynchttpclient.netty.handler.HttpHandler - Channel Closed: [id: 0xa202584b, L:/127.0.0.1:52681 ! R:localhost/127.0.0.1:32939] with attribute DISCARD
2023-06-21 15:36:09 INFO  BaseTest:89 - Test executed**********
15:36:09.169 [rp-io-35] DEBUG com.epam.reportportal.service.Launch - Starting test item...rp-io-35
2023-06-21 15:36:09 INFO  BaseTest:116 - Property files loaded successfully**********
15:36:09.182 [rp-io-37] DEBUG com.epam.reportportal.service.Launch - TestItem with ID = '7c46e25b-76fe-49fb-a185-0af1520bf8e9' successfully finished.
15:36:09.182 [rp-io-37] DEBUG com.epam.reportportal.utils.SubscriptionUtils - Finish test item completed
15:36:09.183 [main] DEBUG io.github.bonigarcia.wdm.cache.ResolutionCache - Resolution chrome=114 in cache (valid until 16:09:26 21/06/2023 CEST)
15:36:09.183 [main] DEBUG io.github.bonigarcia.wdm.cache.ResolutionCache - Resolution chrome114=114.0.5735.90 in cache (valid until 09:55:46 22/06/2023 CEST)
15:36:09.183 [main] INFO io.github.bonigarcia.wdm.WebDriverManager - Using chromedriver 114.0.5735.90 (resolved driver for Chrome 114)
15:36:09.186 [rp-io-35] DEBUG com.epam.reportportal.service.Launch - ReportPortal item with ID 'c021f9ce-be55-494a-a354-a405e30c298a' has been created
15:36:09.186 [rp-io-35] DEBUG com.epam.reportportal.utils.SubscriptionUtils - Start test item successfully completed
15:36:09.190 [main] DEBUG io.github.bonigarcia.wdm.WebDriverManager - Driver chromedriver 114.0.5735.90 found in cache
15:36:09.191 [main] INFO io.github.bonigarcia.wdm.WebDriverManager - Exporting webdriver.chrome.driver as C:\Users\Suwarna_Wagh\.cache\selenium\chromedriver\win32\114.0.5735.90\chromedriver.exe
15:36:09.347 [AsyncHttpClient-1-7] DEBUG org.asynchttpclient.netty.channel.NettyConnectListener - Using new Channel '[id: 0x87e22b7a, L:/127.0.0.1:52714 - R:localhost/127.0.0.1:48226]' for 'POST' to '/session'
15:36:09.796 [AsyncHttpClient-1-1] DEBUG org.asynchttpclient.netty.channel.DefaultChannelPool - Entry count for : http://localhost:52682 : 1
15:36:09.796 [AsyncHttpClient-1-1] DEBUG org.asynchttpclient.netty.channel.DefaultChannelPool - Entry count for : http://localhost:32939 : 1
15:36:09.796 [AsyncHttpClient-1-1] DEBUG org.asynchttpclient.netty.channel.DefaultChannelPool - Adding Candidate expired Channel [id: 0x848125db, L:/127.0.0.1:52690 ! R:localhost/127.0.0.1:52682] isIdleTimeoutExpired=false isRemotelyClosed=true isTtlExpired=false
15:36:09.796 [AsyncHttpClient-1-1] DEBUG org.asynchttpclient.netty.channel.DefaultChannelPool - Closing Idle Channel [id: 0x848125db, L:/127.0.0.1:52690 ! R:localhost/127.0.0.1:52682]
15:36:09.796 [AsyncHttpClient-1-1] DEBUG org.asynchttpclient.netty.channel.DefaultChannelPool - Adding Candidate expired Channel [id: 0xa202584b, L:/127.0.0.1:52681 ! R:localhost/127.0.0.1:32939] isIdleTimeoutExpired=false isRemotelyClosed=true isTtlExpired=false
15:36:09.796 [AsyncHttpClient-1-1] DEBUG org.asynchttpclient.netty.channel.DefaultChannelPool - Closing Idle Channel [id: 0xa202584b, L:/127.0.0.1:52681 ! R:localhost/127.0.0.1:32939]
15:36:09.796 [AsyncHttpClient-1-1] DEBUG org.asynchttpclient.netty.channel.DefaultChannelPool - Closed 2 connections out of 2 in 0 ms
15:36:10.434 [AsyncHttpClient-1-7] DEBUG org.asynchttpclient.netty.handler.HttpHandler - 

Request DefaultHttpRequest(decodeResult: success, version: HTTP/1.1)
POST /session HTTP/1.1
User-Agent: selenium/4.8.3 (java windows)
Content-Length: 439
Content-Type: application/json; charset=utf-8
host: localhost:48226
accept: */*

Response DefaultHttpResponse(decodeResult: success, version: HTTP/1.1)
HTTP/1.1 200 OK
Content-Length: 864
Content-Type: application/json; charset=utf-8
cache-control: no-cache

15:36:10.434 [AsyncHttpClient-1-7] DEBUG org.asynchttpclient.netty.channel.ChannelManager - Adding key: http://localhost:48226 for channel [id: 0x87e22b7a, L:/127.0.0.1:52714 - R:localhost/127.0.0.1:48226]
15:36:10.441 [AsyncHttpClient-1-8] DEBUG org.asynchttpclient.netty.channel.NettyConnectListener - Using new Channel '[id: 0xf29378c1, L:/127.0.0.1:52724 - R:localhost/127.0.0.1:52716]' for 'GET' to '/json/version'
15:36:10.443 [AsyncHttpClient-1-8] DEBUG org.asynchttpclient.netty.handler.HttpHandler - 

Request DefaultFullHttpRequest(decodeResult: success, version: HTTP/1.1, content: EmptyByteBufBE)
GET /json/version HTTP/1.1
User-Agent: selenium/4.8.3 (java windows)
host: localhost:52716
accept: */*

Response DefaultHttpResponse(decodeResult: success, version: HTTP/1.1)
HTTP/1.1 200 OK
Content-Security-Policy: frame-ancestors 'none'
Content-Length: 424
Content-Type: application/json; charset=UTF-8

15:36:10.443 [AsyncHttpClient-1-8] DEBUG org.asynchttpclient.netty.channel.ChannelManager - Adding key: http://localhost:52716 for channel [id: 0xf29378c1, L:/127.0.0.1:52724 - R:localhost/127.0.0.1:52716]
15:36:10.445 [AsyncHttpClient-1-9] DEBUG org.asynchttpclient.netty.channel.NettyConnectListener - Using new Channel '[id: 0x435d9c0d, L:/127.0.0.1:52725 - R:localhost/127.0.0.1:52716]' for 'GET' to '/devtools/browser/cbf10416-a297-4011-a071-d67f660ff326'
15:36:10.446 [AsyncHttpClient-1-9] DEBUG org.asynchttpclient.netty.handler.WebSocketHandler - 

Request DefaultFullHttpRequest(decodeResult: success, version: HTTP/1.1, content: EmptyByteBufBE)
GET /devtools/browser/cbf10416-a297-4011-a071-d67f660ff326 HTTP/1.1
upgrade: websocket
connection: upgrade
sec-websocket-key: NGY1pjIkL/oChjvQEap55w==
sec-websocket-version: 13
origin: http://localhost:52716
host: localhost:52716
accept: */*
user-agent: AHC/2.1

Response DefaultHttpResponse(decodeResult: success, version: HTTP/1.1)
HTTP/1.1 101 WebSocket Protocol Handshake
Upgrade: WebSocket
Connection: Upgrade
Sec-WebSocket-Accept: gvOFhVnB4+gcQmi+9v53x0J/FL4=

15:36:10.450 [Forwarding setTimeout on session 27bb56bab19244e69389e2eebf28eea0 to remote] DEBUG org.asynchttpclient.netty.request.NettyRequestSender - Using pooled Channel '[id: 0x87e22b7a, L:/127.0.0.1:52714 - R:localhost/127.0.0.1:48226]' for 'POST' to 'http://localhost:48226/session/27bb56bab19244e69389e2eebf28eea0/timeouts'
15:36:10.450 [Forwarding setTimeout on session 27bb56bab19244e69389e2eebf28eea0 to remote] DEBUG org.asynchttpclient.netty.request.NettyRequestSender - Using open Channel [id: 0x87e22b7a, L:/127.0.0.1:52714 - R:localhost/127.0.0.1:48226] for POST '/session/27bb56bab19244e69389e2eebf28eea0/timeouts'
15:36:10.451 [AsyncHttpClient-1-7] DEBUG org.asynchttpclient.netty.handler.HttpHandler - 

Request DefaultHttpRequest(decodeResult: success, version: HTTP/1.1)
POST /session/27bb56bab19244e69389e2eebf28eea0/timeouts HTTP/1.1
User-Agent: selenium/4.8.3 (java windows)
Content-Length: 22
Content-Type: application/json; charset=utf-8
host: localhost:48226
accept: */*

Response DefaultHttpResponse(decodeResult: success, version: HTTP/1.1)
HTTP/1.1 200 OK
Content-Length: 14
Content-Type: application/json; charset=utf-8
cache-control: no-cache

15:36:10.451 [AsyncHttpClient-1-7] DEBUG org.asynchttpclient.netty.channel.ChannelManager - Adding key: http://localhost:48226 for channel [id: 0x87e22b7a, L:/127.0.0.1:52714 - R:localhost/127.0.0.1:48226]
15:36:10.453 [Forwarding maximizeCurrentWindow on session 27bb56bab19244e69389e2eebf28eea0 to remote] DEBUG org.asynchttpclient.netty.request.NettyRequestSender - Using pooled Channel '[id: 0x87e22b7a, L:/127.0.0.1:52714 - R:localhost/127.0.0.1:48226]' for 'POST' to 'http://localhost:48226/session/27bb56bab19244e69389e2eebf28eea0/window/maximize'
15:36:10.453 [Forwarding maximizeCurrentWindow on session 27bb56bab19244e69389e2eebf28eea0 to remote] DEBUG org.asynchttpclient.netty.request.NettyRequestSender - Using open Channel [id: 0x87e22b7a, L:/127.0.0.1:52714 - R:localhost/127.0.0.1:48226] for POST '/session/27bb56bab19244e69389e2eebf28eea0/window/maximize'
15:36:10.572 [AsyncHttpClient-1-7] DEBUG org.asynchttpclient.netty.handler.HttpHandler - 

Request DefaultHttpRequest(decodeResult: success, version: HTTP/1.1)
POST /session/27bb56bab19244e69389e2eebf28eea0/window/maximize HTTP/1.1
User-Agent: selenium/4.8.3 (java windows)
Content-Length: 3
Content-Type: application/json; charset=utf-8
host: localhost:48226
accept: */*

Response DefaultHttpResponse(decodeResult: success, version: HTTP/1.1)
HTTP/1.1 200 OK
Content-Length: 51
Content-Type: application/json; charset=utf-8
cache-control: no-cache

15:36:10.572 [AsyncHttpClient-1-7] DEBUG org.asynchttpclient.netty.channel.ChannelManager - Adding key: http://localhost:48226 for channel [id: 0x87e22b7a, L:/127.0.0.1:52714 - R:localhost/127.0.0.1:48226]
15:36:10.573 [Forwarding get on session 27bb56bab19244e69389e2eebf28eea0 to remote] DEBUG org.asynchttpclient.netty.request.NettyRequestSender - Using pooled Channel '[id: 0x87e22b7a, L:/127.0.0.1:52714 - R:localhost/127.0.0.1:48226]' for 'POST' to 'http://localhost:48226/session/27bb56bab19244e69389e2eebf28eea0/url'
15:36:10.573 [Forwarding get on session 27bb56bab19244e69389e2eebf28eea0 to remote] DEBUG org.asynchttpclient.netty.request.NettyRequestSender - Using open Channel [id: 0x87e22b7a, L:/127.0.0.1:52714 - R:localhost/127.0.0.1:48226] for POST '/session/27bb56bab19244e69389e2eebf28eea0/url'
15:36:10.895 [AsyncHttpClient-1-1] DEBUG org.asynchttpclient.netty.channel.DefaultChannelPool - Entry count for : http://localhost:52716 : 1
15:36:11.996 [AsyncHttpClient-1-1] DEBUG org.asynchttpclient.netty.channel.DefaultChannelPool - Entry count for : http://localhost:52716 : 1
15:36:12.150 [AsyncHttpClient-1-7] DEBUG org.asynchttpclient.netty.handler.HttpHandler - 

Request DefaultHttpRequest(decodeResult: success, version: HTTP/1.1)
POST /session/27bb56bab19244e69389e2eebf28eea0/url HTTP/1.1
User-Agent: selenium/4.8.3 (java windows)
Content-Length: 52
Content-Type: application/json; charset=utf-8
host: localhost:48226
accept: */*

Response DefaultHttpResponse(decodeResult: success, version: HTTP/1.1)
HTTP/1.1 200 OK
Content-Length: 14
Content-Type: application/json; charset=utf-8
cache-control: no-cache

15:36:12.150 [AsyncHttpClient-1-7] DEBUG org.asynchttpclient.netty.channel.ChannelManager - Adding key: http://localhost:48226 for channel [id: 0x87e22b7a, L:/127.0.0.1:52714 - R:localhost/127.0.0.1:48226]
2023-06-21 15:36:12 INFO  BaseTest:110 - Test driver set up done successfully**********
2023-06-21 15:36:12 INFO  BaseTest:128 - Logging in to portal
15:36:12.153 [Forwarding findElement on session 27bb56bab19244e69389e2eebf28eea0 to remote] DEBUG org.asynchttpclient.netty.request.NettyRequestSender - Using pooled Channel '[id: 0x87e22b7a, L:/127.0.0.1:52714 - R:localhost/127.0.0.1:48226]' for 'POST' to 'http://localhost:48226/session/27bb56bab19244e69389e2eebf28eea0/element'
15:36:12.153 [Forwarding findElement on session 27bb56bab19244e69389e2eebf28eea0 to remote] DEBUG org.asynchttpclient.netty.request.NettyRequestSender - Using open Channel [id: 0x87e22b7a, L:/127.0.0.1:52714 - R:localhost/127.0.0.1:48226] for POST '/session/27bb56bab19244e69389e2eebf28eea0/element'
15:36:12.169 [AsyncHttpClient-1-7] DEBUG org.asynchttpclient.netty.handler.HttpHandler - 

Request DefaultHttpRequest(decodeResult: success, version: HTTP/1.1)
POST /session/27bb56bab19244e69389e2eebf28eea0/element HTTP/1.1
User-Agent: selenium/4.8.3 (java windows)
Content-Length: 59
Content-Type: application/json; charset=utf-8
host: localhost:48226
accept: */*

Response DefaultHttpResponse(decodeResult: success, version: HTTP/1.1)
HTTP/1.1 200 OK
Content-Length: 95
Content-Type: application/json; charset=utf-8
cache-control: no-cache

15:36:12.169 [AsyncHttpClient-1-7] DEBUG org.asynchttpclient.netty.channel.ChannelManager - Adding key: http://localhost:48226 for channel [id: 0x87e22b7a, L:/127.0.0.1:52714 - R:localhost/127.0.0.1:48226]
15:36:12.170 [Forwarding clearElement on session 27bb56bab19244e69389e2eebf28eea0 to remote] DEBUG org.asynchttpclient.netty.request.NettyRequestSender - Using pooled Channel '[id: 0x87e22b7a, L:/127.0.0.1:52714 - R:localhost/127.0.0.1:48226]' for 'POST' to 'http://localhost:48226/session/27bb56bab19244e69389e2eebf28eea0/element/7F592767117BF96788FE5A6D2CEBD1C0_element_30/clear'
15:36:12.170 [Forwarding clearElement on session 27bb56bab19244e69389e2eebf28eea0 to remote] DEBUG org.asynchttpclient.netty.request.NettyRequestSender - Using open Channel [id: 0x87e22b7a, L:/127.0.0.1:52714 - R:localhost/127.0.0.1:48226] for POST '/session/27bb56bab19244e69389e2eebf28eea0/element/7F592767117BF96788FE5A6D2CEBD1C0_element_30/clear'
15:36:12.221 [AsyncHttpClient-1-7] DEBUG org.asynchttpclient.netty.handler.HttpHandler - 

Request DefaultHttpRequest(decodeResult: success, version: HTTP/1.1)
POST /session/27bb56bab19244e69389e2eebf28eea0/element/7F592767117BF96788FE5A6D2CEBD1C0_element_30/clear HTTP/1.1
User-Agent: selenium/4.8.3 (java windows)
Content-Length: 57
Content-Type: application/json; charset=utf-8
host: localhost:48226
accept: */*

Response DefaultHttpResponse(decodeResult: success, version: HTTP/1.1)
HTTP/1.1 200 OK
Content-Length: 14
Content-Type: application/json; charset=utf-8
cache-control: no-cache

15:36:12.221 [AsyncHttpClient-1-7] DEBUG org.asynchttpclient.netty.channel.ChannelManager - Adding key: http://localhost:48226 for channel [id: 0x87e22b7a, L:/127.0.0.1:52714 - R:localhost/127.0.0.1:48226]
15:36:12.222 [Forwarding findElement on session 27bb56bab19244e69389e2eebf28eea0 to remote] DEBUG org.asynchttpclient.netty.request.NettyRequestSender - Using pooled Channel '[id: 0x87e22b7a, L:/127.0.0.1:52714 - R:localhost/127.0.0.1:48226]' for 'POST' to 'http://localhost:48226/session/27bb56bab19244e69389e2eebf28eea0/element'
15:36:12.222 [Forwarding findElement on session 27bb56bab19244e69389e2eebf28eea0 to remote] DEBUG org.asynchttpclient.netty.request.NettyRequestSender - Using open Channel [id: 0x87e22b7a, L:/127.0.0.1:52714 - R:localhost/127.0.0.1:48226] for POST '/session/27bb56bab19244e69389e2eebf28eea0/element'
15:36:12.233 [AsyncHttpClient-1-7] DEBUG org.asynchttpclient.netty.handler.HttpHandler - 

Request DefaultHttpRequest(decodeResult: success, version: HTTP/1.1)
POST /session/27bb56bab19244e69389e2eebf28eea0/element HTTP/1.1
User-Agent: selenium/4.8.3 (java windows)
Content-Length: 59
Content-Type: application/json; charset=utf-8
host: localhost:48226
accept: */*

Response DefaultHttpResponse(decodeResult: success, version: HTTP/1.1)
HTTP/1.1 200 OK
Content-Length: 95
Content-Type: application/json; charset=utf-8
cache-control: no-cache

15:36:12.233 [AsyncHttpClient-1-7] DEBUG org.asynchttpclient.netty.channel.ChannelManager - Adding key: http://localhost:48226 for channel [id: 0x87e22b7a, L:/127.0.0.1:52714 - R:localhost/127.0.0.1:48226]
15:36:12.235 [Forwarding sendKeysToElement on session 27bb56bab19244e69389e2eebf28eea0 to remote] DEBUG org.asynchttpclient.netty.request.NettyRequestSender - Using pooled Channel '[id: 0x87e22b7a, L:/127.0.0.1:52714 - R:localhost/127.0.0.1:48226]' for 'POST' to 'http://localhost:48226/session/27bb56bab19244e69389e2eebf28eea0/element/7F592767117BF96788FE5A6D2CEBD1C0_element_30/value'
15:36:12.235 [Forwarding sendKeysToElement on session 27bb56bab19244e69389e2eebf28eea0 to remote] DEBUG org.asynchttpclient.netty.request.NettyRequestSender - Using open Channel [id: 0x87e22b7a, L:/127.0.0.1:52714 - R:localhost/127.0.0.1:48226] for POST '/session/27bb56bab19244e69389e2eebf28eea0/element/7F592767117BF96788FE5A6D2CEBD1C0_element_30/value'
15:36:12.335 [AsyncHttpClient-1-7] DEBUG org.asynchttpclient.netty.handler.HttpHandler - 

Request DefaultHttpRequest(decodeResult: success, version: HTTP/1.1)
POST /session/27bb56bab19244e69389e2eebf28eea0/element/7F592767117BF96788FE5A6D2CEBD1C0_element_30/value HTTP/1.1
User-Agent: selenium/4.8.3 (java windows)
Content-Length: 188
Content-Type: application/json; charset=utf-8
host: localhost:48226
accept: */*

Response DefaultHttpResponse(decodeResult: success, version: HTTP/1.1)
HTTP/1.1 200 OK
Content-Length: 14
Content-Type: application/json; charset=utf-8
cache-control: no-cache

15:36:12.335 [AsyncHttpClient-1-7] DEBUG org.asynchttpclient.netty.channel.ChannelManager - Adding key: http://localhost:48226 for channel [id: 0x87e22b7a, L:/127.0.0.1:52714 - R:localhost/127.0.0.1:48226]
15:36:12.335 [Forwarding findElement on session 27bb56bab19244e69389e2eebf28eea0 to remote] DEBUG org.asynchttpclient.netty.request.NettyRequestSender - Using pooled Channel '[id: 0x87e22b7a, L:/127.0.0.1:52714 - R:localhost/127.0.0.1:48226]' for 'POST' to 'http://localhost:48226/session/27bb56bab19244e69389e2eebf28eea0/element'
15:36:12.336 [Forwarding findElement on session 27bb56bab19244e69389e2eebf28eea0 to remote] DEBUG org.asynchttpclient.netty.request.NettyRequestSender - Using open Channel [id: 0x87e22b7a, L:/127.0.0.1:52714 - R:localhost/127.0.0.1:48226] for POST '/session/27bb56bab19244e69389e2eebf28eea0/element'
15:36:12.351 [AsyncHttpClient-1-7] DEBUG org.asynchttpclient.netty.handler.HttpHandler - 

Request DefaultHttpRequest(decodeResult: success, version: HTTP/1.1)
POST /session/27bb56bab19244e69389e2eebf28eea0/element HTTP/1.1
User-Agent: selenium/4.8.3 (java windows)
Content-Length: 62
Content-Type: application/json; charset=utf-8
host: localhost:48226
accept: */*

Response DefaultHttpResponse(decodeResult: success, version: HTTP/1.1)
HTTP/1.1 200 OK
Content-Length: 95
Content-Type: application/json; charset=utf-8
cache-control: no-cache

15:36:12.351 [AsyncHttpClient-1-7] DEBUG org.asynchttpclient.netty.channel.ChannelManager - Adding key: http://localhost:48226 for channel [id: 0x87e22b7a, L:/127.0.0.1:52714 - R:localhost/127.0.0.1:48226]
15:36:12.352 [Forwarding clearElement on session 27bb56bab19244e69389e2eebf28eea0 to remote] DEBUG org.asynchttpclient.netty.request.NettyRequestSender - Using pooled Channel '[id: 0x87e22b7a, L:/127.0.0.1:52714 - R:localhost/127.0.0.1:48226]' for 'POST' to 'http://localhost:48226/session/27bb56bab19244e69389e2eebf28eea0/element/7F592767117BF96788FE5A6D2CEBD1C0_element_32/clear'
15:36:12.352 [Forwarding clearElement on session 27bb56bab19244e69389e2eebf28eea0 to remote] DEBUG org.asynchttpclient.netty.request.NettyRequestSender - Using open Channel [id: 0x87e22b7a, L:/127.0.0.1:52714 - R:localhost/127.0.0.1:48226] for POST '/session/27bb56bab19244e69389e2eebf28eea0/element/7F592767117BF96788FE5A6D2CEBD1C0_element_32/clear'
15:36:12.405 [AsyncHttpClient-1-7] DEBUG org.asynchttpclient.netty.handler.HttpHandler - 

Request DefaultHttpRequest(decodeResult: success, version: HTTP/1.1)
POST /session/27bb56bab19244e69389e2eebf28eea0/element/7F592767117BF96788FE5A6D2CEBD1C0_element_32/clear HTTP/1.1
User-Agent: selenium/4.8.3 (java windows)
Content-Length: 57
Content-Type: application/json; charset=utf-8
host: localhost:48226
accept: */*

Response DefaultHttpResponse(decodeResult: success, version: HTTP/1.1)
HTTP/1.1 200 OK
Content-Length: 14
Content-Type: application/json; charset=utf-8
cache-control: no-cache

15:36:12.405 [AsyncHttpClient-1-7] DEBUG org.asynchttpclient.netty.channel.ChannelManager - Adding key: http://localhost:48226 for channel [id: 0x87e22b7a, L:/127.0.0.1:52714 - R:localhost/127.0.0.1:48226]
15:36:12.406 [Forwarding findElement on session 27bb56bab19244e69389e2eebf28eea0 to remote] DEBUG org.asynchttpclient.netty.request.NettyRequestSender - Using pooled Channel '[id: 0x87e22b7a, L:/127.0.0.1:52714 - R:localhost/127.0.0.1:48226]' for 'POST' to 'http://localhost:48226/session/27bb56bab19244e69389e2eebf28eea0/element'
15:36:12.406 [Forwarding findElement on session 27bb56bab19244e69389e2eebf28eea0 to remote] DEBUG org.asynchttpclient.netty.request.NettyRequestSender - Using open Channel [id: 0x87e22b7a, L:/127.0.0.1:52714 - R:localhost/127.0.0.1:48226] for POST '/session/27bb56bab19244e69389e2eebf28eea0/element'
15:36:12.415 [AsyncHttpClient-1-7] DEBUG org.asynchttpclient.netty.handler.HttpHandler - 

Request DefaultHttpRequest(decodeResult: success, version: HTTP/1.1)
POST /session/27bb56bab19244e69389e2eebf28eea0/element HTTP/1.1
User-Agent: selenium/4.8.3 (java windows)
Content-Length: 62
Content-Type: application/json; charset=utf-8
host: localhost:48226
accept: */*

Response DefaultHttpResponse(decodeResult: success, version: HTTP/1.1)
HTTP/1.1 200 OK
Content-Length: 95
Content-Type: application/json; charset=utf-8
cache-control: no-cache

15:36:12.416 [AsyncHttpClient-1-7] DEBUG org.asynchttpclient.netty.channel.ChannelManager - Adding key: http://localhost:48226 for channel [id: 0x87e22b7a, L:/127.0.0.1:52714 - R:localhost/127.0.0.1:48226]
15:36:12.417 [Forwarding sendKeysToElement on session 27bb56bab19244e69389e2eebf28eea0 to remote] DEBUG org.asynchttpclient.netty.request.NettyRequestSender - Using pooled Channel '[id: 0x87e22b7a, L:/127.0.0.1:52714 - R:localhost/127.0.0.1:48226]' for 'POST' to 'http://localhost:48226/session/27bb56bab19244e69389e2eebf28eea0/element/7F592767117BF96788FE5A6D2CEBD1C0_element_32/value'
15:36:12.417 [Forwarding sendKeysToElement on session 27bb56bab19244e69389e2eebf28eea0 to remote] DEBUG org.asynchttpclient.netty.request.NettyRequestSender - Using open Channel [id: 0x87e22b7a, L:/127.0.0.1:52714 - R:localhost/127.0.0.1:48226] for POST '/session/27bb56bab19244e69389e2eebf28eea0/element/7F592767117BF96788FE5A6D2CEBD1C0_element_32/value'
15:36:12.491 [AsyncHttpClient-1-7] DEBUG org.asynchttpclient.netty.handler.HttpHandler - 

Request DefaultHttpRequest(decodeResult: success, version: HTTP/1.1)
POST /session/27bb56bab19244e69389e2eebf28eea0/element/7F592767117BF96788FE5A6D2CEBD1C0_element_32/value HTTP/1.1
User-Agent: selenium/4.8.3 (java windows)
Content-Length: 148
Content-Type: application/json; charset=utf-8
host: localhost:48226
accept: */*

Response DefaultHttpResponse(decodeResult: success, version: HTTP/1.1)
HTTP/1.1 200 OK
Content-Length: 14
Content-Type: application/json; charset=utf-8
cache-control: no-cache

15:36:12.492 [AsyncHttpClient-1-7] DEBUG org.asynchttpclient.netty.channel.ChannelManager - Adding key: http://localhost:48226 for channel [id: 0x87e22b7a, L:/127.0.0.1:52714 - R:localhost/127.0.0.1:48226]
15:36:12.493 [Forwarding findElement on session 27bb56bab19244e69389e2eebf28eea0 to remote] DEBUG org.asynchttpclient.netty.request.NettyRequestSender - Using pooled Channel '[id: 0x87e22b7a, L:/127.0.0.1:52714 - R:localhost/127.0.0.1:48226]' for 'POST' to 'http://localhost:48226/session/27bb56bab19244e69389e2eebf28eea0/element'
15:36:12.493 [Forwarding findElement on session 27bb56bab19244e69389e2eebf28eea0 to remote] DEBUG org.asynchttpclient.netty.request.NettyRequestSender - Using open Channel [id: 0x87e22b7a, L:/127.0.0.1:52714 - R:localhost/127.0.0.1:48226] for POST '/session/27bb56bab19244e69389e2eebf28eea0/element'
15:36:12.512 [AsyncHttpClient-1-7] DEBUG org.asynchttpclient.netty.handler.HttpHandler - 

Request DefaultHttpRequest(decodeResult: success, version: HTTP/1.1)
POST /session/27bb56bab19244e69389e2eebf28eea0/element HTTP/1.1
User-Agent: selenium/4.8.3 (java windows)
Content-Length: 71
Content-Type: application/json; charset=utf-8
host: localhost:48226
accept: */*

Response DefaultHttpResponse(decodeResult: success, version: HTTP/1.1)
HTTP/1.1 200 OK
Content-Length: 95
Content-Type: application/json; charset=utf-8
cache-control: no-cache

15:36:12.512 [AsyncHttpClient-1-7] DEBUG org.asynchttpclient.netty.channel.ChannelManager - Adding key: http://localhost:48226 for channel [id: 0x87e22b7a, L:/127.0.0.1:52714 - R:localhost/127.0.0.1:48226]
15:36:12.514 [Forwarding clickElement on session 27bb56bab19244e69389e2eebf28eea0 to remote] DEBUG org.asynchttpclient.netty.request.NettyRequestSender - Using pooled Channel '[id: 0x87e22b7a, L:/127.0.0.1:52714 - R:localhost/127.0.0.1:48226]' for 'POST' to 'http://localhost:48226/session/27bb56bab19244e69389e2eebf28eea0/element/7F592767117BF96788FE5A6D2CEBD1C0_element_33/click'
15:36:12.514 [Forwarding clickElement on session 27bb56bab19244e69389e2eebf28eea0 to remote] DEBUG org.asynchttpclient.netty.request.NettyRequestSender - Using open Channel [id: 0x87e22b7a, L:/127.0.0.1:52714 - R:localhost/127.0.0.1:48226] for POST '/session/27bb56bab19244e69389e2eebf28eea0/element/7F592767117BF96788FE5A6D2CEBD1C0_element_33/click'
15:36:12.571 [AsyncHttpClient-1-7] DEBUG org.asynchttpclient.netty.handler.HttpHandler - 

Request DefaultHttpRequest(decodeResult: success, version: HTTP/1.1)
POST /session/27bb56bab19244e69389e2eebf28eea0/element/7F592767117BF96788FE5A6D2CEBD1C0_element_33/click HTTP/1.1
User-Agent: selenium/4.8.3 (java windows)
Content-Length: 57
Content-Type: application/json; charset=utf-8
host: localhost:48226
accept: */*

Response DefaultHttpResponse(decodeResult: success, version: HTTP/1.1)
HTTP/1.1 200 OK
Content-Length: 14
Content-Type: application/json; charset=utf-8
cache-control: no-cache

15:36:12.572 [AsyncHttpClient-1-7] DEBUG org.asynchttpclient.netty.channel.ChannelManager - Adding key: http://localhost:48226 for channel [id: 0x87e22b7a, L:/127.0.0.1:52714 - R:localhost/127.0.0.1:48226]
2023-06-21 15:36:12 INFO  BaseTest:132 - Logged in
15:36:12.574 [rp-io-41] DEBUG com.epam.reportportal.service.Launch - Starting test item...rp-io-41
2023-06-21 15:36:12 INFO  Listeners:34 - Started Test null
15:36:12.577 [Forwarding findElement on session 27bb56bab19244e69389e2eebf28eea0 to remote] DEBUG org.asynchttpclient.netty.request.NettyRequestSender - Using pooled Channel '[id: 0x87e22b7a, L:/127.0.0.1:52714 - R:localhost/127.0.0.1:48226]' for 'POST' to 'http://localhost:48226/session/27bb56bab19244e69389e2eebf28eea0/element'
15:36:12.577 [Forwarding findElement on session 27bb56bab19244e69389e2eebf28eea0 to remote] DEBUG org.asynchttpclient.netty.request.NettyRequestSender - Using open Channel [id: 0x87e22b7a, L:/127.0.0.1:52714 - R:localhost/127.0.0.1:48226] for POST '/session/27bb56bab19244e69389e2eebf28eea0/element'
15:36:12.590 [rp-io-42] DEBUG com.epam.reportportal.service.Launch - TestItem with ID = 'c021f9ce-be55-494a-a354-a405e30c298a' successfully finished.
15:36:12.590 [rp-io-42] DEBUG com.epam.reportportal.utils.SubscriptionUtils - Finish test item completed
15:36:12.596 [rp-io-41] DEBUG com.epam.reportportal.service.Launch - ReportPortal item with ID 'da38712c-5586-43df-b99e-f3afaffd88cd' has been created
15:36:12.596 [rp-io-41] DEBUG com.epam.reportportal.utils.SubscriptionUtils - Start test item successfully completed
15:36:12.947 [AsyncHttpClient-1-7] DEBUG org.asynchttpclient.netty.handler.HttpHandler - 

Request DefaultHttpRequest(decodeResult: success, version: HTTP/1.1)
POST /session/27bb56bab19244e69389e2eebf28eea0/element HTTP/1.1
User-Agent: selenium/4.8.3 (java windows)
Content-Length: 168
Content-Type: application/json; charset=utf-8
host: localhost:48226
accept: */*

Response DefaultHttpResponse(decodeResult: success, version: HTTP/1.1)
HTTP/1.1 200 OK
Content-Length: 95
Content-Type: application/json; charset=utf-8
cache-control: no-cache

15:36:12.948 [AsyncHttpClient-1-7] DEBUG org.asynchttpclient.netty.channel.ChannelManager - Adding key: http://localhost:48226 for channel [id: 0x87e22b7a, L:/127.0.0.1:52714 - R:localhost/127.0.0.1:48226]
15:36:12.949 [Forwarding clickElement on session 27bb56bab19244e69389e2eebf28eea0 to remote] DEBUG org.asynchttpclient.netty.request.NettyRequestSender - Using pooled Channel '[id: 0x87e22b7a, L:/127.0.0.1:52714 - R:localhost/127.0.0.1:48226]' for 'POST' to 'http://localhost:48226/session/27bb56bab19244e69389e2eebf28eea0/element/7F592767117BF96788FE5A6D2CEBD1C0_element_36/click'
15:36:12.949 [Forwarding clickElement on session 27bb56bab19244e69389e2eebf28eea0 to remote] DEBUG org.asynchttpclient.netty.request.NettyRequestSender - Using open Channel [id: 0x87e22b7a, L:/127.0.0.1:52714 - R:localhost/127.0.0.1:48226] for POST '/session/27bb56bab19244e69389e2eebf28eea0/element/7F592767117BF96788FE5A6D2CEBD1C0_element_36/click'
15:36:13.096 [AsyncHttpClient-1-1] DEBUG org.asynchttpclient.netty.channel.DefaultChannelPool - Entry count for : http://localhost:52716 : 1
15:36:13.180 [AsyncHttpClient-1-7] DEBUG org.asynchttpclient.netty.handler.HttpHandler - 

Request DefaultHttpRequest(decodeResult: success, version: HTTP/1.1)
POST /session/27bb56bab19244e69389e2eebf28eea0/element/7F592767117BF96788FE5A6D2CEBD1C0_element_36/click HTTP/1.1
User-Agent: selenium/4.8.3 (java windows)
Content-Length: 57
Content-Type: application/json; charset=utf-8
host: localhost:48226
accept: */*

Response DefaultHttpResponse(decodeResult: success, version: HTTP/1.1)
HTTP/1.1 200 OK
Content-Length: 14
Content-Type: application/json; charset=utf-8
cache-control: no-cache

15:36:13.181 [AsyncHttpClient-1-7] DEBUG org.asynchttpclient.netty.channel.ChannelManager - Adding key: http://localhost:48226 for channel [id: 0x87e22b7a, L:/127.0.0.1:52714 - R:localhost/127.0.0.1:48226]
15:36:13.182 [Forwarding findElement on session 27bb56bab19244e69389e2eebf28eea0 to remote] DEBUG org.asynchttpclient.netty.request.NettyRequestSender - Using pooled Channel '[id: 0x87e22b7a, L:/127.0.0.1:52714 - R:localhost/127.0.0.1:48226]' for 'POST' to 'http://localhost:48226/session/27bb56bab19244e69389e2eebf28eea0/element'
15:36:13.182 [Forwarding findElement on session 27bb56bab19244e69389e2eebf28eea0 to remote] DEBUG org.asynchttpclient.netty.request.NettyRequestSender - Using open Channel [id: 0x87e22b7a, L:/127.0.0.1:52714 - R:localhost/127.0.0.1:48226] for POST '/session/27bb56bab19244e69389e2eebf28eea0/element'
15:36:13.520 [AsyncHttpClient-1-7] DEBUG org.asynchttpclient.netty.handler.HttpHandler - 

Request DefaultHttpRequest(decodeResult: success, version: HTTP/1.1)
POST /session/27bb56bab19244e69389e2eebf28eea0/element HTTP/1.1
User-Agent: selenium/4.8.3 (java windows)
Content-Length: 85
Content-Type: application/json; charset=utf-8
host: localhost:48226
accept: */*

Response DefaultHttpResponse(decodeResult: success, version: HTTP/1.1)
HTTP/1.1 200 OK
Content-Length: 95
Content-Type: application/json; charset=utf-8
cache-control: no-cache

15:36:13.520 [AsyncHttpClient-1-7] DEBUG org.asynchttpclient.netty.channel.ChannelManager - Adding key: http://localhost:48226 for channel [id: 0x87e22b7a, L:/127.0.0.1:52714 - R:localhost/127.0.0.1:48226]
15:36:13.521 [Forwarding executeScript on session 27bb56bab19244e69389e2eebf28eea0 to remote] DEBUG org.asynchttpclient.netty.request.NettyRequestSender - Using pooled Channel '[id: 0x87e22b7a, L:/127.0.0.1:52714 - R:localhost/127.0.0.1:48226]' for 'POST' to 'http://localhost:48226/session/27bb56bab19244e69389e2eebf28eea0/execute/sync'
15:36:13.521 [Forwarding executeScript on session 27bb56bab19244e69389e2eebf28eea0 to remote] DEBUG org.asynchttpclient.netty.request.NettyRequestSender - Using open Channel [id: 0x87e22b7a, L:/127.0.0.1:52714 - R:localhost/127.0.0.1:48226] for POST '/session/27bb56bab19244e69389e2eebf28eea0/execute/sync'
15:36:13.536 [AsyncHttpClient-1-7] DEBUG org.asynchttpclient.netty.handler.HttpHandler - 

Request DefaultHttpRequest(decodeResult: success, version: HTTP/1.1)
POST /session/27bb56bab19244e69389e2eebf28eea0/execute/sync HTTP/1.1
User-Agent: selenium/4.8.3 (java windows)
Content-Length: 232
Content-Type: application/json; charset=utf-8
host: localhost:48226
accept: */*

Response DefaultHttpResponse(decodeResult: success, version: HTTP/1.1)
HTTP/1.1 200 OK
Content-Length: 14
Content-Type: application/json; charset=utf-8
cache-control: no-cache

15:36:13.536 [AsyncHttpClient-1-7] DEBUG org.asynchttpclient.netty.channel.ChannelManager - Adding key: http://localhost:48226 for channel [id: 0x87e22b7a, L:/127.0.0.1:52714 - R:localhost/127.0.0.1:48226]
15:36:13.537 [Forwarding findElement on session 27bb56bab19244e69389e2eebf28eea0 to remote] DEBUG org.asynchttpclient.netty.request.NettyRequestSender - Using pooled Channel '[id: 0x87e22b7a, L:/127.0.0.1:52714 - R:localhost/127.0.0.1:48226]' for 'POST' to 'http://localhost:48226/session/27bb56bab19244e69389e2eebf28eea0/element'
15:36:13.537 [Forwarding findElement on session 27bb56bab19244e69389e2eebf28eea0 to remote] DEBUG org.asynchttpclient.netty.request.NettyRequestSender - Using open Channel [id: 0x87e22b7a, L:/127.0.0.1:52714 - R:localhost/127.0.0.1:48226] for POST '/session/27bb56bab19244e69389e2eebf28eea0/element'
15:36:13.859 [AsyncHttpClient-1-7] DEBUG org.asynchttpclient.netty.handler.HttpHandler - 

Request DefaultHttpRequest(decodeResult: success, version: HTTP/1.1)
POST /session/27bb56bab19244e69389e2eebf28eea0/element HTTP/1.1
User-Agent: selenium/4.8.3 (java windows)
Content-Length: 85
Content-Type: application/json; charset=utf-8
host: localhost:48226
accept: */*

Response DefaultHttpResponse(decodeResult: success, version: HTTP/1.1)
HTTP/1.1 200 OK
Content-Length: 95
Content-Type: application/json; charset=utf-8
cache-control: no-cache

15:36:13.859 [AsyncHttpClient-1-7] DEBUG org.asynchttpclient.netty.channel.ChannelManager - Adding key: http://localhost:48226 for channel [id: 0x87e22b7a, L:/127.0.0.1:52714 - R:localhost/127.0.0.1:48226]
15:36:13.861 [Forwarding isElementDisplayed on session 27bb56bab19244e69389e2eebf28eea0 to remote] DEBUG org.asynchttpclient.netty.request.NettyRequestSender - Using pooled Channel '[id: 0x87e22b7a, L:/127.0.0.1:52714 - R:localhost/127.0.0.1:48226]' for 'POST' to 'http://localhost:48226/session/27bb56bab19244e69389e2eebf28eea0/execute/sync'
15:36:13.862 [Forwarding isElementDisplayed on session 27bb56bab19244e69389e2eebf28eea0 to remote] DEBUG org.asynchttpclient.netty.request.NettyRequestSender - Using open Channel [id: 0x87e22b7a, L:/127.0.0.1:52714 - R:localhost/127.0.0.1:48226] for POST '/session/27bb56bab19244e69389e2eebf28eea0/execute/sync'
15:36:13.893 [AsyncHttpClient-1-7] DEBUG org.asynchttpclient.netty.handler.HttpHandler - 

Request DefaultHttpRequest(decodeResult: success, version: HTTP/1.1)
POST /session/27bb56bab19244e69389e2eebf28eea0/execute/sync HTTP/1.1
User-Agent: selenium/4.8.3 (java windows)
Content-Length: 48814
Content-Type: application/json; charset=utf-8
host: localhost:48226
accept: */*

Response DefaultHttpResponse(decodeResult: success, version: HTTP/1.1)
HTTP/1.1 200 OK
Content-Length: 14
Content-Type: application/json; charset=utf-8
cache-control: no-cache

15:36:13.894 [AsyncHttpClient-1-7] DEBUG org.asynchttpclient.netty.channel.ChannelManager - Adding key: http://localhost:48226 for channel [id: 0x87e22b7a, L:/127.0.0.1:52714 - R:localhost/127.0.0.1:48226]
2023-06-21 15:36:13 INFO  Listeners:38 - Succeeded Test null
]]></system-out>
    <system-err><![CDATA[Starting ChromeDriver 114.0.5735.90 (386bc09e8f4f2e025eddae123f36f6263096ae49-refs/branch-heads/5735@{#1052}) on port 48226
Only local connections are allowed.
Please see https://chromedriver.chromium.org/security-considerations for suggestions on keeping ChromeDriver safe.
ChromeDriver was started successfully.
Jun 21, 2023 3:36:10 PM org.openqa.selenium.devtools.CdpVersionFinder findNearestMatch
WARNING: Unable to find an exact match for CDP version 114, so returning the closest version found: 111
]]></system-err>
  </testcase>
  <testcase name="searchDashboardNameDP[LAUNCH TABLE](9)" classname="alltests.uitest.coreTest.DashboardPageTest" time="5.005">
    <failure message="no such element: Unable to locate element: {&quot;method&quot;:&quot;xpath&quot;,&quot;selector&quot;:&quot;//*[text()=&apos;LAUNCH TABLE&apos;]&quot;}&#10;  (Session info: chrome=114.0.5735.134)&#10;For documentation on this error, please visit: https://selenium.dev/exceptions/#no_such_element&#10;Build info: version: &apos;4.8.3&apos;, revision: &apos;e5e76298c3&apos;&#10;System info: os.name: &apos;Windows 10&apos;, os.arch: &apos;amd64&apos;, os.version: &apos;10.0&apos;, java.version: &apos;17.0.3.1&apos;&#10;Driver info: org.openqa.selenium.chrome.ChromeDriver&#10;Command: [f63eaa7fa76a8b44917822034d166f4a, findElement {using=xpath, value=//*[text()=&apos;LAUNCH TABLE&apos;]}]&#10;Capabilities {acceptInsecureCerts: false, browserName: chrome, browserVersion: 114.0.5735.134, chrome: {chromedriverVersion: 114.0.5735.90 (386bc09e8f4f..., userDataDir: C:\Users\SUWARN~1\AppData\L...}, goog:chromeOptions: {debuggerAddress: localhost:52753}, networkConnectionEnabled: false, pageLoadStrategy: normal, platformName: WINDOWS, proxy: Proxy(), se:cdp: ws://localhost:52753/devtoo..., se:cdpVersion: 114.0.5735.134, setWindowRect: true, strictFileInteractability: false, timeouts: {implicit: 0, pageLoad: 300000, script: 30000}, unhandledPromptBehavior: dismiss and notify, webauthn:extension:credBlob: true, webauthn:extension:largeBlob: true, webauthn:extension:minPinLength: true, webauthn:extension:prf: true, webauthn:virtualAuthenticators: true}&#10;Session ID: f63eaa7fa76a8b44917822034d166f4a" type="org.openqa.selenium.NoSuchElementException"><![CDATA[org.openqa.selenium.NoSuchElementException: 
no such element: Unable to locate element: {"method":"xpath","selector":"//*[text()='LAUNCH TABLE']"}
  (Session info: chrome=114.0.5735.134)
For documentation on this error, please visit: https://selenium.dev/exceptions/#no_such_element
Build info: version: '4.8.3', revision: 'e5e76298c3'
System info: os.name: 'Windows 10', os.arch: 'amd64', os.version: '10.0', java.version: '17.0.3.1'
Driver info: org.openqa.selenium.chrome.ChromeDriver
Command: [f63eaa7fa76a8b44917822034d166f4a, findElement {using=xpath, value=//*[text()='LAUNCH TABLE']}]
Capabilities {acceptInsecureCerts: false, browserName: chrome, browserVersion: 114.0.5735.134, chrome: {chromedriverVersion: 114.0.5735.90 (386bc09e8f4f..., userDataDir: C:\Users\SUWARN~1\AppData\L...}, goog:chromeOptions: {debuggerAddress: localhost:52753}, networkConnectionEnabled: false, pageLoadStrategy: normal, platformName: WINDOWS, proxy: Proxy(), se:cdp: ws://localhost:52753/devtoo..., se:cdpVersion: 114.0.5735.134, setWindowRect: true, strictFileInteractability: false, timeouts: {implicit: 0, pageLoad: 300000, script: 30000}, unhandledPromptBehavior: dismiss and notify, webauthn:extension:credBlob: true, webauthn:extension:largeBlob: true, webauthn:extension:minPinLength: true, webauthn:extension:prf: true, webauthn:virtualAuthenticators: true}
Session ID: f63eaa7fa76a8b44917822034d166f4a
	at java.base/jdk.internal.reflect.NativeConstructorAccessorImpl.newInstance0(Native Method)
	at java.base/jdk.internal.reflect.NativeConstructorAccessorImpl.newInstance(NativeConstructorAccessorImpl.java:77)
	at java.base/jdk.internal.reflect.DelegatingConstructorAccessorImpl.newInstance(DelegatingConstructorAccessorImpl.java:45)
	at java.base/java.lang.reflect.Constructor.newInstanceWithCaller(Constructor.java:499)
	at java.base/java.lang.reflect.Constructor.newInstance(Constructor.java:480)
	at org.openqa.selenium.remote.codec.w3c.W3CHttpResponseCodec.createException(W3CHttpResponseCodec.java:200)
	at org.openqa.selenium.remote.codec.w3c.W3CHttpResponseCodec.decode(W3CHttpResponseCodec.java:133)
	at org.openqa.selenium.remote.codec.w3c.W3CHttpResponseCodec.decode(W3CHttpResponseCodec.java:53)
	at org.openqa.selenium.remote.HttpCommandExecutor.execute(HttpCommandExecutor.java:193)
	at org.openqa.selenium.remote.service.DriverCommandExecutor.invokeExecute(DriverCommandExecutor.java:183)
	at org.openqa.selenium.remote.service.DriverCommandExecutor.execute(DriverCommandExecutor.java:158)
	at org.openqa.selenium.remote.RemoteWebDriver.execute(RemoteWebDriver.java:543)
	at org.openqa.selenium.remote.ElementLocation$ElementFinder$2.findElement(ElementLocation.java:162)
	at org.openqa.selenium.remote.ElementLocation.findElement(ElementLocation.java:60)
	at org.openqa.selenium.remote.RemoteWebDriver.findElement(RemoteWebDriver.java:352)
	at org.openqa.selenium.remote.RemoteWebDriver.findElement(RemoteWebDriver.java:344)
	at pageobject.DemoDashboard.verifyNamesOfWidgetPresetOnDemoDashboard(DemoDashboard.java:31)
	at alltests.uitest.coreTest.DashboardPageTest.searchDashboardNameDP(DashboardPageTest.java:38)
	at java.base/jdk.internal.reflect.NativeMethodAccessorImpl.invoke0(Native Method)
	at java.base/jdk.internal.reflect.NativeMethodAccessorImpl.invoke(NativeMethodAccessorImpl.java:77)
	at java.base/jdk.internal.reflect.DelegatingMethodAccessorImpl.invoke(DelegatingMethodAccessorImpl.java:43)
	at java.base/java.lang.reflect.Method.invoke(Method.java:568)
	at org.testng.internal.invokers.MethodInvocationHelper.invokeMethod(MethodInvocationHelper.java:139)
	at org.testng.internal.invokers.TestInvoker.invokeMethod(TestInvoker.java:677)
	at org.testng.internal.invokers.TestInvoker.invokeTestMethod(TestInvoker.java:221)
	at org.testng.internal.invokers.MethodRunner.runInSequence(MethodRunner.java:50)
	at org.testng.internal.invokers.TestInvoker$MethodInvocationAgent.invoke(TestInvoker.java:969)
	at org.testng.internal.invokers.TestInvoker.invokeTestMethods(TestInvoker.java:194)
	at org.testng.internal.invokers.TestMethodWorker.invokeTestMethods(TestMethodWorker.java:148)
	at org.testng.internal.invokers.TestMethodWorker.run(TestMethodWorker.java:128)
	at java.base/java.util.ArrayList.forEach(ArrayList.java:1511)
	at org.testng.TestRunner.privateRun(TestRunner.java:829)
	at org.testng.TestRunner.run(TestRunner.java:602)
	at org.testng.SuiteRunner.runTest(SuiteRunner.java:437)
	at org.testng.SuiteRunner.runSequentially(SuiteRunner.java:431)
	at org.testng.SuiteRunner.privateRun(SuiteRunner.java:391)
	at org.testng.SuiteRunner.run(SuiteRunner.java:330)
	at org.testng.SuiteRunnerWorker.runSuite(SuiteRunnerWorker.java:52)
	at org.testng.SuiteRunnerWorker.run(SuiteRunnerWorker.java:95)
	at org.testng.TestNG.runSuitesSequentially(TestNG.java:1256)
	at org.testng.TestNG.runSuitesLocally(TestNG.java:1176)
	at org.testng.TestNG.runSuites(TestNG.java:1099)
	at org.testng.TestNG.run(TestNG.java:1067)
	at org.apache.maven.surefire.testng.TestNGExecutor.run(TestNGExecutor.java:308)
	at org.apache.maven.surefire.testng.TestNGXmlTestSuite.execute(TestNGXmlTestSuite.java:71)
	at org.apache.maven.surefire.testng.TestNGProvider.invoke(TestNGProvider.java:113)
	at org.apache.maven.surefire.booter.ForkedBooter.runSuitesInProcess(ForkedBooter.java:385)
	at org.apache.maven.surefire.booter.ForkedBooter.execute(ForkedBooter.java:162)
	at org.apache.maven.surefire.booter.ForkedBooter.run(ForkedBooter.java:507)
	at org.apache.maven.surefire.booter.ForkedBooter.main(ForkedBooter.java:495)
]]></failure>
    <system-out><![CDATA[15:36:13.896 [rp-io-48] DEBUG com.epam.reportportal.service.Launch - Starting test item...rp-io-48
15:36:13.897 [AsyncHttpClient-1-9] DEBUG org.asynchttpclient.netty.handler.WebSocketHandler - Channel Closed: [id: 0x435d9c0d, L:/127.0.0.1:52725 ! R:localhost/127.0.0.1:52716] with attribute NettyResponseFuture{currentRetry=0,
	isDone=1,
	isCancelled=0,
	asyncHandler=org.asynchttpclient.ws.WebSocketUpgradeHandler@732bb749,
	nettyRequest=org.asynchttpclient.netty.request.NettyRequest@7d7ad941,
	future=java.util.concurrent.CompletableFuture@228c4e0d[Completed normally],
	uri=ws://localhost:52716/devtools/browser/cbf10416-a297-4011-a071-d67f660ff326,
	keepAlive=true,
	redirectCount=0,
	timeoutsHolder=null,
	inAuth=0,
	touch=1687354570447}
15:36:13.898 [AsyncHttpClient-1-9] DEBUG org.asynchttpclient.netty.channel.ChannelManager - Closing Channel [id: 0x435d9c0d, L:/127.0.0.1:52725 ! R:localhost/127.0.0.1:52716] 
15:36:13.898 [Driver Command Executor] DEBUG org.asynchttpclient.netty.request.NettyRequestSender - Using pooled Channel '[id: 0x87e22b7a, L:/127.0.0.1:52714 - R:localhost/127.0.0.1:48226]' for 'DELETE' to 'http://localhost:48226/session/27bb56bab19244e69389e2eebf28eea0'
15:36:13.898 [Driver Command Executor] DEBUG org.asynchttpclient.netty.request.NettyRequestSender - Using open Channel [id: 0x87e22b7a, L:/127.0.0.1:52714 - R:localhost/127.0.0.1:48226] for DELETE '/session/27bb56bab19244e69389e2eebf28eea0'
15:36:13.912 [rp-io-49] DEBUG com.epam.reportportal.service.Launch - TestItem with ID = 'da38712c-5586-43df-b99e-f3afaffd88cd' successfully finished.
15:36:13.912 [rp-io-49] DEBUG com.epam.reportportal.utils.SubscriptionUtils - Finish test item completed
15:36:13.921 [rp-io-48] DEBUG com.epam.reportportal.service.Launch - ReportPortal item with ID '0d9fdd5f-5d19-45b8-8392-8aeda28fa966' has been created
15:36:13.921 [rp-io-48] DEBUG com.epam.reportportal.utils.SubscriptionUtils - Start test item successfully completed
15:36:13.990 [AsyncHttpClient-1-8] DEBUG org.asynchttpclient.netty.handler.HttpHandler - Unexpected I/O exception on channel [id: 0xf29378c1, L:/127.0.0.1:52724 - R:localhost/127.0.0.1:52716]
java.net.SocketException: Connection reset
	at java.base/sun.nio.ch.SocketChannelImpl.throwConnectionReset(SocketChannelImpl.java:394)
	at java.base/sun.nio.ch.SocketChannelImpl.read(SocketChannelImpl.java:426)
	at io.netty.buffer.PooledByteBuf.setBytes(PooledByteBuf.java:256)
	at io.netty.buffer.AbstractByteBuf.writeBytes(AbstractByteBuf.java:1132)
	at io.netty.channel.socket.nio.NioSocketChannel.doReadBytes(NioSocketChannel.java:357)
	at io.netty.channel.nio.AbstractNioByteChannel$NioByteUnsafe.read(AbstractNioByteChannel.java:151)
	at io.netty.channel.nio.NioEventLoop.processSelectedKey(NioEventLoop.java:788)
	at io.netty.channel.nio.NioEventLoop.processSelectedKeysOptimized(NioEventLoop.java:724)
	at io.netty.channel.nio.NioEventLoop.processSelectedKeys(NioEventLoop.java:650)
	at io.netty.channel.nio.NioEventLoop.run(NioEventLoop.java:562)
	at io.netty.util.concurrent.SingleThreadEventExecutor$4.run(SingleThreadEventExecutor.java:997)
	at io.netty.util.internal.ThreadExecutorMap$2.run(ThreadExecutorMap.java:74)
	at io.netty.util.concurrent.FastThreadLocalRunnable.run(FastThreadLocalRunnable.java:30)
	at java.base/java.lang.Thread.run(Thread.java:833)
15:36:13.990 [AsyncHttpClient-1-8] DEBUG org.asynchttpclient.netty.channel.ChannelManager - Closing Channel [id: 0xf29378c1, L:/127.0.0.1:52724 - R:localhost/127.0.0.1:52716] 
15:36:13.990 [AsyncHttpClient-1-8] DEBUG org.asynchttpclient.netty.handler.HttpHandler - Channel Closed: [id: 0xf29378c1, L:/127.0.0.1:52724 ! R:localhost/127.0.0.1:52716] with attribute DISCARD
15:36:14.016 [AsyncHttpClient-1-7] DEBUG org.asynchttpclient.netty.handler.HttpHandler - 

Request DefaultFullHttpRequest(decodeResult: success, version: HTTP/1.1, content: EmptyByteBufBE)
DELETE /session/27bb56bab19244e69389e2eebf28eea0 HTTP/1.1
User-Agent: selenium/4.8.3 (java windows)
Content-Type: application/json; charset=utf-8
host: localhost:48226
accept: */*

Response DefaultHttpResponse(decodeResult: success, version: HTTP/1.1)
HTTP/1.1 200 OK
Content-Length: 14
Content-Type: application/json; charset=utf-8
cache-control: no-cache

15:36:14.016 [AsyncHttpClient-1-7] DEBUG org.asynchttpclient.netty.channel.ChannelManager - Adding key: http://localhost:48226 for channel [id: 0x87e22b7a, L:/127.0.0.1:52714 - R:localhost/127.0.0.1:48226]
15:36:14.074 [AsyncHttpClient-1-7] DEBUG org.asynchttpclient.netty.handler.HttpHandler - Channel Closed: [id: 0x87e22b7a, L:/127.0.0.1:52714 ! R:localhost/127.0.0.1:48226] with attribute DISCARD
2023-06-21 15:36:14 INFO  BaseTest:89 - Test executed**********
15:36:14.131 [rp-io-53] DEBUG com.epam.reportportal.service.Launch - Starting test item...rp-io-53
2023-06-21 15:36:14 INFO  BaseTest:116 - Property files loaded successfully**********
15:36:14.143 [main] DEBUG io.github.bonigarcia.wdm.cache.ResolutionCache - Resolution chrome=114 in cache (valid until 16:09:26 21/06/2023 CEST)
15:36:14.144 [main] DEBUG io.github.bonigarcia.wdm.cache.ResolutionCache - Resolution chrome114=114.0.5735.90 in cache (valid until 09:55:46 22/06/2023 CEST)
15:36:14.144 [main] INFO io.github.bonigarcia.wdm.WebDriverManager - Using chromedriver 114.0.5735.90 (resolved driver for Chrome 114)
15:36:14.145 [rp-io-55] DEBUG com.epam.reportportal.service.Launch - TestItem with ID = '0d9fdd5f-5d19-45b8-8392-8aeda28fa966' successfully finished.
15:36:14.145 [rp-io-55] DEBUG com.epam.reportportal.utils.SubscriptionUtils - Finish test item completed
15:36:14.149 [rp-io-53] DEBUG com.epam.reportportal.service.Launch - ReportPortal item with ID '921988b4-8168-4e29-ad8d-d8cb74af69bf' has been created
15:36:14.149 [rp-io-53] DEBUG com.epam.reportportal.utils.SubscriptionUtils - Start test item successfully completed
15:36:14.152 [main] DEBUG io.github.bonigarcia.wdm.WebDriverManager - Driver chromedriver 114.0.5735.90 found in cache
15:36:14.153 [main] INFO io.github.bonigarcia.wdm.WebDriverManager - Exporting webdriver.chrome.driver as C:\Users\Suwarna_Wagh\.cache\selenium\chromedriver\win32\114.0.5735.90\chromedriver.exe
15:36:14.195 [AsyncHttpClient-1-1] DEBUG org.asynchttpclient.netty.channel.DefaultChannelPool - Entry count for : http://localhost:52716 : 1
15:36:14.195 [AsyncHttpClient-1-1] DEBUG org.asynchttpclient.netty.channel.DefaultChannelPool - Entry count for : http://localhost:48226 : 1
15:36:14.195 [AsyncHttpClient-1-1] DEBUG org.asynchttpclient.netty.channel.DefaultChannelPool - Adding Candidate expired Channel [id: 0xf29378c1, L:/127.0.0.1:52724 ! R:localhost/127.0.0.1:52716] isIdleTimeoutExpired=false isRemotelyClosed=true isTtlExpired=false
15:36:14.195 [AsyncHttpClient-1-1] DEBUG org.asynchttpclient.netty.channel.DefaultChannelPool - Closing Idle Channel [id: 0xf29378c1, L:/127.0.0.1:52724 ! R:localhost/127.0.0.1:52716]
15:36:14.195 [AsyncHttpClient-1-1] DEBUG org.asynchttpclient.netty.channel.DefaultChannelPool - Adding Candidate expired Channel [id: 0x87e22b7a, L:/127.0.0.1:52714 ! R:localhost/127.0.0.1:48226] isIdleTimeoutExpired=false isRemotelyClosed=true isTtlExpired=false
15:36:14.195 [AsyncHttpClient-1-1] DEBUG org.asynchttpclient.netty.channel.DefaultChannelPool - Closing Idle Channel [id: 0x87e22b7a, L:/127.0.0.1:52714 ! R:localhost/127.0.0.1:48226]
15:36:14.195 [AsyncHttpClient-1-1] DEBUG org.asynchttpclient.netty.channel.DefaultChannelPool - Closed 2 connections out of 2 in 0 ms
15:36:14.314 [AsyncHttpClient-1-10] DEBUG org.asynchttpclient.netty.channel.NettyConnectListener - Using new Channel '[id: 0xb2f4f79d, L:/127.0.0.1:52752 - R:localhost/127.0.0.1:39576]' for 'POST' to '/session'
15:36:15.381 [AsyncHttpClient-1-10] DEBUG org.asynchttpclient.netty.handler.HttpHandler - 

Request DefaultHttpRequest(decodeResult: success, version: HTTP/1.1)
POST /session HTTP/1.1
User-Agent: selenium/4.8.3 (java windows)
Content-Length: 439
Content-Type: application/json; charset=utf-8
host: localhost:39576
accept: */*

Response DefaultHttpResponse(decodeResult: success, version: HTTP/1.1)
HTTP/1.1 200 OK
Content-Length: 864
Content-Type: application/json; charset=utf-8
cache-control: no-cache

15:36:15.381 [AsyncHttpClient-1-10] DEBUG org.asynchttpclient.netty.channel.ChannelManager - Adding key: http://localhost:39576 for channel [id: 0xb2f4f79d, L:/127.0.0.1:52752 - R:localhost/127.0.0.1:39576]
15:36:15.387 [AsyncHttpClient-1-11] DEBUG org.asynchttpclient.netty.channel.NettyConnectListener - Using new Channel '[id: 0x10a61469, L:/127.0.0.1:52761 - R:localhost/127.0.0.1:52753]' for 'GET' to '/json/version'
15:36:15.388 [AsyncHttpClient-1-11] DEBUG org.asynchttpclient.netty.handler.HttpHandler - 

Request DefaultFullHttpRequest(decodeResult: success, version: HTTP/1.1, content: EmptyByteBufBE)
GET /json/version HTTP/1.1
User-Agent: selenium/4.8.3 (java windows)
host: localhost:52753
accept: */*

Response DefaultHttpResponse(decodeResult: success, version: HTTP/1.1)
HTTP/1.1 200 OK
Content-Security-Policy: frame-ancestors 'none'
Content-Length: 424
Content-Type: application/json; charset=UTF-8

15:36:15.388 [AsyncHttpClient-1-11] DEBUG org.asynchttpclient.netty.channel.ChannelManager - Adding key: http://localhost:52753 for channel [id: 0x10a61469, L:/127.0.0.1:52761 - R:localhost/127.0.0.1:52753]
15:36:15.391 [AsyncHttpClient-1-12] DEBUG org.asynchttpclient.netty.channel.NettyConnectListener - Using new Channel '[id: 0xb2bcd259, L:/127.0.0.1:52762 - R:localhost/127.0.0.1:52753]' for 'GET' to '/devtools/browser/9733e736-930d-43b7-b8ee-1f12b261ae19'
15:36:15.392 [AsyncHttpClient-1-12] DEBUG org.asynchttpclient.netty.handler.WebSocketHandler - 

Request DefaultFullHttpRequest(decodeResult: success, version: HTTP/1.1, content: EmptyByteBufBE)
GET /devtools/browser/9733e736-930d-43b7-b8ee-1f12b261ae19 HTTP/1.1
upgrade: websocket
connection: upgrade
sec-websocket-key: RpjltVh2VHxNGymIGEJQnA==
sec-websocket-version: 13
origin: http://localhost:52753
host: localhost:52753
accept: */*
user-agent: AHC/2.1

Response DefaultHttpResponse(decodeResult: success, version: HTTP/1.1)
HTTP/1.1 101 WebSocket Protocol Handshake
Upgrade: WebSocket
Connection: Upgrade
Sec-WebSocket-Accept: t7b4ZYeJ8mf2fe7MdwcWO0mcHfs=

15:36:15.396 [Forwarding setTimeout on session f63eaa7fa76a8b44917822034d166f4a to remote] DEBUG org.asynchttpclient.netty.request.NettyRequestSender - Using pooled Channel '[id: 0xb2f4f79d, L:/127.0.0.1:52752 - R:localhost/127.0.0.1:39576]' for 'POST' to 'http://localhost:39576/session/f63eaa7fa76a8b44917822034d166f4a/timeouts'
15:36:15.397 [Forwarding setTimeout on session f63eaa7fa76a8b44917822034d166f4a to remote] DEBUG org.asynchttpclient.netty.request.NettyRequestSender - Using open Channel [id: 0xb2f4f79d, L:/127.0.0.1:52752 - R:localhost/127.0.0.1:39576] for POST '/session/f63eaa7fa76a8b44917822034d166f4a/timeouts'
15:36:15.398 [AsyncHttpClient-1-10] DEBUG org.asynchttpclient.netty.handler.HttpHandler - 

Request DefaultHttpRequest(decodeResult: success, version: HTTP/1.1)
POST /session/f63eaa7fa76a8b44917822034d166f4a/timeouts HTTP/1.1
User-Agent: selenium/4.8.3 (java windows)
Content-Length: 22
Content-Type: application/json; charset=utf-8
host: localhost:39576
accept: */*

Response DefaultHttpResponse(decodeResult: success, version: HTTP/1.1)
HTTP/1.1 200 OK
Content-Length: 14
Content-Type: application/json; charset=utf-8
cache-control: no-cache

15:36:15.398 [AsyncHttpClient-1-10] DEBUG org.asynchttpclient.netty.channel.ChannelManager - Adding key: http://localhost:39576 for channel [id: 0xb2f4f79d, L:/127.0.0.1:52752 - R:localhost/127.0.0.1:39576]
15:36:15.399 [Forwarding maximizeCurrentWindow on session f63eaa7fa76a8b44917822034d166f4a to remote] DEBUG org.asynchttpclient.netty.request.NettyRequestSender - Using pooled Channel '[id: 0xb2f4f79d, L:/127.0.0.1:52752 - R:localhost/127.0.0.1:39576]' for 'POST' to 'http://localhost:39576/session/f63eaa7fa76a8b44917822034d166f4a/window/maximize'
15:36:15.399 [Forwarding maximizeCurrentWindow on session f63eaa7fa76a8b44917822034d166f4a to remote] DEBUG org.asynchttpclient.netty.request.NettyRequestSender - Using open Channel [id: 0xb2f4f79d, L:/127.0.0.1:52752 - R:localhost/127.0.0.1:39576] for POST '/session/f63eaa7fa76a8b44917822034d166f4a/window/maximize'
15:36:15.528 [AsyncHttpClient-1-10] DEBUG org.asynchttpclient.netty.handler.HttpHandler - 

Request DefaultHttpRequest(decodeResult: success, version: HTTP/1.1)
POST /session/f63eaa7fa76a8b44917822034d166f4a/window/maximize HTTP/1.1
User-Agent: selenium/4.8.3 (java windows)
Content-Length: 3
Content-Type: application/json; charset=utf-8
host: localhost:39576
accept: */*

Response DefaultHttpResponse(decodeResult: success, version: HTTP/1.1)
HTTP/1.1 200 OK
Content-Length: 51
Content-Type: application/json; charset=utf-8
cache-control: no-cache

15:36:15.528 [AsyncHttpClient-1-10] DEBUG org.asynchttpclient.netty.channel.ChannelManager - Adding key: http://localhost:39576 for channel [id: 0xb2f4f79d, L:/127.0.0.1:52752 - R:localhost/127.0.0.1:39576]
15:36:15.529 [Forwarding get on session f63eaa7fa76a8b44917822034d166f4a to remote] DEBUG org.asynchttpclient.netty.request.NettyRequestSender - Using pooled Channel '[id: 0xb2f4f79d, L:/127.0.0.1:52752 - R:localhost/127.0.0.1:39576]' for 'POST' to 'http://localhost:39576/session/f63eaa7fa76a8b44917822034d166f4a/url'
15:36:15.529 [Forwarding get on session f63eaa7fa76a8b44917822034d166f4a to remote] DEBUG org.asynchttpclient.netty.request.NettyRequestSender - Using open Channel [id: 0xb2f4f79d, L:/127.0.0.1:52752 - R:localhost/127.0.0.1:39576] for POST '/session/f63eaa7fa76a8b44917822034d166f4a/url'
15:36:16.396 [AsyncHttpClient-1-1] DEBUG org.asynchttpclient.netty.channel.DefaultChannelPool - Entry count for : http://localhost:52753 : 1
15:36:17.158 [AsyncHttpClient-1-10] DEBUG org.asynchttpclient.netty.handler.HttpHandler - 

Request DefaultHttpRequest(decodeResult: success, version: HTTP/1.1)
POST /session/f63eaa7fa76a8b44917822034d166f4a/url HTTP/1.1
User-Agent: selenium/4.8.3 (java windows)
Content-Length: 52
Content-Type: application/json; charset=utf-8
host: localhost:39576
accept: */*

Response DefaultHttpResponse(decodeResult: success, version: HTTP/1.1)
HTTP/1.1 200 OK
Content-Length: 14
Content-Type: application/json; charset=utf-8
cache-control: no-cache

15:36:17.158 [AsyncHttpClient-1-10] DEBUG org.asynchttpclient.netty.channel.ChannelManager - Adding key: http://localhost:39576 for channel [id: 0xb2f4f79d, L:/127.0.0.1:52752 - R:localhost/127.0.0.1:39576]
2023-06-21 15:36:17 INFO  BaseTest:110 - Test driver set up done successfully**********
2023-06-21 15:36:17 INFO  BaseTest:128 - Logging in to portal
15:36:17.161 [Forwarding findElement on session f63eaa7fa76a8b44917822034d166f4a to remote] DEBUG org.asynchttpclient.netty.request.NettyRequestSender - Using pooled Channel '[id: 0xb2f4f79d, L:/127.0.0.1:52752 - R:localhost/127.0.0.1:39576]' for 'POST' to 'http://localhost:39576/session/f63eaa7fa76a8b44917822034d166f4a/element'
15:36:17.161 [Forwarding findElement on session f63eaa7fa76a8b44917822034d166f4a to remote] DEBUG org.asynchttpclient.netty.request.NettyRequestSender - Using open Channel [id: 0xb2f4f79d, L:/127.0.0.1:52752 - R:localhost/127.0.0.1:39576] for POST '/session/f63eaa7fa76a8b44917822034d166f4a/element'
15:36:17.176 [AsyncHttpClient-1-10] DEBUG org.asynchttpclient.netty.handler.HttpHandler - 

Request DefaultHttpRequest(decodeResult: success, version: HTTP/1.1)
POST /session/f63eaa7fa76a8b44917822034d166f4a/element HTTP/1.1
User-Agent: selenium/4.8.3 (java windows)
Content-Length: 59
Content-Type: application/json; charset=utf-8
host: localhost:39576
accept: */*

Response DefaultHttpResponse(decodeResult: success, version: HTTP/1.1)
HTTP/1.1 200 OK
Content-Length: 95
Content-Type: application/json; charset=utf-8
cache-control: no-cache

15:36:17.176 [AsyncHttpClient-1-10] DEBUG org.asynchttpclient.netty.channel.ChannelManager - Adding key: http://localhost:39576 for channel [id: 0xb2f4f79d, L:/127.0.0.1:52752 - R:localhost/127.0.0.1:39576]
15:36:17.177 [Forwarding clearElement on session f63eaa7fa76a8b44917822034d166f4a to remote] DEBUG org.asynchttpclient.netty.request.NettyRequestSender - Using pooled Channel '[id: 0xb2f4f79d, L:/127.0.0.1:52752 - R:localhost/127.0.0.1:39576]' for 'POST' to 'http://localhost:39576/session/f63eaa7fa76a8b44917822034d166f4a/element/0C81FB16FA34E5BCC9566A08A4428549_element_30/clear'
15:36:17.177 [Forwarding clearElement on session f63eaa7fa76a8b44917822034d166f4a to remote] DEBUG org.asynchttpclient.netty.request.NettyRequestSender - Using open Channel [id: 0xb2f4f79d, L:/127.0.0.1:52752 - R:localhost/127.0.0.1:39576] for POST '/session/f63eaa7fa76a8b44917822034d166f4a/element/0C81FB16FA34E5BCC9566A08A4428549_element_30/clear'
15:36:17.225 [AsyncHttpClient-1-10] DEBUG org.asynchttpclient.netty.handler.HttpHandler - 

Request DefaultHttpRequest(decodeResult: success, version: HTTP/1.1)
POST /session/f63eaa7fa76a8b44917822034d166f4a/element/0C81FB16FA34E5BCC9566A08A4428549_element_30/clear HTTP/1.1
User-Agent: selenium/4.8.3 (java windows)
Content-Length: 57
Content-Type: application/json; charset=utf-8
host: localhost:39576
accept: */*

Response DefaultHttpResponse(decodeResult: success, version: HTTP/1.1)
HTTP/1.1 200 OK
Content-Length: 14
Content-Type: application/json; charset=utf-8
cache-control: no-cache

15:36:17.225 [AsyncHttpClient-1-10] DEBUG org.asynchttpclient.netty.channel.ChannelManager - Adding key: http://localhost:39576 for channel [id: 0xb2f4f79d, L:/127.0.0.1:52752 - R:localhost/127.0.0.1:39576]
15:36:17.226 [Forwarding findElement on session f63eaa7fa76a8b44917822034d166f4a to remote] DEBUG org.asynchttpclient.netty.request.NettyRequestSender - Using pooled Channel '[id: 0xb2f4f79d, L:/127.0.0.1:52752 - R:localhost/127.0.0.1:39576]' for 'POST' to 'http://localhost:39576/session/f63eaa7fa76a8b44917822034d166f4a/element'
15:36:17.226 [Forwarding findElement on session f63eaa7fa76a8b44917822034d166f4a to remote] DEBUG org.asynchttpclient.netty.request.NettyRequestSender - Using open Channel [id: 0xb2f4f79d, L:/127.0.0.1:52752 - R:localhost/127.0.0.1:39576] for POST '/session/f63eaa7fa76a8b44917822034d166f4a/element'
15:36:17.236 [AsyncHttpClient-1-10] DEBUG org.asynchttpclient.netty.handler.HttpHandler - 

Request DefaultHttpRequest(decodeResult: success, version: HTTP/1.1)
POST /session/f63eaa7fa76a8b44917822034d166f4a/element HTTP/1.1
User-Agent: selenium/4.8.3 (java windows)
Content-Length: 59
Content-Type: application/json; charset=utf-8
host: localhost:39576
accept: */*

Response DefaultHttpResponse(decodeResult: success, version: HTTP/1.1)
HTTP/1.1 200 OK
Content-Length: 95
Content-Type: application/json; charset=utf-8
cache-control: no-cache

15:36:17.236 [AsyncHttpClient-1-10] DEBUG org.asynchttpclient.netty.channel.ChannelManager - Adding key: http://localhost:39576 for channel [id: 0xb2f4f79d, L:/127.0.0.1:52752 - R:localhost/127.0.0.1:39576]
15:36:17.237 [Forwarding sendKeysToElement on session f63eaa7fa76a8b44917822034d166f4a to remote] DEBUG org.asynchttpclient.netty.request.NettyRequestSender - Using pooled Channel '[id: 0xb2f4f79d, L:/127.0.0.1:52752 - R:localhost/127.0.0.1:39576]' for 'POST' to 'http://localhost:39576/session/f63eaa7fa76a8b44917822034d166f4a/element/0C81FB16FA34E5BCC9566A08A4428549_element_30/value'
15:36:17.237 [Forwarding sendKeysToElement on session f63eaa7fa76a8b44917822034d166f4a to remote] DEBUG org.asynchttpclient.netty.request.NettyRequestSender - Using open Channel [id: 0xb2f4f79d, L:/127.0.0.1:52752 - R:localhost/127.0.0.1:39576] for POST '/session/f63eaa7fa76a8b44917822034d166f4a/element/0C81FB16FA34E5BCC9566A08A4428549_element_30/value'
15:36:17.343 [AsyncHttpClient-1-10] DEBUG org.asynchttpclient.netty.handler.HttpHandler - 

Request DefaultHttpRequest(decodeResult: success, version: HTTP/1.1)
POST /session/f63eaa7fa76a8b44917822034d166f4a/element/0C81FB16FA34E5BCC9566A08A4428549_element_30/value HTTP/1.1
User-Agent: selenium/4.8.3 (java windows)
Content-Length: 188
Content-Type: application/json; charset=utf-8
host: localhost:39576
accept: */*

Response DefaultHttpResponse(decodeResult: success, version: HTTP/1.1)
HTTP/1.1 200 OK
Content-Length: 14
Content-Type: application/json; charset=utf-8
cache-control: no-cache

15:36:17.344 [AsyncHttpClient-1-10] DEBUG org.asynchttpclient.netty.channel.ChannelManager - Adding key: http://localhost:39576 for channel [id: 0xb2f4f79d, L:/127.0.0.1:52752 - R:localhost/127.0.0.1:39576]
15:36:17.345 [Forwarding findElement on session f63eaa7fa76a8b44917822034d166f4a to remote] DEBUG org.asynchttpclient.netty.request.NettyRequestSender - Using pooled Channel '[id: 0xb2f4f79d, L:/127.0.0.1:52752 - R:localhost/127.0.0.1:39576]' for 'POST' to 'http://localhost:39576/session/f63eaa7fa76a8b44917822034d166f4a/element'
15:36:17.345 [Forwarding findElement on session f63eaa7fa76a8b44917822034d166f4a to remote] DEBUG org.asynchttpclient.netty.request.NettyRequestSender - Using open Channel [id: 0xb2f4f79d, L:/127.0.0.1:52752 - R:localhost/127.0.0.1:39576] for POST '/session/f63eaa7fa76a8b44917822034d166f4a/element'
15:36:17.357 [AsyncHttpClient-1-10] DEBUG org.asynchttpclient.netty.handler.HttpHandler - 

Request DefaultHttpRequest(decodeResult: success, version: HTTP/1.1)
POST /session/f63eaa7fa76a8b44917822034d166f4a/element HTTP/1.1
User-Agent: selenium/4.8.3 (java windows)
Content-Length: 62
Content-Type: application/json; charset=utf-8
host: localhost:39576
accept: */*

Response DefaultHttpResponse(decodeResult: success, version: HTTP/1.1)
HTTP/1.1 200 OK
Content-Length: 95
Content-Type: application/json; charset=utf-8
cache-control: no-cache

15:36:17.357 [AsyncHttpClient-1-10] DEBUG org.asynchttpclient.netty.channel.ChannelManager - Adding key: http://localhost:39576 for channel [id: 0xb2f4f79d, L:/127.0.0.1:52752 - R:localhost/127.0.0.1:39576]
15:36:17.358 [Forwarding clearElement on session f63eaa7fa76a8b44917822034d166f4a to remote] DEBUG org.asynchttpclient.netty.request.NettyRequestSender - Using pooled Channel '[id: 0xb2f4f79d, L:/127.0.0.1:52752 - R:localhost/127.0.0.1:39576]' for 'POST' to 'http://localhost:39576/session/f63eaa7fa76a8b44917822034d166f4a/element/0C81FB16FA34E5BCC9566A08A4428549_element_32/clear'
15:36:17.358 [Forwarding clearElement on session f63eaa7fa76a8b44917822034d166f4a to remote] DEBUG org.asynchttpclient.netty.request.NettyRequestSender - Using open Channel [id: 0xb2f4f79d, L:/127.0.0.1:52752 - R:localhost/127.0.0.1:39576] for POST '/session/f63eaa7fa76a8b44917822034d166f4a/element/0C81FB16FA34E5BCC9566A08A4428549_element_32/clear'
15:36:17.414 [AsyncHttpClient-1-10] DEBUG org.asynchttpclient.netty.handler.HttpHandler - 

Request DefaultHttpRequest(decodeResult: success, version: HTTP/1.1)
POST /session/f63eaa7fa76a8b44917822034d166f4a/element/0C81FB16FA34E5BCC9566A08A4428549_element_32/clear HTTP/1.1
User-Agent: selenium/4.8.3 (java windows)
Content-Length: 57
Content-Type: application/json; charset=utf-8
host: localhost:39576
accept: */*

Response DefaultHttpResponse(decodeResult: success, version: HTTP/1.1)
HTTP/1.1 200 OK
Content-Length: 14
Content-Type: application/json; charset=utf-8
cache-control: no-cache

15:36:17.414 [AsyncHttpClient-1-10] DEBUG org.asynchttpclient.netty.channel.ChannelManager - Adding key: http://localhost:39576 for channel [id: 0xb2f4f79d, L:/127.0.0.1:52752 - R:localhost/127.0.0.1:39576]
15:36:17.415 [Forwarding findElement on session f63eaa7fa76a8b44917822034d166f4a to remote] DEBUG org.asynchttpclient.netty.request.NettyRequestSender - Using pooled Channel '[id: 0xb2f4f79d, L:/127.0.0.1:52752 - R:localhost/127.0.0.1:39576]' for 'POST' to 'http://localhost:39576/session/f63eaa7fa76a8b44917822034d166f4a/element'
15:36:17.415 [Forwarding findElement on session f63eaa7fa76a8b44917822034d166f4a to remote] DEBUG org.asynchttpclient.netty.request.NettyRequestSender - Using open Channel [id: 0xb2f4f79d, L:/127.0.0.1:52752 - R:localhost/127.0.0.1:39576] for POST '/session/f63eaa7fa76a8b44917822034d166f4a/element'
15:36:17.424 [AsyncHttpClient-1-10] DEBUG org.asynchttpclient.netty.handler.HttpHandler - 

Request DefaultHttpRequest(decodeResult: success, version: HTTP/1.1)
POST /session/f63eaa7fa76a8b44917822034d166f4a/element HTTP/1.1
User-Agent: selenium/4.8.3 (java windows)
Content-Length: 62
Content-Type: application/json; charset=utf-8
host: localhost:39576
accept: */*

Response DefaultHttpResponse(decodeResult: success, version: HTTP/1.1)
HTTP/1.1 200 OK
Content-Length: 95
Content-Type: application/json; charset=utf-8
cache-control: no-cache

15:36:17.424 [AsyncHttpClient-1-10] DEBUG org.asynchttpclient.netty.channel.ChannelManager - Adding key: http://localhost:39576 for channel [id: 0xb2f4f79d, L:/127.0.0.1:52752 - R:localhost/127.0.0.1:39576]
15:36:17.426 [Forwarding sendKeysToElement on session f63eaa7fa76a8b44917822034d166f4a to remote] DEBUG org.asynchttpclient.netty.request.NettyRequestSender - Using pooled Channel '[id: 0xb2f4f79d, L:/127.0.0.1:52752 - R:localhost/127.0.0.1:39576]' for 'POST' to 'http://localhost:39576/session/f63eaa7fa76a8b44917822034d166f4a/element/0C81FB16FA34E5BCC9566A08A4428549_element_32/value'
15:36:17.426 [Forwarding sendKeysToElement on session f63eaa7fa76a8b44917822034d166f4a to remote] DEBUG org.asynchttpclient.netty.request.NettyRequestSender - Using open Channel [id: 0xb2f4f79d, L:/127.0.0.1:52752 - R:localhost/127.0.0.1:39576] for POST '/session/f63eaa7fa76a8b44917822034d166f4a/element/0C81FB16FA34E5BCC9566A08A4428549_element_32/value'
15:36:17.496 [AsyncHttpClient-1-1] DEBUG org.asynchttpclient.netty.channel.DefaultChannelPool - Entry count for : http://localhost:52753 : 1
15:36:17.506 [AsyncHttpClient-1-10] DEBUG org.asynchttpclient.netty.handler.HttpHandler - 

Request DefaultHttpRequest(decodeResult: success, version: HTTP/1.1)
POST /session/f63eaa7fa76a8b44917822034d166f4a/element/0C81FB16FA34E5BCC9566A08A4428549_element_32/value HTTP/1.1
User-Agent: selenium/4.8.3 (java windows)
Content-Length: 148
Content-Type: application/json; charset=utf-8
host: localhost:39576
accept: */*

Response DefaultHttpResponse(decodeResult: success, version: HTTP/1.1)
HTTP/1.1 200 OK
Content-Length: 14
Content-Type: application/json; charset=utf-8
cache-control: no-cache

15:36:17.506 [AsyncHttpClient-1-10] DEBUG org.asynchttpclient.netty.channel.ChannelManager - Adding key: http://localhost:39576 for channel [id: 0xb2f4f79d, L:/127.0.0.1:52752 - R:localhost/127.0.0.1:39576]
15:36:17.507 [Forwarding findElement on session f63eaa7fa76a8b44917822034d166f4a to remote] DEBUG org.asynchttpclient.netty.request.NettyRequestSender - Using pooled Channel '[id: 0xb2f4f79d, L:/127.0.0.1:52752 - R:localhost/127.0.0.1:39576]' for 'POST' to 'http://localhost:39576/session/f63eaa7fa76a8b44917822034d166f4a/element'
15:36:17.507 [Forwarding findElement on session f63eaa7fa76a8b44917822034d166f4a to remote] DEBUG org.asynchttpclient.netty.request.NettyRequestSender - Using open Channel [id: 0xb2f4f79d, L:/127.0.0.1:52752 - R:localhost/127.0.0.1:39576] for POST '/session/f63eaa7fa76a8b44917822034d166f4a/element'
15:36:17.523 [AsyncHttpClient-1-10] DEBUG org.asynchttpclient.netty.handler.HttpHandler - 

Request DefaultHttpRequest(decodeResult: success, version: HTTP/1.1)
POST /session/f63eaa7fa76a8b44917822034d166f4a/element HTTP/1.1
User-Agent: selenium/4.8.3 (java windows)
Content-Length: 71
Content-Type: application/json; charset=utf-8
host: localhost:39576
accept: */*

Response DefaultHttpResponse(decodeResult: success, version: HTTP/1.1)
HTTP/1.1 200 OK
Content-Length: 95
Content-Type: application/json; charset=utf-8
cache-control: no-cache

15:36:17.523 [AsyncHttpClient-1-10] DEBUG org.asynchttpclient.netty.channel.ChannelManager - Adding key: http://localhost:39576 for channel [id: 0xb2f4f79d, L:/127.0.0.1:52752 - R:localhost/127.0.0.1:39576]
15:36:17.524 [Forwarding clickElement on session f63eaa7fa76a8b44917822034d166f4a to remote] DEBUG org.asynchttpclient.netty.request.NettyRequestSender - Using pooled Channel '[id: 0xb2f4f79d, L:/127.0.0.1:52752 - R:localhost/127.0.0.1:39576]' for 'POST' to 'http://localhost:39576/session/f63eaa7fa76a8b44917822034d166f4a/element/0C81FB16FA34E5BCC9566A08A4428549_element_33/click'
15:36:17.524 [Forwarding clickElement on session f63eaa7fa76a8b44917822034d166f4a to remote] DEBUG org.asynchttpclient.netty.request.NettyRequestSender - Using open Channel [id: 0xb2f4f79d, L:/127.0.0.1:52752 - R:localhost/127.0.0.1:39576] for POST '/session/f63eaa7fa76a8b44917822034d166f4a/element/0C81FB16FA34E5BCC9566A08A4428549_element_33/click'
15:36:17.584 [AsyncHttpClient-1-10] DEBUG org.asynchttpclient.netty.handler.HttpHandler - 

Request DefaultHttpRequest(decodeResult: success, version: HTTP/1.1)
POST /session/f63eaa7fa76a8b44917822034d166f4a/element/0C81FB16FA34E5BCC9566A08A4428549_element_33/click HTTP/1.1
User-Agent: selenium/4.8.3 (java windows)
Content-Length: 57
Content-Type: application/json; charset=utf-8
host: localhost:39576
accept: */*

Response DefaultHttpResponse(decodeResult: success, version: HTTP/1.1)
HTTP/1.1 200 OK
Content-Length: 14
Content-Type: application/json; charset=utf-8
cache-control: no-cache

15:36:17.584 [AsyncHttpClient-1-10] DEBUG org.asynchttpclient.netty.channel.ChannelManager - Adding key: http://localhost:39576 for channel [id: 0xb2f4f79d, L:/127.0.0.1:52752 - R:localhost/127.0.0.1:39576]
2023-06-21 15:36:17 INFO  BaseTest:132 - Logged in
15:36:17.586 [rp-io-60] DEBUG com.epam.reportportal.service.Launch - Starting test item...rp-io-60
2023-06-21 15:36:17 INFO  Listeners:34 - Started Test null
15:36:17.588 [Forwarding findElement on session f63eaa7fa76a8b44917822034d166f4a to remote] DEBUG org.asynchttpclient.netty.request.NettyRequestSender - Using pooled Channel '[id: 0xb2f4f79d, L:/127.0.0.1:52752 - R:localhost/127.0.0.1:39576]' for 'POST' to 'http://localhost:39576/session/f63eaa7fa76a8b44917822034d166f4a/element'
15:36:17.588 [Forwarding findElement on session f63eaa7fa76a8b44917822034d166f4a to remote] DEBUG org.asynchttpclient.netty.request.NettyRequestSender - Using open Channel [id: 0xb2f4f79d, L:/127.0.0.1:52752 - R:localhost/127.0.0.1:39576] for POST '/session/f63eaa7fa76a8b44917822034d166f4a/element'
15:36:17.604 [rp-io-59] DEBUG com.epam.reportportal.service.Launch - TestItem with ID = '921988b4-8168-4e29-ad8d-d8cb74af69bf' successfully finished.
15:36:17.604 [rp-io-59] DEBUG com.epam.reportportal.utils.SubscriptionUtils - Finish test item completed
15:36:17.609 [rp-io-65] DEBUG com.epam.reportportal.service.Launch - ReportPortal item with ID 'f025c86a-6792-429c-9df4-eba13c19cbbd' has been created
15:36:17.609 [rp-io-65] DEBUG com.epam.reportportal.utils.SubscriptionUtils - Start test item successfully completed
15:36:18.026 [AsyncHttpClient-1-10] DEBUG org.asynchttpclient.netty.handler.HttpHandler - 

Request DefaultHttpRequest(decodeResult: success, version: HTTP/1.1)
POST /session/f63eaa7fa76a8b44917822034d166f4a/element HTTP/1.1
User-Agent: selenium/4.8.3 (java windows)
Content-Length: 168
Content-Type: application/json; charset=utf-8
host: localhost:39576
accept: */*

Response DefaultHttpResponse(decodeResult: success, version: HTTP/1.1)
HTTP/1.1 200 OK
Content-Length: 95
Content-Type: application/json; charset=utf-8
cache-control: no-cache

15:36:18.027 [AsyncHttpClient-1-10] DEBUG org.asynchttpclient.netty.channel.ChannelManager - Adding key: http://localhost:39576 for channel [id: 0xb2f4f79d, L:/127.0.0.1:52752 - R:localhost/127.0.0.1:39576]
15:36:18.028 [Forwarding clickElement on session f63eaa7fa76a8b44917822034d166f4a to remote] DEBUG org.asynchttpclient.netty.request.NettyRequestSender - Using pooled Channel '[id: 0xb2f4f79d, L:/127.0.0.1:52752 - R:localhost/127.0.0.1:39576]' for 'POST' to 'http://localhost:39576/session/f63eaa7fa76a8b44917822034d166f4a/element/0C81FB16FA34E5BCC9566A08A4428549_element_49/click'
15:36:18.028 [Forwarding clickElement on session f63eaa7fa76a8b44917822034d166f4a to remote] DEBUG org.asynchttpclient.netty.request.NettyRequestSender - Using open Channel [id: 0xb2f4f79d, L:/127.0.0.1:52752 - R:localhost/127.0.0.1:39576] for POST '/session/f63eaa7fa76a8b44917822034d166f4a/element/0C81FB16FA34E5BCC9566A08A4428549_element_49/click'
15:36:18.190 [AsyncHttpClient-1-10] DEBUG org.asynchttpclient.netty.handler.HttpHandler - 

Request DefaultHttpRequest(decodeResult: success, version: HTTP/1.1)
POST /session/f63eaa7fa76a8b44917822034d166f4a/element/0C81FB16FA34E5BCC9566A08A4428549_element_49/click HTTP/1.1
User-Agent: selenium/4.8.3 (java windows)
Content-Length: 57
Content-Type: application/json; charset=utf-8
host: localhost:39576
accept: */*

Response DefaultHttpResponse(decodeResult: success, version: HTTP/1.1)
HTTP/1.1 200 OK
Content-Length: 14
Content-Type: application/json; charset=utf-8
cache-control: no-cache

15:36:18.191 [AsyncHttpClient-1-10] DEBUG org.asynchttpclient.netty.channel.ChannelManager - Adding key: http://localhost:39576 for channel [id: 0xb2f4f79d, L:/127.0.0.1:52752 - R:localhost/127.0.0.1:39576]
15:36:18.193 [Forwarding findElement on session f63eaa7fa76a8b44917822034d166f4a to remote] DEBUG org.asynchttpclient.netty.request.NettyRequestSender - Using pooled Channel '[id: 0xb2f4f79d, L:/127.0.0.1:52752 - R:localhost/127.0.0.1:39576]' for 'POST' to 'http://localhost:39576/session/f63eaa7fa76a8b44917822034d166f4a/element'
15:36:18.193 [Forwarding findElement on session f63eaa7fa76a8b44917822034d166f4a to remote] DEBUG org.asynchttpclient.netty.request.NettyRequestSender - Using open Channel [id: 0xb2f4f79d, L:/127.0.0.1:52752 - R:localhost/127.0.0.1:39576] for POST '/session/f63eaa7fa76a8b44917822034d166f4a/element'
15:36:18.596 [AsyncHttpClient-1-1] DEBUG org.asynchttpclient.netty.channel.DefaultChannelPool - Entry count for : http://localhost:52753 : 1
15:36:19.697 [AsyncHttpClient-1-1] DEBUG org.asynchttpclient.netty.channel.DefaultChannelPool - Entry count for : http://localhost:52753 : 1
15:36:20.795 [AsyncHttpClient-1-1] DEBUG org.asynchttpclient.netty.channel.DefaultChannelPool - Entry count for : http://localhost:52753 : 1
15:36:21.897 [AsyncHttpClient-1-1] DEBUG org.asynchttpclient.netty.channel.DefaultChannelPool - Entry count for : http://localhost:52753 : 1
15:36:22.577 [AsyncHttpClient-1-10] DEBUG org.asynchttpclient.netty.handler.HttpHandler - 

Request DefaultHttpRequest(decodeResult: success, version: HTTP/1.1)
POST /session/f63eaa7fa76a8b44917822034d166f4a/element HTTP/1.1
User-Agent: selenium/4.8.3 (java windows)
Content-Length: 73
Content-Type: application/json; charset=utf-8
host: localhost:39576
accept: */*

Response DefaultHttpResponse(decodeResult: success, version: HTTP/1.1)
HTTP/1.1 404 Not Found
Content-Length: 963
Content-Type: application/json; charset=utf-8
cache-control: no-cache

15:36:22.578 [AsyncHttpClient-1-10] DEBUG org.asynchttpclient.netty.channel.ChannelManager - Adding key: http://localhost:39576 for channel [id: 0xb2f4f79d, L:/127.0.0.1:52752 - R:localhost/127.0.0.1:39576]
2023-06-21 15:36:22 INFO  Listeners:42 - Failed Test null
]]></system-out>
    <system-err><![CDATA[Starting ChromeDriver 114.0.5735.90 (386bc09e8f4f2e025eddae123f36f6263096ae49-refs/branch-heads/5735@{#1052}) on port 39576
Only local connections are allowed.
Please see https://chromedriver.chromium.org/security-considerations for suggestions on keeping ChromeDriver safe.
ChromeDriver was started successfully.
Jun 21, 2023 3:36:15 PM org.openqa.selenium.devtools.CdpVersionFinder findNearestMatch
WARNING: Unable to find an exact match for CDP version 114, so returning the closest version found: 111
]]></system-err>
  </testcase>
  <testcase name="searchDashboardNameDP[MOST FAILED TEST CASES](10)" classname="alltests.uitest.coreTest.DashboardPageTest" time="5.412">
    <failure message="no such element: Unable to locate element: {&quot;method&quot;:&quot;xpath&quot;,&quot;selector&quot;:&quot;//*[text()=&apos;MOST FAILED TEST CASES&apos;]&quot;}&#10;  (Session info: chrome=114.0.5735.134)&#10;For documentation on this error, please visit: https://selenium.dev/exceptions/#no_such_element&#10;Build info: version: &apos;4.8.3&apos;, revision: &apos;e5e76298c3&apos;&#10;System info: os.name: &apos;Windows 10&apos;, os.arch: &apos;amd64&apos;, os.version: &apos;10.0&apos;, java.version: &apos;17.0.3.1&apos;&#10;Driver info: org.openqa.selenium.chrome.ChromeDriver&#10;Command: [e248fa262aa932a37088c8c5cc579882, findElement {using=xpath, value=//*[text()=&apos;MOST FAILED TEST CASES&apos;]}]&#10;Capabilities {acceptInsecureCerts: false, browserName: chrome, browserVersion: 114.0.5735.134, chrome: {chromedriverVersion: 114.0.5735.90 (386bc09e8f4f..., userDataDir: C:\Users\SUWARN~1\AppData\L...}, goog:chromeOptions: {debuggerAddress: localhost:52792}, networkConnectionEnabled: false, pageLoadStrategy: normal, platformName: WINDOWS, proxy: Proxy(), se:cdp: ws://localhost:52792/devtoo..., se:cdpVersion: 114.0.5735.134, setWindowRect: true, strictFileInteractability: false, timeouts: {implicit: 0, pageLoad: 300000, script: 30000}, unhandledPromptBehavior: dismiss and notify, webauthn:extension:credBlob: true, webauthn:extension:largeBlob: true, webauthn:extension:minPinLength: true, webauthn:extension:prf: true, webauthn:virtualAuthenticators: true}&#10;Session ID: e248fa262aa932a37088c8c5cc579882" type="org.openqa.selenium.NoSuchElementException"><![CDATA[org.openqa.selenium.NoSuchElementException: 
no such element: Unable to locate element: {"method":"xpath","selector":"//*[text()='MOST FAILED TEST CASES']"}
  (Session info: chrome=114.0.5735.134)
For documentation on this error, please visit: https://selenium.dev/exceptions/#no_such_element
Build info: version: '4.8.3', revision: 'e5e76298c3'
System info: os.name: 'Windows 10', os.arch: 'amd64', os.version: '10.0', java.version: '17.0.3.1'
Driver info: org.openqa.selenium.chrome.ChromeDriver
Command: [e248fa262aa932a37088c8c5cc579882, findElement {using=xpath, value=//*[text()='MOST FAILED TEST CASES']}]
Capabilities {acceptInsecureCerts: false, browserName: chrome, browserVersion: 114.0.5735.134, chrome: {chromedriverVersion: 114.0.5735.90 (386bc09e8f4f..., userDataDir: C:\Users\SUWARN~1\AppData\L...}, goog:chromeOptions: {debuggerAddress: localhost:52792}, networkConnectionEnabled: false, pageLoadStrategy: normal, platformName: WINDOWS, proxy: Proxy(), se:cdp: ws://localhost:52792/devtoo..., se:cdpVersion: 114.0.5735.134, setWindowRect: true, strictFileInteractability: false, timeouts: {implicit: 0, pageLoad: 300000, script: 30000}, unhandledPromptBehavior: dismiss and notify, webauthn:extension:credBlob: true, webauthn:extension:largeBlob: true, webauthn:extension:minPinLength: true, webauthn:extension:prf: true, webauthn:virtualAuthenticators: true}
Session ID: e248fa262aa932a37088c8c5cc579882
	at java.base/jdk.internal.reflect.NativeConstructorAccessorImpl.newInstance0(Native Method)
	at java.base/jdk.internal.reflect.NativeConstructorAccessorImpl.newInstance(NativeConstructorAccessorImpl.java:77)
	at java.base/jdk.internal.reflect.DelegatingConstructorAccessorImpl.newInstance(DelegatingConstructorAccessorImpl.java:45)
	at java.base/java.lang.reflect.Constructor.newInstanceWithCaller(Constructor.java:499)
	at java.base/java.lang.reflect.Constructor.newInstance(Constructor.java:480)
	at org.openqa.selenium.remote.codec.w3c.W3CHttpResponseCodec.createException(W3CHttpResponseCodec.java:200)
	at org.openqa.selenium.remote.codec.w3c.W3CHttpResponseCodec.decode(W3CHttpResponseCodec.java:133)
	at org.openqa.selenium.remote.codec.w3c.W3CHttpResponseCodec.decode(W3CHttpResponseCodec.java:53)
	at org.openqa.selenium.remote.HttpCommandExecutor.execute(HttpCommandExecutor.java:193)
	at org.openqa.selenium.remote.service.DriverCommandExecutor.invokeExecute(DriverCommandExecutor.java:183)
	at org.openqa.selenium.remote.service.DriverCommandExecutor.execute(DriverCommandExecutor.java:158)
	at org.openqa.selenium.remote.RemoteWebDriver.execute(RemoteWebDriver.java:543)
	at org.openqa.selenium.remote.ElementLocation$ElementFinder$2.findElement(ElementLocation.java:162)
	at org.openqa.selenium.remote.ElementLocation.findElement(ElementLocation.java:60)
	at org.openqa.selenium.remote.RemoteWebDriver.findElement(RemoteWebDriver.java:352)
	at org.openqa.selenium.remote.RemoteWebDriver.findElement(RemoteWebDriver.java:344)
	at pageobject.DemoDashboard.verifyNamesOfWidgetPresetOnDemoDashboard(DemoDashboard.java:31)
	at alltests.uitest.coreTest.DashboardPageTest.searchDashboardNameDP(DashboardPageTest.java:38)
	at java.base/jdk.internal.reflect.NativeMethodAccessorImpl.invoke0(Native Method)
	at java.base/jdk.internal.reflect.NativeMethodAccessorImpl.invoke(NativeMethodAccessorImpl.java:77)
	at java.base/jdk.internal.reflect.DelegatingMethodAccessorImpl.invoke(DelegatingMethodAccessorImpl.java:43)
	at java.base/java.lang.reflect.Method.invoke(Method.java:568)
	at org.testng.internal.invokers.MethodInvocationHelper.invokeMethod(MethodInvocationHelper.java:139)
	at org.testng.internal.invokers.TestInvoker.invokeMethod(TestInvoker.java:677)
	at org.testng.internal.invokers.TestInvoker.invokeTestMethod(TestInvoker.java:221)
	at org.testng.internal.invokers.MethodRunner.runInSequence(MethodRunner.java:50)
	at org.testng.internal.invokers.TestInvoker$MethodInvocationAgent.invoke(TestInvoker.java:969)
	at org.testng.internal.invokers.TestInvoker.invokeTestMethods(TestInvoker.java:194)
	at org.testng.internal.invokers.TestMethodWorker.invokeTestMethods(TestMethodWorker.java:148)
	at org.testng.internal.invokers.TestMethodWorker.run(TestMethodWorker.java:128)
	at java.base/java.util.ArrayList.forEach(ArrayList.java:1511)
	at org.testng.TestRunner.privateRun(TestRunner.java:829)
	at org.testng.TestRunner.run(TestRunner.java:602)
	at org.testng.SuiteRunner.runTest(SuiteRunner.java:437)
	at org.testng.SuiteRunner.runSequentially(SuiteRunner.java:431)
	at org.testng.SuiteRunner.privateRun(SuiteRunner.java:391)
	at org.testng.SuiteRunner.run(SuiteRunner.java:330)
	at org.testng.SuiteRunnerWorker.runSuite(SuiteRunnerWorker.java:52)
	at org.testng.SuiteRunnerWorker.run(SuiteRunnerWorker.java:95)
	at org.testng.TestNG.runSuitesSequentially(TestNG.java:1256)
	at org.testng.TestNG.runSuitesLocally(TestNG.java:1176)
	at org.testng.TestNG.runSuites(TestNG.java:1099)
	at org.testng.TestNG.run(TestNG.java:1067)
	at org.apache.maven.surefire.testng.TestNGExecutor.run(TestNGExecutor.java:308)
	at org.apache.maven.surefire.testng.TestNGXmlTestSuite.execute(TestNGXmlTestSuite.java:71)
	at org.apache.maven.surefire.testng.TestNGProvider.invoke(TestNGProvider.java:113)
	at org.apache.maven.surefire.booter.ForkedBooter.runSuitesInProcess(ForkedBooter.java:385)
	at org.apache.maven.surefire.booter.ForkedBooter.execute(ForkedBooter.java:162)
	at org.apache.maven.surefire.booter.ForkedBooter.run(ForkedBooter.java:507)
	at org.apache.maven.surefire.booter.ForkedBooter.main(ForkedBooter.java:495)
]]></failure>
    <system-out><![CDATA[15:36:22.599 [rp-io-66] DEBUG com.epam.reportportal.service.Launch - Starting test item...rp-io-66
15:36:22.613 [rp-io-67] DEBUG com.epam.reportportal.service.Launch - TestItem with ID = 'f025c86a-6792-429c-9df4-eba13c19cbbd' successfully finished.
15:36:22.613 [rp-io-67] DEBUG com.epam.reportportal.utils.SubscriptionUtils - Finish test item completed
15:36:22.615 [Forwarding screenshot on session f63eaa7fa76a8b44917822034d166f4a to remote] DEBUG org.asynchttpclient.netty.request.NettyRequestSender - Using pooled Channel '[id: 0xb2f4f79d, L:/127.0.0.1:52752 - R:localhost/127.0.0.1:39576]' for 'GET' to 'http://localhost:39576/session/f63eaa7fa76a8b44917822034d166f4a/screenshot'
15:36:22.615 [Forwarding screenshot on session f63eaa7fa76a8b44917822034d166f4a to remote] DEBUG org.asynchttpclient.netty.request.NettyRequestSender - Using open Channel [id: 0xb2f4f79d, L:/127.0.0.1:52752 - R:localhost/127.0.0.1:39576] for GET '/session/f63eaa7fa76a8b44917822034d166f4a/screenshot'
15:36:22.618 [rp-io-66] DEBUG com.epam.reportportal.service.Launch - ReportPortal item with ID 'ccb3e518-01f1-4c76-a1f4-99e2da3b132b' has been created
15:36:22.619 [rp-io-66] DEBUG com.epam.reportportal.utils.SubscriptionUtils - Start test item successfully completed
15:36:22.774 [AsyncHttpClient-1-10] DEBUG org.asynchttpclient.netty.handler.HttpHandler - 

Request DefaultFullHttpRequest(decodeResult: success, version: HTTP/1.1, content: EmptyByteBufBE)
GET /session/f63eaa7fa76a8b44917822034d166f4a/screenshot HTTP/1.1
User-Agent: selenium/4.8.3 (java windows)
Cache-Control: no-cache
Content-Type: application/json; charset=utf-8
host: localhost:39576
accept: */*

Response DefaultHttpResponse(decodeResult: success, version: HTTP/1.1)
HTTP/1.1 200 OK
Content-Length: 101040
Content-Type: application/json; charset=utf-8
cache-control: no-cache

15:36:22.775 [AsyncHttpClient-1-10] DEBUG org.asynchttpclient.netty.channel.ChannelManager - Adding key: http://localhost:39576 for channel [id: 0xb2f4f79d, L:/127.0.0.1:52752 - R:localhost/127.0.0.1:39576]
15:36:22.793 [AsyncHttpClient-1-12] DEBUG org.asynchttpclient.netty.handler.WebSocketHandler - Channel Closed: [id: 0xb2bcd259, L:/127.0.0.1:52762 ! R:localhost/127.0.0.1:52753] with attribute NettyResponseFuture{currentRetry=0,
	isDone=1,
	isCancelled=0,
	asyncHandler=org.asynchttpclient.ws.WebSocketUpgradeHandler@411b0d24,
	nettyRequest=org.asynchttpclient.netty.request.NettyRequest@698f92cd,
	future=java.util.concurrent.CompletableFuture@100ec47e[Completed normally],
	uri=ws://localhost:52753/devtools/browser/9733e736-930d-43b7-b8ee-1f12b261ae19,
	keepAlive=true,
	redirectCount=0,
	timeoutsHolder=null,
	inAuth=0,
	touch=1687354575392}
15:36:22.793 [AsyncHttpClient-1-12] DEBUG org.asynchttpclient.netty.channel.ChannelManager - Closing Channel [id: 0xb2bcd259, L:/127.0.0.1:52762 ! R:localhost/127.0.0.1:52753] 
15:36:22.794 [Driver Command Executor] DEBUG org.asynchttpclient.netty.request.NettyRequestSender - Using pooled Channel '[id: 0xb2f4f79d, L:/127.0.0.1:52752 - R:localhost/127.0.0.1:39576]' for 'DELETE' to 'http://localhost:39576/session/f63eaa7fa76a8b44917822034d166f4a'
15:36:22.794 [Driver Command Executor] DEBUG org.asynchttpclient.netty.request.NettyRequestSender - Using open Channel [id: 0xb2f4f79d, L:/127.0.0.1:52752 - R:localhost/127.0.0.1:39576] for DELETE '/session/f63eaa7fa76a8b44917822034d166f4a'
15:36:22.949 [AsyncHttpClient-1-11] DEBUG org.asynchttpclient.netty.handler.HttpHandler - Unexpected I/O exception on channel [id: 0x10a61469, L:/127.0.0.1:52761 - R:localhost/127.0.0.1:52753]
java.net.SocketException: Connection reset
	at java.base/sun.nio.ch.SocketChannelImpl.throwConnectionReset(SocketChannelImpl.java:394)
	at java.base/sun.nio.ch.SocketChannelImpl.read(SocketChannelImpl.java:426)
	at io.netty.buffer.PooledByteBuf.setBytes(PooledByteBuf.java:256)
	at io.netty.buffer.AbstractByteBuf.writeBytes(AbstractByteBuf.java:1132)
	at io.netty.channel.socket.nio.NioSocketChannel.doReadBytes(NioSocketChannel.java:357)
	at io.netty.channel.nio.AbstractNioByteChannel$NioByteUnsafe.read(AbstractNioByteChannel.java:151)
	at io.netty.channel.nio.NioEventLoop.processSelectedKey(NioEventLoop.java:788)
	at io.netty.channel.nio.NioEventLoop.processSelectedKeysOptimized(NioEventLoop.java:724)
	at io.netty.channel.nio.NioEventLoop.processSelectedKeys(NioEventLoop.java:650)
	at io.netty.channel.nio.NioEventLoop.run(NioEventLoop.java:562)
	at io.netty.util.concurrent.SingleThreadEventExecutor$4.run(SingleThreadEventExecutor.java:997)
	at io.netty.util.internal.ThreadExecutorMap$2.run(ThreadExecutorMap.java:74)
	at io.netty.util.concurrent.FastThreadLocalRunnable.run(FastThreadLocalRunnable.java:30)
	at java.base/java.lang.Thread.run(Thread.java:833)
15:36:22.949 [AsyncHttpClient-1-11] DEBUG org.asynchttpclient.netty.channel.ChannelManager - Closing Channel [id: 0x10a61469, L:/127.0.0.1:52761 - R:localhost/127.0.0.1:52753] 
15:36:22.949 [AsyncHttpClient-1-11] DEBUG org.asynchttpclient.netty.handler.HttpHandler - Channel Closed: [id: 0x10a61469, L:/127.0.0.1:52761 ! R:localhost/127.0.0.1:52753] with attribute DISCARD
15:36:22.967 [AsyncHttpClient-1-10] DEBUG org.asynchttpclient.netty.handler.HttpHandler - 

Request DefaultFullHttpRequest(decodeResult: success, version: HTTP/1.1, content: EmptyByteBufBE)
DELETE /session/f63eaa7fa76a8b44917822034d166f4a HTTP/1.1
User-Agent: selenium/4.8.3 (java windows)
Content-Type: application/json; charset=utf-8
host: localhost:39576
accept: */*

Response DefaultHttpResponse(decodeResult: success, version: HTTP/1.1)
HTTP/1.1 200 OK
Content-Length: 14
Content-Type: application/json; charset=utf-8
cache-control: no-cache

15:36:22.967 [AsyncHttpClient-1-10] DEBUG org.asynchttpclient.netty.channel.ChannelManager - Adding key: http://localhost:39576 for channel [id: 0xb2f4f79d, L:/127.0.0.1:52752 - R:localhost/127.0.0.1:39576]
15:36:22.996 [AsyncHttpClient-1-1] DEBUG org.asynchttpclient.netty.channel.DefaultChannelPool - Entry count for : http://localhost:39576 : 1
15:36:22.996 [AsyncHttpClient-1-1] DEBUG org.asynchttpclient.netty.channel.DefaultChannelPool - Entry count for : http://localhost:52753 : 1
15:36:22.996 [AsyncHttpClient-1-1] DEBUG org.asynchttpclient.netty.channel.DefaultChannelPool - Adding Candidate expired Channel [id: 0x10a61469, L:/127.0.0.1:52761 ! R:localhost/127.0.0.1:52753] isIdleTimeoutExpired=false isRemotelyClosed=true isTtlExpired=false
15:36:22.996 [AsyncHttpClient-1-1] DEBUG org.asynchttpclient.netty.channel.DefaultChannelPool - Closing Idle Channel [id: 0x10a61469, L:/127.0.0.1:52761 ! R:localhost/127.0.0.1:52753]
15:36:22.996 [AsyncHttpClient-1-1] DEBUG org.asynchttpclient.netty.channel.DefaultChannelPool - Closed 1 connections out of 2 in 0 ms
15:36:23.019 [AsyncHttpClient-1-10] DEBUG org.asynchttpclient.netty.handler.HttpHandler - Channel Closed: [id: 0xb2f4f79d, L:/127.0.0.1:52752 ! R:localhost/127.0.0.1:39576] with attribute DISCARD
2023-06-21 15:36:23 INFO  BaseTest:89 - Test executed**********
15:36:23.075 [rp-io-76] DEBUG com.epam.reportportal.service.Launch - Starting test item...rp-io-76
2023-06-21 15:36:23 INFO  BaseTest:116 - Property files loaded successfully**********
15:36:23.084 [main] DEBUG io.github.bonigarcia.wdm.cache.ResolutionCache - Resolution chrome=114 in cache (valid until 16:09:26 21/06/2023 CEST)
15:36:23.085 [main] DEBUG io.github.bonigarcia.wdm.cache.ResolutionCache - Resolution chrome114=114.0.5735.90 in cache (valid until 09:55:46 22/06/2023 CEST)
15:36:23.085 [main] INFO io.github.bonigarcia.wdm.WebDriverManager - Using chromedriver 114.0.5735.90 (resolved driver for Chrome 114)
15:36:23.087 [rp-io-69] DEBUG com.epam.reportportal.service.Launch - TestItem with ID = 'ccb3e518-01f1-4c76-a1f4-99e2da3b132b' successfully finished.
15:36:23.087 [rp-io-69] DEBUG com.epam.reportportal.utils.SubscriptionUtils - Finish test item completed
15:36:23.090 [rp-io-76] DEBUG com.epam.reportportal.service.Launch - ReportPortal item with ID '20754de5-09e7-4ccd-b5f3-d3fb4c81a32f' has been created
15:36:23.090 [rp-io-76] DEBUG com.epam.reportportal.utils.SubscriptionUtils - Start test item successfully completed
15:36:23.093 [main] DEBUG io.github.bonigarcia.wdm.WebDriverManager - Driver chromedriver 114.0.5735.90 found in cache
15:36:23.093 [main] INFO io.github.bonigarcia.wdm.WebDriverManager - Exporting webdriver.chrome.driver as C:\Users\Suwarna_Wagh\.cache\selenium\chromedriver\win32\114.0.5735.90\chromedriver.exe
15:36:23.191 [AsyncHttpClient-1-13] DEBUG org.asynchttpclient.netty.channel.NettyConnectListener - Using new Channel '[id: 0x6a817220, L:/127.0.0.1:52791 - R:localhost/127.0.0.1:49073]' for 'POST' to '/session'
15:36:23.979 [AsyncHttpClient-1-13] DEBUG org.asynchttpclient.netty.handler.HttpHandler - 

Request DefaultHttpRequest(decodeResult: success, version: HTTP/1.1)
POST /session HTTP/1.1
User-Agent: selenium/4.8.3 (java windows)
Content-Length: 439
Content-Type: application/json; charset=utf-8
host: localhost:49073
accept: */*

Response DefaultHttpResponse(decodeResult: success, version: HTTP/1.1)
HTTP/1.1 200 OK
Content-Length: 862
Content-Type: application/json; charset=utf-8
cache-control: no-cache

15:36:23.980 [AsyncHttpClient-1-13] DEBUG org.asynchttpclient.netty.channel.ChannelManager - Adding key: http://localhost:49073 for channel [id: 0x6a817220, L:/127.0.0.1:52791 - R:localhost/127.0.0.1:49073]
15:36:23.984 [AsyncHttpClient-1-14] DEBUG org.asynchttpclient.netty.channel.NettyConnectListener - Using new Channel '[id: 0xb83588c5, L:/127.0.0.1:52798 - R:localhost/127.0.0.1:52792]' for 'GET' to '/json/version'
15:36:23.986 [AsyncHttpClient-1-14] DEBUG org.asynchttpclient.netty.handler.HttpHandler - 

Request DefaultFullHttpRequest(decodeResult: success, version: HTTP/1.1, content: EmptyByteBufBE)
GET /json/version HTTP/1.1
User-Agent: selenium/4.8.3 (java windows)
host: localhost:52792
accept: */*

Response DefaultHttpResponse(decodeResult: success, version: HTTP/1.1)
HTTP/1.1 200 OK
Content-Security-Policy: frame-ancestors 'none'
Content-Length: 424
Content-Type: application/json; charset=UTF-8

15:36:23.986 [AsyncHttpClient-1-14] DEBUG org.asynchttpclient.netty.channel.ChannelManager - Adding key: http://localhost:52792 for channel [id: 0xb83588c5, L:/127.0.0.1:52798 - R:localhost/127.0.0.1:52792]
15:36:23.988 [AsyncHttpClient-1-15] DEBUG org.asynchttpclient.netty.channel.NettyConnectListener - Using new Channel '[id: 0x97f34e27, L:/127.0.0.1:52799 - R:localhost/127.0.0.1:52792]' for 'GET' to '/devtools/browser/4707fc61-0787-405f-8369-9248b47d43b5'
15:36:23.989 [AsyncHttpClient-1-15] DEBUG org.asynchttpclient.netty.handler.WebSocketHandler - 

Request DefaultFullHttpRequest(decodeResult: success, version: HTTP/1.1, content: EmptyByteBufBE)
GET /devtools/browser/4707fc61-0787-405f-8369-9248b47d43b5 HTTP/1.1
upgrade: websocket
connection: upgrade
sec-websocket-key: OmP12NEkN+8rMuoPoyvGzA==
sec-websocket-version: 13
origin: http://localhost:52792
host: localhost:52792
accept: */*
user-agent: AHC/2.1

Response DefaultHttpResponse(decodeResult: success, version: HTTP/1.1)
HTTP/1.1 101 WebSocket Protocol Handshake
Upgrade: WebSocket
Connection: Upgrade
Sec-WebSocket-Accept: cKDvl4lKbRg05kd5iAt4jDvXRgs=

15:36:23.993 [Forwarding setTimeout on session e248fa262aa932a37088c8c5cc579882 to remote] DEBUG org.asynchttpclient.netty.request.NettyRequestSender - Using pooled Channel '[id: 0x6a817220, L:/127.0.0.1:52791 - R:localhost/127.0.0.1:49073]' for 'POST' to 'http://localhost:49073/session/e248fa262aa932a37088c8c5cc579882/timeouts'
15:36:23.993 [Forwarding setTimeout on session e248fa262aa932a37088c8c5cc579882 to remote] DEBUG org.asynchttpclient.netty.request.NettyRequestSender - Using open Channel [id: 0x6a817220, L:/127.0.0.1:52791 - R:localhost/127.0.0.1:49073] for POST '/session/e248fa262aa932a37088c8c5cc579882/timeouts'
15:36:23.994 [AsyncHttpClient-1-13] DEBUG org.asynchttpclient.netty.handler.HttpHandler - 

Request DefaultHttpRequest(decodeResult: success, version: HTTP/1.1)
POST /session/e248fa262aa932a37088c8c5cc579882/timeouts HTTP/1.1
User-Agent: selenium/4.8.3 (java windows)
Content-Length: 22
Content-Type: application/json; charset=utf-8
host: localhost:49073
accept: */*

Response DefaultHttpResponse(decodeResult: success, version: HTTP/1.1)
HTTP/1.1 200 OK
Content-Length: 14
Content-Type: application/json; charset=utf-8
cache-control: no-cache

15:36:23.994 [AsyncHttpClient-1-13] DEBUG org.asynchttpclient.netty.channel.ChannelManager - Adding key: http://localhost:49073 for channel [id: 0x6a817220, L:/127.0.0.1:52791 - R:localhost/127.0.0.1:49073]
15:36:23.995 [Forwarding maximizeCurrentWindow on session e248fa262aa932a37088c8c5cc579882 to remote] DEBUG org.asynchttpclient.netty.request.NettyRequestSender - Using pooled Channel '[id: 0x6a817220, L:/127.0.0.1:52791 - R:localhost/127.0.0.1:49073]' for 'POST' to 'http://localhost:49073/session/e248fa262aa932a37088c8c5cc579882/window/maximize'
15:36:23.995 [Forwarding maximizeCurrentWindow on session e248fa262aa932a37088c8c5cc579882 to remote] DEBUG org.asynchttpclient.netty.request.NettyRequestSender - Using open Channel [id: 0x6a817220, L:/127.0.0.1:52791 - R:localhost/127.0.0.1:49073] for POST '/session/e248fa262aa932a37088c8c5cc579882/window/maximize'
15:36:24.096 [AsyncHttpClient-1-1] DEBUG org.asynchttpclient.netty.channel.DefaultChannelPool - Entry count for : http://localhost:52792 : 1
15:36:24.096 [AsyncHttpClient-1-1] DEBUG org.asynchttpclient.netty.channel.DefaultChannelPool - Entry count for : http://localhost:39576 : 1
15:36:24.096 [AsyncHttpClient-1-1] DEBUG org.asynchttpclient.netty.channel.DefaultChannelPool - Adding Candidate expired Channel [id: 0xb2f4f79d, L:/127.0.0.1:52752 ! R:localhost/127.0.0.1:39576] isIdleTimeoutExpired=false isRemotelyClosed=true isTtlExpired=false
15:36:24.096 [AsyncHttpClient-1-1] DEBUG org.asynchttpclient.netty.channel.DefaultChannelPool - Closing Idle Channel [id: 0xb2f4f79d, L:/127.0.0.1:52752 ! R:localhost/127.0.0.1:39576]
15:36:24.096 [AsyncHttpClient-1-1] DEBUG org.asynchttpclient.netty.channel.DefaultChannelPool - Closed 1 connections out of 2 in 0 ms
15:36:24.116 [AsyncHttpClient-1-13] DEBUG org.asynchttpclient.netty.handler.HttpHandler - 

Request DefaultHttpRequest(decodeResult: success, version: HTTP/1.1)
POST /session/e248fa262aa932a37088c8c5cc579882/window/maximize HTTP/1.1
User-Agent: selenium/4.8.3 (java windows)
Content-Length: 3
Content-Type: application/json; charset=utf-8
host: localhost:49073
accept: */*

Response DefaultHttpResponse(decodeResult: success, version: HTTP/1.1)
HTTP/1.1 200 OK
Content-Length: 51
Content-Type: application/json; charset=utf-8
cache-control: no-cache

15:36:24.116 [AsyncHttpClient-1-13] DEBUG org.asynchttpclient.netty.channel.ChannelManager - Adding key: http://localhost:49073 for channel [id: 0x6a817220, L:/127.0.0.1:52791 - R:localhost/127.0.0.1:49073]
15:36:24.118 [Forwarding get on session e248fa262aa932a37088c8c5cc579882 to remote] DEBUG org.asynchttpclient.netty.request.NettyRequestSender - Using pooled Channel '[id: 0x6a817220, L:/127.0.0.1:52791 - R:localhost/127.0.0.1:49073]' for 'POST' to 'http://localhost:49073/session/e248fa262aa932a37088c8c5cc579882/url'
15:36:24.118 [Forwarding get on session e248fa262aa932a37088c8c5cc579882 to remote] DEBUG org.asynchttpclient.netty.request.NettyRequestSender - Using open Channel [id: 0x6a817220, L:/127.0.0.1:52791 - R:localhost/127.0.0.1:49073] for POST '/session/e248fa262aa932a37088c8c5cc579882/url'
15:36:25.196 [AsyncHttpClient-1-1] DEBUG org.asynchttpclient.netty.channel.DefaultChannelPool - Entry count for : http://localhost:52792 : 1
15:36:25.397 [AsyncHttpClient-1-13] DEBUG org.asynchttpclient.netty.handler.HttpHandler - 

Request DefaultHttpRequest(decodeResult: success, version: HTTP/1.1)
POST /session/e248fa262aa932a37088c8c5cc579882/url HTTP/1.1
User-Agent: selenium/4.8.3 (java windows)
Content-Length: 52
Content-Type: application/json; charset=utf-8
host: localhost:49073
accept: */*

Response DefaultHttpResponse(decodeResult: success, version: HTTP/1.1)
HTTP/1.1 200 OK
Content-Length: 14
Content-Type: application/json; charset=utf-8
cache-control: no-cache

15:36:25.397 [AsyncHttpClient-1-13] DEBUG org.asynchttpclient.netty.channel.ChannelManager - Adding key: http://localhost:49073 for channel [id: 0x6a817220, L:/127.0.0.1:52791 - R:localhost/127.0.0.1:49073]
2023-06-21 15:36:25 INFO  BaseTest:110 - Test driver set up done successfully**********
2023-06-21 15:36:25 INFO  BaseTest:128 - Logging in to portal
15:36:25.400 [Forwarding findElement on session e248fa262aa932a37088c8c5cc579882 to remote] DEBUG org.asynchttpclient.netty.request.NettyRequestSender - Using pooled Channel '[id: 0x6a817220, L:/127.0.0.1:52791 - R:localhost/127.0.0.1:49073]' for 'POST' to 'http://localhost:49073/session/e248fa262aa932a37088c8c5cc579882/element'
15:36:25.400 [Forwarding findElement on session e248fa262aa932a37088c8c5cc579882 to remote] DEBUG org.asynchttpclient.netty.request.NettyRequestSender - Using open Channel [id: 0x6a817220, L:/127.0.0.1:52791 - R:localhost/127.0.0.1:49073] for POST '/session/e248fa262aa932a37088c8c5cc579882/element'
15:36:25.421 [AsyncHttpClient-1-13] DEBUG org.asynchttpclient.netty.handler.HttpHandler - 

Request DefaultHttpRequest(decodeResult: success, version: HTTP/1.1)
POST /session/e248fa262aa932a37088c8c5cc579882/element HTTP/1.1
User-Agent: selenium/4.8.3 (java windows)
Content-Length: 59
Content-Type: application/json; charset=utf-8
host: localhost:49073
accept: */*

Response DefaultHttpResponse(decodeResult: success, version: HTTP/1.1)
HTTP/1.1 200 OK
Content-Length: 95
Content-Type: application/json; charset=utf-8
cache-control: no-cache

15:36:25.421 [AsyncHttpClient-1-13] DEBUG org.asynchttpclient.netty.channel.ChannelManager - Adding key: http://localhost:49073 for channel [id: 0x6a817220, L:/127.0.0.1:52791 - R:localhost/127.0.0.1:49073]
15:36:25.422 [Forwarding clearElement on session e248fa262aa932a37088c8c5cc579882 to remote] DEBUG org.asynchttpclient.netty.request.NettyRequestSender - Using pooled Channel '[id: 0x6a817220, L:/127.0.0.1:52791 - R:localhost/127.0.0.1:49073]' for 'POST' to 'http://localhost:49073/session/e248fa262aa932a37088c8c5cc579882/element/D4DD89E0FA4D773585D480CEC62C44C3_element_26/clear'
15:36:25.422 [Forwarding clearElement on session e248fa262aa932a37088c8c5cc579882 to remote] DEBUG org.asynchttpclient.netty.request.NettyRequestSender - Using open Channel [id: 0x6a817220, L:/127.0.0.1:52791 - R:localhost/127.0.0.1:49073] for POST '/session/e248fa262aa932a37088c8c5cc579882/element/D4DD89E0FA4D773585D480CEC62C44C3_element_26/clear'
15:36:25.471 [AsyncHttpClient-1-13] DEBUG org.asynchttpclient.netty.handler.HttpHandler - 

Request DefaultHttpRequest(decodeResult: success, version: HTTP/1.1)
POST /session/e248fa262aa932a37088c8c5cc579882/element/D4DD89E0FA4D773585D480CEC62C44C3_element_26/clear HTTP/1.1
User-Agent: selenium/4.8.3 (java windows)
Content-Length: 57
Content-Type: application/json; charset=utf-8
host: localhost:49073
accept: */*

Response DefaultHttpResponse(decodeResult: success, version: HTTP/1.1)
HTTP/1.1 200 OK
Content-Length: 14
Content-Type: application/json; charset=utf-8
cache-control: no-cache

15:36:25.472 [AsyncHttpClient-1-13] DEBUG org.asynchttpclient.netty.channel.ChannelManager - Adding key: http://localhost:49073 for channel [id: 0x6a817220, L:/127.0.0.1:52791 - R:localhost/127.0.0.1:49073]
15:36:25.473 [Forwarding findElement on session e248fa262aa932a37088c8c5cc579882 to remote] DEBUG org.asynchttpclient.netty.request.NettyRequestSender - Using pooled Channel '[id: 0x6a817220, L:/127.0.0.1:52791 - R:localhost/127.0.0.1:49073]' for 'POST' to 'http://localhost:49073/session/e248fa262aa932a37088c8c5cc579882/element'
15:36:25.473 [Forwarding findElement on session e248fa262aa932a37088c8c5cc579882 to remote] DEBUG org.asynchttpclient.netty.request.NettyRequestSender - Using open Channel [id: 0x6a817220, L:/127.0.0.1:52791 - R:localhost/127.0.0.1:49073] for POST '/session/e248fa262aa932a37088c8c5cc579882/element'
15:36:25.483 [AsyncHttpClient-1-13] DEBUG org.asynchttpclient.netty.handler.HttpHandler - 

Request DefaultHttpRequest(decodeResult: success, version: HTTP/1.1)
POST /session/e248fa262aa932a37088c8c5cc579882/element HTTP/1.1
User-Agent: selenium/4.8.3 (java windows)
Content-Length: 59
Content-Type: application/json; charset=utf-8
host: localhost:49073
accept: */*

Response DefaultHttpResponse(decodeResult: success, version: HTTP/1.1)
HTTP/1.1 200 OK
Content-Length: 95
Content-Type: application/json; charset=utf-8
cache-control: no-cache

15:36:25.484 [AsyncHttpClient-1-13] DEBUG org.asynchttpclient.netty.channel.ChannelManager - Adding key: http://localhost:49073 for channel [id: 0x6a817220, L:/127.0.0.1:52791 - R:localhost/127.0.0.1:49073]
15:36:25.485 [Forwarding sendKeysToElement on session e248fa262aa932a37088c8c5cc579882 to remote] DEBUG org.asynchttpclient.netty.request.NettyRequestSender - Using pooled Channel '[id: 0x6a817220, L:/127.0.0.1:52791 - R:localhost/127.0.0.1:49073]' for 'POST' to 'http://localhost:49073/session/e248fa262aa932a37088c8c5cc579882/element/D4DD89E0FA4D773585D480CEC62C44C3_element_26/value'
15:36:25.485 [Forwarding sendKeysToElement on session e248fa262aa932a37088c8c5cc579882 to remote] DEBUG org.asynchttpclient.netty.request.NettyRequestSender - Using open Channel [id: 0x6a817220, L:/127.0.0.1:52791 - R:localhost/127.0.0.1:49073] for POST '/session/e248fa262aa932a37088c8c5cc579882/element/D4DD89E0FA4D773585D480CEC62C44C3_element_26/value'
15:36:25.598 [AsyncHttpClient-1-13] DEBUG org.asynchttpclient.netty.handler.HttpHandler - 

Request DefaultHttpRequest(decodeResult: success, version: HTTP/1.1)
POST /session/e248fa262aa932a37088c8c5cc579882/element/D4DD89E0FA4D773585D480CEC62C44C3_element_26/value HTTP/1.1
User-Agent: selenium/4.8.3 (java windows)
Content-Length: 188
Content-Type: application/json; charset=utf-8
host: localhost:49073
accept: */*

Response DefaultHttpResponse(decodeResult: success, version: HTTP/1.1)
HTTP/1.1 200 OK
Content-Length: 14
Content-Type: application/json; charset=utf-8
cache-control: no-cache

15:36:25.598 [AsyncHttpClient-1-13] DEBUG org.asynchttpclient.netty.channel.ChannelManager - Adding key: http://localhost:49073 for channel [id: 0x6a817220, L:/127.0.0.1:52791 - R:localhost/127.0.0.1:49073]
15:36:25.599 [Forwarding findElement on session e248fa262aa932a37088c8c5cc579882 to remote] DEBUG org.asynchttpclient.netty.request.NettyRequestSender - Using pooled Channel '[id: 0x6a817220, L:/127.0.0.1:52791 - R:localhost/127.0.0.1:49073]' for 'POST' to 'http://localhost:49073/session/e248fa262aa932a37088c8c5cc579882/element'
15:36:25.599 [Forwarding findElement on session e248fa262aa932a37088c8c5cc579882 to remote] DEBUG org.asynchttpclient.netty.request.NettyRequestSender - Using open Channel [id: 0x6a817220, L:/127.0.0.1:52791 - R:localhost/127.0.0.1:49073] for POST '/session/e248fa262aa932a37088c8c5cc579882/element'
15:36:25.614 [AsyncHttpClient-1-13] DEBUG org.asynchttpclient.netty.handler.HttpHandler - 

Request DefaultHttpRequest(decodeResult: success, version: HTTP/1.1)
POST /session/e248fa262aa932a37088c8c5cc579882/element HTTP/1.1
User-Agent: selenium/4.8.3 (java windows)
Content-Length: 62
Content-Type: application/json; charset=utf-8
host: localhost:49073
accept: */*

Response DefaultHttpResponse(decodeResult: success, version: HTTP/1.1)
HTTP/1.1 200 OK
Content-Length: 95
Content-Type: application/json; charset=utf-8
cache-control: no-cache

15:36:25.614 [AsyncHttpClient-1-13] DEBUG org.asynchttpclient.netty.channel.ChannelManager - Adding key: http://localhost:49073 for channel [id: 0x6a817220, L:/127.0.0.1:52791 - R:localhost/127.0.0.1:49073]
15:36:25.615 [Forwarding clearElement on session e248fa262aa932a37088c8c5cc579882 to remote] DEBUG org.asynchttpclient.netty.request.NettyRequestSender - Using pooled Channel '[id: 0x6a817220, L:/127.0.0.1:52791 - R:localhost/127.0.0.1:49073]' for 'POST' to 'http://localhost:49073/session/e248fa262aa932a37088c8c5cc579882/element/D4DD89E0FA4D773585D480CEC62C44C3_element_32/clear'
15:36:25.615 [Forwarding clearElement on session e248fa262aa932a37088c8c5cc579882 to remote] DEBUG org.asynchttpclient.netty.request.NettyRequestSender - Using open Channel [id: 0x6a817220, L:/127.0.0.1:52791 - R:localhost/127.0.0.1:49073] for POST '/session/e248fa262aa932a37088c8c5cc579882/element/D4DD89E0FA4D773585D480CEC62C44C3_element_32/clear'
15:36:25.646 [AsyncHttpClient-1-13] DEBUG org.asynchttpclient.netty.handler.HttpHandler - 

Request DefaultHttpRequest(decodeResult: success, version: HTTP/1.1)
POST /session/e248fa262aa932a37088c8c5cc579882/element/D4DD89E0FA4D773585D480CEC62C44C3_element_32/clear HTTP/1.1
User-Agent: selenium/4.8.3 (java windows)
Content-Length: 57
Content-Type: application/json; charset=utf-8
host: localhost:49073
accept: */*

Response DefaultHttpResponse(decodeResult: success, version: HTTP/1.1)
HTTP/1.1 200 OK
Content-Length: 14
Content-Type: application/json; charset=utf-8
cache-control: no-cache

15:36:25.646 [AsyncHttpClient-1-13] DEBUG org.asynchttpclient.netty.channel.ChannelManager - Adding key: http://localhost:49073 for channel [id: 0x6a817220, L:/127.0.0.1:52791 - R:localhost/127.0.0.1:49073]
15:36:25.647 [Forwarding findElement on session e248fa262aa932a37088c8c5cc579882 to remote] DEBUG org.asynchttpclient.netty.request.NettyRequestSender - Using pooled Channel '[id: 0x6a817220, L:/127.0.0.1:52791 - R:localhost/127.0.0.1:49073]' for 'POST' to 'http://localhost:49073/session/e248fa262aa932a37088c8c5cc579882/element'
15:36:25.647 [Forwarding findElement on session e248fa262aa932a37088c8c5cc579882 to remote] DEBUG org.asynchttpclient.netty.request.NettyRequestSender - Using open Channel [id: 0x6a817220, L:/127.0.0.1:52791 - R:localhost/127.0.0.1:49073] for POST '/session/e248fa262aa932a37088c8c5cc579882/element'
15:36:25.656 [AsyncHttpClient-1-13] DEBUG org.asynchttpclient.netty.handler.HttpHandler - 

Request DefaultHttpRequest(decodeResult: success, version: HTTP/1.1)
POST /session/e248fa262aa932a37088c8c5cc579882/element HTTP/1.1
User-Agent: selenium/4.8.3 (java windows)
Content-Length: 62
Content-Type: application/json; charset=utf-8
host: localhost:49073
accept: */*

Response DefaultHttpResponse(decodeResult: success, version: HTTP/1.1)
HTTP/1.1 200 OK
Content-Length: 95
Content-Type: application/json; charset=utf-8
cache-control: no-cache

15:36:25.656 [AsyncHttpClient-1-13] DEBUG org.asynchttpclient.netty.channel.ChannelManager - Adding key: http://localhost:49073 for channel [id: 0x6a817220, L:/127.0.0.1:52791 - R:localhost/127.0.0.1:49073]
15:36:25.657 [Forwarding sendKeysToElement on session e248fa262aa932a37088c8c5cc579882 to remote] DEBUG org.asynchttpclient.netty.request.NettyRequestSender - Using pooled Channel '[id: 0x6a817220, L:/127.0.0.1:52791 - R:localhost/127.0.0.1:49073]' for 'POST' to 'http://localhost:49073/session/e248fa262aa932a37088c8c5cc579882/element/D4DD89E0FA4D773585D480CEC62C44C3_element_32/value'
15:36:25.657 [Forwarding sendKeysToElement on session e248fa262aa932a37088c8c5cc579882 to remote] DEBUG org.asynchttpclient.netty.request.NettyRequestSender - Using open Channel [id: 0x6a817220, L:/127.0.0.1:52791 - R:localhost/127.0.0.1:49073] for POST '/session/e248fa262aa932a37088c8c5cc579882/element/D4DD89E0FA4D773585D480CEC62C44C3_element_32/value'
15:36:25.758 [AsyncHttpClient-1-13] DEBUG org.asynchttpclient.netty.handler.HttpHandler - 

Request DefaultHttpRequest(decodeResult: success, version: HTTP/1.1)
POST /session/e248fa262aa932a37088c8c5cc579882/element/D4DD89E0FA4D773585D480CEC62C44C3_element_32/value HTTP/1.1
User-Agent: selenium/4.8.3 (java windows)
Content-Length: 148
Content-Type: application/json; charset=utf-8
host: localhost:49073
accept: */*

Response DefaultHttpResponse(decodeResult: success, version: HTTP/1.1)
HTTP/1.1 200 OK
Content-Length: 14
Content-Type: application/json; charset=utf-8
cache-control: no-cache

15:36:25.758 [AsyncHttpClient-1-13] DEBUG org.asynchttpclient.netty.channel.ChannelManager - Adding key: http://localhost:49073 for channel [id: 0x6a817220, L:/127.0.0.1:52791 - R:localhost/127.0.0.1:49073]
15:36:25.760 [Forwarding findElement on session e248fa262aa932a37088c8c5cc579882 to remote] DEBUG org.asynchttpclient.netty.request.NettyRequestSender - Using pooled Channel '[id: 0x6a817220, L:/127.0.0.1:52791 - R:localhost/127.0.0.1:49073]' for 'POST' to 'http://localhost:49073/session/e248fa262aa932a37088c8c5cc579882/element'
15:36:25.760 [Forwarding findElement on session e248fa262aa932a37088c8c5cc579882 to remote] DEBUG org.asynchttpclient.netty.request.NettyRequestSender - Using open Channel [id: 0x6a817220, L:/127.0.0.1:52791 - R:localhost/127.0.0.1:49073] for POST '/session/e248fa262aa932a37088c8c5cc579882/element'
15:36:25.774 [AsyncHttpClient-1-13] DEBUG org.asynchttpclient.netty.handler.HttpHandler - 

Request DefaultHttpRequest(decodeResult: success, version: HTTP/1.1)
POST /session/e248fa262aa932a37088c8c5cc579882/element HTTP/1.1
User-Agent: selenium/4.8.3 (java windows)
Content-Length: 71
Content-Type: application/json; charset=utf-8
host: localhost:49073
accept: */*

Response DefaultHttpResponse(decodeResult: success, version: HTTP/1.1)
HTTP/1.1 200 OK
Content-Length: 95
Content-Type: application/json; charset=utf-8
cache-control: no-cache

15:36:25.775 [AsyncHttpClient-1-13] DEBUG org.asynchttpclient.netty.channel.ChannelManager - Adding key: http://localhost:49073 for channel [id: 0x6a817220, L:/127.0.0.1:52791 - R:localhost/127.0.0.1:49073]
15:36:25.776 [Forwarding clickElement on session e248fa262aa932a37088c8c5cc579882 to remote] DEBUG org.asynchttpclient.netty.request.NettyRequestSender - Using pooled Channel '[id: 0x6a817220, L:/127.0.0.1:52791 - R:localhost/127.0.0.1:49073]' for 'POST' to 'http://localhost:49073/session/e248fa262aa932a37088c8c5cc579882/element/D4DD89E0FA4D773585D480CEC62C44C3_element_33/click'
15:36:25.776 [Forwarding clickElement on session e248fa262aa932a37088c8c5cc579882 to remote] DEBUG org.asynchttpclient.netty.request.NettyRequestSender - Using open Channel [id: 0x6a817220, L:/127.0.0.1:52791 - R:localhost/127.0.0.1:49073] for POST '/session/e248fa262aa932a37088c8c5cc579882/element/D4DD89E0FA4D773585D480CEC62C44C3_element_33/click'
15:36:25.840 [AsyncHttpClient-1-13] DEBUG org.asynchttpclient.netty.handler.HttpHandler - 

Request DefaultHttpRequest(decodeResult: success, version: HTTP/1.1)
POST /session/e248fa262aa932a37088c8c5cc579882/element/D4DD89E0FA4D773585D480CEC62C44C3_element_33/click HTTP/1.1
User-Agent: selenium/4.8.3 (java windows)
Content-Length: 57
Content-Type: application/json; charset=utf-8
host: localhost:49073
accept: */*

Response DefaultHttpResponse(decodeResult: success, version: HTTP/1.1)
HTTP/1.1 200 OK
Content-Length: 14
Content-Type: application/json; charset=utf-8
cache-control: no-cache

15:36:25.840 [AsyncHttpClient-1-13] DEBUG org.asynchttpclient.netty.channel.ChannelManager - Adding key: http://localhost:49073 for channel [id: 0x6a817220, L:/127.0.0.1:52791 - R:localhost/127.0.0.1:49073]
2023-06-21 15:36:25 INFO  BaseTest:132 - Logged in
15:36:25.843 [rp-io-82] DEBUG com.epam.reportportal.service.Launch - Starting test item...rp-io-82
2023-06-21 15:36:25 INFO  Listeners:34 - Started Test null
15:36:25.845 [Forwarding findElement on session e248fa262aa932a37088c8c5cc579882 to remote] DEBUG org.asynchttpclient.netty.request.NettyRequestSender - Using pooled Channel '[id: 0x6a817220, L:/127.0.0.1:52791 - R:localhost/127.0.0.1:49073]' for 'POST' to 'http://localhost:49073/session/e248fa262aa932a37088c8c5cc579882/element'
15:36:25.845 [Forwarding findElement on session e248fa262aa932a37088c8c5cc579882 to remote] DEBUG org.asynchttpclient.netty.request.NettyRequestSender - Using open Channel [id: 0x6a817220, L:/127.0.0.1:52791 - R:localhost/127.0.0.1:49073] for POST '/session/e248fa262aa932a37088c8c5cc579882/element'
15:36:25.866 [rp-io-77] DEBUG com.epam.reportportal.service.Launch - TestItem with ID = '20754de5-09e7-4ccd-b5f3-d3fb4c81a32f' successfully finished.
15:36:25.866 [rp-io-77] DEBUG com.epam.reportportal.utils.SubscriptionUtils - Finish test item completed
15:36:25.872 [rp-io-82] DEBUG com.epam.reportportal.service.Launch - ReportPortal item with ID 'cce30748-bc55-4752-bd2f-845aef018532' has been created
15:36:25.872 [rp-io-82] DEBUG com.epam.reportportal.utils.SubscriptionUtils - Start test item successfully completed
15:36:26.296 [AsyncHttpClient-1-1] DEBUG org.asynchttpclient.netty.channel.DefaultChannelPool - Entry count for : http://localhost:52792 : 1
15:36:26.340 [AsyncHttpClient-1-13] DEBUG org.asynchttpclient.netty.handler.HttpHandler - 

Request DefaultHttpRequest(decodeResult: success, version: HTTP/1.1)
POST /session/e248fa262aa932a37088c8c5cc579882/element HTTP/1.1
User-Agent: selenium/4.8.3 (java windows)
Content-Length: 168
Content-Type: application/json; charset=utf-8
host: localhost:49073
accept: */*

Response DefaultHttpResponse(decodeResult: success, version: HTTP/1.1)
HTTP/1.1 200 OK
Content-Length: 95
Content-Type: application/json; charset=utf-8
cache-control: no-cache

15:36:26.340 [AsyncHttpClient-1-13] DEBUG org.asynchttpclient.netty.channel.ChannelManager - Adding key: http://localhost:49073 for channel [id: 0x6a817220, L:/127.0.0.1:52791 - R:localhost/127.0.0.1:49073]
15:36:26.342 [Forwarding clickElement on session e248fa262aa932a37088c8c5cc579882 to remote] DEBUG org.asynchttpclient.netty.request.NettyRequestSender - Using pooled Channel '[id: 0x6a817220, L:/127.0.0.1:52791 - R:localhost/127.0.0.1:49073]' for 'POST' to 'http://localhost:49073/session/e248fa262aa932a37088c8c5cc579882/element/D4DD89E0FA4D773585D480CEC62C44C3_element_41/click'
15:36:26.342 [Forwarding clickElement on session e248fa262aa932a37088c8c5cc579882 to remote] DEBUG org.asynchttpclient.netty.request.NettyRequestSender - Using open Channel [id: 0x6a817220, L:/127.0.0.1:52791 - R:localhost/127.0.0.1:49073] for POST '/session/e248fa262aa932a37088c8c5cc579882/element/D4DD89E0FA4D773585D480CEC62C44C3_element_41/click'
15:36:26.846 [AsyncHttpClient-1-13] DEBUG org.asynchttpclient.netty.handler.HttpHandler - 

Request DefaultHttpRequest(decodeResult: success, version: HTTP/1.1)
POST /session/e248fa262aa932a37088c8c5cc579882/element/D4DD89E0FA4D773585D480CEC62C44C3_element_41/click HTTP/1.1
User-Agent: selenium/4.8.3 (java windows)
Content-Length: 57
Content-Type: application/json; charset=utf-8
host: localhost:49073
accept: */*

Response DefaultHttpResponse(decodeResult: success, version: HTTP/1.1)
HTTP/1.1 200 OK
Content-Length: 14
Content-Type: application/json; charset=utf-8
cache-control: no-cache

15:36:26.846 [AsyncHttpClient-1-13] DEBUG org.asynchttpclient.netty.channel.ChannelManager - Adding key: http://localhost:49073 for channel [id: 0x6a817220, L:/127.0.0.1:52791 - R:localhost/127.0.0.1:49073]
15:36:26.848 [Forwarding findElement on session e248fa262aa932a37088c8c5cc579882 to remote] DEBUG org.asynchttpclient.netty.request.NettyRequestSender - Using pooled Channel '[id: 0x6a817220, L:/127.0.0.1:52791 - R:localhost/127.0.0.1:49073]' for 'POST' to 'http://localhost:49073/session/e248fa262aa932a37088c8c5cc579882/element'
15:36:26.848 [Forwarding findElement on session e248fa262aa932a37088c8c5cc579882 to remote] DEBUG org.asynchttpclient.netty.request.NettyRequestSender - Using open Channel [id: 0x6a817220, L:/127.0.0.1:52791 - R:localhost/127.0.0.1:49073] for POST '/session/e248fa262aa932a37088c8c5cc579882/element'
15:36:27.397 [AsyncHttpClient-1-1] DEBUG org.asynchttpclient.netty.channel.DefaultChannelPool - Entry count for : http://localhost:52792 : 1
15:36:28.496 [AsyncHttpClient-1-1] DEBUG org.asynchttpclient.netty.channel.DefaultChannelPool - Entry count for : http://localhost:52792 : 1
15:36:29.595 [AsyncHttpClient-1-1] DEBUG org.asynchttpclient.netty.channel.DefaultChannelPool - Entry count for : http://localhost:52792 : 1
15:36:30.696 [AsyncHttpClient-1-1] DEBUG org.asynchttpclient.netty.channel.DefaultChannelPool - Entry count for : http://localhost:52792 : 1
15:36:31.256 [AsyncHttpClient-1-13] DEBUG org.asynchttpclient.netty.handler.HttpHandler - 

Request DefaultHttpRequest(decodeResult: success, version: HTTP/1.1)
POST /session/e248fa262aa932a37088c8c5cc579882/element HTTP/1.1
User-Agent: selenium/4.8.3 (java windows)
Content-Length: 83
Content-Type: application/json; charset=utf-8
host: localhost:49073
accept: */*

Response DefaultHttpResponse(decodeResult: success, version: HTTP/1.1)
HTTP/1.1 404 Not Found
Content-Length: 973
Content-Type: application/json; charset=utf-8
cache-control: no-cache

15:36:31.256 [AsyncHttpClient-1-13] DEBUG org.asynchttpclient.netty.channel.ChannelManager - Adding key: http://localhost:49073 for channel [id: 0x6a817220, L:/127.0.0.1:52791 - R:localhost/127.0.0.1:49073]
2023-06-21 15:36:31 INFO  Listeners:42 - Failed Test null
]]></system-out>
    <system-err><![CDATA[Starting ChromeDriver 114.0.5735.90 (386bc09e8f4f2e025eddae123f36f6263096ae49-refs/branch-heads/5735@{#1052}) on port 49073
Only local connections are allowed.
Please see https://chromedriver.chromium.org/security-considerations for suggestions on keeping ChromeDriver safe.
ChromeDriver was started successfully.
Jun 21, 2023 3:36:23 PM org.openqa.selenium.devtools.CdpVersionFinder findNearestMatch
WARNING: Unable to find an exact match for CDP version 114, so returning the closest version found: 111
]]></system-err>
  </testcase>
  <testcase name="searchDashboardNameDP[PASSING RATE SUMMARY](11)" classname="alltests.uitest.coreTest.DashboardPageTest" time="4.965">
    <failure message="no such element: Unable to locate element: {&quot;method&quot;:&quot;xpath&quot;,&quot;selector&quot;:&quot;//*[text()=&apos;PASSING RATE SUMMARY&apos;]&quot;}&#10;  (Session info: chrome=114.0.5735.134)&#10;For documentation on this error, please visit: https://selenium.dev/exceptions/#no_such_element&#10;Build info: version: &apos;4.8.3&apos;, revision: &apos;e5e76298c3&apos;&#10;System info: os.name: &apos;Windows 10&apos;, os.arch: &apos;amd64&apos;, os.version: &apos;10.0&apos;, java.version: &apos;17.0.3.1&apos;&#10;Driver info: org.openqa.selenium.chrome.ChromeDriver&#10;Command: [ccb581f3972403829fa0eee625bcbaa2, findElement {using=xpath, value=//*[text()=&apos;PASSING RATE SUMMARY&apos;]}]&#10;Capabilities {acceptInsecureCerts: false, browserName: chrome, browserVersion: 114.0.5735.134, chrome: {chromedriverVersion: 114.0.5735.90 (386bc09e8f4f..., userDataDir: C:\Users\SUWARN~1\AppData\L...}, goog:chromeOptions: {debuggerAddress: localhost:52827}, networkConnectionEnabled: false, pageLoadStrategy: normal, platformName: WINDOWS, proxy: Proxy(), se:cdp: ws://localhost:52827/devtoo..., se:cdpVersion: 114.0.5735.134, setWindowRect: true, strictFileInteractability: false, timeouts: {implicit: 0, pageLoad: 300000, script: 30000}, unhandledPromptBehavior: dismiss and notify, webauthn:extension:credBlob: true, webauthn:extension:largeBlob: true, webauthn:extension:minPinLength: true, webauthn:extension:prf: true, webauthn:virtualAuthenticators: true}&#10;Session ID: ccb581f3972403829fa0eee625bcbaa2" type="org.openqa.selenium.NoSuchElementException"><![CDATA[org.openqa.selenium.NoSuchElementException: 
no such element: Unable to locate element: {"method":"xpath","selector":"//*[text()='PASSING RATE SUMMARY']"}
  (Session info: chrome=114.0.5735.134)
For documentation on this error, please visit: https://selenium.dev/exceptions/#no_such_element
Build info: version: '4.8.3', revision: 'e5e76298c3'
System info: os.name: 'Windows 10', os.arch: 'amd64', os.version: '10.0', java.version: '17.0.3.1'
Driver info: org.openqa.selenium.chrome.ChromeDriver
Command: [ccb581f3972403829fa0eee625bcbaa2, findElement {using=xpath, value=//*[text()='PASSING RATE SUMMARY']}]
Capabilities {acceptInsecureCerts: false, browserName: chrome, browserVersion: 114.0.5735.134, chrome: {chromedriverVersion: 114.0.5735.90 (386bc09e8f4f..., userDataDir: C:\Users\SUWARN~1\AppData\L...}, goog:chromeOptions: {debuggerAddress: localhost:52827}, networkConnectionEnabled: false, pageLoadStrategy: normal, platformName: WINDOWS, proxy: Proxy(), se:cdp: ws://localhost:52827/devtoo..., se:cdpVersion: 114.0.5735.134, setWindowRect: true, strictFileInteractability: false, timeouts: {implicit: 0, pageLoad: 300000, script: 30000}, unhandledPromptBehavior: dismiss and notify, webauthn:extension:credBlob: true, webauthn:extension:largeBlob: true, webauthn:extension:minPinLength: true, webauthn:extension:prf: true, webauthn:virtualAuthenticators: true}
Session ID: ccb581f3972403829fa0eee625bcbaa2
	at java.base/jdk.internal.reflect.NativeConstructorAccessorImpl.newInstance0(Native Method)
	at java.base/jdk.internal.reflect.NativeConstructorAccessorImpl.newInstance(NativeConstructorAccessorImpl.java:77)
	at java.base/jdk.internal.reflect.DelegatingConstructorAccessorImpl.newInstance(DelegatingConstructorAccessorImpl.java:45)
	at java.base/java.lang.reflect.Constructor.newInstanceWithCaller(Constructor.java:499)
	at java.base/java.lang.reflect.Constructor.newInstance(Constructor.java:480)
	at org.openqa.selenium.remote.codec.w3c.W3CHttpResponseCodec.createException(W3CHttpResponseCodec.java:200)
	at org.openqa.selenium.remote.codec.w3c.W3CHttpResponseCodec.decode(W3CHttpResponseCodec.java:133)
	at org.openqa.selenium.remote.codec.w3c.W3CHttpResponseCodec.decode(W3CHttpResponseCodec.java:53)
	at org.openqa.selenium.remote.HttpCommandExecutor.execute(HttpCommandExecutor.java:193)
	at org.openqa.selenium.remote.service.DriverCommandExecutor.invokeExecute(DriverCommandExecutor.java:183)
	at org.openqa.selenium.remote.service.DriverCommandExecutor.execute(DriverCommandExecutor.java:158)
	at org.openqa.selenium.remote.RemoteWebDriver.execute(RemoteWebDriver.java:543)
	at org.openqa.selenium.remote.ElementLocation$ElementFinder$2.findElement(ElementLocation.java:162)
	at org.openqa.selenium.remote.ElementLocation.findElement(ElementLocation.java:60)
	at org.openqa.selenium.remote.RemoteWebDriver.findElement(RemoteWebDriver.java:352)
	at org.openqa.selenium.remote.RemoteWebDriver.findElement(RemoteWebDriver.java:344)
	at pageobject.DemoDashboard.verifyNamesOfWidgetPresetOnDemoDashboard(DemoDashboard.java:31)
	at alltests.uitest.coreTest.DashboardPageTest.searchDashboardNameDP(DashboardPageTest.java:38)
	at java.base/jdk.internal.reflect.NativeMethodAccessorImpl.invoke0(Native Method)
	at java.base/jdk.internal.reflect.NativeMethodAccessorImpl.invoke(NativeMethodAccessorImpl.java:77)
	at java.base/jdk.internal.reflect.DelegatingMethodAccessorImpl.invoke(DelegatingMethodAccessorImpl.java:43)
	at java.base/java.lang.reflect.Method.invoke(Method.java:568)
	at org.testng.internal.invokers.MethodInvocationHelper.invokeMethod(MethodInvocationHelper.java:139)
	at org.testng.internal.invokers.TestInvoker.invokeMethod(TestInvoker.java:677)
	at org.testng.internal.invokers.TestInvoker.invokeTestMethod(TestInvoker.java:221)
	at org.testng.internal.invokers.MethodRunner.runInSequence(MethodRunner.java:50)
	at org.testng.internal.invokers.TestInvoker$MethodInvocationAgent.invoke(TestInvoker.java:969)
	at org.testng.internal.invokers.TestInvoker.invokeTestMethods(TestInvoker.java:194)
	at org.testng.internal.invokers.TestMethodWorker.invokeTestMethods(TestMethodWorker.java:148)
	at org.testng.internal.invokers.TestMethodWorker.run(TestMethodWorker.java:128)
	at java.base/java.util.ArrayList.forEach(ArrayList.java:1511)
	at org.testng.TestRunner.privateRun(TestRunner.java:829)
	at org.testng.TestRunner.run(TestRunner.java:602)
	at org.testng.SuiteRunner.runTest(SuiteRunner.java:437)
	at org.testng.SuiteRunner.runSequentially(SuiteRunner.java:431)
	at org.testng.SuiteRunner.privateRun(SuiteRunner.java:391)
	at org.testng.SuiteRunner.run(SuiteRunner.java:330)
	at org.testng.SuiteRunnerWorker.runSuite(SuiteRunnerWorker.java:52)
	at org.testng.SuiteRunnerWorker.run(SuiteRunnerWorker.java:95)
	at org.testng.TestNG.runSuitesSequentially(TestNG.java:1256)
	at org.testng.TestNG.runSuitesLocally(TestNG.java:1176)
	at org.testng.TestNG.runSuites(TestNG.java:1099)
	at org.testng.TestNG.run(TestNG.java:1067)
	at org.apache.maven.surefire.testng.TestNGExecutor.run(TestNGExecutor.java:308)
	at org.apache.maven.surefire.testng.TestNGXmlTestSuite.execute(TestNGXmlTestSuite.java:71)
	at org.apache.maven.surefire.testng.TestNGProvider.invoke(TestNGProvider.java:113)
	at org.apache.maven.surefire.booter.ForkedBooter.runSuitesInProcess(ForkedBooter.java:385)
	at org.apache.maven.surefire.booter.ForkedBooter.execute(ForkedBooter.java:162)
	at org.apache.maven.surefire.booter.ForkedBooter.run(ForkedBooter.java:507)
	at org.apache.maven.surefire.booter.ForkedBooter.main(ForkedBooter.java:495)
]]></failure>
    <system-out><![CDATA[15:36:31.260 [rp-io-87] DEBUG com.epam.reportportal.service.Launch - Starting test item...rp-io-87
15:36:31.263 [Forwarding screenshot on session e248fa262aa932a37088c8c5cc579882 to remote] DEBUG org.asynchttpclient.netty.request.NettyRequestSender - Using pooled Channel '[id: 0x6a817220, L:/127.0.0.1:52791 - R:localhost/127.0.0.1:49073]' for 'GET' to 'http://localhost:49073/session/e248fa262aa932a37088c8c5cc579882/screenshot'
15:36:31.263 [Forwarding screenshot on session e248fa262aa932a37088c8c5cc579882 to remote] DEBUG org.asynchttpclient.netty.request.NettyRequestSender - Using open Channel [id: 0x6a817220, L:/127.0.0.1:52791 - R:localhost/127.0.0.1:49073] for GET '/session/e248fa262aa932a37088c8c5cc579882/screenshot'
15:36:31.276 [rp-io-87] DEBUG com.epam.reportportal.service.Launch - ReportPortal item with ID '178c481d-7963-4641-89ea-4404fa7391aa' has been created
15:36:31.276 [rp-io-87] DEBUG com.epam.reportportal.utils.SubscriptionUtils - Start test item successfully completed
15:36:31.278 [rp-io-83] DEBUG com.epam.reportportal.service.Launch - TestItem with ID = 'cce30748-bc55-4752-bd2f-845aef018532' successfully finished.
15:36:31.278 [rp-io-83] DEBUG com.epam.reportportal.utils.SubscriptionUtils - Finish test item completed
15:36:31.396 [AsyncHttpClient-1-13] DEBUG org.asynchttpclient.netty.handler.HttpHandler - 

Request DefaultFullHttpRequest(decodeResult: success, version: HTTP/1.1, content: EmptyByteBufBE)
GET /session/e248fa262aa932a37088c8c5cc579882/screenshot HTTP/1.1
User-Agent: selenium/4.8.3 (java windows)
Cache-Control: no-cache
Content-Type: application/json; charset=utf-8
host: localhost:49073
accept: */*

Response DefaultHttpResponse(decodeResult: success, version: HTTP/1.1)
HTTP/1.1 200 OK
Content-Length: 166088
Content-Type: application/json; charset=utf-8
cache-control: no-cache

15:36:31.397 [AsyncHttpClient-1-13] DEBUG org.asynchttpclient.netty.channel.ChannelManager - Adding key: http://localhost:49073 for channel [id: 0x6a817220, L:/127.0.0.1:52791 - R:localhost/127.0.0.1:49073]
15:36:31.407 [AsyncHttpClient-1-15] DEBUG org.asynchttpclient.netty.handler.WebSocketHandler - Channel Closed: [id: 0x97f34e27, L:/127.0.0.1:52799 ! R:localhost/127.0.0.1:52792] with attribute NettyResponseFuture{currentRetry=0,
	isDone=1,
	isCancelled=0,
	asyncHandler=org.asynchttpclient.ws.WebSocketUpgradeHandler@30b8763b,
	nettyRequest=org.asynchttpclient.netty.request.NettyRequest@7f28ca09,
	future=java.util.concurrent.CompletableFuture@61dc0c65[Completed normally],
	uri=ws://localhost:52792/devtools/browser/4707fc61-0787-405f-8369-9248b47d43b5,
	keepAlive=true,
	redirectCount=0,
	timeoutsHolder=null,
	inAuth=0,
	touch=1687354583989}
15:36:31.407 [AsyncHttpClient-1-15] DEBUG org.asynchttpclient.netty.channel.ChannelManager - Closing Channel [id: 0x97f34e27, L:/127.0.0.1:52799 ! R:localhost/127.0.0.1:52792] 
15:36:31.407 [Driver Command Executor] DEBUG org.asynchttpclient.netty.request.NettyRequestSender - Using pooled Channel '[id: 0x6a817220, L:/127.0.0.1:52791 - R:localhost/127.0.0.1:49073]' for 'DELETE' to 'http://localhost:49073/session/e248fa262aa932a37088c8c5cc579882'
15:36:31.407 [Driver Command Executor] DEBUG org.asynchttpclient.netty.request.NettyRequestSender - Using open Channel [id: 0x6a817220, L:/127.0.0.1:52791 - R:localhost/127.0.0.1:49073] for DELETE '/session/e248fa262aa932a37088c8c5cc579882'
15:36:31.500 [AsyncHttpClient-1-14] DEBUG org.asynchttpclient.netty.handler.HttpHandler - Unexpected I/O exception on channel [id: 0xb83588c5, L:/127.0.0.1:52798 - R:localhost/127.0.0.1:52792]
java.net.SocketException: Connection reset
	at java.base/sun.nio.ch.SocketChannelImpl.throwConnectionReset(SocketChannelImpl.java:394)
	at java.base/sun.nio.ch.SocketChannelImpl.read(SocketChannelImpl.java:426)
	at io.netty.buffer.PooledByteBuf.setBytes(PooledByteBuf.java:256)
	at io.netty.buffer.AbstractByteBuf.writeBytes(AbstractByteBuf.java:1132)
	at io.netty.channel.socket.nio.NioSocketChannel.doReadBytes(NioSocketChannel.java:357)
	at io.netty.channel.nio.AbstractNioByteChannel$NioByteUnsafe.read(AbstractNioByteChannel.java:151)
	at io.netty.channel.nio.NioEventLoop.processSelectedKey(NioEventLoop.java:788)
	at io.netty.channel.nio.NioEventLoop.processSelectedKeysOptimized(NioEventLoop.java:724)
	at io.netty.channel.nio.NioEventLoop.processSelectedKeys(NioEventLoop.java:650)
	at io.netty.channel.nio.NioEventLoop.run(NioEventLoop.java:562)
	at io.netty.util.concurrent.SingleThreadEventExecutor$4.run(SingleThreadEventExecutor.java:997)
	at io.netty.util.internal.ThreadExecutorMap$2.run(ThreadExecutorMap.java:74)
	at io.netty.util.concurrent.FastThreadLocalRunnable.run(FastThreadLocalRunnable.java:30)
	at java.base/java.lang.Thread.run(Thread.java:833)
15:36:31.500 [AsyncHttpClient-1-14] DEBUG org.asynchttpclient.netty.channel.ChannelManager - Closing Channel [id: 0xb83588c5, L:/127.0.0.1:52798 - R:localhost/127.0.0.1:52792] 
15:36:31.501 [AsyncHttpClient-1-14] DEBUG org.asynchttpclient.netty.handler.HttpHandler - Channel Closed: [id: 0xb83588c5, L:/127.0.0.1:52798 ! R:localhost/127.0.0.1:52792] with attribute DISCARD
15:36:31.516 [AsyncHttpClient-1-13] DEBUG org.asynchttpclient.netty.handler.HttpHandler - 

Request DefaultFullHttpRequest(decodeResult: success, version: HTTP/1.1, content: EmptyByteBufBE)
DELETE /session/e248fa262aa932a37088c8c5cc579882 HTTP/1.1
User-Agent: selenium/4.8.3 (java windows)
Content-Type: application/json; charset=utf-8
host: localhost:49073
accept: */*

Response DefaultHttpResponse(decodeResult: success, version: HTTP/1.1)
HTTP/1.1 200 OK
Content-Length: 14
Content-Type: application/json; charset=utf-8
cache-control: no-cache

15:36:31.516 [AsyncHttpClient-1-13] DEBUG org.asynchttpclient.netty.channel.ChannelManager - Adding key: http://localhost:49073 for channel [id: 0x6a817220, L:/127.0.0.1:52791 - R:localhost/127.0.0.1:49073]
15:36:31.563 [AsyncHttpClient-1-13] DEBUG org.asynchttpclient.netty.handler.HttpHandler - Channel Closed: [id: 0x6a817220, L:/127.0.0.1:52791 ! R:localhost/127.0.0.1:49073] with attribute DISCARD
2023-06-21 15:36:31 INFO  BaseTest:89 - Test executed**********
15:36:31.613 [rp-io-95] DEBUG com.epam.reportportal.service.Launch - Starting test item...rp-io-95
2023-06-21 15:36:31 INFO  BaseTest:116 - Property files loaded successfully**********
15:36:31.625 [main] DEBUG io.github.bonigarcia.wdm.cache.ResolutionCache - Resolution chrome=114 in cache (valid until 16:09:26 21/06/2023 CEST)
15:36:31.625 [main] DEBUG io.github.bonigarcia.wdm.cache.ResolutionCache - Resolution chrome114=114.0.5735.90 in cache (valid until 09:55:46 22/06/2023 CEST)
15:36:31.625 [main] INFO io.github.bonigarcia.wdm.WebDriverManager - Using chromedriver 114.0.5735.90 (resolved driver for Chrome 114)
15:36:31.627 [rp-io-88] DEBUG com.epam.reportportal.service.Launch - TestItem with ID = '178c481d-7963-4641-89ea-4404fa7391aa' successfully finished.
15:36:31.627 [rp-io-88] DEBUG com.epam.reportportal.utils.SubscriptionUtils - Finish test item completed
15:36:31.630 [rp-io-97] DEBUG com.epam.reportportal.service.Launch - ReportPortal item with ID '262f7747-6c96-4045-a458-4d5254157629' has been created
15:36:31.630 [rp-io-97] DEBUG com.epam.reportportal.utils.SubscriptionUtils - Start test item successfully completed
15:36:31.631 [main] DEBUG io.github.bonigarcia.wdm.WebDriverManager - Driver chromedriver 114.0.5735.90 found in cache
15:36:31.632 [main] INFO io.github.bonigarcia.wdm.WebDriverManager - Exporting webdriver.chrome.driver as C:\Users\Suwarna_Wagh\.cache\selenium\chromedriver\win32\114.0.5735.90\chromedriver.exe
15:36:31.751 [AsyncHttpClient-1-16] DEBUG org.asynchttpclient.netty.channel.NettyConnectListener - Using new Channel '[id: 0xcfa79f6a, L:/127.0.0.1:52826 - R:localhost/127.0.0.1:1388]' for 'POST' to '/session'
15:36:31.797 [AsyncHttpClient-1-1] DEBUG org.asynchttpclient.netty.channel.DefaultChannelPool - Entry count for : http://localhost:49073 : 1
15:36:31.797 [AsyncHttpClient-1-1] DEBUG org.asynchttpclient.netty.channel.DefaultChannelPool - Entry count for : http://localhost:52792 : 1
15:36:31.797 [AsyncHttpClient-1-1] DEBUG org.asynchttpclient.netty.channel.DefaultChannelPool - Adding Candidate expired Channel [id: 0x6a817220, L:/127.0.0.1:52791 ! R:localhost/127.0.0.1:49073] isIdleTimeoutExpired=false isRemotelyClosed=true isTtlExpired=false
15:36:31.797 [AsyncHttpClient-1-1] DEBUG org.asynchttpclient.netty.channel.DefaultChannelPool - Closing Idle Channel [id: 0x6a817220, L:/127.0.0.1:52791 ! R:localhost/127.0.0.1:49073]
15:36:31.797 [AsyncHttpClient-1-1] DEBUG org.asynchttpclient.netty.channel.DefaultChannelPool - Adding Candidate expired Channel [id: 0xb83588c5, L:/127.0.0.1:52798 ! R:localhost/127.0.0.1:52792] isIdleTimeoutExpired=false isRemotelyClosed=true isTtlExpired=false
15:36:31.797 [AsyncHttpClient-1-1] DEBUG org.asynchttpclient.netty.channel.DefaultChannelPool - Closing Idle Channel [id: 0xb83588c5, L:/127.0.0.1:52798 ! R:localhost/127.0.0.1:52792]
15:36:31.797 [AsyncHttpClient-1-1] DEBUG org.asynchttpclient.netty.channel.DefaultChannelPool - Closed 2 connections out of 2 in 0 ms
15:36:33.048 [AsyncHttpClient-1-16] DEBUG org.asynchttpclient.netty.handler.HttpHandler - 

Request DefaultHttpRequest(decodeResult: success, version: HTTP/1.1)
POST /session HTTP/1.1
User-Agent: selenium/4.8.3 (java windows)
Content-Length: 439
Content-Type: application/json; charset=utf-8
host: localhost:1388
accept: */*

Response DefaultHttpResponse(decodeResult: success, version: HTTP/1.1)
HTTP/1.1 200 OK
Content-Length: 864
Content-Type: application/json; charset=utf-8
cache-control: no-cache

15:36:33.048 [AsyncHttpClient-1-16] DEBUG org.asynchttpclient.netty.channel.ChannelManager - Adding key: http://localhost:1388 for channel [id: 0xcfa79f6a, L:/127.0.0.1:52826 - R:localhost/127.0.0.1:1388]
15:36:33.053 [AsyncHttpClient-1-17] DEBUG org.asynchttpclient.netty.channel.NettyConnectListener - Using new Channel '[id: 0x191d42d1, L:/127.0.0.1:52836 - R:localhost/127.0.0.1:52827]' for 'GET' to '/json/version'
15:36:33.055 [AsyncHttpClient-1-17] DEBUG org.asynchttpclient.netty.handler.HttpHandler - 

Request DefaultFullHttpRequest(decodeResult: success, version: HTTP/1.1, content: EmptyByteBufBE)
GET /json/version HTTP/1.1
User-Agent: selenium/4.8.3 (java windows)
host: localhost:52827
accept: */*

Response DefaultHttpResponse(decodeResult: success, version: HTTP/1.1)
HTTP/1.1 200 OK
Content-Security-Policy: frame-ancestors 'none'
Content-Length: 424
Content-Type: application/json; charset=UTF-8

15:36:33.055 [AsyncHttpClient-1-17] DEBUG org.asynchttpclient.netty.channel.ChannelManager - Adding key: http://localhost:52827 for channel [id: 0x191d42d1, L:/127.0.0.1:52836 - R:localhost/127.0.0.1:52827]
15:36:33.057 [AsyncHttpClient-1-2] DEBUG org.asynchttpclient.netty.channel.NettyConnectListener - Using new Channel '[id: 0xfd378fb0, L:/127.0.0.1:52837 - R:localhost/127.0.0.1:52827]' for 'GET' to '/devtools/browser/33aeb8ae-5de6-44d5-b7d9-662ad473e67e'
15:36:33.058 [AsyncHttpClient-1-2] DEBUG org.asynchttpclient.netty.handler.WebSocketHandler - 

Request DefaultFullHttpRequest(decodeResult: success, version: HTTP/1.1, content: EmptyByteBufBE)
GET /devtools/browser/33aeb8ae-5de6-44d5-b7d9-662ad473e67e HTTP/1.1
upgrade: websocket
connection: upgrade
sec-websocket-key: lE1wJV1JYhFwnp62w/AO3g==
sec-websocket-version: 13
origin: http://localhost:52827
host: localhost:52827
accept: */*
user-agent: AHC/2.1

Response DefaultHttpResponse(decodeResult: success, version: HTTP/1.1)
HTTP/1.1 101 WebSocket Protocol Handshake
Upgrade: WebSocket
Connection: Upgrade
Sec-WebSocket-Accept: Gh9XKMowEjGYDL9hSJ6FWBJ6BK8=

15:36:33.062 [Forwarding setTimeout on session ccb581f3972403829fa0eee625bcbaa2 to remote] DEBUG org.asynchttpclient.netty.request.NettyRequestSender - Using pooled Channel '[id: 0xcfa79f6a, L:/127.0.0.1:52826 - R:localhost/127.0.0.1:1388]' for 'POST' to 'http://localhost:1388/session/ccb581f3972403829fa0eee625bcbaa2/timeouts'
15:36:33.062 [Forwarding setTimeout on session ccb581f3972403829fa0eee625bcbaa2 to remote] DEBUG org.asynchttpclient.netty.request.NettyRequestSender - Using open Channel [id: 0xcfa79f6a, L:/127.0.0.1:52826 - R:localhost/127.0.0.1:1388] for POST '/session/ccb581f3972403829fa0eee625bcbaa2/timeouts'
15:36:33.063 [AsyncHttpClient-1-16] DEBUG org.asynchttpclient.netty.handler.HttpHandler - 

Request DefaultHttpRequest(decodeResult: success, version: HTTP/1.1)
POST /session/ccb581f3972403829fa0eee625bcbaa2/timeouts HTTP/1.1
User-Agent: selenium/4.8.3 (java windows)
Content-Length: 22
Content-Type: application/json; charset=utf-8
host: localhost:1388
accept: */*

Response DefaultHttpResponse(decodeResult: success, version: HTTP/1.1)
HTTP/1.1 200 OK
Content-Length: 14
Content-Type: application/json; charset=utf-8
cache-control: no-cache

15:36:33.063 [AsyncHttpClient-1-16] DEBUG org.asynchttpclient.netty.channel.ChannelManager - Adding key: http://localhost:1388 for channel [id: 0xcfa79f6a, L:/127.0.0.1:52826 - R:localhost/127.0.0.1:1388]
15:36:33.064 [Forwarding maximizeCurrentWindow on session ccb581f3972403829fa0eee625bcbaa2 to remote] DEBUG org.asynchttpclient.netty.request.NettyRequestSender - Using pooled Channel '[id: 0xcfa79f6a, L:/127.0.0.1:52826 - R:localhost/127.0.0.1:1388]' for 'POST' to 'http://localhost:1388/session/ccb581f3972403829fa0eee625bcbaa2/window/maximize'
15:36:33.064 [Forwarding maximizeCurrentWindow on session ccb581f3972403829fa0eee625bcbaa2 to remote] DEBUG org.asynchttpclient.netty.request.NettyRequestSender - Using open Channel [id: 0xcfa79f6a, L:/127.0.0.1:52826 - R:localhost/127.0.0.1:1388] for POST '/session/ccb581f3972403829fa0eee625bcbaa2/window/maximize'
15:36:33.194 [AsyncHttpClient-1-16] DEBUG org.asynchttpclient.netty.handler.HttpHandler - 

Request DefaultHttpRequest(decodeResult: success, version: HTTP/1.1)
POST /session/ccb581f3972403829fa0eee625bcbaa2/window/maximize HTTP/1.1
User-Agent: selenium/4.8.3 (java windows)
Content-Length: 3
Content-Type: application/json; charset=utf-8
host: localhost:1388
accept: */*

Response DefaultHttpResponse(decodeResult: success, version: HTTP/1.1)
HTTP/1.1 200 OK
Content-Length: 51
Content-Type: application/json; charset=utf-8
cache-control: no-cache

15:36:33.195 [AsyncHttpClient-1-16] DEBUG org.asynchttpclient.netty.channel.ChannelManager - Adding key: http://localhost:1388 for channel [id: 0xcfa79f6a, L:/127.0.0.1:52826 - R:localhost/127.0.0.1:1388]
15:36:33.196 [Forwarding get on session ccb581f3972403829fa0eee625bcbaa2 to remote] DEBUG org.asynchttpclient.netty.request.NettyRequestSender - Using pooled Channel '[id: 0xcfa79f6a, L:/127.0.0.1:52826 - R:localhost/127.0.0.1:1388]' for 'POST' to 'http://localhost:1388/session/ccb581f3972403829fa0eee625bcbaa2/url'
15:36:33.196 [Forwarding get on session ccb581f3972403829fa0eee625bcbaa2 to remote] DEBUG org.asynchttpclient.netty.request.NettyRequestSender - Using open Channel [id: 0xcfa79f6a, L:/127.0.0.1:52826 - R:localhost/127.0.0.1:1388] for POST '/session/ccb581f3972403829fa0eee625bcbaa2/url'
15:36:33.996 [AsyncHttpClient-1-1] DEBUG org.asynchttpclient.netty.channel.DefaultChannelPool - Entry count for : http://localhost:52827 : 1
15:36:34.979 [AsyncHttpClient-1-16] DEBUG org.asynchttpclient.netty.handler.HttpHandler - 

Request DefaultHttpRequest(decodeResult: success, version: HTTP/1.1)
POST /session/ccb581f3972403829fa0eee625bcbaa2/url HTTP/1.1
User-Agent: selenium/4.8.3 (java windows)
Content-Length: 52
Content-Type: application/json; charset=utf-8
host: localhost:1388
accept: */*

Response DefaultHttpResponse(decodeResult: success, version: HTTP/1.1)
HTTP/1.1 200 OK
Content-Length: 14
Content-Type: application/json; charset=utf-8
cache-control: no-cache

15:36:34.979 [AsyncHttpClient-1-16] DEBUG org.asynchttpclient.netty.channel.ChannelManager - Adding key: http://localhost:1388 for channel [id: 0xcfa79f6a, L:/127.0.0.1:52826 - R:localhost/127.0.0.1:1388]
2023-06-21 15:36:34 INFO  BaseTest:110 - Test driver set up done successfully**********
2023-06-21 15:36:34 INFO  BaseTest:128 - Logging in to portal
15:36:34.983 [Forwarding findElement on session ccb581f3972403829fa0eee625bcbaa2 to remote] DEBUG org.asynchttpclient.netty.request.NettyRequestSender - Using pooled Channel '[id: 0xcfa79f6a, L:/127.0.0.1:52826 - R:localhost/127.0.0.1:1388]' for 'POST' to 'http://localhost:1388/session/ccb581f3972403829fa0eee625bcbaa2/element'
15:36:34.983 [Forwarding findElement on session ccb581f3972403829fa0eee625bcbaa2 to remote] DEBUG org.asynchttpclient.netty.request.NettyRequestSender - Using open Channel [id: 0xcfa79f6a, L:/127.0.0.1:52826 - R:localhost/127.0.0.1:1388] for POST '/session/ccb581f3972403829fa0eee625bcbaa2/element'
15:36:35.000 [AsyncHttpClient-1-16] DEBUG org.asynchttpclient.netty.handler.HttpHandler - 

Request DefaultHttpRequest(decodeResult: success, version: HTTP/1.1)
POST /session/ccb581f3972403829fa0eee625bcbaa2/element HTTP/1.1
User-Agent: selenium/4.8.3 (java windows)
Content-Length: 59
Content-Type: application/json; charset=utf-8
host: localhost:1388
accept: */*

Response DefaultHttpResponse(decodeResult: success, version: HTTP/1.1)
HTTP/1.1 200 OK
Content-Length: 95
Content-Type: application/json; charset=utf-8
cache-control: no-cache

15:36:35.000 [AsyncHttpClient-1-16] DEBUG org.asynchttpclient.netty.channel.ChannelManager - Adding key: http://localhost:1388 for channel [id: 0xcfa79f6a, L:/127.0.0.1:52826 - R:localhost/127.0.0.1:1388]
15:36:35.002 [Forwarding clearElement on session ccb581f3972403829fa0eee625bcbaa2 to remote] DEBUG org.asynchttpclient.netty.request.NettyRequestSender - Using pooled Channel '[id: 0xcfa79f6a, L:/127.0.0.1:52826 - R:localhost/127.0.0.1:1388]' for 'POST' to 'http://localhost:1388/session/ccb581f3972403829fa0eee625bcbaa2/element/C55F5970A8BD6FD07D605686282CB7E3_element_27/clear'
15:36:35.003 [Forwarding clearElement on session ccb581f3972403829fa0eee625bcbaa2 to remote] DEBUG org.asynchttpclient.netty.request.NettyRequestSender - Using open Channel [id: 0xcfa79f6a, L:/127.0.0.1:52826 - R:localhost/127.0.0.1:1388] for POST '/session/ccb581f3972403829fa0eee625bcbaa2/element/C55F5970A8BD6FD07D605686282CB7E3_element_27/clear'
15:36:35.060 [AsyncHttpClient-1-16] DEBUG org.asynchttpclient.netty.handler.HttpHandler - 

Request DefaultHttpRequest(decodeResult: success, version: HTTP/1.1)
POST /session/ccb581f3972403829fa0eee625bcbaa2/element/C55F5970A8BD6FD07D605686282CB7E3_element_27/clear HTTP/1.1
User-Agent: selenium/4.8.3 (java windows)
Content-Length: 57
Content-Type: application/json; charset=utf-8
host: localhost:1388
accept: */*

Response DefaultHttpResponse(decodeResult: success, version: HTTP/1.1)
HTTP/1.1 200 OK
Content-Length: 14
Content-Type: application/json; charset=utf-8
cache-control: no-cache

15:36:35.060 [AsyncHttpClient-1-16] DEBUG org.asynchttpclient.netty.channel.ChannelManager - Adding key: http://localhost:1388 for channel [id: 0xcfa79f6a, L:/127.0.0.1:52826 - R:localhost/127.0.0.1:1388]
15:36:35.062 [Forwarding findElement on session ccb581f3972403829fa0eee625bcbaa2 to remote] DEBUG org.asynchttpclient.netty.request.NettyRequestSender - Using pooled Channel '[id: 0xcfa79f6a, L:/127.0.0.1:52826 - R:localhost/127.0.0.1:1388]' for 'POST' to 'http://localhost:1388/session/ccb581f3972403829fa0eee625bcbaa2/element'
15:36:35.062 [Forwarding findElement on session ccb581f3972403829fa0eee625bcbaa2 to remote] DEBUG org.asynchttpclient.netty.request.NettyRequestSender - Using open Channel [id: 0xcfa79f6a, L:/127.0.0.1:52826 - R:localhost/127.0.0.1:1388] for POST '/session/ccb581f3972403829fa0eee625bcbaa2/element'
15:36:35.072 [AsyncHttpClient-1-16] DEBUG org.asynchttpclient.netty.handler.HttpHandler - 

Request DefaultHttpRequest(decodeResult: success, version: HTTP/1.1)
POST /session/ccb581f3972403829fa0eee625bcbaa2/element HTTP/1.1
User-Agent: selenium/4.8.3 (java windows)
Content-Length: 59
Content-Type: application/json; charset=utf-8
host: localhost:1388
accept: */*

Response DefaultHttpResponse(decodeResult: success, version: HTTP/1.1)
HTTP/1.1 200 OK
Content-Length: 95
Content-Type: application/json; charset=utf-8
cache-control: no-cache

15:36:35.072 [AsyncHttpClient-1-16] DEBUG org.asynchttpclient.netty.channel.ChannelManager - Adding key: http://localhost:1388 for channel [id: 0xcfa79f6a, L:/127.0.0.1:52826 - R:localhost/127.0.0.1:1388]
15:36:35.074 [Forwarding sendKeysToElement on session ccb581f3972403829fa0eee625bcbaa2 to remote] DEBUG org.asynchttpclient.netty.request.NettyRequestSender - Using pooled Channel '[id: 0xcfa79f6a, L:/127.0.0.1:52826 - R:localhost/127.0.0.1:1388]' for 'POST' to 'http://localhost:1388/session/ccb581f3972403829fa0eee625bcbaa2/element/C55F5970A8BD6FD07D605686282CB7E3_element_27/value'
15:36:35.074 [Forwarding sendKeysToElement on session ccb581f3972403829fa0eee625bcbaa2 to remote] DEBUG org.asynchttpclient.netty.request.NettyRequestSender - Using open Channel [id: 0xcfa79f6a, L:/127.0.0.1:52826 - R:localhost/127.0.0.1:1388] for POST '/session/ccb581f3972403829fa0eee625bcbaa2/element/C55F5970A8BD6FD07D605686282CB7E3_element_27/value'
15:36:35.097 [AsyncHttpClient-1-1] DEBUG org.asynchttpclient.netty.channel.DefaultChannelPool - Entry count for : http://localhost:52827 : 1
15:36:35.237 [AsyncHttpClient-1-16] DEBUG org.asynchttpclient.netty.handler.HttpHandler - 

Request DefaultHttpRequest(decodeResult: success, version: HTTP/1.1)
POST /session/ccb581f3972403829fa0eee625bcbaa2/element/C55F5970A8BD6FD07D605686282CB7E3_element_27/value HTTP/1.1
User-Agent: selenium/4.8.3 (java windows)
Content-Length: 188
Content-Type: application/json; charset=utf-8
host: localhost:1388
accept: */*

Response DefaultHttpResponse(decodeResult: success, version: HTTP/1.1)
HTTP/1.1 200 OK
Content-Length: 14
Content-Type: application/json; charset=utf-8
cache-control: no-cache

15:36:35.237 [AsyncHttpClient-1-16] DEBUG org.asynchttpclient.netty.channel.ChannelManager - Adding key: http://localhost:1388 for channel [id: 0xcfa79f6a, L:/127.0.0.1:52826 - R:localhost/127.0.0.1:1388]
15:36:35.238 [Forwarding findElement on session ccb581f3972403829fa0eee625bcbaa2 to remote] DEBUG org.asynchttpclient.netty.request.NettyRequestSender - Using pooled Channel '[id: 0xcfa79f6a, L:/127.0.0.1:52826 - R:localhost/127.0.0.1:1388]' for 'POST' to 'http://localhost:1388/session/ccb581f3972403829fa0eee625bcbaa2/element'
15:36:35.238 [Forwarding findElement on session ccb581f3972403829fa0eee625bcbaa2 to remote] DEBUG org.asynchttpclient.netty.request.NettyRequestSender - Using open Channel [id: 0xcfa79f6a, L:/127.0.0.1:52826 - R:localhost/127.0.0.1:1388] for POST '/session/ccb581f3972403829fa0eee625bcbaa2/element'
15:36:35.265 [AsyncHttpClient-1-16] DEBUG org.asynchttpclient.netty.handler.HttpHandler - 

Request DefaultHttpRequest(decodeResult: success, version: HTTP/1.1)
POST /session/ccb581f3972403829fa0eee625bcbaa2/element HTTP/1.1
User-Agent: selenium/4.8.3 (java windows)
Content-Length: 62
Content-Type: application/json; charset=utf-8
host: localhost:1388
accept: */*

Response DefaultHttpResponse(decodeResult: success, version: HTTP/1.1)
HTTP/1.1 200 OK
Content-Length: 95
Content-Type: application/json; charset=utf-8
cache-control: no-cache

15:36:35.265 [AsyncHttpClient-1-16] DEBUG org.asynchttpclient.netty.channel.ChannelManager - Adding key: http://localhost:1388 for channel [id: 0xcfa79f6a, L:/127.0.0.1:52826 - R:localhost/127.0.0.1:1388]
15:36:35.266 [Forwarding clearElement on session ccb581f3972403829fa0eee625bcbaa2 to remote] DEBUG org.asynchttpclient.netty.request.NettyRequestSender - Using pooled Channel '[id: 0xcfa79f6a, L:/127.0.0.1:52826 - R:localhost/127.0.0.1:1388]' for 'POST' to 'http://localhost:1388/session/ccb581f3972403829fa0eee625bcbaa2/element/C55F5970A8BD6FD07D605686282CB7E3_element_32/clear'
15:36:35.266 [Forwarding clearElement on session ccb581f3972403829fa0eee625bcbaa2 to remote] DEBUG org.asynchttpclient.netty.request.NettyRequestSender - Using open Channel [id: 0xcfa79f6a, L:/127.0.0.1:52826 - R:localhost/127.0.0.1:1388] for POST '/session/ccb581f3972403829fa0eee625bcbaa2/element/C55F5970A8BD6FD07D605686282CB7E3_element_32/clear'
15:36:35.302 [AsyncHttpClient-1-16] DEBUG org.asynchttpclient.netty.handler.HttpHandler - 

Request DefaultHttpRequest(decodeResult: success, version: HTTP/1.1)
POST /session/ccb581f3972403829fa0eee625bcbaa2/element/C55F5970A8BD6FD07D605686282CB7E3_element_32/clear HTTP/1.1
User-Agent: selenium/4.8.3 (java windows)
Content-Length: 57
Content-Type: application/json; charset=utf-8
host: localhost:1388
accept: */*

Response DefaultHttpResponse(decodeResult: success, version: HTTP/1.1)
HTTP/1.1 200 OK
Content-Length: 14
Content-Type: application/json; charset=utf-8
cache-control: no-cache

15:36:35.303 [AsyncHttpClient-1-16] DEBUG org.asynchttpclient.netty.channel.ChannelManager - Adding key: http://localhost:1388 for channel [id: 0xcfa79f6a, L:/127.0.0.1:52826 - R:localhost/127.0.0.1:1388]
15:36:35.304 [Forwarding findElement on session ccb581f3972403829fa0eee625bcbaa2 to remote] DEBUG org.asynchttpclient.netty.request.NettyRequestSender - Using pooled Channel '[id: 0xcfa79f6a, L:/127.0.0.1:52826 - R:localhost/127.0.0.1:1388]' for 'POST' to 'http://localhost:1388/session/ccb581f3972403829fa0eee625bcbaa2/element'
15:36:35.304 [Forwarding findElement on session ccb581f3972403829fa0eee625bcbaa2 to remote] DEBUG org.asynchttpclient.netty.request.NettyRequestSender - Using open Channel [id: 0xcfa79f6a, L:/127.0.0.1:52826 - R:localhost/127.0.0.1:1388] for POST '/session/ccb581f3972403829fa0eee625bcbaa2/element'
15:36:35.315 [AsyncHttpClient-1-16] DEBUG org.asynchttpclient.netty.handler.HttpHandler - 

Request DefaultHttpRequest(decodeResult: success, version: HTTP/1.1)
POST /session/ccb581f3972403829fa0eee625bcbaa2/element HTTP/1.1
User-Agent: selenium/4.8.3 (java windows)
Content-Length: 62
Content-Type: application/json; charset=utf-8
host: localhost:1388
accept: */*

Response DefaultHttpResponse(decodeResult: success, version: HTTP/1.1)
HTTP/1.1 200 OK
Content-Length: 95
Content-Type: application/json; charset=utf-8
cache-control: no-cache

15:36:35.315 [AsyncHttpClient-1-16] DEBUG org.asynchttpclient.netty.channel.ChannelManager - Adding key: http://localhost:1388 for channel [id: 0xcfa79f6a, L:/127.0.0.1:52826 - R:localhost/127.0.0.1:1388]
15:36:35.316 [Forwarding sendKeysToElement on session ccb581f3972403829fa0eee625bcbaa2 to remote] DEBUG org.asynchttpclient.netty.request.NettyRequestSender - Using pooled Channel '[id: 0xcfa79f6a, L:/127.0.0.1:52826 - R:localhost/127.0.0.1:1388]' for 'POST' to 'http://localhost:1388/session/ccb581f3972403829fa0eee625bcbaa2/element/C55F5970A8BD6FD07D605686282CB7E3_element_32/value'
15:36:35.317 [Forwarding sendKeysToElement on session ccb581f3972403829fa0eee625bcbaa2 to remote] DEBUG org.asynchttpclient.netty.request.NettyRequestSender - Using open Channel [id: 0xcfa79f6a, L:/127.0.0.1:52826 - R:localhost/127.0.0.1:1388] for POST '/session/ccb581f3972403829fa0eee625bcbaa2/element/C55F5970A8BD6FD07D605686282CB7E3_element_32/value'
15:36:35.412 [AsyncHttpClient-1-16] DEBUG org.asynchttpclient.netty.handler.HttpHandler - 

Request DefaultHttpRequest(decodeResult: success, version: HTTP/1.1)
POST /session/ccb581f3972403829fa0eee625bcbaa2/element/C55F5970A8BD6FD07D605686282CB7E3_element_32/value HTTP/1.1
User-Agent: selenium/4.8.3 (java windows)
Content-Length: 148
Content-Type: application/json; charset=utf-8
host: localhost:1388
accept: */*

Response DefaultHttpResponse(decodeResult: success, version: HTTP/1.1)
HTTP/1.1 200 OK
Content-Length: 14
Content-Type: application/json; charset=utf-8
cache-control: no-cache

15:36:35.412 [AsyncHttpClient-1-16] DEBUG org.asynchttpclient.netty.channel.ChannelManager - Adding key: http://localhost:1388 for channel [id: 0xcfa79f6a, L:/127.0.0.1:52826 - R:localhost/127.0.0.1:1388]
15:36:35.413 [Forwarding findElement on session ccb581f3972403829fa0eee625bcbaa2 to remote] DEBUG org.asynchttpclient.netty.request.NettyRequestSender - Using pooled Channel '[id: 0xcfa79f6a, L:/127.0.0.1:52826 - R:localhost/127.0.0.1:1388]' for 'POST' to 'http://localhost:1388/session/ccb581f3972403829fa0eee625bcbaa2/element'
15:36:35.414 [Forwarding findElement on session ccb581f3972403829fa0eee625bcbaa2 to remote] DEBUG org.asynchttpclient.netty.request.NettyRequestSender - Using open Channel [id: 0xcfa79f6a, L:/127.0.0.1:52826 - R:localhost/127.0.0.1:1388] for POST '/session/ccb581f3972403829fa0eee625bcbaa2/element'
15:36:35.431 [AsyncHttpClient-1-16] DEBUG org.asynchttpclient.netty.handler.HttpHandler - 

Request DefaultHttpRequest(decodeResult: success, version: HTTP/1.1)
POST /session/ccb581f3972403829fa0eee625bcbaa2/element HTTP/1.1
User-Agent: selenium/4.8.3 (java windows)
Content-Length: 71
Content-Type: application/json; charset=utf-8
host: localhost:1388
accept: */*

Response DefaultHttpResponse(decodeResult: success, version: HTTP/1.1)
HTTP/1.1 200 OK
Content-Length: 95
Content-Type: application/json; charset=utf-8
cache-control: no-cache

15:36:35.431 [AsyncHttpClient-1-16] DEBUG org.asynchttpclient.netty.channel.ChannelManager - Adding key: http://localhost:1388 for channel [id: 0xcfa79f6a, L:/127.0.0.1:52826 - R:localhost/127.0.0.1:1388]
15:36:35.433 [Forwarding clickElement on session ccb581f3972403829fa0eee625bcbaa2 to remote] DEBUG org.asynchttpclient.netty.request.NettyRequestSender - Using pooled Channel '[id: 0xcfa79f6a, L:/127.0.0.1:52826 - R:localhost/127.0.0.1:1388]' for 'POST' to 'http://localhost:1388/session/ccb581f3972403829fa0eee625bcbaa2/element/C55F5970A8BD6FD07D605686282CB7E3_element_33/click'
15:36:35.433 [Forwarding clickElement on session ccb581f3972403829fa0eee625bcbaa2 to remote] DEBUG org.asynchttpclient.netty.request.NettyRequestSender - Using open Channel [id: 0xcfa79f6a, L:/127.0.0.1:52826 - R:localhost/127.0.0.1:1388] for POST '/session/ccb581f3972403829fa0eee625bcbaa2/element/C55F5970A8BD6FD07D605686282CB7E3_element_33/click'
15:36:35.489 [AsyncHttpClient-1-16] DEBUG org.asynchttpclient.netty.handler.HttpHandler - 

Request DefaultHttpRequest(decodeResult: success, version: HTTP/1.1)
POST /session/ccb581f3972403829fa0eee625bcbaa2/element/C55F5970A8BD6FD07D605686282CB7E3_element_33/click HTTP/1.1
User-Agent: selenium/4.8.3 (java windows)
Content-Length: 57
Content-Type: application/json; charset=utf-8
host: localhost:1388
accept: */*

Response DefaultHttpResponse(decodeResult: success, version: HTTP/1.1)
HTTP/1.1 200 OK
Content-Length: 14
Content-Type: application/json; charset=utf-8
cache-control: no-cache

15:36:35.489 [AsyncHttpClient-1-16] DEBUG org.asynchttpclient.netty.channel.ChannelManager - Adding key: http://localhost:1388 for channel [id: 0xcfa79f6a, L:/127.0.0.1:52826 - R:localhost/127.0.0.1:1388]
2023-06-21 15:36:35 INFO  BaseTest:132 - Logged in
15:36:35.492 [rp-io-92] DEBUG com.epam.reportportal.service.Launch - Starting test item...rp-io-92
2023-06-21 15:36:35 INFO  Listeners:34 - Started Test null
15:36:35.493 [Forwarding findElement on session ccb581f3972403829fa0eee625bcbaa2 to remote] DEBUG org.asynchttpclient.netty.request.NettyRequestSender - Using pooled Channel '[id: 0xcfa79f6a, L:/127.0.0.1:52826 - R:localhost/127.0.0.1:1388]' for 'POST' to 'http://localhost:1388/session/ccb581f3972403829fa0eee625bcbaa2/element'
15:36:35.493 [Forwarding findElement on session ccb581f3972403829fa0eee625bcbaa2 to remote] DEBUG org.asynchttpclient.netty.request.NettyRequestSender - Using open Channel [id: 0xcfa79f6a, L:/127.0.0.1:52826 - R:localhost/127.0.0.1:1388] for POST '/session/ccb581f3972403829fa0eee625bcbaa2/element'
15:36:35.509 [rp-io-96] DEBUG com.epam.reportportal.service.Launch - TestItem with ID = '262f7747-6c96-4045-a458-4d5254157629' successfully finished.
15:36:35.509 [rp-io-96] DEBUG com.epam.reportportal.utils.SubscriptionUtils - Finish test item completed
15:36:35.514 [rp-io-92] DEBUG com.epam.reportportal.service.Launch - ReportPortal item with ID 'cc2b9d9d-1081-4bbf-8467-3673e5ce872e' has been created
15:36:35.514 [rp-io-92] DEBUG com.epam.reportportal.utils.SubscriptionUtils - Start test item successfully completed
15:36:35.982 [AsyncHttpClient-1-16] DEBUG org.asynchttpclient.netty.handler.HttpHandler - 

Request DefaultHttpRequest(decodeResult: success, version: HTTP/1.1)
POST /session/ccb581f3972403829fa0eee625bcbaa2/element HTTP/1.1
User-Agent: selenium/4.8.3 (java windows)
Content-Length: 168
Content-Type: application/json; charset=utf-8
host: localhost:1388
accept: */*

Response DefaultHttpResponse(decodeResult: success, version: HTTP/1.1)
HTTP/1.1 200 OK
Content-Length: 95
Content-Type: application/json; charset=utf-8
cache-control: no-cache

15:36:35.983 [AsyncHttpClient-1-16] DEBUG org.asynchttpclient.netty.channel.ChannelManager - Adding key: http://localhost:1388 for channel [id: 0xcfa79f6a, L:/127.0.0.1:52826 - R:localhost/127.0.0.1:1388]
15:36:35.984 [Forwarding clickElement on session ccb581f3972403829fa0eee625bcbaa2 to remote] DEBUG org.asynchttpclient.netty.request.NettyRequestSender - Using pooled Channel '[id: 0xcfa79f6a, L:/127.0.0.1:52826 - R:localhost/127.0.0.1:1388]' for 'POST' to 'http://localhost:1388/session/ccb581f3972403829fa0eee625bcbaa2/element/C55F5970A8BD6FD07D605686282CB7E3_element_38/click'
15:36:35.984 [Forwarding clickElement on session ccb581f3972403829fa0eee625bcbaa2 to remote] DEBUG org.asynchttpclient.netty.request.NettyRequestSender - Using open Channel [id: 0xcfa79f6a, L:/127.0.0.1:52826 - R:localhost/127.0.0.1:1388] for POST '/session/ccb581f3972403829fa0eee625bcbaa2/element/C55F5970A8BD6FD07D605686282CB7E3_element_38/click'
15:36:36.151 [AsyncHttpClient-1-16] DEBUG org.asynchttpclient.netty.handler.HttpHandler - 

Request DefaultHttpRequest(decodeResult: success, version: HTTP/1.1)
POST /session/ccb581f3972403829fa0eee625bcbaa2/element/C55F5970A8BD6FD07D605686282CB7E3_element_38/click HTTP/1.1
User-Agent: selenium/4.8.3 (java windows)
Content-Length: 57
Content-Type: application/json; charset=utf-8
host: localhost:1388
accept: */*

Response DefaultHttpResponse(decodeResult: success, version: HTTP/1.1)
HTTP/1.1 200 OK
Content-Length: 14
Content-Type: application/json; charset=utf-8
cache-control: no-cache

15:36:36.152 [AsyncHttpClient-1-16] DEBUG org.asynchttpclient.netty.channel.ChannelManager - Adding key: http://localhost:1388 for channel [id: 0xcfa79f6a, L:/127.0.0.1:52826 - R:localhost/127.0.0.1:1388]
15:36:36.153 [Forwarding findElement on session ccb581f3972403829fa0eee625bcbaa2 to remote] DEBUG org.asynchttpclient.netty.request.NettyRequestSender - Using pooled Channel '[id: 0xcfa79f6a, L:/127.0.0.1:52826 - R:localhost/127.0.0.1:1388]' for 'POST' to 'http://localhost:1388/session/ccb581f3972403829fa0eee625bcbaa2/element'
15:36:36.153 [Forwarding findElement on session ccb581f3972403829fa0eee625bcbaa2 to remote] DEBUG org.asynchttpclient.netty.request.NettyRequestSender - Using open Channel [id: 0xcfa79f6a, L:/127.0.0.1:52826 - R:localhost/127.0.0.1:1388] for POST '/session/ccb581f3972403829fa0eee625bcbaa2/element'
15:36:36.196 [AsyncHttpClient-1-1] DEBUG org.asynchttpclient.netty.channel.DefaultChannelPool - Entry count for : http://localhost:52827 : 1
15:36:37.296 [AsyncHttpClient-1-1] DEBUG org.asynchttpclient.netty.channel.DefaultChannelPool - Entry count for : http://localhost:52827 : 1
15:36:38.396 [AsyncHttpClient-1-1] DEBUG org.asynchttpclient.netty.channel.DefaultChannelPool - Entry count for : http://localhost:52827 : 1
15:36:39.497 [AsyncHttpClient-1-1] DEBUG org.asynchttpclient.netty.channel.DefaultChannelPool - Entry count for : http://localhost:52827 : 1
15:36:40.462 [AsyncHttpClient-1-16] DEBUG org.asynchttpclient.netty.handler.HttpHandler - 

Request DefaultHttpRequest(decodeResult: success, version: HTTP/1.1)
POST /session/ccb581f3972403829fa0eee625bcbaa2/element HTTP/1.1
User-Agent: selenium/4.8.3 (java windows)
Content-Length: 81
Content-Type: application/json; charset=utf-8
host: localhost:1388
accept: */*

Response DefaultHttpResponse(decodeResult: success, version: HTTP/1.1)
HTTP/1.1 404 Not Found
Content-Length: 971
Content-Type: application/json; charset=utf-8
cache-control: no-cache

15:36:40.462 [AsyncHttpClient-1-16] DEBUG org.asynchttpclient.netty.channel.ChannelManager - Adding key: http://localhost:1388 for channel [id: 0xcfa79f6a, L:/127.0.0.1:52826 - R:localhost/127.0.0.1:1388]
2023-06-21 15:36:40 INFO  Listeners:42 - Failed Test null
]]></system-out>
    <system-err><![CDATA[Starting ChromeDriver 114.0.5735.90 (386bc09e8f4f2e025eddae123f36f6263096ae49-refs/branch-heads/5735@{#1052}) on port 1388
Only local connections are allowed.
Please see https://chromedriver.chromium.org/security-considerations for suggestions on keeping ChromeDriver safe.
ChromeDriver was started successfully.
Jun 21, 2023 3:36:33 PM org.openqa.selenium.devtools.CdpVersionFinder findNearestMatch
WARNING: Unable to find an exact match for CDP version 114, so returning the closest version found: 111
]]></system-err>
  </testcase>
  <testcase name="searchDashboardNameDP[FLAKY TEST CASES](12)" classname="alltests.uitest.coreTest.DashboardPageTest" time="5.19">
    <failure message="no such element: Unable to locate element: {&quot;method&quot;:&quot;xpath&quot;,&quot;selector&quot;:&quot;//*[text()=&apos;FLAKY TEST CASES&apos;]&quot;}&#10;  (Session info: chrome=114.0.5735.134)&#10;For documentation on this error, please visit: https://selenium.dev/exceptions/#no_such_element&#10;Build info: version: &apos;4.8.3&apos;, revision: &apos;e5e76298c3&apos;&#10;System info: os.name: &apos;Windows 10&apos;, os.arch: &apos;amd64&apos;, os.version: &apos;10.0&apos;, java.version: &apos;17.0.3.1&apos;&#10;Driver info: org.openqa.selenium.chrome.ChromeDriver&#10;Command: [1cf06c5cba1cda4e029cc5ef0355eb1d, findElement {using=xpath, value=//*[text()=&apos;FLAKY TEST CASES&apos;]}]&#10;Capabilities {acceptInsecureCerts: false, browserName: chrome, browserVersion: 114.0.5735.134, chrome: {chromedriverVersion: 114.0.5735.90 (386bc09e8f4f..., userDataDir: C:\Users\SUWARN~1\AppData\L...}, goog:chromeOptions: {debuggerAddress: localhost:52868}, networkConnectionEnabled: false, pageLoadStrategy: normal, platformName: WINDOWS, proxy: Proxy(), se:cdp: ws://localhost:52868/devtoo..., se:cdpVersion: 114.0.5735.134, setWindowRect: true, strictFileInteractability: false, timeouts: {implicit: 0, pageLoad: 300000, script: 30000}, unhandledPromptBehavior: dismiss and notify, webauthn:extension:credBlob: true, webauthn:extension:largeBlob: true, webauthn:extension:minPinLength: true, webauthn:extension:prf: true, webauthn:virtualAuthenticators: true}&#10;Session ID: 1cf06c5cba1cda4e029cc5ef0355eb1d" type="org.openqa.selenium.NoSuchElementException"><![CDATA[org.openqa.selenium.NoSuchElementException: 
no such element: Unable to locate element: {"method":"xpath","selector":"//*[text()='FLAKY TEST CASES']"}
  (Session info: chrome=114.0.5735.134)
For documentation on this error, please visit: https://selenium.dev/exceptions/#no_such_element
Build info: version: '4.8.3', revision: 'e5e76298c3'
System info: os.name: 'Windows 10', os.arch: 'amd64', os.version: '10.0', java.version: '17.0.3.1'
Driver info: org.openqa.selenium.chrome.ChromeDriver
Command: [1cf06c5cba1cda4e029cc5ef0355eb1d, findElement {using=xpath, value=//*[text()='FLAKY TEST CASES']}]
Capabilities {acceptInsecureCerts: false, browserName: chrome, browserVersion: 114.0.5735.134, chrome: {chromedriverVersion: 114.0.5735.90 (386bc09e8f4f..., userDataDir: C:\Users\SUWARN~1\AppData\L...}, goog:chromeOptions: {debuggerAddress: localhost:52868}, networkConnectionEnabled: false, pageLoadStrategy: normal, platformName: WINDOWS, proxy: Proxy(), se:cdp: ws://localhost:52868/devtoo..., se:cdpVersion: 114.0.5735.134, setWindowRect: true, strictFileInteractability: false, timeouts: {implicit: 0, pageLoad: 300000, script: 30000}, unhandledPromptBehavior: dismiss and notify, webauthn:extension:credBlob: true, webauthn:extension:largeBlob: true, webauthn:extension:minPinLength: true, webauthn:extension:prf: true, webauthn:virtualAuthenticators: true}
Session ID: 1cf06c5cba1cda4e029cc5ef0355eb1d
	at java.base/jdk.internal.reflect.NativeConstructorAccessorImpl.newInstance0(Native Method)
	at java.base/jdk.internal.reflect.NativeConstructorAccessorImpl.newInstance(NativeConstructorAccessorImpl.java:77)
	at java.base/jdk.internal.reflect.DelegatingConstructorAccessorImpl.newInstance(DelegatingConstructorAccessorImpl.java:45)
	at java.base/java.lang.reflect.Constructor.newInstanceWithCaller(Constructor.java:499)
	at java.base/java.lang.reflect.Constructor.newInstance(Constructor.java:480)
	at org.openqa.selenium.remote.codec.w3c.W3CHttpResponseCodec.createException(W3CHttpResponseCodec.java:200)
	at org.openqa.selenium.remote.codec.w3c.W3CHttpResponseCodec.decode(W3CHttpResponseCodec.java:133)
	at org.openqa.selenium.remote.codec.w3c.W3CHttpResponseCodec.decode(W3CHttpResponseCodec.java:53)
	at org.openqa.selenium.remote.HttpCommandExecutor.execute(HttpCommandExecutor.java:193)
	at org.openqa.selenium.remote.service.DriverCommandExecutor.invokeExecute(DriverCommandExecutor.java:183)
	at org.openqa.selenium.remote.service.DriverCommandExecutor.execute(DriverCommandExecutor.java:158)
	at org.openqa.selenium.remote.RemoteWebDriver.execute(RemoteWebDriver.java:543)
	at org.openqa.selenium.remote.ElementLocation$ElementFinder$2.findElement(ElementLocation.java:162)
	at org.openqa.selenium.remote.ElementLocation.findElement(ElementLocation.java:60)
	at org.openqa.selenium.remote.RemoteWebDriver.findElement(RemoteWebDriver.java:352)
	at org.openqa.selenium.remote.RemoteWebDriver.findElement(RemoteWebDriver.java:344)
	at pageobject.DemoDashboard.verifyNamesOfWidgetPresetOnDemoDashboard(DemoDashboard.java:31)
	at alltests.uitest.coreTest.DashboardPageTest.searchDashboardNameDP(DashboardPageTest.java:38)
	at java.base/jdk.internal.reflect.NativeMethodAccessorImpl.invoke0(Native Method)
	at java.base/jdk.internal.reflect.NativeMethodAccessorImpl.invoke(NativeMethodAccessorImpl.java:77)
	at java.base/jdk.internal.reflect.DelegatingMethodAccessorImpl.invoke(DelegatingMethodAccessorImpl.java:43)
	at java.base/java.lang.reflect.Method.invoke(Method.java:568)
	at org.testng.internal.invokers.MethodInvocationHelper.invokeMethod(MethodInvocationHelper.java:139)
	at org.testng.internal.invokers.TestInvoker.invokeMethod(TestInvoker.java:677)
	at org.testng.internal.invokers.TestInvoker.invokeTestMethod(TestInvoker.java:221)
	at org.testng.internal.invokers.MethodRunner.runInSequence(MethodRunner.java:50)
	at org.testng.internal.invokers.TestInvoker$MethodInvocationAgent.invoke(TestInvoker.java:969)
	at org.testng.internal.invokers.TestInvoker.invokeTestMethods(TestInvoker.java:194)
	at org.testng.internal.invokers.TestMethodWorker.invokeTestMethods(TestMethodWorker.java:148)
	at org.testng.internal.invokers.TestMethodWorker.run(TestMethodWorker.java:128)
	at java.base/java.util.ArrayList.forEach(ArrayList.java:1511)
	at org.testng.TestRunner.privateRun(TestRunner.java:829)
	at org.testng.TestRunner.run(TestRunner.java:602)
	at org.testng.SuiteRunner.runTest(SuiteRunner.java:437)
	at org.testng.SuiteRunner.runSequentially(SuiteRunner.java:431)
	at org.testng.SuiteRunner.privateRun(SuiteRunner.java:391)
	at org.testng.SuiteRunner.run(SuiteRunner.java:330)
	at org.testng.SuiteRunnerWorker.runSuite(SuiteRunnerWorker.java:52)
	at org.testng.SuiteRunnerWorker.run(SuiteRunnerWorker.java:95)
	at org.testng.TestNG.runSuitesSequentially(TestNG.java:1256)
	at org.testng.TestNG.runSuitesLocally(TestNG.java:1176)
	at org.testng.TestNG.runSuites(TestNG.java:1099)
	at org.testng.TestNG.run(TestNG.java:1067)
	at org.apache.maven.surefire.testng.TestNGExecutor.run(TestNGExecutor.java:308)
	at org.apache.maven.surefire.testng.TestNGXmlTestSuite.execute(TestNGXmlTestSuite.java:71)
	at org.apache.maven.surefire.testng.TestNGProvider.invoke(TestNGProvider.java:113)
	at org.apache.maven.surefire.booter.ForkedBooter.runSuitesInProcess(ForkedBooter.java:385)
	at org.apache.maven.surefire.booter.ForkedBooter.execute(ForkedBooter.java:162)
	at org.apache.maven.surefire.booter.ForkedBooter.run(ForkedBooter.java:507)
	at org.apache.maven.surefire.booter.ForkedBooter.main(ForkedBooter.java:495)
]]></failure>
    <system-out><![CDATA[15:36:40.466 [rp-io-6] DEBUG com.epam.reportportal.service.Launch - Starting test item...rp-io-6
15:36:40.469 [Forwarding screenshot on session ccb581f3972403829fa0eee625bcbaa2 to remote] DEBUG org.asynchttpclient.netty.request.NettyRequestSender - Using pooled Channel '[id: 0xcfa79f6a, L:/127.0.0.1:52826 - R:localhost/127.0.0.1:1388]' for 'GET' to 'http://localhost:1388/session/ccb581f3972403829fa0eee625bcbaa2/screenshot'
15:36:40.469 [Forwarding screenshot on session ccb581f3972403829fa0eee625bcbaa2 to remote] DEBUG org.asynchttpclient.netty.request.NettyRequestSender - Using open Channel [id: 0xcfa79f6a, L:/127.0.0.1:52826 - R:localhost/127.0.0.1:1388] for GET '/session/ccb581f3972403829fa0eee625bcbaa2/screenshot'
15:36:40.486 [rp-io-3] DEBUG com.epam.reportportal.service.Launch - TestItem with ID = 'cc2b9d9d-1081-4bbf-8467-3673e5ce872e' successfully finished.
15:36:40.486 [rp-io-3] DEBUG com.epam.reportportal.utils.SubscriptionUtils - Finish test item completed
15:36:40.488 [rp-io-8] DEBUG com.epam.reportportal.service.Launch - ReportPortal item with ID '7a1cf625-5779-44f0-8f53-81f3e4f0c8fd' has been created
15:36:40.488 [rp-io-8] DEBUG com.epam.reportportal.utils.SubscriptionUtils - Start test item successfully completed
15:36:40.596 [AsyncHttpClient-1-1] DEBUG org.asynchttpclient.netty.channel.DefaultChannelPool - Entry count for : http://localhost:52827 : 1
15:36:40.620 [AsyncHttpClient-1-16] DEBUG org.asynchttpclient.netty.handler.HttpHandler - 

Request DefaultFullHttpRequest(decodeResult: success, version: HTTP/1.1, content: EmptyByteBufBE)
GET /session/ccb581f3972403829fa0eee625bcbaa2/screenshot HTTP/1.1
User-Agent: selenium/4.8.3 (java windows)
Cache-Control: no-cache
Content-Type: application/json; charset=utf-8
host: localhost:1388
accept: */*

Response DefaultHttpResponse(decodeResult: success, version: HTTP/1.1)
HTTP/1.1 200 OK
Content-Length: 166088
Content-Type: application/json; charset=utf-8
cache-control: no-cache

15:36:40.621 [AsyncHttpClient-1-16] DEBUG org.asynchttpclient.netty.channel.ChannelManager - Adding key: http://localhost:1388 for channel [id: 0xcfa79f6a, L:/127.0.0.1:52826 - R:localhost/127.0.0.1:1388]
15:36:40.629 [AsyncHttpClient-1-2] DEBUG org.asynchttpclient.netty.handler.WebSocketHandler - Channel Closed: [id: 0xfd378fb0, L:/127.0.0.1:52837 ! R:localhost/127.0.0.1:52827] with attribute NettyResponseFuture{currentRetry=0,
	isDone=1,
	isCancelled=0,
	asyncHandler=org.asynchttpclient.ws.WebSocketUpgradeHandler@2edc38d8,
	nettyRequest=org.asynchttpclient.netty.request.NettyRequest@3f8e63f6,
	future=java.util.concurrent.CompletableFuture@4c7a6b15[Completed normally],
	uri=ws://localhost:52827/devtools/browser/33aeb8ae-5de6-44d5-b7d9-662ad473e67e,
	keepAlive=true,
	redirectCount=0,
	timeoutsHolder=null,
	inAuth=0,
	touch=1687354593058}
15:36:40.629 [AsyncHttpClient-1-2] DEBUG org.asynchttpclient.netty.channel.ChannelManager - Closing Channel [id: 0xfd378fb0, L:/127.0.0.1:52837 ! R:localhost/127.0.0.1:52827] 
15:36:40.629 [Driver Command Executor] DEBUG org.asynchttpclient.netty.request.NettyRequestSender - Using pooled Channel '[id: 0xcfa79f6a, L:/127.0.0.1:52826 - R:localhost/127.0.0.1:1388]' for 'DELETE' to 'http://localhost:1388/session/ccb581f3972403829fa0eee625bcbaa2'
15:36:40.629 [Driver Command Executor] DEBUG org.asynchttpclient.netty.request.NettyRequestSender - Using open Channel [id: 0xcfa79f6a, L:/127.0.0.1:52826 - R:localhost/127.0.0.1:1388] for DELETE '/session/ccb581f3972403829fa0eee625bcbaa2'
15:36:40.659 [AsyncHttpClient-1-17] DEBUG org.asynchttpclient.netty.handler.HttpHandler - Unexpected I/O exception on channel [id: 0x191d42d1, L:/127.0.0.1:52836 - R:localhost/127.0.0.1:52827]
java.net.SocketException: Connection reset
	at java.base/sun.nio.ch.SocketChannelImpl.throwConnectionReset(SocketChannelImpl.java:394)
	at java.base/sun.nio.ch.SocketChannelImpl.read(SocketChannelImpl.java:426)
	at io.netty.buffer.PooledByteBuf.setBytes(PooledByteBuf.java:256)
	at io.netty.buffer.AbstractByteBuf.writeBytes(AbstractByteBuf.java:1132)
	at io.netty.channel.socket.nio.NioSocketChannel.doReadBytes(NioSocketChannel.java:357)
	at io.netty.channel.nio.AbstractNioByteChannel$NioByteUnsafe.read(AbstractNioByteChannel.java:151)
	at io.netty.channel.nio.NioEventLoop.processSelectedKey(NioEventLoop.java:788)
	at io.netty.channel.nio.NioEventLoop.processSelectedKeysOptimized(NioEventLoop.java:724)
	at io.netty.channel.nio.NioEventLoop.processSelectedKeys(NioEventLoop.java:650)
	at io.netty.channel.nio.NioEventLoop.run(NioEventLoop.java:562)
	at io.netty.util.concurrent.SingleThreadEventExecutor$4.run(SingleThreadEventExecutor.java:997)
	at io.netty.util.internal.ThreadExecutorMap$2.run(ThreadExecutorMap.java:74)
	at io.netty.util.concurrent.FastThreadLocalRunnable.run(FastThreadLocalRunnable.java:30)
	at java.base/java.lang.Thread.run(Thread.java:833)
15:36:40.659 [AsyncHttpClient-1-17] DEBUG org.asynchttpclient.netty.channel.ChannelManager - Closing Channel [id: 0x191d42d1, L:/127.0.0.1:52836 - R:localhost/127.0.0.1:52827] 
15:36:40.659 [AsyncHttpClient-1-17] DEBUG org.asynchttpclient.netty.handler.HttpHandler - Channel Closed: [id: 0x191d42d1, L:/127.0.0.1:52836 ! R:localhost/127.0.0.1:52827] with attribute DISCARD
15:36:40.678 [AsyncHttpClient-1-16] DEBUG org.asynchttpclient.netty.handler.HttpHandler - 

Request DefaultFullHttpRequest(decodeResult: success, version: HTTP/1.1, content: EmptyByteBufBE)
DELETE /session/ccb581f3972403829fa0eee625bcbaa2 HTTP/1.1
User-Agent: selenium/4.8.3 (java windows)
Content-Type: application/json; charset=utf-8
host: localhost:1388
accept: */*

Response DefaultHttpResponse(decodeResult: success, version: HTTP/1.1)
HTTP/1.1 200 OK
Content-Length: 14
Content-Type: application/json; charset=utf-8
cache-control: no-cache

15:36:40.678 [AsyncHttpClient-1-16] DEBUG org.asynchttpclient.netty.channel.ChannelManager - Adding key: http://localhost:1388 for channel [id: 0xcfa79f6a, L:/127.0.0.1:52826 - R:localhost/127.0.0.1:1388]
15:36:40.751 [AsyncHttpClient-1-16] DEBUG org.asynchttpclient.netty.handler.HttpHandler - Channel Closed: [id: 0xcfa79f6a, L:/127.0.0.1:52826 ! R:localhost/127.0.0.1:1388] with attribute DISCARD
2023-06-21 15:36:40 INFO  BaseTest:89 - Test executed**********
15:36:40.810 [rp-io-16] DEBUG com.epam.reportportal.service.Launch - Starting test item...rp-io-16
2023-06-21 15:36:40 INFO  BaseTest:116 - Property files loaded successfully**********
15:36:40.821 [main] DEBUG io.github.bonigarcia.wdm.cache.ResolutionCache - Resolution chrome=114 in cache (valid until 16:09:26 21/06/2023 CEST)
15:36:40.823 [main] DEBUG io.github.bonigarcia.wdm.cache.ResolutionCache - Resolution chrome114=114.0.5735.90 in cache (valid until 09:55:46 22/06/2023 CEST)
15:36:40.823 [main] INFO io.github.bonigarcia.wdm.WebDriverManager - Using chromedriver 114.0.5735.90 (resolved driver for Chrome 114)
15:36:40.824 [rp-io-11] DEBUG com.epam.reportportal.service.Launch - TestItem with ID = '7a1cf625-5779-44f0-8f53-81f3e4f0c8fd' successfully finished.
15:36:40.824 [rp-io-11] DEBUG com.epam.reportportal.utils.SubscriptionUtils - Finish test item completed
15:36:40.828 [rp-io-16] DEBUG com.epam.reportportal.service.Launch - ReportPortal item with ID 'c49ee007-f86b-4718-a28b-a053aef36c27' has been created
15:36:40.828 [rp-io-16] DEBUG com.epam.reportportal.utils.SubscriptionUtils - Start test item successfully completed
15:36:40.831 [main] DEBUG io.github.bonigarcia.wdm.WebDriverManager - Driver chromedriver 114.0.5735.90 found in cache
15:36:40.832 [main] INFO io.github.bonigarcia.wdm.WebDriverManager - Exporting webdriver.chrome.driver as C:\Users\Suwarna_Wagh\.cache\selenium\chromedriver\win32\114.0.5735.90\chromedriver.exe
15:36:40.940 [AsyncHttpClient-1-3] DEBUG org.asynchttpclient.netty.channel.NettyConnectListener - Using new Channel '[id: 0xc6115efb, L:/127.0.0.1:52866 - R:localhost/127.0.0.1:23613]' for 'POST' to '/session'
15:36:41.697 [AsyncHttpClient-1-1] DEBUG org.asynchttpclient.netty.channel.DefaultChannelPool - Entry count for : http://localhost:1388 : 1
15:36:41.697 [AsyncHttpClient-1-1] DEBUG org.asynchttpclient.netty.channel.DefaultChannelPool - Entry count for : http://localhost:52827 : 1
15:36:41.697 [AsyncHttpClient-1-1] DEBUG org.asynchttpclient.netty.channel.DefaultChannelPool - Adding Candidate expired Channel [id: 0xcfa79f6a, L:/127.0.0.1:52826 ! R:localhost/127.0.0.1:1388] isIdleTimeoutExpired=false isRemotelyClosed=true isTtlExpired=false
15:36:41.697 [AsyncHttpClient-1-1] DEBUG org.asynchttpclient.netty.channel.DefaultChannelPool - Closing Idle Channel [id: 0xcfa79f6a, L:/127.0.0.1:52826 ! R:localhost/127.0.0.1:1388]
15:36:41.697 [AsyncHttpClient-1-1] DEBUG org.asynchttpclient.netty.channel.DefaultChannelPool - Adding Candidate expired Channel [id: 0x191d42d1, L:/127.0.0.1:52836 ! R:localhost/127.0.0.1:52827] isIdleTimeoutExpired=false isRemotelyClosed=true isTtlExpired=false
15:36:41.697 [AsyncHttpClient-1-1] DEBUG org.asynchttpclient.netty.channel.DefaultChannelPool - Closing Idle Channel [id: 0x191d42d1, L:/127.0.0.1:52836 ! R:localhost/127.0.0.1:52827]
15:36:41.697 [AsyncHttpClient-1-1] DEBUG org.asynchttpclient.netty.channel.DefaultChannelPool - Closed 2 connections out of 2 in 0 ms
15:36:42.604 [AsyncHttpClient-1-3] DEBUG org.asynchttpclient.netty.handler.HttpHandler - 

Request DefaultHttpRequest(decodeResult: success, version: HTTP/1.1)
POST /session HTTP/1.1
User-Agent: selenium/4.8.3 (java windows)
Content-Length: 439
Content-Type: application/json; charset=utf-8
host: localhost:23613
accept: */*

Response DefaultHttpResponse(decodeResult: success, version: HTTP/1.1)
HTTP/1.1 200 OK
Content-Length: 864
Content-Type: application/json; charset=utf-8
cache-control: no-cache

15:36:42.605 [AsyncHttpClient-1-3] DEBUG org.asynchttpclient.netty.channel.ChannelManager - Adding key: http://localhost:23613 for channel [id: 0xc6115efb, L:/127.0.0.1:52866 - R:localhost/127.0.0.1:23613]
15:36:42.614 [AsyncHttpClient-1-4] DEBUG org.asynchttpclient.netty.channel.NettyConnectListener - Using new Channel '[id: 0xd813664d, L:/127.0.0.1:52876 - R:localhost/127.0.0.1:52868]' for 'GET' to '/json/version'
15:36:42.615 [AsyncHttpClient-1-4] DEBUG org.asynchttpclient.netty.handler.HttpHandler - 

Request DefaultFullHttpRequest(decodeResult: success, version: HTTP/1.1, content: EmptyByteBufBE)
GET /json/version HTTP/1.1
User-Agent: selenium/4.8.3 (java windows)
host: localhost:52868
accept: */*

Response DefaultHttpResponse(decodeResult: success, version: HTTP/1.1)
HTTP/1.1 200 OK
Content-Security-Policy: frame-ancestors 'none'
Content-Length: 424
Content-Type: application/json; charset=UTF-8

15:36:42.615 [AsyncHttpClient-1-4] DEBUG org.asynchttpclient.netty.channel.ChannelManager - Adding key: http://localhost:52868 for channel [id: 0xd813664d, L:/127.0.0.1:52876 - R:localhost/127.0.0.1:52868]
15:36:42.618 [AsyncHttpClient-1-5] DEBUG org.asynchttpclient.netty.channel.NettyConnectListener - Using new Channel '[id: 0x66261f6a, L:/127.0.0.1:52877 - R:localhost/127.0.0.1:52868]' for 'GET' to '/devtools/browser/81201b79-f69b-43b7-9ca7-345ae72c4554'
15:36:42.619 [AsyncHttpClient-1-5] DEBUG org.asynchttpclient.netty.handler.WebSocketHandler - 

Request DefaultFullHttpRequest(decodeResult: success, version: HTTP/1.1, content: EmptyByteBufBE)
GET /devtools/browser/81201b79-f69b-43b7-9ca7-345ae72c4554 HTTP/1.1
upgrade: websocket
connection: upgrade
sec-websocket-key: kg6RGrYMeADMVSG2qL8inQ==
sec-websocket-version: 13
origin: http://localhost:52868
host: localhost:52868
accept: */*
user-agent: AHC/2.1

Response DefaultHttpResponse(decodeResult: success, version: HTTP/1.1)
HTTP/1.1 101 WebSocket Protocol Handshake
Upgrade: WebSocket
Connection: Upgrade
Sec-WebSocket-Accept: bzkiKHsSr7+gf4tYj8vRbuh4Bds=

15:36:42.624 [Forwarding setTimeout on session 1cf06c5cba1cda4e029cc5ef0355eb1d to remote] DEBUG org.asynchttpclient.netty.request.NettyRequestSender - Using pooled Channel '[id: 0xc6115efb, L:/127.0.0.1:52866 - R:localhost/127.0.0.1:23613]' for 'POST' to 'http://localhost:23613/session/1cf06c5cba1cda4e029cc5ef0355eb1d/timeouts'
15:36:42.624 [Forwarding setTimeout on session 1cf06c5cba1cda4e029cc5ef0355eb1d to remote] DEBUG org.asynchttpclient.netty.request.NettyRequestSender - Using open Channel [id: 0xc6115efb, L:/127.0.0.1:52866 - R:localhost/127.0.0.1:23613] for POST '/session/1cf06c5cba1cda4e029cc5ef0355eb1d/timeouts'
15:36:42.626 [AsyncHttpClient-1-3] DEBUG org.asynchttpclient.netty.handler.HttpHandler - 

Request DefaultHttpRequest(decodeResult: success, version: HTTP/1.1)
POST /session/1cf06c5cba1cda4e029cc5ef0355eb1d/timeouts HTTP/1.1
User-Agent: selenium/4.8.3 (java windows)
Content-Length: 22
Content-Type: application/json; charset=utf-8
host: localhost:23613
accept: */*

Response DefaultHttpResponse(decodeResult: success, version: HTTP/1.1)
HTTP/1.1 200 OK
Content-Length: 14
Content-Type: application/json; charset=utf-8
cache-control: no-cache

15:36:42.626 [AsyncHttpClient-1-3] DEBUG org.asynchttpclient.netty.channel.ChannelManager - Adding key: http://localhost:23613 for channel [id: 0xc6115efb, L:/127.0.0.1:52866 - R:localhost/127.0.0.1:23613]
15:36:42.627 [Forwarding maximizeCurrentWindow on session 1cf06c5cba1cda4e029cc5ef0355eb1d to remote] DEBUG org.asynchttpclient.netty.request.NettyRequestSender - Using pooled Channel '[id: 0xc6115efb, L:/127.0.0.1:52866 - R:localhost/127.0.0.1:23613]' for 'POST' to 'http://localhost:23613/session/1cf06c5cba1cda4e029cc5ef0355eb1d/window/maximize'
15:36:42.627 [Forwarding maximizeCurrentWindow on session 1cf06c5cba1cda4e029cc5ef0355eb1d to remote] DEBUG org.asynchttpclient.netty.request.NettyRequestSender - Using open Channel [id: 0xc6115efb, L:/127.0.0.1:52866 - R:localhost/127.0.0.1:23613] for POST '/session/1cf06c5cba1cda4e029cc5ef0355eb1d/window/maximize'
15:36:42.750 [AsyncHttpClient-1-3] DEBUG org.asynchttpclient.netty.handler.HttpHandler - 

Request DefaultHttpRequest(decodeResult: success, version: HTTP/1.1)
POST /session/1cf06c5cba1cda4e029cc5ef0355eb1d/window/maximize HTTP/1.1
User-Agent: selenium/4.8.3 (java windows)
Content-Length: 3
Content-Type: application/json; charset=utf-8
host: localhost:23613
accept: */*

Response DefaultHttpResponse(decodeResult: success, version: HTTP/1.1)
HTTP/1.1 200 OK
Content-Length: 51
Content-Type: application/json; charset=utf-8
cache-control: no-cache

15:36:42.750 [AsyncHttpClient-1-3] DEBUG org.asynchttpclient.netty.channel.ChannelManager - Adding key: http://localhost:23613 for channel [id: 0xc6115efb, L:/127.0.0.1:52866 - R:localhost/127.0.0.1:23613]
15:36:42.751 [Forwarding get on session 1cf06c5cba1cda4e029cc5ef0355eb1d to remote] DEBUG org.asynchttpclient.netty.request.NettyRequestSender - Using pooled Channel '[id: 0xc6115efb, L:/127.0.0.1:52866 - R:localhost/127.0.0.1:23613]' for 'POST' to 'http://localhost:23613/session/1cf06c5cba1cda4e029cc5ef0355eb1d/url'
15:36:42.751 [Forwarding get on session 1cf06c5cba1cda4e029cc5ef0355eb1d to remote] DEBUG org.asynchttpclient.netty.request.NettyRequestSender - Using open Channel [id: 0xc6115efb, L:/127.0.0.1:52866 - R:localhost/127.0.0.1:23613] for POST '/session/1cf06c5cba1cda4e029cc5ef0355eb1d/url'
15:36:42.796 [AsyncHttpClient-1-1] DEBUG org.asynchttpclient.netty.channel.DefaultChannelPool - Entry count for : http://localhost:52868 : 1
15:36:43.897 [AsyncHttpClient-1-1] DEBUG org.asynchttpclient.netty.channel.DefaultChannelPool - Entry count for : http://localhost:52868 : 1
15:36:44.663 [AsyncHttpClient-1-3] DEBUG org.asynchttpclient.netty.handler.HttpHandler - 

Request DefaultHttpRequest(decodeResult: success, version: HTTP/1.1)
POST /session/1cf06c5cba1cda4e029cc5ef0355eb1d/url HTTP/1.1
User-Agent: selenium/4.8.3 (java windows)
Content-Length: 52
Content-Type: application/json; charset=utf-8
host: localhost:23613
accept: */*

Response DefaultHttpResponse(decodeResult: success, version: HTTP/1.1)
HTTP/1.1 200 OK
Content-Length: 14
Content-Type: application/json; charset=utf-8
cache-control: no-cache

15:36:44.663 [AsyncHttpClient-1-3] DEBUG org.asynchttpclient.netty.channel.ChannelManager - Adding key: http://localhost:23613 for channel [id: 0xc6115efb, L:/127.0.0.1:52866 - R:localhost/127.0.0.1:23613]
2023-06-21 15:36:44 INFO  BaseTest:110 - Test driver set up done successfully**********
2023-06-21 15:36:44 INFO  BaseTest:128 - Logging in to portal
15:36:44.665 [Forwarding findElement on session 1cf06c5cba1cda4e029cc5ef0355eb1d to remote] DEBUG org.asynchttpclient.netty.request.NettyRequestSender - Using pooled Channel '[id: 0xc6115efb, L:/127.0.0.1:52866 - R:localhost/127.0.0.1:23613]' for 'POST' to 'http://localhost:23613/session/1cf06c5cba1cda4e029cc5ef0355eb1d/element'
15:36:44.665 [Forwarding findElement on session 1cf06c5cba1cda4e029cc5ef0355eb1d to remote] DEBUG org.asynchttpclient.netty.request.NettyRequestSender - Using open Channel [id: 0xc6115efb, L:/127.0.0.1:52866 - R:localhost/127.0.0.1:23613] for POST '/session/1cf06c5cba1cda4e029cc5ef0355eb1d/element'
15:36:44.681 [AsyncHttpClient-1-3] DEBUG org.asynchttpclient.netty.handler.HttpHandler - 

Request DefaultHttpRequest(decodeResult: success, version: HTTP/1.1)
POST /session/1cf06c5cba1cda4e029cc5ef0355eb1d/element HTTP/1.1
User-Agent: selenium/4.8.3 (java windows)
Content-Length: 59
Content-Type: application/json; charset=utf-8
host: localhost:23613
accept: */*

Response DefaultHttpResponse(decodeResult: success, version: HTTP/1.1)
HTTP/1.1 200 OK
Content-Length: 95
Content-Type: application/json; charset=utf-8
cache-control: no-cache

15:36:44.681 [AsyncHttpClient-1-3] DEBUG org.asynchttpclient.netty.channel.ChannelManager - Adding key: http://localhost:23613 for channel [id: 0xc6115efb, L:/127.0.0.1:52866 - R:localhost/127.0.0.1:23613]
15:36:44.682 [Forwarding clearElement on session 1cf06c5cba1cda4e029cc5ef0355eb1d to remote] DEBUG org.asynchttpclient.netty.request.NettyRequestSender - Using pooled Channel '[id: 0xc6115efb, L:/127.0.0.1:52866 - R:localhost/127.0.0.1:23613]' for 'POST' to 'http://localhost:23613/session/1cf06c5cba1cda4e029cc5ef0355eb1d/element/9F5FD29AD31A6B44FFB8279D94B4F1EF_element_27/clear'
15:36:44.682 [Forwarding clearElement on session 1cf06c5cba1cda4e029cc5ef0355eb1d to remote] DEBUG org.asynchttpclient.netty.request.NettyRequestSender - Using open Channel [id: 0xc6115efb, L:/127.0.0.1:52866 - R:localhost/127.0.0.1:23613] for POST '/session/1cf06c5cba1cda4e029cc5ef0355eb1d/element/9F5FD29AD31A6B44FFB8279D94B4F1EF_element_27/clear'
15:36:44.731 [AsyncHttpClient-1-3] DEBUG org.asynchttpclient.netty.handler.HttpHandler - 

Request DefaultHttpRequest(decodeResult: success, version: HTTP/1.1)
POST /session/1cf06c5cba1cda4e029cc5ef0355eb1d/element/9F5FD29AD31A6B44FFB8279D94B4F1EF_element_27/clear HTTP/1.1
User-Agent: selenium/4.8.3 (java windows)
Content-Length: 57
Content-Type: application/json; charset=utf-8
host: localhost:23613
accept: */*

Response DefaultHttpResponse(decodeResult: success, version: HTTP/1.1)
HTTP/1.1 200 OK
Content-Length: 14
Content-Type: application/json; charset=utf-8
cache-control: no-cache

15:36:44.731 [AsyncHttpClient-1-3] DEBUG org.asynchttpclient.netty.channel.ChannelManager - Adding key: http://localhost:23613 for channel [id: 0xc6115efb, L:/127.0.0.1:52866 - R:localhost/127.0.0.1:23613]
15:36:44.732 [Forwarding findElement on session 1cf06c5cba1cda4e029cc5ef0355eb1d to remote] DEBUG org.asynchttpclient.netty.request.NettyRequestSender - Using pooled Channel '[id: 0xc6115efb, L:/127.0.0.1:52866 - R:localhost/127.0.0.1:23613]' for 'POST' to 'http://localhost:23613/session/1cf06c5cba1cda4e029cc5ef0355eb1d/element'
15:36:44.732 [Forwarding findElement on session 1cf06c5cba1cda4e029cc5ef0355eb1d to remote] DEBUG org.asynchttpclient.netty.request.NettyRequestSender - Using open Channel [id: 0xc6115efb, L:/127.0.0.1:52866 - R:localhost/127.0.0.1:23613] for POST '/session/1cf06c5cba1cda4e029cc5ef0355eb1d/element'
15:36:44.741 [AsyncHttpClient-1-3] DEBUG org.asynchttpclient.netty.handler.HttpHandler - 

Request DefaultHttpRequest(decodeResult: success, version: HTTP/1.1)
POST /session/1cf06c5cba1cda4e029cc5ef0355eb1d/element HTTP/1.1
User-Agent: selenium/4.8.3 (java windows)
Content-Length: 59
Content-Type: application/json; charset=utf-8
host: localhost:23613
accept: */*

Response DefaultHttpResponse(decodeResult: success, version: HTTP/1.1)
HTTP/1.1 200 OK
Content-Length: 95
Content-Type: application/json; charset=utf-8
cache-control: no-cache

15:36:44.741 [AsyncHttpClient-1-3] DEBUG org.asynchttpclient.netty.channel.ChannelManager - Adding key: http://localhost:23613 for channel [id: 0xc6115efb, L:/127.0.0.1:52866 - R:localhost/127.0.0.1:23613]
15:36:44.742 [Forwarding sendKeysToElement on session 1cf06c5cba1cda4e029cc5ef0355eb1d to remote] DEBUG org.asynchttpclient.netty.request.NettyRequestSender - Using pooled Channel '[id: 0xc6115efb, L:/127.0.0.1:52866 - R:localhost/127.0.0.1:23613]' for 'POST' to 'http://localhost:23613/session/1cf06c5cba1cda4e029cc5ef0355eb1d/element/9F5FD29AD31A6B44FFB8279D94B4F1EF_element_27/value'
15:36:44.742 [Forwarding sendKeysToElement on session 1cf06c5cba1cda4e029cc5ef0355eb1d to remote] DEBUG org.asynchttpclient.netty.request.NettyRequestSender - Using open Channel [id: 0xc6115efb, L:/127.0.0.1:52866 - R:localhost/127.0.0.1:23613] for POST '/session/1cf06c5cba1cda4e029cc5ef0355eb1d/element/9F5FD29AD31A6B44FFB8279D94B4F1EF_element_27/value'
15:36:44.874 [AsyncHttpClient-1-3] DEBUG org.asynchttpclient.netty.handler.HttpHandler - 

Request DefaultHttpRequest(decodeResult: success, version: HTTP/1.1)
POST /session/1cf06c5cba1cda4e029cc5ef0355eb1d/element/9F5FD29AD31A6B44FFB8279D94B4F1EF_element_27/value HTTP/1.1
User-Agent: selenium/4.8.3 (java windows)
Content-Length: 188
Content-Type: application/json; charset=utf-8
host: localhost:23613
accept: */*

Response DefaultHttpResponse(decodeResult: success, version: HTTP/1.1)
HTTP/1.1 200 OK
Content-Length: 14
Content-Type: application/json; charset=utf-8
cache-control: no-cache

15:36:44.874 [AsyncHttpClient-1-3] DEBUG org.asynchttpclient.netty.channel.ChannelManager - Adding key: http://localhost:23613 for channel [id: 0xc6115efb, L:/127.0.0.1:52866 - R:localhost/127.0.0.1:23613]
15:36:44.875 [Forwarding findElement on session 1cf06c5cba1cda4e029cc5ef0355eb1d to remote] DEBUG org.asynchttpclient.netty.request.NettyRequestSender - Using pooled Channel '[id: 0xc6115efb, L:/127.0.0.1:52866 - R:localhost/127.0.0.1:23613]' for 'POST' to 'http://localhost:23613/session/1cf06c5cba1cda4e029cc5ef0355eb1d/element'
15:36:44.875 [Forwarding findElement on session 1cf06c5cba1cda4e029cc5ef0355eb1d to remote] DEBUG org.asynchttpclient.netty.request.NettyRequestSender - Using open Channel [id: 0xc6115efb, L:/127.0.0.1:52866 - R:localhost/127.0.0.1:23613] for POST '/session/1cf06c5cba1cda4e029cc5ef0355eb1d/element'
15:36:44.888 [AsyncHttpClient-1-3] DEBUG org.asynchttpclient.netty.handler.HttpHandler - 

Request DefaultHttpRequest(decodeResult: success, version: HTTP/1.1)
POST /session/1cf06c5cba1cda4e029cc5ef0355eb1d/element HTTP/1.1
User-Agent: selenium/4.8.3 (java windows)
Content-Length: 62
Content-Type: application/json; charset=utf-8
host: localhost:23613
accept: */*

Response DefaultHttpResponse(decodeResult: success, version: HTTP/1.1)
HTTP/1.1 200 OK
Content-Length: 95
Content-Type: application/json; charset=utf-8
cache-control: no-cache

15:36:44.889 [AsyncHttpClient-1-3] DEBUG org.asynchttpclient.netty.channel.ChannelManager - Adding key: http://localhost:23613 for channel [id: 0xc6115efb, L:/127.0.0.1:52866 - R:localhost/127.0.0.1:23613]
15:36:44.889 [Forwarding clearElement on session 1cf06c5cba1cda4e029cc5ef0355eb1d to remote] DEBUG org.asynchttpclient.netty.request.NettyRequestSender - Using pooled Channel '[id: 0xc6115efb, L:/127.0.0.1:52866 - R:localhost/127.0.0.1:23613]' for 'POST' to 'http://localhost:23613/session/1cf06c5cba1cda4e029cc5ef0355eb1d/element/9F5FD29AD31A6B44FFB8279D94B4F1EF_element_32/clear'
15:36:44.890 [Forwarding clearElement on session 1cf06c5cba1cda4e029cc5ef0355eb1d to remote] DEBUG org.asynchttpclient.netty.request.NettyRequestSender - Using open Channel [id: 0xc6115efb, L:/127.0.0.1:52866 - R:localhost/127.0.0.1:23613] for POST '/session/1cf06c5cba1cda4e029cc5ef0355eb1d/element/9F5FD29AD31A6B44FFB8279D94B4F1EF_element_32/clear'
15:36:44.919 [AsyncHttpClient-1-3] DEBUG org.asynchttpclient.netty.handler.HttpHandler - 

Request DefaultHttpRequest(decodeResult: success, version: HTTP/1.1)
POST /session/1cf06c5cba1cda4e029cc5ef0355eb1d/element/9F5FD29AD31A6B44FFB8279D94B4F1EF_element_32/clear HTTP/1.1
User-Agent: selenium/4.8.3 (java windows)
Content-Length: 57
Content-Type: application/json; charset=utf-8
host: localhost:23613
accept: */*

Response DefaultHttpResponse(decodeResult: success, version: HTTP/1.1)
HTTP/1.1 200 OK
Content-Length: 14
Content-Type: application/json; charset=utf-8
cache-control: no-cache

15:36:44.920 [AsyncHttpClient-1-3] DEBUG org.asynchttpclient.netty.channel.ChannelManager - Adding key: http://localhost:23613 for channel [id: 0xc6115efb, L:/127.0.0.1:52866 - R:localhost/127.0.0.1:23613]
15:36:44.921 [Forwarding findElement on session 1cf06c5cba1cda4e029cc5ef0355eb1d to remote] DEBUG org.asynchttpclient.netty.request.NettyRequestSender - Using pooled Channel '[id: 0xc6115efb, L:/127.0.0.1:52866 - R:localhost/127.0.0.1:23613]' for 'POST' to 'http://localhost:23613/session/1cf06c5cba1cda4e029cc5ef0355eb1d/element'
15:36:44.921 [Forwarding findElement on session 1cf06c5cba1cda4e029cc5ef0355eb1d to remote] DEBUG org.asynchttpclient.netty.request.NettyRequestSender - Using open Channel [id: 0xc6115efb, L:/127.0.0.1:52866 - R:localhost/127.0.0.1:23613] for POST '/session/1cf06c5cba1cda4e029cc5ef0355eb1d/element'
15:36:44.929 [AsyncHttpClient-1-3] DEBUG org.asynchttpclient.netty.handler.HttpHandler - 

Request DefaultHttpRequest(decodeResult: success, version: HTTP/1.1)
POST /session/1cf06c5cba1cda4e029cc5ef0355eb1d/element HTTP/1.1
User-Agent: selenium/4.8.3 (java windows)
Content-Length: 62
Content-Type: application/json; charset=utf-8
host: localhost:23613
accept: */*

Response DefaultHttpResponse(decodeResult: success, version: HTTP/1.1)
HTTP/1.1 200 OK
Content-Length: 95
Content-Type: application/json; charset=utf-8
cache-control: no-cache

15:36:44.929 [AsyncHttpClient-1-3] DEBUG org.asynchttpclient.netty.channel.ChannelManager - Adding key: http://localhost:23613 for channel [id: 0xc6115efb, L:/127.0.0.1:52866 - R:localhost/127.0.0.1:23613]
15:36:44.931 [Forwarding sendKeysToElement on session 1cf06c5cba1cda4e029cc5ef0355eb1d to remote] DEBUG org.asynchttpclient.netty.request.NettyRequestSender - Using pooled Channel '[id: 0xc6115efb, L:/127.0.0.1:52866 - R:localhost/127.0.0.1:23613]' for 'POST' to 'http://localhost:23613/session/1cf06c5cba1cda4e029cc5ef0355eb1d/element/9F5FD29AD31A6B44FFB8279D94B4F1EF_element_32/value'
15:36:44.931 [Forwarding sendKeysToElement on session 1cf06c5cba1cda4e029cc5ef0355eb1d to remote] DEBUG org.asynchttpclient.netty.request.NettyRequestSender - Using open Channel [id: 0xc6115efb, L:/127.0.0.1:52866 - R:localhost/127.0.0.1:23613] for POST '/session/1cf06c5cba1cda4e029cc5ef0355eb1d/element/9F5FD29AD31A6B44FFB8279D94B4F1EF_element_32/value'
15:36:44.995 [AsyncHttpClient-1-1] DEBUG org.asynchttpclient.netty.channel.DefaultChannelPool - Entry count for : http://localhost:52868 : 1
15:36:45.015 [AsyncHttpClient-1-3] DEBUG org.asynchttpclient.netty.handler.HttpHandler - 

Request DefaultHttpRequest(decodeResult: success, version: HTTP/1.1)
POST /session/1cf06c5cba1cda4e029cc5ef0355eb1d/element/9F5FD29AD31A6B44FFB8279D94B4F1EF_element_32/value HTTP/1.1
User-Agent: selenium/4.8.3 (java windows)
Content-Length: 148
Content-Type: application/json; charset=utf-8
host: localhost:23613
accept: */*

Response DefaultHttpResponse(decodeResult: success, version: HTTP/1.1)
HTTP/1.1 200 OK
Content-Length: 14
Content-Type: application/json; charset=utf-8
cache-control: no-cache

15:36:45.015 [AsyncHttpClient-1-3] DEBUG org.asynchttpclient.netty.channel.ChannelManager - Adding key: http://localhost:23613 for channel [id: 0xc6115efb, L:/127.0.0.1:52866 - R:localhost/127.0.0.1:23613]
15:36:45.017 [Forwarding findElement on session 1cf06c5cba1cda4e029cc5ef0355eb1d to remote] DEBUG org.asynchttpclient.netty.request.NettyRequestSender - Using pooled Channel '[id: 0xc6115efb, L:/127.0.0.1:52866 - R:localhost/127.0.0.1:23613]' for 'POST' to 'http://localhost:23613/session/1cf06c5cba1cda4e029cc5ef0355eb1d/element'
15:36:45.017 [Forwarding findElement on session 1cf06c5cba1cda4e029cc5ef0355eb1d to remote] DEBUG org.asynchttpclient.netty.request.NettyRequestSender - Using open Channel [id: 0xc6115efb, L:/127.0.0.1:52866 - R:localhost/127.0.0.1:23613] for POST '/session/1cf06c5cba1cda4e029cc5ef0355eb1d/element'
15:36:45.034 [AsyncHttpClient-1-3] DEBUG org.asynchttpclient.netty.handler.HttpHandler - 

Request DefaultHttpRequest(decodeResult: success, version: HTTP/1.1)
POST /session/1cf06c5cba1cda4e029cc5ef0355eb1d/element HTTP/1.1
User-Agent: selenium/4.8.3 (java windows)
Content-Length: 71
Content-Type: application/json; charset=utf-8
host: localhost:23613
accept: */*

Response DefaultHttpResponse(decodeResult: success, version: HTTP/1.1)
HTTP/1.1 200 OK
Content-Length: 95
Content-Type: application/json; charset=utf-8
cache-control: no-cache

15:36:45.034 [AsyncHttpClient-1-3] DEBUG org.asynchttpclient.netty.channel.ChannelManager - Adding key: http://localhost:23613 for channel [id: 0xc6115efb, L:/127.0.0.1:52866 - R:localhost/127.0.0.1:23613]
15:36:45.035 [Forwarding clickElement on session 1cf06c5cba1cda4e029cc5ef0355eb1d to remote] DEBUG org.asynchttpclient.netty.request.NettyRequestSender - Using pooled Channel '[id: 0xc6115efb, L:/127.0.0.1:52866 - R:localhost/127.0.0.1:23613]' for 'POST' to 'http://localhost:23613/session/1cf06c5cba1cda4e029cc5ef0355eb1d/element/9F5FD29AD31A6B44FFB8279D94B4F1EF_element_33/click'
15:36:45.035 [Forwarding clickElement on session 1cf06c5cba1cda4e029cc5ef0355eb1d to remote] DEBUG org.asynchttpclient.netty.request.NettyRequestSender - Using open Channel [id: 0xc6115efb, L:/127.0.0.1:52866 - R:localhost/127.0.0.1:23613] for POST '/session/1cf06c5cba1cda4e029cc5ef0355eb1d/element/9F5FD29AD31A6B44FFB8279D94B4F1EF_element_33/click'
15:36:45.098 [AsyncHttpClient-1-3] DEBUG org.asynchttpclient.netty.handler.HttpHandler - 

Request DefaultHttpRequest(decodeResult: success, version: HTTP/1.1)
POST /session/1cf06c5cba1cda4e029cc5ef0355eb1d/element/9F5FD29AD31A6B44FFB8279D94B4F1EF_element_33/click HTTP/1.1
User-Agent: selenium/4.8.3 (java windows)
Content-Length: 57
Content-Type: application/json; charset=utf-8
host: localhost:23613
accept: */*

Response DefaultHttpResponse(decodeResult: success, version: HTTP/1.1)
HTTP/1.1 200 OK
Content-Length: 14
Content-Type: application/json; charset=utf-8
cache-control: no-cache

15:36:45.098 [AsyncHttpClient-1-3] DEBUG org.asynchttpclient.netty.channel.ChannelManager - Adding key: http://localhost:23613 for channel [id: 0xc6115efb, L:/127.0.0.1:52866 - R:localhost/127.0.0.1:23613]
2023-06-21 15:36:45 INFO  BaseTest:132 - Logged in
15:36:45.100 [rp-io-22] DEBUG com.epam.reportportal.service.Launch - Starting test item...rp-io-22
2023-06-21 15:36:45 INFO  Listeners:34 - Started Test null
15:36:45.102 [Forwarding findElement on session 1cf06c5cba1cda4e029cc5ef0355eb1d to remote] DEBUG org.asynchttpclient.netty.request.NettyRequestSender - Using pooled Channel '[id: 0xc6115efb, L:/127.0.0.1:52866 - R:localhost/127.0.0.1:23613]' for 'POST' to 'http://localhost:23613/session/1cf06c5cba1cda4e029cc5ef0355eb1d/element'
15:36:45.102 [Forwarding findElement on session 1cf06c5cba1cda4e029cc5ef0355eb1d to remote] DEBUG org.asynchttpclient.netty.request.NettyRequestSender - Using open Channel [id: 0xc6115efb, L:/127.0.0.1:52866 - R:localhost/127.0.0.1:23613] for POST '/session/1cf06c5cba1cda4e029cc5ef0355eb1d/element'
15:36:45.116 [rp-io-19] DEBUG com.epam.reportportal.service.Launch - TestItem with ID = 'c49ee007-f86b-4718-a28b-a053aef36c27' successfully finished.
15:36:45.116 [rp-io-19] DEBUG com.epam.reportportal.utils.SubscriptionUtils - Finish test item completed
15:36:45.120 [rp-io-22] DEBUG com.epam.reportportal.service.Launch - ReportPortal item with ID 'b4ab3ab5-2697-47b6-af12-905fa8e03c90' has been created
15:36:45.120 [rp-io-22] DEBUG com.epam.reportportal.utils.SubscriptionUtils - Start test item successfully completed
15:36:45.575 [AsyncHttpClient-1-3] DEBUG org.asynchttpclient.netty.handler.HttpHandler - 

Request DefaultHttpRequest(decodeResult: success, version: HTTP/1.1)
POST /session/1cf06c5cba1cda4e029cc5ef0355eb1d/element HTTP/1.1
User-Agent: selenium/4.8.3 (java windows)
Content-Length: 168
Content-Type: application/json; charset=utf-8
host: localhost:23613
accept: */*

Response DefaultHttpResponse(decodeResult: success, version: HTTP/1.1)
HTTP/1.1 200 OK
Content-Length: 95
Content-Type: application/json; charset=utf-8
cache-control: no-cache

15:36:45.575 [AsyncHttpClient-1-3] DEBUG org.asynchttpclient.netty.channel.ChannelManager - Adding key: http://localhost:23613 for channel [id: 0xc6115efb, L:/127.0.0.1:52866 - R:localhost/127.0.0.1:23613]
15:36:45.577 [Forwarding clickElement on session 1cf06c5cba1cda4e029cc5ef0355eb1d to remote] DEBUG org.asynchttpclient.netty.request.NettyRequestSender - Using pooled Channel '[id: 0xc6115efb, L:/127.0.0.1:52866 - R:localhost/127.0.0.1:23613]' for 'POST' to 'http://localhost:23613/session/1cf06c5cba1cda4e029cc5ef0355eb1d/element/9F5FD29AD31A6B44FFB8279D94B4F1EF_element_47/click'
15:36:45.577 [Forwarding clickElement on session 1cf06c5cba1cda4e029cc5ef0355eb1d to remote] DEBUG org.asynchttpclient.netty.request.NettyRequestSender - Using open Channel [id: 0xc6115efb, L:/127.0.0.1:52866 - R:localhost/127.0.0.1:23613] for POST '/session/1cf06c5cba1cda4e029cc5ef0355eb1d/element/9F5FD29AD31A6B44FFB8279D94B4F1EF_element_47/click'
15:36:45.949 [AsyncHttpClient-1-3] DEBUG org.asynchttpclient.netty.handler.HttpHandler - 

Request DefaultHttpRequest(decodeResult: success, version: HTTP/1.1)
POST /session/1cf06c5cba1cda4e029cc5ef0355eb1d/element/9F5FD29AD31A6B44FFB8279D94B4F1EF_element_47/click HTTP/1.1
User-Agent: selenium/4.8.3 (java windows)
Content-Length: 57
Content-Type: application/json; charset=utf-8
host: localhost:23613
accept: */*

Response DefaultHttpResponse(decodeResult: success, version: HTTP/1.1)
HTTP/1.1 200 OK
Content-Length: 14
Content-Type: application/json; charset=utf-8
cache-control: no-cache

15:36:45.949 [AsyncHttpClient-1-3] DEBUG org.asynchttpclient.netty.channel.ChannelManager - Adding key: http://localhost:23613 for channel [id: 0xc6115efb, L:/127.0.0.1:52866 - R:localhost/127.0.0.1:23613]
15:36:45.951 [Forwarding findElement on session 1cf06c5cba1cda4e029cc5ef0355eb1d to remote] DEBUG org.asynchttpclient.netty.request.NettyRequestSender - Using pooled Channel '[id: 0xc6115efb, L:/127.0.0.1:52866 - R:localhost/127.0.0.1:23613]' for 'POST' to 'http://localhost:23613/session/1cf06c5cba1cda4e029cc5ef0355eb1d/element'
15:36:45.951 [Forwarding findElement on session 1cf06c5cba1cda4e029cc5ef0355eb1d to remote] DEBUG org.asynchttpclient.netty.request.NettyRequestSender - Using open Channel [id: 0xc6115efb, L:/127.0.0.1:52866 - R:localhost/127.0.0.1:23613] for POST '/session/1cf06c5cba1cda4e029cc5ef0355eb1d/element'
15:36:46.096 [AsyncHttpClient-1-1] DEBUG org.asynchttpclient.netty.channel.DefaultChannelPool - Entry count for : http://localhost:52868 : 1
15:36:47.197 [AsyncHttpClient-1-1] DEBUG org.asynchttpclient.netty.channel.DefaultChannelPool - Entry count for : http://localhost:52868 : 1
15:36:48.295 [AsyncHttpClient-1-1] DEBUG org.asynchttpclient.netty.channel.DefaultChannelPool - Entry count for : http://localhost:52868 : 1
15:36:49.396 [AsyncHttpClient-1-1] DEBUG org.asynchttpclient.netty.channel.DefaultChannelPool - Entry count for : http://localhost:52868 : 1
15:36:50.291 [AsyncHttpClient-1-3] DEBUG org.asynchttpclient.netty.handler.HttpHandler - 

Request DefaultHttpRequest(decodeResult: success, version: HTTP/1.1)
POST /session/1cf06c5cba1cda4e029cc5ef0355eb1d/element HTTP/1.1
User-Agent: selenium/4.8.3 (java windows)
Content-Length: 77
Content-Type: application/json; charset=utf-8
host: localhost:23613
accept: */*

Response DefaultHttpResponse(decodeResult: success, version: HTTP/1.1)
HTTP/1.1 404 Not Found
Content-Length: 967
Content-Type: application/json; charset=utf-8
cache-control: no-cache

15:36:50.291 [AsyncHttpClient-1-3] DEBUG org.asynchttpclient.netty.channel.ChannelManager - Adding key: http://localhost:23613 for channel [id: 0xc6115efb, L:/127.0.0.1:52866 - R:localhost/127.0.0.1:23613]
2023-06-21 15:36:50 INFO  Listeners:42 - Failed Test null
]]></system-out>
    <system-err><![CDATA[Starting ChromeDriver 114.0.5735.90 (386bc09e8f4f2e025eddae123f36f6263096ae49-refs/branch-heads/5735@{#1052}) on port 23613
Only local connections are allowed.
Please see https://chromedriver.chromium.org/security-considerations for suggestions on keeping ChromeDriver safe.
ChromeDriver was started successfully.
Jun 21, 2023 3:36:42 PM org.openqa.selenium.devtools.CdpVersionFinder findNearestMatch
WARNING: Unable to find an exact match for CDP version 114, so returning the closest version found: 111
]]></system-err>
  </testcase>
  <testcase name="totalWidgetPresent" classname="alltests.uitest.coreTest.DashboardPageTest" time="1.164">
    <system-out><![CDATA[15:36:50.295 [rp-io-28] DEBUG com.epam.reportportal.service.Launch - Starting test item...rp-io-28
15:36:50.302 [Forwarding screenshot on session 1cf06c5cba1cda4e029cc5ef0355eb1d to remote] DEBUG org.asynchttpclient.netty.request.NettyRequestSender - Using pooled Channel '[id: 0xc6115efb, L:/127.0.0.1:52866 - R:localhost/127.0.0.1:23613]' for 'GET' to 'http://localhost:23613/session/1cf06c5cba1cda4e029cc5ef0355eb1d/screenshot'
15:36:50.302 [Forwarding screenshot on session 1cf06c5cba1cda4e029cc5ef0355eb1d to remote] DEBUG org.asynchttpclient.netty.request.NettyRequestSender - Using open Channel [id: 0xc6115efb, L:/127.0.0.1:52866 - R:localhost/127.0.0.1:23613] for GET '/session/1cf06c5cba1cda4e029cc5ef0355eb1d/screenshot'
15:36:50.326 [rp-io-26] DEBUG com.epam.reportportal.service.Launch - ReportPortal item with ID 'b7cbf666-ae5b-44f4-9fd3-22c1ffb6c616' has been created
15:36:50.326 [rp-io-26] DEBUG com.epam.reportportal.utils.SubscriptionUtils - Start test item successfully completed
15:36:50.330 [rp-io-24] DEBUG com.epam.reportportal.service.Launch - TestItem with ID = 'b4ab3ab5-2697-47b6-af12-905fa8e03c90' successfully finished.
15:36:50.330 [rp-io-24] DEBUG com.epam.reportportal.utils.SubscriptionUtils - Finish test item completed
15:36:50.451 [AsyncHttpClient-1-3] DEBUG org.asynchttpclient.netty.handler.HttpHandler - 

Request DefaultFullHttpRequest(decodeResult: success, version: HTTP/1.1, content: EmptyByteBufBE)
GET /session/1cf06c5cba1cda4e029cc5ef0355eb1d/screenshot HTTP/1.1
User-Agent: selenium/4.8.3 (java windows)
Cache-Control: no-cache
Content-Type: application/json; charset=utf-8
host: localhost:23613
accept: */*

Response DefaultHttpResponse(decodeResult: success, version: HTTP/1.1)
HTTP/1.1 200 OK
Content-Length: 166088
Content-Type: application/json; charset=utf-8
cache-control: no-cache

15:36:50.452 [AsyncHttpClient-1-3] DEBUG org.asynchttpclient.netty.channel.ChannelManager - Adding key: http://localhost:23613 for channel [id: 0xc6115efb, L:/127.0.0.1:52866 - R:localhost/127.0.0.1:23613]
15:36:50.463 [AsyncHttpClient-1-5] DEBUG org.asynchttpclient.netty.handler.WebSocketHandler - Channel Closed: [id: 0x66261f6a, L:/127.0.0.1:52877 ! R:localhost/127.0.0.1:52868] with attribute NettyResponseFuture{currentRetry=0,
	isDone=1,
	isCancelled=0,
	asyncHandler=org.asynchttpclient.ws.WebSocketUpgradeHandler@4a656954,
	nettyRequest=org.asynchttpclient.netty.request.NettyRequest@27270700,
	future=java.util.concurrent.CompletableFuture@623ea576[Completed normally],
	uri=ws://localhost:52868/devtools/browser/81201b79-f69b-43b7-9ca7-345ae72c4554,
	keepAlive=true,
	redirectCount=0,
	timeoutsHolder=null,
	inAuth=0,
	touch=1687354602620}
15:36:50.463 [AsyncHttpClient-1-5] DEBUG org.asynchttpclient.netty.channel.ChannelManager - Closing Channel [id: 0x66261f6a, L:/127.0.0.1:52877 ! R:localhost/127.0.0.1:52868] 
15:36:50.463 [Driver Command Executor] DEBUG org.asynchttpclient.netty.request.NettyRequestSender - Using pooled Channel '[id: 0xc6115efb, L:/127.0.0.1:52866 - R:localhost/127.0.0.1:23613]' for 'DELETE' to 'http://localhost:23613/session/1cf06c5cba1cda4e029cc5ef0355eb1d'
15:36:50.463 [Driver Command Executor] DEBUG org.asynchttpclient.netty.request.NettyRequestSender - Using open Channel [id: 0xc6115efb, L:/127.0.0.1:52866 - R:localhost/127.0.0.1:23613] for DELETE '/session/1cf06c5cba1cda4e029cc5ef0355eb1d'
15:36:50.496 [AsyncHttpClient-1-1] DEBUG org.asynchttpclient.netty.channel.DefaultChannelPool - Entry count for : http://localhost:52868 : 1
15:36:50.620 [AsyncHttpClient-1-4] DEBUG org.asynchttpclient.netty.handler.HttpHandler - Unexpected I/O exception on channel [id: 0xd813664d, L:/127.0.0.1:52876 - R:localhost/127.0.0.1:52868]
java.net.SocketException: Connection reset
	at java.base/sun.nio.ch.SocketChannelImpl.throwConnectionReset(SocketChannelImpl.java:394)
	at java.base/sun.nio.ch.SocketChannelImpl.read(SocketChannelImpl.java:426)
	at io.netty.buffer.PooledByteBuf.setBytes(PooledByteBuf.java:256)
	at io.netty.buffer.AbstractByteBuf.writeBytes(AbstractByteBuf.java:1132)
	at io.netty.channel.socket.nio.NioSocketChannel.doReadBytes(NioSocketChannel.java:357)
	at io.netty.channel.nio.AbstractNioByteChannel$NioByteUnsafe.read(AbstractNioByteChannel.java:151)
	at io.netty.channel.nio.NioEventLoop.processSelectedKey(NioEventLoop.java:788)
	at io.netty.channel.nio.NioEventLoop.processSelectedKeysOptimized(NioEventLoop.java:724)
	at io.netty.channel.nio.NioEventLoop.processSelectedKeys(NioEventLoop.java:650)
	at io.netty.channel.nio.NioEventLoop.run(NioEventLoop.java:562)
	at io.netty.util.concurrent.SingleThreadEventExecutor$4.run(SingleThreadEventExecutor.java:997)
	at io.netty.util.internal.ThreadExecutorMap$2.run(ThreadExecutorMap.java:74)
	at io.netty.util.concurrent.FastThreadLocalRunnable.run(FastThreadLocalRunnable.java:30)
	at java.base/java.lang.Thread.run(Thread.java:833)
15:36:50.620 [AsyncHttpClient-1-4] DEBUG org.asynchttpclient.netty.channel.ChannelManager - Closing Channel [id: 0xd813664d, L:/127.0.0.1:52876 - R:localhost/127.0.0.1:52868] 
15:36:50.620 [AsyncHttpClient-1-4] DEBUG org.asynchttpclient.netty.handler.HttpHandler - Channel Closed: [id: 0xd813664d, L:/127.0.0.1:52876 ! R:localhost/127.0.0.1:52868] with attribute DISCARD
15:36:50.650 [AsyncHttpClient-1-3] DEBUG org.asynchttpclient.netty.handler.HttpHandler - 

Request DefaultFullHttpRequest(decodeResult: success, version: HTTP/1.1, content: EmptyByteBufBE)
DELETE /session/1cf06c5cba1cda4e029cc5ef0355eb1d HTTP/1.1
User-Agent: selenium/4.8.3 (java windows)
Content-Type: application/json; charset=utf-8
host: localhost:23613
accept: */*

Response DefaultHttpResponse(decodeResult: success, version: HTTP/1.1)
HTTP/1.1 200 OK
Content-Length: 14
Content-Type: application/json; charset=utf-8
cache-control: no-cache

15:36:50.650 [AsyncHttpClient-1-3] DEBUG org.asynchttpclient.netty.channel.ChannelManager - Adding key: http://localhost:23613 for channel [id: 0xc6115efb, L:/127.0.0.1:52866 - R:localhost/127.0.0.1:23613]
15:36:50.714 [AsyncHttpClient-1-3] DEBUG org.asynchttpclient.netty.handler.HttpHandler - Channel Closed: [id: 0xc6115efb, L:/127.0.0.1:52866 ! R:localhost/127.0.0.1:23613] with attribute DISCARD
2023-06-21 15:36:50 INFO  BaseTest:89 - Test executed**********
15:36:50.766 [rp-io-32] DEBUG com.epam.reportportal.service.Launch - Starting test item...rp-io-32
2023-06-21 15:36:50 INFO  BaseTest:116 - Property files loaded successfully**********
15:36:50.779 [main] DEBUG io.github.bonigarcia.wdm.cache.ResolutionCache - Resolution chrome=114 in cache (valid until 16:09:26 21/06/2023 CEST)
15:36:50.780 [main] DEBUG io.github.bonigarcia.wdm.cache.ResolutionCache - Resolution chrome114=114.0.5735.90 in cache (valid until 09:55:46 22/06/2023 CEST)
15:36:50.780 [main] INFO io.github.bonigarcia.wdm.WebDriverManager - Using chromedriver 114.0.5735.90 (resolved driver for Chrome 114)
15:36:50.788 [main] DEBUG io.github.bonigarcia.wdm.WebDriverManager - Driver chromedriver 114.0.5735.90 found in cache
15:36:50.789 [main] INFO io.github.bonigarcia.wdm.WebDriverManager - Exporting webdriver.chrome.driver as C:\Users\Suwarna_Wagh\.cache\selenium\chromedriver\win32\114.0.5735.90\chromedriver.exe
15:36:50.797 [rp-io-33] DEBUG com.epam.reportportal.service.Launch - TestItem with ID = 'b7cbf666-ae5b-44f4-9fd3-22c1ffb6c616' successfully finished.
15:36:50.797 [rp-io-33] DEBUG com.epam.reportportal.utils.SubscriptionUtils - Finish test item completed
15:36:50.803 [rp-io-32] DEBUG com.epam.reportportal.service.Launch - ReportPortal item with ID 'd153c503-14d8-40f6-9c28-d2f02101f5ec' has been created
15:36:50.803 [rp-io-32] DEBUG com.epam.reportportal.utils.SubscriptionUtils - Start test item successfully completed
15:36:50.943 [AsyncHttpClient-1-6] DEBUG org.asynchttpclient.netty.channel.NettyConnectListener - Using new Channel '[id: 0xcde07e1e, L:/127.0.0.1:52909 - R:localhost/127.0.0.1:19670]' for 'POST' to '/session'
15:36:51.596 [AsyncHttpClient-1-1] DEBUG org.asynchttpclient.netty.channel.DefaultChannelPool - Entry count for : http://localhost:52868 : 1
15:36:51.596 [AsyncHttpClient-1-1] DEBUG org.asynchttpclient.netty.channel.DefaultChannelPool - Entry count for : http://localhost:23613 : 1
15:36:51.596 [AsyncHttpClient-1-1] DEBUG org.asynchttpclient.netty.channel.DefaultChannelPool - Adding Candidate expired Channel [id: 0xd813664d, L:/127.0.0.1:52876 ! R:localhost/127.0.0.1:52868] isIdleTimeoutExpired=false isRemotelyClosed=true isTtlExpired=false
15:36:51.596 [AsyncHttpClient-1-1] DEBUG org.asynchttpclient.netty.channel.DefaultChannelPool - Closing Idle Channel [id: 0xd813664d, L:/127.0.0.1:52876 ! R:localhost/127.0.0.1:52868]
15:36:51.596 [AsyncHttpClient-1-1] DEBUG org.asynchttpclient.netty.channel.DefaultChannelPool - Adding Candidate expired Channel [id: 0xc6115efb, L:/127.0.0.1:52866 ! R:localhost/127.0.0.1:23613] isIdleTimeoutExpired=false isRemotelyClosed=true isTtlExpired=false
15:36:51.596 [AsyncHttpClient-1-1] DEBUG org.asynchttpclient.netty.channel.DefaultChannelPool - Closing Idle Channel [id: 0xc6115efb, L:/127.0.0.1:52866 ! R:localhost/127.0.0.1:23613]
15:36:51.596 [AsyncHttpClient-1-1] DEBUG org.asynchttpclient.netty.channel.DefaultChannelPool - Closed 2 connections out of 2 in 0 ms
15:36:52.523 [AsyncHttpClient-1-6] DEBUG org.asynchttpclient.netty.handler.HttpHandler - 

Request DefaultHttpRequest(decodeResult: success, version: HTTP/1.1)
POST /session HTTP/1.1
User-Agent: selenium/4.8.3 (java windows)
Content-Length: 439
Content-Type: application/json; charset=utf-8
host: localhost:19670
accept: */*

Response DefaultHttpResponse(decodeResult: success, version: HTTP/1.1)
HTTP/1.1 200 OK
Content-Length: 863
Content-Type: application/json; charset=utf-8
cache-control: no-cache

15:36:52.523 [AsyncHttpClient-1-6] DEBUG org.asynchttpclient.netty.channel.ChannelManager - Adding key: http://localhost:19670 for channel [id: 0xcde07e1e, L:/127.0.0.1:52909 - R:localhost/127.0.0.1:19670]
15:36:52.530 [AsyncHttpClient-1-7] DEBUG org.asynchttpclient.netty.channel.NettyConnectListener - Using new Channel '[id: 0x7907ad89, L:/127.0.0.1:52919 - R:localhost/127.0.0.1:52911]' for 'GET' to '/json/version'
15:36:52.531 [AsyncHttpClient-1-7] DEBUG org.asynchttpclient.netty.handler.HttpHandler - 

Request DefaultFullHttpRequest(decodeResult: success, version: HTTP/1.1, content: EmptyByteBufBE)
GET /json/version HTTP/1.1
User-Agent: selenium/4.8.3 (java windows)
host: localhost:52911
accept: */*

Response DefaultHttpResponse(decodeResult: success, version: HTTP/1.1)
HTTP/1.1 200 OK
Content-Security-Policy: frame-ancestors 'none'
Content-Length: 424
Content-Type: application/json; charset=UTF-8

15:36:52.531 [AsyncHttpClient-1-7] DEBUG org.asynchttpclient.netty.channel.ChannelManager - Adding key: http://localhost:52911 for channel [id: 0x7907ad89, L:/127.0.0.1:52919 - R:localhost/127.0.0.1:52911]
15:36:52.534 [AsyncHttpClient-1-8] DEBUG org.asynchttpclient.netty.channel.NettyConnectListener - Using new Channel '[id: 0xefe19e9e, L:/127.0.0.1:52920 - R:localhost/127.0.0.1:52911]' for 'GET' to '/devtools/browser/a17026ab-18dc-4d2a-8f88-72433143e486'
15:36:52.535 [AsyncHttpClient-1-8] DEBUG org.asynchttpclient.netty.handler.WebSocketHandler - 

Request DefaultFullHttpRequest(decodeResult: success, version: HTTP/1.1, content: EmptyByteBufBE)
GET /devtools/browser/a17026ab-18dc-4d2a-8f88-72433143e486 HTTP/1.1
upgrade: websocket
connection: upgrade
sec-websocket-key: xdo59J/mSm1YCT2/a2eCYg==
sec-websocket-version: 13
origin: http://localhost:52911
host: localhost:52911
accept: */*
user-agent: AHC/2.1

Response DefaultHttpResponse(decodeResult: success, version: HTTP/1.1)
HTTP/1.1 101 WebSocket Protocol Handshake
Upgrade: WebSocket
Connection: Upgrade
Sec-WebSocket-Accept: fykfrT2wIua3gur22XTNDdiZSdk=

15:36:52.542 [Forwarding setTimeout on session 31d2a5a599b6ce00ce3c788644f60eb1 to remote] DEBUG org.asynchttpclient.netty.request.NettyRequestSender - Using pooled Channel '[id: 0xcde07e1e, L:/127.0.0.1:52909 - R:localhost/127.0.0.1:19670]' for 'POST' to 'http://localhost:19670/session/31d2a5a599b6ce00ce3c788644f60eb1/timeouts'
15:36:52.542 [Forwarding setTimeout on session 31d2a5a599b6ce00ce3c788644f60eb1 to remote] DEBUG org.asynchttpclient.netty.request.NettyRequestSender - Using open Channel [id: 0xcde07e1e, L:/127.0.0.1:52909 - R:localhost/127.0.0.1:19670] for POST '/session/31d2a5a599b6ce00ce3c788644f60eb1/timeouts'
15:36:52.543 [AsyncHttpClient-1-6] DEBUG org.asynchttpclient.netty.handler.HttpHandler - 

Request DefaultHttpRequest(decodeResult: success, version: HTTP/1.1)
POST /session/31d2a5a599b6ce00ce3c788644f60eb1/timeouts HTTP/1.1
User-Agent: selenium/4.8.3 (java windows)
Content-Length: 22
Content-Type: application/json; charset=utf-8
host: localhost:19670
accept: */*

Response DefaultHttpResponse(decodeResult: success, version: HTTP/1.1)
HTTP/1.1 200 OK
Content-Length: 14
Content-Type: application/json; charset=utf-8
cache-control: no-cache

15:36:52.543 [AsyncHttpClient-1-6] DEBUG org.asynchttpclient.netty.channel.ChannelManager - Adding key: http://localhost:19670 for channel [id: 0xcde07e1e, L:/127.0.0.1:52909 - R:localhost/127.0.0.1:19670]
15:36:52.544 [Forwarding maximizeCurrentWindow on session 31d2a5a599b6ce00ce3c788644f60eb1 to remote] DEBUG org.asynchttpclient.netty.request.NettyRequestSender - Using pooled Channel '[id: 0xcde07e1e, L:/127.0.0.1:52909 - R:localhost/127.0.0.1:19670]' for 'POST' to 'http://localhost:19670/session/31d2a5a599b6ce00ce3c788644f60eb1/window/maximize'
15:36:52.544 [Forwarding maximizeCurrentWindow on session 31d2a5a599b6ce00ce3c788644f60eb1 to remote] DEBUG org.asynchttpclient.netty.request.NettyRequestSender - Using open Channel [id: 0xcde07e1e, L:/127.0.0.1:52909 - R:localhost/127.0.0.1:19670] for POST '/session/31d2a5a599b6ce00ce3c788644f60eb1/window/maximize'
15:36:52.667 [AsyncHttpClient-1-6] DEBUG org.asynchttpclient.netty.handler.HttpHandler - 

Request DefaultHttpRequest(decodeResult: success, version: HTTP/1.1)
POST /session/31d2a5a599b6ce00ce3c788644f60eb1/window/maximize HTTP/1.1
User-Agent: selenium/4.8.3 (java windows)
Content-Length: 3
Content-Type: application/json; charset=utf-8
host: localhost:19670
accept: */*

Response DefaultHttpResponse(decodeResult: success, version: HTTP/1.1)
HTTP/1.1 200 OK
Content-Length: 51
Content-Type: application/json; charset=utf-8
cache-control: no-cache

15:36:52.667 [AsyncHttpClient-1-6] DEBUG org.asynchttpclient.netty.channel.ChannelManager - Adding key: http://localhost:19670 for channel [id: 0xcde07e1e, L:/127.0.0.1:52909 - R:localhost/127.0.0.1:19670]
15:36:52.669 [Forwarding get on session 31d2a5a599b6ce00ce3c788644f60eb1 to remote] DEBUG org.asynchttpclient.netty.request.NettyRequestSender - Using pooled Channel '[id: 0xcde07e1e, L:/127.0.0.1:52909 - R:localhost/127.0.0.1:19670]' for 'POST' to 'http://localhost:19670/session/31d2a5a599b6ce00ce3c788644f60eb1/url'
15:36:52.669 [Forwarding get on session 31d2a5a599b6ce00ce3c788644f60eb1 to remote] DEBUG org.asynchttpclient.netty.request.NettyRequestSender - Using open Channel [id: 0xcde07e1e, L:/127.0.0.1:52909 - R:localhost/127.0.0.1:19670] for POST '/session/31d2a5a599b6ce00ce3c788644f60eb1/url'
15:36:52.696 [AsyncHttpClient-1-1] DEBUG org.asynchttpclient.netty.channel.DefaultChannelPool - Entry count for : http://localhost:52911 : 1
15:36:53.795 [AsyncHttpClient-1-1] DEBUG org.asynchttpclient.netty.channel.DefaultChannelPool - Entry count for : http://localhost:52911 : 1
15:36:54.543 [AsyncHttpClient-1-6] DEBUG org.asynchttpclient.netty.handler.HttpHandler - 

Request DefaultHttpRequest(decodeResult: success, version: HTTP/1.1)
POST /session/31d2a5a599b6ce00ce3c788644f60eb1/url HTTP/1.1
User-Agent: selenium/4.8.3 (java windows)
Content-Length: 52
Content-Type: application/json; charset=utf-8
host: localhost:19670
accept: */*

Response DefaultHttpResponse(decodeResult: success, version: HTTP/1.1)
HTTP/1.1 200 OK
Content-Length: 14
Content-Type: application/json; charset=utf-8
cache-control: no-cache

15:36:54.544 [AsyncHttpClient-1-6] DEBUG org.asynchttpclient.netty.channel.ChannelManager - Adding key: http://localhost:19670 for channel [id: 0xcde07e1e, L:/127.0.0.1:52909 - R:localhost/127.0.0.1:19670]
2023-06-21 15:36:54 INFO  BaseTest:110 - Test driver set up done successfully**********
2023-06-21 15:36:54 INFO  BaseTest:128 - Logging in to portal
15:36:54.546 [Forwarding findElement on session 31d2a5a599b6ce00ce3c788644f60eb1 to remote] DEBUG org.asynchttpclient.netty.request.NettyRequestSender - Using pooled Channel '[id: 0xcde07e1e, L:/127.0.0.1:52909 - R:localhost/127.0.0.1:19670]' for 'POST' to 'http://localhost:19670/session/31d2a5a599b6ce00ce3c788644f60eb1/element'
15:36:54.546 [Forwarding findElement on session 31d2a5a599b6ce00ce3c788644f60eb1 to remote] DEBUG org.asynchttpclient.netty.request.NettyRequestSender - Using open Channel [id: 0xcde07e1e, L:/127.0.0.1:52909 - R:localhost/127.0.0.1:19670] for POST '/session/31d2a5a599b6ce00ce3c788644f60eb1/element'
15:36:54.561 [AsyncHttpClient-1-6] DEBUG org.asynchttpclient.netty.handler.HttpHandler - 

Request DefaultHttpRequest(decodeResult: success, version: HTTP/1.1)
POST /session/31d2a5a599b6ce00ce3c788644f60eb1/element HTTP/1.1
User-Agent: selenium/4.8.3 (java windows)
Content-Length: 59
Content-Type: application/json; charset=utf-8
host: localhost:19670
accept: */*

Response DefaultHttpResponse(decodeResult: success, version: HTTP/1.1)
HTTP/1.1 200 OK
Content-Length: 95
Content-Type: application/json; charset=utf-8
cache-control: no-cache

15:36:54.561 [AsyncHttpClient-1-6] DEBUG org.asynchttpclient.netty.channel.ChannelManager - Adding key: http://localhost:19670 for channel [id: 0xcde07e1e, L:/127.0.0.1:52909 - R:localhost/127.0.0.1:19670]
15:36:54.562 [Forwarding clearElement on session 31d2a5a599b6ce00ce3c788644f60eb1 to remote] DEBUG org.asynchttpclient.netty.request.NettyRequestSender - Using pooled Channel '[id: 0xcde07e1e, L:/127.0.0.1:52909 - R:localhost/127.0.0.1:19670]' for 'POST' to 'http://localhost:19670/session/31d2a5a599b6ce00ce3c788644f60eb1/element/0ACB4C01287D38188AB88696EED9EC78_element_29/clear'
15:36:54.562 [Forwarding clearElement on session 31d2a5a599b6ce00ce3c788644f60eb1 to remote] DEBUG org.asynchttpclient.netty.request.NettyRequestSender - Using open Channel [id: 0xcde07e1e, L:/127.0.0.1:52909 - R:localhost/127.0.0.1:19670] for POST '/session/31d2a5a599b6ce00ce3c788644f60eb1/element/0ACB4C01287D38188AB88696EED9EC78_element_29/clear'
15:36:54.605 [AsyncHttpClient-1-6] DEBUG org.asynchttpclient.netty.handler.HttpHandler - 

Request DefaultHttpRequest(decodeResult: success, version: HTTP/1.1)
POST /session/31d2a5a599b6ce00ce3c788644f60eb1/element/0ACB4C01287D38188AB88696EED9EC78_element_29/clear HTTP/1.1
User-Agent: selenium/4.8.3 (java windows)
Content-Length: 57
Content-Type: application/json; charset=utf-8
host: localhost:19670
accept: */*

Response DefaultHttpResponse(decodeResult: success, version: HTTP/1.1)
HTTP/1.1 200 OK
Content-Length: 14
Content-Type: application/json; charset=utf-8
cache-control: no-cache

15:36:54.605 [AsyncHttpClient-1-6] DEBUG org.asynchttpclient.netty.channel.ChannelManager - Adding key: http://localhost:19670 for channel [id: 0xcde07e1e, L:/127.0.0.1:52909 - R:localhost/127.0.0.1:19670]
15:36:54.606 [Forwarding findElement on session 31d2a5a599b6ce00ce3c788644f60eb1 to remote] DEBUG org.asynchttpclient.netty.request.NettyRequestSender - Using pooled Channel '[id: 0xcde07e1e, L:/127.0.0.1:52909 - R:localhost/127.0.0.1:19670]' for 'POST' to 'http://localhost:19670/session/31d2a5a599b6ce00ce3c788644f60eb1/element'
15:36:54.606 [Forwarding findElement on session 31d2a5a599b6ce00ce3c788644f60eb1 to remote] DEBUG org.asynchttpclient.netty.request.NettyRequestSender - Using open Channel [id: 0xcde07e1e, L:/127.0.0.1:52909 - R:localhost/127.0.0.1:19670] for POST '/session/31d2a5a599b6ce00ce3c788644f60eb1/element'
15:36:54.614 [AsyncHttpClient-1-6] DEBUG org.asynchttpclient.netty.handler.HttpHandler - 

Request DefaultHttpRequest(decodeResult: success, version: HTTP/1.1)
POST /session/31d2a5a599b6ce00ce3c788644f60eb1/element HTTP/1.1
User-Agent: selenium/4.8.3 (java windows)
Content-Length: 59
Content-Type: application/json; charset=utf-8
host: localhost:19670
accept: */*

Response DefaultHttpResponse(decodeResult: success, version: HTTP/1.1)
HTTP/1.1 200 OK
Content-Length: 95
Content-Type: application/json; charset=utf-8
cache-control: no-cache

15:36:54.615 [AsyncHttpClient-1-6] DEBUG org.asynchttpclient.netty.channel.ChannelManager - Adding key: http://localhost:19670 for channel [id: 0xcde07e1e, L:/127.0.0.1:52909 - R:localhost/127.0.0.1:19670]
15:36:54.616 [Forwarding sendKeysToElement on session 31d2a5a599b6ce00ce3c788644f60eb1 to remote] DEBUG org.asynchttpclient.netty.request.NettyRequestSender - Using pooled Channel '[id: 0xcde07e1e, L:/127.0.0.1:52909 - R:localhost/127.0.0.1:19670]' for 'POST' to 'http://localhost:19670/session/31d2a5a599b6ce00ce3c788644f60eb1/element/0ACB4C01287D38188AB88696EED9EC78_element_29/value'
15:36:54.616 [Forwarding sendKeysToElement on session 31d2a5a599b6ce00ce3c788644f60eb1 to remote] DEBUG org.asynchttpclient.netty.request.NettyRequestSender - Using open Channel [id: 0xcde07e1e, L:/127.0.0.1:52909 - R:localhost/127.0.0.1:19670] for POST '/session/31d2a5a599b6ce00ce3c788644f60eb1/element/0ACB4C01287D38188AB88696EED9EC78_element_29/value'
15:36:54.732 [AsyncHttpClient-1-6] DEBUG org.asynchttpclient.netty.handler.HttpHandler - 

Request DefaultHttpRequest(decodeResult: success, version: HTTP/1.1)
POST /session/31d2a5a599b6ce00ce3c788644f60eb1/element/0ACB4C01287D38188AB88696EED9EC78_element_29/value HTTP/1.1
User-Agent: selenium/4.8.3 (java windows)
Content-Length: 188
Content-Type: application/json; charset=utf-8
host: localhost:19670
accept: */*

Response DefaultHttpResponse(decodeResult: success, version: HTTP/1.1)
HTTP/1.1 200 OK
Content-Length: 14
Content-Type: application/json; charset=utf-8
cache-control: no-cache

15:36:54.732 [AsyncHttpClient-1-6] DEBUG org.asynchttpclient.netty.channel.ChannelManager - Adding key: http://localhost:19670 for channel [id: 0xcde07e1e, L:/127.0.0.1:52909 - R:localhost/127.0.0.1:19670]
15:36:54.733 [Forwarding findElement on session 31d2a5a599b6ce00ce3c788644f60eb1 to remote] DEBUG org.asynchttpclient.netty.request.NettyRequestSender - Using pooled Channel '[id: 0xcde07e1e, L:/127.0.0.1:52909 - R:localhost/127.0.0.1:19670]' for 'POST' to 'http://localhost:19670/session/31d2a5a599b6ce00ce3c788644f60eb1/element'
15:36:54.733 [Forwarding findElement on session 31d2a5a599b6ce00ce3c788644f60eb1 to remote] DEBUG org.asynchttpclient.netty.request.NettyRequestSender - Using open Channel [id: 0xcde07e1e, L:/127.0.0.1:52909 - R:localhost/127.0.0.1:19670] for POST '/session/31d2a5a599b6ce00ce3c788644f60eb1/element'
15:36:54.746 [AsyncHttpClient-1-6] DEBUG org.asynchttpclient.netty.handler.HttpHandler - 

Request DefaultHttpRequest(decodeResult: success, version: HTTP/1.1)
POST /session/31d2a5a599b6ce00ce3c788644f60eb1/element HTTP/1.1
User-Agent: selenium/4.8.3 (java windows)
Content-Length: 62
Content-Type: application/json; charset=utf-8
host: localhost:19670
accept: */*

Response DefaultHttpResponse(decodeResult: success, version: HTTP/1.1)
HTTP/1.1 200 OK
Content-Length: 95
Content-Type: application/json; charset=utf-8
cache-control: no-cache

15:36:54.746 [AsyncHttpClient-1-6] DEBUG org.asynchttpclient.netty.channel.ChannelManager - Adding key: http://localhost:19670 for channel [id: 0xcde07e1e, L:/127.0.0.1:52909 - R:localhost/127.0.0.1:19670]
15:36:54.747 [Forwarding clearElement on session 31d2a5a599b6ce00ce3c788644f60eb1 to remote] DEBUG org.asynchttpclient.netty.request.NettyRequestSender - Using pooled Channel '[id: 0xcde07e1e, L:/127.0.0.1:52909 - R:localhost/127.0.0.1:19670]' for 'POST' to 'http://localhost:19670/session/31d2a5a599b6ce00ce3c788644f60eb1/element/0ACB4C01287D38188AB88696EED9EC78_element_31/clear'
15:36:54.747 [Forwarding clearElement on session 31d2a5a599b6ce00ce3c788644f60eb1 to remote] DEBUG org.asynchttpclient.netty.request.NettyRequestSender - Using open Channel [id: 0xcde07e1e, L:/127.0.0.1:52909 - R:localhost/127.0.0.1:19670] for POST '/session/31d2a5a599b6ce00ce3c788644f60eb1/element/0ACB4C01287D38188AB88696EED9EC78_element_31/clear'
15:36:54.778 [AsyncHttpClient-1-6] DEBUG org.asynchttpclient.netty.handler.HttpHandler - 

Request DefaultHttpRequest(decodeResult: success, version: HTTP/1.1)
POST /session/31d2a5a599b6ce00ce3c788644f60eb1/element/0ACB4C01287D38188AB88696EED9EC78_element_31/clear HTTP/1.1
User-Agent: selenium/4.8.3 (java windows)
Content-Length: 57
Content-Type: application/json; charset=utf-8
host: localhost:19670
accept: */*

Response DefaultHttpResponse(decodeResult: success, version: HTTP/1.1)
HTTP/1.1 200 OK
Content-Length: 14
Content-Type: application/json; charset=utf-8
cache-control: no-cache

15:36:54.778 [AsyncHttpClient-1-6] DEBUG org.asynchttpclient.netty.channel.ChannelManager - Adding key: http://localhost:19670 for channel [id: 0xcde07e1e, L:/127.0.0.1:52909 - R:localhost/127.0.0.1:19670]
15:36:54.779 [Forwarding findElement on session 31d2a5a599b6ce00ce3c788644f60eb1 to remote] DEBUG org.asynchttpclient.netty.request.NettyRequestSender - Using pooled Channel '[id: 0xcde07e1e, L:/127.0.0.1:52909 - R:localhost/127.0.0.1:19670]' for 'POST' to 'http://localhost:19670/session/31d2a5a599b6ce00ce3c788644f60eb1/element'
15:36:54.779 [Forwarding findElement on session 31d2a5a599b6ce00ce3c788644f60eb1 to remote] DEBUG org.asynchttpclient.netty.request.NettyRequestSender - Using open Channel [id: 0xcde07e1e, L:/127.0.0.1:52909 - R:localhost/127.0.0.1:19670] for POST '/session/31d2a5a599b6ce00ce3c788644f60eb1/element'
15:36:54.788 [AsyncHttpClient-1-6] DEBUG org.asynchttpclient.netty.handler.HttpHandler - 

Request DefaultHttpRequest(decodeResult: success, version: HTTP/1.1)
POST /session/31d2a5a599b6ce00ce3c788644f60eb1/element HTTP/1.1
User-Agent: selenium/4.8.3 (java windows)
Content-Length: 62
Content-Type: application/json; charset=utf-8
host: localhost:19670
accept: */*

Response DefaultHttpResponse(decodeResult: success, version: HTTP/1.1)
HTTP/1.1 200 OK
Content-Length: 95
Content-Type: application/json; charset=utf-8
cache-control: no-cache

15:36:54.788 [AsyncHttpClient-1-6] DEBUG org.asynchttpclient.netty.channel.ChannelManager - Adding key: http://localhost:19670 for channel [id: 0xcde07e1e, L:/127.0.0.1:52909 - R:localhost/127.0.0.1:19670]
15:36:54.790 [Forwarding sendKeysToElement on session 31d2a5a599b6ce00ce3c788644f60eb1 to remote] DEBUG org.asynchttpclient.netty.request.NettyRequestSender - Using pooled Channel '[id: 0xcde07e1e, L:/127.0.0.1:52909 - R:localhost/127.0.0.1:19670]' for 'POST' to 'http://localhost:19670/session/31d2a5a599b6ce00ce3c788644f60eb1/element/0ACB4C01287D38188AB88696EED9EC78_element_31/value'
15:36:54.790 [Forwarding sendKeysToElement on session 31d2a5a599b6ce00ce3c788644f60eb1 to remote] DEBUG org.asynchttpclient.netty.request.NettyRequestSender - Using open Channel [id: 0xcde07e1e, L:/127.0.0.1:52909 - R:localhost/127.0.0.1:19670] for POST '/session/31d2a5a599b6ce00ce3c788644f60eb1/element/0ACB4C01287D38188AB88696EED9EC78_element_31/value'
15:36:54.896 [AsyncHttpClient-1-1] DEBUG org.asynchttpclient.netty.channel.DefaultChannelPool - Entry count for : http://localhost:52911 : 1
15:36:54.898 [AsyncHttpClient-1-6] DEBUG org.asynchttpclient.netty.handler.HttpHandler - 

Request DefaultHttpRequest(decodeResult: success, version: HTTP/1.1)
POST /session/31d2a5a599b6ce00ce3c788644f60eb1/element/0ACB4C01287D38188AB88696EED9EC78_element_31/value HTTP/1.1
User-Agent: selenium/4.8.3 (java windows)
Content-Length: 148
Content-Type: application/json; charset=utf-8
host: localhost:19670
accept: */*

Response DefaultHttpResponse(decodeResult: success, version: HTTP/1.1)
HTTP/1.1 200 OK
Content-Length: 14
Content-Type: application/json; charset=utf-8
cache-control: no-cache

15:36:54.899 [AsyncHttpClient-1-6] DEBUG org.asynchttpclient.netty.channel.ChannelManager - Adding key: http://localhost:19670 for channel [id: 0xcde07e1e, L:/127.0.0.1:52909 - R:localhost/127.0.0.1:19670]
15:36:54.900 [Forwarding findElement on session 31d2a5a599b6ce00ce3c788644f60eb1 to remote] DEBUG org.asynchttpclient.netty.request.NettyRequestSender - Using pooled Channel '[id: 0xcde07e1e, L:/127.0.0.1:52909 - R:localhost/127.0.0.1:19670]' for 'POST' to 'http://localhost:19670/session/31d2a5a599b6ce00ce3c788644f60eb1/element'
15:36:54.900 [Forwarding findElement on session 31d2a5a599b6ce00ce3c788644f60eb1 to remote] DEBUG org.asynchttpclient.netty.request.NettyRequestSender - Using open Channel [id: 0xcde07e1e, L:/127.0.0.1:52909 - R:localhost/127.0.0.1:19670] for POST '/session/31d2a5a599b6ce00ce3c788644f60eb1/element'
15:36:54.915 [AsyncHttpClient-1-6] DEBUG org.asynchttpclient.netty.handler.HttpHandler - 

Request DefaultHttpRequest(decodeResult: success, version: HTTP/1.1)
POST /session/31d2a5a599b6ce00ce3c788644f60eb1/element HTTP/1.1
User-Agent: selenium/4.8.3 (java windows)
Content-Length: 71
Content-Type: application/json; charset=utf-8
host: localhost:19670
accept: */*

Response DefaultHttpResponse(decodeResult: success, version: HTTP/1.1)
HTTP/1.1 200 OK
Content-Length: 95
Content-Type: application/json; charset=utf-8
cache-control: no-cache

15:36:54.915 [AsyncHttpClient-1-6] DEBUG org.asynchttpclient.netty.channel.ChannelManager - Adding key: http://localhost:19670 for channel [id: 0xcde07e1e, L:/127.0.0.1:52909 - R:localhost/127.0.0.1:19670]
15:36:54.917 [Forwarding clickElement on session 31d2a5a599b6ce00ce3c788644f60eb1 to remote] DEBUG org.asynchttpclient.netty.request.NettyRequestSender - Using pooled Channel '[id: 0xcde07e1e, L:/127.0.0.1:52909 - R:localhost/127.0.0.1:19670]' for 'POST' to 'http://localhost:19670/session/31d2a5a599b6ce00ce3c788644f60eb1/element/0ACB4C01287D38188AB88696EED9EC78_element_32/click'
15:36:54.917 [Forwarding clickElement on session 31d2a5a599b6ce00ce3c788644f60eb1 to remote] DEBUG org.asynchttpclient.netty.request.NettyRequestSender - Using open Channel [id: 0xcde07e1e, L:/127.0.0.1:52909 - R:localhost/127.0.0.1:19670] for POST '/session/31d2a5a599b6ce00ce3c788644f60eb1/element/0ACB4C01287D38188AB88696EED9EC78_element_32/click'
15:36:54.971 [AsyncHttpClient-1-6] DEBUG org.asynchttpclient.netty.handler.HttpHandler - 

Request DefaultHttpRequest(decodeResult: success, version: HTTP/1.1)
POST /session/31d2a5a599b6ce00ce3c788644f60eb1/element/0ACB4C01287D38188AB88696EED9EC78_element_32/click HTTP/1.1
User-Agent: selenium/4.8.3 (java windows)
Content-Length: 57
Content-Type: application/json; charset=utf-8
host: localhost:19670
accept: */*

Response DefaultHttpResponse(decodeResult: success, version: HTTP/1.1)
HTTP/1.1 200 OK
Content-Length: 14
Content-Type: application/json; charset=utf-8
cache-control: no-cache

15:36:54.971 [AsyncHttpClient-1-6] DEBUG org.asynchttpclient.netty.channel.ChannelManager - Adding key: http://localhost:19670 for channel [id: 0xcde07e1e, L:/127.0.0.1:52909 - R:localhost/127.0.0.1:19670]
2023-06-21 15:36:54 INFO  BaseTest:132 - Logged in
2023-06-21 15:36:54 INFO  Listeners:34 - Started Test null
15:36:54.975 [rp-io-39] DEBUG com.epam.reportportal.service.Launch - Starting test item...rp-io-39
15:36:54.975 [Forwarding findElement on session 31d2a5a599b6ce00ce3c788644f60eb1 to remote] DEBUG org.asynchttpclient.netty.request.NettyRequestSender - Using pooled Channel '[id: 0xcde07e1e, L:/127.0.0.1:52909 - R:localhost/127.0.0.1:19670]' for 'POST' to 'http://localhost:19670/session/31d2a5a599b6ce00ce3c788644f60eb1/element'
15:36:54.976 [Forwarding findElement on session 31d2a5a599b6ce00ce3c788644f60eb1 to remote] DEBUG org.asynchttpclient.netty.request.NettyRequestSender - Using open Channel [id: 0xcde07e1e, L:/127.0.0.1:52909 - R:localhost/127.0.0.1:19670] for POST '/session/31d2a5a599b6ce00ce3c788644f60eb1/element'
15:36:55.001 [rp-io-39] DEBUG com.epam.reportportal.service.Launch - ReportPortal item with ID 'bcf4aae0-35c8-4260-b136-aa5e9d00ddf7' has been created
15:36:55.001 [rp-io-39] DEBUG com.epam.reportportal.utils.SubscriptionUtils - Start test item successfully completed
15:36:55.014 [rp-io-36] DEBUG com.epam.reportportal.service.Launch - TestItem with ID = 'd153c503-14d8-40f6-9c28-d2f02101f5ec' successfully finished.
15:36:55.014 [rp-io-36] DEBUG com.epam.reportportal.utils.SubscriptionUtils - Finish test item completed
15:36:55.440 [AsyncHttpClient-1-6] DEBUG org.asynchttpclient.netty.handler.HttpHandler - 

Request DefaultHttpRequest(decodeResult: success, version: HTTP/1.1)
POST /session/31d2a5a599b6ce00ce3c788644f60eb1/element HTTP/1.1
User-Agent: selenium/4.8.3 (java windows)
Content-Length: 168
Content-Type: application/json; charset=utf-8
host: localhost:19670
accept: */*

Response DefaultHttpResponse(decodeResult: success, version: HTTP/1.1)
HTTP/1.1 200 OK
Content-Length: 95
Content-Type: application/json; charset=utf-8
cache-control: no-cache

15:36:55.440 [AsyncHttpClient-1-6] DEBUG org.asynchttpclient.netty.channel.ChannelManager - Adding key: http://localhost:19670 for channel [id: 0xcde07e1e, L:/127.0.0.1:52909 - R:localhost/127.0.0.1:19670]
15:36:55.441 [Forwarding clickElement on session 31d2a5a599b6ce00ce3c788644f60eb1 to remote] DEBUG org.asynchttpclient.netty.request.NettyRequestSender - Using pooled Channel '[id: 0xcde07e1e, L:/127.0.0.1:52909 - R:localhost/127.0.0.1:19670]' for 'POST' to 'http://localhost:19670/session/31d2a5a599b6ce00ce3c788644f60eb1/element/0ACB4C01287D38188AB88696EED9EC78_element_48/click'
15:36:55.442 [Forwarding clickElement on session 31d2a5a599b6ce00ce3c788644f60eb1 to remote] DEBUG org.asynchttpclient.netty.request.NettyRequestSender - Using open Channel [id: 0xcde07e1e, L:/127.0.0.1:52909 - R:localhost/127.0.0.1:19670] for POST '/session/31d2a5a599b6ce00ce3c788644f60eb1/element/0ACB4C01287D38188AB88696EED9EC78_element_48/click'
15:36:55.819 [AsyncHttpClient-1-6] DEBUG org.asynchttpclient.netty.handler.HttpHandler - 

Request DefaultHttpRequest(decodeResult: success, version: HTTP/1.1)
POST /session/31d2a5a599b6ce00ce3c788644f60eb1/element/0ACB4C01287D38188AB88696EED9EC78_element_48/click HTTP/1.1
User-Agent: selenium/4.8.3 (java windows)
Content-Length: 57
Content-Type: application/json; charset=utf-8
host: localhost:19670
accept: */*

Response DefaultHttpResponse(decodeResult: success, version: HTTP/1.1)
HTTP/1.1 200 OK
Content-Length: 14
Content-Type: application/json; charset=utf-8
cache-control: no-cache

15:36:55.819 [AsyncHttpClient-1-6] DEBUG org.asynchttpclient.netty.channel.ChannelManager - Adding key: http://localhost:19670 for channel [id: 0xcde07e1e, L:/127.0.0.1:52909 - R:localhost/127.0.0.1:19670]
15:36:55.822 [Forwarding findElements on session 31d2a5a599b6ce00ce3c788644f60eb1 to remote] DEBUG org.asynchttpclient.netty.request.NettyRequestSender - Using pooled Channel '[id: 0xcde07e1e, L:/127.0.0.1:52909 - R:localhost/127.0.0.1:19670]' for 'POST' to 'http://localhost:19670/session/31d2a5a599b6ce00ce3c788644f60eb1/elements'
15:36:55.822 [Forwarding findElements on session 31d2a5a599b6ce00ce3c788644f60eb1 to remote] DEBUG org.asynchttpclient.netty.request.NettyRequestSender - Using open Channel [id: 0xcde07e1e, L:/127.0.0.1:52909 - R:localhost/127.0.0.1:19670] for POST '/session/31d2a5a599b6ce00ce3c788644f60eb1/elements'
15:36:55.996 [AsyncHttpClient-1-1] DEBUG org.asynchttpclient.netty.channel.DefaultChannelPool - Entry count for : http://localhost:52911 : 1
15:36:56.113 [AsyncHttpClient-1-6] DEBUG org.asynchttpclient.netty.handler.HttpHandler - 

Request DefaultHttpRequest(decodeResult: success, version: HTTP/1.1)
POST /session/31d2a5a599b6ce00ce3c788644f60eb1/elements HTTP/1.1
User-Agent: selenium/4.8.3 (java windows)
Content-Length: 93
Content-Type: application/json; charset=utf-8
host: localhost:19670
accept: */*

Response DefaultHttpResponse(decodeResult: success, version: HTTP/1.1)
HTTP/1.1 200 OK
Content-Length: 1043
Content-Type: application/json; charset=utf-8
cache-control: no-cache

15:36:56.113 [AsyncHttpClient-1-6] DEBUG org.asynchttpclient.netty.channel.ChannelManager - Adding key: http://localhost:19670 for channel [id: 0xcde07e1e, L:/127.0.0.1:52909 - R:localhost/127.0.0.1:19670]
15:36:56.118 [Forwarding findElements on session 31d2a5a599b6ce00ce3c788644f60eb1 to remote] DEBUG org.asynchttpclient.netty.request.NettyRequestSender - Using pooled Channel '[id: 0xcde07e1e, L:/127.0.0.1:52909 - R:localhost/127.0.0.1:19670]' for 'POST' to 'http://localhost:19670/session/31d2a5a599b6ce00ce3c788644f60eb1/elements'
15:36:56.118 [Forwarding findElements on session 31d2a5a599b6ce00ce3c788644f60eb1 to remote] DEBUG org.asynchttpclient.netty.request.NettyRequestSender - Using open Channel [id: 0xcde07e1e, L:/127.0.0.1:52909 - R:localhost/127.0.0.1:19670] for POST '/session/31d2a5a599b6ce00ce3c788644f60eb1/elements'
15:36:56.131 [AsyncHttpClient-1-6] DEBUG org.asynchttpclient.netty.handler.HttpHandler - 

Request DefaultHttpRequest(decodeResult: success, version: HTTP/1.1)
POST /session/31d2a5a599b6ce00ce3c788644f60eb1/elements HTTP/1.1
User-Agent: selenium/4.8.3 (java windows)
Content-Length: 93
Content-Type: application/json; charset=utf-8
host: localhost:19670
accept: */*

Response DefaultHttpResponse(decodeResult: success, version: HTTP/1.1)
HTTP/1.1 200 OK
Content-Length: 1043
Content-Type: application/json; charset=utf-8
cache-control: no-cache

15:36:56.131 [AsyncHttpClient-1-6] DEBUG org.asynchttpclient.netty.channel.ChannelManager - Adding key: http://localhost:19670 for channel [id: 0xcde07e1e, L:/127.0.0.1:52909 - R:localhost/127.0.0.1:19670]
2023-06-21 15:36:56 INFO  Listeners:38 - Succeeded Test null
]]></system-out>
    <system-err><![CDATA[Starting ChromeDriver 114.0.5735.90 (386bc09e8f4f2e025eddae123f36f6263096ae49-refs/branch-heads/5735@{#1052}) on port 19670
Only local connections are allowed.
Please see https://chromedriver.chromium.org/security-considerations for suggestions on keeping ChromeDriver safe.
ChromeDriver was started successfully.
Jun 21, 2023 3:36:52 PM org.openqa.selenium.devtools.CdpVersionFinder findNearestMatch
WARNING: Unable to find an exact match for CDP version 114, so returning the closest version found: 111
]]></system-err>
  </testcase>
  <testcase name="maximizing_widget" classname="alltests.uitest.coreTest.MaximizeWidgetsTest" time="1.901">
    <system-out><![CDATA[15:36:56.134 [rp-io-44] DEBUG com.epam.reportportal.service.Launch - Starting test item...rp-io-44
15:36:56.136 [AsyncHttpClient-1-8] DEBUG org.asynchttpclient.netty.handler.WebSocketHandler - Channel Closed: [id: 0xefe19e9e, L:/127.0.0.1:52920 ! R:localhost/127.0.0.1:52911] with attribute NettyResponseFuture{currentRetry=0,
	isDone=1,
	isCancelled=0,
	asyncHandler=org.asynchttpclient.ws.WebSocketUpgradeHandler@168e667d,
	nettyRequest=org.asynchttpclient.netty.request.NettyRequest@6cbccb1d,
	future=java.util.concurrent.CompletableFuture@d7a14a8[Completed normally],
	uri=ws://localhost:52911/devtools/browser/a17026ab-18dc-4d2a-8f88-72433143e486,
	keepAlive=true,
	redirectCount=0,
	timeoutsHolder=null,
	inAuth=0,
	touch=1687354612535}
15:36:56.136 [AsyncHttpClient-1-8] DEBUG org.asynchttpclient.netty.channel.ChannelManager - Closing Channel [id: 0xefe19e9e, L:/127.0.0.1:52920 ! R:localhost/127.0.0.1:52911] 
15:36:56.137 [Driver Command Executor] DEBUG org.asynchttpclient.netty.request.NettyRequestSender - Using pooled Channel '[id: 0xcde07e1e, L:/127.0.0.1:52909 - R:localhost/127.0.0.1:19670]' for 'DELETE' to 'http://localhost:19670/session/31d2a5a599b6ce00ce3c788644f60eb1'
15:36:56.137 [Driver Command Executor] DEBUG org.asynchttpclient.netty.request.NettyRequestSender - Using open Channel [id: 0xcde07e1e, L:/127.0.0.1:52909 - R:localhost/127.0.0.1:19670] for DELETE '/session/31d2a5a599b6ce00ce3c788644f60eb1'
15:36:56.152 [rp-io-43] DEBUG com.epam.reportportal.service.Launch - TestItem with ID = 'bcf4aae0-35c8-4260-b136-aa5e9d00ddf7' successfully finished.
15:36:56.153 [rp-io-43] DEBUG com.epam.reportportal.utils.SubscriptionUtils - Finish test item completed
15:36:56.164 [rp-io-44] DEBUG com.epam.reportportal.service.Launch - ReportPortal item with ID 'd240b868-124a-487c-9e70-181014c4089c' has been created
15:36:56.164 [rp-io-44] DEBUG com.epam.reportportal.utils.SubscriptionUtils - Start test item successfully completed
15:36:56.211 [AsyncHttpClient-1-7] DEBUG org.asynchttpclient.netty.handler.HttpHandler - Unexpected I/O exception on channel [id: 0x7907ad89, L:/127.0.0.1:52919 - R:localhost/127.0.0.1:52911]
java.net.SocketException: Connection reset
	at java.base/sun.nio.ch.SocketChannelImpl.throwConnectionReset(SocketChannelImpl.java:394)
	at java.base/sun.nio.ch.SocketChannelImpl.read(SocketChannelImpl.java:426)
	at io.netty.buffer.PooledByteBuf.setBytes(PooledByteBuf.java:256)
	at io.netty.buffer.AbstractByteBuf.writeBytes(AbstractByteBuf.java:1132)
	at io.netty.channel.socket.nio.NioSocketChannel.doReadBytes(NioSocketChannel.java:357)
	at io.netty.channel.nio.AbstractNioByteChannel$NioByteUnsafe.read(AbstractNioByteChannel.java:151)
	at io.netty.channel.nio.NioEventLoop.processSelectedKey(NioEventLoop.java:788)
	at io.netty.channel.nio.NioEventLoop.processSelectedKeysOptimized(NioEventLoop.java:724)
	at io.netty.channel.nio.NioEventLoop.processSelectedKeys(NioEventLoop.java:650)
	at io.netty.channel.nio.NioEventLoop.run(NioEventLoop.java:562)
	at io.netty.util.concurrent.SingleThreadEventExecutor$4.run(SingleThreadEventExecutor.java:997)
	at io.netty.util.internal.ThreadExecutorMap$2.run(ThreadExecutorMap.java:74)
	at io.netty.util.concurrent.FastThreadLocalRunnable.run(FastThreadLocalRunnable.java:30)
	at java.base/java.lang.Thread.run(Thread.java:833)
15:36:56.211 [AsyncHttpClient-1-7] DEBUG org.asynchttpclient.netty.channel.ChannelManager - Closing Channel [id: 0x7907ad89, L:/127.0.0.1:52919 - R:localhost/127.0.0.1:52911] 
15:36:56.211 [AsyncHttpClient-1-7] DEBUG org.asynchttpclient.netty.handler.HttpHandler - Channel Closed: [id: 0x7907ad89, L:/127.0.0.1:52919 ! R:localhost/127.0.0.1:52911] with attribute DISCARD
15:36:56.240 [AsyncHttpClient-1-6] DEBUG org.asynchttpclient.netty.handler.HttpHandler - 

Request DefaultFullHttpRequest(decodeResult: success, version: HTTP/1.1, content: EmptyByteBufBE)
DELETE /session/31d2a5a599b6ce00ce3c788644f60eb1 HTTP/1.1
User-Agent: selenium/4.8.3 (java windows)
Content-Type: application/json; charset=utf-8
host: localhost:19670
accept: */*

Response DefaultHttpResponse(decodeResult: success, version: HTTP/1.1)
HTTP/1.1 200 OK
Content-Length: 14
Content-Type: application/json; charset=utf-8
cache-control: no-cache

15:36:56.240 [AsyncHttpClient-1-6] DEBUG org.asynchttpclient.netty.channel.ChannelManager - Adding key: http://localhost:19670 for channel [id: 0xcde07e1e, L:/127.0.0.1:52909 - R:localhost/127.0.0.1:19670]
15:36:56.301 [AsyncHttpClient-1-6] DEBUG org.asynchttpclient.netty.handler.HttpHandler - Channel Closed: [id: 0xcde07e1e, L:/127.0.0.1:52909 ! R:localhost/127.0.0.1:19670] with attribute DISCARD
2023-06-21 15:36:56 INFO  BaseTest:89 - Test executed**********
15:36:56.341 [rp-io-50] DEBUG com.epam.reportportal.service.Launch - Starting test item...rp-io-50
2023-06-21 15:36:56 INFO  BaseTest:116 - Property files loaded successfully**********
15:36:56.357 [main] DEBUG io.github.bonigarcia.wdm.cache.ResolutionCache - Resolution chrome=114 in cache (valid until 16:09:26 21/06/2023 CEST)
15:36:56.358 [main] DEBUG io.github.bonigarcia.wdm.cache.ResolutionCache - Resolution chrome114=114.0.5735.90 in cache (valid until 09:55:46 22/06/2023 CEST)
15:36:56.358 [main] INFO io.github.bonigarcia.wdm.WebDriverManager - Using chromedriver 114.0.5735.90 (resolved driver for Chrome 114)
15:36:56.358 [rp-io-45] DEBUG com.epam.reportportal.service.Launch - TestItem with ID = 'd240b868-124a-487c-9e70-181014c4089c' successfully finished.
15:36:56.358 [rp-io-45] DEBUG com.epam.reportportal.utils.SubscriptionUtils - Finish test item completed
15:36:56.360 [rp-io-50] DEBUG com.epam.reportportal.service.Launch - ReportPortal item with ID '6469241d-7482-467e-b62e-15605970589e' has been created
15:36:56.360 [rp-io-50] DEBUG com.epam.reportportal.utils.SubscriptionUtils - Start test item successfully completed
15:36:56.367 [main] DEBUG io.github.bonigarcia.wdm.WebDriverManager - Driver chromedriver 114.0.5735.90 found in cache
15:36:56.367 [main] INFO io.github.bonigarcia.wdm.WebDriverManager - Exporting webdriver.chrome.driver as C:\Users\Suwarna_Wagh\.cache\selenium\chromedriver\win32\114.0.5735.90\chromedriver.exe
15:36:56.520 [AsyncHttpClient-1-9] DEBUG org.asynchttpclient.netty.channel.NettyConnectListener - Using new Channel '[id: 0x1b3bdf36, L:/127.0.0.1:52943 - R:localhost/127.0.0.1:24579]' for 'POST' to '/session'
15:36:57.096 [AsyncHttpClient-1-1] DEBUG org.asynchttpclient.netty.channel.DefaultChannelPool - Entry count for : http://localhost:52911 : 1
15:36:57.096 [AsyncHttpClient-1-1] DEBUG org.asynchttpclient.netty.channel.DefaultChannelPool - Entry count for : http://localhost:19670 : 1
15:36:57.096 [AsyncHttpClient-1-1] DEBUG org.asynchttpclient.netty.channel.DefaultChannelPool - Adding Candidate expired Channel [id: 0x7907ad89, L:/127.0.0.1:52919 ! R:localhost/127.0.0.1:52911] isIdleTimeoutExpired=false isRemotelyClosed=true isTtlExpired=false
15:36:57.096 [AsyncHttpClient-1-1] DEBUG org.asynchttpclient.netty.channel.DefaultChannelPool - Closing Idle Channel [id: 0x7907ad89, L:/127.0.0.1:52919 ! R:localhost/127.0.0.1:52911]
15:36:57.096 [AsyncHttpClient-1-1] DEBUG org.asynchttpclient.netty.channel.DefaultChannelPool - Adding Candidate expired Channel [id: 0xcde07e1e, L:/127.0.0.1:52909 ! R:localhost/127.0.0.1:19670] isIdleTimeoutExpired=false isRemotelyClosed=true isTtlExpired=false
15:36:57.097 [AsyncHttpClient-1-1] DEBUG org.asynchttpclient.netty.channel.DefaultChannelPool - Closing Idle Channel [id: 0xcde07e1e, L:/127.0.0.1:52909 ! R:localhost/127.0.0.1:19670]
15:36:57.097 [AsyncHttpClient-1-1] DEBUG org.asynchttpclient.netty.channel.DefaultChannelPool - Closed 2 connections out of 2 in 1 ms
15:36:57.819 [AsyncHttpClient-1-9] DEBUG org.asynchttpclient.netty.handler.HttpHandler - 

Request DefaultHttpRequest(decodeResult: success, version: HTTP/1.1)
POST /session HTTP/1.1
User-Agent: selenium/4.8.3 (java windows)
Content-Length: 439
Content-Type: application/json; charset=utf-8
host: localhost:24579
accept: */*

Response DefaultHttpResponse(decodeResult: success, version: HTTP/1.1)
HTTP/1.1 200 OK
Content-Length: 863
Content-Type: application/json; charset=utf-8
cache-control: no-cache

15:36:57.820 [AsyncHttpClient-1-9] DEBUG org.asynchttpclient.netty.channel.ChannelManager - Adding key: http://localhost:24579 for channel [id: 0x1b3bdf36, L:/127.0.0.1:52943 - R:localhost/127.0.0.1:24579]
15:36:57.832 [AsyncHttpClient-1-10] DEBUG org.asynchttpclient.netty.channel.NettyConnectListener - Using new Channel '[id: 0x10b6885e, L:/127.0.0.1:52952 - R:localhost/127.0.0.1:52944]' for 'GET' to '/json/version'
15:36:57.833 [AsyncHttpClient-1-10] DEBUG org.asynchttpclient.netty.handler.HttpHandler - 

Request DefaultFullHttpRequest(decodeResult: success, version: HTTP/1.1, content: EmptyByteBufBE)
GET /json/version HTTP/1.1
User-Agent: selenium/4.8.3 (java windows)
host: localhost:52944
accept: */*

Response DefaultHttpResponse(decodeResult: success, version: HTTP/1.1)
HTTP/1.1 200 OK
Content-Security-Policy: frame-ancestors 'none'
Content-Length: 424
Content-Type: application/json; charset=UTF-8

15:36:57.833 [AsyncHttpClient-1-10] DEBUG org.asynchttpclient.netty.channel.ChannelManager - Adding key: http://localhost:52944 for channel [id: 0x10b6885e, L:/127.0.0.1:52952 - R:localhost/127.0.0.1:52944]
15:36:57.836 [AsyncHttpClient-1-11] DEBUG org.asynchttpclient.netty.channel.NettyConnectListener - Using new Channel '[id: 0x4fd4795c, L:/127.0.0.1:52953 - R:localhost/127.0.0.1:52944]' for 'GET' to '/devtools/browser/9b455855-0457-46da-9fd8-53423228d631'
15:36:57.837 [AsyncHttpClient-1-11] DEBUG org.asynchttpclient.netty.handler.WebSocketHandler - 

Request DefaultFullHttpRequest(decodeResult: success, version: HTTP/1.1, content: EmptyByteBufBE)
GET /devtools/browser/9b455855-0457-46da-9fd8-53423228d631 HTTP/1.1
upgrade: websocket
connection: upgrade
sec-websocket-key: HO19XxBRih0qNOTeTxZv/w==
sec-websocket-version: 13
origin: http://localhost:52944
host: localhost:52944
accept: */*
user-agent: AHC/2.1

Response DefaultHttpResponse(decodeResult: success, version: HTTP/1.1)
HTTP/1.1 101 WebSocket Protocol Handshake
Upgrade: WebSocket
Connection: Upgrade
Sec-WebSocket-Accept: xZA7lRkVHnr/BP0o7teXG5DqGmA=

15:36:57.844 [Forwarding setTimeout on session bfe43ccc4246f04be09c384481916a30 to remote] DEBUG org.asynchttpclient.netty.request.NettyRequestSender - Using pooled Channel '[id: 0x1b3bdf36, L:/127.0.0.1:52943 - R:localhost/127.0.0.1:24579]' for 'POST' to 'http://localhost:24579/session/bfe43ccc4246f04be09c384481916a30/timeouts'
15:36:57.844 [Forwarding setTimeout on session bfe43ccc4246f04be09c384481916a30 to remote] DEBUG org.asynchttpclient.netty.request.NettyRequestSender - Using open Channel [id: 0x1b3bdf36, L:/127.0.0.1:52943 - R:localhost/127.0.0.1:24579] for POST '/session/bfe43ccc4246f04be09c384481916a30/timeouts'
15:36:57.845 [AsyncHttpClient-1-9] DEBUG org.asynchttpclient.netty.handler.HttpHandler - 

Request DefaultHttpRequest(decodeResult: success, version: HTTP/1.1)
POST /session/bfe43ccc4246f04be09c384481916a30/timeouts HTTP/1.1
User-Agent: selenium/4.8.3 (java windows)
Content-Length: 22
Content-Type: application/json; charset=utf-8
host: localhost:24579
accept: */*

Response DefaultHttpResponse(decodeResult: success, version: HTTP/1.1)
HTTP/1.1 200 OK
Content-Length: 14
Content-Type: application/json; charset=utf-8
cache-control: no-cache

15:36:57.845 [AsyncHttpClient-1-9] DEBUG org.asynchttpclient.netty.channel.ChannelManager - Adding key: http://localhost:24579 for channel [id: 0x1b3bdf36, L:/127.0.0.1:52943 - R:localhost/127.0.0.1:24579]
15:36:57.847 [Forwarding maximizeCurrentWindow on session bfe43ccc4246f04be09c384481916a30 to remote] DEBUG org.asynchttpclient.netty.request.NettyRequestSender - Using pooled Channel '[id: 0x1b3bdf36, L:/127.0.0.1:52943 - R:localhost/127.0.0.1:24579]' for 'POST' to 'http://localhost:24579/session/bfe43ccc4246f04be09c384481916a30/window/maximize'
15:36:57.847 [Forwarding maximizeCurrentWindow on session bfe43ccc4246f04be09c384481916a30 to remote] DEBUG org.asynchttpclient.netty.request.NettyRequestSender - Using open Channel [id: 0x1b3bdf36, L:/127.0.0.1:52943 - R:localhost/127.0.0.1:24579] for POST '/session/bfe43ccc4246f04be09c384481916a30/window/maximize'
15:36:57.964 [AsyncHttpClient-1-9] DEBUG org.asynchttpclient.netty.handler.HttpHandler - 

Request DefaultHttpRequest(decodeResult: success, version: HTTP/1.1)
POST /session/bfe43ccc4246f04be09c384481916a30/window/maximize HTTP/1.1
User-Agent: selenium/4.8.3 (java windows)
Content-Length: 3
Content-Type: application/json; charset=utf-8
host: localhost:24579
accept: */*

Response DefaultHttpResponse(decodeResult: success, version: HTTP/1.1)
HTTP/1.1 200 OK
Content-Length: 51
Content-Type: application/json; charset=utf-8
cache-control: no-cache

15:36:57.964 [AsyncHttpClient-1-9] DEBUG org.asynchttpclient.netty.channel.ChannelManager - Adding key: http://localhost:24579 for channel [id: 0x1b3bdf36, L:/127.0.0.1:52943 - R:localhost/127.0.0.1:24579]
15:36:57.966 [Forwarding get on session bfe43ccc4246f04be09c384481916a30 to remote] DEBUG org.asynchttpclient.netty.request.NettyRequestSender - Using pooled Channel '[id: 0x1b3bdf36, L:/127.0.0.1:52943 - R:localhost/127.0.0.1:24579]' for 'POST' to 'http://localhost:24579/session/bfe43ccc4246f04be09c384481916a30/url'
15:36:57.967 [Forwarding get on session bfe43ccc4246f04be09c384481916a30 to remote] DEBUG org.asynchttpclient.netty.request.NettyRequestSender - Using open Channel [id: 0x1b3bdf36, L:/127.0.0.1:52943 - R:localhost/127.0.0.1:24579] for POST '/session/bfe43ccc4246f04be09c384481916a30/url'
15:36:58.195 [AsyncHttpClient-1-1] DEBUG org.asynchttpclient.netty.channel.DefaultChannelPool - Entry count for : http://localhost:52944 : 1
15:36:59.295 [AsyncHttpClient-1-1] DEBUG org.asynchttpclient.netty.channel.DefaultChannelPool - Entry count for : http://localhost:52944 : 1
15:37:00.350 [AsyncHttpClient-1-9] DEBUG org.asynchttpclient.netty.handler.HttpHandler - 

Request DefaultHttpRequest(decodeResult: success, version: HTTP/1.1)
POST /session/bfe43ccc4246f04be09c384481916a30/url HTTP/1.1
User-Agent: selenium/4.8.3 (java windows)
Content-Length: 52
Content-Type: application/json; charset=utf-8
host: localhost:24579
accept: */*

Response DefaultHttpResponse(decodeResult: success, version: HTTP/1.1)
HTTP/1.1 200 OK
Content-Length: 14
Content-Type: application/json; charset=utf-8
cache-control: no-cache

15:37:00.350 [AsyncHttpClient-1-9] DEBUG org.asynchttpclient.netty.channel.ChannelManager - Adding key: http://localhost:24579 for channel [id: 0x1b3bdf36, L:/127.0.0.1:52943 - R:localhost/127.0.0.1:24579]
2023-06-21 15:37:00 INFO  BaseTest:110 - Test driver set up done successfully**********
2023-06-21 15:37:00 INFO  BaseTest:128 - Logging in to portal
15:37:00.353 [Forwarding findElement on session bfe43ccc4246f04be09c384481916a30 to remote] DEBUG org.asynchttpclient.netty.request.NettyRequestSender - Using pooled Channel '[id: 0x1b3bdf36, L:/127.0.0.1:52943 - R:localhost/127.0.0.1:24579]' for 'POST' to 'http://localhost:24579/session/bfe43ccc4246f04be09c384481916a30/element'
15:37:00.353 [Forwarding findElement on session bfe43ccc4246f04be09c384481916a30 to remote] DEBUG org.asynchttpclient.netty.request.NettyRequestSender - Using open Channel [id: 0x1b3bdf36, L:/127.0.0.1:52943 - R:localhost/127.0.0.1:24579] for POST '/session/bfe43ccc4246f04be09c384481916a30/element'
15:37:00.371 [AsyncHttpClient-1-9] DEBUG org.asynchttpclient.netty.handler.HttpHandler - 

Request DefaultHttpRequest(decodeResult: success, version: HTTP/1.1)
POST /session/bfe43ccc4246f04be09c384481916a30/element HTTP/1.1
User-Agent: selenium/4.8.3 (java windows)
Content-Length: 59
Content-Type: application/json; charset=utf-8
host: localhost:24579
accept: */*

Response DefaultHttpResponse(decodeResult: success, version: HTTP/1.1)
HTTP/1.1 200 OK
Content-Length: 95
Content-Type: application/json; charset=utf-8
cache-control: no-cache

15:37:00.372 [AsyncHttpClient-1-9] DEBUG org.asynchttpclient.netty.channel.ChannelManager - Adding key: http://localhost:24579 for channel [id: 0x1b3bdf36, L:/127.0.0.1:52943 - R:localhost/127.0.0.1:24579]
15:37:00.374 [Forwarding clearElement on session bfe43ccc4246f04be09c384481916a30 to remote] DEBUG org.asynchttpclient.netty.request.NettyRequestSender - Using pooled Channel '[id: 0x1b3bdf36, L:/127.0.0.1:52943 - R:localhost/127.0.0.1:24579]' for 'POST' to 'http://localhost:24579/session/bfe43ccc4246f04be09c384481916a30/element/4097B40017D284A141EEE13A829E9373_element_25/clear'
15:37:00.374 [Forwarding clearElement on session bfe43ccc4246f04be09c384481916a30 to remote] DEBUG org.asynchttpclient.netty.request.NettyRequestSender - Using open Channel [id: 0x1b3bdf36, L:/127.0.0.1:52943 - R:localhost/127.0.0.1:24579] for POST '/session/bfe43ccc4246f04be09c384481916a30/element/4097B40017D284A141EEE13A829E9373_element_25/clear'
15:37:00.396 [AsyncHttpClient-1-1] DEBUG org.asynchttpclient.netty.channel.DefaultChannelPool - Entry count for : http://localhost:52944 : 1
15:37:00.440 [AsyncHttpClient-1-9] DEBUG org.asynchttpclient.netty.handler.HttpHandler - 

Request DefaultHttpRequest(decodeResult: success, version: HTTP/1.1)
POST /session/bfe43ccc4246f04be09c384481916a30/element/4097B40017D284A141EEE13A829E9373_element_25/clear HTTP/1.1
User-Agent: selenium/4.8.3 (java windows)
Content-Length: 57
Content-Type: application/json; charset=utf-8
host: localhost:24579
accept: */*

Response DefaultHttpResponse(decodeResult: success, version: HTTP/1.1)
HTTP/1.1 200 OK
Content-Length: 14
Content-Type: application/json; charset=utf-8
cache-control: no-cache

15:37:00.440 [AsyncHttpClient-1-9] DEBUG org.asynchttpclient.netty.channel.ChannelManager - Adding key: http://localhost:24579 for channel [id: 0x1b3bdf36, L:/127.0.0.1:52943 - R:localhost/127.0.0.1:24579]
15:37:00.442 [Forwarding findElement on session bfe43ccc4246f04be09c384481916a30 to remote] DEBUG org.asynchttpclient.netty.request.NettyRequestSender - Using pooled Channel '[id: 0x1b3bdf36, L:/127.0.0.1:52943 - R:localhost/127.0.0.1:24579]' for 'POST' to 'http://localhost:24579/session/bfe43ccc4246f04be09c384481916a30/element'
15:37:00.442 [Forwarding findElement on session bfe43ccc4246f04be09c384481916a30 to remote] DEBUG org.asynchttpclient.netty.request.NettyRequestSender - Using open Channel [id: 0x1b3bdf36, L:/127.0.0.1:52943 - R:localhost/127.0.0.1:24579] for POST '/session/bfe43ccc4246f04be09c384481916a30/element'
15:37:00.452 [AsyncHttpClient-1-9] DEBUG org.asynchttpclient.netty.handler.HttpHandler - 

Request DefaultHttpRequest(decodeResult: success, version: HTTP/1.1)
POST /session/bfe43ccc4246f04be09c384481916a30/element HTTP/1.1
User-Agent: selenium/4.8.3 (java windows)
Content-Length: 59
Content-Type: application/json; charset=utf-8
host: localhost:24579
accept: */*

Response DefaultHttpResponse(decodeResult: success, version: HTTP/1.1)
HTTP/1.1 200 OK
Content-Length: 95
Content-Type: application/json; charset=utf-8
cache-control: no-cache

15:37:00.452 [AsyncHttpClient-1-9] DEBUG org.asynchttpclient.netty.channel.ChannelManager - Adding key: http://localhost:24579 for channel [id: 0x1b3bdf36, L:/127.0.0.1:52943 - R:localhost/127.0.0.1:24579]
15:37:00.455 [Forwarding sendKeysToElement on session bfe43ccc4246f04be09c384481916a30 to remote] DEBUG org.asynchttpclient.netty.request.NettyRequestSender - Using pooled Channel '[id: 0x1b3bdf36, L:/127.0.0.1:52943 - R:localhost/127.0.0.1:24579]' for 'POST' to 'http://localhost:24579/session/bfe43ccc4246f04be09c384481916a30/element/4097B40017D284A141EEE13A829E9373_element_25/value'
15:37:00.455 [Forwarding sendKeysToElement on session bfe43ccc4246f04be09c384481916a30 to remote] DEBUG org.asynchttpclient.netty.request.NettyRequestSender - Using open Channel [id: 0x1b3bdf36, L:/127.0.0.1:52943 - R:localhost/127.0.0.1:24579] for POST '/session/bfe43ccc4246f04be09c384481916a30/element/4097B40017D284A141EEE13A829E9373_element_25/value'
15:37:00.601 [AsyncHttpClient-1-9] DEBUG org.asynchttpclient.netty.handler.HttpHandler - 

Request DefaultHttpRequest(decodeResult: success, version: HTTP/1.1)
POST /session/bfe43ccc4246f04be09c384481916a30/element/4097B40017D284A141EEE13A829E9373_element_25/value HTTP/1.1
User-Agent: selenium/4.8.3 (java windows)
Content-Length: 188
Content-Type: application/json; charset=utf-8
host: localhost:24579
accept: */*

Response DefaultHttpResponse(decodeResult: success, version: HTTP/1.1)
HTTP/1.1 200 OK
Content-Length: 14
Content-Type: application/json; charset=utf-8
cache-control: no-cache

15:37:00.601 [AsyncHttpClient-1-9] DEBUG org.asynchttpclient.netty.channel.ChannelManager - Adding key: http://localhost:24579 for channel [id: 0x1b3bdf36, L:/127.0.0.1:52943 - R:localhost/127.0.0.1:24579]
15:37:00.603 [Forwarding findElement on session bfe43ccc4246f04be09c384481916a30 to remote] DEBUG org.asynchttpclient.netty.request.NettyRequestSender - Using pooled Channel '[id: 0x1b3bdf36, L:/127.0.0.1:52943 - R:localhost/127.0.0.1:24579]' for 'POST' to 'http://localhost:24579/session/bfe43ccc4246f04be09c384481916a30/element'
15:37:00.603 [Forwarding findElement on session bfe43ccc4246f04be09c384481916a30 to remote] DEBUG org.asynchttpclient.netty.request.NettyRequestSender - Using open Channel [id: 0x1b3bdf36, L:/127.0.0.1:52943 - R:localhost/127.0.0.1:24579] for POST '/session/bfe43ccc4246f04be09c384481916a30/element'
15:37:00.621 [AsyncHttpClient-1-9] DEBUG org.asynchttpclient.netty.handler.HttpHandler - 

Request DefaultHttpRequest(decodeResult: success, version: HTTP/1.1)
POST /session/bfe43ccc4246f04be09c384481916a30/element HTTP/1.1
User-Agent: selenium/4.8.3 (java windows)
Content-Length: 62
Content-Type: application/json; charset=utf-8
host: localhost:24579
accept: */*

Response DefaultHttpResponse(decodeResult: success, version: HTTP/1.1)
HTTP/1.1 200 OK
Content-Length: 95
Content-Type: application/json; charset=utf-8
cache-control: no-cache

15:37:00.621 [AsyncHttpClient-1-9] DEBUG org.asynchttpclient.netty.channel.ChannelManager - Adding key: http://localhost:24579 for channel [id: 0x1b3bdf36, L:/127.0.0.1:52943 - R:localhost/127.0.0.1:24579]
15:37:00.623 [Forwarding clearElement on session bfe43ccc4246f04be09c384481916a30 to remote] DEBUG org.asynchttpclient.netty.request.NettyRequestSender - Using pooled Channel '[id: 0x1b3bdf36, L:/127.0.0.1:52943 - R:localhost/127.0.0.1:24579]' for 'POST' to 'http://localhost:24579/session/bfe43ccc4246f04be09c384481916a30/element/4097B40017D284A141EEE13A829E9373_element_32/clear'
15:37:00.623 [Forwarding clearElement on session bfe43ccc4246f04be09c384481916a30 to remote] DEBUG org.asynchttpclient.netty.request.NettyRequestSender - Using open Channel [id: 0x1b3bdf36, L:/127.0.0.1:52943 - R:localhost/127.0.0.1:24579] for POST '/session/bfe43ccc4246f04be09c384481916a30/element/4097B40017D284A141EEE13A829E9373_element_32/clear'
15:37:00.662 [AsyncHttpClient-1-9] DEBUG org.asynchttpclient.netty.handler.HttpHandler - 

Request DefaultHttpRequest(decodeResult: success, version: HTTP/1.1)
POST /session/bfe43ccc4246f04be09c384481916a30/element/4097B40017D284A141EEE13A829E9373_element_32/clear HTTP/1.1
User-Agent: selenium/4.8.3 (java windows)
Content-Length: 57
Content-Type: application/json; charset=utf-8
host: localhost:24579
accept: */*

Response DefaultHttpResponse(decodeResult: success, version: HTTP/1.1)
HTTP/1.1 200 OK
Content-Length: 14
Content-Type: application/json; charset=utf-8
cache-control: no-cache

15:37:00.663 [AsyncHttpClient-1-9] DEBUG org.asynchttpclient.netty.channel.ChannelManager - Adding key: http://localhost:24579 for channel [id: 0x1b3bdf36, L:/127.0.0.1:52943 - R:localhost/127.0.0.1:24579]
15:37:00.664 [Forwarding findElement on session bfe43ccc4246f04be09c384481916a30 to remote] DEBUG org.asynchttpclient.netty.request.NettyRequestSender - Using pooled Channel '[id: 0x1b3bdf36, L:/127.0.0.1:52943 - R:localhost/127.0.0.1:24579]' for 'POST' to 'http://localhost:24579/session/bfe43ccc4246f04be09c384481916a30/element'
15:37:00.664 [Forwarding findElement on session bfe43ccc4246f04be09c384481916a30 to remote] DEBUG org.asynchttpclient.netty.request.NettyRequestSender - Using open Channel [id: 0x1b3bdf36, L:/127.0.0.1:52943 - R:localhost/127.0.0.1:24579] for POST '/session/bfe43ccc4246f04be09c384481916a30/element'
15:37:00.676 [AsyncHttpClient-1-9] DEBUG org.asynchttpclient.netty.handler.HttpHandler - 

Request DefaultHttpRequest(decodeResult: success, version: HTTP/1.1)
POST /session/bfe43ccc4246f04be09c384481916a30/element HTTP/1.1
User-Agent: selenium/4.8.3 (java windows)
Content-Length: 62
Content-Type: application/json; charset=utf-8
host: localhost:24579
accept: */*

Response DefaultHttpResponse(decodeResult: success, version: HTTP/1.1)
HTTP/1.1 200 OK
Content-Length: 95
Content-Type: application/json; charset=utf-8
cache-control: no-cache

15:37:00.676 [AsyncHttpClient-1-9] DEBUG org.asynchttpclient.netty.channel.ChannelManager - Adding key: http://localhost:24579 for channel [id: 0x1b3bdf36, L:/127.0.0.1:52943 - R:localhost/127.0.0.1:24579]
15:37:00.678 [Forwarding sendKeysToElement on session bfe43ccc4246f04be09c384481916a30 to remote] DEBUG org.asynchttpclient.netty.request.NettyRequestSender - Using pooled Channel '[id: 0x1b3bdf36, L:/127.0.0.1:52943 - R:localhost/127.0.0.1:24579]' for 'POST' to 'http://localhost:24579/session/bfe43ccc4246f04be09c384481916a30/element/4097B40017D284A141EEE13A829E9373_element_32/value'
15:37:00.678 [Forwarding sendKeysToElement on session bfe43ccc4246f04be09c384481916a30 to remote] DEBUG org.asynchttpclient.netty.request.NettyRequestSender - Using open Channel [id: 0x1b3bdf36, L:/127.0.0.1:52943 - R:localhost/127.0.0.1:24579] for POST '/session/bfe43ccc4246f04be09c384481916a30/element/4097B40017D284A141EEE13A829E9373_element_32/value'
15:37:00.823 [AsyncHttpClient-1-9] DEBUG org.asynchttpclient.netty.handler.HttpHandler - 

Request DefaultHttpRequest(decodeResult: success, version: HTTP/1.1)
POST /session/bfe43ccc4246f04be09c384481916a30/element/4097B40017D284A141EEE13A829E9373_element_32/value HTTP/1.1
User-Agent: selenium/4.8.3 (java windows)
Content-Length: 148
Content-Type: application/json; charset=utf-8
host: localhost:24579
accept: */*

Response DefaultHttpResponse(decodeResult: success, version: HTTP/1.1)
HTTP/1.1 200 OK
Content-Length: 14
Content-Type: application/json; charset=utf-8
cache-control: no-cache

15:37:00.824 [AsyncHttpClient-1-9] DEBUG org.asynchttpclient.netty.channel.ChannelManager - Adding key: http://localhost:24579 for channel [id: 0x1b3bdf36, L:/127.0.0.1:52943 - R:localhost/127.0.0.1:24579]
15:37:00.824 [Forwarding findElement on session bfe43ccc4246f04be09c384481916a30 to remote] DEBUG org.asynchttpclient.netty.request.NettyRequestSender - Using pooled Channel '[id: 0x1b3bdf36, L:/127.0.0.1:52943 - R:localhost/127.0.0.1:24579]' for 'POST' to 'http://localhost:24579/session/bfe43ccc4246f04be09c384481916a30/element'
15:37:00.824 [Forwarding findElement on session bfe43ccc4246f04be09c384481916a30 to remote] DEBUG org.asynchttpclient.netty.request.NettyRequestSender - Using open Channel [id: 0x1b3bdf36, L:/127.0.0.1:52943 - R:localhost/127.0.0.1:24579] for POST '/session/bfe43ccc4246f04be09c384481916a30/element'
15:37:00.847 [AsyncHttpClient-1-9] DEBUG org.asynchttpclient.netty.handler.HttpHandler - 

Request DefaultHttpRequest(decodeResult: success, version: HTTP/1.1)
POST /session/bfe43ccc4246f04be09c384481916a30/element HTTP/1.1
User-Agent: selenium/4.8.3 (java windows)
Content-Length: 71
Content-Type: application/json; charset=utf-8
host: localhost:24579
accept: */*

Response DefaultHttpResponse(decodeResult: success, version: HTTP/1.1)
HTTP/1.1 200 OK
Content-Length: 95
Content-Type: application/json; charset=utf-8
cache-control: no-cache

15:37:00.847 [AsyncHttpClient-1-9] DEBUG org.asynchttpclient.netty.channel.ChannelManager - Adding key: http://localhost:24579 for channel [id: 0x1b3bdf36, L:/127.0.0.1:52943 - R:localhost/127.0.0.1:24579]
15:37:00.848 [Forwarding clickElement on session bfe43ccc4246f04be09c384481916a30 to remote] DEBUG org.asynchttpclient.netty.request.NettyRequestSender - Using pooled Channel '[id: 0x1b3bdf36, L:/127.0.0.1:52943 - R:localhost/127.0.0.1:24579]' for 'POST' to 'http://localhost:24579/session/bfe43ccc4246f04be09c384481916a30/element/4097B40017D284A141EEE13A829E9373_element_33/click'
15:37:00.848 [Forwarding clickElement on session bfe43ccc4246f04be09c384481916a30 to remote] DEBUG org.asynchttpclient.netty.request.NettyRequestSender - Using open Channel [id: 0x1b3bdf36, L:/127.0.0.1:52943 - R:localhost/127.0.0.1:24579] for POST '/session/bfe43ccc4246f04be09c384481916a30/element/4097B40017D284A141EEE13A829E9373_element_33/click'
15:37:00.930 [AsyncHttpClient-1-9] DEBUG org.asynchttpclient.netty.handler.HttpHandler - 

Request DefaultHttpRequest(decodeResult: success, version: HTTP/1.1)
POST /session/bfe43ccc4246f04be09c384481916a30/element/4097B40017D284A141EEE13A829E9373_element_33/click HTTP/1.1
User-Agent: selenium/4.8.3 (java windows)
Content-Length: 57
Content-Type: application/json; charset=utf-8
host: localhost:24579
accept: */*

Response DefaultHttpResponse(decodeResult: success, version: HTTP/1.1)
HTTP/1.1 200 OK
Content-Length: 14
Content-Type: application/json; charset=utf-8
cache-control: no-cache

15:37:00.930 [AsyncHttpClient-1-9] DEBUG org.asynchttpclient.netty.channel.ChannelManager - Adding key: http://localhost:24579 for channel [id: 0x1b3bdf36, L:/127.0.0.1:52943 - R:localhost/127.0.0.1:24579]
2023-06-21 15:37:00 INFO  BaseTest:132 - Logged in
15:37:00.934 [rp-io-51] DEBUG com.epam.reportportal.service.Launch - Starting test item...rp-io-51
2023-06-21 15:37:00 INFO  Listeners:34 - Started Test null
15:37:00.938 [Forwarding findElement on session bfe43ccc4246f04be09c384481916a30 to remote] DEBUG org.asynchttpclient.netty.request.NettyRequestSender - Using pooled Channel '[id: 0x1b3bdf36, L:/127.0.0.1:52943 - R:localhost/127.0.0.1:24579]' for 'POST' to 'http://localhost:24579/session/bfe43ccc4246f04be09c384481916a30/element'
15:37:00.938 [Forwarding findElement on session bfe43ccc4246f04be09c384481916a30 to remote] DEBUG org.asynchttpclient.netty.request.NettyRequestSender - Using open Channel [id: 0x1b3bdf36, L:/127.0.0.1:52943 - R:localhost/127.0.0.1:24579] for POST '/session/bfe43ccc4246f04be09c384481916a30/element'
15:37:00.960 [rp-io-54] DEBUG com.epam.reportportal.service.Launch - TestItem with ID = '6469241d-7482-467e-b62e-15605970589e' successfully finished.
15:37:00.960 [rp-io-54] DEBUG com.epam.reportportal.utils.SubscriptionUtils - Finish test item completed
15:37:00.975 [rp-io-51] DEBUG com.epam.reportportal.service.Launch - ReportPortal item with ID '65cbd53e-afca-49d4-8868-5ddb3bec3919' has been created
15:37:00.975 [rp-io-51] DEBUG com.epam.reportportal.utils.SubscriptionUtils - Start test item successfully completed
15:37:01.495 [AsyncHttpClient-1-1] DEBUG org.asynchttpclient.netty.channel.DefaultChannelPool - Entry count for : http://localhost:52944 : 1
15:37:01.579 [AsyncHttpClient-1-9] DEBUG org.asynchttpclient.netty.handler.HttpHandler - 

Request DefaultHttpRequest(decodeResult: success, version: HTTP/1.1)
POST /session/bfe43ccc4246f04be09c384481916a30/element HTTP/1.1
User-Agent: selenium/4.8.3 (java windows)
Content-Length: 168
Content-Type: application/json; charset=utf-8
host: localhost:24579
accept: */*

Response DefaultHttpResponse(decodeResult: success, version: HTTP/1.1)
HTTP/1.1 200 OK
Content-Length: 95
Content-Type: application/json; charset=utf-8
cache-control: no-cache

15:37:01.579 [AsyncHttpClient-1-9] DEBUG org.asynchttpclient.netty.channel.ChannelManager - Adding key: http://localhost:24579 for channel [id: 0x1b3bdf36, L:/127.0.0.1:52943 - R:localhost/127.0.0.1:24579]
15:37:01.580 [Forwarding clickElement on session bfe43ccc4246f04be09c384481916a30 to remote] DEBUG org.asynchttpclient.netty.request.NettyRequestSender - Using pooled Channel '[id: 0x1b3bdf36, L:/127.0.0.1:52943 - R:localhost/127.0.0.1:24579]' for 'POST' to 'http://localhost:24579/session/bfe43ccc4246f04be09c384481916a30/element/4097B40017D284A141EEE13A829E9373_element_38/click'
15:37:01.580 [Forwarding clickElement on session bfe43ccc4246f04be09c384481916a30 to remote] DEBUG org.asynchttpclient.netty.request.NettyRequestSender - Using open Channel [id: 0x1b3bdf36, L:/127.0.0.1:52943 - R:localhost/127.0.0.1:24579] for POST '/session/bfe43ccc4246f04be09c384481916a30/element/4097B40017D284A141EEE13A829E9373_element_38/click'
15:37:01.805 [AsyncHttpClient-1-9] DEBUG org.asynchttpclient.netty.handler.HttpHandler - 

Request DefaultHttpRequest(decodeResult: success, version: HTTP/1.1)
POST /session/bfe43ccc4246f04be09c384481916a30/element/4097B40017D284A141EEE13A829E9373_element_38/click HTTP/1.1
User-Agent: selenium/4.8.3 (java windows)
Content-Length: 57
Content-Type: application/json; charset=utf-8
host: localhost:24579
accept: */*

Response DefaultHttpResponse(decodeResult: success, version: HTTP/1.1)
HTTP/1.1 200 OK
Content-Length: 14
Content-Type: application/json; charset=utf-8
cache-control: no-cache

15:37:01.806 [AsyncHttpClient-1-9] DEBUG org.asynchttpclient.netty.channel.ChannelManager - Adding key: http://localhost:24579 for channel [id: 0x1b3bdf36, L:/127.0.0.1:52943 - R:localhost/127.0.0.1:24579]
15:37:01.810 [Forwarding findElement on session bfe43ccc4246f04be09c384481916a30 to remote] DEBUG org.asynchttpclient.netty.request.NettyRequestSender - Using pooled Channel '[id: 0x1b3bdf36, L:/127.0.0.1:52943 - R:localhost/127.0.0.1:24579]' for 'POST' to 'http://localhost:24579/session/bfe43ccc4246f04be09c384481916a30/element'
15:37:01.811 [Forwarding findElement on session bfe43ccc4246f04be09c384481916a30 to remote] DEBUG org.asynchttpclient.netty.request.NettyRequestSender - Using open Channel [id: 0x1b3bdf36, L:/127.0.0.1:52943 - R:localhost/127.0.0.1:24579] for POST '/session/bfe43ccc4246f04be09c384481916a30/element'
15:37:02.315 [AsyncHttpClient-1-9] DEBUG org.asynchttpclient.netty.handler.HttpHandler - 

Request DefaultHttpRequest(decodeResult: success, version: HTTP/1.1)
POST /session/bfe43ccc4246f04be09c384481916a30/element HTTP/1.1
User-Agent: selenium/4.8.3 (java windows)
Content-Length: 94
Content-Type: application/json; charset=utf-8
host: localhost:24579
accept: */*

Response DefaultHttpResponse(decodeResult: success, version: HTTP/1.1)
HTTP/1.1 200 OK
Content-Length: 95
Content-Type: application/json; charset=utf-8
cache-control: no-cache

15:37:02.316 [AsyncHttpClient-1-9] DEBUG org.asynchttpclient.netty.channel.ChannelManager - Adding key: http://localhost:24579 for channel [id: 0x1b3bdf36, L:/127.0.0.1:52943 - R:localhost/127.0.0.1:24579]
15:37:02.316 [Forwarding getElementRect on session bfe43ccc4246f04be09c384481916a30 to remote] DEBUG org.asynchttpclient.netty.request.NettyRequestSender - Using pooled Channel '[id: 0x1b3bdf36, L:/127.0.0.1:52943 - R:localhost/127.0.0.1:24579]' for 'GET' to 'http://localhost:24579/session/bfe43ccc4246f04be09c384481916a30/element/4097B40017D284A141EEE13A829E9373_element_58/rect'
15:37:02.316 [Forwarding getElementRect on session bfe43ccc4246f04be09c384481916a30 to remote] DEBUG org.asynchttpclient.netty.request.NettyRequestSender - Using open Channel [id: 0x1b3bdf36, L:/127.0.0.1:52943 - R:localhost/127.0.0.1:24579] for GET '/session/bfe43ccc4246f04be09c384481916a30/element/4097B40017D284A141EEE13A829E9373_element_58/rect'
15:37:02.332 [AsyncHttpClient-1-9] DEBUG org.asynchttpclient.netty.handler.HttpHandler - 

Request DefaultFullHttpRequest(decodeResult: success, version: HTTP/1.1, content: EmptyByteBufBE)
GET /session/bfe43ccc4246f04be09c384481916a30/element/4097B40017D284A141EEE13A829E9373_element_58/rect HTTP/1.1
User-Agent: selenium/4.8.3 (java windows)
Cache-Control: no-cache
Content-Type: application/json; charset=utf-8
host: localhost:24579
accept: */*

Response DefaultHttpResponse(decodeResult: success, version: HTTP/1.1)
HTTP/1.1 200 OK
Content-Length: 109
Content-Type: application/json; charset=utf-8
cache-control: no-cache

15:37:02.333 [AsyncHttpClient-1-9] DEBUG org.asynchttpclient.netty.channel.ChannelManager - Adding key: http://localhost:24579 for channel [id: 0x1b3bdf36, L:/127.0.0.1:52943 - R:localhost/127.0.0.1:24579]
15:37:02.334 [Forwarding findElement on session bfe43ccc4246f04be09c384481916a30 to remote] DEBUG org.asynchttpclient.netty.request.NettyRequestSender - Using pooled Channel '[id: 0x1b3bdf36, L:/127.0.0.1:52943 - R:localhost/127.0.0.1:24579]' for 'POST' to 'http://localhost:24579/session/bfe43ccc4246f04be09c384481916a30/element'
15:37:02.335 [Forwarding findElement on session bfe43ccc4246f04be09c384481916a30 to remote] DEBUG org.asynchttpclient.netty.request.NettyRequestSender - Using open Channel [id: 0x1b3bdf36, L:/127.0.0.1:52943 - R:localhost/127.0.0.1:24579] for POST '/session/bfe43ccc4246f04be09c384481916a30/element'
15:37:02.362 [AsyncHttpClient-1-9] DEBUG org.asynchttpclient.netty.handler.HttpHandler - 

Request DefaultHttpRequest(decodeResult: success, version: HTTP/1.1)
POST /session/bfe43ccc4246f04be09c384481916a30/element HTTP/1.1
User-Agent: selenium/4.8.3 (java windows)
Content-Length: 232
Content-Type: application/json; charset=utf-8
host: localhost:24579
accept: */*

Response DefaultHttpResponse(decodeResult: success, version: HTTP/1.1)
HTTP/1.1 200 OK
Content-Length: 95
Content-Type: application/json; charset=utf-8
cache-control: no-cache

15:37:02.362 [AsyncHttpClient-1-9] DEBUG org.asynchttpclient.netty.channel.ChannelManager - Adding key: http://localhost:24579 for channel [id: 0x1b3bdf36, L:/127.0.0.1:52943 - R:localhost/127.0.0.1:24579]
15:37:02.364 [Forwarding findElement on session bfe43ccc4246f04be09c384481916a30 to remote] DEBUG org.asynchttpclient.netty.request.NettyRequestSender - Using pooled Channel '[id: 0x1b3bdf36, L:/127.0.0.1:52943 - R:localhost/127.0.0.1:24579]' for 'POST' to 'http://localhost:24579/session/bfe43ccc4246f04be09c384481916a30/element'
15:37:02.364 [Forwarding findElement on session bfe43ccc4246f04be09c384481916a30 to remote] DEBUG org.asynchttpclient.netty.request.NettyRequestSender - Using open Channel [id: 0x1b3bdf36, L:/127.0.0.1:52943 - R:localhost/127.0.0.1:24579] for POST '/session/bfe43ccc4246f04be09c384481916a30/element'
15:37:02.394 [AsyncHttpClient-1-9] DEBUG org.asynchttpclient.netty.handler.HttpHandler - 

Request DefaultHttpRequest(decodeResult: success, version: HTTP/1.1)
POST /session/bfe43ccc4246f04be09c384481916a30/element HTTP/1.1
User-Agent: selenium/4.8.3 (java windows)
Content-Length: 283
Content-Type: application/json; charset=utf-8
host: localhost:24579
accept: */*

Response DefaultHttpResponse(decodeResult: success, version: HTTP/1.1)
HTTP/1.1 200 OK
Content-Length: 95
Content-Type: application/json; charset=utf-8
cache-control: no-cache

15:37:02.395 [AsyncHttpClient-1-9] DEBUG org.asynchttpclient.netty.channel.ChannelManager - Adding key: http://localhost:24579 for channel [id: 0x1b3bdf36, L:/127.0.0.1:52943 - R:localhost/127.0.0.1:24579]
15:37:02.410 [Forwarding actions on session bfe43ccc4246f04be09c384481916a30 to remote] DEBUG org.asynchttpclient.netty.request.NettyRequestSender - Using pooled Channel '[id: 0x1b3bdf36, L:/127.0.0.1:52943 - R:localhost/127.0.0.1:24579]' for 'POST' to 'http://localhost:24579/session/bfe43ccc4246f04be09c384481916a30/actions'
15:37:02.410 [Forwarding actions on session bfe43ccc4246f04be09c384481916a30 to remote] DEBUG org.asynchttpclient.netty.request.NettyRequestSender - Using open Channel [id: 0x1b3bdf36, L:/127.0.0.1:52943 - R:localhost/127.0.0.1:24579] for POST '/session/bfe43ccc4246f04be09c384481916a30/actions'
15:37:02.597 [AsyncHttpClient-1-1] DEBUG org.asynchttpclient.netty.channel.DefaultChannelPool - Entry count for : http://localhost:52944 : 1
15:37:02.798 [AsyncHttpClient-1-9] DEBUG org.asynchttpclient.netty.handler.HttpHandler - 

Request DefaultHttpRequest(decodeResult: success, version: HTTP/1.1)
POST /session/bfe43ccc4246f04be09c384481916a30/actions HTTP/1.1
User-Agent: selenium/4.8.3 (java windows)
Content-Length: 962
Content-Type: application/json; charset=utf-8
host: localhost:24579
accept: */*

Response DefaultHttpResponse(decodeResult: success, version: HTTP/1.1)
HTTP/1.1 200 OK
Content-Length: 14
Content-Type: application/json; charset=utf-8
cache-control: no-cache

15:37:02.799 [AsyncHttpClient-1-9] DEBUG org.asynchttpclient.netty.channel.ChannelManager - Adding key: http://localhost:24579 for channel [id: 0x1b3bdf36, L:/127.0.0.1:52943 - R:localhost/127.0.0.1:24579]
15:37:02.800 [Forwarding findElement on session bfe43ccc4246f04be09c384481916a30 to remote] DEBUG org.asynchttpclient.netty.request.NettyRequestSender - Using pooled Channel '[id: 0x1b3bdf36, L:/127.0.0.1:52943 - R:localhost/127.0.0.1:24579]' for 'POST' to 'http://localhost:24579/session/bfe43ccc4246f04be09c384481916a30/element'
15:37:02.800 [Forwarding findElement on session bfe43ccc4246f04be09c384481916a30 to remote] DEBUG org.asynchttpclient.netty.request.NettyRequestSender - Using open Channel [id: 0x1b3bdf36, L:/127.0.0.1:52943 - R:localhost/127.0.0.1:24579] for POST '/session/bfe43ccc4246f04be09c384481916a30/element'
15:37:02.824 [AsyncHttpClient-1-9] DEBUG org.asynchttpclient.netty.handler.HttpHandler - 

Request DefaultHttpRequest(decodeResult: success, version: HTTP/1.1)
POST /session/bfe43ccc4246f04be09c384481916a30/element HTTP/1.1
User-Agent: selenium/4.8.3 (java windows)
Content-Length: 94
Content-Type: application/json; charset=utf-8
host: localhost:24579
accept: */*

Response DefaultHttpResponse(decodeResult: success, version: HTTP/1.1)
HTTP/1.1 200 OK
Content-Length: 95
Content-Type: application/json; charset=utf-8
cache-control: no-cache

15:37:02.824 [AsyncHttpClient-1-9] DEBUG org.asynchttpclient.netty.channel.ChannelManager - Adding key: http://localhost:24579 for channel [id: 0x1b3bdf36, L:/127.0.0.1:52943 - R:localhost/127.0.0.1:24579]
15:37:02.825 [Forwarding getElementRect on session bfe43ccc4246f04be09c384481916a30 to remote] DEBUG org.asynchttpclient.netty.request.NettyRequestSender - Using pooled Channel '[id: 0x1b3bdf36, L:/127.0.0.1:52943 - R:localhost/127.0.0.1:24579]' for 'GET' to 'http://localhost:24579/session/bfe43ccc4246f04be09c384481916a30/element/4097B40017D284A141EEE13A829E9373_element_58/rect'
15:37:02.825 [Forwarding getElementRect on session bfe43ccc4246f04be09c384481916a30 to remote] DEBUG org.asynchttpclient.netty.request.NettyRequestSender - Using open Channel [id: 0x1b3bdf36, L:/127.0.0.1:52943 - R:localhost/127.0.0.1:24579] for GET '/session/bfe43ccc4246f04be09c384481916a30/element/4097B40017D284A141EEE13A829E9373_element_58/rect'
15:37:02.844 [AsyncHttpClient-1-9] DEBUG org.asynchttpclient.netty.handler.HttpHandler - 

Request DefaultFullHttpRequest(decodeResult: success, version: HTTP/1.1, content: EmptyByteBufBE)
GET /session/bfe43ccc4246f04be09c384481916a30/element/4097B40017D284A141EEE13A829E9373_element_58/rect HTTP/1.1
User-Agent: selenium/4.8.3 (java windows)
Cache-Control: no-cache
Content-Type: application/json; charset=utf-8
host: localhost:24579
accept: */*

Response DefaultHttpResponse(decodeResult: success, version: HTTP/1.1)
HTTP/1.1 200 OK
Content-Length: 94
Content-Type: application/json; charset=utf-8
cache-control: no-cache

15:37:02.844 [AsyncHttpClient-1-9] DEBUG org.asynchttpclient.netty.channel.ChannelManager - Adding key: http://localhost:24579 for channel [id: 0x1b3bdf36, L:/127.0.0.1:52943 - R:localhost/127.0.0.1:24579]
2023-06-21 15:37:02 INFO  Listeners:38 - Succeeded Test null
]]></system-out>
    <system-err><![CDATA[Starting ChromeDriver 114.0.5735.90 (386bc09e8f4f2e025eddae123f36f6263096ae49-refs/branch-heads/5735@{#1052}) on port 24579
Only local connections are allowed.
Please see https://chromedriver.chromium.org/security-considerations for suggestions on keeping ChromeDriver safe.
ChromeDriver was started successfully.
Jun 21, 2023 3:36:57 PM org.openqa.selenium.devtools.CdpVersionFinder findNearestMatch
WARNING: Unable to find an exact match for CDP version 114, so returning the closest version found: 111
]]></system-err>
  </testcase>
  <testcase name="minimizing_widget" classname="alltests.uitest.coreTest.MinimizeWidgetsTest" time="1.771">
    <system-out><![CDATA[15:37:02.846 [rp-io-60] DEBUG com.epam.reportportal.service.Launch - Starting test item...rp-io-60
15:37:02.848 [AsyncHttpClient-1-11] DEBUG org.asynchttpclient.netty.handler.WebSocketHandler - Channel Closed: [id: 0x4fd4795c, L:/127.0.0.1:52953 ! R:localhost/127.0.0.1:52944] with attribute NettyResponseFuture{currentRetry=0,
	isDone=1,
	isCancelled=0,
	asyncHandler=org.asynchttpclient.ws.WebSocketUpgradeHandler@43ed7a81,
	nettyRequest=org.asynchttpclient.netty.request.NettyRequest@3b3f8a06,
	future=java.util.concurrent.CompletableFuture@317936f5[Completed normally],
	uri=ws://localhost:52944/devtools/browser/9b455855-0457-46da-9fd8-53423228d631,
	keepAlive=true,
	redirectCount=0,
	timeoutsHolder=null,
	inAuth=0,
	touch=1687354617838}
15:37:02.848 [AsyncHttpClient-1-11] DEBUG org.asynchttpclient.netty.channel.ChannelManager - Closing Channel [id: 0x4fd4795c, L:/127.0.0.1:52953 ! R:localhost/127.0.0.1:52944] 
15:37:02.849 [Driver Command Executor] DEBUG org.asynchttpclient.netty.request.NettyRequestSender - Using pooled Channel '[id: 0x1b3bdf36, L:/127.0.0.1:52943 - R:localhost/127.0.0.1:24579]' for 'DELETE' to 'http://localhost:24579/session/bfe43ccc4246f04be09c384481916a30'
15:37:02.849 [Driver Command Executor] DEBUG org.asynchttpclient.netty.request.NettyRequestSender - Using open Channel [id: 0x1b3bdf36, L:/127.0.0.1:52943 - R:localhost/127.0.0.1:24579] for DELETE '/session/bfe43ccc4246f04be09c384481916a30'
15:37:02.865 [rp-io-57] DEBUG com.epam.reportportal.service.Launch - TestItem with ID = '65cbd53e-afca-49d4-8868-5ddb3bec3919' successfully finished.
15:37:02.865 [rp-io-57] DEBUG com.epam.reportportal.utils.SubscriptionUtils - Finish test item completed
15:37:02.869 [rp-io-60] DEBUG com.epam.reportportal.service.Launch - ReportPortal item with ID '75ea166c-25af-4cfc-9b5d-3caa1fd5dca7' has been created
15:37:02.869 [rp-io-60] DEBUG com.epam.reportportal.utils.SubscriptionUtils - Start test item successfully completed
15:37:02.916 [AsyncHttpClient-1-10] DEBUG org.asynchttpclient.netty.handler.HttpHandler - Unexpected I/O exception on channel [id: 0x10b6885e, L:/127.0.0.1:52952 - R:localhost/127.0.0.1:52944]
java.net.SocketException: Connection reset
	at java.base/sun.nio.ch.SocketChannelImpl.throwConnectionReset(SocketChannelImpl.java:394)
	at java.base/sun.nio.ch.SocketChannelImpl.read(SocketChannelImpl.java:426)
	at io.netty.buffer.PooledByteBuf.setBytes(PooledByteBuf.java:256)
	at io.netty.buffer.AbstractByteBuf.writeBytes(AbstractByteBuf.java:1132)
	at io.netty.channel.socket.nio.NioSocketChannel.doReadBytes(NioSocketChannel.java:357)
	at io.netty.channel.nio.AbstractNioByteChannel$NioByteUnsafe.read(AbstractNioByteChannel.java:151)
	at io.netty.channel.nio.NioEventLoop.processSelectedKey(NioEventLoop.java:788)
	at io.netty.channel.nio.NioEventLoop.processSelectedKeysOptimized(NioEventLoop.java:724)
	at io.netty.channel.nio.NioEventLoop.processSelectedKeys(NioEventLoop.java:650)
	at io.netty.channel.nio.NioEventLoop.run(NioEventLoop.java:562)
	at io.netty.util.concurrent.SingleThreadEventExecutor$4.run(SingleThreadEventExecutor.java:997)
	at io.netty.util.internal.ThreadExecutorMap$2.run(ThreadExecutorMap.java:74)
	at io.netty.util.concurrent.FastThreadLocalRunnable.run(FastThreadLocalRunnable.java:30)
	at java.base/java.lang.Thread.run(Thread.java:833)
15:37:02.917 [AsyncHttpClient-1-10] DEBUG org.asynchttpclient.netty.channel.ChannelManager - Closing Channel [id: 0x10b6885e, L:/127.0.0.1:52952 - R:localhost/127.0.0.1:52944] 
15:37:02.917 [AsyncHttpClient-1-10] DEBUG org.asynchttpclient.netty.handler.HttpHandler - Channel Closed: [id: 0x10b6885e, L:/127.0.0.1:52952 ! R:localhost/127.0.0.1:52944] with attribute DISCARD
15:37:02.948 [AsyncHttpClient-1-9] DEBUG org.asynchttpclient.netty.handler.HttpHandler - 

Request DefaultFullHttpRequest(decodeResult: success, version: HTTP/1.1, content: EmptyByteBufBE)
DELETE /session/bfe43ccc4246f04be09c384481916a30 HTTP/1.1
User-Agent: selenium/4.8.3 (java windows)
Content-Type: application/json; charset=utf-8
host: localhost:24579
accept: */*

Response DefaultHttpResponse(decodeResult: success, version: HTTP/1.1)
HTTP/1.1 200 OK
Content-Length: 14
Content-Type: application/json; charset=utf-8
cache-control: no-cache

15:37:02.948 [AsyncHttpClient-1-9] DEBUG org.asynchttpclient.netty.channel.ChannelManager - Adding key: http://localhost:24579 for channel [id: 0x1b3bdf36, L:/127.0.0.1:52943 - R:localhost/127.0.0.1:24579]
15:37:03.014 [AsyncHttpClient-1-9] DEBUG org.asynchttpclient.netty.handler.HttpHandler - Channel Closed: [id: 0x1b3bdf36, L:/127.0.0.1:52943 ! R:localhost/127.0.0.1:24579] with attribute DISCARD
2023-06-21 15:37:03 INFO  BaseTest:89 - Test executed**********
15:37:03.081 [rp-io-62] DEBUG com.epam.reportportal.service.Launch - Starting test item...rp-io-62
2023-06-21 15:37:03 INFO  BaseTest:116 - Property files loaded successfully**********
15:37:03.095 [main] DEBUG io.github.bonigarcia.wdm.cache.ResolutionCache - Resolution chrome=114 in cache (valid until 16:09:26 21/06/2023 CEST)
15:37:03.095 [main] DEBUG io.github.bonigarcia.wdm.cache.ResolutionCache - Resolution chrome114=114.0.5735.90 in cache (valid until 09:55:46 22/06/2023 CEST)
15:37:03.095 [main] INFO io.github.bonigarcia.wdm.WebDriverManager - Using chromedriver 114.0.5735.90 (resolved driver for Chrome 114)
15:37:03.098 [rp-io-70] DEBUG com.epam.reportportal.service.Launch - TestItem with ID = '75ea166c-25af-4cfc-9b5d-3caa1fd5dca7' successfully finished.
15:37:03.098 [rp-io-70] DEBUG com.epam.reportportal.utils.SubscriptionUtils - Finish test item completed
15:37:03.100 [rp-io-62] DEBUG com.epam.reportportal.service.Launch - ReportPortal item with ID '56ad819d-a038-4ccb-a1c7-72470cd12b26' has been created
15:37:03.100 [rp-io-62] DEBUG com.epam.reportportal.utils.SubscriptionUtils - Start test item successfully completed
15:37:03.107 [main] DEBUG io.github.bonigarcia.wdm.WebDriverManager - Driver chromedriver 114.0.5735.90 found in cache
15:37:03.108 [main] INFO io.github.bonigarcia.wdm.WebDriverManager - Exporting webdriver.chrome.driver as C:\Users\Suwarna_Wagh\.cache\selenium\chromedriver\win32\114.0.5735.90\chromedriver.exe
15:37:03.246 [AsyncHttpClient-1-12] DEBUG org.asynchttpclient.netty.channel.NettyConnectListener - Using new Channel '[id: 0x0769a451, L:/127.0.0.1:52983 - R:localhost/127.0.0.1:10995]' for 'POST' to '/session'
15:37:03.698 [AsyncHttpClient-1-1] DEBUG org.asynchttpclient.netty.channel.DefaultChannelPool - Entry count for : http://localhost:24579 : 1
15:37:03.698 [AsyncHttpClient-1-1] DEBUG org.asynchttpclient.netty.channel.DefaultChannelPool - Entry count for : http://localhost:52944 : 1
15:37:03.698 [AsyncHttpClient-1-1] DEBUG org.asynchttpclient.netty.channel.DefaultChannelPool - Adding Candidate expired Channel [id: 0x1b3bdf36, L:/127.0.0.1:52943 ! R:localhost/127.0.0.1:24579] isIdleTimeoutExpired=false isRemotelyClosed=true isTtlExpired=false
15:37:03.698 [AsyncHttpClient-1-1] DEBUG org.asynchttpclient.netty.channel.DefaultChannelPool - Closing Idle Channel [id: 0x1b3bdf36, L:/127.0.0.1:52943 ! R:localhost/127.0.0.1:24579]
15:37:03.698 [AsyncHttpClient-1-1] DEBUG org.asynchttpclient.netty.channel.DefaultChannelPool - Adding Candidate expired Channel [id: 0x10b6885e, L:/127.0.0.1:52952 ! R:localhost/127.0.0.1:52944] isIdleTimeoutExpired=false isRemotelyClosed=true isTtlExpired=false
15:37:03.698 [AsyncHttpClient-1-1] DEBUG org.asynchttpclient.netty.channel.DefaultChannelPool - Closing Idle Channel [id: 0x10b6885e, L:/127.0.0.1:52952 ! R:localhost/127.0.0.1:52944]
15:37:03.698 [AsyncHttpClient-1-1] DEBUG org.asynchttpclient.netty.channel.DefaultChannelPool - Closed 2 connections out of 2 in 0 ms
15:37:04.535 [AsyncHttpClient-1-12] DEBUG org.asynchttpclient.netty.handler.HttpHandler - 

Request DefaultHttpRequest(decodeResult: success, version: HTTP/1.1)
POST /session HTTP/1.1
User-Agent: selenium/4.8.3 (java windows)
Content-Length: 439
Content-Type: application/json; charset=utf-8
host: localhost:10995
accept: */*

Response DefaultHttpResponse(decodeResult: success, version: HTTP/1.1)
HTTP/1.1 200 OK
Content-Length: 862
Content-Type: application/json; charset=utf-8
cache-control: no-cache

15:37:04.536 [AsyncHttpClient-1-12] DEBUG org.asynchttpclient.netty.channel.ChannelManager - Adding key: http://localhost:10995 for channel [id: 0x0769a451, L:/127.0.0.1:52983 - R:localhost/127.0.0.1:10995]
15:37:04.544 [AsyncHttpClient-1-13] DEBUG org.asynchttpclient.netty.channel.NettyConnectListener - Using new Channel '[id: 0xf3e50219, L:/127.0.0.1:52992 - R:localhost/127.0.0.1:52984]' for 'GET' to '/json/version'
15:37:04.545 [AsyncHttpClient-1-13] DEBUG org.asynchttpclient.netty.handler.HttpHandler - 

Request DefaultFullHttpRequest(decodeResult: success, version: HTTP/1.1, content: EmptyByteBufBE)
GET /json/version HTTP/1.1
User-Agent: selenium/4.8.3 (java windows)
host: localhost:52984
accept: */*

Response DefaultHttpResponse(decodeResult: success, version: HTTP/1.1)
HTTP/1.1 200 OK
Content-Security-Policy: frame-ancestors 'none'
Content-Length: 424
Content-Type: application/json; charset=UTF-8

15:37:04.545 [AsyncHttpClient-1-13] DEBUG org.asynchttpclient.netty.channel.ChannelManager - Adding key: http://localhost:52984 for channel [id: 0xf3e50219, L:/127.0.0.1:52992 - R:localhost/127.0.0.1:52984]
15:37:04.547 [AsyncHttpClient-1-14] DEBUG org.asynchttpclient.netty.channel.NettyConnectListener - Using new Channel '[id: 0x37cbba98, L:/127.0.0.1:52993 - R:localhost/127.0.0.1:52984]' for 'GET' to '/devtools/browser/97dca7b0-8aea-49c3-8c08-190976294d99'
15:37:04.548 [AsyncHttpClient-1-14] DEBUG org.asynchttpclient.netty.handler.WebSocketHandler - 

Request DefaultFullHttpRequest(decodeResult: success, version: HTTP/1.1, content: EmptyByteBufBE)
GET /devtools/browser/97dca7b0-8aea-49c3-8c08-190976294d99 HTTP/1.1
upgrade: websocket
connection: upgrade
sec-websocket-key: m6Ci1URtgOtHk+S4XB5OIQ==
sec-websocket-version: 13
origin: http://localhost:52984
host: localhost:52984
accept: */*
user-agent: AHC/2.1

Response DefaultHttpResponse(decodeResult: success, version: HTTP/1.1)
HTTP/1.1 101 WebSocket Protocol Handshake
Upgrade: WebSocket
Connection: Upgrade
Sec-WebSocket-Accept: UJ0AUawOFkEfvgdof1PtSDBuIHU=

15:37:04.552 [Forwarding setTimeout on session 6b5466581ac6eb63739ef5335c770853 to remote] DEBUG org.asynchttpclient.netty.request.NettyRequestSender - Using pooled Channel '[id: 0x0769a451, L:/127.0.0.1:52983 - R:localhost/127.0.0.1:10995]' for 'POST' to 'http://localhost:10995/session/6b5466581ac6eb63739ef5335c770853/timeouts'
15:37:04.552 [Forwarding setTimeout on session 6b5466581ac6eb63739ef5335c770853 to remote] DEBUG org.asynchttpclient.netty.request.NettyRequestSender - Using open Channel [id: 0x0769a451, L:/127.0.0.1:52983 - R:localhost/127.0.0.1:10995] for POST '/session/6b5466581ac6eb63739ef5335c770853/timeouts'
15:37:04.553 [AsyncHttpClient-1-12] DEBUG org.asynchttpclient.netty.handler.HttpHandler - 

Request DefaultHttpRequest(decodeResult: success, version: HTTP/1.1)
POST /session/6b5466581ac6eb63739ef5335c770853/timeouts HTTP/1.1
User-Agent: selenium/4.8.3 (java windows)
Content-Length: 22
Content-Type: application/json; charset=utf-8
host: localhost:10995
accept: */*

Response DefaultHttpResponse(decodeResult: success, version: HTTP/1.1)
HTTP/1.1 200 OK
Content-Length: 14
Content-Type: application/json; charset=utf-8
cache-control: no-cache

15:37:04.553 [AsyncHttpClient-1-12] DEBUG org.asynchttpclient.netty.channel.ChannelManager - Adding key: http://localhost:10995 for channel [id: 0x0769a451, L:/127.0.0.1:52983 - R:localhost/127.0.0.1:10995]
15:37:04.554 [Forwarding maximizeCurrentWindow on session 6b5466581ac6eb63739ef5335c770853 to remote] DEBUG org.asynchttpclient.netty.request.NettyRequestSender - Using pooled Channel '[id: 0x0769a451, L:/127.0.0.1:52983 - R:localhost/127.0.0.1:10995]' for 'POST' to 'http://localhost:10995/session/6b5466581ac6eb63739ef5335c770853/window/maximize'
15:37:04.555 [Forwarding maximizeCurrentWindow on session 6b5466581ac6eb63739ef5335c770853 to remote] DEBUG org.asynchttpclient.netty.request.NettyRequestSender - Using open Channel [id: 0x0769a451, L:/127.0.0.1:52983 - R:localhost/127.0.0.1:10995] for POST '/session/6b5466581ac6eb63739ef5335c770853/window/maximize'
15:37:04.674 [AsyncHttpClient-1-12] DEBUG org.asynchttpclient.netty.handler.HttpHandler - 

Request DefaultHttpRequest(decodeResult: success, version: HTTP/1.1)
POST /session/6b5466581ac6eb63739ef5335c770853/window/maximize HTTP/1.1
User-Agent: selenium/4.8.3 (java windows)
Content-Length: 3
Content-Type: application/json; charset=utf-8
host: localhost:10995
accept: */*

Response DefaultHttpResponse(decodeResult: success, version: HTTP/1.1)
HTTP/1.1 200 OK
Content-Length: 51
Content-Type: application/json; charset=utf-8
cache-control: no-cache

15:37:04.675 [AsyncHttpClient-1-12] DEBUG org.asynchttpclient.netty.channel.ChannelManager - Adding key: http://localhost:10995 for channel [id: 0x0769a451, L:/127.0.0.1:52983 - R:localhost/127.0.0.1:10995]
15:37:04.676 [Forwarding get on session 6b5466581ac6eb63739ef5335c770853 to remote] DEBUG org.asynchttpclient.netty.request.NettyRequestSender - Using pooled Channel '[id: 0x0769a451, L:/127.0.0.1:52983 - R:localhost/127.0.0.1:10995]' for 'POST' to 'http://localhost:10995/session/6b5466581ac6eb63739ef5335c770853/url'
15:37:04.676 [Forwarding get on session 6b5466581ac6eb63739ef5335c770853 to remote] DEBUG org.asynchttpclient.netty.request.NettyRequestSender - Using open Channel [id: 0x0769a451, L:/127.0.0.1:52983 - R:localhost/127.0.0.1:10995] for POST '/session/6b5466581ac6eb63739ef5335c770853/url'
15:37:04.796 [AsyncHttpClient-1-1] DEBUG org.asynchttpclient.netty.channel.DefaultChannelPool - Entry count for : http://localhost:52984 : 1
15:37:05.896 [AsyncHttpClient-1-1] DEBUG org.asynchttpclient.netty.channel.DefaultChannelPool - Entry count for : http://localhost:52984 : 1
15:37:06.465 [AsyncHttpClient-1-12] DEBUG org.asynchttpclient.netty.handler.HttpHandler - 

Request DefaultHttpRequest(decodeResult: success, version: HTTP/1.1)
POST /session/6b5466581ac6eb63739ef5335c770853/url HTTP/1.1
User-Agent: selenium/4.8.3 (java windows)
Content-Length: 52
Content-Type: application/json; charset=utf-8
host: localhost:10995
accept: */*

Response DefaultHttpResponse(decodeResult: success, version: HTTP/1.1)
HTTP/1.1 200 OK
Content-Length: 14
Content-Type: application/json; charset=utf-8
cache-control: no-cache

15:37:06.465 [AsyncHttpClient-1-12] DEBUG org.asynchttpclient.netty.channel.ChannelManager - Adding key: http://localhost:10995 for channel [id: 0x0769a451, L:/127.0.0.1:52983 - R:localhost/127.0.0.1:10995]
2023-06-21 15:37:06 INFO  BaseTest:110 - Test driver set up done successfully**********
2023-06-21 15:37:06 INFO  BaseTest:128 - Logging in to portal
15:37:06.469 [Forwarding findElement on session 6b5466581ac6eb63739ef5335c770853 to remote] DEBUG org.asynchttpclient.netty.request.NettyRequestSender - Using pooled Channel '[id: 0x0769a451, L:/127.0.0.1:52983 - R:localhost/127.0.0.1:10995]' for 'POST' to 'http://localhost:10995/session/6b5466581ac6eb63739ef5335c770853/element'
15:37:06.469 [Forwarding findElement on session 6b5466581ac6eb63739ef5335c770853 to remote] DEBUG org.asynchttpclient.netty.request.NettyRequestSender - Using open Channel [id: 0x0769a451, L:/127.0.0.1:52983 - R:localhost/127.0.0.1:10995] for POST '/session/6b5466581ac6eb63739ef5335c770853/element'
15:37:06.486 [AsyncHttpClient-1-12] DEBUG org.asynchttpclient.netty.handler.HttpHandler - 

Request DefaultHttpRequest(decodeResult: success, version: HTTP/1.1)
POST /session/6b5466581ac6eb63739ef5335c770853/element HTTP/1.1
User-Agent: selenium/4.8.3 (java windows)
Content-Length: 59
Content-Type: application/json; charset=utf-8
host: localhost:10995
accept: */*

Response DefaultHttpResponse(decodeResult: success, version: HTTP/1.1)
HTTP/1.1 200 OK
Content-Length: 95
Content-Type: application/json; charset=utf-8
cache-control: no-cache

15:37:06.486 [AsyncHttpClient-1-12] DEBUG org.asynchttpclient.netty.channel.ChannelManager - Adding key: http://localhost:10995 for channel [id: 0x0769a451, L:/127.0.0.1:52983 - R:localhost/127.0.0.1:10995]
15:37:06.487 [Forwarding clearElement on session 6b5466581ac6eb63739ef5335c770853 to remote] DEBUG org.asynchttpclient.netty.request.NettyRequestSender - Using pooled Channel '[id: 0x0769a451, L:/127.0.0.1:52983 - R:localhost/127.0.0.1:10995]' for 'POST' to 'http://localhost:10995/session/6b5466581ac6eb63739ef5335c770853/element/7B512E5A09808EA3C56508E26B80FEC1_element_29/clear'
15:37:06.487 [Forwarding clearElement on session 6b5466581ac6eb63739ef5335c770853 to remote] DEBUG org.asynchttpclient.netty.request.NettyRequestSender - Using open Channel [id: 0x0769a451, L:/127.0.0.1:52983 - R:localhost/127.0.0.1:10995] for POST '/session/6b5466581ac6eb63739ef5335c770853/element/7B512E5A09808EA3C56508E26B80FEC1_element_29/clear'
15:37:06.534 [AsyncHttpClient-1-12] DEBUG org.asynchttpclient.netty.handler.HttpHandler - 

Request DefaultHttpRequest(decodeResult: success, version: HTTP/1.1)
POST /session/6b5466581ac6eb63739ef5335c770853/element/7B512E5A09808EA3C56508E26B80FEC1_element_29/clear HTTP/1.1
User-Agent: selenium/4.8.3 (java windows)
Content-Length: 57
Content-Type: application/json; charset=utf-8
host: localhost:10995
accept: */*

Response DefaultHttpResponse(decodeResult: success, version: HTTP/1.1)
HTTP/1.1 200 OK
Content-Length: 14
Content-Type: application/json; charset=utf-8
cache-control: no-cache

15:37:06.535 [AsyncHttpClient-1-12] DEBUG org.asynchttpclient.netty.channel.ChannelManager - Adding key: http://localhost:10995 for channel [id: 0x0769a451, L:/127.0.0.1:52983 - R:localhost/127.0.0.1:10995]
15:37:06.536 [Forwarding findElement on session 6b5466581ac6eb63739ef5335c770853 to remote] DEBUG org.asynchttpclient.netty.request.NettyRequestSender - Using pooled Channel '[id: 0x0769a451, L:/127.0.0.1:52983 - R:localhost/127.0.0.1:10995]' for 'POST' to 'http://localhost:10995/session/6b5466581ac6eb63739ef5335c770853/element'
15:37:06.536 [Forwarding findElement on session 6b5466581ac6eb63739ef5335c770853 to remote] DEBUG org.asynchttpclient.netty.request.NettyRequestSender - Using open Channel [id: 0x0769a451, L:/127.0.0.1:52983 - R:localhost/127.0.0.1:10995] for POST '/session/6b5466581ac6eb63739ef5335c770853/element'
15:37:06.545 [AsyncHttpClient-1-12] DEBUG org.asynchttpclient.netty.handler.HttpHandler - 

Request DefaultHttpRequest(decodeResult: success, version: HTTP/1.1)
POST /session/6b5466581ac6eb63739ef5335c770853/element HTTP/1.1
User-Agent: selenium/4.8.3 (java windows)
Content-Length: 59
Content-Type: application/json; charset=utf-8
host: localhost:10995
accept: */*

Response DefaultHttpResponse(decodeResult: success, version: HTTP/1.1)
HTTP/1.1 200 OK
Content-Length: 95
Content-Type: application/json; charset=utf-8
cache-control: no-cache

15:37:06.545 [AsyncHttpClient-1-12] DEBUG org.asynchttpclient.netty.channel.ChannelManager - Adding key: http://localhost:10995 for channel [id: 0x0769a451, L:/127.0.0.1:52983 - R:localhost/127.0.0.1:10995]
15:37:06.546 [Forwarding sendKeysToElement on session 6b5466581ac6eb63739ef5335c770853 to remote] DEBUG org.asynchttpclient.netty.request.NettyRequestSender - Using pooled Channel '[id: 0x0769a451, L:/127.0.0.1:52983 - R:localhost/127.0.0.1:10995]' for 'POST' to 'http://localhost:10995/session/6b5466581ac6eb63739ef5335c770853/element/7B512E5A09808EA3C56508E26B80FEC1_element_29/value'
15:37:06.546 [Forwarding sendKeysToElement on session 6b5466581ac6eb63739ef5335c770853 to remote] DEBUG org.asynchttpclient.netty.request.NettyRequestSender - Using open Channel [id: 0x0769a451, L:/127.0.0.1:52983 - R:localhost/127.0.0.1:10995] for POST '/session/6b5466581ac6eb63739ef5335c770853/element/7B512E5A09808EA3C56508E26B80FEC1_element_29/value'
15:37:06.661 [AsyncHttpClient-1-12] DEBUG org.asynchttpclient.netty.handler.HttpHandler - 

Request DefaultHttpRequest(decodeResult: success, version: HTTP/1.1)
POST /session/6b5466581ac6eb63739ef5335c770853/element/7B512E5A09808EA3C56508E26B80FEC1_element_29/value HTTP/1.1
User-Agent: selenium/4.8.3 (java windows)
Content-Length: 188
Content-Type: application/json; charset=utf-8
host: localhost:10995
accept: */*

Response DefaultHttpResponse(decodeResult: success, version: HTTP/1.1)
HTTP/1.1 200 OK
Content-Length: 14
Content-Type: application/json; charset=utf-8
cache-control: no-cache

15:37:06.661 [AsyncHttpClient-1-12] DEBUG org.asynchttpclient.netty.channel.ChannelManager - Adding key: http://localhost:10995 for channel [id: 0x0769a451, L:/127.0.0.1:52983 - R:localhost/127.0.0.1:10995]
15:37:06.662 [Forwarding findElement on session 6b5466581ac6eb63739ef5335c770853 to remote] DEBUG org.asynchttpclient.netty.request.NettyRequestSender - Using pooled Channel '[id: 0x0769a451, L:/127.0.0.1:52983 - R:localhost/127.0.0.1:10995]' for 'POST' to 'http://localhost:10995/session/6b5466581ac6eb63739ef5335c770853/element'
15:37:06.662 [Forwarding findElement on session 6b5466581ac6eb63739ef5335c770853 to remote] DEBUG org.asynchttpclient.netty.request.NettyRequestSender - Using open Channel [id: 0x0769a451, L:/127.0.0.1:52983 - R:localhost/127.0.0.1:10995] for POST '/session/6b5466581ac6eb63739ef5335c770853/element'
15:37:06.678 [AsyncHttpClient-1-12] DEBUG org.asynchttpclient.netty.handler.HttpHandler - 

Request DefaultHttpRequest(decodeResult: success, version: HTTP/1.1)
POST /session/6b5466581ac6eb63739ef5335c770853/element HTTP/1.1
User-Agent: selenium/4.8.3 (java windows)
Content-Length: 62
Content-Type: application/json; charset=utf-8
host: localhost:10995
accept: */*

Response DefaultHttpResponse(decodeResult: success, version: HTTP/1.1)
HTTP/1.1 200 OK
Content-Length: 95
Content-Type: application/json; charset=utf-8
cache-control: no-cache

15:37:06.678 [AsyncHttpClient-1-12] DEBUG org.asynchttpclient.netty.channel.ChannelManager - Adding key: http://localhost:10995 for channel [id: 0x0769a451, L:/127.0.0.1:52983 - R:localhost/127.0.0.1:10995]
15:37:06.679 [Forwarding clearElement on session 6b5466581ac6eb63739ef5335c770853 to remote] DEBUG org.asynchttpclient.netty.request.NettyRequestSender - Using pooled Channel '[id: 0x0769a451, L:/127.0.0.1:52983 - R:localhost/127.0.0.1:10995]' for 'POST' to 'http://localhost:10995/session/6b5466581ac6eb63739ef5335c770853/element/7B512E5A09808EA3C56508E26B80FEC1_element_31/clear'
15:37:06.679 [Forwarding clearElement on session 6b5466581ac6eb63739ef5335c770853 to remote] DEBUG org.asynchttpclient.netty.request.NettyRequestSender - Using open Channel [id: 0x0769a451, L:/127.0.0.1:52983 - R:localhost/127.0.0.1:10995] for POST '/session/6b5466581ac6eb63739ef5335c770853/element/7B512E5A09808EA3C56508E26B80FEC1_element_31/clear'
15:37:06.736 [AsyncHttpClient-1-12] DEBUG org.asynchttpclient.netty.handler.HttpHandler - 

Request DefaultHttpRequest(decodeResult: success, version: HTTP/1.1)
POST /session/6b5466581ac6eb63739ef5335c770853/element/7B512E5A09808EA3C56508E26B80FEC1_element_31/clear HTTP/1.1
User-Agent: selenium/4.8.3 (java windows)
Content-Length: 57
Content-Type: application/json; charset=utf-8
host: localhost:10995
accept: */*

Response DefaultHttpResponse(decodeResult: success, version: HTTP/1.1)
HTTP/1.1 200 OK
Content-Length: 14
Content-Type: application/json; charset=utf-8
cache-control: no-cache

15:37:06.736 [AsyncHttpClient-1-12] DEBUG org.asynchttpclient.netty.channel.ChannelManager - Adding key: http://localhost:10995 for channel [id: 0x0769a451, L:/127.0.0.1:52983 - R:localhost/127.0.0.1:10995]
15:37:06.737 [Forwarding findElement on session 6b5466581ac6eb63739ef5335c770853 to remote] DEBUG org.asynchttpclient.netty.request.NettyRequestSender - Using pooled Channel '[id: 0x0769a451, L:/127.0.0.1:52983 - R:localhost/127.0.0.1:10995]' for 'POST' to 'http://localhost:10995/session/6b5466581ac6eb63739ef5335c770853/element'
15:37:06.737 [Forwarding findElement on session 6b5466581ac6eb63739ef5335c770853 to remote] DEBUG org.asynchttpclient.netty.request.NettyRequestSender - Using open Channel [id: 0x0769a451, L:/127.0.0.1:52983 - R:localhost/127.0.0.1:10995] for POST '/session/6b5466581ac6eb63739ef5335c770853/element'
15:37:06.747 [AsyncHttpClient-1-12] DEBUG org.asynchttpclient.netty.handler.HttpHandler - 

Request DefaultHttpRequest(decodeResult: success, version: HTTP/1.1)
POST /session/6b5466581ac6eb63739ef5335c770853/element HTTP/1.1
User-Agent: selenium/4.8.3 (java windows)
Content-Length: 62
Content-Type: application/json; charset=utf-8
host: localhost:10995
accept: */*

Response DefaultHttpResponse(decodeResult: success, version: HTTP/1.1)
HTTP/1.1 200 OK
Content-Length: 95
Content-Type: application/json; charset=utf-8
cache-control: no-cache

15:37:06.747 [AsyncHttpClient-1-12] DEBUG org.asynchttpclient.netty.channel.ChannelManager - Adding key: http://localhost:10995 for channel [id: 0x0769a451, L:/127.0.0.1:52983 - R:localhost/127.0.0.1:10995]
15:37:06.748 [Forwarding sendKeysToElement on session 6b5466581ac6eb63739ef5335c770853 to remote] DEBUG org.asynchttpclient.netty.request.NettyRequestSender - Using pooled Channel '[id: 0x0769a451, L:/127.0.0.1:52983 - R:localhost/127.0.0.1:10995]' for 'POST' to 'http://localhost:10995/session/6b5466581ac6eb63739ef5335c770853/element/7B512E5A09808EA3C56508E26B80FEC1_element_31/value'
15:37:06.748 [Forwarding sendKeysToElement on session 6b5466581ac6eb63739ef5335c770853 to remote] DEBUG org.asynchttpclient.netty.request.NettyRequestSender - Using open Channel [id: 0x0769a451, L:/127.0.0.1:52983 - R:localhost/127.0.0.1:10995] for POST '/session/6b5466581ac6eb63739ef5335c770853/element/7B512E5A09808EA3C56508E26B80FEC1_element_31/value'
15:37:06.835 [AsyncHttpClient-1-12] DEBUG org.asynchttpclient.netty.handler.HttpHandler - 

Request DefaultHttpRequest(decodeResult: success, version: HTTP/1.1)
POST /session/6b5466581ac6eb63739ef5335c770853/element/7B512E5A09808EA3C56508E26B80FEC1_element_31/value HTTP/1.1
User-Agent: selenium/4.8.3 (java windows)
Content-Length: 148
Content-Type: application/json; charset=utf-8
host: localhost:10995
accept: */*

Response DefaultHttpResponse(decodeResult: success, version: HTTP/1.1)
HTTP/1.1 200 OK
Content-Length: 14
Content-Type: application/json; charset=utf-8
cache-control: no-cache

15:37:06.835 [AsyncHttpClient-1-12] DEBUG org.asynchttpclient.netty.channel.ChannelManager - Adding key: http://localhost:10995 for channel [id: 0x0769a451, L:/127.0.0.1:52983 - R:localhost/127.0.0.1:10995]
15:37:06.836 [Forwarding findElement on session 6b5466581ac6eb63739ef5335c770853 to remote] DEBUG org.asynchttpclient.netty.request.NettyRequestSender - Using pooled Channel '[id: 0x0769a451, L:/127.0.0.1:52983 - R:localhost/127.0.0.1:10995]' for 'POST' to 'http://localhost:10995/session/6b5466581ac6eb63739ef5335c770853/element'
15:37:06.836 [Forwarding findElement on session 6b5466581ac6eb63739ef5335c770853 to remote] DEBUG org.asynchttpclient.netty.request.NettyRequestSender - Using open Channel [id: 0x0769a451, L:/127.0.0.1:52983 - R:localhost/127.0.0.1:10995] for POST '/session/6b5466581ac6eb63739ef5335c770853/element'
15:37:06.851 [AsyncHttpClient-1-12] DEBUG org.asynchttpclient.netty.handler.HttpHandler - 

Request DefaultHttpRequest(decodeResult: success, version: HTTP/1.1)
POST /session/6b5466581ac6eb63739ef5335c770853/element HTTP/1.1
User-Agent: selenium/4.8.3 (java windows)
Content-Length: 71
Content-Type: application/json; charset=utf-8
host: localhost:10995
accept: */*

Response DefaultHttpResponse(decodeResult: success, version: HTTP/1.1)
HTTP/1.1 200 OK
Content-Length: 95
Content-Type: application/json; charset=utf-8
cache-control: no-cache

15:37:06.852 [AsyncHttpClient-1-12] DEBUG org.asynchttpclient.netty.channel.ChannelManager - Adding key: http://localhost:10995 for channel [id: 0x0769a451, L:/127.0.0.1:52983 - R:localhost/127.0.0.1:10995]
15:37:06.853 [Forwarding clickElement on session 6b5466581ac6eb63739ef5335c770853 to remote] DEBUG org.asynchttpclient.netty.request.NettyRequestSender - Using pooled Channel '[id: 0x0769a451, L:/127.0.0.1:52983 - R:localhost/127.0.0.1:10995]' for 'POST' to 'http://localhost:10995/session/6b5466581ac6eb63739ef5335c770853/element/7B512E5A09808EA3C56508E26B80FEC1_element_32/click'
15:37:06.853 [Forwarding clickElement on session 6b5466581ac6eb63739ef5335c770853 to remote] DEBUG org.asynchttpclient.netty.request.NettyRequestSender - Using open Channel [id: 0x0769a451, L:/127.0.0.1:52983 - R:localhost/127.0.0.1:10995] for POST '/session/6b5466581ac6eb63739ef5335c770853/element/7B512E5A09808EA3C56508E26B80FEC1_element_32/click'
15:37:06.909 [AsyncHttpClient-1-12] DEBUG org.asynchttpclient.netty.handler.HttpHandler - 

Request DefaultHttpRequest(decodeResult: success, version: HTTP/1.1)
POST /session/6b5466581ac6eb63739ef5335c770853/element/7B512E5A09808EA3C56508E26B80FEC1_element_32/click HTTP/1.1
User-Agent: selenium/4.8.3 (java windows)
Content-Length: 57
Content-Type: application/json; charset=utf-8
host: localhost:10995
accept: */*

Response DefaultHttpResponse(decodeResult: success, version: HTTP/1.1)
HTTP/1.1 200 OK
Content-Length: 14
Content-Type: application/json; charset=utf-8
cache-control: no-cache

15:37:06.909 [AsyncHttpClient-1-12] DEBUG org.asynchttpclient.netty.channel.ChannelManager - Adding key: http://localhost:10995 for channel [id: 0x0769a451, L:/127.0.0.1:52983 - R:localhost/127.0.0.1:10995]
2023-06-21 15:37:06 INFO  BaseTest:132 - Logged in
15:37:06.912 [rp-io-74] DEBUG com.epam.reportportal.service.Launch - Starting test item...rp-io-74
2023-06-21 15:37:06 INFO  Listeners:34 - Started Test null
15:37:06.914 [Forwarding findElement on session 6b5466581ac6eb63739ef5335c770853 to remote] DEBUG org.asynchttpclient.netty.request.NettyRequestSender - Using pooled Channel '[id: 0x0769a451, L:/127.0.0.1:52983 - R:localhost/127.0.0.1:10995]' for 'POST' to 'http://localhost:10995/session/6b5466581ac6eb63739ef5335c770853/element'
15:37:06.914 [Forwarding findElement on session 6b5466581ac6eb63739ef5335c770853 to remote] DEBUG org.asynchttpclient.netty.request.NettyRequestSender - Using open Channel [id: 0x0769a451, L:/127.0.0.1:52983 - R:localhost/127.0.0.1:10995] for POST '/session/6b5466581ac6eb63739ef5335c770853/element'
15:37:06.930 [rp-io-66] DEBUG com.epam.reportportal.service.Launch - TestItem with ID = '56ad819d-a038-4ccb-a1c7-72470cd12b26' successfully finished.
15:37:06.930 [rp-io-66] DEBUG com.epam.reportportal.utils.SubscriptionUtils - Finish test item completed
15:37:06.935 [rp-io-74] DEBUG com.epam.reportportal.service.Launch - ReportPortal item with ID 'c3f1e2cf-dbe4-4b9a-9bbc-423ec8a1dfd3' has been created
15:37:06.935 [rp-io-74] DEBUG com.epam.reportportal.utils.SubscriptionUtils - Start test item successfully completed
15:37:06.995 [AsyncHttpClient-1-1] DEBUG org.asynchttpclient.netty.channel.DefaultChannelPool - Entry count for : http://localhost:52984 : 1
15:37:07.398 [AsyncHttpClient-1-12] DEBUG org.asynchttpclient.netty.handler.HttpHandler - 

Request DefaultHttpRequest(decodeResult: success, version: HTTP/1.1)
POST /session/6b5466581ac6eb63739ef5335c770853/element HTTP/1.1
User-Agent: selenium/4.8.3 (java windows)
Content-Length: 168
Content-Type: application/json; charset=utf-8
host: localhost:10995
accept: */*

Response DefaultHttpResponse(decodeResult: success, version: HTTP/1.1)
HTTP/1.1 200 OK
Content-Length: 95
Content-Type: application/json; charset=utf-8
cache-control: no-cache

15:37:07.398 [AsyncHttpClient-1-12] DEBUG org.asynchttpclient.netty.channel.ChannelManager - Adding key: http://localhost:10995 for channel [id: 0x0769a451, L:/127.0.0.1:52983 - R:localhost/127.0.0.1:10995]
15:37:07.399 [Forwarding clickElement on session 6b5466581ac6eb63739ef5335c770853 to remote] DEBUG org.asynchttpclient.netty.request.NettyRequestSender - Using pooled Channel '[id: 0x0769a451, L:/127.0.0.1:52983 - R:localhost/127.0.0.1:10995]' for 'POST' to 'http://localhost:10995/session/6b5466581ac6eb63739ef5335c770853/element/7B512E5A09808EA3C56508E26B80FEC1_element_48/click'
15:37:07.399 [Forwarding clickElement on session 6b5466581ac6eb63739ef5335c770853 to remote] DEBUG org.asynchttpclient.netty.request.NettyRequestSender - Using open Channel [id: 0x0769a451, L:/127.0.0.1:52983 - R:localhost/127.0.0.1:10995] for POST '/session/6b5466581ac6eb63739ef5335c770853/element/7B512E5A09808EA3C56508E26B80FEC1_element_48/click'
15:37:07.801 [AsyncHttpClient-1-12] DEBUG org.asynchttpclient.netty.handler.HttpHandler - 

Request DefaultHttpRequest(decodeResult: success, version: HTTP/1.1)
POST /session/6b5466581ac6eb63739ef5335c770853/element/7B512E5A09808EA3C56508E26B80FEC1_element_48/click HTTP/1.1
User-Agent: selenium/4.8.3 (java windows)
Content-Length: 57
Content-Type: application/json; charset=utf-8
host: localhost:10995
accept: */*

Response DefaultHttpResponse(decodeResult: success, version: HTTP/1.1)
HTTP/1.1 200 OK
Content-Length: 14
Content-Type: application/json; charset=utf-8
cache-control: no-cache

15:37:07.802 [AsyncHttpClient-1-12] DEBUG org.asynchttpclient.netty.channel.ChannelManager - Adding key: http://localhost:10995 for channel [id: 0x0769a451, L:/127.0.0.1:52983 - R:localhost/127.0.0.1:10995]
15:37:07.802 [Forwarding findElement on session 6b5466581ac6eb63739ef5335c770853 to remote] DEBUG org.asynchttpclient.netty.request.NettyRequestSender - Using pooled Channel '[id: 0x0769a451, L:/127.0.0.1:52983 - R:localhost/127.0.0.1:10995]' for 'POST' to 'http://localhost:10995/session/6b5466581ac6eb63739ef5335c770853/element'
15:37:07.802 [Forwarding findElement on session 6b5466581ac6eb63739ef5335c770853 to remote] DEBUG org.asynchttpclient.netty.request.NettyRequestSender - Using open Channel [id: 0x0769a451, L:/127.0.0.1:52983 - R:localhost/127.0.0.1:10995] for POST '/session/6b5466581ac6eb63739ef5335c770853/element'
15:37:07.830 [AsyncHttpClient-1-12] DEBUG org.asynchttpclient.netty.handler.HttpHandler - 

Request DefaultHttpRequest(decodeResult: success, version: HTTP/1.1)
POST /session/6b5466581ac6eb63739ef5335c770853/element HTTP/1.1
User-Agent: selenium/4.8.3 (java windows)
Content-Length: 232
Content-Type: application/json; charset=utf-8
host: localhost:10995
accept: */*

Response DefaultHttpResponse(decodeResult: success, version: HTTP/1.1)
HTTP/1.1 200 OK
Content-Length: 95
Content-Type: application/json; charset=utf-8
cache-control: no-cache

15:37:07.830 [AsyncHttpClient-1-12] DEBUG org.asynchttpclient.netty.channel.ChannelManager - Adding key: http://localhost:10995 for channel [id: 0x0769a451, L:/127.0.0.1:52983 - R:localhost/127.0.0.1:10995]
15:37:07.831 [Forwarding executeScript on session 6b5466581ac6eb63739ef5335c770853 to remote] DEBUG org.asynchttpclient.netty.request.NettyRequestSender - Using pooled Channel '[id: 0x0769a451, L:/127.0.0.1:52983 - R:localhost/127.0.0.1:10995]' for 'POST' to 'http://localhost:10995/session/6b5466581ac6eb63739ef5335c770853/execute/sync'
15:37:07.832 [Forwarding executeScript on session 6b5466581ac6eb63739ef5335c770853 to remote] DEBUG org.asynchttpclient.netty.request.NettyRequestSender - Using open Channel [id: 0x0769a451, L:/127.0.0.1:52983 - R:localhost/127.0.0.1:10995] for POST '/session/6b5466581ac6eb63739ef5335c770853/execute/sync'
15:37:07.840 [AsyncHttpClient-1-12] DEBUG org.asynchttpclient.netty.handler.HttpHandler - 

Request DefaultHttpRequest(decodeResult: success, version: HTTP/1.1)
POST /session/6b5466581ac6eb63739ef5335c770853/execute/sync HTTP/1.1
User-Agent: selenium/4.8.3 (java windows)
Content-Length: 232
Content-Type: application/json; charset=utf-8
host: localhost:10995
accept: */*

Response DefaultHttpResponse(decodeResult: success, version: HTTP/1.1)
HTTP/1.1 200 OK
Content-Length: 14
Content-Type: application/json; charset=utf-8
cache-control: no-cache

15:37:07.840 [AsyncHttpClient-1-12] DEBUG org.asynchttpclient.netty.channel.ChannelManager - Adding key: http://localhost:10995 for channel [id: 0x0769a451, L:/127.0.0.1:52983 - R:localhost/127.0.0.1:10995]
15:37:07.841 [Forwarding findElement on session 6b5466581ac6eb63739ef5335c770853 to remote] DEBUG org.asynchttpclient.netty.request.NettyRequestSender - Using pooled Channel '[id: 0x0769a451, L:/127.0.0.1:52983 - R:localhost/127.0.0.1:10995]' for 'POST' to 'http://localhost:10995/session/6b5466581ac6eb63739ef5335c770853/element'
15:37:07.841 [Forwarding findElement on session 6b5466581ac6eb63739ef5335c770853 to remote] DEBUG org.asynchttpclient.netty.request.NettyRequestSender - Using open Channel [id: 0x0769a451, L:/127.0.0.1:52983 - R:localhost/127.0.0.1:10995] for POST '/session/6b5466581ac6eb63739ef5335c770853/element'
15:37:07.856 [AsyncHttpClient-1-12] DEBUG org.asynchttpclient.netty.handler.HttpHandler - 

Request DefaultHttpRequest(decodeResult: success, version: HTTP/1.1)
POST /session/6b5466581ac6eb63739ef5335c770853/element HTTP/1.1
User-Agent: selenium/4.8.3 (java windows)
Content-Length: 317
Content-Type: application/json; charset=utf-8
host: localhost:10995
accept: */*

Response DefaultHttpResponse(decodeResult: success, version: HTTP/1.1)
HTTP/1.1 200 OK
Content-Length: 95
Content-Type: application/json; charset=utf-8
cache-control: no-cache

15:37:07.857 [AsyncHttpClient-1-12] DEBUG org.asynchttpclient.netty.channel.ChannelManager - Adding key: http://localhost:10995 for channel [id: 0x0769a451, L:/127.0.0.1:52983 - R:localhost/127.0.0.1:10995]
15:37:07.858 [Forwarding findElement on session 6b5466581ac6eb63739ef5335c770853 to remote] DEBUG org.asynchttpclient.netty.request.NettyRequestSender - Using pooled Channel '[id: 0x0769a451, L:/127.0.0.1:52983 - R:localhost/127.0.0.1:10995]' for 'POST' to 'http://localhost:10995/session/6b5466581ac6eb63739ef5335c770853/element'
15:37:07.858 [Forwarding findElement on session 6b5466581ac6eb63739ef5335c770853 to remote] DEBUG org.asynchttpclient.netty.request.NettyRequestSender - Using open Channel [id: 0x0769a451, L:/127.0.0.1:52983 - R:localhost/127.0.0.1:10995] for POST '/session/6b5466581ac6eb63739ef5335c770853/element'
15:37:07.868 [AsyncHttpClient-1-12] DEBUG org.asynchttpclient.netty.handler.HttpHandler - 

Request DefaultHttpRequest(decodeResult: success, version: HTTP/1.1)
POST /session/6b5466581ac6eb63739ef5335c770853/element HTTP/1.1
User-Agent: selenium/4.8.3 (java windows)
Content-Length: 317
Content-Type: application/json; charset=utf-8
host: localhost:10995
accept: */*

Response DefaultHttpResponse(decodeResult: success, version: HTTP/1.1)
HTTP/1.1 200 OK
Content-Length: 95
Content-Type: application/json; charset=utf-8
cache-control: no-cache

15:37:07.868 [AsyncHttpClient-1-12] DEBUG org.asynchttpclient.netty.channel.ChannelManager - Adding key: http://localhost:10995 for channel [id: 0x0769a451, L:/127.0.0.1:52983 - R:localhost/127.0.0.1:10995]
15:37:07.869 [Forwarding getElementRect on session 6b5466581ac6eb63739ef5335c770853 to remote] DEBUG org.asynchttpclient.netty.request.NettyRequestSender - Using pooled Channel '[id: 0x0769a451, L:/127.0.0.1:52983 - R:localhost/127.0.0.1:10995]' for 'GET' to 'http://localhost:10995/session/6b5466581ac6eb63739ef5335c770853/element/7B512E5A09808EA3C56508E26B80FEC1_element_57/rect'
15:37:07.869 [Forwarding getElementRect on session 6b5466581ac6eb63739ef5335c770853 to remote] DEBUG org.asynchttpclient.netty.request.NettyRequestSender - Using open Channel [id: 0x0769a451, L:/127.0.0.1:52983 - R:localhost/127.0.0.1:10995] for GET '/session/6b5466581ac6eb63739ef5335c770853/element/7B512E5A09808EA3C56508E26B80FEC1_element_57/rect'
15:37:07.882 [AsyncHttpClient-1-12] DEBUG org.asynchttpclient.netty.handler.HttpHandler - 

Request DefaultFullHttpRequest(decodeResult: success, version: HTTP/1.1, content: EmptyByteBufBE)
GET /session/6b5466581ac6eb63739ef5335c770853/element/7B512E5A09808EA3C56508E26B80FEC1_element_57/rect HTTP/1.1
User-Agent: selenium/4.8.3 (java windows)
Cache-Control: no-cache
Content-Type: application/json; charset=utf-8
host: localhost:10995
accept: */*

Response DefaultHttpResponse(decodeResult: success, version: HTTP/1.1)
HTTP/1.1 200 OK
Content-Length: 65
Content-Type: application/json; charset=utf-8
cache-control: no-cache

15:37:07.882 [AsyncHttpClient-1-12] DEBUG org.asynchttpclient.netty.channel.ChannelManager - Adding key: http://localhost:10995 for channel [id: 0x0769a451, L:/127.0.0.1:52983 - R:localhost/127.0.0.1:10995]
15:37:07.885 [Forwarding actions on session 6b5466581ac6eb63739ef5335c770853 to remote] DEBUG org.asynchttpclient.netty.request.NettyRequestSender - Using pooled Channel '[id: 0x0769a451, L:/127.0.0.1:52983 - R:localhost/127.0.0.1:10995]' for 'POST' to 'http://localhost:10995/session/6b5466581ac6eb63739ef5335c770853/actions'
15:37:07.885 [Forwarding actions on session 6b5466581ac6eb63739ef5335c770853 to remote] DEBUG org.asynchttpclient.netty.request.NettyRequestSender - Using open Channel [id: 0x0769a451, L:/127.0.0.1:52983 - R:localhost/127.0.0.1:10995] for POST '/session/6b5466581ac6eb63739ef5335c770853/actions'
15:37:08.095 [AsyncHttpClient-1-1] DEBUG org.asynchttpclient.netty.channel.DefaultChannelPool - Entry count for : http://localhost:52984 : 1
15:37:08.629 [AsyncHttpClient-1-12] DEBUG org.asynchttpclient.netty.handler.HttpHandler - 

Request DefaultHttpRequest(decodeResult: success, version: HTTP/1.1)
POST /session/6b5466581ac6eb63739ef5335c770853/actions HTTP/1.1
User-Agent: selenium/4.8.3 (java windows)
Content-Length: 962
Content-Type: application/json; charset=utf-8
host: localhost:10995
accept: */*

Response DefaultHttpResponse(decodeResult: success, version: HTTP/1.1)
HTTP/1.1 200 OK
Content-Length: 14
Content-Type: application/json; charset=utf-8
cache-control: no-cache

15:37:08.629 [AsyncHttpClient-1-12] DEBUG org.asynchttpclient.netty.channel.ChannelManager - Adding key: http://localhost:10995 for channel [id: 0x0769a451, L:/127.0.0.1:52983 - R:localhost/127.0.0.1:10995]
15:37:08.632 [Forwarding findElement on session 6b5466581ac6eb63739ef5335c770853 to remote] DEBUG org.asynchttpclient.netty.request.NettyRequestSender - Using pooled Channel '[id: 0x0769a451, L:/127.0.0.1:52983 - R:localhost/127.0.0.1:10995]' for 'POST' to 'http://localhost:10995/session/6b5466581ac6eb63739ef5335c770853/element'
15:37:08.632 [Forwarding findElement on session 6b5466581ac6eb63739ef5335c770853 to remote] DEBUG org.asynchttpclient.netty.request.NettyRequestSender - Using open Channel [id: 0x0769a451, L:/127.0.0.1:52983 - R:localhost/127.0.0.1:10995] for POST '/session/6b5466581ac6eb63739ef5335c770853/element'
15:37:08.646 [AsyncHttpClient-1-12] DEBUG org.asynchttpclient.netty.handler.HttpHandler - 

Request DefaultHttpRequest(decodeResult: success, version: HTTP/1.1)
POST /session/6b5466581ac6eb63739ef5335c770853/element HTTP/1.1
User-Agent: selenium/4.8.3 (java windows)
Content-Length: 232
Content-Type: application/json; charset=utf-8
host: localhost:10995
accept: */*

Response DefaultHttpResponse(decodeResult: success, version: HTTP/1.1)
HTTP/1.1 200 OK
Content-Length: 95
Content-Type: application/json; charset=utf-8
cache-control: no-cache

15:37:08.647 [AsyncHttpClient-1-12] DEBUG org.asynchttpclient.netty.channel.ChannelManager - Adding key: http://localhost:10995 for channel [id: 0x0769a451, L:/127.0.0.1:52983 - R:localhost/127.0.0.1:10995]
15:37:08.648 [Forwarding findElement on session 6b5466581ac6eb63739ef5335c770853 to remote] DEBUG org.asynchttpclient.netty.request.NettyRequestSender - Using pooled Channel '[id: 0x0769a451, L:/127.0.0.1:52983 - R:localhost/127.0.0.1:10995]' for 'POST' to 'http://localhost:10995/session/6b5466581ac6eb63739ef5335c770853/element'
15:37:08.648 [Forwarding findElement on session 6b5466581ac6eb63739ef5335c770853 to remote] DEBUG org.asynchttpclient.netty.request.NettyRequestSender - Using open Channel [id: 0x0769a451, L:/127.0.0.1:52983 - R:localhost/127.0.0.1:10995] for POST '/session/6b5466581ac6eb63739ef5335c770853/element'
15:37:08.665 [AsyncHttpClient-1-12] DEBUG org.asynchttpclient.netty.handler.HttpHandler - 

Request DefaultHttpRequest(decodeResult: success, version: HTTP/1.1)
POST /session/6b5466581ac6eb63739ef5335c770853/element HTTP/1.1
User-Agent: selenium/4.8.3 (java windows)
Content-Length: 94
Content-Type: application/json; charset=utf-8
host: localhost:10995
accept: */*

Response DefaultHttpResponse(decodeResult: success, version: HTTP/1.1)
HTTP/1.1 200 OK
Content-Length: 95
Content-Type: application/json; charset=utf-8
cache-control: no-cache

15:37:08.665 [AsyncHttpClient-1-12] DEBUG org.asynchttpclient.netty.channel.ChannelManager - Adding key: http://localhost:10995 for channel [id: 0x0769a451, L:/127.0.0.1:52983 - R:localhost/127.0.0.1:10995]
15:37:08.666 [Forwarding getElementRect on session 6b5466581ac6eb63739ef5335c770853 to remote] DEBUG org.asynchttpclient.netty.request.NettyRequestSender - Using pooled Channel '[id: 0x0769a451, L:/127.0.0.1:52983 - R:localhost/127.0.0.1:10995]' for 'GET' to 'http://localhost:10995/session/6b5466581ac6eb63739ef5335c770853/element/7B512E5A09808EA3C56508E26B80FEC1_element_63/rect'
15:37:08.666 [Forwarding getElementRect on session 6b5466581ac6eb63739ef5335c770853 to remote] DEBUG org.asynchttpclient.netty.request.NettyRequestSender - Using open Channel [id: 0x0769a451, L:/127.0.0.1:52983 - R:localhost/127.0.0.1:10995] for GET '/session/6b5466581ac6eb63739ef5335c770853/element/7B512E5A09808EA3C56508E26B80FEC1_element_63/rect'
15:37:08.684 [AsyncHttpClient-1-12] DEBUG org.asynchttpclient.netty.handler.HttpHandler - 

Request DefaultFullHttpRequest(decodeResult: success, version: HTTP/1.1, content: EmptyByteBufBE)
GET /session/6b5466581ac6eb63739ef5335c770853/element/7B512E5A09808EA3C56508E26B80FEC1_element_63/rect HTTP/1.1
User-Agent: selenium/4.8.3 (java windows)
Cache-Control: no-cache
Content-Type: application/json; charset=utf-8
host: localhost:10995
accept: */*

Response DefaultHttpResponse(decodeResult: success, version: HTTP/1.1)
HTTP/1.1 200 OK
Content-Length: 95
Content-Type: application/json; charset=utf-8
cache-control: no-cache

15:37:08.685 [AsyncHttpClient-1-12] DEBUG org.asynchttpclient.netty.channel.ChannelManager - Adding key: http://localhost:10995 for channel [id: 0x0769a451, L:/127.0.0.1:52983 - R:localhost/127.0.0.1:10995]
2023-06-21 15:37:08 INFO  Listeners:38 - Succeeded Test null
]]></system-out>
    <system-err><![CDATA[Starting ChromeDriver 114.0.5735.90 (386bc09e8f4f2e025eddae123f36f6263096ae49-refs/branch-heads/5735@{#1052}) on port 10995
Only local connections are allowed.
Please see https://chromedriver.chromium.org/security-considerations for suggestions on keeping ChromeDriver safe.
ChromeDriver was started successfully.
Jun 21, 2023 3:37:04 PM org.openqa.selenium.devtools.CdpVersionFinder findNearestMatch
WARNING: Unable to find an exact match for CDP version 114, so returning the closest version found: 111
]]></system-err>
  </testcase>
  <testcase name="automaticMovableWidgets" classname="alltests.uitest.coreTest.MovableWidgetsTest" time="1.617">
    <system-out><![CDATA[15:37:08.688 [rp-io-81] DEBUG com.epam.reportportal.service.Launch - Starting test item...rp-io-81
15:37:08.690 [AsyncHttpClient-1-14] DEBUG org.asynchttpclient.netty.handler.WebSocketHandler - Channel Closed: [id: 0x37cbba98, L:/127.0.0.1:52993 ! R:localhost/127.0.0.1:52984] with attribute NettyResponseFuture{currentRetry=0,
	isDone=1,
	isCancelled=0,
	asyncHandler=org.asynchttpclient.ws.WebSocketUpgradeHandler@1ba4fb3a,
	nettyRequest=org.asynchttpclient.netty.request.NettyRequest@73f4b120,
	future=java.util.concurrent.CompletableFuture@1601081[Completed normally],
	uri=ws://localhost:52984/devtools/browser/97dca7b0-8aea-49c3-8c08-190976294d99,
	keepAlive=true,
	redirectCount=0,
	timeoutsHolder=null,
	inAuth=0,
	touch=1687354624548}
15:37:08.690 [AsyncHttpClient-1-14] DEBUG org.asynchttpclient.netty.channel.ChannelManager - Closing Channel [id: 0x37cbba98, L:/127.0.0.1:52993 ! R:localhost/127.0.0.1:52984] 
15:37:08.691 [Driver Command Executor] DEBUG org.asynchttpclient.netty.request.NettyRequestSender - Using pooled Channel '[id: 0x0769a451, L:/127.0.0.1:52983 - R:localhost/127.0.0.1:10995]' for 'DELETE' to 'http://localhost:10995/session/6b5466581ac6eb63739ef5335c770853'
15:37:08.691 [Driver Command Executor] DEBUG org.asynchttpclient.netty.request.NettyRequestSender - Using open Channel [id: 0x0769a451, L:/127.0.0.1:52983 - R:localhost/127.0.0.1:10995] for DELETE '/session/6b5466581ac6eb63739ef5335c770853'
15:37:08.709 [rp-io-75] DEBUG com.epam.reportportal.service.Launch - TestItem with ID = 'c3f1e2cf-dbe4-4b9a-9bbc-423ec8a1dfd3' successfully finished.
15:37:08.709 [rp-io-75] DEBUG com.epam.reportportal.utils.SubscriptionUtils - Finish test item completed
15:37:08.722 [rp-io-84] DEBUG com.epam.reportportal.service.Launch - ReportPortal item with ID '148bd14c-06ad-4108-b994-b8df325b1c50' has been created
15:37:08.722 [rp-io-84] DEBUG com.epam.reportportal.utils.SubscriptionUtils - Start test item successfully completed
15:37:08.755 [AsyncHttpClient-1-13] DEBUG org.asynchttpclient.netty.handler.HttpHandler - Unexpected I/O exception on channel [id: 0xf3e50219, L:/127.0.0.1:52992 - R:localhost/127.0.0.1:52984]
java.net.SocketException: Connection reset
	at java.base/sun.nio.ch.SocketChannelImpl.throwConnectionReset(SocketChannelImpl.java:394)
	at java.base/sun.nio.ch.SocketChannelImpl.read(SocketChannelImpl.java:426)
	at io.netty.buffer.PooledByteBuf.setBytes(PooledByteBuf.java:256)
	at io.netty.buffer.AbstractByteBuf.writeBytes(AbstractByteBuf.java:1132)
	at io.netty.channel.socket.nio.NioSocketChannel.doReadBytes(NioSocketChannel.java:357)
	at io.netty.channel.nio.AbstractNioByteChannel$NioByteUnsafe.read(AbstractNioByteChannel.java:151)
	at io.netty.channel.nio.NioEventLoop.processSelectedKey(NioEventLoop.java:788)
	at io.netty.channel.nio.NioEventLoop.processSelectedKeysOptimized(NioEventLoop.java:724)
	at io.netty.channel.nio.NioEventLoop.processSelectedKeys(NioEventLoop.java:650)
	at io.netty.channel.nio.NioEventLoop.run(NioEventLoop.java:562)
	at io.netty.util.concurrent.SingleThreadEventExecutor$4.run(SingleThreadEventExecutor.java:997)
	at io.netty.util.internal.ThreadExecutorMap$2.run(ThreadExecutorMap.java:74)
	at io.netty.util.concurrent.FastThreadLocalRunnable.run(FastThreadLocalRunnable.java:30)
	at java.base/java.lang.Thread.run(Thread.java:833)
15:37:08.755 [AsyncHttpClient-1-13] DEBUG org.asynchttpclient.netty.channel.ChannelManager - Closing Channel [id: 0xf3e50219, L:/127.0.0.1:52992 - R:localhost/127.0.0.1:52984] 
15:37:08.755 [AsyncHttpClient-1-13] DEBUG org.asynchttpclient.netty.handler.HttpHandler - Channel Closed: [id: 0xf3e50219, L:/127.0.0.1:52992 ! R:localhost/127.0.0.1:52984] with attribute DISCARD
15:37:08.777 [AsyncHttpClient-1-12] DEBUG org.asynchttpclient.netty.handler.HttpHandler - 

Request DefaultFullHttpRequest(decodeResult: success, version: HTTP/1.1, content: EmptyByteBufBE)
DELETE /session/6b5466581ac6eb63739ef5335c770853 HTTP/1.1
User-Agent: selenium/4.8.3 (java windows)
Content-Type: application/json; charset=utf-8
host: localhost:10995
accept: */*

Response DefaultHttpResponse(decodeResult: success, version: HTTP/1.1)
HTTP/1.1 200 OK
Content-Length: 14
Content-Type: application/json; charset=utf-8
cache-control: no-cache

15:37:08.777 [AsyncHttpClient-1-12] DEBUG org.asynchttpclient.netty.channel.ChannelManager - Adding key: http://localhost:10995 for channel [id: 0x0769a451, L:/127.0.0.1:52983 - R:localhost/127.0.0.1:10995]
15:37:08.836 [AsyncHttpClient-1-12] DEBUG org.asynchttpclient.netty.handler.HttpHandler - Channel Closed: [id: 0x0769a451, L:/127.0.0.1:52983 ! R:localhost/127.0.0.1:10995] with attribute DISCARD
2023-06-21 15:37:08 INFO  BaseTest:89 - Test executed**********
15:37:08.895 [rp-io-89] DEBUG com.epam.reportportal.service.Launch - Starting test item...rp-io-89
2023-06-21 15:37:08 INFO  BaseTest:116 - Property files loaded successfully**********
15:37:08.907 [main] DEBUG io.github.bonigarcia.wdm.cache.ResolutionCache - Resolution chrome=114 in cache (valid until 16:09:26 21/06/2023 CEST)
15:37:08.908 [main] DEBUG io.github.bonigarcia.wdm.cache.ResolutionCache - Resolution chrome114=114.0.5735.90 in cache (valid until 09:55:46 22/06/2023 CEST)
15:37:08.908 [main] INFO io.github.bonigarcia.wdm.WebDriverManager - Using chromedriver 114.0.5735.90 (resolved driver for Chrome 114)
15:37:08.910 [rp-io-80] DEBUG com.epam.reportportal.service.Launch - TestItem with ID = '148bd14c-06ad-4108-b994-b8df325b1c50' successfully finished.
15:37:08.910 [rp-io-80] DEBUG com.epam.reportportal.utils.SubscriptionUtils - Finish test item completed
15:37:08.916 [rp-io-89] DEBUG com.epam.reportportal.service.Launch - ReportPortal item with ID '8cf35cd3-325f-40b7-8bfd-dbde3dd0edb7' has been created
15:37:08.916 [rp-io-89] DEBUG com.epam.reportportal.utils.SubscriptionUtils - Start test item successfully completed
15:37:08.916 [main] DEBUG io.github.bonigarcia.wdm.WebDriverManager - Driver chromedriver 114.0.5735.90 found in cache
15:37:08.917 [main] INFO io.github.bonigarcia.wdm.WebDriverManager - Exporting webdriver.chrome.driver as C:\Users\Suwarna_Wagh\.cache\selenium\chromedriver\win32\114.0.5735.90\chromedriver.exe
15:37:09.066 [AsyncHttpClient-1-15] DEBUG org.asynchttpclient.netty.channel.NettyConnectListener - Using new Channel '[id: 0x19f6141f, L:/127.0.0.1:53016 - R:localhost/127.0.0.1:37029]' for 'POST' to '/session'
15:37:09.196 [AsyncHttpClient-1-1] DEBUG org.asynchttpclient.netty.channel.DefaultChannelPool - Entry count for : http://localhost:52984 : 1
15:37:09.196 [AsyncHttpClient-1-1] DEBUG org.asynchttpclient.netty.channel.DefaultChannelPool - Entry count for : http://localhost:10995 : 1
15:37:09.196 [AsyncHttpClient-1-1] DEBUG org.asynchttpclient.netty.channel.DefaultChannelPool - Adding Candidate expired Channel [id: 0xf3e50219, L:/127.0.0.1:52992 ! R:localhost/127.0.0.1:52984] isIdleTimeoutExpired=false isRemotelyClosed=true isTtlExpired=false
15:37:09.196 [AsyncHttpClient-1-1] DEBUG org.asynchttpclient.netty.channel.DefaultChannelPool - Closing Idle Channel [id: 0xf3e50219, L:/127.0.0.1:52992 ! R:localhost/127.0.0.1:52984]
15:37:09.196 [AsyncHttpClient-1-1] DEBUG org.asynchttpclient.netty.channel.DefaultChannelPool - Adding Candidate expired Channel [id: 0x0769a451, L:/127.0.0.1:52983 ! R:localhost/127.0.0.1:10995] isIdleTimeoutExpired=false isRemotelyClosed=true isTtlExpired=false
15:37:09.196 [AsyncHttpClient-1-1] DEBUG org.asynchttpclient.netty.channel.DefaultChannelPool - Closing Idle Channel [id: 0x0769a451, L:/127.0.0.1:52983 ! R:localhost/127.0.0.1:10995]
15:37:09.196 [AsyncHttpClient-1-1] DEBUG org.asynchttpclient.netty.channel.DefaultChannelPool - Closed 2 connections out of 2 in 0 ms
15:37:10.263 [AsyncHttpClient-1-15] DEBUG org.asynchttpclient.netty.handler.HttpHandler - 

Request DefaultHttpRequest(decodeResult: success, version: HTTP/1.1)
POST /session HTTP/1.1
User-Agent: selenium/4.8.3 (java windows)
Content-Length: 439
Content-Type: application/json; charset=utf-8
host: localhost:37029
accept: */*

Response DefaultHttpResponse(decodeResult: success, version: HTTP/1.1)
HTTP/1.1 200 OK
Content-Length: 863
Content-Type: application/json; charset=utf-8
cache-control: no-cache

15:37:10.263 [AsyncHttpClient-1-15] DEBUG org.asynchttpclient.netty.channel.ChannelManager - Adding key: http://localhost:37029 for channel [id: 0x19f6141f, L:/127.0.0.1:53016 - R:localhost/127.0.0.1:37029]
15:37:10.272 [AsyncHttpClient-1-16] DEBUG org.asynchttpclient.netty.channel.NettyConnectListener - Using new Channel '[id: 0x9c5fbcbe, L:/127.0.0.1:53026 - R:localhost/127.0.0.1:53018]' for 'GET' to '/json/version'
15:37:10.273 [AsyncHttpClient-1-16] DEBUG org.asynchttpclient.netty.handler.HttpHandler - 

Request DefaultFullHttpRequest(decodeResult: success, version: HTTP/1.1, content: EmptyByteBufBE)
GET /json/version HTTP/1.1
User-Agent: selenium/4.8.3 (java windows)
host: localhost:53018
accept: */*

Response DefaultHttpResponse(decodeResult: success, version: HTTP/1.1)
HTTP/1.1 200 OK
Content-Security-Policy: frame-ancestors 'none'
Content-Length: 424
Content-Type: application/json; charset=UTF-8

15:37:10.273 [AsyncHttpClient-1-16] DEBUG org.asynchttpclient.netty.channel.ChannelManager - Adding key: http://localhost:53018 for channel [id: 0x9c5fbcbe, L:/127.0.0.1:53026 - R:localhost/127.0.0.1:53018]
15:37:10.275 [AsyncHttpClient-1-17] DEBUG org.asynchttpclient.netty.channel.NettyConnectListener - Using new Channel '[id: 0xfd074b79, L:/127.0.0.1:53027 - R:localhost/127.0.0.1:53018]' for 'GET' to '/devtools/browser/b160703d-0d7b-44de-9269-82526825ee78'
15:37:10.277 [AsyncHttpClient-1-17] DEBUG org.asynchttpclient.netty.handler.WebSocketHandler - 

Request DefaultFullHttpRequest(decodeResult: success, version: HTTP/1.1, content: EmptyByteBufBE)
GET /devtools/browser/b160703d-0d7b-44de-9269-82526825ee78 HTTP/1.1
upgrade: websocket
connection: upgrade
sec-websocket-key: KoM+Nqx2gI6HG+I4eiPqKw==
sec-websocket-version: 13
origin: http://localhost:53018
host: localhost:53018
accept: */*
user-agent: AHC/2.1

Response DefaultHttpResponse(decodeResult: success, version: HTTP/1.1)
HTTP/1.1 101 WebSocket Protocol Handshake
Upgrade: WebSocket
Connection: Upgrade
Sec-WebSocket-Accept: bOhLTNhJvJGg4QDfrlhLMeTRfqI=

15:37:10.283 [Forwarding setTimeout on session f1ed477392d116d19895104b3eb8ea4f to remote] DEBUG org.asynchttpclient.netty.request.NettyRequestSender - Using pooled Channel '[id: 0x19f6141f, L:/127.0.0.1:53016 - R:localhost/127.0.0.1:37029]' for 'POST' to 'http://localhost:37029/session/f1ed477392d116d19895104b3eb8ea4f/timeouts'
15:37:10.284 [Forwarding setTimeout on session f1ed477392d116d19895104b3eb8ea4f to remote] DEBUG org.asynchttpclient.netty.request.NettyRequestSender - Using open Channel [id: 0x19f6141f, L:/127.0.0.1:53016 - R:localhost/127.0.0.1:37029] for POST '/session/f1ed477392d116d19895104b3eb8ea4f/timeouts'
15:37:10.285 [AsyncHttpClient-1-15] DEBUG org.asynchttpclient.netty.handler.HttpHandler - 

Request DefaultHttpRequest(decodeResult: success, version: HTTP/1.1)
POST /session/f1ed477392d116d19895104b3eb8ea4f/timeouts HTTP/1.1
User-Agent: selenium/4.8.3 (java windows)
Content-Length: 22
Content-Type: application/json; charset=utf-8
host: localhost:37029
accept: */*

Response DefaultHttpResponse(decodeResult: success, version: HTTP/1.1)
HTTP/1.1 200 OK
Content-Length: 14
Content-Type: application/json; charset=utf-8
cache-control: no-cache

15:37:10.285 [AsyncHttpClient-1-15] DEBUG org.asynchttpclient.netty.channel.ChannelManager - Adding key: http://localhost:37029 for channel [id: 0x19f6141f, L:/127.0.0.1:53016 - R:localhost/127.0.0.1:37029]
15:37:10.286 [Forwarding maximizeCurrentWindow on session f1ed477392d116d19895104b3eb8ea4f to remote] DEBUG org.asynchttpclient.netty.request.NettyRequestSender - Using pooled Channel '[id: 0x19f6141f, L:/127.0.0.1:53016 - R:localhost/127.0.0.1:37029]' for 'POST' to 'http://localhost:37029/session/f1ed477392d116d19895104b3eb8ea4f/window/maximize'
15:37:10.286 [Forwarding maximizeCurrentWindow on session f1ed477392d116d19895104b3eb8ea4f to remote] DEBUG org.asynchttpclient.netty.request.NettyRequestSender - Using open Channel [id: 0x19f6141f, L:/127.0.0.1:53016 - R:localhost/127.0.0.1:37029] for POST '/session/f1ed477392d116d19895104b3eb8ea4f/window/maximize'
15:37:10.295 [AsyncHttpClient-1-1] DEBUG org.asynchttpclient.netty.channel.DefaultChannelPool - Entry count for : http://localhost:53018 : 1
15:37:10.409 [AsyncHttpClient-1-15] DEBUG org.asynchttpclient.netty.handler.HttpHandler - 

Request DefaultHttpRequest(decodeResult: success, version: HTTP/1.1)
POST /session/f1ed477392d116d19895104b3eb8ea4f/window/maximize HTTP/1.1
User-Agent: selenium/4.8.3 (java windows)
Content-Length: 3
Content-Type: application/json; charset=utf-8
host: localhost:37029
accept: */*

Response DefaultHttpResponse(decodeResult: success, version: HTTP/1.1)
HTTP/1.1 200 OK
Content-Length: 51
Content-Type: application/json; charset=utf-8
cache-control: no-cache

15:37:10.409 [AsyncHttpClient-1-15] DEBUG org.asynchttpclient.netty.channel.ChannelManager - Adding key: http://localhost:37029 for channel [id: 0x19f6141f, L:/127.0.0.1:53016 - R:localhost/127.0.0.1:37029]
15:37:10.410 [Forwarding get on session f1ed477392d116d19895104b3eb8ea4f to remote] DEBUG org.asynchttpclient.netty.request.NettyRequestSender - Using pooled Channel '[id: 0x19f6141f, L:/127.0.0.1:53016 - R:localhost/127.0.0.1:37029]' for 'POST' to 'http://localhost:37029/session/f1ed477392d116d19895104b3eb8ea4f/url'
15:37:10.410 [Forwarding get on session f1ed477392d116d19895104b3eb8ea4f to remote] DEBUG org.asynchttpclient.netty.request.NettyRequestSender - Using open Channel [id: 0x19f6141f, L:/127.0.0.1:53016 - R:localhost/127.0.0.1:37029] for POST '/session/f1ed477392d116d19895104b3eb8ea4f/url'
15:37:11.397 [AsyncHttpClient-1-1] DEBUG org.asynchttpclient.netty.channel.DefaultChannelPool - Entry count for : http://localhost:53018 : 1
15:37:12.418 [AsyncHttpClient-1-15] DEBUG org.asynchttpclient.netty.handler.HttpHandler - 

Request DefaultHttpRequest(decodeResult: success, version: HTTP/1.1)
POST /session/f1ed477392d116d19895104b3eb8ea4f/url HTTP/1.1
User-Agent: selenium/4.8.3 (java windows)
Content-Length: 52
Content-Type: application/json; charset=utf-8
host: localhost:37029
accept: */*

Response DefaultHttpResponse(decodeResult: success, version: HTTP/1.1)
HTTP/1.1 200 OK
Content-Length: 14
Content-Type: application/json; charset=utf-8
cache-control: no-cache

15:37:12.419 [AsyncHttpClient-1-15] DEBUG org.asynchttpclient.netty.channel.ChannelManager - Adding key: http://localhost:37029 for channel [id: 0x19f6141f, L:/127.0.0.1:53016 - R:localhost/127.0.0.1:37029]
2023-06-21 15:37:12 INFO  BaseTest:110 - Test driver set up done successfully**********
2023-06-21 15:37:12 INFO  BaseTest:128 - Logging in to portal
15:37:12.420 [Forwarding findElement on session f1ed477392d116d19895104b3eb8ea4f to remote] DEBUG org.asynchttpclient.netty.request.NettyRequestSender - Using pooled Channel '[id: 0x19f6141f, L:/127.0.0.1:53016 - R:localhost/127.0.0.1:37029]' for 'POST' to 'http://localhost:37029/session/f1ed477392d116d19895104b3eb8ea4f/element'
15:37:12.420 [Forwarding findElement on session f1ed477392d116d19895104b3eb8ea4f to remote] DEBUG org.asynchttpclient.netty.request.NettyRequestSender - Using open Channel [id: 0x19f6141f, L:/127.0.0.1:53016 - R:localhost/127.0.0.1:37029] for POST '/session/f1ed477392d116d19895104b3eb8ea4f/element'
15:37:12.434 [AsyncHttpClient-1-15] DEBUG org.asynchttpclient.netty.handler.HttpHandler - 

Request DefaultHttpRequest(decodeResult: success, version: HTTP/1.1)
POST /session/f1ed477392d116d19895104b3eb8ea4f/element HTTP/1.1
User-Agent: selenium/4.8.3 (java windows)
Content-Length: 59
Content-Type: application/json; charset=utf-8
host: localhost:37029
accept: */*

Response DefaultHttpResponse(decodeResult: success, version: HTTP/1.1)
HTTP/1.1 200 OK
Content-Length: 95
Content-Type: application/json; charset=utf-8
cache-control: no-cache

15:37:12.435 [AsyncHttpClient-1-15] DEBUG org.asynchttpclient.netty.channel.ChannelManager - Adding key: http://localhost:37029 for channel [id: 0x19f6141f, L:/127.0.0.1:53016 - R:localhost/127.0.0.1:37029]
15:37:12.435 [Forwarding clearElement on session f1ed477392d116d19895104b3eb8ea4f to remote] DEBUG org.asynchttpclient.netty.request.NettyRequestSender - Using pooled Channel '[id: 0x19f6141f, L:/127.0.0.1:53016 - R:localhost/127.0.0.1:37029]' for 'POST' to 'http://localhost:37029/session/f1ed477392d116d19895104b3eb8ea4f/element/893FBD228F05F376CFFE4B4004E0FAEA_element_29/clear'
15:37:12.435 [Forwarding clearElement on session f1ed477392d116d19895104b3eb8ea4f to remote] DEBUG org.asynchttpclient.netty.request.NettyRequestSender - Using open Channel [id: 0x19f6141f, L:/127.0.0.1:53016 - R:localhost/127.0.0.1:37029] for POST '/session/f1ed477392d116d19895104b3eb8ea4f/element/893FBD228F05F376CFFE4B4004E0FAEA_element_29/clear'
15:37:12.482 [AsyncHttpClient-1-15] DEBUG org.asynchttpclient.netty.handler.HttpHandler - 

Request DefaultHttpRequest(decodeResult: success, version: HTTP/1.1)
POST /session/f1ed477392d116d19895104b3eb8ea4f/element/893FBD228F05F376CFFE4B4004E0FAEA_element_29/clear HTTP/1.1
User-Agent: selenium/4.8.3 (java windows)
Content-Length: 57
Content-Type: application/json; charset=utf-8
host: localhost:37029
accept: */*

Response DefaultHttpResponse(decodeResult: success, version: HTTP/1.1)
HTTP/1.1 200 OK
Content-Length: 14
Content-Type: application/json; charset=utf-8
cache-control: no-cache

15:37:12.482 [AsyncHttpClient-1-15] DEBUG org.asynchttpclient.netty.channel.ChannelManager - Adding key: http://localhost:37029 for channel [id: 0x19f6141f, L:/127.0.0.1:53016 - R:localhost/127.0.0.1:37029]
15:37:12.482 [Forwarding findElement on session f1ed477392d116d19895104b3eb8ea4f to remote] DEBUG org.asynchttpclient.netty.request.NettyRequestSender - Using pooled Channel '[id: 0x19f6141f, L:/127.0.0.1:53016 - R:localhost/127.0.0.1:37029]' for 'POST' to 'http://localhost:37029/session/f1ed477392d116d19895104b3eb8ea4f/element'
15:37:12.483 [Forwarding findElement on session f1ed477392d116d19895104b3eb8ea4f to remote] DEBUG org.asynchttpclient.netty.request.NettyRequestSender - Using open Channel [id: 0x19f6141f, L:/127.0.0.1:53016 - R:localhost/127.0.0.1:37029] for POST '/session/f1ed477392d116d19895104b3eb8ea4f/element'
15:37:12.493 [AsyncHttpClient-1-15] DEBUG org.asynchttpclient.netty.handler.HttpHandler - 

Request DefaultHttpRequest(decodeResult: success, version: HTTP/1.1)
POST /session/f1ed477392d116d19895104b3eb8ea4f/element HTTP/1.1
User-Agent: selenium/4.8.3 (java windows)
Content-Length: 59
Content-Type: application/json; charset=utf-8
host: localhost:37029
accept: */*

Response DefaultHttpResponse(decodeResult: success, version: HTTP/1.1)
HTTP/1.1 200 OK
Content-Length: 95
Content-Type: application/json; charset=utf-8
cache-control: no-cache

15:37:12.493 [AsyncHttpClient-1-15] DEBUG org.asynchttpclient.netty.channel.ChannelManager - Adding key: http://localhost:37029 for channel [id: 0x19f6141f, L:/127.0.0.1:53016 - R:localhost/127.0.0.1:37029]
15:37:12.494 [Forwarding sendKeysToElement on session f1ed477392d116d19895104b3eb8ea4f to remote] DEBUG org.asynchttpclient.netty.request.NettyRequestSender - Using pooled Channel '[id: 0x19f6141f, L:/127.0.0.1:53016 - R:localhost/127.0.0.1:37029]' for 'POST' to 'http://localhost:37029/session/f1ed477392d116d19895104b3eb8ea4f/element/893FBD228F05F376CFFE4B4004E0FAEA_element_29/value'
15:37:12.494 [Forwarding sendKeysToElement on session f1ed477392d116d19895104b3eb8ea4f to remote] DEBUG org.asynchttpclient.netty.request.NettyRequestSender - Using open Channel [id: 0x19f6141f, L:/127.0.0.1:53016 - R:localhost/127.0.0.1:37029] for POST '/session/f1ed477392d116d19895104b3eb8ea4f/element/893FBD228F05F376CFFE4B4004E0FAEA_element_29/value'
15:37:12.496 [AsyncHttpClient-1-1] DEBUG org.asynchttpclient.netty.channel.DefaultChannelPool - Entry count for : http://localhost:53018 : 1
15:37:12.591 [AsyncHttpClient-1-15] DEBUG org.asynchttpclient.netty.handler.HttpHandler - 

Request DefaultHttpRequest(decodeResult: success, version: HTTP/1.1)
POST /session/f1ed477392d116d19895104b3eb8ea4f/element/893FBD228F05F376CFFE4B4004E0FAEA_element_29/value HTTP/1.1
User-Agent: selenium/4.8.3 (java windows)
Content-Length: 188
Content-Type: application/json; charset=utf-8
host: localhost:37029
accept: */*

Response DefaultHttpResponse(decodeResult: success, version: HTTP/1.1)
HTTP/1.1 200 OK
Content-Length: 14
Content-Type: application/json; charset=utf-8
cache-control: no-cache

15:37:12.591 [AsyncHttpClient-1-15] DEBUG org.asynchttpclient.netty.channel.ChannelManager - Adding key: http://localhost:37029 for channel [id: 0x19f6141f, L:/127.0.0.1:53016 - R:localhost/127.0.0.1:37029]
15:37:12.592 [Forwarding findElement on session f1ed477392d116d19895104b3eb8ea4f to remote] DEBUG org.asynchttpclient.netty.request.NettyRequestSender - Using pooled Channel '[id: 0x19f6141f, L:/127.0.0.1:53016 - R:localhost/127.0.0.1:37029]' for 'POST' to 'http://localhost:37029/session/f1ed477392d116d19895104b3eb8ea4f/element'
15:37:12.592 [Forwarding findElement on session f1ed477392d116d19895104b3eb8ea4f to remote] DEBUG org.asynchttpclient.netty.request.NettyRequestSender - Using open Channel [id: 0x19f6141f, L:/127.0.0.1:53016 - R:localhost/127.0.0.1:37029] for POST '/session/f1ed477392d116d19895104b3eb8ea4f/element'
15:37:12.605 [AsyncHttpClient-1-15] DEBUG org.asynchttpclient.netty.handler.HttpHandler - 

Request DefaultHttpRequest(decodeResult: success, version: HTTP/1.1)
POST /session/f1ed477392d116d19895104b3eb8ea4f/element HTTP/1.1
User-Agent: selenium/4.8.3 (java windows)
Content-Length: 62
Content-Type: application/json; charset=utf-8
host: localhost:37029
accept: */*

Response DefaultHttpResponse(decodeResult: success, version: HTTP/1.1)
HTTP/1.1 200 OK
Content-Length: 95
Content-Type: application/json; charset=utf-8
cache-control: no-cache

15:37:12.605 [AsyncHttpClient-1-15] DEBUG org.asynchttpclient.netty.channel.ChannelManager - Adding key: http://localhost:37029 for channel [id: 0x19f6141f, L:/127.0.0.1:53016 - R:localhost/127.0.0.1:37029]
15:37:12.606 [Forwarding clearElement on session f1ed477392d116d19895104b3eb8ea4f to remote] DEBUG org.asynchttpclient.netty.request.NettyRequestSender - Using pooled Channel '[id: 0x19f6141f, L:/127.0.0.1:53016 - R:localhost/127.0.0.1:37029]' for 'POST' to 'http://localhost:37029/session/f1ed477392d116d19895104b3eb8ea4f/element/893FBD228F05F376CFFE4B4004E0FAEA_element_31/clear'
15:37:12.606 [Forwarding clearElement on session f1ed477392d116d19895104b3eb8ea4f to remote] DEBUG org.asynchttpclient.netty.request.NettyRequestSender - Using open Channel [id: 0x19f6141f, L:/127.0.0.1:53016 - R:localhost/127.0.0.1:37029] for POST '/session/f1ed477392d116d19895104b3eb8ea4f/element/893FBD228F05F376CFFE4B4004E0FAEA_element_31/clear'
15:37:12.644 [AsyncHttpClient-1-15] DEBUG org.asynchttpclient.netty.handler.HttpHandler - 

Request DefaultHttpRequest(decodeResult: success, version: HTTP/1.1)
POST /session/f1ed477392d116d19895104b3eb8ea4f/element/893FBD228F05F376CFFE4B4004E0FAEA_element_31/clear HTTP/1.1
User-Agent: selenium/4.8.3 (java windows)
Content-Length: 57
Content-Type: application/json; charset=utf-8
host: localhost:37029
accept: */*

Response DefaultHttpResponse(decodeResult: success, version: HTTP/1.1)
HTTP/1.1 200 OK
Content-Length: 14
Content-Type: application/json; charset=utf-8
cache-control: no-cache

15:37:12.644 [AsyncHttpClient-1-15] DEBUG org.asynchttpclient.netty.channel.ChannelManager - Adding key: http://localhost:37029 for channel [id: 0x19f6141f, L:/127.0.0.1:53016 - R:localhost/127.0.0.1:37029]
15:37:12.645 [Forwarding findElement on session f1ed477392d116d19895104b3eb8ea4f to remote] DEBUG org.asynchttpclient.netty.request.NettyRequestSender - Using pooled Channel '[id: 0x19f6141f, L:/127.0.0.1:53016 - R:localhost/127.0.0.1:37029]' for 'POST' to 'http://localhost:37029/session/f1ed477392d116d19895104b3eb8ea4f/element'
15:37:12.645 [Forwarding findElement on session f1ed477392d116d19895104b3eb8ea4f to remote] DEBUG org.asynchttpclient.netty.request.NettyRequestSender - Using open Channel [id: 0x19f6141f, L:/127.0.0.1:53016 - R:localhost/127.0.0.1:37029] for POST '/session/f1ed477392d116d19895104b3eb8ea4f/element'
15:37:12.659 [AsyncHttpClient-1-15] DEBUG org.asynchttpclient.netty.handler.HttpHandler - 

Request DefaultHttpRequest(decodeResult: success, version: HTTP/1.1)
POST /session/f1ed477392d116d19895104b3eb8ea4f/element HTTP/1.1
User-Agent: selenium/4.8.3 (java windows)
Content-Length: 62
Content-Type: application/json; charset=utf-8
host: localhost:37029
accept: */*

Response DefaultHttpResponse(decodeResult: success, version: HTTP/1.1)
HTTP/1.1 200 OK
Content-Length: 95
Content-Type: application/json; charset=utf-8
cache-control: no-cache

15:37:12.659 [AsyncHttpClient-1-15] DEBUG org.asynchttpclient.netty.channel.ChannelManager - Adding key: http://localhost:37029 for channel [id: 0x19f6141f, L:/127.0.0.1:53016 - R:localhost/127.0.0.1:37029]
15:37:12.660 [Forwarding sendKeysToElement on session f1ed477392d116d19895104b3eb8ea4f to remote] DEBUG org.asynchttpclient.netty.request.NettyRequestSender - Using pooled Channel '[id: 0x19f6141f, L:/127.0.0.1:53016 - R:localhost/127.0.0.1:37029]' for 'POST' to 'http://localhost:37029/session/f1ed477392d116d19895104b3eb8ea4f/element/893FBD228F05F376CFFE4B4004E0FAEA_element_31/value'
15:37:12.660 [Forwarding sendKeysToElement on session f1ed477392d116d19895104b3eb8ea4f to remote] DEBUG org.asynchttpclient.netty.request.NettyRequestSender - Using open Channel [id: 0x19f6141f, L:/127.0.0.1:53016 - R:localhost/127.0.0.1:37029] for POST '/session/f1ed477392d116d19895104b3eb8ea4f/element/893FBD228F05F376CFFE4B4004E0FAEA_element_31/value'
15:37:12.736 [AsyncHttpClient-1-15] DEBUG org.asynchttpclient.netty.handler.HttpHandler - 

Request DefaultHttpRequest(decodeResult: success, version: HTTP/1.1)
POST /session/f1ed477392d116d19895104b3eb8ea4f/element/893FBD228F05F376CFFE4B4004E0FAEA_element_31/value HTTP/1.1
User-Agent: selenium/4.8.3 (java windows)
Content-Length: 148
Content-Type: application/json; charset=utf-8
host: localhost:37029
accept: */*

Response DefaultHttpResponse(decodeResult: success, version: HTTP/1.1)
HTTP/1.1 200 OK
Content-Length: 14
Content-Type: application/json; charset=utf-8
cache-control: no-cache

15:37:12.736 [AsyncHttpClient-1-15] DEBUG org.asynchttpclient.netty.channel.ChannelManager - Adding key: http://localhost:37029 for channel [id: 0x19f6141f, L:/127.0.0.1:53016 - R:localhost/127.0.0.1:37029]
15:37:12.737 [Forwarding findElement on session f1ed477392d116d19895104b3eb8ea4f to remote] DEBUG org.asynchttpclient.netty.request.NettyRequestSender - Using pooled Channel '[id: 0x19f6141f, L:/127.0.0.1:53016 - R:localhost/127.0.0.1:37029]' for 'POST' to 'http://localhost:37029/session/f1ed477392d116d19895104b3eb8ea4f/element'
15:37:12.737 [Forwarding findElement on session f1ed477392d116d19895104b3eb8ea4f to remote] DEBUG org.asynchttpclient.netty.request.NettyRequestSender - Using open Channel [id: 0x19f6141f, L:/127.0.0.1:53016 - R:localhost/127.0.0.1:37029] for POST '/session/f1ed477392d116d19895104b3eb8ea4f/element'
15:37:12.750 [AsyncHttpClient-1-15] DEBUG org.asynchttpclient.netty.handler.HttpHandler - 

Request DefaultHttpRequest(decodeResult: success, version: HTTP/1.1)
POST /session/f1ed477392d116d19895104b3eb8ea4f/element HTTP/1.1
User-Agent: selenium/4.8.3 (java windows)
Content-Length: 71
Content-Type: application/json; charset=utf-8
host: localhost:37029
accept: */*

Response DefaultHttpResponse(decodeResult: success, version: HTTP/1.1)
HTTP/1.1 200 OK
Content-Length: 95
Content-Type: application/json; charset=utf-8
cache-control: no-cache

15:37:12.750 [AsyncHttpClient-1-15] DEBUG org.asynchttpclient.netty.channel.ChannelManager - Adding key: http://localhost:37029 for channel [id: 0x19f6141f, L:/127.0.0.1:53016 - R:localhost/127.0.0.1:37029]
15:37:12.751 [Forwarding clickElement on session f1ed477392d116d19895104b3eb8ea4f to remote] DEBUG org.asynchttpclient.netty.request.NettyRequestSender - Using pooled Channel '[id: 0x19f6141f, L:/127.0.0.1:53016 - R:localhost/127.0.0.1:37029]' for 'POST' to 'http://localhost:37029/session/f1ed477392d116d19895104b3eb8ea4f/element/893FBD228F05F376CFFE4B4004E0FAEA_element_32/click'
15:37:12.751 [Forwarding clickElement on session f1ed477392d116d19895104b3eb8ea4f to remote] DEBUG org.asynchttpclient.netty.request.NettyRequestSender - Using open Channel [id: 0x19f6141f, L:/127.0.0.1:53016 - R:localhost/127.0.0.1:37029] for POST '/session/f1ed477392d116d19895104b3eb8ea4f/element/893FBD228F05F376CFFE4B4004E0FAEA_element_32/click'
15:37:12.796 [AsyncHttpClient-1-15] DEBUG org.asynchttpclient.netty.handler.HttpHandler - 

Request DefaultHttpRequest(decodeResult: success, version: HTTP/1.1)
POST /session/f1ed477392d116d19895104b3eb8ea4f/element/893FBD228F05F376CFFE4B4004E0FAEA_element_32/click HTTP/1.1
User-Agent: selenium/4.8.3 (java windows)
Content-Length: 57
Content-Type: application/json; charset=utf-8
host: localhost:37029
accept: */*

Response DefaultHttpResponse(decodeResult: success, version: HTTP/1.1)
HTTP/1.1 200 OK
Content-Length: 14
Content-Type: application/json; charset=utf-8
cache-control: no-cache

15:37:12.797 [AsyncHttpClient-1-15] DEBUG org.asynchttpclient.netty.channel.ChannelManager - Adding key: http://localhost:37029 for channel [id: 0x19f6141f, L:/127.0.0.1:53016 - R:localhost/127.0.0.1:37029]
2023-06-21 15:37:12 INFO  BaseTest:132 - Logged in
15:37:12.799 [rp-io-94] DEBUG com.epam.reportportal.service.Launch - Starting test item...rp-io-94
2023-06-21 15:37:12 INFO  Listeners:34 - Started Test null
15:37:12.800 [Forwarding findElement on session f1ed477392d116d19895104b3eb8ea4f to remote] DEBUG org.asynchttpclient.netty.request.NettyRequestSender - Using pooled Channel '[id: 0x19f6141f, L:/127.0.0.1:53016 - R:localhost/127.0.0.1:37029]' for 'POST' to 'http://localhost:37029/session/f1ed477392d116d19895104b3eb8ea4f/element'
15:37:12.800 [Forwarding findElement on session f1ed477392d116d19895104b3eb8ea4f to remote] DEBUG org.asynchttpclient.netty.request.NettyRequestSender - Using open Channel [id: 0x19f6141f, L:/127.0.0.1:53016 - R:localhost/127.0.0.1:37029] for POST '/session/f1ed477392d116d19895104b3eb8ea4f/element'
15:37:12.815 [rp-io-91] DEBUG com.epam.reportportal.service.Launch - TestItem with ID = '8cf35cd3-325f-40b7-8bfd-dbde3dd0edb7' successfully finished.
15:37:12.815 [rp-io-91] DEBUG com.epam.reportportal.utils.SubscriptionUtils - Finish test item completed
15:37:12.819 [rp-io-94] DEBUG com.epam.reportportal.service.Launch - ReportPortal item with ID 'a0d689be-731c-40f5-be10-f61b11e88e20' has been created
15:37:12.819 [rp-io-94] DEBUG com.epam.reportportal.utils.SubscriptionUtils - Start test item successfully completed
15:37:13.240 [AsyncHttpClient-1-15] DEBUG org.asynchttpclient.netty.handler.HttpHandler - 

Request DefaultHttpRequest(decodeResult: success, version: HTTP/1.1)
POST /session/f1ed477392d116d19895104b3eb8ea4f/element HTTP/1.1
User-Agent: selenium/4.8.3 (java windows)
Content-Length: 168
Content-Type: application/json; charset=utf-8
host: localhost:37029
accept: */*

Response DefaultHttpResponse(decodeResult: success, version: HTTP/1.1)
HTTP/1.1 200 OK
Content-Length: 95
Content-Type: application/json; charset=utf-8
cache-control: no-cache

15:37:13.240 [AsyncHttpClient-1-15] DEBUG org.asynchttpclient.netty.channel.ChannelManager - Adding key: http://localhost:37029 for channel [id: 0x19f6141f, L:/127.0.0.1:53016 - R:localhost/127.0.0.1:37029]
15:37:13.241 [Forwarding clickElement on session f1ed477392d116d19895104b3eb8ea4f to remote] DEBUG org.asynchttpclient.netty.request.NettyRequestSender - Using pooled Channel '[id: 0x19f6141f, L:/127.0.0.1:53016 - R:localhost/127.0.0.1:37029]' for 'POST' to 'http://localhost:37029/session/f1ed477392d116d19895104b3eb8ea4f/element/893FBD228F05F376CFFE4B4004E0FAEA_element_48/click'
15:37:13.241 [Forwarding clickElement on session f1ed477392d116d19895104b3eb8ea4f to remote] DEBUG org.asynchttpclient.netty.request.NettyRequestSender - Using open Channel [id: 0x19f6141f, L:/127.0.0.1:53016 - R:localhost/127.0.0.1:37029] for POST '/session/f1ed477392d116d19895104b3eb8ea4f/element/893FBD228F05F376CFFE4B4004E0FAEA_element_48/click'
15:37:13.582 [AsyncHttpClient-1-15] DEBUG org.asynchttpclient.netty.handler.HttpHandler - 

Request DefaultHttpRequest(decodeResult: success, version: HTTP/1.1)
POST /session/f1ed477392d116d19895104b3eb8ea4f/element/893FBD228F05F376CFFE4B4004E0FAEA_element_48/click HTTP/1.1
User-Agent: selenium/4.8.3 (java windows)
Content-Length: 57
Content-Type: application/json; charset=utf-8
host: localhost:37029
accept: */*

Response DefaultHttpResponse(decodeResult: success, version: HTTP/1.1)
HTTP/1.1 200 OK
Content-Length: 14
Content-Type: application/json; charset=utf-8
cache-control: no-cache

15:37:13.582 [AsyncHttpClient-1-15] DEBUG org.asynchttpclient.netty.channel.ChannelManager - Adding key: http://localhost:37029 for channel [id: 0x19f6141f, L:/127.0.0.1:53016 - R:localhost/127.0.0.1:37029]
15:37:13.584 [Forwarding findElement on session f1ed477392d116d19895104b3eb8ea4f to remote] DEBUG org.asynchttpclient.netty.request.NettyRequestSender - Using pooled Channel '[id: 0x19f6141f, L:/127.0.0.1:53016 - R:localhost/127.0.0.1:37029]' for 'POST' to 'http://localhost:37029/session/f1ed477392d116d19895104b3eb8ea4f/element'
15:37:13.584 [Forwarding findElement on session f1ed477392d116d19895104b3eb8ea4f to remote] DEBUG org.asynchttpclient.netty.request.NettyRequestSender - Using open Channel [id: 0x19f6141f, L:/127.0.0.1:53016 - R:localhost/127.0.0.1:37029] for POST '/session/f1ed477392d116d19895104b3eb8ea4f/element'
15:37:13.598 [AsyncHttpClient-1-1] DEBUG org.asynchttpclient.netty.channel.DefaultChannelPool - Entry count for : http://localhost:53018 : 1
15:37:13.896 [AsyncHttpClient-1-15] DEBUG org.asynchttpclient.netty.handler.HttpHandler - 

Request DefaultHttpRequest(decodeResult: success, version: HTTP/1.1)
POST /session/f1ed477392d116d19895104b3eb8ea4f/element HTTP/1.1
User-Agent: selenium/4.8.3 (java windows)
Content-Length: 240
Content-Type: application/json; charset=utf-8
host: localhost:37029
accept: */*

Response DefaultHttpResponse(decodeResult: success, version: HTTP/1.1)
HTTP/1.1 200 OK
Content-Length: 95
Content-Type: application/json; charset=utf-8
cache-control: no-cache

15:37:13.896 [AsyncHttpClient-1-15] DEBUG org.asynchttpclient.netty.channel.ChannelManager - Adding key: http://localhost:37029 for channel [id: 0x19f6141f, L:/127.0.0.1:53016 - R:localhost/127.0.0.1:37029]
15:37:13.898 [Forwarding findElement on session f1ed477392d116d19895104b3eb8ea4f to remote] DEBUG org.asynchttpclient.netty.request.NettyRequestSender - Using pooled Channel '[id: 0x19f6141f, L:/127.0.0.1:53016 - R:localhost/127.0.0.1:37029]' for 'POST' to 'http://localhost:37029/session/f1ed477392d116d19895104b3eb8ea4f/element'
15:37:13.898 [Forwarding findElement on session f1ed477392d116d19895104b3eb8ea4f to remote] DEBUG org.asynchttpclient.netty.request.NettyRequestSender - Using open Channel [id: 0x19f6141f, L:/127.0.0.1:53016 - R:localhost/127.0.0.1:37029] for POST '/session/f1ed477392d116d19895104b3eb8ea4f/element'
15:37:13.909 [AsyncHttpClient-1-15] DEBUG org.asynchttpclient.netty.handler.HttpHandler - 

Request DefaultHttpRequest(decodeResult: success, version: HTTP/1.1)
POST /session/f1ed477392d116d19895104b3eb8ea4f/element HTTP/1.1
User-Agent: selenium/4.8.3 (java windows)
Content-Length: 240
Content-Type: application/json; charset=utf-8
host: localhost:37029
accept: */*

Response DefaultHttpResponse(decodeResult: success, version: HTTP/1.1)
HTTP/1.1 200 OK
Content-Length: 95
Content-Type: application/json; charset=utf-8
cache-control: no-cache

15:37:13.909 [AsyncHttpClient-1-15] DEBUG org.asynchttpclient.netty.channel.ChannelManager - Adding key: http://localhost:37029 for channel [id: 0x19f6141f, L:/127.0.0.1:53016 - R:localhost/127.0.0.1:37029]
15:37:13.910 [Forwarding getElementRect on session f1ed477392d116d19895104b3eb8ea4f to remote] DEBUG org.asynchttpclient.netty.request.NettyRequestSender - Using pooled Channel '[id: 0x19f6141f, L:/127.0.0.1:53016 - R:localhost/127.0.0.1:37029]' for 'GET' to 'http://localhost:37029/session/f1ed477392d116d19895104b3eb8ea4f/element/893FBD228F05F376CFFE4B4004E0FAEA_element_59/rect'
15:37:13.910 [Forwarding getElementRect on session f1ed477392d116d19895104b3eb8ea4f to remote] DEBUG org.asynchttpclient.netty.request.NettyRequestSender - Using open Channel [id: 0x19f6141f, L:/127.0.0.1:53016 - R:localhost/127.0.0.1:37029] for GET '/session/f1ed477392d116d19895104b3eb8ea4f/element/893FBD228F05F376CFFE4B4004E0FAEA_element_59/rect'
15:37:13.937 [AsyncHttpClient-1-15] DEBUG org.asynchttpclient.netty.handler.HttpHandler - 

Request DefaultFullHttpRequest(decodeResult: success, version: HTTP/1.1, content: EmptyByteBufBE)
GET /session/f1ed477392d116d19895104b3eb8ea4f/element/893FBD228F05F376CFFE4B4004E0FAEA_element_59/rect HTTP/1.1
User-Agent: selenium/4.8.3 (java windows)
Cache-Control: no-cache
Content-Type: application/json; charset=utf-8
host: localhost:37029
accept: */*

Response DefaultHttpResponse(decodeResult: success, version: HTTP/1.1)
HTTP/1.1 200 OK
Content-Length: 80
Content-Type: application/json; charset=utf-8
cache-control: no-cache

15:37:13.937 [AsyncHttpClient-1-15] DEBUG org.asynchttpclient.netty.channel.ChannelManager - Adding key: http://localhost:37029 for channel [id: 0x19f6141f, L:/127.0.0.1:53016 - R:localhost/127.0.0.1:37029]
15:37:13.939 [Forwarding findElement on session f1ed477392d116d19895104b3eb8ea4f to remote] DEBUG org.asynchttpclient.netty.request.NettyRequestSender - Using pooled Channel '[id: 0x19f6141f, L:/127.0.0.1:53016 - R:localhost/127.0.0.1:37029]' for 'POST' to 'http://localhost:37029/session/f1ed477392d116d19895104b3eb8ea4f/element'
15:37:13.939 [Forwarding findElement on session f1ed477392d116d19895104b3eb8ea4f to remote] DEBUG org.asynchttpclient.netty.request.NettyRequestSender - Using open Channel [id: 0x19f6141f, L:/127.0.0.1:53016 - R:localhost/127.0.0.1:37029] for POST '/session/f1ed477392d116d19895104b3eb8ea4f/element'
15:37:13.957 [AsyncHttpClient-1-15] DEBUG org.asynchttpclient.netty.handler.HttpHandler - 

Request DefaultHttpRequest(decodeResult: success, version: HTTP/1.1)
POST /session/f1ed477392d116d19895104b3eb8ea4f/element HTTP/1.1
User-Agent: selenium/4.8.3 (java windows)
Content-Length: 232
Content-Type: application/json; charset=utf-8
host: localhost:37029
accept: */*

Response DefaultHttpResponse(decodeResult: success, version: HTTP/1.1)
HTTP/1.1 200 OK
Content-Length: 95
Content-Type: application/json; charset=utf-8
cache-control: no-cache

15:37:13.957 [AsyncHttpClient-1-15] DEBUG org.asynchttpclient.netty.channel.ChannelManager - Adding key: http://localhost:37029 for channel [id: 0x19f6141f, L:/127.0.0.1:53016 - R:localhost/127.0.0.1:37029]
15:37:13.959 [Forwarding findElement on session f1ed477392d116d19895104b3eb8ea4f to remote] DEBUG org.asynchttpclient.netty.request.NettyRequestSender - Using pooled Channel '[id: 0x19f6141f, L:/127.0.0.1:53016 - R:localhost/127.0.0.1:37029]' for 'POST' to 'http://localhost:37029/session/f1ed477392d116d19895104b3eb8ea4f/element'
15:37:13.959 [Forwarding findElement on session f1ed477392d116d19895104b3eb8ea4f to remote] DEBUG org.asynchttpclient.netty.request.NettyRequestSender - Using open Channel [id: 0x19f6141f, L:/127.0.0.1:53016 - R:localhost/127.0.0.1:37029] for POST '/session/f1ed477392d116d19895104b3eb8ea4f/element'
15:37:13.975 [AsyncHttpClient-1-15] DEBUG org.asynchttpclient.netty.handler.HttpHandler - 

Request DefaultHttpRequest(decodeResult: success, version: HTTP/1.1)
POST /session/f1ed477392d116d19895104b3eb8ea4f/element HTTP/1.1
User-Agent: selenium/4.8.3 (java windows)
Content-Length: 283
Content-Type: application/json; charset=utf-8
host: localhost:37029
accept: */*

Response DefaultHttpResponse(decodeResult: success, version: HTTP/1.1)
HTTP/1.1 200 OK
Content-Length: 95
Content-Type: application/json; charset=utf-8
cache-control: no-cache

15:37:13.975 [AsyncHttpClient-1-15] DEBUG org.asynchttpclient.netty.channel.ChannelManager - Adding key: http://localhost:37029 for channel [id: 0x19f6141f, L:/127.0.0.1:53016 - R:localhost/127.0.0.1:37029]
15:37:13.978 [Forwarding actions on session f1ed477392d116d19895104b3eb8ea4f to remote] DEBUG org.asynchttpclient.netty.request.NettyRequestSender - Using pooled Channel '[id: 0x19f6141f, L:/127.0.0.1:53016 - R:localhost/127.0.0.1:37029]' for 'POST' to 'http://localhost:37029/session/f1ed477392d116d19895104b3eb8ea4f/actions'
15:37:13.978 [Forwarding actions on session f1ed477392d116d19895104b3eb8ea4f to remote] DEBUG org.asynchttpclient.netty.request.NettyRequestSender - Using open Channel [id: 0x19f6141f, L:/127.0.0.1:53016 - R:localhost/127.0.0.1:37029] for POST '/session/f1ed477392d116d19895104b3eb8ea4f/actions'
15:37:14.375 [AsyncHttpClient-1-15] DEBUG org.asynchttpclient.netty.handler.HttpHandler - 

Request DefaultHttpRequest(decodeResult: success, version: HTTP/1.1)
POST /session/f1ed477392d116d19895104b3eb8ea4f/actions HTTP/1.1
User-Agent: selenium/4.8.3 (java windows)
Content-Length: 962
Content-Type: application/json; charset=utf-8
host: localhost:37029
accept: */*

Response DefaultHttpResponse(decodeResult: success, version: HTTP/1.1)
HTTP/1.1 200 OK
Content-Length: 14
Content-Type: application/json; charset=utf-8
cache-control: no-cache

15:37:14.376 [AsyncHttpClient-1-15] DEBUG org.asynchttpclient.netty.channel.ChannelManager - Adding key: http://localhost:37029 for channel [id: 0x19f6141f, L:/127.0.0.1:53016 - R:localhost/127.0.0.1:37029]
15:37:14.376 [Forwarding findElement on session f1ed477392d116d19895104b3eb8ea4f to remote] DEBUG org.asynchttpclient.netty.request.NettyRequestSender - Using pooled Channel '[id: 0x19f6141f, L:/127.0.0.1:53016 - R:localhost/127.0.0.1:37029]' for 'POST' to 'http://localhost:37029/session/f1ed477392d116d19895104b3eb8ea4f/element'
15:37:14.376 [Forwarding findElement on session f1ed477392d116d19895104b3eb8ea4f to remote] DEBUG org.asynchttpclient.netty.request.NettyRequestSender - Using open Channel [id: 0x19f6141f, L:/127.0.0.1:53016 - R:localhost/127.0.0.1:37029] for POST '/session/f1ed477392d116d19895104b3eb8ea4f/element'
15:37:14.389 [AsyncHttpClient-1-15] DEBUG org.asynchttpclient.netty.handler.HttpHandler - 

Request DefaultHttpRequest(decodeResult: success, version: HTTP/1.1)
POST /session/f1ed477392d116d19895104b3eb8ea4f/element HTTP/1.1
User-Agent: selenium/4.8.3 (java windows)
Content-Length: 240
Content-Type: application/json; charset=utf-8
host: localhost:37029
accept: */*

Response DefaultHttpResponse(decodeResult: success, version: HTTP/1.1)
HTTP/1.1 200 OK
Content-Length: 95
Content-Type: application/json; charset=utf-8
cache-control: no-cache

15:37:14.389 [AsyncHttpClient-1-15] DEBUG org.asynchttpclient.netty.channel.ChannelManager - Adding key: http://localhost:37029 for channel [id: 0x19f6141f, L:/127.0.0.1:53016 - R:localhost/127.0.0.1:37029]
15:37:14.390 [Forwarding getElementRect on session f1ed477392d116d19895104b3eb8ea4f to remote] DEBUG org.asynchttpclient.netty.request.NettyRequestSender - Using pooled Channel '[id: 0x19f6141f, L:/127.0.0.1:53016 - R:localhost/127.0.0.1:37029]' for 'GET' to 'http://localhost:37029/session/f1ed477392d116d19895104b3eb8ea4f/element/893FBD228F05F376CFFE4B4004E0FAEA_element_59/rect'
15:37:14.390 [Forwarding getElementRect on session f1ed477392d116d19895104b3eb8ea4f to remote] DEBUG org.asynchttpclient.netty.request.NettyRequestSender - Using open Channel [id: 0x19f6141f, L:/127.0.0.1:53016 - R:localhost/127.0.0.1:37029] for GET '/session/f1ed477392d116d19895104b3eb8ea4f/element/893FBD228F05F376CFFE4B4004E0FAEA_element_59/rect'
15:37:14.405 [AsyncHttpClient-1-15] DEBUG org.asynchttpclient.netty.handler.HttpHandler - 

Request DefaultFullHttpRequest(decodeResult: success, version: HTTP/1.1, content: EmptyByteBufBE)
GET /session/f1ed477392d116d19895104b3eb8ea4f/element/893FBD228F05F376CFFE4B4004E0FAEA_element_59/rect HTTP/1.1
User-Agent: selenium/4.8.3 (java windows)
Cache-Control: no-cache
Content-Type: application/json; charset=utf-8
host: localhost:37029
accept: */*

Response DefaultHttpResponse(decodeResult: success, version: HTTP/1.1)
HTTP/1.1 200 OK
Content-Length: 80
Content-Type: application/json; charset=utf-8
cache-control: no-cache

15:37:14.405 [AsyncHttpClient-1-15] DEBUG org.asynchttpclient.netty.channel.ChannelManager - Adding key: http://localhost:37029 for channel [id: 0x19f6141f, L:/127.0.0.1:53016 - R:localhost/127.0.0.1:37029]
2023-06-21 15:37:14 INFO  Listeners:38 - Succeeded Test null
]]></system-out>
    <system-err><![CDATA[Starting ChromeDriver 114.0.5735.90 (386bc09e8f4f2e025eddae123f36f6263096ae49-refs/branch-heads/5735@{#1052}) on port 37029
Only local connections are allowed.
Please see https://chromedriver.chromium.org/security-considerations for suggestions on keeping ChromeDriver safe.
ChromeDriver was started successfully.
Jun 21, 2023 3:37:10 PM org.openqa.selenium.devtools.CdpVersionFinder findNearestMatch
WARNING: Unable to find an exact match for CDP version 114, so returning the closest version found: 111
]]></system-err>
  </testcase>
</testsuite>