<?xml version="1.0" encoding="UTF-8"?>
<testsuite xmlns:xsi="http://www.w3.org/2001/XMLSchema-instance" xsi:noNamespaceSchemaLocation="https://maven.apache.org/surefire/maven-surefire-plugin/xsd/surefire-test-report-3.0.xsd" version="3.0" name="TestSuite" time="153.431" tests="38" errors="0" skipped="7" failures="5">
  <properties>
    <property name="java.specification.version" value="17"/>
    <property name="webdriver.chrome.driver" value="C:\Users\Suwarna_Wagh\.cache\selenium\chromedriver\win32\114.0.5735.90\chromedriver.exe"/>
    <property name="sun.cpu.isalist" value="amd64"/>
    <property name="sun.jnu.encoding" value="Cp1252"/>
    <property name="java.class.path" value="C:\AdvancedTraining\AutomationFramework\target\test-classes;C:\AdvancedTraining\AutomationFramework\target\classes;C:\Users\Suwarna_Wagh\.m2\repository\org\mockito\mockito-core\4.1.0\mockito-core-4.1.0.jar;C:\Users\Suwarna_Wagh\.m2\repository\net\bytebuddy\byte-buddy\1.12.1\byte-buddy-1.12.1.jar;C:\Users\Suwarna_Wagh\.m2\repository\net\bytebuddy\byte-buddy-agent\1.12.1\byte-buddy-agent-1.12.1.jar;C:\Users\Suwarna_Wagh\.m2\repository\org\objenesis\objenesis\3.2\objenesis-3.2.jar;C:\Users\Suwarna_Wagh\.m2\repository\org\mockito\mockito-all\1.10.19\mockito-all-1.10.19.jar;C:\Users\Suwarna_Wagh\.m2\repository\junit\junit\4.12\junit-4.12.jar;C:\Users\Suwarna_Wagh\.m2\repository\org\hamcrest\hamcrest-core\1.3\hamcrest-core-1.3.jar;C:\Users\Suwarna_Wagh\.m2\repository\org\junit\jupiter\junit-jupiter-api\5.9.1\junit-jupiter-api-5.9.1.jar;C:\Users\Suwarna_Wagh\.m2\repository\org\opentest4j\opentest4j\1.2.0\opentest4j-1.2.0.jar;C:\Users\Suwarna_Wagh\.m2\repository\org\junit\platform\junit-platform-commons\1.9.1\junit-platform-commons-1.9.1.jar;C:\Users\Suwarna_Wagh\.m2\repository\org\apiguardian\apiguardian-api\1.1.2\apiguardian-api-1.1.2.jar;C:\Users\Suwarna_Wagh\.m2\repository\org\assertj\assertj-core\3.24.2\assertj-core-3.24.2.jar;C:\Users\Suwarna_Wagh\.m2\repository\log4j\log4j\1.2.17\log4j-1.2.17.jar;C:\Users\Suwarna_Wagh\.m2\repository\org\sonarsource\scanner\maven\sonar-maven-plugin\3.9.1.2184\sonar-maven-plugin-3.9.1.2184.jar;C:\Users\Suwarna_Wagh\.m2\repository\org\sonatype\plexus\plexus-sec-dispatcher\1.4\plexus-sec-dispatcher-1.4.jar;C:\Users\Suwarna_Wagh\.m2\repository\org\sonatype\plexus\plexus-cipher\1.4\plexus-cipher-1.4.jar;C:\Users\Suwarna_Wagh\.m2\repository\org\codehaus\plexus\plexus-utils\3.2.1\plexus-utils-3.2.1.jar;C:\Users\Suwarna_Wagh\.m2\repository\org\sonarsource\scanner\api\sonar-scanner-api\2.16.2.588\sonar-scanner-api-2.16.2.588.jar;C:\Users\Suwarna_Wagh\.m2\repository\commons-lang\commons-lang\2.6\commons-lang-2.6.jar;C:\Users\Suwarna_Wagh\.m2\repository\com\epam\reportportal\agent-java-testng\5.1.3\agent-java-testng-5.1.3.jar;C:\Users\Suwarna_Wagh\.m2\repository\com\epam\reportportal\client-java\5.1.11\client-java-5.1.11.jar;C:\Users\Suwarna_Wagh\.m2\repository\io\reactivex\rxjava2\rxjava\2.2.10\rxjava-2.2.10.jar;C:\Users\Suwarna_Wagh\.m2\repository\org\reactivestreams\reactive-streams\1.0.2\reactive-streams-1.0.2.jar;C:\Users\Suwarna_Wagh\.m2\repository\com\squareup\retrofit2\retrofit\2.9.0\retrofit-2.9.0.jar;C:\Users\Suwarna_Wagh\.m2\repository\com\squareup\okhttp3\okhttp\3.14.9\okhttp-3.14.9.jar;C:\Users\Suwarna_Wagh\.m2\repository\com\squareup\okio\okio\1.17.2\okio-1.17.2.jar;C:\Users\Suwarna_Wagh\.m2\repository\org\aspectj\aspectjrt\1.9.2\aspectjrt-1.9.2.jar;C:\Users\Suwarna_Wagh\.m2\repository\com\squareup\retrofit2\converter-scalars\2.9.0\converter-scalars-2.9.0.jar;C:\Users\Suwarna_Wagh\.m2\repository\com\squareup\retrofit2\converter-jackson\2.9.0\converter-jackson-2.9.0.jar;C:\Users\Suwarna_Wagh\.m2\repository\com\squareup\retrofit2\adapter-rxjava2\2.9.0\adapter-rxjava2-2.9.0.jar;C:\Users\Suwarna_Wagh\.m2\repository\com\squareup\okhttp3\logging-interceptor\3.14.9\logging-interceptor-3.14.9.jar;C:\Users\Suwarna_Wagh\.m2\repository\org\aspectj\aspectjweaver\1.9.2\aspectjweaver-1.9.2.jar;C:\Users\Suwarna_Wagh\.m2\repository\com\google\code\findbugs\jsr305\3.0.2\jsr305-3.0.2.jar;C:\Users\Suwarna_Wagh\.m2\repository\com\epam\reportportal\commons-model\5.0.0\commons-model-5.0.0.jar;C:\Users\Suwarna_Wagh\.m2\repository\io\swagger\swagger-annotations\1.5.24\swagger-annotations-1.5.24.jar;C:\Users\Suwarna_Wagh\.m2\repository\javax\validation\validation-api\2.0.1.Final\validation-api-2.0.1.Final.jar;C:\Users\Suwarna_Wagh\.m2\repository\org\slf4j\slf4j-api\1.7.36\slf4j-api-1.7.36.jar;C:\Users\Suwarna_Wagh\.m2\repository\com\epam\reportportal\logger-java-logback\5.1.3\logger-java-logback-5.1.3.jar;C:\Users\Suwarna_Wagh\.m2\repository\ch\qos\logback\logback-classic\1.2.11\logback-classic-1.2.11.jar;C:\Users\Suwarna_Wagh\.m2\repository\ch\qos\logback\logback-core\1.2.11\logback-core-1.2.11.jar;C:\Users\Suwarna_Wagh\.m2\repository\com\epam\reportportal\logger-java-log4j\5.1.5\logger-java-log4j-5.1.5.jar;C:\Users\Suwarna_Wagh\.m2\repository\org\apache\logging\log4j\log4j-core\2.17.2\log4j-core-2.17.2.jar;C:\Users\Suwarna_Wagh\.m2\repository\org\apache\logging\log4j\log4j-api\2.17.2\log4j-api-2.17.2.jar;C:\Users\Suwarna_Wagh\.m2\repository\io\github\bonigarcia\webdrivermanager\5.3.2\webdrivermanager-5.3.2.jar;C:\Users\Suwarna_Wagh\.m2\repository\com\google\code\gson\gson\2.10.1\gson-2.10.1.jar;C:\Users\Suwarna_Wagh\.m2\repository\com\github\docker-java\docker-java\3.2.14\docker-java-3.2.14.jar;C:\Users\Suwarna_Wagh\.m2\repository\com\github\docker-java\docker-java-core\3.2.14\docker-java-core-3.2.14.jar;C:\Users\Suwarna_Wagh\.m2\repository\com\github\docker-java\docker-java-api\3.2.14\docker-java-api-3.2.14.jar;C:\Users\Suwarna_Wagh\.m2\repository\org\apache\commons\commons-compress\1.21\commons-compress-1.21.jar;C:\Users\Suwarna_Wagh\.m2\repository\org\bouncycastle\bcpkix-jdk15on\1.64\bcpkix-jdk15on-1.64.jar;C:\Users\Suwarna_Wagh\.m2\repository\org\bouncycastle\bcprov-jdk15on\1.64\bcprov-jdk15on-1.64.jar;C:\Users\Suwarna_Wagh\.m2\repository\org\slf4j\jcl-over-slf4j\1.7.30\jcl-over-slf4j-1.7.30.jar;C:\Users\Suwarna_Wagh\.m2\repository\com\github\docker-java\docker-java-transport-httpclient5\3.2.14\docker-java-transport-httpclient5-3.2.14.jar;C:\Users\Suwarna_Wagh\.m2\repository\com\github\docker-java\docker-java-transport\3.2.14\docker-java-transport-3.2.14.jar;C:\Users\Suwarna_Wagh\.m2\repository\net\java\dev\jna\jna\5.12.1\jna-5.12.1.jar;C:\Users\Suwarna_Wagh\.m2\repository\org\brotli\dec\0.1.2\dec-0.1.2.jar;C:\Users\Suwarna_Wagh\.m2\repository\org\apache\commons\commons-lang3\3.12.0\commons-lang3-3.12.0.jar;C:\Users\Suwarna_Wagh\.m2\repository\org\apache\httpcomponents\client5\httpclient5\5.2.1\httpclient5-5.2.1.jar;C:\Users\Suwarna_Wagh\.m2\repository\org\apache\httpcomponents\core5\httpcore5\5.2\httpcore5-5.2.jar;C:\Users\Suwarna_Wagh\.m2\repository\org\apache\httpcomponents\core5\httpcore5-h2\5.2\httpcore5-h2-5.2.jar;C:\Users\Suwarna_Wagh\.m2\repository\org\seleniumhq\selenium\selenium-java\4.8.3\selenium-java-4.8.3.jar;C:\Users\Suwarna_Wagh\.m2\repository\org\seleniumhq\selenium\selenium-api\4.8.3\selenium-api-4.8.3.jar;C:\Users\Suwarna_Wagh\.m2\repository\org\seleniumhq\selenium\selenium-chrome-driver\4.8.3\selenium-chrome-driver-4.8.3.jar;C:\Users\Suwarna_Wagh\.m2\repository\com\google\auto\service\auto-service-annotations\1.0.1\auto-service-annotations-1.0.1.jar;C:\Users\Suwarna_Wagh\.m2\repository\com\google\auto\service\auto-service\1.0.1\auto-service-1.0.1.jar;C:\Users\Suwarna_Wagh\.m2\repository\com\google\auto\auto-common\1.2\auto-common-1.2.jar;C:\Users\Suwarna_Wagh\.m2\repository\org\seleniumhq\selenium\selenium-chromium-driver\4.8.3\selenium-chromium-driver-4.8.3.jar;C:\Users\Suwarna_Wagh\.m2\repository\org\seleniumhq\selenium\selenium-json\4.8.3\selenium-json-4.8.3.jar;C:\Users\Suwarna_Wagh\.m2\repository\org\seleniumhq\selenium\selenium-manager\4.8.3\selenium-manager-4.8.3.jar;C:\Users\Suwarna_Wagh\.m2\repository\org\seleniumhq\selenium\selenium-devtools-v109\4.8.3\selenium-devtools-v109-4.8.3.jar;C:\Users\Suwarna_Wagh\.m2\repository\org\seleniumhq\selenium\selenium-devtools-v110\4.8.3\selenium-devtools-v110-4.8.3.jar;C:\Users\Suwarna_Wagh\.m2\repository\org\seleniumhq\selenium\selenium-devtools-v111\4.8.3\selenium-devtools-v111-4.8.3.jar;C:\Users\Suwarna_Wagh\.m2\repository\org\seleniumhq\selenium\selenium-devtools-v85\4.8.3\selenium-devtools-v85-4.8.3.jar;C:\Users\Suwarna_Wagh\.m2\repository\org\seleniumhq\selenium\selenium-edge-driver\4.8.3\selenium-edge-driver-4.8.3.jar;C:\Users\Suwarna_Wagh\.m2\repository\org\seleniumhq\selenium\selenium-firefox-driver\4.8.3\selenium-firefox-driver-4.8.3.jar;C:\Users\Suwarna_Wagh\.m2\repository\org\seleniumhq\selenium\selenium-http\4.8.3\selenium-http-4.8.3.jar;C:\Users\Suwarna_Wagh\.m2\repository\dev\failsafe\failsafe\3.3.1\failsafe-3.3.1.jar;C:\Users\Suwarna_Wagh\.m2\repository\org\seleniumhq\selenium\selenium-ie-driver\4.8.3\selenium-ie-driver-4.8.3.jar;C:\Users\Suwarna_Wagh\.m2\repository\org\seleniumhq\selenium\selenium-remote-driver\4.8.3\selenium-remote-driver-4.8.3.jar;C:\Users\Suwarna_Wagh\.m2\repository\io\netty\netty-buffer\4.1.90.Final\netty-buffer-4.1.90.Final.jar;C:\Users\Suwarna_Wagh\.m2\repository\io\netty\netty-codec-http\4.1.90.Final\netty-codec-http-4.1.90.Final.jar;C:\Users\Suwarna_Wagh\.m2\repository\io\netty\netty-codec\4.1.90.Final\netty-codec-4.1.90.Final.jar;C:\Users\Suwarna_Wagh\.m2\repository\io\netty\netty-handler\4.1.90.Final\netty-handler-4.1.90.Final.jar;C:\Users\Suwarna_Wagh\.m2\repository\io\netty\netty-common\4.1.90.Final\netty-common-4.1.90.Final.jar;C:\Users\Suwarna_Wagh\.m2\repository\io\netty\netty-transport-classes-epoll\4.1.90.Final\netty-transport-classes-epoll-4.1.90.Final.jar;C:\Users\Suwarna_Wagh\.m2\repository\io\netty\netty-transport-classes-kqueue\4.1.90.Final\netty-transport-classes-kqueue-4.1.90.Final.jar;C:\Users\Suwarna_Wagh\.m2\repository\io\netty\netty-transport-native-epoll\4.1.90.Final\netty-transport-native-epoll-4.1.90.Final.jar;C:\Users\Suwarna_Wagh\.m2\repository\io\netty\netty-transport-native-kqueue\4.1.90.Final\netty-transport-native-kqueue-4.1.90.Final.jar;C:\Users\Suwarna_Wagh\.m2\repository\io\netty\netty-transport-native-unix-common\4.1.90.Final\netty-transport-native-unix-common-4.1.90.Final.jar;C:\Users\Suwarna_Wagh\.m2\repository\io\netty\netty-transport\4.1.90.Final\netty-transport-4.1.90.Final.jar;C:\Users\Suwarna_Wagh\.m2\repository\io\netty\netty-resolver\4.1.90.Final\netty-resolver-4.1.90.Final.jar;C:\Users\Suwarna_Wagh\.m2\repository\io\opentelemetry\opentelemetry-api\1.24.0\opentelemetry-api-1.24.0.jar;C:\Users\Suwarna_Wagh\.m2\repository\io\opentelemetry\opentelemetry-context\1.24.0\opentelemetry-context-1.24.0.jar;C:\Users\Suwarna_Wagh\.m2\repository\io\opentelemetry\opentelemetry-exporter-logging\1.24.0\opentelemetry-exporter-logging-1.24.0.jar;C:\Users\Suwarna_Wagh\.m2\repository\io\opentelemetry\opentelemetry-sdk-metrics\1.24.0\opentelemetry-sdk-metrics-1.24.0.jar;C:\Users\Suwarna_Wagh\.m2\repository\io\opentelemetry\opentelemetry-sdk-logs\1.24.0-alpha\opentelemetry-sdk-logs-1.24.0-alpha.jar;C:\Users\Suwarna_Wagh\.m2\repository\io\opentelemetry\opentelemetry-api-logs\1.24.0-alpha\opentelemetry-api-logs-1.24.0-alpha.jar;C:\Users\Suwarna_Wagh\.m2\repository\io\opentelemetry\opentelemetry-api-events\1.24.0-alpha\opentelemetry-api-events-1.24.0-alpha.jar;C:\Users\Suwarna_Wagh\.m2\repository\io\opentelemetry\opentelemetry-sdk-common\1.24.0\opentelemetry-sdk-common-1.24.0.jar;C:\Users\Suwarna_Wagh\.m2\repository\io\opentelemetry\opentelemetry-sdk-extension-autoconfigure-spi\1.24.0\opentelemetry-sdk-extension-autoconfigure-spi-1.24.0.jar;C:\Users\Suwarna_Wagh\.m2\repository\io\opentelemetry\opentelemetry-sdk-extension-autoconfigure\1.24.0-alpha\opentelemetry-sdk-extension-autoconfigure-1.24.0-alpha.jar;C:\Users\Suwarna_Wagh\.m2\repository\io\opentelemetry\opentelemetry-sdk-trace\1.24.0\opentelemetry-sdk-trace-1.24.0.jar;C:\Users\Suwarna_Wagh\.m2\repository\io\opentelemetry\opentelemetry-sdk\1.24.0\opentelemetry-sdk-1.24.0.jar;C:\Users\Suwarna_Wagh\.m2\repository\io\opentelemetry\opentelemetry-semconv\1.24.0-alpha\opentelemetry-semconv-1.24.0-alpha.jar;C:\Users\Suwarna_Wagh\.m2\repository\io\ous\jtoml\2.0.0\jtoml-2.0.0.jar;C:\Users\Suwarna_Wagh\.m2\repository\org\apache\commons\commons-exec\1.3\commons-exec-1.3.jar;C:\Users\Suwarna_Wagh\.m2\repository\org\asynchttpclient\async-http-client\2.12.3\async-http-client-2.12.3.jar;C:\Users\Suwarna_Wagh\.m2\repository\org\asynchttpclient\async-http-client-netty-utils\2.12.3\async-http-client-netty-utils-2.12.3.jar;C:\Users\Suwarna_Wagh\.m2\repository\io\netty\netty-codec-socks\4.1.60.Final\netty-codec-socks-4.1.60.Final.jar;C:\Users\Suwarna_Wagh\.m2\repository\io\netty\netty-handler-proxy\4.1.60.Final\netty-handler-proxy-4.1.60.Final.jar;C:\Users\Suwarna_Wagh\.m2\repository\io\netty\netty-transport-native-epoll\4.1.60.Final\netty-transport-native-epoll-4.1.60.Final-linux-x86_64.jar;C:\Users\Suwarna_Wagh\.m2\repository\io\netty\netty-transport-native-kqueue\4.1.60.Final\netty-transport-native-kqueue-4.1.60.Final-osx-x86_64.jar;C:\Users\Suwarna_Wagh\.m2\repository\com\typesafe\netty\netty-reactive-streams\2.0.4\netty-reactive-streams-2.0.4.jar;C:\Users\Suwarna_Wagh\.m2\repository\com\sun\activation\jakarta.activation\1.2.2\jakarta.activation-1.2.2.jar;C:\Users\Suwarna_Wagh\.m2\repository\org\seleniumhq\selenium\selenium-safari-driver\4.8.3\selenium-safari-driver-4.8.3.jar;C:\Users\Suwarna_Wagh\.m2\repository\org\seleniumhq\selenium\selenium-support\4.8.3\selenium-support-4.8.3.jar;C:\Users\Suwarna_Wagh\.m2\repository\com\google\guava\guava\31.0.1-jre\guava-31.0.1-jre.jar;C:\Users\Suwarna_Wagh\.m2\repository\com\google\guava\failureaccess\1.0.1\failureaccess-1.0.1.jar;C:\Users\Suwarna_Wagh\.m2\repository\com\google\guava\listenablefuture\9999.0-empty-to-avoid-conflict-with-guava\listenablefuture-9999.0-empty-to-avoid-conflict-with-guava.jar;C:\Users\Suwarna_Wagh\.m2\repository\org\checkerframework\checker-qual\3.12.0\checker-qual-3.12.0.jar;C:\Users\Suwarna_Wagh\.m2\repository\com\google\errorprone\error_prone_annotations\2.7.1\error_prone_annotations-2.7.1.jar;C:\Users\Suwarna_Wagh\.m2\repository\com\google\j2objc\j2objc-annotations\1.3\j2objc-annotations-1.3.jar;C:\Users\Suwarna_Wagh\.m2\repository\io\rest-assured\rest-assured\5.3.0\rest-assured-5.3.0.jar;C:\Users\Suwarna_Wagh\.m2\repository\org\apache\groovy\groovy\4.0.6\groovy-4.0.6.jar;C:\Users\Suwarna_Wagh\.m2\repository\org\apache\groovy\groovy-xml\4.0.6\groovy-xml-4.0.6.jar;C:\Users\Suwarna_Wagh\.m2\repository\org\apache\httpcomponents\httpclient\4.5.13\httpclient-4.5.13.jar;C:\Users\Suwarna_Wagh\.m2\repository\org\apache\httpcomponents\httpcore\4.4.13\httpcore-4.4.13.jar;C:\Users\Suwarna_Wagh\.m2\repository\commons-logging\commons-logging\1.2\commons-logging-1.2.jar;C:\Users\Suwarna_Wagh\.m2\repository\commons-codec\commons-codec\1.11\commons-codec-1.11.jar;C:\Users\Suwarna_Wagh\.m2\repository\org\apache\httpcomponents\httpmime\4.5.13\httpmime-4.5.13.jar;C:\Users\Suwarna_Wagh\.m2\repository\org\hamcrest\hamcrest\2.1\hamcrest-2.1.jar;C:\Users\Suwarna_Wagh\.m2\repository\org\ccil\cowan\tagsoup\tagsoup\1.2.1\tagsoup-1.2.1.jar;C:\Users\Suwarna_Wagh\.m2\repository\io\rest-assured\xml-path\5.3.0\xml-path-5.3.0.jar;C:\Users\Suwarna_Wagh\.m2\repository\io\rest-assured\json-path\5.3.0\json-path-5.3.0.jar;C:\Users\Suwarna_Wagh\.m2\repository\org\apache\groovy\groovy-json\4.0.6\groovy-json-4.0.6.jar;C:\Users\Suwarna_Wagh\.m2\repository\io\rest-assured\rest-assured-common\5.3.0\rest-assured-common-5.3.0.jar;C:\Users\Suwarna_Wagh\.m2\repository\io\rest-assured\json-schema-validator\5.3.0\json-schema-validator-5.3.0.jar;C:\Users\Suwarna_Wagh\.m2\repository\com\github\java-json-tools\json-schema-validator\2.2.14\json-schema-validator-2.2.14.jar;C:\Users\Suwarna_Wagh\.m2\repository\com\github\java-json-tools\jackson-coreutils-equivalence\1.0\jackson-coreutils-equivalence-1.0.jar;C:\Users\Suwarna_Wagh\.m2\repository\com\github\java-json-tools\jackson-coreutils\2.0\jackson-coreutils-2.0.jar;C:\Users\Suwarna_Wagh\.m2\repository\com\github\java-json-tools\msg-simple\1.2\msg-simple-1.2.jar;C:\Users\Suwarna_Wagh\.m2\repository\com\github\java-json-tools\btf\1.3\btf-1.3.jar;C:\Users\Suwarna_Wagh\.m2\repository\com\github\java-json-tools\json-schema-core\1.2.14\json-schema-core-1.2.14.jar;C:\Users\Suwarna_Wagh\.m2\repository\com\github\java-json-tools\uri-template\0.10\uri-template-0.10.jar;C:\Users\Suwarna_Wagh\.m2\repository\org\mozilla\rhino\1.7.7.2\rhino-1.7.7.2.jar;C:\Users\Suwarna_Wagh\.m2\repository\com\sun\mail\mailapi\1.6.2\mailapi-1.6.2.jar;C:\Users\Suwarna_Wagh\.m2\repository\com\googlecode\libphonenumber\libphonenumber\8.11.1\libphonenumber-8.11.1.jar;C:\Users\Suwarna_Wagh\.m2\repository\net\sf\jopt-simple\jopt-simple\5.0.4\jopt-simple-5.0.4.jar;C:\Users\Suwarna_Wagh\.m2\repository\com\aventstack\extentreports\3.0.0\extentreports-3.0.0.jar;C:\Users\Suwarna_Wagh\.m2\repository\org\freemarker\freemarker\2.3.23\freemarker-2.3.23.jar;C:\Users\Suwarna_Wagh\.m2\repository\org\mongodb\mongodb-driver\3.3.0\mongodb-driver-3.3.0.jar;C:\Users\Suwarna_Wagh\.m2\repository\org\mongodb\bson\3.3.0\bson-3.3.0.jar;C:\Users\Suwarna_Wagh\.m2\repository\org\mongodb\mongodb-driver-core\3.3.0\mongodb-driver-core-3.3.0.jar;C:\Users\Suwarna_Wagh\.m2\repository\global\AdvancedTraining\1.0-SNAPSHOT\AdvancedTraining-1.0-SNAPSHOT.jar;C:\Users\Suwarna_Wagh\.m2\repository\org\projectlombok\lombok\1.18.26\lombok-1.18.26.jar;C:\Users\Suwarna_Wagh\.m2\repository\org\modelmapper\modelmapper\3.1.1\modelmapper-3.1.1.jar;C:\Users\Suwarna_Wagh\.m2\repository\com\mashape\unirest\unirest-java\1.4.9\unirest-java-1.4.9.jar;C:\Users\Suwarna_Wagh\.m2\repository\org\apache\httpcomponents\httpasyncclient\4.1.1\httpasyncclient-4.1.1.jar;C:\Users\Suwarna_Wagh\.m2\repository\org\apache\httpcomponents\httpcore-nio\4.4.4\httpcore-nio-4.4.4.jar;C:\Users\Suwarna_Wagh\.m2\repository\org\json\json\20160212\json-20160212.jar;C:\Users\Suwarna_Wagh\.m2\repository\org\junit\jupiter\junit-jupiter-engine\5.9.1\junit-jupiter-engine-5.9.1.jar;C:\Users\Suwarna_Wagh\.m2\repository\org\junit\platform\junit-platform-engine\1.9.1\junit-platform-engine-1.9.1.jar;C:\Users\Suwarna_Wagh\.m2\repository\org\junit\vintage\junit-vintage-engine\5.9.1\junit-vintage-engine-5.9.1.jar;C:\Users\Suwarna_Wagh\.m2\repository\org\testng\testng\7.7.1\testng-7.7.1.jar;C:\Users\Suwarna_Wagh\.m2\repository\com\beust\jcommander\1.82\jcommander-1.82.jar;C:\Users\Suwarna_Wagh\.m2\repository\org\webjars\jquery\3.6.1\jquery-3.6.1.jar;C:\Users\Suwarna_Wagh\.m2\repository\io\cucumber\cucumber-java\7.11.1\cucumber-java-7.11.1.jar;C:\Users\Suwarna_Wagh\.m2\repository\io\cucumber\cucumber-junit\7.11.1\cucumber-junit-7.11.1.jar;C:\Users\Suwarna_Wagh\.m2\repository\io\cucumber\cucumber-core\7.11.1\cucumber-core-7.11.1.jar;C:\Users\Suwarna_Wagh\.m2\repository\io\cucumber\cucumber-gherkin-messages\7.11.1\cucumber-gherkin-messages-7.11.1.jar;C:\Users\Suwarna_Wagh\.m2\repository\io\cucumber\gherkin\26.0.3\gherkin-26.0.3.jar;C:\Users\Suwarna_Wagh\.m2\repository\io\cucumber\messages\21.0.1\messages-21.0.1.jar;C:\Users\Suwarna_Wagh\.m2\repository\io\cucumber\tag-expressions\5.0.1\tag-expressions-5.0.1.jar;C:\Users\Suwarna_Wagh\.m2\repository\io\cucumber\cucumber-expressions\16.1.2\cucumber-expressions-16.1.2.jar;C:\Users\Suwarna_Wagh\.m2\repository\io\cucumber\datatable\7.11.1\datatable-7.11.1.jar;C:\Users\Suwarna_Wagh\.m2\repository\io\cucumber\docstring\7.11.1\docstring-7.11.1.jar;C:\Users\Suwarna_Wagh\.m2\repository\io\cucumber\html-formatter\20.2.1\html-formatter-20.2.1.jar;C:\Users\Suwarna_Wagh\.m2\repository\io\cucumber\junit-xml-formatter\0.1.0\junit-xml-formatter-0.1.0.jar;C:\Users\Suwarna_Wagh\.m2\repository\io\cucumber\ci-environment\9.1.0\ci-environment-9.1.0.jar;C:\Users\Suwarna_Wagh\.m2\repository\io\cucumber\cucumber-gherkin\7.11.1\cucumber-gherkin-7.11.1.jar;C:\Users\Suwarna_Wagh\.m2\repository\io\cucumber\cucumber-java8\7.11.1\cucumber-java8-7.11.1.jar;C:\Users\Suwarna_Wagh\.m2\repository\net\jodah\typetools\0.6.3\typetools-0.6.3.jar;C:\Users\Suwarna_Wagh\.m2\repository\io\cucumber\cucumber-jvm-deps\1.0.6\cucumber-jvm-deps-1.0.6.jar;C:\Users\Suwarna_Wagh\.m2\repository\io\cucumber\cucumber-plugin\7.11.1\cucumber-plugin-7.11.1.jar;C:\Users\Suwarna_Wagh\.m2\repository\net\masterthought\cucumber-reporting\5.7.5\cucumber-reporting-5.7.5.jar;C:\Users\Suwarna_Wagh\.m2\repository\com\fasterxml\jackson\core\jackson-databind\2.13.2.2\jackson-databind-2.13.2.2.jar;C:\Users\Suwarna_Wagh\.m2\repository\com\fasterxml\jackson\core\jackson-annotations\2.13.2\jackson-annotations-2.13.2.jar;C:\Users\Suwarna_Wagh\.m2\repository\com\fasterxml\jackson\core\jackson-core\2.13.2\jackson-core-2.13.2.jar;C:\Users\Suwarna_Wagh\.m2\repository\com\fasterxml\jackson\datatype\jackson-datatype-jsr310\2.13.2\jackson-datatype-jsr310-2.13.2.jar;C:\Users\Suwarna_Wagh\.m2\repository\org\apache\velocity\velocity-engine-core\2.3\velocity-engine-core-2.3.jar;C:\Users\Suwarna_Wagh\.m2\repository\org\apache\commons\commons-collections4\4.4\commons-collections4-4.4.jar;C:\Users\Suwarna_Wagh\.m2\repository\joda-time\joda-time\2.12.2\joda-time-2.12.2.jar;C:\Users\Suwarna_Wagh\.m2\repository\commons-io\commons-io\2.7\commons-io-2.7.jar;C:\Users\Suwarna_Wagh\.m2\repository\org\jsoup\jsoup\1.15.4\jsoup-1.15.4.jar;C:\Users\Suwarna_Wagh\.m2\repository\com\googlecode\owasp-java-html-sanitizer\owasp-java-html-sanitizer\20220608.1\owasp-java-html-sanitizer-20220608.1.jar;C:\Users\Suwarna_Wagh\.m2\repository\commons-configuration\commons-configuration\1.10\commons-configuration-1.10.jar;C:\Users\Suwarna_Wagh\.m2\repository\io\cucumber\datatable-matchers\7.11.1\datatable-matchers-7.11.1.jar;"/>
    <property name="java.vm.vendor" value="Oracle Corporation"/>
    <property name="sun.arch.data.model" value="64"/>
    <property name="user.variant" value=""/>
    <property name="java.vendor.url" value="https://java.oracle.com/"/>
    <property name="user.timezone" value="Europe/Warsaw"/>
    <property name="rp.launch.id" value="4def5d01-d40d-402e-a352-dbc1769a05a6"/>
    <property name="os.name" value="Windows 10"/>
    <property name="java.vm.specification.version" value="17"/>
    <property name="sun.java.launcher" value="SUN_STANDARD"/>
    <property name="user.country" value="GB"/>
    <property name="sun.boot.library.path" value="C:\Program Files\Java\jdk-17.0.3.1\bin"/>
    <property name="sun.java.command" value="C:\Users\Suwarna_Wagh\AppData\Local\Temp\surefire12934165760424498288\surefirebooter-20230609122156652_3.jar C:\Users\Suwarna_Wagh\AppData\Local\Temp\surefire12934165760424498288 2023-06-09T12-21-56_565-jvmRun1 surefire-20230609122156652_1tmp surefire_0-20230609122156652_2tmp"/>
    <property name="jdk.debug" value="release"/>
    <property name="surefire.test.class.path" value="C:\AdvancedTraining\AutomationFramework\target\test-classes;C:\AdvancedTraining\AutomationFramework\target\classes;C:\Users\Suwarna_Wagh\.m2\repository\org\mockito\mockito-core\4.1.0\mockito-core-4.1.0.jar;C:\Users\Suwarna_Wagh\.m2\repository\net\bytebuddy\byte-buddy\1.12.1\byte-buddy-1.12.1.jar;C:\Users\Suwarna_Wagh\.m2\repository\net\bytebuddy\byte-buddy-agent\1.12.1\byte-buddy-agent-1.12.1.jar;C:\Users\Suwarna_Wagh\.m2\repository\org\objenesis\objenesis\3.2\objenesis-3.2.jar;C:\Users\Suwarna_Wagh\.m2\repository\org\mockito\mockito-all\1.10.19\mockito-all-1.10.19.jar;C:\Users\Suwarna_Wagh\.m2\repository\junit\junit\4.12\junit-4.12.jar;C:\Users\Suwarna_Wagh\.m2\repository\org\hamcrest\hamcrest-core\1.3\hamcrest-core-1.3.jar;C:\Users\Suwarna_Wagh\.m2\repository\org\junit\jupiter\junit-jupiter-api\5.9.1\junit-jupiter-api-5.9.1.jar;C:\Users\Suwarna_Wagh\.m2\repository\org\opentest4j\opentest4j\1.2.0\opentest4j-1.2.0.jar;C:\Users\Suwarna_Wagh\.m2\repository\org\junit\platform\junit-platform-commons\1.9.1\junit-platform-commons-1.9.1.jar;C:\Users\Suwarna_Wagh\.m2\repository\org\apiguardian\apiguardian-api\1.1.2\apiguardian-api-1.1.2.jar;C:\Users\Suwarna_Wagh\.m2\repository\org\assertj\assertj-core\3.24.2\assertj-core-3.24.2.jar;C:\Users\Suwarna_Wagh\.m2\repository\log4j\log4j\1.2.17\log4j-1.2.17.jar;C:\Users\Suwarna_Wagh\.m2\repository\org\sonarsource\scanner\maven\sonar-maven-plugin\3.9.1.2184\sonar-maven-plugin-3.9.1.2184.jar;C:\Users\Suwarna_Wagh\.m2\repository\org\sonatype\plexus\plexus-sec-dispatcher\1.4\plexus-sec-dispatcher-1.4.jar;C:\Users\Suwarna_Wagh\.m2\repository\org\sonatype\plexus\plexus-cipher\1.4\plexus-cipher-1.4.jar;C:\Users\Suwarna_Wagh\.m2\repository\org\codehaus\plexus\plexus-utils\3.2.1\plexus-utils-3.2.1.jar;C:\Users\Suwarna_Wagh\.m2\repository\org\sonarsource\scanner\api\sonar-scanner-api\2.16.2.588\sonar-scanner-api-2.16.2.588.jar;C:\Users\Suwarna_Wagh\.m2\repository\commons-lang\commons-lang\2.6\commons-lang-2.6.jar;C:\Users\Suwarna_Wagh\.m2\repository\com\epam\reportportal\agent-java-testng\5.1.3\agent-java-testng-5.1.3.jar;C:\Users\Suwarna_Wagh\.m2\repository\com\epam\reportportal\client-java\5.1.11\client-java-5.1.11.jar;C:\Users\Suwarna_Wagh\.m2\repository\io\reactivex\rxjava2\rxjava\2.2.10\rxjava-2.2.10.jar;C:\Users\Suwarna_Wagh\.m2\repository\org\reactivestreams\reactive-streams\1.0.2\reactive-streams-1.0.2.jar;C:\Users\Suwarna_Wagh\.m2\repository\com\squareup\retrofit2\retrofit\2.9.0\retrofit-2.9.0.jar;C:\Users\Suwarna_Wagh\.m2\repository\com\squareup\okhttp3\okhttp\3.14.9\okhttp-3.14.9.jar;C:\Users\Suwarna_Wagh\.m2\repository\com\squareup\okio\okio\1.17.2\okio-1.17.2.jar;C:\Users\Suwarna_Wagh\.m2\repository\org\aspectj\aspectjrt\1.9.2\aspectjrt-1.9.2.jar;C:\Users\Suwarna_Wagh\.m2\repository\com\squareup\retrofit2\converter-scalars\2.9.0\converter-scalars-2.9.0.jar;C:\Users\Suwarna_Wagh\.m2\repository\com\squareup\retrofit2\converter-jackson\2.9.0\converter-jackson-2.9.0.jar;C:\Users\Suwarna_Wagh\.m2\repository\com\squareup\retrofit2\adapter-rxjava2\2.9.0\adapter-rxjava2-2.9.0.jar;C:\Users\Suwarna_Wagh\.m2\repository\com\squareup\okhttp3\logging-interceptor\3.14.9\logging-interceptor-3.14.9.jar;C:\Users\Suwarna_Wagh\.m2\repository\org\aspectj\aspectjweaver\1.9.2\aspectjweaver-1.9.2.jar;C:\Users\Suwarna_Wagh\.m2\repository\com\google\code\findbugs\jsr305\3.0.2\jsr305-3.0.2.jar;C:\Users\Suwarna_Wagh\.m2\repository\com\epam\reportportal\commons-model\5.0.0\commons-model-5.0.0.jar;C:\Users\Suwarna_Wagh\.m2\repository\io\swagger\swagger-annotations\1.5.24\swagger-annotations-1.5.24.jar;C:\Users\Suwarna_Wagh\.m2\repository\javax\validation\validation-api\2.0.1.Final\validation-api-2.0.1.Final.jar;C:\Users\Suwarna_Wagh\.m2\repository\org\slf4j\slf4j-api\1.7.36\slf4j-api-1.7.36.jar;C:\Users\Suwarna_Wagh\.m2\repository\com\epam\reportportal\logger-java-logback\5.1.3\logger-java-logback-5.1.3.jar;C:\Users\Suwarna_Wagh\.m2\repository\ch\qos\logback\logback-classic\1.2.11\logback-classic-1.2.11.jar;C:\Users\Suwarna_Wagh\.m2\repository\ch\qos\logback\logback-core\1.2.11\logback-core-1.2.11.jar;C:\Users\Suwarna_Wagh\.m2\repository\com\epam\reportportal\logger-java-log4j\5.1.5\logger-java-log4j-5.1.5.jar;C:\Users\Suwarna_Wagh\.m2\repository\org\apache\logging\log4j\log4j-core\2.17.2\log4j-core-2.17.2.jar;C:\Users\Suwarna_Wagh\.m2\repository\org\apache\logging\log4j\log4j-api\2.17.2\log4j-api-2.17.2.jar;C:\Users\Suwarna_Wagh\.m2\repository\io\github\bonigarcia\webdrivermanager\5.3.2\webdrivermanager-5.3.2.jar;C:\Users\Suwarna_Wagh\.m2\repository\com\google\code\gson\gson\2.10.1\gson-2.10.1.jar;C:\Users\Suwarna_Wagh\.m2\repository\com\github\docker-java\docker-java\3.2.14\docker-java-3.2.14.jar;C:\Users\Suwarna_Wagh\.m2\repository\com\github\docker-java\docker-java-core\3.2.14\docker-java-core-3.2.14.jar;C:\Users\Suwarna_Wagh\.m2\repository\com\github\docker-java\docker-java-api\3.2.14\docker-java-api-3.2.14.jar;C:\Users\Suwarna_Wagh\.m2\repository\org\apache\commons\commons-compress\1.21\commons-compress-1.21.jar;C:\Users\Suwarna_Wagh\.m2\repository\org\bouncycastle\bcpkix-jdk15on\1.64\bcpkix-jdk15on-1.64.jar;C:\Users\Suwarna_Wagh\.m2\repository\org\bouncycastle\bcprov-jdk15on\1.64\bcprov-jdk15on-1.64.jar;C:\Users\Suwarna_Wagh\.m2\repository\org\slf4j\jcl-over-slf4j\1.7.30\jcl-over-slf4j-1.7.30.jar;C:\Users\Suwarna_Wagh\.m2\repository\com\github\docker-java\docker-java-transport-httpclient5\3.2.14\docker-java-transport-httpclient5-3.2.14.jar;C:\Users\Suwarna_Wagh\.m2\repository\com\github\docker-java\docker-java-transport\3.2.14\docker-java-transport-3.2.14.jar;C:\Users\Suwarna_Wagh\.m2\repository\net\java\dev\jna\jna\5.12.1\jna-5.12.1.jar;C:\Users\Suwarna_Wagh\.m2\repository\org\brotli\dec\0.1.2\dec-0.1.2.jar;C:\Users\Suwarna_Wagh\.m2\repository\org\apache\commons\commons-lang3\3.12.0\commons-lang3-3.12.0.jar;C:\Users\Suwarna_Wagh\.m2\repository\org\apache\httpcomponents\client5\httpclient5\5.2.1\httpclient5-5.2.1.jar;C:\Users\Suwarna_Wagh\.m2\repository\org\apache\httpcomponents\core5\httpcore5\5.2\httpcore5-5.2.jar;C:\Users\Suwarna_Wagh\.m2\repository\org\apache\httpcomponents\core5\httpcore5-h2\5.2\httpcore5-h2-5.2.jar;C:\Users\Suwarna_Wagh\.m2\repository\org\seleniumhq\selenium\selenium-java\4.8.3\selenium-java-4.8.3.jar;C:\Users\Suwarna_Wagh\.m2\repository\org\seleniumhq\selenium\selenium-api\4.8.3\selenium-api-4.8.3.jar;C:\Users\Suwarna_Wagh\.m2\repository\org\seleniumhq\selenium\selenium-chrome-driver\4.8.3\selenium-chrome-driver-4.8.3.jar;C:\Users\Suwarna_Wagh\.m2\repository\com\google\auto\service\auto-service-annotations\1.0.1\auto-service-annotations-1.0.1.jar;C:\Users\Suwarna_Wagh\.m2\repository\com\google\auto\service\auto-service\1.0.1\auto-service-1.0.1.jar;C:\Users\Suwarna_Wagh\.m2\repository\com\google\auto\auto-common\1.2\auto-common-1.2.jar;C:\Users\Suwarna_Wagh\.m2\repository\org\seleniumhq\selenium\selenium-chromium-driver\4.8.3\selenium-chromium-driver-4.8.3.jar;C:\Users\Suwarna_Wagh\.m2\repository\org\seleniumhq\selenium\selenium-json\4.8.3\selenium-json-4.8.3.jar;C:\Users\Suwarna_Wagh\.m2\repository\org\seleniumhq\selenium\selenium-manager\4.8.3\selenium-manager-4.8.3.jar;C:\Users\Suwarna_Wagh\.m2\repository\org\seleniumhq\selenium\selenium-devtools-v109\4.8.3\selenium-devtools-v109-4.8.3.jar;C:\Users\Suwarna_Wagh\.m2\repository\org\seleniumhq\selenium\selenium-devtools-v110\4.8.3\selenium-devtools-v110-4.8.3.jar;C:\Users\Suwarna_Wagh\.m2\repository\org\seleniumhq\selenium\selenium-devtools-v111\4.8.3\selenium-devtools-v111-4.8.3.jar;C:\Users\Suwarna_Wagh\.m2\repository\org\seleniumhq\selenium\selenium-devtools-v85\4.8.3\selenium-devtools-v85-4.8.3.jar;C:\Users\Suwarna_Wagh\.m2\repository\org\seleniumhq\selenium\selenium-edge-driver\4.8.3\selenium-edge-driver-4.8.3.jar;C:\Users\Suwarna_Wagh\.m2\repository\org\seleniumhq\selenium\selenium-firefox-driver\4.8.3\selenium-firefox-driver-4.8.3.jar;C:\Users\Suwarna_Wagh\.m2\repository\org\seleniumhq\selenium\selenium-http\4.8.3\selenium-http-4.8.3.jar;C:\Users\Suwarna_Wagh\.m2\repository\dev\failsafe\failsafe\3.3.1\failsafe-3.3.1.jar;C:\Users\Suwarna_Wagh\.m2\repository\org\seleniumhq\selenium\selenium-ie-driver\4.8.3\selenium-ie-driver-4.8.3.jar;C:\Users\Suwarna_Wagh\.m2\repository\org\seleniumhq\selenium\selenium-remote-driver\4.8.3\selenium-remote-driver-4.8.3.jar;C:\Users\Suwarna_Wagh\.m2\repository\io\netty\netty-buffer\4.1.90.Final\netty-buffer-4.1.90.Final.jar;C:\Users\Suwarna_Wagh\.m2\repository\io\netty\netty-codec-http\4.1.90.Final\netty-codec-http-4.1.90.Final.jar;C:\Users\Suwarna_Wagh\.m2\repository\io\netty\netty-codec\4.1.90.Final\netty-codec-4.1.90.Final.jar;C:\Users\Suwarna_Wagh\.m2\repository\io\netty\netty-handler\4.1.90.Final\netty-handler-4.1.90.Final.jar;C:\Users\Suwarna_Wagh\.m2\repository\io\netty\netty-common\4.1.90.Final\netty-common-4.1.90.Final.jar;C:\Users\Suwarna_Wagh\.m2\repository\io\netty\netty-transport-classes-epoll\4.1.90.Final\netty-transport-classes-epoll-4.1.90.Final.jar;C:\Users\Suwarna_Wagh\.m2\repository\io\netty\netty-transport-classes-kqueue\4.1.90.Final\netty-transport-classes-kqueue-4.1.90.Final.jar;C:\Users\Suwarna_Wagh\.m2\repository\io\netty\netty-transport-native-epoll\4.1.90.Final\netty-transport-native-epoll-4.1.90.Final.jar;C:\Users\Suwarna_Wagh\.m2\repository\io\netty\netty-transport-native-kqueue\4.1.90.Final\netty-transport-native-kqueue-4.1.90.Final.jar;C:\Users\Suwarna_Wagh\.m2\repository\io\netty\netty-transport-native-unix-common\4.1.90.Final\netty-transport-native-unix-common-4.1.90.Final.jar;C:\Users\Suwarna_Wagh\.m2\repository\io\netty\netty-transport\4.1.90.Final\netty-transport-4.1.90.Final.jar;C:\Users\Suwarna_Wagh\.m2\repository\io\netty\netty-resolver\4.1.90.Final\netty-resolver-4.1.90.Final.jar;C:\Users\Suwarna_Wagh\.m2\repository\io\opentelemetry\opentelemetry-api\1.24.0\opentelemetry-api-1.24.0.jar;C:\Users\Suwarna_Wagh\.m2\repository\io\opentelemetry\opentelemetry-context\1.24.0\opentelemetry-context-1.24.0.jar;C:\Users\Suwarna_Wagh\.m2\repository\io\opentelemetry\opentelemetry-exporter-logging\1.24.0\opentelemetry-exporter-logging-1.24.0.jar;C:\Users\Suwarna_Wagh\.m2\repository\io\opentelemetry\opentelemetry-sdk-metrics\1.24.0\opentelemetry-sdk-metrics-1.24.0.jar;C:\Users\Suwarna_Wagh\.m2\repository\io\opentelemetry\opentelemetry-sdk-logs\1.24.0-alpha\opentelemetry-sdk-logs-1.24.0-alpha.jar;C:\Users\Suwarna_Wagh\.m2\repository\io\opentelemetry\opentelemetry-api-logs\1.24.0-alpha\opentelemetry-api-logs-1.24.0-alpha.jar;C:\Users\Suwarna_Wagh\.m2\repository\io\opentelemetry\opentelemetry-api-events\1.24.0-alpha\opentelemetry-api-events-1.24.0-alpha.jar;C:\Users\Suwarna_Wagh\.m2\repository\io\opentelemetry\opentelemetry-sdk-common\1.24.0\opentelemetry-sdk-common-1.24.0.jar;C:\Users\Suwarna_Wagh\.m2\repository\io\opentelemetry\opentelemetry-sdk-extension-autoconfigure-spi\1.24.0\opentelemetry-sdk-extension-autoconfigure-spi-1.24.0.jar;C:\Users\Suwarna_Wagh\.m2\repository\io\opentelemetry\opentelemetry-sdk-extension-autoconfigure\1.24.0-alpha\opentelemetry-sdk-extension-autoconfigure-1.24.0-alpha.jar;C:\Users\Suwarna_Wagh\.m2\repository\io\opentelemetry\opentelemetry-sdk-trace\1.24.0\opentelemetry-sdk-trace-1.24.0.jar;C:\Users\Suwarna_Wagh\.m2\repository\io\opentelemetry\opentelemetry-sdk\1.24.0\opentelemetry-sdk-1.24.0.jar;C:\Users\Suwarna_Wagh\.m2\repository\io\opentelemetry\opentelemetry-semconv\1.24.0-alpha\opentelemetry-semconv-1.24.0-alpha.jar;C:\Users\Suwarna_Wagh\.m2\repository\io\ous\jtoml\2.0.0\jtoml-2.0.0.jar;C:\Users\Suwarna_Wagh\.m2\repository\org\apache\commons\commons-exec\1.3\commons-exec-1.3.jar;C:\Users\Suwarna_Wagh\.m2\repository\org\asynchttpclient\async-http-client\2.12.3\async-http-client-2.12.3.jar;C:\Users\Suwarna_Wagh\.m2\repository\org\asynchttpclient\async-http-client-netty-utils\2.12.3\async-http-client-netty-utils-2.12.3.jar;C:\Users\Suwarna_Wagh\.m2\repository\io\netty\netty-codec-socks\4.1.60.Final\netty-codec-socks-4.1.60.Final.jar;C:\Users\Suwarna_Wagh\.m2\repository\io\netty\netty-handler-proxy\4.1.60.Final\netty-handler-proxy-4.1.60.Final.jar;C:\Users\Suwarna_Wagh\.m2\repository\io\netty\netty-transport-native-epoll\4.1.60.Final\netty-transport-native-epoll-4.1.60.Final-linux-x86_64.jar;C:\Users\Suwarna_Wagh\.m2\repository\io\netty\netty-transport-native-kqueue\4.1.60.Final\netty-transport-native-kqueue-4.1.60.Final-osx-x86_64.jar;C:\Users\Suwarna_Wagh\.m2\repository\com\typesafe\netty\netty-reactive-streams\2.0.4\netty-reactive-streams-2.0.4.jar;C:\Users\Suwarna_Wagh\.m2\repository\com\sun\activation\jakarta.activation\1.2.2\jakarta.activation-1.2.2.jar;C:\Users\Suwarna_Wagh\.m2\repository\org\seleniumhq\selenium\selenium-safari-driver\4.8.3\selenium-safari-driver-4.8.3.jar;C:\Users\Suwarna_Wagh\.m2\repository\org\seleniumhq\selenium\selenium-support\4.8.3\selenium-support-4.8.3.jar;C:\Users\Suwarna_Wagh\.m2\repository\com\google\guava\guava\31.0.1-jre\guava-31.0.1-jre.jar;C:\Users\Suwarna_Wagh\.m2\repository\com\google\guava\failureaccess\1.0.1\failureaccess-1.0.1.jar;C:\Users\Suwarna_Wagh\.m2\repository\com\google\guava\listenablefuture\9999.0-empty-to-avoid-conflict-with-guava\listenablefuture-9999.0-empty-to-avoid-conflict-with-guava.jar;C:\Users\Suwarna_Wagh\.m2\repository\org\checkerframework\checker-qual\3.12.0\checker-qual-3.12.0.jar;C:\Users\Suwarna_Wagh\.m2\repository\com\google\errorprone\error_prone_annotations\2.7.1\error_prone_annotations-2.7.1.jar;C:\Users\Suwarna_Wagh\.m2\repository\com\google\j2objc\j2objc-annotations\1.3\j2objc-annotations-1.3.jar;C:\Users\Suwarna_Wagh\.m2\repository\io\rest-assured\rest-assured\5.3.0\rest-assured-5.3.0.jar;C:\Users\Suwarna_Wagh\.m2\repository\org\apache\groovy\groovy\4.0.6\groovy-4.0.6.jar;C:\Users\Suwarna_Wagh\.m2\repository\org\apache\groovy\groovy-xml\4.0.6\groovy-xml-4.0.6.jar;C:\Users\Suwarna_Wagh\.m2\repository\org\apache\httpcomponents\httpclient\4.5.13\httpclient-4.5.13.jar;C:\Users\Suwarna_Wagh\.m2\repository\org\apache\httpcomponents\httpcore\4.4.13\httpcore-4.4.13.jar;C:\Users\Suwarna_Wagh\.m2\repository\commons-logging\commons-logging\1.2\commons-logging-1.2.jar;C:\Users\Suwarna_Wagh\.m2\repository\commons-codec\commons-codec\1.11\commons-codec-1.11.jar;C:\Users\Suwarna_Wagh\.m2\repository\org\apache\httpcomponents\httpmime\4.5.13\httpmime-4.5.13.jar;C:\Users\Suwarna_Wagh\.m2\repository\org\hamcrest\hamcrest\2.1\hamcrest-2.1.jar;C:\Users\Suwarna_Wagh\.m2\repository\org\ccil\cowan\tagsoup\tagsoup\1.2.1\tagsoup-1.2.1.jar;C:\Users\Suwarna_Wagh\.m2\repository\io\rest-assured\xml-path\5.3.0\xml-path-5.3.0.jar;C:\Users\Suwarna_Wagh\.m2\repository\io\rest-assured\json-path\5.3.0\json-path-5.3.0.jar;C:\Users\Suwarna_Wagh\.m2\repository\org\apache\groovy\groovy-json\4.0.6\groovy-json-4.0.6.jar;C:\Users\Suwarna_Wagh\.m2\repository\io\rest-assured\rest-assured-common\5.3.0\rest-assured-common-5.3.0.jar;C:\Users\Suwarna_Wagh\.m2\repository\io\rest-assured\json-schema-validator\5.3.0\json-schema-validator-5.3.0.jar;C:\Users\Suwarna_Wagh\.m2\repository\com\github\java-json-tools\json-schema-validator\2.2.14\json-schema-validator-2.2.14.jar;C:\Users\Suwarna_Wagh\.m2\repository\com\github\java-json-tools\jackson-coreutils-equivalence\1.0\jackson-coreutils-equivalence-1.0.jar;C:\Users\Suwarna_Wagh\.m2\repository\com\github\java-json-tools\jackson-coreutils\2.0\jackson-coreutils-2.0.jar;C:\Users\Suwarna_Wagh\.m2\repository\com\github\java-json-tools\msg-simple\1.2\msg-simple-1.2.jar;C:\Users\Suwarna_Wagh\.m2\repository\com\github\java-json-tools\btf\1.3\btf-1.3.jar;C:\Users\Suwarna_Wagh\.m2\repository\com\github\java-json-tools\json-schema-core\1.2.14\json-schema-core-1.2.14.jar;C:\Users\Suwarna_Wagh\.m2\repository\com\github\java-json-tools\uri-template\0.10\uri-template-0.10.jar;C:\Users\Suwarna_Wagh\.m2\repository\org\mozilla\rhino\1.7.7.2\rhino-1.7.7.2.jar;C:\Users\Suwarna_Wagh\.m2\repository\com\sun\mail\mailapi\1.6.2\mailapi-1.6.2.jar;C:\Users\Suwarna_Wagh\.m2\repository\com\googlecode\libphonenumber\libphonenumber\8.11.1\libphonenumber-8.11.1.jar;C:\Users\Suwarna_Wagh\.m2\repository\net\sf\jopt-simple\jopt-simple\5.0.4\jopt-simple-5.0.4.jar;C:\Users\Suwarna_Wagh\.m2\repository\com\aventstack\extentreports\3.0.0\extentreports-3.0.0.jar;C:\Users\Suwarna_Wagh\.m2\repository\org\freemarker\freemarker\2.3.23\freemarker-2.3.23.jar;C:\Users\Suwarna_Wagh\.m2\repository\org\mongodb\mongodb-driver\3.3.0\mongodb-driver-3.3.0.jar;C:\Users\Suwarna_Wagh\.m2\repository\org\mongodb\bson\3.3.0\bson-3.3.0.jar;C:\Users\Suwarna_Wagh\.m2\repository\org\mongodb\mongodb-driver-core\3.3.0\mongodb-driver-core-3.3.0.jar;C:\Users\Suwarna_Wagh\.m2\repository\global\AdvancedTraining\1.0-SNAPSHOT\AdvancedTraining-1.0-SNAPSHOT.jar;C:\Users\Suwarna_Wagh\.m2\repository\org\projectlombok\lombok\1.18.26\lombok-1.18.26.jar;C:\Users\Suwarna_Wagh\.m2\repository\org\modelmapper\modelmapper\3.1.1\modelmapper-3.1.1.jar;C:\Users\Suwarna_Wagh\.m2\repository\com\mashape\unirest\unirest-java\1.4.9\unirest-java-1.4.9.jar;C:\Users\Suwarna_Wagh\.m2\repository\org\apache\httpcomponents\httpasyncclient\4.1.1\httpasyncclient-4.1.1.jar;C:\Users\Suwarna_Wagh\.m2\repository\org\apache\httpcomponents\httpcore-nio\4.4.4\httpcore-nio-4.4.4.jar;C:\Users\Suwarna_Wagh\.m2\repository\org\json\json\20160212\json-20160212.jar;C:\Users\Suwarna_Wagh\.m2\repository\org\junit\jupiter\junit-jupiter-engine\5.9.1\junit-jupiter-engine-5.9.1.jar;C:\Users\Suwarna_Wagh\.m2\repository\org\junit\platform\junit-platform-engine\1.9.1\junit-platform-engine-1.9.1.jar;C:\Users\Suwarna_Wagh\.m2\repository\org\junit\vintage\junit-vintage-engine\5.9.1\junit-vintage-engine-5.9.1.jar;C:\Users\Suwarna_Wagh\.m2\repository\org\testng\testng\7.7.1\testng-7.7.1.jar;C:\Users\Suwarna_Wagh\.m2\repository\com\beust\jcommander\1.82\jcommander-1.82.jar;C:\Users\Suwarna_Wagh\.m2\repository\org\webjars\jquery\3.6.1\jquery-3.6.1.jar;C:\Users\Suwarna_Wagh\.m2\repository\io\cucumber\cucumber-java\7.11.1\cucumber-java-7.11.1.jar;C:\Users\Suwarna_Wagh\.m2\repository\io\cucumber\cucumber-junit\7.11.1\cucumber-junit-7.11.1.jar;C:\Users\Suwarna_Wagh\.m2\repository\io\cucumber\cucumber-core\7.11.1\cucumber-core-7.11.1.jar;C:\Users\Suwarna_Wagh\.m2\repository\io\cucumber\cucumber-gherkin-messages\7.11.1\cucumber-gherkin-messages-7.11.1.jar;C:\Users\Suwarna_Wagh\.m2\repository\io\cucumber\gherkin\26.0.3\gherkin-26.0.3.jar;C:\Users\Suwarna_Wagh\.m2\repository\io\cucumber\messages\21.0.1\messages-21.0.1.jar;C:\Users\Suwarna_Wagh\.m2\repository\io\cucumber\tag-expressions\5.0.1\tag-expressions-5.0.1.jar;C:\Users\Suwarna_Wagh\.m2\repository\io\cucumber\cucumber-expressions\16.1.2\cucumber-expressions-16.1.2.jar;C:\Users\Suwarna_Wagh\.m2\repository\io\cucumber\datatable\7.11.1\datatable-7.11.1.jar;C:\Users\Suwarna_Wagh\.m2\repository\io\cucumber\docstring\7.11.1\docstring-7.11.1.jar;C:\Users\Suwarna_Wagh\.m2\repository\io\cucumber\html-formatter\20.2.1\html-formatter-20.2.1.jar;C:\Users\Suwarna_Wagh\.m2\repository\io\cucumber\junit-xml-formatter\0.1.0\junit-xml-formatter-0.1.0.jar;C:\Users\Suwarna_Wagh\.m2\repository\io\cucumber\ci-environment\9.1.0\ci-environment-9.1.0.jar;C:\Users\Suwarna_Wagh\.m2\repository\io\cucumber\cucumber-gherkin\7.11.1\cucumber-gherkin-7.11.1.jar;C:\Users\Suwarna_Wagh\.m2\repository\io\cucumber\cucumber-java8\7.11.1\cucumber-java8-7.11.1.jar;C:\Users\Suwarna_Wagh\.m2\repository\net\jodah\typetools\0.6.3\typetools-0.6.3.jar;C:\Users\Suwarna_Wagh\.m2\repository\io\cucumber\cucumber-jvm-deps\1.0.6\cucumber-jvm-deps-1.0.6.jar;C:\Users\Suwarna_Wagh\.m2\repository\io\cucumber\cucumber-plugin\7.11.1\cucumber-plugin-7.11.1.jar;C:\Users\Suwarna_Wagh\.m2\repository\net\masterthought\cucumber-reporting\5.7.5\cucumber-reporting-5.7.5.jar;C:\Users\Suwarna_Wagh\.m2\repository\com\fasterxml\jackson\core\jackson-databind\2.13.2.2\jackson-databind-2.13.2.2.jar;C:\Users\Suwarna_Wagh\.m2\repository\com\fasterxml\jackson\core\jackson-annotations\2.13.2\jackson-annotations-2.13.2.jar;C:\Users\Suwarna_Wagh\.m2\repository\com\fasterxml\jackson\core\jackson-core\2.13.2\jackson-core-2.13.2.jar;C:\Users\Suwarna_Wagh\.m2\repository\com\fasterxml\jackson\datatype\jackson-datatype-jsr310\2.13.2\jackson-datatype-jsr310-2.13.2.jar;C:\Users\Suwarna_Wagh\.m2\repository\org\apache\velocity\velocity-engine-core\2.3\velocity-engine-core-2.3.jar;C:\Users\Suwarna_Wagh\.m2\repository\org\apache\commons\commons-collections4\4.4\commons-collections4-4.4.jar;C:\Users\Suwarna_Wagh\.m2\repository\joda-time\joda-time\2.12.2\joda-time-2.12.2.jar;C:\Users\Suwarna_Wagh\.m2\repository\commons-io\commons-io\2.7\commons-io-2.7.jar;C:\Users\Suwarna_Wagh\.m2\repository\org\jsoup\jsoup\1.15.4\jsoup-1.15.4.jar;C:\Users\Suwarna_Wagh\.m2\repository\com\googlecode\owasp-java-html-sanitizer\owasp-java-html-sanitizer\20220608.1\owasp-java-html-sanitizer-20220608.1.jar;C:\Users\Suwarna_Wagh\.m2\repository\commons-configuration\commons-configuration\1.10\commons-configuration-1.10.jar;C:\Users\Suwarna_Wagh\.m2\repository\io\cucumber\datatable-matchers\7.11.1\datatable-matchers-7.11.1.jar;"/>
    <property name="sun.cpu.endian" value="little"/>
    <property name="user.home" value="C:\Users\Suwarna_Wagh"/>
    <property name="user.language" value="en"/>
    <property name="java.specification.vendor" value="Oracle Corporation"/>
    <property name="java.version.date" value="2022-04-22"/>
    <property name="java.home" value="C:\Program Files\Java\jdk-17.0.3.1"/>
    <property name="file.separator" value="\"/>
    <property name="basedir" value="C:\AdvancedTraining\AutomationFramework"/>
    <property name="java.vm.compressedOopsMode" value="Zero based"/>
    <property name="line.separator" value="&#10;"/>
    <property name="java.vm.specification.vendor" value="Oracle Corporation"/>
    <property name="java.specification.name" value="Java Platform API Specification"/>
    <property name="surefire.real.class.path" value="C:\Users\Suwarna_Wagh\AppData\Local\Temp\surefire12934165760424498288\surefirebooter-20230609122156652_3.jar"/>
    <property name="user.script" value=""/>
    <property name="sun.management.compiler" value="HotSpot 64-Bit Tiered Compilers"/>
    <property name="java.runtime.version" value="17.0.3.1+2-LTS-6"/>
    <property name="user.name" value="Suwarna_Wagh"/>
    <property name="path.separator" value=";"/>
    <property name="os.version" value="10.0"/>
    <property name="java.runtime.name" value="Java(TM) SE Runtime Environment"/>
    <property name="file.encoding" value="Cp1252"/>
    <property name="java.vm.name" value="Java HotSpot(TM) 64-Bit Server VM"/>
    <property name="localRepository" value="C:\Users\Suwarna_Wagh\.m2\repository"/>
    <property name="java.vendor.url.bug" value="https://bugreport.java.com/bugreport/"/>
    <property name="java.io.tmpdir" value="C:\Users\SUWARN~1\AppData\Local\Temp\"/>
    <property name="java.version" value="17.0.3.1"/>
    <property name="user.dir" value="C:\AdvancedTraining\AutomationFramework"/>
    <property name="os.arch" value="amd64"/>
    <property name="java.vm.specification.name" value="Java Virtual Machine Specification"/>
    <property name="sun.os.patch.level" value=""/>
    <property name="native.encoding" value="Cp1252"/>
    <property name="java.library.path" value="C:\Program Files\Java\jdk-17.0.3.1\bin;C:\windows\Sun\Java\bin;C:\windows\system32;C:\windows;C:\Program Files (x86)\Microsoft SDKs\Azure\CLI2\wbin;C:\Program Files\Common Files\Oracle\Java\javapath;C:\windows\system32;C:\windows;C:\windows\System32\Wbem;C:\windows\System32\WindowsPowerShell\v1.0\;C:\windows\System32\OpenSSH\;C:\Program Files\Java\jdk-17.0.3.1\bin;C:\Program Files\Git\cmd;C:\MyApp\Gradle\gradle-7.4.2\bin;C:\MyApp\Kube;C:\Program Files\Docker\Docker\resources\bin;C:\Program Files\Git\bin;C:\Users\Suwarna_Wagh\AppData\Local\Microsoft\WindowsApps;C:\Program Files\JetBrains\IntelliJ IDEA Community Edition 2022.1.2\bin;;C:\Maven\apache-maven-3.9.1\bin;C:\Program Files\Git\bin;C:\Program Files (x86)\BrowserStackLocal\;."/>
    <property name="java.vm.info" value="mixed mode, sharing"/>
    <property name="java.vendor" value="Oracle Corporation"/>
    <property name="java.vm.version" value="17.0.3.1+2-LTS-6"/>
    <property name="sun.io.unicode.encoding" value="UnicodeLittle"/>
    <property name="java.class.version" value="61.0"/>
  </properties>
  <testcase name="a_getAllSharedDashboardTest_GET" classname="alltests.apitest.DashboardControllerTest" time="1.345">
    <system-out><![CDATA[12:21:57.210 [main] DEBUG org.testng.TestNG - suiteXmlPath: "C:\AdvancedTraining\AutomationFramework\src\test\resources\testng.xml"
12:21:57.351 [main] DEBUG org.testng.TestNG - suiteXmlPath: "C:\AdvancedTraining\AutomationFramework\src\test\resources\testng_ui.xml"
12:21:57.798 [main] WARN com.epam.reportportal.testng.BaseTestNGListener - WARNING! More than one ReportPortal listener is added
WARNING! More than one ReportPortal listener is added
12:21:57.798 [main] WARN org.testng.TestNG - Ignoring duplicate listener : com.epam.reportportal.testng.ReportPortalTestNGListener
12:21:57.799 [main] WARN org.testng.TestNG - Ignoring duplicate listener : com.epam.reportportal.testng.ReportPortalTestNGListener
12:21:57.799 [main] WARN org.testng.TestNG - Ignoring duplicate listener : utils.Listeners
12:21:57.799 [main] WARN org.testng.TestNG - AnnotationTransformer already set
12:21:57.998 [main] INFO com.epam.reportportal.service.Launch - Rerun: false
12:21:58.269 [rp-io-1] DEBUG com.epam.reportportal.service.Launch - ReportPortal launch with ID '4def5d01-d40d-402e-a352-dbc1769a05a6' has been created
12:21:58.269 [rp-io-1] DEBUG com.epam.reportportal.utils.SubscriptionUtils - Launch start successfully completed
2023-06-09 12:21:58 INFO  Listeners:67 - Started Dashboard API Controller Tests
12:21:58.870 [rp-io-4] DEBUG com.epam.reportportal.service.Launch - ReportPortal item with ID '9f86cb1f-ebaf-491a-8141-06495ba47d25' has been created
12:21:58.871 [rp-io-4] DEBUG com.epam.reportportal.utils.SubscriptionUtils - Start test item successfully completed
12:21:58.871 [rp-io-4] DEBUG com.epam.reportportal.service.Launch - Starting test item...rp-io-4
12:21:58.895 [rp-io-8] DEBUG com.epam.reportportal.service.Launch - ReportPortal item with ID '61112210-017f-4ae9-ad2a-37baf08c21d1' has been created
12:21:58.895 [rp-io-8] DEBUG com.epam.reportportal.utils.SubscriptionUtils - Start test item successfully completed
12:21:58.928 [rp-io-9] DEBUG com.epam.reportportal.service.Launch - Starting test item...rp-io-9
2023-06-09 12:21:58 INFO  Listeners:34 - Started Test null
2023-06-09 12:21:58 INFO  DashboardControllerTest:31 - a_getAllSharedDashboardTest_GET
12:21:58.949 [rp-io-11] DEBUG com.epam.reportportal.service.Launch - ReportPortal item with ID '6f0716a7-813b-426a-893b-3072e0aaa706' has been created
12:21:58.950 [rp-io-11] DEBUG com.epam.reportportal.utils.SubscriptionUtils - Start test item successfully completed
Request method:	GET
Request URI:	http://localhost:8080/api/v1/AUTOMATIONTESTINGADVANCEDPROGRAM/dashboard/shared
Proxy:			<none>
Request params:	<none>
Query params:	<none>
Form params:	<none>
Path params:	<none>
Headers:		Authorization=Bearer 8bb82a7d-a573-419e-9cce-c2419f308802
				Accept=*/*
				Content-Type=application/json
Cookies:		<none>
Multiparts:		<none>
Body:			<none>
12:22:00.125 [main] DEBUG org.apache.http.impl.conn.BasicClientConnectionManager - Get connection for route {}->http://localhost:8080
12:22:00.133 [main] DEBUG org.apache.http.impl.conn.DefaultClientConnectionOperator - Connecting to localhost:8080
12:22:00.148 [main] DEBUG org.apache.http.client.protocol.RequestAddCookies - CookieSpec selected: ignoreCookies
12:22:00.149 [main] DEBUG org.apache.http.client.protocol.RequestAuthCache - Auth cache not set in the context
12:22:00.149 [main] DEBUG org.apache.http.client.protocol.RequestProxyAuthentication - Proxy auth state: UNCHALLENGED
12:22:00.149 [main] DEBUG org.apache.http.impl.client.DefaultHttpClient - Attempt 1 to execute request
12:22:00.149 [main] DEBUG org.apache.http.impl.conn.DefaultClientConnection - Sending request: GET /api/v1/AUTOMATIONTESTINGADVANCEDPROGRAM/dashboard/shared HTTP/1.1
12:22:00.150 [main] DEBUG org.apache.http.wire -  >> "GET /api/v1/AUTOMATIONTESTINGADVANCEDPROGRAM/dashboard/shared HTTP/1.1[\r][\n]"
12:22:00.150 [main] DEBUG org.apache.http.wire -  >> "Content-Type: application/json[\r][\n]"
12:22:00.150 [main] DEBUG org.apache.http.wire -  >> "Authorization: Bearer 8bb82a7d-a573-419e-9cce-c2419f308802[\r][\n]"
12:22:00.150 [main] DEBUG org.apache.http.wire -  >> "Accept: */*[\r][\n]"
12:22:00.150 [main] DEBUG org.apache.http.wire -  >> "Host: localhost:8080[\r][\n]"
12:22:00.150 [main] DEBUG org.apache.http.wire -  >> "Connection: Keep-Alive[\r][\n]"
12:22:00.151 [main] DEBUG org.apache.http.wire -  >> "User-Agent: Apache-HttpClient/4.5.13 (Java/17.0.3.1)[\r][\n]"
12:22:00.151 [main] DEBUG org.apache.http.wire -  >> "Accept-Encoding: gzip,deflate[\r][\n]"
12:22:00.151 [main] DEBUG org.apache.http.wire -  >> "[\r][\n]"
12:22:00.151 [main] DEBUG org.apache.http.headers - >> GET /api/v1/AUTOMATIONTESTINGADVANCEDPROGRAM/dashboard/shared HTTP/1.1
12:22:00.151 [main] DEBUG org.apache.http.headers - >> Content-Type: application/json
12:22:00.151 [main] DEBUG org.apache.http.headers - >> Authorization: Bearer 8bb82a7d-a573-419e-9cce-c2419f308802
12:22:00.151 [main] DEBUG org.apache.http.headers - >> Accept: */*
12:22:00.151 [main] DEBUG org.apache.http.headers - >> Host: localhost:8080
12:22:00.151 [main] DEBUG org.apache.http.headers - >> Connection: Keep-Alive
12:22:00.151 [main] DEBUG org.apache.http.headers - >> User-Agent: Apache-HttpClient/4.5.13 (Java/17.0.3.1)
12:22:00.151 [main] DEBUG org.apache.http.headers - >> Accept-Encoding: gzip,deflate
12:22:00.164 [main] DEBUG org.apache.http.wire -  << "HTTP/1.1 200 OK[\r][\n]"
12:22:00.165 [main] DEBUG org.apache.http.wire -  << "Cache-Control: no-cache, no-store, max-age=0, must-revalidate[\r][\n]"
12:22:00.166 [main] DEBUG org.apache.http.wire -  << "Content-Type: application/json[\r][\n]"
12:22:00.166 [main] DEBUG org.apache.http.wire -  << "Date: Fri, 09 Jun 2023 10:22:00 GMT[\r][\n]"
12:22:00.166 [main] DEBUG org.apache.http.wire -  << "Expires: 0[\r][\n]"
12:22:00.166 [main] DEBUG org.apache.http.wire -  << "Pragma: no-cache[\r][\n]"
12:22:00.166 [main] DEBUG org.apache.http.wire -  << "X-Content-Type-Options: nosniff[\r][\n]"
12:22:00.166 [main] DEBUG org.apache.http.wire -  << "X-Frame-Options: DENY[\r][\n]"
12:22:00.166 [main] DEBUG org.apache.http.wire -  << "X-Xss-Protection: 1; mode=block[\r][\n]"
12:22:00.166 [main] DEBUG org.apache.http.wire -  << "Content-Length: 165[\r][\n]"
12:22:00.166 [main] DEBUG org.apache.http.wire -  << "[\r][\n]"
12:22:00.166 [main] DEBUG org.apache.http.impl.conn.DefaultClientConnection - Receiving response: HTTP/1.1 200 OK
12:22:00.166 [main] DEBUG org.apache.http.headers - << HTTP/1.1 200 OK
12:22:00.166 [main] DEBUG org.apache.http.headers - << Cache-Control: no-cache, no-store, max-age=0, must-revalidate
12:22:00.167 [main] DEBUG org.apache.http.headers - << Content-Type: application/json
12:22:00.167 [main] DEBUG org.apache.http.headers - << Date: Fri, 09 Jun 2023 10:22:00 GMT
12:22:00.167 [main] DEBUG org.apache.http.headers - << Expires: 0
12:22:00.167 [main] DEBUG org.apache.http.headers - << Pragma: no-cache
12:22:00.167 [main] DEBUG org.apache.http.headers - << X-Content-Type-Options: nosniff
12:22:00.167 [main] DEBUG org.apache.http.headers - << X-Frame-Options: DENY
12:22:00.167 [main] DEBUG org.apache.http.headers - << X-Xss-Protection: 1; mode=block
12:22:00.167 [main] DEBUG org.apache.http.headers - << Content-Length: 165
12:22:00.169 [main] DEBUG org.apache.http.impl.client.DefaultHttpClient - Connection can be kept alive indefinitely
12:22:00.173 [main] DEBUG io.restassured.internal.RestAssuredHttpBuilder - Parsing response as: application/json
12:22:00.173 [main] DEBUG io.restassured.internal.RestAssuredHttpBuilder - Parsed data to instance of: class org.apache.http.conn.EofSensorInputStream
12:22:00.204 [main] DEBUG org.apache.http.wire -  << "{"content":[{"id":"67","name":"DEMO DASHBOARD","owner":"superadmin","description":"Testing purpose"}],"page":{"number":1,"size":20,"totalElements":1,"totalPages":1}}"
12:22:00.205 [main] DEBUG org.apache.http.impl.conn.BasicClientConnectionManager - Releasing connection org.apache.http.impl.conn.ManagedClientConnectionImpl@73a6cc79
12:22:00.205 [main] DEBUG org.apache.http.impl.conn.BasicClientConnectionManager - Connection can be kept alive indefinitely
HTTP/1.1 200 OK
Cache-Control: no-cache, no-store, max-age=0, must-revalidate
Content-Type: application/json
Date: Fri, 09 Jun 2023 10:22:00 GMT
Expires: 0
Pragma: no-cache
X-Content-Type-Options: nosniff
X-Frame-Options: DENY
X-Xss-Protection: 1; mode=block
Content-Length: 165

{
    "content": [
        {
            "id": "67",
            "name": "DEMO DASHBOARD",
            "owner": "superadmin",
            "description": "Testing purpose"
        }
    ],
    "page": {
        "number": 1,
        "size": 20,
        "totalElements": 1,
        "totalPages": 1
    }
}
2023-06-09 12:22:00 INFO  Listeners:38 - Succeeded Test null
]]></system-out>
  </testcase>
  <testcase name="b_getAllDashboardListTest_GET" classname="alltests.apitest.DashboardControllerTest" time="0.099">
    <system-out><![CDATA[12:22:00.254 [rp-io-14] DEBUG com.epam.reportportal.service.Launch - Starting test item...rp-io-14
2023-06-09 12:22:00 INFO  Listeners:34 - Started Test null
2023-06-09 12:22:00 INFO  DashboardControllerTest:38 - b_getAllDashboardListTest_GET
Request method:	GET
Request URI:	http://localhost:8080/api/v1/AUTOMATIONTESTINGADVANCEDPROGRAM/dashboard
Proxy:			<none>
Request params:	<none>
Query params:	<none>
Form params:	<none>
Path params:	<none>
Headers:		Authorization=Bearer 8bb82a7d-a573-419e-9cce-c2419f308802
				Accept=*/*
				Content-Type=application/json
Cookies:		<none>
Multiparts:		<none>
Body:			<none>
12:22:00.281 [rp-io-16] DEBUG com.epam.reportportal.service.Launch - ReportPortal item with ID '92fe853b-a988-4959-8837-0346c565887c' has been created
12:22:00.281 [rp-io-17] DEBUG com.epam.reportportal.service.Launch - TestItem with ID = '6f0716a7-813b-426a-893b-3072e0aaa706' successfully finished.
12:22:00.281 [rp-io-16] DEBUG com.epam.reportportal.utils.SubscriptionUtils - Start test item successfully completed
12:22:00.282 [rp-io-17] DEBUG com.epam.reportportal.utils.SubscriptionUtils - Finish test item completed
12:22:00.282 [main] DEBUG org.apache.http.impl.conn.BasicClientConnectionManager - Get connection for route {}->http://localhost:8080
12:22:00.282 [main] DEBUG org.apache.http.impl.conn.DefaultClientConnectionOperator - Connecting to localhost:8080
12:22:00.283 [main] DEBUG org.apache.http.client.protocol.RequestAddCookies - CookieSpec selected: ignoreCookies
12:22:00.283 [main] DEBUG org.apache.http.client.protocol.RequestAuthCache - Auth cache not set in the context
12:22:00.283 [main] DEBUG org.apache.http.client.protocol.RequestProxyAuthentication - Proxy auth state: UNCHALLENGED
12:22:00.284 [main] DEBUG org.apache.http.impl.client.DefaultHttpClient - Attempt 1 to execute request
12:22:00.284 [main] DEBUG org.apache.http.impl.conn.DefaultClientConnection - Sending request: GET /api/v1/AUTOMATIONTESTINGADVANCEDPROGRAM/dashboard HTTP/1.1
12:22:00.284 [main] DEBUG org.apache.http.wire -  >> "GET /api/v1/AUTOMATIONTESTINGADVANCEDPROGRAM/dashboard HTTP/1.1[\r][\n]"
12:22:00.284 [main] DEBUG org.apache.http.wire -  >> "Content-Type: application/json[\r][\n]"
12:22:00.284 [main] DEBUG org.apache.http.wire -  >> "Authorization: Bearer 8bb82a7d-a573-419e-9cce-c2419f308802[\r][\n]"
12:22:00.284 [main] DEBUG org.apache.http.wire -  >> "Accept: */*[\r][\n]"
12:22:00.284 [main] DEBUG org.apache.http.wire -  >> "Host: localhost:8080[\r][\n]"
12:22:00.284 [main] DEBUG org.apache.http.wire -  >> "Connection: Keep-Alive[\r][\n]"
12:22:00.284 [main] DEBUG org.apache.http.wire -  >> "User-Agent: Apache-HttpClient/4.5.13 (Java/17.0.3.1)[\r][\n]"
12:22:00.284 [main] DEBUG org.apache.http.wire -  >> "Accept-Encoding: gzip,deflate[\r][\n]"
12:22:00.284 [main] DEBUG org.apache.http.wire -  >> "[\r][\n]"
12:22:00.284 [main] DEBUG org.apache.http.headers - >> GET /api/v1/AUTOMATIONTESTINGADVANCEDPROGRAM/dashboard HTTP/1.1
12:22:00.284 [main] DEBUG org.apache.http.headers - >> Content-Type: application/json
12:22:00.284 [main] DEBUG org.apache.http.headers - >> Authorization: Bearer 8bb82a7d-a573-419e-9cce-c2419f308802
12:22:00.285 [main] DEBUG org.apache.http.headers - >> Accept: */*
12:22:00.285 [main] DEBUG org.apache.http.headers - >> Host: localhost:8080
12:22:00.285 [main] DEBUG org.apache.http.headers - >> Connection: Keep-Alive
12:22:00.285 [main] DEBUG org.apache.http.headers - >> User-Agent: Apache-HttpClient/4.5.13 (Java/17.0.3.1)
12:22:00.285 [main] DEBUG org.apache.http.headers - >> Accept-Encoding: gzip,deflate
12:22:00.305 [main] DEBUG org.apache.http.wire -  << "HTTP/1.1 200 OK[\r][\n]"
12:22:00.305 [main] DEBUG org.apache.http.wire -  << "Cache-Control: no-cache, no-store, max-age=0, must-revalidate[\r][\n]"
12:22:00.305 [main] DEBUG org.apache.http.wire -  << "Content-Type: application/json[\r][\n]"
12:22:00.305 [main] DEBUG org.apache.http.wire -  << "Date: Fri, 09 Jun 2023 10:22:00 GMT[\r][\n]"
12:22:00.305 [main] DEBUG org.apache.http.wire -  << "Expires: 0[\r][\n]"
12:22:00.305 [main] DEBUG org.apache.http.wire -  << "Pragma: no-cache[\r][\n]"
12:22:00.305 [main] DEBUG org.apache.http.wire -  << "X-Content-Type-Options: nosniff[\r][\n]"
12:22:00.305 [main] DEBUG org.apache.http.wire -  << "X-Frame-Options: DENY[\r][\n]"
12:22:00.305 [main] DEBUG org.apache.http.wire -  << "X-Xss-Protection: 1; mode=block[\r][\n]"
12:22:00.305 [main] DEBUG org.apache.http.wire -  << "Transfer-Encoding: chunked[\r][\n]"
12:22:00.305 [main] DEBUG org.apache.http.wire -  << "[\r][\n]"
12:22:00.305 [main] DEBUG org.apache.http.impl.conn.DefaultClientConnection - Receiving response: HTTP/1.1 200 OK
12:22:00.305 [main] DEBUG org.apache.http.headers - << HTTP/1.1 200 OK
12:22:00.305 [main] DEBUG org.apache.http.headers - << Cache-Control: no-cache, no-store, max-age=0, must-revalidate
12:22:00.306 [main] DEBUG org.apache.http.headers - << Content-Type: application/json
12:22:00.306 [main] DEBUG org.apache.http.headers - << Date: Fri, 09 Jun 2023 10:22:00 GMT
12:22:00.306 [main] DEBUG org.apache.http.headers - << Expires: 0
12:22:00.306 [main] DEBUG org.apache.http.headers - << Pragma: no-cache
12:22:00.306 [main] DEBUG org.apache.http.headers - << X-Content-Type-Options: nosniff
12:22:00.306 [main] DEBUG org.apache.http.headers - << X-Frame-Options: DENY
12:22:00.306 [main] DEBUG org.apache.http.headers - << X-Xss-Protection: 1; mode=block
12:22:00.306 [main] DEBUG org.apache.http.headers - << Transfer-Encoding: chunked
12:22:00.308 [main] DEBUG org.apache.http.impl.client.DefaultHttpClient - Connection can be kept alive indefinitely
12:22:00.308 [main] DEBUG io.restassured.internal.RestAssuredHttpBuilder - Parsing response as: application/json
12:22:00.308 [main] DEBUG io.restassured.internal.RestAssuredHttpBuilder - Parsed data to instance of: class org.apache.http.conn.EofSensorInputStream
12:22:00.309 [main] DEBUG org.apache.http.wire -  << "b7e[\r][\n]"
12:22:00.310 [main] DEBUG org.apache.http.wire -  << "{"content":[{"description":"Testing purpose","owner":"superadmin","share":true,"id":67,"name":"DEMO DASHBOARD","widgets":[{"widgetName":"LAUNCH STATISTICS AREA","widgetId":55,"widgetType":"statisticTrend","widgetSize":{"width":8,"height":12},"widgetPosition":{"positionX":0,"positionY":0},"share":true,"widgetOptions":{"zoom":false,"timeline":"launch","viewMode":"area-spline"}},{"widgetName":"LAUNCH STATISTICS BAR","widgetId":56,"widgetType":"statisticTrend","widgetSize":{"width":6,"height":5},"widgetPosition":{"positionX":6,"positionY":12},"share":true,"widgetOptions":{"zoom":false,"timeline":"launch","viewMode":"bar"}},{"widgetName":"INVESTIGATED PERCENTAGE OF LAUNCHES","widgetId":57,"widgetType":"investigatedTrend","widgetSize":{"width":7,"height":5},"widgetPosition":{"positionX":0,"positionY":17},"share":true,"widgetOptions":{"timeline":"launch"}},{"widgetName":"TEST CASES GROWTH TREND CHART","widgetId":58,"widgetType":"casesTrend","widgetSize":{"width":5,"height":5},"widgetPosition":{"positionX":7,"positionY":17},"share":true,"widgetOptions":{}},{"widgetName":"OVERALL STATISTICS PANEL","widgetId":59,"widgetType":"overallStatistics","widgetSize":{"width":5,"height":5},"widgetPosition":{"positionX":0,"positionY":22},"share":true,"widgetOptions":{"latest":false,"viewMode":"panel"}},{"widgetName":"LAUNCHES DURATION CHART","widgetId":60,"widgetType":"launchesDurationChart","widgetSize":{"width":7,"height":5},"widgetPosition":{"positionX":5,"positionY":22},"share":true,"widgetOptions":{"latest":false}},{"widgetName":"OVERALL STATISTICS DONUT","widgetId":61,"widgetType":"overallStatistics","widgetSize":{"width":6,"height":5},"widgetPosition":{"positionX":0,"positionY":27},"share":true,"widgetOptions":{"latest":false,"viewMode":"donut"}},{"widgetName":"FAILED CASES TREND CHART","widgetId":62,"widgetType":"bugTrend","widgetSize":{"width":6,"height":5},"widgetPosition":{"positionX":6,"positionY":27},"share":true,"widgetOptions":{}},{"widgetName":"LAUNCH TABLE","widgetId":63,"widgetType":"launchesTable","widgetSize":{"width":12,"height":4},"widgetPosition":{"positionX":0,"positionY":32},"share":true,"widgetOptions":{}},{"widgetName":"MOST FAILED TEST CASES","widgetId":64,"widgetType":"topTestCases","widgetSize":{"width":7,"height":5},"widgetPosition":{"positionX":0,"positionY":36},"share":true,"widgetOptions":{"includeMethods":false,"launchNameFilter":"Demo Api Tests"}},{"widgetName":"PASSING RATE SUMMARY","widgetId":65,"widgetType":"passingRateSummary","widgetSize":{"width":5,"height":5},"widgetPosition":{"positionX":7,"positionY":36},"share":true,"widgetOptions":{"viewMode":"pie"}},{"widgetName":"FLAKY TEST CASES","widgetId":66,"widgetType":"flakyTestCases","widgetSize":{"width":12,"height":4},"widgetPosition":{"positionX":0,"positionY":41},"share":true,"widgetOptions":{"includeMethods":false,"launchNameFilter":"Demo Api Tests"}}]}],"page":{"number":1,"size":20,"totalElements":1,"totalPages":1}}"
12:22:00.310 [main] DEBUG org.apache.http.wire -  << "[\r][\n]"
12:22:00.310 [main] DEBUG org.apache.http.wire -  << "0[\r][\n]"
12:22:00.310 [main] DEBUG org.apache.http.wire -  << "[\r][\n]"
12:22:00.310 [main] DEBUG org.apache.http.impl.conn.BasicClientConnectionManager - Releasing connection org.apache.http.impl.conn.ManagedClientConnectionImpl@7d37ee0c
12:22:00.310 [main] DEBUG org.apache.http.impl.conn.BasicClientConnectionManager - Connection can be kept alive indefinitely
HTTP/1.1 200 OK
Cache-Control: no-cache, no-store, max-age=0, must-revalidate
Content-Type: application/json
Date: Fri, 09 Jun 2023 10:22:00 GMT
Expires: 0
Pragma: no-cache
X-Content-Type-Options: nosniff
X-Frame-Options: DENY
X-Xss-Protection: 1; mode=block
Transfer-Encoding: chunked

{
    "content": [
        {
            "description": "Testing purpose",
            "owner": "superadmin",
            "share": true,
            "id": 67,
            "name": "DEMO DASHBOARD",
            "widgets": [
                {
                    "widgetName": "LAUNCH STATISTICS AREA",
                    "widgetId": 55,
                    "widgetType": "statisticTrend",
                    "widgetSize": {
                        "width": 8,
                        "height": 12
                    },
                    "widgetPosition": {
                        "positionX": 0,
                        "positionY": 0
                    },
                    "share": true,
                    "widgetOptions": {
                        "zoom": false,
                        "timeline": "launch",
                        "viewMode": "area-spline"
                    }
                },
                {
                    "widgetName": "LAUNCH STATISTICS BAR",
                    "widgetId": 56,
                    "widgetType": "statisticTrend",
                    "widgetSize": {
                        "width": 6,
                        "height": 5
                    },
                    "widgetPosition": {
                        "positionX": 6,
                        "positionY": 12
                    },
                    "share": true,
                    "widgetOptions": {
                        "zoom": false,
                        "timeline": "launch",
                        "viewMode": "bar"
                    }
                },
                {
                    "widgetName": "INVESTIGATED PERCENTAGE OF LAUNCHES",
                    "widgetId": 57,
                    "widgetType": "investigatedTrend",
                    "widgetSize": {
                        "width": 7,
                        "height": 5
                    },
                    "widgetPosition": {
                        "positionX": 0,
                        "positionY": 17
                    },
                    "share": true,
                    "widgetOptions": {
                        "timeline": "launch"
                    }
                },
                {
                    "widgetName": "TEST CASES GROWTH TREND CHART",
                    "widgetId": 58,
                    "widgetType": "casesTrend",
                    "widgetSize": {
                        "width": 5,
                        "height": 5
                    },
                    "widgetPosition": {
                        "positionX": 7,
                        "positionY": 17
                    },
                    "share": true,
                    "widgetOptions": {
                        
                    }
                },
                {
                    "widgetName": "OVERALL STATISTICS PANEL",
                    "widgetId": 59,
                    "widgetType": "overallStatistics",
                    "widgetSize": {
                        "width": 5,
                        "height": 5
                    },
                    "widgetPosition": {
                        "positionX": 0,
                        "positionY": 22
                    },
                    "share": true,
                    "widgetOptions": {
                        "latest": false,
                        "viewMode": "panel"
                    }
                },
                {
                    "widgetName": "LAUNCHES DURATION CHART",
                    "widgetId": 60,
                    "widgetType": "launchesDurationChart",
                    "widgetSize": {
                        "width": 7,
                        "height": 5
                    },
                    "widgetPosition": {
                        "positionX": 5,
                        "positionY": 22
                    },
                    "share": true,
                    "widgetOptions": {
                        "latest": false
                    }
                },
                {
                    "widgetName": "OVERALL STATISTICS DONUT",
                    "widgetId": 61,
                    "widgetType": "overallStatistics",
                    "widgetSize": {
                        "width": 6,
                        "height": 5
                    },
                    "widgetPosition": {
                        "positionX": 0,
                        "positionY": 27
                    },
                    "share": true,
                    "widgetOptions": {
                        "latest": false,
                        "viewMode": "donut"
                    }
                },
                {
                    "widgetName": "FAILED CASES TREND CHART",
                    "widgetId": 62,
                    "widgetType": "bugTrend",
                    "widgetSize": {
                        "width": 6,
                        "height": 5
                    },
                    "widgetPosition": {
                        "positionX": 6,
                        "positionY": 27
                    },
                    "share": true,
                    "widgetOptions": {
                        
                    }
                },
                {
                    "widgetName": "LAUNCH TABLE",
                    "widgetId": 63,
                    "widgetType": "launchesTable",
                    "widgetSize": {
                        "width": 12,
                        "height": 4
                    },
                    "widgetPosition": {
                        "positionX": 0,
                        "positionY": 32
                    },
                    "share": true,
                    "widgetOptions": {
                        
                    }
                },
                {
                    "widgetName": "MOST FAILED TEST CASES",
                    "widgetId": 64,
                    "widgetType": "topTestCases",
                    "widgetSize": {
                        "width": 7,
                        "height": 5
                    },
                    "widgetPosition": {
                        "positionX": 0,
                        "positionY": 36
                    },
                    "share": true,
                    "widgetOptions": {
                        "includeMethods": false,
                        "launchNameFilter": "Demo Api Tests"
                    }
                },
                {
                    "widgetName": "PASSING RATE SUMMARY",
                    "widgetId": 65,
                    "widgetType": "passingRateSummary",
                    "widgetSize": {
                        "width": 5,
                        "height": 5
                    },
                    "widgetPosition": {
                        "positionX": 7,
                        "positionY": 36
                    },
                    "share": true,
                    "widgetOptions": {
                        "viewMode": "pie"
                    }
                },
                {
                    "widgetName": "FLAKY TEST CASES",
                    "widgetId": 66,
                    "widgetType": "flakyTestCases",
                    "widgetSize": {
                        "width": 12,
                        "height": 4
                    },
                    "widgetPosition": {
                        "positionX": 0,
                        "positionY": 41
                    },
                    "share": true,
                    "widgetOptions": {
                        "includeMethods": false,
                        "launchNameFilter": "Demo Api Tests"
                    }
                }
            ]
        }
    ],
    "page": {
        "number": 1,
        "size": 20,
        "totalElements": 1,
        "totalPages": 1
    }
}
2023-06-09 12:22:00 INFO  Listeners:38 - Succeeded Test null
]]></system-out>
  </testcase>
  <testcase name="c_getDashboardByIdTest_GET" classname="alltests.apitest.DashboardControllerTest" time="0.108">
    <system-out><![CDATA[12:22:00.323 [rp-io-21] DEBUG com.epam.reportportal.service.Launch - Starting test item...rp-io-21
2023-06-09 12:22:00 INFO  Listeners:34 - Started Test null
2023-06-09 12:22:00 INFO  DashboardControllerTest:45 - c_getDashboardByIdTest_GET
12:22:00.344 [rp-io-20] DEBUG com.epam.reportportal.service.Launch - TestItem with ID = '92fe853b-a988-4959-8837-0346c565887c' successfully finished.
12:22:00.344 [rp-io-20] DEBUG com.epam.reportportal.utils.SubscriptionUtils - Finish test item completed
12:22:00.353 [rp-io-23] DEBUG com.epam.reportportal.service.Launch - ReportPortal item with ID '8901ad7f-70de-4d09-8568-524928d06f5e' has been created
12:22:00.353 [rp-io-23] DEBUG com.epam.reportportal.utils.SubscriptionUtils - Start test item successfully completed
Request method:	GET
Request URI:	http://localhost:8080/api/v1/AUTOMATIONTESTINGADVANCEDPROGRAM/dashboard/67
Proxy:			<none>
Request params:	<none>
Query params:	<none>
Form params:	<none>
Path params:	id=67
Headers:		Authorization=Bearer 8bb82a7d-a573-419e-9cce-c2419f308802
				Accept=*/*
				Content-Type=application/json
Cookies:		<none>
Multiparts:		<none>
Body:			<none>
12:22:00.387 [main] DEBUG org.apache.http.impl.conn.BasicClientConnectionManager - Get connection for route {}->http://localhost:8080
12:22:00.388 [main] DEBUG org.apache.http.impl.conn.DefaultClientConnectionOperator - Connecting to localhost:8080
12:22:00.390 [main] DEBUG org.apache.http.client.protocol.RequestAddCookies - CookieSpec selected: ignoreCookies
12:22:00.391 [main] DEBUG org.apache.http.client.protocol.RequestAuthCache - Auth cache not set in the context
12:22:00.391 [main] DEBUG org.apache.http.client.protocol.RequestProxyAuthentication - Proxy auth state: UNCHALLENGED
12:22:00.392 [main] DEBUG org.apache.http.impl.client.DefaultHttpClient - Attempt 1 to execute request
12:22:00.392 [main] DEBUG org.apache.http.impl.conn.DefaultClientConnection - Sending request: GET /api/v1/AUTOMATIONTESTINGADVANCEDPROGRAM/dashboard/67 HTTP/1.1
12:22:00.392 [main] DEBUG org.apache.http.wire -  >> "GET /api/v1/AUTOMATIONTESTINGADVANCEDPROGRAM/dashboard/67 HTTP/1.1[\r][\n]"
12:22:00.392 [main] DEBUG org.apache.http.wire -  >> "Content-Type: application/json[\r][\n]"
12:22:00.392 [main] DEBUG org.apache.http.wire -  >> "Authorization: Bearer 8bb82a7d-a573-419e-9cce-c2419f308802[\r][\n]"
12:22:00.392 [main] DEBUG org.apache.http.wire -  >> "Accept: */*[\r][\n]"
12:22:00.392 [main] DEBUG org.apache.http.wire -  >> "Host: localhost:8080[\r][\n]"
12:22:00.392 [main] DEBUG org.apache.http.wire -  >> "Connection: Keep-Alive[\r][\n]"
12:22:00.392 [main] DEBUG org.apache.http.wire -  >> "User-Agent: Apache-HttpClient/4.5.13 (Java/17.0.3.1)[\r][\n]"
12:22:00.393 [main] DEBUG org.apache.http.wire -  >> "Accept-Encoding: gzip,deflate[\r][\n]"
12:22:00.393 [main] DEBUG org.apache.http.wire -  >> "[\r][\n]"
12:22:00.393 [main] DEBUG org.apache.http.headers - >> GET /api/v1/AUTOMATIONTESTINGADVANCEDPROGRAM/dashboard/67 HTTP/1.1
12:22:00.393 [main] DEBUG org.apache.http.headers - >> Content-Type: application/json
12:22:00.393 [main] DEBUG org.apache.http.headers - >> Authorization: Bearer 8bb82a7d-a573-419e-9cce-c2419f308802
12:22:00.393 [main] DEBUG org.apache.http.headers - >> Accept: */*
12:22:00.393 [main] DEBUG org.apache.http.headers - >> Host: localhost:8080
12:22:00.393 [main] DEBUG org.apache.http.headers - >> Connection: Keep-Alive
12:22:00.393 [main] DEBUG org.apache.http.headers - >> User-Agent: Apache-HttpClient/4.5.13 (Java/17.0.3.1)
12:22:00.393 [main] DEBUG org.apache.http.headers - >> Accept-Encoding: gzip,deflate
12:22:00.417 [main] DEBUG org.apache.http.wire -  << "HTTP/1.1 200 OK[\r][\n]"
12:22:00.417 [main] DEBUG org.apache.http.wire -  << "Cache-Control: no-cache, no-store, max-age=0, must-revalidate[\r][\n]"
12:22:00.417 [main] DEBUG org.apache.http.wire -  << "Content-Type: application/json[\r][\n]"
12:22:00.417 [main] DEBUG org.apache.http.wire -  << "Date: Fri, 09 Jun 2023 10:22:00 GMT[\r][\n]"
12:22:00.417 [main] DEBUG org.apache.http.wire -  << "Expires: 0[\r][\n]"
12:22:00.417 [main] DEBUG org.apache.http.wire -  << "Pragma: no-cache[\r][\n]"
12:22:00.417 [main] DEBUG org.apache.http.wire -  << "X-Content-Type-Options: nosniff[\r][\n]"
12:22:00.417 [main] DEBUG org.apache.http.wire -  << "X-Frame-Options: DENY[\r][\n]"
12:22:00.417 [main] DEBUG org.apache.http.wire -  << "X-Xss-Protection: 1; mode=block[\r][\n]"
12:22:00.417 [main] DEBUG org.apache.http.wire -  << "Transfer-Encoding: chunked[\r][\n]"
12:22:00.417 [main] DEBUG org.apache.http.wire -  << "[\r][\n]"
12:22:00.418 [main] DEBUG org.apache.http.impl.conn.DefaultClientConnection - Receiving response: HTTP/1.1 200 OK
12:22:00.418 [main] DEBUG org.apache.http.headers - << HTTP/1.1 200 OK
12:22:00.418 [main] DEBUG org.apache.http.headers - << Cache-Control: no-cache, no-store, max-age=0, must-revalidate
12:22:00.418 [main] DEBUG org.apache.http.headers - << Content-Type: application/json
12:22:00.418 [main] DEBUG org.apache.http.headers - << Date: Fri, 09 Jun 2023 10:22:00 GMT
12:22:00.418 [main] DEBUG org.apache.http.headers - << Expires: 0
12:22:00.418 [main] DEBUG org.apache.http.headers - << Pragma: no-cache
12:22:00.418 [main] DEBUG org.apache.http.headers - << X-Content-Type-Options: nosniff
12:22:00.418 [main] DEBUG org.apache.http.headers - << X-Frame-Options: DENY
12:22:00.418 [main] DEBUG org.apache.http.headers - << X-Xss-Protection: 1; mode=block
12:22:00.418 [main] DEBUG org.apache.http.headers - << Transfer-Encoding: chunked
12:22:00.418 [main] DEBUG org.apache.http.impl.client.DefaultHttpClient - Connection can be kept alive indefinitely
12:22:00.418 [main] DEBUG io.restassured.internal.RestAssuredHttpBuilder - Parsing response as: application/json
12:22:00.418 [main] DEBUG io.restassured.internal.RestAssuredHttpBuilder - Parsed data to instance of: class org.apache.http.conn.EofSensorInputStream
12:22:00.419 [main] DEBUG org.apache.http.wire -  << "b31[\r][\n]"
12:22:00.419 [main] DEBUG org.apache.http.wire -  << "{"description":"Testing purpose","owner":"superadmin","share":true,"id":67,"name":"DEMO DASHBOARD","widgets":[{"widgetName":"LAUNCH STATISTICS AREA","widgetId":55,"widgetType":"statisticTrend","widgetSize":{"width":8,"height":12},"widgetPosition":{"positionX":0,"positionY":0},"share":true,"widgetOptions":{"zoom":false,"timeline":"launch","viewMode":"area-spline"}},{"widgetName":"LAUNCH STATISTICS BAR","widgetId":56,"widgetType":"statisticTrend","widgetSize":{"width":6,"height":5},"widgetPosition":{"positionX":6,"positionY":12},"share":true,"widgetOptions":{"zoom":false,"timeline":"launch","viewMode":"bar"}},{"widgetName":"INVESTIGATED PERCENTAGE OF LAUNCHES","widgetId":57,"widgetType":"investigatedTrend","widgetSize":{"width":7,"height":5},"widgetPosition":{"positionX":0,"positionY":17},"share":true,"widgetOptions":{"timeline":"launch"}},{"widgetName":"TEST CASES GROWTH TREND CHART","widgetId":58,"widgetType":"casesTrend","widgetSize":{"width":5,"height":5},"widgetPosition":{"positionX":7,"positionY":17},"share":true,"widgetOptions":{}},{"widgetName":"OVERALL STATISTICS PANEL","widgetId":59,"widgetType":"overallStatistics","widgetSize":{"width":5,"height":5},"widgetPosition":{"positionX":0,"positionY":22},"share":true,"widgetOptions":{"latest":false,"viewMode":"panel"}},{"widgetName":"LAUNCHES DURATION CHART","widgetId":60,"widgetType":"launchesDurationChart","widgetSize":{"width":7,"height":5},"widgetPosition":{"positionX":5,"positionY":22},"share":true,"widgetOptions":{"latest":false}},{"widgetName":"OVERALL STATISTICS DONUT","widgetId":61,"widgetType":"overallStatistics","widgetSize":{"width":6,"height":5},"widgetPosition":{"positionX":0,"positionY":27},"share":true,"widgetOptions":{"latest":false,"viewMode":"donut"}},{"widgetName":"FAILED CASES TREND CHART","widgetId":62,"widgetType":"bugTrend","widgetSize":{"width":6,"height":5},"widgetPosition":{"positionX":6,"positionY":27},"share":true,"widgetOptions":{}},{"widgetName":"LAUNCH TABLE","widgetId":63,"widgetType":"launchesTable","widgetSize":{"width":12,"height":4},"widgetPosition":{"positionX":0,"positionY":32},"share":true,"widgetOptions":{}},{"widgetName":"MOST FAILED TEST CASES","widgetId":64,"widgetType":"topTestCases","widgetSize":{"width":7,"height":5},"widgetPosition":{"positionX":0,"positionY":36},"share":true,"widgetOptions":{"includeMethods":false,"launchNameFilter":"Demo Api Tests"}},{"widgetName":"PASSING RATE SUMMARY","widgetId":65,"widgetType":"passingRateSummary","widgetSize":{"width":5,"height":5},"widgetPosition":{"positionX":7,"positionY":36},"share":true,"widgetOptions":{"viewMode":"pie"}},{"widgetName":"FLAKY TEST CASES","widgetId":66,"widgetType":"flakyTestCases","widgetSize":{"width":12,"height":4},"widgetPosition":{"positionX":0,"positionY":41},"share":true,"widgetOptions":{"includeMethods":false,"launchNameFilter":"Demo Api Tests"}}]}"
12:22:00.419 [main] DEBUG org.apache.http.wire -  << "[\r][\n]"
12:22:00.419 [main] DEBUG org.apache.http.wire -  << "0[\r][\n]"
12:22:00.419 [main] DEBUG org.apache.http.wire -  << "[\r][\n]"
12:22:00.419 [main] DEBUG org.apache.http.impl.conn.BasicClientConnectionManager - Releasing connection org.apache.http.impl.conn.ManagedClientConnectionImpl@2055833f
12:22:00.419 [main] DEBUG org.apache.http.impl.conn.BasicClientConnectionManager - Connection can be kept alive indefinitely
HTTP/1.1 200 OK
Cache-Control: no-cache, no-store, max-age=0, must-revalidate
Content-Type: application/json
Date: Fri, 09 Jun 2023 10:22:00 GMT
Expires: 0
Pragma: no-cache
X-Content-Type-Options: nosniff
X-Frame-Options: DENY
X-Xss-Protection: 1; mode=block
Transfer-Encoding: chunked

{
    "description": "Testing purpose",
    "owner": "superadmin",
    "share": true,
    "id": 67,
    "name": "DEMO DASHBOARD",
    "widgets": [
        {
            "widgetName": "LAUNCH STATISTICS AREA",
            "widgetId": 55,
            "widgetType": "statisticTrend",
            "widgetSize": {
                "width": 8,
                "height": 12
            },
            "widgetPosition": {
                "positionX": 0,
                "positionY": 0
            },
            "share": true,
            "widgetOptions": {
                "zoom": false,
                "timeline": "launch",
                "viewMode": "area-spline"
            }
        },
        {
            "widgetName": "LAUNCH STATISTICS BAR",
            "widgetId": 56,
            "widgetType": "statisticTrend",
            "widgetSize": {
                "width": 6,
                "height": 5
            },
            "widgetPosition": {
                "positionX": 6,
                "positionY": 12
            },
            "share": true,
            "widgetOptions": {
                "zoom": false,
                "timeline": "launch",
                "viewMode": "bar"
            }
        },
        {
            "widgetName": "INVESTIGATED PERCENTAGE OF LAUNCHES",
            "widgetId": 57,
            "widgetType": "investigatedTrend",
            "widgetSize": {
                "width": 7,
                "height": 5
            },
            "widgetPosition": {
                "positionX": 0,
                "positionY": 17
            },
            "share": true,
            "widgetOptions": {
                "timeline": "launch"
            }
        },
        {
            "widgetName": "TEST CASES GROWTH TREND CHART",
            "widgetId": 58,
            "widgetType": "casesTrend",
            "widgetSize": {
                "width": 5,
                "height": 5
            },
            "widgetPosition": {
                "positionX": 7,
                "positionY": 17
            },
            "share": true,
            "widgetOptions": {
                
            }
        },
        {
            "widgetName": "OVERALL STATISTICS PANEL",
            "widgetId": 59,
            "widgetType": "overallStatistics",
            "widgetSize": {
                "width": 5,
                "height": 5
            },
            "widgetPosition": {
                "positionX": 0,
                "positionY": 22
            },
            "share": true,
            "widgetOptions": {
                "latest": false,
                "viewMode": "panel"
            }
        },
        {
            "widgetName": "LAUNCHES DURATION CHART",
            "widgetId": 60,
            "widgetType": "launchesDurationChart",
            "widgetSize": {
                "width": 7,
                "height": 5
            },
            "widgetPosition": {
                "positionX": 5,
                "positionY": 22
            },
            "share": true,
            "widgetOptions": {
                "latest": false
            }
        },
        {
            "widgetName": "OVERALL STATISTICS DONUT",
            "widgetId": 61,
            "widgetType": "overallStatistics",
            "widgetSize": {
                "width": 6,
                "height": 5
            },
            "widgetPosition": {
                "positionX": 0,
                "positionY": 27
            },
            "share": true,
            "widgetOptions": {
                "latest": false,
                "viewMode": "donut"
            }
        },
        {
            "widgetName": "FAILED CASES TREND CHART",
            "widgetId": 62,
            "widgetType": "bugTrend",
            "widgetSize": {
                "width": 6,
                "height": 5
            },
            "widgetPosition": {
                "positionX": 6,
                "positionY": 27
            },
            "share": true,
            "widgetOptions": {
                
            }
        },
        {
            "widgetName": "LAUNCH TABLE",
            "widgetId": 63,
            "widgetType": "launchesTable",
            "widgetSize": {
                "width": 12,
                "height": 4
            },
            "widgetPosition": {
                "positionX": 0,
                "positionY": 32
            },
            "share": true,
            "widgetOptions": {
                
            }
        },
        {
            "widgetName": "MOST FAILED TEST CASES",
            "widgetId": 64,
            "widgetType": "topTestCases",
            "widgetSize": {
                "width": 7,
                "height": 5
            },
            "widgetPosition": {
                "positionX": 0,
                "positionY": 36
            },
            "share": true,
            "widgetOptions": {
                "includeMethods": false,
                "launchNameFilter": "Demo Api Tests"
            }
        },
        {
            "widgetName": "PASSING RATE SUMMARY",
            "widgetId": 65,
            "widgetType": "passingRateSummary",
            "widgetSize": {
                "width": 5,
                "height": 5
            },
            "widgetPosition": {
                "positionX": 7,
                "positionY": 36
            },
            "share": true,
            "widgetOptions": {
                "viewMode": "pie"
            }
        },
        {
            "widgetName": "FLAKY TEST CASES",
            "widgetId": 66,
            "widgetType": "flakyTestCases",
            "widgetSize": {
                "width": 12,
                "height": 4
            },
            "widgetPosition": {
                "positionX": 0,
                "positionY": 41
            },
            "share": true,
            "widgetOptions": {
                "includeMethods": false,
                "launchNameFilter": "Demo Api Tests"
            }
        }
    ]
}
2023-06-09 12:22:00 INFO  Listeners:38 - Succeeded Test null
]]></system-out>
  </testcase>
  <testcase name="d_getDashboardByIdThatDoesNotExist_GET" classname="alltests.apitest.DashboardControllerTest" time="0.768">
    <system-out><![CDATA[2023-06-09 12:22:00 INFO  Listeners:34 - Started Test null
12:22:00.429 [rp-io-27] DEBUG com.epam.reportportal.service.Launch - Starting test item...rp-io-27
2023-06-09 12:22:00 INFO  DashboardControllerTest:52 - getDashboardByIdThatDoesNotExist_GET
Request method:	GET
Request URI:	http://localhost:8080/api/v1/AUTOMATIONTESTINGADVANCEDPROGRAM/dashboard/0
Proxy:			<none>
Request params:	<none>
Query params:	<none>
Form params:	<none>
Path params:	id=0
Headers:		Authorization=Bearer 8bb82a7d-a573-419e-9cce-c2419f308802
				Accept=*/*
				Content-Type=application/json
Cookies:		<none>
Multiparts:		<none>
Body:			<none>
12:22:00.451 [rp-io-26] DEBUG com.epam.reportportal.service.Launch - TestItem with ID = '8901ad7f-70de-4d09-8568-524928d06f5e' successfully finished.
12:22:00.451 [rp-io-26] DEBUG com.epam.reportportal.utils.SubscriptionUtils - Finish test item completed
12:22:00.457 [main] DEBUG org.apache.http.impl.conn.BasicClientConnectionManager - Get connection for route {}->http://localhost:8080
12:22:00.457 [main] DEBUG org.apache.http.impl.conn.DefaultClientConnectionOperator - Connecting to localhost:8080
12:22:00.459 [main] DEBUG org.apache.http.client.protocol.RequestAddCookies - CookieSpec selected: ignoreCookies
12:22:00.459 [main] DEBUG org.apache.http.client.protocol.RequestAuthCache - Auth cache not set in the context
12:22:00.460 [main] DEBUG org.apache.http.client.protocol.RequestProxyAuthentication - Proxy auth state: UNCHALLENGED
12:22:00.460 [main] DEBUG org.apache.http.impl.client.DefaultHttpClient - Attempt 1 to execute request
12:22:00.460 [main] DEBUG org.apache.http.impl.conn.DefaultClientConnection - Sending request: GET /api/v1/AUTOMATIONTESTINGADVANCEDPROGRAM/dashboard/0 HTTP/1.1
12:22:00.460 [main] DEBUG org.apache.http.wire -  >> "GET /api/v1/AUTOMATIONTESTINGADVANCEDPROGRAM/dashboard/0 HTTP/1.1[\r][\n]"
12:22:00.460 [main] DEBUG org.apache.http.wire -  >> "Content-Type: application/json[\r][\n]"
12:22:00.460 [main] DEBUG org.apache.http.wire -  >> "Authorization: Bearer 8bb82a7d-a573-419e-9cce-c2419f308802[\r][\n]"
12:22:00.460 [main] DEBUG org.apache.http.wire -  >> "Accept: */*[\r][\n]"
12:22:00.460 [main] DEBUG org.apache.http.wire -  >> "Host: localhost:8080[\r][\n]"
12:22:00.460 [main] DEBUG org.apache.http.wire -  >> "Connection: Keep-Alive[\r][\n]"
12:22:00.460 [main] DEBUG org.apache.http.wire -  >> "User-Agent: Apache-HttpClient/4.5.13 (Java/17.0.3.1)[\r][\n]"
12:22:00.461 [main] DEBUG org.apache.http.wire -  >> "Accept-Encoding: gzip,deflate[\r][\n]"
12:22:00.461 [main] DEBUG org.apache.http.wire -  >> "[\r][\n]"
12:22:00.461 [main] DEBUG org.apache.http.headers - >> GET /api/v1/AUTOMATIONTESTINGADVANCEDPROGRAM/dashboard/0 HTTP/1.1
12:22:00.461 [main] DEBUG org.apache.http.headers - >> Content-Type: application/json
12:22:00.461 [main] DEBUG org.apache.http.headers - >> Authorization: Bearer 8bb82a7d-a573-419e-9cce-c2419f308802
12:22:00.461 [main] DEBUG org.apache.http.headers - >> Accept: */*
12:22:00.461 [main] DEBUG org.apache.http.headers - >> Host: localhost:8080
12:22:00.461 [main] DEBUG org.apache.http.headers - >> Connection: Keep-Alive
12:22:00.461 [main] DEBUG org.apache.http.headers - >> User-Agent: Apache-HttpClient/4.5.13 (Java/17.0.3.1)
12:22:00.461 [main] DEBUG org.apache.http.headers - >> Accept-Encoding: gzip,deflate
12:22:00.465 [rp-io-29] DEBUG com.epam.reportportal.service.Launch - ReportPortal item with ID '32e20830-a1ce-4aac-b30e-7a859d8b15ef' has been created
12:22:00.465 [rp-io-29] DEBUG com.epam.reportportal.utils.SubscriptionUtils - Start test item successfully completed
12:22:00.475 [main] DEBUG org.apache.http.wire -  << "HTTP/1.1 404 Not Found[\r][\n]"
12:22:00.475 [main] DEBUG org.apache.http.wire -  << "Cache-Control: no-cache, no-store, max-age=0, must-revalidate[\r][\n]"
12:22:00.475 [main] DEBUG org.apache.http.wire -  << "Content-Type: application/json[\r][\n]"
12:22:00.475 [main] DEBUG org.apache.http.wire -  << "Date: Fri, 09 Jun 2023 10:22:00 GMT[\r][\n]"
12:22:00.475 [main] DEBUG org.apache.http.wire -  << "Expires: 0[\r][\n]"
12:22:00.475 [main] DEBUG org.apache.http.wire -  << "Pragma: no-cache[\r][\n]"
12:22:00.475 [main] DEBUG org.apache.http.wire -  << "X-Content-Type-Options: nosniff[\r][\n]"
12:22:00.475 [main] DEBUG org.apache.http.wire -  << "X-Frame-Options: DENY[\r][\n]"
12:22:00.475 [main] DEBUG org.apache.http.wire -  << "X-Xss-Protection: 1; mode=block[\r][\n]"
12:22:00.475 [main] DEBUG org.apache.http.wire -  << "Content-Length: 144[\r][\n]"
12:22:00.476 [main] DEBUG org.apache.http.wire -  << "[\r][\n]"
12:22:00.476 [main] DEBUG org.apache.http.impl.conn.DefaultClientConnection - Receiving response: HTTP/1.1 404 Not Found
12:22:00.476 [main] DEBUG org.apache.http.headers - << HTTP/1.1 404 Not Found
12:22:00.476 [main] DEBUG org.apache.http.headers - << Cache-Control: no-cache, no-store, max-age=0, must-revalidate
12:22:00.476 [main] DEBUG org.apache.http.headers - << Content-Type: application/json
12:22:00.476 [main] DEBUG org.apache.http.headers - << Date: Fri, 09 Jun 2023 10:22:00 GMT
12:22:00.476 [main] DEBUG org.apache.http.headers - << Expires: 0
12:22:00.476 [main] DEBUG org.apache.http.headers - << Pragma: no-cache
12:22:00.476 [main] DEBUG org.apache.http.headers - << X-Content-Type-Options: nosniff
12:22:00.476 [main] DEBUG org.apache.http.headers - << X-Frame-Options: DENY
12:22:00.476 [main] DEBUG org.apache.http.headers - << X-Xss-Protection: 1; mode=block
12:22:00.476 [main] DEBUG org.apache.http.headers - << Content-Length: 144
12:22:00.476 [main] DEBUG org.apache.http.impl.client.DefaultHttpClient - Connection can be kept alive indefinitely
12:22:00.476 [main] DEBUG io.restassured.internal.RestAssuredHttpBuilder - Parsing response as: application/json
12:22:00.476 [main] DEBUG io.restassured.internal.RestAssuredHttpBuilder - Parsed data to instance of: class org.apache.http.conn.EofSensorInputStream
12:22:00.477 [main] DEBUG org.apache.http.wire -  << "{"errorCode":40422,"message":"Dashboard with ID '0' not found on project 'automationtestingadvancedprogram'. Did you use correct Dashboard ID?"}"
12:22:00.477 [main] DEBUG org.apache.http.impl.conn.BasicClientConnectionManager - Releasing connection org.apache.http.impl.conn.ManagedClientConnectionImpl@1eeb5818
12:22:00.477 [main] DEBUG org.apache.http.impl.conn.BasicClientConnectionManager - Connection can be kept alive indefinitely
HTTP/1.1 404 Not Found
Cache-Control: no-cache, no-store, max-age=0, must-revalidate
Content-Type: application/json
Date: Fri, 09 Jun 2023 10:22:00 GMT
Expires: 0
Pragma: no-cache
X-Content-Type-Options: nosniff
X-Frame-Options: DENY
X-Xss-Protection: 1; mode=block
Content-Length: 144

{
    "errorCode": 40422,
    "message": "Dashboard with ID '0' not found on project 'automationtestingadvancedprogram'. Did you use correct Dashboard ID?"
}
12:22:01.055 [Finalizer] DEBUG org.apache.http.impl.conn.DefaultClientConnection - Connection 0.0.0.0:64288<->127.0.0.1:8080 closed
12:22:01.055 [Finalizer] DEBUG org.apache.http.impl.conn.DefaultClientConnection - Connection 0.0.0.0:64289<->127.0.0.1:8080 closed
2023-06-09 12:22:01 INFO  Listeners:38 - Succeeded Test null
]]></system-out>
  </testcase>
  <testcase name="e_createNewDashboardWithoutName_POST" classname="alltests.apitest.DashboardControllerTest" time="0.28">
    <system-out><![CDATA[12:22:01.237 [rp-io-33] DEBUG com.epam.reportportal.service.Launch - Starting test item...rp-io-33
2023-06-09 12:22:01 INFO  Listeners:34 - Started Test null
2023-06-09 12:22:01 INFO  DashboardControllerTest:72 - e_createNewDashboardWithoutName_POST
12:22:01.255 [rp-io-32] DEBUG com.epam.reportportal.service.Launch - TestItem with ID = '32e20830-a1ce-4aac-b30e-7a859d8b15ef' successfully finished.
12:22:01.255 [rp-io-32] DEBUG com.epam.reportportal.utils.SubscriptionUtils - Finish test item completed
12:22:01.262 [rp-io-35] DEBUG com.epam.reportportal.service.Launch - ReportPortal item with ID '40664dc0-33a0-42d9-b384-b1353e0361a7' has been created
12:22:01.262 [rp-io-35] DEBUG com.epam.reportportal.utils.SubscriptionUtils - Start test item successfully completed
Request method:	POST
Request URI:	http://localhost:8080/api/v1/AUTOMATIONTESTINGADVANCEDPROGRAM/dashboard
Proxy:			<none>
Request params:	<none>
Query params:	<none>
Form params:	<none>
Path params:	<none>
Headers:		Authorization=Bearer 8bb82a7d-a573-419e-9cce-c2419f308802
				Accept=*/*
				Content-Type=application/json
Cookies:		<none>
Multiparts:		<none>
Body:
{
    "name": null,
    "description": "And Its already 24th May",
    "shared": true
}
12:22:01.455 [main] DEBUG org.apache.http.impl.conn.BasicClientConnectionManager - Get connection for route {}->http://localhost:8080
12:22:01.456 [main] DEBUG org.apache.http.impl.conn.DefaultClientConnectionOperator - Connecting to localhost:8080
12:22:01.457 [main] DEBUG org.apache.http.client.protocol.RequestAddCookies - CookieSpec selected: ignoreCookies
12:22:01.457 [main] DEBUG org.apache.http.client.protocol.RequestAuthCache - Auth cache not set in the context
12:22:01.457 [main] DEBUG org.apache.http.client.protocol.RequestProxyAuthentication - Proxy auth state: UNCHALLENGED
12:22:01.457 [main] DEBUG org.apache.http.impl.client.DefaultHttpClient - Attempt 1 to execute request
12:22:01.457 [main] DEBUG org.apache.http.impl.conn.DefaultClientConnection - Sending request: POST /api/v1/AUTOMATIONTESTINGADVANCEDPROGRAM/dashboard HTTP/1.1
12:22:01.457 [main] DEBUG org.apache.http.wire -  >> "POST /api/v1/AUTOMATIONTESTINGADVANCEDPROGRAM/dashboard HTTP/1.1[\r][\n]"
12:22:01.458 [main] DEBUG org.apache.http.wire -  >> "Authorization: Bearer 8bb82a7d-a573-419e-9cce-c2419f308802[\r][\n]"
12:22:01.458 [main] DEBUG org.apache.http.wire -  >> "Accept: */*[\r][\n]"
12:22:01.458 [main] DEBUG org.apache.http.wire -  >> "Content-Type: application/json[\r][\n]"
12:22:01.458 [main] DEBUG org.apache.http.wire -  >> "Content-Length: 68[\r][\n]"
12:22:01.458 [main] DEBUG org.apache.http.wire -  >> "Host: localhost:8080[\r][\n]"
12:22:01.458 [main] DEBUG org.apache.http.wire -  >> "Connection: Keep-Alive[\r][\n]"
12:22:01.458 [main] DEBUG org.apache.http.wire -  >> "User-Agent: Apache-HttpClient/4.5.13 (Java/17.0.3.1)[\r][\n]"
12:22:01.458 [main] DEBUG org.apache.http.wire -  >> "Accept-Encoding: gzip,deflate[\r][\n]"
12:22:01.458 [main] DEBUG org.apache.http.wire -  >> "[\r][\n]"
12:22:01.458 [main] DEBUG org.apache.http.headers - >> POST /api/v1/AUTOMATIONTESTINGADVANCEDPROGRAM/dashboard HTTP/1.1
12:22:01.458 [main] DEBUG org.apache.http.headers - >> Authorization: Bearer 8bb82a7d-a573-419e-9cce-c2419f308802
12:22:01.458 [main] DEBUG org.apache.http.headers - >> Accept: */*
12:22:01.458 [main] DEBUG org.apache.http.headers - >> Content-Type: application/json
12:22:01.458 [main] DEBUG org.apache.http.headers - >> Content-Length: 68
12:22:01.458 [main] DEBUG org.apache.http.headers - >> Host: localhost:8080
12:22:01.458 [main] DEBUG org.apache.http.headers - >> Connection: Keep-Alive
12:22:01.458 [main] DEBUG org.apache.http.headers - >> User-Agent: Apache-HttpClient/4.5.13 (Java/17.0.3.1)
12:22:01.458 [main] DEBUG org.apache.http.headers - >> Accept-Encoding: gzip,deflate
12:22:01.458 [main] DEBUG org.apache.http.wire -  >> "{"name":null,"description":"And Its already 24th May","shared":true}"
12:22:01.468 [main] DEBUG org.apache.http.wire -  << "HTTP/1.1 400 Bad Request[\r][\n]"
12:22:01.469 [main] DEBUG org.apache.http.wire -  << "Cache-Control: no-cache, no-store, max-age=0, must-revalidate[\r][\n]"
12:22:01.469 [main] DEBUG org.apache.http.wire -  << "Content-Type: application/json[\r][\n]"
12:22:01.469 [main] DEBUG org.apache.http.wire -  << "Date: Fri, 09 Jun 2023 10:22:01 GMT[\r][\n]"
12:22:01.469 [main] DEBUG org.apache.http.wire -  << "Expires: 0[\r][\n]"
12:22:01.469 [main] DEBUG org.apache.http.wire -  << "Pragma: no-cache[\r][\n]"
12:22:01.469 [main] DEBUG org.apache.http.wire -  << "X-Content-Type-Options: nosniff[\r][\n]"
12:22:01.469 [main] DEBUG org.apache.http.wire -  << "X-Frame-Options: DENY[\r][\n]"
12:22:01.469 [main] DEBUG org.apache.http.wire -  << "X-Xss-Protection: 1; mode=block[\r][\n]"
12:22:01.469 [main] DEBUG org.apache.http.wire -  << "Content-Length: 85[\r][\n]"
12:22:01.469 [main] DEBUG org.apache.http.wire -  << "[\r][\n]"
12:22:01.469 [main] DEBUG org.apache.http.impl.conn.DefaultClientConnection - Receiving response: HTTP/1.1 400 Bad Request
12:22:01.469 [main] DEBUG org.apache.http.headers - << HTTP/1.1 400 Bad Request
12:22:01.469 [main] DEBUG org.apache.http.headers - << Cache-Control: no-cache, no-store, max-age=0, must-revalidate
12:22:01.469 [main] DEBUG org.apache.http.headers - << Content-Type: application/json
12:22:01.469 [main] DEBUG org.apache.http.headers - << Date: Fri, 09 Jun 2023 10:22:01 GMT
12:22:01.469 [main] DEBUG org.apache.http.headers - << Expires: 0
12:22:01.469 [main] DEBUG org.apache.http.headers - << Pragma: no-cache
12:22:01.469 [main] DEBUG org.apache.http.headers - << X-Content-Type-Options: nosniff
12:22:01.469 [main] DEBUG org.apache.http.headers - << X-Frame-Options: DENY
12:22:01.469 [main] DEBUG org.apache.http.headers - << X-Xss-Protection: 1; mode=block
12:22:01.469 [main] DEBUG org.apache.http.headers - << Content-Length: 85
12:22:01.470 [main] DEBUG org.apache.http.impl.client.DefaultHttpClient - Connection can be kept alive indefinitely
12:22:01.470 [main] DEBUG io.restassured.internal.RestAssuredHttpBuilder - Parsing response as: application/json
12:22:01.470 [main] DEBUG io.restassured.internal.RestAssuredHttpBuilder - Parsed data to instance of: class org.apache.http.conn.EofSensorInputStream
12:22:01.471 [main] DEBUG org.apache.http.wire -  << "{"errorCode":4001,"message":"Incorrect Request. [Field 'name' should not be null.] "}"
12:22:01.472 [main] DEBUG org.apache.http.impl.conn.BasicClientConnectionManager - Releasing connection org.apache.http.impl.conn.ManagedClientConnectionImpl@3ff8a3ad
12:22:01.472 [main] DEBUG org.apache.http.impl.conn.BasicClientConnectionManager - Connection can be kept alive indefinitely
HTTP/1.1 400 Bad Request
Cache-Control: no-cache, no-store, max-age=0, must-revalidate
Content-Type: application/json
Date: Fri, 09 Jun 2023 10:22:01 GMT
Expires: 0
Pragma: no-cache
X-Content-Type-Options: nosniff
X-Frame-Options: DENY
X-Xss-Protection: 1; mode=block
Content-Length: 85

{
    "errorCode": 4001,
    "message": "Incorrect Request. [Field 'name' should not be null.] "
}
2023-06-09 12:22:01 INFO  Listeners:38 - Succeeded Test null
]]></system-out>
  </testcase>
  <testcase name="f_createNewDashboardByName_POST" classname="alltests.apitest.DashboardControllerTest" time="0.108">
    <system-out><![CDATA[2023-06-09 12:22:01 INFO  Listeners:34 - Started Test null
2023-06-09 12:22:01 INFO  DashboardControllerTest:61 - f_createNewDashboardByName_POST
12:22:01.496 [rp-io-39] DEBUG com.epam.reportportal.service.Launch - Starting test item...rp-io-39
Request method:	POST
Request URI:	http://localhost:8080/api/v1/AUTOMATIONTESTINGADVANCEDPROGRAM/dashboard
Proxy:			<none>
Request params:	<none>
Query params:	<none>
Form params:	<none>
Path params:	<none>
Headers:		Authorization=Bearer 8bb82a7d-a573-419e-9cce-c2419f308802
				Accept=*/*
				Content-Type=application/json
Cookies:		<none>
Multiparts:		<none>
Body:
{
    "name": "QAT Dashboard A02",
    "description": "QAT Dashboard description A02",
    "shared": true
}
12:22:01.515 [rp-io-38] DEBUG com.epam.reportportal.service.Launch - TestItem with ID = '40664dc0-33a0-42d9-b384-b1353e0361a7' successfully finished.
12:22:01.515 [rp-io-38] DEBUG com.epam.reportportal.utils.SubscriptionUtils - Finish test item completed
12:22:01.524 [main] DEBUG org.apache.http.impl.conn.BasicClientConnectionManager - Get connection for route {}->http://localhost:8080
12:22:01.524 [main] DEBUG org.apache.http.impl.conn.DefaultClientConnectionOperator - Connecting to localhost:8080
12:22:01.525 [main] DEBUG org.apache.http.client.protocol.RequestAddCookies - CookieSpec selected: ignoreCookies
12:22:01.526 [main] DEBUG org.apache.http.client.protocol.RequestAuthCache - Auth cache not set in the context
12:22:01.526 [main] DEBUG org.apache.http.client.protocol.RequestProxyAuthentication - Proxy auth state: UNCHALLENGED
12:22:01.527 [main] DEBUG org.apache.http.impl.client.DefaultHttpClient - Attempt 1 to execute request
12:22:01.527 [main] DEBUG org.apache.http.impl.conn.DefaultClientConnection - Sending request: POST /api/v1/AUTOMATIONTESTINGADVANCEDPROGRAM/dashboard HTTP/1.1
12:22:01.527 [main] DEBUG org.apache.http.wire -  >> "POST /api/v1/AUTOMATIONTESTINGADVANCEDPROGRAM/dashboard HTTP/1.1[\r][\n]"
12:22:01.527 [main] DEBUG org.apache.http.wire -  >> "Authorization: Bearer 8bb82a7d-a573-419e-9cce-c2419f308802[\r][\n]"
12:22:01.527 [main] DEBUG org.apache.http.wire -  >> "Accept: */*[\r][\n]"
12:22:01.527 [main] DEBUG org.apache.http.wire -  >> "Content-Type: application/json[\r][\n]"
12:22:01.527 [main] DEBUG org.apache.http.wire -  >> "Content-Length: 88[\r][\n]"
12:22:01.527 [main] DEBUG org.apache.http.wire -  >> "Host: localhost:8080[\r][\n]"
12:22:01.527 [main] DEBUG org.apache.http.wire -  >> "Connection: Keep-Alive[\r][\n]"
12:22:01.527 [main] DEBUG org.apache.http.wire -  >> "User-Agent: Apache-HttpClient/4.5.13 (Java/17.0.3.1)[\r][\n]"
12:22:01.527 [main] DEBUG org.apache.http.wire -  >> "Accept-Encoding: gzip,deflate[\r][\n]"
12:22:01.528 [main] DEBUG org.apache.http.wire -  >> "[\r][\n]"
12:22:01.528 [main] DEBUG org.apache.http.headers - >> POST /api/v1/AUTOMATIONTESTINGADVANCEDPROGRAM/dashboard HTTP/1.1
12:22:01.528 [main] DEBUG org.apache.http.headers - >> Authorization: Bearer 8bb82a7d-a573-419e-9cce-c2419f308802
12:22:01.528 [main] DEBUG org.apache.http.headers - >> Accept: */*
12:22:01.528 [main] DEBUG org.apache.http.headers - >> Content-Type: application/json
12:22:01.528 [main] DEBUG org.apache.http.headers - >> Content-Length: 88
12:22:01.528 [main] DEBUG org.apache.http.headers - >> Host: localhost:8080
12:22:01.528 [main] DEBUG org.apache.http.headers - >> Connection: Keep-Alive
12:22:01.528 [main] DEBUG org.apache.http.headers - >> User-Agent: Apache-HttpClient/4.5.13 (Java/17.0.3.1)
12:22:01.528 [main] DEBUG org.apache.http.headers - >> Accept-Encoding: gzip,deflate
12:22:01.528 [main] DEBUG org.apache.http.wire -  >> "{"name":"QAT Dashboard A02","description":"QAT Dashboard description A02","shared":true}"
12:22:01.530 [rp-io-41] DEBUG com.epam.reportportal.service.Launch - ReportPortal item with ID '3f0e0d23-a421-4c40-af5b-143f3b63a013' has been created
12:22:01.530 [rp-io-41] DEBUG com.epam.reportportal.utils.SubscriptionUtils - Start test item successfully completed
12:22:01.556 [main] DEBUG org.apache.http.wire -  << "HTTP/1.1 201 Created[\r][\n]"
12:22:01.557 [main] DEBUG org.apache.http.wire -  << "Cache-Control: no-cache, no-store, max-age=0, must-revalidate[\r][\n]"
12:22:01.557 [main] DEBUG org.apache.http.wire -  << "Content-Type: application/json[\r][\n]"
12:22:01.557 [main] DEBUG org.apache.http.wire -  << "Date: Fri, 09 Jun 2023 10:22:01 GMT[\r][\n]"
12:22:01.557 [main] DEBUG org.apache.http.wire -  << "Expires: 0[\r][\n]"
12:22:01.557 [main] DEBUG org.apache.http.wire -  << "Pragma: no-cache[\r][\n]"
12:22:01.557 [main] DEBUG org.apache.http.wire -  << "X-Content-Type-Options: nosniff[\r][\n]"
12:22:01.557 [main] DEBUG org.apache.http.wire -  << "X-Frame-Options: DENY[\r][\n]"
12:22:01.557 [main] DEBUG org.apache.http.wire -  << "X-Xss-Protection: 1; mode=block[\r][\n]"
12:22:01.557 [main] DEBUG org.apache.http.wire -  << "Content-Length: 10[\r][\n]"
12:22:01.557 [main] DEBUG org.apache.http.wire -  << "[\r][\n]"
12:22:01.557 [main] DEBUG org.apache.http.impl.conn.DefaultClientConnection - Receiving response: HTTP/1.1 201 Created
12:22:01.557 [main] DEBUG org.apache.http.headers - << HTTP/1.1 201 Created
12:22:01.557 [main] DEBUG org.apache.http.headers - << Cache-Control: no-cache, no-store, max-age=0, must-revalidate
12:22:01.557 [main] DEBUG org.apache.http.headers - << Content-Type: application/json
12:22:01.557 [main] DEBUG org.apache.http.headers - << Date: Fri, 09 Jun 2023 10:22:01 GMT
12:22:01.557 [main] DEBUG org.apache.http.headers - << Expires: 0
12:22:01.557 [main] DEBUG org.apache.http.headers - << Pragma: no-cache
12:22:01.557 [main] DEBUG org.apache.http.headers - << X-Content-Type-Options: nosniff
12:22:01.557 [main] DEBUG org.apache.http.headers - << X-Frame-Options: DENY
12:22:01.557 [main] DEBUG org.apache.http.headers - << X-Xss-Protection: 1; mode=block
12:22:01.557 [main] DEBUG org.apache.http.headers - << Content-Length: 10
12:22:01.557 [main] DEBUG org.apache.http.impl.client.DefaultHttpClient - Connection can be kept alive indefinitely
12:22:01.558 [main] DEBUG io.restassured.internal.RestAssuredHttpBuilder - Parsing response as: application/json
12:22:01.558 [main] DEBUG io.restassured.internal.RestAssuredHttpBuilder - Parsed data to instance of: class org.apache.http.conn.EofSensorInputStream
12:22:01.559 [main] DEBUG org.apache.http.wire -  << "{"id":113}"
12:22:01.559 [main] DEBUG org.apache.http.impl.conn.BasicClientConnectionManager - Releasing connection org.apache.http.impl.conn.ManagedClientConnectionImpl@4ffa7041
12:22:01.559 [main] DEBUG org.apache.http.impl.conn.BasicClientConnectionManager - Connection can be kept alive indefinitely
HTTP/1.1 201 Created
Cache-Control: no-cache, no-store, max-age=0, must-revalidate
Content-Type: application/json
Date: Fri, 09 Jun 2023 10:22:01 GMT
Expires: 0
Pragma: no-cache
X-Content-Type-Options: nosniff
X-Frame-Options: DENY
X-Xss-Protection: 1; mode=block
Content-Length: 10

{
    "id": 113
}
2023-06-09 12:22:01 INFO  Listeners:38 - Succeeded Test null
]]></system-out>
  </testcase>
  <testcase name="g_createDuplicateDashboard_POST" classname="alltests.apitest.DashboardControllerTest" time="0.069">
    <system-out><![CDATA[2023-06-09 12:22:01 INFO  Listeners:34 - Started Test null
2023-06-09 12:22:01 INFO  DashboardControllerTest:82 - g_createDuplicateDashboard_POST
12:22:01.583 [rp-io-45] DEBUG com.epam.reportportal.service.Launch - Starting test item...rp-io-45
Request method:	POST
Request URI:	http://localhost:8080/api/v1/AUTOMATIONTESTINGADVANCEDPROGRAM/dashboard
Proxy:			<none>
Request params:	<none>
Query params:	<none>
Form params:	<none>
Path params:	<none>
Headers:		Authorization=Bearer 8bb82a7d-a573-419e-9cce-c2419f308802
				Accept=*/*
				Content-Type=application/json
Cookies:		<none>
Multiparts:		<none>
Body:
{
    "name": "QAT Dashboard A02",
    "description": "QAT Dashboard description A02",
    "shared": true
}
12:22:01.607 [main] DEBUG org.apache.http.impl.conn.BasicClientConnectionManager - Get connection for route {}->http://localhost:8080
12:22:01.607 [main] DEBUG org.apache.http.impl.conn.DefaultClientConnectionOperator - Connecting to localhost:8080
12:22:01.608 [main] DEBUG org.apache.http.client.protocol.RequestAddCookies - CookieSpec selected: ignoreCookies
12:22:01.609 [main] DEBUG org.apache.http.client.protocol.RequestAuthCache - Auth cache not set in the context
12:22:01.609 [main] DEBUG org.apache.http.client.protocol.RequestProxyAuthentication - Proxy auth state: UNCHALLENGED
12:22:01.609 [main] DEBUG org.apache.http.impl.client.DefaultHttpClient - Attempt 1 to execute request
12:22:01.609 [main] DEBUG org.apache.http.impl.conn.DefaultClientConnection - Sending request: POST /api/v1/AUTOMATIONTESTINGADVANCEDPROGRAM/dashboard HTTP/1.1
12:22:01.609 [main] DEBUG org.apache.http.wire -  >> "POST /api/v1/AUTOMATIONTESTINGADVANCEDPROGRAM/dashboard HTTP/1.1[\r][\n]"
12:22:01.609 [main] DEBUG org.apache.http.wire -  >> "Authorization: Bearer 8bb82a7d-a573-419e-9cce-c2419f308802[\r][\n]"
12:22:01.609 [main] DEBUG org.apache.http.wire -  >> "Accept: */*[\r][\n]"
12:22:01.609 [main] DEBUG org.apache.http.wire -  >> "Content-Type: application/json[\r][\n]"
12:22:01.609 [main] DEBUG org.apache.http.wire -  >> "Content-Length: 88[\r][\n]"
12:22:01.609 [main] DEBUG org.apache.http.wire -  >> "Host: localhost:8080[\r][\n]"
12:22:01.609 [main] DEBUG org.apache.http.wire -  >> "Connection: Keep-Alive[\r][\n]"
12:22:01.609 [main] DEBUG org.apache.http.wire -  >> "User-Agent: Apache-HttpClient/4.5.13 (Java/17.0.3.1)[\r][\n]"
12:22:01.609 [main] DEBUG org.apache.http.wire -  >> "Accept-Encoding: gzip,deflate[\r][\n]"
12:22:01.609 [main] DEBUG org.apache.http.wire -  >> "[\r][\n]"
12:22:01.609 [main] DEBUG org.apache.http.headers - >> POST /api/v1/AUTOMATIONTESTINGADVANCEDPROGRAM/dashboard HTTP/1.1
12:22:01.609 [main] DEBUG org.apache.http.headers - >> Authorization: Bearer 8bb82a7d-a573-419e-9cce-c2419f308802
12:22:01.609 [main] DEBUG org.apache.http.headers - >> Accept: */*
12:22:01.609 [main] DEBUG org.apache.http.headers - >> Content-Type: application/json
12:22:01.609 [main] DEBUG org.apache.http.headers - >> Content-Length: 88
12:22:01.609 [main] DEBUG org.apache.http.headers - >> Host: localhost:8080
12:22:01.609 [main] DEBUG org.apache.http.headers - >> Connection: Keep-Alive
12:22:01.609 [main] DEBUG org.apache.http.headers - >> User-Agent: Apache-HttpClient/4.5.13 (Java/17.0.3.1)
12:22:01.609 [main] DEBUG org.apache.http.headers - >> Accept-Encoding: gzip,deflate
12:22:01.610 [main] DEBUG org.apache.http.wire -  >> "{"name":"QAT Dashboard A02","description":"QAT Dashboard description A02","shared":true}"
12:22:01.614 [rp-io-44] DEBUG com.epam.reportportal.service.Launch - TestItem with ID = '3f0e0d23-a421-4c40-af5b-143f3b63a013' successfully finished.
12:22:01.614 [rp-io-44] DEBUG com.epam.reportportal.utils.SubscriptionUtils - Finish test item completed
12:22:01.631 [rp-io-47] DEBUG com.epam.reportportal.service.Launch - ReportPortal item with ID 'f7c31160-18a1-4bac-9ea2-035e7277fd1f' has been created
12:22:01.631 [rp-io-47] DEBUG com.epam.reportportal.utils.SubscriptionUtils - Start test item successfully completed
12:22:01.637 [main] DEBUG org.apache.http.wire -  << "HTTP/1.1 409 Conflict[\r][\n]"
12:22:01.638 [main] DEBUG org.apache.http.wire -  << "Cache-Control: no-cache, no-store, max-age=0, must-revalidate[\r][\n]"
12:22:01.638 [main] DEBUG org.apache.http.wire -  << "Content-Type: application/json[\r][\n]"
12:22:01.638 [main] DEBUG org.apache.http.wire -  << "Date: Fri, 09 Jun 2023 10:22:01 GMT[\r][\n]"
12:22:01.638 [main] DEBUG org.apache.http.wire -  << "Expires: 0[\r][\n]"
12:22:01.638 [main] DEBUG org.apache.http.wire -  << "Pragma: no-cache[\r][\n]"
12:22:01.638 [main] DEBUG org.apache.http.wire -  << "X-Content-Type-Options: nosniff[\r][\n]"
12:22:01.638 [main] DEBUG org.apache.http.wire -  << "X-Frame-Options: DENY[\r][\n]"
12:22:01.638 [main] DEBUG org.apache.http.wire -  << "X-Xss-Protection: 1; mode=block[\r][\n]"
12:22:01.638 [main] DEBUG org.apache.http.wire -  << "Content-Length: 110[\r][\n]"
12:22:01.638 [main] DEBUG org.apache.http.wire -  << "[\r][\n]"
12:22:01.638 [main] DEBUG org.apache.http.impl.conn.DefaultClientConnection - Receiving response: HTTP/1.1 409 Conflict
12:22:01.638 [main] DEBUG org.apache.http.headers - << HTTP/1.1 409 Conflict
12:22:01.638 [main] DEBUG org.apache.http.headers - << Cache-Control: no-cache, no-store, max-age=0, must-revalidate
12:22:01.638 [main] DEBUG org.apache.http.headers - << Content-Type: application/json
12:22:01.638 [main] DEBUG org.apache.http.headers - << Date: Fri, 09 Jun 2023 10:22:01 GMT
12:22:01.638 [main] DEBUG org.apache.http.headers - << Expires: 0
12:22:01.638 [main] DEBUG org.apache.http.headers - << Pragma: no-cache
12:22:01.638 [main] DEBUG org.apache.http.headers - << X-Content-Type-Options: nosniff
12:22:01.638 [main] DEBUG org.apache.http.headers - << X-Frame-Options: DENY
12:22:01.638 [main] DEBUG org.apache.http.headers - << X-Xss-Protection: 1; mode=block
12:22:01.638 [main] DEBUG org.apache.http.headers - << Content-Length: 110
12:22:01.638 [main] DEBUG org.apache.http.impl.client.DefaultHttpClient - Connection can be kept alive indefinitely
12:22:01.638 [main] DEBUG io.restassured.internal.RestAssuredHttpBuilder - Parsing response as: application/json
12:22:01.638 [main] DEBUG io.restassured.internal.RestAssuredHttpBuilder - Parsed data to instance of: class org.apache.http.conn.EofSensorInputStream
12:22:01.639 [main] DEBUG org.apache.http.wire -  << "{"errorCode":4091,"message":"Resource 'QAT Dashboard A02' already exists. You couldn't create the duplicate."}"
12:22:01.639 [main] DEBUG org.apache.http.impl.conn.BasicClientConnectionManager - Releasing connection org.apache.http.impl.conn.ManagedClientConnectionImpl@9f1ca74
12:22:01.639 [main] DEBUG org.apache.http.impl.conn.BasicClientConnectionManager - Connection can be kept alive indefinitely
HTTP/1.1 409 Conflict
Cache-Control: no-cache, no-store, max-age=0, must-revalidate
Content-Type: application/json
Date: Fri, 09 Jun 2023 10:22:01 GMT
Expires: 0
Pragma: no-cache
X-Content-Type-Options: nosniff
X-Frame-Options: DENY
X-Xss-Protection: 1; mode=block
Content-Length: 110

{
    "errorCode": 4091,
    "message": "Resource 'QAT Dashboard A02' already exists. You couldn't create the duplicate."
}
2023-06-09 12:22:01 INFO  Listeners:38 - Succeeded Test null
]]></system-out>
  </testcase>
  <testcase name="h_updateDashboardNameRQ_UPDATE" classname="alltests.apitest.DashboardControllerTest" time="0.039">
    <system-out><![CDATA[2023-06-09 12:22:01 INFO  Listeners:34 - Started Test null
12:22:01.667 [rp-io-51] DEBUG com.epam.reportportal.service.Launch - Starting test item...rp-io-51
2023-06-09 12:22:01 INFO  DashboardControllerTest:92 - h_updateDashboardNameRQ_UPDATE
12:22:01.689 [rp-io-50] DEBUG com.epam.reportportal.service.Launch - TestItem with ID = 'f7c31160-18a1-4bac-9ea2-035e7277fd1f' successfully finished.
12:22:01.689 [rp-io-50] DEBUG com.epam.reportportal.utils.SubscriptionUtils - Finish test item completed
Request method:	PUT
Request URI:	http://localhost:8080/api/v1/AUTOMATIONTESTINGADVANCEDPROGRAM/dashboard/113
Proxy:			<none>
Request params:	<none>
Query params:	<none>
Form params:	<none>
Path params:	id=113
Headers:		Authorization=Bearer 8bb82a7d-a573-419e-9cce-c2419f308802
				Accept=*/*
				Content-Type=application/json
Cookies:		<none>
Multiparts:		<none>
Body:
{
    "name": "Updated QAT Dashboard A02 to A03",
    "description": "Updated Dashboard A02 description updated to A03",
    "shared": true
}
12:22:01.702 [main] DEBUG org.apache.http.impl.conn.BasicClientConnectionManager - Get connection for route {}->http://localhost:8080
12:22:01.702 [rp-io-53] DEBUG com.epam.reportportal.service.Launch - ReportPortal item with ID '561c109d-b64d-457b-8e15-9aab05b23bd4' has been created
12:22:01.702 [main] DEBUG org.apache.http.impl.conn.DefaultClientConnectionOperator - Connecting to localhost:8080
12:22:01.702 [rp-io-53] DEBUG com.epam.reportportal.utils.SubscriptionUtils - Start test item successfully completed
12:22:01.703 [main] DEBUG org.apache.http.client.protocol.RequestAddCookies - CookieSpec selected: ignoreCookies
12:22:01.703 [main] DEBUG org.apache.http.client.protocol.RequestAuthCache - Auth cache not set in the context
12:22:01.703 [main] DEBUG org.apache.http.client.protocol.RequestProxyAuthentication - Proxy auth state: UNCHALLENGED
12:22:01.703 [main] DEBUG org.apache.http.impl.client.DefaultHttpClient - Attempt 1 to execute request
12:22:01.703 [main] DEBUG org.apache.http.impl.conn.DefaultClientConnection - Sending request: PUT /api/v1/AUTOMATIONTESTINGADVANCEDPROGRAM/dashboard/113 HTTP/1.1
12:22:01.703 [main] DEBUG org.apache.http.wire -  >> "PUT /api/v1/AUTOMATIONTESTINGADVANCEDPROGRAM/dashboard/113 HTTP/1.1[\r][\n]"
12:22:01.703 [main] DEBUG org.apache.http.wire -  >> "Authorization: Bearer 8bb82a7d-a573-419e-9cce-c2419f308802[\r][\n]"
12:22:01.703 [main] DEBUG org.apache.http.wire -  >> "Accept: */*[\r][\n]"
12:22:01.703 [main] DEBUG org.apache.http.wire -  >> "Content-Type: application/json[\r][\n]"
12:22:01.703 [main] DEBUG org.apache.http.wire -  >> "Content-Length: 122[\r][\n]"
12:22:01.703 [main] DEBUG org.apache.http.wire -  >> "Host: localhost:8080[\r][\n]"
12:22:01.703 [main] DEBUG org.apache.http.wire -  >> "Connection: Keep-Alive[\r][\n]"
12:22:01.703 [main] DEBUG org.apache.http.wire -  >> "User-Agent: Apache-HttpClient/4.5.13 (Java/17.0.3.1)[\r][\n]"
12:22:01.703 [main] DEBUG org.apache.http.wire -  >> "Accept-Encoding: gzip,deflate[\r][\n]"
12:22:01.703 [main] DEBUG org.apache.http.wire -  >> "[\r][\n]"
12:22:01.703 [main] DEBUG org.apache.http.headers - >> PUT /api/v1/AUTOMATIONTESTINGADVANCEDPROGRAM/dashboard/113 HTTP/1.1
12:22:01.703 [main] DEBUG org.apache.http.headers - >> Authorization: Bearer 8bb82a7d-a573-419e-9cce-c2419f308802
12:22:01.703 [main] DEBUG org.apache.http.headers - >> Accept: */*
12:22:01.704 [main] DEBUG org.apache.http.headers - >> Content-Type: application/json
12:22:01.704 [main] DEBUG org.apache.http.headers - >> Content-Length: 122
12:22:01.704 [main] DEBUG org.apache.http.headers - >> Host: localhost:8080
12:22:01.704 [main] DEBUG org.apache.http.headers - >> Connection: Keep-Alive
12:22:01.704 [main] DEBUG org.apache.http.headers - >> User-Agent: Apache-HttpClient/4.5.13 (Java/17.0.3.1)
12:22:01.704 [main] DEBUG org.apache.http.headers - >> Accept-Encoding: gzip,deflate
12:22:01.704 [main] DEBUG org.apache.http.wire -  >> "{"name":"Updated QAT Dashboard A02 to A03","description":"Updated Dashboard A02 description updated to A03","shared":true}"
12:22:01.721 [main] DEBUG org.apache.http.wire -  << "HTTP/1.1 200 OK[\r][\n]"
12:22:01.721 [main] DEBUG org.apache.http.wire -  << "Cache-Control: no-cache, no-store, max-age=0, must-revalidate[\r][\n]"
12:22:01.721 [main] DEBUG org.apache.http.wire -  << "Content-Type: application/json[\r][\n]"
12:22:01.721 [main] DEBUG org.apache.http.wire -  << "Date: Fri, 09 Jun 2023 10:22:01 GMT[\r][\n]"
12:22:01.722 [main] DEBUG org.apache.http.wire -  << "Expires: 0[\r][\n]"
12:22:01.722 [main] DEBUG org.apache.http.wire -  << "Pragma: no-cache[\r][\n]"
12:22:01.722 [main] DEBUG org.apache.http.wire -  << "X-Content-Type-Options: nosniff[\r][\n]"
12:22:01.722 [main] DEBUG org.apache.http.wire -  << "X-Frame-Options: DENY[\r][\n]"
12:22:01.722 [main] DEBUG org.apache.http.wire -  << "X-Xss-Protection: 1; mode=block[\r][\n]"
12:22:01.722 [main] DEBUG org.apache.http.wire -  << "Content-Length: 60[\r][\n]"
12:22:01.722 [main] DEBUG org.apache.http.wire -  << "[\r][\n]"
12:22:01.722 [main] DEBUG org.apache.http.impl.conn.DefaultClientConnection - Receiving response: HTTP/1.1 200 OK
12:22:01.722 [main] DEBUG org.apache.http.headers - << HTTP/1.1 200 OK
12:22:01.722 [main] DEBUG org.apache.http.headers - << Cache-Control: no-cache, no-store, max-age=0, must-revalidate
12:22:01.722 [main] DEBUG org.apache.http.headers - << Content-Type: application/json
12:22:01.722 [main] DEBUG org.apache.http.headers - << Date: Fri, 09 Jun 2023 10:22:01 GMT
12:22:01.722 [main] DEBUG org.apache.http.headers - << Expires: 0
12:22:01.722 [main] DEBUG org.apache.http.headers - << Pragma: no-cache
12:22:01.722 [main] DEBUG org.apache.http.headers - << X-Content-Type-Options: nosniff
12:22:01.722 [main] DEBUG org.apache.http.headers - << X-Frame-Options: DENY
12:22:01.722 [main] DEBUG org.apache.http.headers - << X-Xss-Protection: 1; mode=block
12:22:01.722 [main] DEBUG org.apache.http.headers - << Content-Length: 60
12:22:01.722 [main] DEBUG org.apache.http.impl.client.DefaultHttpClient - Connection can be kept alive indefinitely
12:22:01.722 [main] DEBUG io.restassured.internal.RestAssuredHttpBuilder - Parsing response as: application/json
12:22:01.723 [main] DEBUG io.restassured.internal.RestAssuredHttpBuilder - Parsed data to instance of: class org.apache.http.conn.EofSensorInputStream
12:22:01.724 [main] DEBUG org.apache.http.wire -  << "{"message":"Dashboard with ID = '113' successfully updated"}"
12:22:01.724 [main] DEBUG org.apache.http.impl.conn.BasicClientConnectionManager - Releasing connection org.apache.http.impl.conn.ManagedClientConnectionImpl@789dd6bf
12:22:01.724 [main] DEBUG org.apache.http.impl.conn.BasicClientConnectionManager - Connection can be kept alive indefinitely
HTTP/1.1 200 OK
Cache-Control: no-cache, no-store, max-age=0, must-revalidate
Content-Type: application/json
Date: Fri, 09 Jun 2023 10:22:01 GMT
Expires: 0
Pragma: no-cache
X-Content-Type-Options: nosniff
X-Frame-Options: DENY
X-Xss-Protection: 1; mode=block
Content-Length: 60

{
    "message": "Dashboard with ID = '113' successfully updated"
}
2023-06-09 12:22:01 INFO  Listeners:38 - Succeeded Test null
]]></system-out>
  </testcase>
  <testcase name="i_updateDashboardNameRQ_PATCH" classname="alltests.apitest.DashboardControllerTest" time="0.094">
    <system-out><![CDATA[12:22:01.727 [rp-io-57] DEBUG com.epam.reportportal.service.Launch - Starting test item...rp-io-57
2023-06-09 12:22:01 INFO  Listeners:34 - Started Test null
2023-06-09 12:22:01 INFO  DashboardControllerTest:99 - i_updateDashboardNameRQ_PATCH
Request method:	PATCH
Request URI:	http://localhost:8080/api/v1/AUTOMATIONTESTINGADVANCEDPROGRAM/dashboard/113
Proxy:			<none>
Request params:	<none>
Query params:	<none>
Form params:	<none>
Path params:	id=113
Headers:		Authorization=Bearer 8bb82a7d-a573-419e-9cce-c2419f308802
				Accept=*/*
				Content-Type=application/json
Cookies:		<none>
Multiparts:		<none>
Body:
{
    "name": "Updated QAT Dashboard A03 to A04",
    "description": null,
    "shared": false
}
12:22:01.749 [main] DEBUG org.apache.http.impl.conn.BasicClientConnectionManager - Get connection for route {}->http://localhost:8080
12:22:01.749 [main] DEBUG org.apache.http.impl.conn.DefaultClientConnectionOperator - Connecting to localhost:8080
12:22:01.750 [main] DEBUG org.apache.http.client.protocol.RequestAddCookies - CookieSpec selected: ignoreCookies
12:22:01.750 [main] DEBUG org.apache.http.client.protocol.RequestAuthCache - Auth cache not set in the context
12:22:01.750 [main] DEBUG org.apache.http.client.protocol.RequestProxyAuthentication - Proxy auth state: UNCHALLENGED
12:22:01.750 [main] DEBUG org.apache.http.impl.client.DefaultHttpClient - Attempt 1 to execute request
12:22:01.750 [main] DEBUG org.apache.http.impl.conn.DefaultClientConnection - Sending request: PATCH /api/v1/AUTOMATIONTESTINGADVANCEDPROGRAM/dashboard/113 HTTP/1.1
12:22:01.750 [main] DEBUG org.apache.http.wire -  >> "PATCH /api/v1/AUTOMATIONTESTINGADVANCEDPROGRAM/dashboard/113 HTTP/1.1[\r][\n]"
12:22:01.750 [main] DEBUG org.apache.http.wire -  >> "Authorization: Bearer 8bb82a7d-a573-419e-9cce-c2419f308802[\r][\n]"
12:22:01.750 [main] DEBUG org.apache.http.wire -  >> "Accept: */*[\r][\n]"
12:22:01.750 [main] DEBUG org.apache.http.wire -  >> "Content-Type: application/json[\r][\n]"
12:22:01.750 [main] DEBUG org.apache.http.wire -  >> "Content-Length: 77[\r][\n]"
12:22:01.750 [main] DEBUG org.apache.http.wire -  >> "Host: localhost:8080[\r][\n]"
12:22:01.750 [main] DEBUG org.apache.http.wire -  >> "Connection: Keep-Alive[\r][\n]"
12:22:01.750 [main] DEBUG org.apache.http.wire -  >> "User-Agent: Apache-HttpClient/4.5.13 (Java/17.0.3.1)[\r][\n]"
12:22:01.750 [main] DEBUG org.apache.http.wire -  >> "Accept-Encoding: gzip,deflate[\r][\n]"
12:22:01.750 [main] DEBUG org.apache.http.wire -  >> "[\r][\n]"
12:22:01.750 [main] DEBUG org.apache.http.headers - >> PATCH /api/v1/AUTOMATIONTESTINGADVANCEDPROGRAM/dashboard/113 HTTP/1.1
12:22:01.751 [main] DEBUG org.apache.http.headers - >> Authorization: Bearer 8bb82a7d-a573-419e-9cce-c2419f308802
12:22:01.751 [main] DEBUG org.apache.http.headers - >> Accept: */*
12:22:01.751 [main] DEBUG org.apache.http.headers - >> Content-Type: application/json
12:22:01.751 [main] DEBUG org.apache.http.headers - >> Content-Length: 77
12:22:01.751 [main] DEBUG org.apache.http.headers - >> Host: localhost:8080
12:22:01.751 [main] DEBUG org.apache.http.headers - >> Connection: Keep-Alive
12:22:01.751 [main] DEBUG org.apache.http.headers - >> User-Agent: Apache-HttpClient/4.5.13 (Java/17.0.3.1)
12:22:01.751 [main] DEBUG org.apache.http.headers - >> Accept-Encoding: gzip,deflate
12:22:01.751 [main] DEBUG org.apache.http.wire -  >> "{"name":"Updated QAT Dashboard A03 to A04","description":null,"shared":false}"
12:22:01.755 [rp-io-56] DEBUG com.epam.reportportal.service.Launch - TestItem with ID = '561c109d-b64d-457b-8e15-9aab05b23bd4' successfully finished.
12:22:01.756 [rp-io-56] DEBUG com.epam.reportportal.utils.SubscriptionUtils - Finish test item completed
12:22:01.762 [rp-io-59] DEBUG com.epam.reportportal.service.Launch - ReportPortal item with ID '2bc4612d-3eba-4ca6-b17d-18892cf10619' has been created
12:22:01.763 [rp-io-59] DEBUG com.epam.reportportal.utils.SubscriptionUtils - Start test item successfully completed
12:22:01.766 [main] DEBUG org.apache.http.wire -  << "HTTP/1.1 405 Method Not Allowed[\r][\n]"
12:22:01.766 [main] DEBUG org.apache.http.wire -  << "Allow: GET, PUT, DELETE[\r][\n]"
12:22:01.766 [main] DEBUG org.apache.http.wire -  << "Cache-Control: no-cache, no-store, max-age=0, must-revalidate[\r][\n]"
12:22:01.766 [main] DEBUG org.apache.http.wire -  << "Content-Type: application/json[\r][\n]"
12:22:01.766 [main] DEBUG org.apache.http.wire -  << "Date: Fri, 09 Jun 2023 10:22:01 GMT[\r][\n]"
12:22:01.766 [main] DEBUG org.apache.http.wire -  << "Expires: 0[\r][\n]"
12:22:01.766 [main] DEBUG org.apache.http.wire -  << "Pragma: no-cache[\r][\n]"
12:22:01.766 [main] DEBUG org.apache.http.wire -  << "X-Content-Type-Options: nosniff[\r][\n]"
12:22:01.766 [main] DEBUG org.apache.http.wire -  << "X-Frame-Options: DENY[\r][\n]"
12:22:01.766 [main] DEBUG org.apache.http.wire -  << "X-Xss-Protection: 1; mode=block[\r][\n]"
12:22:01.766 [main] DEBUG org.apache.http.wire -  << "Content-Length: 129[\r][\n]"
12:22:01.766 [main] DEBUG org.apache.http.wire -  << "[\r][\n]"
12:22:01.766 [main] DEBUG org.apache.http.impl.conn.DefaultClientConnection - Receiving response: HTTP/1.1 405 Method Not Allowed
12:22:01.766 [main] DEBUG org.apache.http.headers - << HTTP/1.1 405 Method Not Allowed
12:22:01.766 [main] DEBUG org.apache.http.headers - << Allow: GET, PUT, DELETE
12:22:01.766 [main] DEBUG org.apache.http.headers - << Cache-Control: no-cache, no-store, max-age=0, must-revalidate
12:22:01.766 [main] DEBUG org.apache.http.headers - << Content-Type: application/json
12:22:01.766 [main] DEBUG org.apache.http.headers - << Date: Fri, 09 Jun 2023 10:22:01 GMT
12:22:01.766 [main] DEBUG org.apache.http.headers - << Expires: 0
12:22:01.766 [main] DEBUG org.apache.http.headers - << Pragma: no-cache
12:22:01.766 [main] DEBUG org.apache.http.headers - << X-Content-Type-Options: nosniff
12:22:01.766 [main] DEBUG org.apache.http.headers - << X-Frame-Options: DENY
12:22:01.766 [main] DEBUG org.apache.http.headers - << X-Xss-Protection: 1; mode=block
12:22:01.766 [main] DEBUG org.apache.http.headers - << Content-Length: 129
12:22:01.766 [main] DEBUG org.apache.http.impl.client.DefaultHttpClient - Connection can be kept alive indefinitely
12:22:01.766 [main] DEBUG io.restassured.internal.RestAssuredHttpBuilder - Parsing response as: application/json
12:22:01.766 [main] DEBUG io.restassured.internal.RestAssuredHttpBuilder - Parsed data to instance of: class org.apache.http.conn.EofSensorInputStream
12:22:01.767 [main] DEBUG org.apache.http.wire -  << "{"timestamp":1686306121764,"status":405,"error":"Method Not Allowed","path":"/v1/AUTOMATIONTESTINGADVANCEDPROGRAM/dashboard/113"}"
12:22:01.767 [main] DEBUG org.apache.http.impl.conn.BasicClientConnectionManager - Releasing connection org.apache.http.impl.conn.ManagedClientConnectionImpl@6cc8da1c
12:22:01.767 [main] DEBUG org.apache.http.impl.conn.BasicClientConnectionManager - Connection can be kept alive indefinitely
HTTP/1.1 405 Method Not Allowed
Allow: GET, PUT, DELETE
Cache-Control: no-cache, no-store, max-age=0, must-revalidate
Content-Type: application/json
Date: Fri, 09 Jun 2023 10:22:01 GMT
Expires: 0
Pragma: no-cache
X-Content-Type-Options: nosniff
X-Frame-Options: DENY
X-Xss-Protection: 1; mode=block
Content-Length: 129

{
    "timestamp": 1686306121764,
    "status": 405,
    "error": "Method Not Allowed",
    "path": "/v1/AUTOMATIONTESTINGADVANCEDPROGRAM/dashboard/113"
}
2023-06-09 12:22:01 INFO  Listeners:38 - Succeeded Test null
]]></system-out>
  </testcase>
  <testcase name="j_updateDashboardWithNull_PATCH" classname="alltests.apitest.DashboardControllerTest" time="0.064">
    <system-out><![CDATA[12:22:01.789 [rp-io-63] DEBUG com.epam.reportportal.service.Launch - Starting test item...rp-io-63
2023-06-09 12:22:01 INFO  Listeners:34 - Started Test null
2023-06-09 12:22:01 INFO  DashboardControllerTest:108 - j_updateDashboardWithNull_PATCH
Request method:	PATCH
Request URI:	http://localhost:8080/api/v1/AUTOMATIONTESTINGADVANCEDPROGRAM/dashboard/113
Proxy:			<none>
Request params:	<none>
Query params:	<none>
Form params:	<none>
Path params:	id=113
Headers:		Authorization=Bearer 8bb82a7d-a573-419e-9cce-c2419f308802
				Accept=*/*
				Content-Type=application/json
Cookies:		<none>
Multiparts:		<none>
Body:
{
    "name": "",
    "description": null,
    "shared": false
}
12:22:01.815 [main] DEBUG org.apache.http.impl.conn.BasicClientConnectionManager - Get connection for route {}->http://localhost:8080
12:22:01.815 [main] DEBUG org.apache.http.impl.conn.DefaultClientConnectionOperator - Connecting to localhost:8080
12:22:01.817 [main] DEBUG org.apache.http.client.protocol.RequestAddCookies - CookieSpec selected: ignoreCookies
12:22:01.818 [main] DEBUG org.apache.http.client.protocol.RequestAuthCache - Auth cache not set in the context
12:22:01.819 [main] DEBUG org.apache.http.client.protocol.RequestProxyAuthentication - Proxy auth state: UNCHALLENGED
12:22:01.819 [main] DEBUG org.apache.http.impl.client.DefaultHttpClient - Attempt 1 to execute request
12:22:01.819 [main] DEBUG org.apache.http.impl.conn.DefaultClientConnection - Sending request: PATCH /api/v1/AUTOMATIONTESTINGADVANCEDPROGRAM/dashboard/113 HTTP/1.1
12:22:01.819 [main] DEBUG org.apache.http.wire -  >> "PATCH /api/v1/AUTOMATIONTESTINGADVANCEDPROGRAM/dashboard/113 HTTP/1.1[\r][\n]"
12:22:01.819 [main] DEBUG org.apache.http.wire -  >> "Authorization: Bearer 8bb82a7d-a573-419e-9cce-c2419f308802[\r][\n]"
12:22:01.819 [main] DEBUG org.apache.http.wire -  >> "Accept: */*[\r][\n]"
12:22:01.819 [main] DEBUG org.apache.http.wire -  >> "Content-Type: application/json[\r][\n]"
12:22:01.819 [main] DEBUG org.apache.http.wire -  >> "Content-Length: 45[\r][\n]"
12:22:01.819 [main] DEBUG org.apache.http.wire -  >> "Host: localhost:8080[\r][\n]"
12:22:01.819 [main] DEBUG org.apache.http.wire -  >> "Connection: Keep-Alive[\r][\n]"
12:22:01.819 [main] DEBUG org.apache.http.wire -  >> "User-Agent: Apache-HttpClient/4.5.13 (Java/17.0.3.1)[\r][\n]"
12:22:01.819 [main] DEBUG org.apache.http.wire -  >> "Accept-Encoding: gzip,deflate[\r][\n]"
12:22:01.819 [main] DEBUG org.apache.http.wire -  >> "[\r][\n]"
12:22:01.819 [main] DEBUG org.apache.http.headers - >> PATCH /api/v1/AUTOMATIONTESTINGADVANCEDPROGRAM/dashboard/113 HTTP/1.1
12:22:01.819 [main] DEBUG org.apache.http.headers - >> Authorization: Bearer 8bb82a7d-a573-419e-9cce-c2419f308802
12:22:01.819 [main] DEBUG org.apache.http.headers - >> Accept: */*
12:22:01.819 [main] DEBUG org.apache.http.headers - >> Content-Type: application/json
12:22:01.819 [main] DEBUG org.apache.http.headers - >> Content-Length: 45
12:22:01.819 [main] DEBUG org.apache.http.headers - >> Host: localhost:8080
12:22:01.819 [main] DEBUG org.apache.http.headers - >> Connection: Keep-Alive
12:22:01.819 [main] DEBUG org.apache.http.headers - >> User-Agent: Apache-HttpClient/4.5.13 (Java/17.0.3.1)
12:22:01.819 [main] DEBUG org.apache.http.headers - >> Accept-Encoding: gzip,deflate
12:22:01.819 [main] DEBUG org.apache.http.wire -  >> "{"name":"","description":null,"shared":false}"
12:22:01.820 [rp-io-65] DEBUG com.epam.reportportal.service.Launch - ReportPortal item with ID '999c298f-d4ee-46ec-a8f1-1a34239bec44' has been created
12:22:01.820 [rp-io-65] DEBUG com.epam.reportportal.utils.SubscriptionUtils - Start test item successfully completed
12:22:01.820 [rp-io-62] DEBUG com.epam.reportportal.service.Launch - TestItem with ID = '2bc4612d-3eba-4ca6-b17d-18892cf10619' successfully finished.
12:22:01.820 [rp-io-62] DEBUG com.epam.reportportal.utils.SubscriptionUtils - Finish test item completed
12:22:01.836 [main] DEBUG org.apache.http.wire -  << "HTTP/1.1 405 Method Not Allowed[\r][\n]"
12:22:01.836 [main] DEBUG org.apache.http.wire -  << "Allow: GET, PUT, DELETE[\r][\n]"
12:22:01.836 [main] DEBUG org.apache.http.wire -  << "Cache-Control: no-cache, no-store, max-age=0, must-revalidate[\r][\n]"
12:22:01.836 [main] DEBUG org.apache.http.wire -  << "Content-Type: application/json[\r][\n]"
12:22:01.836 [main] DEBUG org.apache.http.wire -  << "Date: Fri, 09 Jun 2023 10:22:01 GMT[\r][\n]"
12:22:01.836 [main] DEBUG org.apache.http.wire -  << "Expires: 0[\r][\n]"
12:22:01.836 [main] DEBUG org.apache.http.wire -  << "Pragma: no-cache[\r][\n]"
12:22:01.836 [main] DEBUG org.apache.http.wire -  << "X-Content-Type-Options: nosniff[\r][\n]"
12:22:01.836 [main] DEBUG org.apache.http.wire -  << "X-Frame-Options: DENY[\r][\n]"
12:22:01.836 [main] DEBUG org.apache.http.wire -  << "X-Xss-Protection: 1; mode=block[\r][\n]"
12:22:01.836 [main] DEBUG org.apache.http.wire -  << "Content-Length: 129[\r][\n]"
12:22:01.836 [main] DEBUG org.apache.http.wire -  << "[\r][\n]"
12:22:01.836 [main] DEBUG org.apache.http.impl.conn.DefaultClientConnection - Receiving response: HTTP/1.1 405 Method Not Allowed
12:22:01.836 [main] DEBUG org.apache.http.headers - << HTTP/1.1 405 Method Not Allowed
12:22:01.836 [main] DEBUG org.apache.http.headers - << Allow: GET, PUT, DELETE
12:22:01.836 [main] DEBUG org.apache.http.headers - << Cache-Control: no-cache, no-store, max-age=0, must-revalidate
12:22:01.836 [main] DEBUG org.apache.http.headers - << Content-Type: application/json
12:22:01.836 [main] DEBUG org.apache.http.headers - << Date: Fri, 09 Jun 2023 10:22:01 GMT
12:22:01.836 [main] DEBUG org.apache.http.headers - << Expires: 0
12:22:01.836 [main] DEBUG org.apache.http.headers - << Pragma: no-cache
12:22:01.836 [main] DEBUG org.apache.http.headers - << X-Content-Type-Options: nosniff
12:22:01.836 [main] DEBUG org.apache.http.headers - << X-Frame-Options: DENY
12:22:01.836 [main] DEBUG org.apache.http.headers - << X-Xss-Protection: 1; mode=block
12:22:01.836 [main] DEBUG org.apache.http.headers - << Content-Length: 129
12:22:01.836 [main] DEBUG org.apache.http.impl.client.DefaultHttpClient - Connection can be kept alive indefinitely
12:22:01.836 [main] DEBUG io.restassured.internal.RestAssuredHttpBuilder - Parsing response as: application/json
12:22:01.836 [main] DEBUG io.restassured.internal.RestAssuredHttpBuilder - Parsed data to instance of: class org.apache.http.conn.EofSensorInputStream
12:22:01.837 [main] DEBUG org.apache.http.wire -  << "{"timestamp":1686306121834,"status":405,"error":"Method Not Allowed","path":"/v1/AUTOMATIONTESTINGADVANCEDPROGRAM/dashboard/113"}"
12:22:01.837 [main] DEBUG org.apache.http.impl.conn.BasicClientConnectionManager - Releasing connection org.apache.http.impl.conn.ManagedClientConnectionImpl@100807ca
12:22:01.837 [main] DEBUG org.apache.http.impl.conn.BasicClientConnectionManager - Connection can be kept alive indefinitely
HTTP/1.1 405 Method Not Allowed
Allow: GET, PUT, DELETE
Cache-Control: no-cache, no-store, max-age=0, must-revalidate
Content-Type: application/json
Date: Fri, 09 Jun 2023 10:22:01 GMT
Expires: 0
Pragma: no-cache
X-Content-Type-Options: nosniff
X-Frame-Options: DENY
X-Xss-Protection: 1; mode=block
Content-Length: 129

{
    "timestamp": 1686306121834,
    "status": 405,
    "error": "Method Not Allowed",
    "path": "/v1/AUTOMATIONTESTINGADVANCEDPROGRAM/dashboard/113"
}
2023-06-09 12:22:01 INFO  Listeners:38 - Succeeded Test null
]]></system-out>
  </testcase>
  <testcase name="k_deleteDashboardById_DELETE" classname="alltests.apitest.DashboardControllerTest" time="0.05">
    <system-out><![CDATA[2023-06-09 12:22:01 INFO  Listeners:34 - Started Test null
12:22:01.868 [rp-io-69] DEBUG com.epam.reportportal.service.Launch - Starting test item...rp-io-69
2023-06-09 12:22:01 INFO  DashboardControllerTest:117 - k_deleteDashboardById_DELETE
Request method:	DELETE
Request URI:	http://localhost:8080/api/v1/AUTOMATIONTESTINGADVANCEDPROGRAM/dashboard/113
Proxy:			<none>
Request params:	<none>
Query params:	<none>
Form params:	<none>
Path params:	id=113
Headers:		Authorization=Bearer 8bb82a7d-a573-419e-9cce-c2419f308802
				Accept=*/*
				Content-Type=application/json
Cookies:		<none>
Multiparts:		<none>
Body:			<none>
12:22:01.890 [rp-io-68] DEBUG com.epam.reportportal.service.Launch - TestItem with ID = '999c298f-d4ee-46ec-a8f1-1a34239bec44' successfully finished.
12:22:01.890 [rp-io-68] DEBUG com.epam.reportportal.utils.SubscriptionUtils - Finish test item completed
12:22:01.894 [main] DEBUG org.apache.http.impl.conn.BasicClientConnectionManager - Get connection for route {}->http://localhost:8080
12:22:01.894 [main] DEBUG org.apache.http.impl.conn.DefaultClientConnectionOperator - Connecting to localhost:8080
12:22:01.895 [main] DEBUG org.apache.http.client.protocol.RequestAddCookies - CookieSpec selected: ignoreCookies
12:22:01.895 [main] DEBUG org.apache.http.client.protocol.RequestAuthCache - Auth cache not set in the context
12:22:01.895 [main] DEBUG org.apache.http.client.protocol.RequestProxyAuthentication - Proxy auth state: UNCHALLENGED
12:22:01.895 [main] DEBUG org.apache.http.impl.client.DefaultHttpClient - Attempt 1 to execute request
12:22:01.895 [main] DEBUG org.apache.http.impl.conn.DefaultClientConnection - Sending request: DELETE /api/v1/AUTOMATIONTESTINGADVANCEDPROGRAM/dashboard/113 HTTP/1.1
12:22:01.895 [main] DEBUG org.apache.http.wire -  >> "DELETE /api/v1/AUTOMATIONTESTINGADVANCEDPROGRAM/dashboard/113 HTTP/1.1[\r][\n]"
12:22:01.895 [main] DEBUG org.apache.http.wire -  >> "Content-Type: application/json[\r][\n]"
12:22:01.895 [main] DEBUG org.apache.http.wire -  >> "Authorization: Bearer 8bb82a7d-a573-419e-9cce-c2419f308802[\r][\n]"
12:22:01.895 [main] DEBUG org.apache.http.wire -  >> "Accept: */*[\r][\n]"
12:22:01.895 [main] DEBUG org.apache.http.wire -  >> "Host: localhost:8080[\r][\n]"
12:22:01.895 [main] DEBUG org.apache.http.wire -  >> "Connection: Keep-Alive[\r][\n]"
12:22:01.895 [main] DEBUG org.apache.http.wire -  >> "User-Agent: Apache-HttpClient/4.5.13 (Java/17.0.3.1)[\r][\n]"
12:22:01.895 [main] DEBUG org.apache.http.wire -  >> "Accept-Encoding: gzip,deflate[\r][\n]"
12:22:01.896 [main] DEBUG org.apache.http.wire -  >> "[\r][\n]"
12:22:01.896 [main] DEBUG org.apache.http.headers - >> DELETE /api/v1/AUTOMATIONTESTINGADVANCEDPROGRAM/dashboard/113 HTTP/1.1
12:22:01.896 [main] DEBUG org.apache.http.headers - >> Content-Type: application/json
12:22:01.896 [main] DEBUG org.apache.http.headers - >> Authorization: Bearer 8bb82a7d-a573-419e-9cce-c2419f308802
12:22:01.896 [main] DEBUG org.apache.http.headers - >> Accept: */*
12:22:01.896 [main] DEBUG org.apache.http.headers - >> Host: localhost:8080
12:22:01.896 [main] DEBUG org.apache.http.headers - >> Connection: Keep-Alive
12:22:01.896 [main] DEBUG org.apache.http.headers - >> User-Agent: Apache-HttpClient/4.5.13 (Java/17.0.3.1)
12:22:01.896 [main] DEBUG org.apache.http.headers - >> Accept-Encoding: gzip,deflate
12:22:01.899 [rp-io-71] DEBUG com.epam.reportportal.service.Launch - ReportPortal item with ID 'a76e1dd2-b05f-42e6-9a06-c07b12dda1c8' has been created
12:22:01.899 [rp-io-71] DEBUG com.epam.reportportal.utils.SubscriptionUtils - Start test item successfully completed
12:22:01.913 [main] DEBUG org.apache.http.wire -  << "HTTP/1.1 200 OK[\r][\n]"
12:22:01.913 [main] DEBUG org.apache.http.wire -  << "Cache-Control: no-cache, no-store, max-age=0, must-revalidate[\r][\n]"
12:22:01.913 [main] DEBUG org.apache.http.wire -  << "Content-Type: application/json[\r][\n]"
12:22:01.913 [main] DEBUG org.apache.http.wire -  << "Date: Fri, 09 Jun 2023 10:22:01 GMT[\r][\n]"
12:22:01.913 [main] DEBUG org.apache.http.wire -  << "Expires: 0[\r][\n]"
12:22:01.913 [main] DEBUG org.apache.http.wire -  << "Pragma: no-cache[\r][\n]"
12:22:01.913 [main] DEBUG org.apache.http.wire -  << "X-Content-Type-Options: nosniff[\r][\n]"
12:22:01.913 [main] DEBUG org.apache.http.wire -  << "X-Frame-Options: DENY[\r][\n]"
12:22:01.913 [main] DEBUG org.apache.http.wire -  << "X-Xss-Protection: 1; mode=block[\r][\n]"
12:22:01.913 [main] DEBUG org.apache.http.wire -  << "Content-Length: 61[\r][\n]"
12:22:01.913 [main] DEBUG org.apache.http.wire -  << "[\r][\n]"
12:22:01.913 [main] DEBUG org.apache.http.impl.conn.DefaultClientConnection - Receiving response: HTTP/1.1 200 OK
12:22:01.913 [main] DEBUG org.apache.http.headers - << HTTP/1.1 200 OK
12:22:01.913 [main] DEBUG org.apache.http.headers - << Cache-Control: no-cache, no-store, max-age=0, must-revalidate
12:22:01.913 [main] DEBUG org.apache.http.headers - << Content-Type: application/json
12:22:01.913 [main] DEBUG org.apache.http.headers - << Date: Fri, 09 Jun 2023 10:22:01 GMT
12:22:01.913 [main] DEBUG org.apache.http.headers - << Expires: 0
12:22:01.913 [main] DEBUG org.apache.http.headers - << Pragma: no-cache
12:22:01.913 [main] DEBUG org.apache.http.headers - << X-Content-Type-Options: nosniff
12:22:01.913 [main] DEBUG org.apache.http.headers - << X-Frame-Options: DENY
12:22:01.913 [main] DEBUG org.apache.http.headers - << X-Xss-Protection: 1; mode=block
12:22:01.913 [main] DEBUG org.apache.http.headers - << Content-Length: 61
12:22:01.913 [main] DEBUG org.apache.http.impl.client.DefaultHttpClient - Connection can be kept alive indefinitely
12:22:01.914 [main] DEBUG io.restassured.internal.RestAssuredHttpBuilder - Parsing response as: application/json
12:22:01.914 [main] DEBUG io.restassured.internal.RestAssuredHttpBuilder - Parsed data to instance of: class org.apache.http.conn.EofSensorInputStream
12:22:01.916 [main] DEBUG org.apache.http.wire -  << "{"message":"Dashboard with ID = '113' successfully deleted."}"
12:22:01.916 [main] DEBUG org.apache.http.impl.conn.BasicClientConnectionManager - Releasing connection org.apache.http.impl.conn.ManagedClientConnectionImpl@1488a861
12:22:01.916 [main] DEBUG org.apache.http.impl.conn.BasicClientConnectionManager - Connection can be kept alive indefinitely
HTTP/1.1 200 OK
Cache-Control: no-cache, no-store, max-age=0, must-revalidate
Content-Type: application/json
Date: Fri, 09 Jun 2023 10:22:01 GMT
Expires: 0
Pragma: no-cache
X-Content-Type-Options: nosniff
X-Frame-Options: DENY
X-Xss-Protection: 1; mode=block
Content-Length: 61

{
    "message": "Dashboard with ID = '113' successfully deleted."
}
2023-06-09 12:22:01 INFO  Listeners:38 - Succeeded Test null
]]></system-out>
  </testcase>
  <testcase name="l_deleteDashboardByIdThatDoesNotExist_DELETE" classname="alltests.apitest.DashboardControllerTest" time="0.096">
    <system-out><![CDATA[12:22:01.935 [rp-io-75] DEBUG com.epam.reportportal.service.Launch - Starting test item...rp-io-75
2023-06-09 12:22:01 INFO  Listeners:34 - Started Test null
2023-06-09 12:22:01 INFO  DashboardControllerTest:125 - l_deleteDashboardByIdThatDoesNotExist_DELETE
Request method:	DELETE
Request URI:	http://localhost:8080/api/v1/AUTOMATIONTESTINGADVANCEDPROGRAM/dashboard/113
Proxy:			<none>
Request params:	<none>
Query params:	<none>
Form params:	<none>
Path params:	id=113
Headers:		Authorization=Bearer 8bb82a7d-a573-419e-9cce-c2419f308802
				Accept=*/*
				Content-Type=application/json
Cookies:		<none>
Multiparts:		<none>
Body:			<none>
12:22:01.954 [rp-io-74] DEBUG com.epam.reportportal.service.Launch - TestItem with ID = 'a76e1dd2-b05f-42e6-9a06-c07b12dda1c8' successfully finished.
12:22:01.954 [rp-io-74] DEBUG com.epam.reportportal.utils.SubscriptionUtils - Finish test item completed
12:22:01.954 [main] DEBUG org.apache.http.impl.conn.BasicClientConnectionManager - Get connection for route {}->http://localhost:8080
12:22:01.954 [main] DEBUG org.apache.http.impl.conn.DefaultClientConnectionOperator - Connecting to localhost:8080
12:22:01.955 [main] DEBUG org.apache.http.client.protocol.RequestAddCookies - CookieSpec selected: ignoreCookies
12:22:01.955 [main] DEBUG org.apache.http.client.protocol.RequestAuthCache - Auth cache not set in the context
12:22:01.955 [main] DEBUG org.apache.http.client.protocol.RequestProxyAuthentication - Proxy auth state: UNCHALLENGED
12:22:01.956 [main] DEBUG org.apache.http.impl.client.DefaultHttpClient - Attempt 1 to execute request
12:22:01.956 [main] DEBUG org.apache.http.impl.conn.DefaultClientConnection - Sending request: DELETE /api/v1/AUTOMATIONTESTINGADVANCEDPROGRAM/dashboard/113 HTTP/1.1
12:22:01.956 [main] DEBUG org.apache.http.wire -  >> "DELETE /api/v1/AUTOMATIONTESTINGADVANCEDPROGRAM/dashboard/113 HTTP/1.1[\r][\n]"
12:22:01.956 [main] DEBUG org.apache.http.wire -  >> "Content-Type: application/json[\r][\n]"
12:22:01.956 [main] DEBUG org.apache.http.wire -  >> "Authorization: Bearer 8bb82a7d-a573-419e-9cce-c2419f308802[\r][\n]"
12:22:01.956 [main] DEBUG org.apache.http.wire -  >> "Accept: */*[\r][\n]"
12:22:01.956 [main] DEBUG org.apache.http.wire -  >> "Host: localhost:8080[\r][\n]"
12:22:01.956 [main] DEBUG org.apache.http.wire -  >> "Connection: Keep-Alive[\r][\n]"
12:22:01.957 [main] DEBUG org.apache.http.wire -  >> "User-Agent: Apache-HttpClient/4.5.13 (Java/17.0.3.1)[\r][\n]"
12:22:01.957 [main] DEBUG org.apache.http.wire -  >> "Accept-Encoding: gzip,deflate[\r][\n]"
12:22:01.957 [main] DEBUG org.apache.http.wire -  >> "[\r][\n]"
12:22:01.957 [main] DEBUG org.apache.http.headers - >> DELETE /api/v1/AUTOMATIONTESTINGADVANCEDPROGRAM/dashboard/113 HTTP/1.1
12:22:01.957 [main] DEBUG org.apache.http.headers - >> Content-Type: application/json
12:22:01.957 [main] DEBUG org.apache.http.headers - >> Authorization: Bearer 8bb82a7d-a573-419e-9cce-c2419f308802
12:22:01.957 [main] DEBUG org.apache.http.headers - >> Accept: */*
12:22:01.957 [main] DEBUG org.apache.http.headers - >> Host: localhost:8080
12:22:01.957 [main] DEBUG org.apache.http.headers - >> Connection: Keep-Alive
12:22:01.957 [main] DEBUG org.apache.http.headers - >> User-Agent: Apache-HttpClient/4.5.13 (Java/17.0.3.1)
12:22:01.957 [main] DEBUG org.apache.http.headers - >> Accept-Encoding: gzip,deflate
12:22:01.966 [rp-io-77] DEBUG com.epam.reportportal.service.Launch - ReportPortal item with ID '1f0706ed-62dc-432e-8430-0415295607b1' has been created
12:22:01.966 [rp-io-77] DEBUG com.epam.reportportal.utils.SubscriptionUtils - Start test item successfully completed
12:22:01.970 [main] DEBUG org.apache.http.wire -  << "HTTP/1.1 404 Not Found[\r][\n]"
12:22:01.970 [main] DEBUG org.apache.http.wire -  << "Cache-Control: no-cache, no-store, max-age=0, must-revalidate[\r][\n]"
12:22:01.970 [main] DEBUG org.apache.http.wire -  << "Content-Type: application/json[\r][\n]"
12:22:01.970 [main] DEBUG org.apache.http.wire -  << "Date: Fri, 09 Jun 2023 10:22:01 GMT[\r][\n]"
12:22:01.970 [main] DEBUG org.apache.http.wire -  << "Expires: 0[\r][\n]"
12:22:01.970 [main] DEBUG org.apache.http.wire -  << "Pragma: no-cache[\r][\n]"
12:22:01.970 [main] DEBUG org.apache.http.wire -  << "X-Content-Type-Options: nosniff[\r][\n]"
12:22:01.970 [main] DEBUG org.apache.http.wire -  << "X-Frame-Options: DENY[\r][\n]"
12:22:01.970 [main] DEBUG org.apache.http.wire -  << "X-Xss-Protection: 1; mode=block[\r][\n]"
12:22:01.970 [main] DEBUG org.apache.http.wire -  << "Content-Length: 146[\r][\n]"
12:22:01.970 [main] DEBUG org.apache.http.wire -  << "[\r][\n]"
12:22:01.970 [main] DEBUG org.apache.http.impl.conn.DefaultClientConnection - Receiving response: HTTP/1.1 404 Not Found
12:22:01.970 [main] DEBUG org.apache.http.headers - << HTTP/1.1 404 Not Found
12:22:01.970 [main] DEBUG org.apache.http.headers - << Cache-Control: no-cache, no-store, max-age=0, must-revalidate
12:22:01.970 [main] DEBUG org.apache.http.headers - << Content-Type: application/json
12:22:01.970 [main] DEBUG org.apache.http.headers - << Date: Fri, 09 Jun 2023 10:22:01 GMT
12:22:01.970 [main] DEBUG org.apache.http.headers - << Expires: 0
12:22:01.970 [main] DEBUG org.apache.http.headers - << Pragma: no-cache
12:22:01.970 [main] DEBUG org.apache.http.headers - << X-Content-Type-Options: nosniff
12:22:01.970 [main] DEBUG org.apache.http.headers - << X-Frame-Options: DENY
12:22:01.971 [main] DEBUG org.apache.http.headers - << X-Xss-Protection: 1; mode=block
12:22:01.971 [main] DEBUG org.apache.http.headers - << Content-Length: 146
12:22:01.971 [main] DEBUG org.apache.http.impl.client.DefaultHttpClient - Connection can be kept alive indefinitely
12:22:01.971 [main] DEBUG io.restassured.internal.RestAssuredHttpBuilder - Parsing response as: application/json
12:22:01.971 [main] DEBUG io.restassured.internal.RestAssuredHttpBuilder - Parsed data to instance of: class org.apache.http.conn.EofSensorInputStream
12:22:01.972 [main] DEBUG org.apache.http.wire -  << "{"errorCode":40422,"message":"Dashboard with ID '113' not found on project 'automationtestingadvancedprogram'. Did you use correct Dashboard ID?"}"
12:22:01.972 [main] DEBUG org.apache.http.impl.conn.BasicClientConnectionManager - Releasing connection org.apache.http.impl.conn.ManagedClientConnectionImpl@13dd7887
12:22:01.972 [main] DEBUG org.apache.http.impl.conn.BasicClientConnectionManager - Connection can be kept alive indefinitely
HTTP/1.1 404 Not Found
Cache-Control: no-cache, no-store, max-age=0, must-revalidate
Content-Type: application/json
Date: Fri, 09 Jun 2023 10:22:01 GMT
Expires: 0
Pragma: no-cache
X-Content-Type-Options: nosniff
X-Frame-Options: DENY
X-Xss-Protection: 1; mode=block
Content-Length: 146

{
    "errorCode": 40422,
    "message": "Dashboard with ID '113' not found on project 'automationtestingadvancedprogram'. Did you use correct Dashboard ID?"
}
2023-06-09 12:22:01 INFO  Listeners:38 - Succeeded Test null
]]></system-out>
  </testcase>
  <testcase name="m_updateNonExistedDashboard_PUT" classname="alltests.apitest.DashboardControllerTest" time="0.097">
    <system-out><![CDATA[2023-06-09 12:22:02 INFO  Listeners:34 - Started Test null
2023-06-09 12:22:02 INFO  DashboardControllerTest:134 - m_updateNonExistedDashboard_PUT
12:22:02.004 [rp-io-81] DEBUG com.epam.reportportal.service.Launch - Starting test item...rp-io-81
Request method:	PUT
Request URI:	http://localhost:8080/api/v1/AUTOMATIONTESTINGADVANCEDPROGRAM/dashboard/113
Proxy:			<none>
Request params:	<none>
Query params:	<none>
Form params:	<none>
Path params:	id=113
Headers:		Authorization=Bearer 8bb82a7d-a573-419e-9cce-c2419f308802
				Accept=*/*
				Content-Type=application/json
Cookies:		<none>
Multiparts:		<none>
Body:
{
    "name": "Dashboard12",
    "description": "Dashboard11 description updated to 12",
    "shared": true
}
12:22:02.025 [rp-io-80] DEBUG com.epam.reportportal.service.Launch - TestItem with ID = '1f0706ed-62dc-432e-8430-0415295607b1' successfully finished.
12:22:02.025 [rp-io-80] DEBUG com.epam.reportportal.utils.SubscriptionUtils - Finish test item completed
12:22:02.027 [main] DEBUG org.apache.http.impl.conn.BasicClientConnectionManager - Get connection for route {}->http://localhost:8080
12:22:02.027 [main] DEBUG org.apache.http.impl.conn.DefaultClientConnectionOperator - Connecting to localhost:8080
12:22:02.028 [main] DEBUG org.apache.http.client.protocol.RequestAddCookies - CookieSpec selected: ignoreCookies
12:22:02.029 [main] DEBUG org.apache.http.client.protocol.RequestAuthCache - Auth cache not set in the context
12:22:02.029 [main] DEBUG org.apache.http.client.protocol.RequestProxyAuthentication - Proxy auth state: UNCHALLENGED
12:22:02.029 [main] DEBUG org.apache.http.impl.client.DefaultHttpClient - Attempt 1 to execute request
12:22:02.029 [main] DEBUG org.apache.http.impl.conn.DefaultClientConnection - Sending request: PUT /api/v1/AUTOMATIONTESTINGADVANCEDPROGRAM/dashboard/113 HTTP/1.1
12:22:02.029 [main] DEBUG org.apache.http.wire -  >> "PUT /api/v1/AUTOMATIONTESTINGADVANCEDPROGRAM/dashboard/113 HTTP/1.1[\r][\n]"
12:22:02.029 [main] DEBUG org.apache.http.wire -  >> "Authorization: Bearer 8bb82a7d-a573-419e-9cce-c2419f308802[\r][\n]"
12:22:02.029 [main] DEBUG org.apache.http.wire -  >> "Accept: */*[\r][\n]"
12:22:02.029 [main] DEBUG org.apache.http.wire -  >> "Content-Type: application/json[\r][\n]"
12:22:02.029 [main] DEBUG org.apache.http.wire -  >> "Content-Length: 90[\r][\n]"
12:22:02.029 [main] DEBUG org.apache.http.wire -  >> "Host: localhost:8080[\r][\n]"
12:22:02.029 [main] DEBUG org.apache.http.wire -  >> "Connection: Keep-Alive[\r][\n]"
12:22:02.029 [main] DEBUG org.apache.http.wire -  >> "User-Agent: Apache-HttpClient/4.5.13 (Java/17.0.3.1)[\r][\n]"
12:22:02.029 [main] DEBUG org.apache.http.wire -  >> "Accept-Encoding: gzip,deflate[\r][\n]"
12:22:02.029 [main] DEBUG org.apache.http.wire -  >> "[\r][\n]"
12:22:02.029 [main] DEBUG org.apache.http.headers - >> PUT /api/v1/AUTOMATIONTESTINGADVANCEDPROGRAM/dashboard/113 HTTP/1.1
12:22:02.029 [main] DEBUG org.apache.http.headers - >> Authorization: Bearer 8bb82a7d-a573-419e-9cce-c2419f308802
12:22:02.029 [main] DEBUG org.apache.http.headers - >> Accept: */*
12:22:02.029 [main] DEBUG org.apache.http.headers - >> Content-Type: application/json
12:22:02.029 [main] DEBUG org.apache.http.headers - >> Content-Length: 90
12:22:02.029 [main] DEBUG org.apache.http.headers - >> Host: localhost:8080
12:22:02.029 [main] DEBUG org.apache.http.headers - >> Connection: Keep-Alive
12:22:02.029 [main] DEBUG org.apache.http.headers - >> User-Agent: Apache-HttpClient/4.5.13 (Java/17.0.3.1)
12:22:02.029 [main] DEBUG org.apache.http.headers - >> Accept-Encoding: gzip,deflate
12:22:02.029 [main] DEBUG org.apache.http.wire -  >> "{"name":"Dashboard12","description":"Dashboard11 description updated to 12","shared":true}"
12:22:02.035 [rp-io-83] DEBUG com.epam.reportportal.service.Launch - ReportPortal item with ID '8a41c777-2538-4243-bf64-3cc32672e7da' has been created
12:22:02.036 [rp-io-83] DEBUG com.epam.reportportal.utils.SubscriptionUtils - Start test item successfully completed
12:22:02.049 [main] DEBUG org.apache.http.wire -  << "HTTP/1.1 404 Not Found[\r][\n]"
12:22:02.050 [main] DEBUG org.apache.http.wire -  << "Cache-Control: no-cache, no-store, max-age=0, must-revalidate[\r][\n]"
12:22:02.050 [main] DEBUG org.apache.http.wire -  << "Content-Type: application/json[\r][\n]"
12:22:02.050 [main] DEBUG org.apache.http.wire -  << "Date: Fri, 09 Jun 2023 10:22:01 GMT[\r][\n]"
12:22:02.050 [main] DEBUG org.apache.http.wire -  << "Expires: 0[\r][\n]"
12:22:02.050 [main] DEBUG org.apache.http.wire -  << "Pragma: no-cache[\r][\n]"
12:22:02.050 [main] DEBUG org.apache.http.wire -  << "X-Content-Type-Options: nosniff[\r][\n]"
12:22:02.050 [main] DEBUG org.apache.http.wire -  << "X-Frame-Options: DENY[\r][\n]"
12:22:02.050 [main] DEBUG org.apache.http.wire -  << "X-Xss-Protection: 1; mode=block[\r][\n]"
12:22:02.050 [main] DEBUG org.apache.http.wire -  << "Content-Length: 146[\r][\n]"
12:22:02.050 [main] DEBUG org.apache.http.wire -  << "[\r][\n]"
12:22:02.050 [main] DEBUG org.apache.http.impl.conn.DefaultClientConnection - Receiving response: HTTP/1.1 404 Not Found
12:22:02.050 [main] DEBUG org.apache.http.headers - << HTTP/1.1 404 Not Found
12:22:02.050 [main] DEBUG org.apache.http.headers - << Cache-Control: no-cache, no-store, max-age=0, must-revalidate
12:22:02.050 [main] DEBUG org.apache.http.headers - << Content-Type: application/json
12:22:02.050 [main] DEBUG org.apache.http.headers - << Date: Fri, 09 Jun 2023 10:22:01 GMT
12:22:02.050 [main] DEBUG org.apache.http.headers - << Expires: 0
12:22:02.050 [main] DEBUG org.apache.http.headers - << Pragma: no-cache
12:22:02.050 [main] DEBUG org.apache.http.headers - << X-Content-Type-Options: nosniff
12:22:02.050 [main] DEBUG org.apache.http.headers - << X-Frame-Options: DENY
12:22:02.050 [main] DEBUG org.apache.http.headers - << X-Xss-Protection: 1; mode=block
12:22:02.050 [main] DEBUG org.apache.http.headers - << Content-Length: 146
12:22:02.050 [main] DEBUG org.apache.http.impl.client.DefaultHttpClient - Connection can be kept alive indefinitely
12:22:02.050 [main] DEBUG io.restassured.internal.RestAssuredHttpBuilder - Parsing response as: application/json
12:22:02.050 [main] DEBUG io.restassured.internal.RestAssuredHttpBuilder - Parsed data to instance of: class org.apache.http.conn.EofSensorInputStream
12:22:02.051 [main] DEBUG org.apache.http.wire -  << "{"errorCode":40422,"message":"Dashboard with ID '113' not found on project 'automationtestingadvancedprogram'. Did you use correct Dashboard ID?"}"
12:22:02.051 [main] DEBUG org.apache.http.impl.conn.BasicClientConnectionManager - Releasing connection org.apache.http.impl.conn.ManagedClientConnectionImpl@d1f23a0
12:22:02.051 [main] DEBUG org.apache.http.impl.conn.BasicClientConnectionManager - Connection can be kept alive indefinitely
HTTP/1.1 404 Not Found
Cache-Control: no-cache, no-store, max-age=0, must-revalidate
Content-Type: application/json
Date: Fri, 09 Jun 2023 10:22:01 GMT
Expires: 0
Pragma: no-cache
X-Content-Type-Options: nosniff
X-Frame-Options: DENY
X-Xss-Protection: 1; mode=block
Content-Length: 146

{
    "errorCode": 40422,
    "message": "Dashboard with ID '113' not found on project 'automationtestingadvancedprogram'. Did you use correct Dashboard ID?"
}
2023-06-09 12:22:02 INFO  Listeners:38 - Succeeded Test null
]]></system-out>
  </testcase>
  <testcase name="m_updateNullDashboard_PUT" classname="alltests.apitest.DashboardControllerTest" time="0.087">
    <system-out><![CDATA[2023-06-09 12:22:02 INFO  Listeners:34 - Started Test null
2023-06-09 12:22:02 INFO  DashboardControllerTest:144 - m_updateNullDashboard_PUT
12:22:02.099 [rp-io-86] DEBUG com.epam.reportportal.service.Launch - Starting test item...rp-io-86
Request method:	PUT
Request URI:	http://localhost:8080/api/v1/AUTOMATIONTESTINGADVANCEDPROGRAM/dashboard/69
Proxy:			<none>
Request params:	<none>
Query params:	<none>
Form params:	<none>
Path params:	id=69
Headers:		Authorization=Bearer 8bb82a7d-a573-419e-9cce-c2419f308802
				Accept=*/*
				Content-Type=application/json
Cookies:		<none>
Multiparts:		<none>
Body:
{
    "name": "",
    "description": "",
    "shared": true
}
12:22:02.128 [main] DEBUG org.apache.http.impl.conn.BasicClientConnectionManager - Get connection for route {}->http://localhost:8080
12:22:02.128 [main] DEBUG org.apache.http.impl.conn.DefaultClientConnectionOperator - Connecting to localhost:8080
12:22:02.129 [main] DEBUG org.apache.http.client.protocol.RequestAddCookies - CookieSpec selected: ignoreCookies
12:22:02.129 [main] DEBUG org.apache.http.client.protocol.RequestAuthCache - Auth cache not set in the context
12:22:02.129 [main] DEBUG org.apache.http.client.protocol.RequestProxyAuthentication - Proxy auth state: UNCHALLENGED
12:22:02.129 [main] DEBUG org.apache.http.impl.client.DefaultHttpClient - Attempt 1 to execute request
12:22:02.129 [main] DEBUG org.apache.http.impl.conn.DefaultClientConnection - Sending request: PUT /api/v1/AUTOMATIONTESTINGADVANCEDPROGRAM/dashboard/69 HTTP/1.1
12:22:02.129 [main] DEBUG org.apache.http.wire -  >> "PUT /api/v1/AUTOMATIONTESTINGADVANCEDPROGRAM/dashboard/69 HTTP/1.1[\r][\n]"
12:22:02.129 [main] DEBUG org.apache.http.wire -  >> "Authorization: Bearer 8bb82a7d-a573-419e-9cce-c2419f308802[\r][\n]"
12:22:02.129 [main] DEBUG org.apache.http.wire -  >> "Accept: */*[\r][\n]"
12:22:02.129 [main] DEBUG org.apache.http.wire -  >> "Content-Type: application/json[\r][\n]"
12:22:02.129 [main] DEBUG org.apache.http.wire -  >> "Content-Length: 42[\r][\n]"
12:22:02.129 [main] DEBUG org.apache.http.wire -  >> "Host: localhost:8080[\r][\n]"
12:22:02.129 [main] DEBUG org.apache.http.wire -  >> "Connection: Keep-Alive[\r][\n]"
12:22:02.129 [main] DEBUG org.apache.http.wire -  >> "User-Agent: Apache-HttpClient/4.5.13 (Java/17.0.3.1)[\r][\n]"
12:22:02.129 [main] DEBUG org.apache.http.wire -  >> "Accept-Encoding: gzip,deflate[\r][\n]"
12:22:02.129 [main] DEBUG org.apache.http.wire -  >> "[\r][\n]"
12:22:02.129 [main] DEBUG org.apache.http.headers - >> PUT /api/v1/AUTOMATIONTESTINGADVANCEDPROGRAM/dashboard/69 HTTP/1.1
12:22:02.129 [main] DEBUG org.apache.http.headers - >> Authorization: Bearer 8bb82a7d-a573-419e-9cce-c2419f308802
12:22:02.129 [main] DEBUG org.apache.http.headers - >> Accept: */*
12:22:02.129 [main] DEBUG org.apache.http.headers - >> Content-Type: application/json
12:22:02.129 [main] DEBUG org.apache.http.headers - >> Content-Length: 42
12:22:02.129 [main] DEBUG org.apache.http.headers - >> Host: localhost:8080
12:22:02.129 [main] DEBUG org.apache.http.headers - >> Connection: Keep-Alive
12:22:02.129 [main] DEBUG org.apache.http.headers - >> User-Agent: Apache-HttpClient/4.5.13 (Java/17.0.3.1)
12:22:02.129 [main] DEBUG org.apache.http.headers - >> Accept-Encoding: gzip,deflate
12:22:02.130 [main] DEBUG org.apache.http.wire -  >> "{"name":"","description":"","shared":true}"
12:22:02.135 [rp-io-87] DEBUG com.epam.reportportal.service.Launch - TestItem with ID = '8a41c777-2538-4243-bf64-3cc32672e7da' successfully finished.
12:22:02.136 [rp-io-87] DEBUG com.epam.reportportal.utils.SubscriptionUtils - Finish test item completed
12:22:02.161 [main] DEBUG org.apache.http.wire -  << "HTTP/1.1 400 Bad Request[\r][\n]"
12:22:02.161 [main] DEBUG org.apache.http.wire -  << "Cache-Control: no-cache, no-store, max-age=0, must-revalidate[\r][\n]"
12:22:02.161 [main] DEBUG org.apache.http.wire -  << "Content-Type: application/json[\r][\n]"
12:22:02.161 [main] DEBUG org.apache.http.wire -  << "Date: Fri, 09 Jun 2023 10:22:01 GMT[\r][\n]"
12:22:02.161 [main] DEBUG org.apache.http.wire -  << "Expires: 0[\r][\n]"
12:22:02.161 [main] DEBUG org.apache.http.wire -  << "Pragma: no-cache[\r][\n]"
12:22:02.161 [main] DEBUG org.apache.http.wire -  << "X-Content-Type-Options: nosniff[\r][\n]"
12:22:02.161 [main] DEBUG org.apache.http.wire -  << "X-Frame-Options: DENY[\r][\n]"
12:22:02.161 [main] DEBUG org.apache.http.wire -  << "X-Xss-Protection: 1; mode=block[\r][\n]"
12:22:02.161 [main] DEBUG org.apache.http.wire -  << "Content-Length: 175[\r][\n]"
12:22:02.161 [main] DEBUG org.apache.http.wire -  << "[\r][\n]"
12:22:02.161 [main] DEBUG org.apache.http.impl.conn.DefaultClientConnection - Receiving response: HTTP/1.1 400 Bad Request
12:22:02.161 [main] DEBUG org.apache.http.headers - << HTTP/1.1 400 Bad Request
12:22:02.161 [main] DEBUG org.apache.http.headers - << Cache-Control: no-cache, no-store, max-age=0, must-revalidate
12:22:02.161 [main] DEBUG org.apache.http.headers - << Content-Type: application/json
12:22:02.161 [main] DEBUG org.apache.http.headers - << Date: Fri, 09 Jun 2023 10:22:01 GMT
12:22:02.161 [main] DEBUG org.apache.http.headers - << Expires: 0
12:22:02.161 [main] DEBUG org.apache.http.headers - << Pragma: no-cache
12:22:02.161 [main] DEBUG org.apache.http.headers - << X-Content-Type-Options: nosniff
12:22:02.161 [main] DEBUG org.apache.http.headers - << X-Frame-Options: DENY
12:22:02.161 [main] DEBUG org.apache.http.headers - << X-Xss-Protection: 1; mode=block
12:22:02.161 [main] DEBUG org.apache.http.headers - << Content-Length: 175
12:22:02.162 [main] DEBUG org.apache.http.impl.client.DefaultHttpClient - Connection can be kept alive indefinitely
12:22:02.162 [main] DEBUG io.restassured.internal.RestAssuredHttpBuilder - Parsing response as: application/json
12:22:02.162 [main] DEBUG io.restassured.internal.RestAssuredHttpBuilder - Parsed data to instance of: class org.apache.http.conn.EofSensorInputStream
12:22:02.163 [main] DEBUG org.apache.http.wire -  << "{"errorCode":4001,"message":"Incorrect Request. [Field 'name' should not contain only white spaces and shouldn't be empty. Field 'name' should have size from '3' to '128'.] "}"
12:22:02.163 [main] DEBUG org.apache.http.impl.conn.BasicClientConnectionManager - Releasing connection org.apache.http.impl.conn.ManagedClientConnectionImpl@5fbae40
12:22:02.163 [main] DEBUG org.apache.http.impl.conn.BasicClientConnectionManager - Connection can be kept alive indefinitely
HTTP/1.1 400 Bad Request
Cache-Control: no-cache, no-store, max-age=0, must-revalidate
Content-Type: application/json
Date: Fri, 09 Jun 2023 10:22:01 GMT
Expires: 0
Pragma: no-cache
X-Content-Type-Options: nosniff
X-Frame-Options: DENY
X-Xss-Protection: 1; mode=block
Content-Length: 175

{
    "errorCode": 4001,
    "message": "Incorrect Request. [Field 'name' should not contain only white spaces and shouldn't be empty. Field 'name' should have size from '3' to '128'.] "
}
12:22:02.181 [rp-io-89] DEBUG com.epam.reportportal.service.Launch - ReportPortal item with ID '249f4cd0-793f-469e-bb76-9b9c8602dd1d' has been created
12:22:02.181 [rp-io-89] DEBUG com.epam.reportportal.utils.SubscriptionUtils - Start test item successfully completed
2023-06-09 12:22:02 INFO  Listeners:38 - Succeeded Test null
]]></system-out>
  </testcase>
  <testcase name="searchDashboardNameDP[LAUNCH STATISTICS AREA](1)" classname="alltests.uitest.coreTest.DashboardPageTest" time="0.901">
    <system-out><![CDATA[2023-06-09 12:22:02 INFO  Listeners:71 - Finished Dashboard API Controller Tests
2023-06-09 12:22:02 INFO  Listeners:67 - Started All UI Test
12:22:02.225 [rp-io-92] DEBUG com.epam.reportportal.service.Launch - TestItem with ID = '249f4cd0-793f-469e-bb76-9b9c8602dd1d' successfully finished.
12:22:02.225 [rp-io-92] DEBUG com.epam.reportportal.utils.SubscriptionUtils - Finish test item completed
12:22:02.243 [rp-io-99] DEBUG com.epam.reportportal.service.Launch - ReportPortal item with ID 'c861be1c-c6cc-4ae1-8a97-7d6362bd3270' has been created
12:22:02.243 [rp-io-99] DEBUG com.epam.reportportal.utils.SubscriptionUtils - Start test item successfully completed
12:22:02.243 [rp-io-99] DEBUG com.epam.reportportal.service.Launch - Starting test item...rp-io-99
12:22:02.268 [rp-io-92] DEBUG com.epam.reportportal.service.Launch - TestItem with ID = '61112210-017f-4ae9-ad2a-37baf08c21d1' successfully finished.
12:22:02.268 [rp-io-92] DEBUG com.epam.reportportal.utils.SubscriptionUtils - Finish test item completed
12:22:02.280 [rp-io-99] DEBUG com.epam.reportportal.service.Launch - ReportPortal item with ID '2d430ea3-f208-462b-bf2d-27fb7e47545b' has been created
12:22:02.280 [rp-io-99] DEBUG com.epam.reportportal.utils.SubscriptionUtils - Start test item successfully completed
12:22:02.280 [rp-io-99] DEBUG com.epam.reportportal.service.Launch - Starting test item...rp-io-99
12:22:02.305 [rp-io-92] DEBUG com.epam.reportportal.service.Launch - TestItem with ID = '9f86cb1f-ebaf-491a-8141-06495ba47d25' successfully finished.
12:22:02.305 [rp-io-92] DEBUG com.epam.reportportal.utils.SubscriptionUtils - Finish test item completed
12:22:02.314 [rp-io-99] DEBUG com.epam.reportportal.service.Launch - ReportPortal item with ID '673d8709-6d67-43f0-9a6f-ddf24930164a' has been created
12:22:02.314 [rp-io-99] DEBUG com.epam.reportportal.utils.SubscriptionUtils - Start test item successfully completed
12:22:02.377 [rp-io-11] DEBUG com.epam.reportportal.service.Launch - Starting test item...rp-io-11
12:22:02.390 [rp-io-8] DEBUG com.epam.reportportal.service.Launch - TestItem with ID = '673d8709-6d67-43f0-9a6f-ddf24930164a' successfully finished.
12:22:02.390 [rp-io-8] DEBUG com.epam.reportportal.utils.SubscriptionUtils - Finish test item completed
2023-06-09 12:22:02 INFO  BaseTest:110 - Property files loaded successfully**********
12:22:02.408 [rp-io-11] DEBUG com.epam.reportportal.service.Launch - ReportPortal item with ID 'fb39f433-5860-4f18-bd07-84913f790048' has been created
12:22:02.408 [rp-io-11] DEBUG com.epam.reportportal.utils.SubscriptionUtils - Start test item successfully completed
12:22:02.558 [Finalizer] DEBUG org.apache.http.impl.conn.DefaultClientConnection - Connection 0.0.0.0:64292<->127.0.0.1:8080 closed
12:22:02.558 [Finalizer] DEBUG org.apache.http.impl.conn.DefaultClientConnection - Connection 0.0.0.0:64293<->127.0.0.1:8080 closed
12:22:02.559 [Finalizer] DEBUG org.apache.http.impl.conn.DefaultClientConnection - Connection 0.0.0.0:64294<->127.0.0.1:8080 closed
12:22:02.559 [Finalizer] DEBUG org.apache.http.impl.conn.DefaultClientConnection - Connection 0.0.0.0:64295<->127.0.0.1:8080 closed
12:22:02.560 [Finalizer] DEBUG org.apache.http.impl.conn.DefaultClientConnection - Connection 0.0.0.0:64296<->127.0.0.1:8080 closed
12:22:02.560 [Finalizer] DEBUG org.apache.http.impl.conn.DefaultClientConnection - Connection 0.0.0.0:64297<->127.0.0.1:8080 closed
12:22:02.560 [Finalizer] DEBUG org.apache.http.impl.conn.DefaultClientConnection - Connection 0.0.0.0:64299<->127.0.0.1:8080 closed
12:22:02.561 [Finalizer] DEBUG org.apache.http.impl.conn.DefaultClientConnection - Connection 0.0.0.0:64300<->127.0.0.1:8080 closed
12:22:02.561 [Finalizer] DEBUG org.apache.http.impl.conn.DefaultClientConnection - Connection 0.0.0.0:64301<->127.0.0.1:8080 closed
12:22:02.561 [Finalizer] DEBUG org.apache.http.impl.conn.DefaultClientConnection - Connection 0.0.0.0:64302<->127.0.0.1:8080 closed
12:22:02.719 [main] DEBUG io.github.bonigarcia.wdm.cache.ResolutionCache - Resolution chrome=114 in cache (valid until 13:14:48 09/06/2023 CEST)
12:22:02.720 [main] DEBUG io.github.bonigarcia.wdm.cache.ResolutionCache - Resolution chrome114=114.0.5735.90 in cache (valid until 12:14:48 10/06/2023 CEST)
12:22:02.721 [main] INFO io.github.bonigarcia.wdm.WebDriverManager - Using chromedriver 114.0.5735.90 (resolved driver for Chrome 114)
12:22:02.753 [main] DEBUG io.github.bonigarcia.wdm.WebDriverManager - Driver chromedriver 114.0.5735.90 found in cache
12:22:02.754 [main] INFO io.github.bonigarcia.wdm.WebDriverManager - Exporting webdriver.chrome.driver as C:\Users\Suwarna_Wagh\.cache\selenium\chromedriver\win32\114.0.5735.90\chromedriver.exe
12:22:02.875 [main] DEBUG io.netty.util.internal.logging.InternalLoggerFactory - Using SLF4J as the default logging framework
12:22:02.878 [main] DEBUG io.netty.util.ResourceLeakDetector - -Dio.netty.leakDetection.level: simple
12:22:02.879 [main] DEBUG io.netty.util.ResourceLeakDetector - -Dio.netty.leakDetection.targetRecords: 4
12:22:02.883 [main] DEBUG io.netty.util.ResourceLeakDetectorFactory - Loaded default ResourceLeakDetector: io.netty.util.ResourceLeakDetector@45f8415b
12:22:02.911 [main] DEBUG io.netty.util.internal.PlatformDependent0 - -Dio.netty.noUnsafe: false
12:22:02.911 [main] DEBUG io.netty.util.internal.PlatformDependent0 - Java version: 17
12:22:02.913 [main] DEBUG io.netty.util.internal.PlatformDependent0 - sun.misc.Unsafe.theUnsafe: available
12:22:02.913 [main] DEBUG io.netty.util.internal.PlatformDependent0 - sun.misc.Unsafe.copyMemory: available
12:22:02.914 [main] DEBUG io.netty.util.internal.PlatformDependent0 - sun.misc.Unsafe.storeFence: available
12:22:02.915 [main] DEBUG io.netty.util.internal.PlatformDependent0 - java.nio.Buffer.address: available
12:22:02.916 [main] DEBUG io.netty.util.internal.PlatformDependent0 - direct buffer constructor: unavailable: Reflective setAccessible(true) disabled
12:22:02.916 [main] DEBUG io.netty.util.internal.PlatformDependent0 - java.nio.Bits.unaligned: available, true
12:22:02.918 [main] DEBUG io.netty.util.internal.PlatformDependent0 - jdk.internal.misc.Unsafe.allocateUninitializedArray(int): unavailable: class io.netty.util.internal.PlatformDependent0$7 cannot access class jdk.internal.misc.Unsafe (in module java.base) because module java.base does not export jdk.internal.misc to unnamed module @2141a12
12:22:02.919 [main] DEBUG io.netty.util.internal.PlatformDependent0 - java.nio.DirectByteBuffer.<init>(long, int): unavailable
12:22:02.919 [main] DEBUG io.netty.util.internal.PlatformDependent - sun.misc.Unsafe: available
12:22:02.920 [main] DEBUG io.netty.util.internal.PlatformDependent - maxDirectMemory: 8459911168 bytes (maybe)
12:22:02.920 [main] DEBUG io.netty.util.internal.PlatformDependent - -Dio.netty.tmpdir: C:\Users\SUWARN~1\AppData\Local\Temp (java.io.tmpdir)
12:22:02.920 [main] DEBUG io.netty.util.internal.PlatformDependent - -Dio.netty.bitMode: 64 (sun.arch.data.model)
12:22:02.921 [main] DEBUG io.netty.util.internal.PlatformDependent - Platform: Windows
12:22:02.922 [main] DEBUG io.netty.util.internal.PlatformDependent - -Dio.netty.maxDirectMemory: -1 bytes
12:22:02.922 [main] DEBUG io.netty.util.internal.PlatformDependent - -Dio.netty.uninitializedArrayAllocationThreshold: -1
12:22:02.923 [main] DEBUG io.netty.util.internal.CleanerJava9 - java.nio.ByteBuffer.cleaner(): available
12:22:02.923 [main] DEBUG io.netty.util.internal.PlatformDependent - -Dio.netty.noPreferDirect: false
12:22:02.933 [main] DEBUG io.netty.util.internal.PlatformDependent - org.jctools-core.MpscChunkedArrayQueue: available
12:22:02.957 [main] DEBUG io.netty.util.internal.InternalThreadLocalMap - -Dio.netty.threadLocalMap.stringBuilder.initialSize: 1024
12:22:02.957 [main] DEBUG io.netty.util.internal.InternalThreadLocalMap - -Dio.netty.threadLocalMap.stringBuilder.maxSize: 4096
12:22:02.975 [main] DEBUG io.netty.handler.ssl.JdkSslContext - Default protocols (JDK): [TLSv1.3, TLSv1.2] 
12:22:02.975 [main] DEBUG io.netty.handler.ssl.JdkSslContext - Default cipher suites (JDK): [TLS_ECDHE_ECDSA_WITH_AES_256_GCM_SHA384, TLS_ECDHE_ECDSA_WITH_AES_128_GCM_SHA256, TLS_ECDHE_RSA_WITH_AES_128_GCM_SHA256, TLS_ECDHE_RSA_WITH_AES_256_GCM_SHA384, TLS_ECDHE_RSA_WITH_AES_128_CBC_SHA, TLS_ECDHE_RSA_WITH_AES_256_CBC_SHA, TLS_RSA_WITH_AES_128_GCM_SHA256, TLS_RSA_WITH_AES_128_CBC_SHA, TLS_RSA_WITH_AES_256_CBC_SHA, TLS_AES_128_GCM_SHA256, TLS_AES_256_GCM_SHA384]
12:22:03.014 [main] DEBUG io.netty.util.concurrent.GlobalEventExecutor - -Dio.netty.globalEventExecutor.quietPeriodSeconds: 1
12:22:03.047 [main] DEBUG io.netty.channel.MultithreadEventLoopGroup - -Dio.netty.eventLoopThreads: 16
12:22:03.060 [main] DEBUG io.netty.channel.nio.NioEventLoop - -Dio.netty.noKeySetOptimization: false
12:22:03.060 [main] DEBUG io.netty.channel.nio.NioEventLoop - -Dio.netty.selectorAutoRebuildThreshold: 512
12:22:03.123 [main] DEBUG io.netty.buffer.PooledByteBufAllocator - -Dio.netty.allocator.numHeapArenas: 16
12:22:03.123 [main] DEBUG io.netty.buffer.PooledByteBufAllocator - -Dio.netty.allocator.numDirectArenas: 16
12:22:03.123 [main] DEBUG io.netty.buffer.PooledByteBufAllocator - -Dio.netty.allocator.pageSize: 8192
12:22:03.123 [main] DEBUG io.netty.buffer.PooledByteBufAllocator - -Dio.netty.allocator.maxOrder: 9
12:22:03.123 [main] DEBUG io.netty.buffer.PooledByteBufAllocator - -Dio.netty.allocator.chunkSize: 4194304
12:22:03.123 [main] DEBUG io.netty.buffer.PooledByteBufAllocator - -Dio.netty.allocator.smallCacheSize: 256
12:22:03.124 [main] DEBUG io.netty.buffer.PooledByteBufAllocator - -Dio.netty.allocator.normalCacheSize: 64
12:22:03.124 [main] DEBUG io.netty.buffer.PooledByteBufAllocator - -Dio.netty.allocator.maxCachedBufferCapacity: 32768
12:22:03.124 [main] DEBUG io.netty.buffer.PooledByteBufAllocator - -Dio.netty.allocator.cacheTrimInterval: 8192
12:22:03.124 [main] DEBUG io.netty.buffer.PooledByteBufAllocator - -Dio.netty.allocator.cacheTrimIntervalMillis: 0
12:22:03.124 [main] DEBUG io.netty.buffer.PooledByteBufAllocator - -Dio.netty.allocator.useCacheForAllThreads: false
12:22:03.124 [main] DEBUG io.netty.buffer.PooledByteBufAllocator - -Dio.netty.allocator.maxCachedByteBuffersPerChunk: 1023
12:22:03.152 [main] DEBUG io.netty.buffer.ByteBufUtil - -Dio.netty.allocator.type: pooled
12:22:03.153 [main] DEBUG io.netty.buffer.ByteBufUtil - -Dio.netty.threadLocalDirectBufferSize: 0
12:22:03.153 [main] DEBUG io.netty.buffer.ByteBufUtil - -Dio.netty.maxThreadLocalCharBufferSize: 16384
12:22:03.486 [Forwarding newSession on session null to remote] DEBUG io.netty.channel.DefaultChannelId - -Dio.netty.processId: 24624 (auto-detected)
12:22:03.489 [Forwarding newSession on session null to remote] DEBUG io.netty.util.NetUtil - -Djava.net.preferIPv4Stack: false
12:22:03.490 [Forwarding newSession on session null to remote] DEBUG io.netty.util.NetUtil - -Djava.net.preferIPv6Addresses: false
12:22:03.499 [Forwarding newSession on session null to remote] DEBUG io.netty.util.NetUtilInitializations - Loopback interface: lo (Software Loopback Interface 1, 127.0.0.1)
12:22:03.500 [Forwarding newSession on session null to remote] DEBUG io.netty.util.NetUtil - Failed to get SOMAXCONN from sysctl and file \proc\sys\net\core\somaxconn. Default: 200
12:22:03.529 [Forwarding newSession on session null to remote] DEBUG io.netty.channel.DefaultChannelId - -Dio.netty.machineId: 80:45:dd:ff:fe:fb:a5:ea (auto-detected)
12:22:03.574 [AsyncHttpClient-1-2] DEBUG io.netty.buffer.AbstractByteBuf - -Dio.netty.buffer.checkAccessible: true
12:22:03.574 [AsyncHttpClient-1-2] DEBUG io.netty.buffer.AbstractByteBuf - -Dio.netty.buffer.checkBounds: true
12:22:03.574 [AsyncHttpClient-1-2] DEBUG io.netty.util.ResourceLeakDetectorFactory - Loaded default ResourceLeakDetector: io.netty.util.ResourceLeakDetector@44e73598
12:22:03.587 [AsyncHttpClient-1-2] DEBUG org.asynchttpclient.netty.channel.NettyConnectListener - Using new Channel '[id: 0xddb16001, L:/127.0.0.1:64307 - R:localhost/127.0.0.1:24884]' for 'POST' to '/session'
12:22:03.602 [AsyncHttpClient-1-2] DEBUG io.netty.util.Recycler - -Dio.netty.recycler.maxCapacityPerThread: 4096
12:22:03.602 [AsyncHttpClient-1-2] DEBUG io.netty.util.Recycler - -Dio.netty.recycler.ratio: 8
12:22:03.602 [AsyncHttpClient-1-2] DEBUG io.netty.util.Recycler - -Dio.netty.recycler.chunkSize: 32
12:22:03.602 [AsyncHttpClient-1-2] DEBUG io.netty.util.Recycler - -Dio.netty.recycler.blocking: false
12:22:03.602 [AsyncHttpClient-1-2] DEBUG io.netty.util.Recycler - -Dio.netty.recycler.batchFastThreadLocalOnly: true
12:22:04.473 [AsyncHttpClient-1-2] DEBUG io.netty.handler.codec.compression.Brotli - brotli4j not in the classpath; Brotli support will be unavailable.
12:22:04.473 [AsyncHttpClient-1-2] DEBUG org.asynchttpclient.netty.handler.HttpHandler - 

Request DefaultHttpRequest(decodeResult: success, version: HTTP/1.1)
POST /session HTTP/1.1
User-Agent: selenium/4.8.3 (java windows)
Content-Length: 439
Content-Type: application/json; charset=utf-8
host: localhost:24884
accept: */*

Response DefaultHttpResponse(decodeResult: success, version: HTTP/1.1)
HTTP/1.1 200 OK
Content-Length: 864
Content-Type: application/json; charset=utf-8
cache-control: no-cache

12:22:04.484 [AsyncHttpClient-1-2] DEBUG org.asynchttpclient.netty.channel.ChannelManager - Adding key: http://localhost:24884 for channel [id: 0xddb16001, L:/127.0.0.1:64307 - R:localhost/127.0.0.1:24884]
12:22:04.669 [AsyncHttpClient-1-3] DEBUG org.asynchttpclient.netty.channel.NettyConnectListener - Using new Channel '[id: 0x9ff076ca, L:/127.0.0.1:64318 - R:localhost/127.0.0.1:64308]' for 'GET' to '/json/version'
12:22:04.674 [AsyncHttpClient-1-3] DEBUG org.asynchttpclient.netty.handler.HttpHandler - 

Request DefaultFullHttpRequest(decodeResult: success, version: HTTP/1.1, content: EmptyByteBufBE)
GET /json/version HTTP/1.1
User-Agent: selenium/4.8.3 (java windows)
host: localhost:64308
accept: */*

Response DefaultHttpResponse(decodeResult: success, version: HTTP/1.1)
HTTP/1.1 200 OK
Content-Security-Policy: frame-ancestors 'none'
Content-Length: 424
Content-Type: application/json; charset=UTF-8

12:22:04.674 [AsyncHttpClient-1-3] DEBUG org.asynchttpclient.netty.channel.ChannelManager - Adding key: http://localhost:64308 for channel [id: 0x9ff076ca, L:/127.0.0.1:64318 - R:localhost/127.0.0.1:64308]
12:22:04.687 [main] DEBUG io.netty.util.internal.ThreadLocalRandom - -Dio.netty.initialSeedUniquifier: 0x0276a90155b86ecd
12:22:04.692 [AsyncHttpClient-1-4] DEBUG org.asynchttpclient.netty.channel.NettyConnectListener - Using new Channel '[id: 0x0d1be139, L:/127.0.0.1:64319 - R:localhost/127.0.0.1:64308]' for 'GET' to '/devtools/browser/f369ef64-9c10-41db-990e-bb31501a782d'
12:22:04.696 [AsyncHttpClient-1-4] DEBUG org.asynchttpclient.netty.handler.WebSocketHandler - 

Request DefaultFullHttpRequest(decodeResult: success, version: HTTP/1.1, content: EmptyByteBufBE)
GET /devtools/browser/f369ef64-9c10-41db-990e-bb31501a782d HTTP/1.1
upgrade: websocket
connection: upgrade
sec-websocket-key: u2pSwB7+M8cfadqq+xGbnw==
sec-websocket-version: 13
origin: http://localhost:64308
host: localhost:64308
accept: */*
user-agent: AHC/2.1

Response DefaultHttpResponse(decodeResult: success, version: HTTP/1.1)
HTTP/1.1 101 WebSocket Protocol Handshake
Upgrade: WebSocket
Connection: Upgrade
Sec-WebSocket-Accept: XA5iDUbQlzHf6P268aoeKlt/UDI=

12:22:04.765 [Forwarding setTimeout on session a18ce3d36897c07d4b8b57974342e959 to remote] DEBUG org.asynchttpclient.netty.request.NettyRequestSender - Using pooled Channel '[id: 0xddb16001, L:/127.0.0.1:64307 - R:localhost/127.0.0.1:24884]' for 'POST' to 'http://localhost:24884/session/a18ce3d36897c07d4b8b57974342e959/timeouts'
12:22:04.765 [Forwarding setTimeout on session a18ce3d36897c07d4b8b57974342e959 to remote] DEBUG org.asynchttpclient.netty.request.NettyRequestSender - Using open Channel [id: 0xddb16001, L:/127.0.0.1:64307 - R:localhost/127.0.0.1:24884] for POST '/session/a18ce3d36897c07d4b8b57974342e959/timeouts'
12:22:04.768 [AsyncHttpClient-1-2] DEBUG org.asynchttpclient.netty.handler.HttpHandler - 

Request DefaultHttpRequest(decodeResult: success, version: HTTP/1.1)
POST /session/a18ce3d36897c07d4b8b57974342e959/timeouts HTTP/1.1
User-Agent: selenium/4.8.3 (java windows)
Content-Length: 22
Content-Type: application/json; charset=utf-8
host: localhost:24884
accept: */*

Response DefaultHttpResponse(decodeResult: success, version: HTTP/1.1)
HTTP/1.1 200 OK
Content-Length: 14
Content-Type: application/json; charset=utf-8
cache-control: no-cache

12:22:04.769 [AsyncHttpClient-1-2] DEBUG org.asynchttpclient.netty.channel.ChannelManager - Adding key: http://localhost:24884 for channel [id: 0xddb16001, L:/127.0.0.1:64307 - R:localhost/127.0.0.1:24884]
12:22:04.774 [Forwarding maximizeCurrentWindow on session a18ce3d36897c07d4b8b57974342e959 to remote] DEBUG org.asynchttpclient.netty.request.NettyRequestSender - Using pooled Channel '[id: 0xddb16001, L:/127.0.0.1:64307 - R:localhost/127.0.0.1:24884]' for 'POST' to 'http://localhost:24884/session/a18ce3d36897c07d4b8b57974342e959/window/maximize'
12:22:04.774 [Forwarding maximizeCurrentWindow on session a18ce3d36897c07d4b8b57974342e959 to remote] DEBUG org.asynchttpclient.netty.request.NettyRequestSender - Using open Channel [id: 0xddb16001, L:/127.0.0.1:64307 - R:localhost/127.0.0.1:24884] for POST '/session/a18ce3d36897c07d4b8b57974342e959/window/maximize'
12:22:04.898 [AsyncHttpClient-1-2] DEBUG org.asynchttpclient.netty.handler.HttpHandler - 

Request DefaultHttpRequest(decodeResult: success, version: HTTP/1.1)
POST /session/a18ce3d36897c07d4b8b57974342e959/window/maximize HTTP/1.1
User-Agent: selenium/4.8.3 (java windows)
Content-Length: 3
Content-Type: application/json; charset=utf-8
host: localhost:24884
accept: */*

Response DefaultHttpResponse(decodeResult: success, version: HTTP/1.1)
HTTP/1.1 200 OK
Content-Length: 51
Content-Type: application/json; charset=utf-8
cache-control: no-cache

12:22:04.898 [AsyncHttpClient-1-2] DEBUG org.asynchttpclient.netty.channel.ChannelManager - Adding key: http://localhost:24884 for channel [id: 0xddb16001, L:/127.0.0.1:64307 - R:localhost/127.0.0.1:24884]
12:22:04.900 [Forwarding get on session a18ce3d36897c07d4b8b57974342e959 to remote] DEBUG org.asynchttpclient.netty.request.NettyRequestSender - Using pooled Channel '[id: 0xddb16001, L:/127.0.0.1:64307 - R:localhost/127.0.0.1:24884]' for 'POST' to 'http://localhost:24884/session/a18ce3d36897c07d4b8b57974342e959/url'
12:22:04.900 [Forwarding get on session a18ce3d36897c07d4b8b57974342e959 to remote] DEBUG org.asynchttpclient.netty.request.NettyRequestSender - Using open Channel [id: 0xddb16001, L:/127.0.0.1:64307 - R:localhost/127.0.0.1:24884] for POST '/session/a18ce3d36897c07d4b8b57974342e959/url'
12:22:05.140 [AsyncHttpClient-1-1] DEBUG org.asynchttpclient.netty.channel.DefaultChannelPool - Entry count for : http://localhost:64308 : 1
12:22:06.239 [AsyncHttpClient-1-1] DEBUG org.asynchttpclient.netty.channel.DefaultChannelPool - Entry count for : http://localhost:64308 : 1
12:22:06.393 [AsyncHttpClient-1-2] DEBUG org.asynchttpclient.netty.handler.HttpHandler - 

Request DefaultHttpRequest(decodeResult: success, version: HTTP/1.1)
POST /session/a18ce3d36897c07d4b8b57974342e959/url HTTP/1.1
User-Agent: selenium/4.8.3 (java windows)
Content-Length: 52
Content-Type: application/json; charset=utf-8
host: localhost:24884
accept: */*

Response DefaultHttpResponse(decodeResult: success, version: HTTP/1.1)
HTTP/1.1 200 OK
Content-Length: 14
Content-Type: application/json; charset=utf-8
cache-control: no-cache

12:22:06.393 [AsyncHttpClient-1-2] DEBUG org.asynchttpclient.netty.channel.ChannelManager - Adding key: http://localhost:24884 for channel [id: 0xddb16001, L:/127.0.0.1:64307 - R:localhost/127.0.0.1:24884]
2023-06-09 12:22:06 INFO  BaseTest:104 - Test driver set up done successfully**********
2023-06-09 12:22:06 INFO  BaseTest:122 - Logging in to portal
12:22:06.426 [Forwarding findElement on session a18ce3d36897c07d4b8b57974342e959 to remote] DEBUG org.asynchttpclient.netty.request.NettyRequestSender - Using pooled Channel '[id: 0xddb16001, L:/127.0.0.1:64307 - R:localhost/127.0.0.1:24884]' for 'POST' to 'http://localhost:24884/session/a18ce3d36897c07d4b8b57974342e959/element'
12:22:06.426 [Forwarding findElement on session a18ce3d36897c07d4b8b57974342e959 to remote] DEBUG org.asynchttpclient.netty.request.NettyRequestSender - Using open Channel [id: 0xddb16001, L:/127.0.0.1:64307 - R:localhost/127.0.0.1:24884] for POST '/session/a18ce3d36897c07d4b8b57974342e959/element'
12:22:06.444 [AsyncHttpClient-1-2] DEBUG org.asynchttpclient.netty.handler.HttpHandler - 

Request DefaultHttpRequest(decodeResult: success, version: HTTP/1.1)
POST /session/a18ce3d36897c07d4b8b57974342e959/element HTTP/1.1
User-Agent: selenium/4.8.3 (java windows)
Content-Length: 59
Content-Type: application/json; charset=utf-8
host: localhost:24884
accept: */*

Response DefaultHttpResponse(decodeResult: success, version: HTTP/1.1)
HTTP/1.1 200 OK
Content-Length: 95
Content-Type: application/json; charset=utf-8
cache-control: no-cache

12:22:06.444 [AsyncHttpClient-1-2] DEBUG org.asynchttpclient.netty.channel.ChannelManager - Adding key: http://localhost:24884 for channel [id: 0xddb16001, L:/127.0.0.1:64307 - R:localhost/127.0.0.1:24884]
12:22:06.448 [Forwarding clearElement on session a18ce3d36897c07d4b8b57974342e959 to remote] DEBUG org.asynchttpclient.netty.request.NettyRequestSender - Using pooled Channel '[id: 0xddb16001, L:/127.0.0.1:64307 - R:localhost/127.0.0.1:24884]' for 'POST' to 'http://localhost:24884/session/a18ce3d36897c07d4b8b57974342e959/element/F73F4C7B0362C01B9FAA6AE289AD1134_element_28/clear'
12:22:06.449 [Forwarding clearElement on session a18ce3d36897c07d4b8b57974342e959 to remote] DEBUG org.asynchttpclient.netty.request.NettyRequestSender - Using open Channel [id: 0xddb16001, L:/127.0.0.1:64307 - R:localhost/127.0.0.1:24884] for POST '/session/a18ce3d36897c07d4b8b57974342e959/element/F73F4C7B0362C01B9FAA6AE289AD1134_element_28/clear'
12:22:06.498 [AsyncHttpClient-1-2] DEBUG org.asynchttpclient.netty.handler.HttpHandler - 

Request DefaultHttpRequest(decodeResult: success, version: HTTP/1.1)
POST /session/a18ce3d36897c07d4b8b57974342e959/element/F73F4C7B0362C01B9FAA6AE289AD1134_element_28/clear HTTP/1.1
User-Agent: selenium/4.8.3 (java windows)
Content-Length: 57
Content-Type: application/json; charset=utf-8
host: localhost:24884
accept: */*

Response DefaultHttpResponse(decodeResult: success, version: HTTP/1.1)
HTTP/1.1 200 OK
Content-Length: 14
Content-Type: application/json; charset=utf-8
cache-control: no-cache

12:22:06.498 [AsyncHttpClient-1-2] DEBUG org.asynchttpclient.netty.channel.ChannelManager - Adding key: http://localhost:24884 for channel [id: 0xddb16001, L:/127.0.0.1:64307 - R:localhost/127.0.0.1:24884]
12:22:06.501 [Forwarding findElement on session a18ce3d36897c07d4b8b57974342e959 to remote] DEBUG org.asynchttpclient.netty.request.NettyRequestSender - Using pooled Channel '[id: 0xddb16001, L:/127.0.0.1:64307 - R:localhost/127.0.0.1:24884]' for 'POST' to 'http://localhost:24884/session/a18ce3d36897c07d4b8b57974342e959/element'
12:22:06.501 [Forwarding findElement on session a18ce3d36897c07d4b8b57974342e959 to remote] DEBUG org.asynchttpclient.netty.request.NettyRequestSender - Using open Channel [id: 0xddb16001, L:/127.0.0.1:64307 - R:localhost/127.0.0.1:24884] for POST '/session/a18ce3d36897c07d4b8b57974342e959/element'
12:22:06.532 [AsyncHttpClient-1-2] DEBUG org.asynchttpclient.netty.handler.HttpHandler - 

Request DefaultHttpRequest(decodeResult: success, version: HTTP/1.1)
POST /session/a18ce3d36897c07d4b8b57974342e959/element HTTP/1.1
User-Agent: selenium/4.8.3 (java windows)
Content-Length: 59
Content-Type: application/json; charset=utf-8
host: localhost:24884
accept: */*

Response DefaultHttpResponse(decodeResult: success, version: HTTP/1.1)
HTTP/1.1 200 OK
Content-Length: 95
Content-Type: application/json; charset=utf-8
cache-control: no-cache

12:22:06.532 [AsyncHttpClient-1-2] DEBUG org.asynchttpclient.netty.channel.ChannelManager - Adding key: http://localhost:24884 for channel [id: 0xddb16001, L:/127.0.0.1:64307 - R:localhost/127.0.0.1:24884]
12:22:06.538 [Forwarding sendKeysToElement on session a18ce3d36897c07d4b8b57974342e959 to remote] DEBUG org.asynchttpclient.netty.request.NettyRequestSender - Using pooled Channel '[id: 0xddb16001, L:/127.0.0.1:64307 - R:localhost/127.0.0.1:24884]' for 'POST' to 'http://localhost:24884/session/a18ce3d36897c07d4b8b57974342e959/element/F73F4C7B0362C01B9FAA6AE289AD1134_element_28/value'
12:22:06.540 [Forwarding sendKeysToElement on session a18ce3d36897c07d4b8b57974342e959 to remote] DEBUG org.asynchttpclient.netty.request.NettyRequestSender - Using open Channel [id: 0xddb16001, L:/127.0.0.1:64307 - R:localhost/127.0.0.1:24884] for POST '/session/a18ce3d36897c07d4b8b57974342e959/element/F73F4C7B0362C01B9FAA6AE289AD1134_element_28/value'
12:22:06.650 [AsyncHttpClient-1-2] DEBUG org.asynchttpclient.netty.handler.HttpHandler - 

Request DefaultHttpRequest(decodeResult: success, version: HTTP/1.1)
POST /session/a18ce3d36897c07d4b8b57974342e959/element/F73F4C7B0362C01B9FAA6AE289AD1134_element_28/value HTTP/1.1
User-Agent: selenium/4.8.3 (java windows)
Content-Length: 188
Content-Type: application/json; charset=utf-8
host: localhost:24884
accept: */*

Response DefaultHttpResponse(decodeResult: success, version: HTTP/1.1)
HTTP/1.1 200 OK
Content-Length: 14
Content-Type: application/json; charset=utf-8
cache-control: no-cache

12:22:06.651 [AsyncHttpClient-1-2] DEBUG org.asynchttpclient.netty.channel.ChannelManager - Adding key: http://localhost:24884 for channel [id: 0xddb16001, L:/127.0.0.1:64307 - R:localhost/127.0.0.1:24884]
12:22:06.652 [Forwarding findElement on session a18ce3d36897c07d4b8b57974342e959 to remote] DEBUG org.asynchttpclient.netty.request.NettyRequestSender - Using pooled Channel '[id: 0xddb16001, L:/127.0.0.1:64307 - R:localhost/127.0.0.1:24884]' for 'POST' to 'http://localhost:24884/session/a18ce3d36897c07d4b8b57974342e959/element'
12:22:06.652 [Forwarding findElement on session a18ce3d36897c07d4b8b57974342e959 to remote] DEBUG org.asynchttpclient.netty.request.NettyRequestSender - Using open Channel [id: 0xddb16001, L:/127.0.0.1:64307 - R:localhost/127.0.0.1:24884] for POST '/session/a18ce3d36897c07d4b8b57974342e959/element'
12:22:06.669 [AsyncHttpClient-1-2] DEBUG org.asynchttpclient.netty.handler.HttpHandler - 

Request DefaultHttpRequest(decodeResult: success, version: HTTP/1.1)
POST /session/a18ce3d36897c07d4b8b57974342e959/element HTTP/1.1
User-Agent: selenium/4.8.3 (java windows)
Content-Length: 62
Content-Type: application/json; charset=utf-8
host: localhost:24884
accept: */*

Response DefaultHttpResponse(decodeResult: success, version: HTTP/1.1)
HTTP/1.1 200 OK
Content-Length: 95
Content-Type: application/json; charset=utf-8
cache-control: no-cache

12:22:06.669 [AsyncHttpClient-1-2] DEBUG org.asynchttpclient.netty.channel.ChannelManager - Adding key: http://localhost:24884 for channel [id: 0xddb16001, L:/127.0.0.1:64307 - R:localhost/127.0.0.1:24884]
12:22:06.672 [Forwarding clearElement on session a18ce3d36897c07d4b8b57974342e959 to remote] DEBUG org.asynchttpclient.netty.request.NettyRequestSender - Using pooled Channel '[id: 0xddb16001, L:/127.0.0.1:64307 - R:localhost/127.0.0.1:24884]' for 'POST' to 'http://localhost:24884/session/a18ce3d36897c07d4b8b57974342e959/element/F73F4C7B0362C01B9FAA6AE289AD1134_element_34/clear'
12:22:06.672 [Forwarding clearElement on session a18ce3d36897c07d4b8b57974342e959 to remote] DEBUG org.asynchttpclient.netty.request.NettyRequestSender - Using open Channel [id: 0xddb16001, L:/127.0.0.1:64307 - R:localhost/127.0.0.1:24884] for POST '/session/a18ce3d36897c07d4b8b57974342e959/element/F73F4C7B0362C01B9FAA6AE289AD1134_element_34/clear'
12:22:06.707 [AsyncHttpClient-1-2] DEBUG org.asynchttpclient.netty.handler.HttpHandler - 

Request DefaultHttpRequest(decodeResult: success, version: HTTP/1.1)
POST /session/a18ce3d36897c07d4b8b57974342e959/element/F73F4C7B0362C01B9FAA6AE289AD1134_element_34/clear HTTP/1.1
User-Agent: selenium/4.8.3 (java windows)
Content-Length: 57
Content-Type: application/json; charset=utf-8
host: localhost:24884
accept: */*

Response DefaultHttpResponse(decodeResult: success, version: HTTP/1.1)
HTTP/1.1 200 OK
Content-Length: 14
Content-Type: application/json; charset=utf-8
cache-control: no-cache

12:22:06.708 [AsyncHttpClient-1-2] DEBUG org.asynchttpclient.netty.channel.ChannelManager - Adding key: http://localhost:24884 for channel [id: 0xddb16001, L:/127.0.0.1:64307 - R:localhost/127.0.0.1:24884]
12:22:06.709 [Forwarding findElement on session a18ce3d36897c07d4b8b57974342e959 to remote] DEBUG org.asynchttpclient.netty.request.NettyRequestSender - Using pooled Channel '[id: 0xddb16001, L:/127.0.0.1:64307 - R:localhost/127.0.0.1:24884]' for 'POST' to 'http://localhost:24884/session/a18ce3d36897c07d4b8b57974342e959/element'
12:22:06.710 [Forwarding findElement on session a18ce3d36897c07d4b8b57974342e959 to remote] DEBUG org.asynchttpclient.netty.request.NettyRequestSender - Using open Channel [id: 0xddb16001, L:/127.0.0.1:64307 - R:localhost/127.0.0.1:24884] for POST '/session/a18ce3d36897c07d4b8b57974342e959/element'
12:22:06.718 [AsyncHttpClient-1-2] DEBUG org.asynchttpclient.netty.handler.HttpHandler - 

Request DefaultHttpRequest(decodeResult: success, version: HTTP/1.1)
POST /session/a18ce3d36897c07d4b8b57974342e959/element HTTP/1.1
User-Agent: selenium/4.8.3 (java windows)
Content-Length: 62
Content-Type: application/json; charset=utf-8
host: localhost:24884
accept: */*

Response DefaultHttpResponse(decodeResult: success, version: HTTP/1.1)
HTTP/1.1 200 OK
Content-Length: 95
Content-Type: application/json; charset=utf-8
cache-control: no-cache

12:22:06.718 [AsyncHttpClient-1-2] DEBUG org.asynchttpclient.netty.channel.ChannelManager - Adding key: http://localhost:24884 for channel [id: 0xddb16001, L:/127.0.0.1:64307 - R:localhost/127.0.0.1:24884]
12:22:06.721 [Forwarding sendKeysToElement on session a18ce3d36897c07d4b8b57974342e959 to remote] DEBUG org.asynchttpclient.netty.request.NettyRequestSender - Using pooled Channel '[id: 0xddb16001, L:/127.0.0.1:64307 - R:localhost/127.0.0.1:24884]' for 'POST' to 'http://localhost:24884/session/a18ce3d36897c07d4b8b57974342e959/element/F73F4C7B0362C01B9FAA6AE289AD1134_element_34/value'
12:22:06.721 [Forwarding sendKeysToElement on session a18ce3d36897c07d4b8b57974342e959 to remote] DEBUG org.asynchttpclient.netty.request.NettyRequestSender - Using open Channel [id: 0xddb16001, L:/127.0.0.1:64307 - R:localhost/127.0.0.1:24884] for POST '/session/a18ce3d36897c07d4b8b57974342e959/element/F73F4C7B0362C01B9FAA6AE289AD1134_element_34/value'
12:22:06.784 [AsyncHttpClient-1-2] DEBUG org.asynchttpclient.netty.handler.HttpHandler - 

Request DefaultHttpRequest(decodeResult: success, version: HTTP/1.1)
POST /session/a18ce3d36897c07d4b8b57974342e959/element/F73F4C7B0362C01B9FAA6AE289AD1134_element_34/value HTTP/1.1
User-Agent: selenium/4.8.3 (java windows)
Content-Length: 148
Content-Type: application/json; charset=utf-8
host: localhost:24884
accept: */*

Response DefaultHttpResponse(decodeResult: success, version: HTTP/1.1)
HTTP/1.1 200 OK
Content-Length: 14
Content-Type: application/json; charset=utf-8
cache-control: no-cache

12:22:06.784 [AsyncHttpClient-1-2] DEBUG org.asynchttpclient.netty.channel.ChannelManager - Adding key: http://localhost:24884 for channel [id: 0xddb16001, L:/127.0.0.1:64307 - R:localhost/127.0.0.1:24884]
12:22:06.786 [Forwarding findElement on session a18ce3d36897c07d4b8b57974342e959 to remote] DEBUG org.asynchttpclient.netty.request.NettyRequestSender - Using pooled Channel '[id: 0xddb16001, L:/127.0.0.1:64307 - R:localhost/127.0.0.1:24884]' for 'POST' to 'http://localhost:24884/session/a18ce3d36897c07d4b8b57974342e959/element'
12:22:06.786 [Forwarding findElement on session a18ce3d36897c07d4b8b57974342e959 to remote] DEBUG org.asynchttpclient.netty.request.NettyRequestSender - Using open Channel [id: 0xddb16001, L:/127.0.0.1:64307 - R:localhost/127.0.0.1:24884] for POST '/session/a18ce3d36897c07d4b8b57974342e959/element'
12:22:06.798 [AsyncHttpClient-1-2] DEBUG org.asynchttpclient.netty.handler.HttpHandler - 

Request DefaultHttpRequest(decodeResult: success, version: HTTP/1.1)
POST /session/a18ce3d36897c07d4b8b57974342e959/element HTTP/1.1
User-Agent: selenium/4.8.3 (java windows)
Content-Length: 71
Content-Type: application/json; charset=utf-8
host: localhost:24884
accept: */*

Response DefaultHttpResponse(decodeResult: success, version: HTTP/1.1)
HTTP/1.1 200 OK
Content-Length: 95
Content-Type: application/json; charset=utf-8
cache-control: no-cache

12:22:06.799 [AsyncHttpClient-1-2] DEBUG org.asynchttpclient.netty.channel.ChannelManager - Adding key: http://localhost:24884 for channel [id: 0xddb16001, L:/127.0.0.1:64307 - R:localhost/127.0.0.1:24884]
12:22:06.800 [Forwarding clickElement on session a18ce3d36897c07d4b8b57974342e959 to remote] DEBUG org.asynchttpclient.netty.request.NettyRequestSender - Using pooled Channel '[id: 0xddb16001, L:/127.0.0.1:64307 - R:localhost/127.0.0.1:24884]' for 'POST' to 'http://localhost:24884/session/a18ce3d36897c07d4b8b57974342e959/element/F73F4C7B0362C01B9FAA6AE289AD1134_element_35/click'
12:22:06.800 [Forwarding clickElement on session a18ce3d36897c07d4b8b57974342e959 to remote] DEBUG org.asynchttpclient.netty.request.NettyRequestSender - Using open Channel [id: 0xddb16001, L:/127.0.0.1:64307 - R:localhost/127.0.0.1:24884] for POST '/session/a18ce3d36897c07d4b8b57974342e959/element/F73F4C7B0362C01B9FAA6AE289AD1134_element_35/click'
12:22:06.842 [AsyncHttpClient-1-2] DEBUG org.asynchttpclient.netty.handler.HttpHandler - 

Request DefaultHttpRequest(decodeResult: success, version: HTTP/1.1)
POST /session/a18ce3d36897c07d4b8b57974342e959/element/F73F4C7B0362C01B9FAA6AE289AD1134_element_35/click HTTP/1.1
User-Agent: selenium/4.8.3 (java windows)
Content-Length: 57
Content-Type: application/json; charset=utf-8
host: localhost:24884
accept: */*

Response DefaultHttpResponse(decodeResult: success, version: HTTP/1.1)
HTTP/1.1 200 OK
Content-Length: 14
Content-Type: application/json; charset=utf-8
cache-control: no-cache

12:22:06.842 [AsyncHttpClient-1-2] DEBUG org.asynchttpclient.netty.channel.ChannelManager - Adding key: http://localhost:24884 for channel [id: 0xddb16001, L:/127.0.0.1:64307 - R:localhost/127.0.0.1:24884]
2023-06-09 12:22:06 INFO  BaseTest:126 - Logged in
12:22:06.850 [rp-io-17] DEBUG com.epam.reportportal.service.Launch - Starting test item...rp-io-17
2023-06-09 12:22:06 INFO  Listeners:34 - Started Test null
12:22:06.864 [Forwarding findElement on session a18ce3d36897c07d4b8b57974342e959 to remote] DEBUG org.asynchttpclient.netty.request.NettyRequestSender - Using pooled Channel '[id: 0xddb16001, L:/127.0.0.1:64307 - R:localhost/127.0.0.1:24884]' for 'POST' to 'http://localhost:24884/session/a18ce3d36897c07d4b8b57974342e959/element'
12:22:06.864 [Forwarding findElement on session a18ce3d36897c07d4b8b57974342e959 to remote] DEBUG org.asynchttpclient.netty.request.NettyRequestSender - Using open Channel [id: 0xddb16001, L:/127.0.0.1:64307 - R:localhost/127.0.0.1:24884] for POST '/session/a18ce3d36897c07d4b8b57974342e959/element'
12:22:06.871 [rp-io-16] DEBUG com.epam.reportportal.service.Launch - TestItem with ID = 'fb39f433-5860-4f18-bd07-84913f790048' successfully finished.
12:22:06.871 [rp-io-16] DEBUG com.epam.reportportal.utils.SubscriptionUtils - Finish test item completed
12:22:06.884 [rp-io-17] DEBUG com.epam.reportportal.service.Launch - ReportPortal item with ID '169b99d0-2cc5-4df5-95ea-bff7429487c5' has been created
12:22:06.884 [rp-io-17] DEBUG com.epam.reportportal.utils.SubscriptionUtils - Start test item successfully completed
12:22:07.191 [AsyncHttpClient-1-2] DEBUG org.asynchttpclient.netty.handler.HttpHandler - 

Request DefaultHttpRequest(decodeResult: success, version: HTTP/1.1)
POST /session/a18ce3d36897c07d4b8b57974342e959/element HTTP/1.1
User-Agent: selenium/4.8.3 (java windows)
Content-Length: 168
Content-Type: application/json; charset=utf-8
host: localhost:24884
accept: */*

Response DefaultHttpResponse(decodeResult: success, version: HTTP/1.1)
HTTP/1.1 200 OK
Content-Length: 95
Content-Type: application/json; charset=utf-8
cache-control: no-cache

12:22:07.191 [AsyncHttpClient-1-2] DEBUG org.asynchttpclient.netty.channel.ChannelManager - Adding key: http://localhost:24884 for channel [id: 0xddb16001, L:/127.0.0.1:64307 - R:localhost/127.0.0.1:24884]
12:22:07.192 [Forwarding clickElement on session a18ce3d36897c07d4b8b57974342e959 to remote] DEBUG org.asynchttpclient.netty.request.NettyRequestSender - Using pooled Channel '[id: 0xddb16001, L:/127.0.0.1:64307 - R:localhost/127.0.0.1:24884]' for 'POST' to 'http://localhost:24884/session/a18ce3d36897c07d4b8b57974342e959/element/F73F4C7B0362C01B9FAA6AE289AD1134_element_39/click'
12:22:07.192 [Forwarding clickElement on session a18ce3d36897c07d4b8b57974342e959 to remote] DEBUG org.asynchttpclient.netty.request.NettyRequestSender - Using open Channel [id: 0xddb16001, L:/127.0.0.1:64307 - R:localhost/127.0.0.1:24884] for POST '/session/a18ce3d36897c07d4b8b57974342e959/element/F73F4C7B0362C01B9FAA6AE289AD1134_element_39/click'
12:22:07.333 [AsyncHttpClient-1-2] DEBUG org.asynchttpclient.netty.handler.HttpHandler - 

Request DefaultHttpRequest(decodeResult: success, version: HTTP/1.1)
POST /session/a18ce3d36897c07d4b8b57974342e959/element/F73F4C7B0362C01B9FAA6AE289AD1134_element_39/click HTTP/1.1
User-Agent: selenium/4.8.3 (java windows)
Content-Length: 57
Content-Type: application/json; charset=utf-8
host: localhost:24884
accept: */*

Response DefaultHttpResponse(decodeResult: success, version: HTTP/1.1)
HTTP/1.1 200 OK
Content-Length: 14
Content-Type: application/json; charset=utf-8
cache-control: no-cache

12:22:07.334 [AsyncHttpClient-1-2] DEBUG org.asynchttpclient.netty.channel.ChannelManager - Adding key: http://localhost:24884 for channel [id: 0xddb16001, L:/127.0.0.1:64307 - R:localhost/127.0.0.1:24884]
12:22:07.336 [Forwarding findElement on session a18ce3d36897c07d4b8b57974342e959 to remote] DEBUG org.asynchttpclient.netty.request.NettyRequestSender - Using pooled Channel '[id: 0xddb16001, L:/127.0.0.1:64307 - R:localhost/127.0.0.1:24884]' for 'POST' to 'http://localhost:24884/session/a18ce3d36897c07d4b8b57974342e959/element'
12:22:07.337 [Forwarding findElement on session a18ce3d36897c07d4b8b57974342e959 to remote] DEBUG org.asynchttpclient.netty.request.NettyRequestSender - Using open Channel [id: 0xddb16001, L:/127.0.0.1:64307 - R:localhost/127.0.0.1:24884] for POST '/session/a18ce3d36897c07d4b8b57974342e959/element'
12:22:07.339 [AsyncHttpClient-1-1] DEBUG org.asynchttpclient.netty.channel.DefaultChannelPool - Entry count for : http://localhost:64308 : 1
12:22:07.590 [AsyncHttpClient-1-2] DEBUG org.asynchttpclient.netty.handler.HttpHandler - 

Request DefaultHttpRequest(decodeResult: success, version: HTTP/1.1)
POST /session/a18ce3d36897c07d4b8b57974342e959/element HTTP/1.1
User-Agent: selenium/4.8.3 (java windows)
Content-Length: 83
Content-Type: application/json; charset=utf-8
host: localhost:24884
accept: */*

Response DefaultHttpResponse(decodeResult: success, version: HTTP/1.1)
HTTP/1.1 200 OK
Content-Length: 95
Content-Type: application/json; charset=utf-8
cache-control: no-cache

12:22:07.590 [AsyncHttpClient-1-2] DEBUG org.asynchttpclient.netty.channel.ChannelManager - Adding key: http://localhost:24884 for channel [id: 0xddb16001, L:/127.0.0.1:64307 - R:localhost/127.0.0.1:24884]
12:22:07.594 [Forwarding executeScript on session a18ce3d36897c07d4b8b57974342e959 to remote] DEBUG org.asynchttpclient.netty.request.NettyRequestSender - Using pooled Channel '[id: 0xddb16001, L:/127.0.0.1:64307 - R:localhost/127.0.0.1:24884]' for 'POST' to 'http://localhost:24884/session/a18ce3d36897c07d4b8b57974342e959/execute/sync'
12:22:07.595 [Forwarding executeScript on session a18ce3d36897c07d4b8b57974342e959 to remote] DEBUG org.asynchttpclient.netty.request.NettyRequestSender - Using open Channel [id: 0xddb16001, L:/127.0.0.1:64307 - R:localhost/127.0.0.1:24884] for POST '/session/a18ce3d36897c07d4b8b57974342e959/execute/sync'
12:22:07.606 [AsyncHttpClient-1-2] DEBUG org.asynchttpclient.netty.handler.HttpHandler - 

Request DefaultHttpRequest(decodeResult: success, version: HTTP/1.1)
POST /session/a18ce3d36897c07d4b8b57974342e959/execute/sync HTTP/1.1
User-Agent: selenium/4.8.3 (java windows)
Content-Length: 232
Content-Type: application/json; charset=utf-8
host: localhost:24884
accept: */*

Response DefaultHttpResponse(decodeResult: success, version: HTTP/1.1)
HTTP/1.1 200 OK
Content-Length: 14
Content-Type: application/json; charset=utf-8
cache-control: no-cache

12:22:07.606 [AsyncHttpClient-1-2] DEBUG org.asynchttpclient.netty.channel.ChannelManager - Adding key: http://localhost:24884 for channel [id: 0xddb16001, L:/127.0.0.1:64307 - R:localhost/127.0.0.1:24884]
12:22:07.607 [Forwarding findElement on session a18ce3d36897c07d4b8b57974342e959 to remote] DEBUG org.asynchttpclient.netty.request.NettyRequestSender - Using pooled Channel '[id: 0xddb16001, L:/127.0.0.1:64307 - R:localhost/127.0.0.1:24884]' for 'POST' to 'http://localhost:24884/session/a18ce3d36897c07d4b8b57974342e959/element'
12:22:07.608 [Forwarding findElement on session a18ce3d36897c07d4b8b57974342e959 to remote] DEBUG org.asynchttpclient.netty.request.NettyRequestSender - Using open Channel [id: 0xddb16001, L:/127.0.0.1:64307 - R:localhost/127.0.0.1:24884] for POST '/session/a18ce3d36897c07d4b8b57974342e959/element'
12:22:07.649 [AsyncHttpClient-1-2] DEBUG org.asynchttpclient.netty.handler.HttpHandler - 

Request DefaultHttpRequest(decodeResult: success, version: HTTP/1.1)
POST /session/a18ce3d36897c07d4b8b57974342e959/element HTTP/1.1
User-Agent: selenium/4.8.3 (java windows)
Content-Length: 83
Content-Type: application/json; charset=utf-8
host: localhost:24884
accept: */*

Response DefaultHttpResponse(decodeResult: success, version: HTTP/1.1)
HTTP/1.1 200 OK
Content-Length: 95
Content-Type: application/json; charset=utf-8
cache-control: no-cache

12:22:07.650 [AsyncHttpClient-1-2] DEBUG org.asynchttpclient.netty.channel.ChannelManager - Adding key: http://localhost:24884 for channel [id: 0xddb16001, L:/127.0.0.1:64307 - R:localhost/127.0.0.1:24884]
12:22:07.664 [Forwarding isElementDisplayed on session a18ce3d36897c07d4b8b57974342e959 to remote] DEBUG org.asynchttpclient.netty.request.NettyRequestSender - Using pooled Channel '[id: 0xddb16001, L:/127.0.0.1:64307 - R:localhost/127.0.0.1:24884]' for 'POST' to 'http://localhost:24884/session/a18ce3d36897c07d4b8b57974342e959/execute/sync'
12:22:07.664 [Forwarding isElementDisplayed on session a18ce3d36897c07d4b8b57974342e959 to remote] DEBUG org.asynchttpclient.netty.request.NettyRequestSender - Using open Channel [id: 0xddb16001, L:/127.0.0.1:64307 - R:localhost/127.0.0.1:24884] for POST '/session/a18ce3d36897c07d4b8b57974342e959/execute/sync'
12:22:07.752 [AsyncHttpClient-1-2] DEBUG org.asynchttpclient.netty.handler.HttpHandler - 

Request DefaultHttpRequest(decodeResult: success, version: HTTP/1.1)
POST /session/a18ce3d36897c07d4b8b57974342e959/execute/sync HTTP/1.1
User-Agent: selenium/4.8.3 (java windows)
Content-Length: 48814
Content-Type: application/json; charset=utf-8
host: localhost:24884
accept: */*

Response DefaultHttpResponse(decodeResult: success, version: HTTP/1.1)
HTTP/1.1 200 OK
Content-Length: 14
Content-Type: application/json; charset=utf-8
cache-control: no-cache

12:22:07.753 [AsyncHttpClient-1-2] DEBUG org.asynchttpclient.netty.channel.ChannelManager - Adding key: http://localhost:24884 for channel [id: 0xddb16001, L:/127.0.0.1:64307 - R:localhost/127.0.0.1:24884]
2023-06-09 12:22:07 INFO  Listeners:38 - Succeeded Test null
]]></system-out>
    <system-err><![CDATA[Starting ChromeDriver 114.0.5735.90 (386bc09e8f4f2e025eddae123f36f6263096ae49-refs/branch-heads/5735@{#1052}) on port 24884
Only local connections are allowed.
Please see https://chromedriver.chromium.org/security-considerations for suggestions on keeping ChromeDriver safe.
ChromeDriver was started successfully.
Jun 09, 2023 12:22:04 PM org.openqa.selenium.devtools.CdpVersionFinder findNearestMatch
WARNING: Unable to find an exact match for CDP version 114, so returning the closest version found: 111
]]></system-err>
  </testcase>
  <testcase name="searchDashboardNameDP[LAUNCH STATISTICS BAR](2)" classname="alltests.uitest.coreTest.DashboardPageTest" time="1.097">
    <system-out><![CDATA[12:22:07.760 [rp-io-23] DEBUG com.epam.reportportal.service.Launch - Starting test item...rp-io-23
12:22:07.774 [Driver Command Executor] DEBUG org.asynchttpclient.netty.request.NettyRequestSender - Using pooled Channel '[id: 0xddb16001, L:/127.0.0.1:64307 - R:localhost/127.0.0.1:24884]' for 'DELETE' to 'http://localhost:24884/session/a18ce3d36897c07d4b8b57974342e959'
12:22:07.774 [Driver Command Executor] DEBUG org.asynchttpclient.netty.request.NettyRequestSender - Using open Channel [id: 0xddb16001, L:/127.0.0.1:64307 - R:localhost/127.0.0.1:24884] for DELETE '/session/a18ce3d36897c07d4b8b57974342e959'
12:22:07.780 [AsyncHttpClient-1-4] DEBUG org.asynchttpclient.netty.handler.WebSocketHandler - Channel Closed: [id: 0x0d1be139, L:/127.0.0.1:64319 ! R:localhost/127.0.0.1:64308] with attribute NettyResponseFuture{currentRetry=0,
	isDone=1,
	isCancelled=0,
	asyncHandler=org.asynchttpclient.ws.WebSocketUpgradeHandler@3699df6,
	nettyRequest=org.asynchttpclient.netty.request.NettyRequest@2634cabc,
	future=java.util.concurrent.CompletableFuture@1ccc26ed[Completed normally],
	uri=ws://localhost:64308/devtools/browser/f369ef64-9c10-41db-990e-bb31501a782d,
	keepAlive=true,
	redirectCount=0,
	timeoutsHolder=null,
	inAuth=0,
	touch=1686306124710}
12:22:07.781 [AsyncHttpClient-1-4] DEBUG org.asynchttpclient.netty.channel.ChannelManager - Closing Channel [id: 0x0d1be139, L:/127.0.0.1:64319 ! R:localhost/127.0.0.1:64308] 
12:22:07.785 [rp-io-22] DEBUG com.epam.reportportal.service.Launch - TestItem with ID = '169b99d0-2cc5-4df5-95ea-bff7429487c5' successfully finished.
12:22:07.786 [rp-io-22] DEBUG com.epam.reportportal.utils.SubscriptionUtils - Finish test item completed
12:22:07.791 [rp-io-23] DEBUG com.epam.reportportal.service.Launch - ReportPortal item with ID '131129bd-617b-4ed6-9217-2598e6b7169e' has been created
12:22:07.791 [rp-io-23] DEBUG com.epam.reportportal.utils.SubscriptionUtils - Start test item successfully completed
12:22:07.857 [AsyncHttpClient-1-3] DEBUG org.asynchttpclient.netty.handler.HttpHandler - Unexpected I/O exception on channel [id: 0x9ff076ca, L:/127.0.0.1:64318 - R:localhost/127.0.0.1:64308]
java.net.SocketException: Connection reset
	at java.base/sun.nio.ch.SocketChannelImpl.throwConnectionReset(SocketChannelImpl.java:394)
	at java.base/sun.nio.ch.SocketChannelImpl.read(SocketChannelImpl.java:426)
	at io.netty.buffer.PooledByteBuf.setBytes(PooledByteBuf.java:256)
	at io.netty.buffer.AbstractByteBuf.writeBytes(AbstractByteBuf.java:1132)
	at io.netty.channel.socket.nio.NioSocketChannel.doReadBytes(NioSocketChannel.java:357)
	at io.netty.channel.nio.AbstractNioByteChannel$NioByteUnsafe.read(AbstractNioByteChannel.java:151)
	at io.netty.channel.nio.NioEventLoop.processSelectedKey(NioEventLoop.java:788)
	at io.netty.channel.nio.NioEventLoop.processSelectedKeysOptimized(NioEventLoop.java:724)
	at io.netty.channel.nio.NioEventLoop.processSelectedKeys(NioEventLoop.java:650)
	at io.netty.channel.nio.NioEventLoop.run(NioEventLoop.java:562)
	at io.netty.util.concurrent.SingleThreadEventExecutor$4.run(SingleThreadEventExecutor.java:997)
	at io.netty.util.internal.ThreadExecutorMap$2.run(ThreadExecutorMap.java:74)
	at io.netty.util.concurrent.FastThreadLocalRunnable.run(FastThreadLocalRunnable.java:30)
	at java.base/java.lang.Thread.run(Thread.java:833)
12:22:07.857 [AsyncHttpClient-1-3] DEBUG org.asynchttpclient.netty.channel.ChannelManager - Closing Channel [id: 0x9ff076ca, L:/127.0.0.1:64318 - R:localhost/127.0.0.1:64308] 
12:22:07.859 [AsyncHttpClient-1-3] DEBUG org.asynchttpclient.netty.handler.HttpHandler - Channel Closed: [id: 0x9ff076ca, L:/127.0.0.1:64318 ! R:localhost/127.0.0.1:64308] with attribute DISCARD
12:22:07.881 [AsyncHttpClient-1-2] DEBUG org.asynchttpclient.netty.handler.HttpHandler - 

Request DefaultFullHttpRequest(decodeResult: success, version: HTTP/1.1, content: EmptyByteBufBE)
DELETE /session/a18ce3d36897c07d4b8b57974342e959 HTTP/1.1
User-Agent: selenium/4.8.3 (java windows)
Content-Type: application/json; charset=utf-8
host: localhost:24884
accept: */*

Response DefaultHttpResponse(decodeResult: success, version: HTTP/1.1)
HTTP/1.1 200 OK
Content-Length: 14
Content-Type: application/json; charset=utf-8
cache-control: no-cache

12:22:07.881 [AsyncHttpClient-1-2] DEBUG org.asynchttpclient.netty.channel.ChannelManager - Adding key: http://localhost:24884 for channel [id: 0xddb16001, L:/127.0.0.1:64307 - R:localhost/127.0.0.1:24884]
12:22:07.940 [AsyncHttpClient-1-2] DEBUG org.asynchttpclient.netty.handler.HttpHandler - Channel Closed: [id: 0xddb16001, L:/127.0.0.1:64307 ! R:localhost/127.0.0.1:24884] with attribute DISCARD
2023-06-09 12:22:08 INFO  BaseTest:83 - Test executed**********
12:22:08.005 [rp-io-29] DEBUG com.epam.reportportal.service.Launch - Starting test item...rp-io-29
2023-06-09 12:22:08 INFO  BaseTest:110 - Property files loaded successfully**********
12:22:08.025 [rp-io-26] DEBUG com.epam.reportportal.service.Launch - TestItem with ID = '131129bd-617b-4ed6-9217-2598e6b7169e' successfully finished.
12:22:08.025 [rp-io-26] DEBUG com.epam.reportportal.utils.SubscriptionUtils - Finish test item completed
12:22:08.027 [main] DEBUG io.github.bonigarcia.wdm.cache.ResolutionCache - Resolution chrome=114 in cache (valid until 13:14:48 09/06/2023 CEST)
12:22:08.028 [main] DEBUG io.github.bonigarcia.wdm.cache.ResolutionCache - Resolution chrome114=114.0.5735.90 in cache (valid until 12:14:48 10/06/2023 CEST)
12:22:08.029 [main] INFO io.github.bonigarcia.wdm.WebDriverManager - Using chromedriver 114.0.5735.90 (resolved driver for Chrome 114)
12:22:08.037 [rp-io-30] DEBUG com.epam.reportportal.service.Launch - ReportPortal item with ID '610e4a2d-99c6-43fb-838b-2b6a0d93c86a' has been created
12:22:08.037 [rp-io-30] DEBUG com.epam.reportportal.utils.SubscriptionUtils - Start test item successfully completed
12:22:08.041 [main] DEBUG io.github.bonigarcia.wdm.WebDriverManager - Driver chromedriver 114.0.5735.90 found in cache
12:22:08.042 [main] INFO io.github.bonigarcia.wdm.WebDriverManager - Exporting webdriver.chrome.driver as C:\Users\Suwarna_Wagh\.cache\selenium\chromedriver\win32\114.0.5735.90\chromedriver.exe
12:22:08.191 [AsyncHttpClient-1-5] DEBUG org.asynchttpclient.netty.channel.NettyConnectListener - Using new Channel '[id: 0x63477c94, L:/127.0.0.1:64344 - R:localhost/127.0.0.1:12723]' for 'POST' to '/session'
12:22:08.447 [AsyncHttpClient-1-1] DEBUG org.asynchttpclient.netty.channel.DefaultChannelPool - Entry count for : http://localhost:64308 : 1
12:22:08.449 [AsyncHttpClient-1-1] DEBUG org.asynchttpclient.netty.channel.DefaultChannelPool - Entry count for : http://localhost:24884 : 1
12:22:08.449 [AsyncHttpClient-1-1] DEBUG org.asynchttpclient.netty.channel.DefaultChannelPool - Adding Candidate expired Channel [id: 0x9ff076ca, L:/127.0.0.1:64318 ! R:localhost/127.0.0.1:64308] isIdleTimeoutExpired=false isRemotelyClosed=true isTtlExpired=false
12:22:08.449 [AsyncHttpClient-1-1] DEBUG org.asynchttpclient.netty.channel.DefaultChannelPool - Closing Idle Channel [id: 0x9ff076ca, L:/127.0.0.1:64318 ! R:localhost/127.0.0.1:64308]
12:22:08.454 [AsyncHttpClient-1-1] DEBUG org.asynchttpclient.netty.channel.DefaultChannelPool - Adding Candidate expired Channel [id: 0xddb16001, L:/127.0.0.1:64307 ! R:localhost/127.0.0.1:24884] isIdleTimeoutExpired=false isRemotelyClosed=true isTtlExpired=false
12:22:08.455 [AsyncHttpClient-1-1] DEBUG org.asynchttpclient.netty.channel.DefaultChannelPool - Closing Idle Channel [id: 0xddb16001, L:/127.0.0.1:64307 ! R:localhost/127.0.0.1:24884]
12:22:08.457 [AsyncHttpClient-1-1] DEBUG org.asynchttpclient.netty.channel.DefaultChannelPool - Closed 2 connections out of 2 in 8 ms
12:22:09.147 [AsyncHttpClient-1-5] DEBUG org.asynchttpclient.netty.handler.HttpHandler - 

Request DefaultHttpRequest(decodeResult: success, version: HTTP/1.1)
POST /session HTTP/1.1
User-Agent: selenium/4.8.3 (java windows)
Content-Length: 439
Content-Type: application/json; charset=utf-8
host: localhost:12723
accept: */*

Response DefaultHttpResponse(decodeResult: success, version: HTTP/1.1)
HTTP/1.1 200 OK
Content-Length: 864
Content-Type: application/json; charset=utf-8
cache-control: no-cache

12:22:09.148 [AsyncHttpClient-1-5] DEBUG org.asynchttpclient.netty.channel.ChannelManager - Adding key: http://localhost:12723 for channel [id: 0x63477c94, L:/127.0.0.1:64344 - R:localhost/127.0.0.1:12723]
12:22:09.158 [AsyncHttpClient-1-6] DEBUG org.asynchttpclient.netty.channel.NettyConnectListener - Using new Channel '[id: 0xb1e618b8, L:/127.0.0.1:64353 - R:localhost/127.0.0.1:64345]' for 'GET' to '/json/version'
12:22:09.163 [AsyncHttpClient-1-6] DEBUG org.asynchttpclient.netty.handler.HttpHandler - 

Request DefaultFullHttpRequest(decodeResult: success, version: HTTP/1.1, content: EmptyByteBufBE)
GET /json/version HTTP/1.1
User-Agent: selenium/4.8.3 (java windows)
host: localhost:64345
accept: */*

Response DefaultHttpResponse(decodeResult: success, version: HTTP/1.1)
HTTP/1.1 200 OK
Content-Security-Policy: frame-ancestors 'none'
Content-Length: 424
Content-Type: application/json; charset=UTF-8

12:22:09.163 [AsyncHttpClient-1-6] DEBUG org.asynchttpclient.netty.channel.ChannelManager - Adding key: http://localhost:64345 for channel [id: 0xb1e618b8, L:/127.0.0.1:64353 - R:localhost/127.0.0.1:64345]
12:22:09.167 [AsyncHttpClient-1-7] DEBUG org.asynchttpclient.netty.channel.NettyConnectListener - Using new Channel '[id: 0x2424789a, L:/127.0.0.1:64354 - R:localhost/127.0.0.1:64345]' for 'GET' to '/devtools/browser/6bb96869-a4bf-47bc-b0a8-962dc7e46eee'
12:22:09.170 [AsyncHttpClient-1-7] DEBUG org.asynchttpclient.netty.handler.WebSocketHandler - 

Request DefaultFullHttpRequest(decodeResult: success, version: HTTP/1.1, content: EmptyByteBufBE)
GET /devtools/browser/6bb96869-a4bf-47bc-b0a8-962dc7e46eee HTTP/1.1
upgrade: websocket
connection: upgrade
sec-websocket-key: 2dd0fRj6tyb8XxfsH7X/Yw==
sec-websocket-version: 13
origin: http://localhost:64345
host: localhost:64345
accept: */*
user-agent: AHC/2.1

Response DefaultHttpResponse(decodeResult: success, version: HTTP/1.1)
HTTP/1.1 101 WebSocket Protocol Handshake
Upgrade: WebSocket
Connection: Upgrade
Sec-WebSocket-Accept: tS1G6rNVlcNbE5ohxftyXyZwBDA=

12:22:09.176 [Forwarding setTimeout on session dde65f49801bdcf8e476b60c4cd00a29 to remote] DEBUG org.asynchttpclient.netty.request.NettyRequestSender - Using pooled Channel '[id: 0x63477c94, L:/127.0.0.1:64344 - R:localhost/127.0.0.1:12723]' for 'POST' to 'http://localhost:12723/session/dde65f49801bdcf8e476b60c4cd00a29/timeouts'
12:22:09.177 [Forwarding setTimeout on session dde65f49801bdcf8e476b60c4cd00a29 to remote] DEBUG org.asynchttpclient.netty.request.NettyRequestSender - Using open Channel [id: 0x63477c94, L:/127.0.0.1:64344 - R:localhost/127.0.0.1:12723] for POST '/session/dde65f49801bdcf8e476b60c4cd00a29/timeouts'
12:22:09.180 [AsyncHttpClient-1-5] DEBUG org.asynchttpclient.netty.handler.HttpHandler - 

Request DefaultHttpRequest(decodeResult: success, version: HTTP/1.1)
POST /session/dde65f49801bdcf8e476b60c4cd00a29/timeouts HTTP/1.1
User-Agent: selenium/4.8.3 (java windows)
Content-Length: 22
Content-Type: application/json; charset=utf-8
host: localhost:12723
accept: */*

Response DefaultHttpResponse(decodeResult: success, version: HTTP/1.1)
HTTP/1.1 200 OK
Content-Length: 14
Content-Type: application/json; charset=utf-8
cache-control: no-cache

12:22:09.181 [AsyncHttpClient-1-5] DEBUG org.asynchttpclient.netty.channel.ChannelManager - Adding key: http://localhost:12723 for channel [id: 0x63477c94, L:/127.0.0.1:64344 - R:localhost/127.0.0.1:12723]
12:22:09.189 [Forwarding maximizeCurrentWindow on session dde65f49801bdcf8e476b60c4cd00a29 to remote] DEBUG org.asynchttpclient.netty.request.NettyRequestSender - Using pooled Channel '[id: 0x63477c94, L:/127.0.0.1:64344 - R:localhost/127.0.0.1:12723]' for 'POST' to 'http://localhost:12723/session/dde65f49801bdcf8e476b60c4cd00a29/window/maximize'
12:22:09.189 [Forwarding maximizeCurrentWindow on session dde65f49801bdcf8e476b60c4cd00a29 to remote] DEBUG org.asynchttpclient.netty.request.NettyRequestSender - Using open Channel [id: 0x63477c94, L:/127.0.0.1:64344 - R:localhost/127.0.0.1:12723] for POST '/session/dde65f49801bdcf8e476b60c4cd00a29/window/maximize'
12:22:09.320 [AsyncHttpClient-1-5] DEBUG org.asynchttpclient.netty.handler.HttpHandler - 

Request DefaultHttpRequest(decodeResult: success, version: HTTP/1.1)
POST /session/dde65f49801bdcf8e476b60c4cd00a29/window/maximize HTTP/1.1
User-Agent: selenium/4.8.3 (java windows)
Content-Length: 3
Content-Type: application/json; charset=utf-8
host: localhost:12723
accept: */*

Response DefaultHttpResponse(decodeResult: success, version: HTTP/1.1)
HTTP/1.1 200 OK
Content-Length: 51
Content-Type: application/json; charset=utf-8
cache-control: no-cache

12:22:09.321 [AsyncHttpClient-1-5] DEBUG org.asynchttpclient.netty.channel.ChannelManager - Adding key: http://localhost:12723 for channel [id: 0x63477c94, L:/127.0.0.1:64344 - R:localhost/127.0.0.1:12723]
12:22:09.322 [Forwarding get on session dde65f49801bdcf8e476b60c4cd00a29 to remote] DEBUG org.asynchttpclient.netty.request.NettyRequestSender - Using pooled Channel '[id: 0x63477c94, L:/127.0.0.1:64344 - R:localhost/127.0.0.1:12723]' for 'POST' to 'http://localhost:12723/session/dde65f49801bdcf8e476b60c4cd00a29/url'
12:22:09.322 [Forwarding get on session dde65f49801bdcf8e476b60c4cd00a29 to remote] DEBUG org.asynchttpclient.netty.request.NettyRequestSender - Using open Channel [id: 0x63477c94, L:/127.0.0.1:64344 - R:localhost/127.0.0.1:12723] for POST '/session/dde65f49801bdcf8e476b60c4cd00a29/url'
12:22:09.539 [AsyncHttpClient-1-1] DEBUG org.asynchttpclient.netty.channel.DefaultChannelPool - Entry count for : http://localhost:64345 : 1
12:22:10.640 [AsyncHttpClient-1-1] DEBUG org.asynchttpclient.netty.channel.DefaultChannelPool - Entry count for : http://localhost:64345 : 1
12:22:10.782 [AsyncHttpClient-1-5] DEBUG org.asynchttpclient.netty.handler.HttpHandler - 

Request DefaultHttpRequest(decodeResult: success, version: HTTP/1.1)
POST /session/dde65f49801bdcf8e476b60c4cd00a29/url HTTP/1.1
User-Agent: selenium/4.8.3 (java windows)
Content-Length: 52
Content-Type: application/json; charset=utf-8
host: localhost:12723
accept: */*

Response DefaultHttpResponse(decodeResult: success, version: HTTP/1.1)
HTTP/1.1 200 OK
Content-Length: 14
Content-Type: application/json; charset=utf-8
cache-control: no-cache

12:22:10.782 [AsyncHttpClient-1-5] DEBUG org.asynchttpclient.netty.channel.ChannelManager - Adding key: http://localhost:12723 for channel [id: 0x63477c94, L:/127.0.0.1:64344 - R:localhost/127.0.0.1:12723]
2023-06-09 12:22:10 INFO  BaseTest:104 - Test driver set up done successfully**********
2023-06-09 12:22:10 INFO  BaseTest:122 - Logging in to portal
12:22:10.786 [Forwarding findElement on session dde65f49801bdcf8e476b60c4cd00a29 to remote] DEBUG org.asynchttpclient.netty.request.NettyRequestSender - Using pooled Channel '[id: 0x63477c94, L:/127.0.0.1:64344 - R:localhost/127.0.0.1:12723]' for 'POST' to 'http://localhost:12723/session/dde65f49801bdcf8e476b60c4cd00a29/element'
12:22:10.786 [Forwarding findElement on session dde65f49801bdcf8e476b60c4cd00a29 to remote] DEBUG org.asynchttpclient.netty.request.NettyRequestSender - Using open Channel [id: 0x63477c94, L:/127.0.0.1:64344 - R:localhost/127.0.0.1:12723] for POST '/session/dde65f49801bdcf8e476b60c4cd00a29/element'
12:22:10.800 [AsyncHttpClient-1-5] DEBUG org.asynchttpclient.netty.handler.HttpHandler - 

Request DefaultHttpRequest(decodeResult: success, version: HTTP/1.1)
POST /session/dde65f49801bdcf8e476b60c4cd00a29/element HTTP/1.1
User-Agent: selenium/4.8.3 (java windows)
Content-Length: 59
Content-Type: application/json; charset=utf-8
host: localhost:12723
accept: */*

Response DefaultHttpResponse(decodeResult: success, version: HTTP/1.1)
HTTP/1.1 200 OK
Content-Length: 95
Content-Type: application/json; charset=utf-8
cache-control: no-cache

12:22:10.800 [AsyncHttpClient-1-5] DEBUG org.asynchttpclient.netty.channel.ChannelManager - Adding key: http://localhost:12723 for channel [id: 0x63477c94, L:/127.0.0.1:64344 - R:localhost/127.0.0.1:12723]
12:22:10.802 [Forwarding clearElement on session dde65f49801bdcf8e476b60c4cd00a29 to remote] DEBUG org.asynchttpclient.netty.request.NettyRequestSender - Using pooled Channel '[id: 0x63477c94, L:/127.0.0.1:64344 - R:localhost/127.0.0.1:12723]' for 'POST' to 'http://localhost:12723/session/dde65f49801bdcf8e476b60c4cd00a29/element/2C311BC3ECB294F77904DDA8D48B1A38_element_30/clear'
12:22:10.802 [Forwarding clearElement on session dde65f49801bdcf8e476b60c4cd00a29 to remote] DEBUG org.asynchttpclient.netty.request.NettyRequestSender - Using open Channel [id: 0x63477c94, L:/127.0.0.1:64344 - R:localhost/127.0.0.1:12723] for POST '/session/dde65f49801bdcf8e476b60c4cd00a29/element/2C311BC3ECB294F77904DDA8D48B1A38_element_30/clear'
12:22:10.845 [AsyncHttpClient-1-5] DEBUG org.asynchttpclient.netty.handler.HttpHandler - 

Request DefaultHttpRequest(decodeResult: success, version: HTTP/1.1)
POST /session/dde65f49801bdcf8e476b60c4cd00a29/element/2C311BC3ECB294F77904DDA8D48B1A38_element_30/clear HTTP/1.1
User-Agent: selenium/4.8.3 (java windows)
Content-Length: 57
Content-Type: application/json; charset=utf-8
host: localhost:12723
accept: */*

Response DefaultHttpResponse(decodeResult: success, version: HTTP/1.1)
HTTP/1.1 200 OK
Content-Length: 14
Content-Type: application/json; charset=utf-8
cache-control: no-cache

12:22:10.846 [AsyncHttpClient-1-5] DEBUG org.asynchttpclient.netty.channel.ChannelManager - Adding key: http://localhost:12723 for channel [id: 0x63477c94, L:/127.0.0.1:64344 - R:localhost/127.0.0.1:12723]
12:22:10.848 [Forwarding findElement on session dde65f49801bdcf8e476b60c4cd00a29 to remote] DEBUG org.asynchttpclient.netty.request.NettyRequestSender - Using pooled Channel '[id: 0x63477c94, L:/127.0.0.1:64344 - R:localhost/127.0.0.1:12723]' for 'POST' to 'http://localhost:12723/session/dde65f49801bdcf8e476b60c4cd00a29/element'
12:22:10.848 [Forwarding findElement on session dde65f49801bdcf8e476b60c4cd00a29 to remote] DEBUG org.asynchttpclient.netty.request.NettyRequestSender - Using open Channel [id: 0x63477c94, L:/127.0.0.1:64344 - R:localhost/127.0.0.1:12723] for POST '/session/dde65f49801bdcf8e476b60c4cd00a29/element'
12:22:10.857 [AsyncHttpClient-1-5] DEBUG org.asynchttpclient.netty.handler.HttpHandler - 

Request DefaultHttpRequest(decodeResult: success, version: HTTP/1.1)
POST /session/dde65f49801bdcf8e476b60c4cd00a29/element HTTP/1.1
User-Agent: selenium/4.8.3 (java windows)
Content-Length: 59
Content-Type: application/json; charset=utf-8
host: localhost:12723
accept: */*

Response DefaultHttpResponse(decodeResult: success, version: HTTP/1.1)
HTTP/1.1 200 OK
Content-Length: 95
Content-Type: application/json; charset=utf-8
cache-control: no-cache

12:22:10.857 [AsyncHttpClient-1-5] DEBUG org.asynchttpclient.netty.channel.ChannelManager - Adding key: http://localhost:12723 for channel [id: 0x63477c94, L:/127.0.0.1:64344 - R:localhost/127.0.0.1:12723]
12:22:10.860 [Forwarding sendKeysToElement on session dde65f49801bdcf8e476b60c4cd00a29 to remote] DEBUG org.asynchttpclient.netty.request.NettyRequestSender - Using pooled Channel '[id: 0x63477c94, L:/127.0.0.1:64344 - R:localhost/127.0.0.1:12723]' for 'POST' to 'http://localhost:12723/session/dde65f49801bdcf8e476b60c4cd00a29/element/2C311BC3ECB294F77904DDA8D48B1A38_element_30/value'
12:22:10.860 [Forwarding sendKeysToElement on session dde65f49801bdcf8e476b60c4cd00a29 to remote] DEBUG org.asynchttpclient.netty.request.NettyRequestSender - Using open Channel [id: 0x63477c94, L:/127.0.0.1:64344 - R:localhost/127.0.0.1:12723] for POST '/session/dde65f49801bdcf8e476b60c4cd00a29/element/2C311BC3ECB294F77904DDA8D48B1A38_element_30/value'
12:22:10.968 [AsyncHttpClient-1-5] DEBUG org.asynchttpclient.netty.handler.HttpHandler - 

Request DefaultHttpRequest(decodeResult: success, version: HTTP/1.1)
POST /session/dde65f49801bdcf8e476b60c4cd00a29/element/2C311BC3ECB294F77904DDA8D48B1A38_element_30/value HTTP/1.1
User-Agent: selenium/4.8.3 (java windows)
Content-Length: 188
Content-Type: application/json; charset=utf-8
host: localhost:12723
accept: */*

Response DefaultHttpResponse(decodeResult: success, version: HTTP/1.1)
HTTP/1.1 200 OK
Content-Length: 14
Content-Type: application/json; charset=utf-8
cache-control: no-cache

12:22:10.968 [AsyncHttpClient-1-5] DEBUG org.asynchttpclient.netty.channel.ChannelManager - Adding key: http://localhost:12723 for channel [id: 0x63477c94, L:/127.0.0.1:64344 - R:localhost/127.0.0.1:12723]
12:22:10.969 [Forwarding findElement on session dde65f49801bdcf8e476b60c4cd00a29 to remote] DEBUG org.asynchttpclient.netty.request.NettyRequestSender - Using pooled Channel '[id: 0x63477c94, L:/127.0.0.1:64344 - R:localhost/127.0.0.1:12723]' for 'POST' to 'http://localhost:12723/session/dde65f49801bdcf8e476b60c4cd00a29/element'
12:22:10.970 [Forwarding findElement on session dde65f49801bdcf8e476b60c4cd00a29 to remote] DEBUG org.asynchttpclient.netty.request.NettyRequestSender - Using open Channel [id: 0x63477c94, L:/127.0.0.1:64344 - R:localhost/127.0.0.1:12723] for POST '/session/dde65f49801bdcf8e476b60c4cd00a29/element'
12:22:10.984 [AsyncHttpClient-1-5] DEBUG org.asynchttpclient.netty.handler.HttpHandler - 

Request DefaultHttpRequest(decodeResult: success, version: HTTP/1.1)
POST /session/dde65f49801bdcf8e476b60c4cd00a29/element HTTP/1.1
User-Agent: selenium/4.8.3 (java windows)
Content-Length: 62
Content-Type: application/json; charset=utf-8
host: localhost:12723
accept: */*

Response DefaultHttpResponse(decodeResult: success, version: HTTP/1.1)
HTTP/1.1 200 OK
Content-Length: 95
Content-Type: application/json; charset=utf-8
cache-control: no-cache

12:22:10.985 [AsyncHttpClient-1-5] DEBUG org.asynchttpclient.netty.channel.ChannelManager - Adding key: http://localhost:12723 for channel [id: 0x63477c94, L:/127.0.0.1:64344 - R:localhost/127.0.0.1:12723]
12:22:10.986 [Forwarding clearElement on session dde65f49801bdcf8e476b60c4cd00a29 to remote] DEBUG org.asynchttpclient.netty.request.NettyRequestSender - Using pooled Channel '[id: 0x63477c94, L:/127.0.0.1:64344 - R:localhost/127.0.0.1:12723]' for 'POST' to 'http://localhost:12723/session/dde65f49801bdcf8e476b60c4cd00a29/element/2C311BC3ECB294F77904DDA8D48B1A38_element_32/clear'
12:22:10.986 [Forwarding clearElement on session dde65f49801bdcf8e476b60c4cd00a29 to remote] DEBUG org.asynchttpclient.netty.request.NettyRequestSender - Using open Channel [id: 0x63477c94, L:/127.0.0.1:64344 - R:localhost/127.0.0.1:12723] for POST '/session/dde65f49801bdcf8e476b60c4cd00a29/element/2C311BC3ECB294F77904DDA8D48B1A38_element_32/clear'
12:22:11.010 [AsyncHttpClient-1-5] DEBUG org.asynchttpclient.netty.handler.HttpHandler - 

Request DefaultHttpRequest(decodeResult: success, version: HTTP/1.1)
POST /session/dde65f49801bdcf8e476b60c4cd00a29/element/2C311BC3ECB294F77904DDA8D48B1A38_element_32/clear HTTP/1.1
User-Agent: selenium/4.8.3 (java windows)
Content-Length: 57
Content-Type: application/json; charset=utf-8
host: localhost:12723
accept: */*

Response DefaultHttpResponse(decodeResult: success, version: HTTP/1.1)
HTTP/1.1 200 OK
Content-Length: 14
Content-Type: application/json; charset=utf-8
cache-control: no-cache

12:22:11.011 [AsyncHttpClient-1-5] DEBUG org.asynchttpclient.netty.channel.ChannelManager - Adding key: http://localhost:12723 for channel [id: 0x63477c94, L:/127.0.0.1:64344 - R:localhost/127.0.0.1:12723]
12:22:11.012 [Forwarding findElement on session dde65f49801bdcf8e476b60c4cd00a29 to remote] DEBUG org.asynchttpclient.netty.request.NettyRequestSender - Using pooled Channel '[id: 0x63477c94, L:/127.0.0.1:64344 - R:localhost/127.0.0.1:12723]' for 'POST' to 'http://localhost:12723/session/dde65f49801bdcf8e476b60c4cd00a29/element'
12:22:11.012 [Forwarding findElement on session dde65f49801bdcf8e476b60c4cd00a29 to remote] DEBUG org.asynchttpclient.netty.request.NettyRequestSender - Using open Channel [id: 0x63477c94, L:/127.0.0.1:64344 - R:localhost/127.0.0.1:12723] for POST '/session/dde65f49801bdcf8e476b60c4cd00a29/element'
12:22:11.019 [AsyncHttpClient-1-5] DEBUG org.asynchttpclient.netty.handler.HttpHandler - 

Request DefaultHttpRequest(decodeResult: success, version: HTTP/1.1)
POST /session/dde65f49801bdcf8e476b60c4cd00a29/element HTTP/1.1
User-Agent: selenium/4.8.3 (java windows)
Content-Length: 62
Content-Type: application/json; charset=utf-8
host: localhost:12723
accept: */*

Response DefaultHttpResponse(decodeResult: success, version: HTTP/1.1)
HTTP/1.1 200 OK
Content-Length: 95
Content-Type: application/json; charset=utf-8
cache-control: no-cache

12:22:11.019 [AsyncHttpClient-1-5] DEBUG org.asynchttpclient.netty.channel.ChannelManager - Adding key: http://localhost:12723 for channel [id: 0x63477c94, L:/127.0.0.1:64344 - R:localhost/127.0.0.1:12723]
12:22:11.022 [Forwarding sendKeysToElement on session dde65f49801bdcf8e476b60c4cd00a29 to remote] DEBUG org.asynchttpclient.netty.request.NettyRequestSender - Using pooled Channel '[id: 0x63477c94, L:/127.0.0.1:64344 - R:localhost/127.0.0.1:12723]' for 'POST' to 'http://localhost:12723/session/dde65f49801bdcf8e476b60c4cd00a29/element/2C311BC3ECB294F77904DDA8D48B1A38_element_32/value'
12:22:11.022 [Forwarding sendKeysToElement on session dde65f49801bdcf8e476b60c4cd00a29 to remote] DEBUG org.asynchttpclient.netty.request.NettyRequestSender - Using open Channel [id: 0x63477c94, L:/127.0.0.1:64344 - R:localhost/127.0.0.1:12723] for POST '/session/dde65f49801bdcf8e476b60c4cd00a29/element/2C311BC3ECB294F77904DDA8D48B1A38_element_32/value'
12:22:11.101 [AsyncHttpClient-1-5] DEBUG org.asynchttpclient.netty.handler.HttpHandler - 

Request DefaultHttpRequest(decodeResult: success, version: HTTP/1.1)
POST /session/dde65f49801bdcf8e476b60c4cd00a29/element/2C311BC3ECB294F77904DDA8D48B1A38_element_32/value HTTP/1.1
User-Agent: selenium/4.8.3 (java windows)
Content-Length: 148
Content-Type: application/json; charset=utf-8
host: localhost:12723
accept: */*

Response DefaultHttpResponse(decodeResult: success, version: HTTP/1.1)
HTTP/1.1 200 OK
Content-Length: 14
Content-Type: application/json; charset=utf-8
cache-control: no-cache

12:22:11.101 [AsyncHttpClient-1-5] DEBUG org.asynchttpclient.netty.channel.ChannelManager - Adding key: http://localhost:12723 for channel [id: 0x63477c94, L:/127.0.0.1:64344 - R:localhost/127.0.0.1:12723]
12:22:11.102 [Forwarding findElement on session dde65f49801bdcf8e476b60c4cd00a29 to remote] DEBUG org.asynchttpclient.netty.request.NettyRequestSender - Using pooled Channel '[id: 0x63477c94, L:/127.0.0.1:64344 - R:localhost/127.0.0.1:12723]' for 'POST' to 'http://localhost:12723/session/dde65f49801bdcf8e476b60c4cd00a29/element'
12:22:11.103 [Forwarding findElement on session dde65f49801bdcf8e476b60c4cd00a29 to remote] DEBUG org.asynchttpclient.netty.request.NettyRequestSender - Using open Channel [id: 0x63477c94, L:/127.0.0.1:64344 - R:localhost/127.0.0.1:12723] for POST '/session/dde65f49801bdcf8e476b60c4cd00a29/element'
12:22:11.114 [AsyncHttpClient-1-5] DEBUG org.asynchttpclient.netty.handler.HttpHandler - 

Request DefaultHttpRequest(decodeResult: success, version: HTTP/1.1)
POST /session/dde65f49801bdcf8e476b60c4cd00a29/element HTTP/1.1
User-Agent: selenium/4.8.3 (java windows)
Content-Length: 71
Content-Type: application/json; charset=utf-8
host: localhost:12723
accept: */*

Response DefaultHttpResponse(decodeResult: success, version: HTTP/1.1)
HTTP/1.1 200 OK
Content-Length: 95
Content-Type: application/json; charset=utf-8
cache-control: no-cache

12:22:11.114 [AsyncHttpClient-1-5] DEBUG org.asynchttpclient.netty.channel.ChannelManager - Adding key: http://localhost:12723 for channel [id: 0x63477c94, L:/127.0.0.1:64344 - R:localhost/127.0.0.1:12723]
12:22:11.116 [Forwarding clickElement on session dde65f49801bdcf8e476b60c4cd00a29 to remote] DEBUG org.asynchttpclient.netty.request.NettyRequestSender - Using pooled Channel '[id: 0x63477c94, L:/127.0.0.1:64344 - R:localhost/127.0.0.1:12723]' for 'POST' to 'http://localhost:12723/session/dde65f49801bdcf8e476b60c4cd00a29/element/2C311BC3ECB294F77904DDA8D48B1A38_element_33/click'
12:22:11.116 [Forwarding clickElement on session dde65f49801bdcf8e476b60c4cd00a29 to remote] DEBUG org.asynchttpclient.netty.request.NettyRequestSender - Using open Channel [id: 0x63477c94, L:/127.0.0.1:64344 - R:localhost/127.0.0.1:12723] for POST '/session/dde65f49801bdcf8e476b60c4cd00a29/element/2C311BC3ECB294F77904DDA8D48B1A38_element_33/click'
12:22:11.159 [AsyncHttpClient-1-5] DEBUG org.asynchttpclient.netty.handler.HttpHandler - 

Request DefaultHttpRequest(decodeResult: success, version: HTTP/1.1)
POST /session/dde65f49801bdcf8e476b60c4cd00a29/element/2C311BC3ECB294F77904DDA8D48B1A38_element_33/click HTTP/1.1
User-Agent: selenium/4.8.3 (java windows)
Content-Length: 57
Content-Type: application/json; charset=utf-8
host: localhost:12723
accept: */*

Response DefaultHttpResponse(decodeResult: success, version: HTTP/1.1)
HTTP/1.1 200 OK
Content-Length: 14
Content-Type: application/json; charset=utf-8
cache-control: no-cache

12:22:11.159 [AsyncHttpClient-1-5] DEBUG org.asynchttpclient.netty.channel.ChannelManager - Adding key: http://localhost:12723 for channel [id: 0x63477c94, L:/127.0.0.1:64344 - R:localhost/127.0.0.1:12723]
2023-06-09 12:22:11 INFO  BaseTest:126 - Logged in
2023-06-09 12:22:11 INFO  Listeners:34 - Started Test null
12:22:11.163 [rp-io-35] DEBUG com.epam.reportportal.service.Launch - Starting test item...rp-io-35
12:22:11.164 [Forwarding findElement on session dde65f49801bdcf8e476b60c4cd00a29 to remote] DEBUG org.asynchttpclient.netty.request.NettyRequestSender - Using pooled Channel '[id: 0x63477c94, L:/127.0.0.1:64344 - R:localhost/127.0.0.1:12723]' for 'POST' to 'http://localhost:12723/session/dde65f49801bdcf8e476b60c4cd00a29/element'
12:22:11.164 [Forwarding findElement on session dde65f49801bdcf8e476b60c4cd00a29 to remote] DEBUG org.asynchttpclient.netty.request.NettyRequestSender - Using open Channel [id: 0x63477c94, L:/127.0.0.1:64344 - R:localhost/127.0.0.1:12723] for POST '/session/dde65f49801bdcf8e476b60c4cd00a29/element'
12:22:11.181 [rp-io-33] DEBUG com.epam.reportportal.service.Launch - TestItem with ID = '610e4a2d-99c6-43fb-838b-2b6a0d93c86a' successfully finished.
12:22:11.181 [rp-io-33] DEBUG com.epam.reportportal.utils.SubscriptionUtils - Finish test item completed
12:22:11.187 [rp-io-35] DEBUG com.epam.reportportal.service.Launch - ReportPortal item with ID '06c06801-f534-443f-b6c7-415b08ec9b2c' has been created
12:22:11.187 [rp-io-35] DEBUG com.epam.reportportal.utils.SubscriptionUtils - Start test item successfully completed
12:22:11.518 [AsyncHttpClient-1-5] DEBUG org.asynchttpclient.netty.handler.HttpHandler - 

Request DefaultHttpRequest(decodeResult: success, version: HTTP/1.1)
POST /session/dde65f49801bdcf8e476b60c4cd00a29/element HTTP/1.1
User-Agent: selenium/4.8.3 (java windows)
Content-Length: 168
Content-Type: application/json; charset=utf-8
host: localhost:12723
accept: */*

Response DefaultHttpResponse(decodeResult: success, version: HTTP/1.1)
HTTP/1.1 200 OK
Content-Length: 95
Content-Type: application/json; charset=utf-8
cache-control: no-cache

12:22:11.518 [AsyncHttpClient-1-5] DEBUG org.asynchttpclient.netty.channel.ChannelManager - Adding key: http://localhost:12723 for channel [id: 0x63477c94, L:/127.0.0.1:64344 - R:localhost/127.0.0.1:12723]
12:22:11.520 [Forwarding clickElement on session dde65f49801bdcf8e476b60c4cd00a29 to remote] DEBUG org.asynchttpclient.netty.request.NettyRequestSender - Using pooled Channel '[id: 0x63477c94, L:/127.0.0.1:64344 - R:localhost/127.0.0.1:12723]' for 'POST' to 'http://localhost:12723/session/dde65f49801bdcf8e476b60c4cd00a29/element/2C311BC3ECB294F77904DDA8D48B1A38_element_38/click'
12:22:11.520 [Forwarding clickElement on session dde65f49801bdcf8e476b60c4cd00a29 to remote] DEBUG org.asynchttpclient.netty.request.NettyRequestSender - Using open Channel [id: 0x63477c94, L:/127.0.0.1:64344 - R:localhost/127.0.0.1:12723] for POST '/session/dde65f49801bdcf8e476b60c4cd00a29/element/2C311BC3ECB294F77904DDA8D48B1A38_element_38/click'
12:22:11.740 [AsyncHttpClient-1-1] DEBUG org.asynchttpclient.netty.channel.DefaultChannelPool - Entry count for : http://localhost:64345 : 1
12:22:11.760 [AsyncHttpClient-1-5] DEBUG org.asynchttpclient.netty.handler.HttpHandler - 

Request DefaultHttpRequest(decodeResult: success, version: HTTP/1.1)
POST /session/dde65f49801bdcf8e476b60c4cd00a29/element/2C311BC3ECB294F77904DDA8D48B1A38_element_38/click HTTP/1.1
User-Agent: selenium/4.8.3 (java windows)
Content-Length: 57
Content-Type: application/json; charset=utf-8
host: localhost:12723
accept: */*

Response DefaultHttpResponse(decodeResult: success, version: HTTP/1.1)
HTTP/1.1 200 OK
Content-Length: 14
Content-Type: application/json; charset=utf-8
cache-control: no-cache

12:22:11.761 [AsyncHttpClient-1-5] DEBUG org.asynchttpclient.netty.channel.ChannelManager - Adding key: http://localhost:12723 for channel [id: 0x63477c94, L:/127.0.0.1:64344 - R:localhost/127.0.0.1:12723]
12:22:11.763 [Forwarding findElement on session dde65f49801bdcf8e476b60c4cd00a29 to remote] DEBUG org.asynchttpclient.netty.request.NettyRequestSender - Using pooled Channel '[id: 0x63477c94, L:/127.0.0.1:64344 - R:localhost/127.0.0.1:12723]' for 'POST' to 'http://localhost:12723/session/dde65f49801bdcf8e476b60c4cd00a29/element'
12:22:11.763 [Forwarding findElement on session dde65f49801bdcf8e476b60c4cd00a29 to remote] DEBUG org.asynchttpclient.netty.request.NettyRequestSender - Using open Channel [id: 0x63477c94, L:/127.0.0.1:64344 - R:localhost/127.0.0.1:12723] for POST '/session/dde65f49801bdcf8e476b60c4cd00a29/element'
12:22:12.047 [AsyncHttpClient-1-5] DEBUG org.asynchttpclient.netty.handler.HttpHandler - 

Request DefaultHttpRequest(decodeResult: success, version: HTTP/1.1)
POST /session/dde65f49801bdcf8e476b60c4cd00a29/element HTTP/1.1
User-Agent: selenium/4.8.3 (java windows)
Content-Length: 82
Content-Type: application/json; charset=utf-8
host: localhost:12723
accept: */*

Response DefaultHttpResponse(decodeResult: success, version: HTTP/1.1)
HTTP/1.1 200 OK
Content-Length: 95
Content-Type: application/json; charset=utf-8
cache-control: no-cache

12:22:12.047 [AsyncHttpClient-1-5] DEBUG org.asynchttpclient.netty.channel.ChannelManager - Adding key: http://localhost:12723 for channel [id: 0x63477c94, L:/127.0.0.1:64344 - R:localhost/127.0.0.1:12723]
12:22:12.048 [Forwarding executeScript on session dde65f49801bdcf8e476b60c4cd00a29 to remote] DEBUG org.asynchttpclient.netty.request.NettyRequestSender - Using pooled Channel '[id: 0x63477c94, L:/127.0.0.1:64344 - R:localhost/127.0.0.1:12723]' for 'POST' to 'http://localhost:12723/session/dde65f49801bdcf8e476b60c4cd00a29/execute/sync'
12:22:12.048 [Forwarding executeScript on session dde65f49801bdcf8e476b60c4cd00a29 to remote] DEBUG org.asynchttpclient.netty.request.NettyRequestSender - Using open Channel [id: 0x63477c94, L:/127.0.0.1:64344 - R:localhost/127.0.0.1:12723] for POST '/session/dde65f49801bdcf8e476b60c4cd00a29/execute/sync'
12:22:12.058 [AsyncHttpClient-1-5] DEBUG org.asynchttpclient.netty.handler.HttpHandler - 

Request DefaultHttpRequest(decodeResult: success, version: HTTP/1.1)
POST /session/dde65f49801bdcf8e476b60c4cd00a29/execute/sync HTTP/1.1
User-Agent: selenium/4.8.3 (java windows)
Content-Length: 232
Content-Type: application/json; charset=utf-8
host: localhost:12723
accept: */*

Response DefaultHttpResponse(decodeResult: success, version: HTTP/1.1)
HTTP/1.1 200 OK
Content-Length: 14
Content-Type: application/json; charset=utf-8
cache-control: no-cache

12:22:12.058 [AsyncHttpClient-1-5] DEBUG org.asynchttpclient.netty.channel.ChannelManager - Adding key: http://localhost:12723 for channel [id: 0x63477c94, L:/127.0.0.1:64344 - R:localhost/127.0.0.1:12723]
12:22:12.060 [Forwarding findElement on session dde65f49801bdcf8e476b60c4cd00a29 to remote] DEBUG org.asynchttpclient.netty.request.NettyRequestSender - Using pooled Channel '[id: 0x63477c94, L:/127.0.0.1:64344 - R:localhost/127.0.0.1:12723]' for 'POST' to 'http://localhost:12723/session/dde65f49801bdcf8e476b60c4cd00a29/element'
12:22:12.060 [Forwarding findElement on session dde65f49801bdcf8e476b60c4cd00a29 to remote] DEBUG org.asynchttpclient.netty.request.NettyRequestSender - Using open Channel [id: 0x63477c94, L:/127.0.0.1:64344 - R:localhost/127.0.0.1:12723] for POST '/session/dde65f49801bdcf8e476b60c4cd00a29/element'
12:22:12.087 [AsyncHttpClient-1-5] DEBUG org.asynchttpclient.netty.handler.HttpHandler - 

Request DefaultHttpRequest(decodeResult: success, version: HTTP/1.1)
POST /session/dde65f49801bdcf8e476b60c4cd00a29/element HTTP/1.1
User-Agent: selenium/4.8.3 (java windows)
Content-Length: 82
Content-Type: application/json; charset=utf-8
host: localhost:12723
accept: */*

Response DefaultHttpResponse(decodeResult: success, version: HTTP/1.1)
HTTP/1.1 200 OK
Content-Length: 95
Content-Type: application/json; charset=utf-8
cache-control: no-cache

12:22:12.088 [AsyncHttpClient-1-5] DEBUG org.asynchttpclient.netty.channel.ChannelManager - Adding key: http://localhost:12723 for channel [id: 0x63477c94, L:/127.0.0.1:64344 - R:localhost/127.0.0.1:12723]
12:22:12.092 [Forwarding isElementDisplayed on session dde65f49801bdcf8e476b60c4cd00a29 to remote] DEBUG org.asynchttpclient.netty.request.NettyRequestSender - Using pooled Channel '[id: 0x63477c94, L:/127.0.0.1:64344 - R:localhost/127.0.0.1:12723]' for 'POST' to 'http://localhost:12723/session/dde65f49801bdcf8e476b60c4cd00a29/execute/sync'
12:22:12.092 [Forwarding isElementDisplayed on session dde65f49801bdcf8e476b60c4cd00a29 to remote] DEBUG org.asynchttpclient.netty.request.NettyRequestSender - Using open Channel [id: 0x63477c94, L:/127.0.0.1:64344 - R:localhost/127.0.0.1:12723] for POST '/session/dde65f49801bdcf8e476b60c4cd00a29/execute/sync'
12:22:12.258 [AsyncHttpClient-1-5] DEBUG org.asynchttpclient.netty.handler.HttpHandler - 

Request DefaultHttpRequest(decodeResult: success, version: HTTP/1.1)
POST /session/dde65f49801bdcf8e476b60c4cd00a29/execute/sync HTTP/1.1
User-Agent: selenium/4.8.3 (java windows)
Content-Length: 48814
Content-Type: application/json; charset=utf-8
host: localhost:12723
accept: */*

Response DefaultHttpResponse(decodeResult: success, version: HTTP/1.1)
HTTP/1.1 200 OK
Content-Length: 14
Content-Type: application/json; charset=utf-8
cache-control: no-cache

12:22:12.258 [AsyncHttpClient-1-5] DEBUG org.asynchttpclient.netty.channel.ChannelManager - Adding key: http://localhost:12723 for channel [id: 0x63477c94, L:/127.0.0.1:64344 - R:localhost/127.0.0.1:12723]
2023-06-09 12:22:12 INFO  Listeners:38 - Succeeded Test null
]]></system-out>
    <system-err><![CDATA[Starting ChromeDriver 114.0.5735.90 (386bc09e8f4f2e025eddae123f36f6263096ae49-refs/branch-heads/5735@{#1052}) on port 12723
Only local connections are allowed.
Please see https://chromedriver.chromium.org/security-considerations for suggestions on keeping ChromeDriver safe.
ChromeDriver was started successfully.
Jun 09, 2023 12:22:09 PM org.openqa.selenium.devtools.CdpVersionFinder findNearestMatch
WARNING: Unable to find an exact match for CDP version 114, so returning the closest version found: 111
]]></system-err>
  </testcase>
  <testcase name="searchDashboardNameDP[INVESTIGATED PERCENTAGE OF LAUNCHES](3)" classname="alltests.uitest.coreTest.DashboardPageTest" time="1.228">
    <system-out><![CDATA[12:22:12.263 [rp-io-41] DEBUG com.epam.reportportal.service.Launch - Starting test item...rp-io-41
12:22:12.264 [AsyncHttpClient-1-7] DEBUG org.asynchttpclient.netty.handler.WebSocketHandler - Channel Closed: [id: 0x2424789a, L:/127.0.0.1:64354 ! R:localhost/127.0.0.1:64345] with attribute NettyResponseFuture{currentRetry=0,
	isDone=1,
	isCancelled=0,
	asyncHandler=org.asynchttpclient.ws.WebSocketUpgradeHandler@73c57a09,
	nettyRequest=org.asynchttpclient.netty.request.NettyRequest@36c7fa15,
	future=java.util.concurrent.CompletableFuture@2760936d[Completed normally],
	uri=ws://localhost:64345/devtools/browser/6bb96869-a4bf-47bc-b0a8-962dc7e46eee,
	keepAlive=true,
	redirectCount=0,
	timeoutsHolder=null,
	inAuth=0,
	touch=1686306129171}
12:22:12.264 [AsyncHttpClient-1-7] DEBUG org.asynchttpclient.netty.channel.ChannelManager - Closing Channel [id: 0x2424789a, L:/127.0.0.1:64354 ! R:localhost/127.0.0.1:64345] 
12:22:12.265 [Driver Command Executor] DEBUG org.asynchttpclient.netty.request.NettyRequestSender - Using pooled Channel '[id: 0x63477c94, L:/127.0.0.1:64344 - R:localhost/127.0.0.1:12723]' for 'DELETE' to 'http://localhost:12723/session/dde65f49801bdcf8e476b60c4cd00a29'
12:22:12.265 [Driver Command Executor] DEBUG org.asynchttpclient.netty.request.NettyRequestSender - Using open Channel [id: 0x63477c94, L:/127.0.0.1:64344 - R:localhost/127.0.0.1:12723] for DELETE '/session/dde65f49801bdcf8e476b60c4cd00a29'
12:22:12.312 [AsyncHttpClient-1-6] DEBUG org.asynchttpclient.netty.handler.HttpHandler - Unexpected I/O exception on channel [id: 0xb1e618b8, L:/127.0.0.1:64353 - R:localhost/127.0.0.1:64345]
java.net.SocketException: Connection reset
	at java.base/sun.nio.ch.SocketChannelImpl.throwConnectionReset(SocketChannelImpl.java:394)
	at java.base/sun.nio.ch.SocketChannelImpl.read(SocketChannelImpl.java:426)
	at io.netty.buffer.PooledByteBuf.setBytes(PooledByteBuf.java:256)
	at io.netty.buffer.AbstractByteBuf.writeBytes(AbstractByteBuf.java:1132)
	at io.netty.channel.socket.nio.NioSocketChannel.doReadBytes(NioSocketChannel.java:357)
	at io.netty.channel.nio.AbstractNioByteChannel$NioByteUnsafe.read(AbstractNioByteChannel.java:151)
	at io.netty.channel.nio.NioEventLoop.processSelectedKey(NioEventLoop.java:788)
	at io.netty.channel.nio.NioEventLoop.processSelectedKeysOptimized(NioEventLoop.java:724)
	at io.netty.channel.nio.NioEventLoop.processSelectedKeys(NioEventLoop.java:650)
	at io.netty.channel.nio.NioEventLoop.run(NioEventLoop.java:562)
	at io.netty.util.concurrent.SingleThreadEventExecutor$4.run(SingleThreadEventExecutor.java:997)
	at io.netty.util.internal.ThreadExecutorMap$2.run(ThreadExecutorMap.java:74)
	at io.netty.util.concurrent.FastThreadLocalRunnable.run(FastThreadLocalRunnable.java:30)
	at java.base/java.lang.Thread.run(Thread.java:833)
12:22:12.312 [AsyncHttpClient-1-6] DEBUG org.asynchttpclient.netty.channel.ChannelManager - Closing Channel [id: 0xb1e618b8, L:/127.0.0.1:64353 - R:localhost/127.0.0.1:64345] 
12:22:12.312 [AsyncHttpClient-1-6] DEBUG org.asynchttpclient.netty.handler.HttpHandler - Channel Closed: [id: 0xb1e618b8, L:/127.0.0.1:64353 ! R:localhost/127.0.0.1:64345] with attribute DISCARD
12:22:12.313 [rp-io-40] DEBUG com.epam.reportportal.service.Launch - TestItem with ID = '06c06801-f534-443f-b6c7-415b08ec9b2c' successfully finished.
12:22:12.314 [rp-io-40] DEBUG com.epam.reportportal.utils.SubscriptionUtils - Finish test item completed
12:22:12.317 [rp-io-42] DEBUG com.epam.reportportal.service.Launch - ReportPortal item with ID '39611abd-d749-4b74-bd4e-e13f39dabbe7' has been created
12:22:12.317 [rp-io-42] DEBUG com.epam.reportportal.utils.SubscriptionUtils - Start test item successfully completed
12:22:12.327 [AsyncHttpClient-1-5] DEBUG org.asynchttpclient.netty.handler.HttpHandler - 

Request DefaultFullHttpRequest(decodeResult: success, version: HTTP/1.1, content: EmptyByteBufBE)
DELETE /session/dde65f49801bdcf8e476b60c4cd00a29 HTTP/1.1
User-Agent: selenium/4.8.3 (java windows)
Content-Type: application/json; charset=utf-8
host: localhost:12723
accept: */*

Response DefaultHttpResponse(decodeResult: success, version: HTTP/1.1)
HTTP/1.1 200 OK
Content-Length: 14
Content-Type: application/json; charset=utf-8
cache-control: no-cache

12:22:12.328 [AsyncHttpClient-1-5] DEBUG org.asynchttpclient.netty.channel.ChannelManager - Adding key: http://localhost:12723 for channel [id: 0x63477c94, L:/127.0.0.1:64344 - R:localhost/127.0.0.1:12723]
12:22:12.382 [AsyncHttpClient-1-5] DEBUG org.asynchttpclient.netty.handler.HttpHandler - Channel Closed: [id: 0x63477c94, L:/127.0.0.1:64344 ! R:localhost/127.0.0.1:12723] with attribute DISCARD
2023-06-09 12:22:12 INFO  BaseTest:83 - Test executed**********
12:22:12.422 [rp-io-47] DEBUG com.epam.reportportal.service.Launch - Starting test item...rp-io-47
2023-06-09 12:22:12 INFO  BaseTest:110 - Property files loaded successfully**********
12:22:12.439 [rp-io-44] DEBUG com.epam.reportportal.service.Launch - TestItem with ID = '39611abd-d749-4b74-bd4e-e13f39dabbe7' successfully finished.
12:22:12.439 [rp-io-44] DEBUG com.epam.reportportal.utils.SubscriptionUtils - Finish test item completed
12:22:12.440 [main] DEBUG io.github.bonigarcia.wdm.cache.ResolutionCache - Resolution chrome=114 in cache (valid until 13:14:48 09/06/2023 CEST)
12:22:12.440 [main] DEBUG io.github.bonigarcia.wdm.cache.ResolutionCache - Resolution chrome114=114.0.5735.90 in cache (valid until 12:14:48 10/06/2023 CEST)
12:22:12.440 [main] INFO io.github.bonigarcia.wdm.WebDriverManager - Using chromedriver 114.0.5735.90 (resolved driver for Chrome 114)
12:22:12.448 [rp-io-47] DEBUG com.epam.reportportal.service.Launch - ReportPortal item with ID '5b8e2cd8-02dd-4f1c-b8e7-cdedef958199' has been created
12:22:12.448 [rp-io-47] DEBUG com.epam.reportportal.utils.SubscriptionUtils - Start test item successfully completed
12:22:12.451 [main] DEBUG io.github.bonigarcia.wdm.WebDriverManager - Driver chromedriver 114.0.5735.90 found in cache
12:22:12.452 [main] INFO io.github.bonigarcia.wdm.WebDriverManager - Exporting webdriver.chrome.driver as C:\Users\Suwarna_Wagh\.cache\selenium\chromedriver\win32\114.0.5735.90\chromedriver.exe
12:22:12.602 [AsyncHttpClient-1-8] DEBUG org.asynchttpclient.netty.channel.NettyConnectListener - Using new Channel '[id: 0xbe51ab3a, L:/127.0.0.1:64378 - R:localhost/127.0.0.1:43532]' for 'POST' to '/session'
12:22:12.665 [Finalizer] DEBUG org.apache.http.impl.conn.DefaultClientConnection - Connection 0.0.0.0:64286<->127.0.0.1:8080 closed
12:22:12.665 [Finalizer] DEBUG org.apache.http.impl.conn.DefaultClientConnection - Connection 0.0.0.0:64290<->127.0.0.1:8080 closed
12:22:12.839 [AsyncHttpClient-1-1] DEBUG org.asynchttpclient.netty.channel.DefaultChannelPool - Entry count for : http://localhost:12723 : 1
12:22:12.840 [AsyncHttpClient-1-1] DEBUG org.asynchttpclient.netty.channel.DefaultChannelPool - Entry count for : http://localhost:64345 : 1
12:22:12.840 [AsyncHttpClient-1-1] DEBUG org.asynchttpclient.netty.channel.DefaultChannelPool - Adding Candidate expired Channel [id: 0x63477c94, L:/127.0.0.1:64344 ! R:localhost/127.0.0.1:12723] isIdleTimeoutExpired=false isRemotelyClosed=true isTtlExpired=false
12:22:12.840 [AsyncHttpClient-1-1] DEBUG org.asynchttpclient.netty.channel.DefaultChannelPool - Closing Idle Channel [id: 0x63477c94, L:/127.0.0.1:64344 ! R:localhost/127.0.0.1:12723]
12:22:12.840 [AsyncHttpClient-1-1] DEBUG org.asynchttpclient.netty.channel.DefaultChannelPool - Adding Candidate expired Channel [id: 0xb1e618b8, L:/127.0.0.1:64353 ! R:localhost/127.0.0.1:64345] isIdleTimeoutExpired=false isRemotelyClosed=true isTtlExpired=false
12:22:12.840 [AsyncHttpClient-1-1] DEBUG org.asynchttpclient.netty.channel.DefaultChannelPool - Closing Idle Channel [id: 0xb1e618b8, L:/127.0.0.1:64353 ! R:localhost/127.0.0.1:64345]
12:22:12.840 [AsyncHttpClient-1-1] DEBUG org.asynchttpclient.netty.channel.DefaultChannelPool - Closed 2 connections out of 2 in 0 ms
12:22:13.488 [AsyncHttpClient-1-8] DEBUG org.asynchttpclient.netty.handler.HttpHandler - 

Request DefaultHttpRequest(decodeResult: success, version: HTTP/1.1)
POST /session HTTP/1.1
User-Agent: selenium/4.8.3 (java windows)
Content-Length: 439
Content-Type: application/json; charset=utf-8
host: localhost:43532
accept: */*

Response DefaultHttpResponse(decodeResult: success, version: HTTP/1.1)
HTTP/1.1 200 OK
Content-Length: 864
Content-Type: application/json; charset=utf-8
cache-control: no-cache

12:22:13.489 [AsyncHttpClient-1-8] DEBUG org.asynchttpclient.netty.channel.ChannelManager - Adding key: http://localhost:43532 for channel [id: 0xbe51ab3a, L:/127.0.0.1:64378 - R:localhost/127.0.0.1:43532]
12:22:13.496 [AsyncHttpClient-1-9] DEBUG org.asynchttpclient.netty.channel.NettyConnectListener - Using new Channel '[id: 0x3675c9a3, L:/127.0.0.1:64387 - R:localhost/127.0.0.1:64379]' for 'GET' to '/json/version'
12:22:13.497 [AsyncHttpClient-1-9] DEBUG org.asynchttpclient.netty.handler.HttpHandler - 

Request DefaultFullHttpRequest(decodeResult: success, version: HTTP/1.1, content: EmptyByteBufBE)
GET /json/version HTTP/1.1
User-Agent: selenium/4.8.3 (java windows)
host: localhost:64379
accept: */*

Response DefaultHttpResponse(decodeResult: success, version: HTTP/1.1)
HTTP/1.1 200 OK
Content-Security-Policy: frame-ancestors 'none'
Content-Length: 424
Content-Type: application/json; charset=UTF-8

12:22:13.498 [AsyncHttpClient-1-9] DEBUG org.asynchttpclient.netty.channel.ChannelManager - Adding key: http://localhost:64379 for channel [id: 0x3675c9a3, L:/127.0.0.1:64387 - R:localhost/127.0.0.1:64379]
12:22:13.500 [AsyncHttpClient-1-10] DEBUG org.asynchttpclient.netty.channel.NettyConnectListener - Using new Channel '[id: 0x1c158d10, L:/127.0.0.1:64388 - R:localhost/127.0.0.1:64379]' for 'GET' to '/devtools/browser/c3b9e9b8-2770-45ed-8bc4-bd5d52eafc97'
12:22:13.501 [AsyncHttpClient-1-10] DEBUG org.asynchttpclient.netty.handler.WebSocketHandler - 

Request DefaultFullHttpRequest(decodeResult: success, version: HTTP/1.1, content: EmptyByteBufBE)
GET /devtools/browser/c3b9e9b8-2770-45ed-8bc4-bd5d52eafc97 HTTP/1.1
upgrade: websocket
connection: upgrade
sec-websocket-key: SQPXni7q0tTJUmLGTcnxUQ==
sec-websocket-version: 13
origin: http://localhost:64379
host: localhost:64379
accept: */*
user-agent: AHC/2.1

Response DefaultHttpResponse(decodeResult: success, version: HTTP/1.1)
HTTP/1.1 101 WebSocket Protocol Handshake
Upgrade: WebSocket
Connection: Upgrade
Sec-WebSocket-Accept: T6vslOjmDOX0jEBm98LwSkeFa+Q=

12:22:13.505 [Forwarding setTimeout on session 38f8db68805c57b3f0115c40e9b9a09b to remote] DEBUG org.asynchttpclient.netty.request.NettyRequestSender - Using pooled Channel '[id: 0xbe51ab3a, L:/127.0.0.1:64378 - R:localhost/127.0.0.1:43532]' for 'POST' to 'http://localhost:43532/session/38f8db68805c57b3f0115c40e9b9a09b/timeouts'
12:22:13.505 [Forwarding setTimeout on session 38f8db68805c57b3f0115c40e9b9a09b to remote] DEBUG org.asynchttpclient.netty.request.NettyRequestSender - Using open Channel [id: 0xbe51ab3a, L:/127.0.0.1:64378 - R:localhost/127.0.0.1:43532] for POST '/session/38f8db68805c57b3f0115c40e9b9a09b/timeouts'
12:22:13.506 [AsyncHttpClient-1-8] DEBUG org.asynchttpclient.netty.handler.HttpHandler - 

Request DefaultHttpRequest(decodeResult: success, version: HTTP/1.1)
POST /session/38f8db68805c57b3f0115c40e9b9a09b/timeouts HTTP/1.1
User-Agent: selenium/4.8.3 (java windows)
Content-Length: 22
Content-Type: application/json; charset=utf-8
host: localhost:43532
accept: */*

Response DefaultHttpResponse(decodeResult: success, version: HTTP/1.1)
HTTP/1.1 200 OK
Content-Length: 14
Content-Type: application/json; charset=utf-8
cache-control: no-cache

12:22:13.506 [AsyncHttpClient-1-8] DEBUG org.asynchttpclient.netty.channel.ChannelManager - Adding key: http://localhost:43532 for channel [id: 0xbe51ab3a, L:/127.0.0.1:64378 - R:localhost/127.0.0.1:43532]
12:22:13.507 [Forwarding maximizeCurrentWindow on session 38f8db68805c57b3f0115c40e9b9a09b to remote] DEBUG org.asynchttpclient.netty.request.NettyRequestSender - Using pooled Channel '[id: 0xbe51ab3a, L:/127.0.0.1:64378 - R:localhost/127.0.0.1:43532]' for 'POST' to 'http://localhost:43532/session/38f8db68805c57b3f0115c40e9b9a09b/window/maximize'
12:22:13.507 [Forwarding maximizeCurrentWindow on session 38f8db68805c57b3f0115c40e9b9a09b to remote] DEBUG org.asynchttpclient.netty.request.NettyRequestSender - Using open Channel [id: 0xbe51ab3a, L:/127.0.0.1:64378 - R:localhost/127.0.0.1:43532] for POST '/session/38f8db68805c57b3f0115c40e9b9a09b/window/maximize'
12:22:13.619 [AsyncHttpClient-1-8] DEBUG org.asynchttpclient.netty.handler.HttpHandler - 

Request DefaultHttpRequest(decodeResult: success, version: HTTP/1.1)
POST /session/38f8db68805c57b3f0115c40e9b9a09b/window/maximize HTTP/1.1
User-Agent: selenium/4.8.3 (java windows)
Content-Length: 3
Content-Type: application/json; charset=utf-8
host: localhost:43532
accept: */*

Response DefaultHttpResponse(decodeResult: success, version: HTTP/1.1)
HTTP/1.1 200 OK
Content-Length: 51
Content-Type: application/json; charset=utf-8
cache-control: no-cache

12:22:13.619 [AsyncHttpClient-1-8] DEBUG org.asynchttpclient.netty.channel.ChannelManager - Adding key: http://localhost:43532 for channel [id: 0xbe51ab3a, L:/127.0.0.1:64378 - R:localhost/127.0.0.1:43532]
12:22:13.620 [Forwarding get on session 38f8db68805c57b3f0115c40e9b9a09b to remote] DEBUG org.asynchttpclient.netty.request.NettyRequestSender - Using pooled Channel '[id: 0xbe51ab3a, L:/127.0.0.1:64378 - R:localhost/127.0.0.1:43532]' for 'POST' to 'http://localhost:43532/session/38f8db68805c57b3f0115c40e9b9a09b/url'
12:22:13.620 [Forwarding get on session 38f8db68805c57b3f0115c40e9b9a09b to remote] DEBUG org.asynchttpclient.netty.request.NettyRequestSender - Using open Channel [id: 0xbe51ab3a, L:/127.0.0.1:64378 - R:localhost/127.0.0.1:43532] for POST '/session/38f8db68805c57b3f0115c40e9b9a09b/url'
12:22:13.939 [AsyncHttpClient-1-1] DEBUG org.asynchttpclient.netty.channel.DefaultChannelPool - Entry count for : http://localhost:64379 : 1
12:22:14.939 [AsyncHttpClient-1-8] DEBUG org.asynchttpclient.netty.handler.HttpHandler - 

Request DefaultHttpRequest(decodeResult: success, version: HTTP/1.1)
POST /session/38f8db68805c57b3f0115c40e9b9a09b/url HTTP/1.1
User-Agent: selenium/4.8.3 (java windows)
Content-Length: 52
Content-Type: application/json; charset=utf-8
host: localhost:43532
accept: */*

Response DefaultHttpResponse(decodeResult: success, version: HTTP/1.1)
HTTP/1.1 200 OK
Content-Length: 14
Content-Type: application/json; charset=utf-8
cache-control: no-cache

12:22:14.939 [AsyncHttpClient-1-8] DEBUG org.asynchttpclient.netty.channel.ChannelManager - Adding key: http://localhost:43532 for channel [id: 0xbe51ab3a, L:/127.0.0.1:64378 - R:localhost/127.0.0.1:43532]
2023-06-09 12:22:14 INFO  BaseTest:104 - Test driver set up done successfully**********
2023-06-09 12:22:14 INFO  BaseTest:122 - Logging in to portal
12:22:14.943 [Forwarding findElement on session 38f8db68805c57b3f0115c40e9b9a09b to remote] DEBUG org.asynchttpclient.netty.request.NettyRequestSender - Using pooled Channel '[id: 0xbe51ab3a, L:/127.0.0.1:64378 - R:localhost/127.0.0.1:43532]' for 'POST' to 'http://localhost:43532/session/38f8db68805c57b3f0115c40e9b9a09b/element'
12:22:14.943 [Forwarding findElement on session 38f8db68805c57b3f0115c40e9b9a09b to remote] DEBUG org.asynchttpclient.netty.request.NettyRequestSender - Using open Channel [id: 0xbe51ab3a, L:/127.0.0.1:64378 - R:localhost/127.0.0.1:43532] for POST '/session/38f8db68805c57b3f0115c40e9b9a09b/element'
12:22:14.957 [AsyncHttpClient-1-8] DEBUG org.asynchttpclient.netty.handler.HttpHandler - 

Request DefaultHttpRequest(decodeResult: success, version: HTTP/1.1)
POST /session/38f8db68805c57b3f0115c40e9b9a09b/element HTTP/1.1
User-Agent: selenium/4.8.3 (java windows)
Content-Length: 59
Content-Type: application/json; charset=utf-8
host: localhost:43532
accept: */*

Response DefaultHttpResponse(decodeResult: success, version: HTTP/1.1)
HTTP/1.1 200 OK
Content-Length: 95
Content-Type: application/json; charset=utf-8
cache-control: no-cache

12:22:14.957 [AsyncHttpClient-1-8] DEBUG org.asynchttpclient.netty.channel.ChannelManager - Adding key: http://localhost:43532 for channel [id: 0xbe51ab3a, L:/127.0.0.1:64378 - R:localhost/127.0.0.1:43532]
12:22:14.959 [Forwarding clearElement on session 38f8db68805c57b3f0115c40e9b9a09b to remote] DEBUG org.asynchttpclient.netty.request.NettyRequestSender - Using pooled Channel '[id: 0xbe51ab3a, L:/127.0.0.1:64378 - R:localhost/127.0.0.1:43532]' for 'POST' to 'http://localhost:43532/session/38f8db68805c57b3f0115c40e9b9a09b/element/4BBBFBE6455D584BBA27EFE5079BF30A_element_30/clear'
12:22:14.959 [Forwarding clearElement on session 38f8db68805c57b3f0115c40e9b9a09b to remote] DEBUG org.asynchttpclient.netty.request.NettyRequestSender - Using open Channel [id: 0xbe51ab3a, L:/127.0.0.1:64378 - R:localhost/127.0.0.1:43532] for POST '/session/38f8db68805c57b3f0115c40e9b9a09b/element/4BBBFBE6455D584BBA27EFE5079BF30A_element_30/clear'
12:22:14.999 [AsyncHttpClient-1-8] DEBUG org.asynchttpclient.netty.handler.HttpHandler - 

Request DefaultHttpRequest(decodeResult: success, version: HTTP/1.1)
POST /session/38f8db68805c57b3f0115c40e9b9a09b/element/4BBBFBE6455D584BBA27EFE5079BF30A_element_30/clear HTTP/1.1
User-Agent: selenium/4.8.3 (java windows)
Content-Length: 57
Content-Type: application/json; charset=utf-8
host: localhost:43532
accept: */*

Response DefaultHttpResponse(decodeResult: success, version: HTTP/1.1)
HTTP/1.1 200 OK
Content-Length: 14
Content-Type: application/json; charset=utf-8
cache-control: no-cache

12:22:14.999 [AsyncHttpClient-1-8] DEBUG org.asynchttpclient.netty.channel.ChannelManager - Adding key: http://localhost:43532 for channel [id: 0xbe51ab3a, L:/127.0.0.1:64378 - R:localhost/127.0.0.1:43532]
12:22:15.001 [Forwarding findElement on session 38f8db68805c57b3f0115c40e9b9a09b to remote] DEBUG org.asynchttpclient.netty.request.NettyRequestSender - Using pooled Channel '[id: 0xbe51ab3a, L:/127.0.0.1:64378 - R:localhost/127.0.0.1:43532]' for 'POST' to 'http://localhost:43532/session/38f8db68805c57b3f0115c40e9b9a09b/element'
12:22:15.001 [Forwarding findElement on session 38f8db68805c57b3f0115c40e9b9a09b to remote] DEBUG org.asynchttpclient.netty.request.NettyRequestSender - Using open Channel [id: 0xbe51ab3a, L:/127.0.0.1:64378 - R:localhost/127.0.0.1:43532] for POST '/session/38f8db68805c57b3f0115c40e9b9a09b/element'
12:22:15.010 [AsyncHttpClient-1-8] DEBUG org.asynchttpclient.netty.handler.HttpHandler - 

Request DefaultHttpRequest(decodeResult: success, version: HTTP/1.1)
POST /session/38f8db68805c57b3f0115c40e9b9a09b/element HTTP/1.1
User-Agent: selenium/4.8.3 (java windows)
Content-Length: 59
Content-Type: application/json; charset=utf-8
host: localhost:43532
accept: */*

Response DefaultHttpResponse(decodeResult: success, version: HTTP/1.1)
HTTP/1.1 200 OK
Content-Length: 95
Content-Type: application/json; charset=utf-8
cache-control: no-cache

12:22:15.011 [AsyncHttpClient-1-8] DEBUG org.asynchttpclient.netty.channel.ChannelManager - Adding key: http://localhost:43532 for channel [id: 0xbe51ab3a, L:/127.0.0.1:64378 - R:localhost/127.0.0.1:43532]
12:22:15.012 [Forwarding sendKeysToElement on session 38f8db68805c57b3f0115c40e9b9a09b to remote] DEBUG org.asynchttpclient.netty.request.NettyRequestSender - Using pooled Channel '[id: 0xbe51ab3a, L:/127.0.0.1:64378 - R:localhost/127.0.0.1:43532]' for 'POST' to 'http://localhost:43532/session/38f8db68805c57b3f0115c40e9b9a09b/element/4BBBFBE6455D584BBA27EFE5079BF30A_element_30/value'
12:22:15.012 [Forwarding sendKeysToElement on session 38f8db68805c57b3f0115c40e9b9a09b to remote] DEBUG org.asynchttpclient.netty.request.NettyRequestSender - Using open Channel [id: 0xbe51ab3a, L:/127.0.0.1:64378 - R:localhost/127.0.0.1:43532] for POST '/session/38f8db68805c57b3f0115c40e9b9a09b/element/4BBBFBE6455D584BBA27EFE5079BF30A_element_30/value'
12:22:15.039 [AsyncHttpClient-1-1] DEBUG org.asynchttpclient.netty.channel.DefaultChannelPool - Entry count for : http://localhost:64379 : 1
12:22:15.127 [AsyncHttpClient-1-8] DEBUG org.asynchttpclient.netty.handler.HttpHandler - 

Request DefaultHttpRequest(decodeResult: success, version: HTTP/1.1)
POST /session/38f8db68805c57b3f0115c40e9b9a09b/element/4BBBFBE6455D584BBA27EFE5079BF30A_element_30/value HTTP/1.1
User-Agent: selenium/4.8.3 (java windows)
Content-Length: 188
Content-Type: application/json; charset=utf-8
host: localhost:43532
accept: */*

Response DefaultHttpResponse(decodeResult: success, version: HTTP/1.1)
HTTP/1.1 200 OK
Content-Length: 14
Content-Type: application/json; charset=utf-8
cache-control: no-cache

12:22:15.127 [AsyncHttpClient-1-8] DEBUG org.asynchttpclient.netty.channel.ChannelManager - Adding key: http://localhost:43532 for channel [id: 0xbe51ab3a, L:/127.0.0.1:64378 - R:localhost/127.0.0.1:43532]
12:22:15.129 [Forwarding findElement on session 38f8db68805c57b3f0115c40e9b9a09b to remote] DEBUG org.asynchttpclient.netty.request.NettyRequestSender - Using pooled Channel '[id: 0xbe51ab3a, L:/127.0.0.1:64378 - R:localhost/127.0.0.1:43532]' for 'POST' to 'http://localhost:43532/session/38f8db68805c57b3f0115c40e9b9a09b/element'
12:22:15.129 [Forwarding findElement on session 38f8db68805c57b3f0115c40e9b9a09b to remote] DEBUG org.asynchttpclient.netty.request.NettyRequestSender - Using open Channel [id: 0xbe51ab3a, L:/127.0.0.1:64378 - R:localhost/127.0.0.1:43532] for POST '/session/38f8db68805c57b3f0115c40e9b9a09b/element'
12:22:15.144 [AsyncHttpClient-1-8] DEBUG org.asynchttpclient.netty.handler.HttpHandler - 

Request DefaultHttpRequest(decodeResult: success, version: HTTP/1.1)
POST /session/38f8db68805c57b3f0115c40e9b9a09b/element HTTP/1.1
User-Agent: selenium/4.8.3 (java windows)
Content-Length: 62
Content-Type: application/json; charset=utf-8
host: localhost:43532
accept: */*

Response DefaultHttpResponse(decodeResult: success, version: HTTP/1.1)
HTTP/1.1 200 OK
Content-Length: 95
Content-Type: application/json; charset=utf-8
cache-control: no-cache

12:22:15.144 [AsyncHttpClient-1-8] DEBUG org.asynchttpclient.netty.channel.ChannelManager - Adding key: http://localhost:43532 for channel [id: 0xbe51ab3a, L:/127.0.0.1:64378 - R:localhost/127.0.0.1:43532]
12:22:15.146 [Forwarding clearElement on session 38f8db68805c57b3f0115c40e9b9a09b to remote] DEBUG org.asynchttpclient.netty.request.NettyRequestSender - Using pooled Channel '[id: 0xbe51ab3a, L:/127.0.0.1:64378 - R:localhost/127.0.0.1:43532]' for 'POST' to 'http://localhost:43532/session/38f8db68805c57b3f0115c40e9b9a09b/element/4BBBFBE6455D584BBA27EFE5079BF30A_element_32/clear'
12:22:15.146 [Forwarding clearElement on session 38f8db68805c57b3f0115c40e9b9a09b to remote] DEBUG org.asynchttpclient.netty.request.NettyRequestSender - Using open Channel [id: 0xbe51ab3a, L:/127.0.0.1:64378 - R:localhost/127.0.0.1:43532] for POST '/session/38f8db68805c57b3f0115c40e9b9a09b/element/4BBBFBE6455D584BBA27EFE5079BF30A_element_32/clear'
12:22:15.175 [AsyncHttpClient-1-8] DEBUG org.asynchttpclient.netty.handler.HttpHandler - 

Request DefaultHttpRequest(decodeResult: success, version: HTTP/1.1)
POST /session/38f8db68805c57b3f0115c40e9b9a09b/element/4BBBFBE6455D584BBA27EFE5079BF30A_element_32/clear HTTP/1.1
User-Agent: selenium/4.8.3 (java windows)
Content-Length: 57
Content-Type: application/json; charset=utf-8
host: localhost:43532
accept: */*

Response DefaultHttpResponse(decodeResult: success, version: HTTP/1.1)
HTTP/1.1 200 OK
Content-Length: 14
Content-Type: application/json; charset=utf-8
cache-control: no-cache

12:22:15.175 [AsyncHttpClient-1-8] DEBUG org.asynchttpclient.netty.channel.ChannelManager - Adding key: http://localhost:43532 for channel [id: 0xbe51ab3a, L:/127.0.0.1:64378 - R:localhost/127.0.0.1:43532]
12:22:15.177 [Forwarding findElement on session 38f8db68805c57b3f0115c40e9b9a09b to remote] DEBUG org.asynchttpclient.netty.request.NettyRequestSender - Using pooled Channel '[id: 0xbe51ab3a, L:/127.0.0.1:64378 - R:localhost/127.0.0.1:43532]' for 'POST' to 'http://localhost:43532/session/38f8db68805c57b3f0115c40e9b9a09b/element'
12:22:15.177 [Forwarding findElement on session 38f8db68805c57b3f0115c40e9b9a09b to remote] DEBUG org.asynchttpclient.netty.request.NettyRequestSender - Using open Channel [id: 0xbe51ab3a, L:/127.0.0.1:64378 - R:localhost/127.0.0.1:43532] for POST '/session/38f8db68805c57b3f0115c40e9b9a09b/element'
12:22:15.185 [AsyncHttpClient-1-8] DEBUG org.asynchttpclient.netty.handler.HttpHandler - 

Request DefaultHttpRequest(decodeResult: success, version: HTTP/1.1)
POST /session/38f8db68805c57b3f0115c40e9b9a09b/element HTTP/1.1
User-Agent: selenium/4.8.3 (java windows)
Content-Length: 62
Content-Type: application/json; charset=utf-8
host: localhost:43532
accept: */*

Response DefaultHttpResponse(decodeResult: success, version: HTTP/1.1)
HTTP/1.1 200 OK
Content-Length: 95
Content-Type: application/json; charset=utf-8
cache-control: no-cache

12:22:15.185 [AsyncHttpClient-1-8] DEBUG org.asynchttpclient.netty.channel.ChannelManager - Adding key: http://localhost:43532 for channel [id: 0xbe51ab3a, L:/127.0.0.1:64378 - R:localhost/127.0.0.1:43532]
12:22:15.187 [Forwarding sendKeysToElement on session 38f8db68805c57b3f0115c40e9b9a09b to remote] DEBUG org.asynchttpclient.netty.request.NettyRequestSender - Using pooled Channel '[id: 0xbe51ab3a, L:/127.0.0.1:64378 - R:localhost/127.0.0.1:43532]' for 'POST' to 'http://localhost:43532/session/38f8db68805c57b3f0115c40e9b9a09b/element/4BBBFBE6455D584BBA27EFE5079BF30A_element_32/value'
12:22:15.187 [Forwarding sendKeysToElement on session 38f8db68805c57b3f0115c40e9b9a09b to remote] DEBUG org.asynchttpclient.netty.request.NettyRequestSender - Using open Channel [id: 0xbe51ab3a, L:/127.0.0.1:64378 - R:localhost/127.0.0.1:43532] for POST '/session/38f8db68805c57b3f0115c40e9b9a09b/element/4BBBFBE6455D584BBA27EFE5079BF30A_element_32/value'
12:22:15.260 [AsyncHttpClient-1-8] DEBUG org.asynchttpclient.netty.handler.HttpHandler - 

Request DefaultHttpRequest(decodeResult: success, version: HTTP/1.1)
POST /session/38f8db68805c57b3f0115c40e9b9a09b/element/4BBBFBE6455D584BBA27EFE5079BF30A_element_32/value HTTP/1.1
User-Agent: selenium/4.8.3 (java windows)
Content-Length: 148
Content-Type: application/json; charset=utf-8
host: localhost:43532
accept: */*

Response DefaultHttpResponse(decodeResult: success, version: HTTP/1.1)
HTTP/1.1 200 OK
Content-Length: 14
Content-Type: application/json; charset=utf-8
cache-control: no-cache

12:22:15.261 [AsyncHttpClient-1-8] DEBUG org.asynchttpclient.netty.channel.ChannelManager - Adding key: http://localhost:43532 for channel [id: 0xbe51ab3a, L:/127.0.0.1:64378 - R:localhost/127.0.0.1:43532]
12:22:15.263 [Forwarding findElement on session 38f8db68805c57b3f0115c40e9b9a09b to remote] DEBUG org.asynchttpclient.netty.request.NettyRequestSender - Using pooled Channel '[id: 0xbe51ab3a, L:/127.0.0.1:64378 - R:localhost/127.0.0.1:43532]' for 'POST' to 'http://localhost:43532/session/38f8db68805c57b3f0115c40e9b9a09b/element'
12:22:15.263 [Forwarding findElement on session 38f8db68805c57b3f0115c40e9b9a09b to remote] DEBUG org.asynchttpclient.netty.request.NettyRequestSender - Using open Channel [id: 0xbe51ab3a, L:/127.0.0.1:64378 - R:localhost/127.0.0.1:43532] for POST '/session/38f8db68805c57b3f0115c40e9b9a09b/element'
12:22:15.275 [AsyncHttpClient-1-8] DEBUG org.asynchttpclient.netty.handler.HttpHandler - 

Request DefaultHttpRequest(decodeResult: success, version: HTTP/1.1)
POST /session/38f8db68805c57b3f0115c40e9b9a09b/element HTTP/1.1
User-Agent: selenium/4.8.3 (java windows)
Content-Length: 71
Content-Type: application/json; charset=utf-8
host: localhost:43532
accept: */*

Response DefaultHttpResponse(decodeResult: success, version: HTTP/1.1)
HTTP/1.1 200 OK
Content-Length: 95
Content-Type: application/json; charset=utf-8
cache-control: no-cache

12:22:15.275 [AsyncHttpClient-1-8] DEBUG org.asynchttpclient.netty.channel.ChannelManager - Adding key: http://localhost:43532 for channel [id: 0xbe51ab3a, L:/127.0.0.1:64378 - R:localhost/127.0.0.1:43532]
12:22:15.277 [Forwarding clickElement on session 38f8db68805c57b3f0115c40e9b9a09b to remote] DEBUG org.asynchttpclient.netty.request.NettyRequestSender - Using pooled Channel '[id: 0xbe51ab3a, L:/127.0.0.1:64378 - R:localhost/127.0.0.1:43532]' for 'POST' to 'http://localhost:43532/session/38f8db68805c57b3f0115c40e9b9a09b/element/4BBBFBE6455D584BBA27EFE5079BF30A_element_33/click'
12:22:15.277 [Forwarding clickElement on session 38f8db68805c57b3f0115c40e9b9a09b to remote] DEBUG org.asynchttpclient.netty.request.NettyRequestSender - Using open Channel [id: 0xbe51ab3a, L:/127.0.0.1:64378 - R:localhost/127.0.0.1:43532] for POST '/session/38f8db68805c57b3f0115c40e9b9a09b/element/4BBBFBE6455D584BBA27EFE5079BF30A_element_33/click'
12:22:15.318 [AsyncHttpClient-1-8] DEBUG org.asynchttpclient.netty.handler.HttpHandler - 

Request DefaultHttpRequest(decodeResult: success, version: HTTP/1.1)
POST /session/38f8db68805c57b3f0115c40e9b9a09b/element/4BBBFBE6455D584BBA27EFE5079BF30A_element_33/click HTTP/1.1
User-Agent: selenium/4.8.3 (java windows)
Content-Length: 57
Content-Type: application/json; charset=utf-8
host: localhost:43532
accept: */*

Response DefaultHttpResponse(decodeResult: success, version: HTTP/1.1)
HTTP/1.1 200 OK
Content-Length: 14
Content-Type: application/json; charset=utf-8
cache-control: no-cache

12:22:15.318 [AsyncHttpClient-1-8] DEBUG org.asynchttpclient.netty.channel.ChannelManager - Adding key: http://localhost:43532 for channel [id: 0xbe51ab3a, L:/127.0.0.1:64378 - R:localhost/127.0.0.1:43532]
2023-06-09 12:22:15 INFO  BaseTest:126 - Logged in
12:22:15.320 [rp-io-53] DEBUG com.epam.reportportal.service.Launch - Starting test item...rp-io-53
2023-06-09 12:22:15 INFO  Listeners:34 - Started Test null
12:22:15.324 [Forwarding findElement on session 38f8db68805c57b3f0115c40e9b9a09b to remote] DEBUG org.asynchttpclient.netty.request.NettyRequestSender - Using pooled Channel '[id: 0xbe51ab3a, L:/127.0.0.1:64378 - R:localhost/127.0.0.1:43532]' for 'POST' to 'http://localhost:43532/session/38f8db68805c57b3f0115c40e9b9a09b/element'
12:22:15.324 [Forwarding findElement on session 38f8db68805c57b3f0115c40e9b9a09b to remote] DEBUG org.asynchttpclient.netty.request.NettyRequestSender - Using open Channel [id: 0xbe51ab3a, L:/127.0.0.1:64378 - R:localhost/127.0.0.1:43532] for POST '/session/38f8db68805c57b3f0115c40e9b9a09b/element'
12:22:15.340 [rp-io-52] DEBUG com.epam.reportportal.service.Launch - TestItem with ID = '5b8e2cd8-02dd-4f1c-b8e7-cdedef958199' successfully finished.
12:22:15.340 [rp-io-52] DEBUG com.epam.reportportal.utils.SubscriptionUtils - Finish test item completed
12:22:15.349 [rp-io-53] DEBUG com.epam.reportportal.service.Launch - ReportPortal item with ID '7da2459d-7fd4-4fec-ad2c-eb2e6d6ac6b4' has been created
12:22:15.350 [rp-io-53] DEBUG com.epam.reportportal.utils.SubscriptionUtils - Start test item successfully completed
12:22:15.688 [AsyncHttpClient-1-8] DEBUG org.asynchttpclient.netty.handler.HttpHandler - 

Request DefaultHttpRequest(decodeResult: success, version: HTTP/1.1)
POST /session/38f8db68805c57b3f0115c40e9b9a09b/element HTTP/1.1
User-Agent: selenium/4.8.3 (java windows)
Content-Length: 168
Content-Type: application/json; charset=utf-8
host: localhost:43532
accept: */*

Response DefaultHttpResponse(decodeResult: success, version: HTTP/1.1)
HTTP/1.1 200 OK
Content-Length: 95
Content-Type: application/json; charset=utf-8
cache-control: no-cache

12:22:15.689 [AsyncHttpClient-1-8] DEBUG org.asynchttpclient.netty.channel.ChannelManager - Adding key: http://localhost:43532 for channel [id: 0xbe51ab3a, L:/127.0.0.1:64378 - R:localhost/127.0.0.1:43532]
12:22:15.690 [Forwarding clickElement on session 38f8db68805c57b3f0115c40e9b9a09b to remote] DEBUG org.asynchttpclient.netty.request.NettyRequestSender - Using pooled Channel '[id: 0xbe51ab3a, L:/127.0.0.1:64378 - R:localhost/127.0.0.1:43532]' for 'POST' to 'http://localhost:43532/session/38f8db68805c57b3f0115c40e9b9a09b/element/4BBBFBE6455D584BBA27EFE5079BF30A_element_39/click'
12:22:15.690 [Forwarding clickElement on session 38f8db68805c57b3f0115c40e9b9a09b to remote] DEBUG org.asynchttpclient.netty.request.NettyRequestSender - Using open Channel [id: 0xbe51ab3a, L:/127.0.0.1:64378 - R:localhost/127.0.0.1:43532] for POST '/session/38f8db68805c57b3f0115c40e9b9a09b/element/4BBBFBE6455D584BBA27EFE5079BF30A_element_39/click'
12:22:15.823 [AsyncHttpClient-1-8] DEBUG org.asynchttpclient.netty.handler.HttpHandler - 

Request DefaultHttpRequest(decodeResult: success, version: HTTP/1.1)
POST /session/38f8db68805c57b3f0115c40e9b9a09b/element/4BBBFBE6455D584BBA27EFE5079BF30A_element_39/click HTTP/1.1
User-Agent: selenium/4.8.3 (java windows)
Content-Length: 57
Content-Type: application/json; charset=utf-8
host: localhost:43532
accept: */*

Response DefaultHttpResponse(decodeResult: success, version: HTTP/1.1)
HTTP/1.1 200 OK
Content-Length: 14
Content-Type: application/json; charset=utf-8
cache-control: no-cache

12:22:15.823 [AsyncHttpClient-1-8] DEBUG org.asynchttpclient.netty.channel.ChannelManager - Adding key: http://localhost:43532 for channel [id: 0xbe51ab3a, L:/127.0.0.1:64378 - R:localhost/127.0.0.1:43532]
12:22:15.825 [Forwarding findElement on session 38f8db68805c57b3f0115c40e9b9a09b to remote] DEBUG org.asynchttpclient.netty.request.NettyRequestSender - Using pooled Channel '[id: 0xbe51ab3a, L:/127.0.0.1:64378 - R:localhost/127.0.0.1:43532]' for 'POST' to 'http://localhost:43532/session/38f8db68805c57b3f0115c40e9b9a09b/element'
12:22:15.825 [Forwarding findElement on session 38f8db68805c57b3f0115c40e9b9a09b to remote] DEBUG org.asynchttpclient.netty.request.NettyRequestSender - Using open Channel [id: 0xbe51ab3a, L:/127.0.0.1:64378 - R:localhost/127.0.0.1:43532] for POST '/session/38f8db68805c57b3f0115c40e9b9a09b/element'
12:22:16.029 [AsyncHttpClient-1-8] DEBUG org.asynchttpclient.netty.handler.HttpHandler - 

Request DefaultHttpRequest(decodeResult: success, version: HTTP/1.1)
POST /session/38f8db68805c57b3f0115c40e9b9a09b/element HTTP/1.1
User-Agent: selenium/4.8.3 (java windows)
Content-Length: 96
Content-Type: application/json; charset=utf-8
host: localhost:43532
accept: */*

Response DefaultHttpResponse(decodeResult: success, version: HTTP/1.1)
HTTP/1.1 200 OK
Content-Length: 95
Content-Type: application/json; charset=utf-8
cache-control: no-cache

12:22:16.029 [AsyncHttpClient-1-8] DEBUG org.asynchttpclient.netty.channel.ChannelManager - Adding key: http://localhost:43532 for channel [id: 0xbe51ab3a, L:/127.0.0.1:64378 - R:localhost/127.0.0.1:43532]
12:22:16.030 [Forwarding executeScript on session 38f8db68805c57b3f0115c40e9b9a09b to remote] DEBUG org.asynchttpclient.netty.request.NettyRequestSender - Using pooled Channel '[id: 0xbe51ab3a, L:/127.0.0.1:64378 - R:localhost/127.0.0.1:43532]' for 'POST' to 'http://localhost:43532/session/38f8db68805c57b3f0115c40e9b9a09b/execute/sync'
12:22:16.030 [Forwarding executeScript on session 38f8db68805c57b3f0115c40e9b9a09b to remote] DEBUG org.asynchttpclient.netty.request.NettyRequestSender - Using open Channel [id: 0xbe51ab3a, L:/127.0.0.1:64378 - R:localhost/127.0.0.1:43532] for POST '/session/38f8db68805c57b3f0115c40e9b9a09b/execute/sync'
12:22:16.037 [AsyncHttpClient-1-8] DEBUG org.asynchttpclient.netty.handler.HttpHandler - 

Request DefaultHttpRequest(decodeResult: success, version: HTTP/1.1)
POST /session/38f8db68805c57b3f0115c40e9b9a09b/execute/sync HTTP/1.1
User-Agent: selenium/4.8.3 (java windows)
Content-Length: 232
Content-Type: application/json; charset=utf-8
host: localhost:43532
accept: */*

Response DefaultHttpResponse(decodeResult: success, version: HTTP/1.1)
HTTP/1.1 200 OK
Content-Length: 14
Content-Type: application/json; charset=utf-8
cache-control: no-cache

12:22:16.037 [AsyncHttpClient-1-8] DEBUG org.asynchttpclient.netty.channel.ChannelManager - Adding key: http://localhost:43532 for channel [id: 0xbe51ab3a, L:/127.0.0.1:64378 - R:localhost/127.0.0.1:43532]
12:22:16.038 [Forwarding findElement on session 38f8db68805c57b3f0115c40e9b9a09b to remote] DEBUG org.asynchttpclient.netty.request.NettyRequestSender - Using pooled Channel '[id: 0xbe51ab3a, L:/127.0.0.1:64378 - R:localhost/127.0.0.1:43532]' for 'POST' to 'http://localhost:43532/session/38f8db68805c57b3f0115c40e9b9a09b/element'
12:22:16.038 [Forwarding findElement on session 38f8db68805c57b3f0115c40e9b9a09b to remote] DEBUG org.asynchttpclient.netty.request.NettyRequestSender - Using open Channel [id: 0xbe51ab3a, L:/127.0.0.1:64378 - R:localhost/127.0.0.1:43532] for POST '/session/38f8db68805c57b3f0115c40e9b9a09b/element'
12:22:16.140 [AsyncHttpClient-1-1] DEBUG org.asynchttpclient.netty.channel.DefaultChannelPool - Entry count for : http://localhost:64379 : 1
12:22:16.487 [AsyncHttpClient-1-8] DEBUG org.asynchttpclient.netty.handler.HttpHandler - 

Request DefaultHttpRequest(decodeResult: success, version: HTTP/1.1)
POST /session/38f8db68805c57b3f0115c40e9b9a09b/element HTTP/1.1
User-Agent: selenium/4.8.3 (java windows)
Content-Length: 96
Content-Type: application/json; charset=utf-8
host: localhost:43532
accept: */*

Response DefaultHttpResponse(decodeResult: success, version: HTTP/1.1)
HTTP/1.1 200 OK
Content-Length: 95
Content-Type: application/json; charset=utf-8
cache-control: no-cache

12:22:16.487 [AsyncHttpClient-1-8] DEBUG org.asynchttpclient.netty.channel.ChannelManager - Adding key: http://localhost:43532 for channel [id: 0xbe51ab3a, L:/127.0.0.1:64378 - R:localhost/127.0.0.1:43532]
12:22:16.489 [Forwarding isElementDisplayed on session 38f8db68805c57b3f0115c40e9b9a09b to remote] DEBUG org.asynchttpclient.netty.request.NettyRequestSender - Using pooled Channel '[id: 0xbe51ab3a, L:/127.0.0.1:64378 - R:localhost/127.0.0.1:43532]' for 'POST' to 'http://localhost:43532/session/38f8db68805c57b3f0115c40e9b9a09b/execute/sync'
12:22:16.489 [Forwarding isElementDisplayed on session 38f8db68805c57b3f0115c40e9b9a09b to remote] DEBUG org.asynchttpclient.netty.request.NettyRequestSender - Using open Channel [id: 0xbe51ab3a, L:/127.0.0.1:64378 - R:localhost/127.0.0.1:43532] for POST '/session/38f8db68805c57b3f0115c40e9b9a09b/execute/sync'
12:22:16.551 [AsyncHttpClient-1-8] DEBUG org.asynchttpclient.netty.handler.HttpHandler - 

Request DefaultHttpRequest(decodeResult: success, version: HTTP/1.1)
POST /session/38f8db68805c57b3f0115c40e9b9a09b/execute/sync HTTP/1.1
User-Agent: selenium/4.8.3 (java windows)
Content-Length: 48814
Content-Type: application/json; charset=utf-8
host: localhost:43532
accept: */*

Response DefaultHttpResponse(decodeResult: success, version: HTTP/1.1)
HTTP/1.1 200 OK
Content-Length: 14
Content-Type: application/json; charset=utf-8
cache-control: no-cache

12:22:16.551 [AsyncHttpClient-1-8] DEBUG org.asynchttpclient.netty.channel.ChannelManager - Adding key: http://localhost:43532 for channel [id: 0xbe51ab3a, L:/127.0.0.1:64378 - R:localhost/127.0.0.1:43532]
2023-06-09 12:22:16 INFO  Listeners:38 - Succeeded Test null
]]></system-out>
    <system-err><![CDATA[Starting ChromeDriver 114.0.5735.90 (386bc09e8f4f2e025eddae123f36f6263096ae49-refs/branch-heads/5735@{#1052}) on port 43532
Only local connections are allowed.
Please see https://chromedriver.chromium.org/security-considerations for suggestions on keeping ChromeDriver safe.
ChromeDriver was started successfully.
Jun 09, 2023 12:22:13 PM org.openqa.selenium.devtools.CdpVersionFinder findNearestMatch
WARNING: Unable to find an exact match for CDP version 114, so returning the closest version found: 111
]]></system-err>
  </testcase>
  <testcase name="searchDashboardNameDP[TEST CASES GROWTH TREND CHART](4)" classname="alltests.uitest.coreTest.DashboardPageTest" time="1.347">
    <system-out><![CDATA[12:22:16.553 [rp-io-59] DEBUG com.epam.reportportal.service.Launch - Starting test item...rp-io-59
12:22:16.555 [AsyncHttpClient-1-10] DEBUG org.asynchttpclient.netty.handler.WebSocketHandler - Channel Closed: [id: 0x1c158d10, L:/127.0.0.1:64388 ! R:localhost/127.0.0.1:64379] with attribute NettyResponseFuture{currentRetry=0,
	isDone=1,
	isCancelled=0,
	asyncHandler=org.asynchttpclient.ws.WebSocketUpgradeHandler@69c5626d,
	nettyRequest=org.asynchttpclient.netty.request.NettyRequest@2cc7e131,
	future=java.util.concurrent.CompletableFuture@27b97055[Completed normally],
	uri=ws://localhost:64379/devtools/browser/c3b9e9b8-2770-45ed-8bc4-bd5d52eafc97,
	keepAlive=true,
	redirectCount=0,
	timeoutsHolder=null,
	inAuth=0,
	touch=1686306133502}
12:22:16.555 [AsyncHttpClient-1-10] DEBUG org.asynchttpclient.netty.channel.ChannelManager - Closing Channel [id: 0x1c158d10, L:/127.0.0.1:64388 ! R:localhost/127.0.0.1:64379] 
12:22:16.555 [Driver Command Executor] DEBUG org.asynchttpclient.netty.request.NettyRequestSender - Using pooled Channel '[id: 0xbe51ab3a, L:/127.0.0.1:64378 - R:localhost/127.0.0.1:43532]' for 'DELETE' to 'http://localhost:43532/session/38f8db68805c57b3f0115c40e9b9a09b'
12:22:16.555 [Driver Command Executor] DEBUG org.asynchttpclient.netty.request.NettyRequestSender - Using open Channel [id: 0xbe51ab3a, L:/127.0.0.1:64378 - R:localhost/127.0.0.1:43532] for DELETE '/session/38f8db68805c57b3f0115c40e9b9a09b'
12:22:16.576 [rp-io-58] DEBUG com.epam.reportportal.service.Launch - TestItem with ID = '7da2459d-7fd4-4fec-ad2c-eb2e6d6ac6b4' successfully finished.
12:22:16.576 [rp-io-58] DEBUG com.epam.reportportal.utils.SubscriptionUtils - Finish test item completed
12:22:16.584 [rp-io-59] DEBUG com.epam.reportportal.service.Launch - ReportPortal item with ID 'a4153644-bc74-4c2c-9889-813f964db655' has been created
12:22:16.584 [rp-io-59] DEBUG com.epam.reportportal.utils.SubscriptionUtils - Start test item successfully completed
12:22:16.602 [AsyncHttpClient-1-9] DEBUG org.asynchttpclient.netty.handler.HttpHandler - Unexpected I/O exception on channel [id: 0x3675c9a3, L:/127.0.0.1:64387 - R:localhost/127.0.0.1:64379]
java.net.SocketException: Connection reset
	at java.base/sun.nio.ch.SocketChannelImpl.throwConnectionReset(SocketChannelImpl.java:394)
	at java.base/sun.nio.ch.SocketChannelImpl.read(SocketChannelImpl.java:426)
	at io.netty.buffer.PooledByteBuf.setBytes(PooledByteBuf.java:256)
	at io.netty.buffer.AbstractByteBuf.writeBytes(AbstractByteBuf.java:1132)
	at io.netty.channel.socket.nio.NioSocketChannel.doReadBytes(NioSocketChannel.java:357)
	at io.netty.channel.nio.AbstractNioByteChannel$NioByteUnsafe.read(AbstractNioByteChannel.java:151)
	at io.netty.channel.nio.NioEventLoop.processSelectedKey(NioEventLoop.java:788)
	at io.netty.channel.nio.NioEventLoop.processSelectedKeysOptimized(NioEventLoop.java:724)
	at io.netty.channel.nio.NioEventLoop.processSelectedKeys(NioEventLoop.java:650)
	at io.netty.channel.nio.NioEventLoop.run(NioEventLoop.java:562)
	at io.netty.util.concurrent.SingleThreadEventExecutor$4.run(SingleThreadEventExecutor.java:997)
	at io.netty.util.internal.ThreadExecutorMap$2.run(ThreadExecutorMap.java:74)
	at io.netty.util.concurrent.FastThreadLocalRunnable.run(FastThreadLocalRunnable.java:30)
	at java.base/java.lang.Thread.run(Thread.java:833)
12:22:16.602 [AsyncHttpClient-1-9] DEBUG org.asynchttpclient.netty.channel.ChannelManager - Closing Channel [id: 0x3675c9a3, L:/127.0.0.1:64387 - R:localhost/127.0.0.1:64379] 
12:22:16.602 [AsyncHttpClient-1-9] DEBUG org.asynchttpclient.netty.handler.HttpHandler - Channel Closed: [id: 0x3675c9a3, L:/127.0.0.1:64387 ! R:localhost/127.0.0.1:64379] with attribute DISCARD
12:22:16.620 [AsyncHttpClient-1-8] DEBUG org.asynchttpclient.netty.handler.HttpHandler - 

Request DefaultFullHttpRequest(decodeResult: success, version: HTTP/1.1, content: EmptyByteBufBE)
DELETE /session/38f8db68805c57b3f0115c40e9b9a09b HTTP/1.1
User-Agent: selenium/4.8.3 (java windows)
Content-Type: application/json; charset=utf-8
host: localhost:43532
accept: */*

Response DefaultHttpResponse(decodeResult: success, version: HTTP/1.1)
HTTP/1.1 200 OK
Content-Length: 14
Content-Type: application/json; charset=utf-8
cache-control: no-cache

12:22:16.621 [AsyncHttpClient-1-8] DEBUG org.asynchttpclient.netty.channel.ChannelManager - Adding key: http://localhost:43532 for channel [id: 0xbe51ab3a, L:/127.0.0.1:64378 - R:localhost/127.0.0.1:43532]
12:22:16.660 [AsyncHttpClient-1-8] DEBUG org.asynchttpclient.netty.handler.HttpHandler - Channel Closed: [id: 0xbe51ab3a, L:/127.0.0.1:64378 ! R:localhost/127.0.0.1:43532] with attribute DISCARD
2023-06-09 12:22:16 INFO  BaseTest:83 - Test executed**********
2023-06-09 12:22:16 INFO  BaseTest:110 - Property files loaded successfully**********
12:22:16.711 [rp-io-64] DEBUG com.epam.reportportal.service.Launch - Starting test item...rp-io-64
12:22:16.726 [main] DEBUG io.github.bonigarcia.wdm.cache.ResolutionCache - Resolution chrome=114 in cache (valid until 13:14:48 09/06/2023 CEST)
12:22:16.727 [main] DEBUG io.github.bonigarcia.wdm.cache.ResolutionCache - Resolution chrome114=114.0.5735.90 in cache (valid until 12:14:48 10/06/2023 CEST)
12:22:16.728 [main] INFO io.github.bonigarcia.wdm.WebDriverManager - Using chromedriver 114.0.5735.90 (resolved driver for Chrome 114)
12:22:16.728 [rp-io-63] DEBUG com.epam.reportportal.service.Launch - TestItem with ID = 'a4153644-bc74-4c2c-9889-813f964db655' successfully finished.
12:22:16.728 [rp-io-63] DEBUG com.epam.reportportal.utils.SubscriptionUtils - Finish test item completed
12:22:16.735 [rp-io-64] DEBUG com.epam.reportportal.service.Launch - ReportPortal item with ID 'b6f85d72-3aca-4b99-b7ae-9a514d557e9d' has been created
12:22:16.735 [rp-io-64] DEBUG com.epam.reportportal.utils.SubscriptionUtils - Start test item successfully completed
12:22:16.738 [main] DEBUG io.github.bonigarcia.wdm.WebDriverManager - Driver chromedriver 114.0.5735.90 found in cache
12:22:16.738 [main] INFO io.github.bonigarcia.wdm.WebDriverManager - Exporting webdriver.chrome.driver as C:\Users\Suwarna_Wagh\.cache\selenium\chromedriver\win32\114.0.5735.90\chromedriver.exe
12:22:16.845 [AsyncHttpClient-1-11] DEBUG org.asynchttpclient.netty.channel.NettyConnectListener - Using new Channel '[id: 0x303cb419, L:/127.0.0.1:64408 - R:localhost/127.0.0.1:3444]' for 'POST' to '/session'
12:22:17.238 [AsyncHttpClient-1-1] DEBUG org.asynchttpclient.netty.channel.DefaultChannelPool - Entry count for : http://localhost:64379 : 1
12:22:17.238 [AsyncHttpClient-1-1] DEBUG org.asynchttpclient.netty.channel.DefaultChannelPool - Entry count for : http://localhost:43532 : 1
12:22:17.238 [AsyncHttpClient-1-1] DEBUG org.asynchttpclient.netty.channel.DefaultChannelPool - Adding Candidate expired Channel [id: 0x3675c9a3, L:/127.0.0.1:64387 ! R:localhost/127.0.0.1:64379] isIdleTimeoutExpired=false isRemotelyClosed=true isTtlExpired=false
12:22:17.238 [AsyncHttpClient-1-1] DEBUG org.asynchttpclient.netty.channel.DefaultChannelPool - Closing Idle Channel [id: 0x3675c9a3, L:/127.0.0.1:64387 ! R:localhost/127.0.0.1:64379]
12:22:17.238 [AsyncHttpClient-1-1] DEBUG org.asynchttpclient.netty.channel.DefaultChannelPool - Adding Candidate expired Channel [id: 0xbe51ab3a, L:/127.0.0.1:64378 ! R:localhost/127.0.0.1:43532] isIdleTimeoutExpired=false isRemotelyClosed=true isTtlExpired=false
12:22:17.238 [AsyncHttpClient-1-1] DEBUG org.asynchttpclient.netty.channel.DefaultChannelPool - Closing Idle Channel [id: 0xbe51ab3a, L:/127.0.0.1:64378 ! R:localhost/127.0.0.1:43532]
12:22:17.238 [AsyncHttpClient-1-1] DEBUG org.asynchttpclient.netty.channel.DefaultChannelPool - Closed 2 connections out of 2 in 0 ms
12:22:17.711 [AsyncHttpClient-1-11] DEBUG org.asynchttpclient.netty.handler.HttpHandler - 

Request DefaultHttpRequest(decodeResult: success, version: HTTP/1.1)
POST /session HTTP/1.1
User-Agent: selenium/4.8.3 (java windows)
Content-Length: 439
Content-Type: application/json; charset=utf-8
host: localhost:3444
accept: */*

Response DefaultHttpResponse(decodeResult: success, version: HTTP/1.1)
HTTP/1.1 200 OK
Content-Length: 864
Content-Type: application/json; charset=utf-8
cache-control: no-cache

12:22:17.711 [AsyncHttpClient-1-11] DEBUG org.asynchttpclient.netty.channel.ChannelManager - Adding key: http://localhost:3444 for channel [id: 0x303cb419, L:/127.0.0.1:64408 - R:localhost/127.0.0.1:3444]
12:22:17.719 [AsyncHttpClient-1-12] DEBUG org.asynchttpclient.netty.channel.NettyConnectListener - Using new Channel '[id: 0x6ca4a317, L:/127.0.0.1:64416 - R:localhost/127.0.0.1:64410]' for 'GET' to '/json/version'
12:22:17.720 [AsyncHttpClient-1-12] DEBUG org.asynchttpclient.netty.handler.HttpHandler - 

Request DefaultFullHttpRequest(decodeResult: success, version: HTTP/1.1, content: EmptyByteBufBE)
GET /json/version HTTP/1.1
User-Agent: selenium/4.8.3 (java windows)
host: localhost:64410
accept: */*

Response DefaultHttpResponse(decodeResult: success, version: HTTP/1.1)
HTTP/1.1 200 OK
Content-Security-Policy: frame-ancestors 'none'
Content-Length: 424
Content-Type: application/json; charset=UTF-8

12:22:17.721 [AsyncHttpClient-1-12] DEBUG org.asynchttpclient.netty.channel.ChannelManager - Adding key: http://localhost:64410 for channel [id: 0x6ca4a317, L:/127.0.0.1:64416 - R:localhost/127.0.0.1:64410]
12:22:17.723 [AsyncHttpClient-1-13] DEBUG org.asynchttpclient.netty.channel.NettyConnectListener - Using new Channel '[id: 0x9b931f26, L:/127.0.0.1:64417 - R:localhost/127.0.0.1:64410]' for 'GET' to '/devtools/browser/3719320a-055e-4b6f-9047-e0901cb7ba31'
12:22:17.726 [AsyncHttpClient-1-13] DEBUG org.asynchttpclient.netty.handler.WebSocketHandler - 

Request DefaultFullHttpRequest(decodeResult: success, version: HTTP/1.1, content: EmptyByteBufBE)
GET /devtools/browser/3719320a-055e-4b6f-9047-e0901cb7ba31 HTTP/1.1
upgrade: websocket
connection: upgrade
sec-websocket-key: F8kMHEBf8A8GerY4b+qy5A==
sec-websocket-version: 13
origin: http://localhost:64410
host: localhost:64410
accept: */*
user-agent: AHC/2.1

Response DefaultHttpResponse(decodeResult: success, version: HTTP/1.1)
HTTP/1.1 101 WebSocket Protocol Handshake
Upgrade: WebSocket
Connection: Upgrade
Sec-WebSocket-Accept: doxF0+39n/OVjbp83a/wFBv++rw=

12:22:17.730 [Forwarding setTimeout on session bcc25aaa540cb0f3765c3e0c4f625e11 to remote] DEBUG org.asynchttpclient.netty.request.NettyRequestSender - Using pooled Channel '[id: 0x303cb419, L:/127.0.0.1:64408 - R:localhost/127.0.0.1:3444]' for 'POST' to 'http://localhost:3444/session/bcc25aaa540cb0f3765c3e0c4f625e11/timeouts'
12:22:17.730 [Forwarding setTimeout on session bcc25aaa540cb0f3765c3e0c4f625e11 to remote] DEBUG org.asynchttpclient.netty.request.NettyRequestSender - Using open Channel [id: 0x303cb419, L:/127.0.0.1:64408 - R:localhost/127.0.0.1:3444] for POST '/session/bcc25aaa540cb0f3765c3e0c4f625e11/timeouts'
12:22:17.731 [AsyncHttpClient-1-11] DEBUG org.asynchttpclient.netty.handler.HttpHandler - 

Request DefaultHttpRequest(decodeResult: success, version: HTTP/1.1)
POST /session/bcc25aaa540cb0f3765c3e0c4f625e11/timeouts HTTP/1.1
User-Agent: selenium/4.8.3 (java windows)
Content-Length: 22
Content-Type: application/json; charset=utf-8
host: localhost:3444
accept: */*

Response DefaultHttpResponse(decodeResult: success, version: HTTP/1.1)
HTTP/1.1 200 OK
Content-Length: 14
Content-Type: application/json; charset=utf-8
cache-control: no-cache

12:22:17.731 [AsyncHttpClient-1-11] DEBUG org.asynchttpclient.netty.channel.ChannelManager - Adding key: http://localhost:3444 for channel [id: 0x303cb419, L:/127.0.0.1:64408 - R:localhost/127.0.0.1:3444]
12:22:17.733 [Forwarding maximizeCurrentWindow on session bcc25aaa540cb0f3765c3e0c4f625e11 to remote] DEBUG org.asynchttpclient.netty.request.NettyRequestSender - Using pooled Channel '[id: 0x303cb419, L:/127.0.0.1:64408 - R:localhost/127.0.0.1:3444]' for 'POST' to 'http://localhost:3444/session/bcc25aaa540cb0f3765c3e0c4f625e11/window/maximize'
12:22:17.733 [Forwarding maximizeCurrentWindow on session bcc25aaa540cb0f3765c3e0c4f625e11 to remote] DEBUG org.asynchttpclient.netty.request.NettyRequestSender - Using open Channel [id: 0x303cb419, L:/127.0.0.1:64408 - R:localhost/127.0.0.1:3444] for POST '/session/bcc25aaa540cb0f3765c3e0c4f625e11/window/maximize'
12:22:17.852 [AsyncHttpClient-1-11] DEBUG org.asynchttpclient.netty.handler.HttpHandler - 

Request DefaultHttpRequest(decodeResult: success, version: HTTP/1.1)
POST /session/bcc25aaa540cb0f3765c3e0c4f625e11/window/maximize HTTP/1.1
User-Agent: selenium/4.8.3 (java windows)
Content-Length: 3
Content-Type: application/json; charset=utf-8
host: localhost:3444
accept: */*

Response DefaultHttpResponse(decodeResult: success, version: HTTP/1.1)
HTTP/1.1 200 OK
Content-Length: 51
Content-Type: application/json; charset=utf-8
cache-control: no-cache

12:22:17.853 [AsyncHttpClient-1-11] DEBUG org.asynchttpclient.netty.channel.ChannelManager - Adding key: http://localhost:3444 for channel [id: 0x303cb419, L:/127.0.0.1:64408 - R:localhost/127.0.0.1:3444]
12:22:17.854 [Forwarding get on session bcc25aaa540cb0f3765c3e0c4f625e11 to remote] DEBUG org.asynchttpclient.netty.request.NettyRequestSender - Using pooled Channel '[id: 0x303cb419, L:/127.0.0.1:64408 - R:localhost/127.0.0.1:3444]' for 'POST' to 'http://localhost:3444/session/bcc25aaa540cb0f3765c3e0c4f625e11/url'
12:22:17.854 [Forwarding get on session bcc25aaa540cb0f3765c3e0c4f625e11 to remote] DEBUG org.asynchttpclient.netty.request.NettyRequestSender - Using open Channel [id: 0x303cb419, L:/127.0.0.1:64408 - R:localhost/127.0.0.1:3444] for POST '/session/bcc25aaa540cb0f3765c3e0c4f625e11/url'
12:22:18.341 [AsyncHttpClient-1-1] DEBUG org.asynchttpclient.netty.channel.DefaultChannelPool - Entry count for : http://localhost:64410 : 1
12:22:19.248 [AsyncHttpClient-1-11] DEBUG org.asynchttpclient.netty.handler.HttpHandler - 

Request DefaultHttpRequest(decodeResult: success, version: HTTP/1.1)
POST /session/bcc25aaa540cb0f3765c3e0c4f625e11/url HTTP/1.1
User-Agent: selenium/4.8.3 (java windows)
Content-Length: 52
Content-Type: application/json; charset=utf-8
host: localhost:3444
accept: */*

Response DefaultHttpResponse(decodeResult: success, version: HTTP/1.1)
HTTP/1.1 200 OK
Content-Length: 14
Content-Type: application/json; charset=utf-8
cache-control: no-cache

12:22:19.248 [AsyncHttpClient-1-11] DEBUG org.asynchttpclient.netty.channel.ChannelManager - Adding key: http://localhost:3444 for channel [id: 0x303cb419, L:/127.0.0.1:64408 - R:localhost/127.0.0.1:3444]
2023-06-09 12:22:19 INFO  BaseTest:104 - Test driver set up done successfully**********
2023-06-09 12:22:19 INFO  BaseTest:122 - Logging in to portal
12:22:19.252 [Forwarding findElement on session bcc25aaa540cb0f3765c3e0c4f625e11 to remote] DEBUG org.asynchttpclient.netty.request.NettyRequestSender - Using pooled Channel '[id: 0x303cb419, L:/127.0.0.1:64408 - R:localhost/127.0.0.1:3444]' for 'POST' to 'http://localhost:3444/session/bcc25aaa540cb0f3765c3e0c4f625e11/element'
12:22:19.252 [Forwarding findElement on session bcc25aaa540cb0f3765c3e0c4f625e11 to remote] DEBUG org.asynchttpclient.netty.request.NettyRequestSender - Using open Channel [id: 0x303cb419, L:/127.0.0.1:64408 - R:localhost/127.0.0.1:3444] for POST '/session/bcc25aaa540cb0f3765c3e0c4f625e11/element'
12:22:19.265 [AsyncHttpClient-1-11] DEBUG org.asynchttpclient.netty.handler.HttpHandler - 

Request DefaultHttpRequest(decodeResult: success, version: HTTP/1.1)
POST /session/bcc25aaa540cb0f3765c3e0c4f625e11/element HTTP/1.1
User-Agent: selenium/4.8.3 (java windows)
Content-Length: 59
Content-Type: application/json; charset=utf-8
host: localhost:3444
accept: */*

Response DefaultHttpResponse(decodeResult: success, version: HTTP/1.1)
HTTP/1.1 200 OK
Content-Length: 95
Content-Type: application/json; charset=utf-8
cache-control: no-cache

12:22:19.265 [AsyncHttpClient-1-11] DEBUG org.asynchttpclient.netty.channel.ChannelManager - Adding key: http://localhost:3444 for channel [id: 0x303cb419, L:/127.0.0.1:64408 - R:localhost/127.0.0.1:3444]
12:22:19.267 [Forwarding clearElement on session bcc25aaa540cb0f3765c3e0c4f625e11 to remote] DEBUG org.asynchttpclient.netty.request.NettyRequestSender - Using pooled Channel '[id: 0x303cb419, L:/127.0.0.1:64408 - R:localhost/127.0.0.1:3444]' for 'POST' to 'http://localhost:3444/session/bcc25aaa540cb0f3765c3e0c4f625e11/element/B12FED42EDE35A59089C67981FFC8E0A_element_27/clear'
12:22:19.267 [Forwarding clearElement on session bcc25aaa540cb0f3765c3e0c4f625e11 to remote] DEBUG org.asynchttpclient.netty.request.NettyRequestSender - Using open Channel [id: 0x303cb419, L:/127.0.0.1:64408 - R:localhost/127.0.0.1:3444] for POST '/session/bcc25aaa540cb0f3765c3e0c4f625e11/element/B12FED42EDE35A59089C67981FFC8E0A_element_27/clear'
12:22:19.309 [AsyncHttpClient-1-11] DEBUG org.asynchttpclient.netty.handler.HttpHandler - 

Request DefaultHttpRequest(decodeResult: success, version: HTTP/1.1)
POST /session/bcc25aaa540cb0f3765c3e0c4f625e11/element/B12FED42EDE35A59089C67981FFC8E0A_element_27/clear HTTP/1.1
User-Agent: selenium/4.8.3 (java windows)
Content-Length: 57
Content-Type: application/json; charset=utf-8
host: localhost:3444
accept: */*

Response DefaultHttpResponse(decodeResult: success, version: HTTP/1.1)
HTTP/1.1 200 OK
Content-Length: 14
Content-Type: application/json; charset=utf-8
cache-control: no-cache

12:22:19.309 [AsyncHttpClient-1-11] DEBUG org.asynchttpclient.netty.channel.ChannelManager - Adding key: http://localhost:3444 for channel [id: 0x303cb419, L:/127.0.0.1:64408 - R:localhost/127.0.0.1:3444]
12:22:19.311 [Forwarding findElement on session bcc25aaa540cb0f3765c3e0c4f625e11 to remote] DEBUG org.asynchttpclient.netty.request.NettyRequestSender - Using pooled Channel '[id: 0x303cb419, L:/127.0.0.1:64408 - R:localhost/127.0.0.1:3444]' for 'POST' to 'http://localhost:3444/session/bcc25aaa540cb0f3765c3e0c4f625e11/element'
12:22:19.311 [Forwarding findElement on session bcc25aaa540cb0f3765c3e0c4f625e11 to remote] DEBUG org.asynchttpclient.netty.request.NettyRequestSender - Using open Channel [id: 0x303cb419, L:/127.0.0.1:64408 - R:localhost/127.0.0.1:3444] for POST '/session/bcc25aaa540cb0f3765c3e0c4f625e11/element'
12:22:19.319 [AsyncHttpClient-1-11] DEBUG org.asynchttpclient.netty.handler.HttpHandler - 

Request DefaultHttpRequest(decodeResult: success, version: HTTP/1.1)
POST /session/bcc25aaa540cb0f3765c3e0c4f625e11/element HTTP/1.1
User-Agent: selenium/4.8.3 (java windows)
Content-Length: 59
Content-Type: application/json; charset=utf-8
host: localhost:3444
accept: */*

Response DefaultHttpResponse(decodeResult: success, version: HTTP/1.1)
HTTP/1.1 200 OK
Content-Length: 95
Content-Type: application/json; charset=utf-8
cache-control: no-cache

12:22:19.319 [AsyncHttpClient-1-11] DEBUG org.asynchttpclient.netty.channel.ChannelManager - Adding key: http://localhost:3444 for channel [id: 0x303cb419, L:/127.0.0.1:64408 - R:localhost/127.0.0.1:3444]
12:22:19.320 [Forwarding sendKeysToElement on session bcc25aaa540cb0f3765c3e0c4f625e11 to remote] DEBUG org.asynchttpclient.netty.request.NettyRequestSender - Using pooled Channel '[id: 0x303cb419, L:/127.0.0.1:64408 - R:localhost/127.0.0.1:3444]' for 'POST' to 'http://localhost:3444/session/bcc25aaa540cb0f3765c3e0c4f625e11/element/B12FED42EDE35A59089C67981FFC8E0A_element_27/value'
12:22:19.320 [Forwarding sendKeysToElement on session bcc25aaa540cb0f3765c3e0c4f625e11 to remote] DEBUG org.asynchttpclient.netty.request.NettyRequestSender - Using open Channel [id: 0x303cb419, L:/127.0.0.1:64408 - R:localhost/127.0.0.1:3444] for POST '/session/bcc25aaa540cb0f3765c3e0c4f625e11/element/B12FED42EDE35A59089C67981FFC8E0A_element_27/value'
12:22:19.401 [AsyncHttpClient-1-11] DEBUG org.asynchttpclient.netty.handler.HttpHandler - 

Request DefaultHttpRequest(decodeResult: success, version: HTTP/1.1)
POST /session/bcc25aaa540cb0f3765c3e0c4f625e11/element/B12FED42EDE35A59089C67981FFC8E0A_element_27/value HTTP/1.1
User-Agent: selenium/4.8.3 (java windows)
Content-Length: 188
Content-Type: application/json; charset=utf-8
host: localhost:3444
accept: */*

Response DefaultHttpResponse(decodeResult: success, version: HTTP/1.1)
HTTP/1.1 200 OK
Content-Length: 14
Content-Type: application/json; charset=utf-8
cache-control: no-cache

12:22:19.401 [AsyncHttpClient-1-11] DEBUG org.asynchttpclient.netty.channel.ChannelManager - Adding key: http://localhost:3444 for channel [id: 0x303cb419, L:/127.0.0.1:64408 - R:localhost/127.0.0.1:3444]
12:22:19.402 [Forwarding findElement on session bcc25aaa540cb0f3765c3e0c4f625e11 to remote] DEBUG org.asynchttpclient.netty.request.NettyRequestSender - Using pooled Channel '[id: 0x303cb419, L:/127.0.0.1:64408 - R:localhost/127.0.0.1:3444]' for 'POST' to 'http://localhost:3444/session/bcc25aaa540cb0f3765c3e0c4f625e11/element'
12:22:19.402 [Forwarding findElement on session bcc25aaa540cb0f3765c3e0c4f625e11 to remote] DEBUG org.asynchttpclient.netty.request.NettyRequestSender - Using open Channel [id: 0x303cb419, L:/127.0.0.1:64408 - R:localhost/127.0.0.1:3444] for POST '/session/bcc25aaa540cb0f3765c3e0c4f625e11/element'
12:22:19.413 [AsyncHttpClient-1-11] DEBUG org.asynchttpclient.netty.handler.HttpHandler - 

Request DefaultHttpRequest(decodeResult: success, version: HTTP/1.1)
POST /session/bcc25aaa540cb0f3765c3e0c4f625e11/element HTTP/1.1
User-Agent: selenium/4.8.3 (java windows)
Content-Length: 62
Content-Type: application/json; charset=utf-8
host: localhost:3444
accept: */*

Response DefaultHttpResponse(decodeResult: success, version: HTTP/1.1)
HTTP/1.1 200 OK
Content-Length: 95
Content-Type: application/json; charset=utf-8
cache-control: no-cache

12:22:19.413 [AsyncHttpClient-1-11] DEBUG org.asynchttpclient.netty.channel.ChannelManager - Adding key: http://localhost:3444 for channel [id: 0x303cb419, L:/127.0.0.1:64408 - R:localhost/127.0.0.1:3444]
12:22:19.415 [Forwarding clearElement on session bcc25aaa540cb0f3765c3e0c4f625e11 to remote] DEBUG org.asynchttpclient.netty.request.NettyRequestSender - Using pooled Channel '[id: 0x303cb419, L:/127.0.0.1:64408 - R:localhost/127.0.0.1:3444]' for 'POST' to 'http://localhost:3444/session/bcc25aaa540cb0f3765c3e0c4f625e11/element/B12FED42EDE35A59089C67981FFC8E0A_element_32/clear'
12:22:19.415 [Forwarding clearElement on session bcc25aaa540cb0f3765c3e0c4f625e11 to remote] DEBUG org.asynchttpclient.netty.request.NettyRequestSender - Using open Channel [id: 0x303cb419, L:/127.0.0.1:64408 - R:localhost/127.0.0.1:3444] for POST '/session/bcc25aaa540cb0f3765c3e0c4f625e11/element/B12FED42EDE35A59089C67981FFC8E0A_element_32/clear'
12:22:19.435 [AsyncHttpClient-1-11] DEBUG org.asynchttpclient.netty.handler.HttpHandler - 

Request DefaultHttpRequest(decodeResult: success, version: HTTP/1.1)
POST /session/bcc25aaa540cb0f3765c3e0c4f625e11/element/B12FED42EDE35A59089C67981FFC8E0A_element_32/clear HTTP/1.1
User-Agent: selenium/4.8.3 (java windows)
Content-Length: 57
Content-Type: application/json; charset=utf-8
host: localhost:3444
accept: */*

Response DefaultHttpResponse(decodeResult: success, version: HTTP/1.1)
HTTP/1.1 200 OK
Content-Length: 14
Content-Type: application/json; charset=utf-8
cache-control: no-cache

12:22:19.435 [AsyncHttpClient-1-11] DEBUG org.asynchttpclient.netty.channel.ChannelManager - Adding key: http://localhost:3444 for channel [id: 0x303cb419, L:/127.0.0.1:64408 - R:localhost/127.0.0.1:3444]
12:22:19.436 [Forwarding findElement on session bcc25aaa540cb0f3765c3e0c4f625e11 to remote] DEBUG org.asynchttpclient.netty.request.NettyRequestSender - Using pooled Channel '[id: 0x303cb419, L:/127.0.0.1:64408 - R:localhost/127.0.0.1:3444]' for 'POST' to 'http://localhost:3444/session/bcc25aaa540cb0f3765c3e0c4f625e11/element'
12:22:19.436 [Forwarding findElement on session bcc25aaa540cb0f3765c3e0c4f625e11 to remote] DEBUG org.asynchttpclient.netty.request.NettyRequestSender - Using open Channel [id: 0x303cb419, L:/127.0.0.1:64408 - R:localhost/127.0.0.1:3444] for POST '/session/bcc25aaa540cb0f3765c3e0c4f625e11/element'
12:22:19.439 [AsyncHttpClient-1-1] DEBUG org.asynchttpclient.netty.channel.DefaultChannelPool - Entry count for : http://localhost:64410 : 1
12:22:19.442 [AsyncHttpClient-1-11] DEBUG org.asynchttpclient.netty.handler.HttpHandler - 

Request DefaultHttpRequest(decodeResult: success, version: HTTP/1.1)
POST /session/bcc25aaa540cb0f3765c3e0c4f625e11/element HTTP/1.1
User-Agent: selenium/4.8.3 (java windows)
Content-Length: 62
Content-Type: application/json; charset=utf-8
host: localhost:3444
accept: */*

Response DefaultHttpResponse(decodeResult: success, version: HTTP/1.1)
HTTP/1.1 200 OK
Content-Length: 95
Content-Type: application/json; charset=utf-8
cache-control: no-cache

12:22:19.442 [AsyncHttpClient-1-11] DEBUG org.asynchttpclient.netty.channel.ChannelManager - Adding key: http://localhost:3444 for channel [id: 0x303cb419, L:/127.0.0.1:64408 - R:localhost/127.0.0.1:3444]
12:22:19.444 [Forwarding sendKeysToElement on session bcc25aaa540cb0f3765c3e0c4f625e11 to remote] DEBUG org.asynchttpclient.netty.request.NettyRequestSender - Using pooled Channel '[id: 0x303cb419, L:/127.0.0.1:64408 - R:localhost/127.0.0.1:3444]' for 'POST' to 'http://localhost:3444/session/bcc25aaa540cb0f3765c3e0c4f625e11/element/B12FED42EDE35A59089C67981FFC8E0A_element_32/value'
12:22:19.444 [Forwarding sendKeysToElement on session bcc25aaa540cb0f3765c3e0c4f625e11 to remote] DEBUG org.asynchttpclient.netty.request.NettyRequestSender - Using open Channel [id: 0x303cb419, L:/127.0.0.1:64408 - R:localhost/127.0.0.1:3444] for POST '/session/bcc25aaa540cb0f3765c3e0c4f625e11/element/B12FED42EDE35A59089C67981FFC8E0A_element_32/value'
12:22:19.502 [AsyncHttpClient-1-11] DEBUG org.asynchttpclient.netty.handler.HttpHandler - 

Request DefaultHttpRequest(decodeResult: success, version: HTTP/1.1)
POST /session/bcc25aaa540cb0f3765c3e0c4f625e11/element/B12FED42EDE35A59089C67981FFC8E0A_element_32/value HTTP/1.1
User-Agent: selenium/4.8.3 (java windows)
Content-Length: 148
Content-Type: application/json; charset=utf-8
host: localhost:3444
accept: */*

Response DefaultHttpResponse(decodeResult: success, version: HTTP/1.1)
HTTP/1.1 200 OK
Content-Length: 14
Content-Type: application/json; charset=utf-8
cache-control: no-cache

12:22:19.502 [AsyncHttpClient-1-11] DEBUG org.asynchttpclient.netty.channel.ChannelManager - Adding key: http://localhost:3444 for channel [id: 0x303cb419, L:/127.0.0.1:64408 - R:localhost/127.0.0.1:3444]
12:22:19.503 [Forwarding findElement on session bcc25aaa540cb0f3765c3e0c4f625e11 to remote] DEBUG org.asynchttpclient.netty.request.NettyRequestSender - Using pooled Channel '[id: 0x303cb419, L:/127.0.0.1:64408 - R:localhost/127.0.0.1:3444]' for 'POST' to 'http://localhost:3444/session/bcc25aaa540cb0f3765c3e0c4f625e11/element'
12:22:19.503 [Forwarding findElement on session bcc25aaa540cb0f3765c3e0c4f625e11 to remote] DEBUG org.asynchttpclient.netty.request.NettyRequestSender - Using open Channel [id: 0x303cb419, L:/127.0.0.1:64408 - R:localhost/127.0.0.1:3444] for POST '/session/bcc25aaa540cb0f3765c3e0c4f625e11/element'
12:22:19.517 [AsyncHttpClient-1-11] DEBUG org.asynchttpclient.netty.handler.HttpHandler - 

Request DefaultHttpRequest(decodeResult: success, version: HTTP/1.1)
POST /session/bcc25aaa540cb0f3765c3e0c4f625e11/element HTTP/1.1
User-Agent: selenium/4.8.3 (java windows)
Content-Length: 71
Content-Type: application/json; charset=utf-8
host: localhost:3444
accept: */*

Response DefaultHttpResponse(decodeResult: success, version: HTTP/1.1)
HTTP/1.1 200 OK
Content-Length: 95
Content-Type: application/json; charset=utf-8
cache-control: no-cache

12:22:19.518 [AsyncHttpClient-1-11] DEBUG org.asynchttpclient.netty.channel.ChannelManager - Adding key: http://localhost:3444 for channel [id: 0x303cb419, L:/127.0.0.1:64408 - R:localhost/127.0.0.1:3444]
12:22:19.519 [Forwarding clickElement on session bcc25aaa540cb0f3765c3e0c4f625e11 to remote] DEBUG org.asynchttpclient.netty.request.NettyRequestSender - Using pooled Channel '[id: 0x303cb419, L:/127.0.0.1:64408 - R:localhost/127.0.0.1:3444]' for 'POST' to 'http://localhost:3444/session/bcc25aaa540cb0f3765c3e0c4f625e11/element/B12FED42EDE35A59089C67981FFC8E0A_element_33/click'
12:22:19.519 [Forwarding clickElement on session bcc25aaa540cb0f3765c3e0c4f625e11 to remote] DEBUG org.asynchttpclient.netty.request.NettyRequestSender - Using open Channel [id: 0x303cb419, L:/127.0.0.1:64408 - R:localhost/127.0.0.1:3444] for POST '/session/bcc25aaa540cb0f3765c3e0c4f625e11/element/B12FED42EDE35A59089C67981FFC8E0A_element_33/click'
12:22:19.554 [AsyncHttpClient-1-11] DEBUG org.asynchttpclient.netty.handler.HttpHandler - 

Request DefaultHttpRequest(decodeResult: success, version: HTTP/1.1)
POST /session/bcc25aaa540cb0f3765c3e0c4f625e11/element/B12FED42EDE35A59089C67981FFC8E0A_element_33/click HTTP/1.1
User-Agent: selenium/4.8.3 (java windows)
Content-Length: 57
Content-Type: application/json; charset=utf-8
host: localhost:3444
accept: */*

Response DefaultHttpResponse(decodeResult: success, version: HTTP/1.1)
HTTP/1.1 200 OK
Content-Length: 14
Content-Type: application/json; charset=utf-8
cache-control: no-cache

12:22:19.554 [AsyncHttpClient-1-11] DEBUG org.asynchttpclient.netty.channel.ChannelManager - Adding key: http://localhost:3444 for channel [id: 0x303cb419, L:/127.0.0.1:64408 - R:localhost/127.0.0.1:3444]
2023-06-09 12:22:19 INFO  BaseTest:126 - Logged in
12:22:19.557 [rp-io-68] DEBUG com.epam.reportportal.service.Launch - Starting test item...rp-io-68
2023-06-09 12:22:19 INFO  Listeners:34 - Started Test null
12:22:19.560 [Forwarding findElement on session bcc25aaa540cb0f3765c3e0c4f625e11 to remote] DEBUG org.asynchttpclient.netty.request.NettyRequestSender - Using pooled Channel '[id: 0x303cb419, L:/127.0.0.1:64408 - R:localhost/127.0.0.1:3444]' for 'POST' to 'http://localhost:3444/session/bcc25aaa540cb0f3765c3e0c4f625e11/element'
12:22:19.560 [Forwarding findElement on session bcc25aaa540cb0f3765c3e0c4f625e11 to remote] DEBUG org.asynchttpclient.netty.request.NettyRequestSender - Using open Channel [id: 0x303cb419, L:/127.0.0.1:64408 - R:localhost/127.0.0.1:3444] for POST '/session/bcc25aaa540cb0f3765c3e0c4f625e11/element'
12:22:19.583 [rp-io-69] DEBUG com.epam.reportportal.service.Launch - TestItem with ID = 'b6f85d72-3aca-4b99-b7ae-9a514d557e9d' successfully finished.
12:22:19.583 [rp-io-69] DEBUG com.epam.reportportal.utils.SubscriptionUtils - Finish test item completed
12:22:19.585 [rp-io-68] DEBUG com.epam.reportportal.service.Launch - ReportPortal item with ID '1e190aff-81ca-4be6-a4b8-7d52d5cb4ec6' has been created
12:22:19.585 [rp-io-68] DEBUG com.epam.reportportal.utils.SubscriptionUtils - Start test item successfully completed
12:22:19.939 [AsyncHttpClient-1-11] DEBUG org.asynchttpclient.netty.handler.HttpHandler - 

Request DefaultHttpRequest(decodeResult: success, version: HTTP/1.1)
POST /session/bcc25aaa540cb0f3765c3e0c4f625e11/element HTTP/1.1
User-Agent: selenium/4.8.3 (java windows)
Content-Length: 168
Content-Type: application/json; charset=utf-8
host: localhost:3444
accept: */*

Response DefaultHttpResponse(decodeResult: success, version: HTTP/1.1)
HTTP/1.1 200 OK
Content-Length: 95
Content-Type: application/json; charset=utf-8
cache-control: no-cache

12:22:19.939 [AsyncHttpClient-1-11] DEBUG org.asynchttpclient.netty.channel.ChannelManager - Adding key: http://localhost:3444 for channel [id: 0x303cb419, L:/127.0.0.1:64408 - R:localhost/127.0.0.1:3444]
12:22:19.943 [Forwarding clickElement on session bcc25aaa540cb0f3765c3e0c4f625e11 to remote] DEBUG org.asynchttpclient.netty.request.NettyRequestSender - Using pooled Channel '[id: 0x303cb419, L:/127.0.0.1:64408 - R:localhost/127.0.0.1:3444]' for 'POST' to 'http://localhost:3444/session/bcc25aaa540cb0f3765c3e0c4f625e11/element/B12FED42EDE35A59089C67981FFC8E0A_element_47/click'
12:22:19.943 [Forwarding clickElement on session bcc25aaa540cb0f3765c3e0c4f625e11 to remote] DEBUG org.asynchttpclient.netty.request.NettyRequestSender - Using open Channel [id: 0x303cb419, L:/127.0.0.1:64408 - R:localhost/127.0.0.1:3444] for POST '/session/bcc25aaa540cb0f3765c3e0c4f625e11/element/B12FED42EDE35A59089C67981FFC8E0A_element_47/click'
12:22:20.078 [AsyncHttpClient-1-11] DEBUG org.asynchttpclient.netty.handler.HttpHandler - 

Request DefaultHttpRequest(decodeResult: success, version: HTTP/1.1)
POST /session/bcc25aaa540cb0f3765c3e0c4f625e11/element/B12FED42EDE35A59089C67981FFC8E0A_element_47/click HTTP/1.1
User-Agent: selenium/4.8.3 (java windows)
Content-Length: 57
Content-Type: application/json; charset=utf-8
host: localhost:3444
accept: */*

Response DefaultHttpResponse(decodeResult: success, version: HTTP/1.1)
HTTP/1.1 200 OK
Content-Length: 14
Content-Type: application/json; charset=utf-8
cache-control: no-cache

12:22:20.079 [AsyncHttpClient-1-11] DEBUG org.asynchttpclient.netty.channel.ChannelManager - Adding key: http://localhost:3444 for channel [id: 0x303cb419, L:/127.0.0.1:64408 - R:localhost/127.0.0.1:3444]
12:22:20.080 [Forwarding findElement on session bcc25aaa540cb0f3765c3e0c4f625e11 to remote] DEBUG org.asynchttpclient.netty.request.NettyRequestSender - Using pooled Channel '[id: 0x303cb419, L:/127.0.0.1:64408 - R:localhost/127.0.0.1:3444]' for 'POST' to 'http://localhost:3444/session/bcc25aaa540cb0f3765c3e0c4f625e11/element'
12:22:20.080 [Forwarding findElement on session bcc25aaa540cb0f3765c3e0c4f625e11 to remote] DEBUG org.asynchttpclient.netty.request.NettyRequestSender - Using open Channel [id: 0x303cb419, L:/127.0.0.1:64408 - R:localhost/127.0.0.1:3444] for POST '/session/bcc25aaa540cb0f3765c3e0c4f625e11/element'
12:22:20.318 [AsyncHttpClient-1-11] DEBUG org.asynchttpclient.netty.handler.HttpHandler - 

Request DefaultHttpRequest(decodeResult: success, version: HTTP/1.1)
POST /session/bcc25aaa540cb0f3765c3e0c4f625e11/element HTTP/1.1
User-Agent: selenium/4.8.3 (java windows)
Content-Length: 90
Content-Type: application/json; charset=utf-8
host: localhost:3444
accept: */*

Response DefaultHttpResponse(decodeResult: success, version: HTTP/1.1)
HTTP/1.1 200 OK
Content-Length: 95
Content-Type: application/json; charset=utf-8
cache-control: no-cache

12:22:20.319 [AsyncHttpClient-1-11] DEBUG org.asynchttpclient.netty.channel.ChannelManager - Adding key: http://localhost:3444 for channel [id: 0x303cb419, L:/127.0.0.1:64408 - R:localhost/127.0.0.1:3444]
12:22:20.320 [Forwarding executeScript on session bcc25aaa540cb0f3765c3e0c4f625e11 to remote] DEBUG org.asynchttpclient.netty.request.NettyRequestSender - Using pooled Channel '[id: 0x303cb419, L:/127.0.0.1:64408 - R:localhost/127.0.0.1:3444]' for 'POST' to 'http://localhost:3444/session/bcc25aaa540cb0f3765c3e0c4f625e11/execute/sync'
12:22:20.320 [Forwarding executeScript on session bcc25aaa540cb0f3765c3e0c4f625e11 to remote] DEBUG org.asynchttpclient.netty.request.NettyRequestSender - Using open Channel [id: 0x303cb419, L:/127.0.0.1:64408 - R:localhost/127.0.0.1:3444] for POST '/session/bcc25aaa540cb0f3765c3e0c4f625e11/execute/sync'
12:22:20.331 [AsyncHttpClient-1-11] DEBUG org.asynchttpclient.netty.handler.HttpHandler - 

Request DefaultHttpRequest(decodeResult: success, version: HTTP/1.1)
POST /session/bcc25aaa540cb0f3765c3e0c4f625e11/execute/sync HTTP/1.1
User-Agent: selenium/4.8.3 (java windows)
Content-Length: 232
Content-Type: application/json; charset=utf-8
host: localhost:3444
accept: */*

Response DefaultHttpResponse(decodeResult: success, version: HTTP/1.1)
HTTP/1.1 200 OK
Content-Length: 14
Content-Type: application/json; charset=utf-8
cache-control: no-cache

12:22:20.331 [AsyncHttpClient-1-11] DEBUG org.asynchttpclient.netty.channel.ChannelManager - Adding key: http://localhost:3444 for channel [id: 0x303cb419, L:/127.0.0.1:64408 - R:localhost/127.0.0.1:3444]
12:22:20.332 [Forwarding findElement on session bcc25aaa540cb0f3765c3e0c4f625e11 to remote] DEBUG org.asynchttpclient.netty.request.NettyRequestSender - Using pooled Channel '[id: 0x303cb419, L:/127.0.0.1:64408 - R:localhost/127.0.0.1:3444]' for 'POST' to 'http://localhost:3444/session/bcc25aaa540cb0f3765c3e0c4f625e11/element'
12:22:20.333 [Forwarding findElement on session bcc25aaa540cb0f3765c3e0c4f625e11 to remote] DEBUG org.asynchttpclient.netty.request.NettyRequestSender - Using open Channel [id: 0x303cb419, L:/127.0.0.1:64408 - R:localhost/127.0.0.1:3444] for POST '/session/bcc25aaa540cb0f3765c3e0c4f625e11/element'
12:22:20.389 [AsyncHttpClient-1-11] DEBUG org.asynchttpclient.netty.handler.HttpHandler - 

Request DefaultHttpRequest(decodeResult: success, version: HTTP/1.1)
POST /session/bcc25aaa540cb0f3765c3e0c4f625e11/element HTTP/1.1
User-Agent: selenium/4.8.3 (java windows)
Content-Length: 90
Content-Type: application/json; charset=utf-8
host: localhost:3444
accept: */*

Response DefaultHttpResponse(decodeResult: success, version: HTTP/1.1)
HTTP/1.1 200 OK
Content-Length: 95
Content-Type: application/json; charset=utf-8
cache-control: no-cache

12:22:20.390 [AsyncHttpClient-1-11] DEBUG org.asynchttpclient.netty.channel.ChannelManager - Adding key: http://localhost:3444 for channel [id: 0x303cb419, L:/127.0.0.1:64408 - R:localhost/127.0.0.1:3444]
12:22:20.403 [Forwarding isElementDisplayed on session bcc25aaa540cb0f3765c3e0c4f625e11 to remote] DEBUG org.asynchttpclient.netty.request.NettyRequestSender - Using pooled Channel '[id: 0x303cb419, L:/127.0.0.1:64408 - R:localhost/127.0.0.1:3444]' for 'POST' to 'http://localhost:3444/session/bcc25aaa540cb0f3765c3e0c4f625e11/execute/sync'
12:22:20.403 [Forwarding isElementDisplayed on session bcc25aaa540cb0f3765c3e0c4f625e11 to remote] DEBUG org.asynchttpclient.netty.request.NettyRequestSender - Using open Channel [id: 0x303cb419, L:/127.0.0.1:64408 - R:localhost/127.0.0.1:3444] for POST '/session/bcc25aaa540cb0f3765c3e0c4f625e11/execute/sync'
12:22:20.539 [AsyncHttpClient-1-1] DEBUG org.asynchttpclient.netty.channel.DefaultChannelPool - Entry count for : http://localhost:64410 : 1
12:22:20.914 [AsyncHttpClient-1-11] DEBUG org.asynchttpclient.netty.handler.HttpHandler - 

Request DefaultHttpRequest(decodeResult: success, version: HTTP/1.1)
POST /session/bcc25aaa540cb0f3765c3e0c4f625e11/execute/sync HTTP/1.1
User-Agent: selenium/4.8.3 (java windows)
Content-Length: 48814
Content-Type: application/json; charset=utf-8
host: localhost:3444
accept: */*

Response DefaultHttpResponse(decodeResult: success, version: HTTP/1.1)
HTTP/1.1 200 OK
Content-Length: 14
Content-Type: application/json; charset=utf-8
cache-control: no-cache

12:22:20.914 [AsyncHttpClient-1-11] DEBUG org.asynchttpclient.netty.channel.ChannelManager - Adding key: http://localhost:3444 for channel [id: 0x303cb419, L:/127.0.0.1:64408 - R:localhost/127.0.0.1:3444]
2023-06-09 12:22:20 INFO  Listeners:38 - Succeeded Test null
]]></system-out>
    <system-err><![CDATA[Starting ChromeDriver 114.0.5735.90 (386bc09e8f4f2e025eddae123f36f6263096ae49-refs/branch-heads/5735@{#1052}) on port 3444
Only local connections are allowed.
Please see https://chromedriver.chromium.org/security-considerations for suggestions on keeping ChromeDriver safe.
ChromeDriver was started successfully.
Jun 09, 2023 12:22:17 PM org.openqa.selenium.devtools.CdpVersionFinder findNearestMatch
WARNING: Unable to find an exact match for CDP version 114, so returning the closest version found: 111
]]></system-err>
  </testcase>
  <testcase name="searchDashboardNameDP[OVERALL STATISTICS PANEL](5)" classname="alltests.uitest.coreTest.DashboardPageTest" time="0">
    <skipped message="no such element: Unable to locate element: {&quot;method&quot;:&quot;xpath&quot;,&quot;selector&quot;:&quot;//*[text()=&apos;OVERALL STATISTICS PANEL&apos;]&quot;}&#10;  (Session info: chrome=114.0.5735.110)&#10;For documentation on this error, please visit: https://selenium.dev/exceptions/#no_such_element&#10;Build info: version: &apos;4.8.3&apos;, revision: &apos;e5e76298c3&apos;&#10;System info: os.name: &apos;Windows 10&apos;, os.arch: &apos;amd64&apos;, os.version: &apos;10.0&apos;, java.version: &apos;17.0.3.1&apos;&#10;Driver info: org.openqa.selenium.chrome.ChromeDriver&#10;Command: [4859925aa6fa0f83c90a1f85e022f707, findElement {using=xpath, value=//*[text()=&apos;OVERALL STATISTICS PANEL&apos;]}]&#10;Capabilities {acceptInsecureCerts: false, browserName: chrome, browserVersion: 114.0.5735.110, chrome: {chromedriverVersion: 114.0.5735.90 (386bc09e8f4f..., userDataDir: C:\Users\SUWARN~1\AppData\L...}, goog:chromeOptions: {debuggerAddress: localhost:64440}, networkConnectionEnabled: false, pageLoadStrategy: normal, platformName: WINDOWS, proxy: Proxy(), se:cdp: ws://localhost:64440/devtoo..., se:cdpVersion: 114.0.5735.110, setWindowRect: true, strictFileInteractability: false, timeouts: {implicit: 0, pageLoad: 300000, script: 30000}, unhandledPromptBehavior: dismiss and notify, webauthn:extension:credBlob: true, webauthn:extension:largeBlob: true, webauthn:extension:minPinLength: true, webauthn:extension:prf: true, webauthn:virtualAuthenticators: true}&#10;Session ID: 4859925aa6fa0f83c90a1f85e022f707"/>
    <system-out><![CDATA[12:22:20.916 [rp-io-77] DEBUG com.epam.reportportal.service.Launch - Starting test item...rp-io-77
12:22:20.919 [AsyncHttpClient-1-13] DEBUG org.asynchttpclient.netty.handler.WebSocketHandler - Channel Closed: [id: 0x9b931f26, L:/127.0.0.1:64417 ! R:localhost/127.0.0.1:64410] with attribute NettyResponseFuture{currentRetry=0,
	isDone=1,
	isCancelled=0,
	asyncHandler=org.asynchttpclient.ws.WebSocketUpgradeHandler@5b030737,
	nettyRequest=org.asynchttpclient.netty.request.NettyRequest@1e019233,
	future=java.util.concurrent.CompletableFuture@14124ce0[Completed normally],
	uri=ws://localhost:64410/devtools/browser/3719320a-055e-4b6f-9047-e0901cb7ba31,
	keepAlive=true,
	redirectCount=0,
	timeoutsHolder=null,
	inAuth=0,
	touch=1686306137726}
12:22:20.919 [AsyncHttpClient-1-13] DEBUG org.asynchttpclient.netty.channel.ChannelManager - Closing Channel [id: 0x9b931f26, L:/127.0.0.1:64417 ! R:localhost/127.0.0.1:64410] 
12:22:20.919 [Driver Command Executor] DEBUG org.asynchttpclient.netty.request.NettyRequestSender - Using pooled Channel '[id: 0x303cb419, L:/127.0.0.1:64408 - R:localhost/127.0.0.1:3444]' for 'DELETE' to 'http://localhost:3444/session/bcc25aaa540cb0f3765c3e0c4f625e11'
12:22:20.919 [Driver Command Executor] DEBUG org.asynchttpclient.netty.request.NettyRequestSender - Using open Channel [id: 0x303cb419, L:/127.0.0.1:64408 - R:localhost/127.0.0.1:3444] for DELETE '/session/bcc25aaa540cb0f3765c3e0c4f625e11'
12:22:20.961 [rp-io-76] DEBUG com.epam.reportportal.service.Launch - TestItem with ID = '1e190aff-81ca-4be6-a4b8-7d52d5cb4ec6' successfully finished.
12:22:20.961 [rp-io-76] DEBUG com.epam.reportportal.utils.SubscriptionUtils - Finish test item completed
12:22:20.991 [AsyncHttpClient-1-12] DEBUG org.asynchttpclient.netty.handler.HttpHandler - Unexpected I/O exception on channel [id: 0x6ca4a317, L:/127.0.0.1:64416 - R:localhost/127.0.0.1:64410]
java.net.SocketException: Connection reset
	at java.base/sun.nio.ch.SocketChannelImpl.throwConnectionReset(SocketChannelImpl.java:394)
	at java.base/sun.nio.ch.SocketChannelImpl.read(SocketChannelImpl.java:426)
	at io.netty.buffer.PooledByteBuf.setBytes(PooledByteBuf.java:256)
	at io.netty.buffer.AbstractByteBuf.writeBytes(AbstractByteBuf.java:1132)
	at io.netty.channel.socket.nio.NioSocketChannel.doReadBytes(NioSocketChannel.java:357)
	at io.netty.channel.nio.AbstractNioByteChannel$NioByteUnsafe.read(AbstractNioByteChannel.java:151)
	at io.netty.channel.nio.NioEventLoop.processSelectedKey(NioEventLoop.java:788)
	at io.netty.channel.nio.NioEventLoop.processSelectedKeysOptimized(NioEventLoop.java:724)
	at io.netty.channel.nio.NioEventLoop.processSelectedKeys(NioEventLoop.java:650)
	at io.netty.channel.nio.NioEventLoop.run(NioEventLoop.java:562)
	at io.netty.util.concurrent.SingleThreadEventExecutor$4.run(SingleThreadEventExecutor.java:997)
	at io.netty.util.internal.ThreadExecutorMap$2.run(ThreadExecutorMap.java:74)
	at io.netty.util.concurrent.FastThreadLocalRunnable.run(FastThreadLocalRunnable.java:30)
	at java.base/java.lang.Thread.run(Thread.java:833)
12:22:20.992 [AsyncHttpClient-1-12] DEBUG org.asynchttpclient.netty.channel.ChannelManager - Closing Channel [id: 0x6ca4a317, L:/127.0.0.1:64416 - R:localhost/127.0.0.1:64410] 
12:22:20.992 [AsyncHttpClient-1-12] DEBUG org.asynchttpclient.netty.handler.HttpHandler - Channel Closed: [id: 0x6ca4a317, L:/127.0.0.1:64416 ! R:localhost/127.0.0.1:64410] with attribute DISCARD
12:22:20.993 [rp-io-78] DEBUG com.epam.reportportal.service.Launch - ReportPortal item with ID '9f6d08e7-254f-46e0-acb7-8ac0964ed3a7' has been created
12:22:20.993 [rp-io-78] DEBUG com.epam.reportportal.utils.SubscriptionUtils - Start test item successfully completed
12:22:21.014 [AsyncHttpClient-1-11] DEBUG org.asynchttpclient.netty.handler.HttpHandler - 

Request DefaultFullHttpRequest(decodeResult: success, version: HTTP/1.1, content: EmptyByteBufBE)
DELETE /session/bcc25aaa540cb0f3765c3e0c4f625e11 HTTP/1.1
User-Agent: selenium/4.8.3 (java windows)
Content-Type: application/json; charset=utf-8
host: localhost:3444
accept: */*

Response DefaultHttpResponse(decodeResult: success, version: HTTP/1.1)
HTTP/1.1 200 OK
Content-Length: 14
Content-Type: application/json; charset=utf-8
cache-control: no-cache

12:22:21.014 [AsyncHttpClient-1-11] DEBUG org.asynchttpclient.netty.channel.ChannelManager - Adding key: http://localhost:3444 for channel [id: 0x303cb419, L:/127.0.0.1:64408 - R:localhost/127.0.0.1:3444]
12:22:21.052 [AsyncHttpClient-1-11] DEBUG org.asynchttpclient.netty.handler.HttpHandler - Channel Closed: [id: 0x303cb419, L:/127.0.0.1:64408 ! R:localhost/127.0.0.1:3444] with attribute DISCARD
2023-06-09 12:22:21 INFO  BaseTest:83 - Test executed**********
12:22:21.111 [rp-io-83] DEBUG com.epam.reportportal.service.Launch - Starting test item...rp-io-83
2023-06-09 12:22:21 INFO  BaseTest:110 - Property files loaded successfully**********
12:22:21.124 [main] DEBUG io.github.bonigarcia.wdm.cache.ResolutionCache - Resolution chrome=114 in cache (valid until 13:14:48 09/06/2023 CEST)
12:22:21.125 [main] DEBUG io.github.bonigarcia.wdm.cache.ResolutionCache - Resolution chrome114=114.0.5735.90 in cache (valid until 12:14:48 10/06/2023 CEST)
12:22:21.125 [main] INFO io.github.bonigarcia.wdm.WebDriverManager - Using chromedriver 114.0.5735.90 (resolved driver for Chrome 114)
12:22:21.132 [main] DEBUG io.github.bonigarcia.wdm.WebDriverManager - Driver chromedriver 114.0.5735.90 found in cache
12:22:21.132 [main] INFO io.github.bonigarcia.wdm.WebDriverManager - Exporting webdriver.chrome.driver as C:\Users\Suwarna_Wagh\.cache\selenium\chromedriver\win32\114.0.5735.90\chromedriver.exe
12:22:21.137 [rp-io-82] DEBUG com.epam.reportportal.service.Launch - TestItem with ID = '9f6d08e7-254f-46e0-acb7-8ac0964ed3a7' successfully finished.
12:22:21.137 [rp-io-82] DEBUG com.epam.reportportal.utils.SubscriptionUtils - Finish test item completed
12:22:21.145 [rp-io-85] DEBUG com.epam.reportportal.service.Launch - ReportPortal item with ID '26b8047d-8171-42de-8a7c-6bb378ced5f0' has been created
12:22:21.145 [rp-io-85] DEBUG com.epam.reportportal.utils.SubscriptionUtils - Start test item successfully completed
12:22:21.241 [AsyncHttpClient-1-14] DEBUG org.asynchttpclient.netty.channel.NettyConnectListener - Using new Channel '[id: 0xbac1ca61, L:/127.0.0.1:64439 - R:localhost/127.0.0.1:4655]' for 'POST' to '/session'
12:22:21.638 [AsyncHttpClient-1-1] DEBUG org.asynchttpclient.netty.channel.DefaultChannelPool - Entry count for : http://localhost:3444 : 1
12:22:21.638 [AsyncHttpClient-1-1] DEBUG org.asynchttpclient.netty.channel.DefaultChannelPool - Entry count for : http://localhost:64410 : 1
12:22:21.639 [AsyncHttpClient-1-1] DEBUG org.asynchttpclient.netty.channel.DefaultChannelPool - Adding Candidate expired Channel [id: 0x303cb419, L:/127.0.0.1:64408 ! R:localhost/127.0.0.1:3444] isIdleTimeoutExpired=false isRemotelyClosed=true isTtlExpired=false
12:22:21.639 [AsyncHttpClient-1-1] DEBUG org.asynchttpclient.netty.channel.DefaultChannelPool - Closing Idle Channel [id: 0x303cb419, L:/127.0.0.1:64408 ! R:localhost/127.0.0.1:3444]
12:22:21.639 [AsyncHttpClient-1-1] DEBUG org.asynchttpclient.netty.channel.DefaultChannelPool - Adding Candidate expired Channel [id: 0x6ca4a317, L:/127.0.0.1:64416 ! R:localhost/127.0.0.1:64410] isIdleTimeoutExpired=false isRemotelyClosed=true isTtlExpired=false
12:22:21.639 [AsyncHttpClient-1-1] DEBUG org.asynchttpclient.netty.channel.DefaultChannelPool - Closing Idle Channel [id: 0x6ca4a317, L:/127.0.0.1:64416 ! R:localhost/127.0.0.1:64410]
12:22:21.639 [AsyncHttpClient-1-1] DEBUG org.asynchttpclient.netty.channel.DefaultChannelPool - Closed 2 connections out of 2 in 1 ms
12:22:22.070 [AsyncHttpClient-1-14] DEBUG org.asynchttpclient.netty.handler.HttpHandler - 

Request DefaultHttpRequest(decodeResult: success, version: HTTP/1.1)
POST /session HTTP/1.1
User-Agent: selenium/4.8.3 (java windows)
Content-Length: 439
Content-Type: application/json; charset=utf-8
host: localhost:4655
accept: */*

Response DefaultHttpResponse(decodeResult: success, version: HTTP/1.1)
HTTP/1.1 200 OK
Content-Length: 863
Content-Type: application/json; charset=utf-8
cache-control: no-cache

12:22:22.071 [AsyncHttpClient-1-14] DEBUG org.asynchttpclient.netty.channel.ChannelManager - Adding key: http://localhost:4655 for channel [id: 0xbac1ca61, L:/127.0.0.1:64439 - R:localhost/127.0.0.1:4655]
12:22:22.080 [AsyncHttpClient-1-15] DEBUG org.asynchttpclient.netty.channel.NettyConnectListener - Using new Channel '[id: 0x313db9fb, L:/127.0.0.1:64448 - R:localhost/127.0.0.1:64440]' for 'GET' to '/json/version'
12:22:22.083 [AsyncHttpClient-1-15] DEBUG org.asynchttpclient.netty.handler.HttpHandler - 

Request DefaultFullHttpRequest(decodeResult: success, version: HTTP/1.1, content: EmptyByteBufBE)
GET /json/version HTTP/1.1
User-Agent: selenium/4.8.3 (java windows)
host: localhost:64440
accept: */*

Response DefaultHttpResponse(decodeResult: success, version: HTTP/1.1)
HTTP/1.1 200 OK
Content-Security-Policy: frame-ancestors 'none'
Content-Length: 424
Content-Type: application/json; charset=UTF-8

12:22:22.083 [AsyncHttpClient-1-15] DEBUG org.asynchttpclient.netty.channel.ChannelManager - Adding key: http://localhost:64440 for channel [id: 0x313db9fb, L:/127.0.0.1:64448 - R:localhost/127.0.0.1:64440]
12:22:22.087 [AsyncHttpClient-1-16] DEBUG org.asynchttpclient.netty.channel.NettyConnectListener - Using new Channel '[id: 0x88f9e1d1, L:/127.0.0.1:64449 - R:localhost/127.0.0.1:64440]' for 'GET' to '/devtools/browser/838059eb-ff2a-476c-8112-6f6e43988be7'
12:22:22.089 [AsyncHttpClient-1-16] DEBUG org.asynchttpclient.netty.handler.WebSocketHandler - 

Request DefaultFullHttpRequest(decodeResult: success, version: HTTP/1.1, content: EmptyByteBufBE)
GET /devtools/browser/838059eb-ff2a-476c-8112-6f6e43988be7 HTTP/1.1
upgrade: websocket
connection: upgrade
sec-websocket-key: D2MrvlwLRNEHbflqpKeBdA==
sec-websocket-version: 13
origin: http://localhost:64440
host: localhost:64440
accept: */*
user-agent: AHC/2.1

Response DefaultHttpResponse(decodeResult: success, version: HTTP/1.1)
HTTP/1.1 101 WebSocket Protocol Handshake
Upgrade: WebSocket
Connection: Upgrade
Sec-WebSocket-Accept: PQA7pGg+LJM4QhH1PUE3pjLGrpI=

12:22:22.093 [Forwarding setTimeout on session 4859925aa6fa0f83c90a1f85e022f707 to remote] DEBUG org.asynchttpclient.netty.request.NettyRequestSender - Using pooled Channel '[id: 0xbac1ca61, L:/127.0.0.1:64439 - R:localhost/127.0.0.1:4655]' for 'POST' to 'http://localhost:4655/session/4859925aa6fa0f83c90a1f85e022f707/timeouts'
12:22:22.093 [Forwarding setTimeout on session 4859925aa6fa0f83c90a1f85e022f707 to remote] DEBUG org.asynchttpclient.netty.request.NettyRequestSender - Using open Channel [id: 0xbac1ca61, L:/127.0.0.1:64439 - R:localhost/127.0.0.1:4655] for POST '/session/4859925aa6fa0f83c90a1f85e022f707/timeouts'
12:22:22.095 [AsyncHttpClient-1-14] DEBUG org.asynchttpclient.netty.handler.HttpHandler - 

Request DefaultHttpRequest(decodeResult: success, version: HTTP/1.1)
POST /session/4859925aa6fa0f83c90a1f85e022f707/timeouts HTTP/1.1
User-Agent: selenium/4.8.3 (java windows)
Content-Length: 22
Content-Type: application/json; charset=utf-8
host: localhost:4655
accept: */*

Response DefaultHttpResponse(decodeResult: success, version: HTTP/1.1)
HTTP/1.1 200 OK
Content-Length: 14
Content-Type: application/json; charset=utf-8
cache-control: no-cache

12:22:22.095 [AsyncHttpClient-1-14] DEBUG org.asynchttpclient.netty.channel.ChannelManager - Adding key: http://localhost:4655 for channel [id: 0xbac1ca61, L:/127.0.0.1:64439 - R:localhost/127.0.0.1:4655]
12:22:22.096 [Forwarding maximizeCurrentWindow on session 4859925aa6fa0f83c90a1f85e022f707 to remote] DEBUG org.asynchttpclient.netty.request.NettyRequestSender - Using pooled Channel '[id: 0xbac1ca61, L:/127.0.0.1:64439 - R:localhost/127.0.0.1:4655]' for 'POST' to 'http://localhost:4655/session/4859925aa6fa0f83c90a1f85e022f707/window/maximize'
12:22:22.096 [Forwarding maximizeCurrentWindow on session 4859925aa6fa0f83c90a1f85e022f707 to remote] DEBUG org.asynchttpclient.netty.request.NettyRequestSender - Using open Channel [id: 0xbac1ca61, L:/127.0.0.1:64439 - R:localhost/127.0.0.1:4655] for POST '/session/4859925aa6fa0f83c90a1f85e022f707/window/maximize'
12:22:22.216 [AsyncHttpClient-1-14] DEBUG org.asynchttpclient.netty.handler.HttpHandler - 

Request DefaultHttpRequest(decodeResult: success, version: HTTP/1.1)
POST /session/4859925aa6fa0f83c90a1f85e022f707/window/maximize HTTP/1.1
User-Agent: selenium/4.8.3 (java windows)
Content-Length: 3
Content-Type: application/json; charset=utf-8
host: localhost:4655
accept: */*

Response DefaultHttpResponse(decodeResult: success, version: HTTP/1.1)
HTTP/1.1 200 OK
Content-Length: 51
Content-Type: application/json; charset=utf-8
cache-control: no-cache

12:22:22.216 [AsyncHttpClient-1-14] DEBUG org.asynchttpclient.netty.channel.ChannelManager - Adding key: http://localhost:4655 for channel [id: 0xbac1ca61, L:/127.0.0.1:64439 - R:localhost/127.0.0.1:4655]
12:22:22.217 [Forwarding get on session 4859925aa6fa0f83c90a1f85e022f707 to remote] DEBUG org.asynchttpclient.netty.request.NettyRequestSender - Using pooled Channel '[id: 0xbac1ca61, L:/127.0.0.1:64439 - R:localhost/127.0.0.1:4655]' for 'POST' to 'http://localhost:4655/session/4859925aa6fa0f83c90a1f85e022f707/url'
12:22:22.217 [Forwarding get on session 4859925aa6fa0f83c90a1f85e022f707 to remote] DEBUG org.asynchttpclient.netty.request.NettyRequestSender - Using open Channel [id: 0xbac1ca61, L:/127.0.0.1:64439 - R:localhost/127.0.0.1:4655] for POST '/session/4859925aa6fa0f83c90a1f85e022f707/url'
12:22:22.739 [AsyncHttpClient-1-1] DEBUG org.asynchttpclient.netty.channel.DefaultChannelPool - Entry count for : http://localhost:64440 : 1
12:22:23.496 [AsyncHttpClient-1-14] DEBUG org.asynchttpclient.netty.handler.HttpHandler - 

Request DefaultHttpRequest(decodeResult: success, version: HTTP/1.1)
POST /session/4859925aa6fa0f83c90a1f85e022f707/url HTTP/1.1
User-Agent: selenium/4.8.3 (java windows)
Content-Length: 52
Content-Type: application/json; charset=utf-8
host: localhost:4655
accept: */*

Response DefaultHttpResponse(decodeResult: success, version: HTTP/1.1)
HTTP/1.1 200 OK
Content-Length: 14
Content-Type: application/json; charset=utf-8
cache-control: no-cache

12:22:23.496 [AsyncHttpClient-1-14] DEBUG org.asynchttpclient.netty.channel.ChannelManager - Adding key: http://localhost:4655 for channel [id: 0xbac1ca61, L:/127.0.0.1:64439 - R:localhost/127.0.0.1:4655]
2023-06-09 12:22:23 INFO  BaseTest:104 - Test driver set up done successfully**********
2023-06-09 12:22:23 INFO  BaseTest:122 - Logging in to portal
12:22:23.499 [Forwarding findElement on session 4859925aa6fa0f83c90a1f85e022f707 to remote] DEBUG org.asynchttpclient.netty.request.NettyRequestSender - Using pooled Channel '[id: 0xbac1ca61, L:/127.0.0.1:64439 - R:localhost/127.0.0.1:4655]' for 'POST' to 'http://localhost:4655/session/4859925aa6fa0f83c90a1f85e022f707/element'
12:22:23.499 [Forwarding findElement on session 4859925aa6fa0f83c90a1f85e022f707 to remote] DEBUG org.asynchttpclient.netty.request.NettyRequestSender - Using open Channel [id: 0xbac1ca61, L:/127.0.0.1:64439 - R:localhost/127.0.0.1:4655] for POST '/session/4859925aa6fa0f83c90a1f85e022f707/element'
12:22:23.510 [AsyncHttpClient-1-14] DEBUG org.asynchttpclient.netty.handler.HttpHandler - 

Request DefaultHttpRequest(decodeResult: success, version: HTTP/1.1)
POST /session/4859925aa6fa0f83c90a1f85e022f707/element HTTP/1.1
User-Agent: selenium/4.8.3 (java windows)
Content-Length: 59
Content-Type: application/json; charset=utf-8
host: localhost:4655
accept: */*

Response DefaultHttpResponse(decodeResult: success, version: HTTP/1.1)
HTTP/1.1 200 OK
Content-Length: 95
Content-Type: application/json; charset=utf-8
cache-control: no-cache

12:22:23.510 [AsyncHttpClient-1-14] DEBUG org.asynchttpclient.netty.channel.ChannelManager - Adding key: http://localhost:4655 for channel [id: 0xbac1ca61, L:/127.0.0.1:64439 - R:localhost/127.0.0.1:4655]
12:22:23.511 [Forwarding clearElement on session 4859925aa6fa0f83c90a1f85e022f707 to remote] DEBUG org.asynchttpclient.netty.request.NettyRequestSender - Using pooled Channel '[id: 0xbac1ca61, L:/127.0.0.1:64439 - R:localhost/127.0.0.1:4655]' for 'POST' to 'http://localhost:4655/session/4859925aa6fa0f83c90a1f85e022f707/element/BF840D7437BB22CEF95C5A119CAB78C2_element_30/clear'
12:22:23.511 [Forwarding clearElement on session 4859925aa6fa0f83c90a1f85e022f707 to remote] DEBUG org.asynchttpclient.netty.request.NettyRequestSender - Using open Channel [id: 0xbac1ca61, L:/127.0.0.1:64439 - R:localhost/127.0.0.1:4655] for POST '/session/4859925aa6fa0f83c90a1f85e022f707/element/BF840D7437BB22CEF95C5A119CAB78C2_element_30/clear'
12:22:23.543 [AsyncHttpClient-1-14] DEBUG org.asynchttpclient.netty.handler.HttpHandler - 

Request DefaultHttpRequest(decodeResult: success, version: HTTP/1.1)
POST /session/4859925aa6fa0f83c90a1f85e022f707/element/BF840D7437BB22CEF95C5A119CAB78C2_element_30/clear HTTP/1.1
User-Agent: selenium/4.8.3 (java windows)
Content-Length: 57
Content-Type: application/json; charset=utf-8
host: localhost:4655
accept: */*

Response DefaultHttpResponse(decodeResult: success, version: HTTP/1.1)
HTTP/1.1 200 OK
Content-Length: 14
Content-Type: application/json; charset=utf-8
cache-control: no-cache

12:22:23.544 [AsyncHttpClient-1-14] DEBUG org.asynchttpclient.netty.channel.ChannelManager - Adding key: http://localhost:4655 for channel [id: 0xbac1ca61, L:/127.0.0.1:64439 - R:localhost/127.0.0.1:4655]
12:22:23.545 [Forwarding findElement on session 4859925aa6fa0f83c90a1f85e022f707 to remote] DEBUG org.asynchttpclient.netty.request.NettyRequestSender - Using pooled Channel '[id: 0xbac1ca61, L:/127.0.0.1:64439 - R:localhost/127.0.0.1:4655]' for 'POST' to 'http://localhost:4655/session/4859925aa6fa0f83c90a1f85e022f707/element'
12:22:23.545 [Forwarding findElement on session 4859925aa6fa0f83c90a1f85e022f707 to remote] DEBUG org.asynchttpclient.netty.request.NettyRequestSender - Using open Channel [id: 0xbac1ca61, L:/127.0.0.1:64439 - R:localhost/127.0.0.1:4655] for POST '/session/4859925aa6fa0f83c90a1f85e022f707/element'
12:22:23.551 [AsyncHttpClient-1-14] DEBUG org.asynchttpclient.netty.handler.HttpHandler - 

Request DefaultHttpRequest(decodeResult: success, version: HTTP/1.1)
POST /session/4859925aa6fa0f83c90a1f85e022f707/element HTTP/1.1
User-Agent: selenium/4.8.3 (java windows)
Content-Length: 59
Content-Type: application/json; charset=utf-8
host: localhost:4655
accept: */*

Response DefaultHttpResponse(decodeResult: success, version: HTTP/1.1)
HTTP/1.1 200 OK
Content-Length: 95
Content-Type: application/json; charset=utf-8
cache-control: no-cache

12:22:23.552 [AsyncHttpClient-1-14] DEBUG org.asynchttpclient.netty.channel.ChannelManager - Adding key: http://localhost:4655 for channel [id: 0xbac1ca61, L:/127.0.0.1:64439 - R:localhost/127.0.0.1:4655]
12:22:23.553 [Forwarding sendKeysToElement on session 4859925aa6fa0f83c90a1f85e022f707 to remote] DEBUG org.asynchttpclient.netty.request.NettyRequestSender - Using pooled Channel '[id: 0xbac1ca61, L:/127.0.0.1:64439 - R:localhost/127.0.0.1:4655]' for 'POST' to 'http://localhost:4655/session/4859925aa6fa0f83c90a1f85e022f707/element/BF840D7437BB22CEF95C5A119CAB78C2_element_30/value'
12:22:23.553 [Forwarding sendKeysToElement on session 4859925aa6fa0f83c90a1f85e022f707 to remote] DEBUG org.asynchttpclient.netty.request.NettyRequestSender - Using open Channel [id: 0xbac1ca61, L:/127.0.0.1:64439 - R:localhost/127.0.0.1:4655] for POST '/session/4859925aa6fa0f83c90a1f85e022f707/element/BF840D7437BB22CEF95C5A119CAB78C2_element_30/value'
12:22:23.642 [AsyncHttpClient-1-14] DEBUG org.asynchttpclient.netty.handler.HttpHandler - 

Request DefaultHttpRequest(decodeResult: success, version: HTTP/1.1)
POST /session/4859925aa6fa0f83c90a1f85e022f707/element/BF840D7437BB22CEF95C5A119CAB78C2_element_30/value HTTP/1.1
User-Agent: selenium/4.8.3 (java windows)
Content-Length: 188
Content-Type: application/json; charset=utf-8
host: localhost:4655
accept: */*

Response DefaultHttpResponse(decodeResult: success, version: HTTP/1.1)
HTTP/1.1 200 OK
Content-Length: 14
Content-Type: application/json; charset=utf-8
cache-control: no-cache

12:22:23.642 [AsyncHttpClient-1-14] DEBUG org.asynchttpclient.netty.channel.ChannelManager - Adding key: http://localhost:4655 for channel [id: 0xbac1ca61, L:/127.0.0.1:64439 - R:localhost/127.0.0.1:4655]
12:22:23.644 [Forwarding findElement on session 4859925aa6fa0f83c90a1f85e022f707 to remote] DEBUG org.asynchttpclient.netty.request.NettyRequestSender - Using pooled Channel '[id: 0xbac1ca61, L:/127.0.0.1:64439 - R:localhost/127.0.0.1:4655]' for 'POST' to 'http://localhost:4655/session/4859925aa6fa0f83c90a1f85e022f707/element'
12:22:23.644 [Forwarding findElement on session 4859925aa6fa0f83c90a1f85e022f707 to remote] DEBUG org.asynchttpclient.netty.request.NettyRequestSender - Using open Channel [id: 0xbac1ca61, L:/127.0.0.1:64439 - R:localhost/127.0.0.1:4655] for POST '/session/4859925aa6fa0f83c90a1f85e022f707/element'
12:22:23.656 [AsyncHttpClient-1-14] DEBUG org.asynchttpclient.netty.handler.HttpHandler - 

Request DefaultHttpRequest(decodeResult: success, version: HTTP/1.1)
POST /session/4859925aa6fa0f83c90a1f85e022f707/element HTTP/1.1
User-Agent: selenium/4.8.3 (java windows)
Content-Length: 62
Content-Type: application/json; charset=utf-8
host: localhost:4655
accept: */*

Response DefaultHttpResponse(decodeResult: success, version: HTTP/1.1)
HTTP/1.1 200 OK
Content-Length: 95
Content-Type: application/json; charset=utf-8
cache-control: no-cache

12:22:23.657 [AsyncHttpClient-1-14] DEBUG org.asynchttpclient.netty.channel.ChannelManager - Adding key: http://localhost:4655 for channel [id: 0xbac1ca61, L:/127.0.0.1:64439 - R:localhost/127.0.0.1:4655]
12:22:23.658 [Forwarding clearElement on session 4859925aa6fa0f83c90a1f85e022f707 to remote] DEBUG org.asynchttpclient.netty.request.NettyRequestSender - Using pooled Channel '[id: 0xbac1ca61, L:/127.0.0.1:64439 - R:localhost/127.0.0.1:4655]' for 'POST' to 'http://localhost:4655/session/4859925aa6fa0f83c90a1f85e022f707/element/BF840D7437BB22CEF95C5A119CAB78C2_element_32/clear'
12:22:23.658 [Forwarding clearElement on session 4859925aa6fa0f83c90a1f85e022f707 to remote] DEBUG org.asynchttpclient.netty.request.NettyRequestSender - Using open Channel [id: 0xbac1ca61, L:/127.0.0.1:64439 - R:localhost/127.0.0.1:4655] for POST '/session/4859925aa6fa0f83c90a1f85e022f707/element/BF840D7437BB22CEF95C5A119CAB78C2_element_32/clear'
12:22:23.706 [AsyncHttpClient-1-14] DEBUG org.asynchttpclient.netty.handler.HttpHandler - 

Request DefaultHttpRequest(decodeResult: success, version: HTTP/1.1)
POST /session/4859925aa6fa0f83c90a1f85e022f707/element/BF840D7437BB22CEF95C5A119CAB78C2_element_32/clear HTTP/1.1
User-Agent: selenium/4.8.3 (java windows)
Content-Length: 57
Content-Type: application/json; charset=utf-8
host: localhost:4655
accept: */*

Response DefaultHttpResponse(decodeResult: success, version: HTTP/1.1)
HTTP/1.1 200 OK
Content-Length: 14
Content-Type: application/json; charset=utf-8
cache-control: no-cache

12:22:23.707 [AsyncHttpClient-1-14] DEBUG org.asynchttpclient.netty.channel.ChannelManager - Adding key: http://localhost:4655 for channel [id: 0xbac1ca61, L:/127.0.0.1:64439 - R:localhost/127.0.0.1:4655]
12:22:23.708 [Forwarding findElement on session 4859925aa6fa0f83c90a1f85e022f707 to remote] DEBUG org.asynchttpclient.netty.request.NettyRequestSender - Using pooled Channel '[id: 0xbac1ca61, L:/127.0.0.1:64439 - R:localhost/127.0.0.1:4655]' for 'POST' to 'http://localhost:4655/session/4859925aa6fa0f83c90a1f85e022f707/element'
12:22:23.708 [Forwarding findElement on session 4859925aa6fa0f83c90a1f85e022f707 to remote] DEBUG org.asynchttpclient.netty.request.NettyRequestSender - Using open Channel [id: 0xbac1ca61, L:/127.0.0.1:64439 - R:localhost/127.0.0.1:4655] for POST '/session/4859925aa6fa0f83c90a1f85e022f707/element'
12:22:23.715 [AsyncHttpClient-1-14] DEBUG org.asynchttpclient.netty.handler.HttpHandler - 

Request DefaultHttpRequest(decodeResult: success, version: HTTP/1.1)
POST /session/4859925aa6fa0f83c90a1f85e022f707/element HTTP/1.1
User-Agent: selenium/4.8.3 (java windows)
Content-Length: 62
Content-Type: application/json; charset=utf-8
host: localhost:4655
accept: */*

Response DefaultHttpResponse(decodeResult: success, version: HTTP/1.1)
HTTP/1.1 200 OK
Content-Length: 95
Content-Type: application/json; charset=utf-8
cache-control: no-cache

12:22:23.716 [AsyncHttpClient-1-14] DEBUG org.asynchttpclient.netty.channel.ChannelManager - Adding key: http://localhost:4655 for channel [id: 0xbac1ca61, L:/127.0.0.1:64439 - R:localhost/127.0.0.1:4655]
12:22:23.717 [Forwarding sendKeysToElement on session 4859925aa6fa0f83c90a1f85e022f707 to remote] DEBUG org.asynchttpclient.netty.request.NettyRequestSender - Using pooled Channel '[id: 0xbac1ca61, L:/127.0.0.1:64439 - R:localhost/127.0.0.1:4655]' for 'POST' to 'http://localhost:4655/session/4859925aa6fa0f83c90a1f85e022f707/element/BF840D7437BB22CEF95C5A119CAB78C2_element_32/value'
12:22:23.717 [Forwarding sendKeysToElement on session 4859925aa6fa0f83c90a1f85e022f707 to remote] DEBUG org.asynchttpclient.netty.request.NettyRequestSender - Using open Channel [id: 0xbac1ca61, L:/127.0.0.1:64439 - R:localhost/127.0.0.1:4655] for POST '/session/4859925aa6fa0f83c90a1f85e022f707/element/BF840D7437BB22CEF95C5A119CAB78C2_element_32/value'
12:22:23.783 [AsyncHttpClient-1-14] DEBUG org.asynchttpclient.netty.handler.HttpHandler - 

Request DefaultHttpRequest(decodeResult: success, version: HTTP/1.1)
POST /session/4859925aa6fa0f83c90a1f85e022f707/element/BF840D7437BB22CEF95C5A119CAB78C2_element_32/value HTTP/1.1
User-Agent: selenium/4.8.3 (java windows)
Content-Length: 148
Content-Type: application/json; charset=utf-8
host: localhost:4655
accept: */*

Response DefaultHttpResponse(decodeResult: success, version: HTTP/1.1)
HTTP/1.1 200 OK
Content-Length: 14
Content-Type: application/json; charset=utf-8
cache-control: no-cache

12:22:23.783 [AsyncHttpClient-1-14] DEBUG org.asynchttpclient.netty.channel.ChannelManager - Adding key: http://localhost:4655 for channel [id: 0xbac1ca61, L:/127.0.0.1:64439 - R:localhost/127.0.0.1:4655]
12:22:23.784 [Forwarding findElement on session 4859925aa6fa0f83c90a1f85e022f707 to remote] DEBUG org.asynchttpclient.netty.request.NettyRequestSender - Using pooled Channel '[id: 0xbac1ca61, L:/127.0.0.1:64439 - R:localhost/127.0.0.1:4655]' for 'POST' to 'http://localhost:4655/session/4859925aa6fa0f83c90a1f85e022f707/element'
12:22:23.784 [Forwarding findElement on session 4859925aa6fa0f83c90a1f85e022f707 to remote] DEBUG org.asynchttpclient.netty.request.NettyRequestSender - Using open Channel [id: 0xbac1ca61, L:/127.0.0.1:64439 - R:localhost/127.0.0.1:4655] for POST '/session/4859925aa6fa0f83c90a1f85e022f707/element'
12:22:23.795 [AsyncHttpClient-1-14] DEBUG org.asynchttpclient.netty.handler.HttpHandler - 

Request DefaultHttpRequest(decodeResult: success, version: HTTP/1.1)
POST /session/4859925aa6fa0f83c90a1f85e022f707/element HTTP/1.1
User-Agent: selenium/4.8.3 (java windows)
Content-Length: 71
Content-Type: application/json; charset=utf-8
host: localhost:4655
accept: */*

Response DefaultHttpResponse(decodeResult: success, version: HTTP/1.1)
HTTP/1.1 200 OK
Content-Length: 95
Content-Type: application/json; charset=utf-8
cache-control: no-cache

12:22:23.796 [AsyncHttpClient-1-14] DEBUG org.asynchttpclient.netty.channel.ChannelManager - Adding key: http://localhost:4655 for channel [id: 0xbac1ca61, L:/127.0.0.1:64439 - R:localhost/127.0.0.1:4655]
12:22:23.797 [Forwarding clickElement on session 4859925aa6fa0f83c90a1f85e022f707 to remote] DEBUG org.asynchttpclient.netty.request.NettyRequestSender - Using pooled Channel '[id: 0xbac1ca61, L:/127.0.0.1:64439 - R:localhost/127.0.0.1:4655]' for 'POST' to 'http://localhost:4655/session/4859925aa6fa0f83c90a1f85e022f707/element/BF840D7437BB22CEF95C5A119CAB78C2_element_33/click'
12:22:23.797 [Forwarding clickElement on session 4859925aa6fa0f83c90a1f85e022f707 to remote] DEBUG org.asynchttpclient.netty.request.NettyRequestSender - Using open Channel [id: 0xbac1ca61, L:/127.0.0.1:64439 - R:localhost/127.0.0.1:4655] for POST '/session/4859925aa6fa0f83c90a1f85e022f707/element/BF840D7437BB22CEF95C5A119CAB78C2_element_33/click'
12:22:23.838 [AsyncHttpClient-1-14] DEBUG org.asynchttpclient.netty.handler.HttpHandler - 

Request DefaultHttpRequest(decodeResult: success, version: HTTP/1.1)
POST /session/4859925aa6fa0f83c90a1f85e022f707/element/BF840D7437BB22CEF95C5A119CAB78C2_element_33/click HTTP/1.1
User-Agent: selenium/4.8.3 (java windows)
Content-Length: 57
Content-Type: application/json; charset=utf-8
host: localhost:4655
accept: */*

Response DefaultHttpResponse(decodeResult: success, version: HTTP/1.1)
HTTP/1.1 200 OK
Content-Length: 14
Content-Type: application/json; charset=utf-8
cache-control: no-cache

12:22:23.838 [AsyncHttpClient-1-14] DEBUG org.asynchttpclient.netty.channel.ChannelManager - Adding key: http://localhost:4655 for channel [id: 0xbac1ca61, L:/127.0.0.1:64439 - R:localhost/127.0.0.1:4655]
2023-06-09 12:22:23 INFO  BaseTest:126 - Logged in
12:22:23.840 [rp-io-89] DEBUG com.epam.reportportal.service.Launch - Starting test item...rp-io-89
12:22:23.841 [AsyncHttpClient-1-1] DEBUG org.asynchttpclient.netty.channel.DefaultChannelPool - Entry count for : http://localhost:4655 : 1
12:22:23.841 [AsyncHttpClient-1-1] DEBUG org.asynchttpclient.netty.channel.DefaultChannelPool - Entry count for : http://localhost:64440 : 1
2023-06-09 12:22:23 INFO  Listeners:34 - Started Test null
12:22:23.843 [Forwarding findElement on session 4859925aa6fa0f83c90a1f85e022f707 to remote] DEBUG org.asynchttpclient.netty.request.NettyRequestSender - Using pooled Channel '[id: 0xbac1ca61, L:/127.0.0.1:64439 - R:localhost/127.0.0.1:4655]' for 'POST' to 'http://localhost:4655/session/4859925aa6fa0f83c90a1f85e022f707/element'
12:22:23.844 [Forwarding findElement on session 4859925aa6fa0f83c90a1f85e022f707 to remote] DEBUG org.asynchttpclient.netty.request.NettyRequestSender - Using open Channel [id: 0xbac1ca61, L:/127.0.0.1:64439 - R:localhost/127.0.0.1:4655] for POST '/session/4859925aa6fa0f83c90a1f85e022f707/element'
12:22:23.866 [rp-io-88] DEBUG com.epam.reportportal.service.Launch - TestItem with ID = '26b8047d-8171-42de-8a7c-6bb378ced5f0' successfully finished.
12:22:23.866 [rp-io-88] DEBUG com.epam.reportportal.utils.SubscriptionUtils - Finish test item completed
12:22:23.867 [rp-io-91] DEBUG com.epam.reportportal.service.Launch - ReportPortal item with ID '83b40db8-b6c3-4364-bd6e-bb45bd813353' has been created
12:22:23.867 [rp-io-91] DEBUG com.epam.reportportal.utils.SubscriptionUtils - Start test item successfully completed
12:22:24.198 [AsyncHttpClient-1-14] DEBUG org.asynchttpclient.netty.handler.HttpHandler - 

Request DefaultHttpRequest(decodeResult: success, version: HTTP/1.1)
POST /session/4859925aa6fa0f83c90a1f85e022f707/element HTTP/1.1
User-Agent: selenium/4.8.3 (java windows)
Content-Length: 168
Content-Type: application/json; charset=utf-8
host: localhost:4655
accept: */*

Response DefaultHttpResponse(decodeResult: success, version: HTTP/1.1)
HTTP/1.1 200 OK
Content-Length: 95
Content-Type: application/json; charset=utf-8
cache-control: no-cache

12:22:24.198 [AsyncHttpClient-1-14] DEBUG org.asynchttpclient.netty.channel.ChannelManager - Adding key: http://localhost:4655 for channel [id: 0xbac1ca61, L:/127.0.0.1:64439 - R:localhost/127.0.0.1:4655]
12:22:24.200 [Forwarding clickElement on session 4859925aa6fa0f83c90a1f85e022f707 to remote] DEBUG org.asynchttpclient.netty.request.NettyRequestSender - Using pooled Channel '[id: 0xbac1ca61, L:/127.0.0.1:64439 - R:localhost/127.0.0.1:4655]' for 'POST' to 'http://localhost:4655/session/4859925aa6fa0f83c90a1f85e022f707/element/BF840D7437BB22CEF95C5A119CAB78C2_element_38/click'
12:22:24.200 [Forwarding clickElement on session 4859925aa6fa0f83c90a1f85e022f707 to remote] DEBUG org.asynchttpclient.netty.request.NettyRequestSender - Using open Channel [id: 0xbac1ca61, L:/127.0.0.1:64439 - R:localhost/127.0.0.1:4655] for POST '/session/4859925aa6fa0f83c90a1f85e022f707/element/BF840D7437BB22CEF95C5A119CAB78C2_element_38/click'
12:22:24.407 [AsyncHttpClient-1-14] DEBUG org.asynchttpclient.netty.handler.HttpHandler - 

Request DefaultHttpRequest(decodeResult: success, version: HTTP/1.1)
POST /session/4859925aa6fa0f83c90a1f85e022f707/element/BF840D7437BB22CEF95C5A119CAB78C2_element_38/click HTTP/1.1
User-Agent: selenium/4.8.3 (java windows)
Content-Length: 57
Content-Type: application/json; charset=utf-8
host: localhost:4655
accept: */*

Response DefaultHttpResponse(decodeResult: success, version: HTTP/1.1)
HTTP/1.1 200 OK
Content-Length: 14
Content-Type: application/json; charset=utf-8
cache-control: no-cache

12:22:24.408 [AsyncHttpClient-1-14] DEBUG org.asynchttpclient.netty.channel.ChannelManager - Adding key: http://localhost:4655 for channel [id: 0xbac1ca61, L:/127.0.0.1:64439 - R:localhost/127.0.0.1:4655]
12:22:24.409 [Forwarding findElement on session 4859925aa6fa0f83c90a1f85e022f707 to remote] DEBUG org.asynchttpclient.netty.request.NettyRequestSender - Using pooled Channel '[id: 0xbac1ca61, L:/127.0.0.1:64439 - R:localhost/127.0.0.1:4655]' for 'POST' to 'http://localhost:4655/session/4859925aa6fa0f83c90a1f85e022f707/element'
12:22:24.409 [Forwarding findElement on session 4859925aa6fa0f83c90a1f85e022f707 to remote] DEBUG org.asynchttpclient.netty.request.NettyRequestSender - Using open Channel [id: 0xbac1ca61, L:/127.0.0.1:64439 - R:localhost/127.0.0.1:4655] for POST '/session/4859925aa6fa0f83c90a1f85e022f707/element'
12:22:24.938 [AsyncHttpClient-1-1] DEBUG org.asynchttpclient.netty.channel.DefaultChannelPool - Entry count for : http://localhost:64440 : 1
12:22:26.039 [AsyncHttpClient-1-1] DEBUG org.asynchttpclient.netty.channel.DefaultChannelPool - Entry count for : http://localhost:64440 : 1
12:22:27.140 [AsyncHttpClient-1-1] DEBUG org.asynchttpclient.netty.channel.DefaultChannelPool - Entry count for : http://localhost:64440 : 1
12:22:28.239 [AsyncHttpClient-1-1] DEBUG org.asynchttpclient.netty.channel.DefaultChannelPool - Entry count for : http://localhost:64440 : 1
12:22:28.541 [AsyncHttpClient-1-14] DEBUG org.asynchttpclient.netty.handler.HttpHandler - 

Request DefaultHttpRequest(decodeResult: success, version: HTTP/1.1)
POST /session/4859925aa6fa0f83c90a1f85e022f707/element HTTP/1.1
User-Agent: selenium/4.8.3 (java windows)
Content-Length: 85
Content-Type: application/json; charset=utf-8
host: localhost:4655
accept: */*

Response DefaultHttpResponse(decodeResult: success, version: HTTP/1.1)
HTTP/1.1 404 Not Found
Content-Length: 975
Content-Type: application/json; charset=utf-8
cache-control: no-cache

12:22:28.541 [AsyncHttpClient-1-14] DEBUG org.asynchttpclient.netty.channel.ChannelManager - Adding key: http://localhost:4655 for channel [id: 0xbac1ca61, L:/127.0.0.1:64439 - R:localhost/127.0.0.1:4655]
2023-06-09 12:22:28 INFO  Listeners:55 - Skipped test null
12:22:28.547 [main] ERROR com.epam.reportportal.service.Launch - Item io.reactivex.internal.operators.maybe.MaybeCache@4a3404fa not found in the cache
]]></system-out>
    <system-err><![CDATA[Starting ChromeDriver 114.0.5735.90 (386bc09e8f4f2e025eddae123f36f6263096ae49-refs/branch-heads/5735@{#1052}) on port 4655
Only local connections are allowed.
Please see https://chromedriver.chromium.org/security-considerations for suggestions on keeping ChromeDriver safe.
ChromeDriver was started successfully.
Jun 09, 2023 12:22:22 PM org.openqa.selenium.devtools.CdpVersionFinder findNearestMatch
WARNING: Unable to find an exact match for CDP version 114, so returning the closest version found: 111
]]></system-err>
  </testcase>
  <testcase name="searchDashboardNameDP[OVERALL STATISTICS PANEL](6)" classname="alltests.uitest.coreTest.DashboardPageTest" time="4.585">
    <failure message="no such element: Unable to locate element: {&quot;method&quot;:&quot;xpath&quot;,&quot;selector&quot;:&quot;//*[text()=&apos;OVERALL STATISTICS PANEL&apos;]&quot;}&#10;  (Session info: chrome=114.0.5735.110)&#10;For documentation on this error, please visit: https://selenium.dev/exceptions/#no_such_element&#10;Build info: version: &apos;4.8.3&apos;, revision: &apos;e5e76298c3&apos;&#10;System info: os.name: &apos;Windows 10&apos;, os.arch: &apos;amd64&apos;, os.version: &apos;10.0&apos;, java.version: &apos;17.0.3.1&apos;&#10;Driver info: org.openqa.selenium.chrome.ChromeDriver&#10;Command: [6a70da45c343c0ac3de61ad181f78b24, findElement {using=xpath, value=//*[text()=&apos;OVERALL STATISTICS PANEL&apos;]}]&#10;Capabilities {acceptInsecureCerts: false, browserName: chrome, browserVersion: 114.0.5735.110, chrome: {chromedriverVersion: 114.0.5735.90 (386bc09e8f4f..., userDataDir: C:\Users\SUWARN~1\AppData\L...}, goog:chromeOptions: {debuggerAddress: localhost:64476}, networkConnectionEnabled: false, pageLoadStrategy: normal, platformName: WINDOWS, proxy: Proxy(), se:cdp: ws://localhost:64476/devtoo..., se:cdpVersion: 114.0.5735.110, setWindowRect: true, strictFileInteractability: false, timeouts: {implicit: 0, pageLoad: 300000, script: 30000}, unhandledPromptBehavior: dismiss and notify, webauthn:extension:credBlob: true, webauthn:extension:largeBlob: true, webauthn:extension:minPinLength: true, webauthn:extension:prf: true, webauthn:virtualAuthenticators: true}&#10;Session ID: 6a70da45c343c0ac3de61ad181f78b24" type="org.openqa.selenium.NoSuchElementException"><![CDATA[org.openqa.selenium.NoSuchElementException: 
no such element: Unable to locate element: {"method":"xpath","selector":"//*[text()='OVERALL STATISTICS PANEL']"}
  (Session info: chrome=114.0.5735.110)
For documentation on this error, please visit: https://selenium.dev/exceptions/#no_such_element
Build info: version: '4.8.3', revision: 'e5e76298c3'
System info: os.name: 'Windows 10', os.arch: 'amd64', os.version: '10.0', java.version: '17.0.3.1'
Driver info: org.openqa.selenium.chrome.ChromeDriver
Command: [6a70da45c343c0ac3de61ad181f78b24, findElement {using=xpath, value=//*[text()='OVERALL STATISTICS PANEL']}]
Capabilities {acceptInsecureCerts: false, browserName: chrome, browserVersion: 114.0.5735.110, chrome: {chromedriverVersion: 114.0.5735.90 (386bc09e8f4f..., userDataDir: C:\Users\SUWARN~1\AppData\L...}, goog:chromeOptions: {debuggerAddress: localhost:64476}, networkConnectionEnabled: false, pageLoadStrategy: normal, platformName: WINDOWS, proxy: Proxy(), se:cdp: ws://localhost:64476/devtoo..., se:cdpVersion: 114.0.5735.110, setWindowRect: true, strictFileInteractability: false, timeouts: {implicit: 0, pageLoad: 300000, script: 30000}, unhandledPromptBehavior: dismiss and notify, webauthn:extension:credBlob: true, webauthn:extension:largeBlob: true, webauthn:extension:minPinLength: true, webauthn:extension:prf: true, webauthn:virtualAuthenticators: true}
Session ID: 6a70da45c343c0ac3de61ad181f78b24
	at java.base/jdk.internal.reflect.NativeConstructorAccessorImpl.newInstance0(Native Method)
	at java.base/jdk.internal.reflect.NativeConstructorAccessorImpl.newInstance(NativeConstructorAccessorImpl.java:77)
	at java.base/jdk.internal.reflect.DelegatingConstructorAccessorImpl.newInstance(DelegatingConstructorAccessorImpl.java:45)
	at java.base/java.lang.reflect.Constructor.newInstanceWithCaller(Constructor.java:499)
	at java.base/java.lang.reflect.Constructor.newInstance(Constructor.java:480)
	at org.openqa.selenium.remote.codec.w3c.W3CHttpResponseCodec.createException(W3CHttpResponseCodec.java:200)
	at org.openqa.selenium.remote.codec.w3c.W3CHttpResponseCodec.decode(W3CHttpResponseCodec.java:133)
	at org.openqa.selenium.remote.codec.w3c.W3CHttpResponseCodec.decode(W3CHttpResponseCodec.java:53)
	at org.openqa.selenium.remote.HttpCommandExecutor.execute(HttpCommandExecutor.java:193)
	at org.openqa.selenium.remote.service.DriverCommandExecutor.invokeExecute(DriverCommandExecutor.java:183)
	at org.openqa.selenium.remote.service.DriverCommandExecutor.execute(DriverCommandExecutor.java:158)
	at org.openqa.selenium.remote.RemoteWebDriver.execute(RemoteWebDriver.java:543)
	at org.openqa.selenium.remote.ElementLocation$ElementFinder$2.findElement(ElementLocation.java:162)
	at org.openqa.selenium.remote.ElementLocation.findElement(ElementLocation.java:60)
	at org.openqa.selenium.remote.RemoteWebDriver.findElement(RemoteWebDriver.java:352)
	at org.openqa.selenium.remote.RemoteWebDriver.findElement(RemoteWebDriver.java:344)
	at pageobject.DemoDashboard.verifyNamesOfWidgetPresetOnDemoDashboard(DemoDashboard.java:31)
	at alltests.uitest.coreTest.DashboardPageTest.searchDashboardNameDP(DashboardPageTest.java:42)
	at java.base/jdk.internal.reflect.NativeMethodAccessorImpl.invoke0(Native Method)
	at java.base/jdk.internal.reflect.NativeMethodAccessorImpl.invoke(NativeMethodAccessorImpl.java:77)
	at java.base/jdk.internal.reflect.DelegatingMethodAccessorImpl.invoke(DelegatingMethodAccessorImpl.java:43)
	at java.base/java.lang.reflect.Method.invoke(Method.java:568)
	at org.testng.internal.invokers.MethodInvocationHelper.invokeMethod(MethodInvocationHelper.java:139)
	at org.testng.internal.invokers.TestInvoker.invokeMethod(TestInvoker.java:677)
	at org.testng.internal.invokers.TestInvoker.retryFailed(TestInvoker.java:263)
	at org.testng.internal.invokers.MethodRunner.runInSequence(MethodRunner.java:62)
	at org.testng.internal.invokers.TestInvoker$MethodInvocationAgent.invoke(TestInvoker.java:969)
	at org.testng.internal.invokers.TestInvoker.invokeTestMethods(TestInvoker.java:194)
	at org.testng.internal.invokers.TestMethodWorker.invokeTestMethods(TestMethodWorker.java:148)
	at org.testng.internal.invokers.TestMethodWorker.run(TestMethodWorker.java:128)
	at java.base/java.util.ArrayList.forEach(ArrayList.java:1511)
	at org.testng.TestRunner.privateRun(TestRunner.java:829)
	at org.testng.TestRunner.run(TestRunner.java:602)
	at org.testng.SuiteRunner.runTest(SuiteRunner.java:437)
	at org.testng.SuiteRunner.runSequentially(SuiteRunner.java:431)
	at org.testng.SuiteRunner.privateRun(SuiteRunner.java:391)
	at org.testng.SuiteRunner.run(SuiteRunner.java:330)
	at org.testng.SuiteRunnerWorker.runSuite(SuiteRunnerWorker.java:52)
	at org.testng.SuiteRunnerWorker.run(SuiteRunnerWorker.java:95)
	at org.testng.TestNG.runSuitesSequentially(TestNG.java:1256)
	at org.testng.TestNG.runSuitesLocally(TestNG.java:1176)
	at org.testng.TestNG.runSuites(TestNG.java:1099)
	at org.testng.TestNG.run(TestNG.java:1067)
	at org.apache.maven.surefire.testng.TestNGExecutor.run(TestNGExecutor.java:308)
	at org.apache.maven.surefire.testng.TestNGXmlTestSuite.execute(TestNGXmlTestSuite.java:71)
	at org.apache.maven.surefire.testng.TestNGProvider.invoke(TestNGProvider.java:113)
	at org.apache.maven.surefire.booter.ForkedBooter.runSuitesInProcess(ForkedBooter.java:385)
	at org.apache.maven.surefire.booter.ForkedBooter.execute(ForkedBooter.java:162)
	at org.apache.maven.surefire.booter.ForkedBooter.run(ForkedBooter.java:507)
	at org.apache.maven.surefire.booter.ForkedBooter.main(ForkedBooter.java:495)
]]></failure>
    <system-out><![CDATA[12:22:28.549 [rp-io-97] DEBUG com.epam.reportportal.service.Launch - Starting test item...rp-io-97
12:22:28.551 [AsyncHttpClient-1-16] DEBUG org.asynchttpclient.netty.handler.WebSocketHandler - Channel Closed: [id: 0x88f9e1d1, L:/127.0.0.1:64449 ! R:localhost/127.0.0.1:64440] with attribute NettyResponseFuture{currentRetry=0,
	isDone=1,
	isCancelled=0,
	asyncHandler=org.asynchttpclient.ws.WebSocketUpgradeHandler@3bec5149,
	nettyRequest=org.asynchttpclient.netty.request.NettyRequest@7eeec850,
	future=java.util.concurrent.CompletableFuture@6ebbe046[Completed normally],
	uri=ws://localhost:64440/devtools/browser/838059eb-ff2a-476c-8112-6f6e43988be7,
	keepAlive=true,
	redirectCount=0,
	timeoutsHolder=null,
	inAuth=0,
	touch=1686306142090}
12:22:28.551 [AsyncHttpClient-1-16] DEBUG org.asynchttpclient.netty.channel.ChannelManager - Closing Channel [id: 0x88f9e1d1, L:/127.0.0.1:64449 ! R:localhost/127.0.0.1:64440] 
12:22:28.552 [Driver Command Executor] DEBUG org.asynchttpclient.netty.request.NettyRequestSender - Using pooled Channel '[id: 0xbac1ca61, L:/127.0.0.1:64439 - R:localhost/127.0.0.1:4655]' for 'DELETE' to 'http://localhost:4655/session/4859925aa6fa0f83c90a1f85e022f707'
12:22:28.553 [Driver Command Executor] DEBUG org.asynchttpclient.netty.request.NettyRequestSender - Using open Channel [id: 0xbac1ca61, L:/127.0.0.1:64439 - R:localhost/127.0.0.1:4655] for DELETE '/session/4859925aa6fa0f83c90a1f85e022f707'
12:22:28.580 [AsyncHttpClient-1-15] DEBUG org.asynchttpclient.netty.handler.HttpHandler - Unexpected I/O exception on channel [id: 0x313db9fb, L:/127.0.0.1:64448 - R:localhost/127.0.0.1:64440]
java.net.SocketException: Connection reset
	at java.base/sun.nio.ch.SocketChannelImpl.throwConnectionReset(SocketChannelImpl.java:394)
	at java.base/sun.nio.ch.SocketChannelImpl.read(SocketChannelImpl.java:426)
	at io.netty.buffer.PooledByteBuf.setBytes(PooledByteBuf.java:256)
	at io.netty.buffer.AbstractByteBuf.writeBytes(AbstractByteBuf.java:1132)
	at io.netty.channel.socket.nio.NioSocketChannel.doReadBytes(NioSocketChannel.java:357)
	at io.netty.channel.nio.AbstractNioByteChannel$NioByteUnsafe.read(AbstractNioByteChannel.java:151)
	at io.netty.channel.nio.NioEventLoop.processSelectedKey(NioEventLoop.java:788)
	at io.netty.channel.nio.NioEventLoop.processSelectedKeysOptimized(NioEventLoop.java:724)
	at io.netty.channel.nio.NioEventLoop.processSelectedKeys(NioEventLoop.java:650)
	at io.netty.channel.nio.NioEventLoop.run(NioEventLoop.java:562)
	at io.netty.util.concurrent.SingleThreadEventExecutor$4.run(SingleThreadEventExecutor.java:997)
	at io.netty.util.internal.ThreadExecutorMap$2.run(ThreadExecutorMap.java:74)
	at io.netty.util.concurrent.FastThreadLocalRunnable.run(FastThreadLocalRunnable.java:30)
	at java.base/java.lang.Thread.run(Thread.java:833)
12:22:28.580 [AsyncHttpClient-1-15] DEBUG org.asynchttpclient.netty.channel.ChannelManager - Closing Channel [id: 0x313db9fb, L:/127.0.0.1:64448 - R:localhost/127.0.0.1:64440] 
12:22:28.580 [AsyncHttpClient-1-15] DEBUG org.asynchttpclient.netty.handler.HttpHandler - Channel Closed: [id: 0x313db9fb, L:/127.0.0.1:64448 ! R:localhost/127.0.0.1:64440] with attribute DISCARD
12:22:28.588 [rp-io-0] DEBUG com.epam.reportportal.service.Launch - TestItem with ID = '26b8047d-8171-42de-8a7c-6bb378ced5f0' successfully finished.
12:22:28.588 [rp-io-0] DEBUG com.epam.reportportal.utils.SubscriptionUtils - Finish test item completed
12:22:28.591 [rp-io-1] DEBUG com.epam.reportportal.service.Launch - ReportPortal item with ID '65dd3b3b-95a9-44c7-a45b-bae1c4158c72' has been created
12:22:28.591 [rp-io-1] DEBUG com.epam.reportportal.utils.SubscriptionUtils - Start test item successfully completed
12:22:28.594 [rp-io-95] DEBUG com.epam.reportportal.service.Launch - TestItem with ID = '83b40db8-b6c3-4364-bd6e-bb45bd813353' successfully finished.
12:22:28.594 [rp-io-95] DEBUG com.epam.reportportal.utils.SubscriptionUtils - Finish test item completed
12:22:28.647 [AsyncHttpClient-1-14] DEBUG org.asynchttpclient.netty.handler.HttpHandler - 

Request DefaultFullHttpRequest(decodeResult: success, version: HTTP/1.1, content: EmptyByteBufBE)
DELETE /session/4859925aa6fa0f83c90a1f85e022f707 HTTP/1.1
User-Agent: selenium/4.8.3 (java windows)
Content-Type: application/json; charset=utf-8
host: localhost:4655
accept: */*

Response DefaultHttpResponse(decodeResult: success, version: HTTP/1.1)
HTTP/1.1 200 OK
Content-Length: 14
Content-Type: application/json; charset=utf-8
cache-control: no-cache

12:22:28.647 [AsyncHttpClient-1-14] DEBUG org.asynchttpclient.netty.channel.ChannelManager - Adding key: http://localhost:4655 for channel [id: 0xbac1ca61, L:/127.0.0.1:64439 - R:localhost/127.0.0.1:4655]
12:22:28.692 [AsyncHttpClient-1-14] DEBUG org.asynchttpclient.netty.handler.HttpHandler - Channel Closed: [id: 0xbac1ca61, L:/127.0.0.1:64439 ! R:localhost/127.0.0.1:4655] with attribute DISCARD
2023-06-09 12:22:28 INFO  BaseTest:83 - Test executed**********
12:22:28.716 [rp-io-6] DEBUG com.epam.reportportal.service.Launch - Starting test item...rp-io-6
2023-06-09 12:22:28 INFO  BaseTest:110 - Property files loaded successfully**********
12:22:28.724 [main] DEBUG io.github.bonigarcia.wdm.cache.ResolutionCache - Resolution chrome=114 in cache (valid until 13:14:48 09/06/2023 CEST)
12:22:28.725 [main] DEBUG io.github.bonigarcia.wdm.cache.ResolutionCache - Resolution chrome114=114.0.5735.90 in cache (valid until 12:14:48 10/06/2023 CEST)
12:22:28.725 [main] INFO io.github.bonigarcia.wdm.WebDriverManager - Using chromedriver 114.0.5735.90 (resolved driver for Chrome 114)
12:22:28.730 [main] DEBUG io.github.bonigarcia.wdm.WebDriverManager - Driver chromedriver 114.0.5735.90 found in cache
12:22:28.730 [main] INFO io.github.bonigarcia.wdm.WebDriverManager - Exporting webdriver.chrome.driver as C:\Users\Suwarna_Wagh\.cache\selenium\chromedriver\win32\114.0.5735.90\chromedriver.exe
12:22:28.736 [rp-io-5] DEBUG com.epam.reportportal.service.Launch - TestItem with ID = '65dd3b3b-95a9-44c7-a45b-bae1c4158c72' successfully finished.
12:22:28.736 [rp-io-5] DEBUG com.epam.reportportal.utils.SubscriptionUtils - Finish test item completed
12:22:28.741 [rp-io-6] DEBUG com.epam.reportportal.service.Launch - ReportPortal item with ID 'be68e961-5e01-416e-bccc-23b1653da204' has been created
12:22:28.741 [rp-io-6] DEBUG com.epam.reportportal.utils.SubscriptionUtils - Start test item successfully completed
12:22:28.823 [AsyncHttpClient-1-17] DEBUG org.asynchttpclient.netty.channel.NettyConnectListener - Using new Channel '[id: 0xfca21098, L:/127.0.0.1:64474 - R:localhost/127.0.0.1:33709]' for 'POST' to '/session'
12:22:29.339 [AsyncHttpClient-1-1] DEBUG org.asynchttpclient.netty.channel.DefaultChannelPool - Entry count for : http://localhost:4655 : 1
12:22:29.339 [AsyncHttpClient-1-1] DEBUG org.asynchttpclient.netty.channel.DefaultChannelPool - Entry count for : http://localhost:64440 : 1
12:22:29.339 [AsyncHttpClient-1-1] DEBUG org.asynchttpclient.netty.channel.DefaultChannelPool - Adding Candidate expired Channel [id: 0xbac1ca61, L:/127.0.0.1:64439 ! R:localhost/127.0.0.1:4655] isIdleTimeoutExpired=false isRemotelyClosed=true isTtlExpired=false
12:22:29.339 [AsyncHttpClient-1-1] DEBUG org.asynchttpclient.netty.channel.DefaultChannelPool - Closing Idle Channel [id: 0xbac1ca61, L:/127.0.0.1:64439 ! R:localhost/127.0.0.1:4655]
12:22:29.339 [AsyncHttpClient-1-1] DEBUG org.asynchttpclient.netty.channel.DefaultChannelPool - Adding Candidate expired Channel [id: 0x313db9fb, L:/127.0.0.1:64448 ! R:localhost/127.0.0.1:64440] isIdleTimeoutExpired=false isRemotelyClosed=true isTtlExpired=false
12:22:29.339 [AsyncHttpClient-1-1] DEBUG org.asynchttpclient.netty.channel.DefaultChannelPool - Closing Idle Channel [id: 0x313db9fb, L:/127.0.0.1:64448 ! R:localhost/127.0.0.1:64440]
12:22:29.339 [AsyncHttpClient-1-1] DEBUG org.asynchttpclient.netty.channel.DefaultChannelPool - Closed 2 connections out of 2 in 0 ms
12:22:29.557 [AsyncHttpClient-1-17] DEBUG org.asynchttpclient.netty.handler.HttpHandler - 

Request DefaultHttpRequest(decodeResult: success, version: HTTP/1.1)
POST /session HTTP/1.1
User-Agent: selenium/4.8.3 (java windows)
Content-Length: 439
Content-Type: application/json; charset=utf-8
host: localhost:33709
accept: */*

Response DefaultHttpResponse(decodeResult: success, version: HTTP/1.1)
HTTP/1.1 200 OK
Content-Length: 863
Content-Type: application/json; charset=utf-8
cache-control: no-cache

12:22:29.558 [AsyncHttpClient-1-17] DEBUG org.asynchttpclient.netty.channel.ChannelManager - Adding key: http://localhost:33709 for channel [id: 0xfca21098, L:/127.0.0.1:64474 - R:localhost/127.0.0.1:33709]
12:22:29.563 [AsyncHttpClient-1-2] DEBUG org.asynchttpclient.netty.channel.NettyConnectListener - Using new Channel '[id: 0xf270b6ac, L:/127.0.0.1:64482 - R:localhost/127.0.0.1:64476]' for 'GET' to '/json/version'
12:22:29.564 [AsyncHttpClient-1-2] DEBUG org.asynchttpclient.netty.handler.HttpHandler - 

Request DefaultFullHttpRequest(decodeResult: success, version: HTTP/1.1, content: EmptyByteBufBE)
GET /json/version HTTP/1.1
User-Agent: selenium/4.8.3 (java windows)
host: localhost:64476
accept: */*

Response DefaultHttpResponse(decodeResult: success, version: HTTP/1.1)
HTTP/1.1 200 OK
Content-Security-Policy: frame-ancestors 'none'
Content-Length: 424
Content-Type: application/json; charset=UTF-8

12:22:29.564 [AsyncHttpClient-1-2] DEBUG org.asynchttpclient.netty.channel.ChannelManager - Adding key: http://localhost:64476 for channel [id: 0xf270b6ac, L:/127.0.0.1:64482 - R:localhost/127.0.0.1:64476]
12:22:29.565 [AsyncHttpClient-1-3] DEBUG org.asynchttpclient.netty.channel.NettyConnectListener - Using new Channel '[id: 0x90aeca69, L:/127.0.0.1:64483 - R:localhost/127.0.0.1:64476]' for 'GET' to '/devtools/browser/75d671c5-1318-4990-a5f9-0aae42618f65'
12:22:29.565 [AsyncHttpClient-1-3] DEBUG org.asynchttpclient.netty.handler.WebSocketHandler - 

Request DefaultFullHttpRequest(decodeResult: success, version: HTTP/1.1, content: EmptyByteBufBE)
GET /devtools/browser/75d671c5-1318-4990-a5f9-0aae42618f65 HTTP/1.1
upgrade: websocket
connection: upgrade
sec-websocket-key: povK8oCX8IrL8anon0FZxw==
sec-websocket-version: 13
origin: http://localhost:64476
host: localhost:64476
accept: */*
user-agent: AHC/2.1

Response DefaultHttpResponse(decodeResult: success, version: HTTP/1.1)
HTTP/1.1 101 WebSocket Protocol Handshake
Upgrade: WebSocket
Connection: Upgrade
Sec-WebSocket-Accept: y8yycw5MjNa1AQC+3pUl2Jf2t3Q=

12:22:29.569 [Forwarding setTimeout on session 6a70da45c343c0ac3de61ad181f78b24 to remote] DEBUG org.asynchttpclient.netty.request.NettyRequestSender - Using pooled Channel '[id: 0xfca21098, L:/127.0.0.1:64474 - R:localhost/127.0.0.1:33709]' for 'POST' to 'http://localhost:33709/session/6a70da45c343c0ac3de61ad181f78b24/timeouts'
12:22:29.570 [Forwarding setTimeout on session 6a70da45c343c0ac3de61ad181f78b24 to remote] DEBUG org.asynchttpclient.netty.request.NettyRequestSender - Using open Channel [id: 0xfca21098, L:/127.0.0.1:64474 - R:localhost/127.0.0.1:33709] for POST '/session/6a70da45c343c0ac3de61ad181f78b24/timeouts'
12:22:29.571 [AsyncHttpClient-1-17] DEBUG org.asynchttpclient.netty.handler.HttpHandler - 

Request DefaultHttpRequest(decodeResult: success, version: HTTP/1.1)
POST /session/6a70da45c343c0ac3de61ad181f78b24/timeouts HTTP/1.1
User-Agent: selenium/4.8.3 (java windows)
Content-Length: 22
Content-Type: application/json; charset=utf-8
host: localhost:33709
accept: */*

Response DefaultHttpResponse(decodeResult: success, version: HTTP/1.1)
HTTP/1.1 200 OK
Content-Length: 14
Content-Type: application/json; charset=utf-8
cache-control: no-cache

12:22:29.571 [AsyncHttpClient-1-17] DEBUG org.asynchttpclient.netty.channel.ChannelManager - Adding key: http://localhost:33709 for channel [id: 0xfca21098, L:/127.0.0.1:64474 - R:localhost/127.0.0.1:33709]
12:22:29.572 [Forwarding maximizeCurrentWindow on session 6a70da45c343c0ac3de61ad181f78b24 to remote] DEBUG org.asynchttpclient.netty.request.NettyRequestSender - Using pooled Channel '[id: 0xfca21098, L:/127.0.0.1:64474 - R:localhost/127.0.0.1:33709]' for 'POST' to 'http://localhost:33709/session/6a70da45c343c0ac3de61ad181f78b24/window/maximize'
12:22:29.572 [Forwarding maximizeCurrentWindow on session 6a70da45c343c0ac3de61ad181f78b24 to remote] DEBUG org.asynchttpclient.netty.request.NettyRequestSender - Using open Channel [id: 0xfca21098, L:/127.0.0.1:64474 - R:localhost/127.0.0.1:33709] for POST '/session/6a70da45c343c0ac3de61ad181f78b24/window/maximize'
12:22:29.698 [AsyncHttpClient-1-17] DEBUG org.asynchttpclient.netty.handler.HttpHandler - 

Request DefaultHttpRequest(decodeResult: success, version: HTTP/1.1)
POST /session/6a70da45c343c0ac3de61ad181f78b24/window/maximize HTTP/1.1
User-Agent: selenium/4.8.3 (java windows)
Content-Length: 3
Content-Type: application/json; charset=utf-8
host: localhost:33709
accept: */*

Response DefaultHttpResponse(decodeResult: success, version: HTTP/1.1)
HTTP/1.1 200 OK
Content-Length: 51
Content-Type: application/json; charset=utf-8
cache-control: no-cache

12:22:29.698 [AsyncHttpClient-1-17] DEBUG org.asynchttpclient.netty.channel.ChannelManager - Adding key: http://localhost:33709 for channel [id: 0xfca21098, L:/127.0.0.1:64474 - R:localhost/127.0.0.1:33709]
12:22:29.699 [Forwarding get on session 6a70da45c343c0ac3de61ad181f78b24 to remote] DEBUG org.asynchttpclient.netty.request.NettyRequestSender - Using pooled Channel '[id: 0xfca21098, L:/127.0.0.1:64474 - R:localhost/127.0.0.1:33709]' for 'POST' to 'http://localhost:33709/session/6a70da45c343c0ac3de61ad181f78b24/url'
12:22:29.700 [Forwarding get on session 6a70da45c343c0ac3de61ad181f78b24 to remote] DEBUG org.asynchttpclient.netty.request.NettyRequestSender - Using open Channel [id: 0xfca21098, L:/127.0.0.1:64474 - R:localhost/127.0.0.1:33709] for POST '/session/6a70da45c343c0ac3de61ad181f78b24/url'
12:22:30.440 [AsyncHttpClient-1-1] DEBUG org.asynchttpclient.netty.channel.DefaultChannelPool - Entry count for : http://localhost:64476 : 1
12:22:30.890 [AsyncHttpClient-1-17] DEBUG org.asynchttpclient.netty.handler.HttpHandler - 

Request DefaultHttpRequest(decodeResult: success, version: HTTP/1.1)
POST /session/6a70da45c343c0ac3de61ad181f78b24/url HTTP/1.1
User-Agent: selenium/4.8.3 (java windows)
Content-Length: 52
Content-Type: application/json; charset=utf-8
host: localhost:33709
accept: */*

Response DefaultHttpResponse(decodeResult: success, version: HTTP/1.1)
HTTP/1.1 200 OK
Content-Length: 14
Content-Type: application/json; charset=utf-8
cache-control: no-cache

12:22:30.890 [AsyncHttpClient-1-17] DEBUG org.asynchttpclient.netty.channel.ChannelManager - Adding key: http://localhost:33709 for channel [id: 0xfca21098, L:/127.0.0.1:64474 - R:localhost/127.0.0.1:33709]
2023-06-09 12:22:30 INFO  BaseTest:104 - Test driver set up done successfully**********
2023-06-09 12:22:30 INFO  BaseTest:122 - Logging in to portal
12:22:30.893 [Forwarding findElement on session 6a70da45c343c0ac3de61ad181f78b24 to remote] DEBUG org.asynchttpclient.netty.request.NettyRequestSender - Using pooled Channel '[id: 0xfca21098, L:/127.0.0.1:64474 - R:localhost/127.0.0.1:33709]' for 'POST' to 'http://localhost:33709/session/6a70da45c343c0ac3de61ad181f78b24/element'
12:22:30.893 [Forwarding findElement on session 6a70da45c343c0ac3de61ad181f78b24 to remote] DEBUG org.asynchttpclient.netty.request.NettyRequestSender - Using open Channel [id: 0xfca21098, L:/127.0.0.1:64474 - R:localhost/127.0.0.1:33709] for POST '/session/6a70da45c343c0ac3de61ad181f78b24/element'
12:22:30.903 [AsyncHttpClient-1-17] DEBUG org.asynchttpclient.netty.handler.HttpHandler - 

Request DefaultHttpRequest(decodeResult: success, version: HTTP/1.1)
POST /session/6a70da45c343c0ac3de61ad181f78b24/element HTTP/1.1
User-Agent: selenium/4.8.3 (java windows)
Content-Length: 59
Content-Type: application/json; charset=utf-8
host: localhost:33709
accept: */*

Response DefaultHttpResponse(decodeResult: success, version: HTTP/1.1)
HTTP/1.1 200 OK
Content-Length: 95
Content-Type: application/json; charset=utf-8
cache-control: no-cache

12:22:30.904 [AsyncHttpClient-1-17] DEBUG org.asynchttpclient.netty.channel.ChannelManager - Adding key: http://localhost:33709 for channel [id: 0xfca21098, L:/127.0.0.1:64474 - R:localhost/127.0.0.1:33709]
12:22:30.905 [Forwarding clearElement on session 6a70da45c343c0ac3de61ad181f78b24 to remote] DEBUG org.asynchttpclient.netty.request.NettyRequestSender - Using pooled Channel '[id: 0xfca21098, L:/127.0.0.1:64474 - R:localhost/127.0.0.1:33709]' for 'POST' to 'http://localhost:33709/session/6a70da45c343c0ac3de61ad181f78b24/element/35EB7D4429BBA4C98263BA6FA27B448C_element_26/clear'
12:22:30.905 [Forwarding clearElement on session 6a70da45c343c0ac3de61ad181f78b24 to remote] DEBUG org.asynchttpclient.netty.request.NettyRequestSender - Using open Channel [id: 0xfca21098, L:/127.0.0.1:64474 - R:localhost/127.0.0.1:33709] for POST '/session/6a70da45c343c0ac3de61ad181f78b24/element/35EB7D4429BBA4C98263BA6FA27B448C_element_26/clear'
12:22:30.938 [AsyncHttpClient-1-17] DEBUG org.asynchttpclient.netty.handler.HttpHandler - 

Request DefaultHttpRequest(decodeResult: success, version: HTTP/1.1)
POST /session/6a70da45c343c0ac3de61ad181f78b24/element/35EB7D4429BBA4C98263BA6FA27B448C_element_26/clear HTTP/1.1
User-Agent: selenium/4.8.3 (java windows)
Content-Length: 57
Content-Type: application/json; charset=utf-8
host: localhost:33709
accept: */*

Response DefaultHttpResponse(decodeResult: success, version: HTTP/1.1)
HTTP/1.1 200 OK
Content-Length: 14
Content-Type: application/json; charset=utf-8
cache-control: no-cache

12:22:30.938 [AsyncHttpClient-1-17] DEBUG org.asynchttpclient.netty.channel.ChannelManager - Adding key: http://localhost:33709 for channel [id: 0xfca21098, L:/127.0.0.1:64474 - R:localhost/127.0.0.1:33709]
12:22:30.939 [Forwarding findElement on session 6a70da45c343c0ac3de61ad181f78b24 to remote] DEBUG org.asynchttpclient.netty.request.NettyRequestSender - Using pooled Channel '[id: 0xfca21098, L:/127.0.0.1:64474 - R:localhost/127.0.0.1:33709]' for 'POST' to 'http://localhost:33709/session/6a70da45c343c0ac3de61ad181f78b24/element'
12:22:30.939 [Forwarding findElement on session 6a70da45c343c0ac3de61ad181f78b24 to remote] DEBUG org.asynchttpclient.netty.request.NettyRequestSender - Using open Channel [id: 0xfca21098, L:/127.0.0.1:64474 - R:localhost/127.0.0.1:33709] for POST '/session/6a70da45c343c0ac3de61ad181f78b24/element'
12:22:30.948 [AsyncHttpClient-1-17] DEBUG org.asynchttpclient.netty.handler.HttpHandler - 

Request DefaultHttpRequest(decodeResult: success, version: HTTP/1.1)
POST /session/6a70da45c343c0ac3de61ad181f78b24/element HTTP/1.1
User-Agent: selenium/4.8.3 (java windows)
Content-Length: 59
Content-Type: application/json; charset=utf-8
host: localhost:33709
accept: */*

Response DefaultHttpResponse(decodeResult: success, version: HTTP/1.1)
HTTP/1.1 200 OK
Content-Length: 95
Content-Type: application/json; charset=utf-8
cache-control: no-cache

12:22:30.948 [AsyncHttpClient-1-17] DEBUG org.asynchttpclient.netty.channel.ChannelManager - Adding key: http://localhost:33709 for channel [id: 0xfca21098, L:/127.0.0.1:64474 - R:localhost/127.0.0.1:33709]
12:22:30.950 [Forwarding sendKeysToElement on session 6a70da45c343c0ac3de61ad181f78b24 to remote] DEBUG org.asynchttpclient.netty.request.NettyRequestSender - Using pooled Channel '[id: 0xfca21098, L:/127.0.0.1:64474 - R:localhost/127.0.0.1:33709]' for 'POST' to 'http://localhost:33709/session/6a70da45c343c0ac3de61ad181f78b24/element/35EB7D4429BBA4C98263BA6FA27B448C_element_26/value'
12:22:30.950 [Forwarding sendKeysToElement on session 6a70da45c343c0ac3de61ad181f78b24 to remote] DEBUG org.asynchttpclient.netty.request.NettyRequestSender - Using open Channel [id: 0xfca21098, L:/127.0.0.1:64474 - R:localhost/127.0.0.1:33709] for POST '/session/6a70da45c343c0ac3de61ad181f78b24/element/35EB7D4429BBA4C98263BA6FA27B448C_element_26/value'
12:22:31.046 [AsyncHttpClient-1-17] DEBUG org.asynchttpclient.netty.handler.HttpHandler - 

Request DefaultHttpRequest(decodeResult: success, version: HTTP/1.1)
POST /session/6a70da45c343c0ac3de61ad181f78b24/element/35EB7D4429BBA4C98263BA6FA27B448C_element_26/value HTTP/1.1
User-Agent: selenium/4.8.3 (java windows)
Content-Length: 188
Content-Type: application/json; charset=utf-8
host: localhost:33709
accept: */*

Response DefaultHttpResponse(decodeResult: success, version: HTTP/1.1)
HTTP/1.1 200 OK
Content-Length: 14
Content-Type: application/json; charset=utf-8
cache-control: no-cache

12:22:31.046 [AsyncHttpClient-1-17] DEBUG org.asynchttpclient.netty.channel.ChannelManager - Adding key: http://localhost:33709 for channel [id: 0xfca21098, L:/127.0.0.1:64474 - R:localhost/127.0.0.1:33709]
12:22:31.048 [Forwarding findElement on session 6a70da45c343c0ac3de61ad181f78b24 to remote] DEBUG org.asynchttpclient.netty.request.NettyRequestSender - Using pooled Channel '[id: 0xfca21098, L:/127.0.0.1:64474 - R:localhost/127.0.0.1:33709]' for 'POST' to 'http://localhost:33709/session/6a70da45c343c0ac3de61ad181f78b24/element'
12:22:31.048 [Forwarding findElement on session 6a70da45c343c0ac3de61ad181f78b24 to remote] DEBUG org.asynchttpclient.netty.request.NettyRequestSender - Using open Channel [id: 0xfca21098, L:/127.0.0.1:64474 - R:localhost/127.0.0.1:33709] for POST '/session/6a70da45c343c0ac3de61ad181f78b24/element'
12:22:31.073 [AsyncHttpClient-1-17] DEBUG org.asynchttpclient.netty.handler.HttpHandler - 

Request DefaultHttpRequest(decodeResult: success, version: HTTP/1.1)
POST /session/6a70da45c343c0ac3de61ad181f78b24/element HTTP/1.1
User-Agent: selenium/4.8.3 (java windows)
Content-Length: 62
Content-Type: application/json; charset=utf-8
host: localhost:33709
accept: */*

Response DefaultHttpResponse(decodeResult: success, version: HTTP/1.1)
HTTP/1.1 200 OK
Content-Length: 95
Content-Type: application/json; charset=utf-8
cache-control: no-cache

12:22:31.074 [AsyncHttpClient-1-17] DEBUG org.asynchttpclient.netty.channel.ChannelManager - Adding key: http://localhost:33709 for channel [id: 0xfca21098, L:/127.0.0.1:64474 - R:localhost/127.0.0.1:33709]
12:22:31.074 [Forwarding clearElement on session 6a70da45c343c0ac3de61ad181f78b24 to remote] DEBUG org.asynchttpclient.netty.request.NettyRequestSender - Using pooled Channel '[id: 0xfca21098, L:/127.0.0.1:64474 - R:localhost/127.0.0.1:33709]' for 'POST' to 'http://localhost:33709/session/6a70da45c343c0ac3de61ad181f78b24/element/35EB7D4429BBA4C98263BA6FA27B448C_element_28/clear'
12:22:31.074 [Forwarding clearElement on session 6a70da45c343c0ac3de61ad181f78b24 to remote] DEBUG org.asynchttpclient.netty.request.NettyRequestSender - Using open Channel [id: 0xfca21098, L:/127.0.0.1:64474 - R:localhost/127.0.0.1:33709] for POST '/session/6a70da45c343c0ac3de61ad181f78b24/element/35EB7D4429BBA4C98263BA6FA27B448C_element_28/clear'
12:22:31.105 [AsyncHttpClient-1-17] DEBUG org.asynchttpclient.netty.handler.HttpHandler - 

Request DefaultHttpRequest(decodeResult: success, version: HTTP/1.1)
POST /session/6a70da45c343c0ac3de61ad181f78b24/element/35EB7D4429BBA4C98263BA6FA27B448C_element_28/clear HTTP/1.1
User-Agent: selenium/4.8.3 (java windows)
Content-Length: 57
Content-Type: application/json; charset=utf-8
host: localhost:33709
accept: */*

Response DefaultHttpResponse(decodeResult: success, version: HTTP/1.1)
HTTP/1.1 200 OK
Content-Length: 14
Content-Type: application/json; charset=utf-8
cache-control: no-cache

12:22:31.105 [AsyncHttpClient-1-17] DEBUG org.asynchttpclient.netty.channel.ChannelManager - Adding key: http://localhost:33709 for channel [id: 0xfca21098, L:/127.0.0.1:64474 - R:localhost/127.0.0.1:33709]
12:22:31.106 [Forwarding findElement on session 6a70da45c343c0ac3de61ad181f78b24 to remote] DEBUG org.asynchttpclient.netty.request.NettyRequestSender - Using pooled Channel '[id: 0xfca21098, L:/127.0.0.1:64474 - R:localhost/127.0.0.1:33709]' for 'POST' to 'http://localhost:33709/session/6a70da45c343c0ac3de61ad181f78b24/element'
12:22:31.106 [Forwarding findElement on session 6a70da45c343c0ac3de61ad181f78b24 to remote] DEBUG org.asynchttpclient.netty.request.NettyRequestSender - Using open Channel [id: 0xfca21098, L:/127.0.0.1:64474 - R:localhost/127.0.0.1:33709] for POST '/session/6a70da45c343c0ac3de61ad181f78b24/element'
12:22:31.112 [AsyncHttpClient-1-17] DEBUG org.asynchttpclient.netty.handler.HttpHandler - 

Request DefaultHttpRequest(decodeResult: success, version: HTTP/1.1)
POST /session/6a70da45c343c0ac3de61ad181f78b24/element HTTP/1.1
User-Agent: selenium/4.8.3 (java windows)
Content-Length: 62
Content-Type: application/json; charset=utf-8
host: localhost:33709
accept: */*

Response DefaultHttpResponse(decodeResult: success, version: HTTP/1.1)
HTTP/1.1 200 OK
Content-Length: 95
Content-Type: application/json; charset=utf-8
cache-control: no-cache

12:22:31.112 [AsyncHttpClient-1-17] DEBUG org.asynchttpclient.netty.channel.ChannelManager - Adding key: http://localhost:33709 for channel [id: 0xfca21098, L:/127.0.0.1:64474 - R:localhost/127.0.0.1:33709]
12:22:31.114 [Forwarding sendKeysToElement on session 6a70da45c343c0ac3de61ad181f78b24 to remote] DEBUG org.asynchttpclient.netty.request.NettyRequestSender - Using pooled Channel '[id: 0xfca21098, L:/127.0.0.1:64474 - R:localhost/127.0.0.1:33709]' for 'POST' to 'http://localhost:33709/session/6a70da45c343c0ac3de61ad181f78b24/element/35EB7D4429BBA4C98263BA6FA27B448C_element_28/value'
12:22:31.114 [Forwarding sendKeysToElement on session 6a70da45c343c0ac3de61ad181f78b24 to remote] DEBUG org.asynchttpclient.netty.request.NettyRequestSender - Using open Channel [id: 0xfca21098, L:/127.0.0.1:64474 - R:localhost/127.0.0.1:33709] for POST '/session/6a70da45c343c0ac3de61ad181f78b24/element/35EB7D4429BBA4C98263BA6FA27B448C_element_28/value'
12:22:31.161 [AsyncHttpClient-1-17] DEBUG org.asynchttpclient.netty.handler.HttpHandler - 

Request DefaultHttpRequest(decodeResult: success, version: HTTP/1.1)
POST /session/6a70da45c343c0ac3de61ad181f78b24/element/35EB7D4429BBA4C98263BA6FA27B448C_element_28/value HTTP/1.1
User-Agent: selenium/4.8.3 (java windows)
Content-Length: 148
Content-Type: application/json; charset=utf-8
host: localhost:33709
accept: */*

Response DefaultHttpResponse(decodeResult: success, version: HTTP/1.1)
HTTP/1.1 200 OK
Content-Length: 14
Content-Type: application/json; charset=utf-8
cache-control: no-cache

12:22:31.161 [AsyncHttpClient-1-17] DEBUG org.asynchttpclient.netty.channel.ChannelManager - Adding key: http://localhost:33709 for channel [id: 0xfca21098, L:/127.0.0.1:64474 - R:localhost/127.0.0.1:33709]
12:22:31.163 [Forwarding findElement on session 6a70da45c343c0ac3de61ad181f78b24 to remote] DEBUG org.asynchttpclient.netty.request.NettyRequestSender - Using pooled Channel '[id: 0xfca21098, L:/127.0.0.1:64474 - R:localhost/127.0.0.1:33709]' for 'POST' to 'http://localhost:33709/session/6a70da45c343c0ac3de61ad181f78b24/element'
12:22:31.163 [Forwarding findElement on session 6a70da45c343c0ac3de61ad181f78b24 to remote] DEBUG org.asynchttpclient.netty.request.NettyRequestSender - Using open Channel [id: 0xfca21098, L:/127.0.0.1:64474 - R:localhost/127.0.0.1:33709] for POST '/session/6a70da45c343c0ac3de61ad181f78b24/element'
12:22:31.173 [AsyncHttpClient-1-17] DEBUG org.asynchttpclient.netty.handler.HttpHandler - 

Request DefaultHttpRequest(decodeResult: success, version: HTTP/1.1)
POST /session/6a70da45c343c0ac3de61ad181f78b24/element HTTP/1.1
User-Agent: selenium/4.8.3 (java windows)
Content-Length: 71
Content-Type: application/json; charset=utf-8
host: localhost:33709
accept: */*

Response DefaultHttpResponse(decodeResult: success, version: HTTP/1.1)
HTTP/1.1 200 OK
Content-Length: 95
Content-Type: application/json; charset=utf-8
cache-control: no-cache

12:22:31.173 [AsyncHttpClient-1-17] DEBUG org.asynchttpclient.netty.channel.ChannelManager - Adding key: http://localhost:33709 for channel [id: 0xfca21098, L:/127.0.0.1:64474 - R:localhost/127.0.0.1:33709]
12:22:31.174 [Forwarding clickElement on session 6a70da45c343c0ac3de61ad181f78b24 to remote] DEBUG org.asynchttpclient.netty.request.NettyRequestSender - Using pooled Channel '[id: 0xfca21098, L:/127.0.0.1:64474 - R:localhost/127.0.0.1:33709]' for 'POST' to 'http://localhost:33709/session/6a70da45c343c0ac3de61ad181f78b24/element/35EB7D4429BBA4C98263BA6FA27B448C_element_33/click'
12:22:31.174 [Forwarding clickElement on session 6a70da45c343c0ac3de61ad181f78b24 to remote] DEBUG org.asynchttpclient.netty.request.NettyRequestSender - Using open Channel [id: 0xfca21098, L:/127.0.0.1:64474 - R:localhost/127.0.0.1:33709] for POST '/session/6a70da45c343c0ac3de61ad181f78b24/element/35EB7D4429BBA4C98263BA6FA27B448C_element_33/click'
12:22:31.206 [AsyncHttpClient-1-17] DEBUG org.asynchttpclient.netty.handler.HttpHandler - 

Request DefaultHttpRequest(decodeResult: success, version: HTTP/1.1)
POST /session/6a70da45c343c0ac3de61ad181f78b24/element/35EB7D4429BBA4C98263BA6FA27B448C_element_33/click HTTP/1.1
User-Agent: selenium/4.8.3 (java windows)
Content-Length: 57
Content-Type: application/json; charset=utf-8
host: localhost:33709
accept: */*

Response DefaultHttpResponse(decodeResult: success, version: HTTP/1.1)
HTTP/1.1 200 OK
Content-Length: 14
Content-Type: application/json; charset=utf-8
cache-control: no-cache

12:22:31.206 [AsyncHttpClient-1-17] DEBUG org.asynchttpclient.netty.channel.ChannelManager - Adding key: http://localhost:33709 for channel [id: 0xfca21098, L:/127.0.0.1:64474 - R:localhost/127.0.0.1:33709]
2023-06-09 12:22:31 INFO  BaseTest:126 - Logged in
12:22:31.208 [rp-io-12] DEBUG com.epam.reportportal.service.Launch - Starting test item...rp-io-12
2023-06-09 12:22:31 INFO  Listeners:34 - Started Test null
12:22:31.209 [Forwarding findElement on session 6a70da45c343c0ac3de61ad181f78b24 to remote] DEBUG org.asynchttpclient.netty.request.NettyRequestSender - Using pooled Channel '[id: 0xfca21098, L:/127.0.0.1:64474 - R:localhost/127.0.0.1:33709]' for 'POST' to 'http://localhost:33709/session/6a70da45c343c0ac3de61ad181f78b24/element'
12:22:31.209 [Forwarding findElement on session 6a70da45c343c0ac3de61ad181f78b24 to remote] DEBUG org.asynchttpclient.netty.request.NettyRequestSender - Using open Channel [id: 0xfca21098, L:/127.0.0.1:64474 - R:localhost/127.0.0.1:33709] for POST '/session/6a70da45c343c0ac3de61ad181f78b24/element'
12:22:31.225 [rp-io-99] DEBUG com.epam.reportportal.service.Launch - TestItem with ID = 'be68e961-5e01-416e-bccc-23b1653da204' successfully finished.
12:22:31.225 [rp-io-99] DEBUG com.epam.reportportal.utils.SubscriptionUtils - Finish test item completed
12:22:31.234 [rp-io-12] DEBUG com.epam.reportportal.service.Launch - ReportPortal item with ID '321a5e03-4ce0-46a8-8a53-b65f4f00f9c9' has been created
12:22:31.234 [rp-io-12] DEBUG com.epam.reportportal.utils.SubscriptionUtils - Start test item successfully completed
12:22:31.498 [AsyncHttpClient-1-17] DEBUG org.asynchttpclient.netty.handler.HttpHandler - 

Request DefaultHttpRequest(decodeResult: success, version: HTTP/1.1)
POST /session/6a70da45c343c0ac3de61ad181f78b24/element HTTP/1.1
User-Agent: selenium/4.8.3 (java windows)
Content-Length: 168
Content-Type: application/json; charset=utf-8
host: localhost:33709
accept: */*

Response DefaultHttpResponse(decodeResult: success, version: HTTP/1.1)
HTTP/1.1 200 OK
Content-Length: 95
Content-Type: application/json; charset=utf-8
cache-control: no-cache

12:22:31.498 [AsyncHttpClient-1-17] DEBUG org.asynchttpclient.netty.channel.ChannelManager - Adding key: http://localhost:33709 for channel [id: 0xfca21098, L:/127.0.0.1:64474 - R:localhost/127.0.0.1:33709]
12:22:31.499 [Forwarding clickElement on session 6a70da45c343c0ac3de61ad181f78b24 to remote] DEBUG org.asynchttpclient.netty.request.NettyRequestSender - Using pooled Channel '[id: 0xfca21098, L:/127.0.0.1:64474 - R:localhost/127.0.0.1:33709]' for 'POST' to 'http://localhost:33709/session/6a70da45c343c0ac3de61ad181f78b24/element/35EB7D4429BBA4C98263BA6FA27B448C_element_43/click'
12:22:31.499 [Forwarding clickElement on session 6a70da45c343c0ac3de61ad181f78b24 to remote] DEBUG org.asynchttpclient.netty.request.NettyRequestSender - Using open Channel [id: 0xfca21098, L:/127.0.0.1:64474 - R:localhost/127.0.0.1:33709] for POST '/session/6a70da45c343c0ac3de61ad181f78b24/element/35EB7D4429BBA4C98263BA6FA27B448C_element_43/click'
12:22:31.543 [AsyncHttpClient-1-1] DEBUG org.asynchttpclient.netty.channel.DefaultChannelPool - Entry count for : http://localhost:64476 : 1
12:22:31.602 [AsyncHttpClient-1-17] DEBUG org.asynchttpclient.netty.handler.HttpHandler - 

Request DefaultHttpRequest(decodeResult: success, version: HTTP/1.1)
POST /session/6a70da45c343c0ac3de61ad181f78b24/element/35EB7D4429BBA4C98263BA6FA27B448C_element_43/click HTTP/1.1
User-Agent: selenium/4.8.3 (java windows)
Content-Length: 57
Content-Type: application/json; charset=utf-8
host: localhost:33709
accept: */*

Response DefaultHttpResponse(decodeResult: success, version: HTTP/1.1)
HTTP/1.1 200 OK
Content-Length: 14
Content-Type: application/json; charset=utf-8
cache-control: no-cache

12:22:31.602 [AsyncHttpClient-1-17] DEBUG org.asynchttpclient.netty.channel.ChannelManager - Adding key: http://localhost:33709 for channel [id: 0xfca21098, L:/127.0.0.1:64474 - R:localhost/127.0.0.1:33709]
12:22:31.604 [Forwarding findElement on session 6a70da45c343c0ac3de61ad181f78b24 to remote] DEBUG org.asynchttpclient.netty.request.NettyRequestSender - Using pooled Channel '[id: 0xfca21098, L:/127.0.0.1:64474 - R:localhost/127.0.0.1:33709]' for 'POST' to 'http://localhost:33709/session/6a70da45c343c0ac3de61ad181f78b24/element'
12:22:31.604 [Forwarding findElement on session 6a70da45c343c0ac3de61ad181f78b24 to remote] DEBUG org.asynchttpclient.netty.request.NettyRequestSender - Using open Channel [id: 0xfca21098, L:/127.0.0.1:64474 - R:localhost/127.0.0.1:33709] for POST '/session/6a70da45c343c0ac3de61ad181f78b24/element'
12:22:32.639 [AsyncHttpClient-1-1] DEBUG org.asynchttpclient.netty.channel.DefaultChannelPool - Entry count for : http://localhost:64476 : 1
12:22:33.739 [AsyncHttpClient-1-1] DEBUG org.asynchttpclient.netty.channel.DefaultChannelPool - Entry count for : http://localhost:64476 : 1
12:22:34.842 [AsyncHttpClient-1-1] DEBUG org.asynchttpclient.netty.channel.DefaultChannelPool - Entry count for : http://localhost:64476 : 1
12:22:35.771 [AsyncHttpClient-1-17] DEBUG org.asynchttpclient.netty.handler.HttpHandler - 

Request DefaultHttpRequest(decodeResult: success, version: HTTP/1.1)
POST /session/6a70da45c343c0ac3de61ad181f78b24/element HTTP/1.1
User-Agent: selenium/4.8.3 (java windows)
Content-Length: 85
Content-Type: application/json; charset=utf-8
host: localhost:33709
accept: */*

Response DefaultHttpResponse(decodeResult: success, version: HTTP/1.1)
HTTP/1.1 404 Not Found
Content-Length: 975
Content-Type: application/json; charset=utf-8
cache-control: no-cache

12:22:35.771 [AsyncHttpClient-1-17] DEBUG org.asynchttpclient.netty.channel.ChannelManager - Adding key: http://localhost:33709 for channel [id: 0xfca21098, L:/127.0.0.1:64474 - R:localhost/127.0.0.1:33709]
2023-06-09 12:22:35 INFO  Listeners:42 - Failed Test null
]]></system-out>
    <system-err><![CDATA[Starting ChromeDriver 114.0.5735.90 (386bc09e8f4f2e025eddae123f36f6263096ae49-refs/branch-heads/5735@{#1052}) on port 33709
Only local connections are allowed.
Please see https://chromedriver.chromium.org/security-considerations for suggestions on keeping ChromeDriver safe.
ChromeDriver was started successfully.
Jun 09, 2023 12:22:29 PM org.openqa.selenium.devtools.CdpVersionFinder findNearestMatch
WARNING: Unable to find an exact match for CDP version 114, so returning the closest version found: 111
]]></system-err>
  </testcase>
  <testcase name="searchDashboardNameDP[LAUNCHES DURATION CHART](7)" classname="alltests.uitest.coreTest.DashboardPageTest" time="1.137">
    <system-out><![CDATA[12:22:35.791 [rp-io-18] DEBUG com.epam.reportportal.service.Launch - Starting test item...rp-io-18
12:22:35.815 [rp-io-13] DEBUG com.epam.reportportal.service.Launch - TestItem with ID = '321a5e03-4ce0-46a8-8a53-b65f4f00f9c9' successfully finished.
12:22:35.815 [rp-io-13] DEBUG com.epam.reportportal.utils.SubscriptionUtils - Finish test item completed
12:22:35.819 [Forwarding screenshot on session 6a70da45c343c0ac3de61ad181f78b24 to remote] DEBUG org.asynchttpclient.netty.request.NettyRequestSender - Using pooled Channel '[id: 0xfca21098, L:/127.0.0.1:64474 - R:localhost/127.0.0.1:33709]' for 'GET' to 'http://localhost:33709/session/6a70da45c343c0ac3de61ad181f78b24/screenshot'
12:22:35.820 [Forwarding screenshot on session 6a70da45c343c0ac3de61ad181f78b24 to remote] DEBUG org.asynchttpclient.netty.request.NettyRequestSender - Using open Channel [id: 0xfca21098, L:/127.0.0.1:64474 - R:localhost/127.0.0.1:33709] for GET '/session/6a70da45c343c0ac3de61ad181f78b24/screenshot'
12:22:35.835 [rp-io-16] DEBUG com.epam.reportportal.service.Launch - ReportPortal item with ID 'ddb47550-86b0-4e28-8ac7-1264231e6aaa' has been created
12:22:35.835 [rp-io-16] DEBUG com.epam.reportportal.utils.SubscriptionUtils - Start test item successfully completed
12:22:35.940 [AsyncHttpClient-1-1] DEBUG org.asynchttpclient.netty.channel.DefaultChannelPool - Entry count for : http://localhost:64476 : 1
12:22:35.956 [AsyncHttpClient-1-17] DEBUG org.asynchttpclient.netty.handler.HttpHandler - 

Request DefaultFullHttpRequest(decodeResult: success, version: HTTP/1.1, content: EmptyByteBufBE)
GET /session/6a70da45c343c0ac3de61ad181f78b24/screenshot HTTP/1.1
User-Agent: selenium/4.8.3 (java windows)
Cache-Control: no-cache
Content-Type: application/json; charset=utf-8
host: localhost:33709
accept: */*

Response DefaultHttpResponse(decodeResult: success, version: HTTP/1.1)
HTTP/1.1 200 OK
Content-Length: 176224
Content-Type: application/json; charset=utf-8
cache-control: no-cache

12:22:35.958 [AsyncHttpClient-1-17] DEBUG org.asynchttpclient.netty.channel.ChannelManager - Adding key: http://localhost:33709 for channel [id: 0xfca21098, L:/127.0.0.1:64474 - R:localhost/127.0.0.1:33709]
12:22:35.976 [AsyncHttpClient-1-3] DEBUG org.asynchttpclient.netty.handler.WebSocketHandler - Channel Closed: [id: 0x90aeca69, L:/127.0.0.1:64483 ! R:localhost/127.0.0.1:64476] with attribute NettyResponseFuture{currentRetry=0,
	isDone=1,
	isCancelled=0,
	asyncHandler=org.asynchttpclient.ws.WebSocketUpgradeHandler@49a50a5e,
	nettyRequest=org.asynchttpclient.netty.request.NettyRequest@3f95f26a,
	future=java.util.concurrent.CompletableFuture@5f149179[Completed normally],
	uri=ws://localhost:64476/devtools/browser/75d671c5-1318-4990-a5f9-0aae42618f65,
	keepAlive=true,
	redirectCount=0,
	timeoutsHolder=null,
	inAuth=0,
	touch=1686306149566}
12:22:35.976 [AsyncHttpClient-1-3] DEBUG org.asynchttpclient.netty.channel.ChannelManager - Closing Channel [id: 0x90aeca69, L:/127.0.0.1:64483 ! R:localhost/127.0.0.1:64476] 
12:22:35.976 [Driver Command Executor] DEBUG org.asynchttpclient.netty.request.NettyRequestSender - Using pooled Channel '[id: 0xfca21098, L:/127.0.0.1:64474 - R:localhost/127.0.0.1:33709]' for 'DELETE' to 'http://localhost:33709/session/6a70da45c343c0ac3de61ad181f78b24'
12:22:35.976 [Driver Command Executor] DEBUG org.asynchttpclient.netty.request.NettyRequestSender - Using open Channel [id: 0xfca21098, L:/127.0.0.1:64474 - R:localhost/127.0.0.1:33709] for DELETE '/session/6a70da45c343c0ac3de61ad181f78b24'
12:22:36.085 [AsyncHttpClient-1-2] DEBUG org.asynchttpclient.netty.handler.HttpHandler - Unexpected I/O exception on channel [id: 0xf270b6ac, L:/127.0.0.1:64482 - R:localhost/127.0.0.1:64476]
java.net.SocketException: Connection reset
	at java.base/sun.nio.ch.SocketChannelImpl.throwConnectionReset(SocketChannelImpl.java:394)
	at java.base/sun.nio.ch.SocketChannelImpl.read(SocketChannelImpl.java:426)
	at io.netty.buffer.PooledByteBuf.setBytes(PooledByteBuf.java:256)
	at io.netty.buffer.AbstractByteBuf.writeBytes(AbstractByteBuf.java:1132)
	at io.netty.channel.socket.nio.NioSocketChannel.doReadBytes(NioSocketChannel.java:357)
	at io.netty.channel.nio.AbstractNioByteChannel$NioByteUnsafe.read(AbstractNioByteChannel.java:151)
	at io.netty.channel.nio.NioEventLoop.processSelectedKey(NioEventLoop.java:788)
	at io.netty.channel.nio.NioEventLoop.processSelectedKeysOptimized(NioEventLoop.java:724)
	at io.netty.channel.nio.NioEventLoop.processSelectedKeys(NioEventLoop.java:650)
	at io.netty.channel.nio.NioEventLoop.run(NioEventLoop.java:562)
	at io.netty.util.concurrent.SingleThreadEventExecutor$4.run(SingleThreadEventExecutor.java:997)
	at io.netty.util.internal.ThreadExecutorMap$2.run(ThreadExecutorMap.java:74)
	at io.netty.util.concurrent.FastThreadLocalRunnable.run(FastThreadLocalRunnable.java:30)
	at java.base/java.lang.Thread.run(Thread.java:833)
12:22:36.085 [AsyncHttpClient-1-2] DEBUG org.asynchttpclient.netty.channel.ChannelManager - Closing Channel [id: 0xf270b6ac, L:/127.0.0.1:64482 - R:localhost/127.0.0.1:64476] 
12:22:36.085 [AsyncHttpClient-1-2] DEBUG org.asynchttpclient.netty.handler.HttpHandler - Channel Closed: [id: 0xf270b6ac, L:/127.0.0.1:64482 ! R:localhost/127.0.0.1:64476] with attribute DISCARD
12:22:36.100 [AsyncHttpClient-1-17] DEBUG org.asynchttpclient.netty.handler.HttpHandler - 

Request DefaultFullHttpRequest(decodeResult: success, version: HTTP/1.1, content: EmptyByteBufBE)
DELETE /session/6a70da45c343c0ac3de61ad181f78b24 HTTP/1.1
User-Agent: selenium/4.8.3 (java windows)
Content-Type: application/json; charset=utf-8
host: localhost:33709
accept: */*

Response DefaultHttpResponse(decodeResult: success, version: HTTP/1.1)
HTTP/1.1 200 OK
Content-Length: 14
Content-Type: application/json; charset=utf-8
cache-control: no-cache

12:22:36.100 [AsyncHttpClient-1-17] DEBUG org.asynchttpclient.netty.channel.ChannelManager - Adding key: http://localhost:33709 for channel [id: 0xfca21098, L:/127.0.0.1:64474 - R:localhost/127.0.0.1:33709]
12:22:36.144 [AsyncHttpClient-1-17] DEBUG org.asynchttpclient.netty.handler.HttpHandler - Channel Closed: [id: 0xfca21098, L:/127.0.0.1:64474 ! R:localhost/127.0.0.1:33709] with attribute DISCARD
2023-06-09 12:22:36 INFO  BaseTest:83 - Test executed**********
12:22:36.194 [rp-io-25] DEBUG com.epam.reportportal.service.Launch - Starting test item...rp-io-25
2023-06-09 12:22:36 INFO  BaseTest:110 - Property files loaded successfully**********
12:22:36.206 [main] DEBUG io.github.bonigarcia.wdm.cache.ResolutionCache - Resolution chrome=114 in cache (valid until 13:14:48 09/06/2023 CEST)
12:22:36.207 [main] DEBUG io.github.bonigarcia.wdm.cache.ResolutionCache - Resolution chrome114=114.0.5735.90 in cache (valid until 12:14:48 10/06/2023 CEST)
12:22:36.207 [main] INFO io.github.bonigarcia.wdm.WebDriverManager - Using chromedriver 114.0.5735.90 (resolved driver for Chrome 114)
12:22:36.211 [rp-io-21] DEBUG com.epam.reportportal.service.Launch - TestItem with ID = 'ddb47550-86b0-4e28-8ac7-1264231e6aaa' successfully finished.
12:22:36.211 [rp-io-21] DEBUG com.epam.reportportal.utils.SubscriptionUtils - Finish test item completed
12:22:36.214 [rp-io-22] DEBUG com.epam.reportportal.service.Launch - ReportPortal item with ID 'b4a4e7b8-2b51-4d99-98f6-66174e932322' has been created
12:22:36.214 [rp-io-22] DEBUG com.epam.reportportal.utils.SubscriptionUtils - Start test item successfully completed
12:22:36.214 [main] DEBUG io.github.bonigarcia.wdm.WebDriverManager - Driver chromedriver 114.0.5735.90 found in cache
12:22:36.215 [main] INFO io.github.bonigarcia.wdm.WebDriverManager - Exporting webdriver.chrome.driver as C:\Users\Suwarna_Wagh\.cache\selenium\chromedriver\win32\114.0.5735.90\chromedriver.exe
12:22:36.286 [AsyncHttpClient-1-4] DEBUG org.asynchttpclient.netty.channel.NettyConnectListener - Using new Channel '[id: 0x0e94dc4f, L:/127.0.0.1:64508 - R:localhost/127.0.0.1:43370]' for 'POST' to '/session'
12:22:37.038 [AsyncHttpClient-1-1] DEBUG org.asynchttpclient.netty.channel.DefaultChannelPool - Entry count for : http://localhost:33709 : 1
12:22:37.038 [AsyncHttpClient-1-1] DEBUG org.asynchttpclient.netty.channel.DefaultChannelPool - Entry count for : http://localhost:64476 : 1
12:22:37.038 [AsyncHttpClient-1-1] DEBUG org.asynchttpclient.netty.channel.DefaultChannelPool - Adding Candidate expired Channel [id: 0xfca21098, L:/127.0.0.1:64474 ! R:localhost/127.0.0.1:33709] isIdleTimeoutExpired=false isRemotelyClosed=true isTtlExpired=false
12:22:37.038 [AsyncHttpClient-1-1] DEBUG org.asynchttpclient.netty.channel.DefaultChannelPool - Closing Idle Channel [id: 0xfca21098, L:/127.0.0.1:64474 ! R:localhost/127.0.0.1:33709]
12:22:37.038 [AsyncHttpClient-1-1] DEBUG org.asynchttpclient.netty.channel.DefaultChannelPool - Adding Candidate expired Channel [id: 0xf270b6ac, L:/127.0.0.1:64482 ! R:localhost/127.0.0.1:64476] isIdleTimeoutExpired=false isRemotelyClosed=true isTtlExpired=false
12:22:37.038 [AsyncHttpClient-1-1] DEBUG org.asynchttpclient.netty.channel.DefaultChannelPool - Closing Idle Channel [id: 0xf270b6ac, L:/127.0.0.1:64482 ! R:localhost/127.0.0.1:64476]
12:22:37.038 [AsyncHttpClient-1-1] DEBUG org.asynchttpclient.netty.channel.DefaultChannelPool - Closed 2 connections out of 2 in 0 ms
12:22:37.083 [AsyncHttpClient-1-4] DEBUG org.asynchttpclient.netty.handler.HttpHandler - 

Request DefaultHttpRequest(decodeResult: success, version: HTTP/1.1)
POST /session HTTP/1.1
User-Agent: selenium/4.8.3 (java windows)
Content-Length: 439
Content-Type: application/json; charset=utf-8
host: localhost:43370
accept: */*

Response DefaultHttpResponse(decodeResult: success, version: HTTP/1.1)
HTTP/1.1 200 OK
Content-Length: 864
Content-Type: application/json; charset=utf-8
cache-control: no-cache

12:22:37.083 [AsyncHttpClient-1-4] DEBUG org.asynchttpclient.netty.channel.ChannelManager - Adding key: http://localhost:43370 for channel [id: 0x0e94dc4f, L:/127.0.0.1:64508 - R:localhost/127.0.0.1:43370]
12:22:37.089 [AsyncHttpClient-1-5] DEBUG org.asynchttpclient.netty.channel.NettyConnectListener - Using new Channel '[id: 0x1a6853b7, L:/127.0.0.1:64516 - R:localhost/127.0.0.1:64509]' for 'GET' to '/json/version'
12:22:37.090 [AsyncHttpClient-1-5] DEBUG org.asynchttpclient.netty.handler.HttpHandler - 

Request DefaultFullHttpRequest(decodeResult: success, version: HTTP/1.1, content: EmptyByteBufBE)
GET /json/version HTTP/1.1
User-Agent: selenium/4.8.3 (java windows)
host: localhost:64509
accept: */*

Response DefaultHttpResponse(decodeResult: success, version: HTTP/1.1)
HTTP/1.1 200 OK
Content-Security-Policy: frame-ancestors 'none'
Content-Length: 424
Content-Type: application/json; charset=UTF-8

12:22:37.090 [AsyncHttpClient-1-5] DEBUG org.asynchttpclient.netty.channel.ChannelManager - Adding key: http://localhost:64509 for channel [id: 0x1a6853b7, L:/127.0.0.1:64516 - R:localhost/127.0.0.1:64509]
12:22:37.092 [AsyncHttpClient-1-6] DEBUG org.asynchttpclient.netty.channel.NettyConnectListener - Using new Channel '[id: 0x80e3e252, L:/127.0.0.1:64517 - R:localhost/127.0.0.1:64509]' for 'GET' to '/devtools/browser/143b194d-2a75-48ee-ba00-16ec3fdaef0f'
12:22:37.092 [AsyncHttpClient-1-6] DEBUG org.asynchttpclient.netty.handler.WebSocketHandler - 

Request DefaultFullHttpRequest(decodeResult: success, version: HTTP/1.1, content: EmptyByteBufBE)
GET /devtools/browser/143b194d-2a75-48ee-ba00-16ec3fdaef0f HTTP/1.1
upgrade: websocket
connection: upgrade
sec-websocket-key: xwNTUHGnQV2lE/xNM4BbSQ==
sec-websocket-version: 13
origin: http://localhost:64509
host: localhost:64509
accept: */*
user-agent: AHC/2.1

Response DefaultHttpResponse(decodeResult: success, version: HTTP/1.1)
HTTP/1.1 101 WebSocket Protocol Handshake
Upgrade: WebSocket
Connection: Upgrade
Sec-WebSocket-Accept: RWZYQm1qLbJfI0QWpZliSzA2Kyg=

12:22:37.097 [Forwarding setTimeout on session cb6dac9fedafd2dda630e40186aca5f1 to remote] DEBUG org.asynchttpclient.netty.request.NettyRequestSender - Using pooled Channel '[id: 0x0e94dc4f, L:/127.0.0.1:64508 - R:localhost/127.0.0.1:43370]' for 'POST' to 'http://localhost:43370/session/cb6dac9fedafd2dda630e40186aca5f1/timeouts'
12:22:37.098 [Forwarding setTimeout on session cb6dac9fedafd2dda630e40186aca5f1 to remote] DEBUG org.asynchttpclient.netty.request.NettyRequestSender - Using open Channel [id: 0x0e94dc4f, L:/127.0.0.1:64508 - R:localhost/127.0.0.1:43370] for POST '/session/cb6dac9fedafd2dda630e40186aca5f1/timeouts'
12:22:37.100 [AsyncHttpClient-1-4] DEBUG org.asynchttpclient.netty.handler.HttpHandler - 

Request DefaultHttpRequest(decodeResult: success, version: HTTP/1.1)
POST /session/cb6dac9fedafd2dda630e40186aca5f1/timeouts HTTP/1.1
User-Agent: selenium/4.8.3 (java windows)
Content-Length: 22
Content-Type: application/json; charset=utf-8
host: localhost:43370
accept: */*

Response DefaultHttpResponse(decodeResult: success, version: HTTP/1.1)
HTTP/1.1 200 OK
Content-Length: 14
Content-Type: application/json; charset=utf-8
cache-control: no-cache

12:22:37.101 [AsyncHttpClient-1-4] DEBUG org.asynchttpclient.netty.channel.ChannelManager - Adding key: http://localhost:43370 for channel [id: 0x0e94dc4f, L:/127.0.0.1:64508 - R:localhost/127.0.0.1:43370]
12:22:37.102 [Forwarding maximizeCurrentWindow on session cb6dac9fedafd2dda630e40186aca5f1 to remote] DEBUG org.asynchttpclient.netty.request.NettyRequestSender - Using pooled Channel '[id: 0x0e94dc4f, L:/127.0.0.1:64508 - R:localhost/127.0.0.1:43370]' for 'POST' to 'http://localhost:43370/session/cb6dac9fedafd2dda630e40186aca5f1/window/maximize'
12:22:37.102 [Forwarding maximizeCurrentWindow on session cb6dac9fedafd2dda630e40186aca5f1 to remote] DEBUG org.asynchttpclient.netty.request.NettyRequestSender - Using open Channel [id: 0x0e94dc4f, L:/127.0.0.1:64508 - R:localhost/127.0.0.1:43370] for POST '/session/cb6dac9fedafd2dda630e40186aca5f1/window/maximize'
12:22:37.222 [AsyncHttpClient-1-4] DEBUG org.asynchttpclient.netty.handler.HttpHandler - 

Request DefaultHttpRequest(decodeResult: success, version: HTTP/1.1)
POST /session/cb6dac9fedafd2dda630e40186aca5f1/window/maximize HTTP/1.1
User-Agent: selenium/4.8.3 (java windows)
Content-Length: 3
Content-Type: application/json; charset=utf-8
host: localhost:43370
accept: */*

Response DefaultHttpResponse(decodeResult: success, version: HTTP/1.1)
HTTP/1.1 200 OK
Content-Length: 51
Content-Type: application/json; charset=utf-8
cache-control: no-cache

12:22:37.222 [AsyncHttpClient-1-4] DEBUG org.asynchttpclient.netty.channel.ChannelManager - Adding key: http://localhost:43370 for channel [id: 0x0e94dc4f, L:/127.0.0.1:64508 - R:localhost/127.0.0.1:43370]
12:22:37.223 [Forwarding get on session cb6dac9fedafd2dda630e40186aca5f1 to remote] DEBUG org.asynchttpclient.netty.request.NettyRequestSender - Using pooled Channel '[id: 0x0e94dc4f, L:/127.0.0.1:64508 - R:localhost/127.0.0.1:43370]' for 'POST' to 'http://localhost:43370/session/cb6dac9fedafd2dda630e40186aca5f1/url'
12:22:37.223 [Forwarding get on session cb6dac9fedafd2dda630e40186aca5f1 to remote] DEBUG org.asynchttpclient.netty.request.NettyRequestSender - Using open Channel [id: 0x0e94dc4f, L:/127.0.0.1:64508 - R:localhost/127.0.0.1:43370] for POST '/session/cb6dac9fedafd2dda630e40186aca5f1/url'
12:22:38.139 [AsyncHttpClient-1-1] DEBUG org.asynchttpclient.netty.channel.DefaultChannelPool - Entry count for : http://localhost:64509 : 1
12:22:38.488 [AsyncHttpClient-1-4] DEBUG org.asynchttpclient.netty.handler.HttpHandler - 

Request DefaultHttpRequest(decodeResult: success, version: HTTP/1.1)
POST /session/cb6dac9fedafd2dda630e40186aca5f1/url HTTP/1.1
User-Agent: selenium/4.8.3 (java windows)
Content-Length: 52
Content-Type: application/json; charset=utf-8
host: localhost:43370
accept: */*

Response DefaultHttpResponse(decodeResult: success, version: HTTP/1.1)
HTTP/1.1 200 OK
Content-Length: 14
Content-Type: application/json; charset=utf-8
cache-control: no-cache

12:22:38.488 [AsyncHttpClient-1-4] DEBUG org.asynchttpclient.netty.channel.ChannelManager - Adding key: http://localhost:43370 for channel [id: 0x0e94dc4f, L:/127.0.0.1:64508 - R:localhost/127.0.0.1:43370]
2023-06-09 12:22:38 INFO  BaseTest:104 - Test driver set up done successfully**********
2023-06-09 12:22:38 INFO  BaseTest:122 - Logging in to portal
12:22:38.491 [Forwarding findElement on session cb6dac9fedafd2dda630e40186aca5f1 to remote] DEBUG org.asynchttpclient.netty.request.NettyRequestSender - Using pooled Channel '[id: 0x0e94dc4f, L:/127.0.0.1:64508 - R:localhost/127.0.0.1:43370]' for 'POST' to 'http://localhost:43370/session/cb6dac9fedafd2dda630e40186aca5f1/element'
12:22:38.492 [Forwarding findElement on session cb6dac9fedafd2dda630e40186aca5f1 to remote] DEBUG org.asynchttpclient.netty.request.NettyRequestSender - Using open Channel [id: 0x0e94dc4f, L:/127.0.0.1:64508 - R:localhost/127.0.0.1:43370] for POST '/session/cb6dac9fedafd2dda630e40186aca5f1/element'
12:22:38.504 [AsyncHttpClient-1-4] DEBUG org.asynchttpclient.netty.handler.HttpHandler - 

Request DefaultHttpRequest(decodeResult: success, version: HTTP/1.1)
POST /session/cb6dac9fedafd2dda630e40186aca5f1/element HTTP/1.1
User-Agent: selenium/4.8.3 (java windows)
Content-Length: 59
Content-Type: application/json; charset=utf-8
host: localhost:43370
accept: */*

Response DefaultHttpResponse(decodeResult: success, version: HTTP/1.1)
HTTP/1.1 200 OK
Content-Length: 95
Content-Type: application/json; charset=utf-8
cache-control: no-cache

12:22:38.504 [AsyncHttpClient-1-4] DEBUG org.asynchttpclient.netty.channel.ChannelManager - Adding key: http://localhost:43370 for channel [id: 0x0e94dc4f, L:/127.0.0.1:64508 - R:localhost/127.0.0.1:43370]
12:22:38.505 [Forwarding clearElement on session cb6dac9fedafd2dda630e40186aca5f1 to remote] DEBUG org.asynchttpclient.netty.request.NettyRequestSender - Using pooled Channel '[id: 0x0e94dc4f, L:/127.0.0.1:64508 - R:localhost/127.0.0.1:43370]' for 'POST' to 'http://localhost:43370/session/cb6dac9fedafd2dda630e40186aca5f1/element/E9B88040739D8B88DECE0A61A42DDBE2_element_30/clear'
12:22:38.505 [Forwarding clearElement on session cb6dac9fedafd2dda630e40186aca5f1 to remote] DEBUG org.asynchttpclient.netty.request.NettyRequestSender - Using open Channel [id: 0x0e94dc4f, L:/127.0.0.1:64508 - R:localhost/127.0.0.1:43370] for POST '/session/cb6dac9fedafd2dda630e40186aca5f1/element/E9B88040739D8B88DECE0A61A42DDBE2_element_30/clear'
12:22:38.543 [AsyncHttpClient-1-4] DEBUG org.asynchttpclient.netty.handler.HttpHandler - 

Request DefaultHttpRequest(decodeResult: success, version: HTTP/1.1)
POST /session/cb6dac9fedafd2dda630e40186aca5f1/element/E9B88040739D8B88DECE0A61A42DDBE2_element_30/clear HTTP/1.1
User-Agent: selenium/4.8.3 (java windows)
Content-Length: 57
Content-Type: application/json; charset=utf-8
host: localhost:43370
accept: */*

Response DefaultHttpResponse(decodeResult: success, version: HTTP/1.1)
HTTP/1.1 200 OK
Content-Length: 14
Content-Type: application/json; charset=utf-8
cache-control: no-cache

12:22:38.543 [AsyncHttpClient-1-4] DEBUG org.asynchttpclient.netty.channel.ChannelManager - Adding key: http://localhost:43370 for channel [id: 0x0e94dc4f, L:/127.0.0.1:64508 - R:localhost/127.0.0.1:43370]
12:22:38.546 [Forwarding findElement on session cb6dac9fedafd2dda630e40186aca5f1 to remote] DEBUG org.asynchttpclient.netty.request.NettyRequestSender - Using pooled Channel '[id: 0x0e94dc4f, L:/127.0.0.1:64508 - R:localhost/127.0.0.1:43370]' for 'POST' to 'http://localhost:43370/session/cb6dac9fedafd2dda630e40186aca5f1/element'
12:22:38.546 [Forwarding findElement on session cb6dac9fedafd2dda630e40186aca5f1 to remote] DEBUG org.asynchttpclient.netty.request.NettyRequestSender - Using open Channel [id: 0x0e94dc4f, L:/127.0.0.1:64508 - R:localhost/127.0.0.1:43370] for POST '/session/cb6dac9fedafd2dda630e40186aca5f1/element'
12:22:38.553 [AsyncHttpClient-1-4] DEBUG org.asynchttpclient.netty.handler.HttpHandler - 

Request DefaultHttpRequest(decodeResult: success, version: HTTP/1.1)
POST /session/cb6dac9fedafd2dda630e40186aca5f1/element HTTP/1.1
User-Agent: selenium/4.8.3 (java windows)
Content-Length: 59
Content-Type: application/json; charset=utf-8
host: localhost:43370
accept: */*

Response DefaultHttpResponse(decodeResult: success, version: HTTP/1.1)
HTTP/1.1 200 OK
Content-Length: 95
Content-Type: application/json; charset=utf-8
cache-control: no-cache

12:22:38.553 [AsyncHttpClient-1-4] DEBUG org.asynchttpclient.netty.channel.ChannelManager - Adding key: http://localhost:43370 for channel [id: 0x0e94dc4f, L:/127.0.0.1:64508 - R:localhost/127.0.0.1:43370]
12:22:38.554 [Forwarding sendKeysToElement on session cb6dac9fedafd2dda630e40186aca5f1 to remote] DEBUG org.asynchttpclient.netty.request.NettyRequestSender - Using pooled Channel '[id: 0x0e94dc4f, L:/127.0.0.1:64508 - R:localhost/127.0.0.1:43370]' for 'POST' to 'http://localhost:43370/session/cb6dac9fedafd2dda630e40186aca5f1/element/E9B88040739D8B88DECE0A61A42DDBE2_element_30/value'
12:22:38.554 [Forwarding sendKeysToElement on session cb6dac9fedafd2dda630e40186aca5f1 to remote] DEBUG org.asynchttpclient.netty.request.NettyRequestSender - Using open Channel [id: 0x0e94dc4f, L:/127.0.0.1:64508 - R:localhost/127.0.0.1:43370] for POST '/session/cb6dac9fedafd2dda630e40186aca5f1/element/E9B88040739D8B88DECE0A61A42DDBE2_element_30/value'
12:22:38.646 [AsyncHttpClient-1-4] DEBUG org.asynchttpclient.netty.handler.HttpHandler - 

Request DefaultHttpRequest(decodeResult: success, version: HTTP/1.1)
POST /session/cb6dac9fedafd2dda630e40186aca5f1/element/E9B88040739D8B88DECE0A61A42DDBE2_element_30/value HTTP/1.1
User-Agent: selenium/4.8.3 (java windows)
Content-Length: 188
Content-Type: application/json; charset=utf-8
host: localhost:43370
accept: */*

Response DefaultHttpResponse(decodeResult: success, version: HTTP/1.1)
HTTP/1.1 200 OK
Content-Length: 14
Content-Type: application/json; charset=utf-8
cache-control: no-cache

12:22:38.647 [AsyncHttpClient-1-4] DEBUG org.asynchttpclient.netty.channel.ChannelManager - Adding key: http://localhost:43370 for channel [id: 0x0e94dc4f, L:/127.0.0.1:64508 - R:localhost/127.0.0.1:43370]
12:22:38.648 [Forwarding findElement on session cb6dac9fedafd2dda630e40186aca5f1 to remote] DEBUG org.asynchttpclient.netty.request.NettyRequestSender - Using pooled Channel '[id: 0x0e94dc4f, L:/127.0.0.1:64508 - R:localhost/127.0.0.1:43370]' for 'POST' to 'http://localhost:43370/session/cb6dac9fedafd2dda630e40186aca5f1/element'
12:22:38.648 [Forwarding findElement on session cb6dac9fedafd2dda630e40186aca5f1 to remote] DEBUG org.asynchttpclient.netty.request.NettyRequestSender - Using open Channel [id: 0x0e94dc4f, L:/127.0.0.1:64508 - R:localhost/127.0.0.1:43370] for POST '/session/cb6dac9fedafd2dda630e40186aca5f1/element'
12:22:38.662 [AsyncHttpClient-1-4] DEBUG org.asynchttpclient.netty.handler.HttpHandler - 

Request DefaultHttpRequest(decodeResult: success, version: HTTP/1.1)
POST /session/cb6dac9fedafd2dda630e40186aca5f1/element HTTP/1.1
User-Agent: selenium/4.8.3 (java windows)
Content-Length: 62
Content-Type: application/json; charset=utf-8
host: localhost:43370
accept: */*

Response DefaultHttpResponse(decodeResult: success, version: HTTP/1.1)
HTTP/1.1 200 OK
Content-Length: 95
Content-Type: application/json; charset=utf-8
cache-control: no-cache

12:22:38.662 [AsyncHttpClient-1-4] DEBUG org.asynchttpclient.netty.channel.ChannelManager - Adding key: http://localhost:43370 for channel [id: 0x0e94dc4f, L:/127.0.0.1:64508 - R:localhost/127.0.0.1:43370]
12:22:38.663 [Forwarding clearElement on session cb6dac9fedafd2dda630e40186aca5f1 to remote] DEBUG org.asynchttpclient.netty.request.NettyRequestSender - Using pooled Channel '[id: 0x0e94dc4f, L:/127.0.0.1:64508 - R:localhost/127.0.0.1:43370]' for 'POST' to 'http://localhost:43370/session/cb6dac9fedafd2dda630e40186aca5f1/element/E9B88040739D8B88DECE0A61A42DDBE2_element_32/clear'
12:22:38.663 [Forwarding clearElement on session cb6dac9fedafd2dda630e40186aca5f1 to remote] DEBUG org.asynchttpclient.netty.request.NettyRequestSender - Using open Channel [id: 0x0e94dc4f, L:/127.0.0.1:64508 - R:localhost/127.0.0.1:43370] for POST '/session/cb6dac9fedafd2dda630e40186aca5f1/element/E9B88040739D8B88DECE0A61A42DDBE2_element_32/clear'
12:22:38.696 [AsyncHttpClient-1-4] DEBUG org.asynchttpclient.netty.handler.HttpHandler - 

Request DefaultHttpRequest(decodeResult: success, version: HTTP/1.1)
POST /session/cb6dac9fedafd2dda630e40186aca5f1/element/E9B88040739D8B88DECE0A61A42DDBE2_element_32/clear HTTP/1.1
User-Agent: selenium/4.8.3 (java windows)
Content-Length: 57
Content-Type: application/json; charset=utf-8
host: localhost:43370
accept: */*

Response DefaultHttpResponse(decodeResult: success, version: HTTP/1.1)
HTTP/1.1 200 OK
Content-Length: 14
Content-Type: application/json; charset=utf-8
cache-control: no-cache

12:22:38.696 [AsyncHttpClient-1-4] DEBUG org.asynchttpclient.netty.channel.ChannelManager - Adding key: http://localhost:43370 for channel [id: 0x0e94dc4f, L:/127.0.0.1:64508 - R:localhost/127.0.0.1:43370]
12:22:38.698 [Forwarding findElement on session cb6dac9fedafd2dda630e40186aca5f1 to remote] DEBUG org.asynchttpclient.netty.request.NettyRequestSender - Using pooled Channel '[id: 0x0e94dc4f, L:/127.0.0.1:64508 - R:localhost/127.0.0.1:43370]' for 'POST' to 'http://localhost:43370/session/cb6dac9fedafd2dda630e40186aca5f1/element'
12:22:38.698 [Forwarding findElement on session cb6dac9fedafd2dda630e40186aca5f1 to remote] DEBUG org.asynchttpclient.netty.request.NettyRequestSender - Using open Channel [id: 0x0e94dc4f, L:/127.0.0.1:64508 - R:localhost/127.0.0.1:43370] for POST '/session/cb6dac9fedafd2dda630e40186aca5f1/element'
12:22:38.707 [AsyncHttpClient-1-4] DEBUG org.asynchttpclient.netty.handler.HttpHandler - 

Request DefaultHttpRequest(decodeResult: success, version: HTTP/1.1)
POST /session/cb6dac9fedafd2dda630e40186aca5f1/element HTTP/1.1
User-Agent: selenium/4.8.3 (java windows)
Content-Length: 62
Content-Type: application/json; charset=utf-8
host: localhost:43370
accept: */*

Response DefaultHttpResponse(decodeResult: success, version: HTTP/1.1)
HTTP/1.1 200 OK
Content-Length: 95
Content-Type: application/json; charset=utf-8
cache-control: no-cache

12:22:38.707 [AsyncHttpClient-1-4] DEBUG org.asynchttpclient.netty.channel.ChannelManager - Adding key: http://localhost:43370 for channel [id: 0x0e94dc4f, L:/127.0.0.1:64508 - R:localhost/127.0.0.1:43370]
12:22:38.709 [Forwarding sendKeysToElement on session cb6dac9fedafd2dda630e40186aca5f1 to remote] DEBUG org.asynchttpclient.netty.request.NettyRequestSender - Using pooled Channel '[id: 0x0e94dc4f, L:/127.0.0.1:64508 - R:localhost/127.0.0.1:43370]' for 'POST' to 'http://localhost:43370/session/cb6dac9fedafd2dda630e40186aca5f1/element/E9B88040739D8B88DECE0A61A42DDBE2_element_32/value'
12:22:38.710 [Forwarding sendKeysToElement on session cb6dac9fedafd2dda630e40186aca5f1 to remote] DEBUG org.asynchttpclient.netty.request.NettyRequestSender - Using open Channel [id: 0x0e94dc4f, L:/127.0.0.1:64508 - R:localhost/127.0.0.1:43370] for POST '/session/cb6dac9fedafd2dda630e40186aca5f1/element/E9B88040739D8B88DECE0A61A42DDBE2_element_32/value'
12:22:38.824 [AsyncHttpClient-1-4] DEBUG org.asynchttpclient.netty.handler.HttpHandler - 

Request DefaultHttpRequest(decodeResult: success, version: HTTP/1.1)
POST /session/cb6dac9fedafd2dda630e40186aca5f1/element/E9B88040739D8B88DECE0A61A42DDBE2_element_32/value HTTP/1.1
User-Agent: selenium/4.8.3 (java windows)
Content-Length: 148
Content-Type: application/json; charset=utf-8
host: localhost:43370
accept: */*

Response DefaultHttpResponse(decodeResult: success, version: HTTP/1.1)
HTTP/1.1 200 OK
Content-Length: 14
Content-Type: application/json; charset=utf-8
cache-control: no-cache

12:22:38.824 [AsyncHttpClient-1-4] DEBUG org.asynchttpclient.netty.channel.ChannelManager - Adding key: http://localhost:43370 for channel [id: 0x0e94dc4f, L:/127.0.0.1:64508 - R:localhost/127.0.0.1:43370]
12:22:38.826 [Forwarding findElement on session cb6dac9fedafd2dda630e40186aca5f1 to remote] DEBUG org.asynchttpclient.netty.request.NettyRequestSender - Using pooled Channel '[id: 0x0e94dc4f, L:/127.0.0.1:64508 - R:localhost/127.0.0.1:43370]' for 'POST' to 'http://localhost:43370/session/cb6dac9fedafd2dda630e40186aca5f1/element'
12:22:38.826 [Forwarding findElement on session cb6dac9fedafd2dda630e40186aca5f1 to remote] DEBUG org.asynchttpclient.netty.request.NettyRequestSender - Using open Channel [id: 0x0e94dc4f, L:/127.0.0.1:64508 - R:localhost/127.0.0.1:43370] for POST '/session/cb6dac9fedafd2dda630e40186aca5f1/element'
12:22:38.839 [AsyncHttpClient-1-4] DEBUG org.asynchttpclient.netty.handler.HttpHandler - 

Request DefaultHttpRequest(decodeResult: success, version: HTTP/1.1)
POST /session/cb6dac9fedafd2dda630e40186aca5f1/element HTTP/1.1
User-Agent: selenium/4.8.3 (java windows)
Content-Length: 71
Content-Type: application/json; charset=utf-8
host: localhost:43370
accept: */*

Response DefaultHttpResponse(decodeResult: success, version: HTTP/1.1)
HTTP/1.1 200 OK
Content-Length: 95
Content-Type: application/json; charset=utf-8
cache-control: no-cache

12:22:38.840 [AsyncHttpClient-1-4] DEBUG org.asynchttpclient.netty.channel.ChannelManager - Adding key: http://localhost:43370 for channel [id: 0x0e94dc4f, L:/127.0.0.1:64508 - R:localhost/127.0.0.1:43370]
12:22:38.842 [Forwarding clickElement on session cb6dac9fedafd2dda630e40186aca5f1 to remote] DEBUG org.asynchttpclient.netty.request.NettyRequestSender - Using pooled Channel '[id: 0x0e94dc4f, L:/127.0.0.1:64508 - R:localhost/127.0.0.1:43370]' for 'POST' to 'http://localhost:43370/session/cb6dac9fedafd2dda630e40186aca5f1/element/E9B88040739D8B88DECE0A61A42DDBE2_element_33/click'
12:22:38.842 [Forwarding clickElement on session cb6dac9fedafd2dda630e40186aca5f1 to remote] DEBUG org.asynchttpclient.netty.request.NettyRequestSender - Using open Channel [id: 0x0e94dc4f, L:/127.0.0.1:64508 - R:localhost/127.0.0.1:43370] for POST '/session/cb6dac9fedafd2dda630e40186aca5f1/element/E9B88040739D8B88DECE0A61A42DDBE2_element_33/click'
12:22:38.890 [AsyncHttpClient-1-4] DEBUG org.asynchttpclient.netty.handler.HttpHandler - 

Request DefaultHttpRequest(decodeResult: success, version: HTTP/1.1)
POST /session/cb6dac9fedafd2dda630e40186aca5f1/element/E9B88040739D8B88DECE0A61A42DDBE2_element_33/click HTTP/1.1
User-Agent: selenium/4.8.3 (java windows)
Content-Length: 57
Content-Type: application/json; charset=utf-8
host: localhost:43370
accept: */*

Response DefaultHttpResponse(decodeResult: success, version: HTTP/1.1)
HTTP/1.1 200 OK
Content-Length: 14
Content-Type: application/json; charset=utf-8
cache-control: no-cache

12:22:38.890 [AsyncHttpClient-1-4] DEBUG org.asynchttpclient.netty.channel.ChannelManager - Adding key: http://localhost:43370 for channel [id: 0x0e94dc4f, L:/127.0.0.1:64508 - R:localhost/127.0.0.1:43370]
2023-06-09 12:22:38 INFO  BaseTest:126 - Logged in
12:22:38.893 [rp-io-31] DEBUG com.epam.reportportal.service.Launch - Starting test item...rp-io-31
2023-06-09 12:22:38 INFO  Listeners:34 - Started Test null
12:22:38.895 [Forwarding findElement on session cb6dac9fedafd2dda630e40186aca5f1 to remote] DEBUG org.asynchttpclient.netty.request.NettyRequestSender - Using pooled Channel '[id: 0x0e94dc4f, L:/127.0.0.1:64508 - R:localhost/127.0.0.1:43370]' for 'POST' to 'http://localhost:43370/session/cb6dac9fedafd2dda630e40186aca5f1/element'
12:22:38.895 [Forwarding findElement on session cb6dac9fedafd2dda630e40186aca5f1 to remote] DEBUG org.asynchttpclient.netty.request.NettyRequestSender - Using open Channel [id: 0x0e94dc4f, L:/127.0.0.1:64508 - R:localhost/127.0.0.1:43370] for POST '/session/cb6dac9fedafd2dda630e40186aca5f1/element'
12:22:38.914 [rp-io-28] DEBUG com.epam.reportportal.service.Launch - TestItem with ID = 'b4a4e7b8-2b51-4d99-98f6-66174e932322' successfully finished.
12:22:38.914 [rp-io-28] DEBUG com.epam.reportportal.utils.SubscriptionUtils - Finish test item completed
12:22:38.922 [rp-io-31] DEBUG com.epam.reportportal.service.Launch - ReportPortal item with ID 'd2c0001b-ef91-4965-adb0-590fb24b7456' has been created
12:22:38.922 [rp-io-31] DEBUG com.epam.reportportal.utils.SubscriptionUtils - Start test item successfully completed
12:22:39.240 [AsyncHttpClient-1-1] DEBUG org.asynchttpclient.netty.channel.DefaultChannelPool - Entry count for : http://localhost:64509 : 1
12:22:39.278 [AsyncHttpClient-1-4] DEBUG org.asynchttpclient.netty.handler.HttpHandler - 

Request DefaultHttpRequest(decodeResult: success, version: HTTP/1.1)
POST /session/cb6dac9fedafd2dda630e40186aca5f1/element HTTP/1.1
User-Agent: selenium/4.8.3 (java windows)
Content-Length: 168
Content-Type: application/json; charset=utf-8
host: localhost:43370
accept: */*

Response DefaultHttpResponse(decodeResult: success, version: HTTP/1.1)
HTTP/1.1 200 OK
Content-Length: 95
Content-Type: application/json; charset=utf-8
cache-control: no-cache

12:22:39.278 [AsyncHttpClient-1-4] DEBUG org.asynchttpclient.netty.channel.ChannelManager - Adding key: http://localhost:43370 for channel [id: 0x0e94dc4f, L:/127.0.0.1:64508 - R:localhost/127.0.0.1:43370]
12:22:39.279 [Forwarding clickElement on session cb6dac9fedafd2dda630e40186aca5f1 to remote] DEBUG org.asynchttpclient.netty.request.NettyRequestSender - Using pooled Channel '[id: 0x0e94dc4f, L:/127.0.0.1:64508 - R:localhost/127.0.0.1:43370]' for 'POST' to 'http://localhost:43370/session/cb6dac9fedafd2dda630e40186aca5f1/element/E9B88040739D8B88DECE0A61A42DDBE2_element_38/click'
12:22:39.279 [Forwarding clickElement on session cb6dac9fedafd2dda630e40186aca5f1 to remote] DEBUG org.asynchttpclient.netty.request.NettyRequestSender - Using open Channel [id: 0x0e94dc4f, L:/127.0.0.1:64508 - R:localhost/127.0.0.1:43370] for POST '/session/cb6dac9fedafd2dda630e40186aca5f1/element/E9B88040739D8B88DECE0A61A42DDBE2_element_38/click'
12:22:39.527 [AsyncHttpClient-1-4] DEBUG org.asynchttpclient.netty.handler.HttpHandler - 

Request DefaultHttpRequest(decodeResult: success, version: HTTP/1.1)
POST /session/cb6dac9fedafd2dda630e40186aca5f1/element/E9B88040739D8B88DECE0A61A42DDBE2_element_38/click HTTP/1.1
User-Agent: selenium/4.8.3 (java windows)
Content-Length: 57
Content-Type: application/json; charset=utf-8
host: localhost:43370
accept: */*

Response DefaultHttpResponse(decodeResult: success, version: HTTP/1.1)
HTTP/1.1 200 OK
Content-Length: 14
Content-Type: application/json; charset=utf-8
cache-control: no-cache

12:22:39.527 [AsyncHttpClient-1-4] DEBUG org.asynchttpclient.netty.channel.ChannelManager - Adding key: http://localhost:43370 for channel [id: 0x0e94dc4f, L:/127.0.0.1:64508 - R:localhost/127.0.0.1:43370]
12:22:39.529 [Forwarding findElement on session cb6dac9fedafd2dda630e40186aca5f1 to remote] DEBUG org.asynchttpclient.netty.request.NettyRequestSender - Using pooled Channel '[id: 0x0e94dc4f, L:/127.0.0.1:64508 - R:localhost/127.0.0.1:43370]' for 'POST' to 'http://localhost:43370/session/cb6dac9fedafd2dda630e40186aca5f1/element'
12:22:39.529 [Forwarding findElement on session cb6dac9fedafd2dda630e40186aca5f1 to remote] DEBUG org.asynchttpclient.netty.request.NettyRequestSender - Using open Channel [id: 0x0e94dc4f, L:/127.0.0.1:64508 - R:localhost/127.0.0.1:43370] for POST '/session/cb6dac9fedafd2dda630e40186aca5f1/element'
12:22:39.761 [AsyncHttpClient-1-4] DEBUG org.asynchttpclient.netty.handler.HttpHandler - 

Request DefaultHttpRequest(decodeResult: success, version: HTTP/1.1)
POST /session/cb6dac9fedafd2dda630e40186aca5f1/element HTTP/1.1
User-Agent: selenium/4.8.3 (java windows)
Content-Length: 84
Content-Type: application/json; charset=utf-8
host: localhost:43370
accept: */*

Response DefaultHttpResponse(decodeResult: success, version: HTTP/1.1)
HTTP/1.1 200 OK
Content-Length: 95
Content-Type: application/json; charset=utf-8
cache-control: no-cache

12:22:39.761 [AsyncHttpClient-1-4] DEBUG org.asynchttpclient.netty.channel.ChannelManager - Adding key: http://localhost:43370 for channel [id: 0x0e94dc4f, L:/127.0.0.1:64508 - R:localhost/127.0.0.1:43370]
12:22:39.762 [Forwarding executeScript on session cb6dac9fedafd2dda630e40186aca5f1 to remote] DEBUG org.asynchttpclient.netty.request.NettyRequestSender - Using pooled Channel '[id: 0x0e94dc4f, L:/127.0.0.1:64508 - R:localhost/127.0.0.1:43370]' for 'POST' to 'http://localhost:43370/session/cb6dac9fedafd2dda630e40186aca5f1/execute/sync'
12:22:39.762 [Forwarding executeScript on session cb6dac9fedafd2dda630e40186aca5f1 to remote] DEBUG org.asynchttpclient.netty.request.NettyRequestSender - Using open Channel [id: 0x0e94dc4f, L:/127.0.0.1:64508 - R:localhost/127.0.0.1:43370] for POST '/session/cb6dac9fedafd2dda630e40186aca5f1/execute/sync'
12:22:39.772 [AsyncHttpClient-1-4] DEBUG org.asynchttpclient.netty.handler.HttpHandler - 

Request DefaultHttpRequest(decodeResult: success, version: HTTP/1.1)
POST /session/cb6dac9fedafd2dda630e40186aca5f1/execute/sync HTTP/1.1
User-Agent: selenium/4.8.3 (java windows)
Content-Length: 232
Content-Type: application/json; charset=utf-8
host: localhost:43370
accept: */*

Response DefaultHttpResponse(decodeResult: success, version: HTTP/1.1)
HTTP/1.1 200 OK
Content-Length: 14
Content-Type: application/json; charset=utf-8
cache-control: no-cache

12:22:39.772 [AsyncHttpClient-1-4] DEBUG org.asynchttpclient.netty.channel.ChannelManager - Adding key: http://localhost:43370 for channel [id: 0x0e94dc4f, L:/127.0.0.1:64508 - R:localhost/127.0.0.1:43370]
12:22:39.773 [Forwarding findElement on session cb6dac9fedafd2dda630e40186aca5f1 to remote] DEBUG org.asynchttpclient.netty.request.NettyRequestSender - Using pooled Channel '[id: 0x0e94dc4f, L:/127.0.0.1:64508 - R:localhost/127.0.0.1:43370]' for 'POST' to 'http://localhost:43370/session/cb6dac9fedafd2dda630e40186aca5f1/element'
12:22:39.773 [Forwarding findElement on session cb6dac9fedafd2dda630e40186aca5f1 to remote] DEBUG org.asynchttpclient.netty.request.NettyRequestSender - Using open Channel [id: 0x0e94dc4f, L:/127.0.0.1:64508 - R:localhost/127.0.0.1:43370] for POST '/session/cb6dac9fedafd2dda630e40186aca5f1/element'
12:22:39.780 [AsyncHttpClient-1-4] DEBUG org.asynchttpclient.netty.handler.HttpHandler - 

Request DefaultHttpRequest(decodeResult: success, version: HTTP/1.1)
POST /session/cb6dac9fedafd2dda630e40186aca5f1/element HTTP/1.1
User-Agent: selenium/4.8.3 (java windows)
Content-Length: 84
Content-Type: application/json; charset=utf-8
host: localhost:43370
accept: */*

Response DefaultHttpResponse(decodeResult: success, version: HTTP/1.1)
HTTP/1.1 200 OK
Content-Length: 95
Content-Type: application/json; charset=utf-8
cache-control: no-cache

12:22:39.780 [AsyncHttpClient-1-4] DEBUG org.asynchttpclient.netty.channel.ChannelManager - Adding key: http://localhost:43370 for channel [id: 0x0e94dc4f, L:/127.0.0.1:64508 - R:localhost/127.0.0.1:43370]
12:22:39.782 [Forwarding isElementDisplayed on session cb6dac9fedafd2dda630e40186aca5f1 to remote] DEBUG org.asynchttpclient.netty.request.NettyRequestSender - Using pooled Channel '[id: 0x0e94dc4f, L:/127.0.0.1:64508 - R:localhost/127.0.0.1:43370]' for 'POST' to 'http://localhost:43370/session/cb6dac9fedafd2dda630e40186aca5f1/execute/sync'
12:22:39.783 [Forwarding isElementDisplayed on session cb6dac9fedafd2dda630e40186aca5f1 to remote] DEBUG org.asynchttpclient.netty.request.NettyRequestSender - Using open Channel [id: 0x0e94dc4f, L:/127.0.0.1:64508 - R:localhost/127.0.0.1:43370] for POST '/session/cb6dac9fedafd2dda630e40186aca5f1/execute/sync'
12:22:40.040 [AsyncHttpClient-1-4] DEBUG org.asynchttpclient.netty.handler.HttpHandler - 

Request DefaultHttpRequest(decodeResult: success, version: HTTP/1.1)
POST /session/cb6dac9fedafd2dda630e40186aca5f1/execute/sync HTTP/1.1
User-Agent: selenium/4.8.3 (java windows)
Content-Length: 48814
Content-Type: application/json; charset=utf-8
host: localhost:43370
accept: */*

Response DefaultHttpResponse(decodeResult: success, version: HTTP/1.1)
HTTP/1.1 200 OK
Content-Length: 14
Content-Type: application/json; charset=utf-8
cache-control: no-cache

12:22:40.040 [AsyncHttpClient-1-4] DEBUG org.asynchttpclient.netty.channel.ChannelManager - Adding key: http://localhost:43370 for channel [id: 0x0e94dc4f, L:/127.0.0.1:64508 - R:localhost/127.0.0.1:43370]
2023-06-09 12:22:40 INFO  Listeners:38 - Succeeded Test null
]]></system-out>
    <system-err><![CDATA[Starting ChromeDriver 114.0.5735.90 (386bc09e8f4f2e025eddae123f36f6263096ae49-refs/branch-heads/5735@{#1052}) on port 43370
Only local connections are allowed.
Please see https://chromedriver.chromium.org/security-considerations for suggestions on keeping ChromeDriver safe.
ChromeDriver was started successfully.
Jun 09, 2023 12:22:37 PM org.openqa.selenium.devtools.CdpVersionFinder findNearestMatch
WARNING: Unable to find an exact match for CDP version 114, so returning the closest version found: 111
]]></system-err>
  </testcase>
  <testcase name="searchDashboardNameDP[OVERALL STATISTICS DONUT](8)" classname="alltests.uitest.coreTest.DashboardPageTest" time="0">
    <skipped message="no such element: Unable to locate element: {&quot;method&quot;:&quot;xpath&quot;,&quot;selector&quot;:&quot;//*[text()=&apos;OVERALL STATISTICS DONUT&apos;]&quot;}&#10;  (Session info: chrome=114.0.5735.110)&#10;For documentation on this error, please visit: https://selenium.dev/exceptions/#no_such_element&#10;Build info: version: &apos;4.8.3&apos;, revision: &apos;e5e76298c3&apos;&#10;System info: os.name: &apos;Windows 10&apos;, os.arch: &apos;amd64&apos;, os.version: &apos;10.0&apos;, java.version: &apos;17.0.3.1&apos;&#10;Driver info: org.openqa.selenium.chrome.ChromeDriver&#10;Command: [7fb232b9fe2cf203d392edcb90f0288b, findElement {using=xpath, value=//*[text()=&apos;OVERALL STATISTICS DONUT&apos;]}]&#10;Capabilities {acceptInsecureCerts: false, browserName: chrome, browserVersion: 114.0.5735.110, chrome: {chromedriverVersion: 114.0.5735.90 (386bc09e8f4f..., userDataDir: C:\Users\SUWARN~1\AppData\L...}, goog:chromeOptions: {debuggerAddress: localhost:64542}, networkConnectionEnabled: false, pageLoadStrategy: normal, platformName: WINDOWS, proxy: Proxy(), se:cdp: ws://localhost:64542/devtoo..., se:cdpVersion: 114.0.5735.110, setWindowRect: true, strictFileInteractability: false, timeouts: {implicit: 0, pageLoad: 300000, script: 30000}, unhandledPromptBehavior: dismiss and notify, webauthn:extension:credBlob: true, webauthn:extension:largeBlob: true, webauthn:extension:minPinLength: true, webauthn:extension:prf: true, webauthn:virtualAuthenticators: true}&#10;Session ID: 7fb232b9fe2cf203d392edcb90f0288b"/>
    <system-out><![CDATA[12:22:40.042 [rp-io-37] DEBUG com.epam.reportportal.service.Launch - Starting test item...rp-io-37
12:22:40.044 [AsyncHttpClient-1-6] DEBUG org.asynchttpclient.netty.handler.WebSocketHandler - Channel Closed: [id: 0x80e3e252, L:/127.0.0.1:64517 ! R:localhost/127.0.0.1:64509] with attribute NettyResponseFuture{currentRetry=0,
	isDone=1,
	isCancelled=0,
	asyncHandler=org.asynchttpclient.ws.WebSocketUpgradeHandler@65e25a6d,
	nettyRequest=org.asynchttpclient.netty.request.NettyRequest@4f71324,
	future=java.util.concurrent.CompletableFuture@34d37240[Completed normally],
	uri=ws://localhost:64509/devtools/browser/143b194d-2a75-48ee-ba00-16ec3fdaef0f,
	keepAlive=true,
	redirectCount=0,
	timeoutsHolder=null,
	inAuth=0,
	touch=1686306157093}
12:22:40.044 [AsyncHttpClient-1-6] DEBUG org.asynchttpclient.netty.channel.ChannelManager - Closing Channel [id: 0x80e3e252, L:/127.0.0.1:64517 ! R:localhost/127.0.0.1:64509] 
12:22:40.045 [Driver Command Executor] DEBUG org.asynchttpclient.netty.request.NettyRequestSender - Using pooled Channel '[id: 0x0e94dc4f, L:/127.0.0.1:64508 - R:localhost/127.0.0.1:43370]' for 'DELETE' to 'http://localhost:43370/session/cb6dac9fedafd2dda630e40186aca5f1'
12:22:40.045 [Driver Command Executor] DEBUG org.asynchttpclient.netty.request.NettyRequestSender - Using open Channel [id: 0x0e94dc4f, L:/127.0.0.1:64508 - R:localhost/127.0.0.1:43370] for DELETE '/session/cb6dac9fedafd2dda630e40186aca5f1'
12:22:40.069 [rp-io-35] DEBUG com.epam.reportportal.service.Launch - ReportPortal item with ID '77d19433-b99b-4f65-a061-a0e313919885' has been created
12:22:40.069 [rp-io-35] DEBUG com.epam.reportportal.utils.SubscriptionUtils - Start test item successfully completed
12:22:40.069 [rp-io-32] DEBUG com.epam.reportportal.service.Launch - TestItem with ID = 'd2c0001b-ef91-4965-adb0-590fb24b7456' successfully finished.
12:22:40.069 [rp-io-32] DEBUG com.epam.reportportal.utils.SubscriptionUtils - Finish test item completed
12:22:40.104 [AsyncHttpClient-1-5] DEBUG org.asynchttpclient.netty.handler.HttpHandler - Unexpected I/O exception on channel [id: 0x1a6853b7, L:/127.0.0.1:64516 - R:localhost/127.0.0.1:64509]
java.net.SocketException: Connection reset
	at java.base/sun.nio.ch.SocketChannelImpl.throwConnectionReset(SocketChannelImpl.java:394)
	at java.base/sun.nio.ch.SocketChannelImpl.read(SocketChannelImpl.java:426)
	at io.netty.buffer.PooledByteBuf.setBytes(PooledByteBuf.java:256)
	at io.netty.buffer.AbstractByteBuf.writeBytes(AbstractByteBuf.java:1132)
	at io.netty.channel.socket.nio.NioSocketChannel.doReadBytes(NioSocketChannel.java:357)
	at io.netty.channel.nio.AbstractNioByteChannel$NioByteUnsafe.read(AbstractNioByteChannel.java:151)
	at io.netty.channel.nio.NioEventLoop.processSelectedKey(NioEventLoop.java:788)
	at io.netty.channel.nio.NioEventLoop.processSelectedKeysOptimized(NioEventLoop.java:724)
	at io.netty.channel.nio.NioEventLoop.processSelectedKeys(NioEventLoop.java:650)
	at io.netty.channel.nio.NioEventLoop.run(NioEventLoop.java:562)
	at io.netty.util.concurrent.SingleThreadEventExecutor$4.run(SingleThreadEventExecutor.java:997)
	at io.netty.util.internal.ThreadExecutorMap$2.run(ThreadExecutorMap.java:74)
	at io.netty.util.concurrent.FastThreadLocalRunnable.run(FastThreadLocalRunnable.java:30)
	at java.base/java.lang.Thread.run(Thread.java:833)
12:22:40.104 [AsyncHttpClient-1-5] DEBUG org.asynchttpclient.netty.channel.ChannelManager - Closing Channel [id: 0x1a6853b7, L:/127.0.0.1:64516 - R:localhost/127.0.0.1:64509] 
12:22:40.104 [AsyncHttpClient-1-5] DEBUG org.asynchttpclient.netty.handler.HttpHandler - Channel Closed: [id: 0x1a6853b7, L:/127.0.0.1:64516 ! R:localhost/127.0.0.1:64509] with attribute DISCARD
12:22:40.139 [AsyncHttpClient-1-4] DEBUG org.asynchttpclient.netty.handler.HttpHandler - 

Request DefaultFullHttpRequest(decodeResult: success, version: HTTP/1.1, content: EmptyByteBufBE)
DELETE /session/cb6dac9fedafd2dda630e40186aca5f1 HTTP/1.1
User-Agent: selenium/4.8.3 (java windows)
Content-Type: application/json; charset=utf-8
host: localhost:43370
accept: */*

Response DefaultHttpResponse(decodeResult: success, version: HTTP/1.1)
HTTP/1.1 200 OK
Content-Length: 14
Content-Type: application/json; charset=utf-8
cache-control: no-cache

12:22:40.139 [AsyncHttpClient-1-4] DEBUG org.asynchttpclient.netty.channel.ChannelManager - Adding key: http://localhost:43370 for channel [id: 0x0e94dc4f, L:/127.0.0.1:64508 - R:localhost/127.0.0.1:43370]
12:22:40.186 [AsyncHttpClient-1-4] DEBUG org.asynchttpclient.netty.handler.HttpHandler - Channel Closed: [id: 0x0e94dc4f, L:/127.0.0.1:64508 ! R:localhost/127.0.0.1:43370] with attribute DISCARD
2023-06-09 12:22:40 INFO  BaseTest:83 - Test executed**********
12:22:40.248 [rp-io-43] DEBUG com.epam.reportportal.service.Launch - Starting test item...rp-io-43
2023-06-09 12:22:40 INFO  BaseTest:110 - Property files loaded successfully**********
12:22:40.260 [main] DEBUG io.github.bonigarcia.wdm.cache.ResolutionCache - Resolution chrome=114 in cache (valid until 13:14:48 09/06/2023 CEST)
12:22:40.261 [main] DEBUG io.github.bonigarcia.wdm.cache.ResolutionCache - Resolution chrome114=114.0.5735.90 in cache (valid until 12:14:48 10/06/2023 CEST)
12:22:40.261 [main] INFO io.github.bonigarcia.wdm.WebDriverManager - Using chromedriver 114.0.5735.90 (resolved driver for Chrome 114)
12:22:40.268 [rp-io-38] DEBUG com.epam.reportportal.service.Launch - TestItem with ID = '77d19433-b99b-4f65-a061-a0e313919885' successfully finished.
12:22:40.268 [rp-io-38] DEBUG com.epam.reportportal.utils.SubscriptionUtils - Finish test item completed
12:22:40.272 [main] DEBUG io.github.bonigarcia.wdm.WebDriverManager - Driver chromedriver 114.0.5735.90 found in cache
12:22:40.272 [main] INFO io.github.bonigarcia.wdm.WebDriverManager - Exporting webdriver.chrome.driver as C:\Users\Suwarna_Wagh\.cache\selenium\chromedriver\win32\114.0.5735.90\chromedriver.exe
12:22:40.273 [rp-io-43] DEBUG com.epam.reportportal.service.Launch - ReportPortal item with ID 'f3359442-c807-4ad0-862f-19a46aa0fd7b' has been created
12:22:40.273 [rp-io-43] DEBUG com.epam.reportportal.utils.SubscriptionUtils - Start test item successfully completed
12:22:40.339 [AsyncHttpClient-1-1] DEBUG org.asynchttpclient.netty.channel.DefaultChannelPool - Entry count for : http://localhost:64509 : 1
12:22:40.339 [AsyncHttpClient-1-1] DEBUG org.asynchttpclient.netty.channel.DefaultChannelPool - Entry count for : http://localhost:43370 : 1
12:22:40.339 [AsyncHttpClient-1-1] DEBUG org.asynchttpclient.netty.channel.DefaultChannelPool - Adding Candidate expired Channel [id: 0x1a6853b7, L:/127.0.0.1:64516 ! R:localhost/127.0.0.1:64509] isIdleTimeoutExpired=false isRemotelyClosed=true isTtlExpired=false
12:22:40.339 [AsyncHttpClient-1-1] DEBUG org.asynchttpclient.netty.channel.DefaultChannelPool - Closing Idle Channel [id: 0x1a6853b7, L:/127.0.0.1:64516 ! R:localhost/127.0.0.1:64509]
12:22:40.339 [AsyncHttpClient-1-1] DEBUG org.asynchttpclient.netty.channel.DefaultChannelPool - Adding Candidate expired Channel [id: 0x0e94dc4f, L:/127.0.0.1:64508 ! R:localhost/127.0.0.1:43370] isIdleTimeoutExpired=false isRemotelyClosed=true isTtlExpired=false
12:22:40.339 [AsyncHttpClient-1-1] DEBUG org.asynchttpclient.netty.channel.DefaultChannelPool - Closing Idle Channel [id: 0x0e94dc4f, L:/127.0.0.1:64508 ! R:localhost/127.0.0.1:43370]
12:22:40.339 [AsyncHttpClient-1-1] DEBUG org.asynchttpclient.netty.channel.DefaultChannelPool - Closed 2 connections out of 2 in 0 ms
12:22:40.423 [AsyncHttpClient-1-7] DEBUG org.asynchttpclient.netty.channel.NettyConnectListener - Using new Channel '[id: 0x867522ec, L:/127.0.0.1:64541 - R:localhost/127.0.0.1:29186]' for 'POST' to '/session'
12:22:41.350 [AsyncHttpClient-1-7] DEBUG org.asynchttpclient.netty.handler.HttpHandler - 

Request DefaultHttpRequest(decodeResult: success, version: HTTP/1.1)
POST /session HTTP/1.1
User-Agent: selenium/4.8.3 (java windows)
Content-Length: 439
Content-Type: application/json; charset=utf-8
host: localhost:29186
accept: */*

Response DefaultHttpResponse(decodeResult: success, version: HTTP/1.1)
HTTP/1.1 200 OK
Content-Length: 863
Content-Type: application/json; charset=utf-8
cache-control: no-cache

12:22:41.350 [AsyncHttpClient-1-7] DEBUG org.asynchttpclient.netty.channel.ChannelManager - Adding key: http://localhost:29186 for channel [id: 0x867522ec, L:/127.0.0.1:64541 - R:localhost/127.0.0.1:29186]
12:22:41.357 [AsyncHttpClient-1-8] DEBUG org.asynchttpclient.netty.channel.NettyConnectListener - Using new Channel '[id: 0x0e0623e0, L:/127.0.0.1:64550 - R:localhost/127.0.0.1:64542]' for 'GET' to '/json/version'
12:22:41.358 [AsyncHttpClient-1-8] DEBUG org.asynchttpclient.netty.handler.HttpHandler - 

Request DefaultFullHttpRequest(decodeResult: success, version: HTTP/1.1, content: EmptyByteBufBE)
GET /json/version HTTP/1.1
User-Agent: selenium/4.8.3 (java windows)
host: localhost:64542
accept: */*

Response DefaultHttpResponse(decodeResult: success, version: HTTP/1.1)
HTTP/1.1 200 OK
Content-Security-Policy: frame-ancestors 'none'
Content-Length: 424
Content-Type: application/json; charset=UTF-8

12:22:41.358 [AsyncHttpClient-1-8] DEBUG org.asynchttpclient.netty.channel.ChannelManager - Adding key: http://localhost:64542 for channel [id: 0x0e0623e0, L:/127.0.0.1:64550 - R:localhost/127.0.0.1:64542]
12:22:41.360 [AsyncHttpClient-1-9] DEBUG org.asynchttpclient.netty.channel.NettyConnectListener - Using new Channel '[id: 0xe2eb0c83, L:/127.0.0.1:64551 - R:localhost/127.0.0.1:64542]' for 'GET' to '/devtools/browser/cbe40b0b-49c8-4aa7-b54f-c8ccd27e7e66'
12:22:41.361 [AsyncHttpClient-1-9] DEBUG org.asynchttpclient.netty.handler.WebSocketHandler - 

Request DefaultFullHttpRequest(decodeResult: success, version: HTTP/1.1, content: EmptyByteBufBE)
GET /devtools/browser/cbe40b0b-49c8-4aa7-b54f-c8ccd27e7e66 HTTP/1.1
upgrade: websocket
connection: upgrade
sec-websocket-key: INVWZKBamBjj7OUjnQQXIw==
sec-websocket-version: 13
origin: http://localhost:64542
host: localhost:64542
accept: */*
user-agent: AHC/2.1

Response DefaultHttpResponse(decodeResult: success, version: HTTP/1.1)
HTTP/1.1 101 WebSocket Protocol Handshake
Upgrade: WebSocket
Connection: Upgrade
Sec-WebSocket-Accept: kC7/7f6GvnD0ZeBcdEyBm6zk82E=

12:22:41.365 [Forwarding setTimeout on session 7fb232b9fe2cf203d392edcb90f0288b to remote] DEBUG org.asynchttpclient.netty.request.NettyRequestSender - Using pooled Channel '[id: 0x867522ec, L:/127.0.0.1:64541 - R:localhost/127.0.0.1:29186]' for 'POST' to 'http://localhost:29186/session/7fb232b9fe2cf203d392edcb90f0288b/timeouts'
12:22:41.365 [Forwarding setTimeout on session 7fb232b9fe2cf203d392edcb90f0288b to remote] DEBUG org.asynchttpclient.netty.request.NettyRequestSender - Using open Channel [id: 0x867522ec, L:/127.0.0.1:64541 - R:localhost/127.0.0.1:29186] for POST '/session/7fb232b9fe2cf203d392edcb90f0288b/timeouts'
12:22:41.366 [AsyncHttpClient-1-7] DEBUG org.asynchttpclient.netty.handler.HttpHandler - 

Request DefaultHttpRequest(decodeResult: success, version: HTTP/1.1)
POST /session/7fb232b9fe2cf203d392edcb90f0288b/timeouts HTTP/1.1
User-Agent: selenium/4.8.3 (java windows)
Content-Length: 22
Content-Type: application/json; charset=utf-8
host: localhost:29186
accept: */*

Response DefaultHttpResponse(decodeResult: success, version: HTTP/1.1)
HTTP/1.1 200 OK
Content-Length: 14
Content-Type: application/json; charset=utf-8
cache-control: no-cache

12:22:41.366 [AsyncHttpClient-1-7] DEBUG org.asynchttpclient.netty.channel.ChannelManager - Adding key: http://localhost:29186 for channel [id: 0x867522ec, L:/127.0.0.1:64541 - R:localhost/127.0.0.1:29186]
12:22:41.367 [Forwarding maximizeCurrentWindow on session 7fb232b9fe2cf203d392edcb90f0288b to remote] DEBUG org.asynchttpclient.netty.request.NettyRequestSender - Using pooled Channel '[id: 0x867522ec, L:/127.0.0.1:64541 - R:localhost/127.0.0.1:29186]' for 'POST' to 'http://localhost:29186/session/7fb232b9fe2cf203d392edcb90f0288b/window/maximize'
12:22:41.367 [Forwarding maximizeCurrentWindow on session 7fb232b9fe2cf203d392edcb90f0288b to remote] DEBUG org.asynchttpclient.netty.request.NettyRequestSender - Using open Channel [id: 0x867522ec, L:/127.0.0.1:64541 - R:localhost/127.0.0.1:29186] for POST '/session/7fb232b9fe2cf203d392edcb90f0288b/window/maximize'
12:22:41.439 [AsyncHttpClient-1-1] DEBUG org.asynchttpclient.netty.channel.DefaultChannelPool - Entry count for : http://localhost:64542 : 1
12:22:41.490 [AsyncHttpClient-1-7] DEBUG org.asynchttpclient.netty.handler.HttpHandler - 

Request DefaultHttpRequest(decodeResult: success, version: HTTP/1.1)
POST /session/7fb232b9fe2cf203d392edcb90f0288b/window/maximize HTTP/1.1
User-Agent: selenium/4.8.3 (java windows)
Content-Length: 3
Content-Type: application/json; charset=utf-8
host: localhost:29186
accept: */*

Response DefaultHttpResponse(decodeResult: success, version: HTTP/1.1)
HTTP/1.1 200 OK
Content-Length: 51
Content-Type: application/json; charset=utf-8
cache-control: no-cache

12:22:41.490 [AsyncHttpClient-1-7] DEBUG org.asynchttpclient.netty.channel.ChannelManager - Adding key: http://localhost:29186 for channel [id: 0x867522ec, L:/127.0.0.1:64541 - R:localhost/127.0.0.1:29186]
12:22:41.491 [Forwarding get on session 7fb232b9fe2cf203d392edcb90f0288b to remote] DEBUG org.asynchttpclient.netty.request.NettyRequestSender - Using pooled Channel '[id: 0x867522ec, L:/127.0.0.1:64541 - R:localhost/127.0.0.1:29186]' for 'POST' to 'http://localhost:29186/session/7fb232b9fe2cf203d392edcb90f0288b/url'
12:22:41.492 [Forwarding get on session 7fb232b9fe2cf203d392edcb90f0288b to remote] DEBUG org.asynchttpclient.netty.request.NettyRequestSender - Using open Channel [id: 0x867522ec, L:/127.0.0.1:64541 - R:localhost/127.0.0.1:29186] for POST '/session/7fb232b9fe2cf203d392edcb90f0288b/url'
12:22:42.541 [AsyncHttpClient-1-1] DEBUG org.asynchttpclient.netty.channel.DefaultChannelPool - Entry count for : http://localhost:64542 : 1
12:22:42.791 [AsyncHttpClient-1-7] DEBUG org.asynchttpclient.netty.handler.HttpHandler - 

Request DefaultHttpRequest(decodeResult: success, version: HTTP/1.1)
POST /session/7fb232b9fe2cf203d392edcb90f0288b/url HTTP/1.1
User-Agent: selenium/4.8.3 (java windows)
Content-Length: 52
Content-Type: application/json; charset=utf-8
host: localhost:29186
accept: */*

Response DefaultHttpResponse(decodeResult: success, version: HTTP/1.1)
HTTP/1.1 200 OK
Content-Length: 14
Content-Type: application/json; charset=utf-8
cache-control: no-cache

12:22:42.791 [AsyncHttpClient-1-7] DEBUG org.asynchttpclient.netty.channel.ChannelManager - Adding key: http://localhost:29186 for channel [id: 0x867522ec, L:/127.0.0.1:64541 - R:localhost/127.0.0.1:29186]
2023-06-09 12:22:42 INFO  BaseTest:104 - Test driver set up done successfully**********
2023-06-09 12:22:42 INFO  BaseTest:122 - Logging in to portal
12:22:42.794 [Forwarding findElement on session 7fb232b9fe2cf203d392edcb90f0288b to remote] DEBUG org.asynchttpclient.netty.request.NettyRequestSender - Using pooled Channel '[id: 0x867522ec, L:/127.0.0.1:64541 - R:localhost/127.0.0.1:29186]' for 'POST' to 'http://localhost:29186/session/7fb232b9fe2cf203d392edcb90f0288b/element'
12:22:42.794 [Forwarding findElement on session 7fb232b9fe2cf203d392edcb90f0288b to remote] DEBUG org.asynchttpclient.netty.request.NettyRequestSender - Using open Channel [id: 0x867522ec, L:/127.0.0.1:64541 - R:localhost/127.0.0.1:29186] for POST '/session/7fb232b9fe2cf203d392edcb90f0288b/element'
12:22:42.807 [AsyncHttpClient-1-7] DEBUG org.asynchttpclient.netty.handler.HttpHandler - 

Request DefaultHttpRequest(decodeResult: success, version: HTTP/1.1)
POST /session/7fb232b9fe2cf203d392edcb90f0288b/element HTTP/1.1
User-Agent: selenium/4.8.3 (java windows)
Content-Length: 59
Content-Type: application/json; charset=utf-8
host: localhost:29186
accept: */*

Response DefaultHttpResponse(decodeResult: success, version: HTTP/1.1)
HTTP/1.1 200 OK
Content-Length: 95
Content-Type: application/json; charset=utf-8
cache-control: no-cache

12:22:42.807 [AsyncHttpClient-1-7] DEBUG org.asynchttpclient.netty.channel.ChannelManager - Adding key: http://localhost:29186 for channel [id: 0x867522ec, L:/127.0.0.1:64541 - R:localhost/127.0.0.1:29186]
12:22:42.808 [Forwarding clearElement on session 7fb232b9fe2cf203d392edcb90f0288b to remote] DEBUG org.asynchttpclient.netty.request.NettyRequestSender - Using pooled Channel '[id: 0x867522ec, L:/127.0.0.1:64541 - R:localhost/127.0.0.1:29186]' for 'POST' to 'http://localhost:29186/session/7fb232b9fe2cf203d392edcb90f0288b/element/7493E955ED08D8F1070FB32BDE3DCB26_element_26/clear'
12:22:42.808 [Forwarding clearElement on session 7fb232b9fe2cf203d392edcb90f0288b to remote] DEBUG org.asynchttpclient.netty.request.NettyRequestSender - Using open Channel [id: 0x867522ec, L:/127.0.0.1:64541 - R:localhost/127.0.0.1:29186] for POST '/session/7fb232b9fe2cf203d392edcb90f0288b/element/7493E955ED08D8F1070FB32BDE3DCB26_element_26/clear'
12:22:42.844 [AsyncHttpClient-1-7] DEBUG org.asynchttpclient.netty.handler.HttpHandler - 

Request DefaultHttpRequest(decodeResult: success, version: HTTP/1.1)
POST /session/7fb232b9fe2cf203d392edcb90f0288b/element/7493E955ED08D8F1070FB32BDE3DCB26_element_26/clear HTTP/1.1
User-Agent: selenium/4.8.3 (java windows)
Content-Length: 57
Content-Type: application/json; charset=utf-8
host: localhost:29186
accept: */*

Response DefaultHttpResponse(decodeResult: success, version: HTTP/1.1)
HTTP/1.1 200 OK
Content-Length: 14
Content-Type: application/json; charset=utf-8
cache-control: no-cache

12:22:42.844 [AsyncHttpClient-1-7] DEBUG org.asynchttpclient.netty.channel.ChannelManager - Adding key: http://localhost:29186 for channel [id: 0x867522ec, L:/127.0.0.1:64541 - R:localhost/127.0.0.1:29186]
12:22:42.846 [Forwarding findElement on session 7fb232b9fe2cf203d392edcb90f0288b to remote] DEBUG org.asynchttpclient.netty.request.NettyRequestSender - Using pooled Channel '[id: 0x867522ec, L:/127.0.0.1:64541 - R:localhost/127.0.0.1:29186]' for 'POST' to 'http://localhost:29186/session/7fb232b9fe2cf203d392edcb90f0288b/element'
12:22:42.846 [Forwarding findElement on session 7fb232b9fe2cf203d392edcb90f0288b to remote] DEBUG org.asynchttpclient.netty.request.NettyRequestSender - Using open Channel [id: 0x867522ec, L:/127.0.0.1:64541 - R:localhost/127.0.0.1:29186] for POST '/session/7fb232b9fe2cf203d392edcb90f0288b/element'
12:22:42.854 [AsyncHttpClient-1-7] DEBUG org.asynchttpclient.netty.handler.HttpHandler - 

Request DefaultHttpRequest(decodeResult: success, version: HTTP/1.1)
POST /session/7fb232b9fe2cf203d392edcb90f0288b/element HTTP/1.1
User-Agent: selenium/4.8.3 (java windows)
Content-Length: 59
Content-Type: application/json; charset=utf-8
host: localhost:29186
accept: */*

Response DefaultHttpResponse(decodeResult: success, version: HTTP/1.1)
HTTP/1.1 200 OK
Content-Length: 95
Content-Type: application/json; charset=utf-8
cache-control: no-cache

12:22:42.854 [AsyncHttpClient-1-7] DEBUG org.asynchttpclient.netty.channel.ChannelManager - Adding key: http://localhost:29186 for channel [id: 0x867522ec, L:/127.0.0.1:64541 - R:localhost/127.0.0.1:29186]
12:22:42.855 [Forwarding sendKeysToElement on session 7fb232b9fe2cf203d392edcb90f0288b to remote] DEBUG org.asynchttpclient.netty.request.NettyRequestSender - Using pooled Channel '[id: 0x867522ec, L:/127.0.0.1:64541 - R:localhost/127.0.0.1:29186]' for 'POST' to 'http://localhost:29186/session/7fb232b9fe2cf203d392edcb90f0288b/element/7493E955ED08D8F1070FB32BDE3DCB26_element_26/value'
12:22:42.855 [Forwarding sendKeysToElement on session 7fb232b9fe2cf203d392edcb90f0288b to remote] DEBUG org.asynchttpclient.netty.request.NettyRequestSender - Using open Channel [id: 0x867522ec, L:/127.0.0.1:64541 - R:localhost/127.0.0.1:29186] for POST '/session/7fb232b9fe2cf203d392edcb90f0288b/element/7493E955ED08D8F1070FB32BDE3DCB26_element_26/value'
12:22:42.949 [AsyncHttpClient-1-7] DEBUG org.asynchttpclient.netty.handler.HttpHandler - 

Request DefaultHttpRequest(decodeResult: success, version: HTTP/1.1)
POST /session/7fb232b9fe2cf203d392edcb90f0288b/element/7493E955ED08D8F1070FB32BDE3DCB26_element_26/value HTTP/1.1
User-Agent: selenium/4.8.3 (java windows)
Content-Length: 188
Content-Type: application/json; charset=utf-8
host: localhost:29186
accept: */*

Response DefaultHttpResponse(decodeResult: success, version: HTTP/1.1)
HTTP/1.1 200 OK
Content-Length: 14
Content-Type: application/json; charset=utf-8
cache-control: no-cache

12:22:42.949 [AsyncHttpClient-1-7] DEBUG org.asynchttpclient.netty.channel.ChannelManager - Adding key: http://localhost:29186 for channel [id: 0x867522ec, L:/127.0.0.1:64541 - R:localhost/127.0.0.1:29186]
12:22:42.951 [Forwarding findElement on session 7fb232b9fe2cf203d392edcb90f0288b to remote] DEBUG org.asynchttpclient.netty.request.NettyRequestSender - Using pooled Channel '[id: 0x867522ec, L:/127.0.0.1:64541 - R:localhost/127.0.0.1:29186]' for 'POST' to 'http://localhost:29186/session/7fb232b9fe2cf203d392edcb90f0288b/element'
12:22:42.951 [Forwarding findElement on session 7fb232b9fe2cf203d392edcb90f0288b to remote] DEBUG org.asynchttpclient.netty.request.NettyRequestSender - Using open Channel [id: 0x867522ec, L:/127.0.0.1:64541 - R:localhost/127.0.0.1:29186] for POST '/session/7fb232b9fe2cf203d392edcb90f0288b/element'
12:22:42.965 [AsyncHttpClient-1-7] DEBUG org.asynchttpclient.netty.handler.HttpHandler - 

Request DefaultHttpRequest(decodeResult: success, version: HTTP/1.1)
POST /session/7fb232b9fe2cf203d392edcb90f0288b/element HTTP/1.1
User-Agent: selenium/4.8.3 (java windows)
Content-Length: 62
Content-Type: application/json; charset=utf-8
host: localhost:29186
accept: */*

Response DefaultHttpResponse(decodeResult: success, version: HTTP/1.1)
HTTP/1.1 200 OK
Content-Length: 95
Content-Type: application/json; charset=utf-8
cache-control: no-cache

12:22:42.965 [AsyncHttpClient-1-7] DEBUG org.asynchttpclient.netty.channel.ChannelManager - Adding key: http://localhost:29186 for channel [id: 0x867522ec, L:/127.0.0.1:64541 - R:localhost/127.0.0.1:29186]
12:22:42.967 [Forwarding clearElement on session 7fb232b9fe2cf203d392edcb90f0288b to remote] DEBUG org.asynchttpclient.netty.request.NettyRequestSender - Using pooled Channel '[id: 0x867522ec, L:/127.0.0.1:64541 - R:localhost/127.0.0.1:29186]' for 'POST' to 'http://localhost:29186/session/7fb232b9fe2cf203d392edcb90f0288b/element/7493E955ED08D8F1070FB32BDE3DCB26_element_28/clear'
12:22:42.967 [Forwarding clearElement on session 7fb232b9fe2cf203d392edcb90f0288b to remote] DEBUG org.asynchttpclient.netty.request.NettyRequestSender - Using open Channel [id: 0x867522ec, L:/127.0.0.1:64541 - R:localhost/127.0.0.1:29186] for POST '/session/7fb232b9fe2cf203d392edcb90f0288b/element/7493E955ED08D8F1070FB32BDE3DCB26_element_28/clear'
12:22:43.013 [AsyncHttpClient-1-7] DEBUG org.asynchttpclient.netty.handler.HttpHandler - 

Request DefaultHttpRequest(decodeResult: success, version: HTTP/1.1)
POST /session/7fb232b9fe2cf203d392edcb90f0288b/element/7493E955ED08D8F1070FB32BDE3DCB26_element_28/clear HTTP/1.1
User-Agent: selenium/4.8.3 (java windows)
Content-Length: 57
Content-Type: application/json; charset=utf-8
host: localhost:29186
accept: */*

Response DefaultHttpResponse(decodeResult: success, version: HTTP/1.1)
HTTP/1.1 200 OK
Content-Length: 14
Content-Type: application/json; charset=utf-8
cache-control: no-cache

12:22:43.013 [AsyncHttpClient-1-7] DEBUG org.asynchttpclient.netty.channel.ChannelManager - Adding key: http://localhost:29186 for channel [id: 0x867522ec, L:/127.0.0.1:64541 - R:localhost/127.0.0.1:29186]
12:22:43.014 [Forwarding findElement on session 7fb232b9fe2cf203d392edcb90f0288b to remote] DEBUG org.asynchttpclient.netty.request.NettyRequestSender - Using pooled Channel '[id: 0x867522ec, L:/127.0.0.1:64541 - R:localhost/127.0.0.1:29186]' for 'POST' to 'http://localhost:29186/session/7fb232b9fe2cf203d392edcb90f0288b/element'
12:22:43.015 [Forwarding findElement on session 7fb232b9fe2cf203d392edcb90f0288b to remote] DEBUG org.asynchttpclient.netty.request.NettyRequestSender - Using open Channel [id: 0x867522ec, L:/127.0.0.1:64541 - R:localhost/127.0.0.1:29186] for POST '/session/7fb232b9fe2cf203d392edcb90f0288b/element'
12:22:43.021 [AsyncHttpClient-1-7] DEBUG org.asynchttpclient.netty.handler.HttpHandler - 

Request DefaultHttpRequest(decodeResult: success, version: HTTP/1.1)
POST /session/7fb232b9fe2cf203d392edcb90f0288b/element HTTP/1.1
User-Agent: selenium/4.8.3 (java windows)
Content-Length: 62
Content-Type: application/json; charset=utf-8
host: localhost:29186
accept: */*

Response DefaultHttpResponse(decodeResult: success, version: HTTP/1.1)
HTTP/1.1 200 OK
Content-Length: 95
Content-Type: application/json; charset=utf-8
cache-control: no-cache

12:22:43.021 [AsyncHttpClient-1-7] DEBUG org.asynchttpclient.netty.channel.ChannelManager - Adding key: http://localhost:29186 for channel [id: 0x867522ec, L:/127.0.0.1:64541 - R:localhost/127.0.0.1:29186]
12:22:43.022 [Forwarding sendKeysToElement on session 7fb232b9fe2cf203d392edcb90f0288b to remote] DEBUG org.asynchttpclient.netty.request.NettyRequestSender - Using pooled Channel '[id: 0x867522ec, L:/127.0.0.1:64541 - R:localhost/127.0.0.1:29186]' for 'POST' to 'http://localhost:29186/session/7fb232b9fe2cf203d392edcb90f0288b/element/7493E955ED08D8F1070FB32BDE3DCB26_element_28/value'
12:22:43.022 [Forwarding sendKeysToElement on session 7fb232b9fe2cf203d392edcb90f0288b to remote] DEBUG org.asynchttpclient.netty.request.NettyRequestSender - Using open Channel [id: 0x867522ec, L:/127.0.0.1:64541 - R:localhost/127.0.0.1:29186] for POST '/session/7fb232b9fe2cf203d392edcb90f0288b/element/7493E955ED08D8F1070FB32BDE3DCB26_element_28/value'
12:22:43.092 [AsyncHttpClient-1-7] DEBUG org.asynchttpclient.netty.handler.HttpHandler - 

Request DefaultHttpRequest(decodeResult: success, version: HTTP/1.1)
POST /session/7fb232b9fe2cf203d392edcb90f0288b/element/7493E955ED08D8F1070FB32BDE3DCB26_element_28/value HTTP/1.1
User-Agent: selenium/4.8.3 (java windows)
Content-Length: 148
Content-Type: application/json; charset=utf-8
host: localhost:29186
accept: */*

Response DefaultHttpResponse(decodeResult: success, version: HTTP/1.1)
HTTP/1.1 200 OK
Content-Length: 14
Content-Type: application/json; charset=utf-8
cache-control: no-cache

12:22:43.092 [AsyncHttpClient-1-7] DEBUG org.asynchttpclient.netty.channel.ChannelManager - Adding key: http://localhost:29186 for channel [id: 0x867522ec, L:/127.0.0.1:64541 - R:localhost/127.0.0.1:29186]
12:22:43.093 [Forwarding findElement on session 7fb232b9fe2cf203d392edcb90f0288b to remote] DEBUG org.asynchttpclient.netty.request.NettyRequestSender - Using pooled Channel '[id: 0x867522ec, L:/127.0.0.1:64541 - R:localhost/127.0.0.1:29186]' for 'POST' to 'http://localhost:29186/session/7fb232b9fe2cf203d392edcb90f0288b/element'
12:22:43.093 [Forwarding findElement on session 7fb232b9fe2cf203d392edcb90f0288b to remote] DEBUG org.asynchttpclient.netty.request.NettyRequestSender - Using open Channel [id: 0x867522ec, L:/127.0.0.1:64541 - R:localhost/127.0.0.1:29186] for POST '/session/7fb232b9fe2cf203d392edcb90f0288b/element'
12:22:43.106 [AsyncHttpClient-1-7] DEBUG org.asynchttpclient.netty.handler.HttpHandler - 

Request DefaultHttpRequest(decodeResult: success, version: HTTP/1.1)
POST /session/7fb232b9fe2cf203d392edcb90f0288b/element HTTP/1.1
User-Agent: selenium/4.8.3 (java windows)
Content-Length: 71
Content-Type: application/json; charset=utf-8
host: localhost:29186
accept: */*

Response DefaultHttpResponse(decodeResult: success, version: HTTP/1.1)
HTTP/1.1 200 OK
Content-Length: 95
Content-Type: application/json; charset=utf-8
cache-control: no-cache

12:22:43.106 [AsyncHttpClient-1-7] DEBUG org.asynchttpclient.netty.channel.ChannelManager - Adding key: http://localhost:29186 for channel [id: 0x867522ec, L:/127.0.0.1:64541 - R:localhost/127.0.0.1:29186]
12:22:43.107 [Forwarding clickElement on session 7fb232b9fe2cf203d392edcb90f0288b to remote] DEBUG org.asynchttpclient.netty.request.NettyRequestSender - Using pooled Channel '[id: 0x867522ec, L:/127.0.0.1:64541 - R:localhost/127.0.0.1:29186]' for 'POST' to 'http://localhost:29186/session/7fb232b9fe2cf203d392edcb90f0288b/element/7493E955ED08D8F1070FB32BDE3DCB26_element_33/click'
12:22:43.107 [Forwarding clickElement on session 7fb232b9fe2cf203d392edcb90f0288b to remote] DEBUG org.asynchttpclient.netty.request.NettyRequestSender - Using open Channel [id: 0x867522ec, L:/127.0.0.1:64541 - R:localhost/127.0.0.1:29186] for POST '/session/7fb232b9fe2cf203d392edcb90f0288b/element/7493E955ED08D8F1070FB32BDE3DCB26_element_33/click'
12:22:43.146 [AsyncHttpClient-1-7] DEBUG org.asynchttpclient.netty.handler.HttpHandler - 

Request DefaultHttpRequest(decodeResult: success, version: HTTP/1.1)
POST /session/7fb232b9fe2cf203d392edcb90f0288b/element/7493E955ED08D8F1070FB32BDE3DCB26_element_33/click HTTP/1.1
User-Agent: selenium/4.8.3 (java windows)
Content-Length: 57
Content-Type: application/json; charset=utf-8
host: localhost:29186
accept: */*

Response DefaultHttpResponse(decodeResult: success, version: HTTP/1.1)
HTTP/1.1 200 OK
Content-Length: 14
Content-Type: application/json; charset=utf-8
cache-control: no-cache

12:22:43.147 [AsyncHttpClient-1-7] DEBUG org.asynchttpclient.netty.channel.ChannelManager - Adding key: http://localhost:29186 for channel [id: 0x867522ec, L:/127.0.0.1:64541 - R:localhost/127.0.0.1:29186]
2023-06-09 12:22:43 INFO  BaseTest:126 - Logged in
12:22:43.149 [rp-io-48] DEBUG com.epam.reportportal.service.Launch - Starting test item...rp-io-48
2023-06-09 12:22:43 INFO  Listeners:34 - Started Test null
12:22:43.151 [Forwarding findElement on session 7fb232b9fe2cf203d392edcb90f0288b to remote] DEBUG org.asynchttpclient.netty.request.NettyRequestSender - Using pooled Channel '[id: 0x867522ec, L:/127.0.0.1:64541 - R:localhost/127.0.0.1:29186]' for 'POST' to 'http://localhost:29186/session/7fb232b9fe2cf203d392edcb90f0288b/element'
12:22:43.151 [Forwarding findElement on session 7fb232b9fe2cf203d392edcb90f0288b to remote] DEBUG org.asynchttpclient.netty.request.NettyRequestSender - Using open Channel [id: 0x867522ec, L:/127.0.0.1:64541 - R:localhost/127.0.0.1:29186] for POST '/session/7fb232b9fe2cf203d392edcb90f0288b/element'
12:22:43.168 [rp-io-49] DEBUG com.epam.reportportal.service.Launch - TestItem with ID = 'f3359442-c807-4ad0-862f-19a46aa0fd7b' successfully finished.
12:22:43.168 [rp-io-49] DEBUG com.epam.reportportal.utils.SubscriptionUtils - Finish test item completed
12:22:43.177 [rp-io-48] DEBUG com.epam.reportportal.service.Launch - ReportPortal item with ID '2d3e6c08-f701-4b21-ab88-7f8d7aa0b7a0' has been created
12:22:43.178 [rp-io-48] DEBUG com.epam.reportportal.utils.SubscriptionUtils - Start test item successfully completed
12:22:43.521 [AsyncHttpClient-1-7] DEBUG org.asynchttpclient.netty.handler.HttpHandler - 

Request DefaultHttpRequest(decodeResult: success, version: HTTP/1.1)
POST /session/7fb232b9fe2cf203d392edcb90f0288b/element HTTP/1.1
User-Agent: selenium/4.8.3 (java windows)
Content-Length: 168
Content-Type: application/json; charset=utf-8
host: localhost:29186
accept: */*

Response DefaultHttpResponse(decodeResult: success, version: HTTP/1.1)
HTTP/1.1 200 OK
Content-Length: 95
Content-Type: application/json; charset=utf-8
cache-control: no-cache

12:22:43.521 [AsyncHttpClient-1-7] DEBUG org.asynchttpclient.netty.channel.ChannelManager - Adding key: http://localhost:29186 for channel [id: 0x867522ec, L:/127.0.0.1:64541 - R:localhost/127.0.0.1:29186]
12:22:43.523 [Forwarding clickElement on session 7fb232b9fe2cf203d392edcb90f0288b to remote] DEBUG org.asynchttpclient.netty.request.NettyRequestSender - Using pooled Channel '[id: 0x867522ec, L:/127.0.0.1:64541 - R:localhost/127.0.0.1:29186]' for 'POST' to 'http://localhost:29186/session/7fb232b9fe2cf203d392edcb90f0288b/element/7493E955ED08D8F1070FB32BDE3DCB26_element_38/click'
12:22:43.523 [Forwarding clickElement on session 7fb232b9fe2cf203d392edcb90f0288b to remote] DEBUG org.asynchttpclient.netty.request.NettyRequestSender - Using open Channel [id: 0x867522ec, L:/127.0.0.1:64541 - R:localhost/127.0.0.1:29186] for POST '/session/7fb232b9fe2cf203d392edcb90f0288b/element/7493E955ED08D8F1070FB32BDE3DCB26_element_38/click'
12:22:43.641 [AsyncHttpClient-1-1] DEBUG org.asynchttpclient.netty.channel.DefaultChannelPool - Entry count for : http://localhost:64542 : 1
12:22:43.650 [AsyncHttpClient-1-7] DEBUG org.asynchttpclient.netty.handler.HttpHandler - 

Request DefaultHttpRequest(decodeResult: success, version: HTTP/1.1)
POST /session/7fb232b9fe2cf203d392edcb90f0288b/element/7493E955ED08D8F1070FB32BDE3DCB26_element_38/click HTTP/1.1
User-Agent: selenium/4.8.3 (java windows)
Content-Length: 57
Content-Type: application/json; charset=utf-8
host: localhost:29186
accept: */*

Response DefaultHttpResponse(decodeResult: success, version: HTTP/1.1)
HTTP/1.1 200 OK
Content-Length: 14
Content-Type: application/json; charset=utf-8
cache-control: no-cache

12:22:43.651 [AsyncHttpClient-1-7] DEBUG org.asynchttpclient.netty.channel.ChannelManager - Adding key: http://localhost:29186 for channel [id: 0x867522ec, L:/127.0.0.1:64541 - R:localhost/127.0.0.1:29186]
12:22:43.652 [Forwarding findElement on session 7fb232b9fe2cf203d392edcb90f0288b to remote] DEBUG org.asynchttpclient.netty.request.NettyRequestSender - Using pooled Channel '[id: 0x867522ec, L:/127.0.0.1:64541 - R:localhost/127.0.0.1:29186]' for 'POST' to 'http://localhost:29186/session/7fb232b9fe2cf203d392edcb90f0288b/element'
12:22:43.652 [Forwarding findElement on session 7fb232b9fe2cf203d392edcb90f0288b to remote] DEBUG org.asynchttpclient.netty.request.NettyRequestSender - Using open Channel [id: 0x867522ec, L:/127.0.0.1:64541 - R:localhost/127.0.0.1:29186] for POST '/session/7fb232b9fe2cf203d392edcb90f0288b/element'
12:22:44.739 [AsyncHttpClient-1-1] DEBUG org.asynchttpclient.netty.channel.DefaultChannelPool - Entry count for : http://localhost:64542 : 1
12:22:45.839 [AsyncHttpClient-1-1] DEBUG org.asynchttpclient.netty.channel.DefaultChannelPool - Entry count for : http://localhost:64542 : 1
12:22:46.939 [AsyncHttpClient-1-1] DEBUG org.asynchttpclient.netty.channel.DefaultChannelPool - Entry count for : http://localhost:64542 : 1
12:22:47.903 [AsyncHttpClient-1-7] DEBUG org.asynchttpclient.netty.handler.HttpHandler - 

Request DefaultHttpRequest(decodeResult: success, version: HTTP/1.1)
POST /session/7fb232b9fe2cf203d392edcb90f0288b/element HTTP/1.1
User-Agent: selenium/4.8.3 (java windows)
Content-Length: 85
Content-Type: application/json; charset=utf-8
host: localhost:29186
accept: */*

Response DefaultHttpResponse(decodeResult: success, version: HTTP/1.1)
HTTP/1.1 404 Not Found
Content-Length: 975
Content-Type: application/json; charset=utf-8
cache-control: no-cache

12:22:47.903 [AsyncHttpClient-1-7] DEBUG org.asynchttpclient.netty.channel.ChannelManager - Adding key: http://localhost:29186 for channel [id: 0x867522ec, L:/127.0.0.1:64541 - R:localhost/127.0.0.1:29186]
2023-06-09 12:22:47 INFO  Listeners:55 - Skipped test null
12:22:47.905 [main] ERROR com.epam.reportportal.service.Launch - Item io.reactivex.internal.operators.maybe.MaybeCache@1e1d813a not found in the cache
]]></system-out>
    <system-err><![CDATA[Starting ChromeDriver 114.0.5735.90 (386bc09e8f4f2e025eddae123f36f6263096ae49-refs/branch-heads/5735@{#1052}) on port 29186
Only local connections are allowed.
Please see https://chromedriver.chromium.org/security-considerations for suggestions on keeping ChromeDriver safe.
ChromeDriver was started successfully.
Jun 09, 2023 12:22:41 PM org.openqa.selenium.devtools.CdpVersionFinder findNearestMatch
WARNING: Unable to find an exact match for CDP version 114, so returning the closest version found: 111
]]></system-err>
  </testcase>
  <testcase name="searchDashboardNameDP[OVERALL STATISTICS DONUT](9)" classname="alltests.uitest.coreTest.DashboardPageTest" time="1.349">
    <system-out><![CDATA[12:22:47.907 [AsyncHttpClient-1-9] DEBUG org.asynchttpclient.netty.handler.WebSocketHandler - Channel Closed: [id: 0xe2eb0c83, L:/127.0.0.1:64551 ! R:localhost/127.0.0.1:64542] with attribute NettyResponseFuture{currentRetry=0,
	isDone=1,
	isCancelled=0,
	asyncHandler=org.asynchttpclient.ws.WebSocketUpgradeHandler@7ccf19f4,
	nettyRequest=org.asynchttpclient.netty.request.NettyRequest@27bbc533,
	future=java.util.concurrent.CompletableFuture@2de70c80[Completed normally],
	uri=ws://localhost:64542/devtools/browser/cbe40b0b-49c8-4aa7-b54f-c8ccd27e7e66,
	keepAlive=true,
	redirectCount=0,
	timeoutsHolder=null,
	inAuth=0,
	touch=1686306161361}
12:22:47.907 [AsyncHttpClient-1-9] DEBUG org.asynchttpclient.netty.channel.ChannelManager - Closing Channel [id: 0xe2eb0c83, L:/127.0.0.1:64551 ! R:localhost/127.0.0.1:64542] 
12:22:47.907 [rp-io-57] DEBUG com.epam.reportportal.service.Launch - Starting test item...rp-io-57
12:22:47.910 [Driver Command Executor] DEBUG org.asynchttpclient.netty.request.NettyRequestSender - Using pooled Channel '[id: 0x867522ec, L:/127.0.0.1:64541 - R:localhost/127.0.0.1:29186]' for 'DELETE' to 'http://localhost:29186/session/7fb232b9fe2cf203d392edcb90f0288b'
12:22:47.910 [Driver Command Executor] DEBUG org.asynchttpclient.netty.request.NettyRequestSender - Using open Channel [id: 0x867522ec, L:/127.0.0.1:64541 - R:localhost/127.0.0.1:29186] for DELETE '/session/7fb232b9fe2cf203d392edcb90f0288b'
12:22:47.950 [rp-io-54] DEBUG com.epam.reportportal.service.Launch - TestItem with ID = '2d3e6c08-f701-4b21-ab88-7f8d7aa0b7a0' successfully finished.
12:22:47.950 [rp-io-54] DEBUG com.epam.reportportal.utils.SubscriptionUtils - Finish test item completed
12:22:47.951 [rp-io-50] DEBUG com.epam.reportportal.service.Launch - TestItem with ID = 'f3359442-c807-4ad0-862f-19a46aa0fd7b' successfully finished.
12:22:47.951 [rp-io-57] DEBUG com.epam.reportportal.service.Launch - ReportPortal item with ID '6e5a0645-42b1-41a9-92de-7763f05f4da5' has been created
12:22:47.952 [rp-io-50] DEBUG com.epam.reportportal.utils.SubscriptionUtils - Finish test item completed
12:22:47.952 [rp-io-57] DEBUG com.epam.reportportal.utils.SubscriptionUtils - Start test item successfully completed
12:22:48.007 [AsyncHttpClient-1-8] DEBUG org.asynchttpclient.netty.handler.HttpHandler - Unexpected I/O exception on channel [id: 0x0e0623e0, L:/127.0.0.1:64550 - R:localhost/127.0.0.1:64542]
java.net.SocketException: Connection reset
	at java.base/sun.nio.ch.SocketChannelImpl.throwConnectionReset(SocketChannelImpl.java:394)
	at java.base/sun.nio.ch.SocketChannelImpl.read(SocketChannelImpl.java:426)
	at io.netty.buffer.PooledByteBuf.setBytes(PooledByteBuf.java:256)
	at io.netty.buffer.AbstractByteBuf.writeBytes(AbstractByteBuf.java:1132)
	at io.netty.channel.socket.nio.NioSocketChannel.doReadBytes(NioSocketChannel.java:357)
	at io.netty.channel.nio.AbstractNioByteChannel$NioByteUnsafe.read(AbstractNioByteChannel.java:151)
	at io.netty.channel.nio.NioEventLoop.processSelectedKey(NioEventLoop.java:788)
	at io.netty.channel.nio.NioEventLoop.processSelectedKeysOptimized(NioEventLoop.java:724)
	at io.netty.channel.nio.NioEventLoop.processSelectedKeys(NioEventLoop.java:650)
	at io.netty.channel.nio.NioEventLoop.run(NioEventLoop.java:562)
	at io.netty.util.concurrent.SingleThreadEventExecutor$4.run(SingleThreadEventExecutor.java:997)
	at io.netty.util.internal.ThreadExecutorMap$2.run(ThreadExecutorMap.java:74)
	at io.netty.util.concurrent.FastThreadLocalRunnable.run(FastThreadLocalRunnable.java:30)
	at java.base/java.lang.Thread.run(Thread.java:833)
12:22:48.007 [AsyncHttpClient-1-8] DEBUG org.asynchttpclient.netty.channel.ChannelManager - Closing Channel [id: 0x0e0623e0, L:/127.0.0.1:64550 - R:localhost/127.0.0.1:64542] 
12:22:48.007 [AsyncHttpClient-1-8] DEBUG org.asynchttpclient.netty.handler.HttpHandler - Channel Closed: [id: 0x0e0623e0, L:/127.0.0.1:64550 ! R:localhost/127.0.0.1:64542] with attribute DISCARD
12:22:48.023 [AsyncHttpClient-1-7] DEBUG org.asynchttpclient.netty.handler.HttpHandler - 

Request DefaultFullHttpRequest(decodeResult: success, version: HTTP/1.1, content: EmptyByteBufBE)
DELETE /session/7fb232b9fe2cf203d392edcb90f0288b HTTP/1.1
User-Agent: selenium/4.8.3 (java windows)
Content-Type: application/json; charset=utf-8
host: localhost:29186
accept: */*

Response DefaultHttpResponse(decodeResult: success, version: HTTP/1.1)
HTTP/1.1 200 OK
Content-Length: 14
Content-Type: application/json; charset=utf-8
cache-control: no-cache

12:22:48.024 [AsyncHttpClient-1-7] DEBUG org.asynchttpclient.netty.channel.ChannelManager - Adding key: http://localhost:29186 for channel [id: 0x867522ec, L:/127.0.0.1:64541 - R:localhost/127.0.0.1:29186]
12:22:48.040 [AsyncHttpClient-1-1] DEBUG org.asynchttpclient.netty.channel.DefaultChannelPool - Entry count for : http://localhost:29186 : 1
12:22:48.040 [AsyncHttpClient-1-1] DEBUG org.asynchttpclient.netty.channel.DefaultChannelPool - Entry count for : http://localhost:64542 : 1
12:22:48.040 [AsyncHttpClient-1-1] DEBUG org.asynchttpclient.netty.channel.DefaultChannelPool - Adding Candidate expired Channel [id: 0x0e0623e0, L:/127.0.0.1:64550 ! R:localhost/127.0.0.1:64542] isIdleTimeoutExpired=false isRemotelyClosed=true isTtlExpired=false
12:22:48.040 [AsyncHttpClient-1-1] DEBUG org.asynchttpclient.netty.channel.DefaultChannelPool - Closing Idle Channel [id: 0x0e0623e0, L:/127.0.0.1:64550 ! R:localhost/127.0.0.1:64542]
12:22:48.040 [AsyncHttpClient-1-1] DEBUG org.asynchttpclient.netty.channel.DefaultChannelPool - Closed 1 connections out of 2 in 0 ms
12:22:48.070 [AsyncHttpClient-1-7] DEBUG org.asynchttpclient.netty.handler.HttpHandler - Channel Closed: [id: 0x867522ec, L:/127.0.0.1:64541 ! R:localhost/127.0.0.1:29186] with attribute DISCARD
2023-06-09 12:22:48 INFO  BaseTest:83 - Test executed**********
12:22:48.121 [rp-io-65] DEBUG com.epam.reportportal.service.Launch - Starting test item...rp-io-65
2023-06-09 12:22:48 INFO  BaseTest:110 - Property files loaded successfully**********
12:22:48.134 [main] DEBUG io.github.bonigarcia.wdm.cache.ResolutionCache - Resolution chrome=114 in cache (valid until 13:14:48 09/06/2023 CEST)
12:22:48.134 [main] DEBUG io.github.bonigarcia.wdm.cache.ResolutionCache - Resolution chrome114=114.0.5735.90 in cache (valid until 12:14:48 10/06/2023 CEST)
12:22:48.134 [main] INFO io.github.bonigarcia.wdm.WebDriverManager - Using chromedriver 114.0.5735.90 (resolved driver for Chrome 114)
12:22:48.137 [rp-io-58] DEBUG com.epam.reportportal.service.Launch - TestItem with ID = '6e5a0645-42b1-41a9-92de-7763f05f4da5' successfully finished.
12:22:48.137 [rp-io-58] DEBUG com.epam.reportportal.utils.SubscriptionUtils - Finish test item completed
12:22:48.141 [main] DEBUG io.github.bonigarcia.wdm.WebDriverManager - Driver chromedriver 114.0.5735.90 found in cache
12:22:48.142 [main] INFO io.github.bonigarcia.wdm.WebDriverManager - Exporting webdriver.chrome.driver as C:\Users\Suwarna_Wagh\.cache\selenium\chromedriver\win32\114.0.5735.90\chromedriver.exe
12:22:48.148 [rp-io-65] DEBUG com.epam.reportportal.service.Launch - ReportPortal item with ID '82a21d3b-ec97-4c44-826b-4945536392ed' has been created
12:22:48.149 [rp-io-65] DEBUG com.epam.reportportal.utils.SubscriptionUtils - Start test item successfully completed
12:22:48.234 [AsyncHttpClient-1-10] DEBUG org.asynchttpclient.netty.channel.NettyConnectListener - Using new Channel '[id: 0xc13ff954, L:/127.0.0.1:64576 - R:localhost/127.0.0.1:32625]' for 'POST' to '/session'
12:22:49.013 [AsyncHttpClient-1-10] DEBUG org.asynchttpclient.netty.handler.HttpHandler - 

Request DefaultHttpRequest(decodeResult: success, version: HTTP/1.1)
POST /session HTTP/1.1
User-Agent: selenium/4.8.3 (java windows)
Content-Length: 439
Content-Type: application/json; charset=utf-8
host: localhost:32625
accept: */*

Response DefaultHttpResponse(decodeResult: success, version: HTTP/1.1)
HTTP/1.1 200 OK
Content-Length: 864
Content-Type: application/json; charset=utf-8
cache-control: no-cache

12:22:49.013 [AsyncHttpClient-1-10] DEBUG org.asynchttpclient.netty.channel.ChannelManager - Adding key: http://localhost:32625 for channel [id: 0xc13ff954, L:/127.0.0.1:64576 - R:localhost/127.0.0.1:32625]
12:22:49.020 [AsyncHttpClient-1-11] DEBUG org.asynchttpclient.netty.channel.NettyConnectListener - Using new Channel '[id: 0xfad10df2, L:/127.0.0.1:64583 - R:localhost/127.0.0.1:64577]' for 'GET' to '/json/version'
12:22:49.022 [AsyncHttpClient-1-11] DEBUG org.asynchttpclient.netty.handler.HttpHandler - 

Request DefaultFullHttpRequest(decodeResult: success, version: HTTP/1.1, content: EmptyByteBufBE)
GET /json/version HTTP/1.1
User-Agent: selenium/4.8.3 (java windows)
host: localhost:64577
accept: */*

Response DefaultHttpResponse(decodeResult: success, version: HTTP/1.1)
HTTP/1.1 200 OK
Content-Security-Policy: frame-ancestors 'none'
Content-Length: 424
Content-Type: application/json; charset=UTF-8

12:22:49.023 [AsyncHttpClient-1-11] DEBUG org.asynchttpclient.netty.channel.ChannelManager - Adding key: http://localhost:64577 for channel [id: 0xfad10df2, L:/127.0.0.1:64583 - R:localhost/127.0.0.1:64577]
12:22:49.025 [AsyncHttpClient-1-12] DEBUG org.asynchttpclient.netty.channel.NettyConnectListener - Using new Channel '[id: 0xdabedd57, L:/127.0.0.1:64584 - R:localhost/127.0.0.1:64577]' for 'GET' to '/devtools/browser/c7c40ab0-aab5-438f-9c3d-378fb4787c0b'
12:22:49.026 [AsyncHttpClient-1-12] DEBUG org.asynchttpclient.netty.handler.WebSocketHandler - 

Request DefaultFullHttpRequest(decodeResult: success, version: HTTP/1.1, content: EmptyByteBufBE)
GET /devtools/browser/c7c40ab0-aab5-438f-9c3d-378fb4787c0b HTTP/1.1
upgrade: websocket
connection: upgrade
sec-websocket-key: zMfQnkrVq2MOs2f8X8QL7g==
sec-websocket-version: 13
origin: http://localhost:64577
host: localhost:64577
accept: */*
user-agent: AHC/2.1

Response DefaultHttpResponse(decodeResult: success, version: HTTP/1.1)
HTTP/1.1 101 WebSocket Protocol Handshake
Upgrade: WebSocket
Connection: Upgrade
Sec-WebSocket-Accept: 7nMusN1Lkhvy1csgR0gYs2l8XSo=

12:22:49.030 [Forwarding setTimeout on session e559ef74015106233d2aa9c7ad3d3831 to remote] DEBUG org.asynchttpclient.netty.request.NettyRequestSender - Using pooled Channel '[id: 0xc13ff954, L:/127.0.0.1:64576 - R:localhost/127.0.0.1:32625]' for 'POST' to 'http://localhost:32625/session/e559ef74015106233d2aa9c7ad3d3831/timeouts'
12:22:49.030 [Forwarding setTimeout on session e559ef74015106233d2aa9c7ad3d3831 to remote] DEBUG org.asynchttpclient.netty.request.NettyRequestSender - Using open Channel [id: 0xc13ff954, L:/127.0.0.1:64576 - R:localhost/127.0.0.1:32625] for POST '/session/e559ef74015106233d2aa9c7ad3d3831/timeouts'
12:22:49.033 [AsyncHttpClient-1-10] DEBUG org.asynchttpclient.netty.handler.HttpHandler - 

Request DefaultHttpRequest(decodeResult: success, version: HTTP/1.1)
POST /session/e559ef74015106233d2aa9c7ad3d3831/timeouts HTTP/1.1
User-Agent: selenium/4.8.3 (java windows)
Content-Length: 22
Content-Type: application/json; charset=utf-8
host: localhost:32625
accept: */*

Response DefaultHttpResponse(decodeResult: success, version: HTTP/1.1)
HTTP/1.1 200 OK
Content-Length: 14
Content-Type: application/json; charset=utf-8
cache-control: no-cache

12:22:49.033 [AsyncHttpClient-1-10] DEBUG org.asynchttpclient.netty.channel.ChannelManager - Adding key: http://localhost:32625 for channel [id: 0xc13ff954, L:/127.0.0.1:64576 - R:localhost/127.0.0.1:32625]
12:22:49.035 [Forwarding maximizeCurrentWindow on session e559ef74015106233d2aa9c7ad3d3831 to remote] DEBUG org.asynchttpclient.netty.request.NettyRequestSender - Using pooled Channel '[id: 0xc13ff954, L:/127.0.0.1:64576 - R:localhost/127.0.0.1:32625]' for 'POST' to 'http://localhost:32625/session/e559ef74015106233d2aa9c7ad3d3831/window/maximize'
12:22:49.035 [Forwarding maximizeCurrentWindow on session e559ef74015106233d2aa9c7ad3d3831 to remote] DEBUG org.asynchttpclient.netty.request.NettyRequestSender - Using open Channel [id: 0xc13ff954, L:/127.0.0.1:64576 - R:localhost/127.0.0.1:32625] for POST '/session/e559ef74015106233d2aa9c7ad3d3831/window/maximize'
12:22:49.141 [AsyncHttpClient-1-1] DEBUG org.asynchttpclient.netty.channel.DefaultChannelPool - Entry count for : http://localhost:29186 : 1
12:22:49.141 [AsyncHttpClient-1-1] DEBUG org.asynchttpclient.netty.channel.DefaultChannelPool - Entry count for : http://localhost:64577 : 1
12:22:49.141 [AsyncHttpClient-1-1] DEBUG org.asynchttpclient.netty.channel.DefaultChannelPool - Adding Candidate expired Channel [id: 0x867522ec, L:/127.0.0.1:64541 ! R:localhost/127.0.0.1:29186] isIdleTimeoutExpired=false isRemotelyClosed=true isTtlExpired=false
12:22:49.141 [AsyncHttpClient-1-1] DEBUG org.asynchttpclient.netty.channel.DefaultChannelPool - Closing Idle Channel [id: 0x867522ec, L:/127.0.0.1:64541 ! R:localhost/127.0.0.1:29186]
12:22:49.141 [AsyncHttpClient-1-1] DEBUG org.asynchttpclient.netty.channel.DefaultChannelPool - Closed 1 connections out of 2 in 0 ms
12:22:49.165 [AsyncHttpClient-1-10] DEBUG org.asynchttpclient.netty.handler.HttpHandler - 

Request DefaultHttpRequest(decodeResult: success, version: HTTP/1.1)
POST /session/e559ef74015106233d2aa9c7ad3d3831/window/maximize HTTP/1.1
User-Agent: selenium/4.8.3 (java windows)
Content-Length: 3
Content-Type: application/json; charset=utf-8
host: localhost:32625
accept: */*

Response DefaultHttpResponse(decodeResult: success, version: HTTP/1.1)
HTTP/1.1 200 OK
Content-Length: 51
Content-Type: application/json; charset=utf-8
cache-control: no-cache

12:22:49.165 [AsyncHttpClient-1-10] DEBUG org.asynchttpclient.netty.channel.ChannelManager - Adding key: http://localhost:32625 for channel [id: 0xc13ff954, L:/127.0.0.1:64576 - R:localhost/127.0.0.1:32625]
12:22:49.166 [Forwarding get on session e559ef74015106233d2aa9c7ad3d3831 to remote] DEBUG org.asynchttpclient.netty.request.NettyRequestSender - Using pooled Channel '[id: 0xc13ff954, L:/127.0.0.1:64576 - R:localhost/127.0.0.1:32625]' for 'POST' to 'http://localhost:32625/session/e559ef74015106233d2aa9c7ad3d3831/url'
12:22:49.166 [Forwarding get on session e559ef74015106233d2aa9c7ad3d3831 to remote] DEBUG org.asynchttpclient.netty.request.NettyRequestSender - Using open Channel [id: 0xc13ff954, L:/127.0.0.1:64576 - R:localhost/127.0.0.1:32625] for POST '/session/e559ef74015106233d2aa9c7ad3d3831/url'
12:22:50.239 [AsyncHttpClient-1-1] DEBUG org.asynchttpclient.netty.channel.DefaultChannelPool - Entry count for : http://localhost:64577 : 1
12:22:50.480 [AsyncHttpClient-1-10] DEBUG org.asynchttpclient.netty.handler.HttpHandler - 

Request DefaultHttpRequest(decodeResult: success, version: HTTP/1.1)
POST /session/e559ef74015106233d2aa9c7ad3d3831/url HTTP/1.1
User-Agent: selenium/4.8.3 (java windows)
Content-Length: 52
Content-Type: application/json; charset=utf-8
host: localhost:32625
accept: */*

Response DefaultHttpResponse(decodeResult: success, version: HTTP/1.1)
HTTP/1.1 200 OK
Content-Length: 14
Content-Type: application/json; charset=utf-8
cache-control: no-cache

12:22:50.481 [AsyncHttpClient-1-10] DEBUG org.asynchttpclient.netty.channel.ChannelManager - Adding key: http://localhost:32625 for channel [id: 0xc13ff954, L:/127.0.0.1:64576 - R:localhost/127.0.0.1:32625]
2023-06-09 12:22:50 INFO  BaseTest:104 - Test driver set up done successfully**********
2023-06-09 12:22:50 INFO  BaseTest:122 - Logging in to portal
12:22:50.483 [Forwarding findElement on session e559ef74015106233d2aa9c7ad3d3831 to remote] DEBUG org.asynchttpclient.netty.request.NettyRequestSender - Using pooled Channel '[id: 0xc13ff954, L:/127.0.0.1:64576 - R:localhost/127.0.0.1:32625]' for 'POST' to 'http://localhost:32625/session/e559ef74015106233d2aa9c7ad3d3831/element'
12:22:50.483 [Forwarding findElement on session e559ef74015106233d2aa9c7ad3d3831 to remote] DEBUG org.asynchttpclient.netty.request.NettyRequestSender - Using open Channel [id: 0xc13ff954, L:/127.0.0.1:64576 - R:localhost/127.0.0.1:32625] for POST '/session/e559ef74015106233d2aa9c7ad3d3831/element'
12:22:50.501 [AsyncHttpClient-1-10] DEBUG org.asynchttpclient.netty.handler.HttpHandler - 

Request DefaultHttpRequest(decodeResult: success, version: HTTP/1.1)
POST /session/e559ef74015106233d2aa9c7ad3d3831/element HTTP/1.1
User-Agent: selenium/4.8.3 (java windows)
Content-Length: 59
Content-Type: application/json; charset=utf-8
host: localhost:32625
accept: */*

Response DefaultHttpResponse(decodeResult: success, version: HTTP/1.1)
HTTP/1.1 200 OK
Content-Length: 95
Content-Type: application/json; charset=utf-8
cache-control: no-cache

12:22:50.501 [AsyncHttpClient-1-10] DEBUG org.asynchttpclient.netty.channel.ChannelManager - Adding key: http://localhost:32625 for channel [id: 0xc13ff954, L:/127.0.0.1:64576 - R:localhost/127.0.0.1:32625]
12:22:50.502 [Forwarding clearElement on session e559ef74015106233d2aa9c7ad3d3831 to remote] DEBUG org.asynchttpclient.netty.request.NettyRequestSender - Using pooled Channel '[id: 0xc13ff954, L:/127.0.0.1:64576 - R:localhost/127.0.0.1:32625]' for 'POST' to 'http://localhost:32625/session/e559ef74015106233d2aa9c7ad3d3831/element/9ACDBA8B23525AF9355B6E173D294818_element_31/clear'
12:22:50.502 [Forwarding clearElement on session e559ef74015106233d2aa9c7ad3d3831 to remote] DEBUG org.asynchttpclient.netty.request.NettyRequestSender - Using open Channel [id: 0xc13ff954, L:/127.0.0.1:64576 - R:localhost/127.0.0.1:32625] for POST '/session/e559ef74015106233d2aa9c7ad3d3831/element/9ACDBA8B23525AF9355B6E173D294818_element_31/clear'
12:22:50.548 [AsyncHttpClient-1-10] DEBUG org.asynchttpclient.netty.handler.HttpHandler - 

Request DefaultHttpRequest(decodeResult: success, version: HTTP/1.1)
POST /session/e559ef74015106233d2aa9c7ad3d3831/element/9ACDBA8B23525AF9355B6E173D294818_element_31/clear HTTP/1.1
User-Agent: selenium/4.8.3 (java windows)
Content-Length: 57
Content-Type: application/json; charset=utf-8
host: localhost:32625
accept: */*

Response DefaultHttpResponse(decodeResult: success, version: HTTP/1.1)
HTTP/1.1 200 OK
Content-Length: 14
Content-Type: application/json; charset=utf-8
cache-control: no-cache

12:22:50.548 [AsyncHttpClient-1-10] DEBUG org.asynchttpclient.netty.channel.ChannelManager - Adding key: http://localhost:32625 for channel [id: 0xc13ff954, L:/127.0.0.1:64576 - R:localhost/127.0.0.1:32625]
12:22:50.549 [Forwarding findElement on session e559ef74015106233d2aa9c7ad3d3831 to remote] DEBUG org.asynchttpclient.netty.request.NettyRequestSender - Using pooled Channel '[id: 0xc13ff954, L:/127.0.0.1:64576 - R:localhost/127.0.0.1:32625]' for 'POST' to 'http://localhost:32625/session/e559ef74015106233d2aa9c7ad3d3831/element'
12:22:50.549 [Forwarding findElement on session e559ef74015106233d2aa9c7ad3d3831 to remote] DEBUG org.asynchttpclient.netty.request.NettyRequestSender - Using open Channel [id: 0xc13ff954, L:/127.0.0.1:64576 - R:localhost/127.0.0.1:32625] for POST '/session/e559ef74015106233d2aa9c7ad3d3831/element'
12:22:50.558 [AsyncHttpClient-1-10] DEBUG org.asynchttpclient.netty.handler.HttpHandler - 

Request DefaultHttpRequest(decodeResult: success, version: HTTP/1.1)
POST /session/e559ef74015106233d2aa9c7ad3d3831/element HTTP/1.1
User-Agent: selenium/4.8.3 (java windows)
Content-Length: 59
Content-Type: application/json; charset=utf-8
host: localhost:32625
accept: */*

Response DefaultHttpResponse(decodeResult: success, version: HTTP/1.1)
HTTP/1.1 200 OK
Content-Length: 95
Content-Type: application/json; charset=utf-8
cache-control: no-cache

12:22:50.558 [AsyncHttpClient-1-10] DEBUG org.asynchttpclient.netty.channel.ChannelManager - Adding key: http://localhost:32625 for channel [id: 0xc13ff954, L:/127.0.0.1:64576 - R:localhost/127.0.0.1:32625]
12:22:50.559 [Forwarding sendKeysToElement on session e559ef74015106233d2aa9c7ad3d3831 to remote] DEBUG org.asynchttpclient.netty.request.NettyRequestSender - Using pooled Channel '[id: 0xc13ff954, L:/127.0.0.1:64576 - R:localhost/127.0.0.1:32625]' for 'POST' to 'http://localhost:32625/session/e559ef74015106233d2aa9c7ad3d3831/element/9ACDBA8B23525AF9355B6E173D294818_element_31/value'
12:22:50.559 [Forwarding sendKeysToElement on session e559ef74015106233d2aa9c7ad3d3831 to remote] DEBUG org.asynchttpclient.netty.request.NettyRequestSender - Using open Channel [id: 0xc13ff954, L:/127.0.0.1:64576 - R:localhost/127.0.0.1:32625] for POST '/session/e559ef74015106233d2aa9c7ad3d3831/element/9ACDBA8B23525AF9355B6E173D294818_element_31/value'
12:22:50.696 [AsyncHttpClient-1-10] DEBUG org.asynchttpclient.netty.handler.HttpHandler - 

Request DefaultHttpRequest(decodeResult: success, version: HTTP/1.1)
POST /session/e559ef74015106233d2aa9c7ad3d3831/element/9ACDBA8B23525AF9355B6E173D294818_element_31/value HTTP/1.1
User-Agent: selenium/4.8.3 (java windows)
Content-Length: 188
Content-Type: application/json; charset=utf-8
host: localhost:32625
accept: */*

Response DefaultHttpResponse(decodeResult: success, version: HTTP/1.1)
HTTP/1.1 200 OK
Content-Length: 14
Content-Type: application/json; charset=utf-8
cache-control: no-cache

12:22:50.696 [AsyncHttpClient-1-10] DEBUG org.asynchttpclient.netty.channel.ChannelManager - Adding key: http://localhost:32625 for channel [id: 0xc13ff954, L:/127.0.0.1:64576 - R:localhost/127.0.0.1:32625]
12:22:50.697 [Forwarding findElement on session e559ef74015106233d2aa9c7ad3d3831 to remote] DEBUG org.asynchttpclient.netty.request.NettyRequestSender - Using pooled Channel '[id: 0xc13ff954, L:/127.0.0.1:64576 - R:localhost/127.0.0.1:32625]' for 'POST' to 'http://localhost:32625/session/e559ef74015106233d2aa9c7ad3d3831/element'
12:22:50.697 [Forwarding findElement on session e559ef74015106233d2aa9c7ad3d3831 to remote] DEBUG org.asynchttpclient.netty.request.NettyRequestSender - Using open Channel [id: 0xc13ff954, L:/127.0.0.1:64576 - R:localhost/127.0.0.1:32625] for POST '/session/e559ef74015106233d2aa9c7ad3d3831/element'
12:22:50.716 [AsyncHttpClient-1-10] DEBUG org.asynchttpclient.netty.handler.HttpHandler - 

Request DefaultHttpRequest(decodeResult: success, version: HTTP/1.1)
POST /session/e559ef74015106233d2aa9c7ad3d3831/element HTTP/1.1
User-Agent: selenium/4.8.3 (java windows)
Content-Length: 62
Content-Type: application/json; charset=utf-8
host: localhost:32625
accept: */*

Response DefaultHttpResponse(decodeResult: success, version: HTTP/1.1)
HTTP/1.1 200 OK
Content-Length: 95
Content-Type: application/json; charset=utf-8
cache-control: no-cache

12:22:50.716 [AsyncHttpClient-1-10] DEBUG org.asynchttpclient.netty.channel.ChannelManager - Adding key: http://localhost:32625 for channel [id: 0xc13ff954, L:/127.0.0.1:64576 - R:localhost/127.0.0.1:32625]
12:22:50.716 [Forwarding clearElement on session e559ef74015106233d2aa9c7ad3d3831 to remote] DEBUG org.asynchttpclient.netty.request.NettyRequestSender - Using pooled Channel '[id: 0xc13ff954, L:/127.0.0.1:64576 - R:localhost/127.0.0.1:32625]' for 'POST' to 'http://localhost:32625/session/e559ef74015106233d2aa9c7ad3d3831/element/9ACDBA8B23525AF9355B6E173D294818_element_32/clear'
12:22:50.717 [Forwarding clearElement on session e559ef74015106233d2aa9c7ad3d3831 to remote] DEBUG org.asynchttpclient.netty.request.NettyRequestSender - Using open Channel [id: 0xc13ff954, L:/127.0.0.1:64576 - R:localhost/127.0.0.1:32625] for POST '/session/e559ef74015106233d2aa9c7ad3d3831/element/9ACDBA8B23525AF9355B6E173D294818_element_32/clear'
12:22:50.758 [AsyncHttpClient-1-10] DEBUG org.asynchttpclient.netty.handler.HttpHandler - 

Request DefaultHttpRequest(decodeResult: success, version: HTTP/1.1)
POST /session/e559ef74015106233d2aa9c7ad3d3831/element/9ACDBA8B23525AF9355B6E173D294818_element_32/clear HTTP/1.1
User-Agent: selenium/4.8.3 (java windows)
Content-Length: 57
Content-Type: application/json; charset=utf-8
host: localhost:32625
accept: */*

Response DefaultHttpResponse(decodeResult: success, version: HTTP/1.1)
HTTP/1.1 200 OK
Content-Length: 14
Content-Type: application/json; charset=utf-8
cache-control: no-cache

12:22:50.759 [AsyncHttpClient-1-10] DEBUG org.asynchttpclient.netty.channel.ChannelManager - Adding key: http://localhost:32625 for channel [id: 0xc13ff954, L:/127.0.0.1:64576 - R:localhost/127.0.0.1:32625]
12:22:50.763 [Forwarding findElement on session e559ef74015106233d2aa9c7ad3d3831 to remote] DEBUG org.asynchttpclient.netty.request.NettyRequestSender - Using pooled Channel '[id: 0xc13ff954, L:/127.0.0.1:64576 - R:localhost/127.0.0.1:32625]' for 'POST' to 'http://localhost:32625/session/e559ef74015106233d2aa9c7ad3d3831/element'
12:22:50.763 [Forwarding findElement on session e559ef74015106233d2aa9c7ad3d3831 to remote] DEBUG org.asynchttpclient.netty.request.NettyRequestSender - Using open Channel [id: 0xc13ff954, L:/127.0.0.1:64576 - R:localhost/127.0.0.1:32625] for POST '/session/e559ef74015106233d2aa9c7ad3d3831/element'
12:22:50.813 [AsyncHttpClient-1-10] DEBUG org.asynchttpclient.netty.handler.HttpHandler - 

Request DefaultHttpRequest(decodeResult: success, version: HTTP/1.1)
POST /session/e559ef74015106233d2aa9c7ad3d3831/element HTTP/1.1
User-Agent: selenium/4.8.3 (java windows)
Content-Length: 62
Content-Type: application/json; charset=utf-8
host: localhost:32625
accept: */*

Response DefaultHttpResponse(decodeResult: success, version: HTTP/1.1)
HTTP/1.1 200 OK
Content-Length: 95
Content-Type: application/json; charset=utf-8
cache-control: no-cache

12:22:50.813 [AsyncHttpClient-1-10] DEBUG org.asynchttpclient.netty.channel.ChannelManager - Adding key: http://localhost:32625 for channel [id: 0xc13ff954, L:/127.0.0.1:64576 - R:localhost/127.0.0.1:32625]
12:22:50.815 [Forwarding sendKeysToElement on session e559ef74015106233d2aa9c7ad3d3831 to remote] DEBUG org.asynchttpclient.netty.request.NettyRequestSender - Using pooled Channel '[id: 0xc13ff954, L:/127.0.0.1:64576 - R:localhost/127.0.0.1:32625]' for 'POST' to 'http://localhost:32625/session/e559ef74015106233d2aa9c7ad3d3831/element/9ACDBA8B23525AF9355B6E173D294818_element_32/value'
12:22:50.815 [Forwarding sendKeysToElement on session e559ef74015106233d2aa9c7ad3d3831 to remote] DEBUG org.asynchttpclient.netty.request.NettyRequestSender - Using open Channel [id: 0xc13ff954, L:/127.0.0.1:64576 - R:localhost/127.0.0.1:32625] for POST '/session/e559ef74015106233d2aa9c7ad3d3831/element/9ACDBA8B23525AF9355B6E173D294818_element_32/value'
12:22:50.904 [AsyncHttpClient-1-10] DEBUG org.asynchttpclient.netty.handler.HttpHandler - 

Request DefaultHttpRequest(decodeResult: success, version: HTTP/1.1)
POST /session/e559ef74015106233d2aa9c7ad3d3831/element/9ACDBA8B23525AF9355B6E173D294818_element_32/value HTTP/1.1
User-Agent: selenium/4.8.3 (java windows)
Content-Length: 148
Content-Type: application/json; charset=utf-8
host: localhost:32625
accept: */*

Response DefaultHttpResponse(decodeResult: success, version: HTTP/1.1)
HTTP/1.1 200 OK
Content-Length: 14
Content-Type: application/json; charset=utf-8
cache-control: no-cache

12:22:50.904 [AsyncHttpClient-1-10] DEBUG org.asynchttpclient.netty.channel.ChannelManager - Adding key: http://localhost:32625 for channel [id: 0xc13ff954, L:/127.0.0.1:64576 - R:localhost/127.0.0.1:32625]
12:22:50.905 [Forwarding findElement on session e559ef74015106233d2aa9c7ad3d3831 to remote] DEBUG org.asynchttpclient.netty.request.NettyRequestSender - Using pooled Channel '[id: 0xc13ff954, L:/127.0.0.1:64576 - R:localhost/127.0.0.1:32625]' for 'POST' to 'http://localhost:32625/session/e559ef74015106233d2aa9c7ad3d3831/element'
12:22:50.905 [Forwarding findElement on session e559ef74015106233d2aa9c7ad3d3831 to remote] DEBUG org.asynchttpclient.netty.request.NettyRequestSender - Using open Channel [id: 0xc13ff954, L:/127.0.0.1:64576 - R:localhost/127.0.0.1:32625] for POST '/session/e559ef74015106233d2aa9c7ad3d3831/element'
12:22:50.919 [AsyncHttpClient-1-10] DEBUG org.asynchttpclient.netty.handler.HttpHandler - 

Request DefaultHttpRequest(decodeResult: success, version: HTTP/1.1)
POST /session/e559ef74015106233d2aa9c7ad3d3831/element HTTP/1.1
User-Agent: selenium/4.8.3 (java windows)
Content-Length: 71
Content-Type: application/json; charset=utf-8
host: localhost:32625
accept: */*

Response DefaultHttpResponse(decodeResult: success, version: HTTP/1.1)
HTTP/1.1 200 OK
Content-Length: 95
Content-Type: application/json; charset=utf-8
cache-control: no-cache

12:22:50.919 [AsyncHttpClient-1-10] DEBUG org.asynchttpclient.netty.channel.ChannelManager - Adding key: http://localhost:32625 for channel [id: 0xc13ff954, L:/127.0.0.1:64576 - R:localhost/127.0.0.1:32625]
12:22:50.920 [Forwarding clickElement on session e559ef74015106233d2aa9c7ad3d3831 to remote] DEBUG org.asynchttpclient.netty.request.NettyRequestSender - Using pooled Channel '[id: 0xc13ff954, L:/127.0.0.1:64576 - R:localhost/127.0.0.1:32625]' for 'POST' to 'http://localhost:32625/session/e559ef74015106233d2aa9c7ad3d3831/element/9ACDBA8B23525AF9355B6E173D294818_element_33/click'
12:22:50.920 [Forwarding clickElement on session e559ef74015106233d2aa9c7ad3d3831 to remote] DEBUG org.asynchttpclient.netty.request.NettyRequestSender - Using open Channel [id: 0xc13ff954, L:/127.0.0.1:64576 - R:localhost/127.0.0.1:32625] for POST '/session/e559ef74015106233d2aa9c7ad3d3831/element/9ACDBA8B23525AF9355B6E173D294818_element_33/click'
12:22:50.972 [AsyncHttpClient-1-10] DEBUG org.asynchttpclient.netty.handler.HttpHandler - 

Request DefaultHttpRequest(decodeResult: success, version: HTTP/1.1)
POST /session/e559ef74015106233d2aa9c7ad3d3831/element/9ACDBA8B23525AF9355B6E173D294818_element_33/click HTTP/1.1
User-Agent: selenium/4.8.3 (java windows)
Content-Length: 57
Content-Type: application/json; charset=utf-8
host: localhost:32625
accept: */*

Response DefaultHttpResponse(decodeResult: success, version: HTTP/1.1)
HTTP/1.1 200 OK
Content-Length: 14
Content-Type: application/json; charset=utf-8
cache-control: no-cache

12:22:50.972 [AsyncHttpClient-1-10] DEBUG org.asynchttpclient.netty.channel.ChannelManager - Adding key: http://localhost:32625 for channel [id: 0xc13ff954, L:/127.0.0.1:64576 - R:localhost/127.0.0.1:32625]
2023-06-09 12:22:50 INFO  BaseTest:126 - Logged in
12:22:50.974 [rp-io-70] DEBUG com.epam.reportportal.service.Launch - Starting test item...rp-io-70
2023-06-09 12:22:50 INFO  Listeners:34 - Started Test null
12:22:50.978 [Forwarding findElement on session e559ef74015106233d2aa9c7ad3d3831 to remote] DEBUG org.asynchttpclient.netty.request.NettyRequestSender - Using pooled Channel '[id: 0xc13ff954, L:/127.0.0.1:64576 - R:localhost/127.0.0.1:32625]' for 'POST' to 'http://localhost:32625/session/e559ef74015106233d2aa9c7ad3d3831/element'
12:22:50.978 [Forwarding findElement on session e559ef74015106233d2aa9c7ad3d3831 to remote] DEBUG org.asynchttpclient.netty.request.NettyRequestSender - Using open Channel [id: 0xc13ff954, L:/127.0.0.1:64576 - R:localhost/127.0.0.1:32625] for POST '/session/e559ef74015106233d2aa9c7ad3d3831/element'
12:22:51.005 [rp-io-67] DEBUG com.epam.reportportal.service.Launch - TestItem with ID = '82a21d3b-ec97-4c44-826b-4945536392ed' successfully finished.
12:22:51.005 [rp-io-67] DEBUG com.epam.reportportal.utils.SubscriptionUtils - Finish test item completed
12:22:51.016 [rp-io-71] DEBUG com.epam.reportportal.service.Launch - ReportPortal item with ID 'e0f1e138-8cc6-4959-b789-0c0fdfabf092' has been created
12:22:51.016 [rp-io-71] DEBUG com.epam.reportportal.utils.SubscriptionUtils - Start test item successfully completed
12:22:51.339 [AsyncHttpClient-1-1] DEBUG org.asynchttpclient.netty.channel.DefaultChannelPool - Entry count for : http://localhost:64577 : 1
12:22:51.406 [AsyncHttpClient-1-10] DEBUG org.asynchttpclient.netty.handler.HttpHandler - 

Request DefaultHttpRequest(decodeResult: success, version: HTTP/1.1)
POST /session/e559ef74015106233d2aa9c7ad3d3831/element HTTP/1.1
User-Agent: selenium/4.8.3 (java windows)
Content-Length: 168
Content-Type: application/json; charset=utf-8
host: localhost:32625
accept: */*

Response DefaultHttpResponse(decodeResult: success, version: HTTP/1.1)
HTTP/1.1 200 OK
Content-Length: 95
Content-Type: application/json; charset=utf-8
cache-control: no-cache

12:22:51.406 [AsyncHttpClient-1-10] DEBUG org.asynchttpclient.netty.channel.ChannelManager - Adding key: http://localhost:32625 for channel [id: 0xc13ff954, L:/127.0.0.1:64576 - R:localhost/127.0.0.1:32625]
12:22:51.407 [Forwarding clickElement on session e559ef74015106233d2aa9c7ad3d3831 to remote] DEBUG org.asynchttpclient.netty.request.NettyRequestSender - Using pooled Channel '[id: 0xc13ff954, L:/127.0.0.1:64576 - R:localhost/127.0.0.1:32625]' for 'POST' to 'http://localhost:32625/session/e559ef74015106233d2aa9c7ad3d3831/element/9ACDBA8B23525AF9355B6E173D294818_element_40/click'
12:22:51.407 [Forwarding clickElement on session e559ef74015106233d2aa9c7ad3d3831 to remote] DEBUG org.asynchttpclient.netty.request.NettyRequestSender - Using open Channel [id: 0xc13ff954, L:/127.0.0.1:64576 - R:localhost/127.0.0.1:32625] for POST '/session/e559ef74015106233d2aa9c7ad3d3831/element/9ACDBA8B23525AF9355B6E173D294818_element_40/click'
12:22:51.750 [AsyncHttpClient-1-10] DEBUG org.asynchttpclient.netty.handler.HttpHandler - 

Request DefaultHttpRequest(decodeResult: success, version: HTTP/1.1)
POST /session/e559ef74015106233d2aa9c7ad3d3831/element/9ACDBA8B23525AF9355B6E173D294818_element_40/click HTTP/1.1
User-Agent: selenium/4.8.3 (java windows)
Content-Length: 57
Content-Type: application/json; charset=utf-8
host: localhost:32625
accept: */*

Response DefaultHttpResponse(decodeResult: success, version: HTTP/1.1)
HTTP/1.1 200 OK
Content-Length: 14
Content-Type: application/json; charset=utf-8
cache-control: no-cache

12:22:51.750 [AsyncHttpClient-1-10] DEBUG org.asynchttpclient.netty.channel.ChannelManager - Adding key: http://localhost:32625 for channel [id: 0xc13ff954, L:/127.0.0.1:64576 - R:localhost/127.0.0.1:32625]
12:22:51.752 [Forwarding findElement on session e559ef74015106233d2aa9c7ad3d3831 to remote] DEBUG org.asynchttpclient.netty.request.NettyRequestSender - Using pooled Channel '[id: 0xc13ff954, L:/127.0.0.1:64576 - R:localhost/127.0.0.1:32625]' for 'POST' to 'http://localhost:32625/session/e559ef74015106233d2aa9c7ad3d3831/element'
12:22:51.752 [Forwarding findElement on session e559ef74015106233d2aa9c7ad3d3831 to remote] DEBUG org.asynchttpclient.netty.request.NettyRequestSender - Using open Channel [id: 0xc13ff954, L:/127.0.0.1:64576 - R:localhost/127.0.0.1:32625] for POST '/session/e559ef74015106233d2aa9c7ad3d3831/element'
12:22:51.987 [AsyncHttpClient-1-10] DEBUG org.asynchttpclient.netty.handler.HttpHandler - 

Request DefaultHttpRequest(decodeResult: success, version: HTTP/1.1)
POST /session/e559ef74015106233d2aa9c7ad3d3831/element HTTP/1.1
User-Agent: selenium/4.8.3 (java windows)
Content-Length: 85
Content-Type: application/json; charset=utf-8
host: localhost:32625
accept: */*

Response DefaultHttpResponse(decodeResult: success, version: HTTP/1.1)
HTTP/1.1 200 OK
Content-Length: 95
Content-Type: application/json; charset=utf-8
cache-control: no-cache

12:22:51.988 [AsyncHttpClient-1-10] DEBUG org.asynchttpclient.netty.channel.ChannelManager - Adding key: http://localhost:32625 for channel [id: 0xc13ff954, L:/127.0.0.1:64576 - R:localhost/127.0.0.1:32625]
12:22:51.989 [Forwarding executeScript on session e559ef74015106233d2aa9c7ad3d3831 to remote] DEBUG org.asynchttpclient.netty.request.NettyRequestSender - Using pooled Channel '[id: 0xc13ff954, L:/127.0.0.1:64576 - R:localhost/127.0.0.1:32625]' for 'POST' to 'http://localhost:32625/session/e559ef74015106233d2aa9c7ad3d3831/execute/sync'
12:22:51.989 [Forwarding executeScript on session e559ef74015106233d2aa9c7ad3d3831 to remote] DEBUG org.asynchttpclient.netty.request.NettyRequestSender - Using open Channel [id: 0xc13ff954, L:/127.0.0.1:64576 - R:localhost/127.0.0.1:32625] for POST '/session/e559ef74015106233d2aa9c7ad3d3831/execute/sync'
12:22:51.999 [AsyncHttpClient-1-10] DEBUG org.asynchttpclient.netty.handler.HttpHandler - 

Request DefaultHttpRequest(decodeResult: success, version: HTTP/1.1)
POST /session/e559ef74015106233d2aa9c7ad3d3831/execute/sync HTTP/1.1
User-Agent: selenium/4.8.3 (java windows)
Content-Length: 232
Content-Type: application/json; charset=utf-8
host: localhost:32625
accept: */*

Response DefaultHttpResponse(decodeResult: success, version: HTTP/1.1)
HTTP/1.1 200 OK
Content-Length: 14
Content-Type: application/json; charset=utf-8
cache-control: no-cache

12:22:52.000 [AsyncHttpClient-1-10] DEBUG org.asynchttpclient.netty.channel.ChannelManager - Adding key: http://localhost:32625 for channel [id: 0xc13ff954, L:/127.0.0.1:64576 - R:localhost/127.0.0.1:32625]
12:22:52.001 [Forwarding findElement on session e559ef74015106233d2aa9c7ad3d3831 to remote] DEBUG org.asynchttpclient.netty.request.NettyRequestSender - Using pooled Channel '[id: 0xc13ff954, L:/127.0.0.1:64576 - R:localhost/127.0.0.1:32625]' for 'POST' to 'http://localhost:32625/session/e559ef74015106233d2aa9c7ad3d3831/element'
12:22:52.001 [Forwarding findElement on session e559ef74015106233d2aa9c7ad3d3831 to remote] DEBUG org.asynchttpclient.netty.request.NettyRequestSender - Using open Channel [id: 0xc13ff954, L:/127.0.0.1:64576 - R:localhost/127.0.0.1:32625] for POST '/session/e559ef74015106233d2aa9c7ad3d3831/element'
12:22:52.060 [AsyncHttpClient-1-10] DEBUG org.asynchttpclient.netty.handler.HttpHandler - 

Request DefaultHttpRequest(decodeResult: success, version: HTTP/1.1)
POST /session/e559ef74015106233d2aa9c7ad3d3831/element HTTP/1.1
User-Agent: selenium/4.8.3 (java windows)
Content-Length: 85
Content-Type: application/json; charset=utf-8
host: localhost:32625
accept: */*

Response DefaultHttpResponse(decodeResult: success, version: HTTP/1.1)
HTTP/1.1 200 OK
Content-Length: 95
Content-Type: application/json; charset=utf-8
cache-control: no-cache

12:22:52.061 [AsyncHttpClient-1-10] DEBUG org.asynchttpclient.netty.channel.ChannelManager - Adding key: http://localhost:32625 for channel [id: 0xc13ff954, L:/127.0.0.1:64576 - R:localhost/127.0.0.1:32625]
12:22:52.065 [Forwarding isElementDisplayed on session e559ef74015106233d2aa9c7ad3d3831 to remote] DEBUG org.asynchttpclient.netty.request.NettyRequestSender - Using pooled Channel '[id: 0xc13ff954, L:/127.0.0.1:64576 - R:localhost/127.0.0.1:32625]' for 'POST' to 'http://localhost:32625/session/e559ef74015106233d2aa9c7ad3d3831/execute/sync'
12:22:52.065 [Forwarding isElementDisplayed on session e559ef74015106233d2aa9c7ad3d3831 to remote] DEBUG org.asynchttpclient.netty.request.NettyRequestSender - Using open Channel [id: 0xc13ff954, L:/127.0.0.1:64576 - R:localhost/127.0.0.1:32625] for POST '/session/e559ef74015106233d2aa9c7ad3d3831/execute/sync'
12:22:52.324 [AsyncHttpClient-1-10] DEBUG org.asynchttpclient.netty.handler.HttpHandler - 

Request DefaultHttpRequest(decodeResult: success, version: HTTP/1.1)
POST /session/e559ef74015106233d2aa9c7ad3d3831/execute/sync HTTP/1.1
User-Agent: selenium/4.8.3 (java windows)
Content-Length: 48814
Content-Type: application/json; charset=utf-8
host: localhost:32625
accept: */*

Response DefaultHttpResponse(decodeResult: success, version: HTTP/1.1)
HTTP/1.1 200 OK
Content-Length: 14
Content-Type: application/json; charset=utf-8
cache-control: no-cache

12:22:52.325 [AsyncHttpClient-1-10] DEBUG org.asynchttpclient.netty.channel.ChannelManager - Adding key: http://localhost:32625 for channel [id: 0xc13ff954, L:/127.0.0.1:64576 - R:localhost/127.0.0.1:32625]
2023-06-09 12:22:52 INFO  Listeners:38 - Succeeded Test null
]]></system-out>
    <system-err><![CDATA[Starting ChromeDriver 114.0.5735.90 (386bc09e8f4f2e025eddae123f36f6263096ae49-refs/branch-heads/5735@{#1052}) on port 32625
Only local connections are allowed.
Please see https://chromedriver.chromium.org/security-considerations for suggestions on keeping ChromeDriver safe.
ChromeDriver was started successfully.
Jun 09, 2023 12:22:49 PM org.openqa.selenium.devtools.CdpVersionFinder findNearestMatch
WARNING: Unable to find an exact match for CDP version 114, so returning the closest version found: 111
]]></system-err>
  </testcase>
  <testcase name="searchDashboardNameDP[FAILED CASES TREND CHART](10)" classname="alltests.uitest.coreTest.DashboardPageTest" time="0">
    <skipped message="no such element: Unable to locate element: {&quot;method&quot;:&quot;xpath&quot;,&quot;selector&quot;:&quot;//*[text()=&apos;FAILED CASES TREND CHART&apos;]&quot;}&#10;  (Session info: chrome=114.0.5735.110)&#10;For documentation on this error, please visit: https://selenium.dev/exceptions/#no_such_element&#10;Build info: version: &apos;4.8.3&apos;, revision: &apos;e5e76298c3&apos;&#10;System info: os.name: &apos;Windows 10&apos;, os.arch: &apos;amd64&apos;, os.version: &apos;10.0&apos;, java.version: &apos;17.0.3.1&apos;&#10;Driver info: org.openqa.selenium.chrome.ChromeDriver&#10;Command: [12be7864015acc57885701416ca52172, findElement {using=xpath, value=//*[text()=&apos;FAILED CASES TREND CHART&apos;]}]&#10;Capabilities {acceptInsecureCerts: false, browserName: chrome, browserVersion: 114.0.5735.110, chrome: {chromedriverVersion: 114.0.5735.90 (386bc09e8f4f..., userDataDir: C:\Users\SUWARN~1\AppData\L...}, goog:chromeOptions: {debuggerAddress: localhost:64612}, networkConnectionEnabled: false, pageLoadStrategy: normal, platformName: WINDOWS, proxy: Proxy(), se:cdp: ws://localhost:64612/devtoo..., se:cdpVersion: 114.0.5735.110, setWindowRect: true, strictFileInteractability: false, timeouts: {implicit: 0, pageLoad: 300000, script: 30000}, unhandledPromptBehavior: dismiss and notify, webauthn:extension:credBlob: true, webauthn:extension:largeBlob: true, webauthn:extension:minPinLength: true, webauthn:extension:prf: true, webauthn:virtualAuthenticators: true}&#10;Session ID: 12be7864015acc57885701416ca52172"/>
    <system-out><![CDATA[12:22:52.328 [rp-io-75] DEBUG com.epam.reportportal.service.Launch - Starting test item...rp-io-75
12:22:52.330 [AsyncHttpClient-1-12] DEBUG org.asynchttpclient.netty.handler.WebSocketHandler - Channel Closed: [id: 0xdabedd57, L:/127.0.0.1:64584 ! R:localhost/127.0.0.1:64577] with attribute NettyResponseFuture{currentRetry=0,
	isDone=1,
	isCancelled=0,
	asyncHandler=org.asynchttpclient.ws.WebSocketUpgradeHandler@2c572c84,
	nettyRequest=org.asynchttpclient.netty.request.NettyRequest@6286d5c9,
	future=java.util.concurrent.CompletableFuture@7d2fa99f[Completed normally],
	uri=ws://localhost:64577/devtools/browser/c7c40ab0-aab5-438f-9c3d-378fb4787c0b,
	keepAlive=true,
	redirectCount=0,
	timeoutsHolder=null,
	inAuth=0,
	touch=1686306169026}
12:22:52.330 [AsyncHttpClient-1-12] DEBUG org.asynchttpclient.netty.channel.ChannelManager - Closing Channel [id: 0xdabedd57, L:/127.0.0.1:64584 ! R:localhost/127.0.0.1:64577] 
12:22:52.331 [Driver Command Executor] DEBUG org.asynchttpclient.netty.request.NettyRequestSender - Using pooled Channel '[id: 0xc13ff954, L:/127.0.0.1:64576 - R:localhost/127.0.0.1:32625]' for 'DELETE' to 'http://localhost:32625/session/e559ef74015106233d2aa9c7ad3d3831'
12:22:52.331 [Driver Command Executor] DEBUG org.asynchttpclient.netty.request.NettyRequestSender - Using open Channel [id: 0xc13ff954, L:/127.0.0.1:64576 - R:localhost/127.0.0.1:32625] for DELETE '/session/e559ef74015106233d2aa9c7ad3d3831'
12:22:52.359 [rp-io-73] DEBUG com.epam.reportportal.service.Launch - TestItem with ID = 'e0f1e138-8cc6-4959-b789-0c0fdfabf092' successfully finished.
12:22:52.359 [rp-io-73] DEBUG com.epam.reportportal.utils.SubscriptionUtils - Finish test item completed
12:22:52.369 [rp-io-75] DEBUG com.epam.reportportal.service.Launch - ReportPortal item with ID '6ecfa8c1-c520-4a9a-abfc-7985a7553996' has been created
12:22:52.369 [rp-io-75] DEBUG com.epam.reportportal.utils.SubscriptionUtils - Start test item successfully completed
12:22:52.392 [AsyncHttpClient-1-11] DEBUG org.asynchttpclient.netty.handler.HttpHandler - Unexpected I/O exception on channel [id: 0xfad10df2, L:/127.0.0.1:64583 - R:localhost/127.0.0.1:64577]
java.net.SocketException: Connection reset
	at java.base/sun.nio.ch.SocketChannelImpl.throwConnectionReset(SocketChannelImpl.java:394)
	at java.base/sun.nio.ch.SocketChannelImpl.read(SocketChannelImpl.java:426)
	at io.netty.buffer.PooledByteBuf.setBytes(PooledByteBuf.java:256)
	at io.netty.buffer.AbstractByteBuf.writeBytes(AbstractByteBuf.java:1132)
	at io.netty.channel.socket.nio.NioSocketChannel.doReadBytes(NioSocketChannel.java:357)
	at io.netty.channel.nio.AbstractNioByteChannel$NioByteUnsafe.read(AbstractNioByteChannel.java:151)
	at io.netty.channel.nio.NioEventLoop.processSelectedKey(NioEventLoop.java:788)
	at io.netty.channel.nio.NioEventLoop.processSelectedKeysOptimized(NioEventLoop.java:724)
	at io.netty.channel.nio.NioEventLoop.processSelectedKeys(NioEventLoop.java:650)
	at io.netty.channel.nio.NioEventLoop.run(NioEventLoop.java:562)
	at io.netty.util.concurrent.SingleThreadEventExecutor$4.run(SingleThreadEventExecutor.java:997)
	at io.netty.util.internal.ThreadExecutorMap$2.run(ThreadExecutorMap.java:74)
	at io.netty.util.concurrent.FastThreadLocalRunnable.run(FastThreadLocalRunnable.java:30)
	at java.base/java.lang.Thread.run(Thread.java:833)
12:22:52.392 [AsyncHttpClient-1-11] DEBUG org.asynchttpclient.netty.channel.ChannelManager - Closing Channel [id: 0xfad10df2, L:/127.0.0.1:64583 - R:localhost/127.0.0.1:64577] 
12:22:52.392 [AsyncHttpClient-1-11] DEBUG org.asynchttpclient.netty.handler.HttpHandler - Channel Closed: [id: 0xfad10df2, L:/127.0.0.1:64583 ! R:localhost/127.0.0.1:64577] with attribute DISCARD
12:22:52.416 [AsyncHttpClient-1-10] DEBUG org.asynchttpclient.netty.handler.HttpHandler - 

Request DefaultFullHttpRequest(decodeResult: success, version: HTTP/1.1, content: EmptyByteBufBE)
DELETE /session/e559ef74015106233d2aa9c7ad3d3831 HTTP/1.1
User-Agent: selenium/4.8.3 (java windows)
Content-Type: application/json; charset=utf-8
host: localhost:32625
accept: */*

Response DefaultHttpResponse(decodeResult: success, version: HTTP/1.1)
HTTP/1.1 200 OK
Content-Length: 14
Content-Type: application/json; charset=utf-8
cache-control: no-cache

12:22:52.416 [AsyncHttpClient-1-10] DEBUG org.asynchttpclient.netty.channel.ChannelManager - Adding key: http://localhost:32625 for channel [id: 0xc13ff954, L:/127.0.0.1:64576 - R:localhost/127.0.0.1:32625]
12:22:52.439 [AsyncHttpClient-1-1] DEBUG org.asynchttpclient.netty.channel.DefaultChannelPool - Entry count for : http://localhost:32625 : 1
12:22:52.439 [AsyncHttpClient-1-1] DEBUG org.asynchttpclient.netty.channel.DefaultChannelPool - Entry count for : http://localhost:64577 : 1
12:22:52.439 [AsyncHttpClient-1-1] DEBUG org.asynchttpclient.netty.channel.DefaultChannelPool - Adding Candidate expired Channel [id: 0xfad10df2, L:/127.0.0.1:64583 ! R:localhost/127.0.0.1:64577] isIdleTimeoutExpired=false isRemotelyClosed=true isTtlExpired=false
12:22:52.439 [AsyncHttpClient-1-1] DEBUG org.asynchttpclient.netty.channel.DefaultChannelPool - Closing Idle Channel [id: 0xfad10df2, L:/127.0.0.1:64583 ! R:localhost/127.0.0.1:64577]
12:22:52.439 [AsyncHttpClient-1-1] DEBUG org.asynchttpclient.netty.channel.DefaultChannelPool - Closed 1 connections out of 2 in 0 ms
12:22:52.473 [AsyncHttpClient-1-10] DEBUG org.asynchttpclient.netty.handler.HttpHandler - Channel Closed: [id: 0xc13ff954, L:/127.0.0.1:64576 ! R:localhost/127.0.0.1:32625] with attribute DISCARD
2023-06-09 12:22:52 INFO  BaseTest:83 - Test executed**********
12:22:52.533 [rp-io-81] DEBUG com.epam.reportportal.service.Launch - Starting test item...rp-io-81
2023-06-09 12:22:52 INFO  BaseTest:110 - Property files loaded successfully**********
12:22:52.548 [main] DEBUG io.github.bonigarcia.wdm.cache.ResolutionCache - Resolution chrome=114 in cache (valid until 13:14:48 09/06/2023 CEST)
12:22:52.548 [main] DEBUG io.github.bonigarcia.wdm.cache.ResolutionCache - Resolution chrome114=114.0.5735.90 in cache (valid until 12:14:48 10/06/2023 CEST)
12:22:52.548 [main] INFO io.github.bonigarcia.wdm.WebDriverManager - Using chromedriver 114.0.5735.90 (resolved driver for Chrome 114)
12:22:52.553 [rp-io-78] DEBUG com.epam.reportportal.service.Launch - TestItem with ID = '6ecfa8c1-c520-4a9a-abfc-7985a7553996' successfully finished.
12:22:52.553 [rp-io-78] DEBUG com.epam.reportportal.utils.SubscriptionUtils - Finish test item completed
12:22:52.559 [main] DEBUG io.github.bonigarcia.wdm.WebDriverManager - Driver chromedriver 114.0.5735.90 found in cache
12:22:52.559 [rp-io-81] DEBUG com.epam.reportportal.service.Launch - ReportPortal item with ID '5ee219ea-6d5c-470d-a094-d6c5531c4483' has been created
12:22:52.559 [rp-io-81] DEBUG com.epam.reportportal.utils.SubscriptionUtils - Start test item successfully completed
12:22:52.560 [main] INFO io.github.bonigarcia.wdm.WebDriverManager - Exporting webdriver.chrome.driver as C:\Users\Suwarna_Wagh\.cache\selenium\chromedriver\win32\114.0.5735.90\chromedriver.exe
12:22:52.700 [AsyncHttpClient-1-13] DEBUG org.asynchttpclient.netty.channel.NettyConnectListener - Using new Channel '[id: 0x57484dbe, L:/127.0.0.1:64611 - R:localhost/127.0.0.1:46497]' for 'POST' to '/session'
12:22:53.538 [AsyncHttpClient-1-1] DEBUG org.asynchttpclient.netty.channel.DefaultChannelPool - Entry count for : http://localhost:32625 : 1
12:22:53.538 [AsyncHttpClient-1-1] DEBUG org.asynchttpclient.netty.channel.DefaultChannelPool - Adding Candidate expired Channel [id: 0xc13ff954, L:/127.0.0.1:64576 ! R:localhost/127.0.0.1:32625] isIdleTimeoutExpired=false isRemotelyClosed=true isTtlExpired=false
12:22:53.538 [AsyncHttpClient-1-1] DEBUG org.asynchttpclient.netty.channel.DefaultChannelPool - Closing Idle Channel [id: 0xc13ff954, L:/127.0.0.1:64576 ! R:localhost/127.0.0.1:32625]
12:22:53.538 [AsyncHttpClient-1-1] DEBUG org.asynchttpclient.netty.channel.DefaultChannelPool - Closed 1 connections out of 1 in 0 ms
12:22:53.728 [AsyncHttpClient-1-13] DEBUG org.asynchttpclient.netty.handler.HttpHandler - 

Request DefaultHttpRequest(decodeResult: success, version: HTTP/1.1)
POST /session HTTP/1.1
User-Agent: selenium/4.8.3 (java windows)
Content-Length: 439
Content-Type: application/json; charset=utf-8
host: localhost:46497
accept: */*

Response DefaultHttpResponse(decodeResult: success, version: HTTP/1.1)
HTTP/1.1 200 OK
Content-Length: 861
Content-Type: application/json; charset=utf-8
cache-control: no-cache

12:22:53.729 [AsyncHttpClient-1-13] DEBUG org.asynchttpclient.netty.channel.ChannelManager - Adding key: http://localhost:46497 for channel [id: 0x57484dbe, L:/127.0.0.1:64611 - R:localhost/127.0.0.1:46497]
12:22:53.736 [AsyncHttpClient-1-14] DEBUG org.asynchttpclient.netty.channel.NettyConnectListener - Using new Channel '[id: 0x2ae9cbaf, L:/127.0.0.1:64620 - R:localhost/127.0.0.1:64612]' for 'GET' to '/json/version'
12:22:53.737 [AsyncHttpClient-1-14] DEBUG org.asynchttpclient.netty.handler.HttpHandler - 

Request DefaultFullHttpRequest(decodeResult: success, version: HTTP/1.1, content: EmptyByteBufBE)
GET /json/version HTTP/1.1
User-Agent: selenium/4.8.3 (java windows)
host: localhost:64612
accept: */*

Response DefaultHttpResponse(decodeResult: success, version: HTTP/1.1)
HTTP/1.1 200 OK
Content-Security-Policy: frame-ancestors 'none'
Content-Length: 424
Content-Type: application/json; charset=UTF-8

12:22:53.737 [AsyncHttpClient-1-14] DEBUG org.asynchttpclient.netty.channel.ChannelManager - Adding key: http://localhost:64612 for channel [id: 0x2ae9cbaf, L:/127.0.0.1:64620 - R:localhost/127.0.0.1:64612]
12:22:53.739 [AsyncHttpClient-1-15] DEBUG org.asynchttpclient.netty.channel.NettyConnectListener - Using new Channel '[id: 0xc89b91ed, L:/127.0.0.1:64621 - R:localhost/127.0.0.1:64612]' for 'GET' to '/devtools/browser/e367a600-0b68-40e4-b358-e2d3f179b142'
12:22:53.739 [AsyncHttpClient-1-15] DEBUG org.asynchttpclient.netty.handler.WebSocketHandler - 

Request DefaultFullHttpRequest(decodeResult: success, version: HTTP/1.1, content: EmptyByteBufBE)
GET /devtools/browser/e367a600-0b68-40e4-b358-e2d3f179b142 HTTP/1.1
upgrade: websocket
connection: upgrade
sec-websocket-key: ksKOq1iyINpz/h8Uwavqtw==
sec-websocket-version: 13
origin: http://localhost:64612
host: localhost:64612
accept: */*
user-agent: AHC/2.1

Response DefaultHttpResponse(decodeResult: success, version: HTTP/1.1)
HTTP/1.1 101 WebSocket Protocol Handshake
Upgrade: WebSocket
Connection: Upgrade
Sec-WebSocket-Accept: U4s3veKRahdGbyGUq9wrDrw3Q+8=

12:22:53.744 [Forwarding setTimeout on session 12be7864015acc57885701416ca52172 to remote] DEBUG org.asynchttpclient.netty.request.NettyRequestSender - Using pooled Channel '[id: 0x57484dbe, L:/127.0.0.1:64611 - R:localhost/127.0.0.1:46497]' for 'POST' to 'http://localhost:46497/session/12be7864015acc57885701416ca52172/timeouts'
12:22:53.744 [Forwarding setTimeout on session 12be7864015acc57885701416ca52172 to remote] DEBUG org.asynchttpclient.netty.request.NettyRequestSender - Using open Channel [id: 0x57484dbe, L:/127.0.0.1:64611 - R:localhost/127.0.0.1:46497] for POST '/session/12be7864015acc57885701416ca52172/timeouts'
12:22:53.745 [AsyncHttpClient-1-13] DEBUG org.asynchttpclient.netty.handler.HttpHandler - 

Request DefaultHttpRequest(decodeResult: success, version: HTTP/1.1)
POST /session/12be7864015acc57885701416ca52172/timeouts HTTP/1.1
User-Agent: selenium/4.8.3 (java windows)
Content-Length: 22
Content-Type: application/json; charset=utf-8
host: localhost:46497
accept: */*

Response DefaultHttpResponse(decodeResult: success, version: HTTP/1.1)
HTTP/1.1 200 OK
Content-Length: 14
Content-Type: application/json; charset=utf-8
cache-control: no-cache

12:22:53.745 [AsyncHttpClient-1-13] DEBUG org.asynchttpclient.netty.channel.ChannelManager - Adding key: http://localhost:46497 for channel [id: 0x57484dbe, L:/127.0.0.1:64611 - R:localhost/127.0.0.1:46497]
12:22:53.747 [Forwarding maximizeCurrentWindow on session 12be7864015acc57885701416ca52172 to remote] DEBUG org.asynchttpclient.netty.request.NettyRequestSender - Using pooled Channel '[id: 0x57484dbe, L:/127.0.0.1:64611 - R:localhost/127.0.0.1:46497]' for 'POST' to 'http://localhost:46497/session/12be7864015acc57885701416ca52172/window/maximize'
12:22:53.747 [Forwarding maximizeCurrentWindow on session 12be7864015acc57885701416ca52172 to remote] DEBUG org.asynchttpclient.netty.request.NettyRequestSender - Using open Channel [id: 0x57484dbe, L:/127.0.0.1:64611 - R:localhost/127.0.0.1:46497] for POST '/session/12be7864015acc57885701416ca52172/window/maximize'
12:22:53.875 [AsyncHttpClient-1-13] DEBUG org.asynchttpclient.netty.handler.HttpHandler - 

Request DefaultHttpRequest(decodeResult: success, version: HTTP/1.1)
POST /session/12be7864015acc57885701416ca52172/window/maximize HTTP/1.1
User-Agent: selenium/4.8.3 (java windows)
Content-Length: 3
Content-Type: application/json; charset=utf-8
host: localhost:46497
accept: */*

Response DefaultHttpResponse(decodeResult: success, version: HTTP/1.1)
HTTP/1.1 200 OK
Content-Length: 51
Content-Type: application/json; charset=utf-8
cache-control: no-cache

12:22:53.875 [AsyncHttpClient-1-13] DEBUG org.asynchttpclient.netty.channel.ChannelManager - Adding key: http://localhost:46497 for channel [id: 0x57484dbe, L:/127.0.0.1:64611 - R:localhost/127.0.0.1:46497]
12:22:53.876 [Forwarding get on session 12be7864015acc57885701416ca52172 to remote] DEBUG org.asynchttpclient.netty.request.NettyRequestSender - Using pooled Channel '[id: 0x57484dbe, L:/127.0.0.1:64611 - R:localhost/127.0.0.1:46497]' for 'POST' to 'http://localhost:46497/session/12be7864015acc57885701416ca52172/url'
12:22:53.876 [Forwarding get on session 12be7864015acc57885701416ca52172 to remote] DEBUG org.asynchttpclient.netty.request.NettyRequestSender - Using open Channel [id: 0x57484dbe, L:/127.0.0.1:64611 - R:localhost/127.0.0.1:46497] for POST '/session/12be7864015acc57885701416ca52172/url'
12:22:54.640 [AsyncHttpClient-1-1] DEBUG org.asynchttpclient.netty.channel.DefaultChannelPool - Entry count for : http://localhost:64612 : 1
12:22:55.636 [AsyncHttpClient-1-13] DEBUG org.asynchttpclient.netty.handler.HttpHandler - 

Request DefaultHttpRequest(decodeResult: success, version: HTTP/1.1)
POST /session/12be7864015acc57885701416ca52172/url HTTP/1.1
User-Agent: selenium/4.8.3 (java windows)
Content-Length: 52
Content-Type: application/json; charset=utf-8
host: localhost:46497
accept: */*

Response DefaultHttpResponse(decodeResult: success, version: HTTP/1.1)
HTTP/1.1 200 OK
Content-Length: 14
Content-Type: application/json; charset=utf-8
cache-control: no-cache

12:22:55.637 [AsyncHttpClient-1-13] DEBUG org.asynchttpclient.netty.channel.ChannelManager - Adding key: http://localhost:46497 for channel [id: 0x57484dbe, L:/127.0.0.1:64611 - R:localhost/127.0.0.1:46497]
2023-06-09 12:22:55 INFO  BaseTest:104 - Test driver set up done successfully**********
2023-06-09 12:22:55 INFO  BaseTest:122 - Logging in to portal
12:22:55.640 [Forwarding findElement on session 12be7864015acc57885701416ca52172 to remote] DEBUG org.asynchttpclient.netty.request.NettyRequestSender - Using pooled Channel '[id: 0x57484dbe, L:/127.0.0.1:64611 - R:localhost/127.0.0.1:46497]' for 'POST' to 'http://localhost:46497/session/12be7864015acc57885701416ca52172/element'
12:22:55.640 [Forwarding findElement on session 12be7864015acc57885701416ca52172 to remote] DEBUG org.asynchttpclient.netty.request.NettyRequestSender - Using open Channel [id: 0x57484dbe, L:/127.0.0.1:64611 - R:localhost/127.0.0.1:46497] for POST '/session/12be7864015acc57885701416ca52172/element'
12:22:55.657 [AsyncHttpClient-1-13] DEBUG org.asynchttpclient.netty.handler.HttpHandler - 

Request DefaultHttpRequest(decodeResult: success, version: HTTP/1.1)
POST /session/12be7864015acc57885701416ca52172/element HTTP/1.1
User-Agent: selenium/4.8.3 (java windows)
Content-Length: 59
Content-Type: application/json; charset=utf-8
host: localhost:46497
accept: */*

Response DefaultHttpResponse(decodeResult: success, version: HTTP/1.1)
HTTP/1.1 200 OK
Content-Length: 95
Content-Type: application/json; charset=utf-8
cache-control: no-cache

12:22:55.657 [AsyncHttpClient-1-13] DEBUG org.asynchttpclient.netty.channel.ChannelManager - Adding key: http://localhost:46497 for channel [id: 0x57484dbe, L:/127.0.0.1:64611 - R:localhost/127.0.0.1:46497]
12:22:55.659 [Forwarding clearElement on session 12be7864015acc57885701416ca52172 to remote] DEBUG org.asynchttpclient.netty.request.NettyRequestSender - Using pooled Channel '[id: 0x57484dbe, L:/127.0.0.1:64611 - R:localhost/127.0.0.1:46497]' for 'POST' to 'http://localhost:46497/session/12be7864015acc57885701416ca52172/element/F4DE3EAA12D0230CC080609E66B84FAC_element_29/clear'
12:22:55.659 [Forwarding clearElement on session 12be7864015acc57885701416ca52172 to remote] DEBUG org.asynchttpclient.netty.request.NettyRequestSender - Using open Channel [id: 0x57484dbe, L:/127.0.0.1:64611 - R:localhost/127.0.0.1:46497] for POST '/session/12be7864015acc57885701416ca52172/element/F4DE3EAA12D0230CC080609E66B84FAC_element_29/clear'
12:22:55.710 [AsyncHttpClient-1-13] DEBUG org.asynchttpclient.netty.handler.HttpHandler - 

Request DefaultHttpRequest(decodeResult: success, version: HTTP/1.1)
POST /session/12be7864015acc57885701416ca52172/element/F4DE3EAA12D0230CC080609E66B84FAC_element_29/clear HTTP/1.1
User-Agent: selenium/4.8.3 (java windows)
Content-Length: 57
Content-Type: application/json; charset=utf-8
host: localhost:46497
accept: */*

Response DefaultHttpResponse(decodeResult: success, version: HTTP/1.1)
HTTP/1.1 200 OK
Content-Length: 14
Content-Type: application/json; charset=utf-8
cache-control: no-cache

12:22:55.711 [AsyncHttpClient-1-13] DEBUG org.asynchttpclient.netty.channel.ChannelManager - Adding key: http://localhost:46497 for channel [id: 0x57484dbe, L:/127.0.0.1:64611 - R:localhost/127.0.0.1:46497]
12:22:55.711 [Forwarding findElement on session 12be7864015acc57885701416ca52172 to remote] DEBUG org.asynchttpclient.netty.request.NettyRequestSender - Using pooled Channel '[id: 0x57484dbe, L:/127.0.0.1:64611 - R:localhost/127.0.0.1:46497]' for 'POST' to 'http://localhost:46497/session/12be7864015acc57885701416ca52172/element'
12:22:55.711 [Forwarding findElement on session 12be7864015acc57885701416ca52172 to remote] DEBUG org.asynchttpclient.netty.request.NettyRequestSender - Using open Channel [id: 0x57484dbe, L:/127.0.0.1:64611 - R:localhost/127.0.0.1:46497] for POST '/session/12be7864015acc57885701416ca52172/element'
12:22:55.723 [AsyncHttpClient-1-13] DEBUG org.asynchttpclient.netty.handler.HttpHandler - 

Request DefaultHttpRequest(decodeResult: success, version: HTTP/1.1)
POST /session/12be7864015acc57885701416ca52172/element HTTP/1.1
User-Agent: selenium/4.8.3 (java windows)
Content-Length: 59
Content-Type: application/json; charset=utf-8
host: localhost:46497
accept: */*

Response DefaultHttpResponse(decodeResult: success, version: HTTP/1.1)
HTTP/1.1 200 OK
Content-Length: 95
Content-Type: application/json; charset=utf-8
cache-control: no-cache

12:22:55.723 [AsyncHttpClient-1-13] DEBUG org.asynchttpclient.netty.channel.ChannelManager - Adding key: http://localhost:46497 for channel [id: 0x57484dbe, L:/127.0.0.1:64611 - R:localhost/127.0.0.1:46497]
12:22:55.725 [Forwarding sendKeysToElement on session 12be7864015acc57885701416ca52172 to remote] DEBUG org.asynchttpclient.netty.request.NettyRequestSender - Using pooled Channel '[id: 0x57484dbe, L:/127.0.0.1:64611 - R:localhost/127.0.0.1:46497]' for 'POST' to 'http://localhost:46497/session/12be7864015acc57885701416ca52172/element/F4DE3EAA12D0230CC080609E66B84FAC_element_29/value'
12:22:55.725 [Forwarding sendKeysToElement on session 12be7864015acc57885701416ca52172 to remote] DEBUG org.asynchttpclient.netty.request.NettyRequestSender - Using open Channel [id: 0x57484dbe, L:/127.0.0.1:64611 - R:localhost/127.0.0.1:46497] for POST '/session/12be7864015acc57885701416ca52172/element/F4DE3EAA12D0230CC080609E66B84FAC_element_29/value'
12:22:55.739 [AsyncHttpClient-1-1] DEBUG org.asynchttpclient.netty.channel.DefaultChannelPool - Entry count for : http://localhost:64612 : 1
12:22:55.845 [AsyncHttpClient-1-13] DEBUG org.asynchttpclient.netty.handler.HttpHandler - 

Request DefaultHttpRequest(decodeResult: success, version: HTTP/1.1)
POST /session/12be7864015acc57885701416ca52172/element/F4DE3EAA12D0230CC080609E66B84FAC_element_29/value HTTP/1.1
User-Agent: selenium/4.8.3 (java windows)
Content-Length: 188
Content-Type: application/json; charset=utf-8
host: localhost:46497
accept: */*

Response DefaultHttpResponse(decodeResult: success, version: HTTP/1.1)
HTTP/1.1 200 OK
Content-Length: 14
Content-Type: application/json; charset=utf-8
cache-control: no-cache

12:22:55.846 [AsyncHttpClient-1-13] DEBUG org.asynchttpclient.netty.channel.ChannelManager - Adding key: http://localhost:46497 for channel [id: 0x57484dbe, L:/127.0.0.1:64611 - R:localhost/127.0.0.1:46497]
12:22:55.847 [Forwarding findElement on session 12be7864015acc57885701416ca52172 to remote] DEBUG org.asynchttpclient.netty.request.NettyRequestSender - Using pooled Channel '[id: 0x57484dbe, L:/127.0.0.1:64611 - R:localhost/127.0.0.1:46497]' for 'POST' to 'http://localhost:46497/session/12be7864015acc57885701416ca52172/element'
12:22:55.847 [Forwarding findElement on session 12be7864015acc57885701416ca52172 to remote] DEBUG org.asynchttpclient.netty.request.NettyRequestSender - Using open Channel [id: 0x57484dbe, L:/127.0.0.1:64611 - R:localhost/127.0.0.1:46497] for POST '/session/12be7864015acc57885701416ca52172/element'
12:22:55.864 [AsyncHttpClient-1-13] DEBUG org.asynchttpclient.netty.handler.HttpHandler - 

Request DefaultHttpRequest(decodeResult: success, version: HTTP/1.1)
POST /session/12be7864015acc57885701416ca52172/element HTTP/1.1
User-Agent: selenium/4.8.3 (java windows)
Content-Length: 62
Content-Type: application/json; charset=utf-8
host: localhost:46497
accept: */*

Response DefaultHttpResponse(decodeResult: success, version: HTTP/1.1)
HTTP/1.1 200 OK
Content-Length: 95
Content-Type: application/json; charset=utf-8
cache-control: no-cache

12:22:55.864 [AsyncHttpClient-1-13] DEBUG org.asynchttpclient.netty.channel.ChannelManager - Adding key: http://localhost:46497 for channel [id: 0x57484dbe, L:/127.0.0.1:64611 - R:localhost/127.0.0.1:46497]
12:22:55.865 [Forwarding clearElement on session 12be7864015acc57885701416ca52172 to remote] DEBUG org.asynchttpclient.netty.request.NettyRequestSender - Using pooled Channel '[id: 0x57484dbe, L:/127.0.0.1:64611 - R:localhost/127.0.0.1:46497]' for 'POST' to 'http://localhost:46497/session/12be7864015acc57885701416ca52172/element/F4DE3EAA12D0230CC080609E66B84FAC_element_31/clear'
12:22:55.865 [Forwarding clearElement on session 12be7864015acc57885701416ca52172 to remote] DEBUG org.asynchttpclient.netty.request.NettyRequestSender - Using open Channel [id: 0x57484dbe, L:/127.0.0.1:64611 - R:localhost/127.0.0.1:46497] for POST '/session/12be7864015acc57885701416ca52172/element/F4DE3EAA12D0230CC080609E66B84FAC_element_31/clear'
12:22:55.895 [AsyncHttpClient-1-13] DEBUG org.asynchttpclient.netty.handler.HttpHandler - 

Request DefaultHttpRequest(decodeResult: success, version: HTTP/1.1)
POST /session/12be7864015acc57885701416ca52172/element/F4DE3EAA12D0230CC080609E66B84FAC_element_31/clear HTTP/1.1
User-Agent: selenium/4.8.3 (java windows)
Content-Length: 57
Content-Type: application/json; charset=utf-8
host: localhost:46497
accept: */*

Response DefaultHttpResponse(decodeResult: success, version: HTTP/1.1)
HTTP/1.1 200 OK
Content-Length: 14
Content-Type: application/json; charset=utf-8
cache-control: no-cache

12:22:55.896 [AsyncHttpClient-1-13] DEBUG org.asynchttpclient.netty.channel.ChannelManager - Adding key: http://localhost:46497 for channel [id: 0x57484dbe, L:/127.0.0.1:64611 - R:localhost/127.0.0.1:46497]
12:22:55.897 [Forwarding findElement on session 12be7864015acc57885701416ca52172 to remote] DEBUG org.asynchttpclient.netty.request.NettyRequestSender - Using pooled Channel '[id: 0x57484dbe, L:/127.0.0.1:64611 - R:localhost/127.0.0.1:46497]' for 'POST' to 'http://localhost:46497/session/12be7864015acc57885701416ca52172/element'
12:22:55.897 [Forwarding findElement on session 12be7864015acc57885701416ca52172 to remote] DEBUG org.asynchttpclient.netty.request.NettyRequestSender - Using open Channel [id: 0x57484dbe, L:/127.0.0.1:64611 - R:localhost/127.0.0.1:46497] for POST '/session/12be7864015acc57885701416ca52172/element'
12:22:55.908 [AsyncHttpClient-1-13] DEBUG org.asynchttpclient.netty.handler.HttpHandler - 

Request DefaultHttpRequest(decodeResult: success, version: HTTP/1.1)
POST /session/12be7864015acc57885701416ca52172/element HTTP/1.1
User-Agent: selenium/4.8.3 (java windows)
Content-Length: 62
Content-Type: application/json; charset=utf-8
host: localhost:46497
accept: */*

Response DefaultHttpResponse(decodeResult: success, version: HTTP/1.1)
HTTP/1.1 200 OK
Content-Length: 95
Content-Type: application/json; charset=utf-8
cache-control: no-cache

12:22:55.908 [AsyncHttpClient-1-13] DEBUG org.asynchttpclient.netty.channel.ChannelManager - Adding key: http://localhost:46497 for channel [id: 0x57484dbe, L:/127.0.0.1:64611 - R:localhost/127.0.0.1:46497]
12:22:55.910 [Forwarding sendKeysToElement on session 12be7864015acc57885701416ca52172 to remote] DEBUG org.asynchttpclient.netty.request.NettyRequestSender - Using pooled Channel '[id: 0x57484dbe, L:/127.0.0.1:64611 - R:localhost/127.0.0.1:46497]' for 'POST' to 'http://localhost:46497/session/12be7864015acc57885701416ca52172/element/F4DE3EAA12D0230CC080609E66B84FAC_element_31/value'
12:22:55.910 [Forwarding sendKeysToElement on session 12be7864015acc57885701416ca52172 to remote] DEBUG org.asynchttpclient.netty.request.NettyRequestSender - Using open Channel [id: 0x57484dbe, L:/127.0.0.1:64611 - R:localhost/127.0.0.1:46497] for POST '/session/12be7864015acc57885701416ca52172/element/F4DE3EAA12D0230CC080609E66B84FAC_element_31/value'
12:22:56.035 [AsyncHttpClient-1-13] DEBUG org.asynchttpclient.netty.handler.HttpHandler - 

Request DefaultHttpRequest(decodeResult: success, version: HTTP/1.1)
POST /session/12be7864015acc57885701416ca52172/element/F4DE3EAA12D0230CC080609E66B84FAC_element_31/value HTTP/1.1
User-Agent: selenium/4.8.3 (java windows)
Content-Length: 148
Content-Type: application/json; charset=utf-8
host: localhost:46497
accept: */*

Response DefaultHttpResponse(decodeResult: success, version: HTTP/1.1)
HTTP/1.1 200 OK
Content-Length: 14
Content-Type: application/json; charset=utf-8
cache-control: no-cache

12:22:56.035 [AsyncHttpClient-1-13] DEBUG org.asynchttpclient.netty.channel.ChannelManager - Adding key: http://localhost:46497 for channel [id: 0x57484dbe, L:/127.0.0.1:64611 - R:localhost/127.0.0.1:46497]
12:22:56.037 [Forwarding findElement on session 12be7864015acc57885701416ca52172 to remote] DEBUG org.asynchttpclient.netty.request.NettyRequestSender - Using pooled Channel '[id: 0x57484dbe, L:/127.0.0.1:64611 - R:localhost/127.0.0.1:46497]' for 'POST' to 'http://localhost:46497/session/12be7864015acc57885701416ca52172/element'
12:22:56.037 [Forwarding findElement on session 12be7864015acc57885701416ca52172 to remote] DEBUG org.asynchttpclient.netty.request.NettyRequestSender - Using open Channel [id: 0x57484dbe, L:/127.0.0.1:64611 - R:localhost/127.0.0.1:46497] for POST '/session/12be7864015acc57885701416ca52172/element'
12:22:56.053 [AsyncHttpClient-1-13] DEBUG org.asynchttpclient.netty.handler.HttpHandler - 

Request DefaultHttpRequest(decodeResult: success, version: HTTP/1.1)
POST /session/12be7864015acc57885701416ca52172/element HTTP/1.1
User-Agent: selenium/4.8.3 (java windows)
Content-Length: 71
Content-Type: application/json; charset=utf-8
host: localhost:46497
accept: */*

Response DefaultHttpResponse(decodeResult: success, version: HTTP/1.1)
HTTP/1.1 200 OK
Content-Length: 95
Content-Type: application/json; charset=utf-8
cache-control: no-cache

12:22:56.053 [AsyncHttpClient-1-13] DEBUG org.asynchttpclient.netty.channel.ChannelManager - Adding key: http://localhost:46497 for channel [id: 0x57484dbe, L:/127.0.0.1:64611 - R:localhost/127.0.0.1:46497]
12:22:56.055 [Forwarding clickElement on session 12be7864015acc57885701416ca52172 to remote] DEBUG org.asynchttpclient.netty.request.NettyRequestSender - Using pooled Channel '[id: 0x57484dbe, L:/127.0.0.1:64611 - R:localhost/127.0.0.1:46497]' for 'POST' to 'http://localhost:46497/session/12be7864015acc57885701416ca52172/element/F4DE3EAA12D0230CC080609E66B84FAC_element_32/click'
12:22:56.055 [Forwarding clickElement on session 12be7864015acc57885701416ca52172 to remote] DEBUG org.asynchttpclient.netty.request.NettyRequestSender - Using open Channel [id: 0x57484dbe, L:/127.0.0.1:64611 - R:localhost/127.0.0.1:46497] for POST '/session/12be7864015acc57885701416ca52172/element/F4DE3EAA12D0230CC080609E66B84FAC_element_32/click'
12:22:56.111 [AsyncHttpClient-1-13] DEBUG org.asynchttpclient.netty.handler.HttpHandler - 

Request DefaultHttpRequest(decodeResult: success, version: HTTP/1.1)
POST /session/12be7864015acc57885701416ca52172/element/F4DE3EAA12D0230CC080609E66B84FAC_element_32/click HTTP/1.1
User-Agent: selenium/4.8.3 (java windows)
Content-Length: 57
Content-Type: application/json; charset=utf-8
host: localhost:46497
accept: */*

Response DefaultHttpResponse(decodeResult: success, version: HTTP/1.1)
HTTP/1.1 200 OK
Content-Length: 14
Content-Type: application/json; charset=utf-8
cache-control: no-cache

12:22:56.112 [AsyncHttpClient-1-13] DEBUG org.asynchttpclient.netty.channel.ChannelManager - Adding key: http://localhost:46497 for channel [id: 0x57484dbe, L:/127.0.0.1:64611 - R:localhost/127.0.0.1:46497]
2023-06-09 12:22:56 INFO  BaseTest:126 - Logged in
12:22:56.116 [rp-io-86] DEBUG com.epam.reportportal.service.Launch - Starting test item...rp-io-86
2023-06-09 12:22:56 INFO  Listeners:34 - Started Test null
12:22:56.117 [Forwarding findElement on session 12be7864015acc57885701416ca52172 to remote] DEBUG org.asynchttpclient.netty.request.NettyRequestSender - Using pooled Channel '[id: 0x57484dbe, L:/127.0.0.1:64611 - R:localhost/127.0.0.1:46497]' for 'POST' to 'http://localhost:46497/session/12be7864015acc57885701416ca52172/element'
12:22:56.117 [Forwarding findElement on session 12be7864015acc57885701416ca52172 to remote] DEBUG org.asynchttpclient.netty.request.NettyRequestSender - Using open Channel [id: 0x57484dbe, L:/127.0.0.1:64611 - R:localhost/127.0.0.1:46497] for POST '/session/12be7864015acc57885701416ca52172/element'
12:22:56.135 [rp-io-83] DEBUG com.epam.reportportal.service.Launch - TestItem with ID = '5ee219ea-6d5c-470d-a094-d6c5531c4483' successfully finished.
12:22:56.135 [rp-io-83] DEBUG com.epam.reportportal.utils.SubscriptionUtils - Finish test item completed
12:22:56.142 [rp-io-87] DEBUG com.epam.reportportal.service.Launch - ReportPortal item with ID '0c8533a7-f06a-45b2-9a07-49a5aa1165ab' has been created
12:22:56.142 [rp-io-87] DEBUG com.epam.reportportal.utils.SubscriptionUtils - Start test item successfully completed
12:22:56.580 [AsyncHttpClient-1-13] DEBUG org.asynchttpclient.netty.handler.HttpHandler - 

Request DefaultHttpRequest(decodeResult: success, version: HTTP/1.1)
POST /session/12be7864015acc57885701416ca52172/element HTTP/1.1
User-Agent: selenium/4.8.3 (java windows)
Content-Length: 168
Content-Type: application/json; charset=utf-8
host: localhost:46497
accept: */*

Response DefaultHttpResponse(decodeResult: success, version: HTTP/1.1)
HTTP/1.1 200 OK
Content-Length: 95
Content-Type: application/json; charset=utf-8
cache-control: no-cache

12:22:56.581 [AsyncHttpClient-1-13] DEBUG org.asynchttpclient.netty.channel.ChannelManager - Adding key: http://localhost:46497 for channel [id: 0x57484dbe, L:/127.0.0.1:64611 - R:localhost/127.0.0.1:46497]
12:22:56.582 [Forwarding clickElement on session 12be7864015acc57885701416ca52172 to remote] DEBUG org.asynchttpclient.netty.request.NettyRequestSender - Using pooled Channel '[id: 0x57484dbe, L:/127.0.0.1:64611 - R:localhost/127.0.0.1:46497]' for 'POST' to 'http://localhost:46497/session/12be7864015acc57885701416ca52172/element/F4DE3EAA12D0230CC080609E66B84FAC_element_49/click'
12:22:56.582 [Forwarding clickElement on session 12be7864015acc57885701416ca52172 to remote] DEBUG org.asynchttpclient.netty.request.NettyRequestSender - Using open Channel [id: 0x57484dbe, L:/127.0.0.1:64611 - R:localhost/127.0.0.1:46497] for POST '/session/12be7864015acc57885701416ca52172/element/F4DE3EAA12D0230CC080609E66B84FAC_element_49/click'
12:22:56.840 [AsyncHttpClient-1-1] DEBUG org.asynchttpclient.netty.channel.DefaultChannelPool - Entry count for : http://localhost:64612 : 1
12:22:56.948 [AsyncHttpClient-1-13] DEBUG org.asynchttpclient.netty.handler.HttpHandler - 

Request DefaultHttpRequest(decodeResult: success, version: HTTP/1.1)
POST /session/12be7864015acc57885701416ca52172/element/F4DE3EAA12D0230CC080609E66B84FAC_element_49/click HTTP/1.1
User-Agent: selenium/4.8.3 (java windows)
Content-Length: 57
Content-Type: application/json; charset=utf-8
host: localhost:46497
accept: */*

Response DefaultHttpResponse(decodeResult: success, version: HTTP/1.1)
HTTP/1.1 200 OK
Content-Length: 14
Content-Type: application/json; charset=utf-8
cache-control: no-cache

12:22:56.948 [AsyncHttpClient-1-13] DEBUG org.asynchttpclient.netty.channel.ChannelManager - Adding key: http://localhost:46497 for channel [id: 0x57484dbe, L:/127.0.0.1:64611 - R:localhost/127.0.0.1:46497]
12:22:56.950 [Forwarding findElement on session 12be7864015acc57885701416ca52172 to remote] DEBUG org.asynchttpclient.netty.request.NettyRequestSender - Using pooled Channel '[id: 0x57484dbe, L:/127.0.0.1:64611 - R:localhost/127.0.0.1:46497]' for 'POST' to 'http://localhost:46497/session/12be7864015acc57885701416ca52172/element'
12:22:56.950 [Forwarding findElement on session 12be7864015acc57885701416ca52172 to remote] DEBUG org.asynchttpclient.netty.request.NettyRequestSender - Using open Channel [id: 0x57484dbe, L:/127.0.0.1:64611 - R:localhost/127.0.0.1:46497] for POST '/session/12be7864015acc57885701416ca52172/element'
12:22:57.943 [AsyncHttpClient-1-1] DEBUG org.asynchttpclient.netty.channel.DefaultChannelPool - Entry count for : http://localhost:64612 : 1
12:22:59.040 [AsyncHttpClient-1-1] DEBUG org.asynchttpclient.netty.channel.DefaultChannelPool - Entry count for : http://localhost:64612 : 1
12:23:00.138 [AsyncHttpClient-1-1] DEBUG org.asynchttpclient.netty.channel.DefaultChannelPool - Entry count for : http://localhost:64612 : 1
12:23:01.152 [AsyncHttpClient-1-13] DEBUG org.asynchttpclient.netty.handler.HttpHandler - 

Request DefaultHttpRequest(decodeResult: success, version: HTTP/1.1)
POST /session/12be7864015acc57885701416ca52172/element HTTP/1.1
User-Agent: selenium/4.8.3 (java windows)
Content-Length: 85
Content-Type: application/json; charset=utf-8
host: localhost:46497
accept: */*

Response DefaultHttpResponse(decodeResult: success, version: HTTP/1.1)
HTTP/1.1 404 Not Found
Content-Length: 975
Content-Type: application/json; charset=utf-8
cache-control: no-cache

12:23:01.153 [AsyncHttpClient-1-13] DEBUG org.asynchttpclient.netty.channel.ChannelManager - Adding key: http://localhost:46497 for channel [id: 0x57484dbe, L:/127.0.0.1:64611 - R:localhost/127.0.0.1:46497]
2023-06-09 12:23:01 INFO  Listeners:55 - Skipped test null
12:23:01.154 [main] ERROR com.epam.reportportal.service.Launch - Item io.reactivex.internal.operators.maybe.MaybeCache@19f9287a not found in the cache
]]></system-out>
    <system-err><![CDATA[Starting ChromeDriver 114.0.5735.90 (386bc09e8f4f2e025eddae123f36f6263096ae49-refs/branch-heads/5735@{#1052}) on port 46497
Only local connections are allowed.
Please see https://chromedriver.chromium.org/security-considerations for suggestions on keeping ChromeDriver safe.
ChromeDriver was started successfully.
Jun 09, 2023 12:22:53 PM org.openqa.selenium.devtools.CdpVersionFinder findNearestMatch
WARNING: Unable to find an exact match for CDP version 114, so returning the closest version found: 111
]]></system-err>
  </testcase>
  <testcase name="searchDashboardNameDP[FAILED CASES TREND CHART](11)" classname="alltests.uitest.coreTest.DashboardPageTest" time="1.113">
    <system-out><![CDATA[12:23:01.155 [rp-io-2] DEBUG com.epam.reportportal.service.Launch - Starting test item...rp-io-2
12:23:01.156 [AsyncHttpClient-1-15] DEBUG org.asynchttpclient.netty.handler.WebSocketHandler - Channel Closed: [id: 0xc89b91ed, L:/127.0.0.1:64621 ! R:localhost/127.0.0.1:64612] with attribute NettyResponseFuture{currentRetry=0,
	isDone=1,
	isCancelled=0,
	asyncHandler=org.asynchttpclient.ws.WebSocketUpgradeHandler@6e4b1a4a,
	nettyRequest=org.asynchttpclient.netty.request.NettyRequest@13a0904f,
	future=java.util.concurrent.CompletableFuture@3f719b2d[Completed normally],
	uri=ws://localhost:64612/devtools/browser/e367a600-0b68-40e4-b358-e2d3f179b142,
	keepAlive=true,
	redirectCount=0,
	timeoutsHolder=null,
	inAuth=0,
	touch=1686306173740}
12:23:01.156 [AsyncHttpClient-1-15] DEBUG org.asynchttpclient.netty.channel.ChannelManager - Closing Channel [id: 0xc89b91ed, L:/127.0.0.1:64621 ! R:localhost/127.0.0.1:64612] 
12:23:01.159 [Driver Command Executor] DEBUG org.asynchttpclient.netty.request.NettyRequestSender - Using pooled Channel '[id: 0x57484dbe, L:/127.0.0.1:64611 - R:localhost/127.0.0.1:46497]' for 'DELETE' to 'http://localhost:46497/session/12be7864015acc57885701416ca52172'
12:23:01.159 [Driver Command Executor] DEBUG org.asynchttpclient.netty.request.NettyRequestSender - Using open Channel [id: 0x57484dbe, L:/127.0.0.1:64611 - R:localhost/127.0.0.1:46497] for DELETE '/session/12be7864015acc57885701416ca52172'
12:23:01.187 [rp-io-88] DEBUG com.epam.reportportal.service.Launch - TestItem with ID = '5ee219ea-6d5c-470d-a094-d6c5531c4483' successfully finished.
12:23:01.187 [rp-io-88] DEBUG com.epam.reportportal.utils.SubscriptionUtils - Finish test item completed
12:23:01.188 [rp-io-94] DEBUG com.epam.reportportal.service.Launch - TestItem with ID = '0c8533a7-f06a-45b2-9a07-49a5aa1165ab' successfully finished.
12:23:01.188 [rp-io-94] DEBUG com.epam.reportportal.utils.SubscriptionUtils - Finish test item completed
12:23:01.212 [rp-io-2] DEBUG com.epam.reportportal.service.Launch - ReportPortal item with ID 'ac85eb60-d856-46c6-a7e2-4637126bdb94' has been created
12:23:01.212 [rp-io-2] DEBUG com.epam.reportportal.utils.SubscriptionUtils - Start test item successfully completed
12:23:01.243 [AsyncHttpClient-1-1] DEBUG org.asynchttpclient.netty.channel.DefaultChannelPool - Entry count for : http://localhost:64612 : 1
12:23:01.308 [AsyncHttpClient-1-14] DEBUG org.asynchttpclient.netty.handler.HttpHandler - Unexpected I/O exception on channel [id: 0x2ae9cbaf, L:/127.0.0.1:64620 - R:localhost/127.0.0.1:64612]
java.net.SocketException: Connection reset
	at java.base/sun.nio.ch.SocketChannelImpl.throwConnectionReset(SocketChannelImpl.java:394)
	at java.base/sun.nio.ch.SocketChannelImpl.read(SocketChannelImpl.java:426)
	at io.netty.buffer.PooledByteBuf.setBytes(PooledByteBuf.java:256)
	at io.netty.buffer.AbstractByteBuf.writeBytes(AbstractByteBuf.java:1132)
	at io.netty.channel.socket.nio.NioSocketChannel.doReadBytes(NioSocketChannel.java:357)
	at io.netty.channel.nio.AbstractNioByteChannel$NioByteUnsafe.read(AbstractNioByteChannel.java:151)
	at io.netty.channel.nio.NioEventLoop.processSelectedKey(NioEventLoop.java:788)
	at io.netty.channel.nio.NioEventLoop.processSelectedKeysOptimized(NioEventLoop.java:724)
	at io.netty.channel.nio.NioEventLoop.processSelectedKeys(NioEventLoop.java:650)
	at io.netty.channel.nio.NioEventLoop.run(NioEventLoop.java:562)
	at io.netty.util.concurrent.SingleThreadEventExecutor$4.run(SingleThreadEventExecutor.java:997)
	at io.netty.util.internal.ThreadExecutorMap$2.run(ThreadExecutorMap.java:74)
	at io.netty.util.concurrent.FastThreadLocalRunnable.run(FastThreadLocalRunnable.java:30)
	at java.base/java.lang.Thread.run(Thread.java:833)
12:23:01.308 [AsyncHttpClient-1-14] DEBUG org.asynchttpclient.netty.channel.ChannelManager - Closing Channel [id: 0x2ae9cbaf, L:/127.0.0.1:64620 - R:localhost/127.0.0.1:64612] 
12:23:01.308 [AsyncHttpClient-1-14] DEBUG org.asynchttpclient.netty.handler.HttpHandler - Channel Closed: [id: 0x2ae9cbaf, L:/127.0.0.1:64620 ! R:localhost/127.0.0.1:64612] with attribute DISCARD
12:23:01.337 [AsyncHttpClient-1-13] DEBUG org.asynchttpclient.netty.handler.HttpHandler - 

Request DefaultFullHttpRequest(decodeResult: success, version: HTTP/1.1, content: EmptyByteBufBE)
DELETE /session/12be7864015acc57885701416ca52172 HTTP/1.1
User-Agent: selenium/4.8.3 (java windows)
Content-Type: application/json; charset=utf-8
host: localhost:46497
accept: */*

Response DefaultHttpResponse(decodeResult: success, version: HTTP/1.1)
HTTP/1.1 200 OK
Content-Length: 14
Content-Type: application/json; charset=utf-8
cache-control: no-cache

12:23:01.337 [AsyncHttpClient-1-13] DEBUG org.asynchttpclient.netty.channel.ChannelManager - Adding key: http://localhost:46497 for channel [id: 0x57484dbe, L:/127.0.0.1:64611 - R:localhost/127.0.0.1:46497]
12:23:01.416 [AsyncHttpClient-1-13] DEBUG org.asynchttpclient.netty.handler.HttpHandler - Channel Closed: [id: 0x57484dbe, L:/127.0.0.1:64611 ! R:localhost/127.0.0.1:46497] with attribute DISCARD
2023-06-09 12:23:01 INFO  BaseTest:83 - Test executed**********
12:23:01.478 [rp-io-95] DEBUG com.epam.reportportal.service.Launch - Starting test item...rp-io-95
2023-06-09 12:23:01 INFO  BaseTest:110 - Property files loaded successfully**********
12:23:01.491 [main] DEBUG io.github.bonigarcia.wdm.cache.ResolutionCache - Resolution chrome=114 in cache (valid until 13:14:48 09/06/2023 CEST)
12:23:01.491 [main] DEBUG io.github.bonigarcia.wdm.cache.ResolutionCache - Resolution chrome114=114.0.5735.90 in cache (valid until 12:14:48 10/06/2023 CEST)
12:23:01.491 [main] INFO io.github.bonigarcia.wdm.WebDriverManager - Using chromedriver 114.0.5735.90 (resolved driver for Chrome 114)
12:23:01.497 [rp-io-1] DEBUG com.epam.reportportal.service.Launch - TestItem with ID = 'ac85eb60-d856-46c6-a7e2-4637126bdb94' successfully finished.
12:23:01.497 [rp-io-1] DEBUG com.epam.reportportal.utils.SubscriptionUtils - Finish test item completed
12:23:01.501 [main] DEBUG io.github.bonigarcia.wdm.WebDriverManager - Driver chromedriver 114.0.5735.90 found in cache
12:23:01.502 [main] INFO io.github.bonigarcia.wdm.WebDriverManager - Exporting webdriver.chrome.driver as C:\Users\Suwarna_Wagh\.cache\selenium\chromedriver\win32\114.0.5735.90\chromedriver.exe
12:23:01.510 [rp-io-98] DEBUG com.epam.reportportal.service.Launch - ReportPortal item with ID 'a8ae144d-55a6-4cf5-8a7a-db5c091087c5' has been created
12:23:01.510 [rp-io-98] DEBUG com.epam.reportportal.utils.SubscriptionUtils - Start test item successfully completed
12:23:01.645 [AsyncHttpClient-1-16] DEBUG org.asynchttpclient.netty.channel.NettyConnectListener - Using new Channel '[id: 0xc65c8ec8, L:/127.0.0.1:64648 - R:localhost/127.0.0.1:5857]' for 'POST' to '/session'
12:23:02.351 [AsyncHttpClient-1-1] DEBUG org.asynchttpclient.netty.channel.DefaultChannelPool - Entry count for : http://localhost:64612 : 1
12:23:02.351 [AsyncHttpClient-1-1] DEBUG org.asynchttpclient.netty.channel.DefaultChannelPool - Entry count for : http://localhost:46497 : 1
12:23:02.351 [AsyncHttpClient-1-1] DEBUG org.asynchttpclient.netty.channel.DefaultChannelPool - Adding Candidate expired Channel [id: 0x2ae9cbaf, L:/127.0.0.1:64620 ! R:localhost/127.0.0.1:64612] isIdleTimeoutExpired=false isRemotelyClosed=true isTtlExpired=false
12:23:02.351 [AsyncHttpClient-1-1] DEBUG org.asynchttpclient.netty.channel.DefaultChannelPool - Closing Idle Channel [id: 0x2ae9cbaf, L:/127.0.0.1:64620 ! R:localhost/127.0.0.1:64612]
12:23:02.351 [AsyncHttpClient-1-1] DEBUG org.asynchttpclient.netty.channel.DefaultChannelPool - Adding Candidate expired Channel [id: 0x57484dbe, L:/127.0.0.1:64611 ! R:localhost/127.0.0.1:46497] isIdleTimeoutExpired=false isRemotelyClosed=true isTtlExpired=false
12:23:02.351 [AsyncHttpClient-1-1] DEBUG org.asynchttpclient.netty.channel.DefaultChannelPool - Closing Idle Channel [id: 0x57484dbe, L:/127.0.0.1:64611 ! R:localhost/127.0.0.1:46497]
12:23:02.351 [AsyncHttpClient-1-1] DEBUG org.asynchttpclient.netty.channel.DefaultChannelPool - Closed 2 connections out of 2 in 0 ms
12:23:02.867 [AsyncHttpClient-1-16] DEBUG org.asynchttpclient.netty.handler.HttpHandler - 

Request DefaultHttpRequest(decodeResult: success, version: HTTP/1.1)
POST /session HTTP/1.1
User-Agent: selenium/4.8.3 (java windows)
Content-Length: 439
Content-Type: application/json; charset=utf-8
host: localhost:5857
accept: */*

Response DefaultHttpResponse(decodeResult: success, version: HTTP/1.1)
HTTP/1.1 200 OK
Content-Length: 864
Content-Type: application/json; charset=utf-8
cache-control: no-cache

12:23:02.867 [AsyncHttpClient-1-16] DEBUG org.asynchttpclient.netty.channel.ChannelManager - Adding key: http://localhost:5857 for channel [id: 0xc65c8ec8, L:/127.0.0.1:64648 - R:localhost/127.0.0.1:5857]
12:23:02.873 [AsyncHttpClient-1-17] DEBUG org.asynchttpclient.netty.channel.NettyConnectListener - Using new Channel '[id: 0x004e3066, L:/127.0.0.1:64657 - R:localhost/127.0.0.1:64649]' for 'GET' to '/json/version'
12:23:02.873 [AsyncHttpClient-1-17] DEBUG org.asynchttpclient.netty.handler.HttpHandler - 

Request DefaultFullHttpRequest(decodeResult: success, version: HTTP/1.1, content: EmptyByteBufBE)
GET /json/version HTTP/1.1
User-Agent: selenium/4.8.3 (java windows)
host: localhost:64649
accept: */*

Response DefaultHttpResponse(decodeResult: success, version: HTTP/1.1)
HTTP/1.1 200 OK
Content-Security-Policy: frame-ancestors 'none'
Content-Length: 424
Content-Type: application/json; charset=UTF-8

12:23:02.874 [AsyncHttpClient-1-17] DEBUG org.asynchttpclient.netty.channel.ChannelManager - Adding key: http://localhost:64649 for channel [id: 0x004e3066, L:/127.0.0.1:64657 - R:localhost/127.0.0.1:64649]
12:23:02.875 [AsyncHttpClient-1-2] DEBUG org.asynchttpclient.netty.channel.NettyConnectListener - Using new Channel '[id: 0x89affa0e, L:/127.0.0.1:64658 - R:localhost/127.0.0.1:64649]' for 'GET' to '/devtools/browser/aca3f6cf-1209-4adc-a7d4-47fa41f7b5f4'
12:23:02.876 [AsyncHttpClient-1-2] DEBUG org.asynchttpclient.netty.handler.WebSocketHandler - 

Request DefaultFullHttpRequest(decodeResult: success, version: HTTP/1.1, content: EmptyByteBufBE)
GET /devtools/browser/aca3f6cf-1209-4adc-a7d4-47fa41f7b5f4 HTTP/1.1
upgrade: websocket
connection: upgrade
sec-websocket-key: CS8XhJxdwxIUSQIAVomaig==
sec-websocket-version: 13
origin: http://localhost:64649
host: localhost:64649
accept: */*
user-agent: AHC/2.1

Response DefaultHttpResponse(decodeResult: success, version: HTTP/1.1)
HTTP/1.1 101 WebSocket Protocol Handshake
Upgrade: WebSocket
Connection: Upgrade
Sec-WebSocket-Accept: RLoE2DaEh0xCtvRWG5GehgdYxVA=

12:23:02.880 [Forwarding setTimeout on session a4006af509a3074451a805553efde4cf to remote] DEBUG org.asynchttpclient.netty.request.NettyRequestSender - Using pooled Channel '[id: 0xc65c8ec8, L:/127.0.0.1:64648 - R:localhost/127.0.0.1:5857]' for 'POST' to 'http://localhost:5857/session/a4006af509a3074451a805553efde4cf/timeouts'
12:23:02.880 [Forwarding setTimeout on session a4006af509a3074451a805553efde4cf to remote] DEBUG org.asynchttpclient.netty.request.NettyRequestSender - Using open Channel [id: 0xc65c8ec8, L:/127.0.0.1:64648 - R:localhost/127.0.0.1:5857] for POST '/session/a4006af509a3074451a805553efde4cf/timeouts'
12:23:02.882 [AsyncHttpClient-1-16] DEBUG org.asynchttpclient.netty.handler.HttpHandler - 

Request DefaultHttpRequest(decodeResult: success, version: HTTP/1.1)
POST /session/a4006af509a3074451a805553efde4cf/timeouts HTTP/1.1
User-Agent: selenium/4.8.3 (java windows)
Content-Length: 22
Content-Type: application/json; charset=utf-8
host: localhost:5857
accept: */*

Response DefaultHttpResponse(decodeResult: success, version: HTTP/1.1)
HTTP/1.1 200 OK
Content-Length: 14
Content-Type: application/json; charset=utf-8
cache-control: no-cache

12:23:02.882 [AsyncHttpClient-1-16] DEBUG org.asynchttpclient.netty.channel.ChannelManager - Adding key: http://localhost:5857 for channel [id: 0xc65c8ec8, L:/127.0.0.1:64648 - R:localhost/127.0.0.1:5857]
12:23:02.883 [Forwarding maximizeCurrentWindow on session a4006af509a3074451a805553efde4cf to remote] DEBUG org.asynchttpclient.netty.request.NettyRequestSender - Using pooled Channel '[id: 0xc65c8ec8, L:/127.0.0.1:64648 - R:localhost/127.0.0.1:5857]' for 'POST' to 'http://localhost:5857/session/a4006af509a3074451a805553efde4cf/window/maximize'
12:23:02.883 [Forwarding maximizeCurrentWindow on session a4006af509a3074451a805553efde4cf to remote] DEBUG org.asynchttpclient.netty.request.NettyRequestSender - Using open Channel [id: 0xc65c8ec8, L:/127.0.0.1:64648 - R:localhost/127.0.0.1:5857] for POST '/session/a4006af509a3074451a805553efde4cf/window/maximize'
12:23:03.000 [AsyncHttpClient-1-16] DEBUG org.asynchttpclient.netty.handler.HttpHandler - 

Request DefaultHttpRequest(decodeResult: success, version: HTTP/1.1)
POST /session/a4006af509a3074451a805553efde4cf/window/maximize HTTP/1.1
User-Agent: selenium/4.8.3 (java windows)
Content-Length: 3
Content-Type: application/json; charset=utf-8
host: localhost:5857
accept: */*

Response DefaultHttpResponse(decodeResult: success, version: HTTP/1.1)
HTTP/1.1 200 OK
Content-Length: 51
Content-Type: application/json; charset=utf-8
cache-control: no-cache

12:23:03.000 [AsyncHttpClient-1-16] DEBUG org.asynchttpclient.netty.channel.ChannelManager - Adding key: http://localhost:5857 for channel [id: 0xc65c8ec8, L:/127.0.0.1:64648 - R:localhost/127.0.0.1:5857]
12:23:03.001 [Forwarding get on session a4006af509a3074451a805553efde4cf to remote] DEBUG org.asynchttpclient.netty.request.NettyRequestSender - Using pooled Channel '[id: 0xc65c8ec8, L:/127.0.0.1:64648 - R:localhost/127.0.0.1:5857]' for 'POST' to 'http://localhost:5857/session/a4006af509a3074451a805553efde4cf/url'
12:23:03.001 [Forwarding get on session a4006af509a3074451a805553efde4cf to remote] DEBUG org.asynchttpclient.netty.request.NettyRequestSender - Using open Channel [id: 0xc65c8ec8, L:/127.0.0.1:64648 - R:localhost/127.0.0.1:5857] for POST '/session/a4006af509a3074451a805553efde4cf/url'
12:23:03.440 [AsyncHttpClient-1-1] DEBUG org.asynchttpclient.netty.channel.DefaultChannelPool - Entry count for : http://localhost:64649 : 1
12:23:04.539 [AsyncHttpClient-1-1] DEBUG org.asynchttpclient.netty.channel.DefaultChannelPool - Entry count for : http://localhost:64649 : 1
12:23:04.696 [AsyncHttpClient-1-16] DEBUG org.asynchttpclient.netty.handler.HttpHandler - 

Request DefaultHttpRequest(decodeResult: success, version: HTTP/1.1)
POST /session/a4006af509a3074451a805553efde4cf/url HTTP/1.1
User-Agent: selenium/4.8.3 (java windows)
Content-Length: 52
Content-Type: application/json; charset=utf-8
host: localhost:5857
accept: */*

Response DefaultHttpResponse(decodeResult: success, version: HTTP/1.1)
HTTP/1.1 200 OK
Content-Length: 14
Content-Type: application/json; charset=utf-8
cache-control: no-cache

12:23:04.697 [AsyncHttpClient-1-16] DEBUG org.asynchttpclient.netty.channel.ChannelManager - Adding key: http://localhost:5857 for channel [id: 0xc65c8ec8, L:/127.0.0.1:64648 - R:localhost/127.0.0.1:5857]
2023-06-09 12:23:04 INFO  BaseTest:104 - Test driver set up done successfully**********
2023-06-09 12:23:04 INFO  BaseTest:122 - Logging in to portal
12:23:04.699 [Forwarding findElement on session a4006af509a3074451a805553efde4cf to remote] DEBUG org.asynchttpclient.netty.request.NettyRequestSender - Using pooled Channel '[id: 0xc65c8ec8, L:/127.0.0.1:64648 - R:localhost/127.0.0.1:5857]' for 'POST' to 'http://localhost:5857/session/a4006af509a3074451a805553efde4cf/element'
12:23:04.699 [Forwarding findElement on session a4006af509a3074451a805553efde4cf to remote] DEBUG org.asynchttpclient.netty.request.NettyRequestSender - Using open Channel [id: 0xc65c8ec8, L:/127.0.0.1:64648 - R:localhost/127.0.0.1:5857] for POST '/session/a4006af509a3074451a805553efde4cf/element'
12:23:04.719 [AsyncHttpClient-1-16] DEBUG org.asynchttpclient.netty.handler.HttpHandler - 

Request DefaultHttpRequest(decodeResult: success, version: HTTP/1.1)
POST /session/a4006af509a3074451a805553efde4cf/element HTTP/1.1
User-Agent: selenium/4.8.3 (java windows)
Content-Length: 59
Content-Type: application/json; charset=utf-8
host: localhost:5857
accept: */*

Response DefaultHttpResponse(decodeResult: success, version: HTTP/1.1)
HTTP/1.1 200 OK
Content-Length: 95
Content-Type: application/json; charset=utf-8
cache-control: no-cache

12:23:04.719 [AsyncHttpClient-1-16] DEBUG org.asynchttpclient.netty.channel.ChannelManager - Adding key: http://localhost:5857 for channel [id: 0xc65c8ec8, L:/127.0.0.1:64648 - R:localhost/127.0.0.1:5857]
12:23:04.720 [Forwarding clearElement on session a4006af509a3074451a805553efde4cf to remote] DEBUG org.asynchttpclient.netty.request.NettyRequestSender - Using pooled Channel '[id: 0xc65c8ec8, L:/127.0.0.1:64648 - R:localhost/127.0.0.1:5857]' for 'POST' to 'http://localhost:5857/session/a4006af509a3074451a805553efde4cf/element/B3D03228B03619482E5CC0368BCCD96F_element_27/clear'
12:23:04.720 [Forwarding clearElement on session a4006af509a3074451a805553efde4cf to remote] DEBUG org.asynchttpclient.netty.request.NettyRequestSender - Using open Channel [id: 0xc65c8ec8, L:/127.0.0.1:64648 - R:localhost/127.0.0.1:5857] for POST '/session/a4006af509a3074451a805553efde4cf/element/B3D03228B03619482E5CC0368BCCD96F_element_27/clear'
12:23:04.782 [AsyncHttpClient-1-16] DEBUG org.asynchttpclient.netty.handler.HttpHandler - 

Request DefaultHttpRequest(decodeResult: success, version: HTTP/1.1)
POST /session/a4006af509a3074451a805553efde4cf/element/B3D03228B03619482E5CC0368BCCD96F_element_27/clear HTTP/1.1
User-Agent: selenium/4.8.3 (java windows)
Content-Length: 57
Content-Type: application/json; charset=utf-8
host: localhost:5857
accept: */*

Response DefaultHttpResponse(decodeResult: success, version: HTTP/1.1)
HTTP/1.1 200 OK
Content-Length: 14
Content-Type: application/json; charset=utf-8
cache-control: no-cache

12:23:04.782 [AsyncHttpClient-1-16] DEBUG org.asynchttpclient.netty.channel.ChannelManager - Adding key: http://localhost:5857 for channel [id: 0xc65c8ec8, L:/127.0.0.1:64648 - R:localhost/127.0.0.1:5857]
12:23:04.784 [Forwarding findElement on session a4006af509a3074451a805553efde4cf to remote] DEBUG org.asynchttpclient.netty.request.NettyRequestSender - Using pooled Channel '[id: 0xc65c8ec8, L:/127.0.0.1:64648 - R:localhost/127.0.0.1:5857]' for 'POST' to 'http://localhost:5857/session/a4006af509a3074451a805553efde4cf/element'
12:23:04.784 [Forwarding findElement on session a4006af509a3074451a805553efde4cf to remote] DEBUG org.asynchttpclient.netty.request.NettyRequestSender - Using open Channel [id: 0xc65c8ec8, L:/127.0.0.1:64648 - R:localhost/127.0.0.1:5857] for POST '/session/a4006af509a3074451a805553efde4cf/element'
12:23:04.793 [AsyncHttpClient-1-16] DEBUG org.asynchttpclient.netty.handler.HttpHandler - 

Request DefaultHttpRequest(decodeResult: success, version: HTTP/1.1)
POST /session/a4006af509a3074451a805553efde4cf/element HTTP/1.1
User-Agent: selenium/4.8.3 (java windows)
Content-Length: 59
Content-Type: application/json; charset=utf-8
host: localhost:5857
accept: */*

Response DefaultHttpResponse(decodeResult: success, version: HTTP/1.1)
HTTP/1.1 200 OK
Content-Length: 95
Content-Type: application/json; charset=utf-8
cache-control: no-cache

12:23:04.793 [AsyncHttpClient-1-16] DEBUG org.asynchttpclient.netty.channel.ChannelManager - Adding key: http://localhost:5857 for channel [id: 0xc65c8ec8, L:/127.0.0.1:64648 - R:localhost/127.0.0.1:5857]
12:23:04.794 [Forwarding sendKeysToElement on session a4006af509a3074451a805553efde4cf to remote] DEBUG org.asynchttpclient.netty.request.NettyRequestSender - Using pooled Channel '[id: 0xc65c8ec8, L:/127.0.0.1:64648 - R:localhost/127.0.0.1:5857]' for 'POST' to 'http://localhost:5857/session/a4006af509a3074451a805553efde4cf/element/B3D03228B03619482E5CC0368BCCD96F_element_27/value'
12:23:04.794 [Forwarding sendKeysToElement on session a4006af509a3074451a805553efde4cf to remote] DEBUG org.asynchttpclient.netty.request.NettyRequestSender - Using open Channel [id: 0xc65c8ec8, L:/127.0.0.1:64648 - R:localhost/127.0.0.1:5857] for POST '/session/a4006af509a3074451a805553efde4cf/element/B3D03228B03619482E5CC0368BCCD96F_element_27/value'
12:23:04.902 [AsyncHttpClient-1-16] DEBUG org.asynchttpclient.netty.handler.HttpHandler - 

Request DefaultHttpRequest(decodeResult: success, version: HTTP/1.1)
POST /session/a4006af509a3074451a805553efde4cf/element/B3D03228B03619482E5CC0368BCCD96F_element_27/value HTTP/1.1
User-Agent: selenium/4.8.3 (java windows)
Content-Length: 188
Content-Type: application/json; charset=utf-8
host: localhost:5857
accept: */*

Response DefaultHttpResponse(decodeResult: success, version: HTTP/1.1)
HTTP/1.1 200 OK
Content-Length: 14
Content-Type: application/json; charset=utf-8
cache-control: no-cache

12:23:04.903 [AsyncHttpClient-1-16] DEBUG org.asynchttpclient.netty.channel.ChannelManager - Adding key: http://localhost:5857 for channel [id: 0xc65c8ec8, L:/127.0.0.1:64648 - R:localhost/127.0.0.1:5857]
12:23:04.906 [Forwarding findElement on session a4006af509a3074451a805553efde4cf to remote] DEBUG org.asynchttpclient.netty.request.NettyRequestSender - Using pooled Channel '[id: 0xc65c8ec8, L:/127.0.0.1:64648 - R:localhost/127.0.0.1:5857]' for 'POST' to 'http://localhost:5857/session/a4006af509a3074451a805553efde4cf/element'
12:23:04.906 [Forwarding findElement on session a4006af509a3074451a805553efde4cf to remote] DEBUG org.asynchttpclient.netty.request.NettyRequestSender - Using open Channel [id: 0xc65c8ec8, L:/127.0.0.1:64648 - R:localhost/127.0.0.1:5857] for POST '/session/a4006af509a3074451a805553efde4cf/element'
12:23:04.928 [AsyncHttpClient-1-16] DEBUG org.asynchttpclient.netty.handler.HttpHandler - 

Request DefaultHttpRequest(decodeResult: success, version: HTTP/1.1)
POST /session/a4006af509a3074451a805553efde4cf/element HTTP/1.1
User-Agent: selenium/4.8.3 (java windows)
Content-Length: 62
Content-Type: application/json; charset=utf-8
host: localhost:5857
accept: */*

Response DefaultHttpResponse(decodeResult: success, version: HTTP/1.1)
HTTP/1.1 200 OK
Content-Length: 95
Content-Type: application/json; charset=utf-8
cache-control: no-cache

12:23:04.928 [AsyncHttpClient-1-16] DEBUG org.asynchttpclient.netty.channel.ChannelManager - Adding key: http://localhost:5857 for channel [id: 0xc65c8ec8, L:/127.0.0.1:64648 - R:localhost/127.0.0.1:5857]
12:23:04.929 [Forwarding clearElement on session a4006af509a3074451a805553efde4cf to remote] DEBUG org.asynchttpclient.netty.request.NettyRequestSender - Using pooled Channel '[id: 0xc65c8ec8, L:/127.0.0.1:64648 - R:localhost/127.0.0.1:5857]' for 'POST' to 'http://localhost:5857/session/a4006af509a3074451a805553efde4cf/element/B3D03228B03619482E5CC0368BCCD96F_element_32/clear'
12:23:04.929 [Forwarding clearElement on session a4006af509a3074451a805553efde4cf to remote] DEBUG org.asynchttpclient.netty.request.NettyRequestSender - Using open Channel [id: 0xc65c8ec8, L:/127.0.0.1:64648 - R:localhost/127.0.0.1:5857] for POST '/session/a4006af509a3074451a805553efde4cf/element/B3D03228B03619482E5CC0368BCCD96F_element_32/clear'
12:23:04.957 [AsyncHttpClient-1-16] DEBUG org.asynchttpclient.netty.handler.HttpHandler - 

Request DefaultHttpRequest(decodeResult: success, version: HTTP/1.1)
POST /session/a4006af509a3074451a805553efde4cf/element/B3D03228B03619482E5CC0368BCCD96F_element_32/clear HTTP/1.1
User-Agent: selenium/4.8.3 (java windows)
Content-Length: 57
Content-Type: application/json; charset=utf-8
host: localhost:5857
accept: */*

Response DefaultHttpResponse(decodeResult: success, version: HTTP/1.1)
HTTP/1.1 200 OK
Content-Length: 14
Content-Type: application/json; charset=utf-8
cache-control: no-cache

12:23:04.957 [AsyncHttpClient-1-16] DEBUG org.asynchttpclient.netty.channel.ChannelManager - Adding key: http://localhost:5857 for channel [id: 0xc65c8ec8, L:/127.0.0.1:64648 - R:localhost/127.0.0.1:5857]
12:23:04.958 [Forwarding findElement on session a4006af509a3074451a805553efde4cf to remote] DEBUG org.asynchttpclient.netty.request.NettyRequestSender - Using pooled Channel '[id: 0xc65c8ec8, L:/127.0.0.1:64648 - R:localhost/127.0.0.1:5857]' for 'POST' to 'http://localhost:5857/session/a4006af509a3074451a805553efde4cf/element'
12:23:04.958 [Forwarding findElement on session a4006af509a3074451a805553efde4cf to remote] DEBUG org.asynchttpclient.netty.request.NettyRequestSender - Using open Channel [id: 0xc65c8ec8, L:/127.0.0.1:64648 - R:localhost/127.0.0.1:5857] for POST '/session/a4006af509a3074451a805553efde4cf/element'
12:23:04.965 [AsyncHttpClient-1-16] DEBUG org.asynchttpclient.netty.handler.HttpHandler - 

Request DefaultHttpRequest(decodeResult: success, version: HTTP/1.1)
POST /session/a4006af509a3074451a805553efde4cf/element HTTP/1.1
User-Agent: selenium/4.8.3 (java windows)
Content-Length: 62
Content-Type: application/json; charset=utf-8
host: localhost:5857
accept: */*

Response DefaultHttpResponse(decodeResult: success, version: HTTP/1.1)
HTTP/1.1 200 OK
Content-Length: 95
Content-Type: application/json; charset=utf-8
cache-control: no-cache

12:23:04.965 [AsyncHttpClient-1-16] DEBUG org.asynchttpclient.netty.channel.ChannelManager - Adding key: http://localhost:5857 for channel [id: 0xc65c8ec8, L:/127.0.0.1:64648 - R:localhost/127.0.0.1:5857]
12:23:04.966 [Forwarding sendKeysToElement on session a4006af509a3074451a805553efde4cf to remote] DEBUG org.asynchttpclient.netty.request.NettyRequestSender - Using pooled Channel '[id: 0xc65c8ec8, L:/127.0.0.1:64648 - R:localhost/127.0.0.1:5857]' for 'POST' to 'http://localhost:5857/session/a4006af509a3074451a805553efde4cf/element/B3D03228B03619482E5CC0368BCCD96F_element_32/value'
12:23:04.966 [Forwarding sendKeysToElement on session a4006af509a3074451a805553efde4cf to remote] DEBUG org.asynchttpclient.netty.request.NettyRequestSender - Using open Channel [id: 0xc65c8ec8, L:/127.0.0.1:64648 - R:localhost/127.0.0.1:5857] for POST '/session/a4006af509a3074451a805553efde4cf/element/B3D03228B03619482E5CC0368BCCD96F_element_32/value'
12:23:05.034 [AsyncHttpClient-1-16] DEBUG org.asynchttpclient.netty.handler.HttpHandler - 

Request DefaultHttpRequest(decodeResult: success, version: HTTP/1.1)
POST /session/a4006af509a3074451a805553efde4cf/element/B3D03228B03619482E5CC0368BCCD96F_element_32/value HTTP/1.1
User-Agent: selenium/4.8.3 (java windows)
Content-Length: 148
Content-Type: application/json; charset=utf-8
host: localhost:5857
accept: */*

Response DefaultHttpResponse(decodeResult: success, version: HTTP/1.1)
HTTP/1.1 200 OK
Content-Length: 14
Content-Type: application/json; charset=utf-8
cache-control: no-cache

12:23:05.034 [AsyncHttpClient-1-16] DEBUG org.asynchttpclient.netty.channel.ChannelManager - Adding key: http://localhost:5857 for channel [id: 0xc65c8ec8, L:/127.0.0.1:64648 - R:localhost/127.0.0.1:5857]
12:23:05.035 [Forwarding findElement on session a4006af509a3074451a805553efde4cf to remote] DEBUG org.asynchttpclient.netty.request.NettyRequestSender - Using pooled Channel '[id: 0xc65c8ec8, L:/127.0.0.1:64648 - R:localhost/127.0.0.1:5857]' for 'POST' to 'http://localhost:5857/session/a4006af509a3074451a805553efde4cf/element'
12:23:05.035 [Forwarding findElement on session a4006af509a3074451a805553efde4cf to remote] DEBUG org.asynchttpclient.netty.request.NettyRequestSender - Using open Channel [id: 0xc65c8ec8, L:/127.0.0.1:64648 - R:localhost/127.0.0.1:5857] for POST '/session/a4006af509a3074451a805553efde4cf/element'
12:23:05.052 [AsyncHttpClient-1-16] DEBUG org.asynchttpclient.netty.handler.HttpHandler - 

Request DefaultHttpRequest(decodeResult: success, version: HTTP/1.1)
POST /session/a4006af509a3074451a805553efde4cf/element HTTP/1.1
User-Agent: selenium/4.8.3 (java windows)
Content-Length: 71
Content-Type: application/json; charset=utf-8
host: localhost:5857
accept: */*

Response DefaultHttpResponse(decodeResult: success, version: HTTP/1.1)
HTTP/1.1 200 OK
Content-Length: 95
Content-Type: application/json; charset=utf-8
cache-control: no-cache

12:23:05.053 [AsyncHttpClient-1-16] DEBUG org.asynchttpclient.netty.channel.ChannelManager - Adding key: http://localhost:5857 for channel [id: 0xc65c8ec8, L:/127.0.0.1:64648 - R:localhost/127.0.0.1:5857]
12:23:05.054 [Forwarding clickElement on session a4006af509a3074451a805553efde4cf to remote] DEBUG org.asynchttpclient.netty.request.NettyRequestSender - Using pooled Channel '[id: 0xc65c8ec8, L:/127.0.0.1:64648 - R:localhost/127.0.0.1:5857]' for 'POST' to 'http://localhost:5857/session/a4006af509a3074451a805553efde4cf/element/B3D03228B03619482E5CC0368BCCD96F_element_33/click'
12:23:05.054 [Forwarding clickElement on session a4006af509a3074451a805553efde4cf to remote] DEBUG org.asynchttpclient.netty.request.NettyRequestSender - Using open Channel [id: 0xc65c8ec8, L:/127.0.0.1:64648 - R:localhost/127.0.0.1:5857] for POST '/session/a4006af509a3074451a805553efde4cf/element/B3D03228B03619482E5CC0368BCCD96F_element_33/click'
12:23:05.102 [AsyncHttpClient-1-16] DEBUG org.asynchttpclient.netty.handler.HttpHandler - 

Request DefaultHttpRequest(decodeResult: success, version: HTTP/1.1)
POST /session/a4006af509a3074451a805553efde4cf/element/B3D03228B03619482E5CC0368BCCD96F_element_33/click HTTP/1.1
User-Agent: selenium/4.8.3 (java windows)
Content-Length: 57
Content-Type: application/json; charset=utf-8
host: localhost:5857
accept: */*

Response DefaultHttpResponse(decodeResult: success, version: HTTP/1.1)
HTTP/1.1 200 OK
Content-Length: 14
Content-Type: application/json; charset=utf-8
cache-control: no-cache

12:23:05.102 [AsyncHttpClient-1-16] DEBUG org.asynchttpclient.netty.channel.ChannelManager - Adding key: http://localhost:5857 for channel [id: 0xc65c8ec8, L:/127.0.0.1:64648 - R:localhost/127.0.0.1:5857]
2023-06-09 12:23:05 INFO  BaseTest:126 - Logged in
12:23:05.104 [rp-io-4] DEBUG com.epam.reportportal.service.Launch - Starting test item...rp-io-4
2023-06-09 12:23:05 INFO  Listeners:34 - Started Test null
12:23:05.106 [Forwarding findElement on session a4006af509a3074451a805553efde4cf to remote] DEBUG org.asynchttpclient.netty.request.NettyRequestSender - Using pooled Channel '[id: 0xc65c8ec8, L:/127.0.0.1:64648 - R:localhost/127.0.0.1:5857]' for 'POST' to 'http://localhost:5857/session/a4006af509a3074451a805553efde4cf/element'
12:23:05.106 [Forwarding findElement on session a4006af509a3074451a805553efde4cf to remote] DEBUG org.asynchttpclient.netty.request.NettyRequestSender - Using open Channel [id: 0xc65c8ec8, L:/127.0.0.1:64648 - R:localhost/127.0.0.1:5857] for POST '/session/a4006af509a3074451a805553efde4cf/element'
12:23:05.128 [rp-io-92] DEBUG com.epam.reportportal.service.Launch - TestItem with ID = 'a8ae144d-55a6-4cf5-8a7a-db5c091087c5' successfully finished.
12:23:05.128 [rp-io-92] DEBUG com.epam.reportportal.utils.SubscriptionUtils - Finish test item completed
12:23:05.135 [rp-io-10] DEBUG com.epam.reportportal.service.Launch - ReportPortal item with ID '19d78f92-3ec1-4255-a232-73d5c58ff989' has been created
12:23:05.135 [rp-io-10] DEBUG com.epam.reportportal.utils.SubscriptionUtils - Start test item successfully completed
12:23:05.532 [AsyncHttpClient-1-16] DEBUG org.asynchttpclient.netty.handler.HttpHandler - 

Request DefaultHttpRequest(decodeResult: success, version: HTTP/1.1)
POST /session/a4006af509a3074451a805553efde4cf/element HTTP/1.1
User-Agent: selenium/4.8.3 (java windows)
Content-Length: 168
Content-Type: application/json; charset=utf-8
host: localhost:5857
accept: */*

Response DefaultHttpResponse(decodeResult: success, version: HTTP/1.1)
HTTP/1.1 200 OK
Content-Length: 95
Content-Type: application/json; charset=utf-8
cache-control: no-cache

12:23:05.532 [AsyncHttpClient-1-16] DEBUG org.asynchttpclient.netty.channel.ChannelManager - Adding key: http://localhost:5857 for channel [id: 0xc65c8ec8, L:/127.0.0.1:64648 - R:localhost/127.0.0.1:5857]
12:23:05.533 [Forwarding clickElement on session a4006af509a3074451a805553efde4cf to remote] DEBUG org.asynchttpclient.netty.request.NettyRequestSender - Using pooled Channel '[id: 0xc65c8ec8, L:/127.0.0.1:64648 - R:localhost/127.0.0.1:5857]' for 'POST' to 'http://localhost:5857/session/a4006af509a3074451a805553efde4cf/element/B3D03228B03619482E5CC0368BCCD96F_element_42/click'
12:23:05.533 [Forwarding clickElement on session a4006af509a3074451a805553efde4cf to remote] DEBUG org.asynchttpclient.netty.request.NettyRequestSender - Using open Channel [id: 0xc65c8ec8, L:/127.0.0.1:64648 - R:localhost/127.0.0.1:5857] for POST '/session/a4006af509a3074451a805553efde4cf/element/B3D03228B03619482E5CC0368BCCD96F_element_42/click'
12:23:05.639 [AsyncHttpClient-1-1] DEBUG org.asynchttpclient.netty.channel.DefaultChannelPool - Entry count for : http://localhost:64649 : 1
12:23:05.735 [AsyncHttpClient-1-16] DEBUG org.asynchttpclient.netty.handler.HttpHandler - 

Request DefaultHttpRequest(decodeResult: success, version: HTTP/1.1)
POST /session/a4006af509a3074451a805553efde4cf/element/B3D03228B03619482E5CC0368BCCD96F_element_42/click HTTP/1.1
User-Agent: selenium/4.8.3 (java windows)
Content-Length: 57
Content-Type: application/json; charset=utf-8
host: localhost:5857
accept: */*

Response DefaultHttpResponse(decodeResult: success, version: HTTP/1.1)
HTTP/1.1 200 OK
Content-Length: 14
Content-Type: application/json; charset=utf-8
cache-control: no-cache

12:23:05.738 [AsyncHttpClient-1-16] DEBUG org.asynchttpclient.netty.channel.ChannelManager - Adding key: http://localhost:5857 for channel [id: 0xc65c8ec8, L:/127.0.0.1:64648 - R:localhost/127.0.0.1:5857]
12:23:05.739 [Forwarding findElement on session a4006af509a3074451a805553efde4cf to remote] DEBUG org.asynchttpclient.netty.request.NettyRequestSender - Using pooled Channel '[id: 0xc65c8ec8, L:/127.0.0.1:64648 - R:localhost/127.0.0.1:5857]' for 'POST' to 'http://localhost:5857/session/a4006af509a3074451a805553efde4cf/element'
12:23:05.739 [Forwarding findElement on session a4006af509a3074451a805553efde4cf to remote] DEBUG org.asynchttpclient.netty.request.NettyRequestSender - Using open Channel [id: 0xc65c8ec8, L:/127.0.0.1:64648 - R:localhost/127.0.0.1:5857] for POST '/session/a4006af509a3074451a805553efde4cf/element'
12:23:06.159 [AsyncHttpClient-1-16] DEBUG org.asynchttpclient.netty.handler.HttpHandler - 

Request DefaultHttpRequest(decodeResult: success, version: HTTP/1.1)
POST /session/a4006af509a3074451a805553efde4cf/element HTTP/1.1
User-Agent: selenium/4.8.3 (java windows)
Content-Length: 85
Content-Type: application/json; charset=utf-8
host: localhost:5857
accept: */*

Response DefaultHttpResponse(decodeResult: success, version: HTTP/1.1)
HTTP/1.1 200 OK
Content-Length: 95
Content-Type: application/json; charset=utf-8
cache-control: no-cache

12:23:06.159 [AsyncHttpClient-1-16] DEBUG org.asynchttpclient.netty.channel.ChannelManager - Adding key: http://localhost:5857 for channel [id: 0xc65c8ec8, L:/127.0.0.1:64648 - R:localhost/127.0.0.1:5857]
12:23:06.160 [Forwarding executeScript on session a4006af509a3074451a805553efde4cf to remote] DEBUG org.asynchttpclient.netty.request.NettyRequestSender - Using pooled Channel '[id: 0xc65c8ec8, L:/127.0.0.1:64648 - R:localhost/127.0.0.1:5857]' for 'POST' to 'http://localhost:5857/session/a4006af509a3074451a805553efde4cf/execute/sync'
12:23:06.160 [Forwarding executeScript on session a4006af509a3074451a805553efde4cf to remote] DEBUG org.asynchttpclient.netty.request.NettyRequestSender - Using open Channel [id: 0xc65c8ec8, L:/127.0.0.1:64648 - R:localhost/127.0.0.1:5857] for POST '/session/a4006af509a3074451a805553efde4cf/execute/sync'
12:23:06.167 [AsyncHttpClient-1-16] DEBUG org.asynchttpclient.netty.handler.HttpHandler - 

Request DefaultHttpRequest(decodeResult: success, version: HTTP/1.1)
POST /session/a4006af509a3074451a805553efde4cf/execute/sync HTTP/1.1
User-Agent: selenium/4.8.3 (java windows)
Content-Length: 232
Content-Type: application/json; charset=utf-8
host: localhost:5857
accept: */*

Response DefaultHttpResponse(decodeResult: success, version: HTTP/1.1)
HTTP/1.1 200 OK
Content-Length: 14
Content-Type: application/json; charset=utf-8
cache-control: no-cache

12:23:06.167 [AsyncHttpClient-1-16] DEBUG org.asynchttpclient.netty.channel.ChannelManager - Adding key: http://localhost:5857 for channel [id: 0xc65c8ec8, L:/127.0.0.1:64648 - R:localhost/127.0.0.1:5857]
12:23:06.168 [Forwarding findElement on session a4006af509a3074451a805553efde4cf to remote] DEBUG org.asynchttpclient.netty.request.NettyRequestSender - Using pooled Channel '[id: 0xc65c8ec8, L:/127.0.0.1:64648 - R:localhost/127.0.0.1:5857]' for 'POST' to 'http://localhost:5857/session/a4006af509a3074451a805553efde4cf/element'
12:23:06.168 [Forwarding findElement on session a4006af509a3074451a805553efde4cf to remote] DEBUG org.asynchttpclient.netty.request.NettyRequestSender - Using open Channel [id: 0xc65c8ec8, L:/127.0.0.1:64648 - R:localhost/127.0.0.1:5857] for POST '/session/a4006af509a3074451a805553efde4cf/element'
12:23:06.176 [AsyncHttpClient-1-16] DEBUG org.asynchttpclient.netty.handler.HttpHandler - 

Request DefaultHttpRequest(decodeResult: success, version: HTTP/1.1)
POST /session/a4006af509a3074451a805553efde4cf/element HTTP/1.1
User-Agent: selenium/4.8.3 (java windows)
Content-Length: 85
Content-Type: application/json; charset=utf-8
host: localhost:5857
accept: */*

Response DefaultHttpResponse(decodeResult: success, version: HTTP/1.1)
HTTP/1.1 200 OK
Content-Length: 95
Content-Type: application/json; charset=utf-8
cache-control: no-cache

12:23:06.176 [AsyncHttpClient-1-16] DEBUG org.asynchttpclient.netty.channel.ChannelManager - Adding key: http://localhost:5857 for channel [id: 0xc65c8ec8, L:/127.0.0.1:64648 - R:localhost/127.0.0.1:5857]
12:23:06.178 [Forwarding isElementDisplayed on session a4006af509a3074451a805553efde4cf to remote] DEBUG org.asynchttpclient.netty.request.NettyRequestSender - Using pooled Channel '[id: 0xc65c8ec8, L:/127.0.0.1:64648 - R:localhost/127.0.0.1:5857]' for 'POST' to 'http://localhost:5857/session/a4006af509a3074451a805553efde4cf/execute/sync'
12:23:06.178 [Forwarding isElementDisplayed on session a4006af509a3074451a805553efde4cf to remote] DEBUG org.asynchttpclient.netty.request.NettyRequestSender - Using open Channel [id: 0xc65c8ec8, L:/127.0.0.1:64648 - R:localhost/127.0.0.1:5857] for POST '/session/a4006af509a3074451a805553efde4cf/execute/sync'
12:23:06.192 [AsyncHttpClient-1-16] DEBUG org.asynchttpclient.netty.handler.HttpHandler - 

Request DefaultHttpRequest(decodeResult: success, version: HTTP/1.1)
POST /session/a4006af509a3074451a805553efde4cf/execute/sync HTTP/1.1
User-Agent: selenium/4.8.3 (java windows)
Content-Length: 48814
Content-Type: application/json; charset=utf-8
host: localhost:5857
accept: */*

Response DefaultHttpResponse(decodeResult: success, version: HTTP/1.1)
HTTP/1.1 200 OK
Content-Length: 14
Content-Type: application/json; charset=utf-8
cache-control: no-cache

12:23:06.194 [AsyncHttpClient-1-16] DEBUG org.asynchttpclient.netty.channel.ChannelManager - Adding key: http://localhost:5857 for channel [id: 0xc65c8ec8, L:/127.0.0.1:64648 - R:localhost/127.0.0.1:5857]
2023-06-09 12:23:06 INFO  Listeners:38 - Succeeded Test null
]]></system-out>
    <system-err><![CDATA[Starting ChromeDriver 114.0.5735.90 (386bc09e8f4f2e025eddae123f36f6263096ae49-refs/branch-heads/5735@{#1052}) on port 5857
Only local connections are allowed.
Please see https://chromedriver.chromium.org/security-considerations for suggestions on keeping ChromeDriver safe.
ChromeDriver was started successfully.
Jun 09, 2023 12:23:02 PM org.openqa.selenium.devtools.CdpVersionFinder findNearestMatch
WARNING: Unable to find an exact match for CDP version 114, so returning the closest version found: 111
]]></system-err>
  </testcase>
  <testcase name="searchDashboardNameDP[LAUNCH TABLE](12)" classname="alltests.uitest.coreTest.DashboardPageTest" time="0">
    <skipped message="no such element: Unable to locate element: {&quot;method&quot;:&quot;xpath&quot;,&quot;selector&quot;:&quot;//*[text()=&apos;LAUNCH TABLE&apos;]&quot;}&#10;  (Session info: chrome=114.0.5735.110)&#10;For documentation on this error, please visit: https://selenium.dev/exceptions/#no_such_element&#10;Build info: version: &apos;4.8.3&apos;, revision: &apos;e5e76298c3&apos;&#10;System info: os.name: &apos;Windows 10&apos;, os.arch: &apos;amd64&apos;, os.version: &apos;10.0&apos;, java.version: &apos;17.0.3.1&apos;&#10;Driver info: org.openqa.selenium.chrome.ChromeDriver&#10;Command: [47dde4dd74191fd81f93f50f66d0d7f0, findElement {using=xpath, value=//*[text()=&apos;LAUNCH TABLE&apos;]}]&#10;Capabilities {acceptInsecureCerts: false, browserName: chrome, browserVersion: 114.0.5735.110, chrome: {chromedriverVersion: 114.0.5735.90 (386bc09e8f4f..., userDataDir: C:\Users\SUWARN~1\AppData\L...}, goog:chromeOptions: {debuggerAddress: localhost:64684}, networkConnectionEnabled: false, pageLoadStrategy: normal, platformName: WINDOWS, proxy: Proxy(), se:cdp: ws://localhost:64684/devtoo..., se:cdpVersion: 114.0.5735.110, setWindowRect: true, strictFileInteractability: false, timeouts: {implicit: 0, pageLoad: 300000, script: 30000}, unhandledPromptBehavior: dismiss and notify, webauthn:extension:credBlob: true, webauthn:extension:largeBlob: true, webauthn:extension:minPinLength: true, webauthn:extension:prf: true, webauthn:virtualAuthenticators: true}&#10;Session ID: 47dde4dd74191fd81f93f50f66d0d7f0"/>
    <system-out><![CDATA[12:23:06.195 [rp-io-12] DEBUG com.epam.reportportal.service.Launch - Starting test item...rp-io-12
12:23:06.197 [AsyncHttpClient-1-2] DEBUG org.asynchttpclient.netty.handler.WebSocketHandler - Channel Closed: [id: 0x89affa0e, L:/127.0.0.1:64658 ! R:localhost/127.0.0.1:64649] with attribute NettyResponseFuture{currentRetry=0,
	isDone=1,
	isCancelled=0,
	asyncHandler=org.asynchttpclient.ws.WebSocketUpgradeHandler@22de6e02,
	nettyRequest=org.asynchttpclient.netty.request.NettyRequest@2eff87a5,
	future=java.util.concurrent.CompletableFuture@454c7378[Completed normally],
	uri=ws://localhost:64649/devtools/browser/aca3f6cf-1209-4adc-a7d4-47fa41f7b5f4,
	keepAlive=true,
	redirectCount=0,
	timeoutsHolder=null,
	inAuth=0,
	touch=1686306182877}
12:23:06.197 [AsyncHttpClient-1-2] DEBUG org.asynchttpclient.netty.channel.ChannelManager - Closing Channel [id: 0x89affa0e, L:/127.0.0.1:64658 ! R:localhost/127.0.0.1:64649] 
12:23:06.198 [Driver Command Executor] DEBUG org.asynchttpclient.netty.request.NettyRequestSender - Using pooled Channel '[id: 0xc65c8ec8, L:/127.0.0.1:64648 - R:localhost/127.0.0.1:5857]' for 'DELETE' to 'http://localhost:5857/session/a4006af509a3074451a805553efde4cf'
12:23:06.198 [Driver Command Executor] DEBUG org.asynchttpclient.netty.request.NettyRequestSender - Using open Channel [id: 0xc65c8ec8, L:/127.0.0.1:64648 - R:localhost/127.0.0.1:5857] for DELETE '/session/a4006af509a3074451a805553efde4cf'
12:23:06.229 [rp-io-8] DEBUG com.epam.reportportal.service.Launch - TestItem with ID = '19d78f92-3ec1-4255-a232-73d5c58ff989' successfully finished.
12:23:06.229 [rp-io-8] DEBUG com.epam.reportportal.utils.SubscriptionUtils - Finish test item completed
12:23:06.254 [rp-io-12] DEBUG com.epam.reportportal.service.Launch - ReportPortal item with ID '266ea68a-f5fb-44f0-9cd8-fc712bf02209' has been created
12:23:06.254 [rp-io-12] DEBUG com.epam.reportportal.utils.SubscriptionUtils - Start test item successfully completed
12:23:06.302 [AsyncHttpClient-1-17] DEBUG org.asynchttpclient.netty.handler.HttpHandler - Unexpected I/O exception on channel [id: 0x004e3066, L:/127.0.0.1:64657 - R:localhost/127.0.0.1:64649]
java.net.SocketException: Connection reset
	at java.base/sun.nio.ch.SocketChannelImpl.throwConnectionReset(SocketChannelImpl.java:394)
	at java.base/sun.nio.ch.SocketChannelImpl.read(SocketChannelImpl.java:426)
	at io.netty.buffer.PooledByteBuf.setBytes(PooledByteBuf.java:256)
	at io.netty.buffer.AbstractByteBuf.writeBytes(AbstractByteBuf.java:1132)
	at io.netty.channel.socket.nio.NioSocketChannel.doReadBytes(NioSocketChannel.java:357)
	at io.netty.channel.nio.AbstractNioByteChannel$NioByteUnsafe.read(AbstractNioByteChannel.java:151)
	at io.netty.channel.nio.NioEventLoop.processSelectedKey(NioEventLoop.java:788)
	at io.netty.channel.nio.NioEventLoop.processSelectedKeysOptimized(NioEventLoop.java:724)
	at io.netty.channel.nio.NioEventLoop.processSelectedKeys(NioEventLoop.java:650)
	at io.netty.channel.nio.NioEventLoop.run(NioEventLoop.java:562)
	at io.netty.util.concurrent.SingleThreadEventExecutor$4.run(SingleThreadEventExecutor.java:997)
	at io.netty.util.internal.ThreadExecutorMap$2.run(ThreadExecutorMap.java:74)
	at io.netty.util.concurrent.FastThreadLocalRunnable.run(FastThreadLocalRunnable.java:30)
	at java.base/java.lang.Thread.run(Thread.java:833)
12:23:06.308 [AsyncHttpClient-1-17] DEBUG org.asynchttpclient.netty.channel.ChannelManager - Closing Channel [id: 0x004e3066, L:/127.0.0.1:64657 - R:localhost/127.0.0.1:64649] 
12:23:06.308 [AsyncHttpClient-1-17] DEBUG org.asynchttpclient.netty.handler.HttpHandler - Channel Closed: [id: 0x004e3066, L:/127.0.0.1:64657 ! R:localhost/127.0.0.1:64649] with attribute DISCARD
12:23:06.341 [AsyncHttpClient-1-16] DEBUG org.asynchttpclient.netty.handler.HttpHandler - 

Request DefaultFullHttpRequest(decodeResult: success, version: HTTP/1.1, content: EmptyByteBufBE)
DELETE /session/a4006af509a3074451a805553efde4cf HTTP/1.1
User-Agent: selenium/4.8.3 (java windows)
Content-Type: application/json; charset=utf-8
host: localhost:5857
accept: */*

Response DefaultHttpResponse(decodeResult: success, version: HTTP/1.1)
HTTP/1.1 200 OK
Content-Length: 14
Content-Type: application/json; charset=utf-8
cache-control: no-cache

12:23:06.342 [AsyncHttpClient-1-16] DEBUG org.asynchttpclient.netty.channel.ChannelManager - Adding key: http://localhost:5857 for channel [id: 0xc65c8ec8, L:/127.0.0.1:64648 - R:localhost/127.0.0.1:5857]
12:23:06.397 [AsyncHttpClient-1-16] DEBUG org.asynchttpclient.netty.handler.HttpHandler - Channel Closed: [id: 0xc65c8ec8, L:/127.0.0.1:64648 ! R:localhost/127.0.0.1:5857] with attribute DISCARD
2023-06-09 12:23:06 INFO  BaseTest:83 - Test executed**********
12:23:06.450 [rp-io-13] DEBUG com.epam.reportportal.service.Launch - Starting test item...rp-io-13
2023-06-09 12:23:06 INFO  BaseTest:110 - Property files loaded successfully**********
12:23:06.465 [main] DEBUG io.github.bonigarcia.wdm.cache.ResolutionCache - Resolution chrome=114 in cache (valid until 13:14:48 09/06/2023 CEST)
12:23:06.466 [main] DEBUG io.github.bonigarcia.wdm.cache.ResolutionCache - Resolution chrome114=114.0.5735.90 in cache (valid until 12:14:48 10/06/2023 CEST)
12:23:06.466 [main] INFO io.github.bonigarcia.wdm.WebDriverManager - Using chromedriver 114.0.5735.90 (resolved driver for Chrome 114)
12:23:06.472 [rp-io-17] DEBUG com.epam.reportportal.service.Launch - TestItem with ID = '266ea68a-f5fb-44f0-9cd8-fc712bf02209' successfully finished.
12:23:06.472 [rp-io-17] DEBUG com.epam.reportportal.utils.SubscriptionUtils - Finish test item completed
12:23:06.476 [rp-io-13] DEBUG com.epam.reportportal.service.Launch - ReportPortal item with ID 'f7dbe4ce-9d84-4857-84b8-ea06c3ede37e' has been created
12:23:06.476 [rp-io-13] DEBUG com.epam.reportportal.utils.SubscriptionUtils - Start test item successfully completed
12:23:06.477 [main] DEBUG io.github.bonigarcia.wdm.WebDriverManager - Driver chromedriver 114.0.5735.90 found in cache
12:23:06.478 [main] INFO io.github.bonigarcia.wdm.WebDriverManager - Exporting webdriver.chrome.driver as C:\Users\Suwarna_Wagh\.cache\selenium\chromedriver\win32\114.0.5735.90\chromedriver.exe
12:23:06.625 [AsyncHttpClient-1-3] DEBUG org.asynchttpclient.netty.channel.NettyConnectListener - Using new Channel '[id: 0xd9da7ee5, L:/127.0.0.1:64683 - R:localhost/127.0.0.1:33422]' for 'POST' to '/session'
12:23:06.739 [AsyncHttpClient-1-1] DEBUG org.asynchttpclient.netty.channel.DefaultChannelPool - Entry count for : http://localhost:5857 : 1
12:23:06.739 [AsyncHttpClient-1-1] DEBUG org.asynchttpclient.netty.channel.DefaultChannelPool - Entry count for : http://localhost:64649 : 1
12:23:06.739 [AsyncHttpClient-1-1] DEBUG org.asynchttpclient.netty.channel.DefaultChannelPool - Adding Candidate expired Channel [id: 0xc65c8ec8, L:/127.0.0.1:64648 ! R:localhost/127.0.0.1:5857] isIdleTimeoutExpired=false isRemotelyClosed=true isTtlExpired=false
12:23:06.739 [AsyncHttpClient-1-1] DEBUG org.asynchttpclient.netty.channel.DefaultChannelPool - Closing Idle Channel [id: 0xc65c8ec8, L:/127.0.0.1:64648 ! R:localhost/127.0.0.1:5857]
12:23:06.739 [AsyncHttpClient-1-1] DEBUG org.asynchttpclient.netty.channel.DefaultChannelPool - Adding Candidate expired Channel [id: 0x004e3066, L:/127.0.0.1:64657 ! R:localhost/127.0.0.1:64649] isIdleTimeoutExpired=false isRemotelyClosed=true isTtlExpired=false
12:23:06.739 [AsyncHttpClient-1-1] DEBUG org.asynchttpclient.netty.channel.DefaultChannelPool - Closing Idle Channel [id: 0x004e3066, L:/127.0.0.1:64657 ! R:localhost/127.0.0.1:64649]
12:23:06.739 [AsyncHttpClient-1-1] DEBUG org.asynchttpclient.netty.channel.DefaultChannelPool - Closed 2 connections out of 2 in 0 ms
12:23:07.592 [AsyncHttpClient-1-3] DEBUG org.asynchttpclient.netty.handler.HttpHandler - 

Request DefaultHttpRequest(decodeResult: success, version: HTTP/1.1)
POST /session HTTP/1.1
User-Agent: selenium/4.8.3 (java windows)
Content-Length: 439
Content-Type: application/json; charset=utf-8
host: localhost:33422
accept: */*

Response DefaultHttpResponse(decodeResult: success, version: HTTP/1.1)
HTTP/1.1 200 OK
Content-Length: 864
Content-Type: application/json; charset=utf-8
cache-control: no-cache

12:23:07.592 [AsyncHttpClient-1-3] DEBUG org.asynchttpclient.netty.channel.ChannelManager - Adding key: http://localhost:33422 for channel [id: 0xd9da7ee5, L:/127.0.0.1:64683 - R:localhost/127.0.0.1:33422]
12:23:07.597 [AsyncHttpClient-1-4] DEBUG org.asynchttpclient.netty.channel.NettyConnectListener - Using new Channel '[id: 0xc5783cfb, L:/127.0.0.1:64692 - R:localhost/127.0.0.1:64684]' for 'GET' to '/json/version'
12:23:07.598 [AsyncHttpClient-1-4] DEBUG org.asynchttpclient.netty.handler.HttpHandler - 

Request DefaultFullHttpRequest(decodeResult: success, version: HTTP/1.1, content: EmptyByteBufBE)
GET /json/version HTTP/1.1
User-Agent: selenium/4.8.3 (java windows)
host: localhost:64684
accept: */*

Response DefaultHttpResponse(decodeResult: success, version: HTTP/1.1)
HTTP/1.1 200 OK
Content-Security-Policy: frame-ancestors 'none'
Content-Length: 424
Content-Type: application/json; charset=UTF-8

12:23:07.598 [AsyncHttpClient-1-4] DEBUG org.asynchttpclient.netty.channel.ChannelManager - Adding key: http://localhost:64684 for channel [id: 0xc5783cfb, L:/127.0.0.1:64692 - R:localhost/127.0.0.1:64684]
12:23:07.600 [AsyncHttpClient-1-5] DEBUG org.asynchttpclient.netty.channel.NettyConnectListener - Using new Channel '[id: 0x143f149d, L:/127.0.0.1:64693 - R:localhost/127.0.0.1:64684]' for 'GET' to '/devtools/browser/0caa1d98-5194-4c70-93c3-ba62bbec8bc4'
12:23:07.601 [AsyncHttpClient-1-5] DEBUG org.asynchttpclient.netty.handler.WebSocketHandler - 

Request DefaultFullHttpRequest(decodeResult: success, version: HTTP/1.1, content: EmptyByteBufBE)
GET /devtools/browser/0caa1d98-5194-4c70-93c3-ba62bbec8bc4 HTTP/1.1
upgrade: websocket
connection: upgrade
sec-websocket-key: U43T73avzLYtOp87DMP3zA==
sec-websocket-version: 13
origin: http://localhost:64684
host: localhost:64684
accept: */*
user-agent: AHC/2.1

Response DefaultHttpResponse(decodeResult: success, version: HTTP/1.1)
HTTP/1.1 101 WebSocket Protocol Handshake
Upgrade: WebSocket
Connection: Upgrade
Sec-WebSocket-Accept: Pg3BUlMaNRtEDwDPFdVKd/qK+gk=

12:23:07.606 [Forwarding setTimeout on session 47dde4dd74191fd81f93f50f66d0d7f0 to remote] DEBUG org.asynchttpclient.netty.request.NettyRequestSender - Using pooled Channel '[id: 0xd9da7ee5, L:/127.0.0.1:64683 - R:localhost/127.0.0.1:33422]' for 'POST' to 'http://localhost:33422/session/47dde4dd74191fd81f93f50f66d0d7f0/timeouts'
12:23:07.606 [Forwarding setTimeout on session 47dde4dd74191fd81f93f50f66d0d7f0 to remote] DEBUG org.asynchttpclient.netty.request.NettyRequestSender - Using open Channel [id: 0xd9da7ee5, L:/127.0.0.1:64683 - R:localhost/127.0.0.1:33422] for POST '/session/47dde4dd74191fd81f93f50f66d0d7f0/timeouts'
12:23:07.607 [AsyncHttpClient-1-3] DEBUG org.asynchttpclient.netty.handler.HttpHandler - 

Request DefaultHttpRequest(decodeResult: success, version: HTTP/1.1)
POST /session/47dde4dd74191fd81f93f50f66d0d7f0/timeouts HTTP/1.1
User-Agent: selenium/4.8.3 (java windows)
Content-Length: 22
Content-Type: application/json; charset=utf-8
host: localhost:33422
accept: */*

Response DefaultHttpResponse(decodeResult: success, version: HTTP/1.1)
HTTP/1.1 200 OK
Content-Length: 14
Content-Type: application/json; charset=utf-8
cache-control: no-cache

12:23:07.607 [AsyncHttpClient-1-3] DEBUG org.asynchttpclient.netty.channel.ChannelManager - Adding key: http://localhost:33422 for channel [id: 0xd9da7ee5, L:/127.0.0.1:64683 - R:localhost/127.0.0.1:33422]
12:23:07.609 [Forwarding maximizeCurrentWindow on session 47dde4dd74191fd81f93f50f66d0d7f0 to remote] DEBUG org.asynchttpclient.netty.request.NettyRequestSender - Using pooled Channel '[id: 0xd9da7ee5, L:/127.0.0.1:64683 - R:localhost/127.0.0.1:33422]' for 'POST' to 'http://localhost:33422/session/47dde4dd74191fd81f93f50f66d0d7f0/window/maximize'
12:23:07.609 [Forwarding maximizeCurrentWindow on session 47dde4dd74191fd81f93f50f66d0d7f0 to remote] DEBUG org.asynchttpclient.netty.request.NettyRequestSender - Using open Channel [id: 0xd9da7ee5, L:/127.0.0.1:64683 - R:localhost/127.0.0.1:33422] for POST '/session/47dde4dd74191fd81f93f50f66d0d7f0/window/maximize'
12:23:07.733 [AsyncHttpClient-1-3] DEBUG org.asynchttpclient.netty.handler.HttpHandler - 

Request DefaultHttpRequest(decodeResult: success, version: HTTP/1.1)
POST /session/47dde4dd74191fd81f93f50f66d0d7f0/window/maximize HTTP/1.1
User-Agent: selenium/4.8.3 (java windows)
Content-Length: 3
Content-Type: application/json; charset=utf-8
host: localhost:33422
accept: */*

Response DefaultHttpResponse(decodeResult: success, version: HTTP/1.1)
HTTP/1.1 200 OK
Content-Length: 51
Content-Type: application/json; charset=utf-8
cache-control: no-cache

12:23:07.733 [AsyncHttpClient-1-3] DEBUG org.asynchttpclient.netty.channel.ChannelManager - Adding key: http://localhost:33422 for channel [id: 0xd9da7ee5, L:/127.0.0.1:64683 - R:localhost/127.0.0.1:33422]
12:23:07.734 [Forwarding get on session 47dde4dd74191fd81f93f50f66d0d7f0 to remote] DEBUG org.asynchttpclient.netty.request.NettyRequestSender - Using pooled Channel '[id: 0xd9da7ee5, L:/127.0.0.1:64683 - R:localhost/127.0.0.1:33422]' for 'POST' to 'http://localhost:33422/session/47dde4dd74191fd81f93f50f66d0d7f0/url'
12:23:07.734 [Forwarding get on session 47dde4dd74191fd81f93f50f66d0d7f0 to remote] DEBUG org.asynchttpclient.netty.request.NettyRequestSender - Using open Channel [id: 0xd9da7ee5, L:/127.0.0.1:64683 - R:localhost/127.0.0.1:33422] for POST '/session/47dde4dd74191fd81f93f50f66d0d7f0/url'
12:23:07.839 [AsyncHttpClient-1-1] DEBUG org.asynchttpclient.netty.channel.DefaultChannelPool - Entry count for : http://localhost:64684 : 1
12:23:08.939 [AsyncHttpClient-1-1] DEBUG org.asynchttpclient.netty.channel.DefaultChannelPool - Entry count for : http://localhost:64684 : 1
12:23:09.290 [AsyncHttpClient-1-3] DEBUG org.asynchttpclient.netty.handler.HttpHandler - 

Request DefaultHttpRequest(decodeResult: success, version: HTTP/1.1)
POST /session/47dde4dd74191fd81f93f50f66d0d7f0/url HTTP/1.1
User-Agent: selenium/4.8.3 (java windows)
Content-Length: 52
Content-Type: application/json; charset=utf-8
host: localhost:33422
accept: */*

Response DefaultHttpResponse(decodeResult: success, version: HTTP/1.1)
HTTP/1.1 200 OK
Content-Length: 14
Content-Type: application/json; charset=utf-8
cache-control: no-cache

12:23:09.290 [AsyncHttpClient-1-3] DEBUG org.asynchttpclient.netty.channel.ChannelManager - Adding key: http://localhost:33422 for channel [id: 0xd9da7ee5, L:/127.0.0.1:64683 - R:localhost/127.0.0.1:33422]
2023-06-09 12:23:09 INFO  BaseTest:104 - Test driver set up done successfully**********
2023-06-09 12:23:09 INFO  BaseTest:122 - Logging in to portal
12:23:09.294 [Forwarding findElement on session 47dde4dd74191fd81f93f50f66d0d7f0 to remote] DEBUG org.asynchttpclient.netty.request.NettyRequestSender - Using pooled Channel '[id: 0xd9da7ee5, L:/127.0.0.1:64683 - R:localhost/127.0.0.1:33422]' for 'POST' to 'http://localhost:33422/session/47dde4dd74191fd81f93f50f66d0d7f0/element'
12:23:09.294 [Forwarding findElement on session 47dde4dd74191fd81f93f50f66d0d7f0 to remote] DEBUG org.asynchttpclient.netty.request.NettyRequestSender - Using open Channel [id: 0xd9da7ee5, L:/127.0.0.1:64683 - R:localhost/127.0.0.1:33422] for POST '/session/47dde4dd74191fd81f93f50f66d0d7f0/element'
12:23:09.305 [AsyncHttpClient-1-3] DEBUG org.asynchttpclient.netty.handler.HttpHandler - 

Request DefaultHttpRequest(decodeResult: success, version: HTTP/1.1)
POST /session/47dde4dd74191fd81f93f50f66d0d7f0/element HTTP/1.1
User-Agent: selenium/4.8.3 (java windows)
Content-Length: 59
Content-Type: application/json; charset=utf-8
host: localhost:33422
accept: */*

Response DefaultHttpResponse(decodeResult: success, version: HTTP/1.1)
HTTP/1.1 200 OK
Content-Length: 95
Content-Type: application/json; charset=utf-8
cache-control: no-cache

12:23:09.305 [AsyncHttpClient-1-3] DEBUG org.asynchttpclient.netty.channel.ChannelManager - Adding key: http://localhost:33422 for channel [id: 0xd9da7ee5, L:/127.0.0.1:64683 - R:localhost/127.0.0.1:33422]
12:23:09.306 [Forwarding clearElement on session 47dde4dd74191fd81f93f50f66d0d7f0 to remote] DEBUG org.asynchttpclient.netty.request.NettyRequestSender - Using pooled Channel '[id: 0xd9da7ee5, L:/127.0.0.1:64683 - R:localhost/127.0.0.1:33422]' for 'POST' to 'http://localhost:33422/session/47dde4dd74191fd81f93f50f66d0d7f0/element/42EAC107FF20865640FC7671AE47210A_element_26/clear'
12:23:09.306 [Forwarding clearElement on session 47dde4dd74191fd81f93f50f66d0d7f0 to remote] DEBUG org.asynchttpclient.netty.request.NettyRequestSender - Using open Channel [id: 0xd9da7ee5, L:/127.0.0.1:64683 - R:localhost/127.0.0.1:33422] for POST '/session/47dde4dd74191fd81f93f50f66d0d7f0/element/42EAC107FF20865640FC7671AE47210A_element_26/clear'
12:23:09.341 [AsyncHttpClient-1-3] DEBUG org.asynchttpclient.netty.handler.HttpHandler - 

Request DefaultHttpRequest(decodeResult: success, version: HTTP/1.1)
POST /session/47dde4dd74191fd81f93f50f66d0d7f0/element/42EAC107FF20865640FC7671AE47210A_element_26/clear HTTP/1.1
User-Agent: selenium/4.8.3 (java windows)
Content-Length: 57
Content-Type: application/json; charset=utf-8
host: localhost:33422
accept: */*

Response DefaultHttpResponse(decodeResult: success, version: HTTP/1.1)
HTTP/1.1 200 OK
Content-Length: 14
Content-Type: application/json; charset=utf-8
cache-control: no-cache

12:23:09.341 [AsyncHttpClient-1-3] DEBUG org.asynchttpclient.netty.channel.ChannelManager - Adding key: http://localhost:33422 for channel [id: 0xd9da7ee5, L:/127.0.0.1:64683 - R:localhost/127.0.0.1:33422]
12:23:09.341 [Forwarding findElement on session 47dde4dd74191fd81f93f50f66d0d7f0 to remote] DEBUG org.asynchttpclient.netty.request.NettyRequestSender - Using pooled Channel '[id: 0xd9da7ee5, L:/127.0.0.1:64683 - R:localhost/127.0.0.1:33422]' for 'POST' to 'http://localhost:33422/session/47dde4dd74191fd81f93f50f66d0d7f0/element'
12:23:09.341 [Forwarding findElement on session 47dde4dd74191fd81f93f50f66d0d7f0 to remote] DEBUG org.asynchttpclient.netty.request.NettyRequestSender - Using open Channel [id: 0xd9da7ee5, L:/127.0.0.1:64683 - R:localhost/127.0.0.1:33422] for POST '/session/47dde4dd74191fd81f93f50f66d0d7f0/element'
12:23:09.348 [AsyncHttpClient-1-3] DEBUG org.asynchttpclient.netty.handler.HttpHandler - 

Request DefaultHttpRequest(decodeResult: success, version: HTTP/1.1)
POST /session/47dde4dd74191fd81f93f50f66d0d7f0/element HTTP/1.1
User-Agent: selenium/4.8.3 (java windows)
Content-Length: 59
Content-Type: application/json; charset=utf-8
host: localhost:33422
accept: */*

Response DefaultHttpResponse(decodeResult: success, version: HTTP/1.1)
HTTP/1.1 200 OK
Content-Length: 95
Content-Type: application/json; charset=utf-8
cache-control: no-cache

12:23:09.348 [AsyncHttpClient-1-3] DEBUG org.asynchttpclient.netty.channel.ChannelManager - Adding key: http://localhost:33422 for channel [id: 0xd9da7ee5, L:/127.0.0.1:64683 - R:localhost/127.0.0.1:33422]
12:23:09.349 [Forwarding sendKeysToElement on session 47dde4dd74191fd81f93f50f66d0d7f0 to remote] DEBUG org.asynchttpclient.netty.request.NettyRequestSender - Using pooled Channel '[id: 0xd9da7ee5, L:/127.0.0.1:64683 - R:localhost/127.0.0.1:33422]' for 'POST' to 'http://localhost:33422/session/47dde4dd74191fd81f93f50f66d0d7f0/element/42EAC107FF20865640FC7671AE47210A_element_26/value'
12:23:09.349 [Forwarding sendKeysToElement on session 47dde4dd74191fd81f93f50f66d0d7f0 to remote] DEBUG org.asynchttpclient.netty.request.NettyRequestSender - Using open Channel [id: 0xd9da7ee5, L:/127.0.0.1:64683 - R:localhost/127.0.0.1:33422] for POST '/session/47dde4dd74191fd81f93f50f66d0d7f0/element/42EAC107FF20865640FC7671AE47210A_element_26/value'
12:23:09.460 [AsyncHttpClient-1-3] DEBUG org.asynchttpclient.netty.handler.HttpHandler - 

Request DefaultHttpRequest(decodeResult: success, version: HTTP/1.1)
POST /session/47dde4dd74191fd81f93f50f66d0d7f0/element/42EAC107FF20865640FC7671AE47210A_element_26/value HTTP/1.1
User-Agent: selenium/4.8.3 (java windows)
Content-Length: 188
Content-Type: application/json; charset=utf-8
host: localhost:33422
accept: */*

Response DefaultHttpResponse(decodeResult: success, version: HTTP/1.1)
HTTP/1.1 200 OK
Content-Length: 14
Content-Type: application/json; charset=utf-8
cache-control: no-cache

12:23:09.460 [AsyncHttpClient-1-3] DEBUG org.asynchttpclient.netty.channel.ChannelManager - Adding key: http://localhost:33422 for channel [id: 0xd9da7ee5, L:/127.0.0.1:64683 - R:localhost/127.0.0.1:33422]
12:23:09.461 [Forwarding findElement on session 47dde4dd74191fd81f93f50f66d0d7f0 to remote] DEBUG org.asynchttpclient.netty.request.NettyRequestSender - Using pooled Channel '[id: 0xd9da7ee5, L:/127.0.0.1:64683 - R:localhost/127.0.0.1:33422]' for 'POST' to 'http://localhost:33422/session/47dde4dd74191fd81f93f50f66d0d7f0/element'
12:23:09.461 [Forwarding findElement on session 47dde4dd74191fd81f93f50f66d0d7f0 to remote] DEBUG org.asynchttpclient.netty.request.NettyRequestSender - Using open Channel [id: 0xd9da7ee5, L:/127.0.0.1:64683 - R:localhost/127.0.0.1:33422] for POST '/session/47dde4dd74191fd81f93f50f66d0d7f0/element'
12:23:09.474 [AsyncHttpClient-1-3] DEBUG org.asynchttpclient.netty.handler.HttpHandler - 

Request DefaultHttpRequest(decodeResult: success, version: HTTP/1.1)
POST /session/47dde4dd74191fd81f93f50f66d0d7f0/element HTTP/1.1
User-Agent: selenium/4.8.3 (java windows)
Content-Length: 62
Content-Type: application/json; charset=utf-8
host: localhost:33422
accept: */*

Response DefaultHttpResponse(decodeResult: success, version: HTTP/1.1)
HTTP/1.1 200 OK
Content-Length: 95
Content-Type: application/json; charset=utf-8
cache-control: no-cache

12:23:09.474 [AsyncHttpClient-1-3] DEBUG org.asynchttpclient.netty.channel.ChannelManager - Adding key: http://localhost:33422 for channel [id: 0xd9da7ee5, L:/127.0.0.1:64683 - R:localhost/127.0.0.1:33422]
12:23:09.475 [Forwarding clearElement on session 47dde4dd74191fd81f93f50f66d0d7f0 to remote] DEBUG org.asynchttpclient.netty.request.NettyRequestSender - Using pooled Channel '[id: 0xd9da7ee5, L:/127.0.0.1:64683 - R:localhost/127.0.0.1:33422]' for 'POST' to 'http://localhost:33422/session/47dde4dd74191fd81f93f50f66d0d7f0/element/42EAC107FF20865640FC7671AE47210A_element_28/clear'
12:23:09.475 [Forwarding clearElement on session 47dde4dd74191fd81f93f50f66d0d7f0 to remote] DEBUG org.asynchttpclient.netty.request.NettyRequestSender - Using open Channel [id: 0xd9da7ee5, L:/127.0.0.1:64683 - R:localhost/127.0.0.1:33422] for POST '/session/47dde4dd74191fd81f93f50f66d0d7f0/element/42EAC107FF20865640FC7671AE47210A_element_28/clear'
12:23:09.530 [AsyncHttpClient-1-3] DEBUG org.asynchttpclient.netty.handler.HttpHandler - 

Request DefaultHttpRequest(decodeResult: success, version: HTTP/1.1)
POST /session/47dde4dd74191fd81f93f50f66d0d7f0/element/42EAC107FF20865640FC7671AE47210A_element_28/clear HTTP/1.1
User-Agent: selenium/4.8.3 (java windows)
Content-Length: 57
Content-Type: application/json; charset=utf-8
host: localhost:33422
accept: */*

Response DefaultHttpResponse(decodeResult: success, version: HTTP/1.1)
HTTP/1.1 200 OK
Content-Length: 14
Content-Type: application/json; charset=utf-8
cache-control: no-cache

12:23:09.530 [AsyncHttpClient-1-3] DEBUG org.asynchttpclient.netty.channel.ChannelManager - Adding key: http://localhost:33422 for channel [id: 0xd9da7ee5, L:/127.0.0.1:64683 - R:localhost/127.0.0.1:33422]
12:23:09.531 [Forwarding findElement on session 47dde4dd74191fd81f93f50f66d0d7f0 to remote] DEBUG org.asynchttpclient.netty.request.NettyRequestSender - Using pooled Channel '[id: 0xd9da7ee5, L:/127.0.0.1:64683 - R:localhost/127.0.0.1:33422]' for 'POST' to 'http://localhost:33422/session/47dde4dd74191fd81f93f50f66d0d7f0/element'
12:23:09.531 [Forwarding findElement on session 47dde4dd74191fd81f93f50f66d0d7f0 to remote] DEBUG org.asynchttpclient.netty.request.NettyRequestSender - Using open Channel [id: 0xd9da7ee5, L:/127.0.0.1:64683 - R:localhost/127.0.0.1:33422] for POST '/session/47dde4dd74191fd81f93f50f66d0d7f0/element'
12:23:09.539 [AsyncHttpClient-1-3] DEBUG org.asynchttpclient.netty.handler.HttpHandler - 

Request DefaultHttpRequest(decodeResult: success, version: HTTP/1.1)
POST /session/47dde4dd74191fd81f93f50f66d0d7f0/element HTTP/1.1
User-Agent: selenium/4.8.3 (java windows)
Content-Length: 62
Content-Type: application/json; charset=utf-8
host: localhost:33422
accept: */*

Response DefaultHttpResponse(decodeResult: success, version: HTTP/1.1)
HTTP/1.1 200 OK
Content-Length: 95
Content-Type: application/json; charset=utf-8
cache-control: no-cache

12:23:09.539 [AsyncHttpClient-1-3] DEBUG org.asynchttpclient.netty.channel.ChannelManager - Adding key: http://localhost:33422 for channel [id: 0xd9da7ee5, L:/127.0.0.1:64683 - R:localhost/127.0.0.1:33422]
12:23:09.540 [Forwarding sendKeysToElement on session 47dde4dd74191fd81f93f50f66d0d7f0 to remote] DEBUG org.asynchttpclient.netty.request.NettyRequestSender - Using pooled Channel '[id: 0xd9da7ee5, L:/127.0.0.1:64683 - R:localhost/127.0.0.1:33422]' for 'POST' to 'http://localhost:33422/session/47dde4dd74191fd81f93f50f66d0d7f0/element/42EAC107FF20865640FC7671AE47210A_element_28/value'
12:23:09.540 [Forwarding sendKeysToElement on session 47dde4dd74191fd81f93f50f66d0d7f0 to remote] DEBUG org.asynchttpclient.netty.request.NettyRequestSender - Using open Channel [id: 0xd9da7ee5, L:/127.0.0.1:64683 - R:localhost/127.0.0.1:33422] for POST '/session/47dde4dd74191fd81f93f50f66d0d7f0/element/42EAC107FF20865640FC7671AE47210A_element_28/value'
12:23:09.615 [AsyncHttpClient-1-3] DEBUG org.asynchttpclient.netty.handler.HttpHandler - 

Request DefaultHttpRequest(decodeResult: success, version: HTTP/1.1)
POST /session/47dde4dd74191fd81f93f50f66d0d7f0/element/42EAC107FF20865640FC7671AE47210A_element_28/value HTTP/1.1
User-Agent: selenium/4.8.3 (java windows)
Content-Length: 148
Content-Type: application/json; charset=utf-8
host: localhost:33422
accept: */*

Response DefaultHttpResponse(decodeResult: success, version: HTTP/1.1)
HTTP/1.1 200 OK
Content-Length: 14
Content-Type: application/json; charset=utf-8
cache-control: no-cache

12:23:09.615 [AsyncHttpClient-1-3] DEBUG org.asynchttpclient.netty.channel.ChannelManager - Adding key: http://localhost:33422 for channel [id: 0xd9da7ee5, L:/127.0.0.1:64683 - R:localhost/127.0.0.1:33422]
12:23:09.617 [Forwarding findElement on session 47dde4dd74191fd81f93f50f66d0d7f0 to remote] DEBUG org.asynchttpclient.netty.request.NettyRequestSender - Using pooled Channel '[id: 0xd9da7ee5, L:/127.0.0.1:64683 - R:localhost/127.0.0.1:33422]' for 'POST' to 'http://localhost:33422/session/47dde4dd74191fd81f93f50f66d0d7f0/element'
12:23:09.617 [Forwarding findElement on session 47dde4dd74191fd81f93f50f66d0d7f0 to remote] DEBUG org.asynchttpclient.netty.request.NettyRequestSender - Using open Channel [id: 0xd9da7ee5, L:/127.0.0.1:64683 - R:localhost/127.0.0.1:33422] for POST '/session/47dde4dd74191fd81f93f50f66d0d7f0/element'
12:23:09.631 [AsyncHttpClient-1-3] DEBUG org.asynchttpclient.netty.handler.HttpHandler - 

Request DefaultHttpRequest(decodeResult: success, version: HTTP/1.1)
POST /session/47dde4dd74191fd81f93f50f66d0d7f0/element HTTP/1.1
User-Agent: selenium/4.8.3 (java windows)
Content-Length: 71
Content-Type: application/json; charset=utf-8
host: localhost:33422
accept: */*

Response DefaultHttpResponse(decodeResult: success, version: HTTP/1.1)
HTTP/1.1 200 OK
Content-Length: 95
Content-Type: application/json; charset=utf-8
cache-control: no-cache

12:23:09.631 [AsyncHttpClient-1-3] DEBUG org.asynchttpclient.netty.channel.ChannelManager - Adding key: http://localhost:33422 for channel [id: 0xd9da7ee5, L:/127.0.0.1:64683 - R:localhost/127.0.0.1:33422]
12:23:09.632 [Forwarding clickElement on session 47dde4dd74191fd81f93f50f66d0d7f0 to remote] DEBUG org.asynchttpclient.netty.request.NettyRequestSender - Using pooled Channel '[id: 0xd9da7ee5, L:/127.0.0.1:64683 - R:localhost/127.0.0.1:33422]' for 'POST' to 'http://localhost:33422/session/47dde4dd74191fd81f93f50f66d0d7f0/element/42EAC107FF20865640FC7671AE47210A_element_33/click'
12:23:09.632 [Forwarding clickElement on session 47dde4dd74191fd81f93f50f66d0d7f0 to remote] DEBUG org.asynchttpclient.netty.request.NettyRequestSender - Using open Channel [id: 0xd9da7ee5, L:/127.0.0.1:64683 - R:localhost/127.0.0.1:33422] for POST '/session/47dde4dd74191fd81f93f50f66d0d7f0/element/42EAC107FF20865640FC7671AE47210A_element_33/click'
12:23:09.675 [AsyncHttpClient-1-3] DEBUG org.asynchttpclient.netty.handler.HttpHandler - 

Request DefaultHttpRequest(decodeResult: success, version: HTTP/1.1)
POST /session/47dde4dd74191fd81f93f50f66d0d7f0/element/42EAC107FF20865640FC7671AE47210A_element_33/click HTTP/1.1
User-Agent: selenium/4.8.3 (java windows)
Content-Length: 57
Content-Type: application/json; charset=utf-8
host: localhost:33422
accept: */*

Response DefaultHttpResponse(decodeResult: success, version: HTTP/1.1)
HTTP/1.1 200 OK
Content-Length: 14
Content-Type: application/json; charset=utf-8
cache-control: no-cache

12:23:09.675 [AsyncHttpClient-1-3] DEBUG org.asynchttpclient.netty.channel.ChannelManager - Adding key: http://localhost:33422 for channel [id: 0xd9da7ee5, L:/127.0.0.1:64683 - R:localhost/127.0.0.1:33422]
2023-06-09 12:23:09 INFO  BaseTest:126 - Logged in
12:23:09.676 [rp-io-21] DEBUG com.epam.reportportal.service.Launch - Starting test item...rp-io-21
2023-06-09 12:23:09 INFO  Listeners:34 - Started Test null
12:23:09.679 [Forwarding findElement on session 47dde4dd74191fd81f93f50f66d0d7f0 to remote] DEBUG org.asynchttpclient.netty.request.NettyRequestSender - Using pooled Channel '[id: 0xd9da7ee5, L:/127.0.0.1:64683 - R:localhost/127.0.0.1:33422]' for 'POST' to 'http://localhost:33422/session/47dde4dd74191fd81f93f50f66d0d7f0/element'
12:23:09.679 [Forwarding findElement on session 47dde4dd74191fd81f93f50f66d0d7f0 to remote] DEBUG org.asynchttpclient.netty.request.NettyRequestSender - Using open Channel [id: 0xd9da7ee5, L:/127.0.0.1:64683 - R:localhost/127.0.0.1:33422] for POST '/session/47dde4dd74191fd81f93f50f66d0d7f0/element'
12:23:09.695 [rp-io-24] DEBUG com.epam.reportportal.service.Launch - TestItem with ID = 'f7dbe4ce-9d84-4857-84b8-ea06c3ede37e' successfully finished.
12:23:09.696 [rp-io-24] DEBUG com.epam.reportportal.utils.SubscriptionUtils - Finish test item completed
12:23:09.702 [rp-io-21] DEBUG com.epam.reportportal.service.Launch - ReportPortal item with ID '7c28eefc-0969-4b57-af15-a78759f71e04' has been created
12:23:09.702 [rp-io-21] DEBUG com.epam.reportportal.utils.SubscriptionUtils - Start test item successfully completed
12:23:10.043 [AsyncHttpClient-1-1] DEBUG org.asynchttpclient.netty.channel.DefaultChannelPool - Entry count for : http://localhost:64684 : 1
12:23:10.064 [AsyncHttpClient-1-3] DEBUG org.asynchttpclient.netty.handler.HttpHandler - 

Request DefaultHttpRequest(decodeResult: success, version: HTTP/1.1)
POST /session/47dde4dd74191fd81f93f50f66d0d7f0/element HTTP/1.1
User-Agent: selenium/4.8.3 (java windows)
Content-Length: 168
Content-Type: application/json; charset=utf-8
host: localhost:33422
accept: */*

Response DefaultHttpResponse(decodeResult: success, version: HTTP/1.1)
HTTP/1.1 200 OK
Content-Length: 95
Content-Type: application/json; charset=utf-8
cache-control: no-cache

12:23:10.064 [AsyncHttpClient-1-3] DEBUG org.asynchttpclient.netty.channel.ChannelManager - Adding key: http://localhost:33422 for channel [id: 0xd9da7ee5, L:/127.0.0.1:64683 - R:localhost/127.0.0.1:33422]
12:23:10.065 [Forwarding clickElement on session 47dde4dd74191fd81f93f50f66d0d7f0 to remote] DEBUG org.asynchttpclient.netty.request.NettyRequestSender - Using pooled Channel '[id: 0xd9da7ee5, L:/127.0.0.1:64683 - R:localhost/127.0.0.1:33422]' for 'POST' to 'http://localhost:33422/session/47dde4dd74191fd81f93f50f66d0d7f0/element/42EAC107FF20865640FC7671AE47210A_element_38/click'
12:23:10.065 [Forwarding clickElement on session 47dde4dd74191fd81f93f50f66d0d7f0 to remote] DEBUG org.asynchttpclient.netty.request.NettyRequestSender - Using open Channel [id: 0xd9da7ee5, L:/127.0.0.1:64683 - R:localhost/127.0.0.1:33422] for POST '/session/47dde4dd74191fd81f93f50f66d0d7f0/element/42EAC107FF20865640FC7671AE47210A_element_38/click'
12:23:10.221 [AsyncHttpClient-1-3] DEBUG org.asynchttpclient.netty.handler.HttpHandler - 

Request DefaultHttpRequest(decodeResult: success, version: HTTP/1.1)
POST /session/47dde4dd74191fd81f93f50f66d0d7f0/element/42EAC107FF20865640FC7671AE47210A_element_38/click HTTP/1.1
User-Agent: selenium/4.8.3 (java windows)
Content-Length: 57
Content-Type: application/json; charset=utf-8
host: localhost:33422
accept: */*

Response DefaultHttpResponse(decodeResult: success, version: HTTP/1.1)
HTTP/1.1 200 OK
Content-Length: 14
Content-Type: application/json; charset=utf-8
cache-control: no-cache

12:23:10.221 [AsyncHttpClient-1-3] DEBUG org.asynchttpclient.netty.channel.ChannelManager - Adding key: http://localhost:33422 for channel [id: 0xd9da7ee5, L:/127.0.0.1:64683 - R:localhost/127.0.0.1:33422]
12:23:10.222 [Forwarding findElement on session 47dde4dd74191fd81f93f50f66d0d7f0 to remote] DEBUG org.asynchttpclient.netty.request.NettyRequestSender - Using pooled Channel '[id: 0xd9da7ee5, L:/127.0.0.1:64683 - R:localhost/127.0.0.1:33422]' for 'POST' to 'http://localhost:33422/session/47dde4dd74191fd81f93f50f66d0d7f0/element'
12:23:10.222 [Forwarding findElement on session 47dde4dd74191fd81f93f50f66d0d7f0 to remote] DEBUG org.asynchttpclient.netty.request.NettyRequestSender - Using open Channel [id: 0xd9da7ee5, L:/127.0.0.1:64683 - R:localhost/127.0.0.1:33422] for POST '/session/47dde4dd74191fd81f93f50f66d0d7f0/element'
12:23:11.140 [AsyncHttpClient-1-1] DEBUG org.asynchttpclient.netty.channel.DefaultChannelPool - Entry count for : http://localhost:64684 : 1
12:23:12.241 [AsyncHttpClient-1-1] DEBUG org.asynchttpclient.netty.channel.DefaultChannelPool - Entry count for : http://localhost:64684 : 1
12:23:13.340 [AsyncHttpClient-1-1] DEBUG org.asynchttpclient.netty.channel.DefaultChannelPool - Entry count for : http://localhost:64684 : 1
12:23:14.439 [AsyncHttpClient-1-1] DEBUG org.asynchttpclient.netty.channel.DefaultChannelPool - Entry count for : http://localhost:64684 : 1
12:23:14.443 [AsyncHttpClient-1-3] DEBUG org.asynchttpclient.netty.handler.HttpHandler - 

Request DefaultHttpRequest(decodeResult: success, version: HTTP/1.1)
POST /session/47dde4dd74191fd81f93f50f66d0d7f0/element HTTP/1.1
User-Agent: selenium/4.8.3 (java windows)
Content-Length: 73
Content-Type: application/json; charset=utf-8
host: localhost:33422
accept: */*

Response DefaultHttpResponse(decodeResult: success, version: HTTP/1.1)
HTTP/1.1 404 Not Found
Content-Length: 963
Content-Type: application/json; charset=utf-8
cache-control: no-cache

12:23:14.443 [AsyncHttpClient-1-3] DEBUG org.asynchttpclient.netty.channel.ChannelManager - Adding key: http://localhost:33422 for channel [id: 0xd9da7ee5, L:/127.0.0.1:64683 - R:localhost/127.0.0.1:33422]
2023-06-09 12:23:14 INFO  Listeners:55 - Skipped test null
12:23:14.445 [main] ERROR com.epam.reportportal.service.Launch - Item io.reactivex.internal.operators.maybe.MaybeCache@3a3375d8 not found in the cache
]]></system-out>
    <system-err><![CDATA[Starting ChromeDriver 114.0.5735.90 (386bc09e8f4f2e025eddae123f36f6263096ae49-refs/branch-heads/5735@{#1052}) on port 33422
Only local connections are allowed.
Please see https://chromedriver.chromium.org/security-considerations for suggestions on keeping ChromeDriver safe.
ChromeDriver was started successfully.
Jun 09, 2023 12:23:07 PM org.openqa.selenium.devtools.CdpVersionFinder findNearestMatch
WARNING: Unable to find an exact match for CDP version 114, so returning the closest version found: 111
]]></system-err>
  </testcase>
  <testcase name="searchDashboardNameDP[LAUNCH TABLE](13)" classname="alltests.uitest.coreTest.DashboardPageTest" time="4.815">
    <failure message="no such element: Unable to locate element: {&quot;method&quot;:&quot;xpath&quot;,&quot;selector&quot;:&quot;//*[text()=&apos;LAUNCH TABLE&apos;]&quot;}&#10;  (Session info: chrome=114.0.5735.110)&#10;For documentation on this error, please visit: https://selenium.dev/exceptions/#no_such_element&#10;Build info: version: &apos;4.8.3&apos;, revision: &apos;e5e76298c3&apos;&#10;System info: os.name: &apos;Windows 10&apos;, os.arch: &apos;amd64&apos;, os.version: &apos;10.0&apos;, java.version: &apos;17.0.3.1&apos;&#10;Driver info: org.openqa.selenium.chrome.ChromeDriver&#10;Command: [85ab6b9ab240039dede5f531796ce4bd, findElement {using=xpath, value=//*[text()=&apos;LAUNCH TABLE&apos;]}]&#10;Capabilities {acceptInsecureCerts: false, browserName: chrome, browserVersion: 114.0.5735.110, chrome: {chromedriverVersion: 114.0.5735.90 (386bc09e8f4f..., userDataDir: C:\Users\SUWARN~1\AppData\L...}, goog:chromeOptions: {debuggerAddress: localhost:64718}, networkConnectionEnabled: false, pageLoadStrategy: normal, platformName: WINDOWS, proxy: Proxy(), se:cdp: ws://localhost:64718/devtoo..., se:cdpVersion: 114.0.5735.110, setWindowRect: true, strictFileInteractability: false, timeouts: {implicit: 0, pageLoad: 300000, script: 30000}, unhandledPromptBehavior: dismiss and notify, webauthn:extension:credBlob: true, webauthn:extension:largeBlob: true, webauthn:extension:minPinLength: true, webauthn:extension:prf: true, webauthn:virtualAuthenticators: true}&#10;Session ID: 85ab6b9ab240039dede5f531796ce4bd" type="org.openqa.selenium.NoSuchElementException"><![CDATA[org.openqa.selenium.NoSuchElementException: 
no such element: Unable to locate element: {"method":"xpath","selector":"//*[text()='LAUNCH TABLE']"}
  (Session info: chrome=114.0.5735.110)
For documentation on this error, please visit: https://selenium.dev/exceptions/#no_such_element
Build info: version: '4.8.3', revision: 'e5e76298c3'
System info: os.name: 'Windows 10', os.arch: 'amd64', os.version: '10.0', java.version: '17.0.3.1'
Driver info: org.openqa.selenium.chrome.ChromeDriver
Command: [85ab6b9ab240039dede5f531796ce4bd, findElement {using=xpath, value=//*[text()='LAUNCH TABLE']}]
Capabilities {acceptInsecureCerts: false, browserName: chrome, browserVersion: 114.0.5735.110, chrome: {chromedriverVersion: 114.0.5735.90 (386bc09e8f4f..., userDataDir: C:\Users\SUWARN~1\AppData\L...}, goog:chromeOptions: {debuggerAddress: localhost:64718}, networkConnectionEnabled: false, pageLoadStrategy: normal, platformName: WINDOWS, proxy: Proxy(), se:cdp: ws://localhost:64718/devtoo..., se:cdpVersion: 114.0.5735.110, setWindowRect: true, strictFileInteractability: false, timeouts: {implicit: 0, pageLoad: 300000, script: 30000}, unhandledPromptBehavior: dismiss and notify, webauthn:extension:credBlob: true, webauthn:extension:largeBlob: true, webauthn:extension:minPinLength: true, webauthn:extension:prf: true, webauthn:virtualAuthenticators: true}
Session ID: 85ab6b9ab240039dede5f531796ce4bd
	at java.base/jdk.internal.reflect.NativeConstructorAccessorImpl.newInstance0(Native Method)
	at java.base/jdk.internal.reflect.NativeConstructorAccessorImpl.newInstance(NativeConstructorAccessorImpl.java:77)
	at java.base/jdk.internal.reflect.DelegatingConstructorAccessorImpl.newInstance(DelegatingConstructorAccessorImpl.java:45)
	at java.base/java.lang.reflect.Constructor.newInstanceWithCaller(Constructor.java:499)
	at java.base/java.lang.reflect.Constructor.newInstance(Constructor.java:480)
	at org.openqa.selenium.remote.codec.w3c.W3CHttpResponseCodec.createException(W3CHttpResponseCodec.java:200)
	at org.openqa.selenium.remote.codec.w3c.W3CHttpResponseCodec.decode(W3CHttpResponseCodec.java:133)
	at org.openqa.selenium.remote.codec.w3c.W3CHttpResponseCodec.decode(W3CHttpResponseCodec.java:53)
	at org.openqa.selenium.remote.HttpCommandExecutor.execute(HttpCommandExecutor.java:193)
	at org.openqa.selenium.remote.service.DriverCommandExecutor.invokeExecute(DriverCommandExecutor.java:183)
	at org.openqa.selenium.remote.service.DriverCommandExecutor.execute(DriverCommandExecutor.java:158)
	at org.openqa.selenium.remote.RemoteWebDriver.execute(RemoteWebDriver.java:543)
	at org.openqa.selenium.remote.ElementLocation$ElementFinder$2.findElement(ElementLocation.java:162)
	at org.openqa.selenium.remote.ElementLocation.findElement(ElementLocation.java:60)
	at org.openqa.selenium.remote.RemoteWebDriver.findElement(RemoteWebDriver.java:352)
	at org.openqa.selenium.remote.RemoteWebDriver.findElement(RemoteWebDriver.java:344)
	at pageobject.DemoDashboard.verifyNamesOfWidgetPresetOnDemoDashboard(DemoDashboard.java:31)
	at alltests.uitest.coreTest.DashboardPageTest.searchDashboardNameDP(DashboardPageTest.java:42)
	at java.base/jdk.internal.reflect.NativeMethodAccessorImpl.invoke0(Native Method)
	at java.base/jdk.internal.reflect.NativeMethodAccessorImpl.invoke(NativeMethodAccessorImpl.java:77)
	at java.base/jdk.internal.reflect.DelegatingMethodAccessorImpl.invoke(DelegatingMethodAccessorImpl.java:43)
	at java.base/java.lang.reflect.Method.invoke(Method.java:568)
	at org.testng.internal.invokers.MethodInvocationHelper.invokeMethod(MethodInvocationHelper.java:139)
	at org.testng.internal.invokers.TestInvoker.invokeMethod(TestInvoker.java:677)
	at org.testng.internal.invokers.TestInvoker.retryFailed(TestInvoker.java:263)
	at org.testng.internal.invokers.MethodRunner.runInSequence(MethodRunner.java:62)
	at org.testng.internal.invokers.TestInvoker$MethodInvocationAgent.invoke(TestInvoker.java:969)
	at org.testng.internal.invokers.TestInvoker.invokeTestMethods(TestInvoker.java:194)
	at org.testng.internal.invokers.TestMethodWorker.invokeTestMethods(TestMethodWorker.java:148)
	at org.testng.internal.invokers.TestMethodWorker.run(TestMethodWorker.java:128)
	at java.base/java.util.ArrayList.forEach(ArrayList.java:1511)
	at org.testng.TestRunner.privateRun(TestRunner.java:829)
	at org.testng.TestRunner.run(TestRunner.java:602)
	at org.testng.SuiteRunner.runTest(SuiteRunner.java:437)
	at org.testng.SuiteRunner.runSequentially(SuiteRunner.java:431)
	at org.testng.SuiteRunner.privateRun(SuiteRunner.java:391)
	at org.testng.SuiteRunner.run(SuiteRunner.java:330)
	at org.testng.SuiteRunnerWorker.runSuite(SuiteRunnerWorker.java:52)
	at org.testng.SuiteRunnerWorker.run(SuiteRunnerWorker.java:95)
	at org.testng.TestNG.runSuitesSequentially(TestNG.java:1256)
	at org.testng.TestNG.runSuitesLocally(TestNG.java:1176)
	at org.testng.TestNG.runSuites(TestNG.java:1099)
	at org.testng.TestNG.run(TestNG.java:1067)
	at org.apache.maven.surefire.testng.TestNGExecutor.run(TestNGExecutor.java:308)
	at org.apache.maven.surefire.testng.TestNGXmlTestSuite.execute(TestNGXmlTestSuite.java:71)
	at org.apache.maven.surefire.testng.TestNGProvider.invoke(TestNGProvider.java:113)
	at org.apache.maven.surefire.booter.ForkedBooter.runSuitesInProcess(ForkedBooter.java:385)
	at org.apache.maven.surefire.booter.ForkedBooter.execute(ForkedBooter.java:162)
	at org.apache.maven.surefire.booter.ForkedBooter.run(ForkedBooter.java:507)
	at org.apache.maven.surefire.booter.ForkedBooter.main(ForkedBooter.java:495)
]]></failure>
    <system-out><![CDATA[12:23:14.445 [rp-io-34] DEBUG com.epam.reportportal.service.Launch - Starting test item...rp-io-34
12:23:14.446 [AsyncHttpClient-1-5] DEBUG org.asynchttpclient.netty.handler.WebSocketHandler - Channel Closed: [id: 0x143f149d, L:/127.0.0.1:64693 ! R:localhost/127.0.0.1:64684] with attribute NettyResponseFuture{currentRetry=0,
	isDone=1,
	isCancelled=0,
	asyncHandler=org.asynchttpclient.ws.WebSocketUpgradeHandler@7fecfb8,
	nettyRequest=org.asynchttpclient.netty.request.NettyRequest@25e8c13,
	future=java.util.concurrent.CompletableFuture@6e629f3b[Completed normally],
	uri=ws://localhost:64684/devtools/browser/0caa1d98-5194-4c70-93c3-ba62bbec8bc4,
	keepAlive=true,
	redirectCount=0,
	timeoutsHolder=null,
	inAuth=0,
	touch=1686306187601}
12:23:14.446 [AsyncHttpClient-1-5] DEBUG org.asynchttpclient.netty.channel.ChannelManager - Closing Channel [id: 0x143f149d, L:/127.0.0.1:64693 ! R:localhost/127.0.0.1:64684] 
12:23:14.447 [Driver Command Executor] DEBUG org.asynchttpclient.netty.request.NettyRequestSender - Using pooled Channel '[id: 0xd9da7ee5, L:/127.0.0.1:64683 - R:localhost/127.0.0.1:33422]' for 'DELETE' to 'http://localhost:33422/session/47dde4dd74191fd81f93f50f66d0d7f0'
12:23:14.447 [Driver Command Executor] DEBUG org.asynchttpclient.netty.request.NettyRequestSender - Using open Channel [id: 0xd9da7ee5, L:/127.0.0.1:64683 - R:localhost/127.0.0.1:33422] for DELETE '/session/47dde4dd74191fd81f93f50f66d0d7f0'
12:23:14.464 [rp-io-28] DEBUG com.epam.reportportal.service.Launch - TestItem with ID = '7c28eefc-0969-4b57-af15-a78759f71e04' successfully finished.
12:23:14.465 [rp-io-28] DEBUG com.epam.reportportal.utils.SubscriptionUtils - Finish test item completed
12:23:14.477 [rp-io-34] DEBUG com.epam.reportportal.service.Launch - ReportPortal item with ID '610536a1-70f2-4101-952e-ea8124bd5dc2' has been created
12:23:14.477 [rp-io-34] DEBUG com.epam.reportportal.utils.SubscriptionUtils - Start test item successfully completed
12:23:14.477 [rp-io-29] DEBUG com.epam.reportportal.service.Launch - TestItem with ID = 'f7dbe4ce-9d84-4857-84b8-ea06c3ede37e' successfully finished.
12:23:14.477 [rp-io-29] DEBUG com.epam.reportportal.utils.SubscriptionUtils - Finish test item completed
12:23:14.536 [AsyncHttpClient-1-4] DEBUG org.asynchttpclient.netty.handler.HttpHandler - Unexpected I/O exception on channel [id: 0xc5783cfb, L:/127.0.0.1:64692 - R:localhost/127.0.0.1:64684]
java.net.SocketException: Connection reset
	at java.base/sun.nio.ch.SocketChannelImpl.throwConnectionReset(SocketChannelImpl.java:394)
	at java.base/sun.nio.ch.SocketChannelImpl.read(SocketChannelImpl.java:426)
	at io.netty.buffer.PooledByteBuf.setBytes(PooledByteBuf.java:256)
	at io.netty.buffer.AbstractByteBuf.writeBytes(AbstractByteBuf.java:1132)
	at io.netty.channel.socket.nio.NioSocketChannel.doReadBytes(NioSocketChannel.java:357)
	at io.netty.channel.nio.AbstractNioByteChannel$NioByteUnsafe.read(AbstractNioByteChannel.java:151)
	at io.netty.channel.nio.NioEventLoop.processSelectedKey(NioEventLoop.java:788)
	at io.netty.channel.nio.NioEventLoop.processSelectedKeysOptimized(NioEventLoop.java:724)
	at io.netty.channel.nio.NioEventLoop.processSelectedKeys(NioEventLoop.java:650)
	at io.netty.channel.nio.NioEventLoop.run(NioEventLoop.java:562)
	at io.netty.util.concurrent.SingleThreadEventExecutor$4.run(SingleThreadEventExecutor.java:997)
	at io.netty.util.internal.ThreadExecutorMap$2.run(ThreadExecutorMap.java:74)
	at io.netty.util.concurrent.FastThreadLocalRunnable.run(FastThreadLocalRunnable.java:30)
	at java.base/java.lang.Thread.run(Thread.java:833)
12:23:14.536 [AsyncHttpClient-1-4] DEBUG org.asynchttpclient.netty.channel.ChannelManager - Closing Channel [id: 0xc5783cfb, L:/127.0.0.1:64692 - R:localhost/127.0.0.1:64684] 
12:23:14.537 [AsyncHttpClient-1-4] DEBUG org.asynchttpclient.netty.handler.HttpHandler - Channel Closed: [id: 0xc5783cfb, L:/127.0.0.1:64692 ! R:localhost/127.0.0.1:64684] with attribute DISCARD
12:23:14.554 [AsyncHttpClient-1-3] DEBUG org.asynchttpclient.netty.handler.HttpHandler - 

Request DefaultFullHttpRequest(decodeResult: success, version: HTTP/1.1, content: EmptyByteBufBE)
DELETE /session/47dde4dd74191fd81f93f50f66d0d7f0 HTTP/1.1
User-Agent: selenium/4.8.3 (java windows)
Content-Type: application/json; charset=utf-8
host: localhost:33422
accept: */*

Response DefaultHttpResponse(decodeResult: success, version: HTTP/1.1)
HTTP/1.1 200 OK
Content-Length: 14
Content-Type: application/json; charset=utf-8
cache-control: no-cache

12:23:14.555 [AsyncHttpClient-1-3] DEBUG org.asynchttpclient.netty.channel.ChannelManager - Adding key: http://localhost:33422 for channel [id: 0xd9da7ee5, L:/127.0.0.1:64683 - R:localhost/127.0.0.1:33422]
12:23:14.610 [AsyncHttpClient-1-3] DEBUG org.asynchttpclient.netty.handler.HttpHandler - Channel Closed: [id: 0xd9da7ee5, L:/127.0.0.1:64683 ! R:localhost/127.0.0.1:33422] with attribute DISCARD
2023-06-09 12:23:14 INFO  BaseTest:83 - Test executed**********
12:23:14.651 [rp-io-39] DEBUG com.epam.reportportal.service.Launch - Starting test item...rp-io-39
2023-06-09 12:23:14 INFO  BaseTest:110 - Property files loaded successfully**********
12:23:14.662 [main] DEBUG io.github.bonigarcia.wdm.cache.ResolutionCache - Resolution chrome=114 in cache (valid until 13:14:48 09/06/2023 CEST)
12:23:14.662 [main] DEBUG io.github.bonigarcia.wdm.cache.ResolutionCache - Resolution chrome114=114.0.5735.90 in cache (valid until 12:14:48 10/06/2023 CEST)
12:23:14.662 [main] INFO io.github.bonigarcia.wdm.WebDriverManager - Using chromedriver 114.0.5735.90 (resolved driver for Chrome 114)
12:23:14.666 [rp-io-32] DEBUG com.epam.reportportal.service.Launch - TestItem with ID = '610536a1-70f2-4101-952e-ea8124bd5dc2' successfully finished.
12:23:14.666 [rp-io-32] DEBUG com.epam.reportportal.utils.SubscriptionUtils - Finish test item completed
12:23:14.669 [main] DEBUG io.github.bonigarcia.wdm.WebDriverManager - Driver chromedriver 114.0.5735.90 found in cache
12:23:14.670 [main] INFO io.github.bonigarcia.wdm.WebDriverManager - Exporting webdriver.chrome.driver as C:\Users\Suwarna_Wagh\.cache\selenium\chromedriver\win32\114.0.5735.90\chromedriver.exe
12:23:14.672 [rp-io-39] DEBUG com.epam.reportportal.service.Launch - ReportPortal item with ID '6566185a-cab5-43bc-a967-bc7a82cc76ae' has been created
12:23:14.672 [rp-io-39] DEBUG com.epam.reportportal.utils.SubscriptionUtils - Start test item successfully completed
12:23:14.748 [AsyncHttpClient-1-6] DEBUG org.asynchttpclient.netty.channel.NettyConnectListener - Using new Channel '[id: 0x69d839d1, L:/127.0.0.1:64717 - R:localhost/127.0.0.1:41603]' for 'POST' to '/session'
12:23:15.502 [AsyncHttpClient-1-6] DEBUG org.asynchttpclient.netty.handler.HttpHandler - 

Request DefaultHttpRequest(decodeResult: success, version: HTTP/1.1)
POST /session HTTP/1.1
User-Agent: selenium/4.8.3 (java windows)
Content-Length: 439
Content-Type: application/json; charset=utf-8
host: localhost:41603
accept: */*

Response DefaultHttpResponse(decodeResult: success, version: HTTP/1.1)
HTTP/1.1 200 OK
Content-Length: 863
Content-Type: application/json; charset=utf-8
cache-control: no-cache

12:23:15.502 [AsyncHttpClient-1-6] DEBUG org.asynchttpclient.netty.channel.ChannelManager - Adding key: http://localhost:41603 for channel [id: 0x69d839d1, L:/127.0.0.1:64717 - R:localhost/127.0.0.1:41603]
12:23:15.507 [AsyncHttpClient-1-7] DEBUG org.asynchttpclient.netty.channel.NettyConnectListener - Using new Channel '[id: 0xf30fe034, L:/127.0.0.1:64725 - R:localhost/127.0.0.1:64718]' for 'GET' to '/json/version'
12:23:15.507 [AsyncHttpClient-1-7] DEBUG org.asynchttpclient.netty.handler.HttpHandler - 

Request DefaultFullHttpRequest(decodeResult: success, version: HTTP/1.1, content: EmptyByteBufBE)
GET /json/version HTTP/1.1
User-Agent: selenium/4.8.3 (java windows)
host: localhost:64718
accept: */*

Response DefaultHttpResponse(decodeResult: success, version: HTTP/1.1)
HTTP/1.1 200 OK
Content-Security-Policy: frame-ancestors 'none'
Content-Length: 424
Content-Type: application/json; charset=UTF-8

12:23:15.507 [AsyncHttpClient-1-7] DEBUG org.asynchttpclient.netty.channel.ChannelManager - Adding key: http://localhost:64718 for channel [id: 0xf30fe034, L:/127.0.0.1:64725 - R:localhost/127.0.0.1:64718]
12:23:15.509 [AsyncHttpClient-1-8] DEBUG org.asynchttpclient.netty.channel.NettyConnectListener - Using new Channel '[id: 0x31391139, L:/127.0.0.1:64726 - R:localhost/127.0.0.1:64718]' for 'GET' to '/devtools/browser/03a8ffb8-ac03-46b6-9e33-f65c422dd860'
12:23:15.509 [AsyncHttpClient-1-8] DEBUG org.asynchttpclient.netty.handler.WebSocketHandler - 

Request DefaultFullHttpRequest(decodeResult: success, version: HTTP/1.1, content: EmptyByteBufBE)
GET /devtools/browser/03a8ffb8-ac03-46b6-9e33-f65c422dd860 HTTP/1.1
upgrade: websocket
connection: upgrade
sec-websocket-key: WL5PUQli90ffKHWJonm/Aw==
sec-websocket-version: 13
origin: http://localhost:64718
host: localhost:64718
accept: */*
user-agent: AHC/2.1

Response DefaultHttpResponse(decodeResult: success, version: HTTP/1.1)
HTTP/1.1 101 WebSocket Protocol Handshake
Upgrade: WebSocket
Connection: Upgrade
Sec-WebSocket-Accept: 8s0LB2qhzBDJq75p3Frw5AaweNA=

12:23:15.512 [Forwarding setTimeout on session 85ab6b9ab240039dede5f531796ce4bd to remote] DEBUG org.asynchttpclient.netty.request.NettyRequestSender - Using pooled Channel '[id: 0x69d839d1, L:/127.0.0.1:64717 - R:localhost/127.0.0.1:41603]' for 'POST' to 'http://localhost:41603/session/85ab6b9ab240039dede5f531796ce4bd/timeouts'
12:23:15.512 [Forwarding setTimeout on session 85ab6b9ab240039dede5f531796ce4bd to remote] DEBUG org.asynchttpclient.netty.request.NettyRequestSender - Using open Channel [id: 0x69d839d1, L:/127.0.0.1:64717 - R:localhost/127.0.0.1:41603] for POST '/session/85ab6b9ab240039dede5f531796ce4bd/timeouts'
12:23:15.513 [AsyncHttpClient-1-6] DEBUG org.asynchttpclient.netty.handler.HttpHandler - 

Request DefaultHttpRequest(decodeResult: success, version: HTTP/1.1)
POST /session/85ab6b9ab240039dede5f531796ce4bd/timeouts HTTP/1.1
User-Agent: selenium/4.8.3 (java windows)
Content-Length: 22
Content-Type: application/json; charset=utf-8
host: localhost:41603
accept: */*

Response DefaultHttpResponse(decodeResult: success, version: HTTP/1.1)
HTTP/1.1 200 OK
Content-Length: 14
Content-Type: application/json; charset=utf-8
cache-control: no-cache

12:23:15.513 [AsyncHttpClient-1-6] DEBUG org.asynchttpclient.netty.channel.ChannelManager - Adding key: http://localhost:41603 for channel [id: 0x69d839d1, L:/127.0.0.1:64717 - R:localhost/127.0.0.1:41603]
12:23:15.514 [Forwarding maximizeCurrentWindow on session 85ab6b9ab240039dede5f531796ce4bd to remote] DEBUG org.asynchttpclient.netty.request.NettyRequestSender - Using pooled Channel '[id: 0x69d839d1, L:/127.0.0.1:64717 - R:localhost/127.0.0.1:41603]' for 'POST' to 'http://localhost:41603/session/85ab6b9ab240039dede5f531796ce4bd/window/maximize'
12:23:15.514 [Forwarding maximizeCurrentWindow on session 85ab6b9ab240039dede5f531796ce4bd to remote] DEBUG org.asynchttpclient.netty.request.NettyRequestSender - Using open Channel [id: 0x69d839d1, L:/127.0.0.1:64717 - R:localhost/127.0.0.1:41603] for POST '/session/85ab6b9ab240039dede5f531796ce4bd/window/maximize'
12:23:15.539 [AsyncHttpClient-1-1] DEBUG org.asynchttpclient.netty.channel.DefaultChannelPool - Entry count for : http://localhost:33422 : 1
12:23:15.539 [AsyncHttpClient-1-1] DEBUG org.asynchttpclient.netty.channel.DefaultChannelPool - Entry count for : http://localhost:64718 : 1
12:23:15.539 [AsyncHttpClient-1-1] DEBUG org.asynchttpclient.netty.channel.DefaultChannelPool - Entry count for : http://localhost:64684 : 1
12:23:15.539 [AsyncHttpClient-1-1] DEBUG org.asynchttpclient.netty.channel.DefaultChannelPool - Adding Candidate expired Channel [id: 0xd9da7ee5, L:/127.0.0.1:64683 ! R:localhost/127.0.0.1:33422] isIdleTimeoutExpired=false isRemotelyClosed=true isTtlExpired=false
12:23:15.539 [AsyncHttpClient-1-1] DEBUG org.asynchttpclient.netty.channel.DefaultChannelPool - Closing Idle Channel [id: 0xd9da7ee5, L:/127.0.0.1:64683 ! R:localhost/127.0.0.1:33422]
12:23:15.539 [AsyncHttpClient-1-1] DEBUG org.asynchttpclient.netty.channel.DefaultChannelPool - Adding Candidate expired Channel [id: 0xc5783cfb, L:/127.0.0.1:64692 ! R:localhost/127.0.0.1:64684] isIdleTimeoutExpired=false isRemotelyClosed=true isTtlExpired=false
12:23:15.539 [AsyncHttpClient-1-1] DEBUG org.asynchttpclient.netty.channel.DefaultChannelPool - Closing Idle Channel [id: 0xc5783cfb, L:/127.0.0.1:64692 ! R:localhost/127.0.0.1:64684]
12:23:15.539 [AsyncHttpClient-1-1] DEBUG org.asynchttpclient.netty.channel.DefaultChannelPool - Closed 2 connections out of 3 in 0 ms
12:23:15.631 [AsyncHttpClient-1-6] DEBUG org.asynchttpclient.netty.handler.HttpHandler - 

Request DefaultHttpRequest(decodeResult: success, version: HTTP/1.1)
POST /session/85ab6b9ab240039dede5f531796ce4bd/window/maximize HTTP/1.1
User-Agent: selenium/4.8.3 (java windows)
Content-Length: 3
Content-Type: application/json; charset=utf-8
host: localhost:41603
accept: */*

Response DefaultHttpResponse(decodeResult: success, version: HTTP/1.1)
HTTP/1.1 200 OK
Content-Length: 51
Content-Type: application/json; charset=utf-8
cache-control: no-cache

12:23:15.631 [AsyncHttpClient-1-6] DEBUG org.asynchttpclient.netty.channel.ChannelManager - Adding key: http://localhost:41603 for channel [id: 0x69d839d1, L:/127.0.0.1:64717 - R:localhost/127.0.0.1:41603]
12:23:15.632 [Forwarding get on session 85ab6b9ab240039dede5f531796ce4bd to remote] DEBUG org.asynchttpclient.netty.request.NettyRequestSender - Using pooled Channel '[id: 0x69d839d1, L:/127.0.0.1:64717 - R:localhost/127.0.0.1:41603]' for 'POST' to 'http://localhost:41603/session/85ab6b9ab240039dede5f531796ce4bd/url'
12:23:15.632 [Forwarding get on session 85ab6b9ab240039dede5f531796ce4bd to remote] DEBUG org.asynchttpclient.netty.request.NettyRequestSender - Using open Channel [id: 0x69d839d1, L:/127.0.0.1:64717 - R:localhost/127.0.0.1:41603] for POST '/session/85ab6b9ab240039dede5f531796ce4bd/url'
12:23:16.639 [AsyncHttpClient-1-1] DEBUG org.asynchttpclient.netty.channel.DefaultChannelPool - Entry count for : http://localhost:64718 : 1
12:23:16.780 [AsyncHttpClient-1-6] DEBUG org.asynchttpclient.netty.handler.HttpHandler - 

Request DefaultHttpRequest(decodeResult: success, version: HTTP/1.1)
POST /session/85ab6b9ab240039dede5f531796ce4bd/url HTTP/1.1
User-Agent: selenium/4.8.3 (java windows)
Content-Length: 52
Content-Type: application/json; charset=utf-8
host: localhost:41603
accept: */*

Response DefaultHttpResponse(decodeResult: success, version: HTTP/1.1)
HTTP/1.1 200 OK
Content-Length: 14
Content-Type: application/json; charset=utf-8
cache-control: no-cache

12:23:16.780 [AsyncHttpClient-1-6] DEBUG org.asynchttpclient.netty.channel.ChannelManager - Adding key: http://localhost:41603 for channel [id: 0x69d839d1, L:/127.0.0.1:64717 - R:localhost/127.0.0.1:41603]
2023-06-09 12:23:16 INFO  BaseTest:104 - Test driver set up done successfully**********
2023-06-09 12:23:16 INFO  BaseTest:122 - Logging in to portal
12:23:16.783 [Forwarding findElement on session 85ab6b9ab240039dede5f531796ce4bd to remote] DEBUG org.asynchttpclient.netty.request.NettyRequestSender - Using pooled Channel '[id: 0x69d839d1, L:/127.0.0.1:64717 - R:localhost/127.0.0.1:41603]' for 'POST' to 'http://localhost:41603/session/85ab6b9ab240039dede5f531796ce4bd/element'
12:23:16.783 [Forwarding findElement on session 85ab6b9ab240039dede5f531796ce4bd to remote] DEBUG org.asynchttpclient.netty.request.NettyRequestSender - Using open Channel [id: 0x69d839d1, L:/127.0.0.1:64717 - R:localhost/127.0.0.1:41603] for POST '/session/85ab6b9ab240039dede5f531796ce4bd/element'
12:23:16.794 [AsyncHttpClient-1-6] DEBUG org.asynchttpclient.netty.handler.HttpHandler - 

Request DefaultHttpRequest(decodeResult: success, version: HTTP/1.1)
POST /session/85ab6b9ab240039dede5f531796ce4bd/element HTTP/1.1
User-Agent: selenium/4.8.3 (java windows)
Content-Length: 59
Content-Type: application/json; charset=utf-8
host: localhost:41603
accept: */*

Response DefaultHttpResponse(decodeResult: success, version: HTTP/1.1)
HTTP/1.1 200 OK
Content-Length: 95
Content-Type: application/json; charset=utf-8
cache-control: no-cache

12:23:16.794 [AsyncHttpClient-1-6] DEBUG org.asynchttpclient.netty.channel.ChannelManager - Adding key: http://localhost:41603 for channel [id: 0x69d839d1, L:/127.0.0.1:64717 - R:localhost/127.0.0.1:41603]
12:23:16.796 [Forwarding clearElement on session 85ab6b9ab240039dede5f531796ce4bd to remote] DEBUG org.asynchttpclient.netty.request.NettyRequestSender - Using pooled Channel '[id: 0x69d839d1, L:/127.0.0.1:64717 - R:localhost/127.0.0.1:41603]' for 'POST' to 'http://localhost:41603/session/85ab6b9ab240039dede5f531796ce4bd/element/D04A40C9346221B20BBC8C24576CCA1E_element_27/clear'
12:23:16.796 [Forwarding clearElement on session 85ab6b9ab240039dede5f531796ce4bd to remote] DEBUG org.asynchttpclient.netty.request.NettyRequestSender - Using open Channel [id: 0x69d839d1, L:/127.0.0.1:64717 - R:localhost/127.0.0.1:41603] for POST '/session/85ab6b9ab240039dede5f531796ce4bd/element/D04A40C9346221B20BBC8C24576CCA1E_element_27/clear'
12:23:16.831 [AsyncHttpClient-1-6] DEBUG org.asynchttpclient.netty.handler.HttpHandler - 

Request DefaultHttpRequest(decodeResult: success, version: HTTP/1.1)
POST /session/85ab6b9ab240039dede5f531796ce4bd/element/D04A40C9346221B20BBC8C24576CCA1E_element_27/clear HTTP/1.1
User-Agent: selenium/4.8.3 (java windows)
Content-Length: 57
Content-Type: application/json; charset=utf-8
host: localhost:41603
accept: */*

Response DefaultHttpResponse(decodeResult: success, version: HTTP/1.1)
HTTP/1.1 200 OK
Content-Length: 14
Content-Type: application/json; charset=utf-8
cache-control: no-cache

12:23:16.831 [AsyncHttpClient-1-6] DEBUG org.asynchttpclient.netty.channel.ChannelManager - Adding key: http://localhost:41603 for channel [id: 0x69d839d1, L:/127.0.0.1:64717 - R:localhost/127.0.0.1:41603]
12:23:16.832 [Forwarding findElement on session 85ab6b9ab240039dede5f531796ce4bd to remote] DEBUG org.asynchttpclient.netty.request.NettyRequestSender - Using pooled Channel '[id: 0x69d839d1, L:/127.0.0.1:64717 - R:localhost/127.0.0.1:41603]' for 'POST' to 'http://localhost:41603/session/85ab6b9ab240039dede5f531796ce4bd/element'
12:23:16.832 [Forwarding findElement on session 85ab6b9ab240039dede5f531796ce4bd to remote] DEBUG org.asynchttpclient.netty.request.NettyRequestSender - Using open Channel [id: 0x69d839d1, L:/127.0.0.1:64717 - R:localhost/127.0.0.1:41603] for POST '/session/85ab6b9ab240039dede5f531796ce4bd/element'
12:23:16.838 [AsyncHttpClient-1-6] DEBUG org.asynchttpclient.netty.handler.HttpHandler - 

Request DefaultHttpRequest(decodeResult: success, version: HTTP/1.1)
POST /session/85ab6b9ab240039dede5f531796ce4bd/element HTTP/1.1
User-Agent: selenium/4.8.3 (java windows)
Content-Length: 59
Content-Type: application/json; charset=utf-8
host: localhost:41603
accept: */*

Response DefaultHttpResponse(decodeResult: success, version: HTTP/1.1)
HTTP/1.1 200 OK
Content-Length: 95
Content-Type: application/json; charset=utf-8
cache-control: no-cache

12:23:16.838 [AsyncHttpClient-1-6] DEBUG org.asynchttpclient.netty.channel.ChannelManager - Adding key: http://localhost:41603 for channel [id: 0x69d839d1, L:/127.0.0.1:64717 - R:localhost/127.0.0.1:41603]
12:23:16.839 [Forwarding sendKeysToElement on session 85ab6b9ab240039dede5f531796ce4bd to remote] DEBUG org.asynchttpclient.netty.request.NettyRequestSender - Using pooled Channel '[id: 0x69d839d1, L:/127.0.0.1:64717 - R:localhost/127.0.0.1:41603]' for 'POST' to 'http://localhost:41603/session/85ab6b9ab240039dede5f531796ce4bd/element/D04A40C9346221B20BBC8C24576CCA1E_element_27/value'
12:23:16.839 [Forwarding sendKeysToElement on session 85ab6b9ab240039dede5f531796ce4bd to remote] DEBUG org.asynchttpclient.netty.request.NettyRequestSender - Using open Channel [id: 0x69d839d1, L:/127.0.0.1:64717 - R:localhost/127.0.0.1:41603] for POST '/session/85ab6b9ab240039dede5f531796ce4bd/element/D04A40C9346221B20BBC8C24576CCA1E_element_27/value'
12:23:16.918 [AsyncHttpClient-1-6] DEBUG org.asynchttpclient.netty.handler.HttpHandler - 

Request DefaultHttpRequest(decodeResult: success, version: HTTP/1.1)
POST /session/85ab6b9ab240039dede5f531796ce4bd/element/D04A40C9346221B20BBC8C24576CCA1E_element_27/value HTTP/1.1
User-Agent: selenium/4.8.3 (java windows)
Content-Length: 188
Content-Type: application/json; charset=utf-8
host: localhost:41603
accept: */*

Response DefaultHttpResponse(decodeResult: success, version: HTTP/1.1)
HTTP/1.1 200 OK
Content-Length: 14
Content-Type: application/json; charset=utf-8
cache-control: no-cache

12:23:16.919 [AsyncHttpClient-1-6] DEBUG org.asynchttpclient.netty.channel.ChannelManager - Adding key: http://localhost:41603 for channel [id: 0x69d839d1, L:/127.0.0.1:64717 - R:localhost/127.0.0.1:41603]
12:23:16.921 [Forwarding findElement on session 85ab6b9ab240039dede5f531796ce4bd to remote] DEBUG org.asynchttpclient.netty.request.NettyRequestSender - Using pooled Channel '[id: 0x69d839d1, L:/127.0.0.1:64717 - R:localhost/127.0.0.1:41603]' for 'POST' to 'http://localhost:41603/session/85ab6b9ab240039dede5f531796ce4bd/element'
12:23:16.925 [Forwarding findElement on session 85ab6b9ab240039dede5f531796ce4bd to remote] DEBUG org.asynchttpclient.netty.request.NettyRequestSender - Using open Channel [id: 0x69d839d1, L:/127.0.0.1:64717 - R:localhost/127.0.0.1:41603] for POST '/session/85ab6b9ab240039dede5f531796ce4bd/element'
12:23:16.942 [AsyncHttpClient-1-6] DEBUG org.asynchttpclient.netty.handler.HttpHandler - 

Request DefaultHttpRequest(decodeResult: success, version: HTTP/1.1)
POST /session/85ab6b9ab240039dede5f531796ce4bd/element HTTP/1.1
User-Agent: selenium/4.8.3 (java windows)
Content-Length: 62
Content-Type: application/json; charset=utf-8
host: localhost:41603
accept: */*

Response DefaultHttpResponse(decodeResult: success, version: HTTP/1.1)
HTTP/1.1 200 OK
Content-Length: 95
Content-Type: application/json; charset=utf-8
cache-control: no-cache

12:23:16.942 [AsyncHttpClient-1-6] DEBUG org.asynchttpclient.netty.channel.ChannelManager - Adding key: http://localhost:41603 for channel [id: 0x69d839d1, L:/127.0.0.1:64717 - R:localhost/127.0.0.1:41603]
12:23:16.943 [Forwarding clearElement on session 85ab6b9ab240039dede5f531796ce4bd to remote] DEBUG org.asynchttpclient.netty.request.NettyRequestSender - Using pooled Channel '[id: 0x69d839d1, L:/127.0.0.1:64717 - R:localhost/127.0.0.1:41603]' for 'POST' to 'http://localhost:41603/session/85ab6b9ab240039dede5f531796ce4bd/element/D04A40C9346221B20BBC8C24576CCA1E_element_32/clear'
12:23:16.943 [Forwarding clearElement on session 85ab6b9ab240039dede5f531796ce4bd to remote] DEBUG org.asynchttpclient.netty.request.NettyRequestSender - Using open Channel [id: 0x69d839d1, L:/127.0.0.1:64717 - R:localhost/127.0.0.1:41603] for POST '/session/85ab6b9ab240039dede5f531796ce4bd/element/D04A40C9346221B20BBC8C24576CCA1E_element_32/clear'
12:23:16.960 [AsyncHttpClient-1-6] DEBUG org.asynchttpclient.netty.handler.HttpHandler - 

Request DefaultHttpRequest(decodeResult: success, version: HTTP/1.1)
POST /session/85ab6b9ab240039dede5f531796ce4bd/element/D04A40C9346221B20BBC8C24576CCA1E_element_32/clear HTTP/1.1
User-Agent: selenium/4.8.3 (java windows)
Content-Length: 57
Content-Type: application/json; charset=utf-8
host: localhost:41603
accept: */*

Response DefaultHttpResponse(decodeResult: success, version: HTTP/1.1)
HTTP/1.1 200 OK
Content-Length: 14
Content-Type: application/json; charset=utf-8
cache-control: no-cache

12:23:16.960 [AsyncHttpClient-1-6] DEBUG org.asynchttpclient.netty.channel.ChannelManager - Adding key: http://localhost:41603 for channel [id: 0x69d839d1, L:/127.0.0.1:64717 - R:localhost/127.0.0.1:41603]
12:23:16.960 [Forwarding findElement on session 85ab6b9ab240039dede5f531796ce4bd to remote] DEBUG org.asynchttpclient.netty.request.NettyRequestSender - Using pooled Channel '[id: 0x69d839d1, L:/127.0.0.1:64717 - R:localhost/127.0.0.1:41603]' for 'POST' to 'http://localhost:41603/session/85ab6b9ab240039dede5f531796ce4bd/element'
12:23:16.960 [Forwarding findElement on session 85ab6b9ab240039dede5f531796ce4bd to remote] DEBUG org.asynchttpclient.netty.request.NettyRequestSender - Using open Channel [id: 0x69d839d1, L:/127.0.0.1:64717 - R:localhost/127.0.0.1:41603] for POST '/session/85ab6b9ab240039dede5f531796ce4bd/element'
12:23:16.964 [AsyncHttpClient-1-6] DEBUG org.asynchttpclient.netty.handler.HttpHandler - 

Request DefaultHttpRequest(decodeResult: success, version: HTTP/1.1)
POST /session/85ab6b9ab240039dede5f531796ce4bd/element HTTP/1.1
User-Agent: selenium/4.8.3 (java windows)
Content-Length: 62
Content-Type: application/json; charset=utf-8
host: localhost:41603
accept: */*

Response DefaultHttpResponse(decodeResult: success, version: HTTP/1.1)
HTTP/1.1 200 OK
Content-Length: 95
Content-Type: application/json; charset=utf-8
cache-control: no-cache

12:23:16.965 [AsyncHttpClient-1-6] DEBUG org.asynchttpclient.netty.channel.ChannelManager - Adding key: http://localhost:41603 for channel [id: 0x69d839d1, L:/127.0.0.1:64717 - R:localhost/127.0.0.1:41603]
12:23:16.965 [Forwarding sendKeysToElement on session 85ab6b9ab240039dede5f531796ce4bd to remote] DEBUG org.asynchttpclient.netty.request.NettyRequestSender - Using pooled Channel '[id: 0x69d839d1, L:/127.0.0.1:64717 - R:localhost/127.0.0.1:41603]' for 'POST' to 'http://localhost:41603/session/85ab6b9ab240039dede5f531796ce4bd/element/D04A40C9346221B20BBC8C24576CCA1E_element_32/value'
12:23:16.965 [Forwarding sendKeysToElement on session 85ab6b9ab240039dede5f531796ce4bd to remote] DEBUG org.asynchttpclient.netty.request.NettyRequestSender - Using open Channel [id: 0x69d839d1, L:/127.0.0.1:64717 - R:localhost/127.0.0.1:41603] for POST '/session/85ab6b9ab240039dede5f531796ce4bd/element/D04A40C9346221B20BBC8C24576CCA1E_element_32/value'
12:23:17.013 [AsyncHttpClient-1-6] DEBUG org.asynchttpclient.netty.handler.HttpHandler - 

Request DefaultHttpRequest(decodeResult: success, version: HTTP/1.1)
POST /session/85ab6b9ab240039dede5f531796ce4bd/element/D04A40C9346221B20BBC8C24576CCA1E_element_32/value HTTP/1.1
User-Agent: selenium/4.8.3 (java windows)
Content-Length: 148
Content-Type: application/json; charset=utf-8
host: localhost:41603
accept: */*

Response DefaultHttpResponse(decodeResult: success, version: HTTP/1.1)
HTTP/1.1 200 OK
Content-Length: 14
Content-Type: application/json; charset=utf-8
cache-control: no-cache

12:23:17.013 [AsyncHttpClient-1-6] DEBUG org.asynchttpclient.netty.channel.ChannelManager - Adding key: http://localhost:41603 for channel [id: 0x69d839d1, L:/127.0.0.1:64717 - R:localhost/127.0.0.1:41603]
12:23:17.014 [Forwarding findElement on session 85ab6b9ab240039dede5f531796ce4bd to remote] DEBUG org.asynchttpclient.netty.request.NettyRequestSender - Using pooled Channel '[id: 0x69d839d1, L:/127.0.0.1:64717 - R:localhost/127.0.0.1:41603]' for 'POST' to 'http://localhost:41603/session/85ab6b9ab240039dede5f531796ce4bd/element'
12:23:17.014 [Forwarding findElement on session 85ab6b9ab240039dede5f531796ce4bd to remote] DEBUG org.asynchttpclient.netty.request.NettyRequestSender - Using open Channel [id: 0x69d839d1, L:/127.0.0.1:64717 - R:localhost/127.0.0.1:41603] for POST '/session/85ab6b9ab240039dede5f531796ce4bd/element'
12:23:17.025 [AsyncHttpClient-1-6] DEBUG org.asynchttpclient.netty.handler.HttpHandler - 

Request DefaultHttpRequest(decodeResult: success, version: HTTP/1.1)
POST /session/85ab6b9ab240039dede5f531796ce4bd/element HTTP/1.1
User-Agent: selenium/4.8.3 (java windows)
Content-Length: 71
Content-Type: application/json; charset=utf-8
host: localhost:41603
accept: */*

Response DefaultHttpResponse(decodeResult: success, version: HTTP/1.1)
HTTP/1.1 200 OK
Content-Length: 95
Content-Type: application/json; charset=utf-8
cache-control: no-cache

12:23:17.025 [AsyncHttpClient-1-6] DEBUG org.asynchttpclient.netty.channel.ChannelManager - Adding key: http://localhost:41603 for channel [id: 0x69d839d1, L:/127.0.0.1:64717 - R:localhost/127.0.0.1:41603]
12:23:17.025 [Forwarding clickElement on session 85ab6b9ab240039dede5f531796ce4bd to remote] DEBUG org.asynchttpclient.netty.request.NettyRequestSender - Using pooled Channel '[id: 0x69d839d1, L:/127.0.0.1:64717 - R:localhost/127.0.0.1:41603]' for 'POST' to 'http://localhost:41603/session/85ab6b9ab240039dede5f531796ce4bd/element/D04A40C9346221B20BBC8C24576CCA1E_element_33/click'
12:23:17.025 [Forwarding clickElement on session 85ab6b9ab240039dede5f531796ce4bd to remote] DEBUG org.asynchttpclient.netty.request.NettyRequestSender - Using open Channel [id: 0x69d839d1, L:/127.0.0.1:64717 - R:localhost/127.0.0.1:41603] for POST '/session/85ab6b9ab240039dede5f531796ce4bd/element/D04A40C9346221B20BBC8C24576CCA1E_element_33/click'
12:23:17.054 [AsyncHttpClient-1-6] DEBUG org.asynchttpclient.netty.handler.HttpHandler - 

Request DefaultHttpRequest(decodeResult: success, version: HTTP/1.1)
POST /session/85ab6b9ab240039dede5f531796ce4bd/element/D04A40C9346221B20BBC8C24576CCA1E_element_33/click HTTP/1.1
User-Agent: selenium/4.8.3 (java windows)
Content-Length: 57
Content-Type: application/json; charset=utf-8
host: localhost:41603
accept: */*

Response DefaultHttpResponse(decodeResult: success, version: HTTP/1.1)
HTTP/1.1 200 OK
Content-Length: 14
Content-Type: application/json; charset=utf-8
cache-control: no-cache

12:23:17.054 [AsyncHttpClient-1-6] DEBUG org.asynchttpclient.netty.channel.ChannelManager - Adding key: http://localhost:41603 for channel [id: 0x69d839d1, L:/127.0.0.1:64717 - R:localhost/127.0.0.1:41603]
2023-06-09 12:23:17 INFO  BaseTest:126 - Logged in
12:23:17.055 [rp-io-46] DEBUG com.epam.reportportal.service.Launch - Starting test item...rp-io-46
2023-06-09 12:23:17 INFO  Listeners:34 - Started Test null
12:23:17.056 [Forwarding findElement on session 85ab6b9ab240039dede5f531796ce4bd to remote] DEBUG org.asynchttpclient.netty.request.NettyRequestSender - Using pooled Channel '[id: 0x69d839d1, L:/127.0.0.1:64717 - R:localhost/127.0.0.1:41603]' for 'POST' to 'http://localhost:41603/session/85ab6b9ab240039dede5f531796ce4bd/element'
12:23:17.056 [Forwarding findElement on session 85ab6b9ab240039dede5f531796ce4bd to remote] DEBUG org.asynchttpclient.netty.request.NettyRequestSender - Using open Channel [id: 0x69d839d1, L:/127.0.0.1:64717 - R:localhost/127.0.0.1:41603] for POST '/session/85ab6b9ab240039dede5f531796ce4bd/element'
12:23:17.076 [rp-io-43] DEBUG com.epam.reportportal.service.Launch - TestItem with ID = '6566185a-cab5-43bc-a967-bc7a82cc76ae' successfully finished.
12:23:17.076 [rp-io-43] DEBUG com.epam.reportportal.utils.SubscriptionUtils - Finish test item completed
12:23:17.087 [rp-io-45] DEBUG com.epam.reportportal.service.Launch - ReportPortal item with ID 'b954d26d-d88c-4efb-8531-e14f1bd9c427' has been created
12:23:17.087 [rp-io-45] DEBUG com.epam.reportportal.utils.SubscriptionUtils - Start test item successfully completed
12:23:17.390 [AsyncHttpClient-1-6] DEBUG org.asynchttpclient.netty.handler.HttpHandler - 

Request DefaultHttpRequest(decodeResult: success, version: HTTP/1.1)
POST /session/85ab6b9ab240039dede5f531796ce4bd/element HTTP/1.1
User-Agent: selenium/4.8.3 (java windows)
Content-Length: 168
Content-Type: application/json; charset=utf-8
host: localhost:41603
accept: */*

Response DefaultHttpResponse(decodeResult: success, version: HTTP/1.1)
HTTP/1.1 200 OK
Content-Length: 95
Content-Type: application/json; charset=utf-8
cache-control: no-cache

12:23:17.390 [AsyncHttpClient-1-6] DEBUG org.asynchttpclient.netty.channel.ChannelManager - Adding key: http://localhost:41603 for channel [id: 0x69d839d1, L:/127.0.0.1:64717 - R:localhost/127.0.0.1:41603]
12:23:17.390 [Forwarding clickElement on session 85ab6b9ab240039dede5f531796ce4bd to remote] DEBUG org.asynchttpclient.netty.request.NettyRequestSender - Using pooled Channel '[id: 0x69d839d1, L:/127.0.0.1:64717 - R:localhost/127.0.0.1:41603]' for 'POST' to 'http://localhost:41603/session/85ab6b9ab240039dede5f531796ce4bd/element/D04A40C9346221B20BBC8C24576CCA1E_element_44/click'
12:23:17.390 [Forwarding clickElement on session 85ab6b9ab240039dede5f531796ce4bd to remote] DEBUG org.asynchttpclient.netty.request.NettyRequestSender - Using open Channel [id: 0x69d839d1, L:/127.0.0.1:64717 - R:localhost/127.0.0.1:41603] for POST '/session/85ab6b9ab240039dede5f531796ce4bd/element/D04A40C9346221B20BBC8C24576CCA1E_element_44/click'
12:23:17.629 [AsyncHttpClient-1-6] DEBUG org.asynchttpclient.netty.handler.HttpHandler - 

Request DefaultHttpRequest(decodeResult: success, version: HTTP/1.1)
POST /session/85ab6b9ab240039dede5f531796ce4bd/element/D04A40C9346221B20BBC8C24576CCA1E_element_44/click HTTP/1.1
User-Agent: selenium/4.8.3 (java windows)
Content-Length: 57
Content-Type: application/json; charset=utf-8
host: localhost:41603
accept: */*

Response DefaultHttpResponse(decodeResult: success, version: HTTP/1.1)
HTTP/1.1 200 OK
Content-Length: 14
Content-Type: application/json; charset=utf-8
cache-control: no-cache

12:23:17.629 [AsyncHttpClient-1-6] DEBUG org.asynchttpclient.netty.channel.ChannelManager - Adding key: http://localhost:41603 for channel [id: 0x69d839d1, L:/127.0.0.1:64717 - R:localhost/127.0.0.1:41603]
12:23:17.630 [Forwarding findElement on session 85ab6b9ab240039dede5f531796ce4bd to remote] DEBUG org.asynchttpclient.netty.request.NettyRequestSender - Using pooled Channel '[id: 0x69d839d1, L:/127.0.0.1:64717 - R:localhost/127.0.0.1:41603]' for 'POST' to 'http://localhost:41603/session/85ab6b9ab240039dede5f531796ce4bd/element'
12:23:17.631 [Forwarding findElement on session 85ab6b9ab240039dede5f531796ce4bd to remote] DEBUG org.asynchttpclient.netty.request.NettyRequestSender - Using open Channel [id: 0x69d839d1, L:/127.0.0.1:64717 - R:localhost/127.0.0.1:41603] for POST '/session/85ab6b9ab240039dede5f531796ce4bd/element'
12:23:17.740 [AsyncHttpClient-1-1] DEBUG org.asynchttpclient.netty.channel.DefaultChannelPool - Entry count for : http://localhost:64718 : 1
12:23:18.843 [AsyncHttpClient-1-1] DEBUG org.asynchttpclient.netty.channel.DefaultChannelPool - Entry count for : http://localhost:64718 : 1
12:23:19.938 [AsyncHttpClient-1-1] DEBUG org.asynchttpclient.netty.channel.DefaultChannelPool - Entry count for : http://localhost:64718 : 1
12:23:21.039 [AsyncHttpClient-1-1] DEBUG org.asynchttpclient.netty.channel.DefaultChannelPool - Entry count for : http://localhost:64718 : 1
12:23:21.884 [AsyncHttpClient-1-6] DEBUG org.asynchttpclient.netty.handler.HttpHandler - 

Request DefaultHttpRequest(decodeResult: success, version: HTTP/1.1)
POST /session/85ab6b9ab240039dede5f531796ce4bd/element HTTP/1.1
User-Agent: selenium/4.8.3 (java windows)
Content-Length: 73
Content-Type: application/json; charset=utf-8
host: localhost:41603
accept: */*

Response DefaultHttpResponse(decodeResult: success, version: HTTP/1.1)
HTTP/1.1 404 Not Found
Content-Length: 963
Content-Type: application/json; charset=utf-8
cache-control: no-cache

12:23:21.885 [AsyncHttpClient-1-6] DEBUG org.asynchttpclient.netty.channel.ChannelManager - Adding key: http://localhost:41603 for channel [id: 0x69d839d1, L:/127.0.0.1:64717 - R:localhost/127.0.0.1:41603]
2023-06-09 12:23:21 INFO  Listeners:42 - Failed Test null
]]></system-out>
    <system-err><![CDATA[Starting ChromeDriver 114.0.5735.90 (386bc09e8f4f2e025eddae123f36f6263096ae49-refs/branch-heads/5735@{#1052}) on port 41603
Only local connections are allowed.
Please see https://chromedriver.chromium.org/security-considerations for suggestions on keeping ChromeDriver safe.
ChromeDriver was started successfully.
Jun 09, 2023 12:23:15 PM org.openqa.selenium.devtools.CdpVersionFinder findNearestMatch
WARNING: Unable to find an exact match for CDP version 114, so returning the closest version found: 111
]]></system-err>
  </testcase>
  <testcase name="searchDashboardNameDP[MOST FAILED TEST CASES](14)" classname="alltests.uitest.coreTest.DashboardPageTest" time="0">
    <skipped message="no such element: Unable to locate element: {&quot;method&quot;:&quot;xpath&quot;,&quot;selector&quot;:&quot;//*[text()=&apos;MOST FAILED TEST CASES&apos;]&quot;}&#10;  (Session info: chrome=114.0.5735.110)&#10;For documentation on this error, please visit: https://selenium.dev/exceptions/#no_such_element&#10;Build info: version: &apos;4.8.3&apos;, revision: &apos;e5e76298c3&apos;&#10;System info: os.name: &apos;Windows 10&apos;, os.arch: &apos;amd64&apos;, os.version: &apos;10.0&apos;, java.version: &apos;17.0.3.1&apos;&#10;Driver info: org.openqa.selenium.chrome.ChromeDriver&#10;Command: [d0d2326b2bb6ba6e0097d3cdaca4668d, findElement {using=xpath, value=//*[text()=&apos;MOST FAILED TEST CASES&apos;]}]&#10;Capabilities {acceptInsecureCerts: false, browserName: chrome, browserVersion: 114.0.5735.110, chrome: {chromedriverVersion: 114.0.5735.90 (386bc09e8f4f..., userDataDir: C:\Users\SUWARN~1\AppData\L...}, goog:chromeOptions: {debuggerAddress: localhost:64756}, networkConnectionEnabled: false, pageLoadStrategy: normal, platformName: WINDOWS, proxy: Proxy(), se:cdp: ws://localhost:64756/devtoo..., se:cdpVersion: 114.0.5735.110, setWindowRect: true, strictFileInteractability: false, timeouts: {implicit: 0, pageLoad: 300000, script: 30000}, unhandledPromptBehavior: dismiss and notify, webauthn:extension:credBlob: true, webauthn:extension:largeBlob: true, webauthn:extension:minPinLength: true, webauthn:extension:prf: true, webauthn:virtualAuthenticators: true}&#10;Session ID: d0d2326b2bb6ba6e0097d3cdaca4668d"/>
    <system-out><![CDATA[12:23:21.889 [rp-io-51] DEBUG com.epam.reportportal.service.Launch - Starting test item...rp-io-51
12:23:21.894 [Forwarding screenshot on session 85ab6b9ab240039dede5f531796ce4bd to remote] DEBUG org.asynchttpclient.netty.request.NettyRequestSender - Using pooled Channel '[id: 0x69d839d1, L:/127.0.0.1:64717 - R:localhost/127.0.0.1:41603]' for 'GET' to 'http://localhost:41603/session/85ab6b9ab240039dede5f531796ce4bd/screenshot'
12:23:21.894 [Forwarding screenshot on session 85ab6b9ab240039dede5f531796ce4bd to remote] DEBUG org.asynchttpclient.netty.request.NettyRequestSender - Using open Channel [id: 0x69d839d1, L:/127.0.0.1:64717 - R:localhost/127.0.0.1:41603] for GET '/session/85ab6b9ab240039dede5f531796ce4bd/screenshot'
12:23:21.926 [rp-io-49] DEBUG com.epam.reportportal.service.Launch - TestItem with ID = 'b954d26d-d88c-4efb-8531-e14f1bd9c427' successfully finished.
12:23:21.926 [rp-io-49] DEBUG com.epam.reportportal.utils.SubscriptionUtils - Finish test item completed
12:23:21.928 [rp-io-51] DEBUG com.epam.reportportal.service.Launch - ReportPortal item with ID '9f18d9b1-e81e-486a-806a-f4ff77d96ff3' has been created
12:23:21.928 [rp-io-51] DEBUG com.epam.reportportal.utils.SubscriptionUtils - Start test item successfully completed
12:23:22.024 [AsyncHttpClient-1-6] DEBUG org.asynchttpclient.netty.handler.HttpHandler - 

Request DefaultFullHttpRequest(decodeResult: success, version: HTTP/1.1, content: EmptyByteBufBE)
GET /session/85ab6b9ab240039dede5f531796ce4bd/screenshot HTTP/1.1
User-Agent: selenium/4.8.3 (java windows)
Cache-Control: no-cache
Content-Type: application/json; charset=utf-8
host: localhost:41603
accept: */*

Response DefaultHttpResponse(decodeResult: success, version: HTTP/1.1)
HTTP/1.1 200 OK
Content-Length: 101040
Content-Type: application/json; charset=utf-8
cache-control: no-cache

12:23:22.025 [AsyncHttpClient-1-6] DEBUG org.asynchttpclient.netty.channel.ChannelManager - Adding key: http://localhost:41603 for channel [id: 0x69d839d1, L:/127.0.0.1:64717 - R:localhost/127.0.0.1:41603]
12:23:22.033 [AsyncHttpClient-1-8] DEBUG org.asynchttpclient.netty.handler.WebSocketHandler - Channel Closed: [id: 0x31391139, L:/127.0.0.1:64726 ! R:localhost/127.0.0.1:64718] with attribute NettyResponseFuture{currentRetry=0,
	isDone=1,
	isCancelled=0,
	asyncHandler=org.asynchttpclient.ws.WebSocketUpgradeHandler@52925fe3,
	nettyRequest=org.asynchttpclient.netty.request.NettyRequest@1d7de607,
	future=java.util.concurrent.CompletableFuture@7c7db6d9[Completed normally],
	uri=ws://localhost:64718/devtools/browser/03a8ffb8-ac03-46b6-9e33-f65c422dd860,
	keepAlive=true,
	redirectCount=0,
	timeoutsHolder=null,
	inAuth=0,
	touch=1686306195509}
12:23:22.033 [AsyncHttpClient-1-8] DEBUG org.asynchttpclient.netty.channel.ChannelManager - Closing Channel [id: 0x31391139, L:/127.0.0.1:64726 ! R:localhost/127.0.0.1:64718] 
12:23:22.034 [Driver Command Executor] DEBUG org.asynchttpclient.netty.request.NettyRequestSender - Using pooled Channel '[id: 0x69d839d1, L:/127.0.0.1:64717 - R:localhost/127.0.0.1:41603]' for 'DELETE' to 'http://localhost:41603/session/85ab6b9ab240039dede5f531796ce4bd'
12:23:22.034 [Driver Command Executor] DEBUG org.asynchttpclient.netty.request.NettyRequestSender - Using open Channel [id: 0x69d839d1, L:/127.0.0.1:64717 - R:localhost/127.0.0.1:41603] for DELETE '/session/85ab6b9ab240039dede5f531796ce4bd'
12:23:22.135 [AsyncHttpClient-1-7] DEBUG org.asynchttpclient.netty.handler.HttpHandler - Unexpected I/O exception on channel [id: 0xf30fe034, L:/127.0.0.1:64725 - R:localhost/127.0.0.1:64718]
java.net.SocketException: Connection reset
	at java.base/sun.nio.ch.SocketChannelImpl.throwConnectionReset(SocketChannelImpl.java:394)
	at java.base/sun.nio.ch.SocketChannelImpl.read(SocketChannelImpl.java:426)
	at io.netty.buffer.PooledByteBuf.setBytes(PooledByteBuf.java:256)
	at io.netty.buffer.AbstractByteBuf.writeBytes(AbstractByteBuf.java:1132)
	at io.netty.channel.socket.nio.NioSocketChannel.doReadBytes(NioSocketChannel.java:357)
	at io.netty.channel.nio.AbstractNioByteChannel$NioByteUnsafe.read(AbstractNioByteChannel.java:151)
	at io.netty.channel.nio.NioEventLoop.processSelectedKey(NioEventLoop.java:788)
	at io.netty.channel.nio.NioEventLoop.processSelectedKeysOptimized(NioEventLoop.java:724)
	at io.netty.channel.nio.NioEventLoop.processSelectedKeys(NioEventLoop.java:650)
	at io.netty.channel.nio.NioEventLoop.run(NioEventLoop.java:562)
	at io.netty.util.concurrent.SingleThreadEventExecutor$4.run(SingleThreadEventExecutor.java:997)
	at io.netty.util.internal.ThreadExecutorMap$2.run(ThreadExecutorMap.java:74)
	at io.netty.util.concurrent.FastThreadLocalRunnable.run(FastThreadLocalRunnable.java:30)
	at java.base/java.lang.Thread.run(Thread.java:833)
12:23:22.135 [AsyncHttpClient-1-7] DEBUG org.asynchttpclient.netty.channel.ChannelManager - Closing Channel [id: 0xf30fe034, L:/127.0.0.1:64725 - R:localhost/127.0.0.1:64718] 
12:23:22.135 [AsyncHttpClient-1-7] DEBUG org.asynchttpclient.netty.handler.HttpHandler - Channel Closed: [id: 0xf30fe034, L:/127.0.0.1:64725 ! R:localhost/127.0.0.1:64718] with attribute DISCARD
12:23:22.139 [AsyncHttpClient-1-1] DEBUG org.asynchttpclient.netty.channel.DefaultChannelPool - Entry count for : http://localhost:64718 : 1
12:23:22.139 [AsyncHttpClient-1-1] DEBUG org.asynchttpclient.netty.channel.DefaultChannelPool - Adding Candidate expired Channel [id: 0xf30fe034, L:/127.0.0.1:64725 ! R:localhost/127.0.0.1:64718] isIdleTimeoutExpired=false isRemotelyClosed=true isTtlExpired=false
12:23:22.139 [AsyncHttpClient-1-1] DEBUG org.asynchttpclient.netty.channel.DefaultChannelPool - Closing Idle Channel [id: 0xf30fe034, L:/127.0.0.1:64725 ! R:localhost/127.0.0.1:64718]
12:23:22.139 [AsyncHttpClient-1-1] DEBUG org.asynchttpclient.netty.channel.DefaultChannelPool - Closed 1 connections out of 1 in 0 ms
12:23:22.153 [AsyncHttpClient-1-6] DEBUG org.asynchttpclient.netty.handler.HttpHandler - 

Request DefaultFullHttpRequest(decodeResult: success, version: HTTP/1.1, content: EmptyByteBufBE)
DELETE /session/85ab6b9ab240039dede5f531796ce4bd HTTP/1.1
User-Agent: selenium/4.8.3 (java windows)
Content-Type: application/json; charset=utf-8
host: localhost:41603
accept: */*

Response DefaultHttpResponse(decodeResult: success, version: HTTP/1.1)
HTTP/1.1 200 OK
Content-Length: 14
Content-Type: application/json; charset=utf-8
cache-control: no-cache

12:23:22.153 [AsyncHttpClient-1-6] DEBUG org.asynchttpclient.netty.channel.ChannelManager - Adding key: http://localhost:41603 for channel [id: 0x69d839d1, L:/127.0.0.1:64717 - R:localhost/127.0.0.1:41603]
12:23:22.199 [AsyncHttpClient-1-6] DEBUG org.asynchttpclient.netty.handler.HttpHandler - Channel Closed: [id: 0x69d839d1, L:/127.0.0.1:64717 ! R:localhost/127.0.0.1:41603] with attribute DISCARD
2023-06-09 12:23:22 INFO  BaseTest:83 - Test executed**********
12:23:22.237 [rp-io-57] DEBUG com.epam.reportportal.service.Launch - Starting test item...rp-io-57
2023-06-09 12:23:22 INFO  BaseTest:110 - Property files loaded successfully**********
12:23:22.250 [main] DEBUG io.github.bonigarcia.wdm.cache.ResolutionCache - Resolution chrome=114 in cache (valid until 13:14:48 09/06/2023 CEST)
12:23:22.251 [main] DEBUG io.github.bonigarcia.wdm.cache.ResolutionCache - Resolution chrome114=114.0.5735.90 in cache (valid until 12:14:48 10/06/2023 CEST)
12:23:22.251 [main] INFO io.github.bonigarcia.wdm.WebDriverManager - Using chromedriver 114.0.5735.90 (resolved driver for Chrome 114)
12:23:22.260 [main] DEBUG io.github.bonigarcia.wdm.WebDriverManager - Driver chromedriver 114.0.5735.90 found in cache
12:23:22.260 [main] INFO io.github.bonigarcia.wdm.WebDriverManager - Exporting webdriver.chrome.driver as C:\Users\Suwarna_Wagh\.cache\selenium\chromedriver\win32\114.0.5735.90\chromedriver.exe
12:23:22.273 [rp-io-61] DEBUG com.epam.reportportal.service.Launch - TestItem with ID = '9f18d9b1-e81e-486a-806a-f4ff77d96ff3' successfully finished.
12:23:22.273 [rp-io-61] DEBUG com.epam.reportportal.utils.SubscriptionUtils - Finish test item completed
12:23:22.276 [rp-io-57] DEBUG com.epam.reportportal.service.Launch - ReportPortal item with ID 'fb43f38c-290c-4e06-b1cd-8c8b15a78e44' has been created
12:23:22.276 [rp-io-57] DEBUG com.epam.reportportal.utils.SubscriptionUtils - Start test item successfully completed
12:23:22.371 [AsyncHttpClient-1-9] DEBUG org.asynchttpclient.netty.channel.NettyConnectListener - Using new Channel '[id: 0x8e2dea5f, L:/127.0.0.1:64755 - R:localhost/127.0.0.1:35960]' for 'POST' to '/session'
12:23:23.240 [AsyncHttpClient-1-1] DEBUG org.asynchttpclient.netty.channel.DefaultChannelPool - Entry count for : http://localhost:41603 : 1
12:23:23.240 [AsyncHttpClient-1-1] DEBUG org.asynchttpclient.netty.channel.DefaultChannelPool - Adding Candidate expired Channel [id: 0x69d839d1, L:/127.0.0.1:64717 ! R:localhost/127.0.0.1:41603] isIdleTimeoutExpired=false isRemotelyClosed=true isTtlExpired=false
12:23:23.240 [AsyncHttpClient-1-1] DEBUG org.asynchttpclient.netty.channel.DefaultChannelPool - Closing Idle Channel [id: 0x69d839d1, L:/127.0.0.1:64717 ! R:localhost/127.0.0.1:41603]
12:23:23.240 [AsyncHttpClient-1-1] DEBUG org.asynchttpclient.netty.channel.DefaultChannelPool - Closed 1 connections out of 1 in 0 ms
12:23:23.427 [AsyncHttpClient-1-9] DEBUG org.asynchttpclient.netty.handler.HttpHandler - 

Request DefaultHttpRequest(decodeResult: success, version: HTTP/1.1)
POST /session HTTP/1.1
User-Agent: selenium/4.8.3 (java windows)
Content-Length: 439
Content-Type: application/json; charset=utf-8
host: localhost:35960
accept: */*

Response DefaultHttpResponse(decodeResult: success, version: HTTP/1.1)
HTTP/1.1 200 OK
Content-Length: 863
Content-Type: application/json; charset=utf-8
cache-control: no-cache

12:23:23.427 [AsyncHttpClient-1-9] DEBUG org.asynchttpclient.netty.channel.ChannelManager - Adding key: http://localhost:35960 for channel [id: 0x8e2dea5f, L:/127.0.0.1:64755 - R:localhost/127.0.0.1:35960]
12:23:23.439 [AsyncHttpClient-1-10] DEBUG org.asynchttpclient.netty.channel.NettyConnectListener - Using new Channel '[id: 0x7b699c60, L:/127.0.0.1:64764 - R:localhost/127.0.0.1:64756]' for 'GET' to '/json/version'
12:23:23.439 [AsyncHttpClient-1-10] DEBUG org.asynchttpclient.netty.handler.HttpHandler - 

Request DefaultFullHttpRequest(decodeResult: success, version: HTTP/1.1, content: EmptyByteBufBE)
GET /json/version HTTP/1.1
User-Agent: selenium/4.8.3 (java windows)
host: localhost:64756
accept: */*

Response DefaultHttpResponse(decodeResult: success, version: HTTP/1.1)
HTTP/1.1 200 OK
Content-Security-Policy: frame-ancestors 'none'
Content-Length: 424
Content-Type: application/json; charset=UTF-8

12:23:23.439 [AsyncHttpClient-1-10] DEBUG org.asynchttpclient.netty.channel.ChannelManager - Adding key: http://localhost:64756 for channel [id: 0x7b699c60, L:/127.0.0.1:64764 - R:localhost/127.0.0.1:64756]
12:23:23.441 [AsyncHttpClient-1-11] DEBUG org.asynchttpclient.netty.channel.NettyConnectListener - Using new Channel '[id: 0x40e9e7d8, L:/127.0.0.1:64765 - R:localhost/127.0.0.1:64756]' for 'GET' to '/devtools/browser/01dcd9b7-368f-472d-bfbd-8c04a73c0072'
12:23:23.442 [AsyncHttpClient-1-11] DEBUG org.asynchttpclient.netty.handler.WebSocketHandler - 

Request DefaultFullHttpRequest(decodeResult: success, version: HTTP/1.1, content: EmptyByteBufBE)
GET /devtools/browser/01dcd9b7-368f-472d-bfbd-8c04a73c0072 HTTP/1.1
upgrade: websocket
connection: upgrade
sec-websocket-key: k8nXAX0kbSXC2iyOnwlF5w==
sec-websocket-version: 13
origin: http://localhost:64756
host: localhost:64756
accept: */*
user-agent: AHC/2.1

Response DefaultHttpResponse(decodeResult: success, version: HTTP/1.1)
HTTP/1.1 101 WebSocket Protocol Handshake
Upgrade: WebSocket
Connection: Upgrade
Sec-WebSocket-Accept: cxS0VifbbY9et534elR7EJiXvoY=

12:23:23.448 [Forwarding setTimeout on session d0d2326b2bb6ba6e0097d3cdaca4668d to remote] DEBUG org.asynchttpclient.netty.request.NettyRequestSender - Using pooled Channel '[id: 0x8e2dea5f, L:/127.0.0.1:64755 - R:localhost/127.0.0.1:35960]' for 'POST' to 'http://localhost:35960/session/d0d2326b2bb6ba6e0097d3cdaca4668d/timeouts'
12:23:23.448 [Forwarding setTimeout on session d0d2326b2bb6ba6e0097d3cdaca4668d to remote] DEBUG org.asynchttpclient.netty.request.NettyRequestSender - Using open Channel [id: 0x8e2dea5f, L:/127.0.0.1:64755 - R:localhost/127.0.0.1:35960] for POST '/session/d0d2326b2bb6ba6e0097d3cdaca4668d/timeouts'
12:23:23.449 [AsyncHttpClient-1-9] DEBUG org.asynchttpclient.netty.handler.HttpHandler - 

Request DefaultHttpRequest(decodeResult: success, version: HTTP/1.1)
POST /session/d0d2326b2bb6ba6e0097d3cdaca4668d/timeouts HTTP/1.1
User-Agent: selenium/4.8.3 (java windows)
Content-Length: 22
Content-Type: application/json; charset=utf-8
host: localhost:35960
accept: */*

Response DefaultHttpResponse(decodeResult: success, version: HTTP/1.1)
HTTP/1.1 200 OK
Content-Length: 14
Content-Type: application/json; charset=utf-8
cache-control: no-cache

12:23:23.450 [AsyncHttpClient-1-9] DEBUG org.asynchttpclient.netty.channel.ChannelManager - Adding key: http://localhost:35960 for channel [id: 0x8e2dea5f, L:/127.0.0.1:64755 - R:localhost/127.0.0.1:35960]
12:23:23.452 [Forwarding maximizeCurrentWindow on session d0d2326b2bb6ba6e0097d3cdaca4668d to remote] DEBUG org.asynchttpclient.netty.request.NettyRequestSender - Using pooled Channel '[id: 0x8e2dea5f, L:/127.0.0.1:64755 - R:localhost/127.0.0.1:35960]' for 'POST' to 'http://localhost:35960/session/d0d2326b2bb6ba6e0097d3cdaca4668d/window/maximize'
12:23:23.452 [Forwarding maximizeCurrentWindow on session d0d2326b2bb6ba6e0097d3cdaca4668d to remote] DEBUG org.asynchttpclient.netty.request.NettyRequestSender - Using open Channel [id: 0x8e2dea5f, L:/127.0.0.1:64755 - R:localhost/127.0.0.1:35960] for POST '/session/d0d2326b2bb6ba6e0097d3cdaca4668d/window/maximize'
12:23:23.571 [AsyncHttpClient-1-9] DEBUG org.asynchttpclient.netty.handler.HttpHandler - 

Request DefaultHttpRequest(decodeResult: success, version: HTTP/1.1)
POST /session/d0d2326b2bb6ba6e0097d3cdaca4668d/window/maximize HTTP/1.1
User-Agent: selenium/4.8.3 (java windows)
Content-Length: 3
Content-Type: application/json; charset=utf-8
host: localhost:35960
accept: */*

Response DefaultHttpResponse(decodeResult: success, version: HTTP/1.1)
HTTP/1.1 200 OK
Content-Length: 51
Content-Type: application/json; charset=utf-8
cache-control: no-cache

12:23:23.571 [AsyncHttpClient-1-9] DEBUG org.asynchttpclient.netty.channel.ChannelManager - Adding key: http://localhost:35960 for channel [id: 0x8e2dea5f, L:/127.0.0.1:64755 - R:localhost/127.0.0.1:35960]
12:23:23.572 [Forwarding get on session d0d2326b2bb6ba6e0097d3cdaca4668d to remote] DEBUG org.asynchttpclient.netty.request.NettyRequestSender - Using pooled Channel '[id: 0x8e2dea5f, L:/127.0.0.1:64755 - R:localhost/127.0.0.1:35960]' for 'POST' to 'http://localhost:35960/session/d0d2326b2bb6ba6e0097d3cdaca4668d/url'
12:23:23.572 [Forwarding get on session d0d2326b2bb6ba6e0097d3cdaca4668d to remote] DEBUG org.asynchttpclient.netty.request.NettyRequestSender - Using open Channel [id: 0x8e2dea5f, L:/127.0.0.1:64755 - R:localhost/127.0.0.1:35960] for POST '/session/d0d2326b2bb6ba6e0097d3cdaca4668d/url'
12:23:24.339 [AsyncHttpClient-1-1] DEBUG org.asynchttpclient.netty.channel.DefaultChannelPool - Entry count for : http://localhost:64756 : 1
12:23:24.991 [AsyncHttpClient-1-9] DEBUG org.asynchttpclient.netty.handler.HttpHandler - 

Request DefaultHttpRequest(decodeResult: success, version: HTTP/1.1)
POST /session/d0d2326b2bb6ba6e0097d3cdaca4668d/url HTTP/1.1
User-Agent: selenium/4.8.3 (java windows)
Content-Length: 52
Content-Type: application/json; charset=utf-8
host: localhost:35960
accept: */*

Response DefaultHttpResponse(decodeResult: success, version: HTTP/1.1)
HTTP/1.1 200 OK
Content-Length: 14
Content-Type: application/json; charset=utf-8
cache-control: no-cache

12:23:24.991 [AsyncHttpClient-1-9] DEBUG org.asynchttpclient.netty.channel.ChannelManager - Adding key: http://localhost:35960 for channel [id: 0x8e2dea5f, L:/127.0.0.1:64755 - R:localhost/127.0.0.1:35960]
2023-06-09 12:23:24 INFO  BaseTest:104 - Test driver set up done successfully**********
2023-06-09 12:23:24 INFO  BaseTest:122 - Logging in to portal
12:23:24.993 [Forwarding findElement on session d0d2326b2bb6ba6e0097d3cdaca4668d to remote] DEBUG org.asynchttpclient.netty.request.NettyRequestSender - Using pooled Channel '[id: 0x8e2dea5f, L:/127.0.0.1:64755 - R:localhost/127.0.0.1:35960]' for 'POST' to 'http://localhost:35960/session/d0d2326b2bb6ba6e0097d3cdaca4668d/element'
12:23:24.993 [Forwarding findElement on session d0d2326b2bb6ba6e0097d3cdaca4668d to remote] DEBUG org.asynchttpclient.netty.request.NettyRequestSender - Using open Channel [id: 0x8e2dea5f, L:/127.0.0.1:64755 - R:localhost/127.0.0.1:35960] for POST '/session/d0d2326b2bb6ba6e0097d3cdaca4668d/element'
12:23:25.005 [AsyncHttpClient-1-9] DEBUG org.asynchttpclient.netty.handler.HttpHandler - 

Request DefaultHttpRequest(decodeResult: success, version: HTTP/1.1)
POST /session/d0d2326b2bb6ba6e0097d3cdaca4668d/element HTTP/1.1
User-Agent: selenium/4.8.3 (java windows)
Content-Length: 59
Content-Type: application/json; charset=utf-8
host: localhost:35960
accept: */*

Response DefaultHttpResponse(decodeResult: success, version: HTTP/1.1)
HTTP/1.1 200 OK
Content-Length: 95
Content-Type: application/json; charset=utf-8
cache-control: no-cache

12:23:25.005 [AsyncHttpClient-1-9] DEBUG org.asynchttpclient.netty.channel.ChannelManager - Adding key: http://localhost:35960 for channel [id: 0x8e2dea5f, L:/127.0.0.1:64755 - R:localhost/127.0.0.1:35960]
12:23:25.007 [Forwarding clearElement on session d0d2326b2bb6ba6e0097d3cdaca4668d to remote] DEBUG org.asynchttpclient.netty.request.NettyRequestSender - Using pooled Channel '[id: 0x8e2dea5f, L:/127.0.0.1:64755 - R:localhost/127.0.0.1:35960]' for 'POST' to 'http://localhost:35960/session/d0d2326b2bb6ba6e0097d3cdaca4668d/element/A334CAE5408C508F537AF6E13068C595_element_30/clear'
12:23:25.007 [Forwarding clearElement on session d0d2326b2bb6ba6e0097d3cdaca4668d to remote] DEBUG org.asynchttpclient.netty.request.NettyRequestSender - Using open Channel [id: 0x8e2dea5f, L:/127.0.0.1:64755 - R:localhost/127.0.0.1:35960] for POST '/session/d0d2326b2bb6ba6e0097d3cdaca4668d/element/A334CAE5408C508F537AF6E13068C595_element_30/clear'
12:23:25.042 [AsyncHttpClient-1-9] DEBUG org.asynchttpclient.netty.handler.HttpHandler - 

Request DefaultHttpRequest(decodeResult: success, version: HTTP/1.1)
POST /session/d0d2326b2bb6ba6e0097d3cdaca4668d/element/A334CAE5408C508F537AF6E13068C595_element_30/clear HTTP/1.1
User-Agent: selenium/4.8.3 (java windows)
Content-Length: 57
Content-Type: application/json; charset=utf-8
host: localhost:35960
accept: */*

Response DefaultHttpResponse(decodeResult: success, version: HTTP/1.1)
HTTP/1.1 200 OK
Content-Length: 14
Content-Type: application/json; charset=utf-8
cache-control: no-cache

12:23:25.042 [AsyncHttpClient-1-9] DEBUG org.asynchttpclient.netty.channel.ChannelManager - Adding key: http://localhost:35960 for channel [id: 0x8e2dea5f, L:/127.0.0.1:64755 - R:localhost/127.0.0.1:35960]
12:23:25.042 [Forwarding findElement on session d0d2326b2bb6ba6e0097d3cdaca4668d to remote] DEBUG org.asynchttpclient.netty.request.NettyRequestSender - Using pooled Channel '[id: 0x8e2dea5f, L:/127.0.0.1:64755 - R:localhost/127.0.0.1:35960]' for 'POST' to 'http://localhost:35960/session/d0d2326b2bb6ba6e0097d3cdaca4668d/element'
12:23:25.042 [Forwarding findElement on session d0d2326b2bb6ba6e0097d3cdaca4668d to remote] DEBUG org.asynchttpclient.netty.request.NettyRequestSender - Using open Channel [id: 0x8e2dea5f, L:/127.0.0.1:64755 - R:localhost/127.0.0.1:35960] for POST '/session/d0d2326b2bb6ba6e0097d3cdaca4668d/element'
12:23:25.049 [AsyncHttpClient-1-9] DEBUG org.asynchttpclient.netty.handler.HttpHandler - 

Request DefaultHttpRequest(decodeResult: success, version: HTTP/1.1)
POST /session/d0d2326b2bb6ba6e0097d3cdaca4668d/element HTTP/1.1
User-Agent: selenium/4.8.3 (java windows)
Content-Length: 59
Content-Type: application/json; charset=utf-8
host: localhost:35960
accept: */*

Response DefaultHttpResponse(decodeResult: success, version: HTTP/1.1)
HTTP/1.1 200 OK
Content-Length: 95
Content-Type: application/json; charset=utf-8
cache-control: no-cache

12:23:25.049 [AsyncHttpClient-1-9] DEBUG org.asynchttpclient.netty.channel.ChannelManager - Adding key: http://localhost:35960 for channel [id: 0x8e2dea5f, L:/127.0.0.1:64755 - R:localhost/127.0.0.1:35960]
12:23:25.050 [Forwarding sendKeysToElement on session d0d2326b2bb6ba6e0097d3cdaca4668d to remote] DEBUG org.asynchttpclient.netty.request.NettyRequestSender - Using pooled Channel '[id: 0x8e2dea5f, L:/127.0.0.1:64755 - R:localhost/127.0.0.1:35960]' for 'POST' to 'http://localhost:35960/session/d0d2326b2bb6ba6e0097d3cdaca4668d/element/A334CAE5408C508F537AF6E13068C595_element_30/value'
12:23:25.050 [Forwarding sendKeysToElement on session d0d2326b2bb6ba6e0097d3cdaca4668d to remote] DEBUG org.asynchttpclient.netty.request.NettyRequestSender - Using open Channel [id: 0x8e2dea5f, L:/127.0.0.1:64755 - R:localhost/127.0.0.1:35960] for POST '/session/d0d2326b2bb6ba6e0097d3cdaca4668d/element/A334CAE5408C508F537AF6E13068C595_element_30/value'
12:23:25.162 [AsyncHttpClient-1-9] DEBUG org.asynchttpclient.netty.handler.HttpHandler - 

Request DefaultHttpRequest(decodeResult: success, version: HTTP/1.1)
POST /session/d0d2326b2bb6ba6e0097d3cdaca4668d/element/A334CAE5408C508F537AF6E13068C595_element_30/value HTTP/1.1
User-Agent: selenium/4.8.3 (java windows)
Content-Length: 188
Content-Type: application/json; charset=utf-8
host: localhost:35960
accept: */*

Response DefaultHttpResponse(decodeResult: success, version: HTTP/1.1)
HTTP/1.1 200 OK
Content-Length: 14
Content-Type: application/json; charset=utf-8
cache-control: no-cache

12:23:25.162 [AsyncHttpClient-1-9] DEBUG org.asynchttpclient.netty.channel.ChannelManager - Adding key: http://localhost:35960 for channel [id: 0x8e2dea5f, L:/127.0.0.1:64755 - R:localhost/127.0.0.1:35960]
12:23:25.163 [Forwarding findElement on session d0d2326b2bb6ba6e0097d3cdaca4668d to remote] DEBUG org.asynchttpclient.netty.request.NettyRequestSender - Using pooled Channel '[id: 0x8e2dea5f, L:/127.0.0.1:64755 - R:localhost/127.0.0.1:35960]' for 'POST' to 'http://localhost:35960/session/d0d2326b2bb6ba6e0097d3cdaca4668d/element'
12:23:25.163 [Forwarding findElement on session d0d2326b2bb6ba6e0097d3cdaca4668d to remote] DEBUG org.asynchttpclient.netty.request.NettyRequestSender - Using open Channel [id: 0x8e2dea5f, L:/127.0.0.1:64755 - R:localhost/127.0.0.1:35960] for POST '/session/d0d2326b2bb6ba6e0097d3cdaca4668d/element'
12:23:25.185 [AsyncHttpClient-1-9] DEBUG org.asynchttpclient.netty.handler.HttpHandler - 

Request DefaultHttpRequest(decodeResult: success, version: HTTP/1.1)
POST /session/d0d2326b2bb6ba6e0097d3cdaca4668d/element HTTP/1.1
User-Agent: selenium/4.8.3 (java windows)
Content-Length: 62
Content-Type: application/json; charset=utf-8
host: localhost:35960
accept: */*

Response DefaultHttpResponse(decodeResult: success, version: HTTP/1.1)
HTTP/1.1 200 OK
Content-Length: 95
Content-Type: application/json; charset=utf-8
cache-control: no-cache

12:23:25.185 [AsyncHttpClient-1-9] DEBUG org.asynchttpclient.netty.channel.ChannelManager - Adding key: http://localhost:35960 for channel [id: 0x8e2dea5f, L:/127.0.0.1:64755 - R:localhost/127.0.0.1:35960]
12:23:25.186 [Forwarding clearElement on session d0d2326b2bb6ba6e0097d3cdaca4668d to remote] DEBUG org.asynchttpclient.netty.request.NettyRequestSender - Using pooled Channel '[id: 0x8e2dea5f, L:/127.0.0.1:64755 - R:localhost/127.0.0.1:35960]' for 'POST' to 'http://localhost:35960/session/d0d2326b2bb6ba6e0097d3cdaca4668d/element/A334CAE5408C508F537AF6E13068C595_element_32/clear'
12:23:25.186 [Forwarding clearElement on session d0d2326b2bb6ba6e0097d3cdaca4668d to remote] DEBUG org.asynchttpclient.netty.request.NettyRequestSender - Using open Channel [id: 0x8e2dea5f, L:/127.0.0.1:64755 - R:localhost/127.0.0.1:35960] for POST '/session/d0d2326b2bb6ba6e0097d3cdaca4668d/element/A334CAE5408C508F537AF6E13068C595_element_32/clear'
12:23:25.210 [AsyncHttpClient-1-9] DEBUG org.asynchttpclient.netty.handler.HttpHandler - 

Request DefaultHttpRequest(decodeResult: success, version: HTTP/1.1)
POST /session/d0d2326b2bb6ba6e0097d3cdaca4668d/element/A334CAE5408C508F537AF6E13068C595_element_32/clear HTTP/1.1
User-Agent: selenium/4.8.3 (java windows)
Content-Length: 57
Content-Type: application/json; charset=utf-8
host: localhost:35960
accept: */*

Response DefaultHttpResponse(decodeResult: success, version: HTTP/1.1)
HTTP/1.1 200 OK
Content-Length: 14
Content-Type: application/json; charset=utf-8
cache-control: no-cache

12:23:25.211 [AsyncHttpClient-1-9] DEBUG org.asynchttpclient.netty.channel.ChannelManager - Adding key: http://localhost:35960 for channel [id: 0x8e2dea5f, L:/127.0.0.1:64755 - R:localhost/127.0.0.1:35960]
12:23:25.211 [Forwarding findElement on session d0d2326b2bb6ba6e0097d3cdaca4668d to remote] DEBUG org.asynchttpclient.netty.request.NettyRequestSender - Using pooled Channel '[id: 0x8e2dea5f, L:/127.0.0.1:64755 - R:localhost/127.0.0.1:35960]' for 'POST' to 'http://localhost:35960/session/d0d2326b2bb6ba6e0097d3cdaca4668d/element'
12:23:25.211 [Forwarding findElement on session d0d2326b2bb6ba6e0097d3cdaca4668d to remote] DEBUG org.asynchttpclient.netty.request.NettyRequestSender - Using open Channel [id: 0x8e2dea5f, L:/127.0.0.1:64755 - R:localhost/127.0.0.1:35960] for POST '/session/d0d2326b2bb6ba6e0097d3cdaca4668d/element'
12:23:25.218 [AsyncHttpClient-1-9] DEBUG org.asynchttpclient.netty.handler.HttpHandler - 

Request DefaultHttpRequest(decodeResult: success, version: HTTP/1.1)
POST /session/d0d2326b2bb6ba6e0097d3cdaca4668d/element HTTP/1.1
User-Agent: selenium/4.8.3 (java windows)
Content-Length: 62
Content-Type: application/json; charset=utf-8
host: localhost:35960
accept: */*

Response DefaultHttpResponse(decodeResult: success, version: HTTP/1.1)
HTTP/1.1 200 OK
Content-Length: 95
Content-Type: application/json; charset=utf-8
cache-control: no-cache

12:23:25.218 [AsyncHttpClient-1-9] DEBUG org.asynchttpclient.netty.channel.ChannelManager - Adding key: http://localhost:35960 for channel [id: 0x8e2dea5f, L:/127.0.0.1:64755 - R:localhost/127.0.0.1:35960]
12:23:25.219 [Forwarding sendKeysToElement on session d0d2326b2bb6ba6e0097d3cdaca4668d to remote] DEBUG org.asynchttpclient.netty.request.NettyRequestSender - Using pooled Channel '[id: 0x8e2dea5f, L:/127.0.0.1:64755 - R:localhost/127.0.0.1:35960]' for 'POST' to 'http://localhost:35960/session/d0d2326b2bb6ba6e0097d3cdaca4668d/element/A334CAE5408C508F537AF6E13068C595_element_32/value'
12:23:25.220 [Forwarding sendKeysToElement on session d0d2326b2bb6ba6e0097d3cdaca4668d to remote] DEBUG org.asynchttpclient.netty.request.NettyRequestSender - Using open Channel [id: 0x8e2dea5f, L:/127.0.0.1:64755 - R:localhost/127.0.0.1:35960] for POST '/session/d0d2326b2bb6ba6e0097d3cdaca4668d/element/A334CAE5408C508F537AF6E13068C595_element_32/value'
12:23:25.284 [AsyncHttpClient-1-9] DEBUG org.asynchttpclient.netty.handler.HttpHandler - 

Request DefaultHttpRequest(decodeResult: success, version: HTTP/1.1)
POST /session/d0d2326b2bb6ba6e0097d3cdaca4668d/element/A334CAE5408C508F537AF6E13068C595_element_32/value HTTP/1.1
User-Agent: selenium/4.8.3 (java windows)
Content-Length: 148
Content-Type: application/json; charset=utf-8
host: localhost:35960
accept: */*

Response DefaultHttpResponse(decodeResult: success, version: HTTP/1.1)
HTTP/1.1 200 OK
Content-Length: 14
Content-Type: application/json; charset=utf-8
cache-control: no-cache

12:23:25.284 [AsyncHttpClient-1-9] DEBUG org.asynchttpclient.netty.channel.ChannelManager - Adding key: http://localhost:35960 for channel [id: 0x8e2dea5f, L:/127.0.0.1:64755 - R:localhost/127.0.0.1:35960]
12:23:25.285 [Forwarding findElement on session d0d2326b2bb6ba6e0097d3cdaca4668d to remote] DEBUG org.asynchttpclient.netty.request.NettyRequestSender - Using pooled Channel '[id: 0x8e2dea5f, L:/127.0.0.1:64755 - R:localhost/127.0.0.1:35960]' for 'POST' to 'http://localhost:35960/session/d0d2326b2bb6ba6e0097d3cdaca4668d/element'
12:23:25.285 [Forwarding findElement on session d0d2326b2bb6ba6e0097d3cdaca4668d to remote] DEBUG org.asynchttpclient.netty.request.NettyRequestSender - Using open Channel [id: 0x8e2dea5f, L:/127.0.0.1:64755 - R:localhost/127.0.0.1:35960] for POST '/session/d0d2326b2bb6ba6e0097d3cdaca4668d/element'
12:23:25.296 [AsyncHttpClient-1-9] DEBUG org.asynchttpclient.netty.handler.HttpHandler - 

Request DefaultHttpRequest(decodeResult: success, version: HTTP/1.1)
POST /session/d0d2326b2bb6ba6e0097d3cdaca4668d/element HTTP/1.1
User-Agent: selenium/4.8.3 (java windows)
Content-Length: 71
Content-Type: application/json; charset=utf-8
host: localhost:35960
accept: */*

Response DefaultHttpResponse(decodeResult: success, version: HTTP/1.1)
HTTP/1.1 200 OK
Content-Length: 95
Content-Type: application/json; charset=utf-8
cache-control: no-cache

12:23:25.296 [AsyncHttpClient-1-9] DEBUG org.asynchttpclient.netty.channel.ChannelManager - Adding key: http://localhost:35960 for channel [id: 0x8e2dea5f, L:/127.0.0.1:64755 - R:localhost/127.0.0.1:35960]
12:23:25.297 [Forwarding clickElement on session d0d2326b2bb6ba6e0097d3cdaca4668d to remote] DEBUG org.asynchttpclient.netty.request.NettyRequestSender - Using pooled Channel '[id: 0x8e2dea5f, L:/127.0.0.1:64755 - R:localhost/127.0.0.1:35960]' for 'POST' to 'http://localhost:35960/session/d0d2326b2bb6ba6e0097d3cdaca4668d/element/A334CAE5408C508F537AF6E13068C595_element_33/click'
12:23:25.298 [Forwarding clickElement on session d0d2326b2bb6ba6e0097d3cdaca4668d to remote] DEBUG org.asynchttpclient.netty.request.NettyRequestSender - Using open Channel [id: 0x8e2dea5f, L:/127.0.0.1:64755 - R:localhost/127.0.0.1:35960] for POST '/session/d0d2326b2bb6ba6e0097d3cdaca4668d/element/A334CAE5408C508F537AF6E13068C595_element_33/click'
12:23:25.336 [AsyncHttpClient-1-9] DEBUG org.asynchttpclient.netty.handler.HttpHandler - 

Request DefaultHttpRequest(decodeResult: success, version: HTTP/1.1)
POST /session/d0d2326b2bb6ba6e0097d3cdaca4668d/element/A334CAE5408C508F537AF6E13068C595_element_33/click HTTP/1.1
User-Agent: selenium/4.8.3 (java windows)
Content-Length: 57
Content-Type: application/json; charset=utf-8
host: localhost:35960
accept: */*

Response DefaultHttpResponse(decodeResult: success, version: HTTP/1.1)
HTTP/1.1 200 OK
Content-Length: 14
Content-Type: application/json; charset=utf-8
cache-control: no-cache

12:23:25.337 [AsyncHttpClient-1-9] DEBUG org.asynchttpclient.netty.channel.ChannelManager - Adding key: http://localhost:35960 for channel [id: 0x8e2dea5f, L:/127.0.0.1:64755 - R:localhost/127.0.0.1:35960]
2023-06-09 12:23:25 INFO  BaseTest:126 - Logged in
12:23:25.338 [rp-io-58] DEBUG com.epam.reportportal.service.Launch - Starting test item...rp-io-58
2023-06-09 12:23:25 INFO  Listeners:34 - Started Test null
12:23:25.339 [Forwarding findElement on session d0d2326b2bb6ba6e0097d3cdaca4668d to remote] DEBUG org.asynchttpclient.netty.request.NettyRequestSender - Using pooled Channel '[id: 0x8e2dea5f, L:/127.0.0.1:64755 - R:localhost/127.0.0.1:35960]' for 'POST' to 'http://localhost:35960/session/d0d2326b2bb6ba6e0097d3cdaca4668d/element'
12:23:25.339 [Forwarding findElement on session d0d2326b2bb6ba6e0097d3cdaca4668d to remote] DEBUG org.asynchttpclient.netty.request.NettyRequestSender - Using open Channel [id: 0x8e2dea5f, L:/127.0.0.1:64755 - R:localhost/127.0.0.1:35960] for POST '/session/d0d2326b2bb6ba6e0097d3cdaca4668d/element'
12:23:25.365 [rp-io-58] DEBUG com.epam.reportportal.service.Launch - ReportPortal item with ID '74b9d3da-366f-42c7-8ea1-ee0b340bfe1a' has been created
12:23:25.365 [rp-io-58] DEBUG com.epam.reportportal.utils.SubscriptionUtils - Start test item successfully completed
12:23:25.368 [rp-io-62] DEBUG com.epam.reportportal.service.Launch - TestItem with ID = 'fb43f38c-290c-4e06-b1cd-8c8b15a78e44' successfully finished.
12:23:25.368 [rp-io-62] DEBUG com.epam.reportportal.utils.SubscriptionUtils - Finish test item completed
12:23:25.439 [AsyncHttpClient-1-1] DEBUG org.asynchttpclient.netty.channel.DefaultChannelPool - Entry count for : http://localhost:64756 : 1
12:23:25.716 [AsyncHttpClient-1-9] DEBUG org.asynchttpclient.netty.handler.HttpHandler - 

Request DefaultHttpRequest(decodeResult: success, version: HTTP/1.1)
POST /session/d0d2326b2bb6ba6e0097d3cdaca4668d/element HTTP/1.1
User-Agent: selenium/4.8.3 (java windows)
Content-Length: 168
Content-Type: application/json; charset=utf-8
host: localhost:35960
accept: */*

Response DefaultHttpResponse(decodeResult: success, version: HTTP/1.1)
HTTP/1.1 200 OK
Content-Length: 95
Content-Type: application/json; charset=utf-8
cache-control: no-cache

12:23:25.716 [AsyncHttpClient-1-9] DEBUG org.asynchttpclient.netty.channel.ChannelManager - Adding key: http://localhost:35960 for channel [id: 0x8e2dea5f, L:/127.0.0.1:64755 - R:localhost/127.0.0.1:35960]
12:23:25.717 [Forwarding clickElement on session d0d2326b2bb6ba6e0097d3cdaca4668d to remote] DEBUG org.asynchttpclient.netty.request.NettyRequestSender - Using pooled Channel '[id: 0x8e2dea5f, L:/127.0.0.1:64755 - R:localhost/127.0.0.1:35960]' for 'POST' to 'http://localhost:35960/session/d0d2326b2bb6ba6e0097d3cdaca4668d/element/A334CAE5408C508F537AF6E13068C595_element_48/click'
12:23:25.717 [Forwarding clickElement on session d0d2326b2bb6ba6e0097d3cdaca4668d to remote] DEBUG org.asynchttpclient.netty.request.NettyRequestSender - Using open Channel [id: 0x8e2dea5f, L:/127.0.0.1:64755 - R:localhost/127.0.0.1:35960] for POST '/session/d0d2326b2bb6ba6e0097d3cdaca4668d/element/A334CAE5408C508F537AF6E13068C595_element_48/click'
12:23:25.896 [AsyncHttpClient-1-9] DEBUG org.asynchttpclient.netty.handler.HttpHandler - 

Request DefaultHttpRequest(decodeResult: success, version: HTTP/1.1)
POST /session/d0d2326b2bb6ba6e0097d3cdaca4668d/element/A334CAE5408C508F537AF6E13068C595_element_48/click HTTP/1.1
User-Agent: selenium/4.8.3 (java windows)
Content-Length: 57
Content-Type: application/json; charset=utf-8
host: localhost:35960
accept: */*

Response DefaultHttpResponse(decodeResult: success, version: HTTP/1.1)
HTTP/1.1 200 OK
Content-Length: 14
Content-Type: application/json; charset=utf-8
cache-control: no-cache

12:23:25.897 [AsyncHttpClient-1-9] DEBUG org.asynchttpclient.netty.channel.ChannelManager - Adding key: http://localhost:35960 for channel [id: 0x8e2dea5f, L:/127.0.0.1:64755 - R:localhost/127.0.0.1:35960]
12:23:25.898 [Forwarding findElement on session d0d2326b2bb6ba6e0097d3cdaca4668d to remote] DEBUG org.asynchttpclient.netty.request.NettyRequestSender - Using pooled Channel '[id: 0x8e2dea5f, L:/127.0.0.1:64755 - R:localhost/127.0.0.1:35960]' for 'POST' to 'http://localhost:35960/session/d0d2326b2bb6ba6e0097d3cdaca4668d/element'
12:23:25.898 [Forwarding findElement on session d0d2326b2bb6ba6e0097d3cdaca4668d to remote] DEBUG org.asynchttpclient.netty.request.NettyRequestSender - Using open Channel [id: 0x8e2dea5f, L:/127.0.0.1:64755 - R:localhost/127.0.0.1:35960] for POST '/session/d0d2326b2bb6ba6e0097d3cdaca4668d/element'
12:23:26.538 [AsyncHttpClient-1-1] DEBUG org.asynchttpclient.netty.channel.DefaultChannelPool - Entry count for : http://localhost:64756 : 1
12:23:27.639 [AsyncHttpClient-1-1] DEBUG org.asynchttpclient.netty.channel.DefaultChannelPool - Entry count for : http://localhost:64756 : 1
12:23:28.739 [AsyncHttpClient-1-1] DEBUG org.asynchttpclient.netty.channel.DefaultChannelPool - Entry count for : http://localhost:64756 : 1
12:23:29.838 [AsyncHttpClient-1-1] DEBUG org.asynchttpclient.netty.channel.DefaultChannelPool - Entry count for : http://localhost:64756 : 1
12:23:30.269 [AsyncHttpClient-1-9] DEBUG org.asynchttpclient.netty.handler.HttpHandler - 

Request DefaultHttpRequest(decodeResult: success, version: HTTP/1.1)
POST /session/d0d2326b2bb6ba6e0097d3cdaca4668d/element HTTP/1.1
User-Agent: selenium/4.8.3 (java windows)
Content-Length: 83
Content-Type: application/json; charset=utf-8
host: localhost:35960
accept: */*

Response DefaultHttpResponse(decodeResult: success, version: HTTP/1.1)
HTTP/1.1 404 Not Found
Content-Length: 973
Content-Type: application/json; charset=utf-8
cache-control: no-cache

12:23:30.269 [AsyncHttpClient-1-9] DEBUG org.asynchttpclient.netty.channel.ChannelManager - Adding key: http://localhost:35960 for channel [id: 0x8e2dea5f, L:/127.0.0.1:64755 - R:localhost/127.0.0.1:35960]
2023-06-09 12:23:30 INFO  Listeners:55 - Skipped test null
12:23:30.271 [main] ERROR com.epam.reportportal.service.Launch - Item io.reactivex.internal.operators.maybe.MaybeCache@5e8f0c54 not found in the cache
]]></system-out>
    <system-err><![CDATA[Starting ChromeDriver 114.0.5735.90 (386bc09e8f4f2e025eddae123f36f6263096ae49-refs/branch-heads/5735@{#1052}) on port 35960
Only local connections are allowed.
Please see https://chromedriver.chromium.org/security-considerations for suggestions on keeping ChromeDriver safe.
ChromeDriver was started successfully.
Jun 09, 2023 12:23:23 PM org.openqa.selenium.devtools.CdpVersionFinder findNearestMatch
WARNING: Unable to find an exact match for CDP version 114, so returning the closest version found: 111
]]></system-err>
  </testcase>
  <testcase name="searchDashboardNameDP[MOST FAILED TEST CASES](15)" classname="alltests.uitest.coreTest.DashboardPageTest" time="4.845">
    <failure message="no such element: Unable to locate element: {&quot;method&quot;:&quot;xpath&quot;,&quot;selector&quot;:&quot;//*[text()=&apos;MOST FAILED TEST CASES&apos;]&quot;}&#10;  (Session info: chrome=114.0.5735.110)&#10;For documentation on this error, please visit: https://selenium.dev/exceptions/#no_such_element&#10;Build info: version: &apos;4.8.3&apos;, revision: &apos;e5e76298c3&apos;&#10;System info: os.name: &apos;Windows 10&apos;, os.arch: &apos;amd64&apos;, os.version: &apos;10.0&apos;, java.version: &apos;17.0.3.1&apos;&#10;Driver info: org.openqa.selenium.chrome.ChromeDriver&#10;Command: [ecd005098c0f00d9cccaf777be5f5321, findElement {using=xpath, value=//*[text()=&apos;MOST FAILED TEST CASES&apos;]}]&#10;Capabilities {acceptInsecureCerts: false, browserName: chrome, browserVersion: 114.0.5735.110, chrome: {chromedriverVersion: 114.0.5735.90 (386bc09e8f4f..., userDataDir: C:\Users\SUWARN~1\AppData\L...}, goog:chromeOptions: {debuggerAddress: localhost:64797}, networkConnectionEnabled: false, pageLoadStrategy: normal, platformName: WINDOWS, proxy: Proxy(), se:cdp: ws://localhost:64797/devtoo..., se:cdpVersion: 114.0.5735.110, setWindowRect: true, strictFileInteractability: false, timeouts: {implicit: 0, pageLoad: 300000, script: 30000}, unhandledPromptBehavior: dismiss and notify, webauthn:extension:credBlob: true, webauthn:extension:largeBlob: true, webauthn:extension:minPinLength: true, webauthn:extension:prf: true, webauthn:virtualAuthenticators: true}&#10;Session ID: ecd005098c0f00d9cccaf777be5f5321" type="org.openqa.selenium.NoSuchElementException"><![CDATA[org.openqa.selenium.NoSuchElementException: 
no such element: Unable to locate element: {"method":"xpath","selector":"//*[text()='MOST FAILED TEST CASES']"}
  (Session info: chrome=114.0.5735.110)
For documentation on this error, please visit: https://selenium.dev/exceptions/#no_such_element
Build info: version: '4.8.3', revision: 'e5e76298c3'
System info: os.name: 'Windows 10', os.arch: 'amd64', os.version: '10.0', java.version: '17.0.3.1'
Driver info: org.openqa.selenium.chrome.ChromeDriver
Command: [ecd005098c0f00d9cccaf777be5f5321, findElement {using=xpath, value=//*[text()='MOST FAILED TEST CASES']}]
Capabilities {acceptInsecureCerts: false, browserName: chrome, browserVersion: 114.0.5735.110, chrome: {chromedriverVersion: 114.0.5735.90 (386bc09e8f4f..., userDataDir: C:\Users\SUWARN~1\AppData\L...}, goog:chromeOptions: {debuggerAddress: localhost:64797}, networkConnectionEnabled: false, pageLoadStrategy: normal, platformName: WINDOWS, proxy: Proxy(), se:cdp: ws://localhost:64797/devtoo..., se:cdpVersion: 114.0.5735.110, setWindowRect: true, strictFileInteractability: false, timeouts: {implicit: 0, pageLoad: 300000, script: 30000}, unhandledPromptBehavior: dismiss and notify, webauthn:extension:credBlob: true, webauthn:extension:largeBlob: true, webauthn:extension:minPinLength: true, webauthn:extension:prf: true, webauthn:virtualAuthenticators: true}
Session ID: ecd005098c0f00d9cccaf777be5f5321
	at java.base/jdk.internal.reflect.NativeConstructorAccessorImpl.newInstance0(Native Method)
	at java.base/jdk.internal.reflect.NativeConstructorAccessorImpl.newInstance(NativeConstructorAccessorImpl.java:77)
	at java.base/jdk.internal.reflect.DelegatingConstructorAccessorImpl.newInstance(DelegatingConstructorAccessorImpl.java:45)
	at java.base/java.lang.reflect.Constructor.newInstanceWithCaller(Constructor.java:499)
	at java.base/java.lang.reflect.Constructor.newInstance(Constructor.java:480)
	at org.openqa.selenium.remote.codec.w3c.W3CHttpResponseCodec.createException(W3CHttpResponseCodec.java:200)
	at org.openqa.selenium.remote.codec.w3c.W3CHttpResponseCodec.decode(W3CHttpResponseCodec.java:133)
	at org.openqa.selenium.remote.codec.w3c.W3CHttpResponseCodec.decode(W3CHttpResponseCodec.java:53)
	at org.openqa.selenium.remote.HttpCommandExecutor.execute(HttpCommandExecutor.java:193)
	at org.openqa.selenium.remote.service.DriverCommandExecutor.invokeExecute(DriverCommandExecutor.java:183)
	at org.openqa.selenium.remote.service.DriverCommandExecutor.execute(DriverCommandExecutor.java:158)
	at org.openqa.selenium.remote.RemoteWebDriver.execute(RemoteWebDriver.java:543)
	at org.openqa.selenium.remote.ElementLocation$ElementFinder$2.findElement(ElementLocation.java:162)
	at org.openqa.selenium.remote.ElementLocation.findElement(ElementLocation.java:60)
	at org.openqa.selenium.remote.RemoteWebDriver.findElement(RemoteWebDriver.java:352)
	at org.openqa.selenium.remote.RemoteWebDriver.findElement(RemoteWebDriver.java:344)
	at pageobject.DemoDashboard.verifyNamesOfWidgetPresetOnDemoDashboard(DemoDashboard.java:31)
	at alltests.uitest.coreTest.DashboardPageTest.searchDashboardNameDP(DashboardPageTest.java:42)
	at java.base/jdk.internal.reflect.NativeMethodAccessorImpl.invoke0(Native Method)
	at java.base/jdk.internal.reflect.NativeMethodAccessorImpl.invoke(NativeMethodAccessorImpl.java:77)
	at java.base/jdk.internal.reflect.DelegatingMethodAccessorImpl.invoke(DelegatingMethodAccessorImpl.java:43)
	at java.base/java.lang.reflect.Method.invoke(Method.java:568)
	at org.testng.internal.invokers.MethodInvocationHelper.invokeMethod(MethodInvocationHelper.java:139)
	at org.testng.internal.invokers.TestInvoker.invokeMethod(TestInvoker.java:677)
	at org.testng.internal.invokers.TestInvoker.retryFailed(TestInvoker.java:263)
	at org.testng.internal.invokers.MethodRunner.runInSequence(MethodRunner.java:62)
	at org.testng.internal.invokers.TestInvoker$MethodInvocationAgent.invoke(TestInvoker.java:969)
	at org.testng.internal.invokers.TestInvoker.invokeTestMethods(TestInvoker.java:194)
	at org.testng.internal.invokers.TestMethodWorker.invokeTestMethods(TestMethodWorker.java:148)
	at org.testng.internal.invokers.TestMethodWorker.run(TestMethodWorker.java:128)
	at java.base/java.util.ArrayList.forEach(ArrayList.java:1511)
	at org.testng.TestRunner.privateRun(TestRunner.java:829)
	at org.testng.TestRunner.run(TestRunner.java:602)
	at org.testng.SuiteRunner.runTest(SuiteRunner.java:437)
	at org.testng.SuiteRunner.runSequentially(SuiteRunner.java:431)
	at org.testng.SuiteRunner.privateRun(SuiteRunner.java:391)
	at org.testng.SuiteRunner.run(SuiteRunner.java:330)
	at org.testng.SuiteRunnerWorker.runSuite(SuiteRunnerWorker.java:52)
	at org.testng.SuiteRunnerWorker.run(SuiteRunnerWorker.java:95)
	at org.testng.TestNG.runSuitesSequentially(TestNG.java:1256)
	at org.testng.TestNG.runSuitesLocally(TestNG.java:1176)
	at org.testng.TestNG.runSuites(TestNG.java:1099)
	at org.testng.TestNG.run(TestNG.java:1067)
	at org.apache.maven.surefire.testng.TestNGExecutor.run(TestNGExecutor.java:308)
	at org.apache.maven.surefire.testng.TestNGXmlTestSuite.execute(TestNGXmlTestSuite.java:71)
	at org.apache.maven.surefire.testng.TestNGProvider.invoke(TestNGProvider.java:113)
	at org.apache.maven.surefire.booter.ForkedBooter.runSuitesInProcess(ForkedBooter.java:385)
	at org.apache.maven.surefire.booter.ForkedBooter.execute(ForkedBooter.java:162)
	at org.apache.maven.surefire.booter.ForkedBooter.run(ForkedBooter.java:507)
	at org.apache.maven.surefire.booter.ForkedBooter.main(ForkedBooter.java:495)
]]></failure>
    <system-out><![CDATA[12:23:30.271 [rp-io-69] DEBUG com.epam.reportportal.service.Launch - Starting test item...rp-io-69
12:23:30.273 [AsyncHttpClient-1-11] DEBUG org.asynchttpclient.netty.handler.WebSocketHandler - Channel Closed: [id: 0x40e9e7d8, L:/127.0.0.1:64765 ! R:localhost/127.0.0.1:64756] with attribute NettyResponseFuture{currentRetry=0,
	isDone=1,
	isCancelled=0,
	asyncHandler=org.asynchttpclient.ws.WebSocketUpgradeHandler@81537b0,
	nettyRequest=org.asynchttpclient.netty.request.NettyRequest@3106c971,
	future=java.util.concurrent.CompletableFuture@d385349[Completed normally],
	uri=ws://localhost:64756/devtools/browser/01dcd9b7-368f-472d-bfbd-8c04a73c0072,
	keepAlive=true,
	redirectCount=0,
	timeoutsHolder=null,
	inAuth=0,
	touch=1686306203443}
12:23:30.273 [AsyncHttpClient-1-11] DEBUG org.asynchttpclient.netty.channel.ChannelManager - Closing Channel [id: 0x40e9e7d8, L:/127.0.0.1:64765 ! R:localhost/127.0.0.1:64756] 
12:23:30.274 [Driver Command Executor] DEBUG org.asynchttpclient.netty.request.NettyRequestSender - Using pooled Channel '[id: 0x8e2dea5f, L:/127.0.0.1:64755 - R:localhost/127.0.0.1:35960]' for 'DELETE' to 'http://localhost:35960/session/d0d2326b2bb6ba6e0097d3cdaca4668d'
12:23:30.274 [Driver Command Executor] DEBUG org.asynchttpclient.netty.request.NettyRequestSender - Using open Channel [id: 0x8e2dea5f, L:/127.0.0.1:64755 - R:localhost/127.0.0.1:35960] for DELETE '/session/d0d2326b2bb6ba6e0097d3cdaca4668d'
12:23:30.292 [rp-io-64] DEBUG com.epam.reportportal.service.Launch - TestItem with ID = '74b9d3da-366f-42c7-8ea1-ee0b340bfe1a' successfully finished.
12:23:30.292 [rp-io-64] DEBUG com.epam.reportportal.utils.SubscriptionUtils - Finish test item completed
12:23:30.298 [rp-io-70] DEBUG com.epam.reportportal.service.Launch - TestItem with ID = 'fb43f38c-290c-4e06-b1cd-8c8b15a78e44' successfully finished.
12:23:30.299 [rp-io-70] DEBUG com.epam.reportportal.utils.SubscriptionUtils - Finish test item completed
12:23:30.308 [rp-io-69] DEBUG com.epam.reportportal.service.Launch - ReportPortal item with ID '3eb903fc-9599-4437-a437-135e636b836d' has been created
12:23:30.308 [rp-io-69] DEBUG com.epam.reportportal.utils.SubscriptionUtils - Start test item successfully completed
12:23:30.356 [AsyncHttpClient-1-10] DEBUG org.asynchttpclient.netty.handler.HttpHandler - Unexpected I/O exception on channel [id: 0x7b699c60, L:/127.0.0.1:64764 - R:localhost/127.0.0.1:64756]
java.net.SocketException: Connection reset
	at java.base/sun.nio.ch.SocketChannelImpl.throwConnectionReset(SocketChannelImpl.java:394)
	at java.base/sun.nio.ch.SocketChannelImpl.read(SocketChannelImpl.java:426)
	at io.netty.buffer.PooledByteBuf.setBytes(PooledByteBuf.java:256)
	at io.netty.buffer.AbstractByteBuf.writeBytes(AbstractByteBuf.java:1132)
	at io.netty.channel.socket.nio.NioSocketChannel.doReadBytes(NioSocketChannel.java:357)
	at io.netty.channel.nio.AbstractNioByteChannel$NioByteUnsafe.read(AbstractNioByteChannel.java:151)
	at io.netty.channel.nio.NioEventLoop.processSelectedKey(NioEventLoop.java:788)
	at io.netty.channel.nio.NioEventLoop.processSelectedKeysOptimized(NioEventLoop.java:724)
	at io.netty.channel.nio.NioEventLoop.processSelectedKeys(NioEventLoop.java:650)
	at io.netty.channel.nio.NioEventLoop.run(NioEventLoop.java:562)
	at io.netty.util.concurrent.SingleThreadEventExecutor$4.run(SingleThreadEventExecutor.java:997)
	at io.netty.util.internal.ThreadExecutorMap$2.run(ThreadExecutorMap.java:74)
	at io.netty.util.concurrent.FastThreadLocalRunnable.run(FastThreadLocalRunnable.java:30)
	at java.base/java.lang.Thread.run(Thread.java:833)
12:23:30.356 [AsyncHttpClient-1-10] DEBUG org.asynchttpclient.netty.channel.ChannelManager - Closing Channel [id: 0x7b699c60, L:/127.0.0.1:64764 - R:localhost/127.0.0.1:64756] 
12:23:30.356 [AsyncHttpClient-1-10] DEBUG org.asynchttpclient.netty.handler.HttpHandler - Channel Closed: [id: 0x7b699c60, L:/127.0.0.1:64764 ! R:localhost/127.0.0.1:64756] with attribute DISCARD
12:23:30.373 [AsyncHttpClient-1-9] DEBUG org.asynchttpclient.netty.handler.HttpHandler - 

Request DefaultFullHttpRequest(decodeResult: success, version: HTTP/1.1, content: EmptyByteBufBE)
DELETE /session/d0d2326b2bb6ba6e0097d3cdaca4668d HTTP/1.1
User-Agent: selenium/4.8.3 (java windows)
Content-Type: application/json; charset=utf-8
host: localhost:35960
accept: */*

Response DefaultHttpResponse(decodeResult: success, version: HTTP/1.1)
HTTP/1.1 200 OK
Content-Length: 14
Content-Type: application/json; charset=utf-8
cache-control: no-cache

12:23:30.373 [AsyncHttpClient-1-9] DEBUG org.asynchttpclient.netty.channel.ChannelManager - Adding key: http://localhost:35960 for channel [id: 0x8e2dea5f, L:/127.0.0.1:64755 - R:localhost/127.0.0.1:35960]
12:23:30.424 [AsyncHttpClient-1-9] DEBUG org.asynchttpclient.netty.handler.HttpHandler - Channel Closed: [id: 0x8e2dea5f, L:/127.0.0.1:64755 ! R:localhost/127.0.0.1:35960] with attribute DISCARD
2023-06-09 12:23:30 INFO  BaseTest:83 - Test executed**********
12:23:30.477 [rp-io-76] DEBUG com.epam.reportportal.service.Launch - Starting test item...rp-io-76
2023-06-09 12:23:30 INFO  BaseTest:110 - Property files loaded successfully**********
12:23:30.486 [main] DEBUG io.github.bonigarcia.wdm.cache.ResolutionCache - Resolution chrome=114 in cache (valid until 13:14:48 09/06/2023 CEST)
12:23:30.486 [main] DEBUG io.github.bonigarcia.wdm.cache.ResolutionCache - Resolution chrome114=114.0.5735.90 in cache (valid until 12:14:48 10/06/2023 CEST)
12:23:30.486 [main] INFO io.github.bonigarcia.wdm.WebDriverManager - Using chromedriver 114.0.5735.90 (resolved driver for Chrome 114)
12:23:30.490 [rp-io-75] DEBUG com.epam.reportportal.service.Launch - TestItem with ID = '3eb903fc-9599-4437-a437-135e636b836d' successfully finished.
12:23:30.490 [rp-io-75] DEBUG com.epam.reportportal.utils.SubscriptionUtils - Finish test item completed
12:23:30.493 [main] DEBUG io.github.bonigarcia.wdm.WebDriverManager - Driver chromedriver 114.0.5735.90 found in cache
12:23:30.493 [main] INFO io.github.bonigarcia.wdm.WebDriverManager - Exporting webdriver.chrome.driver as C:\Users\Suwarna_Wagh\.cache\selenium\chromedriver\win32\114.0.5735.90\chromedriver.exe
12:23:30.498 [rp-io-79] DEBUG com.epam.reportportal.service.Launch - ReportPortal item with ID '0763566b-3a3d-4fcd-8495-b00d7a1bbdce' has been created
12:23:30.498 [rp-io-79] DEBUG com.epam.reportportal.utils.SubscriptionUtils - Start test item successfully completed
12:23:30.604 [AsyncHttpClient-1-12] DEBUG org.asynchttpclient.netty.channel.NettyConnectListener - Using new Channel '[id: 0xd886934f, L:/127.0.0.1:64796 - R:localhost/127.0.0.1:44833]' for 'POST' to '/session'
12:23:30.954 [AsyncHttpClient-1-1] DEBUG org.asynchttpclient.netty.channel.DefaultChannelPool - Entry count for : http://localhost:35960 : 1
12:23:30.955 [AsyncHttpClient-1-1] DEBUG org.asynchttpclient.netty.channel.DefaultChannelPool - Entry count for : http://localhost:64756 : 1
12:23:30.955 [AsyncHttpClient-1-1] DEBUG org.asynchttpclient.netty.channel.DefaultChannelPool - Adding Candidate expired Channel [id: 0x8e2dea5f, L:/127.0.0.1:64755 ! R:localhost/127.0.0.1:35960] isIdleTimeoutExpired=false isRemotelyClosed=true isTtlExpired=false
12:23:30.955 [AsyncHttpClient-1-1] DEBUG org.asynchttpclient.netty.channel.DefaultChannelPool - Closing Idle Channel [id: 0x8e2dea5f, L:/127.0.0.1:64755 ! R:localhost/127.0.0.1:35960]
12:23:30.955 [AsyncHttpClient-1-1] DEBUG org.asynchttpclient.netty.channel.DefaultChannelPool - Adding Candidate expired Channel [id: 0x7b699c60, L:/127.0.0.1:64764 ! R:localhost/127.0.0.1:64756] isIdleTimeoutExpired=false isRemotelyClosed=true isTtlExpired=false
12:23:30.955 [AsyncHttpClient-1-1] DEBUG org.asynchttpclient.netty.channel.DefaultChannelPool - Closing Idle Channel [id: 0x7b699c60, L:/127.0.0.1:64764 ! R:localhost/127.0.0.1:64756]
12:23:30.955 [AsyncHttpClient-1-1] DEBUG org.asynchttpclient.netty.channel.DefaultChannelPool - Closed 2 connections out of 2 in 0 ms
12:23:31.387 [AsyncHttpClient-1-12] DEBUG org.asynchttpclient.netty.handler.HttpHandler - 

Request DefaultHttpRequest(decodeResult: success, version: HTTP/1.1)
POST /session HTTP/1.1
User-Agent: selenium/4.8.3 (java windows)
Content-Length: 439
Content-Type: application/json; charset=utf-8
host: localhost:44833
accept: */*

Response DefaultHttpResponse(decodeResult: success, version: HTTP/1.1)
HTTP/1.1 200 OK
Content-Length: 864
Content-Type: application/json; charset=utf-8
cache-control: no-cache

12:23:31.387 [AsyncHttpClient-1-12] DEBUG org.asynchttpclient.netty.channel.ChannelManager - Adding key: http://localhost:44833 for channel [id: 0xd886934f, L:/127.0.0.1:64796 - R:localhost/127.0.0.1:44833]
12:23:31.394 [AsyncHttpClient-1-13] DEBUG org.asynchttpclient.netty.channel.NettyConnectListener - Using new Channel '[id: 0x9c78dfef, L:/127.0.0.1:64804 - R:localhost/127.0.0.1:64797]' for 'GET' to '/json/version'
12:23:31.395 [AsyncHttpClient-1-13] DEBUG org.asynchttpclient.netty.handler.HttpHandler - 

Request DefaultFullHttpRequest(decodeResult: success, version: HTTP/1.1, content: EmptyByteBufBE)
GET /json/version HTTP/1.1
User-Agent: selenium/4.8.3 (java windows)
host: localhost:64797
accept: */*

Response DefaultHttpResponse(decodeResult: success, version: HTTP/1.1)
HTTP/1.1 200 OK
Content-Security-Policy: frame-ancestors 'none'
Content-Length: 424
Content-Type: application/json; charset=UTF-8

12:23:31.395 [AsyncHttpClient-1-13] DEBUG org.asynchttpclient.netty.channel.ChannelManager - Adding key: http://localhost:64797 for channel [id: 0x9c78dfef, L:/127.0.0.1:64804 - R:localhost/127.0.0.1:64797]
12:23:31.396 [AsyncHttpClient-1-14] DEBUG org.asynchttpclient.netty.channel.NettyConnectListener - Using new Channel '[id: 0x11a7eeeb, L:/127.0.0.1:64805 - R:localhost/127.0.0.1:64797]' for 'GET' to '/devtools/browser/5838fc64-7e5b-4e36-88b1-91c8d1d90163'
12:23:31.397 [AsyncHttpClient-1-14] DEBUG org.asynchttpclient.netty.handler.WebSocketHandler - 

Request DefaultFullHttpRequest(decodeResult: success, version: HTTP/1.1, content: EmptyByteBufBE)
GET /devtools/browser/5838fc64-7e5b-4e36-88b1-91c8d1d90163 HTTP/1.1
upgrade: websocket
connection: upgrade
sec-websocket-key: 6x/Of/tZuOZrnbgUFi7Fyw==
sec-websocket-version: 13
origin: http://localhost:64797
host: localhost:64797
accept: */*
user-agent: AHC/2.1

Response DefaultHttpResponse(decodeResult: success, version: HTTP/1.1)
HTTP/1.1 101 WebSocket Protocol Handshake
Upgrade: WebSocket
Connection: Upgrade
Sec-WebSocket-Accept: dbyOMNK29Ac0kxnLEUoqCd9ydm8=

12:23:31.400 [Forwarding setTimeout on session ecd005098c0f00d9cccaf777be5f5321 to remote] DEBUG org.asynchttpclient.netty.request.NettyRequestSender - Using pooled Channel '[id: 0xd886934f, L:/127.0.0.1:64796 - R:localhost/127.0.0.1:44833]' for 'POST' to 'http://localhost:44833/session/ecd005098c0f00d9cccaf777be5f5321/timeouts'
12:23:31.400 [Forwarding setTimeout on session ecd005098c0f00d9cccaf777be5f5321 to remote] DEBUG org.asynchttpclient.netty.request.NettyRequestSender - Using open Channel [id: 0xd886934f, L:/127.0.0.1:64796 - R:localhost/127.0.0.1:44833] for POST '/session/ecd005098c0f00d9cccaf777be5f5321/timeouts'
12:23:31.401 [AsyncHttpClient-1-12] DEBUG org.asynchttpclient.netty.handler.HttpHandler - 

Request DefaultHttpRequest(decodeResult: success, version: HTTP/1.1)
POST /session/ecd005098c0f00d9cccaf777be5f5321/timeouts HTTP/1.1
User-Agent: selenium/4.8.3 (java windows)
Content-Length: 22
Content-Type: application/json; charset=utf-8
host: localhost:44833
accept: */*

Response DefaultHttpResponse(decodeResult: success, version: HTTP/1.1)
HTTP/1.1 200 OK
Content-Length: 14
Content-Type: application/json; charset=utf-8
cache-control: no-cache

12:23:31.401 [AsyncHttpClient-1-12] DEBUG org.asynchttpclient.netty.channel.ChannelManager - Adding key: http://localhost:44833 for channel [id: 0xd886934f, L:/127.0.0.1:64796 - R:localhost/127.0.0.1:44833]
12:23:31.402 [Forwarding maximizeCurrentWindow on session ecd005098c0f00d9cccaf777be5f5321 to remote] DEBUG org.asynchttpclient.netty.request.NettyRequestSender - Using pooled Channel '[id: 0xd886934f, L:/127.0.0.1:64796 - R:localhost/127.0.0.1:44833]' for 'POST' to 'http://localhost:44833/session/ecd005098c0f00d9cccaf777be5f5321/window/maximize'
12:23:31.402 [Forwarding maximizeCurrentWindow on session ecd005098c0f00d9cccaf777be5f5321 to remote] DEBUG org.asynchttpclient.netty.request.NettyRequestSender - Using open Channel [id: 0xd886934f, L:/127.0.0.1:64796 - R:localhost/127.0.0.1:44833] for POST '/session/ecd005098c0f00d9cccaf777be5f5321/window/maximize'
12:23:31.533 [AsyncHttpClient-1-12] DEBUG org.asynchttpclient.netty.handler.HttpHandler - 

Request DefaultHttpRequest(decodeResult: success, version: HTTP/1.1)
POST /session/ecd005098c0f00d9cccaf777be5f5321/window/maximize HTTP/1.1
User-Agent: selenium/4.8.3 (java windows)
Content-Length: 3
Content-Type: application/json; charset=utf-8
host: localhost:44833
accept: */*

Response DefaultHttpResponse(decodeResult: success, version: HTTP/1.1)
HTTP/1.1 200 OK
Content-Length: 51
Content-Type: application/json; charset=utf-8
cache-control: no-cache

12:23:31.533 [AsyncHttpClient-1-12] DEBUG org.asynchttpclient.netty.channel.ChannelManager - Adding key: http://localhost:44833 for channel [id: 0xd886934f, L:/127.0.0.1:64796 - R:localhost/127.0.0.1:44833]
12:23:31.533 [Forwarding get on session ecd005098c0f00d9cccaf777be5f5321 to remote] DEBUG org.asynchttpclient.netty.request.NettyRequestSender - Using pooled Channel '[id: 0xd886934f, L:/127.0.0.1:64796 - R:localhost/127.0.0.1:44833]' for 'POST' to 'http://localhost:44833/session/ecd005098c0f00d9cccaf777be5f5321/url'
12:23:31.533 [Forwarding get on session ecd005098c0f00d9cccaf777be5f5321 to remote] DEBUG org.asynchttpclient.netty.request.NettyRequestSender - Using open Channel [id: 0xd886934f, L:/127.0.0.1:64796 - R:localhost/127.0.0.1:44833] for POST '/session/ecd005098c0f00d9cccaf777be5f5321/url'
12:23:32.043 [AsyncHttpClient-1-1] DEBUG org.asynchttpclient.netty.channel.DefaultChannelPool - Entry count for : http://localhost:64797 : 1
12:23:32.693 [AsyncHttpClient-1-12] DEBUG org.asynchttpclient.netty.handler.HttpHandler - 

Request DefaultHttpRequest(decodeResult: success, version: HTTP/1.1)
POST /session/ecd005098c0f00d9cccaf777be5f5321/url HTTP/1.1
User-Agent: selenium/4.8.3 (java windows)
Content-Length: 52
Content-Type: application/json; charset=utf-8
host: localhost:44833
accept: */*

Response DefaultHttpResponse(decodeResult: success, version: HTTP/1.1)
HTTP/1.1 200 OK
Content-Length: 14
Content-Type: application/json; charset=utf-8
cache-control: no-cache

12:23:32.693 [AsyncHttpClient-1-12] DEBUG org.asynchttpclient.netty.channel.ChannelManager - Adding key: http://localhost:44833 for channel [id: 0xd886934f, L:/127.0.0.1:64796 - R:localhost/127.0.0.1:44833]
2023-06-09 12:23:32 INFO  BaseTest:104 - Test driver set up done successfully**********
2023-06-09 12:23:32 INFO  BaseTest:122 - Logging in to portal
12:23:32.695 [Forwarding findElement on session ecd005098c0f00d9cccaf777be5f5321 to remote] DEBUG org.asynchttpclient.netty.request.NettyRequestSender - Using pooled Channel '[id: 0xd886934f, L:/127.0.0.1:64796 - R:localhost/127.0.0.1:44833]' for 'POST' to 'http://localhost:44833/session/ecd005098c0f00d9cccaf777be5f5321/element'
12:23:32.695 [Forwarding findElement on session ecd005098c0f00d9cccaf777be5f5321 to remote] DEBUG org.asynchttpclient.netty.request.NettyRequestSender - Using open Channel [id: 0xd886934f, L:/127.0.0.1:64796 - R:localhost/127.0.0.1:44833] for POST '/session/ecd005098c0f00d9cccaf777be5f5321/element'
12:23:32.708 [AsyncHttpClient-1-12] DEBUG org.asynchttpclient.netty.handler.HttpHandler - 

Request DefaultHttpRequest(decodeResult: success, version: HTTP/1.1)
POST /session/ecd005098c0f00d9cccaf777be5f5321/element HTTP/1.1
User-Agent: selenium/4.8.3 (java windows)
Content-Length: 59
Content-Type: application/json; charset=utf-8
host: localhost:44833
accept: */*

Response DefaultHttpResponse(decodeResult: success, version: HTTP/1.1)
HTTP/1.1 200 OK
Content-Length: 95
Content-Type: application/json; charset=utf-8
cache-control: no-cache

12:23:32.708 [AsyncHttpClient-1-12] DEBUG org.asynchttpclient.netty.channel.ChannelManager - Adding key: http://localhost:44833 for channel [id: 0xd886934f, L:/127.0.0.1:64796 - R:localhost/127.0.0.1:44833]
12:23:32.709 [Forwarding clearElement on session ecd005098c0f00d9cccaf777be5f5321 to remote] DEBUG org.asynchttpclient.netty.request.NettyRequestSender - Using pooled Channel '[id: 0xd886934f, L:/127.0.0.1:64796 - R:localhost/127.0.0.1:44833]' for 'POST' to 'http://localhost:44833/session/ecd005098c0f00d9cccaf777be5f5321/element/A608188931686AFDFC500EFC970E6D63_element_27/clear'
12:23:32.709 [Forwarding clearElement on session ecd005098c0f00d9cccaf777be5f5321 to remote] DEBUG org.asynchttpclient.netty.request.NettyRequestSender - Using open Channel [id: 0xd886934f, L:/127.0.0.1:64796 - R:localhost/127.0.0.1:44833] for POST '/session/ecd005098c0f00d9cccaf777be5f5321/element/A608188931686AFDFC500EFC970E6D63_element_27/clear'
12:23:32.745 [AsyncHttpClient-1-12] DEBUG org.asynchttpclient.netty.handler.HttpHandler - 

Request DefaultHttpRequest(decodeResult: success, version: HTTP/1.1)
POST /session/ecd005098c0f00d9cccaf777be5f5321/element/A608188931686AFDFC500EFC970E6D63_element_27/clear HTTP/1.1
User-Agent: selenium/4.8.3 (java windows)
Content-Length: 57
Content-Type: application/json; charset=utf-8
host: localhost:44833
accept: */*

Response DefaultHttpResponse(decodeResult: success, version: HTTP/1.1)
HTTP/1.1 200 OK
Content-Length: 14
Content-Type: application/json; charset=utf-8
cache-control: no-cache

12:23:32.746 [AsyncHttpClient-1-12] DEBUG org.asynchttpclient.netty.channel.ChannelManager - Adding key: http://localhost:44833 for channel [id: 0xd886934f, L:/127.0.0.1:64796 - R:localhost/127.0.0.1:44833]
12:23:32.746 [Forwarding findElement on session ecd005098c0f00d9cccaf777be5f5321 to remote] DEBUG org.asynchttpclient.netty.request.NettyRequestSender - Using pooled Channel '[id: 0xd886934f, L:/127.0.0.1:64796 - R:localhost/127.0.0.1:44833]' for 'POST' to 'http://localhost:44833/session/ecd005098c0f00d9cccaf777be5f5321/element'
12:23:32.747 [Forwarding findElement on session ecd005098c0f00d9cccaf777be5f5321 to remote] DEBUG org.asynchttpclient.netty.request.NettyRequestSender - Using open Channel [id: 0xd886934f, L:/127.0.0.1:64796 - R:localhost/127.0.0.1:44833] for POST '/session/ecd005098c0f00d9cccaf777be5f5321/element'
12:23:32.754 [AsyncHttpClient-1-12] DEBUG org.asynchttpclient.netty.handler.HttpHandler - 

Request DefaultHttpRequest(decodeResult: success, version: HTTP/1.1)
POST /session/ecd005098c0f00d9cccaf777be5f5321/element HTTP/1.1
User-Agent: selenium/4.8.3 (java windows)
Content-Length: 59
Content-Type: application/json; charset=utf-8
host: localhost:44833
accept: */*

Response DefaultHttpResponse(decodeResult: success, version: HTTP/1.1)
HTTP/1.1 200 OK
Content-Length: 95
Content-Type: application/json; charset=utf-8
cache-control: no-cache

12:23:32.754 [AsyncHttpClient-1-12] DEBUG org.asynchttpclient.netty.channel.ChannelManager - Adding key: http://localhost:44833 for channel [id: 0xd886934f, L:/127.0.0.1:64796 - R:localhost/127.0.0.1:44833]
12:23:32.755 [Forwarding sendKeysToElement on session ecd005098c0f00d9cccaf777be5f5321 to remote] DEBUG org.asynchttpclient.netty.request.NettyRequestSender - Using pooled Channel '[id: 0xd886934f, L:/127.0.0.1:64796 - R:localhost/127.0.0.1:44833]' for 'POST' to 'http://localhost:44833/session/ecd005098c0f00d9cccaf777be5f5321/element/A608188931686AFDFC500EFC970E6D63_element_27/value'
12:23:32.755 [Forwarding sendKeysToElement on session ecd005098c0f00d9cccaf777be5f5321 to remote] DEBUG org.asynchttpclient.netty.request.NettyRequestSender - Using open Channel [id: 0xd886934f, L:/127.0.0.1:64796 - R:localhost/127.0.0.1:44833] for POST '/session/ecd005098c0f00d9cccaf777be5f5321/element/A608188931686AFDFC500EFC970E6D63_element_27/value'
12:23:32.854 [AsyncHttpClient-1-12] DEBUG org.asynchttpclient.netty.handler.HttpHandler - 

Request DefaultHttpRequest(decodeResult: success, version: HTTP/1.1)
POST /session/ecd005098c0f00d9cccaf777be5f5321/element/A608188931686AFDFC500EFC970E6D63_element_27/value HTTP/1.1
User-Agent: selenium/4.8.3 (java windows)
Content-Length: 188
Content-Type: application/json; charset=utf-8
host: localhost:44833
accept: */*

Response DefaultHttpResponse(decodeResult: success, version: HTTP/1.1)
HTTP/1.1 200 OK
Content-Length: 14
Content-Type: application/json; charset=utf-8
cache-control: no-cache

12:23:32.854 [AsyncHttpClient-1-12] DEBUG org.asynchttpclient.netty.channel.ChannelManager - Adding key: http://localhost:44833 for channel [id: 0xd886934f, L:/127.0.0.1:64796 - R:localhost/127.0.0.1:44833]
12:23:32.855 [Forwarding findElement on session ecd005098c0f00d9cccaf777be5f5321 to remote] DEBUG org.asynchttpclient.netty.request.NettyRequestSender - Using pooled Channel '[id: 0xd886934f, L:/127.0.0.1:64796 - R:localhost/127.0.0.1:44833]' for 'POST' to 'http://localhost:44833/session/ecd005098c0f00d9cccaf777be5f5321/element'
12:23:32.855 [Forwarding findElement on session ecd005098c0f00d9cccaf777be5f5321 to remote] DEBUG org.asynchttpclient.netty.request.NettyRequestSender - Using open Channel [id: 0xd886934f, L:/127.0.0.1:64796 - R:localhost/127.0.0.1:44833] for POST '/session/ecd005098c0f00d9cccaf777be5f5321/element'
12:23:32.869 [AsyncHttpClient-1-12] DEBUG org.asynchttpclient.netty.handler.HttpHandler - 

Request DefaultHttpRequest(decodeResult: success, version: HTTP/1.1)
POST /session/ecd005098c0f00d9cccaf777be5f5321/element HTTP/1.1
User-Agent: selenium/4.8.3 (java windows)
Content-Length: 62
Content-Type: application/json; charset=utf-8
host: localhost:44833
accept: */*

Response DefaultHttpResponse(decodeResult: success, version: HTTP/1.1)
HTTP/1.1 200 OK
Content-Length: 95
Content-Type: application/json; charset=utf-8
cache-control: no-cache

12:23:32.869 [AsyncHttpClient-1-12] DEBUG org.asynchttpclient.netty.channel.ChannelManager - Adding key: http://localhost:44833 for channel [id: 0xd886934f, L:/127.0.0.1:64796 - R:localhost/127.0.0.1:44833]
12:23:32.870 [Forwarding clearElement on session ecd005098c0f00d9cccaf777be5f5321 to remote] DEBUG org.asynchttpclient.netty.request.NettyRequestSender - Using pooled Channel '[id: 0xd886934f, L:/127.0.0.1:64796 - R:localhost/127.0.0.1:44833]' for 'POST' to 'http://localhost:44833/session/ecd005098c0f00d9cccaf777be5f5321/element/A608188931686AFDFC500EFC970E6D63_element_29/clear'
12:23:32.870 [Forwarding clearElement on session ecd005098c0f00d9cccaf777be5f5321 to remote] DEBUG org.asynchttpclient.netty.request.NettyRequestSender - Using open Channel [id: 0xd886934f, L:/127.0.0.1:64796 - R:localhost/127.0.0.1:44833] for POST '/session/ecd005098c0f00d9cccaf777be5f5321/element/A608188931686AFDFC500EFC970E6D63_element_29/clear'
12:23:32.921 [AsyncHttpClient-1-12] DEBUG org.asynchttpclient.netty.handler.HttpHandler - 

Request DefaultHttpRequest(decodeResult: success, version: HTTP/1.1)
POST /session/ecd005098c0f00d9cccaf777be5f5321/element/A608188931686AFDFC500EFC970E6D63_element_29/clear HTTP/1.1
User-Agent: selenium/4.8.3 (java windows)
Content-Length: 57
Content-Type: application/json; charset=utf-8
host: localhost:44833
accept: */*

Response DefaultHttpResponse(decodeResult: success, version: HTTP/1.1)
HTTP/1.1 200 OK
Content-Length: 14
Content-Type: application/json; charset=utf-8
cache-control: no-cache

12:23:32.921 [AsyncHttpClient-1-12] DEBUG org.asynchttpclient.netty.channel.ChannelManager - Adding key: http://localhost:44833 for channel [id: 0xd886934f, L:/127.0.0.1:64796 - R:localhost/127.0.0.1:44833]
12:23:32.922 [Forwarding findElement on session ecd005098c0f00d9cccaf777be5f5321 to remote] DEBUG org.asynchttpclient.netty.request.NettyRequestSender - Using pooled Channel '[id: 0xd886934f, L:/127.0.0.1:64796 - R:localhost/127.0.0.1:44833]' for 'POST' to 'http://localhost:44833/session/ecd005098c0f00d9cccaf777be5f5321/element'
12:23:32.922 [Forwarding findElement on session ecd005098c0f00d9cccaf777be5f5321 to remote] DEBUG org.asynchttpclient.netty.request.NettyRequestSender - Using open Channel [id: 0xd886934f, L:/127.0.0.1:64796 - R:localhost/127.0.0.1:44833] for POST '/session/ecd005098c0f00d9cccaf777be5f5321/element'
12:23:32.928 [AsyncHttpClient-1-12] DEBUG org.asynchttpclient.netty.handler.HttpHandler - 

Request DefaultHttpRequest(decodeResult: success, version: HTTP/1.1)
POST /session/ecd005098c0f00d9cccaf777be5f5321/element HTTP/1.1
User-Agent: selenium/4.8.3 (java windows)
Content-Length: 62
Content-Type: application/json; charset=utf-8
host: localhost:44833
accept: */*

Response DefaultHttpResponse(decodeResult: success, version: HTTP/1.1)
HTTP/1.1 200 OK
Content-Length: 95
Content-Type: application/json; charset=utf-8
cache-control: no-cache

12:23:32.928 [AsyncHttpClient-1-12] DEBUG org.asynchttpclient.netty.channel.ChannelManager - Adding key: http://localhost:44833 for channel [id: 0xd886934f, L:/127.0.0.1:64796 - R:localhost/127.0.0.1:44833]
12:23:32.929 [Forwarding sendKeysToElement on session ecd005098c0f00d9cccaf777be5f5321 to remote] DEBUG org.asynchttpclient.netty.request.NettyRequestSender - Using pooled Channel '[id: 0xd886934f, L:/127.0.0.1:64796 - R:localhost/127.0.0.1:44833]' for 'POST' to 'http://localhost:44833/session/ecd005098c0f00d9cccaf777be5f5321/element/A608188931686AFDFC500EFC970E6D63_element_29/value'
12:23:32.929 [Forwarding sendKeysToElement on session ecd005098c0f00d9cccaf777be5f5321 to remote] DEBUG org.asynchttpclient.netty.request.NettyRequestSender - Using open Channel [id: 0xd886934f, L:/127.0.0.1:64796 - R:localhost/127.0.0.1:44833] for POST '/session/ecd005098c0f00d9cccaf777be5f5321/element/A608188931686AFDFC500EFC970E6D63_element_29/value'
12:23:32.996 [AsyncHttpClient-1-12] DEBUG org.asynchttpclient.netty.handler.HttpHandler - 

Request DefaultHttpRequest(decodeResult: success, version: HTTP/1.1)
POST /session/ecd005098c0f00d9cccaf777be5f5321/element/A608188931686AFDFC500EFC970E6D63_element_29/value HTTP/1.1
User-Agent: selenium/4.8.3 (java windows)
Content-Length: 148
Content-Type: application/json; charset=utf-8
host: localhost:44833
accept: */*

Response DefaultHttpResponse(decodeResult: success, version: HTTP/1.1)
HTTP/1.1 200 OK
Content-Length: 14
Content-Type: application/json; charset=utf-8
cache-control: no-cache

12:23:32.996 [AsyncHttpClient-1-12] DEBUG org.asynchttpclient.netty.channel.ChannelManager - Adding key: http://localhost:44833 for channel [id: 0xd886934f, L:/127.0.0.1:64796 - R:localhost/127.0.0.1:44833]
12:23:32.997 [Forwarding findElement on session ecd005098c0f00d9cccaf777be5f5321 to remote] DEBUG org.asynchttpclient.netty.request.NettyRequestSender - Using pooled Channel '[id: 0xd886934f, L:/127.0.0.1:64796 - R:localhost/127.0.0.1:44833]' for 'POST' to 'http://localhost:44833/session/ecd005098c0f00d9cccaf777be5f5321/element'
12:23:32.997 [Forwarding findElement on session ecd005098c0f00d9cccaf777be5f5321 to remote] DEBUG org.asynchttpclient.netty.request.NettyRequestSender - Using open Channel [id: 0xd886934f, L:/127.0.0.1:64796 - R:localhost/127.0.0.1:44833] for POST '/session/ecd005098c0f00d9cccaf777be5f5321/element'
12:23:33.009 [AsyncHttpClient-1-12] DEBUG org.asynchttpclient.netty.handler.HttpHandler - 

Request DefaultHttpRequest(decodeResult: success, version: HTTP/1.1)
POST /session/ecd005098c0f00d9cccaf777be5f5321/element HTTP/1.1
User-Agent: selenium/4.8.3 (java windows)
Content-Length: 71
Content-Type: application/json; charset=utf-8
host: localhost:44833
accept: */*

Response DefaultHttpResponse(decodeResult: success, version: HTTP/1.1)
HTTP/1.1 200 OK
Content-Length: 95
Content-Type: application/json; charset=utf-8
cache-control: no-cache

12:23:33.009 [AsyncHttpClient-1-12] DEBUG org.asynchttpclient.netty.channel.ChannelManager - Adding key: http://localhost:44833 for channel [id: 0xd886934f, L:/127.0.0.1:64796 - R:localhost/127.0.0.1:44833]
12:23:33.010 [Forwarding clickElement on session ecd005098c0f00d9cccaf777be5f5321 to remote] DEBUG org.asynchttpclient.netty.request.NettyRequestSender - Using pooled Channel '[id: 0xd886934f, L:/127.0.0.1:64796 - R:localhost/127.0.0.1:44833]' for 'POST' to 'http://localhost:44833/session/ecd005098c0f00d9cccaf777be5f5321/element/A608188931686AFDFC500EFC970E6D63_element_33/click'
12:23:33.010 [Forwarding clickElement on session ecd005098c0f00d9cccaf777be5f5321 to remote] DEBUG org.asynchttpclient.netty.request.NettyRequestSender - Using open Channel [id: 0xd886934f, L:/127.0.0.1:64796 - R:localhost/127.0.0.1:44833] for POST '/session/ecd005098c0f00d9cccaf777be5f5321/element/A608188931686AFDFC500EFC970E6D63_element_33/click'
12:23:33.051 [AsyncHttpClient-1-12] DEBUG org.asynchttpclient.netty.handler.HttpHandler - 

Request DefaultHttpRequest(decodeResult: success, version: HTTP/1.1)
POST /session/ecd005098c0f00d9cccaf777be5f5321/element/A608188931686AFDFC500EFC970E6D63_element_33/click HTTP/1.1
User-Agent: selenium/4.8.3 (java windows)
Content-Length: 57
Content-Type: application/json; charset=utf-8
host: localhost:44833
accept: */*

Response DefaultHttpResponse(decodeResult: success, version: HTTP/1.1)
HTTP/1.1 200 OK
Content-Length: 14
Content-Type: application/json; charset=utf-8
cache-control: no-cache

12:23:33.052 [AsyncHttpClient-1-12] DEBUG org.asynchttpclient.netty.channel.ChannelManager - Adding key: http://localhost:44833 for channel [id: 0xd886934f, L:/127.0.0.1:64796 - R:localhost/127.0.0.1:44833]
2023-06-09 12:23:33 INFO  BaseTest:126 - Logged in
12:23:33.053 [rp-io-82] DEBUG com.epam.reportportal.service.Launch - Starting test item...rp-io-82
2023-06-09 12:23:33 INFO  Listeners:34 - Started Test null
12:23:33.055 [Forwarding findElement on session ecd005098c0f00d9cccaf777be5f5321 to remote] DEBUG org.asynchttpclient.netty.request.NettyRequestSender - Using pooled Channel '[id: 0xd886934f, L:/127.0.0.1:64796 - R:localhost/127.0.0.1:44833]' for 'POST' to 'http://localhost:44833/session/ecd005098c0f00d9cccaf777be5f5321/element'
12:23:33.055 [Forwarding findElement on session ecd005098c0f00d9cccaf777be5f5321 to remote] DEBUG org.asynchttpclient.netty.request.NettyRequestSender - Using open Channel [id: 0xd886934f, L:/127.0.0.1:64796 - R:localhost/127.0.0.1:44833] for POST '/session/ecd005098c0f00d9cccaf777be5f5321/element'
12:23:33.072 [rp-io-84] DEBUG com.epam.reportportal.service.Launch - TestItem with ID = '0763566b-3a3d-4fcd-8495-b00d7a1bbdce' successfully finished.
12:23:33.072 [rp-io-84] DEBUG com.epam.reportportal.utils.SubscriptionUtils - Finish test item completed
12:23:33.084 [rp-io-82] DEBUG com.epam.reportportal.service.Launch - ReportPortal item with ID 'b8c84f17-9e69-4857-98e5-281c9a9fcc0d' has been created
12:23:33.084 [rp-io-82] DEBUG com.epam.reportportal.utils.SubscriptionUtils - Start test item successfully completed
12:23:33.139 [AsyncHttpClient-1-1] DEBUG org.asynchttpclient.netty.channel.DefaultChannelPool - Entry count for : http://localhost:64797 : 1
12:23:33.446 [AsyncHttpClient-1-12] DEBUG org.asynchttpclient.netty.handler.HttpHandler - 

Request DefaultHttpRequest(decodeResult: success, version: HTTP/1.1)
POST /session/ecd005098c0f00d9cccaf777be5f5321/element HTTP/1.1
User-Agent: selenium/4.8.3 (java windows)
Content-Length: 168
Content-Type: application/json; charset=utf-8
host: localhost:44833
accept: */*

Response DefaultHttpResponse(decodeResult: success, version: HTTP/1.1)
HTTP/1.1 200 OK
Content-Length: 95
Content-Type: application/json; charset=utf-8
cache-control: no-cache

12:23:33.446 [AsyncHttpClient-1-12] DEBUG org.asynchttpclient.netty.channel.ChannelManager - Adding key: http://localhost:44833 for channel [id: 0xd886934f, L:/127.0.0.1:64796 - R:localhost/127.0.0.1:44833]
12:23:33.448 [Forwarding clickElement on session ecd005098c0f00d9cccaf777be5f5321 to remote] DEBUG org.asynchttpclient.netty.request.NettyRequestSender - Using pooled Channel '[id: 0xd886934f, L:/127.0.0.1:64796 - R:localhost/127.0.0.1:44833]' for 'POST' to 'http://localhost:44833/session/ecd005098c0f00d9cccaf777be5f5321/element/A608188931686AFDFC500EFC970E6D63_element_38/click'
12:23:33.448 [Forwarding clickElement on session ecd005098c0f00d9cccaf777be5f5321 to remote] DEBUG org.asynchttpclient.netty.request.NettyRequestSender - Using open Channel [id: 0xd886934f, L:/127.0.0.1:64796 - R:localhost/127.0.0.1:44833] for POST '/session/ecd005098c0f00d9cccaf777be5f5321/element/A608188931686AFDFC500EFC970E6D63_element_38/click'
12:23:33.607 [AsyncHttpClient-1-12] DEBUG org.asynchttpclient.netty.handler.HttpHandler - 

Request DefaultHttpRequest(decodeResult: success, version: HTTP/1.1)
POST /session/ecd005098c0f00d9cccaf777be5f5321/element/A608188931686AFDFC500EFC970E6D63_element_38/click HTTP/1.1
User-Agent: selenium/4.8.3 (java windows)
Content-Length: 57
Content-Type: application/json; charset=utf-8
host: localhost:44833
accept: */*

Response DefaultHttpResponse(decodeResult: success, version: HTTP/1.1)
HTTP/1.1 200 OK
Content-Length: 14
Content-Type: application/json; charset=utf-8
cache-control: no-cache

12:23:33.608 [AsyncHttpClient-1-12] DEBUG org.asynchttpclient.netty.channel.ChannelManager - Adding key: http://localhost:44833 for channel [id: 0xd886934f, L:/127.0.0.1:64796 - R:localhost/127.0.0.1:44833]
12:23:33.609 [Forwarding findElement on session ecd005098c0f00d9cccaf777be5f5321 to remote] DEBUG org.asynchttpclient.netty.request.NettyRequestSender - Using pooled Channel '[id: 0xd886934f, L:/127.0.0.1:64796 - R:localhost/127.0.0.1:44833]' for 'POST' to 'http://localhost:44833/session/ecd005098c0f00d9cccaf777be5f5321/element'
12:23:33.609 [Forwarding findElement on session ecd005098c0f00d9cccaf777be5f5321 to remote] DEBUG org.asynchttpclient.netty.request.NettyRequestSender - Using open Channel [id: 0xd886934f, L:/127.0.0.1:64796 - R:localhost/127.0.0.1:44833] for POST '/session/ecd005098c0f00d9cccaf777be5f5321/element'
12:23:34.239 [AsyncHttpClient-1-1] DEBUG org.asynchttpclient.netty.channel.DefaultChannelPool - Entry count for : http://localhost:64797 : 1
12:23:35.338 [AsyncHttpClient-1-1] DEBUG org.asynchttpclient.netty.channel.DefaultChannelPool - Entry count for : http://localhost:64797 : 1
12:23:36.439 [AsyncHttpClient-1-1] DEBUG org.asynchttpclient.netty.channel.DefaultChannelPool - Entry count for : http://localhost:64797 : 1
12:23:37.539 [AsyncHttpClient-1-1] DEBUG org.asynchttpclient.netty.channel.DefaultChannelPool - Entry count for : http://localhost:64797 : 1
12:23:37.896 [AsyncHttpClient-1-12] DEBUG org.asynchttpclient.netty.handler.HttpHandler - 

Request DefaultHttpRequest(decodeResult: success, version: HTTP/1.1)
POST /session/ecd005098c0f00d9cccaf777be5f5321/element HTTP/1.1
User-Agent: selenium/4.8.3 (java windows)
Content-Length: 83
Content-Type: application/json; charset=utf-8
host: localhost:44833
accept: */*

Response DefaultHttpResponse(decodeResult: success, version: HTTP/1.1)
HTTP/1.1 404 Not Found
Content-Length: 973
Content-Type: application/json; charset=utf-8
cache-control: no-cache

12:23:37.896 [AsyncHttpClient-1-12] DEBUG org.asynchttpclient.netty.channel.ChannelManager - Adding key: http://localhost:44833 for channel [id: 0xd886934f, L:/127.0.0.1:64796 - R:localhost/127.0.0.1:44833]
2023-06-09 12:23:37 INFO  Listeners:42 - Failed Test null
]]></system-out>
    <system-err><![CDATA[Starting ChromeDriver 114.0.5735.90 (386bc09e8f4f2e025eddae123f36f6263096ae49-refs/branch-heads/5735@{#1052}) on port 44833
Only local connections are allowed.
Please see https://chromedriver.chromium.org/security-considerations for suggestions on keeping ChromeDriver safe.
ChromeDriver was started successfully.
Jun 09, 2023 12:23:31 PM org.openqa.selenium.devtools.CdpVersionFinder findNearestMatch
WARNING: Unable to find an exact match for CDP version 114, so returning the closest version found: 111
]]></system-err>
  </testcase>
  <testcase name="searchDashboardNameDP[PASSING RATE SUMMARY](16)" classname="alltests.uitest.coreTest.DashboardPageTest" time="0">
    <skipped message="no such element: Unable to locate element: {&quot;method&quot;:&quot;xpath&quot;,&quot;selector&quot;:&quot;//*[text()=&apos;PASSING RATE SUMMARY&apos;]&quot;}&#10;  (Session info: chrome=114.0.5735.110)&#10;For documentation on this error, please visit: https://selenium.dev/exceptions/#no_such_element&#10;Build info: version: &apos;4.8.3&apos;, revision: &apos;e5e76298c3&apos;&#10;System info: os.name: &apos;Windows 10&apos;, os.arch: &apos;amd64&apos;, os.version: &apos;10.0&apos;, java.version: &apos;17.0.3.1&apos;&#10;Driver info: org.openqa.selenium.chrome.ChromeDriver&#10;Command: [5fa069fee67a52be252b5e9785711955, findElement {using=xpath, value=//*[text()=&apos;PASSING RATE SUMMARY&apos;]}]&#10;Capabilities {acceptInsecureCerts: false, browserName: chrome, browserVersion: 114.0.5735.110, chrome: {chromedriverVersion: 114.0.5735.90 (386bc09e8f4f..., userDataDir: C:\Users\SUWARN~1\AppData\L...}, goog:chromeOptions: {debuggerAddress: localhost:64830}, networkConnectionEnabled: false, pageLoadStrategy: normal, platformName: WINDOWS, proxy: Proxy(), se:cdp: ws://localhost:64830/devtoo..., se:cdpVersion: 114.0.5735.110, setWindowRect: true, strictFileInteractability: false, timeouts: {implicit: 0, pageLoad: 300000, script: 30000}, unhandledPromptBehavior: dismiss and notify, webauthn:extension:credBlob: true, webauthn:extension:largeBlob: true, webauthn:extension:minPinLength: true, webauthn:extension:prf: true, webauthn:virtualAuthenticators: true}&#10;Session ID: 5fa069fee67a52be252b5e9785711955"/>
    <system-out><![CDATA[12:23:37.899 [rp-io-93] DEBUG com.epam.reportportal.service.Launch - Starting test item...rp-io-93
12:23:37.902 [Forwarding screenshot on session ecd005098c0f00d9cccaf777be5f5321 to remote] DEBUG org.asynchttpclient.netty.request.NettyRequestSender - Using pooled Channel '[id: 0xd886934f, L:/127.0.0.1:64796 - R:localhost/127.0.0.1:44833]' for 'GET' to 'http://localhost:44833/session/ecd005098c0f00d9cccaf777be5f5321/screenshot'
12:23:37.902 [Forwarding screenshot on session ecd005098c0f00d9cccaf777be5f5321 to remote] DEBUG org.asynchttpclient.netty.request.NettyRequestSender - Using open Channel [id: 0xd886934f, L:/127.0.0.1:64796 - R:localhost/127.0.0.1:44833] for GET '/session/ecd005098c0f00d9cccaf777be5f5321/screenshot'
12:23:37.921 [rp-io-93] DEBUG com.epam.reportportal.service.Launch - ReportPortal item with ID 'ffb2b48d-078b-4af9-b80b-5f5617a9987a' has been created
12:23:37.921 [rp-io-93] DEBUG com.epam.reportportal.utils.SubscriptionUtils - Start test item successfully completed
12:23:37.922 [rp-io-83] DEBUG com.epam.reportportal.service.Launch - TestItem with ID = 'b8c84f17-9e69-4857-98e5-281c9a9fcc0d' successfully finished.
12:23:37.922 [rp-io-83] DEBUG com.epam.reportportal.utils.SubscriptionUtils - Finish test item completed
12:23:38.046 [AsyncHttpClient-1-12] DEBUG org.asynchttpclient.netty.handler.HttpHandler - 

Request DefaultFullHttpRequest(decodeResult: success, version: HTTP/1.1, content: EmptyByteBufBE)
GET /session/ecd005098c0f00d9cccaf777be5f5321/screenshot HTTP/1.1
User-Agent: selenium/4.8.3 (java windows)
Cache-Control: no-cache
Content-Type: application/json; charset=utf-8
host: localhost:44833
accept: */*

Response DefaultHttpResponse(decodeResult: success, version: HTTP/1.1)
HTTP/1.1 200 OK
Content-Length: 101040
Content-Type: application/json; charset=utf-8
cache-control: no-cache

12:23:38.046 [AsyncHttpClient-1-12] DEBUG org.asynchttpclient.netty.channel.ChannelManager - Adding key: http://localhost:44833 for channel [id: 0xd886934f, L:/127.0.0.1:64796 - R:localhost/127.0.0.1:44833]
12:23:38.053 [AsyncHttpClient-1-14] DEBUG org.asynchttpclient.netty.handler.WebSocketHandler - Channel Closed: [id: 0x11a7eeeb, L:/127.0.0.1:64805 ! R:localhost/127.0.0.1:64797] with attribute NettyResponseFuture{currentRetry=0,
	isDone=1,
	isCancelled=0,
	asyncHandler=org.asynchttpclient.ws.WebSocketUpgradeHandler@4f0f6cf8,
	nettyRequest=org.asynchttpclient.netty.request.NettyRequest@5d1ecd85,
	future=java.util.concurrent.CompletableFuture@6fe5334a[Completed normally],
	uri=ws://localhost:64797/devtools/browser/5838fc64-7e5b-4e36-88b1-91c8d1d90163,
	keepAlive=true,
	redirectCount=0,
	timeoutsHolder=null,
	inAuth=0,
	touch=1686306211397}
12:23:38.053 [AsyncHttpClient-1-14] DEBUG org.asynchttpclient.netty.channel.ChannelManager - Closing Channel [id: 0x11a7eeeb, L:/127.0.0.1:64805 ! R:localhost/127.0.0.1:64797] 
12:23:38.054 [Driver Command Executor] DEBUG org.asynchttpclient.netty.request.NettyRequestSender - Using pooled Channel '[id: 0xd886934f, L:/127.0.0.1:64796 - R:localhost/127.0.0.1:44833]' for 'DELETE' to 'http://localhost:44833/session/ecd005098c0f00d9cccaf777be5f5321'
12:23:38.054 [Driver Command Executor] DEBUG org.asynchttpclient.netty.request.NettyRequestSender - Using open Channel [id: 0xd886934f, L:/127.0.0.1:64796 - R:localhost/127.0.0.1:44833] for DELETE '/session/ecd005098c0f00d9cccaf777be5f5321'
12:23:38.086 [AsyncHttpClient-1-13] DEBUG org.asynchttpclient.netty.handler.HttpHandler - Unexpected I/O exception on channel [id: 0x9c78dfef, L:/127.0.0.1:64804 - R:localhost/127.0.0.1:64797]
java.net.SocketException: Connection reset
	at java.base/sun.nio.ch.SocketChannelImpl.throwConnectionReset(SocketChannelImpl.java:394)
	at java.base/sun.nio.ch.SocketChannelImpl.read(SocketChannelImpl.java:426)
	at io.netty.buffer.PooledByteBuf.setBytes(PooledByteBuf.java:256)
	at io.netty.buffer.AbstractByteBuf.writeBytes(AbstractByteBuf.java:1132)
	at io.netty.channel.socket.nio.NioSocketChannel.doReadBytes(NioSocketChannel.java:357)
	at io.netty.channel.nio.AbstractNioByteChannel$NioByteUnsafe.read(AbstractNioByteChannel.java:151)
	at io.netty.channel.nio.NioEventLoop.processSelectedKey(NioEventLoop.java:788)
	at io.netty.channel.nio.NioEventLoop.processSelectedKeysOptimized(NioEventLoop.java:724)
	at io.netty.channel.nio.NioEventLoop.processSelectedKeys(NioEventLoop.java:650)
	at io.netty.channel.nio.NioEventLoop.run(NioEventLoop.java:562)
	at io.netty.util.concurrent.SingleThreadEventExecutor$4.run(SingleThreadEventExecutor.java:997)
	at io.netty.util.internal.ThreadExecutorMap$2.run(ThreadExecutorMap.java:74)
	at io.netty.util.concurrent.FastThreadLocalRunnable.run(FastThreadLocalRunnable.java:30)
	at java.base/java.lang.Thread.run(Thread.java:833)
12:23:38.086 [AsyncHttpClient-1-13] DEBUG org.asynchttpclient.netty.channel.ChannelManager - Closing Channel [id: 0x9c78dfef, L:/127.0.0.1:64804 - R:localhost/127.0.0.1:64797] 
12:23:38.087 [AsyncHttpClient-1-13] DEBUG org.asynchttpclient.netty.handler.HttpHandler - Channel Closed: [id: 0x9c78dfef, L:/127.0.0.1:64804 ! R:localhost/127.0.0.1:64797] with attribute DISCARD
12:23:38.107 [AsyncHttpClient-1-12] DEBUG org.asynchttpclient.netty.handler.HttpHandler - 

Request DefaultFullHttpRequest(decodeResult: success, version: HTTP/1.1, content: EmptyByteBufBE)
DELETE /session/ecd005098c0f00d9cccaf777be5f5321 HTTP/1.1
User-Agent: selenium/4.8.3 (java windows)
Content-Type: application/json; charset=utf-8
host: localhost:44833
accept: */*

Response DefaultHttpResponse(decodeResult: success, version: HTTP/1.1)
HTTP/1.1 200 OK
Content-Length: 14
Content-Type: application/json; charset=utf-8
cache-control: no-cache

12:23:38.108 [AsyncHttpClient-1-12] DEBUG org.asynchttpclient.netty.channel.ChannelManager - Adding key: http://localhost:44833 for channel [id: 0xd886934f, L:/127.0.0.1:64796 - R:localhost/127.0.0.1:44833]
12:23:38.158 [AsyncHttpClient-1-12] DEBUG org.asynchttpclient.netty.handler.HttpHandler - Channel Closed: [id: 0xd886934f, L:/127.0.0.1:64796 ! R:localhost/127.0.0.1:44833] with attribute DISCARD
2023-06-09 12:23:38 INFO  BaseTest:83 - Test executed**********
12:23:38.206 [rp-io-2] DEBUG com.epam.reportportal.service.Launch - Starting test item...rp-io-2
2023-06-09 12:23:38 INFO  BaseTest:110 - Property files loaded successfully**********
12:23:38.216 [main] DEBUG io.github.bonigarcia.wdm.cache.ResolutionCache - Resolution chrome=114 in cache (valid until 13:14:48 09/06/2023 CEST)
12:23:38.216 [main] DEBUG io.github.bonigarcia.wdm.cache.ResolutionCache - Resolution chrome114=114.0.5735.90 in cache (valid until 12:14:48 10/06/2023 CEST)
12:23:38.216 [main] INFO io.github.bonigarcia.wdm.WebDriverManager - Using chromedriver 114.0.5735.90 (resolved driver for Chrome 114)
12:23:38.221 [rp-io-97] DEBUG com.epam.reportportal.service.Launch - TestItem with ID = 'ffb2b48d-078b-4af9-b80b-5f5617a9987a' successfully finished.
12:23:38.221 [rp-io-97] DEBUG com.epam.reportportal.utils.SubscriptionUtils - Finish test item completed
12:23:38.224 [main] DEBUG io.github.bonigarcia.wdm.WebDriverManager - Driver chromedriver 114.0.5735.90 found in cache
12:23:38.225 [main] INFO io.github.bonigarcia.wdm.WebDriverManager - Exporting webdriver.chrome.driver as C:\Users\Suwarna_Wagh\.cache\selenium\chromedriver\win32\114.0.5735.90\chromedriver.exe
12:23:38.226 [rp-io-2] DEBUG com.epam.reportportal.service.Launch - ReportPortal item with ID '7a137901-a582-42a8-af2b-796ef3ecf360' has been created
12:23:38.226 [rp-io-2] DEBUG com.epam.reportportal.utils.SubscriptionUtils - Start test item successfully completed
12:23:38.305 [AsyncHttpClient-1-15] DEBUG org.asynchttpclient.netty.channel.NettyConnectListener - Using new Channel '[id: 0xd62ff213, L:/127.0.0.1:64828 - R:localhost/127.0.0.1:30000]' for 'POST' to '/session'
12:23:38.643 [AsyncHttpClient-1-1] DEBUG org.asynchttpclient.netty.channel.DefaultChannelPool - Entry count for : http://localhost:64797 : 1
12:23:38.643 [AsyncHttpClient-1-1] DEBUG org.asynchttpclient.netty.channel.DefaultChannelPool - Entry count for : http://localhost:44833 : 1
12:23:38.643 [AsyncHttpClient-1-1] DEBUG org.asynchttpclient.netty.channel.DefaultChannelPool - Adding Candidate expired Channel [id: 0x9c78dfef, L:/127.0.0.1:64804 ! R:localhost/127.0.0.1:64797] isIdleTimeoutExpired=false isRemotelyClosed=true isTtlExpired=false
12:23:38.643 [AsyncHttpClient-1-1] DEBUG org.asynchttpclient.netty.channel.DefaultChannelPool - Closing Idle Channel [id: 0x9c78dfef, L:/127.0.0.1:64804 ! R:localhost/127.0.0.1:64797]
12:23:38.643 [AsyncHttpClient-1-1] DEBUG org.asynchttpclient.netty.channel.DefaultChannelPool - Adding Candidate expired Channel [id: 0xd886934f, L:/127.0.0.1:64796 ! R:localhost/127.0.0.1:44833] isIdleTimeoutExpired=false isRemotelyClosed=true isTtlExpired=false
12:23:38.643 [AsyncHttpClient-1-1] DEBUG org.asynchttpclient.netty.channel.DefaultChannelPool - Closing Idle Channel [id: 0xd886934f, L:/127.0.0.1:64796 ! R:localhost/127.0.0.1:44833]
12:23:38.643 [AsyncHttpClient-1-1] DEBUG org.asynchttpclient.netty.channel.DefaultChannelPool - Closed 2 connections out of 2 in 0 ms
12:23:39.157 [AsyncHttpClient-1-15] DEBUG org.asynchttpclient.netty.handler.HttpHandler - 

Request DefaultHttpRequest(decodeResult: success, version: HTTP/1.1)
POST /session HTTP/1.1
User-Agent: selenium/4.8.3 (java windows)
Content-Length: 439
Content-Type: application/json; charset=utf-8
host: localhost:30000
accept: */*

Response DefaultHttpResponse(decodeResult: success, version: HTTP/1.1)
HTTP/1.1 200 OK
Content-Length: 863
Content-Type: application/json; charset=utf-8
cache-control: no-cache

12:23:39.157 [AsyncHttpClient-1-15] DEBUG org.asynchttpclient.netty.channel.ChannelManager - Adding key: http://localhost:30000 for channel [id: 0xd62ff213, L:/127.0.0.1:64828 - R:localhost/127.0.0.1:30000]
12:23:39.163 [AsyncHttpClient-1-16] DEBUG org.asynchttpclient.netty.channel.NettyConnectListener - Using new Channel '[id: 0xf8f0ff3c, L:/127.0.0.1:64838 - R:localhost/127.0.0.1:64830]' for 'GET' to '/json/version'
12:23:39.163 [AsyncHttpClient-1-16] DEBUG org.asynchttpclient.netty.handler.HttpHandler - 

Request DefaultFullHttpRequest(decodeResult: success, version: HTTP/1.1, content: EmptyByteBufBE)
GET /json/version HTTP/1.1
User-Agent: selenium/4.8.3 (java windows)
host: localhost:64830
accept: */*

Response DefaultHttpResponse(decodeResult: success, version: HTTP/1.1)
HTTP/1.1 200 OK
Content-Security-Policy: frame-ancestors 'none'
Content-Length: 424
Content-Type: application/json; charset=UTF-8

12:23:39.163 [AsyncHttpClient-1-16] DEBUG org.asynchttpclient.netty.channel.ChannelManager - Adding key: http://localhost:64830 for channel [id: 0xf8f0ff3c, L:/127.0.0.1:64838 - R:localhost/127.0.0.1:64830]
12:23:39.165 [AsyncHttpClient-1-17] DEBUG org.asynchttpclient.netty.channel.NettyConnectListener - Using new Channel '[id: 0x50416381, L:/127.0.0.1:64839 - R:localhost/127.0.0.1:64830]' for 'GET' to '/devtools/browser/5e1aeacc-0e54-430c-bef5-c697f4756aed'
12:23:39.166 [AsyncHttpClient-1-17] DEBUG org.asynchttpclient.netty.handler.WebSocketHandler - 

Request DefaultFullHttpRequest(decodeResult: success, version: HTTP/1.1, content: EmptyByteBufBE)
GET /devtools/browser/5e1aeacc-0e54-430c-bef5-c697f4756aed HTTP/1.1
upgrade: websocket
connection: upgrade
sec-websocket-key: MJBvO2DxPDYcAbDM0iF0yQ==
sec-websocket-version: 13
origin: http://localhost:64830
host: localhost:64830
accept: */*
user-agent: AHC/2.1

Response DefaultHttpResponse(decodeResult: success, version: HTTP/1.1)
HTTP/1.1 101 WebSocket Protocol Handshake
Upgrade: WebSocket
Connection: Upgrade
Sec-WebSocket-Accept: Tvuv/H961kBOraTky+cb3vszfQU=

12:23:39.170 [Forwarding setTimeout on session 5fa069fee67a52be252b5e9785711955 to remote] DEBUG org.asynchttpclient.netty.request.NettyRequestSender - Using pooled Channel '[id: 0xd62ff213, L:/127.0.0.1:64828 - R:localhost/127.0.0.1:30000]' for 'POST' to 'http://localhost:30000/session/5fa069fee67a52be252b5e9785711955/timeouts'
12:23:39.170 [Forwarding setTimeout on session 5fa069fee67a52be252b5e9785711955 to remote] DEBUG org.asynchttpclient.netty.request.NettyRequestSender - Using open Channel [id: 0xd62ff213, L:/127.0.0.1:64828 - R:localhost/127.0.0.1:30000] for POST '/session/5fa069fee67a52be252b5e9785711955/timeouts'
12:23:39.171 [AsyncHttpClient-1-15] DEBUG org.asynchttpclient.netty.handler.HttpHandler - 

Request DefaultHttpRequest(decodeResult: success, version: HTTP/1.1)
POST /session/5fa069fee67a52be252b5e9785711955/timeouts HTTP/1.1
User-Agent: selenium/4.8.3 (java windows)
Content-Length: 22
Content-Type: application/json; charset=utf-8
host: localhost:30000
accept: */*

Response DefaultHttpResponse(decodeResult: success, version: HTTP/1.1)
HTTP/1.1 200 OK
Content-Length: 14
Content-Type: application/json; charset=utf-8
cache-control: no-cache

12:23:39.171 [AsyncHttpClient-1-15] DEBUG org.asynchttpclient.netty.channel.ChannelManager - Adding key: http://localhost:30000 for channel [id: 0xd62ff213, L:/127.0.0.1:64828 - R:localhost/127.0.0.1:30000]
12:23:39.173 [Forwarding maximizeCurrentWindow on session 5fa069fee67a52be252b5e9785711955 to remote] DEBUG org.asynchttpclient.netty.request.NettyRequestSender - Using pooled Channel '[id: 0xd62ff213, L:/127.0.0.1:64828 - R:localhost/127.0.0.1:30000]' for 'POST' to 'http://localhost:30000/session/5fa069fee67a52be252b5e9785711955/window/maximize'
12:23:39.173 [Forwarding maximizeCurrentWindow on session 5fa069fee67a52be252b5e9785711955 to remote] DEBUG org.asynchttpclient.netty.request.NettyRequestSender - Using open Channel [id: 0xd62ff213, L:/127.0.0.1:64828 - R:localhost/127.0.0.1:30000] for POST '/session/5fa069fee67a52be252b5e9785711955/window/maximize'
12:23:39.295 [AsyncHttpClient-1-15] DEBUG org.asynchttpclient.netty.handler.HttpHandler - 

Request DefaultHttpRequest(decodeResult: success, version: HTTP/1.1)
POST /session/5fa069fee67a52be252b5e9785711955/window/maximize HTTP/1.1
User-Agent: selenium/4.8.3 (java windows)
Content-Length: 3
Content-Type: application/json; charset=utf-8
host: localhost:30000
accept: */*

Response DefaultHttpResponse(decodeResult: success, version: HTTP/1.1)
HTTP/1.1 200 OK
Content-Length: 51
Content-Type: application/json; charset=utf-8
cache-control: no-cache

12:23:39.295 [AsyncHttpClient-1-15] DEBUG org.asynchttpclient.netty.channel.ChannelManager - Adding key: http://localhost:30000 for channel [id: 0xd62ff213, L:/127.0.0.1:64828 - R:localhost/127.0.0.1:30000]
12:23:39.296 [Forwarding get on session 5fa069fee67a52be252b5e9785711955 to remote] DEBUG org.asynchttpclient.netty.request.NettyRequestSender - Using pooled Channel '[id: 0xd62ff213, L:/127.0.0.1:64828 - R:localhost/127.0.0.1:30000]' for 'POST' to 'http://localhost:30000/session/5fa069fee67a52be252b5e9785711955/url'
12:23:39.296 [Forwarding get on session 5fa069fee67a52be252b5e9785711955 to remote] DEBUG org.asynchttpclient.netty.request.NettyRequestSender - Using open Channel [id: 0xd62ff213, L:/127.0.0.1:64828 - R:localhost/127.0.0.1:30000] for POST '/session/5fa069fee67a52be252b5e9785711955/url'
12:23:39.739 [AsyncHttpClient-1-1] DEBUG org.asynchttpclient.netty.channel.DefaultChannelPool - Entry count for : http://localhost:64830 : 1
12:23:40.823 [AsyncHttpClient-1-15] DEBUG org.asynchttpclient.netty.handler.HttpHandler - 

Request DefaultHttpRequest(decodeResult: success, version: HTTP/1.1)
POST /session/5fa069fee67a52be252b5e9785711955/url HTTP/1.1
User-Agent: selenium/4.8.3 (java windows)
Content-Length: 52
Content-Type: application/json; charset=utf-8
host: localhost:30000
accept: */*

Response DefaultHttpResponse(decodeResult: success, version: HTTP/1.1)
HTTP/1.1 200 OK
Content-Length: 14
Content-Type: application/json; charset=utf-8
cache-control: no-cache

12:23:40.824 [AsyncHttpClient-1-15] DEBUG org.asynchttpclient.netty.channel.ChannelManager - Adding key: http://localhost:30000 for channel [id: 0xd62ff213, L:/127.0.0.1:64828 - R:localhost/127.0.0.1:30000]
2023-06-09 12:23:40 INFO  BaseTest:104 - Test driver set up done successfully**********
2023-06-09 12:23:40 INFO  BaseTest:122 - Logging in to portal
12:23:40.826 [Forwarding findElement on session 5fa069fee67a52be252b5e9785711955 to remote] DEBUG org.asynchttpclient.netty.request.NettyRequestSender - Using pooled Channel '[id: 0xd62ff213, L:/127.0.0.1:64828 - R:localhost/127.0.0.1:30000]' for 'POST' to 'http://localhost:30000/session/5fa069fee67a52be252b5e9785711955/element'
12:23:40.826 [Forwarding findElement on session 5fa069fee67a52be252b5e9785711955 to remote] DEBUG org.asynchttpclient.netty.request.NettyRequestSender - Using open Channel [id: 0xd62ff213, L:/127.0.0.1:64828 - R:localhost/127.0.0.1:30000] for POST '/session/5fa069fee67a52be252b5e9785711955/element'
12:23:40.839 [AsyncHttpClient-1-15] DEBUG org.asynchttpclient.netty.handler.HttpHandler - 

Request DefaultHttpRequest(decodeResult: success, version: HTTP/1.1)
POST /session/5fa069fee67a52be252b5e9785711955/element HTTP/1.1
User-Agent: selenium/4.8.3 (java windows)
Content-Length: 59
Content-Type: application/json; charset=utf-8
host: localhost:30000
accept: */*

Response DefaultHttpResponse(decodeResult: success, version: HTTP/1.1)
HTTP/1.1 200 OK
Content-Length: 95
Content-Type: application/json; charset=utf-8
cache-control: no-cache

12:23:40.839 [AsyncHttpClient-1-15] DEBUG org.asynchttpclient.netty.channel.ChannelManager - Adding key: http://localhost:30000 for channel [id: 0xd62ff213, L:/127.0.0.1:64828 - R:localhost/127.0.0.1:30000]
12:23:40.840 [AsyncHttpClient-1-1] DEBUG org.asynchttpclient.netty.channel.DefaultChannelPool - Entry count for : http://localhost:64830 : 1
12:23:40.840 [AsyncHttpClient-1-1] DEBUG org.asynchttpclient.netty.channel.DefaultChannelPool - Entry count for : http://localhost:30000 : 1
12:23:40.840 [Forwarding clearElement on session 5fa069fee67a52be252b5e9785711955 to remote] DEBUG org.asynchttpclient.netty.request.NettyRequestSender - Using pooled Channel '[id: 0xd62ff213, L:/127.0.0.1:64828 - R:localhost/127.0.0.1:30000]' for 'POST' to 'http://localhost:30000/session/5fa069fee67a52be252b5e9785711955/element/AC8FB3F8A2D1E04F290164188BA03E63_element_30/clear'
12:23:40.840 [Forwarding clearElement on session 5fa069fee67a52be252b5e9785711955 to remote] DEBUG org.asynchttpclient.netty.request.NettyRequestSender - Using open Channel [id: 0xd62ff213, L:/127.0.0.1:64828 - R:localhost/127.0.0.1:30000] for POST '/session/5fa069fee67a52be252b5e9785711955/element/AC8FB3F8A2D1E04F290164188BA03E63_element_30/clear'
12:23:40.878 [AsyncHttpClient-1-15] DEBUG org.asynchttpclient.netty.handler.HttpHandler - 

Request DefaultHttpRequest(decodeResult: success, version: HTTP/1.1)
POST /session/5fa069fee67a52be252b5e9785711955/element/AC8FB3F8A2D1E04F290164188BA03E63_element_30/clear HTTP/1.1
User-Agent: selenium/4.8.3 (java windows)
Content-Length: 57
Content-Type: application/json; charset=utf-8
host: localhost:30000
accept: */*

Response DefaultHttpResponse(decodeResult: success, version: HTTP/1.1)
HTTP/1.1 200 OK
Content-Length: 14
Content-Type: application/json; charset=utf-8
cache-control: no-cache

12:23:40.878 [AsyncHttpClient-1-15] DEBUG org.asynchttpclient.netty.channel.ChannelManager - Adding key: http://localhost:30000 for channel [id: 0xd62ff213, L:/127.0.0.1:64828 - R:localhost/127.0.0.1:30000]
12:23:40.879 [Forwarding findElement on session 5fa069fee67a52be252b5e9785711955 to remote] DEBUG org.asynchttpclient.netty.request.NettyRequestSender - Using pooled Channel '[id: 0xd62ff213, L:/127.0.0.1:64828 - R:localhost/127.0.0.1:30000]' for 'POST' to 'http://localhost:30000/session/5fa069fee67a52be252b5e9785711955/element'
12:23:40.879 [Forwarding findElement on session 5fa069fee67a52be252b5e9785711955 to remote] DEBUG org.asynchttpclient.netty.request.NettyRequestSender - Using open Channel [id: 0xd62ff213, L:/127.0.0.1:64828 - R:localhost/127.0.0.1:30000] for POST '/session/5fa069fee67a52be252b5e9785711955/element'
12:23:40.887 [AsyncHttpClient-1-15] DEBUG org.asynchttpclient.netty.handler.HttpHandler - 

Request DefaultHttpRequest(decodeResult: success, version: HTTP/1.1)
POST /session/5fa069fee67a52be252b5e9785711955/element HTTP/1.1
User-Agent: selenium/4.8.3 (java windows)
Content-Length: 59
Content-Type: application/json; charset=utf-8
host: localhost:30000
accept: */*

Response DefaultHttpResponse(decodeResult: success, version: HTTP/1.1)
HTTP/1.1 200 OK
Content-Length: 95
Content-Type: application/json; charset=utf-8
cache-control: no-cache

12:23:40.888 [AsyncHttpClient-1-15] DEBUG org.asynchttpclient.netty.channel.ChannelManager - Adding key: http://localhost:30000 for channel [id: 0xd62ff213, L:/127.0.0.1:64828 - R:localhost/127.0.0.1:30000]
12:23:40.889 [Forwarding sendKeysToElement on session 5fa069fee67a52be252b5e9785711955 to remote] DEBUG org.asynchttpclient.netty.request.NettyRequestSender - Using pooled Channel '[id: 0xd62ff213, L:/127.0.0.1:64828 - R:localhost/127.0.0.1:30000]' for 'POST' to 'http://localhost:30000/session/5fa069fee67a52be252b5e9785711955/element/AC8FB3F8A2D1E04F290164188BA03E63_element_30/value'
12:23:40.889 [Forwarding sendKeysToElement on session 5fa069fee67a52be252b5e9785711955 to remote] DEBUG org.asynchttpclient.netty.request.NettyRequestSender - Using open Channel [id: 0xd62ff213, L:/127.0.0.1:64828 - R:localhost/127.0.0.1:30000] for POST '/session/5fa069fee67a52be252b5e9785711955/element/AC8FB3F8A2D1E04F290164188BA03E63_element_30/value'
12:23:41.001 [AsyncHttpClient-1-15] DEBUG org.asynchttpclient.netty.handler.HttpHandler - 

Request DefaultHttpRequest(decodeResult: success, version: HTTP/1.1)
POST /session/5fa069fee67a52be252b5e9785711955/element/AC8FB3F8A2D1E04F290164188BA03E63_element_30/value HTTP/1.1
User-Agent: selenium/4.8.3 (java windows)
Content-Length: 188
Content-Type: application/json; charset=utf-8
host: localhost:30000
accept: */*

Response DefaultHttpResponse(decodeResult: success, version: HTTP/1.1)
HTTP/1.1 200 OK
Content-Length: 14
Content-Type: application/json; charset=utf-8
cache-control: no-cache

12:23:41.001 [AsyncHttpClient-1-15] DEBUG org.asynchttpclient.netty.channel.ChannelManager - Adding key: http://localhost:30000 for channel [id: 0xd62ff213, L:/127.0.0.1:64828 - R:localhost/127.0.0.1:30000]
12:23:41.002 [Forwarding findElement on session 5fa069fee67a52be252b5e9785711955 to remote] DEBUG org.asynchttpclient.netty.request.NettyRequestSender - Using pooled Channel '[id: 0xd62ff213, L:/127.0.0.1:64828 - R:localhost/127.0.0.1:30000]' for 'POST' to 'http://localhost:30000/session/5fa069fee67a52be252b5e9785711955/element'
12:23:41.002 [Forwarding findElement on session 5fa069fee67a52be252b5e9785711955 to remote] DEBUG org.asynchttpclient.netty.request.NettyRequestSender - Using open Channel [id: 0xd62ff213, L:/127.0.0.1:64828 - R:localhost/127.0.0.1:30000] for POST '/session/5fa069fee67a52be252b5e9785711955/element'
12:23:41.024 [AsyncHttpClient-1-15] DEBUG org.asynchttpclient.netty.handler.HttpHandler - 

Request DefaultHttpRequest(decodeResult: success, version: HTTP/1.1)
POST /session/5fa069fee67a52be252b5e9785711955/element HTTP/1.1
User-Agent: selenium/4.8.3 (java windows)
Content-Length: 62
Content-Type: application/json; charset=utf-8
host: localhost:30000
accept: */*

Response DefaultHttpResponse(decodeResult: success, version: HTTP/1.1)
HTTP/1.1 200 OK
Content-Length: 95
Content-Type: application/json; charset=utf-8
cache-control: no-cache

12:23:41.024 [AsyncHttpClient-1-15] DEBUG org.asynchttpclient.netty.channel.ChannelManager - Adding key: http://localhost:30000 for channel [id: 0xd62ff213, L:/127.0.0.1:64828 - R:localhost/127.0.0.1:30000]
12:23:41.026 [Forwarding clearElement on session 5fa069fee67a52be252b5e9785711955 to remote] DEBUG org.asynchttpclient.netty.request.NettyRequestSender - Using pooled Channel '[id: 0xd62ff213, L:/127.0.0.1:64828 - R:localhost/127.0.0.1:30000]' for 'POST' to 'http://localhost:30000/session/5fa069fee67a52be252b5e9785711955/element/AC8FB3F8A2D1E04F290164188BA03E63_element_32/clear'
12:23:41.026 [Forwarding clearElement on session 5fa069fee67a52be252b5e9785711955 to remote] DEBUG org.asynchttpclient.netty.request.NettyRequestSender - Using open Channel [id: 0xd62ff213, L:/127.0.0.1:64828 - R:localhost/127.0.0.1:30000] for POST '/session/5fa069fee67a52be252b5e9785711955/element/AC8FB3F8A2D1E04F290164188BA03E63_element_32/clear'
12:23:41.051 [AsyncHttpClient-1-15] DEBUG org.asynchttpclient.netty.handler.HttpHandler - 

Request DefaultHttpRequest(decodeResult: success, version: HTTP/1.1)
POST /session/5fa069fee67a52be252b5e9785711955/element/AC8FB3F8A2D1E04F290164188BA03E63_element_32/clear HTTP/1.1
User-Agent: selenium/4.8.3 (java windows)
Content-Length: 57
Content-Type: application/json; charset=utf-8
host: localhost:30000
accept: */*

Response DefaultHttpResponse(decodeResult: success, version: HTTP/1.1)
HTTP/1.1 200 OK
Content-Length: 14
Content-Type: application/json; charset=utf-8
cache-control: no-cache

12:23:41.051 [AsyncHttpClient-1-15] DEBUG org.asynchttpclient.netty.channel.ChannelManager - Adding key: http://localhost:30000 for channel [id: 0xd62ff213, L:/127.0.0.1:64828 - R:localhost/127.0.0.1:30000]
12:23:41.052 [Forwarding findElement on session 5fa069fee67a52be252b5e9785711955 to remote] DEBUG org.asynchttpclient.netty.request.NettyRequestSender - Using pooled Channel '[id: 0xd62ff213, L:/127.0.0.1:64828 - R:localhost/127.0.0.1:30000]' for 'POST' to 'http://localhost:30000/session/5fa069fee67a52be252b5e9785711955/element'
12:23:41.052 [Forwarding findElement on session 5fa069fee67a52be252b5e9785711955 to remote] DEBUG org.asynchttpclient.netty.request.NettyRequestSender - Using open Channel [id: 0xd62ff213, L:/127.0.0.1:64828 - R:localhost/127.0.0.1:30000] for POST '/session/5fa069fee67a52be252b5e9785711955/element'
12:23:41.059 [AsyncHttpClient-1-15] DEBUG org.asynchttpclient.netty.handler.HttpHandler - 

Request DefaultHttpRequest(decodeResult: success, version: HTTP/1.1)
POST /session/5fa069fee67a52be252b5e9785711955/element HTTP/1.1
User-Agent: selenium/4.8.3 (java windows)
Content-Length: 62
Content-Type: application/json; charset=utf-8
host: localhost:30000
accept: */*

Response DefaultHttpResponse(decodeResult: success, version: HTTP/1.1)
HTTP/1.1 200 OK
Content-Length: 95
Content-Type: application/json; charset=utf-8
cache-control: no-cache

12:23:41.059 [AsyncHttpClient-1-15] DEBUG org.asynchttpclient.netty.channel.ChannelManager - Adding key: http://localhost:30000 for channel [id: 0xd62ff213, L:/127.0.0.1:64828 - R:localhost/127.0.0.1:30000]
12:23:41.060 [Forwarding sendKeysToElement on session 5fa069fee67a52be252b5e9785711955 to remote] DEBUG org.asynchttpclient.netty.request.NettyRequestSender - Using pooled Channel '[id: 0xd62ff213, L:/127.0.0.1:64828 - R:localhost/127.0.0.1:30000]' for 'POST' to 'http://localhost:30000/session/5fa069fee67a52be252b5e9785711955/element/AC8FB3F8A2D1E04F290164188BA03E63_element_32/value'
12:23:41.060 [Forwarding sendKeysToElement on session 5fa069fee67a52be252b5e9785711955 to remote] DEBUG org.asynchttpclient.netty.request.NettyRequestSender - Using open Channel [id: 0xd62ff213, L:/127.0.0.1:64828 - R:localhost/127.0.0.1:30000] for POST '/session/5fa069fee67a52be252b5e9785711955/element/AC8FB3F8A2D1E04F290164188BA03E63_element_32/value'
12:23:41.127 [AsyncHttpClient-1-15] DEBUG org.asynchttpclient.netty.handler.HttpHandler - 

Request DefaultHttpRequest(decodeResult: success, version: HTTP/1.1)
POST /session/5fa069fee67a52be252b5e9785711955/element/AC8FB3F8A2D1E04F290164188BA03E63_element_32/value HTTP/1.1
User-Agent: selenium/4.8.3 (java windows)
Content-Length: 148
Content-Type: application/json; charset=utf-8
host: localhost:30000
accept: */*

Response DefaultHttpResponse(decodeResult: success, version: HTTP/1.1)
HTTP/1.1 200 OK
Content-Length: 14
Content-Type: application/json; charset=utf-8
cache-control: no-cache

12:23:41.128 [AsyncHttpClient-1-15] DEBUG org.asynchttpclient.netty.channel.ChannelManager - Adding key: http://localhost:30000 for channel [id: 0xd62ff213, L:/127.0.0.1:64828 - R:localhost/127.0.0.1:30000]
12:23:41.129 [Forwarding findElement on session 5fa069fee67a52be252b5e9785711955 to remote] DEBUG org.asynchttpclient.netty.request.NettyRequestSender - Using pooled Channel '[id: 0xd62ff213, L:/127.0.0.1:64828 - R:localhost/127.0.0.1:30000]' for 'POST' to 'http://localhost:30000/session/5fa069fee67a52be252b5e9785711955/element'
12:23:41.129 [Forwarding findElement on session 5fa069fee67a52be252b5e9785711955 to remote] DEBUG org.asynchttpclient.netty.request.NettyRequestSender - Using open Channel [id: 0xd62ff213, L:/127.0.0.1:64828 - R:localhost/127.0.0.1:30000] for POST '/session/5fa069fee67a52be252b5e9785711955/element'
12:23:41.142 [AsyncHttpClient-1-15] DEBUG org.asynchttpclient.netty.handler.HttpHandler - 

Request DefaultHttpRequest(decodeResult: success, version: HTTP/1.1)
POST /session/5fa069fee67a52be252b5e9785711955/element HTTP/1.1
User-Agent: selenium/4.8.3 (java windows)
Content-Length: 71
Content-Type: application/json; charset=utf-8
host: localhost:30000
accept: */*

Response DefaultHttpResponse(decodeResult: success, version: HTTP/1.1)
HTTP/1.1 200 OK
Content-Length: 95
Content-Type: application/json; charset=utf-8
cache-control: no-cache

12:23:41.142 [AsyncHttpClient-1-15] DEBUG org.asynchttpclient.netty.channel.ChannelManager - Adding key: http://localhost:30000 for channel [id: 0xd62ff213, L:/127.0.0.1:64828 - R:localhost/127.0.0.1:30000]
12:23:41.143 [Forwarding clickElement on session 5fa069fee67a52be252b5e9785711955 to remote] DEBUG org.asynchttpclient.netty.request.NettyRequestSender - Using pooled Channel '[id: 0xd62ff213, L:/127.0.0.1:64828 - R:localhost/127.0.0.1:30000]' for 'POST' to 'http://localhost:30000/session/5fa069fee67a52be252b5e9785711955/element/AC8FB3F8A2D1E04F290164188BA03E63_element_33/click'
12:23:41.143 [Forwarding clickElement on session 5fa069fee67a52be252b5e9785711955 to remote] DEBUG org.asynchttpclient.netty.request.NettyRequestSender - Using open Channel [id: 0xd62ff213, L:/127.0.0.1:64828 - R:localhost/127.0.0.1:30000] for POST '/session/5fa069fee67a52be252b5e9785711955/element/AC8FB3F8A2D1E04F290164188BA03E63_element_33/click'
12:23:41.185 [AsyncHttpClient-1-15] DEBUG org.asynchttpclient.netty.handler.HttpHandler - 

Request DefaultHttpRequest(decodeResult: success, version: HTTP/1.1)
POST /session/5fa069fee67a52be252b5e9785711955/element/AC8FB3F8A2D1E04F290164188BA03E63_element_33/click HTTP/1.1
User-Agent: selenium/4.8.3 (java windows)
Content-Length: 57
Content-Type: application/json; charset=utf-8
host: localhost:30000
accept: */*

Response DefaultHttpResponse(decodeResult: success, version: HTTP/1.1)
HTTP/1.1 200 OK
Content-Length: 14
Content-Type: application/json; charset=utf-8
cache-control: no-cache

12:23:41.185 [AsyncHttpClient-1-15] DEBUG org.asynchttpclient.netty.channel.ChannelManager - Adding key: http://localhost:30000 for channel [id: 0xd62ff213, L:/127.0.0.1:64828 - R:localhost/127.0.0.1:30000]
2023-06-09 12:23:41 INFO  BaseTest:126 - Logged in
12:23:41.186 [rp-io-98] DEBUG com.epam.reportportal.service.Launch - Starting test item...rp-io-98
2023-06-09 12:23:41 INFO  Listeners:34 - Started Test null
12:23:41.188 [Forwarding findElement on session 5fa069fee67a52be252b5e9785711955 to remote] DEBUG org.asynchttpclient.netty.request.NettyRequestSender - Using pooled Channel '[id: 0xd62ff213, L:/127.0.0.1:64828 - R:localhost/127.0.0.1:30000]' for 'POST' to 'http://localhost:30000/session/5fa069fee67a52be252b5e9785711955/element'
12:23:41.189 [Forwarding findElement on session 5fa069fee67a52be252b5e9785711955 to remote] DEBUG org.asynchttpclient.netty.request.NettyRequestSender - Using open Channel [id: 0xd62ff213, L:/127.0.0.1:64828 - R:localhost/127.0.0.1:30000] for POST '/session/5fa069fee67a52be252b5e9785711955/element'
12:23:41.209 [rp-io-95] DEBUG com.epam.reportportal.service.Launch - TestItem with ID = '7a137901-a582-42a8-af2b-796ef3ecf360' successfully finished.
12:23:41.209 [rp-io-95] DEBUG com.epam.reportportal.utils.SubscriptionUtils - Finish test item completed
12:23:41.215 [rp-io-98] DEBUG com.epam.reportportal.service.Launch - ReportPortal item with ID '176223c1-bbd2-4c7e-9ad0-b1d625b2e4e4' has been created
12:23:41.215 [rp-io-98] DEBUG com.epam.reportportal.utils.SubscriptionUtils - Start test item successfully completed
12:23:41.592 [AsyncHttpClient-1-15] DEBUG org.asynchttpclient.netty.handler.HttpHandler - 

Request DefaultHttpRequest(decodeResult: success, version: HTTP/1.1)
POST /session/5fa069fee67a52be252b5e9785711955/element HTTP/1.1
User-Agent: selenium/4.8.3 (java windows)
Content-Length: 168
Content-Type: application/json; charset=utf-8
host: localhost:30000
accept: */*

Response DefaultHttpResponse(decodeResult: success, version: HTTP/1.1)
HTTP/1.1 200 OK
Content-Length: 95
Content-Type: application/json; charset=utf-8
cache-control: no-cache

12:23:41.593 [AsyncHttpClient-1-15] DEBUG org.asynchttpclient.netty.channel.ChannelManager - Adding key: http://localhost:30000 for channel [id: 0xd62ff213, L:/127.0.0.1:64828 - R:localhost/127.0.0.1:30000]
12:23:41.593 [Forwarding clickElement on session 5fa069fee67a52be252b5e9785711955 to remote] DEBUG org.asynchttpclient.netty.request.NettyRequestSender - Using pooled Channel '[id: 0xd62ff213, L:/127.0.0.1:64828 - R:localhost/127.0.0.1:30000]' for 'POST' to 'http://localhost:30000/session/5fa069fee67a52be252b5e9785711955/element/AC8FB3F8A2D1E04F290164188BA03E63_element_47/click'
12:23:41.593 [Forwarding clickElement on session 5fa069fee67a52be252b5e9785711955 to remote] DEBUG org.asynchttpclient.netty.request.NettyRequestSender - Using open Channel [id: 0xd62ff213, L:/127.0.0.1:64828 - R:localhost/127.0.0.1:30000] for POST '/session/5fa069fee67a52be252b5e9785711955/element/AC8FB3F8A2D1E04F290164188BA03E63_element_47/click'
12:23:41.836 [AsyncHttpClient-1-15] DEBUG org.asynchttpclient.netty.handler.HttpHandler - 

Request DefaultHttpRequest(decodeResult: success, version: HTTP/1.1)
POST /session/5fa069fee67a52be252b5e9785711955/element/AC8FB3F8A2D1E04F290164188BA03E63_element_47/click HTTP/1.1
User-Agent: selenium/4.8.3 (java windows)
Content-Length: 57
Content-Type: application/json; charset=utf-8
host: localhost:30000
accept: */*

Response DefaultHttpResponse(decodeResult: success, version: HTTP/1.1)
HTTP/1.1 200 OK
Content-Length: 14
Content-Type: application/json; charset=utf-8
cache-control: no-cache

12:23:41.836 [AsyncHttpClient-1-15] DEBUG org.asynchttpclient.netty.channel.ChannelManager - Adding key: http://localhost:30000 for channel [id: 0xd62ff213, L:/127.0.0.1:64828 - R:localhost/127.0.0.1:30000]
12:23:41.837 [Forwarding findElement on session 5fa069fee67a52be252b5e9785711955 to remote] DEBUG org.asynchttpclient.netty.request.NettyRequestSender - Using pooled Channel '[id: 0xd62ff213, L:/127.0.0.1:64828 - R:localhost/127.0.0.1:30000]' for 'POST' to 'http://localhost:30000/session/5fa069fee67a52be252b5e9785711955/element'
12:23:41.837 [Forwarding findElement on session 5fa069fee67a52be252b5e9785711955 to remote] DEBUG org.asynchttpclient.netty.request.NettyRequestSender - Using open Channel [id: 0xd62ff213, L:/127.0.0.1:64828 - R:localhost/127.0.0.1:30000] for POST '/session/5fa069fee67a52be252b5e9785711955/element'
12:23:41.939 [AsyncHttpClient-1-1] DEBUG org.asynchttpclient.netty.channel.DefaultChannelPool - Entry count for : http://localhost:64830 : 1
12:23:43.038 [AsyncHttpClient-1-1] DEBUG org.asynchttpclient.netty.channel.DefaultChannelPool - Entry count for : http://localhost:64830 : 1
12:23:44.138 [AsyncHttpClient-1-1] DEBUG org.asynchttpclient.netty.channel.DefaultChannelPool - Entry count for : http://localhost:64830 : 1
12:23:45.239 [AsyncHttpClient-1-1] DEBUG org.asynchttpclient.netty.channel.DefaultChannelPool - Entry count for : http://localhost:64830 : 1
12:23:45.981 [AsyncHttpClient-1-15] DEBUG org.asynchttpclient.netty.handler.HttpHandler - 

Request DefaultHttpRequest(decodeResult: success, version: HTTP/1.1)
POST /session/5fa069fee67a52be252b5e9785711955/element HTTP/1.1
User-Agent: selenium/4.8.3 (java windows)
Content-Length: 81
Content-Type: application/json; charset=utf-8
host: localhost:30000
accept: */*

Response DefaultHttpResponse(decodeResult: success, version: HTTP/1.1)
HTTP/1.1 404 Not Found
Content-Length: 971
Content-Type: application/json; charset=utf-8
cache-control: no-cache

12:23:45.981 [AsyncHttpClient-1-15] DEBUG org.asynchttpclient.netty.channel.ChannelManager - Adding key: http://localhost:30000 for channel [id: 0xd62ff213, L:/127.0.0.1:64828 - R:localhost/127.0.0.1:30000]
2023-06-09 12:23:45 INFO  Listeners:55 - Skipped test null
12:23:45.982 [main] ERROR com.epam.reportportal.service.Launch - Item io.reactivex.internal.operators.maybe.MaybeCache@5f6dd89c not found in the cache
]]></system-out>
    <system-err><![CDATA[Starting ChromeDriver 114.0.5735.90 (386bc09e8f4f2e025eddae123f36f6263096ae49-refs/branch-heads/5735@{#1052}) on port 30000
Only local connections are allowed.
Please see https://chromedriver.chromium.org/security-considerations for suggestions on keeping ChromeDriver safe.
ChromeDriver was started successfully.
Jun 09, 2023 12:23:39 PM org.openqa.selenium.devtools.CdpVersionFinder findNearestMatch
WARNING: Unable to find an exact match for CDP version 114, so returning the closest version found: 111
]]></system-err>
  </testcase>
  <testcase name="searchDashboardNameDP[PASSING RATE SUMMARY](17)" classname="alltests.uitest.coreTest.DashboardPageTest" time="4.734">
    <failure message="no such element: Unable to locate element: {&quot;method&quot;:&quot;xpath&quot;,&quot;selector&quot;:&quot;//*[text()=&apos;PASSING RATE SUMMARY&apos;]&quot;}&#10;  (Session info: chrome=114.0.5735.110)&#10;For documentation on this error, please visit: https://selenium.dev/exceptions/#no_such_element&#10;Build info: version: &apos;4.8.3&apos;, revision: &apos;e5e76298c3&apos;&#10;System info: os.name: &apos;Windows 10&apos;, os.arch: &apos;amd64&apos;, os.version: &apos;10.0&apos;, java.version: &apos;17.0.3.1&apos;&#10;Driver info: org.openqa.selenium.chrome.ChromeDriver&#10;Command: [a9bd18c734a3247e86e93563ecf5d6ea, findElement {using=xpath, value=//*[text()=&apos;PASSING RATE SUMMARY&apos;]}]&#10;Capabilities {acceptInsecureCerts: false, browserName: chrome, browserVersion: 114.0.5735.110, chrome: {chromedriverVersion: 114.0.5735.90 (386bc09e8f4f..., userDataDir: C:\Users\SUWARN~1\AppData\L...}, goog:chromeOptions: {debuggerAddress: localhost:64871}, networkConnectionEnabled: false, pageLoadStrategy: normal, platformName: WINDOWS, proxy: Proxy(), se:cdp: ws://localhost:64871/devtoo..., se:cdpVersion: 114.0.5735.110, setWindowRect: true, strictFileInteractability: false, timeouts: {implicit: 0, pageLoad: 300000, script: 30000}, unhandledPromptBehavior: dismiss and notify, webauthn:extension:credBlob: true, webauthn:extension:largeBlob: true, webauthn:extension:minPinLength: true, webauthn:extension:prf: true, webauthn:virtualAuthenticators: true}&#10;Session ID: a9bd18c734a3247e86e93563ecf5d6ea" type="org.openqa.selenium.NoSuchElementException"><![CDATA[org.openqa.selenium.NoSuchElementException: 
no such element: Unable to locate element: {"method":"xpath","selector":"//*[text()='PASSING RATE SUMMARY']"}
  (Session info: chrome=114.0.5735.110)
For documentation on this error, please visit: https://selenium.dev/exceptions/#no_such_element
Build info: version: '4.8.3', revision: 'e5e76298c3'
System info: os.name: 'Windows 10', os.arch: 'amd64', os.version: '10.0', java.version: '17.0.3.1'
Driver info: org.openqa.selenium.chrome.ChromeDriver
Command: [a9bd18c734a3247e86e93563ecf5d6ea, findElement {using=xpath, value=//*[text()='PASSING RATE SUMMARY']}]
Capabilities {acceptInsecureCerts: false, browserName: chrome, browserVersion: 114.0.5735.110, chrome: {chromedriverVersion: 114.0.5735.90 (386bc09e8f4f..., userDataDir: C:\Users\SUWARN~1\AppData\L...}, goog:chromeOptions: {debuggerAddress: localhost:64871}, networkConnectionEnabled: false, pageLoadStrategy: normal, platformName: WINDOWS, proxy: Proxy(), se:cdp: ws://localhost:64871/devtoo..., se:cdpVersion: 114.0.5735.110, setWindowRect: true, strictFileInteractability: false, timeouts: {implicit: 0, pageLoad: 300000, script: 30000}, unhandledPromptBehavior: dismiss and notify, webauthn:extension:credBlob: true, webauthn:extension:largeBlob: true, webauthn:extension:minPinLength: true, webauthn:extension:prf: true, webauthn:virtualAuthenticators: true}
Session ID: a9bd18c734a3247e86e93563ecf5d6ea
	at java.base/jdk.internal.reflect.NativeConstructorAccessorImpl.newInstance0(Native Method)
	at java.base/jdk.internal.reflect.NativeConstructorAccessorImpl.newInstance(NativeConstructorAccessorImpl.java:77)
	at java.base/jdk.internal.reflect.DelegatingConstructorAccessorImpl.newInstance(DelegatingConstructorAccessorImpl.java:45)
	at java.base/java.lang.reflect.Constructor.newInstanceWithCaller(Constructor.java:499)
	at java.base/java.lang.reflect.Constructor.newInstance(Constructor.java:480)
	at org.openqa.selenium.remote.codec.w3c.W3CHttpResponseCodec.createException(W3CHttpResponseCodec.java:200)
	at org.openqa.selenium.remote.codec.w3c.W3CHttpResponseCodec.decode(W3CHttpResponseCodec.java:133)
	at org.openqa.selenium.remote.codec.w3c.W3CHttpResponseCodec.decode(W3CHttpResponseCodec.java:53)
	at org.openqa.selenium.remote.HttpCommandExecutor.execute(HttpCommandExecutor.java:193)
	at org.openqa.selenium.remote.service.DriverCommandExecutor.invokeExecute(DriverCommandExecutor.java:183)
	at org.openqa.selenium.remote.service.DriverCommandExecutor.execute(DriverCommandExecutor.java:158)
	at org.openqa.selenium.remote.RemoteWebDriver.execute(RemoteWebDriver.java:543)
	at org.openqa.selenium.remote.ElementLocation$ElementFinder$2.findElement(ElementLocation.java:162)
	at org.openqa.selenium.remote.ElementLocation.findElement(ElementLocation.java:60)
	at org.openqa.selenium.remote.RemoteWebDriver.findElement(RemoteWebDriver.java:352)
	at org.openqa.selenium.remote.RemoteWebDriver.findElement(RemoteWebDriver.java:344)
	at pageobject.DemoDashboard.verifyNamesOfWidgetPresetOnDemoDashboard(DemoDashboard.java:31)
	at alltests.uitest.coreTest.DashboardPageTest.searchDashboardNameDP(DashboardPageTest.java:42)
	at jdk.internal.reflect.GeneratedMethodAccessor127.invoke(Unknown Source)
	at java.base/jdk.internal.reflect.DelegatingMethodAccessorImpl.invoke(DelegatingMethodAccessorImpl.java:43)
	at java.base/java.lang.reflect.Method.invoke(Method.java:568)
	at org.testng.internal.invokers.MethodInvocationHelper.invokeMethod(MethodInvocationHelper.java:139)
	at org.testng.internal.invokers.TestInvoker.invokeMethod(TestInvoker.java:677)
	at org.testng.internal.invokers.TestInvoker.retryFailed(TestInvoker.java:263)
	at org.testng.internal.invokers.MethodRunner.runInSequence(MethodRunner.java:62)
	at org.testng.internal.invokers.TestInvoker$MethodInvocationAgent.invoke(TestInvoker.java:969)
	at org.testng.internal.invokers.TestInvoker.invokeTestMethods(TestInvoker.java:194)
	at org.testng.internal.invokers.TestMethodWorker.invokeTestMethods(TestMethodWorker.java:148)
	at org.testng.internal.invokers.TestMethodWorker.run(TestMethodWorker.java:128)
	at java.base/java.util.ArrayList.forEach(ArrayList.java:1511)
	at org.testng.TestRunner.privateRun(TestRunner.java:829)
	at org.testng.TestRunner.run(TestRunner.java:602)
	at org.testng.SuiteRunner.runTest(SuiteRunner.java:437)
	at org.testng.SuiteRunner.runSequentially(SuiteRunner.java:431)
	at org.testng.SuiteRunner.privateRun(SuiteRunner.java:391)
	at org.testng.SuiteRunner.run(SuiteRunner.java:330)
	at org.testng.SuiteRunnerWorker.runSuite(SuiteRunnerWorker.java:52)
	at org.testng.SuiteRunnerWorker.run(SuiteRunnerWorker.java:95)
	at org.testng.TestNG.runSuitesSequentially(TestNG.java:1256)
	at org.testng.TestNG.runSuitesLocally(TestNG.java:1176)
	at org.testng.TestNG.runSuites(TestNG.java:1099)
	at org.testng.TestNG.run(TestNG.java:1067)
	at org.apache.maven.surefire.testng.TestNGExecutor.run(TestNGExecutor.java:308)
	at org.apache.maven.surefire.testng.TestNGXmlTestSuite.execute(TestNGXmlTestSuite.java:71)
	at org.apache.maven.surefire.testng.TestNGProvider.invoke(TestNGProvider.java:113)
	at org.apache.maven.surefire.booter.ForkedBooter.runSuitesInProcess(ForkedBooter.java:385)
	at org.apache.maven.surefire.booter.ForkedBooter.execute(ForkedBooter.java:162)
	at org.apache.maven.surefire.booter.ForkedBooter.run(ForkedBooter.java:507)
	at org.apache.maven.surefire.booter.ForkedBooter.main(ForkedBooter.java:495)
]]></failure>
    <system-out><![CDATA[12:23:45.983 [rp-io-99] DEBUG com.epam.reportportal.service.Launch - Starting test item...rp-io-99
12:23:45.985 [AsyncHttpClient-1-17] DEBUG org.asynchttpclient.netty.handler.WebSocketHandler - Channel Closed: [id: 0x50416381, L:/127.0.0.1:64839 ! R:localhost/127.0.0.1:64830] with attribute NettyResponseFuture{currentRetry=0,
	isDone=1,
	isCancelled=0,
	asyncHandler=org.asynchttpclient.ws.WebSocketUpgradeHandler@56b45cbf,
	nettyRequest=org.asynchttpclient.netty.request.NettyRequest@3de40f3f,
	future=java.util.concurrent.CompletableFuture@6567a66d[Completed normally],
	uri=ws://localhost:64830/devtools/browser/5e1aeacc-0e54-430c-bef5-c697f4756aed,
	keepAlive=true,
	redirectCount=0,
	timeoutsHolder=null,
	inAuth=0,
	touch=1686306219166}
12:23:45.985 [AsyncHttpClient-1-17] DEBUG org.asynchttpclient.netty.channel.ChannelManager - Closing Channel [id: 0x50416381, L:/127.0.0.1:64839 ! R:localhost/127.0.0.1:64830] 
12:23:45.985 [Driver Command Executor] DEBUG org.asynchttpclient.netty.request.NettyRequestSender - Using pooled Channel '[id: 0xd62ff213, L:/127.0.0.1:64828 - R:localhost/127.0.0.1:30000]' for 'DELETE' to 'http://localhost:30000/session/5fa069fee67a52be252b5e9785711955'
12:23:45.985 [Driver Command Executor] DEBUG org.asynchttpclient.netty.request.NettyRequestSender - Using open Channel [id: 0xd62ff213, L:/127.0.0.1:64828 - R:localhost/127.0.0.1:30000] for DELETE '/session/5fa069fee67a52be252b5e9785711955'
12:23:46.000 [rp-io-92] DEBUG com.epam.reportportal.service.Launch - TestItem with ID = '176223c1-bbd2-4c7e-9ad0-b1d625b2e4e4' successfully finished.
12:23:46.000 [rp-io-92] DEBUG com.epam.reportportal.utils.SubscriptionUtils - Finish test item completed
12:23:46.010 [rp-io-9] DEBUG com.epam.reportportal.service.Launch - TestItem with ID = '7a137901-a582-42a8-af2b-796ef3ecf360' successfully finished.
12:23:46.010 [rp-io-99] DEBUG com.epam.reportportal.service.Launch - ReportPortal item with ID '06bdbfb6-bfd1-44b2-a426-016be8923ebc' has been created
12:23:46.010 [rp-io-9] DEBUG com.epam.reportportal.utils.SubscriptionUtils - Finish test item completed
12:23:46.010 [rp-io-99] DEBUG com.epam.reportportal.utils.SubscriptionUtils - Start test item successfully completed
12:23:46.036 [AsyncHttpClient-1-16] DEBUG org.asynchttpclient.netty.handler.HttpHandler - Unexpected I/O exception on channel [id: 0xf8f0ff3c, L:/127.0.0.1:64838 - R:localhost/127.0.0.1:64830]
java.net.SocketException: Connection reset
	at java.base/sun.nio.ch.SocketChannelImpl.throwConnectionReset(SocketChannelImpl.java:394)
	at java.base/sun.nio.ch.SocketChannelImpl.read(SocketChannelImpl.java:426)
	at io.netty.buffer.PooledByteBuf.setBytes(PooledByteBuf.java:256)
	at io.netty.buffer.AbstractByteBuf.writeBytes(AbstractByteBuf.java:1132)
	at io.netty.channel.socket.nio.NioSocketChannel.doReadBytes(NioSocketChannel.java:357)
	at io.netty.channel.nio.AbstractNioByteChannel$NioByteUnsafe.read(AbstractNioByteChannel.java:151)
	at io.netty.channel.nio.NioEventLoop.processSelectedKey(NioEventLoop.java:788)
	at io.netty.channel.nio.NioEventLoop.processSelectedKeysOptimized(NioEventLoop.java:724)
	at io.netty.channel.nio.NioEventLoop.processSelectedKeys(NioEventLoop.java:650)
	at io.netty.channel.nio.NioEventLoop.run(NioEventLoop.java:562)
	at io.netty.util.concurrent.SingleThreadEventExecutor$4.run(SingleThreadEventExecutor.java:997)
	at io.netty.util.internal.ThreadExecutorMap$2.run(ThreadExecutorMap.java:74)
	at io.netty.util.concurrent.FastThreadLocalRunnable.run(FastThreadLocalRunnable.java:30)
	at java.base/java.lang.Thread.run(Thread.java:833)
12:23:46.036 [AsyncHttpClient-1-16] DEBUG org.asynchttpclient.netty.channel.ChannelManager - Closing Channel [id: 0xf8f0ff3c, L:/127.0.0.1:64838 - R:localhost/127.0.0.1:64830] 
12:23:46.036 [AsyncHttpClient-1-16] DEBUG org.asynchttpclient.netty.handler.HttpHandler - Channel Closed: [id: 0xf8f0ff3c, L:/127.0.0.1:64838 ! R:localhost/127.0.0.1:64830] with attribute DISCARD
12:23:46.055 [AsyncHttpClient-1-15] DEBUG org.asynchttpclient.netty.handler.HttpHandler - 

Request DefaultFullHttpRequest(decodeResult: success, version: HTTP/1.1, content: EmptyByteBufBE)
DELETE /session/5fa069fee67a52be252b5e9785711955 HTTP/1.1
User-Agent: selenium/4.8.3 (java windows)
Content-Type: application/json; charset=utf-8
host: localhost:30000
accept: */*

Response DefaultHttpResponse(decodeResult: success, version: HTTP/1.1)
HTTP/1.1 200 OK
Content-Length: 14
Content-Type: application/json; charset=utf-8
cache-control: no-cache

12:23:46.055 [AsyncHttpClient-1-15] DEBUG org.asynchttpclient.netty.channel.ChannelManager - Adding key: http://localhost:30000 for channel [id: 0xd62ff213, L:/127.0.0.1:64828 - R:localhost/127.0.0.1:30000]
12:23:46.099 [AsyncHttpClient-1-15] DEBUG org.asynchttpclient.netty.handler.HttpHandler - Channel Closed: [id: 0xd62ff213, L:/127.0.0.1:64828 ! R:localhost/127.0.0.1:30000] with attribute DISCARD
2023-06-09 12:23:46 INFO  BaseTest:83 - Test executed**********
12:23:46.138 [rp-io-11] DEBUG com.epam.reportportal.service.Launch - Starting test item...rp-io-11
2023-06-09 12:23:46 INFO  BaseTest:110 - Property files loaded successfully**********
12:23:46.145 [main] DEBUG io.github.bonigarcia.wdm.cache.ResolutionCache - Resolution chrome=114 in cache (valid until 13:14:48 09/06/2023 CEST)
12:23:46.145 [main] DEBUG io.github.bonigarcia.wdm.cache.ResolutionCache - Resolution chrome114=114.0.5735.90 in cache (valid until 12:14:48 10/06/2023 CEST)
12:23:46.145 [main] INFO io.github.bonigarcia.wdm.WebDriverManager - Using chromedriver 114.0.5735.90 (resolved driver for Chrome 114)
12:23:46.149 [main] DEBUG io.github.bonigarcia.wdm.WebDriverManager - Driver chromedriver 114.0.5735.90 found in cache
12:23:46.149 [main] INFO io.github.bonigarcia.wdm.WebDriverManager - Exporting webdriver.chrome.driver as C:\Users\Suwarna_Wagh\.cache\selenium\chromedriver\win32\114.0.5735.90\chromedriver.exe
12:23:46.150 [rp-io-12] DEBUG com.epam.reportportal.service.Launch - TestItem with ID = '06bdbfb6-bfd1-44b2-a426-016be8923ebc' successfully finished.
12:23:46.150 [rp-io-12] DEBUG com.epam.reportportal.utils.SubscriptionUtils - Finish test item completed
12:23:46.157 [rp-io-11] DEBUG com.epam.reportportal.service.Launch - ReportPortal item with ID 'a1ec7988-dd6d-462e-aaf2-ad5738bbec55' has been created
12:23:46.157 [rp-io-11] DEBUG com.epam.reportportal.utils.SubscriptionUtils - Start test item successfully completed
12:23:46.225 [AsyncHttpClient-1-2] DEBUG org.asynchttpclient.netty.channel.NettyConnectListener - Using new Channel '[id: 0x96bb6e2a, L:/127.0.0.1:64869 - R:localhost/127.0.0.1:14205]' for 'POST' to '/session'
12:23:46.340 [AsyncHttpClient-1-1] DEBUG org.asynchttpclient.netty.channel.DefaultChannelPool - Entry count for : http://localhost:64830 : 1
12:23:46.340 [AsyncHttpClient-1-1] DEBUG org.asynchttpclient.netty.channel.DefaultChannelPool - Entry count for : http://localhost:30000 : 1
12:23:46.340 [AsyncHttpClient-1-1] DEBUG org.asynchttpclient.netty.channel.DefaultChannelPool - Adding Candidate expired Channel [id: 0xf8f0ff3c, L:/127.0.0.1:64838 ! R:localhost/127.0.0.1:64830] isIdleTimeoutExpired=false isRemotelyClosed=true isTtlExpired=false
12:23:46.340 [AsyncHttpClient-1-1] DEBUG org.asynchttpclient.netty.channel.DefaultChannelPool - Closing Idle Channel [id: 0xf8f0ff3c, L:/127.0.0.1:64838 ! R:localhost/127.0.0.1:64830]
12:23:46.340 [AsyncHttpClient-1-1] DEBUG org.asynchttpclient.netty.channel.DefaultChannelPool - Adding Candidate expired Channel [id: 0xd62ff213, L:/127.0.0.1:64828 ! R:localhost/127.0.0.1:30000] isIdleTimeoutExpired=false isRemotelyClosed=true isTtlExpired=false
12:23:46.340 [AsyncHttpClient-1-1] DEBUG org.asynchttpclient.netty.channel.DefaultChannelPool - Closing Idle Channel [id: 0xd62ff213, L:/127.0.0.1:64828 ! R:localhost/127.0.0.1:30000]
12:23:46.340 [AsyncHttpClient-1-1] DEBUG org.asynchttpclient.netty.channel.DefaultChannelPool - Closed 2 connections out of 2 in 0 ms
12:23:46.941 [AsyncHttpClient-1-2] DEBUG org.asynchttpclient.netty.handler.HttpHandler - 

Request DefaultHttpRequest(decodeResult: success, version: HTTP/1.1)
POST /session HTTP/1.1
User-Agent: selenium/4.8.3 (java windows)
Content-Length: 439
Content-Type: application/json; charset=utf-8
host: localhost:14205
accept: */*

Response DefaultHttpResponse(decodeResult: success, version: HTTP/1.1)
HTTP/1.1 200 OK
Content-Length: 863
Content-Type: application/json; charset=utf-8
cache-control: no-cache

12:23:46.941 [AsyncHttpClient-1-2] DEBUG org.asynchttpclient.netty.channel.ChannelManager - Adding key: http://localhost:14205 for channel [id: 0x96bb6e2a, L:/127.0.0.1:64869 - R:localhost/127.0.0.1:14205]
12:23:46.944 [AsyncHttpClient-1-3] DEBUG org.asynchttpclient.netty.channel.NettyConnectListener - Using new Channel '[id: 0x799d6c7c, L:/127.0.0.1:64877 - R:localhost/127.0.0.1:64871]' for 'GET' to '/json/version'
12:23:46.945 [AsyncHttpClient-1-3] DEBUG org.asynchttpclient.netty.handler.HttpHandler - 

Request DefaultFullHttpRequest(decodeResult: success, version: HTTP/1.1, content: EmptyByteBufBE)
GET /json/version HTTP/1.1
User-Agent: selenium/4.8.3 (java windows)
host: localhost:64871
accept: */*

Response DefaultHttpResponse(decodeResult: success, version: HTTP/1.1)
HTTP/1.1 200 OK
Content-Security-Policy: frame-ancestors 'none'
Content-Length: 424
Content-Type: application/json; charset=UTF-8

12:23:46.945 [AsyncHttpClient-1-3] DEBUG org.asynchttpclient.netty.channel.ChannelManager - Adding key: http://localhost:64871 for channel [id: 0x799d6c7c, L:/127.0.0.1:64877 - R:localhost/127.0.0.1:64871]
12:23:46.947 [AsyncHttpClient-1-4] DEBUG org.asynchttpclient.netty.channel.NettyConnectListener - Using new Channel '[id: 0x3f35e284, L:/127.0.0.1:64878 - R:localhost/127.0.0.1:64871]' for 'GET' to '/devtools/browser/e64b84c7-b56f-4bda-b02c-814cfcbd16bf'
12:23:46.948 [AsyncHttpClient-1-4] DEBUG org.asynchttpclient.netty.handler.WebSocketHandler - 

Request DefaultFullHttpRequest(decodeResult: success, version: HTTP/1.1, content: EmptyByteBufBE)
GET /devtools/browser/e64b84c7-b56f-4bda-b02c-814cfcbd16bf HTTP/1.1
upgrade: websocket
connection: upgrade
sec-websocket-key: JoTm1NXB+aYx9HeYuHGuNw==
sec-websocket-version: 13
origin: http://localhost:64871
host: localhost:64871
accept: */*
user-agent: AHC/2.1

Response DefaultHttpResponse(decodeResult: success, version: HTTP/1.1)
HTTP/1.1 101 WebSocket Protocol Handshake
Upgrade: WebSocket
Connection: Upgrade
Sec-WebSocket-Accept: GH6BmqSKUD3ATSnyAxy9tJKWDIs=

12:23:46.951 [Forwarding setTimeout on session a9bd18c734a3247e86e93563ecf5d6ea to remote] DEBUG org.asynchttpclient.netty.request.NettyRequestSender - Using pooled Channel '[id: 0x96bb6e2a, L:/127.0.0.1:64869 - R:localhost/127.0.0.1:14205]' for 'POST' to 'http://localhost:14205/session/a9bd18c734a3247e86e93563ecf5d6ea/timeouts'
12:23:46.951 [Forwarding setTimeout on session a9bd18c734a3247e86e93563ecf5d6ea to remote] DEBUG org.asynchttpclient.netty.request.NettyRequestSender - Using open Channel [id: 0x96bb6e2a, L:/127.0.0.1:64869 - R:localhost/127.0.0.1:14205] for POST '/session/a9bd18c734a3247e86e93563ecf5d6ea/timeouts'
12:23:46.952 [AsyncHttpClient-1-2] DEBUG org.asynchttpclient.netty.handler.HttpHandler - 

Request DefaultHttpRequest(decodeResult: success, version: HTTP/1.1)
POST /session/a9bd18c734a3247e86e93563ecf5d6ea/timeouts HTTP/1.1
User-Agent: selenium/4.8.3 (java windows)
Content-Length: 22
Content-Type: application/json; charset=utf-8
host: localhost:14205
accept: */*

Response DefaultHttpResponse(decodeResult: success, version: HTTP/1.1)
HTTP/1.1 200 OK
Content-Length: 14
Content-Type: application/json; charset=utf-8
cache-control: no-cache

12:23:46.952 [AsyncHttpClient-1-2] DEBUG org.asynchttpclient.netty.channel.ChannelManager - Adding key: http://localhost:14205 for channel [id: 0x96bb6e2a, L:/127.0.0.1:64869 - R:localhost/127.0.0.1:14205]
12:23:46.952 [Forwarding maximizeCurrentWindow on session a9bd18c734a3247e86e93563ecf5d6ea to remote] DEBUG org.asynchttpclient.netty.request.NettyRequestSender - Using pooled Channel '[id: 0x96bb6e2a, L:/127.0.0.1:64869 - R:localhost/127.0.0.1:14205]' for 'POST' to 'http://localhost:14205/session/a9bd18c734a3247e86e93563ecf5d6ea/window/maximize'
12:23:46.952 [Forwarding maximizeCurrentWindow on session a9bd18c734a3247e86e93563ecf5d6ea to remote] DEBUG org.asynchttpclient.netty.request.NettyRequestSender - Using open Channel [id: 0x96bb6e2a, L:/127.0.0.1:64869 - R:localhost/127.0.0.1:14205] for POST '/session/a9bd18c734a3247e86e93563ecf5d6ea/window/maximize'
12:23:47.072 [AsyncHttpClient-1-2] DEBUG org.asynchttpclient.netty.handler.HttpHandler - 

Request DefaultHttpRequest(decodeResult: success, version: HTTP/1.1)
POST /session/a9bd18c734a3247e86e93563ecf5d6ea/window/maximize HTTP/1.1
User-Agent: selenium/4.8.3 (java windows)
Content-Length: 3
Content-Type: application/json; charset=utf-8
host: localhost:14205
accept: */*

Response DefaultHttpResponse(decodeResult: success, version: HTTP/1.1)
HTTP/1.1 200 OK
Content-Length: 51
Content-Type: application/json; charset=utf-8
cache-control: no-cache

12:23:47.072 [AsyncHttpClient-1-2] DEBUG org.asynchttpclient.netty.channel.ChannelManager - Adding key: http://localhost:14205 for channel [id: 0x96bb6e2a, L:/127.0.0.1:64869 - R:localhost/127.0.0.1:14205]
12:23:47.072 [Forwarding get on session a9bd18c734a3247e86e93563ecf5d6ea to remote] DEBUG org.asynchttpclient.netty.request.NettyRequestSender - Using pooled Channel '[id: 0x96bb6e2a, L:/127.0.0.1:64869 - R:localhost/127.0.0.1:14205]' for 'POST' to 'http://localhost:14205/session/a9bd18c734a3247e86e93563ecf5d6ea/url'
12:23:47.072 [Forwarding get on session a9bd18c734a3247e86e93563ecf5d6ea to remote] DEBUG org.asynchttpclient.netty.request.NettyRequestSender - Using open Channel [id: 0x96bb6e2a, L:/127.0.0.1:64869 - R:localhost/127.0.0.1:14205] for POST '/session/a9bd18c734a3247e86e93563ecf5d6ea/url'
12:23:47.439 [AsyncHttpClient-1-1] DEBUG org.asynchttpclient.netty.channel.DefaultChannelPool - Entry count for : http://localhost:64871 : 1
12:23:48.230 [AsyncHttpClient-1-2] DEBUG org.asynchttpclient.netty.handler.HttpHandler - 

Request DefaultHttpRequest(decodeResult: success, version: HTTP/1.1)
POST /session/a9bd18c734a3247e86e93563ecf5d6ea/url HTTP/1.1
User-Agent: selenium/4.8.3 (java windows)
Content-Length: 52
Content-Type: application/json; charset=utf-8
host: localhost:14205
accept: */*

Response DefaultHttpResponse(decodeResult: success, version: HTTP/1.1)
HTTP/1.1 200 OK
Content-Length: 14
Content-Type: application/json; charset=utf-8
cache-control: no-cache

12:23:48.230 [AsyncHttpClient-1-2] DEBUG org.asynchttpclient.netty.channel.ChannelManager - Adding key: http://localhost:14205 for channel [id: 0x96bb6e2a, L:/127.0.0.1:64869 - R:localhost/127.0.0.1:14205]
2023-06-09 12:23:48 INFO  BaseTest:104 - Test driver set up done successfully**********
2023-06-09 12:23:48 INFO  BaseTest:122 - Logging in to portal
12:23:48.232 [Forwarding findElement on session a9bd18c734a3247e86e93563ecf5d6ea to remote] DEBUG org.asynchttpclient.netty.request.NettyRequestSender - Using pooled Channel '[id: 0x96bb6e2a, L:/127.0.0.1:64869 - R:localhost/127.0.0.1:14205]' for 'POST' to 'http://localhost:14205/session/a9bd18c734a3247e86e93563ecf5d6ea/element'
12:23:48.232 [Forwarding findElement on session a9bd18c734a3247e86e93563ecf5d6ea to remote] DEBUG org.asynchttpclient.netty.request.NettyRequestSender - Using open Channel [id: 0x96bb6e2a, L:/127.0.0.1:64869 - R:localhost/127.0.0.1:14205] for POST '/session/a9bd18c734a3247e86e93563ecf5d6ea/element'
12:23:48.243 [AsyncHttpClient-1-2] DEBUG org.asynchttpclient.netty.handler.HttpHandler - 

Request DefaultHttpRequest(decodeResult: success, version: HTTP/1.1)
POST /session/a9bd18c734a3247e86e93563ecf5d6ea/element HTTP/1.1
User-Agent: selenium/4.8.3 (java windows)
Content-Length: 59
Content-Type: application/json; charset=utf-8
host: localhost:14205
accept: */*

Response DefaultHttpResponse(decodeResult: success, version: HTTP/1.1)
HTTP/1.1 200 OK
Content-Length: 95
Content-Type: application/json; charset=utf-8
cache-control: no-cache

12:23:48.244 [AsyncHttpClient-1-2] DEBUG org.asynchttpclient.netty.channel.ChannelManager - Adding key: http://localhost:14205 for channel [id: 0x96bb6e2a, L:/127.0.0.1:64869 - R:localhost/127.0.0.1:14205]
12:23:48.245 [Forwarding clearElement on session a9bd18c734a3247e86e93563ecf5d6ea to remote] DEBUG org.asynchttpclient.netty.request.NettyRequestSender - Using pooled Channel '[id: 0x96bb6e2a, L:/127.0.0.1:64869 - R:localhost/127.0.0.1:14205]' for 'POST' to 'http://localhost:14205/session/a9bd18c734a3247e86e93563ecf5d6ea/element/C9ADF00DB530E37AB4EB9131CA7EF500_element_26/clear'
12:23:48.245 [Forwarding clearElement on session a9bd18c734a3247e86e93563ecf5d6ea to remote] DEBUG org.asynchttpclient.netty.request.NettyRequestSender - Using open Channel [id: 0x96bb6e2a, L:/127.0.0.1:64869 - R:localhost/127.0.0.1:14205] for POST '/session/a9bd18c734a3247e86e93563ecf5d6ea/element/C9ADF00DB530E37AB4EB9131CA7EF500_element_26/clear'
12:23:48.282 [AsyncHttpClient-1-2] DEBUG org.asynchttpclient.netty.handler.HttpHandler - 

Request DefaultHttpRequest(decodeResult: success, version: HTTP/1.1)
POST /session/a9bd18c734a3247e86e93563ecf5d6ea/element/C9ADF00DB530E37AB4EB9131CA7EF500_element_26/clear HTTP/1.1
User-Agent: selenium/4.8.3 (java windows)
Content-Length: 57
Content-Type: application/json; charset=utf-8
host: localhost:14205
accept: */*

Response DefaultHttpResponse(decodeResult: success, version: HTTP/1.1)
HTTP/1.1 200 OK
Content-Length: 14
Content-Type: application/json; charset=utf-8
cache-control: no-cache

12:23:48.282 [AsyncHttpClient-1-2] DEBUG org.asynchttpclient.netty.channel.ChannelManager - Adding key: http://localhost:14205 for channel [id: 0x96bb6e2a, L:/127.0.0.1:64869 - R:localhost/127.0.0.1:14205]
12:23:48.284 [Forwarding findElement on session a9bd18c734a3247e86e93563ecf5d6ea to remote] DEBUG org.asynchttpclient.netty.request.NettyRequestSender - Using pooled Channel '[id: 0x96bb6e2a, L:/127.0.0.1:64869 - R:localhost/127.0.0.1:14205]' for 'POST' to 'http://localhost:14205/session/a9bd18c734a3247e86e93563ecf5d6ea/element'
12:23:48.284 [Forwarding findElement on session a9bd18c734a3247e86e93563ecf5d6ea to remote] DEBUG org.asynchttpclient.netty.request.NettyRequestSender - Using open Channel [id: 0x96bb6e2a, L:/127.0.0.1:64869 - R:localhost/127.0.0.1:14205] for POST '/session/a9bd18c734a3247e86e93563ecf5d6ea/element'
12:23:48.291 [AsyncHttpClient-1-2] DEBUG org.asynchttpclient.netty.handler.HttpHandler - 

Request DefaultHttpRequest(decodeResult: success, version: HTTP/1.1)
POST /session/a9bd18c734a3247e86e93563ecf5d6ea/element HTTP/1.1
User-Agent: selenium/4.8.3 (java windows)
Content-Length: 59
Content-Type: application/json; charset=utf-8
host: localhost:14205
accept: */*

Response DefaultHttpResponse(decodeResult: success, version: HTTP/1.1)
HTTP/1.1 200 OK
Content-Length: 95
Content-Type: application/json; charset=utf-8
cache-control: no-cache

12:23:48.291 [AsyncHttpClient-1-2] DEBUG org.asynchttpclient.netty.channel.ChannelManager - Adding key: http://localhost:14205 for channel [id: 0x96bb6e2a, L:/127.0.0.1:64869 - R:localhost/127.0.0.1:14205]
12:23:48.293 [Forwarding sendKeysToElement on session a9bd18c734a3247e86e93563ecf5d6ea to remote] DEBUG org.asynchttpclient.netty.request.NettyRequestSender - Using pooled Channel '[id: 0x96bb6e2a, L:/127.0.0.1:64869 - R:localhost/127.0.0.1:14205]' for 'POST' to 'http://localhost:14205/session/a9bd18c734a3247e86e93563ecf5d6ea/element/C9ADF00DB530E37AB4EB9131CA7EF500_element_26/value'
12:23:48.293 [Forwarding sendKeysToElement on session a9bd18c734a3247e86e93563ecf5d6ea to remote] DEBUG org.asynchttpclient.netty.request.NettyRequestSender - Using open Channel [id: 0x96bb6e2a, L:/127.0.0.1:64869 - R:localhost/127.0.0.1:14205] for POST '/session/a9bd18c734a3247e86e93563ecf5d6ea/element/C9ADF00DB530E37AB4EB9131CA7EF500_element_26/value'
12:23:48.381 [AsyncHttpClient-1-2] DEBUG org.asynchttpclient.netty.handler.HttpHandler - 

Request DefaultHttpRequest(decodeResult: success, version: HTTP/1.1)
POST /session/a9bd18c734a3247e86e93563ecf5d6ea/element/C9ADF00DB530E37AB4EB9131CA7EF500_element_26/value HTTP/1.1
User-Agent: selenium/4.8.3 (java windows)
Content-Length: 188
Content-Type: application/json; charset=utf-8
host: localhost:14205
accept: */*

Response DefaultHttpResponse(decodeResult: success, version: HTTP/1.1)
HTTP/1.1 200 OK
Content-Length: 14
Content-Type: application/json; charset=utf-8
cache-control: no-cache

12:23:48.381 [AsyncHttpClient-1-2] DEBUG org.asynchttpclient.netty.channel.ChannelManager - Adding key: http://localhost:14205 for channel [id: 0x96bb6e2a, L:/127.0.0.1:64869 - R:localhost/127.0.0.1:14205]
12:23:48.382 [Forwarding findElement on session a9bd18c734a3247e86e93563ecf5d6ea to remote] DEBUG org.asynchttpclient.netty.request.NettyRequestSender - Using pooled Channel '[id: 0x96bb6e2a, L:/127.0.0.1:64869 - R:localhost/127.0.0.1:14205]' for 'POST' to 'http://localhost:14205/session/a9bd18c734a3247e86e93563ecf5d6ea/element'
12:23:48.382 [Forwarding findElement on session a9bd18c734a3247e86e93563ecf5d6ea to remote] DEBUG org.asynchttpclient.netty.request.NettyRequestSender - Using open Channel [id: 0x96bb6e2a, L:/127.0.0.1:64869 - R:localhost/127.0.0.1:14205] for POST '/session/a9bd18c734a3247e86e93563ecf5d6ea/element'
12:23:48.396 [AsyncHttpClient-1-2] DEBUG org.asynchttpclient.netty.handler.HttpHandler - 

Request DefaultHttpRequest(decodeResult: success, version: HTTP/1.1)
POST /session/a9bd18c734a3247e86e93563ecf5d6ea/element HTTP/1.1
User-Agent: selenium/4.8.3 (java windows)
Content-Length: 62
Content-Type: application/json; charset=utf-8
host: localhost:14205
accept: */*

Response DefaultHttpResponse(decodeResult: success, version: HTTP/1.1)
HTTP/1.1 200 OK
Content-Length: 95
Content-Type: application/json; charset=utf-8
cache-control: no-cache

12:23:48.396 [AsyncHttpClient-1-2] DEBUG org.asynchttpclient.netty.channel.ChannelManager - Adding key: http://localhost:14205 for channel [id: 0x96bb6e2a, L:/127.0.0.1:64869 - R:localhost/127.0.0.1:14205]
12:23:48.398 [Forwarding clearElement on session a9bd18c734a3247e86e93563ecf5d6ea to remote] DEBUG org.asynchttpclient.netty.request.NettyRequestSender - Using pooled Channel '[id: 0x96bb6e2a, L:/127.0.0.1:64869 - R:localhost/127.0.0.1:14205]' for 'POST' to 'http://localhost:14205/session/a9bd18c734a3247e86e93563ecf5d6ea/element/C9ADF00DB530E37AB4EB9131CA7EF500_element_28/clear'
12:23:48.398 [Forwarding clearElement on session a9bd18c734a3247e86e93563ecf5d6ea to remote] DEBUG org.asynchttpclient.netty.request.NettyRequestSender - Using open Channel [id: 0x96bb6e2a, L:/127.0.0.1:64869 - R:localhost/127.0.0.1:14205] for POST '/session/a9bd18c734a3247e86e93563ecf5d6ea/element/C9ADF00DB530E37AB4EB9131CA7EF500_element_28/clear'
12:23:48.451 [AsyncHttpClient-1-2] DEBUG org.asynchttpclient.netty.handler.HttpHandler - 

Request DefaultHttpRequest(decodeResult: success, version: HTTP/1.1)
POST /session/a9bd18c734a3247e86e93563ecf5d6ea/element/C9ADF00DB530E37AB4EB9131CA7EF500_element_28/clear HTTP/1.1
User-Agent: selenium/4.8.3 (java windows)
Content-Length: 57
Content-Type: application/json; charset=utf-8
host: localhost:14205
accept: */*

Response DefaultHttpResponse(decodeResult: success, version: HTTP/1.1)
HTTP/1.1 200 OK
Content-Length: 14
Content-Type: application/json; charset=utf-8
cache-control: no-cache

12:23:48.451 [AsyncHttpClient-1-2] DEBUG org.asynchttpclient.netty.channel.ChannelManager - Adding key: http://localhost:14205 for channel [id: 0x96bb6e2a, L:/127.0.0.1:64869 - R:localhost/127.0.0.1:14205]
12:23:48.452 [Forwarding findElement on session a9bd18c734a3247e86e93563ecf5d6ea to remote] DEBUG org.asynchttpclient.netty.request.NettyRequestSender - Using pooled Channel '[id: 0x96bb6e2a, L:/127.0.0.1:64869 - R:localhost/127.0.0.1:14205]' for 'POST' to 'http://localhost:14205/session/a9bd18c734a3247e86e93563ecf5d6ea/element'
12:23:48.452 [Forwarding findElement on session a9bd18c734a3247e86e93563ecf5d6ea to remote] DEBUG org.asynchttpclient.netty.request.NettyRequestSender - Using open Channel [id: 0x96bb6e2a, L:/127.0.0.1:64869 - R:localhost/127.0.0.1:14205] for POST '/session/a9bd18c734a3247e86e93563ecf5d6ea/element'
12:23:48.460 [AsyncHttpClient-1-2] DEBUG org.asynchttpclient.netty.handler.HttpHandler - 

Request DefaultHttpRequest(decodeResult: success, version: HTTP/1.1)
POST /session/a9bd18c734a3247e86e93563ecf5d6ea/element HTTP/1.1
User-Agent: selenium/4.8.3 (java windows)
Content-Length: 62
Content-Type: application/json; charset=utf-8
host: localhost:14205
accept: */*

Response DefaultHttpResponse(decodeResult: success, version: HTTP/1.1)
HTTP/1.1 200 OK
Content-Length: 95
Content-Type: application/json; charset=utf-8
cache-control: no-cache

12:23:48.460 [AsyncHttpClient-1-2] DEBUG org.asynchttpclient.netty.channel.ChannelManager - Adding key: http://localhost:14205 for channel [id: 0x96bb6e2a, L:/127.0.0.1:64869 - R:localhost/127.0.0.1:14205]
12:23:48.462 [Forwarding sendKeysToElement on session a9bd18c734a3247e86e93563ecf5d6ea to remote] DEBUG org.asynchttpclient.netty.request.NettyRequestSender - Using pooled Channel '[id: 0x96bb6e2a, L:/127.0.0.1:64869 - R:localhost/127.0.0.1:14205]' for 'POST' to 'http://localhost:14205/session/a9bd18c734a3247e86e93563ecf5d6ea/element/C9ADF00DB530E37AB4EB9131CA7EF500_element_28/value'
12:23:48.462 [Forwarding sendKeysToElement on session a9bd18c734a3247e86e93563ecf5d6ea to remote] DEBUG org.asynchttpclient.netty.request.NettyRequestSender - Using open Channel [id: 0x96bb6e2a, L:/127.0.0.1:64869 - R:localhost/127.0.0.1:14205] for POST '/session/a9bd18c734a3247e86e93563ecf5d6ea/element/C9ADF00DB530E37AB4EB9131CA7EF500_element_28/value'
12:23:48.529 [AsyncHttpClient-1-2] DEBUG org.asynchttpclient.netty.handler.HttpHandler - 

Request DefaultHttpRequest(decodeResult: success, version: HTTP/1.1)
POST /session/a9bd18c734a3247e86e93563ecf5d6ea/element/C9ADF00DB530E37AB4EB9131CA7EF500_element_28/value HTTP/1.1
User-Agent: selenium/4.8.3 (java windows)
Content-Length: 148
Content-Type: application/json; charset=utf-8
host: localhost:14205
accept: */*

Response DefaultHttpResponse(decodeResult: success, version: HTTP/1.1)
HTTP/1.1 200 OK
Content-Length: 14
Content-Type: application/json; charset=utf-8
cache-control: no-cache

12:23:48.530 [AsyncHttpClient-1-2] DEBUG org.asynchttpclient.netty.channel.ChannelManager - Adding key: http://localhost:14205 for channel [id: 0x96bb6e2a, L:/127.0.0.1:64869 - R:localhost/127.0.0.1:14205]
12:23:48.531 [Forwarding findElement on session a9bd18c734a3247e86e93563ecf5d6ea to remote] DEBUG org.asynchttpclient.netty.request.NettyRequestSender - Using pooled Channel '[id: 0x96bb6e2a, L:/127.0.0.1:64869 - R:localhost/127.0.0.1:14205]' for 'POST' to 'http://localhost:14205/session/a9bd18c734a3247e86e93563ecf5d6ea/element'
12:23:48.531 [Forwarding findElement on session a9bd18c734a3247e86e93563ecf5d6ea to remote] DEBUG org.asynchttpclient.netty.request.NettyRequestSender - Using open Channel [id: 0x96bb6e2a, L:/127.0.0.1:64869 - R:localhost/127.0.0.1:14205] for POST '/session/a9bd18c734a3247e86e93563ecf5d6ea/element'
12:23:48.539 [AsyncHttpClient-1-1] DEBUG org.asynchttpclient.netty.channel.DefaultChannelPool - Entry count for : http://localhost:64871 : 1
12:23:48.544 [AsyncHttpClient-1-2] DEBUG org.asynchttpclient.netty.handler.HttpHandler - 

Request DefaultHttpRequest(decodeResult: success, version: HTTP/1.1)
POST /session/a9bd18c734a3247e86e93563ecf5d6ea/element HTTP/1.1
User-Agent: selenium/4.8.3 (java windows)
Content-Length: 71
Content-Type: application/json; charset=utf-8
host: localhost:14205
accept: */*

Response DefaultHttpResponse(decodeResult: success, version: HTTP/1.1)
HTTP/1.1 200 OK
Content-Length: 95
Content-Type: application/json; charset=utf-8
cache-control: no-cache

12:23:48.544 [AsyncHttpClient-1-2] DEBUG org.asynchttpclient.netty.channel.ChannelManager - Adding key: http://localhost:14205 for channel [id: 0x96bb6e2a, L:/127.0.0.1:64869 - R:localhost/127.0.0.1:14205]
12:23:48.545 [Forwarding clickElement on session a9bd18c734a3247e86e93563ecf5d6ea to remote] DEBUG org.asynchttpclient.netty.request.NettyRequestSender - Using pooled Channel '[id: 0x96bb6e2a, L:/127.0.0.1:64869 - R:localhost/127.0.0.1:14205]' for 'POST' to 'http://localhost:14205/session/a9bd18c734a3247e86e93563ecf5d6ea/element/C9ADF00DB530E37AB4EB9131CA7EF500_element_33/click'
12:23:48.545 [Forwarding clickElement on session a9bd18c734a3247e86e93563ecf5d6ea to remote] DEBUG org.asynchttpclient.netty.request.NettyRequestSender - Using open Channel [id: 0x96bb6e2a, L:/127.0.0.1:64869 - R:localhost/127.0.0.1:14205] for POST '/session/a9bd18c734a3247e86e93563ecf5d6ea/element/C9ADF00DB530E37AB4EB9131CA7EF500_element_33/click'
12:23:48.585 [AsyncHttpClient-1-2] DEBUG org.asynchttpclient.netty.handler.HttpHandler - 

Request DefaultHttpRequest(decodeResult: success, version: HTTP/1.1)
POST /session/a9bd18c734a3247e86e93563ecf5d6ea/element/C9ADF00DB530E37AB4EB9131CA7EF500_element_33/click HTTP/1.1
User-Agent: selenium/4.8.3 (java windows)
Content-Length: 57
Content-Type: application/json; charset=utf-8
host: localhost:14205
accept: */*

Response DefaultHttpResponse(decodeResult: success, version: HTTP/1.1)
HTTP/1.1 200 OK
Content-Length: 14
Content-Type: application/json; charset=utf-8
cache-control: no-cache

12:23:48.586 [AsyncHttpClient-1-2] DEBUG org.asynchttpclient.netty.channel.ChannelManager - Adding key: http://localhost:14205 for channel [id: 0x96bb6e2a, L:/127.0.0.1:64869 - R:localhost/127.0.0.1:14205]
2023-06-09 12:23:48 INFO  BaseTest:126 - Logged in
12:23:48.587 [rp-io-23] DEBUG com.epam.reportportal.service.Launch - Starting test item...rp-io-23
2023-06-09 12:23:48 INFO  Listeners:34 - Started Test null
12:23:48.588 [Forwarding findElement on session a9bd18c734a3247e86e93563ecf5d6ea to remote] DEBUG org.asynchttpclient.netty.request.NettyRequestSender - Using pooled Channel '[id: 0x96bb6e2a, L:/127.0.0.1:64869 - R:localhost/127.0.0.1:14205]' for 'POST' to 'http://localhost:14205/session/a9bd18c734a3247e86e93563ecf5d6ea/element'
12:23:48.588 [Forwarding findElement on session a9bd18c734a3247e86e93563ecf5d6ea to remote] DEBUG org.asynchttpclient.netty.request.NettyRequestSender - Using open Channel [id: 0x96bb6e2a, L:/127.0.0.1:64869 - R:localhost/127.0.0.1:14205] for POST '/session/a9bd18c734a3247e86e93563ecf5d6ea/element'
12:23:48.608 [rp-io-17] DEBUG com.epam.reportportal.service.Launch - TestItem with ID = 'a1ec7988-dd6d-462e-aaf2-ad5738bbec55' successfully finished.
12:23:48.608 [rp-io-17] DEBUG com.epam.reportportal.utils.SubscriptionUtils - Finish test item completed
12:23:48.618 [rp-io-23] DEBUG com.epam.reportportal.service.Launch - ReportPortal item with ID '55d1f8a6-eaed-4f49-a7fc-8caa1db54076' has been created
12:23:48.618 [rp-io-23] DEBUG com.epam.reportportal.utils.SubscriptionUtils - Start test item successfully completed
12:23:48.947 [AsyncHttpClient-1-2] DEBUG org.asynchttpclient.netty.handler.HttpHandler - 

Request DefaultHttpRequest(decodeResult: success, version: HTTP/1.1)
POST /session/a9bd18c734a3247e86e93563ecf5d6ea/element HTTP/1.1
User-Agent: selenium/4.8.3 (java windows)
Content-Length: 168
Content-Type: application/json; charset=utf-8
host: localhost:14205
accept: */*

Response DefaultHttpResponse(decodeResult: success, version: HTTP/1.1)
HTTP/1.1 200 OK
Content-Length: 95
Content-Type: application/json; charset=utf-8
cache-control: no-cache

12:23:48.947 [AsyncHttpClient-1-2] DEBUG org.asynchttpclient.netty.channel.ChannelManager - Adding key: http://localhost:14205 for channel [id: 0x96bb6e2a, L:/127.0.0.1:64869 - R:localhost/127.0.0.1:14205]
12:23:48.948 [Forwarding clickElement on session a9bd18c734a3247e86e93563ecf5d6ea to remote] DEBUG org.asynchttpclient.netty.request.NettyRequestSender - Using pooled Channel '[id: 0x96bb6e2a, L:/127.0.0.1:64869 - R:localhost/127.0.0.1:14205]' for 'POST' to 'http://localhost:14205/session/a9bd18c734a3247e86e93563ecf5d6ea/element/C9ADF00DB530E37AB4EB9131CA7EF500_element_37/click'
12:23:48.948 [Forwarding clickElement on session a9bd18c734a3247e86e93563ecf5d6ea to remote] DEBUG org.asynchttpclient.netty.request.NettyRequestSender - Using open Channel [id: 0x96bb6e2a, L:/127.0.0.1:64869 - R:localhost/127.0.0.1:14205] for POST '/session/a9bd18c734a3247e86e93563ecf5d6ea/element/C9ADF00DB530E37AB4EB9131CA7EF500_element_37/click'
12:23:49.208 [AsyncHttpClient-1-2] DEBUG org.asynchttpclient.netty.handler.HttpHandler - 

Request DefaultHttpRequest(decodeResult: success, version: HTTP/1.1)
POST /session/a9bd18c734a3247e86e93563ecf5d6ea/element/C9ADF00DB530E37AB4EB9131CA7EF500_element_37/click HTTP/1.1
User-Agent: selenium/4.8.3 (java windows)
Content-Length: 57
Content-Type: application/json; charset=utf-8
host: localhost:14205
accept: */*

Response DefaultHttpResponse(decodeResult: success, version: HTTP/1.1)
HTTP/1.1 200 OK
Content-Length: 14
Content-Type: application/json; charset=utf-8
cache-control: no-cache

12:23:49.209 [AsyncHttpClient-1-2] DEBUG org.asynchttpclient.netty.channel.ChannelManager - Adding key: http://localhost:14205 for channel [id: 0x96bb6e2a, L:/127.0.0.1:64869 - R:localhost/127.0.0.1:14205]
12:23:49.211 [Forwarding findElement on session a9bd18c734a3247e86e93563ecf5d6ea to remote] DEBUG org.asynchttpclient.netty.request.NettyRequestSender - Using pooled Channel '[id: 0x96bb6e2a, L:/127.0.0.1:64869 - R:localhost/127.0.0.1:14205]' for 'POST' to 'http://localhost:14205/session/a9bd18c734a3247e86e93563ecf5d6ea/element'
12:23:49.211 [Forwarding findElement on session a9bd18c734a3247e86e93563ecf5d6ea to remote] DEBUG org.asynchttpclient.netty.request.NettyRequestSender - Using open Channel [id: 0x96bb6e2a, L:/127.0.0.1:64869 - R:localhost/127.0.0.1:14205] for POST '/session/a9bd18c734a3247e86e93563ecf5d6ea/element'
12:23:49.639 [AsyncHttpClient-1-1] DEBUG org.asynchttpclient.netty.channel.DefaultChannelPool - Entry count for : http://localhost:64871 : 1
12:23:50.738 [AsyncHttpClient-1-1] DEBUG org.asynchttpclient.netty.channel.DefaultChannelPool - Entry count for : http://localhost:64871 : 1
12:23:51.839 [AsyncHttpClient-1-1] DEBUG org.asynchttpclient.netty.channel.DefaultChannelPool - Entry count for : http://localhost:64871 : 1
12:23:52.940 [AsyncHttpClient-1-1] DEBUG org.asynchttpclient.netty.channel.DefaultChannelPool - Entry count for : http://localhost:64871 : 1
12:23:53.327 [AsyncHttpClient-1-2] DEBUG org.asynchttpclient.netty.handler.HttpHandler - 

Request DefaultHttpRequest(decodeResult: success, version: HTTP/1.1)
POST /session/a9bd18c734a3247e86e93563ecf5d6ea/element HTTP/1.1
User-Agent: selenium/4.8.3 (java windows)
Content-Length: 81
Content-Type: application/json; charset=utf-8
host: localhost:14205
accept: */*

Response DefaultHttpResponse(decodeResult: success, version: HTTP/1.1)
HTTP/1.1 404 Not Found
Content-Length: 971
Content-Type: application/json; charset=utf-8
cache-control: no-cache

12:23:53.327 [AsyncHttpClient-1-2] DEBUG org.asynchttpclient.netty.channel.ChannelManager - Adding key: http://localhost:14205 for channel [id: 0x96bb6e2a, L:/127.0.0.1:64869 - R:localhost/127.0.0.1:14205]
2023-06-09 12:23:53 INFO  Listeners:42 - Failed Test null
]]></system-out>
    <system-err><![CDATA[Starting ChromeDriver 114.0.5735.90 (386bc09e8f4f2e025eddae123f36f6263096ae49-refs/branch-heads/5735@{#1052}) on port 14205
Only local connections are allowed.
Please see https://chromedriver.chromium.org/security-considerations for suggestions on keeping ChromeDriver safe.
ChromeDriver was started successfully.
Jun 09, 2023 12:23:46 PM org.openqa.selenium.devtools.CdpVersionFinder findNearestMatch
WARNING: Unable to find an exact match for CDP version 114, so returning the closest version found: 111
]]></system-err>
  </testcase>
  <testcase name="searchDashboardNameDP[FLAKY TEST CASES](18)" classname="alltests.uitest.coreTest.DashboardPageTest" time="0">
    <skipped message="no such element: Unable to locate element: {&quot;method&quot;:&quot;xpath&quot;,&quot;selector&quot;:&quot;//*[text()=&apos;FLAKY TEST CASES&apos;]&quot;}&#10;  (Session info: chrome=114.0.5735.110)&#10;For documentation on this error, please visit: https://selenium.dev/exceptions/#no_such_element&#10;Build info: version: &apos;4.8.3&apos;, revision: &apos;e5e76298c3&apos;&#10;System info: os.name: &apos;Windows 10&apos;, os.arch: &apos;amd64&apos;, os.version: &apos;10.0&apos;, java.version: &apos;17.0.3.1&apos;&#10;Driver info: org.openqa.selenium.chrome.ChromeDriver&#10;Command: [1e443b29523f95d036ce58bfbe894cd5, findElement {using=xpath, value=//*[text()=&apos;FLAKY TEST CASES&apos;]}]&#10;Capabilities {acceptInsecureCerts: false, browserName: chrome, browserVersion: 114.0.5735.110, chrome: {chromedriverVersion: 114.0.5735.90 (386bc09e8f4f..., userDataDir: C:\Users\SUWARN~1\AppData\L...}, goog:chromeOptions: {debuggerAddress: localhost:64903}, networkConnectionEnabled: false, pageLoadStrategy: normal, platformName: WINDOWS, proxy: Proxy(), se:cdp: ws://localhost:64903/devtoo..., se:cdpVersion: 114.0.5735.110, setWindowRect: true, strictFileInteractability: false, timeouts: {implicit: 0, pageLoad: 300000, script: 30000}, unhandledPromptBehavior: dismiss and notify, webauthn:extension:credBlob: true, webauthn:extension:largeBlob: true, webauthn:extension:minPinLength: true, webauthn:extension:prf: true, webauthn:virtualAuthenticators: true}&#10;Session ID: 1e443b29523f95d036ce58bfbe894cd5"/>
    <system-out><![CDATA[12:23:53.330 [rp-io-31] DEBUG com.epam.reportportal.service.Launch - Starting test item...rp-io-31
12:23:53.333 [Forwarding screenshot on session a9bd18c734a3247e86e93563ecf5d6ea to remote] DEBUG org.asynchttpclient.netty.request.NettyRequestSender - Using pooled Channel '[id: 0x96bb6e2a, L:/127.0.0.1:64869 - R:localhost/127.0.0.1:14205]' for 'GET' to 'http://localhost:14205/session/a9bd18c734a3247e86e93563ecf5d6ea/screenshot'
12:23:53.333 [Forwarding screenshot on session a9bd18c734a3247e86e93563ecf5d6ea to remote] DEBUG org.asynchttpclient.netty.request.NettyRequestSender - Using open Channel [id: 0x96bb6e2a, L:/127.0.0.1:64869 - R:localhost/127.0.0.1:14205] for GET '/session/a9bd18c734a3247e86e93563ecf5d6ea/screenshot'
12:23:53.355 [rp-io-31] DEBUG com.epam.reportportal.service.Launch - ReportPortal item with ID 'cdc2dd4e-01c0-4d10-9218-76614f8f430b' has been created
12:23:53.355 [rp-io-21] DEBUG com.epam.reportportal.service.Launch - TestItem with ID = '55d1f8a6-eaed-4f49-a7fc-8caa1db54076' successfully finished.
12:23:53.355 [rp-io-31] DEBUG com.epam.reportportal.utils.SubscriptionUtils - Start test item successfully completed
12:23:53.355 [rp-io-21] DEBUG com.epam.reportportal.utils.SubscriptionUtils - Finish test item completed
12:23:53.457 [AsyncHttpClient-1-2] DEBUG org.asynchttpclient.netty.handler.HttpHandler - 

Request DefaultFullHttpRequest(decodeResult: success, version: HTTP/1.1, content: EmptyByteBufBE)
GET /session/a9bd18c734a3247e86e93563ecf5d6ea/screenshot HTTP/1.1
User-Agent: selenium/4.8.3 (java windows)
Cache-Control: no-cache
Content-Type: application/json; charset=utf-8
host: localhost:14205
accept: */*

Response DefaultHttpResponse(decodeResult: success, version: HTTP/1.1)
HTTP/1.1 200 OK
Content-Length: 176224
Content-Type: application/json; charset=utf-8
cache-control: no-cache

12:23:53.458 [AsyncHttpClient-1-2] DEBUG org.asynchttpclient.netty.channel.ChannelManager - Adding key: http://localhost:14205 for channel [id: 0x96bb6e2a, L:/127.0.0.1:64869 - R:localhost/127.0.0.1:14205]
12:23:53.466 [AsyncHttpClient-1-4] DEBUG org.asynchttpclient.netty.handler.WebSocketHandler - Channel Closed: [id: 0x3f35e284, L:/127.0.0.1:64878 ! R:localhost/127.0.0.1:64871] with attribute NettyResponseFuture{currentRetry=0,
	isDone=1,
	isCancelled=0,
	asyncHandler=org.asynchttpclient.ws.WebSocketUpgradeHandler@3ec5842,
	nettyRequest=org.asynchttpclient.netty.request.NettyRequest@72ba2520,
	future=java.util.concurrent.CompletableFuture@5b3b6451[Completed normally],
	uri=ws://localhost:64871/devtools/browser/e64b84c7-b56f-4bda-b02c-814cfcbd16bf,
	keepAlive=true,
	redirectCount=0,
	timeoutsHolder=null,
	inAuth=0,
	touch=1686306226948}
12:23:53.466 [AsyncHttpClient-1-4] DEBUG org.asynchttpclient.netty.channel.ChannelManager - Closing Channel [id: 0x3f35e284, L:/127.0.0.1:64878 ! R:localhost/127.0.0.1:64871] 
12:23:53.466 [Driver Command Executor] DEBUG org.asynchttpclient.netty.request.NettyRequestSender - Using pooled Channel '[id: 0x96bb6e2a, L:/127.0.0.1:64869 - R:localhost/127.0.0.1:14205]' for 'DELETE' to 'http://localhost:14205/session/a9bd18c734a3247e86e93563ecf5d6ea'
12:23:53.466 [Driver Command Executor] DEBUG org.asynchttpclient.netty.request.NettyRequestSender - Using open Channel [id: 0x96bb6e2a, L:/127.0.0.1:64869 - R:localhost/127.0.0.1:14205] for DELETE '/session/a9bd18c734a3247e86e93563ecf5d6ea'
12:23:53.497 [AsyncHttpClient-1-3] DEBUG org.asynchttpclient.netty.handler.HttpHandler - Unexpected I/O exception on channel [id: 0x799d6c7c, L:/127.0.0.1:64877 - R:localhost/127.0.0.1:64871]
java.net.SocketException: Connection reset
	at java.base/sun.nio.ch.SocketChannelImpl.throwConnectionReset(SocketChannelImpl.java:394)
	at java.base/sun.nio.ch.SocketChannelImpl.read(SocketChannelImpl.java:426)
	at io.netty.buffer.PooledByteBuf.setBytes(PooledByteBuf.java:256)
	at io.netty.buffer.AbstractByteBuf.writeBytes(AbstractByteBuf.java:1132)
	at io.netty.channel.socket.nio.NioSocketChannel.doReadBytes(NioSocketChannel.java:357)
	at io.netty.channel.nio.AbstractNioByteChannel$NioByteUnsafe.read(AbstractNioByteChannel.java:151)
	at io.netty.channel.nio.NioEventLoop.processSelectedKey(NioEventLoop.java:788)
	at io.netty.channel.nio.NioEventLoop.processSelectedKeysOptimized(NioEventLoop.java:724)
	at io.netty.channel.nio.NioEventLoop.processSelectedKeys(NioEventLoop.java:650)
	at io.netty.channel.nio.NioEventLoop.run(NioEventLoop.java:562)
	at io.netty.util.concurrent.SingleThreadEventExecutor$4.run(SingleThreadEventExecutor.java:997)
	at io.netty.util.internal.ThreadExecutorMap$2.run(ThreadExecutorMap.java:74)
	at io.netty.util.concurrent.FastThreadLocalRunnable.run(FastThreadLocalRunnable.java:30)
	at java.base/java.lang.Thread.run(Thread.java:833)
12:23:53.497 [AsyncHttpClient-1-3] DEBUG org.asynchttpclient.netty.channel.ChannelManager - Closing Channel [id: 0x799d6c7c, L:/127.0.0.1:64877 - R:localhost/127.0.0.1:64871] 
12:23:53.497 [AsyncHttpClient-1-3] DEBUG org.asynchttpclient.netty.handler.HttpHandler - Channel Closed: [id: 0x799d6c7c, L:/127.0.0.1:64877 ! R:localhost/127.0.0.1:64871] with attribute DISCARD
12:23:53.519 [AsyncHttpClient-1-2] DEBUG org.asynchttpclient.netty.handler.HttpHandler - 

Request DefaultFullHttpRequest(decodeResult: success, version: HTTP/1.1, content: EmptyByteBufBE)
DELETE /session/a9bd18c734a3247e86e93563ecf5d6ea HTTP/1.1
User-Agent: selenium/4.8.3 (java windows)
Content-Type: application/json; charset=utf-8
host: localhost:14205
accept: */*

Response DefaultHttpResponse(decodeResult: success, version: HTTP/1.1)
HTTP/1.1 200 OK
Content-Length: 14
Content-Type: application/json; charset=utf-8
cache-control: no-cache

12:23:53.520 [AsyncHttpClient-1-2] DEBUG org.asynchttpclient.netty.channel.ChannelManager - Adding key: http://localhost:14205 for channel [id: 0x96bb6e2a, L:/127.0.0.1:64869 - R:localhost/127.0.0.1:14205]
12:23:53.561 [AsyncHttpClient-1-2] DEBUG org.asynchttpclient.netty.handler.HttpHandler - Channel Closed: [id: 0x96bb6e2a, L:/127.0.0.1:64869 ! R:localhost/127.0.0.1:14205] with attribute DISCARD
2023-06-09 12:23:53 INFO  BaseTest:83 - Test executed**********
12:23:53.586 [rp-io-37] DEBUG com.epam.reportportal.service.Launch - Starting test item...rp-io-37
2023-06-09 12:23:53 INFO  BaseTest:110 - Property files loaded successfully**********
12:23:53.594 [main] DEBUG io.github.bonigarcia.wdm.cache.ResolutionCache - Resolution chrome=114 in cache (valid until 13:14:48 09/06/2023 CEST)
12:23:53.594 [main] DEBUG io.github.bonigarcia.wdm.cache.ResolutionCache - Resolution chrome114=114.0.5735.90 in cache (valid until 12:14:48 10/06/2023 CEST)
12:23:53.594 [main] INFO io.github.bonigarcia.wdm.WebDriverManager - Using chromedriver 114.0.5735.90 (resolved driver for Chrome 114)
12:23:53.601 [rp-io-34] DEBUG com.epam.reportportal.service.Launch - TestItem with ID = 'cdc2dd4e-01c0-4d10-9218-76614f8f430b' successfully finished.
12:23:53.601 [rp-io-34] DEBUG com.epam.reportportal.utils.SubscriptionUtils - Finish test item completed
12:23:53.604 [rp-io-37] DEBUG com.epam.reportportal.service.Launch - ReportPortal item with ID '36147c0a-dc89-4bd7-ae69-57d200e8aac4' has been created
12:23:53.604 [rp-io-37] DEBUG com.epam.reportportal.utils.SubscriptionUtils - Start test item successfully completed
12:23:53.606 [main] DEBUG io.github.bonigarcia.wdm.WebDriverManager - Driver chromedriver 114.0.5735.90 found in cache
12:23:53.606 [main] INFO io.github.bonigarcia.wdm.WebDriverManager - Exporting webdriver.chrome.driver as C:\Users\Suwarna_Wagh\.cache\selenium\chromedriver\win32\114.0.5735.90\chromedriver.exe
12:23:53.689 [AsyncHttpClient-1-5] DEBUG org.asynchttpclient.netty.channel.NettyConnectListener - Using new Channel '[id: 0xdcfa6dcb, L:/127.0.0.1:64902 - R:localhost/127.0.0.1:28175]' for 'POST' to '/session'
12:23:54.043 [AsyncHttpClient-1-1] DEBUG org.asynchttpclient.netty.channel.DefaultChannelPool - Entry count for : http://localhost:14205 : 1
12:23:54.044 [AsyncHttpClient-1-1] DEBUG org.asynchttpclient.netty.channel.DefaultChannelPool - Entry count for : http://localhost:64871 : 1
12:23:54.045 [AsyncHttpClient-1-1] DEBUG org.asynchttpclient.netty.channel.DefaultChannelPool - Adding Candidate expired Channel [id: 0x96bb6e2a, L:/127.0.0.1:64869 ! R:localhost/127.0.0.1:14205] isIdleTimeoutExpired=false isRemotelyClosed=true isTtlExpired=false
12:23:54.047 [AsyncHttpClient-1-1] DEBUG org.asynchttpclient.netty.channel.DefaultChannelPool - Closing Idle Channel [id: 0x96bb6e2a, L:/127.0.0.1:64869 ! R:localhost/127.0.0.1:14205]
12:23:54.047 [AsyncHttpClient-1-1] DEBUG org.asynchttpclient.netty.channel.DefaultChannelPool - Adding Candidate expired Channel [id: 0x799d6c7c, L:/127.0.0.1:64877 ! R:localhost/127.0.0.1:64871] isIdleTimeoutExpired=false isRemotelyClosed=true isTtlExpired=false
12:23:54.047 [AsyncHttpClient-1-1] DEBUG org.asynchttpclient.netty.channel.DefaultChannelPool - Closing Idle Channel [id: 0x799d6c7c, L:/127.0.0.1:64877 ! R:localhost/127.0.0.1:64871]
12:23:54.047 [AsyncHttpClient-1-1] DEBUG org.asynchttpclient.netty.channel.DefaultChannelPool - Closed 2 connections out of 2 in 2 ms
12:23:54.415 [AsyncHttpClient-1-5] DEBUG org.asynchttpclient.netty.handler.HttpHandler - 

Request DefaultHttpRequest(decodeResult: success, version: HTTP/1.1)
POST /session HTTP/1.1
User-Agent: selenium/4.8.3 (java windows)
Content-Length: 439
Content-Type: application/json; charset=utf-8
host: localhost:28175
accept: */*

Response DefaultHttpResponse(decodeResult: success, version: HTTP/1.1)
HTTP/1.1 200 OK
Content-Length: 864
Content-Type: application/json; charset=utf-8
cache-control: no-cache

12:23:54.415 [AsyncHttpClient-1-5] DEBUG org.asynchttpclient.netty.channel.ChannelManager - Adding key: http://localhost:28175 for channel [id: 0xdcfa6dcb, L:/127.0.0.1:64902 - R:localhost/127.0.0.1:28175]
12:23:54.421 [AsyncHttpClient-1-6] DEBUG org.asynchttpclient.netty.channel.NettyConnectListener - Using new Channel '[id: 0x1fc5155b, L:/127.0.0.1:64909 - R:localhost/127.0.0.1:64903]' for 'GET' to '/json/version'
12:23:54.422 [AsyncHttpClient-1-6] DEBUG org.asynchttpclient.netty.handler.HttpHandler - 

Request DefaultFullHttpRequest(decodeResult: success, version: HTTP/1.1, content: EmptyByteBufBE)
GET /json/version HTTP/1.1
User-Agent: selenium/4.8.3 (java windows)
host: localhost:64903
accept: */*

Response DefaultHttpResponse(decodeResult: success, version: HTTP/1.1)
HTTP/1.1 200 OK
Content-Security-Policy: frame-ancestors 'none'
Content-Length: 424
Content-Type: application/json; charset=UTF-8

12:23:54.422 [AsyncHttpClient-1-6] DEBUG org.asynchttpclient.netty.channel.ChannelManager - Adding key: http://localhost:64903 for channel [id: 0x1fc5155b, L:/127.0.0.1:64909 - R:localhost/127.0.0.1:64903]
12:23:54.424 [AsyncHttpClient-1-7] DEBUG org.asynchttpclient.netty.channel.NettyConnectListener - Using new Channel '[id: 0xb8d8dc65, L:/127.0.0.1:64910 - R:localhost/127.0.0.1:64903]' for 'GET' to '/devtools/browser/de9bd3ec-2a9a-47b7-88e2-4004dbfa622f'
12:23:54.424 [AsyncHttpClient-1-7] DEBUG org.asynchttpclient.netty.handler.WebSocketHandler - 

Request DefaultFullHttpRequest(decodeResult: success, version: HTTP/1.1, content: EmptyByteBufBE)
GET /devtools/browser/de9bd3ec-2a9a-47b7-88e2-4004dbfa622f HTTP/1.1
upgrade: websocket
connection: upgrade
sec-websocket-key: Qyvw+8RTikMGE+6bgIPgSA==
sec-websocket-version: 13
origin: http://localhost:64903
host: localhost:64903
accept: */*
user-agent: AHC/2.1

Response DefaultHttpResponse(decodeResult: success, version: HTTP/1.1)
HTTP/1.1 101 WebSocket Protocol Handshake
Upgrade: WebSocket
Connection: Upgrade
Sec-WebSocket-Accept: GxEzfAfoPM1/zl4Y55UT2T30EQo=

12:23:54.428 [Forwarding setTimeout on session 1e443b29523f95d036ce58bfbe894cd5 to remote] DEBUG org.asynchttpclient.netty.request.NettyRequestSender - Using pooled Channel '[id: 0xdcfa6dcb, L:/127.0.0.1:64902 - R:localhost/127.0.0.1:28175]' for 'POST' to 'http://localhost:28175/session/1e443b29523f95d036ce58bfbe894cd5/timeouts'
12:23:54.428 [Forwarding setTimeout on session 1e443b29523f95d036ce58bfbe894cd5 to remote] DEBUG org.asynchttpclient.netty.request.NettyRequestSender - Using open Channel [id: 0xdcfa6dcb, L:/127.0.0.1:64902 - R:localhost/127.0.0.1:28175] for POST '/session/1e443b29523f95d036ce58bfbe894cd5/timeouts'
12:23:54.428 [AsyncHttpClient-1-5] DEBUG org.asynchttpclient.netty.handler.HttpHandler - 

Request DefaultHttpRequest(decodeResult: success, version: HTTP/1.1)
POST /session/1e443b29523f95d036ce58bfbe894cd5/timeouts HTTP/1.1
User-Agent: selenium/4.8.3 (java windows)
Content-Length: 22
Content-Type: application/json; charset=utf-8
host: localhost:28175
accept: */*

Response DefaultHttpResponse(decodeResult: success, version: HTTP/1.1)
HTTP/1.1 200 OK
Content-Length: 14
Content-Type: application/json; charset=utf-8
cache-control: no-cache

12:23:54.429 [AsyncHttpClient-1-5] DEBUG org.asynchttpclient.netty.channel.ChannelManager - Adding key: http://localhost:28175 for channel [id: 0xdcfa6dcb, L:/127.0.0.1:64902 - R:localhost/127.0.0.1:28175]
12:23:54.429 [Forwarding maximizeCurrentWindow on session 1e443b29523f95d036ce58bfbe894cd5 to remote] DEBUG org.asynchttpclient.netty.request.NettyRequestSender - Using pooled Channel '[id: 0xdcfa6dcb, L:/127.0.0.1:64902 - R:localhost/127.0.0.1:28175]' for 'POST' to 'http://localhost:28175/session/1e443b29523f95d036ce58bfbe894cd5/window/maximize'
12:23:54.429 [Forwarding maximizeCurrentWindow on session 1e443b29523f95d036ce58bfbe894cd5 to remote] DEBUG org.asynchttpclient.netty.request.NettyRequestSender - Using open Channel [id: 0xdcfa6dcb, L:/127.0.0.1:64902 - R:localhost/127.0.0.1:28175] for POST '/session/1e443b29523f95d036ce58bfbe894cd5/window/maximize'
12:23:54.545 [AsyncHttpClient-1-5] DEBUG org.asynchttpclient.netty.handler.HttpHandler - 

Request DefaultHttpRequest(decodeResult: success, version: HTTP/1.1)
POST /session/1e443b29523f95d036ce58bfbe894cd5/window/maximize HTTP/1.1
User-Agent: selenium/4.8.3 (java windows)
Content-Length: 3
Content-Type: application/json; charset=utf-8
host: localhost:28175
accept: */*

Response DefaultHttpResponse(decodeResult: success, version: HTTP/1.1)
HTTP/1.1 200 OK
Content-Length: 51
Content-Type: application/json; charset=utf-8
cache-control: no-cache

12:23:54.545 [AsyncHttpClient-1-5] DEBUG org.asynchttpclient.netty.channel.ChannelManager - Adding key: http://localhost:28175 for channel [id: 0xdcfa6dcb, L:/127.0.0.1:64902 - R:localhost/127.0.0.1:28175]
12:23:54.546 [Forwarding get on session 1e443b29523f95d036ce58bfbe894cd5 to remote] DEBUG org.asynchttpclient.netty.request.NettyRequestSender - Using pooled Channel '[id: 0xdcfa6dcb, L:/127.0.0.1:64902 - R:localhost/127.0.0.1:28175]' for 'POST' to 'http://localhost:28175/session/1e443b29523f95d036ce58bfbe894cd5/url'
12:23:54.546 [Forwarding get on session 1e443b29523f95d036ce58bfbe894cd5 to remote] DEBUG org.asynchttpclient.netty.request.NettyRequestSender - Using open Channel [id: 0xdcfa6dcb, L:/127.0.0.1:64902 - R:localhost/127.0.0.1:28175] for POST '/session/1e443b29523f95d036ce58bfbe894cd5/url'
12:23:55.139 [AsyncHttpClient-1-1] DEBUG org.asynchttpclient.netty.channel.DefaultChannelPool - Entry count for : http://localhost:64903 : 1
12:23:55.986 [AsyncHttpClient-1-5] DEBUG org.asynchttpclient.netty.handler.HttpHandler - 

Request DefaultHttpRequest(decodeResult: success, version: HTTP/1.1)
POST /session/1e443b29523f95d036ce58bfbe894cd5/url HTTP/1.1
User-Agent: selenium/4.8.3 (java windows)
Content-Length: 52
Content-Type: application/json; charset=utf-8
host: localhost:28175
accept: */*

Response DefaultHttpResponse(decodeResult: success, version: HTTP/1.1)
HTTP/1.1 200 OK
Content-Length: 14
Content-Type: application/json; charset=utf-8
cache-control: no-cache

12:23:55.987 [AsyncHttpClient-1-5] DEBUG org.asynchttpclient.netty.channel.ChannelManager - Adding key: http://localhost:28175 for channel [id: 0xdcfa6dcb, L:/127.0.0.1:64902 - R:localhost/127.0.0.1:28175]
2023-06-09 12:23:55 INFO  BaseTest:104 - Test driver set up done successfully**********
2023-06-09 12:23:55 INFO  BaseTest:122 - Logging in to portal
12:23:55.989 [Forwarding findElement on session 1e443b29523f95d036ce58bfbe894cd5 to remote] DEBUG org.asynchttpclient.netty.request.NettyRequestSender - Using pooled Channel '[id: 0xdcfa6dcb, L:/127.0.0.1:64902 - R:localhost/127.0.0.1:28175]' for 'POST' to 'http://localhost:28175/session/1e443b29523f95d036ce58bfbe894cd5/element'
12:23:55.989 [Forwarding findElement on session 1e443b29523f95d036ce58bfbe894cd5 to remote] DEBUG org.asynchttpclient.netty.request.NettyRequestSender - Using open Channel [id: 0xdcfa6dcb, L:/127.0.0.1:64902 - R:localhost/127.0.0.1:28175] for POST '/session/1e443b29523f95d036ce58bfbe894cd5/element'
12:23:56.002 [AsyncHttpClient-1-5] DEBUG org.asynchttpclient.netty.handler.HttpHandler - 

Request DefaultHttpRequest(decodeResult: success, version: HTTP/1.1)
POST /session/1e443b29523f95d036ce58bfbe894cd5/element HTTP/1.1
User-Agent: selenium/4.8.3 (java windows)
Content-Length: 59
Content-Type: application/json; charset=utf-8
host: localhost:28175
accept: */*

Response DefaultHttpResponse(decodeResult: success, version: HTTP/1.1)
HTTP/1.1 200 OK
Content-Length: 95
Content-Type: application/json; charset=utf-8
cache-control: no-cache

12:23:56.002 [AsyncHttpClient-1-5] DEBUG org.asynchttpclient.netty.channel.ChannelManager - Adding key: http://localhost:28175 for channel [id: 0xdcfa6dcb, L:/127.0.0.1:64902 - R:localhost/127.0.0.1:28175]
12:23:56.003 [Forwarding clearElement on session 1e443b29523f95d036ce58bfbe894cd5 to remote] DEBUG org.asynchttpclient.netty.request.NettyRequestSender - Using pooled Channel '[id: 0xdcfa6dcb, L:/127.0.0.1:64902 - R:localhost/127.0.0.1:28175]' for 'POST' to 'http://localhost:28175/session/1e443b29523f95d036ce58bfbe894cd5/element/7C4F4F61EEC8A3AFA792C95ABB3A1A44_element_27/clear'
12:23:56.004 [Forwarding clearElement on session 1e443b29523f95d036ce58bfbe894cd5 to remote] DEBUG org.asynchttpclient.netty.request.NettyRequestSender - Using open Channel [id: 0xdcfa6dcb, L:/127.0.0.1:64902 - R:localhost/127.0.0.1:28175] for POST '/session/1e443b29523f95d036ce58bfbe894cd5/element/7C4F4F61EEC8A3AFA792C95ABB3A1A44_element_27/clear'
12:23:56.040 [AsyncHttpClient-1-5] DEBUG org.asynchttpclient.netty.handler.HttpHandler - 

Request DefaultHttpRequest(decodeResult: success, version: HTTP/1.1)
POST /session/1e443b29523f95d036ce58bfbe894cd5/element/7C4F4F61EEC8A3AFA792C95ABB3A1A44_element_27/clear HTTP/1.1
User-Agent: selenium/4.8.3 (java windows)
Content-Length: 57
Content-Type: application/json; charset=utf-8
host: localhost:28175
accept: */*

Response DefaultHttpResponse(decodeResult: success, version: HTTP/1.1)
HTTP/1.1 200 OK
Content-Length: 14
Content-Type: application/json; charset=utf-8
cache-control: no-cache

12:23:56.041 [AsyncHttpClient-1-5] DEBUG org.asynchttpclient.netty.channel.ChannelManager - Adding key: http://localhost:28175 for channel [id: 0xdcfa6dcb, L:/127.0.0.1:64902 - R:localhost/127.0.0.1:28175]
12:23:56.042 [Forwarding findElement on session 1e443b29523f95d036ce58bfbe894cd5 to remote] DEBUG org.asynchttpclient.netty.request.NettyRequestSender - Using pooled Channel '[id: 0xdcfa6dcb, L:/127.0.0.1:64902 - R:localhost/127.0.0.1:28175]' for 'POST' to 'http://localhost:28175/session/1e443b29523f95d036ce58bfbe894cd5/element'
12:23:56.042 [Forwarding findElement on session 1e443b29523f95d036ce58bfbe894cd5 to remote] DEBUG org.asynchttpclient.netty.request.NettyRequestSender - Using open Channel [id: 0xdcfa6dcb, L:/127.0.0.1:64902 - R:localhost/127.0.0.1:28175] for POST '/session/1e443b29523f95d036ce58bfbe894cd5/element'
12:23:56.049 [AsyncHttpClient-1-5] DEBUG org.asynchttpclient.netty.handler.HttpHandler - 

Request DefaultHttpRequest(decodeResult: success, version: HTTP/1.1)
POST /session/1e443b29523f95d036ce58bfbe894cd5/element HTTP/1.1
User-Agent: selenium/4.8.3 (java windows)
Content-Length: 59
Content-Type: application/json; charset=utf-8
host: localhost:28175
accept: */*

Response DefaultHttpResponse(decodeResult: success, version: HTTP/1.1)
HTTP/1.1 200 OK
Content-Length: 95
Content-Type: application/json; charset=utf-8
cache-control: no-cache

12:23:56.049 [AsyncHttpClient-1-5] DEBUG org.asynchttpclient.netty.channel.ChannelManager - Adding key: http://localhost:28175 for channel [id: 0xdcfa6dcb, L:/127.0.0.1:64902 - R:localhost/127.0.0.1:28175]
12:23:56.050 [Forwarding sendKeysToElement on session 1e443b29523f95d036ce58bfbe894cd5 to remote] DEBUG org.asynchttpclient.netty.request.NettyRequestSender - Using pooled Channel '[id: 0xdcfa6dcb, L:/127.0.0.1:64902 - R:localhost/127.0.0.1:28175]' for 'POST' to 'http://localhost:28175/session/1e443b29523f95d036ce58bfbe894cd5/element/7C4F4F61EEC8A3AFA792C95ABB3A1A44_element_27/value'
12:23:56.050 [Forwarding sendKeysToElement on session 1e443b29523f95d036ce58bfbe894cd5 to remote] DEBUG org.asynchttpclient.netty.request.NettyRequestSender - Using open Channel [id: 0xdcfa6dcb, L:/127.0.0.1:64902 - R:localhost/127.0.0.1:28175] for POST '/session/1e443b29523f95d036ce58bfbe894cd5/element/7C4F4F61EEC8A3AFA792C95ABB3A1A44_element_27/value'
12:23:56.153 [AsyncHttpClient-1-5] DEBUG org.asynchttpclient.netty.handler.HttpHandler - 

Request DefaultHttpRequest(decodeResult: success, version: HTTP/1.1)
POST /session/1e443b29523f95d036ce58bfbe894cd5/element/7C4F4F61EEC8A3AFA792C95ABB3A1A44_element_27/value HTTP/1.1
User-Agent: selenium/4.8.3 (java windows)
Content-Length: 188
Content-Type: application/json; charset=utf-8
host: localhost:28175
accept: */*

Response DefaultHttpResponse(decodeResult: success, version: HTTP/1.1)
HTTP/1.1 200 OK
Content-Length: 14
Content-Type: application/json; charset=utf-8
cache-control: no-cache

12:23:56.154 [AsyncHttpClient-1-5] DEBUG org.asynchttpclient.netty.channel.ChannelManager - Adding key: http://localhost:28175 for channel [id: 0xdcfa6dcb, L:/127.0.0.1:64902 - R:localhost/127.0.0.1:28175]
12:23:56.155 [Forwarding findElement on session 1e443b29523f95d036ce58bfbe894cd5 to remote] DEBUG org.asynchttpclient.netty.request.NettyRequestSender - Using pooled Channel '[id: 0xdcfa6dcb, L:/127.0.0.1:64902 - R:localhost/127.0.0.1:28175]' for 'POST' to 'http://localhost:28175/session/1e443b29523f95d036ce58bfbe894cd5/element'
12:23:56.155 [Forwarding findElement on session 1e443b29523f95d036ce58bfbe894cd5 to remote] DEBUG org.asynchttpclient.netty.request.NettyRequestSender - Using open Channel [id: 0xdcfa6dcb, L:/127.0.0.1:64902 - R:localhost/127.0.0.1:28175] for POST '/session/1e443b29523f95d036ce58bfbe894cd5/element'
12:23:56.171 [AsyncHttpClient-1-5] DEBUG org.asynchttpclient.netty.handler.HttpHandler - 

Request DefaultHttpRequest(decodeResult: success, version: HTTP/1.1)
POST /session/1e443b29523f95d036ce58bfbe894cd5/element HTTP/1.1
User-Agent: selenium/4.8.3 (java windows)
Content-Length: 62
Content-Type: application/json; charset=utf-8
host: localhost:28175
accept: */*

Response DefaultHttpResponse(decodeResult: success, version: HTTP/1.1)
HTTP/1.1 200 OK
Content-Length: 95
Content-Type: application/json; charset=utf-8
cache-control: no-cache

12:23:56.171 [AsyncHttpClient-1-5] DEBUG org.asynchttpclient.netty.channel.ChannelManager - Adding key: http://localhost:28175 for channel [id: 0xdcfa6dcb, L:/127.0.0.1:64902 - R:localhost/127.0.0.1:28175]
12:23:56.172 [Forwarding clearElement on session 1e443b29523f95d036ce58bfbe894cd5 to remote] DEBUG org.asynchttpclient.netty.request.NettyRequestSender - Using pooled Channel '[id: 0xdcfa6dcb, L:/127.0.0.1:64902 - R:localhost/127.0.0.1:28175]' for 'POST' to 'http://localhost:28175/session/1e443b29523f95d036ce58bfbe894cd5/element/7C4F4F61EEC8A3AFA792C95ABB3A1A44_element_32/clear'
12:23:56.172 [Forwarding clearElement on session 1e443b29523f95d036ce58bfbe894cd5 to remote] DEBUG org.asynchttpclient.netty.request.NettyRequestSender - Using open Channel [id: 0xdcfa6dcb, L:/127.0.0.1:64902 - R:localhost/127.0.0.1:28175] for POST '/session/1e443b29523f95d036ce58bfbe894cd5/element/7C4F4F61EEC8A3AFA792C95ABB3A1A44_element_32/clear'
12:23:56.197 [AsyncHttpClient-1-5] DEBUG org.asynchttpclient.netty.handler.HttpHandler - 

Request DefaultHttpRequest(decodeResult: success, version: HTTP/1.1)
POST /session/1e443b29523f95d036ce58bfbe894cd5/element/7C4F4F61EEC8A3AFA792C95ABB3A1A44_element_32/clear HTTP/1.1
User-Agent: selenium/4.8.3 (java windows)
Content-Length: 57
Content-Type: application/json; charset=utf-8
host: localhost:28175
accept: */*

Response DefaultHttpResponse(decodeResult: success, version: HTTP/1.1)
HTTP/1.1 200 OK
Content-Length: 14
Content-Type: application/json; charset=utf-8
cache-control: no-cache

12:23:56.197 [AsyncHttpClient-1-5] DEBUG org.asynchttpclient.netty.channel.ChannelManager - Adding key: http://localhost:28175 for channel [id: 0xdcfa6dcb, L:/127.0.0.1:64902 - R:localhost/127.0.0.1:28175]
12:23:56.198 [Forwarding findElement on session 1e443b29523f95d036ce58bfbe894cd5 to remote] DEBUG org.asynchttpclient.netty.request.NettyRequestSender - Using pooled Channel '[id: 0xdcfa6dcb, L:/127.0.0.1:64902 - R:localhost/127.0.0.1:28175]' for 'POST' to 'http://localhost:28175/session/1e443b29523f95d036ce58bfbe894cd5/element'
12:23:56.198 [Forwarding findElement on session 1e443b29523f95d036ce58bfbe894cd5 to remote] DEBUG org.asynchttpclient.netty.request.NettyRequestSender - Using open Channel [id: 0xdcfa6dcb, L:/127.0.0.1:64902 - R:localhost/127.0.0.1:28175] for POST '/session/1e443b29523f95d036ce58bfbe894cd5/element'
12:23:56.206 [AsyncHttpClient-1-5] DEBUG org.asynchttpclient.netty.handler.HttpHandler - 

Request DefaultHttpRequest(decodeResult: success, version: HTTP/1.1)
POST /session/1e443b29523f95d036ce58bfbe894cd5/element HTTP/1.1
User-Agent: selenium/4.8.3 (java windows)
Content-Length: 62
Content-Type: application/json; charset=utf-8
host: localhost:28175
accept: */*

Response DefaultHttpResponse(decodeResult: success, version: HTTP/1.1)
HTTP/1.1 200 OK
Content-Length: 95
Content-Type: application/json; charset=utf-8
cache-control: no-cache

12:23:56.206 [AsyncHttpClient-1-5] DEBUG org.asynchttpclient.netty.channel.ChannelManager - Adding key: http://localhost:28175 for channel [id: 0xdcfa6dcb, L:/127.0.0.1:64902 - R:localhost/127.0.0.1:28175]
12:23:56.207 [Forwarding sendKeysToElement on session 1e443b29523f95d036ce58bfbe894cd5 to remote] DEBUG org.asynchttpclient.netty.request.NettyRequestSender - Using pooled Channel '[id: 0xdcfa6dcb, L:/127.0.0.1:64902 - R:localhost/127.0.0.1:28175]' for 'POST' to 'http://localhost:28175/session/1e443b29523f95d036ce58bfbe894cd5/element/7C4F4F61EEC8A3AFA792C95ABB3A1A44_element_32/value'
12:23:56.207 [Forwarding sendKeysToElement on session 1e443b29523f95d036ce58bfbe894cd5 to remote] DEBUG org.asynchttpclient.netty.request.NettyRequestSender - Using open Channel [id: 0xdcfa6dcb, L:/127.0.0.1:64902 - R:localhost/127.0.0.1:28175] for POST '/session/1e443b29523f95d036ce58bfbe894cd5/element/7C4F4F61EEC8A3AFA792C95ABB3A1A44_element_32/value'
12:23:56.239 [AsyncHttpClient-1-1] DEBUG org.asynchttpclient.netty.channel.DefaultChannelPool - Entry count for : http://localhost:64903 : 1
12:23:56.272 [AsyncHttpClient-1-5] DEBUG org.asynchttpclient.netty.handler.HttpHandler - 

Request DefaultHttpRequest(decodeResult: success, version: HTTP/1.1)
POST /session/1e443b29523f95d036ce58bfbe894cd5/element/7C4F4F61EEC8A3AFA792C95ABB3A1A44_element_32/value HTTP/1.1
User-Agent: selenium/4.8.3 (java windows)
Content-Length: 148
Content-Type: application/json; charset=utf-8
host: localhost:28175
accept: */*

Response DefaultHttpResponse(decodeResult: success, version: HTTP/1.1)
HTTP/1.1 200 OK
Content-Length: 14
Content-Type: application/json; charset=utf-8
cache-control: no-cache

12:23:56.272 [AsyncHttpClient-1-5] DEBUG org.asynchttpclient.netty.channel.ChannelManager - Adding key: http://localhost:28175 for channel [id: 0xdcfa6dcb, L:/127.0.0.1:64902 - R:localhost/127.0.0.1:28175]
12:23:56.273 [Forwarding findElement on session 1e443b29523f95d036ce58bfbe894cd5 to remote] DEBUG org.asynchttpclient.netty.request.NettyRequestSender - Using pooled Channel '[id: 0xdcfa6dcb, L:/127.0.0.1:64902 - R:localhost/127.0.0.1:28175]' for 'POST' to 'http://localhost:28175/session/1e443b29523f95d036ce58bfbe894cd5/element'
12:23:56.273 [Forwarding findElement on session 1e443b29523f95d036ce58bfbe894cd5 to remote] DEBUG org.asynchttpclient.netty.request.NettyRequestSender - Using open Channel [id: 0xdcfa6dcb, L:/127.0.0.1:64902 - R:localhost/127.0.0.1:28175] for POST '/session/1e443b29523f95d036ce58bfbe894cd5/element'
12:23:56.287 [AsyncHttpClient-1-5] DEBUG org.asynchttpclient.netty.handler.HttpHandler - 

Request DefaultHttpRequest(decodeResult: success, version: HTTP/1.1)
POST /session/1e443b29523f95d036ce58bfbe894cd5/element HTTP/1.1
User-Agent: selenium/4.8.3 (java windows)
Content-Length: 71
Content-Type: application/json; charset=utf-8
host: localhost:28175
accept: */*

Response DefaultHttpResponse(decodeResult: success, version: HTTP/1.1)
HTTP/1.1 200 OK
Content-Length: 95
Content-Type: application/json; charset=utf-8
cache-control: no-cache

12:23:56.287 [AsyncHttpClient-1-5] DEBUG org.asynchttpclient.netty.channel.ChannelManager - Adding key: http://localhost:28175 for channel [id: 0xdcfa6dcb, L:/127.0.0.1:64902 - R:localhost/127.0.0.1:28175]
12:23:56.288 [Forwarding clickElement on session 1e443b29523f95d036ce58bfbe894cd5 to remote] DEBUG org.asynchttpclient.netty.request.NettyRequestSender - Using pooled Channel '[id: 0xdcfa6dcb, L:/127.0.0.1:64902 - R:localhost/127.0.0.1:28175]' for 'POST' to 'http://localhost:28175/session/1e443b29523f95d036ce58bfbe894cd5/element/7C4F4F61EEC8A3AFA792C95ABB3A1A44_element_33/click'
12:23:56.288 [Forwarding clickElement on session 1e443b29523f95d036ce58bfbe894cd5 to remote] DEBUG org.asynchttpclient.netty.request.NettyRequestSender - Using open Channel [id: 0xdcfa6dcb, L:/127.0.0.1:64902 - R:localhost/127.0.0.1:28175] for POST '/session/1e443b29523f95d036ce58bfbe894cd5/element/7C4F4F61EEC8A3AFA792C95ABB3A1A44_element_33/click'
12:23:56.337 [AsyncHttpClient-1-5] DEBUG org.asynchttpclient.netty.handler.HttpHandler - 

Request DefaultHttpRequest(decodeResult: success, version: HTTP/1.1)
POST /session/1e443b29523f95d036ce58bfbe894cd5/element/7C4F4F61EEC8A3AFA792C95ABB3A1A44_element_33/click HTTP/1.1
User-Agent: selenium/4.8.3 (java windows)
Content-Length: 57
Content-Type: application/json; charset=utf-8
host: localhost:28175
accept: */*

Response DefaultHttpResponse(decodeResult: success, version: HTTP/1.1)
HTTP/1.1 200 OK
Content-Length: 14
Content-Type: application/json; charset=utf-8
cache-control: no-cache

12:23:56.337 [AsyncHttpClient-1-5] DEBUG org.asynchttpclient.netty.channel.ChannelManager - Adding key: http://localhost:28175 for channel [id: 0xdcfa6dcb, L:/127.0.0.1:64902 - R:localhost/127.0.0.1:28175]
2023-06-09 12:23:56 INFO  BaseTest:126 - Logged in
12:23:56.339 [rp-io-42] DEBUG com.epam.reportportal.service.Launch - Starting test item...rp-io-42
2023-06-09 12:23:56 INFO  Listeners:34 - Started Test null
12:23:56.341 [Forwarding findElement on session 1e443b29523f95d036ce58bfbe894cd5 to remote] DEBUG org.asynchttpclient.netty.request.NettyRequestSender - Using pooled Channel '[id: 0xdcfa6dcb, L:/127.0.0.1:64902 - R:localhost/127.0.0.1:28175]' for 'POST' to 'http://localhost:28175/session/1e443b29523f95d036ce58bfbe894cd5/element'
12:23:56.341 [Forwarding findElement on session 1e443b29523f95d036ce58bfbe894cd5 to remote] DEBUG org.asynchttpclient.netty.request.NettyRequestSender - Using open Channel [id: 0xdcfa6dcb, L:/127.0.0.1:64902 - R:localhost/127.0.0.1:28175] for POST '/session/1e443b29523f95d036ce58bfbe894cd5/element'
12:23:56.358 [rp-io-32] DEBUG com.epam.reportportal.service.Launch - TestItem with ID = '36147c0a-dc89-4bd7-ae69-57d200e8aac4' successfully finished.
12:23:56.358 [rp-io-32] DEBUG com.epam.reportportal.utils.SubscriptionUtils - Finish test item completed
12:23:56.363 [rp-io-42] DEBUG com.epam.reportportal.service.Launch - ReportPortal item with ID '820a4d92-a7bc-40d4-891e-9398e97b3c75' has been created
12:23:56.363 [rp-io-42] DEBUG com.epam.reportportal.utils.SubscriptionUtils - Start test item successfully completed
12:23:56.721 [AsyncHttpClient-1-5] DEBUG org.asynchttpclient.netty.handler.HttpHandler - 

Request DefaultHttpRequest(decodeResult: success, version: HTTP/1.1)
POST /session/1e443b29523f95d036ce58bfbe894cd5/element HTTP/1.1
User-Agent: selenium/4.8.3 (java windows)
Content-Length: 168
Content-Type: application/json; charset=utf-8
host: localhost:28175
accept: */*

Response DefaultHttpResponse(decodeResult: success, version: HTTP/1.1)
HTTP/1.1 200 OK
Content-Length: 95
Content-Type: application/json; charset=utf-8
cache-control: no-cache

12:23:56.722 [AsyncHttpClient-1-5] DEBUG org.asynchttpclient.netty.channel.ChannelManager - Adding key: http://localhost:28175 for channel [id: 0xdcfa6dcb, L:/127.0.0.1:64902 - R:localhost/127.0.0.1:28175]
12:23:56.722 [Forwarding clickElement on session 1e443b29523f95d036ce58bfbe894cd5 to remote] DEBUG org.asynchttpclient.netty.request.NettyRequestSender - Using pooled Channel '[id: 0xdcfa6dcb, L:/127.0.0.1:64902 - R:localhost/127.0.0.1:28175]' for 'POST' to 'http://localhost:28175/session/1e443b29523f95d036ce58bfbe894cd5/element/7C4F4F61EEC8A3AFA792C95ABB3A1A44_element_48/click'
12:23:56.722 [Forwarding clickElement on session 1e443b29523f95d036ce58bfbe894cd5 to remote] DEBUG org.asynchttpclient.netty.request.NettyRequestSender - Using open Channel [id: 0xdcfa6dcb, L:/127.0.0.1:64902 - R:localhost/127.0.0.1:28175] for POST '/session/1e443b29523f95d036ce58bfbe894cd5/element/7C4F4F61EEC8A3AFA792C95ABB3A1A44_element_48/click'
12:23:57.094 [AsyncHttpClient-1-5] DEBUG org.asynchttpclient.netty.handler.HttpHandler - 

Request DefaultHttpRequest(decodeResult: success, version: HTTP/1.1)
POST /session/1e443b29523f95d036ce58bfbe894cd5/element/7C4F4F61EEC8A3AFA792C95ABB3A1A44_element_48/click HTTP/1.1
User-Agent: selenium/4.8.3 (java windows)
Content-Length: 57
Content-Type: application/json; charset=utf-8
host: localhost:28175
accept: */*

Response DefaultHttpResponse(decodeResult: success, version: HTTP/1.1)
HTTP/1.1 200 OK
Content-Length: 14
Content-Type: application/json; charset=utf-8
cache-control: no-cache

12:23:57.095 [AsyncHttpClient-1-5] DEBUG org.asynchttpclient.netty.channel.ChannelManager - Adding key: http://localhost:28175 for channel [id: 0xdcfa6dcb, L:/127.0.0.1:64902 - R:localhost/127.0.0.1:28175]
12:23:57.096 [Forwarding findElement on session 1e443b29523f95d036ce58bfbe894cd5 to remote] DEBUG org.asynchttpclient.netty.request.NettyRequestSender - Using pooled Channel '[id: 0xdcfa6dcb, L:/127.0.0.1:64902 - R:localhost/127.0.0.1:28175]' for 'POST' to 'http://localhost:28175/session/1e443b29523f95d036ce58bfbe894cd5/element'
12:23:57.096 [Forwarding findElement on session 1e443b29523f95d036ce58bfbe894cd5 to remote] DEBUG org.asynchttpclient.netty.request.NettyRequestSender - Using open Channel [id: 0xdcfa6dcb, L:/127.0.0.1:64902 - R:localhost/127.0.0.1:28175] for POST '/session/1e443b29523f95d036ce58bfbe894cd5/element'
12:23:57.339 [AsyncHttpClient-1-1] DEBUG org.asynchttpclient.netty.channel.DefaultChannelPool - Entry count for : http://localhost:64903 : 1
12:23:58.439 [AsyncHttpClient-1-1] DEBUG org.asynchttpclient.netty.channel.DefaultChannelPool - Entry count for : http://localhost:64903 : 1
12:23:59.539 [AsyncHttpClient-1-1] DEBUG org.asynchttpclient.netty.channel.DefaultChannelPool - Entry count for : http://localhost:64903 : 1
12:24:00.639 [AsyncHttpClient-1-1] DEBUG org.asynchttpclient.netty.channel.DefaultChannelPool - Entry count for : http://localhost:64903 : 1
12:24:01.246 [AsyncHttpClient-1-5] DEBUG org.asynchttpclient.netty.handler.HttpHandler - 

Request DefaultHttpRequest(decodeResult: success, version: HTTP/1.1)
POST /session/1e443b29523f95d036ce58bfbe894cd5/element HTTP/1.1
User-Agent: selenium/4.8.3 (java windows)
Content-Length: 77
Content-Type: application/json; charset=utf-8
host: localhost:28175
accept: */*

Response DefaultHttpResponse(decodeResult: success, version: HTTP/1.1)
HTTP/1.1 404 Not Found
Content-Length: 967
Content-Type: application/json; charset=utf-8
cache-control: no-cache

12:24:01.247 [AsyncHttpClient-1-5] DEBUG org.asynchttpclient.netty.channel.ChannelManager - Adding key: http://localhost:28175 for channel [id: 0xdcfa6dcb, L:/127.0.0.1:64902 - R:localhost/127.0.0.1:28175]
2023-06-09 12:24:01 INFO  Listeners:55 - Skipped test null
12:24:01.248 [main] ERROR com.epam.reportportal.service.Launch - Item io.reactivex.internal.operators.maybe.MaybeCache@f41db7f not found in the cache
]]></system-out>
    <system-err><![CDATA[Starting ChromeDriver 114.0.5735.90 (386bc09e8f4f2e025eddae123f36f6263096ae49-refs/branch-heads/5735@{#1052}) on port 28175
Only local connections are allowed.
Please see https://chromedriver.chromium.org/security-considerations for suggestions on keeping ChromeDriver safe.
ChromeDriver was started successfully.
Jun 09, 2023 12:23:54 PM org.openqa.selenium.devtools.CdpVersionFinder findNearestMatch
WARNING: Unable to find an exact match for CDP version 114, so returning the closest version found: 111
]]></system-err>
  </testcase>
  <testcase name="searchDashboardNameDP[FLAKY TEST CASES](19)" classname="alltests.uitest.coreTest.DashboardPageTest" time="4.926">
    <failure message="no such element: Unable to locate element: {&quot;method&quot;:&quot;xpath&quot;,&quot;selector&quot;:&quot;//*[text()=&apos;FLAKY TEST CASES&apos;]&quot;}&#10;  (Session info: chrome=114.0.5735.110)&#10;For documentation on this error, please visit: https://selenium.dev/exceptions/#no_such_element&#10;Build info: version: &apos;4.8.3&apos;, revision: &apos;e5e76298c3&apos;&#10;System info: os.name: &apos;Windows 10&apos;, os.arch: &apos;amd64&apos;, os.version: &apos;10.0&apos;, java.version: &apos;17.0.3.1&apos;&#10;Driver info: org.openqa.selenium.chrome.ChromeDriver&#10;Command: [31f8bcc6ac9fa7ce1e05c9cc57bdf210, findElement {using=xpath, value=//*[text()=&apos;FLAKY TEST CASES&apos;]}]&#10;Capabilities {acceptInsecureCerts: false, browserName: chrome, browserVersion: 114.0.5735.110, chrome: {chromedriverVersion: 114.0.5735.90 (386bc09e8f4f..., userDataDir: C:\Users\SUWARN~1\AppData\L...}, goog:chromeOptions: {debuggerAddress: localhost:64937}, networkConnectionEnabled: false, pageLoadStrategy: normal, platformName: WINDOWS, proxy: Proxy(), se:cdp: ws://localhost:64937/devtoo..., se:cdpVersion: 114.0.5735.110, setWindowRect: true, strictFileInteractability: false, timeouts: {implicit: 0, pageLoad: 300000, script: 30000}, unhandledPromptBehavior: dismiss and notify, webauthn:extension:credBlob: true, webauthn:extension:largeBlob: true, webauthn:extension:minPinLength: true, webauthn:extension:prf: true, webauthn:virtualAuthenticators: true}&#10;Session ID: 31f8bcc6ac9fa7ce1e05c9cc57bdf210" type="org.openqa.selenium.NoSuchElementException"><![CDATA[org.openqa.selenium.NoSuchElementException: 
no such element: Unable to locate element: {"method":"xpath","selector":"//*[text()='FLAKY TEST CASES']"}
  (Session info: chrome=114.0.5735.110)
For documentation on this error, please visit: https://selenium.dev/exceptions/#no_such_element
Build info: version: '4.8.3', revision: 'e5e76298c3'
System info: os.name: 'Windows 10', os.arch: 'amd64', os.version: '10.0', java.version: '17.0.3.1'
Driver info: org.openqa.selenium.chrome.ChromeDriver
Command: [31f8bcc6ac9fa7ce1e05c9cc57bdf210, findElement {using=xpath, value=//*[text()='FLAKY TEST CASES']}]
Capabilities {acceptInsecureCerts: false, browserName: chrome, browserVersion: 114.0.5735.110, chrome: {chromedriverVersion: 114.0.5735.90 (386bc09e8f4f..., userDataDir: C:\Users\SUWARN~1\AppData\L...}, goog:chromeOptions: {debuggerAddress: localhost:64937}, networkConnectionEnabled: false, pageLoadStrategy: normal, platformName: WINDOWS, proxy: Proxy(), se:cdp: ws://localhost:64937/devtoo..., se:cdpVersion: 114.0.5735.110, setWindowRect: true, strictFileInteractability: false, timeouts: {implicit: 0, pageLoad: 300000, script: 30000}, unhandledPromptBehavior: dismiss and notify, webauthn:extension:credBlob: true, webauthn:extension:largeBlob: true, webauthn:extension:minPinLength: true, webauthn:extension:prf: true, webauthn:virtualAuthenticators: true}
Session ID: 31f8bcc6ac9fa7ce1e05c9cc57bdf210
	at java.base/jdk.internal.reflect.NativeConstructorAccessorImpl.newInstance0(Native Method)
	at java.base/jdk.internal.reflect.NativeConstructorAccessorImpl.newInstance(NativeConstructorAccessorImpl.java:77)
	at java.base/jdk.internal.reflect.DelegatingConstructorAccessorImpl.newInstance(DelegatingConstructorAccessorImpl.java:45)
	at java.base/java.lang.reflect.Constructor.newInstanceWithCaller(Constructor.java:499)
	at java.base/java.lang.reflect.Constructor.newInstance(Constructor.java:480)
	at org.openqa.selenium.remote.codec.w3c.W3CHttpResponseCodec.createException(W3CHttpResponseCodec.java:200)
	at org.openqa.selenium.remote.codec.w3c.W3CHttpResponseCodec.decode(W3CHttpResponseCodec.java:133)
	at org.openqa.selenium.remote.codec.w3c.W3CHttpResponseCodec.decode(W3CHttpResponseCodec.java:53)
	at org.openqa.selenium.remote.HttpCommandExecutor.execute(HttpCommandExecutor.java:193)
	at org.openqa.selenium.remote.service.DriverCommandExecutor.invokeExecute(DriverCommandExecutor.java:183)
	at org.openqa.selenium.remote.service.DriverCommandExecutor.execute(DriverCommandExecutor.java:158)
	at org.openqa.selenium.remote.RemoteWebDriver.execute(RemoteWebDriver.java:543)
	at org.openqa.selenium.remote.ElementLocation$ElementFinder$2.findElement(ElementLocation.java:162)
	at org.openqa.selenium.remote.ElementLocation.findElement(ElementLocation.java:60)
	at org.openqa.selenium.remote.RemoteWebDriver.findElement(RemoteWebDriver.java:352)
	at org.openqa.selenium.remote.RemoteWebDriver.findElement(RemoteWebDriver.java:344)
	at pageobject.DemoDashboard.verifyNamesOfWidgetPresetOnDemoDashboard(DemoDashboard.java:31)
	at alltests.uitest.coreTest.DashboardPageTest.searchDashboardNameDP(DashboardPageTest.java:42)
	at jdk.internal.reflect.GeneratedMethodAccessor127.invoke(Unknown Source)
	at java.base/jdk.internal.reflect.DelegatingMethodAccessorImpl.invoke(DelegatingMethodAccessorImpl.java:43)
	at java.base/java.lang.reflect.Method.invoke(Method.java:568)
	at org.testng.internal.invokers.MethodInvocationHelper.invokeMethod(MethodInvocationHelper.java:139)
	at org.testng.internal.invokers.TestInvoker.invokeMethod(TestInvoker.java:677)
	at org.testng.internal.invokers.TestInvoker.retryFailed(TestInvoker.java:263)
	at org.testng.internal.invokers.MethodRunner.runInSequence(MethodRunner.java:62)
	at org.testng.internal.invokers.TestInvoker$MethodInvocationAgent.invoke(TestInvoker.java:969)
	at org.testng.internal.invokers.TestInvoker.invokeTestMethods(TestInvoker.java:194)
	at org.testng.internal.invokers.TestMethodWorker.invokeTestMethods(TestMethodWorker.java:148)
	at org.testng.internal.invokers.TestMethodWorker.run(TestMethodWorker.java:128)
	at java.base/java.util.ArrayList.forEach(ArrayList.java:1511)
	at org.testng.TestRunner.privateRun(TestRunner.java:829)
	at org.testng.TestRunner.run(TestRunner.java:602)
	at org.testng.SuiteRunner.runTest(SuiteRunner.java:437)
	at org.testng.SuiteRunner.runSequentially(SuiteRunner.java:431)
	at org.testng.SuiteRunner.privateRun(SuiteRunner.java:391)
	at org.testng.SuiteRunner.run(SuiteRunner.java:330)
	at org.testng.SuiteRunnerWorker.runSuite(SuiteRunnerWorker.java:52)
	at org.testng.SuiteRunnerWorker.run(SuiteRunnerWorker.java:95)
	at org.testng.TestNG.runSuitesSequentially(TestNG.java:1256)
	at org.testng.TestNG.runSuitesLocally(TestNG.java:1176)
	at org.testng.TestNG.runSuites(TestNG.java:1099)
	at org.testng.TestNG.run(TestNG.java:1067)
	at org.apache.maven.surefire.testng.TestNGExecutor.run(TestNGExecutor.java:308)
	at org.apache.maven.surefire.testng.TestNGXmlTestSuite.execute(TestNGXmlTestSuite.java:71)
	at org.apache.maven.surefire.testng.TestNGProvider.invoke(TestNGProvider.java:113)
	at org.apache.maven.surefire.booter.ForkedBooter.runSuitesInProcess(ForkedBooter.java:385)
	at org.apache.maven.surefire.booter.ForkedBooter.execute(ForkedBooter.java:162)
	at org.apache.maven.surefire.booter.ForkedBooter.run(ForkedBooter.java:507)
	at org.apache.maven.surefire.booter.ForkedBooter.main(ForkedBooter.java:495)
]]></failure>
    <system-out><![CDATA[12:24:01.248 [rp-io-52] DEBUG com.epam.reportportal.service.Launch - Starting test item...rp-io-52
12:24:01.250 [AsyncHttpClient-1-7] DEBUG org.asynchttpclient.netty.handler.WebSocketHandler - Channel Closed: [id: 0xb8d8dc65, L:/127.0.0.1:64910 ! R:localhost/127.0.0.1:64903] with attribute NettyResponseFuture{currentRetry=0,
	isDone=1,
	isCancelled=0,
	asyncHandler=org.asynchttpclient.ws.WebSocketUpgradeHandler@271bead9,
	nettyRequest=org.asynchttpclient.netty.request.NettyRequest@38ce8b19,
	future=java.util.concurrent.CompletableFuture@69ed9e7a[Completed normally],
	uri=ws://localhost:64903/devtools/browser/de9bd3ec-2a9a-47b7-88e2-4004dbfa622f,
	keepAlive=true,
	redirectCount=0,
	timeoutsHolder=null,
	inAuth=0,
	touch=1686306234424}
12:24:01.250 [AsyncHttpClient-1-7] DEBUG org.asynchttpclient.netty.channel.ChannelManager - Closing Channel [id: 0xb8d8dc65, L:/127.0.0.1:64910 ! R:localhost/127.0.0.1:64903] 
12:24:01.251 [Driver Command Executor] DEBUG org.asynchttpclient.netty.request.NettyRequestSender - Using pooled Channel '[id: 0xdcfa6dcb, L:/127.0.0.1:64902 - R:localhost/127.0.0.1:28175]' for 'DELETE' to 'http://localhost:28175/session/1e443b29523f95d036ce58bfbe894cd5'
12:24:01.251 [Driver Command Executor] DEBUG org.asynchttpclient.netty.request.NettyRequestSender - Using open Channel [id: 0xdcfa6dcb, L:/127.0.0.1:64902 - R:localhost/127.0.0.1:28175] for DELETE '/session/1e443b29523f95d036ce58bfbe894cd5'
12:24:01.267 [rp-io-43] DEBUG com.epam.reportportal.service.Launch - TestItem with ID = '820a4d92-a7bc-40d4-891e-9398e97b3c75' successfully finished.
12:24:01.267 [rp-io-43] DEBUG com.epam.reportportal.utils.SubscriptionUtils - Finish test item completed
12:24:01.275 [rp-io-45] DEBUG com.epam.reportportal.service.Launch - TestItem with ID = '36147c0a-dc89-4bd7-ae69-57d200e8aac4' successfully finished.
12:24:01.275 [rp-io-45] DEBUG com.epam.reportportal.utils.SubscriptionUtils - Finish test item completed
12:24:01.275 [rp-io-52] DEBUG com.epam.reportportal.service.Launch - ReportPortal item with ID '219fa28f-5c36-48d6-bf92-8a44be1bcf7d' has been created
12:24:01.275 [rp-io-52] DEBUG com.epam.reportportal.utils.SubscriptionUtils - Start test item successfully completed
12:24:01.316 [AsyncHttpClient-1-6] DEBUG org.asynchttpclient.netty.handler.HttpHandler - Unexpected I/O exception on channel [id: 0x1fc5155b, L:/127.0.0.1:64909 - R:localhost/127.0.0.1:64903]
java.net.SocketException: Connection reset
	at java.base/sun.nio.ch.SocketChannelImpl.throwConnectionReset(SocketChannelImpl.java:394)
	at java.base/sun.nio.ch.SocketChannelImpl.read(SocketChannelImpl.java:426)
	at io.netty.buffer.PooledByteBuf.setBytes(PooledByteBuf.java:256)
	at io.netty.buffer.AbstractByteBuf.writeBytes(AbstractByteBuf.java:1132)
	at io.netty.channel.socket.nio.NioSocketChannel.doReadBytes(NioSocketChannel.java:357)
	at io.netty.channel.nio.AbstractNioByteChannel$NioByteUnsafe.read(AbstractNioByteChannel.java:151)
	at io.netty.channel.nio.NioEventLoop.processSelectedKey(NioEventLoop.java:788)
	at io.netty.channel.nio.NioEventLoop.processSelectedKeysOptimized(NioEventLoop.java:724)
	at io.netty.channel.nio.NioEventLoop.processSelectedKeys(NioEventLoop.java:650)
	at io.netty.channel.nio.NioEventLoop.run(NioEventLoop.java:562)
	at io.netty.util.concurrent.SingleThreadEventExecutor$4.run(SingleThreadEventExecutor.java:997)
	at io.netty.util.internal.ThreadExecutorMap$2.run(ThreadExecutorMap.java:74)
	at io.netty.util.concurrent.FastThreadLocalRunnable.run(FastThreadLocalRunnable.java:30)
	at java.base/java.lang.Thread.run(Thread.java:833)
12:24:01.316 [AsyncHttpClient-1-6] DEBUG org.asynchttpclient.netty.channel.ChannelManager - Closing Channel [id: 0x1fc5155b, L:/127.0.0.1:64909 - R:localhost/127.0.0.1:64903] 
12:24:01.317 [AsyncHttpClient-1-6] DEBUG org.asynchttpclient.netty.handler.HttpHandler - Channel Closed: [id: 0x1fc5155b, L:/127.0.0.1:64909 ! R:localhost/127.0.0.1:64903] with attribute DISCARD
12:24:01.335 [AsyncHttpClient-1-5] DEBUG org.asynchttpclient.netty.handler.HttpHandler - 

Request DefaultFullHttpRequest(decodeResult: success, version: HTTP/1.1, content: EmptyByteBufBE)
DELETE /session/1e443b29523f95d036ce58bfbe894cd5 HTTP/1.1
User-Agent: selenium/4.8.3 (java windows)
Content-Type: application/json; charset=utf-8
host: localhost:28175
accept: */*

Response DefaultHttpResponse(decodeResult: success, version: HTTP/1.1)
HTTP/1.1 200 OK
Content-Length: 14
Content-Type: application/json; charset=utf-8
cache-control: no-cache

12:24:01.335 [AsyncHttpClient-1-5] DEBUG org.asynchttpclient.netty.channel.ChannelManager - Adding key: http://localhost:28175 for channel [id: 0xdcfa6dcb, L:/127.0.0.1:64902 - R:localhost/127.0.0.1:28175]
12:24:01.373 [AsyncHttpClient-1-5] DEBUG org.asynchttpclient.netty.handler.HttpHandler - Channel Closed: [id: 0xdcfa6dcb, L:/127.0.0.1:64902 ! R:localhost/127.0.0.1:28175] with attribute DISCARD
2023-06-09 12:24:01 INFO  BaseTest:83 - Test executed**********
12:24:01.417 [rp-io-54] DEBUG com.epam.reportportal.service.Launch - Starting test item...rp-io-54
2023-06-09 12:24:01 INFO  BaseTest:110 - Property files loaded successfully**********
12:24:01.430 [main] DEBUG io.github.bonigarcia.wdm.cache.ResolutionCache - Resolution chrome=114 in cache (valid until 13:14:48 09/06/2023 CEST)
12:24:01.430 [main] DEBUG io.github.bonigarcia.wdm.cache.ResolutionCache - Resolution chrome114=114.0.5735.90 in cache (valid until 12:14:48 10/06/2023 CEST)
12:24:01.430 [main] INFO io.github.bonigarcia.wdm.WebDriverManager - Using chromedriver 114.0.5735.90 (resolved driver for Chrome 114)
12:24:01.432 [rp-io-51] DEBUG com.epam.reportportal.service.Launch - TestItem with ID = '219fa28f-5c36-48d6-bf92-8a44be1bcf7d' successfully finished.
12:24:01.432 [rp-io-51] DEBUG com.epam.reportportal.utils.SubscriptionUtils - Finish test item completed
12:24:01.436 [main] DEBUG io.github.bonigarcia.wdm.WebDriverManager - Driver chromedriver 114.0.5735.90 found in cache
12:24:01.436 [main] INFO io.github.bonigarcia.wdm.WebDriverManager - Exporting webdriver.chrome.driver as C:\Users\Suwarna_Wagh\.cache\selenium\chromedriver\win32\114.0.5735.90\chromedriver.exe
12:24:01.442 [rp-io-50] DEBUG com.epam.reportportal.service.Launch - ReportPortal item with ID '34526d4c-0764-4ba8-b536-218c3d620ed8' has been created
12:24:01.442 [rp-io-50] DEBUG com.epam.reportportal.utils.SubscriptionUtils - Start test item successfully completed
12:24:01.538 [AsyncHttpClient-1-8] DEBUG org.asynchttpclient.netty.channel.NettyConnectListener - Using new Channel '[id: 0x9a9f80aa, L:/127.0.0.1:64936 - R:localhost/127.0.0.1:24971]' for 'POST' to '/session'
12:24:01.740 [AsyncHttpClient-1-1] DEBUG org.asynchttpclient.netty.channel.DefaultChannelPool - Entry count for : http://localhost:64903 : 1
12:24:01.741 [AsyncHttpClient-1-1] DEBUG org.asynchttpclient.netty.channel.DefaultChannelPool - Entry count for : http://localhost:28175 : 1
12:24:01.741 [AsyncHttpClient-1-1] DEBUG org.asynchttpclient.netty.channel.DefaultChannelPool - Adding Candidate expired Channel [id: 0x1fc5155b, L:/127.0.0.1:64909 ! R:localhost/127.0.0.1:64903] isIdleTimeoutExpired=false isRemotelyClosed=true isTtlExpired=false
12:24:01.741 [AsyncHttpClient-1-1] DEBUG org.asynchttpclient.netty.channel.DefaultChannelPool - Closing Idle Channel [id: 0x1fc5155b, L:/127.0.0.1:64909 ! R:localhost/127.0.0.1:64903]
12:24:01.741 [AsyncHttpClient-1-1] DEBUG org.asynchttpclient.netty.channel.DefaultChannelPool - Adding Candidate expired Channel [id: 0xdcfa6dcb, L:/127.0.0.1:64902 ! R:localhost/127.0.0.1:28175] isIdleTimeoutExpired=false isRemotelyClosed=true isTtlExpired=false
12:24:01.741 [AsyncHttpClient-1-1] DEBUG org.asynchttpclient.netty.channel.DefaultChannelPool - Closing Idle Channel [id: 0xdcfa6dcb, L:/127.0.0.1:64902 ! R:localhost/127.0.0.1:28175]
12:24:01.741 [AsyncHttpClient-1-1] DEBUG org.asynchttpclient.netty.channel.DefaultChannelPool - Closed 2 connections out of 2 in 0 ms
12:24:02.250 [AsyncHttpClient-1-8] DEBUG org.asynchttpclient.netty.handler.HttpHandler - 

Request DefaultHttpRequest(decodeResult: success, version: HTTP/1.1)
POST /session HTTP/1.1
User-Agent: selenium/4.8.3 (java windows)
Content-Length: 439
Content-Type: application/json; charset=utf-8
host: localhost:24971
accept: */*

Response DefaultHttpResponse(decodeResult: success, version: HTTP/1.1)
HTTP/1.1 200 OK
Content-Length: 864
Content-Type: application/json; charset=utf-8
cache-control: no-cache

12:24:02.251 [AsyncHttpClient-1-8] DEBUG org.asynchttpclient.netty.channel.ChannelManager - Adding key: http://localhost:24971 for channel [id: 0x9a9f80aa, L:/127.0.0.1:64936 - R:localhost/127.0.0.1:24971]
12:24:02.256 [AsyncHttpClient-1-9] DEBUG org.asynchttpclient.netty.channel.NettyConnectListener - Using new Channel '[id: 0xcc371534, L:/127.0.0.1:64943 - R:localhost/127.0.0.1:64937]' for 'GET' to '/json/version'
12:24:02.256 [AsyncHttpClient-1-9] DEBUG org.asynchttpclient.netty.handler.HttpHandler - 

Request DefaultFullHttpRequest(decodeResult: success, version: HTTP/1.1, content: EmptyByteBufBE)
GET /json/version HTTP/1.1
User-Agent: selenium/4.8.3 (java windows)
host: localhost:64937
accept: */*

Response DefaultHttpResponse(decodeResult: success, version: HTTP/1.1)
HTTP/1.1 200 OK
Content-Security-Policy: frame-ancestors 'none'
Content-Length: 424
Content-Type: application/json; charset=UTF-8

12:24:02.256 [AsyncHttpClient-1-9] DEBUG org.asynchttpclient.netty.channel.ChannelManager - Adding key: http://localhost:64937 for channel [id: 0xcc371534, L:/127.0.0.1:64943 - R:localhost/127.0.0.1:64937]
12:24:02.258 [AsyncHttpClient-1-10] DEBUG org.asynchttpclient.netty.channel.NettyConnectListener - Using new Channel '[id: 0xb0a4d306, L:/127.0.0.1:64944 - R:localhost/127.0.0.1:64937]' for 'GET' to '/devtools/browser/7a1db90c-2e3a-4f01-a874-b93d131b2a3c'
12:24:02.258 [AsyncHttpClient-1-10] DEBUG org.asynchttpclient.netty.handler.WebSocketHandler - 

Request DefaultFullHttpRequest(decodeResult: success, version: HTTP/1.1, content: EmptyByteBufBE)
GET /devtools/browser/7a1db90c-2e3a-4f01-a874-b93d131b2a3c HTTP/1.1
upgrade: websocket
connection: upgrade
sec-websocket-key: f7RsX+YorsxjSc2uDuoB8Q==
sec-websocket-version: 13
origin: http://localhost:64937
host: localhost:64937
accept: */*
user-agent: AHC/2.1

Response DefaultHttpResponse(decodeResult: success, version: HTTP/1.1)
HTTP/1.1 101 WebSocket Protocol Handshake
Upgrade: WebSocket
Connection: Upgrade
Sec-WebSocket-Accept: ymicJODpsxYHgYsQYfJ3gZCDzBk=

12:24:02.261 [Forwarding setTimeout on session 31f8bcc6ac9fa7ce1e05c9cc57bdf210 to remote] DEBUG org.asynchttpclient.netty.request.NettyRequestSender - Using pooled Channel '[id: 0x9a9f80aa, L:/127.0.0.1:64936 - R:localhost/127.0.0.1:24971]' for 'POST' to 'http://localhost:24971/session/31f8bcc6ac9fa7ce1e05c9cc57bdf210/timeouts'
12:24:02.261 [Forwarding setTimeout on session 31f8bcc6ac9fa7ce1e05c9cc57bdf210 to remote] DEBUG org.asynchttpclient.netty.request.NettyRequestSender - Using open Channel [id: 0x9a9f80aa, L:/127.0.0.1:64936 - R:localhost/127.0.0.1:24971] for POST '/session/31f8bcc6ac9fa7ce1e05c9cc57bdf210/timeouts'
12:24:02.262 [AsyncHttpClient-1-8] DEBUG org.asynchttpclient.netty.handler.HttpHandler - 

Request DefaultHttpRequest(decodeResult: success, version: HTTP/1.1)
POST /session/31f8bcc6ac9fa7ce1e05c9cc57bdf210/timeouts HTTP/1.1
User-Agent: selenium/4.8.3 (java windows)
Content-Length: 22
Content-Type: application/json; charset=utf-8
host: localhost:24971
accept: */*

Response DefaultHttpResponse(decodeResult: success, version: HTTP/1.1)
HTTP/1.1 200 OK
Content-Length: 14
Content-Type: application/json; charset=utf-8
cache-control: no-cache

12:24:02.262 [AsyncHttpClient-1-8] DEBUG org.asynchttpclient.netty.channel.ChannelManager - Adding key: http://localhost:24971 for channel [id: 0x9a9f80aa, L:/127.0.0.1:64936 - R:localhost/127.0.0.1:24971]
12:24:02.263 [Forwarding maximizeCurrentWindow on session 31f8bcc6ac9fa7ce1e05c9cc57bdf210 to remote] DEBUG org.asynchttpclient.netty.request.NettyRequestSender - Using pooled Channel '[id: 0x9a9f80aa, L:/127.0.0.1:64936 - R:localhost/127.0.0.1:24971]' for 'POST' to 'http://localhost:24971/session/31f8bcc6ac9fa7ce1e05c9cc57bdf210/window/maximize'
12:24:02.263 [Forwarding maximizeCurrentWindow on session 31f8bcc6ac9fa7ce1e05c9cc57bdf210 to remote] DEBUG org.asynchttpclient.netty.request.NettyRequestSender - Using open Channel [id: 0x9a9f80aa, L:/127.0.0.1:64936 - R:localhost/127.0.0.1:24971] for POST '/session/31f8bcc6ac9fa7ce1e05c9cc57bdf210/window/maximize'
12:24:02.387 [AsyncHttpClient-1-8] DEBUG org.asynchttpclient.netty.handler.HttpHandler - 

Request DefaultHttpRequest(decodeResult: success, version: HTTP/1.1)
POST /session/31f8bcc6ac9fa7ce1e05c9cc57bdf210/window/maximize HTTP/1.1
User-Agent: selenium/4.8.3 (java windows)
Content-Length: 3
Content-Type: application/json; charset=utf-8
host: localhost:24971
accept: */*

Response DefaultHttpResponse(decodeResult: success, version: HTTP/1.1)
HTTP/1.1 200 OK
Content-Length: 51
Content-Type: application/json; charset=utf-8
cache-control: no-cache

12:24:02.387 [AsyncHttpClient-1-8] DEBUG org.asynchttpclient.netty.channel.ChannelManager - Adding key: http://localhost:24971 for channel [id: 0x9a9f80aa, L:/127.0.0.1:64936 - R:localhost/127.0.0.1:24971]
12:24:02.387 [Forwarding get on session 31f8bcc6ac9fa7ce1e05c9cc57bdf210 to remote] DEBUG org.asynchttpclient.netty.request.NettyRequestSender - Using pooled Channel '[id: 0x9a9f80aa, L:/127.0.0.1:64936 - R:localhost/127.0.0.1:24971]' for 'POST' to 'http://localhost:24971/session/31f8bcc6ac9fa7ce1e05c9cc57bdf210/url'
12:24:02.387 [Forwarding get on session 31f8bcc6ac9fa7ce1e05c9cc57bdf210 to remote] DEBUG org.asynchttpclient.netty.request.NettyRequestSender - Using open Channel [id: 0x9a9f80aa, L:/127.0.0.1:64936 - R:localhost/127.0.0.1:24971] for POST '/session/31f8bcc6ac9fa7ce1e05c9cc57bdf210/url'
12:24:02.839 [AsyncHttpClient-1-1] DEBUG org.asynchttpclient.netty.channel.DefaultChannelPool - Entry count for : http://localhost:64937 : 1
12:24:03.718 [AsyncHttpClient-1-8] DEBUG org.asynchttpclient.netty.handler.HttpHandler - 

Request DefaultHttpRequest(decodeResult: success, version: HTTP/1.1)
POST /session/31f8bcc6ac9fa7ce1e05c9cc57bdf210/url HTTP/1.1
User-Agent: selenium/4.8.3 (java windows)
Content-Length: 52
Content-Type: application/json; charset=utf-8
host: localhost:24971
accept: */*

Response DefaultHttpResponse(decodeResult: success, version: HTTP/1.1)
HTTP/1.1 200 OK
Content-Length: 14
Content-Type: application/json; charset=utf-8
cache-control: no-cache

12:24:03.718 [AsyncHttpClient-1-8] DEBUG org.asynchttpclient.netty.channel.ChannelManager - Adding key: http://localhost:24971 for channel [id: 0x9a9f80aa, L:/127.0.0.1:64936 - R:localhost/127.0.0.1:24971]
2023-06-09 12:24:03 INFO  BaseTest:104 - Test driver set up done successfully**********
2023-06-09 12:24:03 INFO  BaseTest:122 - Logging in to portal
12:24:03.720 [Forwarding findElement on session 31f8bcc6ac9fa7ce1e05c9cc57bdf210 to remote] DEBUG org.asynchttpclient.netty.request.NettyRequestSender - Using pooled Channel '[id: 0x9a9f80aa, L:/127.0.0.1:64936 - R:localhost/127.0.0.1:24971]' for 'POST' to 'http://localhost:24971/session/31f8bcc6ac9fa7ce1e05c9cc57bdf210/element'
12:24:03.720 [Forwarding findElement on session 31f8bcc6ac9fa7ce1e05c9cc57bdf210 to remote] DEBUG org.asynchttpclient.netty.request.NettyRequestSender - Using open Channel [id: 0x9a9f80aa, L:/127.0.0.1:64936 - R:localhost/127.0.0.1:24971] for POST '/session/31f8bcc6ac9fa7ce1e05c9cc57bdf210/element'
12:24:03.739 [AsyncHttpClient-1-8] DEBUG org.asynchttpclient.netty.handler.HttpHandler - 

Request DefaultHttpRequest(decodeResult: success, version: HTTP/1.1)
POST /session/31f8bcc6ac9fa7ce1e05c9cc57bdf210/element HTTP/1.1
User-Agent: selenium/4.8.3 (java windows)
Content-Length: 59
Content-Type: application/json; charset=utf-8
host: localhost:24971
accept: */*

Response DefaultHttpResponse(decodeResult: success, version: HTTP/1.1)
HTTP/1.1 200 OK
Content-Length: 95
Content-Type: application/json; charset=utf-8
cache-control: no-cache

12:24:03.739 [AsyncHttpClient-1-8] DEBUG org.asynchttpclient.netty.channel.ChannelManager - Adding key: http://localhost:24971 for channel [id: 0x9a9f80aa, L:/127.0.0.1:64936 - R:localhost/127.0.0.1:24971]
12:24:03.741 [Forwarding clearElement on session 31f8bcc6ac9fa7ce1e05c9cc57bdf210 to remote] DEBUG org.asynchttpclient.netty.request.NettyRequestSender - Using pooled Channel '[id: 0x9a9f80aa, L:/127.0.0.1:64936 - R:localhost/127.0.0.1:24971]' for 'POST' to 'http://localhost:24971/session/31f8bcc6ac9fa7ce1e05c9cc57bdf210/element/A2DAD27A4A5316A556A848E911CEBC0E_element_26/clear'
12:24:03.741 [Forwarding clearElement on session 31f8bcc6ac9fa7ce1e05c9cc57bdf210 to remote] DEBUG org.asynchttpclient.netty.request.NettyRequestSender - Using open Channel [id: 0x9a9f80aa, L:/127.0.0.1:64936 - R:localhost/127.0.0.1:24971] for POST '/session/31f8bcc6ac9fa7ce1e05c9cc57bdf210/element/A2DAD27A4A5316A556A848E911CEBC0E_element_26/clear'
12:24:03.786 [AsyncHttpClient-1-8] DEBUG org.asynchttpclient.netty.handler.HttpHandler - 

Request DefaultHttpRequest(decodeResult: success, version: HTTP/1.1)
POST /session/31f8bcc6ac9fa7ce1e05c9cc57bdf210/element/A2DAD27A4A5316A556A848E911CEBC0E_element_26/clear HTTP/1.1
User-Agent: selenium/4.8.3 (java windows)
Content-Length: 57
Content-Type: application/json; charset=utf-8
host: localhost:24971
accept: */*

Response DefaultHttpResponse(decodeResult: success, version: HTTP/1.1)
HTTP/1.1 200 OK
Content-Length: 14
Content-Type: application/json; charset=utf-8
cache-control: no-cache

12:24:03.786 [AsyncHttpClient-1-8] DEBUG org.asynchttpclient.netty.channel.ChannelManager - Adding key: http://localhost:24971 for channel [id: 0x9a9f80aa, L:/127.0.0.1:64936 - R:localhost/127.0.0.1:24971]
12:24:03.788 [Forwarding findElement on session 31f8bcc6ac9fa7ce1e05c9cc57bdf210 to remote] DEBUG org.asynchttpclient.netty.request.NettyRequestSender - Using pooled Channel '[id: 0x9a9f80aa, L:/127.0.0.1:64936 - R:localhost/127.0.0.1:24971]' for 'POST' to 'http://localhost:24971/session/31f8bcc6ac9fa7ce1e05c9cc57bdf210/element'
12:24:03.788 [Forwarding findElement on session 31f8bcc6ac9fa7ce1e05c9cc57bdf210 to remote] DEBUG org.asynchttpclient.netty.request.NettyRequestSender - Using open Channel [id: 0x9a9f80aa, L:/127.0.0.1:64936 - R:localhost/127.0.0.1:24971] for POST '/session/31f8bcc6ac9fa7ce1e05c9cc57bdf210/element'
12:24:03.796 [AsyncHttpClient-1-8] DEBUG org.asynchttpclient.netty.handler.HttpHandler - 

Request DefaultHttpRequest(decodeResult: success, version: HTTP/1.1)
POST /session/31f8bcc6ac9fa7ce1e05c9cc57bdf210/element HTTP/1.1
User-Agent: selenium/4.8.3 (java windows)
Content-Length: 59
Content-Type: application/json; charset=utf-8
host: localhost:24971
accept: */*

Response DefaultHttpResponse(decodeResult: success, version: HTTP/1.1)
HTTP/1.1 200 OK
Content-Length: 95
Content-Type: application/json; charset=utf-8
cache-control: no-cache

12:24:03.796 [AsyncHttpClient-1-8] DEBUG org.asynchttpclient.netty.channel.ChannelManager - Adding key: http://localhost:24971 for channel [id: 0x9a9f80aa, L:/127.0.0.1:64936 - R:localhost/127.0.0.1:24971]
12:24:03.799 [Forwarding sendKeysToElement on session 31f8bcc6ac9fa7ce1e05c9cc57bdf210 to remote] DEBUG org.asynchttpclient.netty.request.NettyRequestSender - Using pooled Channel '[id: 0x9a9f80aa, L:/127.0.0.1:64936 - R:localhost/127.0.0.1:24971]' for 'POST' to 'http://localhost:24971/session/31f8bcc6ac9fa7ce1e05c9cc57bdf210/element/A2DAD27A4A5316A556A848E911CEBC0E_element_26/value'
12:24:03.799 [Forwarding sendKeysToElement on session 31f8bcc6ac9fa7ce1e05c9cc57bdf210 to remote] DEBUG org.asynchttpclient.netty.request.NettyRequestSender - Using open Channel [id: 0x9a9f80aa, L:/127.0.0.1:64936 - R:localhost/127.0.0.1:24971] for POST '/session/31f8bcc6ac9fa7ce1e05c9cc57bdf210/element/A2DAD27A4A5316A556A848E911CEBC0E_element_26/value'
12:24:03.908 [AsyncHttpClient-1-8] DEBUG org.asynchttpclient.netty.handler.HttpHandler - 

Request DefaultHttpRequest(decodeResult: success, version: HTTP/1.1)
POST /session/31f8bcc6ac9fa7ce1e05c9cc57bdf210/element/A2DAD27A4A5316A556A848E911CEBC0E_element_26/value HTTP/1.1
User-Agent: selenium/4.8.3 (java windows)
Content-Length: 188
Content-Type: application/json; charset=utf-8
host: localhost:24971
accept: */*

Response DefaultHttpResponse(decodeResult: success, version: HTTP/1.1)
HTTP/1.1 200 OK
Content-Length: 14
Content-Type: application/json; charset=utf-8
cache-control: no-cache

12:24:03.909 [AsyncHttpClient-1-8] DEBUG org.asynchttpclient.netty.channel.ChannelManager - Adding key: http://localhost:24971 for channel [id: 0x9a9f80aa, L:/127.0.0.1:64936 - R:localhost/127.0.0.1:24971]
12:24:03.910 [Forwarding findElement on session 31f8bcc6ac9fa7ce1e05c9cc57bdf210 to remote] DEBUG org.asynchttpclient.netty.request.NettyRequestSender - Using pooled Channel '[id: 0x9a9f80aa, L:/127.0.0.1:64936 - R:localhost/127.0.0.1:24971]' for 'POST' to 'http://localhost:24971/session/31f8bcc6ac9fa7ce1e05c9cc57bdf210/element'
12:24:03.910 [Forwarding findElement on session 31f8bcc6ac9fa7ce1e05c9cc57bdf210 to remote] DEBUG org.asynchttpclient.netty.request.NettyRequestSender - Using open Channel [id: 0x9a9f80aa, L:/127.0.0.1:64936 - R:localhost/127.0.0.1:24971] for POST '/session/31f8bcc6ac9fa7ce1e05c9cc57bdf210/element'
12:24:03.926 [AsyncHttpClient-1-8] DEBUG org.asynchttpclient.netty.handler.HttpHandler - 

Request DefaultHttpRequest(decodeResult: success, version: HTTP/1.1)
POST /session/31f8bcc6ac9fa7ce1e05c9cc57bdf210/element HTTP/1.1
User-Agent: selenium/4.8.3 (java windows)
Content-Length: 62
Content-Type: application/json; charset=utf-8
host: localhost:24971
accept: */*

Response DefaultHttpResponse(decodeResult: success, version: HTTP/1.1)
HTTP/1.1 200 OK
Content-Length: 95
Content-Type: application/json; charset=utf-8
cache-control: no-cache

12:24:03.926 [AsyncHttpClient-1-8] DEBUG org.asynchttpclient.netty.channel.ChannelManager - Adding key: http://localhost:24971 for channel [id: 0x9a9f80aa, L:/127.0.0.1:64936 - R:localhost/127.0.0.1:24971]
12:24:03.929 [Forwarding clearElement on session 31f8bcc6ac9fa7ce1e05c9cc57bdf210 to remote] DEBUG org.asynchttpclient.netty.request.NettyRequestSender - Using pooled Channel '[id: 0x9a9f80aa, L:/127.0.0.1:64936 - R:localhost/127.0.0.1:24971]' for 'POST' to 'http://localhost:24971/session/31f8bcc6ac9fa7ce1e05c9cc57bdf210/element/A2DAD27A4A5316A556A848E911CEBC0E_element_28/clear'
12:24:03.929 [Forwarding clearElement on session 31f8bcc6ac9fa7ce1e05c9cc57bdf210 to remote] DEBUG org.asynchttpclient.netty.request.NettyRequestSender - Using open Channel [id: 0x9a9f80aa, L:/127.0.0.1:64936 - R:localhost/127.0.0.1:24971] for POST '/session/31f8bcc6ac9fa7ce1e05c9cc57bdf210/element/A2DAD27A4A5316A556A848E911CEBC0E_element_28/clear'
12:24:03.945 [AsyncHttpClient-1-1] DEBUG org.asynchttpclient.netty.channel.DefaultChannelPool - Entry count for : http://localhost:64937 : 1
12:24:03.987 [AsyncHttpClient-1-8] DEBUG org.asynchttpclient.netty.handler.HttpHandler - 

Request DefaultHttpRequest(decodeResult: success, version: HTTP/1.1)
POST /session/31f8bcc6ac9fa7ce1e05c9cc57bdf210/element/A2DAD27A4A5316A556A848E911CEBC0E_element_28/clear HTTP/1.1
User-Agent: selenium/4.8.3 (java windows)
Content-Length: 57
Content-Type: application/json; charset=utf-8
host: localhost:24971
accept: */*

Response DefaultHttpResponse(decodeResult: success, version: HTTP/1.1)
HTTP/1.1 200 OK
Content-Length: 14
Content-Type: application/json; charset=utf-8
cache-control: no-cache

12:24:03.987 [AsyncHttpClient-1-8] DEBUG org.asynchttpclient.netty.channel.ChannelManager - Adding key: http://localhost:24971 for channel [id: 0x9a9f80aa, L:/127.0.0.1:64936 - R:localhost/127.0.0.1:24971]
12:24:03.988 [Forwarding findElement on session 31f8bcc6ac9fa7ce1e05c9cc57bdf210 to remote] DEBUG org.asynchttpclient.netty.request.NettyRequestSender - Using pooled Channel '[id: 0x9a9f80aa, L:/127.0.0.1:64936 - R:localhost/127.0.0.1:24971]' for 'POST' to 'http://localhost:24971/session/31f8bcc6ac9fa7ce1e05c9cc57bdf210/element'
12:24:03.988 [Forwarding findElement on session 31f8bcc6ac9fa7ce1e05c9cc57bdf210 to remote] DEBUG org.asynchttpclient.netty.request.NettyRequestSender - Using open Channel [id: 0x9a9f80aa, L:/127.0.0.1:64936 - R:localhost/127.0.0.1:24971] for POST '/session/31f8bcc6ac9fa7ce1e05c9cc57bdf210/element'
12:24:03.996 [AsyncHttpClient-1-8] DEBUG org.asynchttpclient.netty.handler.HttpHandler - 

Request DefaultHttpRequest(decodeResult: success, version: HTTP/1.1)
POST /session/31f8bcc6ac9fa7ce1e05c9cc57bdf210/element HTTP/1.1
User-Agent: selenium/4.8.3 (java windows)
Content-Length: 62
Content-Type: application/json; charset=utf-8
host: localhost:24971
accept: */*

Response DefaultHttpResponse(decodeResult: success, version: HTTP/1.1)
HTTP/1.1 200 OK
Content-Length: 95
Content-Type: application/json; charset=utf-8
cache-control: no-cache

12:24:03.997 [AsyncHttpClient-1-8] DEBUG org.asynchttpclient.netty.channel.ChannelManager - Adding key: http://localhost:24971 for channel [id: 0x9a9f80aa, L:/127.0.0.1:64936 - R:localhost/127.0.0.1:24971]
12:24:03.998 [Forwarding sendKeysToElement on session 31f8bcc6ac9fa7ce1e05c9cc57bdf210 to remote] DEBUG org.asynchttpclient.netty.request.NettyRequestSender - Using pooled Channel '[id: 0x9a9f80aa, L:/127.0.0.1:64936 - R:localhost/127.0.0.1:24971]' for 'POST' to 'http://localhost:24971/session/31f8bcc6ac9fa7ce1e05c9cc57bdf210/element/A2DAD27A4A5316A556A848E911CEBC0E_element_28/value'
12:24:03.998 [Forwarding sendKeysToElement on session 31f8bcc6ac9fa7ce1e05c9cc57bdf210 to remote] DEBUG org.asynchttpclient.netty.request.NettyRequestSender - Using open Channel [id: 0x9a9f80aa, L:/127.0.0.1:64936 - R:localhost/127.0.0.1:24971] for POST '/session/31f8bcc6ac9fa7ce1e05c9cc57bdf210/element/A2DAD27A4A5316A556A848E911CEBC0E_element_28/value'
12:24:04.078 [AsyncHttpClient-1-8] DEBUG org.asynchttpclient.netty.handler.HttpHandler - 

Request DefaultHttpRequest(decodeResult: success, version: HTTP/1.1)
POST /session/31f8bcc6ac9fa7ce1e05c9cc57bdf210/element/A2DAD27A4A5316A556A848E911CEBC0E_element_28/value HTTP/1.1
User-Agent: selenium/4.8.3 (java windows)
Content-Length: 148
Content-Type: application/json; charset=utf-8
host: localhost:24971
accept: */*

Response DefaultHttpResponse(decodeResult: success, version: HTTP/1.1)
HTTP/1.1 200 OK
Content-Length: 14
Content-Type: application/json; charset=utf-8
cache-control: no-cache

12:24:04.078 [AsyncHttpClient-1-8] DEBUG org.asynchttpclient.netty.channel.ChannelManager - Adding key: http://localhost:24971 for channel [id: 0x9a9f80aa, L:/127.0.0.1:64936 - R:localhost/127.0.0.1:24971]
12:24:04.080 [Forwarding findElement on session 31f8bcc6ac9fa7ce1e05c9cc57bdf210 to remote] DEBUG org.asynchttpclient.netty.request.NettyRequestSender - Using pooled Channel '[id: 0x9a9f80aa, L:/127.0.0.1:64936 - R:localhost/127.0.0.1:24971]' for 'POST' to 'http://localhost:24971/session/31f8bcc6ac9fa7ce1e05c9cc57bdf210/element'
12:24:04.080 [Forwarding findElement on session 31f8bcc6ac9fa7ce1e05c9cc57bdf210 to remote] DEBUG org.asynchttpclient.netty.request.NettyRequestSender - Using open Channel [id: 0x9a9f80aa, L:/127.0.0.1:64936 - R:localhost/127.0.0.1:24971] for POST '/session/31f8bcc6ac9fa7ce1e05c9cc57bdf210/element'
12:24:04.094 [AsyncHttpClient-1-8] DEBUG org.asynchttpclient.netty.handler.HttpHandler - 

Request DefaultHttpRequest(decodeResult: success, version: HTTP/1.1)
POST /session/31f8bcc6ac9fa7ce1e05c9cc57bdf210/element HTTP/1.1
User-Agent: selenium/4.8.3 (java windows)
Content-Length: 71
Content-Type: application/json; charset=utf-8
host: localhost:24971
accept: */*

Response DefaultHttpResponse(decodeResult: success, version: HTTP/1.1)
HTTP/1.1 200 OK
Content-Length: 95
Content-Type: application/json; charset=utf-8
cache-control: no-cache

12:24:04.095 [AsyncHttpClient-1-8] DEBUG org.asynchttpclient.netty.channel.ChannelManager - Adding key: http://localhost:24971 for channel [id: 0x9a9f80aa, L:/127.0.0.1:64936 - R:localhost/127.0.0.1:24971]
12:24:04.096 [Forwarding clickElement on session 31f8bcc6ac9fa7ce1e05c9cc57bdf210 to remote] DEBUG org.asynchttpclient.netty.request.NettyRequestSender - Using pooled Channel '[id: 0x9a9f80aa, L:/127.0.0.1:64936 - R:localhost/127.0.0.1:24971]' for 'POST' to 'http://localhost:24971/session/31f8bcc6ac9fa7ce1e05c9cc57bdf210/element/A2DAD27A4A5316A556A848E911CEBC0E_element_33/click'
12:24:04.096 [Forwarding clickElement on session 31f8bcc6ac9fa7ce1e05c9cc57bdf210 to remote] DEBUG org.asynchttpclient.netty.request.NettyRequestSender - Using open Channel [id: 0x9a9f80aa, L:/127.0.0.1:64936 - R:localhost/127.0.0.1:24971] for POST '/session/31f8bcc6ac9fa7ce1e05c9cc57bdf210/element/A2DAD27A4A5316A556A848E911CEBC0E_element_33/click'
12:24:04.141 [AsyncHttpClient-1-8] DEBUG org.asynchttpclient.netty.handler.HttpHandler - 

Request DefaultHttpRequest(decodeResult: success, version: HTTP/1.1)
POST /session/31f8bcc6ac9fa7ce1e05c9cc57bdf210/element/A2DAD27A4A5316A556A848E911CEBC0E_element_33/click HTTP/1.1
User-Agent: selenium/4.8.3 (java windows)
Content-Length: 57
Content-Type: application/json; charset=utf-8
host: localhost:24971
accept: */*

Response DefaultHttpResponse(decodeResult: success, version: HTTP/1.1)
HTTP/1.1 200 OK
Content-Length: 14
Content-Type: application/json; charset=utf-8
cache-control: no-cache

12:24:04.141 [AsyncHttpClient-1-8] DEBUG org.asynchttpclient.netty.channel.ChannelManager - Adding key: http://localhost:24971 for channel [id: 0x9a9f80aa, L:/127.0.0.1:64936 - R:localhost/127.0.0.1:24971]
2023-06-09 12:24:04 INFO  BaseTest:126 - Logged in
2023-06-09 12:24:04 INFO  Listeners:34 - Started Test null
12:24:04.144 [rp-io-66] DEBUG com.epam.reportportal.service.Launch - Starting test item...rp-io-66
12:24:04.144 [Forwarding findElement on session 31f8bcc6ac9fa7ce1e05c9cc57bdf210 to remote] DEBUG org.asynchttpclient.netty.request.NettyRequestSender - Using pooled Channel '[id: 0x9a9f80aa, L:/127.0.0.1:64936 - R:localhost/127.0.0.1:24971]' for 'POST' to 'http://localhost:24971/session/31f8bcc6ac9fa7ce1e05c9cc57bdf210/element'
12:24:04.145 [Forwarding findElement on session 31f8bcc6ac9fa7ce1e05c9cc57bdf210 to remote] DEBUG org.asynchttpclient.netty.request.NettyRequestSender - Using open Channel [id: 0x9a9f80aa, L:/127.0.0.1:64936 - R:localhost/127.0.0.1:24971] for POST '/session/31f8bcc6ac9fa7ce1e05c9cc57bdf210/element'
12:24:04.163 [rp-io-57] DEBUG com.epam.reportportal.service.Launch - TestItem with ID = '34526d4c-0764-4ba8-b536-218c3d620ed8' successfully finished.
12:24:04.163 [rp-io-57] DEBUG com.epam.reportportal.utils.SubscriptionUtils - Finish test item completed
12:24:04.175 [rp-io-66] DEBUG com.epam.reportportal.service.Launch - ReportPortal item with ID '9aa94995-522a-4790-8ec1-310fd36bb47d' has been created
12:24:04.176 [rp-io-66] DEBUG com.epam.reportportal.utils.SubscriptionUtils - Start test item successfully completed
12:24:04.511 [AsyncHttpClient-1-8] DEBUG org.asynchttpclient.netty.handler.HttpHandler - 

Request DefaultHttpRequest(decodeResult: success, version: HTTP/1.1)
POST /session/31f8bcc6ac9fa7ce1e05c9cc57bdf210/element HTTP/1.1
User-Agent: selenium/4.8.3 (java windows)
Content-Length: 168
Content-Type: application/json; charset=utf-8
host: localhost:24971
accept: */*

Response DefaultHttpResponse(decodeResult: success, version: HTTP/1.1)
HTTP/1.1 200 OK
Content-Length: 95
Content-Type: application/json; charset=utf-8
cache-control: no-cache

12:24:04.512 [AsyncHttpClient-1-8] DEBUG org.asynchttpclient.netty.channel.ChannelManager - Adding key: http://localhost:24971 for channel [id: 0x9a9f80aa, L:/127.0.0.1:64936 - R:localhost/127.0.0.1:24971]
12:24:04.512 [Forwarding clickElement on session 31f8bcc6ac9fa7ce1e05c9cc57bdf210 to remote] DEBUG org.asynchttpclient.netty.request.NettyRequestSender - Using pooled Channel '[id: 0x9a9f80aa, L:/127.0.0.1:64936 - R:localhost/127.0.0.1:24971]' for 'POST' to 'http://localhost:24971/session/31f8bcc6ac9fa7ce1e05c9cc57bdf210/element/A2DAD27A4A5316A556A848E911CEBC0E_element_48/click'
12:24:04.512 [Forwarding clickElement on session 31f8bcc6ac9fa7ce1e05c9cc57bdf210 to remote] DEBUG org.asynchttpclient.netty.request.NettyRequestSender - Using open Channel [id: 0x9a9f80aa, L:/127.0.0.1:64936 - R:localhost/127.0.0.1:24971] for POST '/session/31f8bcc6ac9fa7ce1e05c9cc57bdf210/element/A2DAD27A4A5316A556A848E911CEBC0E_element_48/click'
12:24:04.739 [AsyncHttpClient-1-8] DEBUG org.asynchttpclient.netty.handler.HttpHandler - 

Request DefaultHttpRequest(decodeResult: success, version: HTTP/1.1)
POST /session/31f8bcc6ac9fa7ce1e05c9cc57bdf210/element/A2DAD27A4A5316A556A848E911CEBC0E_element_48/click HTTP/1.1
User-Agent: selenium/4.8.3 (java windows)
Content-Length: 57
Content-Type: application/json; charset=utf-8
host: localhost:24971
accept: */*

Response DefaultHttpResponse(decodeResult: success, version: HTTP/1.1)
HTTP/1.1 200 OK
Content-Length: 14
Content-Type: application/json; charset=utf-8
cache-control: no-cache

12:24:04.739 [AsyncHttpClient-1-8] DEBUG org.asynchttpclient.netty.channel.ChannelManager - Adding key: http://localhost:24971 for channel [id: 0x9a9f80aa, L:/127.0.0.1:64936 - R:localhost/127.0.0.1:24971]
12:24:04.741 [Forwarding findElement on session 31f8bcc6ac9fa7ce1e05c9cc57bdf210 to remote] DEBUG org.asynchttpclient.netty.request.NettyRequestSender - Using pooled Channel '[id: 0x9a9f80aa, L:/127.0.0.1:64936 - R:localhost/127.0.0.1:24971]' for 'POST' to 'http://localhost:24971/session/31f8bcc6ac9fa7ce1e05c9cc57bdf210/element'
12:24:04.741 [Forwarding findElement on session 31f8bcc6ac9fa7ce1e05c9cc57bdf210 to remote] DEBUG org.asynchttpclient.netty.request.NettyRequestSender - Using open Channel [id: 0x9a9f80aa, L:/127.0.0.1:64936 - R:localhost/127.0.0.1:24971] for POST '/session/31f8bcc6ac9fa7ce1e05c9cc57bdf210/element'
12:24:05.042 [AsyncHttpClient-1-1] DEBUG org.asynchttpclient.netty.channel.DefaultChannelPool - Entry count for : http://localhost:64937 : 1
12:24:06.143 [AsyncHttpClient-1-1] DEBUG org.asynchttpclient.netty.channel.DefaultChannelPool - Entry count for : http://localhost:64937 : 1
12:24:07.241 [AsyncHttpClient-1-1] DEBUG org.asynchttpclient.netty.channel.DefaultChannelPool - Entry count for : http://localhost:64937 : 1
12:24:08.338 [AsyncHttpClient-1-1] DEBUG org.asynchttpclient.netty.channel.DefaultChannelPool - Entry count for : http://localhost:64937 : 1
12:24:09.075 [AsyncHttpClient-1-8] DEBUG org.asynchttpclient.netty.handler.HttpHandler - 

Request DefaultHttpRequest(decodeResult: success, version: HTTP/1.1)
POST /session/31f8bcc6ac9fa7ce1e05c9cc57bdf210/element HTTP/1.1
User-Agent: selenium/4.8.3 (java windows)
Content-Length: 77
Content-Type: application/json; charset=utf-8
host: localhost:24971
accept: */*

Response DefaultHttpResponse(decodeResult: success, version: HTTP/1.1)
HTTP/1.1 404 Not Found
Content-Length: 967
Content-Type: application/json; charset=utf-8
cache-control: no-cache

12:24:09.075 [AsyncHttpClient-1-8] DEBUG org.asynchttpclient.netty.channel.ChannelManager - Adding key: http://localhost:24971 for channel [id: 0x9a9f80aa, L:/127.0.0.1:64936 - R:localhost/127.0.0.1:24971]
2023-06-09 12:24:09 INFO  Listeners:42 - Failed Test null
]]></system-out>
    <system-err><![CDATA[Starting ChromeDriver 114.0.5735.90 (386bc09e8f4f2e025eddae123f36f6263096ae49-refs/branch-heads/5735@{#1052}) on port 24971
Only local connections are allowed.
Please see https://chromedriver.chromium.org/security-considerations for suggestions on keeping ChromeDriver safe.
ChromeDriver was started successfully.
Jun 09, 2023 12:24:02 PM org.openqa.selenium.devtools.CdpVersionFinder findNearestMatch
WARNING: Unable to find an exact match for CDP version 114, so returning the closest version found: 111
]]></system-err>
  </testcase>
  <testcase name="totalWidffgetPresent" classname="alltests.uitest.coreTest.DashboardPageTest" time="0.001">
    <system-out><![CDATA[12:24:09.079 [rp-io-67] DEBUG com.epam.reportportal.service.Launch - Starting test item...rp-io-67
12:24:09.083 [Forwarding screenshot on session 31f8bcc6ac9fa7ce1e05c9cc57bdf210 to remote] DEBUG org.asynchttpclient.netty.request.NettyRequestSender - Using pooled Channel '[id: 0x9a9f80aa, L:/127.0.0.1:64936 - R:localhost/127.0.0.1:24971]' for 'GET' to 'http://localhost:24971/session/31f8bcc6ac9fa7ce1e05c9cc57bdf210/screenshot'
12:24:09.083 [Forwarding screenshot on session 31f8bcc6ac9fa7ce1e05c9cc57bdf210 to remote] DEBUG org.asynchttpclient.netty.request.NettyRequestSender - Using open Channel [id: 0x9a9f80aa, L:/127.0.0.1:64936 - R:localhost/127.0.0.1:24971] for GET '/session/31f8bcc6ac9fa7ce1e05c9cc57bdf210/screenshot'
12:24:09.101 [rp-io-62] DEBUG com.epam.reportportal.service.Launch - TestItem with ID = '9aa94995-522a-4790-8ec1-310fd36bb47d' successfully finished.
12:24:09.101 [rp-io-62] DEBUG com.epam.reportportal.utils.SubscriptionUtils - Finish test item completed
12:24:09.105 [rp-io-67] DEBUG com.epam.reportportal.service.Launch - ReportPortal item with ID '9961d679-7d1e-4ce1-85bc-fc14828d82d2' has been created
12:24:09.105 [rp-io-67] DEBUG com.epam.reportportal.utils.SubscriptionUtils - Start test item successfully completed
12:24:09.192 [AsyncHttpClient-1-8] DEBUG org.asynchttpclient.netty.handler.HttpHandler - 

Request DefaultFullHttpRequest(decodeResult: success, version: HTTP/1.1, content: EmptyByteBufBE)
GET /session/31f8bcc6ac9fa7ce1e05c9cc57bdf210/screenshot HTTP/1.1
User-Agent: selenium/4.8.3 (java windows)
Cache-Control: no-cache
Content-Type: application/json; charset=utf-8
host: localhost:24971
accept: */*

Response DefaultHttpResponse(decodeResult: success, version: HTTP/1.1)
HTTP/1.1 200 OK
Content-Length: 101020
Content-Type: application/json; charset=utf-8
cache-control: no-cache

12:24:09.192 [AsyncHttpClient-1-8] DEBUG org.asynchttpclient.netty.channel.ChannelManager - Adding key: http://localhost:24971 for channel [id: 0x9a9f80aa, L:/127.0.0.1:64936 - R:localhost/127.0.0.1:24971]
12:24:09.200 [AsyncHttpClient-1-10] DEBUG org.asynchttpclient.netty.handler.WebSocketHandler - Channel Closed: [id: 0xb0a4d306, L:/127.0.0.1:64944 ! R:localhost/127.0.0.1:64937] with attribute NettyResponseFuture{currentRetry=0,
	isDone=1,
	isCancelled=0,
	asyncHandler=org.asynchttpclient.ws.WebSocketUpgradeHandler@2a780834,
	nettyRequest=org.asynchttpclient.netty.request.NettyRequest@52e0180,
	future=java.util.concurrent.CompletableFuture@555d2839[Completed normally],
	uri=ws://localhost:64937/devtools/browser/7a1db90c-2e3a-4f01-a874-b93d131b2a3c,
	keepAlive=true,
	redirectCount=0,
	timeoutsHolder=null,
	inAuth=0,
	touch=1686306242258}
12:24:09.200 [AsyncHttpClient-1-10] DEBUG org.asynchttpclient.netty.channel.ChannelManager - Closing Channel [id: 0xb0a4d306, L:/127.0.0.1:64944 ! R:localhost/127.0.0.1:64937] 
12:24:09.200 [Driver Command Executor] DEBUG org.asynchttpclient.netty.request.NettyRequestSender - Using pooled Channel '[id: 0x9a9f80aa, L:/127.0.0.1:64936 - R:localhost/127.0.0.1:24971]' for 'DELETE' to 'http://localhost:24971/session/31f8bcc6ac9fa7ce1e05c9cc57bdf210'
12:24:09.200 [Driver Command Executor] DEBUG org.asynchttpclient.netty.request.NettyRequestSender - Using open Channel [id: 0x9a9f80aa, L:/127.0.0.1:64936 - R:localhost/127.0.0.1:24971] for DELETE '/session/31f8bcc6ac9fa7ce1e05c9cc57bdf210'
12:24:09.233 [AsyncHttpClient-1-9] DEBUG org.asynchttpclient.netty.handler.HttpHandler - Unexpected I/O exception on channel [id: 0xcc371534, L:/127.0.0.1:64943 - R:localhost/127.0.0.1:64937]
java.net.SocketException: Connection reset
	at java.base/sun.nio.ch.SocketChannelImpl.throwConnectionReset(SocketChannelImpl.java:394)
	at java.base/sun.nio.ch.SocketChannelImpl.read(SocketChannelImpl.java:426)
	at io.netty.buffer.PooledByteBuf.setBytes(PooledByteBuf.java:256)
	at io.netty.buffer.AbstractByteBuf.writeBytes(AbstractByteBuf.java:1132)
	at io.netty.channel.socket.nio.NioSocketChannel.doReadBytes(NioSocketChannel.java:357)
	at io.netty.channel.nio.AbstractNioByteChannel$NioByteUnsafe.read(AbstractNioByteChannel.java:151)
	at io.netty.channel.nio.NioEventLoop.processSelectedKey(NioEventLoop.java:788)
	at io.netty.channel.nio.NioEventLoop.processSelectedKeysOptimized(NioEventLoop.java:724)
	at io.netty.channel.nio.NioEventLoop.processSelectedKeys(NioEventLoop.java:650)
	at io.netty.channel.nio.NioEventLoop.run(NioEventLoop.java:562)
	at io.netty.util.concurrent.SingleThreadEventExecutor$4.run(SingleThreadEventExecutor.java:997)
	at io.netty.util.internal.ThreadExecutorMap$2.run(ThreadExecutorMap.java:74)
	at io.netty.util.concurrent.FastThreadLocalRunnable.run(FastThreadLocalRunnable.java:30)
	at java.base/java.lang.Thread.run(Thread.java:833)
12:24:09.233 [AsyncHttpClient-1-9] DEBUG org.asynchttpclient.netty.channel.ChannelManager - Closing Channel [id: 0xcc371534, L:/127.0.0.1:64943 - R:localhost/127.0.0.1:64937] 
12:24:09.233 [AsyncHttpClient-1-9] DEBUG org.asynchttpclient.netty.handler.HttpHandler - Channel Closed: [id: 0xcc371534, L:/127.0.0.1:64943 ! R:localhost/127.0.0.1:64937] with attribute DISCARD
12:24:09.251 [AsyncHttpClient-1-8] DEBUG org.asynchttpclient.netty.handler.HttpHandler - 

Request DefaultFullHttpRequest(decodeResult: success, version: HTTP/1.1, content: EmptyByteBufBE)
DELETE /session/31f8bcc6ac9fa7ce1e05c9cc57bdf210 HTTP/1.1
User-Agent: selenium/4.8.3 (java windows)
Content-Type: application/json; charset=utf-8
host: localhost:24971
accept: */*

Response DefaultHttpResponse(decodeResult: success, version: HTTP/1.1)
HTTP/1.1 200 OK
Content-Length: 14
Content-Type: application/json; charset=utf-8
cache-control: no-cache

12:24:09.251 [AsyncHttpClient-1-8] DEBUG org.asynchttpclient.netty.channel.ChannelManager - Adding key: http://localhost:24971 for channel [id: 0x9a9f80aa, L:/127.0.0.1:64936 - R:localhost/127.0.0.1:24971]
12:24:09.300 [AsyncHttpClient-1-8] DEBUG org.asynchttpclient.netty.handler.HttpHandler - Channel Closed: [id: 0x9a9f80aa, L:/127.0.0.1:64936 ! R:localhost/127.0.0.1:24971] with attribute DISCARD
2023-06-09 12:24:09 INFO  BaseTest:83 - Test executed**********
12:24:09.355 [rp-io-77] DEBUG com.epam.reportportal.service.Launch - Starting test item...rp-io-77
2023-06-09 12:24:09 INFO  BaseTest:110 - Property files loaded successfully**********
12:24:09.361 [main] DEBUG io.github.bonigarcia.wdm.cache.ResolutionCache - Resolution chrome=114 in cache (valid until 13:14:48 09/06/2023 CEST)
12:24:09.362 [main] DEBUG io.github.bonigarcia.wdm.cache.ResolutionCache - Resolution chrome114=114.0.5735.90 in cache (valid until 12:14:48 10/06/2023 CEST)
12:24:09.362 [main] INFO io.github.bonigarcia.wdm.WebDriverManager - Using chromedriver 114.0.5735.90 (resolved driver for Chrome 114)
12:24:09.367 [main] DEBUG io.github.bonigarcia.wdm.WebDriverManager - Driver chromedriver 114.0.5735.90 found in cache
12:24:09.368 [main] INFO io.github.bonigarcia.wdm.WebDriverManager - Exporting webdriver.chrome.driver as C:\Users\Suwarna_Wagh\.cache\selenium\chromedriver\win32\114.0.5735.90\chromedriver.exe
12:24:09.369 [rp-io-64] DEBUG com.epam.reportportal.service.Launch - TestItem with ID = '9961d679-7d1e-4ce1-85bc-fc14828d82d2' successfully finished.
12:24:09.369 [rp-io-64] DEBUG com.epam.reportportal.utils.SubscriptionUtils - Finish test item completed
12:24:09.372 [rp-io-77] DEBUG com.epam.reportportal.service.Launch - ReportPortal item with ID 'eeaab619-d71d-4bac-b777-ecd1c1a764bb' has been created
12:24:09.372 [rp-io-77] DEBUG com.epam.reportportal.utils.SubscriptionUtils - Start test item successfully completed
12:24:09.439 [AsyncHttpClient-1-1] DEBUG org.asynchttpclient.netty.channel.DefaultChannelPool - Entry count for : http://localhost:24971 : 1
12:24:09.439 [AsyncHttpClient-1-1] DEBUG org.asynchttpclient.netty.channel.DefaultChannelPool - Entry count for : http://localhost:64937 : 1
12:24:09.439 [AsyncHttpClient-1-1] DEBUG org.asynchttpclient.netty.channel.DefaultChannelPool - Adding Candidate expired Channel [id: 0x9a9f80aa, L:/127.0.0.1:64936 ! R:localhost/127.0.0.1:24971] isIdleTimeoutExpired=false isRemotelyClosed=true isTtlExpired=false
12:24:09.439 [AsyncHttpClient-1-1] DEBUG org.asynchttpclient.netty.channel.DefaultChannelPool - Closing Idle Channel [id: 0x9a9f80aa, L:/127.0.0.1:64936 ! R:localhost/127.0.0.1:24971]
12:24:09.439 [AsyncHttpClient-1-1] DEBUG org.asynchttpclient.netty.channel.DefaultChannelPool - Adding Candidate expired Channel [id: 0xcc371534, L:/127.0.0.1:64943 ! R:localhost/127.0.0.1:64937] isIdleTimeoutExpired=false isRemotelyClosed=true isTtlExpired=false
12:24:09.439 [AsyncHttpClient-1-1] DEBUG org.asynchttpclient.netty.channel.DefaultChannelPool - Closing Idle Channel [id: 0xcc371534, L:/127.0.0.1:64943 ! R:localhost/127.0.0.1:64937]
12:24:09.439 [AsyncHttpClient-1-1] DEBUG org.asynchttpclient.netty.channel.DefaultChannelPool - Closed 2 connections out of 2 in 0 ms
12:24:09.448 [AsyncHttpClient-1-11] DEBUG org.asynchttpclient.netty.channel.NettyConnectListener - Using new Channel '[id: 0x742bacf1, L:/127.0.0.1:64968 - R:localhost/127.0.0.1:41215]' for 'POST' to '/session'
12:24:10.228 [AsyncHttpClient-1-11] DEBUG org.asynchttpclient.netty.handler.HttpHandler - 

Request DefaultHttpRequest(decodeResult: success, version: HTTP/1.1)
POST /session HTTP/1.1
User-Agent: selenium/4.8.3 (java windows)
Content-Length: 439
Content-Type: application/json; charset=utf-8
host: localhost:41215
accept: */*

Response DefaultHttpResponse(decodeResult: success, version: HTTP/1.1)
HTTP/1.1 200 OK
Content-Length: 864
Content-Type: application/json; charset=utf-8
cache-control: no-cache

12:24:10.228 [AsyncHttpClient-1-11] DEBUG org.asynchttpclient.netty.channel.ChannelManager - Adding key: http://localhost:41215 for channel [id: 0x742bacf1, L:/127.0.0.1:64968 - R:localhost/127.0.0.1:41215]
12:24:10.232 [AsyncHttpClient-1-12] DEBUG org.asynchttpclient.netty.channel.NettyConnectListener - Using new Channel '[id: 0x09e9c4eb, L:/127.0.0.1:64976 - R:localhost/127.0.0.1:64970]' for 'GET' to '/json/version'
12:24:10.234 [AsyncHttpClient-1-12] DEBUG org.asynchttpclient.netty.handler.HttpHandler - 

Request DefaultFullHttpRequest(decodeResult: success, version: HTTP/1.1, content: EmptyByteBufBE)
GET /json/version HTTP/1.1
User-Agent: selenium/4.8.3 (java windows)
host: localhost:64970
accept: */*

Response DefaultHttpResponse(decodeResult: success, version: HTTP/1.1)
HTTP/1.1 200 OK
Content-Security-Policy: frame-ancestors 'none'
Content-Length: 424
Content-Type: application/json; charset=UTF-8

12:24:10.234 [AsyncHttpClient-1-12] DEBUG org.asynchttpclient.netty.channel.ChannelManager - Adding key: http://localhost:64970 for channel [id: 0x09e9c4eb, L:/127.0.0.1:64976 - R:localhost/127.0.0.1:64970]
12:24:10.235 [AsyncHttpClient-1-13] DEBUG org.asynchttpclient.netty.channel.NettyConnectListener - Using new Channel '[id: 0x2954a9a3, L:/127.0.0.1:64977 - R:localhost/127.0.0.1:64970]' for 'GET' to '/devtools/browser/30530e4f-30e2-4e7a-908d-77fc84742383'
12:24:10.236 [AsyncHttpClient-1-13] DEBUG org.asynchttpclient.netty.handler.WebSocketHandler - 

Request DefaultFullHttpRequest(decodeResult: success, version: HTTP/1.1, content: EmptyByteBufBE)
GET /devtools/browser/30530e4f-30e2-4e7a-908d-77fc84742383 HTTP/1.1
upgrade: websocket
connection: upgrade
sec-websocket-key: 6rWKSU7AwdeoL+jiAAjDbg==
sec-websocket-version: 13
origin: http://localhost:64970
host: localhost:64970
accept: */*
user-agent: AHC/2.1

Response DefaultHttpResponse(decodeResult: success, version: HTTP/1.1)
HTTP/1.1 101 WebSocket Protocol Handshake
Upgrade: WebSocket
Connection: Upgrade
Sec-WebSocket-Accept: 7TW5Y3KbfEXkGAEBhOpvXMQ4EGE=

12:24:10.240 [Forwarding setTimeout on session 132f34717f18d8968137921c4ca4d73c to remote] DEBUG org.asynchttpclient.netty.request.NettyRequestSender - Using pooled Channel '[id: 0x742bacf1, L:/127.0.0.1:64968 - R:localhost/127.0.0.1:41215]' for 'POST' to 'http://localhost:41215/session/132f34717f18d8968137921c4ca4d73c/timeouts'
12:24:10.240 [Forwarding setTimeout on session 132f34717f18d8968137921c4ca4d73c to remote] DEBUG org.asynchttpclient.netty.request.NettyRequestSender - Using open Channel [id: 0x742bacf1, L:/127.0.0.1:64968 - R:localhost/127.0.0.1:41215] for POST '/session/132f34717f18d8968137921c4ca4d73c/timeouts'
12:24:10.241 [AsyncHttpClient-1-11] DEBUG org.asynchttpclient.netty.handler.HttpHandler - 

Request DefaultHttpRequest(decodeResult: success, version: HTTP/1.1)
POST /session/132f34717f18d8968137921c4ca4d73c/timeouts HTTP/1.1
User-Agent: selenium/4.8.3 (java windows)
Content-Length: 22
Content-Type: application/json; charset=utf-8
host: localhost:41215
accept: */*

Response DefaultHttpResponse(decodeResult: success, version: HTTP/1.1)
HTTP/1.1 200 OK
Content-Length: 14
Content-Type: application/json; charset=utf-8
cache-control: no-cache

12:24:10.241 [AsyncHttpClient-1-11] DEBUG org.asynchttpclient.netty.channel.ChannelManager - Adding key: http://localhost:41215 for channel [id: 0x742bacf1, L:/127.0.0.1:64968 - R:localhost/127.0.0.1:41215]
12:24:10.242 [Forwarding maximizeCurrentWindow on session 132f34717f18d8968137921c4ca4d73c to remote] DEBUG org.asynchttpclient.netty.request.NettyRequestSender - Using pooled Channel '[id: 0x742bacf1, L:/127.0.0.1:64968 - R:localhost/127.0.0.1:41215]' for 'POST' to 'http://localhost:41215/session/132f34717f18d8968137921c4ca4d73c/window/maximize'
12:24:10.242 [Forwarding maximizeCurrentWindow on session 132f34717f18d8968137921c4ca4d73c to remote] DEBUG org.asynchttpclient.netty.request.NettyRequestSender - Using open Channel [id: 0x742bacf1, L:/127.0.0.1:64968 - R:localhost/127.0.0.1:41215] for POST '/session/132f34717f18d8968137921c4ca4d73c/window/maximize'
12:24:10.359 [AsyncHttpClient-1-11] DEBUG org.asynchttpclient.netty.handler.HttpHandler - 

Request DefaultHttpRequest(decodeResult: success, version: HTTP/1.1)
POST /session/132f34717f18d8968137921c4ca4d73c/window/maximize HTTP/1.1
User-Agent: selenium/4.8.3 (java windows)
Content-Length: 3
Content-Type: application/json; charset=utf-8
host: localhost:41215
accept: */*

Response DefaultHttpResponse(decodeResult: success, version: HTTP/1.1)
HTTP/1.1 200 OK
Content-Length: 51
Content-Type: application/json; charset=utf-8
cache-control: no-cache

12:24:10.359 [AsyncHttpClient-1-11] DEBUG org.asynchttpclient.netty.channel.ChannelManager - Adding key: http://localhost:41215 for channel [id: 0x742bacf1, L:/127.0.0.1:64968 - R:localhost/127.0.0.1:41215]
12:24:10.360 [Forwarding get on session 132f34717f18d8968137921c4ca4d73c to remote] DEBUG org.asynchttpclient.netty.request.NettyRequestSender - Using pooled Channel '[id: 0x742bacf1, L:/127.0.0.1:64968 - R:localhost/127.0.0.1:41215]' for 'POST' to 'http://localhost:41215/session/132f34717f18d8968137921c4ca4d73c/url'
12:24:10.360 [Forwarding get on session 132f34717f18d8968137921c4ca4d73c to remote] DEBUG org.asynchttpclient.netty.request.NettyRequestSender - Using open Channel [id: 0x742bacf1, L:/127.0.0.1:64968 - R:localhost/127.0.0.1:41215] for POST '/session/132f34717f18d8968137921c4ca4d73c/url'
12:24:10.539 [AsyncHttpClient-1-1] DEBUG org.asynchttpclient.netty.channel.DefaultChannelPool - Entry count for : http://localhost:64970 : 1
12:24:11.612 [AsyncHttpClient-1-11] DEBUG org.asynchttpclient.netty.handler.HttpHandler - 

Request DefaultHttpRequest(decodeResult: success, version: HTTP/1.1)
POST /session/132f34717f18d8968137921c4ca4d73c/url HTTP/1.1
User-Agent: selenium/4.8.3 (java windows)
Content-Length: 52
Content-Type: application/json; charset=utf-8
host: localhost:41215
accept: */*

Response DefaultHttpResponse(decodeResult: success, version: HTTP/1.1)
HTTP/1.1 200 OK
Content-Length: 14
Content-Type: application/json; charset=utf-8
cache-control: no-cache

12:24:11.612 [AsyncHttpClient-1-11] DEBUG org.asynchttpclient.netty.channel.ChannelManager - Adding key: http://localhost:41215 for channel [id: 0x742bacf1, L:/127.0.0.1:64968 - R:localhost/127.0.0.1:41215]
2023-06-09 12:24:11 INFO  BaseTest:104 - Test driver set up done successfully**********
2023-06-09 12:24:11 INFO  BaseTest:122 - Logging in to portal
12:24:11.615 [Forwarding findElement on session 132f34717f18d8968137921c4ca4d73c to remote] DEBUG org.asynchttpclient.netty.request.NettyRequestSender - Using pooled Channel '[id: 0x742bacf1, L:/127.0.0.1:64968 - R:localhost/127.0.0.1:41215]' for 'POST' to 'http://localhost:41215/session/132f34717f18d8968137921c4ca4d73c/element'
12:24:11.615 [Forwarding findElement on session 132f34717f18d8968137921c4ca4d73c to remote] DEBUG org.asynchttpclient.netty.request.NettyRequestSender - Using open Channel [id: 0x742bacf1, L:/127.0.0.1:64968 - R:localhost/127.0.0.1:41215] for POST '/session/132f34717f18d8968137921c4ca4d73c/element'
12:24:11.633 [AsyncHttpClient-1-11] DEBUG org.asynchttpclient.netty.handler.HttpHandler - 

Request DefaultHttpRequest(decodeResult: success, version: HTTP/1.1)
POST /session/132f34717f18d8968137921c4ca4d73c/element HTTP/1.1
User-Agent: selenium/4.8.3 (java windows)
Content-Length: 59
Content-Type: application/json; charset=utf-8
host: localhost:41215
accept: */*

Response DefaultHttpResponse(decodeResult: success, version: HTTP/1.1)
HTTP/1.1 200 OK
Content-Length: 95
Content-Type: application/json; charset=utf-8
cache-control: no-cache

12:24:11.633 [AsyncHttpClient-1-11] DEBUG org.asynchttpclient.netty.channel.ChannelManager - Adding key: http://localhost:41215 for channel [id: 0x742bacf1, L:/127.0.0.1:64968 - R:localhost/127.0.0.1:41215]
12:24:11.634 [Forwarding clearElement on session 132f34717f18d8968137921c4ca4d73c to remote] DEBUG org.asynchttpclient.netty.request.NettyRequestSender - Using pooled Channel '[id: 0x742bacf1, L:/127.0.0.1:64968 - R:localhost/127.0.0.1:41215]' for 'POST' to 'http://localhost:41215/session/132f34717f18d8968137921c4ca4d73c/element/56038AA0E17660AA342A4946F010273E_element_30/clear'
12:24:11.634 [Forwarding clearElement on session 132f34717f18d8968137921c4ca4d73c to remote] DEBUG org.asynchttpclient.netty.request.NettyRequestSender - Using open Channel [id: 0x742bacf1, L:/127.0.0.1:64968 - R:localhost/127.0.0.1:41215] for POST '/session/132f34717f18d8968137921c4ca4d73c/element/56038AA0E17660AA342A4946F010273E_element_30/clear'
12:24:11.640 [AsyncHttpClient-1-1] DEBUG org.asynchttpclient.netty.channel.DefaultChannelPool - Entry count for : http://localhost:64970 : 1
12:24:11.684 [AsyncHttpClient-1-11] DEBUG org.asynchttpclient.netty.handler.HttpHandler - 

Request DefaultHttpRequest(decodeResult: success, version: HTTP/1.1)
POST /session/132f34717f18d8968137921c4ca4d73c/element/56038AA0E17660AA342A4946F010273E_element_30/clear HTTP/1.1
User-Agent: selenium/4.8.3 (java windows)
Content-Length: 57
Content-Type: application/json; charset=utf-8
host: localhost:41215
accept: */*

Response DefaultHttpResponse(decodeResult: success, version: HTTP/1.1)
HTTP/1.1 200 OK
Content-Length: 14
Content-Type: application/json; charset=utf-8
cache-control: no-cache

12:24:11.684 [AsyncHttpClient-1-11] DEBUG org.asynchttpclient.netty.channel.ChannelManager - Adding key: http://localhost:41215 for channel [id: 0x742bacf1, L:/127.0.0.1:64968 - R:localhost/127.0.0.1:41215]
12:24:11.685 [Forwarding findElement on session 132f34717f18d8968137921c4ca4d73c to remote] DEBUG org.asynchttpclient.netty.request.NettyRequestSender - Using pooled Channel '[id: 0x742bacf1, L:/127.0.0.1:64968 - R:localhost/127.0.0.1:41215]' for 'POST' to 'http://localhost:41215/session/132f34717f18d8968137921c4ca4d73c/element'
12:24:11.685 [Forwarding findElement on session 132f34717f18d8968137921c4ca4d73c to remote] DEBUG org.asynchttpclient.netty.request.NettyRequestSender - Using open Channel [id: 0x742bacf1, L:/127.0.0.1:64968 - R:localhost/127.0.0.1:41215] for POST '/session/132f34717f18d8968137921c4ca4d73c/element'
12:24:11.695 [AsyncHttpClient-1-11] DEBUG org.asynchttpclient.netty.handler.HttpHandler - 

Request DefaultHttpRequest(decodeResult: success, version: HTTP/1.1)
POST /session/132f34717f18d8968137921c4ca4d73c/element HTTP/1.1
User-Agent: selenium/4.8.3 (java windows)
Content-Length: 59
Content-Type: application/json; charset=utf-8
host: localhost:41215
accept: */*

Response DefaultHttpResponse(decodeResult: success, version: HTTP/1.1)
HTTP/1.1 200 OK
Content-Length: 95
Content-Type: application/json; charset=utf-8
cache-control: no-cache

12:24:11.695 [AsyncHttpClient-1-11] DEBUG org.asynchttpclient.netty.channel.ChannelManager - Adding key: http://localhost:41215 for channel [id: 0x742bacf1, L:/127.0.0.1:64968 - R:localhost/127.0.0.1:41215]
12:24:11.696 [Forwarding sendKeysToElement on session 132f34717f18d8968137921c4ca4d73c to remote] DEBUG org.asynchttpclient.netty.request.NettyRequestSender - Using pooled Channel '[id: 0x742bacf1, L:/127.0.0.1:64968 - R:localhost/127.0.0.1:41215]' for 'POST' to 'http://localhost:41215/session/132f34717f18d8968137921c4ca4d73c/element/56038AA0E17660AA342A4946F010273E_element_30/value'
12:24:11.696 [Forwarding sendKeysToElement on session 132f34717f18d8968137921c4ca4d73c to remote] DEBUG org.asynchttpclient.netty.request.NettyRequestSender - Using open Channel [id: 0x742bacf1, L:/127.0.0.1:64968 - R:localhost/127.0.0.1:41215] for POST '/session/132f34717f18d8968137921c4ca4d73c/element/56038AA0E17660AA342A4946F010273E_element_30/value'
12:24:11.835 [AsyncHttpClient-1-11] DEBUG org.asynchttpclient.netty.handler.HttpHandler - 

Request DefaultHttpRequest(decodeResult: success, version: HTTP/1.1)
POST /session/132f34717f18d8968137921c4ca4d73c/element/56038AA0E17660AA342A4946F010273E_element_30/value HTTP/1.1
User-Agent: selenium/4.8.3 (java windows)
Content-Length: 188
Content-Type: application/json; charset=utf-8
host: localhost:41215
accept: */*

Response DefaultHttpResponse(decodeResult: success, version: HTTP/1.1)
HTTP/1.1 200 OK
Content-Length: 14
Content-Type: application/json; charset=utf-8
cache-control: no-cache

12:24:11.836 [AsyncHttpClient-1-11] DEBUG org.asynchttpclient.netty.channel.ChannelManager - Adding key: http://localhost:41215 for channel [id: 0x742bacf1, L:/127.0.0.1:64968 - R:localhost/127.0.0.1:41215]
12:24:11.836 [Forwarding findElement on session 132f34717f18d8968137921c4ca4d73c to remote] DEBUG org.asynchttpclient.netty.request.NettyRequestSender - Using pooled Channel '[id: 0x742bacf1, L:/127.0.0.1:64968 - R:localhost/127.0.0.1:41215]' for 'POST' to 'http://localhost:41215/session/132f34717f18d8968137921c4ca4d73c/element'
12:24:11.836 [Forwarding findElement on session 132f34717f18d8968137921c4ca4d73c to remote] DEBUG org.asynchttpclient.netty.request.NettyRequestSender - Using open Channel [id: 0x742bacf1, L:/127.0.0.1:64968 - R:localhost/127.0.0.1:41215] for POST '/session/132f34717f18d8968137921c4ca4d73c/element'
12:24:11.849 [AsyncHttpClient-1-11] DEBUG org.asynchttpclient.netty.handler.HttpHandler - 

Request DefaultHttpRequest(decodeResult: success, version: HTTP/1.1)
POST /session/132f34717f18d8968137921c4ca4d73c/element HTTP/1.1
User-Agent: selenium/4.8.3 (java windows)
Content-Length: 62
Content-Type: application/json; charset=utf-8
host: localhost:41215
accept: */*

Response DefaultHttpResponse(decodeResult: success, version: HTTP/1.1)
HTTP/1.1 200 OK
Content-Length: 95
Content-Type: application/json; charset=utf-8
cache-control: no-cache

12:24:11.849 [AsyncHttpClient-1-11] DEBUG org.asynchttpclient.netty.channel.ChannelManager - Adding key: http://localhost:41215 for channel [id: 0x742bacf1, L:/127.0.0.1:64968 - R:localhost/127.0.0.1:41215]
12:24:11.849 [Forwarding clearElement on session 132f34717f18d8968137921c4ca4d73c to remote] DEBUG org.asynchttpclient.netty.request.NettyRequestSender - Using pooled Channel '[id: 0x742bacf1, L:/127.0.0.1:64968 - R:localhost/127.0.0.1:41215]' for 'POST' to 'http://localhost:41215/session/132f34717f18d8968137921c4ca4d73c/element/56038AA0E17660AA342A4946F010273E_element_32/clear'
12:24:11.849 [Forwarding clearElement on session 132f34717f18d8968137921c4ca4d73c to remote] DEBUG org.asynchttpclient.netty.request.NettyRequestSender - Using open Channel [id: 0x742bacf1, L:/127.0.0.1:64968 - R:localhost/127.0.0.1:41215] for POST '/session/132f34717f18d8968137921c4ca4d73c/element/56038AA0E17660AA342A4946F010273E_element_32/clear'
12:24:11.876 [AsyncHttpClient-1-11] DEBUG org.asynchttpclient.netty.handler.HttpHandler - 

Request DefaultHttpRequest(decodeResult: success, version: HTTP/1.1)
POST /session/132f34717f18d8968137921c4ca4d73c/element/56038AA0E17660AA342A4946F010273E_element_32/clear HTTP/1.1
User-Agent: selenium/4.8.3 (java windows)
Content-Length: 57
Content-Type: application/json; charset=utf-8
host: localhost:41215
accept: */*

Response DefaultHttpResponse(decodeResult: success, version: HTTP/1.1)
HTTP/1.1 200 OK
Content-Length: 14
Content-Type: application/json; charset=utf-8
cache-control: no-cache

12:24:11.876 [AsyncHttpClient-1-11] DEBUG org.asynchttpclient.netty.channel.ChannelManager - Adding key: http://localhost:41215 for channel [id: 0x742bacf1, L:/127.0.0.1:64968 - R:localhost/127.0.0.1:41215]
12:24:11.877 [Forwarding findElement on session 132f34717f18d8968137921c4ca4d73c to remote] DEBUG org.asynchttpclient.netty.request.NettyRequestSender - Using pooled Channel '[id: 0x742bacf1, L:/127.0.0.1:64968 - R:localhost/127.0.0.1:41215]' for 'POST' to 'http://localhost:41215/session/132f34717f18d8968137921c4ca4d73c/element'
12:24:11.877 [Forwarding findElement on session 132f34717f18d8968137921c4ca4d73c to remote] DEBUG org.asynchttpclient.netty.request.NettyRequestSender - Using open Channel [id: 0x742bacf1, L:/127.0.0.1:64968 - R:localhost/127.0.0.1:41215] for POST '/session/132f34717f18d8968137921c4ca4d73c/element'
12:24:11.900 [AsyncHttpClient-1-11] DEBUG org.asynchttpclient.netty.handler.HttpHandler - 

Request DefaultHttpRequest(decodeResult: success, version: HTTP/1.1)
POST /session/132f34717f18d8968137921c4ca4d73c/element HTTP/1.1
User-Agent: selenium/4.8.3 (java windows)
Content-Length: 62
Content-Type: application/json; charset=utf-8
host: localhost:41215
accept: */*

Response DefaultHttpResponse(decodeResult: success, version: HTTP/1.1)
HTTP/1.1 200 OK
Content-Length: 95
Content-Type: application/json; charset=utf-8
cache-control: no-cache

12:24:11.900 [AsyncHttpClient-1-11] DEBUG org.asynchttpclient.netty.channel.ChannelManager - Adding key: http://localhost:41215 for channel [id: 0x742bacf1, L:/127.0.0.1:64968 - R:localhost/127.0.0.1:41215]
12:24:11.902 [Forwarding sendKeysToElement on session 132f34717f18d8968137921c4ca4d73c to remote] DEBUG org.asynchttpclient.netty.request.NettyRequestSender - Using pooled Channel '[id: 0x742bacf1, L:/127.0.0.1:64968 - R:localhost/127.0.0.1:41215]' for 'POST' to 'http://localhost:41215/session/132f34717f18d8968137921c4ca4d73c/element/56038AA0E17660AA342A4946F010273E_element_32/value'
12:24:11.902 [Forwarding sendKeysToElement on session 132f34717f18d8968137921c4ca4d73c to remote] DEBUG org.asynchttpclient.netty.request.NettyRequestSender - Using open Channel [id: 0x742bacf1, L:/127.0.0.1:64968 - R:localhost/127.0.0.1:41215] for POST '/session/132f34717f18d8968137921c4ca4d73c/element/56038AA0E17660AA342A4946F010273E_element_32/value'
12:24:11.976 [AsyncHttpClient-1-11] DEBUG org.asynchttpclient.netty.handler.HttpHandler - 

Request DefaultHttpRequest(decodeResult: success, version: HTTP/1.1)
POST /session/132f34717f18d8968137921c4ca4d73c/element/56038AA0E17660AA342A4946F010273E_element_32/value HTTP/1.1
User-Agent: selenium/4.8.3 (java windows)
Content-Length: 148
Content-Type: application/json; charset=utf-8
host: localhost:41215
accept: */*

Response DefaultHttpResponse(decodeResult: success, version: HTTP/1.1)
HTTP/1.1 200 OK
Content-Length: 14
Content-Type: application/json; charset=utf-8
cache-control: no-cache

12:24:11.976 [AsyncHttpClient-1-11] DEBUG org.asynchttpclient.netty.channel.ChannelManager - Adding key: http://localhost:41215 for channel [id: 0x742bacf1, L:/127.0.0.1:64968 - R:localhost/127.0.0.1:41215]
12:24:11.977 [Forwarding findElement on session 132f34717f18d8968137921c4ca4d73c to remote] DEBUG org.asynchttpclient.netty.request.NettyRequestSender - Using pooled Channel '[id: 0x742bacf1, L:/127.0.0.1:64968 - R:localhost/127.0.0.1:41215]' for 'POST' to 'http://localhost:41215/session/132f34717f18d8968137921c4ca4d73c/element'
12:24:11.977 [Forwarding findElement on session 132f34717f18d8968137921c4ca4d73c to remote] DEBUG org.asynchttpclient.netty.request.NettyRequestSender - Using open Channel [id: 0x742bacf1, L:/127.0.0.1:64968 - R:localhost/127.0.0.1:41215] for POST '/session/132f34717f18d8968137921c4ca4d73c/element'
12:24:11.989 [AsyncHttpClient-1-11] DEBUG org.asynchttpclient.netty.handler.HttpHandler - 

Request DefaultHttpRequest(decodeResult: success, version: HTTP/1.1)
POST /session/132f34717f18d8968137921c4ca4d73c/element HTTP/1.1
User-Agent: selenium/4.8.3 (java windows)
Content-Length: 71
Content-Type: application/json; charset=utf-8
host: localhost:41215
accept: */*

Response DefaultHttpResponse(decodeResult: success, version: HTTP/1.1)
HTTP/1.1 200 OK
Content-Length: 95
Content-Type: application/json; charset=utf-8
cache-control: no-cache

12:24:11.989 [AsyncHttpClient-1-11] DEBUG org.asynchttpclient.netty.channel.ChannelManager - Adding key: http://localhost:41215 for channel [id: 0x742bacf1, L:/127.0.0.1:64968 - R:localhost/127.0.0.1:41215]
12:24:11.990 [Forwarding clickElement on session 132f34717f18d8968137921c4ca4d73c to remote] DEBUG org.asynchttpclient.netty.request.NettyRequestSender - Using pooled Channel '[id: 0x742bacf1, L:/127.0.0.1:64968 - R:localhost/127.0.0.1:41215]' for 'POST' to 'http://localhost:41215/session/132f34717f18d8968137921c4ca4d73c/element/56038AA0E17660AA342A4946F010273E_element_33/click'
12:24:11.990 [Forwarding clickElement on session 132f34717f18d8968137921c4ca4d73c to remote] DEBUG org.asynchttpclient.netty.request.NettyRequestSender - Using open Channel [id: 0x742bacf1, L:/127.0.0.1:64968 - R:localhost/127.0.0.1:41215] for POST '/session/132f34717f18d8968137921c4ca4d73c/element/56038AA0E17660AA342A4946F010273E_element_33/click'
12:24:12.032 [AsyncHttpClient-1-11] DEBUG org.asynchttpclient.netty.handler.HttpHandler - 

Request DefaultHttpRequest(decodeResult: success, version: HTTP/1.1)
POST /session/132f34717f18d8968137921c4ca4d73c/element/56038AA0E17660AA342A4946F010273E_element_33/click HTTP/1.1
User-Agent: selenium/4.8.3 (java windows)
Content-Length: 57
Content-Type: application/json; charset=utf-8
host: localhost:41215
accept: */*

Response DefaultHttpResponse(decodeResult: success, version: HTTP/1.1)
HTTP/1.1 200 OK
Content-Length: 14
Content-Type: application/json; charset=utf-8
cache-control: no-cache

12:24:12.032 [AsyncHttpClient-1-11] DEBUG org.asynchttpclient.netty.channel.ChannelManager - Adding key: http://localhost:41215 for channel [id: 0x742bacf1, L:/127.0.0.1:64968 - R:localhost/127.0.0.1:41215]
2023-06-09 12:24:12 INFO  BaseTest:126 - Logged in
12:24:12.033 [rp-io-78] DEBUG com.epam.reportportal.service.Launch - Starting test item...rp-io-78
2023-06-09 12:24:12 INFO  Listeners:34 - Started Test null
2023-06-09------------------------------------------------1686306252034
2023-06-09 12:24:12 INFO  Listeners:38 - Succeeded Test null
]]></system-out>
    <system-err><![CDATA[Starting ChromeDriver 114.0.5735.90 (386bc09e8f4f2e025eddae123f36f6263096ae49-refs/branch-heads/5735@{#1052}) on port 41215
Only local connections are allowed.
Please see https://chromedriver.chromium.org/security-considerations for suggestions on keeping ChromeDriver safe.
ChromeDriver was started successfully.
Jun 09, 2023 12:24:10 PM org.openqa.selenium.devtools.CdpVersionFinder findNearestMatch
WARNING: Unable to find an exact match for CDP version 114, so returning the closest version found: 111
]]></system-err>
  </testcase>
  <testcase name="totalWidgetPresent" classname="alltests.uitest.coreTest.DashboardPageTest" time="0.792">
    <system-out><![CDATA[12:24:12.035 [rp-io-82] DEBUG com.epam.reportportal.service.Launch - Starting test item...rp-io-82
12:24:12.042 [AsyncHttpClient-1-13] DEBUG org.asynchttpclient.netty.handler.WebSocketHandler - Channel Closed: [id: 0x2954a9a3, L:/127.0.0.1:64977 ! R:localhost/127.0.0.1:64970] with attribute NettyResponseFuture{currentRetry=0,
	isDone=1,
	isCancelled=0,
	asyncHandler=org.asynchttpclient.ws.WebSocketUpgradeHandler@6f7c935c,
	nettyRequest=org.asynchttpclient.netty.request.NettyRequest@165a3e3f,
	future=java.util.concurrent.CompletableFuture@428b6f6b[Completed normally],
	uri=ws://localhost:64970/devtools/browser/30530e4f-30e2-4e7a-908d-77fc84742383,
	keepAlive=true,
	redirectCount=0,
	timeoutsHolder=null,
	inAuth=0,
	touch=1686306250237}
12:24:12.042 [AsyncHttpClient-1-13] DEBUG org.asynchttpclient.netty.channel.ChannelManager - Closing Channel [id: 0x2954a9a3, L:/127.0.0.1:64977 ! R:localhost/127.0.0.1:64970] 
12:24:12.044 [Driver Command Executor] DEBUG org.asynchttpclient.netty.request.NettyRequestSender - Using pooled Channel '[id: 0x742bacf1, L:/127.0.0.1:64968 - R:localhost/127.0.0.1:41215]' for 'DELETE' to 'http://localhost:41215/session/132f34717f18d8968137921c4ca4d73c'
12:24:12.044 [Driver Command Executor] DEBUG org.asynchttpclient.netty.request.NettyRequestSender - Using open Channel [id: 0x742bacf1, L:/127.0.0.1:64968 - R:localhost/127.0.0.1:41215] for DELETE '/session/132f34717f18d8968137921c4ca4d73c'
12:24:12.078 [rp-io-78] DEBUG com.epam.reportportal.service.Launch - ReportPortal item with ID 'dc65d3ab-f2ba-4aec-8859-63656059f20e' has been created
12:24:12.078 [rp-io-75] DEBUG com.epam.reportportal.service.Launch - TestItem with ID = 'eeaab619-d71d-4bac-b777-ecd1c1a764bb' successfully finished.
12:24:12.078 [rp-io-78] DEBUG com.epam.reportportal.utils.SubscriptionUtils - Start test item successfully completed
12:24:12.078 [rp-io-82] DEBUG com.epam.reportportal.service.Launch - ReportPortal item with ID 'e8a9659e-66c2-49f9-aeb3-b3647e9f855a' has been created
12:24:12.078 [rp-io-75] DEBUG com.epam.reportportal.utils.SubscriptionUtils - Finish test item completed
12:24:12.078 [rp-io-82] DEBUG com.epam.reportportal.utils.SubscriptionUtils - Start test item successfully completed
12:24:12.102 [rp-io-78] DEBUG com.epam.reportportal.service.Launch - TestItem with ID = 'dc65d3ab-f2ba-4aec-8859-63656059f20e' successfully finished.
12:24:12.102 [rp-io-78] DEBUG com.epam.reportportal.utils.SubscriptionUtils - Finish test item completed
12:24:12.131 [AsyncHttpClient-1-12] DEBUG org.asynchttpclient.netty.handler.HttpHandler - Unexpected I/O exception on channel [id: 0x09e9c4eb, L:/127.0.0.1:64976 - R:localhost/127.0.0.1:64970]
java.net.SocketException: Connection reset
	at java.base/sun.nio.ch.SocketChannelImpl.throwConnectionReset(SocketChannelImpl.java:394)
	at java.base/sun.nio.ch.SocketChannelImpl.read(SocketChannelImpl.java:426)
	at io.netty.buffer.PooledByteBuf.setBytes(PooledByteBuf.java:256)
	at io.netty.buffer.AbstractByteBuf.writeBytes(AbstractByteBuf.java:1132)
	at io.netty.channel.socket.nio.NioSocketChannel.doReadBytes(NioSocketChannel.java:357)
	at io.netty.channel.nio.AbstractNioByteChannel$NioByteUnsafe.read(AbstractNioByteChannel.java:151)
	at io.netty.channel.nio.NioEventLoop.processSelectedKey(NioEventLoop.java:788)
	at io.netty.channel.nio.NioEventLoop.processSelectedKeysOptimized(NioEventLoop.java:724)
	at io.netty.channel.nio.NioEventLoop.processSelectedKeys(NioEventLoop.java:650)
	at io.netty.channel.nio.NioEventLoop.run(NioEventLoop.java:562)
	at io.netty.util.concurrent.SingleThreadEventExecutor$4.run(SingleThreadEventExecutor.java:997)
	at io.netty.util.internal.ThreadExecutorMap$2.run(ThreadExecutorMap.java:74)
	at io.netty.util.concurrent.FastThreadLocalRunnable.run(FastThreadLocalRunnable.java:30)
	at java.base/java.lang.Thread.run(Thread.java:833)
12:24:12.132 [AsyncHttpClient-1-12] DEBUG org.asynchttpclient.netty.channel.ChannelManager - Closing Channel [id: 0x09e9c4eb, L:/127.0.0.1:64976 - R:localhost/127.0.0.1:64970] 
12:24:12.132 [AsyncHttpClient-1-12] DEBUG org.asynchttpclient.netty.handler.HttpHandler - Channel Closed: [id: 0x09e9c4eb, L:/127.0.0.1:64976 ! R:localhost/127.0.0.1:64970] with attribute DISCARD
12:24:12.154 [AsyncHttpClient-1-11] DEBUG org.asynchttpclient.netty.handler.HttpHandler - 

Request DefaultFullHttpRequest(decodeResult: success, version: HTTP/1.1, content: EmptyByteBufBE)
DELETE /session/132f34717f18d8968137921c4ca4d73c HTTP/1.1
User-Agent: selenium/4.8.3 (java windows)
Content-Type: application/json; charset=utf-8
host: localhost:41215
accept: */*

Response DefaultHttpResponse(decodeResult: success, version: HTTP/1.1)
HTTP/1.1 200 OK
Content-Length: 14
Content-Type: application/json; charset=utf-8
cache-control: no-cache

12:24:12.154 [AsyncHttpClient-1-11] DEBUG org.asynchttpclient.netty.channel.ChannelManager - Adding key: http://localhost:41215 for channel [id: 0x742bacf1, L:/127.0.0.1:64968 - R:localhost/127.0.0.1:41215]
12:24:12.212 [AsyncHttpClient-1-11] DEBUG org.asynchttpclient.netty.handler.HttpHandler - Channel Closed: [id: 0x742bacf1, L:/127.0.0.1:64968 ! R:localhost/127.0.0.1:41215] with attribute DISCARD
2023-06-09 12:24:12 INFO  BaseTest:83 - Test executed**********
12:24:12.275 [rp-io-83] DEBUG com.epam.reportportal.service.Launch - Starting test item...rp-io-83
2023-06-09 12:24:12 INFO  BaseTest:110 - Property files loaded successfully**********
12:24:12.290 [main] DEBUG io.github.bonigarcia.wdm.cache.ResolutionCache - Resolution chrome=114 in cache (valid until 13:14:48 09/06/2023 CEST)
12:24:12.290 [main] DEBUG io.github.bonigarcia.wdm.cache.ResolutionCache - Resolution chrome114=114.0.5735.90 in cache (valid until 12:14:48 10/06/2023 CEST)
12:24:12.290 [main] INFO io.github.bonigarcia.wdm.WebDriverManager - Using chromedriver 114.0.5735.90 (resolved driver for Chrome 114)
12:24:12.290 [rp-io-89] DEBUG com.epam.reportportal.service.Launch - TestItem with ID = 'e8a9659e-66c2-49f9-aeb3-b3647e9f855a' successfully finished.
12:24:12.290 [rp-io-89] DEBUG com.epam.reportportal.utils.SubscriptionUtils - Finish test item completed
12:24:12.296 [rp-io-83] DEBUG com.epam.reportportal.service.Launch - ReportPortal item with ID '36e9776e-7b14-47e1-8d06-f4ac2549b6c4' has been created
12:24:12.296 [rp-io-83] DEBUG com.epam.reportportal.utils.SubscriptionUtils - Start test item successfully completed
12:24:12.298 [main] DEBUG io.github.bonigarcia.wdm.WebDriverManager - Driver chromedriver 114.0.5735.90 found in cache
12:24:12.299 [main] INFO io.github.bonigarcia.wdm.WebDriverManager - Exporting webdriver.chrome.driver as C:\Users\Suwarna_Wagh\.cache\selenium\chromedriver\win32\114.0.5735.90\chromedriver.exe
12:24:12.435 [AsyncHttpClient-1-14] DEBUG org.asynchttpclient.netty.channel.NettyConnectListener - Using new Channel '[id: 0x9e3ed44b, L:/127.0.0.1:64998 - R:localhost/127.0.0.1:20216]' for 'POST' to '/session'
12:24:12.740 [AsyncHttpClient-1-1] DEBUG org.asynchttpclient.netty.channel.DefaultChannelPool - Entry count for : http://localhost:64970 : 1
12:24:12.740 [AsyncHttpClient-1-1] DEBUG org.asynchttpclient.netty.channel.DefaultChannelPool - Entry count for : http://localhost:41215 : 1
12:24:12.740 [AsyncHttpClient-1-1] DEBUG org.asynchttpclient.netty.channel.DefaultChannelPool - Adding Candidate expired Channel [id: 0x09e9c4eb, L:/127.0.0.1:64976 ! R:localhost/127.0.0.1:64970] isIdleTimeoutExpired=false isRemotelyClosed=true isTtlExpired=false
12:24:12.740 [AsyncHttpClient-1-1] DEBUG org.asynchttpclient.netty.channel.DefaultChannelPool - Closing Idle Channel [id: 0x09e9c4eb, L:/127.0.0.1:64976 ! R:localhost/127.0.0.1:64970]
12:24:12.740 [AsyncHttpClient-1-1] DEBUG org.asynchttpclient.netty.channel.DefaultChannelPool - Adding Candidate expired Channel [id: 0x742bacf1, L:/127.0.0.1:64968 ! R:localhost/127.0.0.1:41215] isIdleTimeoutExpired=false isRemotelyClosed=true isTtlExpired=false
12:24:12.741 [AsyncHttpClient-1-1] DEBUG org.asynchttpclient.netty.channel.DefaultChannelPool - Closing Idle Channel [id: 0x742bacf1, L:/127.0.0.1:64968 ! R:localhost/127.0.0.1:41215]
12:24:12.741 [AsyncHttpClient-1-1] DEBUG org.asynchttpclient.netty.channel.DefaultChannelPool - Closed 2 connections out of 2 in 1 ms
12:24:13.435 [AsyncHttpClient-1-14] DEBUG org.asynchttpclient.netty.handler.HttpHandler - 

Request DefaultHttpRequest(decodeResult: success, version: HTTP/1.1)
POST /session HTTP/1.1
User-Agent: selenium/4.8.3 (java windows)
Content-Length: 439
Content-Type: application/json; charset=utf-8
host: localhost:20216
accept: */*

Response DefaultHttpResponse(decodeResult: success, version: HTTP/1.1)
HTTP/1.1 200 OK
Content-Length: 864
Content-Type: application/json; charset=utf-8
cache-control: no-cache

12:24:13.435 [AsyncHttpClient-1-14] DEBUG org.asynchttpclient.netty.channel.ChannelManager - Adding key: http://localhost:20216 for channel [id: 0x9e3ed44b, L:/127.0.0.1:64998 - R:localhost/127.0.0.1:20216]
12:24:13.440 [AsyncHttpClient-1-15] DEBUG org.asynchttpclient.netty.channel.NettyConnectListener - Using new Channel '[id: 0x7e602e41, L:/127.0.0.1:65007 - R:localhost/127.0.0.1:65000]' for 'GET' to '/json/version'
12:24:13.441 [AsyncHttpClient-1-15] DEBUG org.asynchttpclient.netty.handler.HttpHandler - 

Request DefaultFullHttpRequest(decodeResult: success, version: HTTP/1.1, content: EmptyByteBufBE)
GET /json/version HTTP/1.1
User-Agent: selenium/4.8.3 (java windows)
host: localhost:65000
accept: */*

Response DefaultHttpResponse(decodeResult: success, version: HTTP/1.1)
HTTP/1.1 200 OK
Content-Security-Policy: frame-ancestors 'none'
Content-Length: 424
Content-Type: application/json; charset=UTF-8

12:24:13.441 [AsyncHttpClient-1-15] DEBUG org.asynchttpclient.netty.channel.ChannelManager - Adding key: http://localhost:65000 for channel [id: 0x7e602e41, L:/127.0.0.1:65007 - R:localhost/127.0.0.1:65000]
12:24:13.444 [AsyncHttpClient-1-16] DEBUG org.asynchttpclient.netty.channel.NettyConnectListener - Using new Channel '[id: 0x13f2cd51, L:/127.0.0.1:65008 - R:localhost/127.0.0.1:65000]' for 'GET' to '/devtools/browser/f173ae92-fcac-4aa3-b5bb-be14833167a3'
12:24:13.445 [AsyncHttpClient-1-16] DEBUG org.asynchttpclient.netty.handler.WebSocketHandler - 

Request DefaultFullHttpRequest(decodeResult: success, version: HTTP/1.1, content: EmptyByteBufBE)
GET /devtools/browser/f173ae92-fcac-4aa3-b5bb-be14833167a3 HTTP/1.1
upgrade: websocket
connection: upgrade
sec-websocket-key: 1WGI27f/9FhMvOxAWq/S8w==
sec-websocket-version: 13
origin: http://localhost:65000
host: localhost:65000
accept: */*
user-agent: AHC/2.1

Response DefaultHttpResponse(decodeResult: success, version: HTTP/1.1)
HTTP/1.1 101 WebSocket Protocol Handshake
Upgrade: WebSocket
Connection: Upgrade
Sec-WebSocket-Accept: BNWJI4eaZYu8EhoTyimPJoY6vSE=

12:24:13.447 [Forwarding setTimeout on session 4b6ecdf3688f26d2ed0736958d72c6c7 to remote] DEBUG org.asynchttpclient.netty.request.NettyRequestSender - Using pooled Channel '[id: 0x9e3ed44b, L:/127.0.0.1:64998 - R:localhost/127.0.0.1:20216]' for 'POST' to 'http://localhost:20216/session/4b6ecdf3688f26d2ed0736958d72c6c7/timeouts'
12:24:13.447 [Forwarding setTimeout on session 4b6ecdf3688f26d2ed0736958d72c6c7 to remote] DEBUG org.asynchttpclient.netty.request.NettyRequestSender - Using open Channel [id: 0x9e3ed44b, L:/127.0.0.1:64998 - R:localhost/127.0.0.1:20216] for POST '/session/4b6ecdf3688f26d2ed0736958d72c6c7/timeouts'
12:24:13.449 [AsyncHttpClient-1-14] DEBUG org.asynchttpclient.netty.handler.HttpHandler - 

Request DefaultHttpRequest(decodeResult: success, version: HTTP/1.1)
POST /session/4b6ecdf3688f26d2ed0736958d72c6c7/timeouts HTTP/1.1
User-Agent: selenium/4.8.3 (java windows)
Content-Length: 22
Content-Type: application/json; charset=utf-8
host: localhost:20216
accept: */*

Response DefaultHttpResponse(decodeResult: success, version: HTTP/1.1)
HTTP/1.1 200 OK
Content-Length: 14
Content-Type: application/json; charset=utf-8
cache-control: no-cache

12:24:13.450 [AsyncHttpClient-1-14] DEBUG org.asynchttpclient.netty.channel.ChannelManager - Adding key: http://localhost:20216 for channel [id: 0x9e3ed44b, L:/127.0.0.1:64998 - R:localhost/127.0.0.1:20216]
12:24:13.451 [Forwarding maximizeCurrentWindow on session 4b6ecdf3688f26d2ed0736958d72c6c7 to remote] DEBUG org.asynchttpclient.netty.request.NettyRequestSender - Using pooled Channel '[id: 0x9e3ed44b, L:/127.0.0.1:64998 - R:localhost/127.0.0.1:20216]' for 'POST' to 'http://localhost:20216/session/4b6ecdf3688f26d2ed0736958d72c6c7/window/maximize'
12:24:13.451 [Forwarding maximizeCurrentWindow on session 4b6ecdf3688f26d2ed0736958d72c6c7 to remote] DEBUG org.asynchttpclient.netty.request.NettyRequestSender - Using open Channel [id: 0x9e3ed44b, L:/127.0.0.1:64998 - R:localhost/127.0.0.1:20216] for POST '/session/4b6ecdf3688f26d2ed0736958d72c6c7/window/maximize'
12:24:13.575 [AsyncHttpClient-1-14] DEBUG org.asynchttpclient.netty.handler.HttpHandler - 

Request DefaultHttpRequest(decodeResult: success, version: HTTP/1.1)
POST /session/4b6ecdf3688f26d2ed0736958d72c6c7/window/maximize HTTP/1.1
User-Agent: selenium/4.8.3 (java windows)
Content-Length: 3
Content-Type: application/json; charset=utf-8
host: localhost:20216
accept: */*

Response DefaultHttpResponse(decodeResult: success, version: HTTP/1.1)
HTTP/1.1 200 OK
Content-Length: 51
Content-Type: application/json; charset=utf-8
cache-control: no-cache

12:24:13.575 [AsyncHttpClient-1-14] DEBUG org.asynchttpclient.netty.channel.ChannelManager - Adding key: http://localhost:20216 for channel [id: 0x9e3ed44b, L:/127.0.0.1:64998 - R:localhost/127.0.0.1:20216]
12:24:13.576 [Forwarding get on session 4b6ecdf3688f26d2ed0736958d72c6c7 to remote] DEBUG org.asynchttpclient.netty.request.NettyRequestSender - Using pooled Channel '[id: 0x9e3ed44b, L:/127.0.0.1:64998 - R:localhost/127.0.0.1:20216]' for 'POST' to 'http://localhost:20216/session/4b6ecdf3688f26d2ed0736958d72c6c7/url'
12:24:13.576 [Forwarding get on session 4b6ecdf3688f26d2ed0736958d72c6c7 to remote] DEBUG org.asynchttpclient.netty.request.NettyRequestSender - Using open Channel [id: 0x9e3ed44b, L:/127.0.0.1:64998 - R:localhost/127.0.0.1:20216] for POST '/session/4b6ecdf3688f26d2ed0736958d72c6c7/url'
12:24:13.839 [AsyncHttpClient-1-1] DEBUG org.asynchttpclient.netty.channel.DefaultChannelPool - Entry count for : http://localhost:65000 : 1
12:24:14.940 [AsyncHttpClient-1-1] DEBUG org.asynchttpclient.netty.channel.DefaultChannelPool - Entry count for : http://localhost:65000 : 1
12:24:14.965 [AsyncHttpClient-1-14] DEBUG org.asynchttpclient.netty.handler.HttpHandler - 

Request DefaultHttpRequest(decodeResult: success, version: HTTP/1.1)
POST /session/4b6ecdf3688f26d2ed0736958d72c6c7/url HTTP/1.1
User-Agent: selenium/4.8.3 (java windows)
Content-Length: 52
Content-Type: application/json; charset=utf-8
host: localhost:20216
accept: */*

Response DefaultHttpResponse(decodeResult: success, version: HTTP/1.1)
HTTP/1.1 200 OK
Content-Length: 14
Content-Type: application/json; charset=utf-8
cache-control: no-cache

12:24:14.967 [AsyncHttpClient-1-14] DEBUG org.asynchttpclient.netty.channel.ChannelManager - Adding key: http://localhost:20216 for channel [id: 0x9e3ed44b, L:/127.0.0.1:64998 - R:localhost/127.0.0.1:20216]
2023-06-09 12:24:14 INFO  BaseTest:104 - Test driver set up done successfully**********
2023-06-09 12:24:14 INFO  BaseTest:122 - Logging in to portal
12:24:14.968 [Forwarding findElement on session 4b6ecdf3688f26d2ed0736958d72c6c7 to remote] DEBUG org.asynchttpclient.netty.request.NettyRequestSender - Using pooled Channel '[id: 0x9e3ed44b, L:/127.0.0.1:64998 - R:localhost/127.0.0.1:20216]' for 'POST' to 'http://localhost:20216/session/4b6ecdf3688f26d2ed0736958d72c6c7/element'
12:24:14.968 [Forwarding findElement on session 4b6ecdf3688f26d2ed0736958d72c6c7 to remote] DEBUG org.asynchttpclient.netty.request.NettyRequestSender - Using open Channel [id: 0x9e3ed44b, L:/127.0.0.1:64998 - R:localhost/127.0.0.1:20216] for POST '/session/4b6ecdf3688f26d2ed0736958d72c6c7/element'
12:24:14.980 [AsyncHttpClient-1-14] DEBUG org.asynchttpclient.netty.handler.HttpHandler - 

Request DefaultHttpRequest(decodeResult: success, version: HTTP/1.1)
POST /session/4b6ecdf3688f26d2ed0736958d72c6c7/element HTTP/1.1
User-Agent: selenium/4.8.3 (java windows)
Content-Length: 59
Content-Type: application/json; charset=utf-8
host: localhost:20216
accept: */*

Response DefaultHttpResponse(decodeResult: success, version: HTTP/1.1)
HTTP/1.1 200 OK
Content-Length: 95
Content-Type: application/json; charset=utf-8
cache-control: no-cache

12:24:14.980 [AsyncHttpClient-1-14] DEBUG org.asynchttpclient.netty.channel.ChannelManager - Adding key: http://localhost:20216 for channel [id: 0x9e3ed44b, L:/127.0.0.1:64998 - R:localhost/127.0.0.1:20216]
12:24:14.981 [Forwarding clearElement on session 4b6ecdf3688f26d2ed0736958d72c6c7 to remote] DEBUG org.asynchttpclient.netty.request.NettyRequestSender - Using pooled Channel '[id: 0x9e3ed44b, L:/127.0.0.1:64998 - R:localhost/127.0.0.1:20216]' for 'POST' to 'http://localhost:20216/session/4b6ecdf3688f26d2ed0736958d72c6c7/element/3598194D649B3035CB8003C8C8F66E4E_element_26/clear'
12:24:14.981 [Forwarding clearElement on session 4b6ecdf3688f26d2ed0736958d72c6c7 to remote] DEBUG org.asynchttpclient.netty.request.NettyRequestSender - Using open Channel [id: 0x9e3ed44b, L:/127.0.0.1:64998 - R:localhost/127.0.0.1:20216] for POST '/session/4b6ecdf3688f26d2ed0736958d72c6c7/element/3598194D649B3035CB8003C8C8F66E4E_element_26/clear'
12:24:15.025 [AsyncHttpClient-1-14] DEBUG org.asynchttpclient.netty.handler.HttpHandler - 

Request DefaultHttpRequest(decodeResult: success, version: HTTP/1.1)
POST /session/4b6ecdf3688f26d2ed0736958d72c6c7/element/3598194D649B3035CB8003C8C8F66E4E_element_26/clear HTTP/1.1
User-Agent: selenium/4.8.3 (java windows)
Content-Length: 57
Content-Type: application/json; charset=utf-8
host: localhost:20216
accept: */*

Response DefaultHttpResponse(decodeResult: success, version: HTTP/1.1)
HTTP/1.1 200 OK
Content-Length: 14
Content-Type: application/json; charset=utf-8
cache-control: no-cache

12:24:15.025 [AsyncHttpClient-1-14] DEBUG org.asynchttpclient.netty.channel.ChannelManager - Adding key: http://localhost:20216 for channel [id: 0x9e3ed44b, L:/127.0.0.1:64998 - R:localhost/127.0.0.1:20216]
12:24:15.026 [Forwarding findElement on session 4b6ecdf3688f26d2ed0736958d72c6c7 to remote] DEBUG org.asynchttpclient.netty.request.NettyRequestSender - Using pooled Channel '[id: 0x9e3ed44b, L:/127.0.0.1:64998 - R:localhost/127.0.0.1:20216]' for 'POST' to 'http://localhost:20216/session/4b6ecdf3688f26d2ed0736958d72c6c7/element'
12:24:15.026 [Forwarding findElement on session 4b6ecdf3688f26d2ed0736958d72c6c7 to remote] DEBUG org.asynchttpclient.netty.request.NettyRequestSender - Using open Channel [id: 0x9e3ed44b, L:/127.0.0.1:64998 - R:localhost/127.0.0.1:20216] for POST '/session/4b6ecdf3688f26d2ed0736958d72c6c7/element'
12:24:15.033 [AsyncHttpClient-1-14] DEBUG org.asynchttpclient.netty.handler.HttpHandler - 

Request DefaultHttpRequest(decodeResult: success, version: HTTP/1.1)
POST /session/4b6ecdf3688f26d2ed0736958d72c6c7/element HTTP/1.1
User-Agent: selenium/4.8.3 (java windows)
Content-Length: 59
Content-Type: application/json; charset=utf-8
host: localhost:20216
accept: */*

Response DefaultHttpResponse(decodeResult: success, version: HTTP/1.1)
HTTP/1.1 200 OK
Content-Length: 95
Content-Type: application/json; charset=utf-8
cache-control: no-cache

12:24:15.033 [AsyncHttpClient-1-14] DEBUG org.asynchttpclient.netty.channel.ChannelManager - Adding key: http://localhost:20216 for channel [id: 0x9e3ed44b, L:/127.0.0.1:64998 - R:localhost/127.0.0.1:20216]
12:24:15.034 [Forwarding sendKeysToElement on session 4b6ecdf3688f26d2ed0736958d72c6c7 to remote] DEBUG org.asynchttpclient.netty.request.NettyRequestSender - Using pooled Channel '[id: 0x9e3ed44b, L:/127.0.0.1:64998 - R:localhost/127.0.0.1:20216]' for 'POST' to 'http://localhost:20216/session/4b6ecdf3688f26d2ed0736958d72c6c7/element/3598194D649B3035CB8003C8C8F66E4E_element_26/value'
12:24:15.034 [Forwarding sendKeysToElement on session 4b6ecdf3688f26d2ed0736958d72c6c7 to remote] DEBUG org.asynchttpclient.netty.request.NettyRequestSender - Using open Channel [id: 0x9e3ed44b, L:/127.0.0.1:64998 - R:localhost/127.0.0.1:20216] for POST '/session/4b6ecdf3688f26d2ed0736958d72c6c7/element/3598194D649B3035CB8003C8C8F66E4E_element_26/value'
12:24:15.126 [AsyncHttpClient-1-14] DEBUG org.asynchttpclient.netty.handler.HttpHandler - 

Request DefaultHttpRequest(decodeResult: success, version: HTTP/1.1)
POST /session/4b6ecdf3688f26d2ed0736958d72c6c7/element/3598194D649B3035CB8003C8C8F66E4E_element_26/value HTTP/1.1
User-Agent: selenium/4.8.3 (java windows)
Content-Length: 188
Content-Type: application/json; charset=utf-8
host: localhost:20216
accept: */*

Response DefaultHttpResponse(decodeResult: success, version: HTTP/1.1)
HTTP/1.1 200 OK
Content-Length: 14
Content-Type: application/json; charset=utf-8
cache-control: no-cache

12:24:15.127 [AsyncHttpClient-1-14] DEBUG org.asynchttpclient.netty.channel.ChannelManager - Adding key: http://localhost:20216 for channel [id: 0x9e3ed44b, L:/127.0.0.1:64998 - R:localhost/127.0.0.1:20216]
12:24:15.128 [Forwarding findElement on session 4b6ecdf3688f26d2ed0736958d72c6c7 to remote] DEBUG org.asynchttpclient.netty.request.NettyRequestSender - Using pooled Channel '[id: 0x9e3ed44b, L:/127.0.0.1:64998 - R:localhost/127.0.0.1:20216]' for 'POST' to 'http://localhost:20216/session/4b6ecdf3688f26d2ed0736958d72c6c7/element'
12:24:15.128 [Forwarding findElement on session 4b6ecdf3688f26d2ed0736958d72c6c7 to remote] DEBUG org.asynchttpclient.netty.request.NettyRequestSender - Using open Channel [id: 0x9e3ed44b, L:/127.0.0.1:64998 - R:localhost/127.0.0.1:20216] for POST '/session/4b6ecdf3688f26d2ed0736958d72c6c7/element'
12:24:15.142 [AsyncHttpClient-1-14] DEBUG org.asynchttpclient.netty.handler.HttpHandler - 

Request DefaultHttpRequest(decodeResult: success, version: HTTP/1.1)
POST /session/4b6ecdf3688f26d2ed0736958d72c6c7/element HTTP/1.1
User-Agent: selenium/4.8.3 (java windows)
Content-Length: 62
Content-Type: application/json; charset=utf-8
host: localhost:20216
accept: */*

Response DefaultHttpResponse(decodeResult: success, version: HTTP/1.1)
HTTP/1.1 200 OK
Content-Length: 95
Content-Type: application/json; charset=utf-8
cache-control: no-cache

12:24:15.142 [AsyncHttpClient-1-14] DEBUG org.asynchttpclient.netty.channel.ChannelManager - Adding key: http://localhost:20216 for channel [id: 0x9e3ed44b, L:/127.0.0.1:64998 - R:localhost/127.0.0.1:20216]
12:24:15.143 [Forwarding clearElement on session 4b6ecdf3688f26d2ed0736958d72c6c7 to remote] DEBUG org.asynchttpclient.netty.request.NettyRequestSender - Using pooled Channel '[id: 0x9e3ed44b, L:/127.0.0.1:64998 - R:localhost/127.0.0.1:20216]' for 'POST' to 'http://localhost:20216/session/4b6ecdf3688f26d2ed0736958d72c6c7/element/3598194D649B3035CB8003C8C8F66E4E_element_28/clear'
12:24:15.143 [Forwarding clearElement on session 4b6ecdf3688f26d2ed0736958d72c6c7 to remote] DEBUG org.asynchttpclient.netty.request.NettyRequestSender - Using open Channel [id: 0x9e3ed44b, L:/127.0.0.1:64998 - R:localhost/127.0.0.1:20216] for POST '/session/4b6ecdf3688f26d2ed0736958d72c6c7/element/3598194D649B3035CB8003C8C8F66E4E_element_28/clear'
12:24:15.193 [AsyncHttpClient-1-14] DEBUG org.asynchttpclient.netty.handler.HttpHandler - 

Request DefaultHttpRequest(decodeResult: success, version: HTTP/1.1)
POST /session/4b6ecdf3688f26d2ed0736958d72c6c7/element/3598194D649B3035CB8003C8C8F66E4E_element_28/clear HTTP/1.1
User-Agent: selenium/4.8.3 (java windows)
Content-Length: 57
Content-Type: application/json; charset=utf-8
host: localhost:20216
accept: */*

Response DefaultHttpResponse(decodeResult: success, version: HTTP/1.1)
HTTP/1.1 200 OK
Content-Length: 14
Content-Type: application/json; charset=utf-8
cache-control: no-cache

12:24:15.193 [AsyncHttpClient-1-14] DEBUG org.asynchttpclient.netty.channel.ChannelManager - Adding key: http://localhost:20216 for channel [id: 0x9e3ed44b, L:/127.0.0.1:64998 - R:localhost/127.0.0.1:20216]
12:24:15.194 [Forwarding findElement on session 4b6ecdf3688f26d2ed0736958d72c6c7 to remote] DEBUG org.asynchttpclient.netty.request.NettyRequestSender - Using pooled Channel '[id: 0x9e3ed44b, L:/127.0.0.1:64998 - R:localhost/127.0.0.1:20216]' for 'POST' to 'http://localhost:20216/session/4b6ecdf3688f26d2ed0736958d72c6c7/element'
12:24:15.194 [Forwarding findElement on session 4b6ecdf3688f26d2ed0736958d72c6c7 to remote] DEBUG org.asynchttpclient.netty.request.NettyRequestSender - Using open Channel [id: 0x9e3ed44b, L:/127.0.0.1:64998 - R:localhost/127.0.0.1:20216] for POST '/session/4b6ecdf3688f26d2ed0736958d72c6c7/element'
12:24:15.202 [AsyncHttpClient-1-14] DEBUG org.asynchttpclient.netty.handler.HttpHandler - 

Request DefaultHttpRequest(decodeResult: success, version: HTTP/1.1)
POST /session/4b6ecdf3688f26d2ed0736958d72c6c7/element HTTP/1.1
User-Agent: selenium/4.8.3 (java windows)
Content-Length: 62
Content-Type: application/json; charset=utf-8
host: localhost:20216
accept: */*

Response DefaultHttpResponse(decodeResult: success, version: HTTP/1.1)
HTTP/1.1 200 OK
Content-Length: 95
Content-Type: application/json; charset=utf-8
cache-control: no-cache

12:24:15.202 [AsyncHttpClient-1-14] DEBUG org.asynchttpclient.netty.channel.ChannelManager - Adding key: http://localhost:20216 for channel [id: 0x9e3ed44b, L:/127.0.0.1:64998 - R:localhost/127.0.0.1:20216]
12:24:15.203 [Forwarding sendKeysToElement on session 4b6ecdf3688f26d2ed0736958d72c6c7 to remote] DEBUG org.asynchttpclient.netty.request.NettyRequestSender - Using pooled Channel '[id: 0x9e3ed44b, L:/127.0.0.1:64998 - R:localhost/127.0.0.1:20216]' for 'POST' to 'http://localhost:20216/session/4b6ecdf3688f26d2ed0736958d72c6c7/element/3598194D649B3035CB8003C8C8F66E4E_element_28/value'
12:24:15.203 [Forwarding sendKeysToElement on session 4b6ecdf3688f26d2ed0736958d72c6c7 to remote] DEBUG org.asynchttpclient.netty.request.NettyRequestSender - Using open Channel [id: 0x9e3ed44b, L:/127.0.0.1:64998 - R:localhost/127.0.0.1:20216] for POST '/session/4b6ecdf3688f26d2ed0736958d72c6c7/element/3598194D649B3035CB8003C8C8F66E4E_element_28/value'
12:24:15.274 [AsyncHttpClient-1-14] DEBUG org.asynchttpclient.netty.handler.HttpHandler - 

Request DefaultHttpRequest(decodeResult: success, version: HTTP/1.1)
POST /session/4b6ecdf3688f26d2ed0736958d72c6c7/element/3598194D649B3035CB8003C8C8F66E4E_element_28/value HTTP/1.1
User-Agent: selenium/4.8.3 (java windows)
Content-Length: 148
Content-Type: application/json; charset=utf-8
host: localhost:20216
accept: */*

Response DefaultHttpResponse(decodeResult: success, version: HTTP/1.1)
HTTP/1.1 200 OK
Content-Length: 14
Content-Type: application/json; charset=utf-8
cache-control: no-cache

12:24:15.274 [AsyncHttpClient-1-14] DEBUG org.asynchttpclient.netty.channel.ChannelManager - Adding key: http://localhost:20216 for channel [id: 0x9e3ed44b, L:/127.0.0.1:64998 - R:localhost/127.0.0.1:20216]
12:24:15.275 [Forwarding findElement on session 4b6ecdf3688f26d2ed0736958d72c6c7 to remote] DEBUG org.asynchttpclient.netty.request.NettyRequestSender - Using pooled Channel '[id: 0x9e3ed44b, L:/127.0.0.1:64998 - R:localhost/127.0.0.1:20216]' for 'POST' to 'http://localhost:20216/session/4b6ecdf3688f26d2ed0736958d72c6c7/element'
12:24:15.275 [Forwarding findElement on session 4b6ecdf3688f26d2ed0736958d72c6c7 to remote] DEBUG org.asynchttpclient.netty.request.NettyRequestSender - Using open Channel [id: 0x9e3ed44b, L:/127.0.0.1:64998 - R:localhost/127.0.0.1:20216] for POST '/session/4b6ecdf3688f26d2ed0736958d72c6c7/element'
12:24:15.289 [AsyncHttpClient-1-14] DEBUG org.asynchttpclient.netty.handler.HttpHandler - 

Request DefaultHttpRequest(decodeResult: success, version: HTTP/1.1)
POST /session/4b6ecdf3688f26d2ed0736958d72c6c7/element HTTP/1.1
User-Agent: selenium/4.8.3 (java windows)
Content-Length: 71
Content-Type: application/json; charset=utf-8
host: localhost:20216
accept: */*

Response DefaultHttpResponse(decodeResult: success, version: HTTP/1.1)
HTTP/1.1 200 OK
Content-Length: 95
Content-Type: application/json; charset=utf-8
cache-control: no-cache

12:24:15.289 [AsyncHttpClient-1-14] DEBUG org.asynchttpclient.netty.channel.ChannelManager - Adding key: http://localhost:20216 for channel [id: 0x9e3ed44b, L:/127.0.0.1:64998 - R:localhost/127.0.0.1:20216]
12:24:15.290 [Forwarding clickElement on session 4b6ecdf3688f26d2ed0736958d72c6c7 to remote] DEBUG org.asynchttpclient.netty.request.NettyRequestSender - Using pooled Channel '[id: 0x9e3ed44b, L:/127.0.0.1:64998 - R:localhost/127.0.0.1:20216]' for 'POST' to 'http://localhost:20216/session/4b6ecdf3688f26d2ed0736958d72c6c7/element/3598194D649B3035CB8003C8C8F66E4E_element_33/click'
12:24:15.290 [Forwarding clickElement on session 4b6ecdf3688f26d2ed0736958d72c6c7 to remote] DEBUG org.asynchttpclient.netty.request.NettyRequestSender - Using open Channel [id: 0x9e3ed44b, L:/127.0.0.1:64998 - R:localhost/127.0.0.1:20216] for POST '/session/4b6ecdf3688f26d2ed0736958d72c6c7/element/3598194D649B3035CB8003C8C8F66E4E_element_33/click'
12:24:15.332 [AsyncHttpClient-1-14] DEBUG org.asynchttpclient.netty.handler.HttpHandler - 

Request DefaultHttpRequest(decodeResult: success, version: HTTP/1.1)
POST /session/4b6ecdf3688f26d2ed0736958d72c6c7/element/3598194D649B3035CB8003C8C8F66E4E_element_33/click HTTP/1.1
User-Agent: selenium/4.8.3 (java windows)
Content-Length: 57
Content-Type: application/json; charset=utf-8
host: localhost:20216
accept: */*

Response DefaultHttpResponse(decodeResult: success, version: HTTP/1.1)
HTTP/1.1 200 OK
Content-Length: 14
Content-Type: application/json; charset=utf-8
cache-control: no-cache

12:24:15.332 [AsyncHttpClient-1-14] DEBUG org.asynchttpclient.netty.channel.ChannelManager - Adding key: http://localhost:20216 for channel [id: 0x9e3ed44b, L:/127.0.0.1:64998 - R:localhost/127.0.0.1:20216]
2023-06-09 12:24:15 INFO  BaseTest:126 - Logged in
12:24:15.334 [rp-io-2] DEBUG com.epam.reportportal.service.Launch - Starting test item...rp-io-2
2023-06-09 12:24:15 INFO  Listeners:34 - Started Test null
12:24:15.335 [Forwarding findElement on session 4b6ecdf3688f26d2ed0736958d72c6c7 to remote] DEBUG org.asynchttpclient.netty.request.NettyRequestSender - Using pooled Channel '[id: 0x9e3ed44b, L:/127.0.0.1:64998 - R:localhost/127.0.0.1:20216]' for 'POST' to 'http://localhost:20216/session/4b6ecdf3688f26d2ed0736958d72c6c7/element'
12:24:15.335 [Forwarding findElement on session 4b6ecdf3688f26d2ed0736958d72c6c7 to remote] DEBUG org.asynchttpclient.netty.request.NettyRequestSender - Using open Channel [id: 0x9e3ed44b, L:/127.0.0.1:64998 - R:localhost/127.0.0.1:20216] for POST '/session/4b6ecdf3688f26d2ed0736958d72c6c7/element'
12:24:15.356 [rp-io-3] DEBUG com.epam.reportportal.service.Launch - TestItem with ID = '36e9776e-7b14-47e1-8d06-f4ac2549b6c4' successfully finished.
12:24:15.356 [rp-io-3] DEBUG com.epam.reportportal.utils.SubscriptionUtils - Finish test item completed
12:24:15.360 [rp-io-2] DEBUG com.epam.reportportal.service.Launch - ReportPortal item with ID '801adb78-294b-4a81-8d1b-477bc58c9a8a' has been created
12:24:15.360 [rp-io-2] DEBUG com.epam.reportportal.utils.SubscriptionUtils - Start test item successfully completed
12:24:15.758 [AsyncHttpClient-1-14] DEBUG org.asynchttpclient.netty.handler.HttpHandler - 

Request DefaultHttpRequest(decodeResult: success, version: HTTP/1.1)
POST /session/4b6ecdf3688f26d2ed0736958d72c6c7/element HTTP/1.1
User-Agent: selenium/4.8.3 (java windows)
Content-Length: 168
Content-Type: application/json; charset=utf-8
host: localhost:20216
accept: */*

Response DefaultHttpResponse(decodeResult: success, version: HTTP/1.1)
HTTP/1.1 200 OK
Content-Length: 95
Content-Type: application/json; charset=utf-8
cache-control: no-cache

12:24:15.758 [AsyncHttpClient-1-14] DEBUG org.asynchttpclient.netty.channel.ChannelManager - Adding key: http://localhost:20216 for channel [id: 0x9e3ed44b, L:/127.0.0.1:64998 - R:localhost/127.0.0.1:20216]
12:24:15.760 [Forwarding clickElement on session 4b6ecdf3688f26d2ed0736958d72c6c7 to remote] DEBUG org.asynchttpclient.netty.request.NettyRequestSender - Using pooled Channel '[id: 0x9e3ed44b, L:/127.0.0.1:64998 - R:localhost/127.0.0.1:20216]' for 'POST' to 'http://localhost:20216/session/4b6ecdf3688f26d2ed0736958d72c6c7/element/3598194D649B3035CB8003C8C8F66E4E_element_38/click'
12:24:15.760 [Forwarding clickElement on session 4b6ecdf3688f26d2ed0736958d72c6c7 to remote] DEBUG org.asynchttpclient.netty.request.NettyRequestSender - Using open Channel [id: 0x9e3ed44b, L:/127.0.0.1:64998 - R:localhost/127.0.0.1:20216] for POST '/session/4b6ecdf3688f26d2ed0736958d72c6c7/element/3598194D649B3035CB8003C8C8F66E4E_element_38/click'
12:24:15.901 [AsyncHttpClient-1-14] DEBUG org.asynchttpclient.netty.handler.HttpHandler - 

Request DefaultHttpRequest(decodeResult: success, version: HTTP/1.1)
POST /session/4b6ecdf3688f26d2ed0736958d72c6c7/element/3598194D649B3035CB8003C8C8F66E4E_element_38/click HTTP/1.1
User-Agent: selenium/4.8.3 (java windows)
Content-Length: 57
Content-Type: application/json; charset=utf-8
host: localhost:20216
accept: */*

Response DefaultHttpResponse(decodeResult: success, version: HTTP/1.1)
HTTP/1.1 200 OK
Content-Length: 14
Content-Type: application/json; charset=utf-8
cache-control: no-cache

12:24:15.901 [AsyncHttpClient-1-14] DEBUG org.asynchttpclient.netty.channel.ChannelManager - Adding key: http://localhost:20216 for channel [id: 0x9e3ed44b, L:/127.0.0.1:64998 - R:localhost/127.0.0.1:20216]
12:24:15.902 [Forwarding findElements on session 4b6ecdf3688f26d2ed0736958d72c6c7 to remote] DEBUG org.asynchttpclient.netty.request.NettyRequestSender - Using pooled Channel '[id: 0x9e3ed44b, L:/127.0.0.1:64998 - R:localhost/127.0.0.1:20216]' for 'POST' to 'http://localhost:20216/session/4b6ecdf3688f26d2ed0736958d72c6c7/elements'
12:24:15.903 [Forwarding findElements on session 4b6ecdf3688f26d2ed0736958d72c6c7 to remote] DEBUG org.asynchttpclient.netty.request.NettyRequestSender - Using open Channel [id: 0x9e3ed44b, L:/127.0.0.1:64998 - R:localhost/127.0.0.1:20216] for POST '/session/4b6ecdf3688f26d2ed0736958d72c6c7/elements'
12:24:16.040 [AsyncHttpClient-1-1] DEBUG org.asynchttpclient.netty.channel.DefaultChannelPool - Entry count for : http://localhost:65000 : 1
12:24:16.117 [AsyncHttpClient-1-14] DEBUG org.asynchttpclient.netty.handler.HttpHandler - 

Request DefaultHttpRequest(decodeResult: success, version: HTTP/1.1)
POST /session/4b6ecdf3688f26d2ed0736958d72c6c7/elements HTTP/1.1
User-Agent: selenium/4.8.3 (java windows)
Content-Length: 93
Content-Type: application/json; charset=utf-8
host: localhost:20216
accept: */*

Response DefaultHttpResponse(decodeResult: success, version: HTTP/1.1)
HTTP/1.1 200 OK
Content-Length: 1043
Content-Type: application/json; charset=utf-8
cache-control: no-cache

12:24:16.118 [AsyncHttpClient-1-14] DEBUG org.asynchttpclient.netty.channel.ChannelManager - Adding key: http://localhost:20216 for channel [id: 0x9e3ed44b, L:/127.0.0.1:64998 - R:localhost/127.0.0.1:20216]
12:24:16.121 [Forwarding findElements on session 4b6ecdf3688f26d2ed0736958d72c6c7 to remote] DEBUG org.asynchttpclient.netty.request.NettyRequestSender - Using pooled Channel '[id: 0x9e3ed44b, L:/127.0.0.1:64998 - R:localhost/127.0.0.1:20216]' for 'POST' to 'http://localhost:20216/session/4b6ecdf3688f26d2ed0736958d72c6c7/elements'
12:24:16.122 [Forwarding findElements on session 4b6ecdf3688f26d2ed0736958d72c6c7 to remote] DEBUG org.asynchttpclient.netty.request.NettyRequestSender - Using open Channel [id: 0x9e3ed44b, L:/127.0.0.1:64998 - R:localhost/127.0.0.1:20216] for POST '/session/4b6ecdf3688f26d2ed0736958d72c6c7/elements'
12:24:16.132 [AsyncHttpClient-1-14] DEBUG org.asynchttpclient.netty.handler.HttpHandler - 

Request DefaultHttpRequest(decodeResult: success, version: HTTP/1.1)
POST /session/4b6ecdf3688f26d2ed0736958d72c6c7/elements HTTP/1.1
User-Agent: selenium/4.8.3 (java windows)
Content-Length: 93
Content-Type: application/json; charset=utf-8
host: localhost:20216
accept: */*

Response DefaultHttpResponse(decodeResult: success, version: HTTP/1.1)
HTTP/1.1 200 OK
Content-Length: 1043
Content-Type: application/json; charset=utf-8
cache-control: no-cache

12:24:16.132 [AsyncHttpClient-1-14] DEBUG org.asynchttpclient.netty.channel.ChannelManager - Adding key: http://localhost:20216 for channel [id: 0x9e3ed44b, L:/127.0.0.1:64998 - R:localhost/127.0.0.1:20216]
2023-06-09 12:24:16 INFO  Listeners:38 - Succeeded Test null
]]></system-out>
    <system-err><![CDATA[Starting ChromeDriver 114.0.5735.90 (386bc09e8f4f2e025eddae123f36f6263096ae49-refs/branch-heads/5735@{#1052}) on port 20216
Only local connections are allowed.
Please see https://chromedriver.chromium.org/security-considerations for suggestions on keeping ChromeDriver safe.
ChromeDriver was started successfully.
Jun 09, 2023 12:24:13 PM org.openqa.selenium.devtools.CdpVersionFinder findNearestMatch
WARNING: Unable to find an exact match for CDP version 114, so returning the closest version found: 111
]]></system-err>
  </testcase>
  <testcase name="maximizing_widget" classname="alltests.uitest.coreTest.MaximizeWidget" time="1.262">
    <system-out><![CDATA[12:24:16.134 [rp-io-98] DEBUG com.epam.reportportal.service.Launch - Starting test item...rp-io-98
12:24:16.136 [AsyncHttpClient-1-16] DEBUG org.asynchttpclient.netty.handler.WebSocketHandler - Channel Closed: [id: 0x13f2cd51, L:/127.0.0.1:65008 ! R:localhost/127.0.0.1:65000] with attribute NettyResponseFuture{currentRetry=0,
	isDone=1,
	isCancelled=0,
	asyncHandler=org.asynchttpclient.ws.WebSocketUpgradeHandler@104a3b61,
	nettyRequest=org.asynchttpclient.netty.request.NettyRequest@7cad58bd,
	future=java.util.concurrent.CompletableFuture@53abff8f[Completed normally],
	uri=ws://localhost:65000/devtools/browser/f173ae92-fcac-4aa3-b5bb-be14833167a3,
	keepAlive=true,
	redirectCount=0,
	timeoutsHolder=null,
	inAuth=0,
	touch=1686306253445}
12:24:16.136 [AsyncHttpClient-1-16] DEBUG org.asynchttpclient.netty.channel.ChannelManager - Closing Channel [id: 0x13f2cd51, L:/127.0.0.1:65008 ! R:localhost/127.0.0.1:65000] 
12:24:16.136 [Driver Command Executor] DEBUG org.asynchttpclient.netty.request.NettyRequestSender - Using pooled Channel '[id: 0x9e3ed44b, L:/127.0.0.1:64998 - R:localhost/127.0.0.1:20216]' for 'DELETE' to 'http://localhost:20216/session/4b6ecdf3688f26d2ed0736958d72c6c7'
12:24:16.136 [Driver Command Executor] DEBUG org.asynchttpclient.netty.request.NettyRequestSender - Using open Channel [id: 0x9e3ed44b, L:/127.0.0.1:64998 - R:localhost/127.0.0.1:20216] for DELETE '/session/4b6ecdf3688f26d2ed0736958d72c6c7'
12:24:16.154 [rp-io-5] DEBUG com.epam.reportportal.service.Launch - TestItem with ID = '801adb78-294b-4a81-8d1b-477bc58c9a8a' successfully finished.
12:24:16.154 [rp-io-5] DEBUG com.epam.reportportal.utils.SubscriptionUtils - Finish test item completed
12:24:16.178 [rp-io-98] DEBUG com.epam.reportportal.service.Launch - ReportPortal item with ID '7901b710-dac5-49af-a6b9-f0e69a6d6c3e' has been created
12:24:16.179 [rp-io-98] DEBUG com.epam.reportportal.utils.SubscriptionUtils - Start test item successfully completed
12:24:16.191 [AsyncHttpClient-1-15] DEBUG org.asynchttpclient.netty.handler.HttpHandler - Unexpected I/O exception on channel [id: 0x7e602e41, L:/127.0.0.1:65007 - R:localhost/127.0.0.1:65000]
java.net.SocketException: Connection reset
	at java.base/sun.nio.ch.SocketChannelImpl.throwConnectionReset(SocketChannelImpl.java:394)
	at java.base/sun.nio.ch.SocketChannelImpl.read(SocketChannelImpl.java:426)
	at io.netty.buffer.PooledByteBuf.setBytes(PooledByteBuf.java:256)
	at io.netty.buffer.AbstractByteBuf.writeBytes(AbstractByteBuf.java:1132)
	at io.netty.channel.socket.nio.NioSocketChannel.doReadBytes(NioSocketChannel.java:357)
	at io.netty.channel.nio.AbstractNioByteChannel$NioByteUnsafe.read(AbstractNioByteChannel.java:151)
	at io.netty.channel.nio.NioEventLoop.processSelectedKey(NioEventLoop.java:788)
	at io.netty.channel.nio.NioEventLoop.processSelectedKeysOptimized(NioEventLoop.java:724)
	at io.netty.channel.nio.NioEventLoop.processSelectedKeys(NioEventLoop.java:650)
	at io.netty.channel.nio.NioEventLoop.run(NioEventLoop.java:562)
	at io.netty.util.concurrent.SingleThreadEventExecutor$4.run(SingleThreadEventExecutor.java:997)
	at io.netty.util.internal.ThreadExecutorMap$2.run(ThreadExecutorMap.java:74)
	at io.netty.util.concurrent.FastThreadLocalRunnable.run(FastThreadLocalRunnable.java:30)
	at java.base/java.lang.Thread.run(Thread.java:833)
12:24:16.191 [AsyncHttpClient-1-15] DEBUG org.asynchttpclient.netty.channel.ChannelManager - Closing Channel [id: 0x7e602e41, L:/127.0.0.1:65007 - R:localhost/127.0.0.1:65000] 
12:24:16.191 [AsyncHttpClient-1-15] DEBUG org.asynchttpclient.netty.handler.HttpHandler - Channel Closed: [id: 0x7e602e41, L:/127.0.0.1:65007 ! R:localhost/127.0.0.1:65000] with attribute DISCARD
12:24:16.216 [AsyncHttpClient-1-14] DEBUG org.asynchttpclient.netty.handler.HttpHandler - 

Request DefaultFullHttpRequest(decodeResult: success, version: HTTP/1.1, content: EmptyByteBufBE)
DELETE /session/4b6ecdf3688f26d2ed0736958d72c6c7 HTTP/1.1
User-Agent: selenium/4.8.3 (java windows)
Content-Type: application/json; charset=utf-8
host: localhost:20216
accept: */*

Response DefaultHttpResponse(decodeResult: success, version: HTTP/1.1)
HTTP/1.1 200 OK
Content-Length: 14
Content-Type: application/json; charset=utf-8
cache-control: no-cache

12:24:16.216 [AsyncHttpClient-1-14] DEBUG org.asynchttpclient.netty.channel.ChannelManager - Adding key: http://localhost:20216 for channel [id: 0x9e3ed44b, L:/127.0.0.1:64998 - R:localhost/127.0.0.1:20216]
12:24:16.263 [AsyncHttpClient-1-14] DEBUG org.asynchttpclient.netty.handler.HttpHandler - Channel Closed: [id: 0x9e3ed44b, L:/127.0.0.1:64998 ! R:localhost/127.0.0.1:20216] with attribute DISCARD
2023-06-09 12:24:16 INFO  BaseTest:83 - Test executed**********
12:24:16.320 [rp-io-92] DEBUG com.epam.reportportal.service.Launch - Starting test item...rp-io-92
2023-06-09 12:24:16 INFO  BaseTest:110 - Property files loaded successfully**********
12:24:16.335 [main] DEBUG io.github.bonigarcia.wdm.cache.ResolutionCache - Resolution chrome=114 in cache (valid until 13:14:48 09/06/2023 CEST)
12:24:16.335 [main] DEBUG io.github.bonigarcia.wdm.cache.ResolutionCache - Resolution chrome114=114.0.5735.90 in cache (valid until 12:14:48 10/06/2023 CEST)
12:24:16.335 [main] INFO io.github.bonigarcia.wdm.WebDriverManager - Using chromedriver 114.0.5735.90 (resolved driver for Chrome 114)
12:24:16.344 [main] DEBUG io.github.bonigarcia.wdm.WebDriverManager - Driver chromedriver 114.0.5735.90 found in cache
12:24:16.344 [main] INFO io.github.bonigarcia.wdm.WebDriverManager - Exporting webdriver.chrome.driver as C:\Users\Suwarna_Wagh\.cache\selenium\chromedriver\win32\114.0.5735.90\chromedriver.exe
12:24:16.357 [rp-io-14] DEBUG com.epam.reportportal.service.Launch - TestItem with ID = '7901b710-dac5-49af-a6b9-f0e69a6d6c3e' successfully finished.
12:24:16.357 [rp-io-14] DEBUG com.epam.reportportal.utils.SubscriptionUtils - Finish test item completed
12:24:16.362 [rp-io-9] DEBUG com.epam.reportportal.service.Launch - ReportPortal item with ID 'ac3d9a3b-75af-4b4d-a490-c8ac86286433' has been created
12:24:16.362 [rp-io-9] DEBUG com.epam.reportportal.utils.SubscriptionUtils - Start test item successfully completed
12:24:16.457 [AsyncHttpClient-1-17] DEBUG org.asynchttpclient.netty.channel.NettyConnectListener - Using new Channel '[id: 0xa7c85a8f, L:/127.0.0.1:65028 - R:localhost/127.0.0.1:25697]' for 'POST' to '/session'
12:24:17.139 [AsyncHttpClient-1-1] DEBUG org.asynchttpclient.netty.channel.DefaultChannelPool - Entry count for : http://localhost:65000 : 1
12:24:17.139 [AsyncHttpClient-1-1] DEBUG org.asynchttpclient.netty.channel.DefaultChannelPool - Entry count for : http://localhost:20216 : 1
12:24:17.139 [AsyncHttpClient-1-1] DEBUG org.asynchttpclient.netty.channel.DefaultChannelPool - Adding Candidate expired Channel [id: 0x7e602e41, L:/127.0.0.1:65007 ! R:localhost/127.0.0.1:65000] isIdleTimeoutExpired=false isRemotelyClosed=true isTtlExpired=false
12:24:17.139 [AsyncHttpClient-1-1] DEBUG org.asynchttpclient.netty.channel.DefaultChannelPool - Closing Idle Channel [id: 0x7e602e41, L:/127.0.0.1:65007 ! R:localhost/127.0.0.1:65000]
12:24:17.139 [AsyncHttpClient-1-1] DEBUG org.asynchttpclient.netty.channel.DefaultChannelPool - Adding Candidate expired Channel [id: 0x9e3ed44b, L:/127.0.0.1:64998 ! R:localhost/127.0.0.1:20216] isIdleTimeoutExpired=false isRemotelyClosed=true isTtlExpired=false
12:24:17.139 [AsyncHttpClient-1-1] DEBUG org.asynchttpclient.netty.channel.DefaultChannelPool - Closing Idle Channel [id: 0x9e3ed44b, L:/127.0.0.1:64998 ! R:localhost/127.0.0.1:20216]
12:24:17.139 [AsyncHttpClient-1-1] DEBUG org.asynchttpclient.netty.channel.DefaultChannelPool - Closed 2 connections out of 2 in 0 ms
12:24:17.351 [AsyncHttpClient-1-17] DEBUG org.asynchttpclient.netty.handler.HttpHandler - 

Request DefaultHttpRequest(decodeResult: success, version: HTTP/1.1)
POST /session HTTP/1.1
User-Agent: selenium/4.8.3 (java windows)
Content-Length: 439
Content-Type: application/json; charset=utf-8
host: localhost:25697
accept: */*

Response DefaultHttpResponse(decodeResult: success, version: HTTP/1.1)
HTTP/1.1 200 OK
Content-Length: 864
Content-Type: application/json; charset=utf-8
cache-control: no-cache

12:24:17.351 [AsyncHttpClient-1-17] DEBUG org.asynchttpclient.netty.channel.ChannelManager - Adding key: http://localhost:25697 for channel [id: 0xa7c85a8f, L:/127.0.0.1:65028 - R:localhost/127.0.0.1:25697]
12:24:17.356 [AsyncHttpClient-1-2] DEBUG org.asynchttpclient.netty.channel.NettyConnectListener - Using new Channel '[id: 0x8b0f0539, L:/127.0.0.1:65037 - R:localhost/127.0.0.1:65030]' for 'GET' to '/json/version'
12:24:17.357 [AsyncHttpClient-1-2] DEBUG org.asynchttpclient.netty.handler.HttpHandler - 

Request DefaultFullHttpRequest(decodeResult: success, version: HTTP/1.1, content: EmptyByteBufBE)
GET /json/version HTTP/1.1
User-Agent: selenium/4.8.3 (java windows)
host: localhost:65030
accept: */*

Response DefaultHttpResponse(decodeResult: success, version: HTTP/1.1)
HTTP/1.1 200 OK
Content-Security-Policy: frame-ancestors 'none'
Content-Length: 424
Content-Type: application/json; charset=UTF-8

12:24:17.357 [AsyncHttpClient-1-2] DEBUG org.asynchttpclient.netty.channel.ChannelManager - Adding key: http://localhost:65030 for channel [id: 0x8b0f0539, L:/127.0.0.1:65037 - R:localhost/127.0.0.1:65030]
12:24:17.358 [AsyncHttpClient-1-3] DEBUG org.asynchttpclient.netty.channel.NettyConnectListener - Using new Channel '[id: 0x2e9f1add, L:/127.0.0.1:65038 - R:localhost/127.0.0.1:65030]' for 'GET' to '/devtools/browser/5c7f77c3-861a-44d4-b07c-6a5514cfec38'
12:24:17.359 [AsyncHttpClient-1-3] DEBUG org.asynchttpclient.netty.handler.WebSocketHandler - 

Request DefaultFullHttpRequest(decodeResult: success, version: HTTP/1.1, content: EmptyByteBufBE)
GET /devtools/browser/5c7f77c3-861a-44d4-b07c-6a5514cfec38 HTTP/1.1
upgrade: websocket
connection: upgrade
sec-websocket-key: 0TQqEIHDPj9jNmfoQ6TCdA==
sec-websocket-version: 13
origin: http://localhost:65030
host: localhost:65030
accept: */*
user-agent: AHC/2.1

Response DefaultHttpResponse(decodeResult: success, version: HTTP/1.1)
HTTP/1.1 101 WebSocket Protocol Handshake
Upgrade: WebSocket
Connection: Upgrade
Sec-WebSocket-Accept: 2IUaHs3/bKDieLSFmj9dFrm7R70=

12:24:17.361 [Forwarding setTimeout on session 19a2a80299b3ef4f12fcb3c2722dd9c8 to remote] DEBUG org.asynchttpclient.netty.request.NettyRequestSender - Using pooled Channel '[id: 0xa7c85a8f, L:/127.0.0.1:65028 - R:localhost/127.0.0.1:25697]' for 'POST' to 'http://localhost:25697/session/19a2a80299b3ef4f12fcb3c2722dd9c8/timeouts'
12:24:17.362 [Forwarding setTimeout on session 19a2a80299b3ef4f12fcb3c2722dd9c8 to remote] DEBUG org.asynchttpclient.netty.request.NettyRequestSender - Using open Channel [id: 0xa7c85a8f, L:/127.0.0.1:65028 - R:localhost/127.0.0.1:25697] for POST '/session/19a2a80299b3ef4f12fcb3c2722dd9c8/timeouts'
12:24:17.362 [AsyncHttpClient-1-17] DEBUG org.asynchttpclient.netty.handler.HttpHandler - 

Request DefaultHttpRequest(decodeResult: success, version: HTTP/1.1)
POST /session/19a2a80299b3ef4f12fcb3c2722dd9c8/timeouts HTTP/1.1
User-Agent: selenium/4.8.3 (java windows)
Content-Length: 22
Content-Type: application/json; charset=utf-8
host: localhost:25697
accept: */*

Response DefaultHttpResponse(decodeResult: success, version: HTTP/1.1)
HTTP/1.1 200 OK
Content-Length: 14
Content-Type: application/json; charset=utf-8
cache-control: no-cache

12:24:17.362 [AsyncHttpClient-1-17] DEBUG org.asynchttpclient.netty.channel.ChannelManager - Adding key: http://localhost:25697 for channel [id: 0xa7c85a8f, L:/127.0.0.1:65028 - R:localhost/127.0.0.1:25697]
12:24:17.363 [Forwarding maximizeCurrentWindow on session 19a2a80299b3ef4f12fcb3c2722dd9c8 to remote] DEBUG org.asynchttpclient.netty.request.NettyRequestSender - Using pooled Channel '[id: 0xa7c85a8f, L:/127.0.0.1:65028 - R:localhost/127.0.0.1:25697]' for 'POST' to 'http://localhost:25697/session/19a2a80299b3ef4f12fcb3c2722dd9c8/window/maximize'
12:24:17.363 [Forwarding maximizeCurrentWindow on session 19a2a80299b3ef4f12fcb3c2722dd9c8 to remote] DEBUG org.asynchttpclient.netty.request.NettyRequestSender - Using open Channel [id: 0xa7c85a8f, L:/127.0.0.1:65028 - R:localhost/127.0.0.1:25697] for POST '/session/19a2a80299b3ef4f12fcb3c2722dd9c8/window/maximize'
12:24:17.485 [AsyncHttpClient-1-17] DEBUG org.asynchttpclient.netty.handler.HttpHandler - 

Request DefaultHttpRequest(decodeResult: success, version: HTTP/1.1)
POST /session/19a2a80299b3ef4f12fcb3c2722dd9c8/window/maximize HTTP/1.1
User-Agent: selenium/4.8.3 (java windows)
Content-Length: 3
Content-Type: application/json; charset=utf-8
host: localhost:25697
accept: */*

Response DefaultHttpResponse(decodeResult: success, version: HTTP/1.1)
HTTP/1.1 200 OK
Content-Length: 51
Content-Type: application/json; charset=utf-8
cache-control: no-cache

12:24:17.485 [AsyncHttpClient-1-17] DEBUG org.asynchttpclient.netty.channel.ChannelManager - Adding key: http://localhost:25697 for channel [id: 0xa7c85a8f, L:/127.0.0.1:65028 - R:localhost/127.0.0.1:25697]
12:24:17.486 [Forwarding get on session 19a2a80299b3ef4f12fcb3c2722dd9c8 to remote] DEBUG org.asynchttpclient.netty.request.NettyRequestSender - Using pooled Channel '[id: 0xa7c85a8f, L:/127.0.0.1:65028 - R:localhost/127.0.0.1:25697]' for 'POST' to 'http://localhost:25697/session/19a2a80299b3ef4f12fcb3c2722dd9c8/url'
12:24:17.486 [Forwarding get on session 19a2a80299b3ef4f12fcb3c2722dd9c8 to remote] DEBUG org.asynchttpclient.netty.request.NettyRequestSender - Using open Channel [id: 0xa7c85a8f, L:/127.0.0.1:65028 - R:localhost/127.0.0.1:25697] for POST '/session/19a2a80299b3ef4f12fcb3c2722dd9c8/url'
12:24:18.240 [AsyncHttpClient-1-1] DEBUG org.asynchttpclient.netty.channel.DefaultChannelPool - Entry count for : http://localhost:65030 : 1
12:24:18.852 [AsyncHttpClient-1-17] DEBUG org.asynchttpclient.netty.handler.HttpHandler - 

Request DefaultHttpRequest(decodeResult: success, version: HTTP/1.1)
POST /session/19a2a80299b3ef4f12fcb3c2722dd9c8/url HTTP/1.1
User-Agent: selenium/4.8.3 (java windows)
Content-Length: 52
Content-Type: application/json; charset=utf-8
host: localhost:25697
accept: */*

Response DefaultHttpResponse(decodeResult: success, version: HTTP/1.1)
HTTP/1.1 200 OK
Content-Length: 14
Content-Type: application/json; charset=utf-8
cache-control: no-cache

12:24:18.852 [AsyncHttpClient-1-17] DEBUG org.asynchttpclient.netty.channel.ChannelManager - Adding key: http://localhost:25697 for channel [id: 0xa7c85a8f, L:/127.0.0.1:65028 - R:localhost/127.0.0.1:25697]
2023-06-09 12:24:18 INFO  BaseTest:104 - Test driver set up done successfully**********
2023-06-09 12:24:18 INFO  BaseTest:122 - Logging in to portal
12:24:18.854 [Forwarding findElement on session 19a2a80299b3ef4f12fcb3c2722dd9c8 to remote] DEBUG org.asynchttpclient.netty.request.NettyRequestSender - Using pooled Channel '[id: 0xa7c85a8f, L:/127.0.0.1:65028 - R:localhost/127.0.0.1:25697]' for 'POST' to 'http://localhost:25697/session/19a2a80299b3ef4f12fcb3c2722dd9c8/element'
12:24:18.854 [Forwarding findElement on session 19a2a80299b3ef4f12fcb3c2722dd9c8 to remote] DEBUG org.asynchttpclient.netty.request.NettyRequestSender - Using open Channel [id: 0xa7c85a8f, L:/127.0.0.1:65028 - R:localhost/127.0.0.1:25697] for POST '/session/19a2a80299b3ef4f12fcb3c2722dd9c8/element'
12:24:18.867 [AsyncHttpClient-1-17] DEBUG org.asynchttpclient.netty.handler.HttpHandler - 

Request DefaultHttpRequest(decodeResult: success, version: HTTP/1.1)
POST /session/19a2a80299b3ef4f12fcb3c2722dd9c8/element HTTP/1.1
User-Agent: selenium/4.8.3 (java windows)
Content-Length: 59
Content-Type: application/json; charset=utf-8
host: localhost:25697
accept: */*

Response DefaultHttpResponse(decodeResult: success, version: HTTP/1.1)
HTTP/1.1 200 OK
Content-Length: 95
Content-Type: application/json; charset=utf-8
cache-control: no-cache

12:24:18.868 [AsyncHttpClient-1-17] DEBUG org.asynchttpclient.netty.channel.ChannelManager - Adding key: http://localhost:25697 for channel [id: 0xa7c85a8f, L:/127.0.0.1:65028 - R:localhost/127.0.0.1:25697]
12:24:18.868 [Forwarding clearElement on session 19a2a80299b3ef4f12fcb3c2722dd9c8 to remote] DEBUG org.asynchttpclient.netty.request.NettyRequestSender - Using pooled Channel '[id: 0xa7c85a8f, L:/127.0.0.1:65028 - R:localhost/127.0.0.1:25697]' for 'POST' to 'http://localhost:25697/session/19a2a80299b3ef4f12fcb3c2722dd9c8/element/59B4165CD1041DFB616863F91FBE6E4F_element_30/clear'
12:24:18.869 [Forwarding clearElement on session 19a2a80299b3ef4f12fcb3c2722dd9c8 to remote] DEBUG org.asynchttpclient.netty.request.NettyRequestSender - Using open Channel [id: 0xa7c85a8f, L:/127.0.0.1:65028 - R:localhost/127.0.0.1:25697] for POST '/session/19a2a80299b3ef4f12fcb3c2722dd9c8/element/59B4165CD1041DFB616863F91FBE6E4F_element_30/clear'
12:24:18.913 [AsyncHttpClient-1-17] DEBUG org.asynchttpclient.netty.handler.HttpHandler - 

Request DefaultHttpRequest(decodeResult: success, version: HTTP/1.1)
POST /session/19a2a80299b3ef4f12fcb3c2722dd9c8/element/59B4165CD1041DFB616863F91FBE6E4F_element_30/clear HTTP/1.1
User-Agent: selenium/4.8.3 (java windows)
Content-Length: 57
Content-Type: application/json; charset=utf-8
host: localhost:25697
accept: */*

Response DefaultHttpResponse(decodeResult: success, version: HTTP/1.1)
HTTP/1.1 200 OK
Content-Length: 14
Content-Type: application/json; charset=utf-8
cache-control: no-cache

12:24:18.913 [AsyncHttpClient-1-17] DEBUG org.asynchttpclient.netty.channel.ChannelManager - Adding key: http://localhost:25697 for channel [id: 0xa7c85a8f, L:/127.0.0.1:65028 - R:localhost/127.0.0.1:25697]
12:24:18.915 [Forwarding findElement on session 19a2a80299b3ef4f12fcb3c2722dd9c8 to remote] DEBUG org.asynchttpclient.netty.request.NettyRequestSender - Using pooled Channel '[id: 0xa7c85a8f, L:/127.0.0.1:65028 - R:localhost/127.0.0.1:25697]' for 'POST' to 'http://localhost:25697/session/19a2a80299b3ef4f12fcb3c2722dd9c8/element'
12:24:18.915 [Forwarding findElement on session 19a2a80299b3ef4f12fcb3c2722dd9c8 to remote] DEBUG org.asynchttpclient.netty.request.NettyRequestSender - Using open Channel [id: 0xa7c85a8f, L:/127.0.0.1:65028 - R:localhost/127.0.0.1:25697] for POST '/session/19a2a80299b3ef4f12fcb3c2722dd9c8/element'
12:24:18.925 [AsyncHttpClient-1-17] DEBUG org.asynchttpclient.netty.handler.HttpHandler - 

Request DefaultHttpRequest(decodeResult: success, version: HTTP/1.1)
POST /session/19a2a80299b3ef4f12fcb3c2722dd9c8/element HTTP/1.1
User-Agent: selenium/4.8.3 (java windows)
Content-Length: 59
Content-Type: application/json; charset=utf-8
host: localhost:25697
accept: */*

Response DefaultHttpResponse(decodeResult: success, version: HTTP/1.1)
HTTP/1.1 200 OK
Content-Length: 95
Content-Type: application/json; charset=utf-8
cache-control: no-cache

12:24:18.925 [AsyncHttpClient-1-17] DEBUG org.asynchttpclient.netty.channel.ChannelManager - Adding key: http://localhost:25697 for channel [id: 0xa7c85a8f, L:/127.0.0.1:65028 - R:localhost/127.0.0.1:25697]
12:24:18.927 [Forwarding sendKeysToElement on session 19a2a80299b3ef4f12fcb3c2722dd9c8 to remote] DEBUG org.asynchttpclient.netty.request.NettyRequestSender - Using pooled Channel '[id: 0xa7c85a8f, L:/127.0.0.1:65028 - R:localhost/127.0.0.1:25697]' for 'POST' to 'http://localhost:25697/session/19a2a80299b3ef4f12fcb3c2722dd9c8/element/59B4165CD1041DFB616863F91FBE6E4F_element_30/value'
12:24:18.927 [Forwarding sendKeysToElement on session 19a2a80299b3ef4f12fcb3c2722dd9c8 to remote] DEBUG org.asynchttpclient.netty.request.NettyRequestSender - Using open Channel [id: 0xa7c85a8f, L:/127.0.0.1:65028 - R:localhost/127.0.0.1:25697] for POST '/session/19a2a80299b3ef4f12fcb3c2722dd9c8/element/59B4165CD1041DFB616863F91FBE6E4F_element_30/value'
12:24:19.039 [AsyncHttpClient-1-17] DEBUG org.asynchttpclient.netty.handler.HttpHandler - 

Request DefaultHttpRequest(decodeResult: success, version: HTTP/1.1)
POST /session/19a2a80299b3ef4f12fcb3c2722dd9c8/element/59B4165CD1041DFB616863F91FBE6E4F_element_30/value HTTP/1.1
User-Agent: selenium/4.8.3 (java windows)
Content-Length: 188
Content-Type: application/json; charset=utf-8
host: localhost:25697
accept: */*

Response DefaultHttpResponse(decodeResult: success, version: HTTP/1.1)
HTTP/1.1 200 OK
Content-Length: 14
Content-Type: application/json; charset=utf-8
cache-control: no-cache

12:24:19.039 [AsyncHttpClient-1-17] DEBUG org.asynchttpclient.netty.channel.ChannelManager - Adding key: http://localhost:25697 for channel [id: 0xa7c85a8f, L:/127.0.0.1:65028 - R:localhost/127.0.0.1:25697]
12:24:19.040 [Forwarding findElement on session 19a2a80299b3ef4f12fcb3c2722dd9c8 to remote] DEBUG org.asynchttpclient.netty.request.NettyRequestSender - Using pooled Channel '[id: 0xa7c85a8f, L:/127.0.0.1:65028 - R:localhost/127.0.0.1:25697]' for 'POST' to 'http://localhost:25697/session/19a2a80299b3ef4f12fcb3c2722dd9c8/element'
12:24:19.040 [Forwarding findElement on session 19a2a80299b3ef4f12fcb3c2722dd9c8 to remote] DEBUG org.asynchttpclient.netty.request.NettyRequestSender - Using open Channel [id: 0xa7c85a8f, L:/127.0.0.1:65028 - R:localhost/127.0.0.1:25697] for POST '/session/19a2a80299b3ef4f12fcb3c2722dd9c8/element'
12:24:19.051 [AsyncHttpClient-1-17] DEBUG org.asynchttpclient.netty.handler.HttpHandler - 

Request DefaultHttpRequest(decodeResult: success, version: HTTP/1.1)
POST /session/19a2a80299b3ef4f12fcb3c2722dd9c8/element HTTP/1.1
User-Agent: selenium/4.8.3 (java windows)
Content-Length: 62
Content-Type: application/json; charset=utf-8
host: localhost:25697
accept: */*

Response DefaultHttpResponse(decodeResult: success, version: HTTP/1.1)
HTTP/1.1 200 OK
Content-Length: 95
Content-Type: application/json; charset=utf-8
cache-control: no-cache

12:24:19.051 [AsyncHttpClient-1-17] DEBUG org.asynchttpclient.netty.channel.ChannelManager - Adding key: http://localhost:25697 for channel [id: 0xa7c85a8f, L:/127.0.0.1:65028 - R:localhost/127.0.0.1:25697]
12:24:19.053 [Forwarding clearElement on session 19a2a80299b3ef4f12fcb3c2722dd9c8 to remote] DEBUG org.asynchttpclient.netty.request.NettyRequestSender - Using pooled Channel '[id: 0xa7c85a8f, L:/127.0.0.1:65028 - R:localhost/127.0.0.1:25697]' for 'POST' to 'http://localhost:25697/session/19a2a80299b3ef4f12fcb3c2722dd9c8/element/59B4165CD1041DFB616863F91FBE6E4F_element_32/clear'
12:24:19.053 [Forwarding clearElement on session 19a2a80299b3ef4f12fcb3c2722dd9c8 to remote] DEBUG org.asynchttpclient.netty.request.NettyRequestSender - Using open Channel [id: 0xa7c85a8f, L:/127.0.0.1:65028 - R:localhost/127.0.0.1:25697] for POST '/session/19a2a80299b3ef4f12fcb3c2722dd9c8/element/59B4165CD1041DFB616863F91FBE6E4F_element_32/clear'
12:24:19.081 [AsyncHttpClient-1-17] DEBUG org.asynchttpclient.netty.handler.HttpHandler - 

Request DefaultHttpRequest(decodeResult: success, version: HTTP/1.1)
POST /session/19a2a80299b3ef4f12fcb3c2722dd9c8/element/59B4165CD1041DFB616863F91FBE6E4F_element_32/clear HTTP/1.1
User-Agent: selenium/4.8.3 (java windows)
Content-Length: 57
Content-Type: application/json; charset=utf-8
host: localhost:25697
accept: */*

Response DefaultHttpResponse(decodeResult: success, version: HTTP/1.1)
HTTP/1.1 200 OK
Content-Length: 14
Content-Type: application/json; charset=utf-8
cache-control: no-cache

12:24:19.081 [AsyncHttpClient-1-17] DEBUG org.asynchttpclient.netty.channel.ChannelManager - Adding key: http://localhost:25697 for channel [id: 0xa7c85a8f, L:/127.0.0.1:65028 - R:localhost/127.0.0.1:25697]
12:24:19.082 [Forwarding findElement on session 19a2a80299b3ef4f12fcb3c2722dd9c8 to remote] DEBUG org.asynchttpclient.netty.request.NettyRequestSender - Using pooled Channel '[id: 0xa7c85a8f, L:/127.0.0.1:65028 - R:localhost/127.0.0.1:25697]' for 'POST' to 'http://localhost:25697/session/19a2a80299b3ef4f12fcb3c2722dd9c8/element'
12:24:19.082 [Forwarding findElement on session 19a2a80299b3ef4f12fcb3c2722dd9c8 to remote] DEBUG org.asynchttpclient.netty.request.NettyRequestSender - Using open Channel [id: 0xa7c85a8f, L:/127.0.0.1:65028 - R:localhost/127.0.0.1:25697] for POST '/session/19a2a80299b3ef4f12fcb3c2722dd9c8/element'
12:24:19.108 [AsyncHttpClient-1-17] DEBUG org.asynchttpclient.netty.handler.HttpHandler - 

Request DefaultHttpRequest(decodeResult: success, version: HTTP/1.1)
POST /session/19a2a80299b3ef4f12fcb3c2722dd9c8/element HTTP/1.1
User-Agent: selenium/4.8.3 (java windows)
Content-Length: 62
Content-Type: application/json; charset=utf-8
host: localhost:25697
accept: */*

Response DefaultHttpResponse(decodeResult: success, version: HTTP/1.1)
HTTP/1.1 200 OK
Content-Length: 95
Content-Type: application/json; charset=utf-8
cache-control: no-cache

12:24:19.108 [AsyncHttpClient-1-17] DEBUG org.asynchttpclient.netty.channel.ChannelManager - Adding key: http://localhost:25697 for channel [id: 0xa7c85a8f, L:/127.0.0.1:65028 - R:localhost/127.0.0.1:25697]
12:24:19.109 [Forwarding sendKeysToElement on session 19a2a80299b3ef4f12fcb3c2722dd9c8 to remote] DEBUG org.asynchttpclient.netty.request.NettyRequestSender - Using pooled Channel '[id: 0xa7c85a8f, L:/127.0.0.1:65028 - R:localhost/127.0.0.1:25697]' for 'POST' to 'http://localhost:25697/session/19a2a80299b3ef4f12fcb3c2722dd9c8/element/59B4165CD1041DFB616863F91FBE6E4F_element_32/value'
12:24:19.109 [Forwarding sendKeysToElement on session 19a2a80299b3ef4f12fcb3c2722dd9c8 to remote] DEBUG org.asynchttpclient.netty.request.NettyRequestSender - Using open Channel [id: 0xa7c85a8f, L:/127.0.0.1:65028 - R:localhost/127.0.0.1:25697] for POST '/session/19a2a80299b3ef4f12fcb3c2722dd9c8/element/59B4165CD1041DFB616863F91FBE6E4F_element_32/value'
12:24:19.186 [AsyncHttpClient-1-17] DEBUG org.asynchttpclient.netty.handler.HttpHandler - 

Request DefaultHttpRequest(decodeResult: success, version: HTTP/1.1)
POST /session/19a2a80299b3ef4f12fcb3c2722dd9c8/element/59B4165CD1041DFB616863F91FBE6E4F_element_32/value HTTP/1.1
User-Agent: selenium/4.8.3 (java windows)
Content-Length: 148
Content-Type: application/json; charset=utf-8
host: localhost:25697
accept: */*

Response DefaultHttpResponse(decodeResult: success, version: HTTP/1.1)
HTTP/1.1 200 OK
Content-Length: 14
Content-Type: application/json; charset=utf-8
cache-control: no-cache

12:24:19.186 [AsyncHttpClient-1-17] DEBUG org.asynchttpclient.netty.channel.ChannelManager - Adding key: http://localhost:25697 for channel [id: 0xa7c85a8f, L:/127.0.0.1:65028 - R:localhost/127.0.0.1:25697]
12:24:19.187 [Forwarding findElement on session 19a2a80299b3ef4f12fcb3c2722dd9c8 to remote] DEBUG org.asynchttpclient.netty.request.NettyRequestSender - Using pooled Channel '[id: 0xa7c85a8f, L:/127.0.0.1:65028 - R:localhost/127.0.0.1:25697]' for 'POST' to 'http://localhost:25697/session/19a2a80299b3ef4f12fcb3c2722dd9c8/element'
12:24:19.187 [Forwarding findElement on session 19a2a80299b3ef4f12fcb3c2722dd9c8 to remote] DEBUG org.asynchttpclient.netty.request.NettyRequestSender - Using open Channel [id: 0xa7c85a8f, L:/127.0.0.1:65028 - R:localhost/127.0.0.1:25697] for POST '/session/19a2a80299b3ef4f12fcb3c2722dd9c8/element'
12:24:19.199 [AsyncHttpClient-1-17] DEBUG org.asynchttpclient.netty.handler.HttpHandler - 

Request DefaultHttpRequest(decodeResult: success, version: HTTP/1.1)
POST /session/19a2a80299b3ef4f12fcb3c2722dd9c8/element HTTP/1.1
User-Agent: selenium/4.8.3 (java windows)
Content-Length: 71
Content-Type: application/json; charset=utf-8
host: localhost:25697
accept: */*

Response DefaultHttpResponse(decodeResult: success, version: HTTP/1.1)
HTTP/1.1 200 OK
Content-Length: 95
Content-Type: application/json; charset=utf-8
cache-control: no-cache

12:24:19.199 [AsyncHttpClient-1-17] DEBUG org.asynchttpclient.netty.channel.ChannelManager - Adding key: http://localhost:25697 for channel [id: 0xa7c85a8f, L:/127.0.0.1:65028 - R:localhost/127.0.0.1:25697]
12:24:19.201 [Forwarding clickElement on session 19a2a80299b3ef4f12fcb3c2722dd9c8 to remote] DEBUG org.asynchttpclient.netty.request.NettyRequestSender - Using pooled Channel '[id: 0xa7c85a8f, L:/127.0.0.1:65028 - R:localhost/127.0.0.1:25697]' for 'POST' to 'http://localhost:25697/session/19a2a80299b3ef4f12fcb3c2722dd9c8/element/59B4165CD1041DFB616863F91FBE6E4F_element_33/click'
12:24:19.201 [Forwarding clickElement on session 19a2a80299b3ef4f12fcb3c2722dd9c8 to remote] DEBUG org.asynchttpclient.netty.request.NettyRequestSender - Using open Channel [id: 0xa7c85a8f, L:/127.0.0.1:65028 - R:localhost/127.0.0.1:25697] for POST '/session/19a2a80299b3ef4f12fcb3c2722dd9c8/element/59B4165CD1041DFB616863F91FBE6E4F_element_33/click'
12:24:19.242 [AsyncHttpClient-1-17] DEBUG org.asynchttpclient.netty.handler.HttpHandler - 

Request DefaultHttpRequest(decodeResult: success, version: HTTP/1.1)
POST /session/19a2a80299b3ef4f12fcb3c2722dd9c8/element/59B4165CD1041DFB616863F91FBE6E4F_element_33/click HTTP/1.1
User-Agent: selenium/4.8.3 (java windows)
Content-Length: 57
Content-Type: application/json; charset=utf-8
host: localhost:25697
accept: */*

Response DefaultHttpResponse(decodeResult: success, version: HTTP/1.1)
HTTP/1.1 200 OK
Content-Length: 14
Content-Type: application/json; charset=utf-8
cache-control: no-cache

12:24:19.243 [AsyncHttpClient-1-17] DEBUG org.asynchttpclient.netty.channel.ChannelManager - Adding key: http://localhost:25697 for channel [id: 0xa7c85a8f, L:/127.0.0.1:65028 - R:localhost/127.0.0.1:25697]
2023-06-09 12:24:19 INFO  BaseTest:126 - Logged in
12:24:19.244 [rp-io-20] DEBUG com.epam.reportportal.service.Launch - Starting test item...rp-io-20
2023-06-09 12:24:19 INFO  Listeners:34 - Started Test null
12:24:19.245 [Forwarding findElement on session 19a2a80299b3ef4f12fcb3c2722dd9c8 to remote] DEBUG org.asynchttpclient.netty.request.NettyRequestSender - Using pooled Channel '[id: 0xa7c85a8f, L:/127.0.0.1:65028 - R:localhost/127.0.0.1:25697]' for 'POST' to 'http://localhost:25697/session/19a2a80299b3ef4f12fcb3c2722dd9c8/element'
12:24:19.245 [Forwarding findElement on session 19a2a80299b3ef4f12fcb3c2722dd9c8 to remote] DEBUG org.asynchttpclient.netty.request.NettyRequestSender - Using open Channel [id: 0xa7c85a8f, L:/127.0.0.1:65028 - R:localhost/127.0.0.1:25697] for POST '/session/19a2a80299b3ef4f12fcb3c2722dd9c8/element'
12:24:19.262 [rp-io-18] DEBUG com.epam.reportportal.service.Launch - TestItem with ID = 'ac3d9a3b-75af-4b4d-a490-c8ac86286433' successfully finished.
12:24:19.262 [rp-io-18] DEBUG com.epam.reportportal.utils.SubscriptionUtils - Finish test item completed
12:24:19.267 [rp-io-20] DEBUG com.epam.reportportal.service.Launch - ReportPortal item with ID '0104b6eb-c528-4457-ad10-1ffc1ccc7e7e' has been created
12:24:19.267 [rp-io-20] DEBUG com.epam.reportportal.utils.SubscriptionUtils - Start test item successfully completed
12:24:19.339 [AsyncHttpClient-1-1] DEBUG org.asynchttpclient.netty.channel.DefaultChannelPool - Entry count for : http://localhost:65030 : 1
12:24:19.613 [AsyncHttpClient-1-17] DEBUG org.asynchttpclient.netty.handler.HttpHandler - 

Request DefaultHttpRequest(decodeResult: success, version: HTTP/1.1)
POST /session/19a2a80299b3ef4f12fcb3c2722dd9c8/element HTTP/1.1
User-Agent: selenium/4.8.3 (java windows)
Content-Length: 168
Content-Type: application/json; charset=utf-8
host: localhost:25697
accept: */*

Response DefaultHttpResponse(decodeResult: success, version: HTTP/1.1)
HTTP/1.1 200 OK
Content-Length: 95
Content-Type: application/json; charset=utf-8
cache-control: no-cache

12:24:19.613 [AsyncHttpClient-1-17] DEBUG org.asynchttpclient.netty.channel.ChannelManager - Adding key: http://localhost:25697 for channel [id: 0xa7c85a8f, L:/127.0.0.1:65028 - R:localhost/127.0.0.1:25697]
12:24:19.613 [Forwarding clickElement on session 19a2a80299b3ef4f12fcb3c2722dd9c8 to remote] DEBUG org.asynchttpclient.netty.request.NettyRequestSender - Using pooled Channel '[id: 0xa7c85a8f, L:/127.0.0.1:65028 - R:localhost/127.0.0.1:25697]' for 'POST' to 'http://localhost:25697/session/19a2a80299b3ef4f12fcb3c2722dd9c8/element/59B4165CD1041DFB616863F91FBE6E4F_element_48/click'
12:24:19.613 [Forwarding clickElement on session 19a2a80299b3ef4f12fcb3c2722dd9c8 to remote] DEBUG org.asynchttpclient.netty.request.NettyRequestSender - Using open Channel [id: 0xa7c85a8f, L:/127.0.0.1:65028 - R:localhost/127.0.0.1:25697] for POST '/session/19a2a80299b3ef4f12fcb3c2722dd9c8/element/59B4165CD1041DFB616863F91FBE6E4F_element_48/click'
12:24:19.883 [AsyncHttpClient-1-17] DEBUG org.asynchttpclient.netty.handler.HttpHandler - 

Request DefaultHttpRequest(decodeResult: success, version: HTTP/1.1)
POST /session/19a2a80299b3ef4f12fcb3c2722dd9c8/element/59B4165CD1041DFB616863F91FBE6E4F_element_48/click HTTP/1.1
User-Agent: selenium/4.8.3 (java windows)
Content-Length: 57
Content-Type: application/json; charset=utf-8
host: localhost:25697
accept: */*

Response DefaultHttpResponse(decodeResult: success, version: HTTP/1.1)
HTTP/1.1 200 OK
Content-Length: 14
Content-Type: application/json; charset=utf-8
cache-control: no-cache

12:24:19.884 [AsyncHttpClient-1-17] DEBUG org.asynchttpclient.netty.channel.ChannelManager - Adding key: http://localhost:25697 for channel [id: 0xa7c85a8f, L:/127.0.0.1:65028 - R:localhost/127.0.0.1:25697]
12:24:19.884 [Forwarding findElement on session 19a2a80299b3ef4f12fcb3c2722dd9c8 to remote] DEBUG org.asynchttpclient.netty.request.NettyRequestSender - Using pooled Channel '[id: 0xa7c85a8f, L:/127.0.0.1:65028 - R:localhost/127.0.0.1:25697]' for 'POST' to 'http://localhost:25697/session/19a2a80299b3ef4f12fcb3c2722dd9c8/element'
12:24:19.884 [Forwarding findElement on session 19a2a80299b3ef4f12fcb3c2722dd9c8 to remote] DEBUG org.asynchttpclient.netty.request.NettyRequestSender - Using open Channel [id: 0xa7c85a8f, L:/127.0.0.1:65028 - R:localhost/127.0.0.1:25697] for POST '/session/19a2a80299b3ef4f12fcb3c2722dd9c8/element'
12:24:20.102 [AsyncHttpClient-1-17] DEBUG org.asynchttpclient.netty.handler.HttpHandler - 

Request DefaultHttpRequest(decodeResult: success, version: HTTP/1.1)
POST /session/19a2a80299b3ef4f12fcb3c2722dd9c8/element HTTP/1.1
User-Agent: selenium/4.8.3 (java windows)
Content-Length: 94
Content-Type: application/json; charset=utf-8
host: localhost:25697
accept: */*

Response DefaultHttpResponse(decodeResult: success, version: HTTP/1.1)
HTTP/1.1 200 OK
Content-Length: 95
Content-Type: application/json; charset=utf-8
cache-control: no-cache

12:24:20.102 [AsyncHttpClient-1-17] DEBUG org.asynchttpclient.netty.channel.ChannelManager - Adding key: http://localhost:25697 for channel [id: 0xa7c85a8f, L:/127.0.0.1:65028 - R:localhost/127.0.0.1:25697]
12:24:20.102 [Forwarding getElementRect on session 19a2a80299b3ef4f12fcb3c2722dd9c8 to remote] DEBUG org.asynchttpclient.netty.request.NettyRequestSender - Using pooled Channel '[id: 0xa7c85a8f, L:/127.0.0.1:65028 - R:localhost/127.0.0.1:25697]' for 'GET' to 'http://localhost:25697/session/19a2a80299b3ef4f12fcb3c2722dd9c8/element/59B4165CD1041DFB616863F91FBE6E4F_element_62/rect'
12:24:20.102 [Forwarding getElementRect on session 19a2a80299b3ef4f12fcb3c2722dd9c8 to remote] DEBUG org.asynchttpclient.netty.request.NettyRequestSender - Using open Channel [id: 0xa7c85a8f, L:/127.0.0.1:65028 - R:localhost/127.0.0.1:25697] for GET '/session/19a2a80299b3ef4f12fcb3c2722dd9c8/element/59B4165CD1041DFB616863F91FBE6E4F_element_62/rect'
12:24:20.117 [AsyncHttpClient-1-17] DEBUG org.asynchttpclient.netty.handler.HttpHandler - 

Request DefaultFullHttpRequest(decodeResult: success, version: HTTP/1.1, content: EmptyByteBufBE)
GET /session/19a2a80299b3ef4f12fcb3c2722dd9c8/element/59B4165CD1041DFB616863F91FBE6E4F_element_62/rect HTTP/1.1
User-Agent: selenium/4.8.3 (java windows)
Cache-Control: no-cache
Content-Type: application/json; charset=utf-8
host: localhost:25697
accept: */*

Response DefaultHttpResponse(decodeResult: success, version: HTTP/1.1)
HTTP/1.1 200 OK
Content-Length: 95
Content-Type: application/json; charset=utf-8
cache-control: no-cache

12:24:20.117 [AsyncHttpClient-1-17] DEBUG org.asynchttpclient.netty.channel.ChannelManager - Adding key: http://localhost:25697 for channel [id: 0xa7c85a8f, L:/127.0.0.1:65028 - R:localhost/127.0.0.1:25697]
12:24:20.118 [Forwarding findElement on session 19a2a80299b3ef4f12fcb3c2722dd9c8 to remote] DEBUG org.asynchttpclient.netty.request.NettyRequestSender - Using pooled Channel '[id: 0xa7c85a8f, L:/127.0.0.1:65028 - R:localhost/127.0.0.1:25697]' for 'POST' to 'http://localhost:25697/session/19a2a80299b3ef4f12fcb3c2722dd9c8/element'
12:24:20.118 [Forwarding findElement on session 19a2a80299b3ef4f12fcb3c2722dd9c8 to remote] DEBUG org.asynchttpclient.netty.request.NettyRequestSender - Using open Channel [id: 0xa7c85a8f, L:/127.0.0.1:65028 - R:localhost/127.0.0.1:25697] for POST '/session/19a2a80299b3ef4f12fcb3c2722dd9c8/element'
12:24:20.132 [AsyncHttpClient-1-17] DEBUG org.asynchttpclient.netty.handler.HttpHandler - 

Request DefaultHttpRequest(decodeResult: success, version: HTTP/1.1)
POST /session/19a2a80299b3ef4f12fcb3c2722dd9c8/element HTTP/1.1
User-Agent: selenium/4.8.3 (java windows)
Content-Length: 232
Content-Type: application/json; charset=utf-8
host: localhost:25697
accept: */*

Response DefaultHttpResponse(decodeResult: success, version: HTTP/1.1)
HTTP/1.1 200 OK
Content-Length: 95
Content-Type: application/json; charset=utf-8
cache-control: no-cache

12:24:20.132 [AsyncHttpClient-1-17] DEBUG org.asynchttpclient.netty.channel.ChannelManager - Adding key: http://localhost:25697 for channel [id: 0xa7c85a8f, L:/127.0.0.1:65028 - R:localhost/127.0.0.1:25697]
12:24:20.133 [Forwarding findElement on session 19a2a80299b3ef4f12fcb3c2722dd9c8 to remote] DEBUG org.asynchttpclient.netty.request.NettyRequestSender - Using pooled Channel '[id: 0xa7c85a8f, L:/127.0.0.1:65028 - R:localhost/127.0.0.1:25697]' for 'POST' to 'http://localhost:25697/session/19a2a80299b3ef4f12fcb3c2722dd9c8/element'
12:24:20.133 [Forwarding findElement on session 19a2a80299b3ef4f12fcb3c2722dd9c8 to remote] DEBUG org.asynchttpclient.netty.request.NettyRequestSender - Using open Channel [id: 0xa7c85a8f, L:/127.0.0.1:65028 - R:localhost/127.0.0.1:25697] for POST '/session/19a2a80299b3ef4f12fcb3c2722dd9c8/element'
12:24:20.148 [AsyncHttpClient-1-17] DEBUG org.asynchttpclient.netty.handler.HttpHandler - 

Request DefaultHttpRequest(decodeResult: success, version: HTTP/1.1)
POST /session/19a2a80299b3ef4f12fcb3c2722dd9c8/element HTTP/1.1
User-Agent: selenium/4.8.3 (java windows)
Content-Length: 283
Content-Type: application/json; charset=utf-8
host: localhost:25697
accept: */*

Response DefaultHttpResponse(decodeResult: success, version: HTTP/1.1)
HTTP/1.1 200 OK
Content-Length: 95
Content-Type: application/json; charset=utf-8
cache-control: no-cache

12:24:20.148 [AsyncHttpClient-1-17] DEBUG org.asynchttpclient.netty.channel.ChannelManager - Adding key: http://localhost:25697 for channel [id: 0xa7c85a8f, L:/127.0.0.1:65028 - R:localhost/127.0.0.1:25697]
12:24:20.156 [Forwarding actions on session 19a2a80299b3ef4f12fcb3c2722dd9c8 to remote] DEBUG org.asynchttpclient.netty.request.NettyRequestSender - Using pooled Channel '[id: 0xa7c85a8f, L:/127.0.0.1:65028 - R:localhost/127.0.0.1:25697]' for 'POST' to 'http://localhost:25697/session/19a2a80299b3ef4f12fcb3c2722dd9c8/actions'
12:24:20.156 [Forwarding actions on session 19a2a80299b3ef4f12fcb3c2722dd9c8 to remote] DEBUG org.asynchttpclient.netty.request.NettyRequestSender - Using open Channel [id: 0xa7c85a8f, L:/127.0.0.1:65028 - R:localhost/127.0.0.1:25697] for POST '/session/19a2a80299b3ef4f12fcb3c2722dd9c8/actions'
12:24:20.439 [AsyncHttpClient-1-1] DEBUG org.asynchttpclient.netty.channel.DefaultChannelPool - Entry count for : http://localhost:65030 : 1
12:24:20.474 [AsyncHttpClient-1-17] DEBUG org.asynchttpclient.netty.handler.HttpHandler - 

Request DefaultHttpRequest(decodeResult: success, version: HTTP/1.1)
POST /session/19a2a80299b3ef4f12fcb3c2722dd9c8/actions HTTP/1.1
User-Agent: selenium/4.8.3 (java windows)
Content-Length: 962
Content-Type: application/json; charset=utf-8
host: localhost:25697
accept: */*

Response DefaultHttpResponse(decodeResult: success, version: HTTP/1.1)
HTTP/1.1 200 OK
Content-Length: 14
Content-Type: application/json; charset=utf-8
cache-control: no-cache

12:24:20.474 [AsyncHttpClient-1-17] DEBUG org.asynchttpclient.netty.channel.ChannelManager - Adding key: http://localhost:25697 for channel [id: 0xa7c85a8f, L:/127.0.0.1:65028 - R:localhost/127.0.0.1:25697]
12:24:20.475 [Forwarding findElement on session 19a2a80299b3ef4f12fcb3c2722dd9c8 to remote] DEBUG org.asynchttpclient.netty.request.NettyRequestSender - Using pooled Channel '[id: 0xa7c85a8f, L:/127.0.0.1:65028 - R:localhost/127.0.0.1:25697]' for 'POST' to 'http://localhost:25697/session/19a2a80299b3ef4f12fcb3c2722dd9c8/element'
12:24:20.475 [Forwarding findElement on session 19a2a80299b3ef4f12fcb3c2722dd9c8 to remote] DEBUG org.asynchttpclient.netty.request.NettyRequestSender - Using open Channel [id: 0xa7c85a8f, L:/127.0.0.1:65028 - R:localhost/127.0.0.1:25697] for POST '/session/19a2a80299b3ef4f12fcb3c2722dd9c8/element'
12:24:20.485 [AsyncHttpClient-1-17] DEBUG org.asynchttpclient.netty.handler.HttpHandler - 

Request DefaultHttpRequest(decodeResult: success, version: HTTP/1.1)
POST /session/19a2a80299b3ef4f12fcb3c2722dd9c8/element HTTP/1.1
User-Agent: selenium/4.8.3 (java windows)
Content-Length: 94
Content-Type: application/json; charset=utf-8
host: localhost:25697
accept: */*

Response DefaultHttpResponse(decodeResult: success, version: HTTP/1.1)
HTTP/1.1 200 OK
Content-Length: 95
Content-Type: application/json; charset=utf-8
cache-control: no-cache

12:24:20.485 [AsyncHttpClient-1-17] DEBUG org.asynchttpclient.netty.channel.ChannelManager - Adding key: http://localhost:25697 for channel [id: 0xa7c85a8f, L:/127.0.0.1:65028 - R:localhost/127.0.0.1:25697]
12:24:20.486 [Forwarding getElementRect on session 19a2a80299b3ef4f12fcb3c2722dd9c8 to remote] DEBUG org.asynchttpclient.netty.request.NettyRequestSender - Using pooled Channel '[id: 0xa7c85a8f, L:/127.0.0.1:65028 - R:localhost/127.0.0.1:25697]' for 'GET' to 'http://localhost:25697/session/19a2a80299b3ef4f12fcb3c2722dd9c8/element/59B4165CD1041DFB616863F91FBE6E4F_element_62/rect'
12:24:20.486 [Forwarding getElementRect on session 19a2a80299b3ef4f12fcb3c2722dd9c8 to remote] DEBUG org.asynchttpclient.netty.request.NettyRequestSender - Using open Channel [id: 0xa7c85a8f, L:/127.0.0.1:65028 - R:localhost/127.0.0.1:25697] for GET '/session/19a2a80299b3ef4f12fcb3c2722dd9c8/element/59B4165CD1041DFB616863F91FBE6E4F_element_62/rect'
12:24:20.497 [AsyncHttpClient-1-17] DEBUG org.asynchttpclient.netty.handler.HttpHandler - 

Request DefaultFullHttpRequest(decodeResult: success, version: HTTP/1.1, content: EmptyByteBufBE)
GET /session/19a2a80299b3ef4f12fcb3c2722dd9c8/element/59B4165CD1041DFB616863F91FBE6E4F_element_62/rect HTTP/1.1
User-Agent: selenium/4.8.3 (java windows)
Cache-Control: no-cache
Content-Type: application/json; charset=utf-8
host: localhost:25697
accept: */*

Response DefaultHttpResponse(decodeResult: success, version: HTTP/1.1)
HTTP/1.1 200 OK
Content-Length: 94
Content-Type: application/json; charset=utf-8
cache-control: no-cache

12:24:20.497 [AsyncHttpClient-1-17] DEBUG org.asynchttpclient.netty.channel.ChannelManager - Adding key: http://localhost:25697 for channel [id: 0xa7c85a8f, L:/127.0.0.1:65028 - R:localhost/127.0.0.1:25697]
2023-06-09 12:24:20 INFO  Listeners:38 - Succeeded Test null
]]></system-out>
    <system-err><![CDATA[Starting ChromeDriver 114.0.5735.90 (386bc09e8f4f2e025eddae123f36f6263096ae49-refs/branch-heads/5735@{#1052}) on port 25697
Only local connections are allowed.
Please see https://chromedriver.chromium.org/security-considerations for suggestions on keeping ChromeDriver safe.
ChromeDriver was started successfully.
Jun 09, 2023 12:24:17 PM org.openqa.selenium.devtools.CdpVersionFinder findNearestMatch
WARNING: Unable to find an exact match for CDP version 114, so returning the closest version found: 111
]]></system-err>
  </testcase>
  <testcase name="minimizing_widget" classname="alltests.uitest.coreTest.MinimizeWidget" time="1.444">
    <system-out><![CDATA[12:24:20.499 [rp-io-27] DEBUG com.epam.reportportal.service.Launch - Starting test item...rp-io-27
12:24:20.500 [AsyncHttpClient-1-3] DEBUG org.asynchttpclient.netty.handler.WebSocketHandler - Channel Closed: [id: 0x2e9f1add, L:/127.0.0.1:65038 ! R:localhost/127.0.0.1:65030] with attribute NettyResponseFuture{currentRetry=0,
	isDone=1,
	isCancelled=0,
	asyncHandler=org.asynchttpclient.ws.WebSocketUpgradeHandler@6b352aa6,
	nettyRequest=org.asynchttpclient.netty.request.NettyRequest@f9d67ff,
	future=java.util.concurrent.CompletableFuture@527c67a[Completed normally],
	uri=ws://localhost:65030/devtools/browser/5c7f77c3-861a-44d4-b07c-6a5514cfec38,
	keepAlive=true,
	redirectCount=0,
	timeoutsHolder=null,
	inAuth=0,
	touch=1686306257359}
12:24:20.500 [AsyncHttpClient-1-3] DEBUG org.asynchttpclient.netty.channel.ChannelManager - Closing Channel [id: 0x2e9f1add, L:/127.0.0.1:65038 ! R:localhost/127.0.0.1:65030] 
12:24:20.501 [Driver Command Executor] DEBUG org.asynchttpclient.netty.request.NettyRequestSender - Using pooled Channel '[id: 0xa7c85a8f, L:/127.0.0.1:65028 - R:localhost/127.0.0.1:25697]' for 'DELETE' to 'http://localhost:25697/session/19a2a80299b3ef4f12fcb3c2722dd9c8'
12:24:20.501 [Driver Command Executor] DEBUG org.asynchttpclient.netty.request.NettyRequestSender - Using open Channel [id: 0xa7c85a8f, L:/127.0.0.1:65028 - R:localhost/127.0.0.1:25697] for DELETE '/session/19a2a80299b3ef4f12fcb3c2722dd9c8'
12:24:20.533 [rp-io-27] DEBUG com.epam.reportportal.service.Launch - ReportPortal item with ID '52b50428-a33a-45d5-b52a-57bbb97be0fd' has been created
12:24:20.533 [rp-io-27] DEBUG com.epam.reportportal.utils.SubscriptionUtils - Start test item successfully completed
12:24:20.533 [rp-io-13] DEBUG com.epam.reportportal.service.Launch - TestItem with ID = '0104b6eb-c528-4457-ad10-1ffc1ccc7e7e' successfully finished.
12:24:20.533 [rp-io-13] DEBUG com.epam.reportportal.utils.SubscriptionUtils - Finish test item completed
12:24:20.560 [AsyncHttpClient-1-2] DEBUG org.asynchttpclient.netty.handler.HttpHandler - Unexpected I/O exception on channel [id: 0x8b0f0539, L:/127.0.0.1:65037 - R:localhost/127.0.0.1:65030]
java.net.SocketException: Connection reset
	at java.base/sun.nio.ch.SocketChannelImpl.throwConnectionReset(SocketChannelImpl.java:394)
	at java.base/sun.nio.ch.SocketChannelImpl.read(SocketChannelImpl.java:426)
	at io.netty.buffer.PooledByteBuf.setBytes(PooledByteBuf.java:256)
	at io.netty.buffer.AbstractByteBuf.writeBytes(AbstractByteBuf.java:1132)
	at io.netty.channel.socket.nio.NioSocketChannel.doReadBytes(NioSocketChannel.java:357)
	at io.netty.channel.nio.AbstractNioByteChannel$NioByteUnsafe.read(AbstractNioByteChannel.java:151)
	at io.netty.channel.nio.NioEventLoop.processSelectedKey(NioEventLoop.java:788)
	at io.netty.channel.nio.NioEventLoop.processSelectedKeysOptimized(NioEventLoop.java:724)
	at io.netty.channel.nio.NioEventLoop.processSelectedKeys(NioEventLoop.java:650)
	at io.netty.channel.nio.NioEventLoop.run(NioEventLoop.java:562)
	at io.netty.util.concurrent.SingleThreadEventExecutor$4.run(SingleThreadEventExecutor.java:997)
	at io.netty.util.internal.ThreadExecutorMap$2.run(ThreadExecutorMap.java:74)
	at io.netty.util.concurrent.FastThreadLocalRunnable.run(FastThreadLocalRunnable.java:30)
	at java.base/java.lang.Thread.run(Thread.java:833)
12:24:20.560 [AsyncHttpClient-1-2] DEBUG org.asynchttpclient.netty.channel.ChannelManager - Closing Channel [id: 0x8b0f0539, L:/127.0.0.1:65037 - R:localhost/127.0.0.1:65030] 
12:24:20.561 [AsyncHttpClient-1-2] DEBUG org.asynchttpclient.netty.handler.HttpHandler - Channel Closed: [id: 0x8b0f0539, L:/127.0.0.1:65037 ! R:localhost/127.0.0.1:65030] with attribute DISCARD
12:24:20.578 [AsyncHttpClient-1-17] DEBUG org.asynchttpclient.netty.handler.HttpHandler - 

Request DefaultFullHttpRequest(decodeResult: success, version: HTTP/1.1, content: EmptyByteBufBE)
DELETE /session/19a2a80299b3ef4f12fcb3c2722dd9c8 HTTP/1.1
User-Agent: selenium/4.8.3 (java windows)
Content-Type: application/json; charset=utf-8
host: localhost:25697
accept: */*

Response DefaultHttpResponse(decodeResult: success, version: HTTP/1.1)
HTTP/1.1 200 OK
Content-Length: 14
Content-Type: application/json; charset=utf-8
cache-control: no-cache

12:24:20.578 [AsyncHttpClient-1-17] DEBUG org.asynchttpclient.netty.channel.ChannelManager - Adding key: http://localhost:25697 for channel [id: 0xa7c85a8f, L:/127.0.0.1:65028 - R:localhost/127.0.0.1:25697]
12:24:20.626 [AsyncHttpClient-1-17] DEBUG org.asynchttpclient.netty.handler.HttpHandler - Channel Closed: [id: 0xa7c85a8f, L:/127.0.0.1:65028 ! R:localhost/127.0.0.1:25697] with attribute DISCARD
2023-06-09 12:24:20 INFO  BaseTest:83 - Test executed**********
12:24:20.667 [rp-io-31] DEBUG com.epam.reportportal.service.Launch - Starting test item...rp-io-31
2023-06-09 12:24:20 INFO  BaseTest:110 - Property files loaded successfully**********
12:24:20.681 [main] DEBUG io.github.bonigarcia.wdm.cache.ResolutionCache - Resolution chrome=114 in cache (valid until 13:14:48 09/06/2023 CEST)
12:24:20.682 [main] DEBUG io.github.bonigarcia.wdm.cache.ResolutionCache - Resolution chrome114=114.0.5735.90 in cache (valid until 12:14:48 10/06/2023 CEST)
12:24:20.682 [main] INFO io.github.bonigarcia.wdm.WebDriverManager - Using chromedriver 114.0.5735.90 (resolved driver for Chrome 114)
12:24:20.684 [rp-io-26] DEBUG com.epam.reportportal.service.Launch - TestItem with ID = '52b50428-a33a-45d5-b52a-57bbb97be0fd' successfully finished.
12:24:20.684 [rp-io-26] DEBUG com.epam.reportportal.utils.SubscriptionUtils - Finish test item completed
12:24:20.691 [main] DEBUG io.github.bonigarcia.wdm.WebDriverManager - Driver chromedriver 114.0.5735.90 found in cache
12:24:20.692 [rp-io-31] DEBUG com.epam.reportportal.service.Launch - ReportPortal item with ID '3945ccaf-e876-4677-9579-75a12b9efb41' has been created
12:24:20.692 [rp-io-31] DEBUG com.epam.reportportal.utils.SubscriptionUtils - Start test item successfully completed
12:24:20.692 [main] INFO io.github.bonigarcia.wdm.WebDriverManager - Exporting webdriver.chrome.driver as C:\Users\Suwarna_Wagh\.cache\selenium\chromedriver\win32\114.0.5735.90\chromedriver.exe
12:24:20.848 [AsyncHttpClient-1-4] DEBUG org.asynchttpclient.netty.channel.NettyConnectListener - Using new Channel '[id: 0x97191ae7, L:/127.0.0.1:65060 - R:localhost/127.0.0.1:25899]' for 'POST' to '/session'
12:24:21.539 [AsyncHttpClient-1-1] DEBUG org.asynchttpclient.netty.channel.DefaultChannelPool - Entry count for : http://localhost:25697 : 1
12:24:21.539 [AsyncHttpClient-1-1] DEBUG org.asynchttpclient.netty.channel.DefaultChannelPool - Entry count for : http://localhost:65030 : 1
12:24:21.539 [AsyncHttpClient-1-1] DEBUG org.asynchttpclient.netty.channel.DefaultChannelPool - Adding Candidate expired Channel [id: 0xa7c85a8f, L:/127.0.0.1:65028 ! R:localhost/127.0.0.1:25697] isIdleTimeoutExpired=false isRemotelyClosed=true isTtlExpired=false
12:24:21.539 [AsyncHttpClient-1-1] DEBUG org.asynchttpclient.netty.channel.DefaultChannelPool - Closing Idle Channel [id: 0xa7c85a8f, L:/127.0.0.1:65028 ! R:localhost/127.0.0.1:25697]
12:24:21.539 [AsyncHttpClient-1-1] DEBUG org.asynchttpclient.netty.channel.DefaultChannelPool - Adding Candidate expired Channel [id: 0x8b0f0539, L:/127.0.0.1:65037 ! R:localhost/127.0.0.1:65030] isIdleTimeoutExpired=false isRemotelyClosed=true isTtlExpired=false
12:24:21.539 [AsyncHttpClient-1-1] DEBUG org.asynchttpclient.netty.channel.DefaultChannelPool - Closing Idle Channel [id: 0x8b0f0539, L:/127.0.0.1:65037 ! R:localhost/127.0.0.1:65030]
12:24:21.539 [AsyncHttpClient-1-1] DEBUG org.asynchttpclient.netty.channel.DefaultChannelPool - Closed 2 connections out of 2 in 0 ms
12:24:21.751 [AsyncHttpClient-1-4] DEBUG org.asynchttpclient.netty.handler.HttpHandler - 

Request DefaultHttpRequest(decodeResult: success, version: HTTP/1.1)
POST /session HTTP/1.1
User-Agent: selenium/4.8.3 (java windows)
Content-Length: 439
Content-Type: application/json; charset=utf-8
host: localhost:25899
accept: */*

Response DefaultHttpResponse(decodeResult: success, version: HTTP/1.1)
HTTP/1.1 200 OK
Content-Length: 863
Content-Type: application/json; charset=utf-8
cache-control: no-cache

12:24:21.751 [AsyncHttpClient-1-4] DEBUG org.asynchttpclient.netty.channel.ChannelManager - Adding key: http://localhost:25899 for channel [id: 0x97191ae7, L:/127.0.0.1:65060 - R:localhost/127.0.0.1:25899]
12:24:21.758 [AsyncHttpClient-1-5] DEBUG org.asynchttpclient.netty.channel.NettyConnectListener - Using new Channel '[id: 0x39668469, L:/127.0.0.1:65069 - R:localhost/127.0.0.1:65061]' for 'GET' to '/json/version'
12:24:21.758 [AsyncHttpClient-1-5] DEBUG org.asynchttpclient.netty.handler.HttpHandler - 

Request DefaultFullHttpRequest(decodeResult: success, version: HTTP/1.1, content: EmptyByteBufBE)
GET /json/version HTTP/1.1
User-Agent: selenium/4.8.3 (java windows)
host: localhost:65061
accept: */*

Response DefaultHttpResponse(decodeResult: success, version: HTTP/1.1)
HTTP/1.1 200 OK
Content-Security-Policy: frame-ancestors 'none'
Content-Length: 424
Content-Type: application/json; charset=UTF-8

12:24:21.758 [AsyncHttpClient-1-5] DEBUG org.asynchttpclient.netty.channel.ChannelManager - Adding key: http://localhost:65061 for channel [id: 0x39668469, L:/127.0.0.1:65069 - R:localhost/127.0.0.1:65061]
12:24:21.761 [AsyncHttpClient-1-6] DEBUG org.asynchttpclient.netty.channel.NettyConnectListener - Using new Channel '[id: 0x6d433017, L:/127.0.0.1:65070 - R:localhost/127.0.0.1:65061]' for 'GET' to '/devtools/browser/a55e6bff-dc14-48e2-bf7e-4c485492499f'
12:24:21.762 [AsyncHttpClient-1-6] DEBUG org.asynchttpclient.netty.handler.WebSocketHandler - 

Request DefaultFullHttpRequest(decodeResult: success, version: HTTP/1.1, content: EmptyByteBufBE)
GET /devtools/browser/a55e6bff-dc14-48e2-bf7e-4c485492499f HTTP/1.1
upgrade: websocket
connection: upgrade
sec-websocket-key: ySpQ7BWqOyZEeCY4SUeCkg==
sec-websocket-version: 13
origin: http://localhost:65061
host: localhost:65061
accept: */*
user-agent: AHC/2.1

Response DefaultHttpResponse(decodeResult: success, version: HTTP/1.1)
HTTP/1.1 101 WebSocket Protocol Handshake
Upgrade: WebSocket
Connection: Upgrade
Sec-WebSocket-Accept: glMEjWQpSCa0GkcPqZf21ju3Dok=

12:24:21.765 [Forwarding setTimeout on session a2b319f90ac798daf42cc9445cf491eb to remote] DEBUG org.asynchttpclient.netty.request.NettyRequestSender - Using pooled Channel '[id: 0x97191ae7, L:/127.0.0.1:65060 - R:localhost/127.0.0.1:25899]' for 'POST' to 'http://localhost:25899/session/a2b319f90ac798daf42cc9445cf491eb/timeouts'
12:24:21.765 [Forwarding setTimeout on session a2b319f90ac798daf42cc9445cf491eb to remote] DEBUG org.asynchttpclient.netty.request.NettyRequestSender - Using open Channel [id: 0x97191ae7, L:/127.0.0.1:65060 - R:localhost/127.0.0.1:25899] for POST '/session/a2b319f90ac798daf42cc9445cf491eb/timeouts'
12:24:21.766 [AsyncHttpClient-1-4] DEBUG org.asynchttpclient.netty.handler.HttpHandler - 

Request DefaultHttpRequest(decodeResult: success, version: HTTP/1.1)
POST /session/a2b319f90ac798daf42cc9445cf491eb/timeouts HTTP/1.1
User-Agent: selenium/4.8.3 (java windows)
Content-Length: 22
Content-Type: application/json; charset=utf-8
host: localhost:25899
accept: */*

Response DefaultHttpResponse(decodeResult: success, version: HTTP/1.1)
HTTP/1.1 200 OK
Content-Length: 14
Content-Type: application/json; charset=utf-8
cache-control: no-cache

12:24:21.766 [AsyncHttpClient-1-4] DEBUG org.asynchttpclient.netty.channel.ChannelManager - Adding key: http://localhost:25899 for channel [id: 0x97191ae7, L:/127.0.0.1:65060 - R:localhost/127.0.0.1:25899]
12:24:21.766 [Forwarding maximizeCurrentWindow on session a2b319f90ac798daf42cc9445cf491eb to remote] DEBUG org.asynchttpclient.netty.request.NettyRequestSender - Using pooled Channel '[id: 0x97191ae7, L:/127.0.0.1:65060 - R:localhost/127.0.0.1:25899]' for 'POST' to 'http://localhost:25899/session/a2b319f90ac798daf42cc9445cf491eb/window/maximize'
12:24:21.766 [Forwarding maximizeCurrentWindow on session a2b319f90ac798daf42cc9445cf491eb to remote] DEBUG org.asynchttpclient.netty.request.NettyRequestSender - Using open Channel [id: 0x97191ae7, L:/127.0.0.1:65060 - R:localhost/127.0.0.1:25899] for POST '/session/a2b319f90ac798daf42cc9445cf491eb/window/maximize'
12:24:21.886 [AsyncHttpClient-1-4] DEBUG org.asynchttpclient.netty.handler.HttpHandler - 

Request DefaultHttpRequest(decodeResult: success, version: HTTP/1.1)
POST /session/a2b319f90ac798daf42cc9445cf491eb/window/maximize HTTP/1.1
User-Agent: selenium/4.8.3 (java windows)
Content-Length: 3
Content-Type: application/json; charset=utf-8
host: localhost:25899
accept: */*

Response DefaultHttpResponse(decodeResult: success, version: HTTP/1.1)
HTTP/1.1 200 OK
Content-Length: 51
Content-Type: application/json; charset=utf-8
cache-control: no-cache

12:24:21.886 [AsyncHttpClient-1-4] DEBUG org.asynchttpclient.netty.channel.ChannelManager - Adding key: http://localhost:25899 for channel [id: 0x97191ae7, L:/127.0.0.1:65060 - R:localhost/127.0.0.1:25899]
12:24:21.888 [Forwarding get on session a2b319f90ac798daf42cc9445cf491eb to remote] DEBUG org.asynchttpclient.netty.request.NettyRequestSender - Using pooled Channel '[id: 0x97191ae7, L:/127.0.0.1:65060 - R:localhost/127.0.0.1:25899]' for 'POST' to 'http://localhost:25899/session/a2b319f90ac798daf42cc9445cf491eb/url'
12:24:21.888 [Forwarding get on session a2b319f90ac798daf42cc9445cf491eb to remote] DEBUG org.asynchttpclient.netty.request.NettyRequestSender - Using open Channel [id: 0x97191ae7, L:/127.0.0.1:65060 - R:localhost/127.0.0.1:25899] for POST '/session/a2b319f90ac798daf42cc9445cf491eb/url'
12:24:22.639 [AsyncHttpClient-1-1] DEBUG org.asynchttpclient.netty.channel.DefaultChannelPool - Entry count for : http://localhost:65061 : 1
12:24:23.538 [AsyncHttpClient-1-4] DEBUG org.asynchttpclient.netty.handler.HttpHandler - 

Request DefaultHttpRequest(decodeResult: success, version: HTTP/1.1)
POST /session/a2b319f90ac798daf42cc9445cf491eb/url HTTP/1.1
User-Agent: selenium/4.8.3 (java windows)
Content-Length: 52
Content-Type: application/json; charset=utf-8
host: localhost:25899
accept: */*

Response DefaultHttpResponse(decodeResult: success, version: HTTP/1.1)
HTTP/1.1 200 OK
Content-Length: 14
Content-Type: application/json; charset=utf-8
cache-control: no-cache

12:24:23.538 [AsyncHttpClient-1-4] DEBUG org.asynchttpclient.netty.channel.ChannelManager - Adding key: http://localhost:25899 for channel [id: 0x97191ae7, L:/127.0.0.1:65060 - R:localhost/127.0.0.1:25899]
2023-06-09 12:24:23 INFO  BaseTest:104 - Test driver set up done successfully**********
2023-06-09 12:24:23 INFO  BaseTest:122 - Logging in to portal
12:24:23.540 [Forwarding findElement on session a2b319f90ac798daf42cc9445cf491eb to remote] DEBUG org.asynchttpclient.netty.request.NettyRequestSender - Using pooled Channel '[id: 0x97191ae7, L:/127.0.0.1:65060 - R:localhost/127.0.0.1:25899]' for 'POST' to 'http://localhost:25899/session/a2b319f90ac798daf42cc9445cf491eb/element'
12:24:23.540 [Forwarding findElement on session a2b319f90ac798daf42cc9445cf491eb to remote] DEBUG org.asynchttpclient.netty.request.NettyRequestSender - Using open Channel [id: 0x97191ae7, L:/127.0.0.1:65060 - R:localhost/127.0.0.1:25899] for POST '/session/a2b319f90ac798daf42cc9445cf491eb/element'
12:24:23.554 [AsyncHttpClient-1-4] DEBUG org.asynchttpclient.netty.handler.HttpHandler - 

Request DefaultHttpRequest(decodeResult: success, version: HTTP/1.1)
POST /session/a2b319f90ac798daf42cc9445cf491eb/element HTTP/1.1
User-Agent: selenium/4.8.3 (java windows)
Content-Length: 59
Content-Type: application/json; charset=utf-8
host: localhost:25899
accept: */*

Response DefaultHttpResponse(decodeResult: success, version: HTTP/1.1)
HTTP/1.1 200 OK
Content-Length: 95
Content-Type: application/json; charset=utf-8
cache-control: no-cache

12:24:23.554 [AsyncHttpClient-1-4] DEBUG org.asynchttpclient.netty.channel.ChannelManager - Adding key: http://localhost:25899 for channel [id: 0x97191ae7, L:/127.0.0.1:65060 - R:localhost/127.0.0.1:25899]
12:24:23.554 [Forwarding clearElement on session a2b319f90ac798daf42cc9445cf491eb to remote] DEBUG org.asynchttpclient.netty.request.NettyRequestSender - Using pooled Channel '[id: 0x97191ae7, L:/127.0.0.1:65060 - R:localhost/127.0.0.1:25899]' for 'POST' to 'http://localhost:25899/session/a2b319f90ac798daf42cc9445cf491eb/element/94B539636C963566FCFB3CB72603FB05_element_25/clear'
12:24:23.554 [Forwarding clearElement on session a2b319f90ac798daf42cc9445cf491eb to remote] DEBUG org.asynchttpclient.netty.request.NettyRequestSender - Using open Channel [id: 0x97191ae7, L:/127.0.0.1:65060 - R:localhost/127.0.0.1:25899] for POST '/session/a2b319f90ac798daf42cc9445cf491eb/element/94B539636C963566FCFB3CB72603FB05_element_25/clear'
12:24:23.596 [AsyncHttpClient-1-4] DEBUG org.asynchttpclient.netty.handler.HttpHandler - 

Request DefaultHttpRequest(decodeResult: success, version: HTTP/1.1)
POST /session/a2b319f90ac798daf42cc9445cf491eb/element/94B539636C963566FCFB3CB72603FB05_element_25/clear HTTP/1.1
User-Agent: selenium/4.8.3 (java windows)
Content-Length: 57
Content-Type: application/json; charset=utf-8
host: localhost:25899
accept: */*

Response DefaultHttpResponse(decodeResult: success, version: HTTP/1.1)
HTTP/1.1 200 OK
Content-Length: 14
Content-Type: application/json; charset=utf-8
cache-control: no-cache

12:24:23.596 [AsyncHttpClient-1-4] DEBUG org.asynchttpclient.netty.channel.ChannelManager - Adding key: http://localhost:25899 for channel [id: 0x97191ae7, L:/127.0.0.1:65060 - R:localhost/127.0.0.1:25899]
12:24:23.597 [Forwarding findElement on session a2b319f90ac798daf42cc9445cf491eb to remote] DEBUG org.asynchttpclient.netty.request.NettyRequestSender - Using pooled Channel '[id: 0x97191ae7, L:/127.0.0.1:65060 - R:localhost/127.0.0.1:25899]' for 'POST' to 'http://localhost:25899/session/a2b319f90ac798daf42cc9445cf491eb/element'
12:24:23.597 [Forwarding findElement on session a2b319f90ac798daf42cc9445cf491eb to remote] DEBUG org.asynchttpclient.netty.request.NettyRequestSender - Using open Channel [id: 0x97191ae7, L:/127.0.0.1:65060 - R:localhost/127.0.0.1:25899] for POST '/session/a2b319f90ac798daf42cc9445cf491eb/element'
12:24:23.605 [AsyncHttpClient-1-4] DEBUG org.asynchttpclient.netty.handler.HttpHandler - 

Request DefaultHttpRequest(decodeResult: success, version: HTTP/1.1)
POST /session/a2b319f90ac798daf42cc9445cf491eb/element HTTP/1.1
User-Agent: selenium/4.8.3 (java windows)
Content-Length: 59
Content-Type: application/json; charset=utf-8
host: localhost:25899
accept: */*

Response DefaultHttpResponse(decodeResult: success, version: HTTP/1.1)
HTTP/1.1 200 OK
Content-Length: 95
Content-Type: application/json; charset=utf-8
cache-control: no-cache

12:24:23.605 [AsyncHttpClient-1-4] DEBUG org.asynchttpclient.netty.channel.ChannelManager - Adding key: http://localhost:25899 for channel [id: 0x97191ae7, L:/127.0.0.1:65060 - R:localhost/127.0.0.1:25899]
12:24:23.606 [Forwarding sendKeysToElement on session a2b319f90ac798daf42cc9445cf491eb to remote] DEBUG org.asynchttpclient.netty.request.NettyRequestSender - Using pooled Channel '[id: 0x97191ae7, L:/127.0.0.1:65060 - R:localhost/127.0.0.1:25899]' for 'POST' to 'http://localhost:25899/session/a2b319f90ac798daf42cc9445cf491eb/element/94B539636C963566FCFB3CB72603FB05_element_25/value'
12:24:23.606 [Forwarding sendKeysToElement on session a2b319f90ac798daf42cc9445cf491eb to remote] DEBUG org.asynchttpclient.netty.request.NettyRequestSender - Using open Channel [id: 0x97191ae7, L:/127.0.0.1:65060 - R:localhost/127.0.0.1:25899] for POST '/session/a2b319f90ac798daf42cc9445cf491eb/element/94B539636C963566FCFB3CB72603FB05_element_25/value'
12:24:23.718 [AsyncHttpClient-1-4] DEBUG org.asynchttpclient.netty.handler.HttpHandler - 

Request DefaultHttpRequest(decodeResult: success, version: HTTP/1.1)
POST /session/a2b319f90ac798daf42cc9445cf491eb/element/94B539636C963566FCFB3CB72603FB05_element_25/value HTTP/1.1
User-Agent: selenium/4.8.3 (java windows)
Content-Length: 188
Content-Type: application/json; charset=utf-8
host: localhost:25899
accept: */*

Response DefaultHttpResponse(decodeResult: success, version: HTTP/1.1)
HTTP/1.1 200 OK
Content-Length: 14
Content-Type: application/json; charset=utf-8
cache-control: no-cache

12:24:23.718 [AsyncHttpClient-1-4] DEBUG org.asynchttpclient.netty.channel.ChannelManager - Adding key: http://localhost:25899 for channel [id: 0x97191ae7, L:/127.0.0.1:65060 - R:localhost/127.0.0.1:25899]
12:24:23.719 [Forwarding findElement on session a2b319f90ac798daf42cc9445cf491eb to remote] DEBUG org.asynchttpclient.netty.request.NettyRequestSender - Using pooled Channel '[id: 0x97191ae7, L:/127.0.0.1:65060 - R:localhost/127.0.0.1:25899]' for 'POST' to 'http://localhost:25899/session/a2b319f90ac798daf42cc9445cf491eb/element'
12:24:23.719 [Forwarding findElement on session a2b319f90ac798daf42cc9445cf491eb to remote] DEBUG org.asynchttpclient.netty.request.NettyRequestSender - Using open Channel [id: 0x97191ae7, L:/127.0.0.1:65060 - R:localhost/127.0.0.1:25899] for POST '/session/a2b319f90ac798daf42cc9445cf491eb/element'
12:24:23.735 [AsyncHttpClient-1-4] DEBUG org.asynchttpclient.netty.handler.HttpHandler - 

Request DefaultHttpRequest(decodeResult: success, version: HTTP/1.1)
POST /session/a2b319f90ac798daf42cc9445cf491eb/element HTTP/1.1
User-Agent: selenium/4.8.3 (java windows)
Content-Length: 62
Content-Type: application/json; charset=utf-8
host: localhost:25899
accept: */*

Response DefaultHttpResponse(decodeResult: success, version: HTTP/1.1)
HTTP/1.1 200 OK
Content-Length: 95
Content-Type: application/json; charset=utf-8
cache-control: no-cache

12:24:23.735 [AsyncHttpClient-1-4] DEBUG org.asynchttpclient.netty.channel.ChannelManager - Adding key: http://localhost:25899 for channel [id: 0x97191ae7, L:/127.0.0.1:65060 - R:localhost/127.0.0.1:25899]
12:24:23.736 [Forwarding clearElement on session a2b319f90ac798daf42cc9445cf491eb to remote] DEBUG org.asynchttpclient.netty.request.NettyRequestSender - Using pooled Channel '[id: 0x97191ae7, L:/127.0.0.1:65060 - R:localhost/127.0.0.1:25899]' for 'POST' to 'http://localhost:25899/session/a2b319f90ac798daf42cc9445cf491eb/element/94B539636C963566FCFB3CB72603FB05_element_27/clear'
12:24:23.736 [Forwarding clearElement on session a2b319f90ac798daf42cc9445cf491eb to remote] DEBUG org.asynchttpclient.netty.request.NettyRequestSender - Using open Channel [id: 0x97191ae7, L:/127.0.0.1:65060 - R:localhost/127.0.0.1:25899] for POST '/session/a2b319f90ac798daf42cc9445cf491eb/element/94B539636C963566FCFB3CB72603FB05_element_27/clear'
12:24:23.739 [AsyncHttpClient-1-1] DEBUG org.asynchttpclient.netty.channel.DefaultChannelPool - Entry count for : http://localhost:65061 : 1
12:24:23.791 [AsyncHttpClient-1-4] DEBUG org.asynchttpclient.netty.handler.HttpHandler - 

Request DefaultHttpRequest(decodeResult: success, version: HTTP/1.1)
POST /session/a2b319f90ac798daf42cc9445cf491eb/element/94B539636C963566FCFB3CB72603FB05_element_27/clear HTTP/1.1
User-Agent: selenium/4.8.3 (java windows)
Content-Length: 57
Content-Type: application/json; charset=utf-8
host: localhost:25899
accept: */*

Response DefaultHttpResponse(decodeResult: success, version: HTTP/1.1)
HTTP/1.1 200 OK
Content-Length: 14
Content-Type: application/json; charset=utf-8
cache-control: no-cache

12:24:23.791 [AsyncHttpClient-1-4] DEBUG org.asynchttpclient.netty.channel.ChannelManager - Adding key: http://localhost:25899 for channel [id: 0x97191ae7, L:/127.0.0.1:65060 - R:localhost/127.0.0.1:25899]
12:24:23.792 [Forwarding findElement on session a2b319f90ac798daf42cc9445cf491eb to remote] DEBUG org.asynchttpclient.netty.request.NettyRequestSender - Using pooled Channel '[id: 0x97191ae7, L:/127.0.0.1:65060 - R:localhost/127.0.0.1:25899]' for 'POST' to 'http://localhost:25899/session/a2b319f90ac798daf42cc9445cf491eb/element'
12:24:23.792 [Forwarding findElement on session a2b319f90ac798daf42cc9445cf491eb to remote] DEBUG org.asynchttpclient.netty.request.NettyRequestSender - Using open Channel [id: 0x97191ae7, L:/127.0.0.1:65060 - R:localhost/127.0.0.1:25899] for POST '/session/a2b319f90ac798daf42cc9445cf491eb/element'
12:24:23.800 [AsyncHttpClient-1-4] DEBUG org.asynchttpclient.netty.handler.HttpHandler - 

Request DefaultHttpRequest(decodeResult: success, version: HTTP/1.1)
POST /session/a2b319f90ac798daf42cc9445cf491eb/element HTTP/1.1
User-Agent: selenium/4.8.3 (java windows)
Content-Length: 62
Content-Type: application/json; charset=utf-8
host: localhost:25899
accept: */*

Response DefaultHttpResponse(decodeResult: success, version: HTTP/1.1)
HTTP/1.1 200 OK
Content-Length: 95
Content-Type: application/json; charset=utf-8
cache-control: no-cache

12:24:23.801 [AsyncHttpClient-1-4] DEBUG org.asynchttpclient.netty.channel.ChannelManager - Adding key: http://localhost:25899 for channel [id: 0x97191ae7, L:/127.0.0.1:65060 - R:localhost/127.0.0.1:25899]
12:24:23.802 [Forwarding sendKeysToElement on session a2b319f90ac798daf42cc9445cf491eb to remote] DEBUG org.asynchttpclient.netty.request.NettyRequestSender - Using pooled Channel '[id: 0x97191ae7, L:/127.0.0.1:65060 - R:localhost/127.0.0.1:25899]' for 'POST' to 'http://localhost:25899/session/a2b319f90ac798daf42cc9445cf491eb/element/94B539636C963566FCFB3CB72603FB05_element_27/value'
12:24:23.802 [Forwarding sendKeysToElement on session a2b319f90ac798daf42cc9445cf491eb to remote] DEBUG org.asynchttpclient.netty.request.NettyRequestSender - Using open Channel [id: 0x97191ae7, L:/127.0.0.1:65060 - R:localhost/127.0.0.1:25899] for POST '/session/a2b319f90ac798daf42cc9445cf491eb/element/94B539636C963566FCFB3CB72603FB05_element_27/value'
12:24:23.875 [AsyncHttpClient-1-4] DEBUG org.asynchttpclient.netty.handler.HttpHandler - 

Request DefaultHttpRequest(decodeResult: success, version: HTTP/1.1)
POST /session/a2b319f90ac798daf42cc9445cf491eb/element/94B539636C963566FCFB3CB72603FB05_element_27/value HTTP/1.1
User-Agent: selenium/4.8.3 (java windows)
Content-Length: 148
Content-Type: application/json; charset=utf-8
host: localhost:25899
accept: */*

Response DefaultHttpResponse(decodeResult: success, version: HTTP/1.1)
HTTP/1.1 200 OK
Content-Length: 14
Content-Type: application/json; charset=utf-8
cache-control: no-cache

12:24:23.875 [AsyncHttpClient-1-4] DEBUG org.asynchttpclient.netty.channel.ChannelManager - Adding key: http://localhost:25899 for channel [id: 0x97191ae7, L:/127.0.0.1:65060 - R:localhost/127.0.0.1:25899]
12:24:23.876 [Forwarding findElement on session a2b319f90ac798daf42cc9445cf491eb to remote] DEBUG org.asynchttpclient.netty.request.NettyRequestSender - Using pooled Channel '[id: 0x97191ae7, L:/127.0.0.1:65060 - R:localhost/127.0.0.1:25899]' for 'POST' to 'http://localhost:25899/session/a2b319f90ac798daf42cc9445cf491eb/element'
12:24:23.876 [Forwarding findElement on session a2b319f90ac798daf42cc9445cf491eb to remote] DEBUG org.asynchttpclient.netty.request.NettyRequestSender - Using open Channel [id: 0x97191ae7, L:/127.0.0.1:65060 - R:localhost/127.0.0.1:25899] for POST '/session/a2b319f90ac798daf42cc9445cf491eb/element'
12:24:23.891 [AsyncHttpClient-1-4] DEBUG org.asynchttpclient.netty.handler.HttpHandler - 

Request DefaultHttpRequest(decodeResult: success, version: HTTP/1.1)
POST /session/a2b319f90ac798daf42cc9445cf491eb/element HTTP/1.1
User-Agent: selenium/4.8.3 (java windows)
Content-Length: 71
Content-Type: application/json; charset=utf-8
host: localhost:25899
accept: */*

Response DefaultHttpResponse(decodeResult: success, version: HTTP/1.1)
HTTP/1.1 200 OK
Content-Length: 95
Content-Type: application/json; charset=utf-8
cache-control: no-cache

12:24:23.891 [AsyncHttpClient-1-4] DEBUG org.asynchttpclient.netty.channel.ChannelManager - Adding key: http://localhost:25899 for channel [id: 0x97191ae7, L:/127.0.0.1:65060 - R:localhost/127.0.0.1:25899]
12:24:23.892 [Forwarding clickElement on session a2b319f90ac798daf42cc9445cf491eb to remote] DEBUG org.asynchttpclient.netty.request.NettyRequestSender - Using pooled Channel '[id: 0x97191ae7, L:/127.0.0.1:65060 - R:localhost/127.0.0.1:25899]' for 'POST' to 'http://localhost:25899/session/a2b319f90ac798daf42cc9445cf491eb/element/94B539636C963566FCFB3CB72603FB05_element_32/click'
12:24:23.892 [Forwarding clickElement on session a2b319f90ac798daf42cc9445cf491eb to remote] DEBUG org.asynchttpclient.netty.request.NettyRequestSender - Using open Channel [id: 0x97191ae7, L:/127.0.0.1:65060 - R:localhost/127.0.0.1:25899] for POST '/session/a2b319f90ac798daf42cc9445cf491eb/element/94B539636C963566FCFB3CB72603FB05_element_32/click'
12:24:23.936 [AsyncHttpClient-1-4] DEBUG org.asynchttpclient.netty.handler.HttpHandler - 

Request DefaultHttpRequest(decodeResult: success, version: HTTP/1.1)
POST /session/a2b319f90ac798daf42cc9445cf491eb/element/94B539636C963566FCFB3CB72603FB05_element_32/click HTTP/1.1
User-Agent: selenium/4.8.3 (java windows)
Content-Length: 57
Content-Type: application/json; charset=utf-8
host: localhost:25899
accept: */*

Response DefaultHttpResponse(decodeResult: success, version: HTTP/1.1)
HTTP/1.1 200 OK
Content-Length: 14
Content-Type: application/json; charset=utf-8
cache-control: no-cache

12:24:23.937 [AsyncHttpClient-1-4] DEBUG org.asynchttpclient.netty.channel.ChannelManager - Adding key: http://localhost:25899 for channel [id: 0x97191ae7, L:/127.0.0.1:65060 - R:localhost/127.0.0.1:25899]
2023-06-09 12:24:23 INFO  BaseTest:126 - Logged in
12:24:23.938 [rp-io-35] DEBUG com.epam.reportportal.service.Launch - Starting test item...rp-io-35
2023-06-09 12:24:23 INFO  Listeners:34 - Started Test null
12:24:23.939 [Forwarding findElement on session a2b319f90ac798daf42cc9445cf491eb to remote] DEBUG org.asynchttpclient.netty.request.NettyRequestSender - Using pooled Channel '[id: 0x97191ae7, L:/127.0.0.1:65060 - R:localhost/127.0.0.1:25899]' for 'POST' to 'http://localhost:25899/session/a2b319f90ac798daf42cc9445cf491eb/element'
12:24:23.939 [Forwarding findElement on session a2b319f90ac798daf42cc9445cf491eb to remote] DEBUG org.asynchttpclient.netty.request.NettyRequestSender - Using open Channel [id: 0x97191ae7, L:/127.0.0.1:65060 - R:localhost/127.0.0.1:25899] for POST '/session/a2b319f90ac798daf42cc9445cf491eb/element'
12:24:23.963 [rp-io-33] DEBUG com.epam.reportportal.service.Launch - TestItem with ID = '3945ccaf-e876-4677-9579-75a12b9efb41' successfully finished.
12:24:23.963 [rp-io-33] DEBUG com.epam.reportportal.utils.SubscriptionUtils - Finish test item completed
12:24:23.967 [rp-io-35] DEBUG com.epam.reportportal.service.Launch - ReportPortal item with ID '213c1b97-343c-415c-8b01-232025b9530d' has been created
12:24:23.967 [rp-io-35] DEBUG com.epam.reportportal.utils.SubscriptionUtils - Start test item successfully completed
12:24:24.326 [AsyncHttpClient-1-4] DEBUG org.asynchttpclient.netty.handler.HttpHandler - 

Request DefaultHttpRequest(decodeResult: success, version: HTTP/1.1)
POST /session/a2b319f90ac798daf42cc9445cf491eb/element HTTP/1.1
User-Agent: selenium/4.8.3 (java windows)
Content-Length: 168
Content-Type: application/json; charset=utf-8
host: localhost:25899
accept: */*

Response DefaultHttpResponse(decodeResult: success, version: HTTP/1.1)
HTTP/1.1 200 OK
Content-Length: 95
Content-Type: application/json; charset=utf-8
cache-control: no-cache

12:24:24.326 [AsyncHttpClient-1-4] DEBUG org.asynchttpclient.netty.channel.ChannelManager - Adding key: http://localhost:25899 for channel [id: 0x97191ae7, L:/127.0.0.1:65060 - R:localhost/127.0.0.1:25899]
12:24:24.327 [Forwarding clickElement on session a2b319f90ac798daf42cc9445cf491eb to remote] DEBUG org.asynchttpclient.netty.request.NettyRequestSender - Using pooled Channel '[id: 0x97191ae7, L:/127.0.0.1:65060 - R:localhost/127.0.0.1:25899]' for 'POST' to 'http://localhost:25899/session/a2b319f90ac798daf42cc9445cf491eb/element/94B539636C963566FCFB3CB72603FB05_element_47/click'
12:24:24.327 [Forwarding clickElement on session a2b319f90ac798daf42cc9445cf491eb to remote] DEBUG org.asynchttpclient.netty.request.NettyRequestSender - Using open Channel [id: 0x97191ae7, L:/127.0.0.1:65060 - R:localhost/127.0.0.1:25899] for POST '/session/a2b319f90ac798daf42cc9445cf491eb/element/94B539636C963566FCFB3CB72603FB05_element_47/click'
12:24:24.454 [AsyncHttpClient-1-4] DEBUG org.asynchttpclient.netty.handler.HttpHandler - 

Request DefaultHttpRequest(decodeResult: success, version: HTTP/1.1)
POST /session/a2b319f90ac798daf42cc9445cf491eb/element/94B539636C963566FCFB3CB72603FB05_element_47/click HTTP/1.1
User-Agent: selenium/4.8.3 (java windows)
Content-Length: 57
Content-Type: application/json; charset=utf-8
host: localhost:25899
accept: */*

Response DefaultHttpResponse(decodeResult: success, version: HTTP/1.1)
HTTP/1.1 200 OK
Content-Length: 14
Content-Type: application/json; charset=utf-8
cache-control: no-cache

12:24:24.454 [AsyncHttpClient-1-4] DEBUG org.asynchttpclient.netty.channel.ChannelManager - Adding key: http://localhost:25899 for channel [id: 0x97191ae7, L:/127.0.0.1:65060 - R:localhost/127.0.0.1:25899]
12:24:24.455 [Forwarding findElement on session a2b319f90ac798daf42cc9445cf491eb to remote] DEBUG org.asynchttpclient.netty.request.NettyRequestSender - Using pooled Channel '[id: 0x97191ae7, L:/127.0.0.1:65060 - R:localhost/127.0.0.1:25899]' for 'POST' to 'http://localhost:25899/session/a2b319f90ac798daf42cc9445cf491eb/element'
12:24:24.455 [Forwarding findElement on session a2b319f90ac798daf42cc9445cf491eb to remote] DEBUG org.asynchttpclient.netty.request.NettyRequestSender - Using open Channel [id: 0x97191ae7, L:/127.0.0.1:65060 - R:localhost/127.0.0.1:25899] for POST '/session/a2b319f90ac798daf42cc9445cf491eb/element'
12:24:24.641 [AsyncHttpClient-1-4] DEBUG org.asynchttpclient.netty.handler.HttpHandler - 

Request DefaultHttpRequest(decodeResult: success, version: HTTP/1.1)
POST /session/a2b319f90ac798daf42cc9445cf491eb/element HTTP/1.1
User-Agent: selenium/4.8.3 (java windows)
Content-Length: 232
Content-Type: application/json; charset=utf-8
host: localhost:25899
accept: */*

Response DefaultHttpResponse(decodeResult: success, version: HTTP/1.1)
HTTP/1.1 200 OK
Content-Length: 95
Content-Type: application/json; charset=utf-8
cache-control: no-cache

12:24:24.641 [AsyncHttpClient-1-4] DEBUG org.asynchttpclient.netty.channel.ChannelManager - Adding key: http://localhost:25899 for channel [id: 0x97191ae7, L:/127.0.0.1:65060 - R:localhost/127.0.0.1:25899]
12:24:24.644 [Forwarding executeScript on session a2b319f90ac798daf42cc9445cf491eb to remote] DEBUG org.asynchttpclient.netty.request.NettyRequestSender - Using pooled Channel '[id: 0x97191ae7, L:/127.0.0.1:65060 - R:localhost/127.0.0.1:25899]' for 'POST' to 'http://localhost:25899/session/a2b319f90ac798daf42cc9445cf491eb/execute/sync'
12:24:24.644 [Forwarding executeScript on session a2b319f90ac798daf42cc9445cf491eb to remote] DEBUG org.asynchttpclient.netty.request.NettyRequestSender - Using open Channel [id: 0x97191ae7, L:/127.0.0.1:65060 - R:localhost/127.0.0.1:25899] for POST '/session/a2b319f90ac798daf42cc9445cf491eb/execute/sync'
12:24:24.654 [AsyncHttpClient-1-4] DEBUG org.asynchttpclient.netty.handler.HttpHandler - 

Request DefaultHttpRequest(decodeResult: success, version: HTTP/1.1)
POST /session/a2b319f90ac798daf42cc9445cf491eb/execute/sync HTTP/1.1
User-Agent: selenium/4.8.3 (java windows)
Content-Length: 232
Content-Type: application/json; charset=utf-8
host: localhost:25899
accept: */*

Response DefaultHttpResponse(decodeResult: success, version: HTTP/1.1)
HTTP/1.1 200 OK
Content-Length: 14
Content-Type: application/json; charset=utf-8
cache-control: no-cache

12:24:24.654 [AsyncHttpClient-1-4] DEBUG org.asynchttpclient.netty.channel.ChannelManager - Adding key: http://localhost:25899 for channel [id: 0x97191ae7, L:/127.0.0.1:65060 - R:localhost/127.0.0.1:25899]
12:24:24.655 [Forwarding findElement on session a2b319f90ac798daf42cc9445cf491eb to remote] DEBUG org.asynchttpclient.netty.request.NettyRequestSender - Using pooled Channel '[id: 0x97191ae7, L:/127.0.0.1:65060 - R:localhost/127.0.0.1:25899]' for 'POST' to 'http://localhost:25899/session/a2b319f90ac798daf42cc9445cf491eb/element'
12:24:24.655 [Forwarding findElement on session a2b319f90ac798daf42cc9445cf491eb to remote] DEBUG org.asynchttpclient.netty.request.NettyRequestSender - Using open Channel [id: 0x97191ae7, L:/127.0.0.1:65060 - R:localhost/127.0.0.1:25899] for POST '/session/a2b319f90ac798daf42cc9445cf491eb/element'
12:24:24.670 [AsyncHttpClient-1-4] DEBUG org.asynchttpclient.netty.handler.HttpHandler - 

Request DefaultHttpRequest(decodeResult: success, version: HTTP/1.1)
POST /session/a2b319f90ac798daf42cc9445cf491eb/element HTTP/1.1
User-Agent: selenium/4.8.3 (java windows)
Content-Length: 317
Content-Type: application/json; charset=utf-8
host: localhost:25899
accept: */*

Response DefaultHttpResponse(decodeResult: success, version: HTTP/1.1)
HTTP/1.1 200 OK
Content-Length: 95
Content-Type: application/json; charset=utf-8
cache-control: no-cache

12:24:24.670 [AsyncHttpClient-1-4] DEBUG org.asynchttpclient.netty.channel.ChannelManager - Adding key: http://localhost:25899 for channel [id: 0x97191ae7, L:/127.0.0.1:65060 - R:localhost/127.0.0.1:25899]
12:24:24.671 [Forwarding findElement on session a2b319f90ac798daf42cc9445cf491eb to remote] DEBUG org.asynchttpclient.netty.request.NettyRequestSender - Using pooled Channel '[id: 0x97191ae7, L:/127.0.0.1:65060 - R:localhost/127.0.0.1:25899]' for 'POST' to 'http://localhost:25899/session/a2b319f90ac798daf42cc9445cf491eb/element'
12:24:24.671 [Forwarding findElement on session a2b319f90ac798daf42cc9445cf491eb to remote] DEBUG org.asynchttpclient.netty.request.NettyRequestSender - Using open Channel [id: 0x97191ae7, L:/127.0.0.1:65060 - R:localhost/127.0.0.1:25899] for POST '/session/a2b319f90ac798daf42cc9445cf491eb/element'
12:24:24.681 [AsyncHttpClient-1-4] DEBUG org.asynchttpclient.netty.handler.HttpHandler - 

Request DefaultHttpRequest(decodeResult: success, version: HTTP/1.1)
POST /session/a2b319f90ac798daf42cc9445cf491eb/element HTTP/1.1
User-Agent: selenium/4.8.3 (java windows)
Content-Length: 317
Content-Type: application/json; charset=utf-8
host: localhost:25899
accept: */*

Response DefaultHttpResponse(decodeResult: success, version: HTTP/1.1)
HTTP/1.1 200 OK
Content-Length: 95
Content-Type: application/json; charset=utf-8
cache-control: no-cache

12:24:24.681 [AsyncHttpClient-1-4] DEBUG org.asynchttpclient.netty.channel.ChannelManager - Adding key: http://localhost:25899 for channel [id: 0x97191ae7, L:/127.0.0.1:65060 - R:localhost/127.0.0.1:25899]
12:24:24.682 [Forwarding getElementRect on session a2b319f90ac798daf42cc9445cf491eb to remote] DEBUG org.asynchttpclient.netty.request.NettyRequestSender - Using pooled Channel '[id: 0x97191ae7, L:/127.0.0.1:65060 - R:localhost/127.0.0.1:25899]' for 'GET' to 'http://localhost:25899/session/a2b319f90ac798daf42cc9445cf491eb/element/94B539636C963566FCFB3CB72603FB05_element_57/rect'
12:24:24.682 [Forwarding getElementRect on session a2b319f90ac798daf42cc9445cf491eb to remote] DEBUG org.asynchttpclient.netty.request.NettyRequestSender - Using open Channel [id: 0x97191ae7, L:/127.0.0.1:65060 - R:localhost/127.0.0.1:25899] for GET '/session/a2b319f90ac798daf42cc9445cf491eb/element/94B539636C963566FCFB3CB72603FB05_element_57/rect'
12:24:24.694 [AsyncHttpClient-1-4] DEBUG org.asynchttpclient.netty.handler.HttpHandler - 

Request DefaultFullHttpRequest(decodeResult: success, version: HTTP/1.1, content: EmptyByteBufBE)
GET /session/a2b319f90ac798daf42cc9445cf491eb/element/94B539636C963566FCFB3CB72603FB05_element_57/rect HTTP/1.1
User-Agent: selenium/4.8.3 (java windows)
Cache-Control: no-cache
Content-Type: application/json; charset=utf-8
host: localhost:25899
accept: */*

Response DefaultHttpResponse(decodeResult: success, version: HTTP/1.1)
HTTP/1.1 200 OK
Content-Length: 79
Content-Type: application/json; charset=utf-8
cache-control: no-cache

12:24:24.694 [AsyncHttpClient-1-4] DEBUG org.asynchttpclient.netty.channel.ChannelManager - Adding key: http://localhost:25899 for channel [id: 0x97191ae7, L:/127.0.0.1:65060 - R:localhost/127.0.0.1:25899]
12:24:24.698 [Forwarding actions on session a2b319f90ac798daf42cc9445cf491eb to remote] DEBUG org.asynchttpclient.netty.request.NettyRequestSender - Using pooled Channel '[id: 0x97191ae7, L:/127.0.0.1:65060 - R:localhost/127.0.0.1:25899]' for 'POST' to 'http://localhost:25899/session/a2b319f90ac798daf42cc9445cf491eb/actions'
12:24:24.698 [Forwarding actions on session a2b319f90ac798daf42cc9445cf491eb to remote] DEBUG org.asynchttpclient.netty.request.NettyRequestSender - Using open Channel [id: 0x97191ae7, L:/127.0.0.1:65060 - R:localhost/127.0.0.1:25899] for POST '/session/a2b319f90ac798daf42cc9445cf491eb/actions'
12:24:24.838 [AsyncHttpClient-1-1] DEBUG org.asynchttpclient.netty.channel.DefaultChannelPool - Entry count for : http://localhost:65061 : 1
12:24:25.324 [AsyncHttpClient-1-4] DEBUG org.asynchttpclient.netty.handler.HttpHandler - 

Request DefaultHttpRequest(decodeResult: success, version: HTTP/1.1)
POST /session/a2b319f90ac798daf42cc9445cf491eb/actions HTTP/1.1
User-Agent: selenium/4.8.3 (java windows)
Content-Length: 962
Content-Type: application/json; charset=utf-8
host: localhost:25899
accept: */*

Response DefaultHttpResponse(decodeResult: success, version: HTTP/1.1)
HTTP/1.1 200 OK
Content-Length: 14
Content-Type: application/json; charset=utf-8
cache-control: no-cache

12:24:25.324 [AsyncHttpClient-1-4] DEBUG org.asynchttpclient.netty.channel.ChannelManager - Adding key: http://localhost:25899 for channel [id: 0x97191ae7, L:/127.0.0.1:65060 - R:localhost/127.0.0.1:25899]
12:24:25.328 [Forwarding findElement on session a2b319f90ac798daf42cc9445cf491eb to remote] DEBUG org.asynchttpclient.netty.request.NettyRequestSender - Using pooled Channel '[id: 0x97191ae7, L:/127.0.0.1:65060 - R:localhost/127.0.0.1:25899]' for 'POST' to 'http://localhost:25899/session/a2b319f90ac798daf42cc9445cf491eb/element'
12:24:25.328 [Forwarding findElement on session a2b319f90ac798daf42cc9445cf491eb to remote] DEBUG org.asynchttpclient.netty.request.NettyRequestSender - Using open Channel [id: 0x97191ae7, L:/127.0.0.1:65060 - R:localhost/127.0.0.1:25899] for POST '/session/a2b319f90ac798daf42cc9445cf491eb/element'
12:24:25.341 [AsyncHttpClient-1-4] DEBUG org.asynchttpclient.netty.handler.HttpHandler - 

Request DefaultHttpRequest(decodeResult: success, version: HTTP/1.1)
POST /session/a2b319f90ac798daf42cc9445cf491eb/element HTTP/1.1
User-Agent: selenium/4.8.3 (java windows)
Content-Length: 232
Content-Type: application/json; charset=utf-8
host: localhost:25899
accept: */*

Response DefaultHttpResponse(decodeResult: success, version: HTTP/1.1)
HTTP/1.1 200 OK
Content-Length: 95
Content-Type: application/json; charset=utf-8
cache-control: no-cache

12:24:25.341 [AsyncHttpClient-1-4] DEBUG org.asynchttpclient.netty.channel.ChannelManager - Adding key: http://localhost:25899 for channel [id: 0x97191ae7, L:/127.0.0.1:65060 - R:localhost/127.0.0.1:25899]
12:24:25.342 [Forwarding findElement on session a2b319f90ac798daf42cc9445cf491eb to remote] DEBUG org.asynchttpclient.netty.request.NettyRequestSender - Using pooled Channel '[id: 0x97191ae7, L:/127.0.0.1:65060 - R:localhost/127.0.0.1:25899]' for 'POST' to 'http://localhost:25899/session/a2b319f90ac798daf42cc9445cf491eb/element'
12:24:25.342 [Forwarding findElement on session a2b319f90ac798daf42cc9445cf491eb to remote] DEBUG org.asynchttpclient.netty.request.NettyRequestSender - Using open Channel [id: 0x97191ae7, L:/127.0.0.1:65060 - R:localhost/127.0.0.1:25899] for POST '/session/a2b319f90ac798daf42cc9445cf491eb/element'
12:24:25.358 [AsyncHttpClient-1-4] DEBUG org.asynchttpclient.netty.handler.HttpHandler - 

Request DefaultHttpRequest(decodeResult: success, version: HTTP/1.1)
POST /session/a2b319f90ac798daf42cc9445cf491eb/element HTTP/1.1
User-Agent: selenium/4.8.3 (java windows)
Content-Length: 94
Content-Type: application/json; charset=utf-8
host: localhost:25899
accept: */*

Response DefaultHttpResponse(decodeResult: success, version: HTTP/1.1)
HTTP/1.1 200 OK
Content-Length: 95
Content-Type: application/json; charset=utf-8
cache-control: no-cache

12:24:25.358 [AsyncHttpClient-1-4] DEBUG org.asynchttpclient.netty.channel.ChannelManager - Adding key: http://localhost:25899 for channel [id: 0x97191ae7, L:/127.0.0.1:65060 - R:localhost/127.0.0.1:25899]
12:24:25.359 [Forwarding getElementRect on session a2b319f90ac798daf42cc9445cf491eb to remote] DEBUG org.asynchttpclient.netty.request.NettyRequestSender - Using pooled Channel '[id: 0x97191ae7, L:/127.0.0.1:65060 - R:localhost/127.0.0.1:25899]' for 'GET' to 'http://localhost:25899/session/a2b319f90ac798daf42cc9445cf491eb/element/94B539636C963566FCFB3CB72603FB05_element_83/rect'
12:24:25.359 [Forwarding getElementRect on session a2b319f90ac798daf42cc9445cf491eb to remote] DEBUG org.asynchttpclient.netty.request.NettyRequestSender - Using open Channel [id: 0x97191ae7, L:/127.0.0.1:65060 - R:localhost/127.0.0.1:25899] for GET '/session/a2b319f90ac798daf42cc9445cf491eb/element/94B539636C963566FCFB3CB72603FB05_element_83/rect'
12:24:25.369 [AsyncHttpClient-1-4] DEBUG org.asynchttpclient.netty.handler.HttpHandler - 

Request DefaultFullHttpRequest(decodeResult: success, version: HTTP/1.1, content: EmptyByteBufBE)
GET /session/a2b319f90ac798daf42cc9445cf491eb/element/94B539636C963566FCFB3CB72603FB05_element_83/rect HTTP/1.1
User-Agent: selenium/4.8.3 (java windows)
Cache-Control: no-cache
Content-Type: application/json; charset=utf-8
host: localhost:25899
accept: */*

Response DefaultHttpResponse(decodeResult: success, version: HTTP/1.1)
HTTP/1.1 200 OK
Content-Length: 95
Content-Type: application/json; charset=utf-8
cache-control: no-cache

12:24:25.370 [AsyncHttpClient-1-4] DEBUG org.asynchttpclient.netty.channel.ChannelManager - Adding key: http://localhost:25899 for channel [id: 0x97191ae7, L:/127.0.0.1:65060 - R:localhost/127.0.0.1:25899]
2023-06-09 12:24:25 INFO  Listeners:38 - Succeeded Test null
]]></system-out>
    <system-err><![CDATA[Starting ChromeDriver 114.0.5735.90 (386bc09e8f4f2e025eddae123f36f6263096ae49-refs/branch-heads/5735@{#1052}) on port 25899
Only local connections are allowed.
Please see https://chromedriver.chromium.org/security-considerations for suggestions on keeping ChromeDriver safe.
ChromeDriver was started successfully.
Jun 09, 2023 12:24:21 PM org.openqa.selenium.devtools.CdpVersionFinder findNearestMatch
WARNING: Unable to find an exact match for CDP version 114, so returning the closest version found: 111
]]></system-err>
  </testcase>
  <testcase name="automaticMovableWidgets" classname="alltests.uitest.coreTest.MovableWidget" time="1.499">
    <system-out><![CDATA[12:24:25.373 [rp-io-38] DEBUG com.epam.reportportal.service.Launch - Starting test item...rp-io-38
12:24:25.375 [AsyncHttpClient-1-6] DEBUG org.asynchttpclient.netty.handler.WebSocketHandler - Channel Closed: [id: 0x6d433017, L:/127.0.0.1:65070 ! R:localhost/127.0.0.1:65061] with attribute NettyResponseFuture{currentRetry=0,
	isDone=1,
	isCancelled=0,
	asyncHandler=org.asynchttpclient.ws.WebSocketUpgradeHandler@4329932,
	nettyRequest=org.asynchttpclient.netty.request.NettyRequest@5beecc37,
	future=java.util.concurrent.CompletableFuture@56b59f87[Completed normally],
	uri=ws://localhost:65061/devtools/browser/a55e6bff-dc14-48e2-bf7e-4c485492499f,
	keepAlive=true,
	redirectCount=0,
	timeoutsHolder=null,
	inAuth=0,
	touch=1686306261762}
12:24:25.375 [AsyncHttpClient-1-6] DEBUG org.asynchttpclient.netty.channel.ChannelManager - Closing Channel [id: 0x6d433017, L:/127.0.0.1:65070 ! R:localhost/127.0.0.1:65061] 
12:24:25.377 [Driver Command Executor] DEBUG org.asynchttpclient.netty.request.NettyRequestSender - Using pooled Channel '[id: 0x97191ae7, L:/127.0.0.1:65060 - R:localhost/127.0.0.1:25899]' for 'DELETE' to 'http://localhost:25899/session/a2b319f90ac798daf42cc9445cf491eb'
12:24:25.377 [Driver Command Executor] DEBUG org.asynchttpclient.netty.request.NettyRequestSender - Using open Channel [id: 0x97191ae7, L:/127.0.0.1:65060 - R:localhost/127.0.0.1:25899] for DELETE '/session/a2b319f90ac798daf42cc9445cf491eb'
12:24:25.408 [rp-io-46] DEBUG com.epam.reportportal.service.Launch - ReportPortal item with ID 'f2ec2982-dd27-4d43-bb3d-9316a6161b1c' has been created
12:24:25.408 [rp-io-37] DEBUG com.epam.reportportal.service.Launch - TestItem with ID = '213c1b97-343c-415c-8b01-232025b9530d' successfully finished.
12:24:25.408 [rp-io-46] DEBUG com.epam.reportportal.utils.SubscriptionUtils - Start test item successfully completed
12:24:25.408 [rp-io-37] DEBUG com.epam.reportportal.utils.SubscriptionUtils - Finish test item completed
12:24:25.431 [AsyncHttpClient-1-5] DEBUG org.asynchttpclient.netty.handler.HttpHandler - Unexpected I/O exception on channel [id: 0x39668469, L:/127.0.0.1:65069 - R:localhost/127.0.0.1:65061]
java.net.SocketException: Connection reset
	at java.base/sun.nio.ch.SocketChannelImpl.throwConnectionReset(SocketChannelImpl.java:394)
	at java.base/sun.nio.ch.SocketChannelImpl.read(SocketChannelImpl.java:426)
	at io.netty.buffer.PooledByteBuf.setBytes(PooledByteBuf.java:256)
	at io.netty.buffer.AbstractByteBuf.writeBytes(AbstractByteBuf.java:1132)
	at io.netty.channel.socket.nio.NioSocketChannel.doReadBytes(NioSocketChannel.java:357)
	at io.netty.channel.nio.AbstractNioByteChannel$NioByteUnsafe.read(AbstractNioByteChannel.java:151)
	at io.netty.channel.nio.NioEventLoop.processSelectedKey(NioEventLoop.java:788)
	at io.netty.channel.nio.NioEventLoop.processSelectedKeysOptimized(NioEventLoop.java:724)
	at io.netty.channel.nio.NioEventLoop.processSelectedKeys(NioEventLoop.java:650)
	at io.netty.channel.nio.NioEventLoop.run(NioEventLoop.java:562)
	at io.netty.util.concurrent.SingleThreadEventExecutor$4.run(SingleThreadEventExecutor.java:997)
	at io.netty.util.internal.ThreadExecutorMap$2.run(ThreadExecutorMap.java:74)
	at io.netty.util.concurrent.FastThreadLocalRunnable.run(FastThreadLocalRunnable.java:30)
	at java.base/java.lang.Thread.run(Thread.java:833)
12:24:25.431 [AsyncHttpClient-1-5] DEBUG org.asynchttpclient.netty.channel.ChannelManager - Closing Channel [id: 0x39668469, L:/127.0.0.1:65069 - R:localhost/127.0.0.1:65061] 
12:24:25.431 [AsyncHttpClient-1-5] DEBUG org.asynchttpclient.netty.handler.HttpHandler - Channel Closed: [id: 0x39668469, L:/127.0.0.1:65069 ! R:localhost/127.0.0.1:65061] with attribute DISCARD
12:24:25.452 [AsyncHttpClient-1-4] DEBUG org.asynchttpclient.netty.handler.HttpHandler - 

Request DefaultFullHttpRequest(decodeResult: success, version: HTTP/1.1, content: EmptyByteBufBE)
DELETE /session/a2b319f90ac798daf42cc9445cf491eb HTTP/1.1
User-Agent: selenium/4.8.3 (java windows)
Content-Type: application/json; charset=utf-8
host: localhost:25899
accept: */*

Response DefaultHttpResponse(decodeResult: success, version: HTTP/1.1)
HTTP/1.1 200 OK
Content-Length: 14
Content-Type: application/json; charset=utf-8
cache-control: no-cache

12:24:25.452 [AsyncHttpClient-1-4] DEBUG org.asynchttpclient.netty.channel.ChannelManager - Adding key: http://localhost:25899 for channel [id: 0x97191ae7, L:/127.0.0.1:65060 - R:localhost/127.0.0.1:25899]
12:24:25.494 [AsyncHttpClient-1-4] DEBUG org.asynchttpclient.netty.handler.HttpHandler - Channel Closed: [id: 0x97191ae7, L:/127.0.0.1:65060 ! R:localhost/127.0.0.1:25899] with attribute DISCARD
2023-06-09 12:24:25 INFO  BaseTest:83 - Test executed**********
12:24:25.549 [rp-io-55] DEBUG com.epam.reportportal.service.Launch - Starting test item...rp-io-55
2023-06-09 12:24:25 INFO  BaseTest:110 - Property files loaded successfully**********
12:24:25.560 [main] DEBUG io.github.bonigarcia.wdm.cache.ResolutionCache - Resolution chrome=114 in cache (valid until 13:14:48 09/06/2023 CEST)
12:24:25.560 [main] DEBUG io.github.bonigarcia.wdm.cache.ResolutionCache - Resolution chrome114=114.0.5735.90 in cache (valid until 12:14:48 10/06/2023 CEST)
12:24:25.560 [main] INFO io.github.bonigarcia.wdm.WebDriverManager - Using chromedriver 114.0.5735.90 (resolved driver for Chrome 114)
12:24:25.565 [rp-io-42] DEBUG com.epam.reportportal.service.Launch - TestItem with ID = 'f2ec2982-dd27-4d43-bb3d-9316a6161b1c' successfully finished.
12:24:25.565 [rp-io-42] DEBUG com.epam.reportportal.utils.SubscriptionUtils - Finish test item completed
12:24:25.568 [main] DEBUG io.github.bonigarcia.wdm.WebDriverManager - Driver chromedriver 114.0.5735.90 found in cache
12:24:25.569 [main] INFO io.github.bonigarcia.wdm.WebDriverManager - Exporting webdriver.chrome.driver as C:\Users\Suwarna_Wagh\.cache\selenium\chromedriver\win32\114.0.5735.90\chromedriver.exe
12:24:25.570 [rp-io-55] DEBUG com.epam.reportportal.service.Launch - ReportPortal item with ID 'e1e833c5-f0cb-451b-8144-7b07f4f1aa7b' has been created
12:24:25.570 [rp-io-55] DEBUG com.epam.reportportal.utils.SubscriptionUtils - Start test item successfully completed
12:24:25.675 [AsyncHttpClient-1-7] DEBUG org.asynchttpclient.netty.channel.NettyConnectListener - Using new Channel '[id: 0x341deaff, L:/127.0.0.1:65092 - R:localhost/127.0.0.1:3790]' for 'POST' to '/session'
12:24:25.939 [AsyncHttpClient-1-1] DEBUG org.asynchttpclient.netty.channel.DefaultChannelPool - Entry count for : http://localhost:65061 : 1
12:24:25.939 [AsyncHttpClient-1-1] DEBUG org.asynchttpclient.netty.channel.DefaultChannelPool - Entry count for : http://localhost:25899 : 1
12:24:25.939 [AsyncHttpClient-1-1] DEBUG org.asynchttpclient.netty.channel.DefaultChannelPool - Adding Candidate expired Channel [id: 0x39668469, L:/127.0.0.1:65069 ! R:localhost/127.0.0.1:65061] isIdleTimeoutExpired=false isRemotelyClosed=true isTtlExpired=false
12:24:25.939 [AsyncHttpClient-1-1] DEBUG org.asynchttpclient.netty.channel.DefaultChannelPool - Closing Idle Channel [id: 0x39668469, L:/127.0.0.1:65069 ! R:localhost/127.0.0.1:65061]
12:24:25.939 [AsyncHttpClient-1-1] DEBUG org.asynchttpclient.netty.channel.DefaultChannelPool - Adding Candidate expired Channel [id: 0x97191ae7, L:/127.0.0.1:65060 ! R:localhost/127.0.0.1:25899] isIdleTimeoutExpired=false isRemotelyClosed=true isTtlExpired=false
12:24:25.939 [AsyncHttpClient-1-1] DEBUG org.asynchttpclient.netty.channel.DefaultChannelPool - Closing Idle Channel [id: 0x97191ae7, L:/127.0.0.1:65060 ! R:localhost/127.0.0.1:25899]
12:24:25.939 [AsyncHttpClient-1-1] DEBUG org.asynchttpclient.netty.channel.DefaultChannelPool - Closed 2 connections out of 2 in 0 ms
12:24:26.598 [AsyncHttpClient-1-7] DEBUG org.asynchttpclient.netty.handler.HttpHandler - 

Request DefaultHttpRequest(decodeResult: success, version: HTTP/1.1)
POST /session HTTP/1.1
User-Agent: selenium/4.8.3 (java windows)
Content-Length: 439
Content-Type: application/json; charset=utf-8
host: localhost:3790
accept: */*

Response DefaultHttpResponse(decodeResult: success, version: HTTP/1.1)
HTTP/1.1 200 OK
Content-Length: 864
Content-Type: application/json; charset=utf-8
cache-control: no-cache

12:24:26.598 [AsyncHttpClient-1-7] DEBUG org.asynchttpclient.netty.channel.ChannelManager - Adding key: http://localhost:3790 for channel [id: 0x341deaff, L:/127.0.0.1:65092 - R:localhost/127.0.0.1:3790]
12:24:26.602 [AsyncHttpClient-1-8] DEBUG org.asynchttpclient.netty.channel.NettyConnectListener - Using new Channel '[id: 0x4dd38c80, L:/127.0.0.1:65101 - R:localhost/127.0.0.1:65093]' for 'GET' to '/json/version'
12:24:26.603 [AsyncHttpClient-1-8] DEBUG org.asynchttpclient.netty.handler.HttpHandler - 

Request DefaultFullHttpRequest(decodeResult: success, version: HTTP/1.1, content: EmptyByteBufBE)
GET /json/version HTTP/1.1
User-Agent: selenium/4.8.3 (java windows)
host: localhost:65093
accept: */*

Response DefaultHttpResponse(decodeResult: success, version: HTTP/1.1)
HTTP/1.1 200 OK
Content-Security-Policy: frame-ancestors 'none'
Content-Length: 424
Content-Type: application/json; charset=UTF-8

12:24:26.603 [AsyncHttpClient-1-8] DEBUG org.asynchttpclient.netty.channel.ChannelManager - Adding key: http://localhost:65093 for channel [id: 0x4dd38c80, L:/127.0.0.1:65101 - R:localhost/127.0.0.1:65093]
12:24:26.604 [AsyncHttpClient-1-9] DEBUG org.asynchttpclient.netty.channel.NettyConnectListener - Using new Channel '[id: 0xafe96e1c, L:/127.0.0.1:65102 - R:localhost/127.0.0.1:65093]' for 'GET' to '/devtools/browser/3342bfbf-1619-4114-a2b8-da68e40d24cd'
12:24:26.605 [AsyncHttpClient-1-9] DEBUG org.asynchttpclient.netty.handler.WebSocketHandler - 

Request DefaultFullHttpRequest(decodeResult: success, version: HTTP/1.1, content: EmptyByteBufBE)
GET /devtools/browser/3342bfbf-1619-4114-a2b8-da68e40d24cd HTTP/1.1
upgrade: websocket
connection: upgrade
sec-websocket-key: 965ng6VwflOF9Suwq8Z5BQ==
sec-websocket-version: 13
origin: http://localhost:65093
host: localhost:65093
accept: */*
user-agent: AHC/2.1

Response DefaultHttpResponse(decodeResult: success, version: HTTP/1.1)
HTTP/1.1 101 WebSocket Protocol Handshake
Upgrade: WebSocket
Connection: Upgrade
Sec-WebSocket-Accept: /8QK3a3WGC9/jF6yjaFEnGZJ6s4=

12:24:26.607 [Forwarding setTimeout on session b732d52004569758c3c2b2a2f70bdc5b to remote] DEBUG org.asynchttpclient.netty.request.NettyRequestSender - Using pooled Channel '[id: 0x341deaff, L:/127.0.0.1:65092 - R:localhost/127.0.0.1:3790]' for 'POST' to 'http://localhost:3790/session/b732d52004569758c3c2b2a2f70bdc5b/timeouts'
12:24:26.607 [Forwarding setTimeout on session b732d52004569758c3c2b2a2f70bdc5b to remote] DEBUG org.asynchttpclient.netty.request.NettyRequestSender - Using open Channel [id: 0x341deaff, L:/127.0.0.1:65092 - R:localhost/127.0.0.1:3790] for POST '/session/b732d52004569758c3c2b2a2f70bdc5b/timeouts'
12:24:26.608 [AsyncHttpClient-1-7] DEBUG org.asynchttpclient.netty.handler.HttpHandler - 

Request DefaultHttpRequest(decodeResult: success, version: HTTP/1.1)
POST /session/b732d52004569758c3c2b2a2f70bdc5b/timeouts HTTP/1.1
User-Agent: selenium/4.8.3 (java windows)
Content-Length: 22
Content-Type: application/json; charset=utf-8
host: localhost:3790
accept: */*

Response DefaultHttpResponse(decodeResult: success, version: HTTP/1.1)
HTTP/1.1 200 OK
Content-Length: 14
Content-Type: application/json; charset=utf-8
cache-control: no-cache

12:24:26.608 [AsyncHttpClient-1-7] DEBUG org.asynchttpclient.netty.channel.ChannelManager - Adding key: http://localhost:3790 for channel [id: 0x341deaff, L:/127.0.0.1:65092 - R:localhost/127.0.0.1:3790]
12:24:26.608 [Forwarding maximizeCurrentWindow on session b732d52004569758c3c2b2a2f70bdc5b to remote] DEBUG org.asynchttpclient.netty.request.NettyRequestSender - Using pooled Channel '[id: 0x341deaff, L:/127.0.0.1:65092 - R:localhost/127.0.0.1:3790]' for 'POST' to 'http://localhost:3790/session/b732d52004569758c3c2b2a2f70bdc5b/window/maximize'
12:24:26.608 [Forwarding maximizeCurrentWindow on session b732d52004569758c3c2b2a2f70bdc5b to remote] DEBUG org.asynchttpclient.netty.request.NettyRequestSender - Using open Channel [id: 0x341deaff, L:/127.0.0.1:65092 - R:localhost/127.0.0.1:3790] for POST '/session/b732d52004569758c3c2b2a2f70bdc5b/window/maximize'
12:24:26.730 [AsyncHttpClient-1-7] DEBUG org.asynchttpclient.netty.handler.HttpHandler - 

Request DefaultHttpRequest(decodeResult: success, version: HTTP/1.1)
POST /session/b732d52004569758c3c2b2a2f70bdc5b/window/maximize HTTP/1.1
User-Agent: selenium/4.8.3 (java windows)
Content-Length: 3
Content-Type: application/json; charset=utf-8
host: localhost:3790
accept: */*

Response DefaultHttpResponse(decodeResult: success, version: HTTP/1.1)
HTTP/1.1 200 OK
Content-Length: 51
Content-Type: application/json; charset=utf-8
cache-control: no-cache

12:24:26.730 [AsyncHttpClient-1-7] DEBUG org.asynchttpclient.netty.channel.ChannelManager - Adding key: http://localhost:3790 for channel [id: 0x341deaff, L:/127.0.0.1:65092 - R:localhost/127.0.0.1:3790]
12:24:26.731 [Forwarding get on session b732d52004569758c3c2b2a2f70bdc5b to remote] DEBUG org.asynchttpclient.netty.request.NettyRequestSender - Using pooled Channel '[id: 0x341deaff, L:/127.0.0.1:65092 - R:localhost/127.0.0.1:3790]' for 'POST' to 'http://localhost:3790/session/b732d52004569758c3c2b2a2f70bdc5b/url'
12:24:26.731 [Forwarding get on session b732d52004569758c3c2b2a2f70bdc5b to remote] DEBUG org.asynchttpclient.netty.request.NettyRequestSender - Using open Channel [id: 0x341deaff, L:/127.0.0.1:65092 - R:localhost/127.0.0.1:3790] for POST '/session/b732d52004569758c3c2b2a2f70bdc5b/url'
12:24:27.040 [AsyncHttpClient-1-1] DEBUG org.asynchttpclient.netty.channel.DefaultChannelPool - Entry count for : http://localhost:65093 : 1
12:24:28.101 [AsyncHttpClient-1-7] DEBUG org.asynchttpclient.netty.handler.HttpHandler - 

Request DefaultHttpRequest(decodeResult: success, version: HTTP/1.1)
POST /session/b732d52004569758c3c2b2a2f70bdc5b/url HTTP/1.1
User-Agent: selenium/4.8.3 (java windows)
Content-Length: 52
Content-Type: application/json; charset=utf-8
host: localhost:3790
accept: */*

Response DefaultHttpResponse(decodeResult: success, version: HTTP/1.1)
HTTP/1.1 200 OK
Content-Length: 14
Content-Type: application/json; charset=utf-8
cache-control: no-cache

12:24:28.101 [AsyncHttpClient-1-7] DEBUG org.asynchttpclient.netty.channel.ChannelManager - Adding key: http://localhost:3790 for channel [id: 0x341deaff, L:/127.0.0.1:65092 - R:localhost/127.0.0.1:3790]
2023-06-09 12:24:28 INFO  BaseTest:104 - Test driver set up done successfully**********
2023-06-09 12:24:28 INFO  BaseTest:122 - Logging in to portal
12:24:28.103 [Forwarding findElement on session b732d52004569758c3c2b2a2f70bdc5b to remote] DEBUG org.asynchttpclient.netty.request.NettyRequestSender - Using pooled Channel '[id: 0x341deaff, L:/127.0.0.1:65092 - R:localhost/127.0.0.1:3790]' for 'POST' to 'http://localhost:3790/session/b732d52004569758c3c2b2a2f70bdc5b/element'
12:24:28.103 [Forwarding findElement on session b732d52004569758c3c2b2a2f70bdc5b to remote] DEBUG org.asynchttpclient.netty.request.NettyRequestSender - Using open Channel [id: 0x341deaff, L:/127.0.0.1:65092 - R:localhost/127.0.0.1:3790] for POST '/session/b732d52004569758c3c2b2a2f70bdc5b/element'
12:24:28.115 [AsyncHttpClient-1-7] DEBUG org.asynchttpclient.netty.handler.HttpHandler - 

Request DefaultHttpRequest(decodeResult: success, version: HTTP/1.1)
POST /session/b732d52004569758c3c2b2a2f70bdc5b/element HTTP/1.1
User-Agent: selenium/4.8.3 (java windows)
Content-Length: 59
Content-Type: application/json; charset=utf-8
host: localhost:3790
accept: */*

Response DefaultHttpResponse(decodeResult: success, version: HTTP/1.1)
HTTP/1.1 200 OK
Content-Length: 95
Content-Type: application/json; charset=utf-8
cache-control: no-cache

12:24:28.115 [AsyncHttpClient-1-7] DEBUG org.asynchttpclient.netty.channel.ChannelManager - Adding key: http://localhost:3790 for channel [id: 0x341deaff, L:/127.0.0.1:65092 - R:localhost/127.0.0.1:3790]
12:24:28.116 [Forwarding clearElement on session b732d52004569758c3c2b2a2f70bdc5b to remote] DEBUG org.asynchttpclient.netty.request.NettyRequestSender - Using pooled Channel '[id: 0x341deaff, L:/127.0.0.1:65092 - R:localhost/127.0.0.1:3790]' for 'POST' to 'http://localhost:3790/session/b732d52004569758c3c2b2a2f70bdc5b/element/8C5AD5FA52E7AB673F80821240C4AD15_element_30/clear'
12:24:28.116 [Forwarding clearElement on session b732d52004569758c3c2b2a2f70bdc5b to remote] DEBUG org.asynchttpclient.netty.request.NettyRequestSender - Using open Channel [id: 0x341deaff, L:/127.0.0.1:65092 - R:localhost/127.0.0.1:3790] for POST '/session/b732d52004569758c3c2b2a2f70bdc5b/element/8C5AD5FA52E7AB673F80821240C4AD15_element_30/clear'
12:24:28.139 [AsyncHttpClient-1-1] DEBUG org.asynchttpclient.netty.channel.DefaultChannelPool - Entry count for : http://localhost:65093 : 1
12:24:28.155 [AsyncHttpClient-1-7] DEBUG org.asynchttpclient.netty.handler.HttpHandler - 

Request DefaultHttpRequest(decodeResult: success, version: HTTP/1.1)
POST /session/b732d52004569758c3c2b2a2f70bdc5b/element/8C5AD5FA52E7AB673F80821240C4AD15_element_30/clear HTTP/1.1
User-Agent: selenium/4.8.3 (java windows)
Content-Length: 57
Content-Type: application/json; charset=utf-8
host: localhost:3790
accept: */*

Response DefaultHttpResponse(decodeResult: success, version: HTTP/1.1)
HTTP/1.1 200 OK
Content-Length: 14
Content-Type: application/json; charset=utf-8
cache-control: no-cache

12:24:28.155 [AsyncHttpClient-1-7] DEBUG org.asynchttpclient.netty.channel.ChannelManager - Adding key: http://localhost:3790 for channel [id: 0x341deaff, L:/127.0.0.1:65092 - R:localhost/127.0.0.1:3790]
12:24:28.156 [Forwarding findElement on session b732d52004569758c3c2b2a2f70bdc5b to remote] DEBUG org.asynchttpclient.netty.request.NettyRequestSender - Using pooled Channel '[id: 0x341deaff, L:/127.0.0.1:65092 - R:localhost/127.0.0.1:3790]' for 'POST' to 'http://localhost:3790/session/b732d52004569758c3c2b2a2f70bdc5b/element'
12:24:28.156 [Forwarding findElement on session b732d52004569758c3c2b2a2f70bdc5b to remote] DEBUG org.asynchttpclient.netty.request.NettyRequestSender - Using open Channel [id: 0x341deaff, L:/127.0.0.1:65092 - R:localhost/127.0.0.1:3790] for POST '/session/b732d52004569758c3c2b2a2f70bdc5b/element'
12:24:28.163 [AsyncHttpClient-1-7] DEBUG org.asynchttpclient.netty.handler.HttpHandler - 

Request DefaultHttpRequest(decodeResult: success, version: HTTP/1.1)
POST /session/b732d52004569758c3c2b2a2f70bdc5b/element HTTP/1.1
User-Agent: selenium/4.8.3 (java windows)
Content-Length: 59
Content-Type: application/json; charset=utf-8
host: localhost:3790
accept: */*

Response DefaultHttpResponse(decodeResult: success, version: HTTP/1.1)
HTTP/1.1 200 OK
Content-Length: 95
Content-Type: application/json; charset=utf-8
cache-control: no-cache

12:24:28.163 [AsyncHttpClient-1-7] DEBUG org.asynchttpclient.netty.channel.ChannelManager - Adding key: http://localhost:3790 for channel [id: 0x341deaff, L:/127.0.0.1:65092 - R:localhost/127.0.0.1:3790]
12:24:28.164 [Forwarding sendKeysToElement on session b732d52004569758c3c2b2a2f70bdc5b to remote] DEBUG org.asynchttpclient.netty.request.NettyRequestSender - Using pooled Channel '[id: 0x341deaff, L:/127.0.0.1:65092 - R:localhost/127.0.0.1:3790]' for 'POST' to 'http://localhost:3790/session/b732d52004569758c3c2b2a2f70bdc5b/element/8C5AD5FA52E7AB673F80821240C4AD15_element_30/value'
12:24:28.164 [Forwarding sendKeysToElement on session b732d52004569758c3c2b2a2f70bdc5b to remote] DEBUG org.asynchttpclient.netty.request.NettyRequestSender - Using open Channel [id: 0x341deaff, L:/127.0.0.1:65092 - R:localhost/127.0.0.1:3790] for POST '/session/b732d52004569758c3c2b2a2f70bdc5b/element/8C5AD5FA52E7AB673F80821240C4AD15_element_30/value'
12:24:28.260 [AsyncHttpClient-1-7] DEBUG org.asynchttpclient.netty.handler.HttpHandler - 

Request DefaultHttpRequest(decodeResult: success, version: HTTP/1.1)
POST /session/b732d52004569758c3c2b2a2f70bdc5b/element/8C5AD5FA52E7AB673F80821240C4AD15_element_30/value HTTP/1.1
User-Agent: selenium/4.8.3 (java windows)
Content-Length: 188
Content-Type: application/json; charset=utf-8
host: localhost:3790
accept: */*

Response DefaultHttpResponse(decodeResult: success, version: HTTP/1.1)
HTTP/1.1 200 OK
Content-Length: 14
Content-Type: application/json; charset=utf-8
cache-control: no-cache

12:24:28.261 [AsyncHttpClient-1-7] DEBUG org.asynchttpclient.netty.channel.ChannelManager - Adding key: http://localhost:3790 for channel [id: 0x341deaff, L:/127.0.0.1:65092 - R:localhost/127.0.0.1:3790]
12:24:28.262 [Forwarding findElement on session b732d52004569758c3c2b2a2f70bdc5b to remote] DEBUG org.asynchttpclient.netty.request.NettyRequestSender - Using pooled Channel '[id: 0x341deaff, L:/127.0.0.1:65092 - R:localhost/127.0.0.1:3790]' for 'POST' to 'http://localhost:3790/session/b732d52004569758c3c2b2a2f70bdc5b/element'
12:24:28.262 [Forwarding findElement on session b732d52004569758c3c2b2a2f70bdc5b to remote] DEBUG org.asynchttpclient.netty.request.NettyRequestSender - Using open Channel [id: 0x341deaff, L:/127.0.0.1:65092 - R:localhost/127.0.0.1:3790] for POST '/session/b732d52004569758c3c2b2a2f70bdc5b/element'
12:24:28.275 [AsyncHttpClient-1-7] DEBUG org.asynchttpclient.netty.handler.HttpHandler - 

Request DefaultHttpRequest(decodeResult: success, version: HTTP/1.1)
POST /session/b732d52004569758c3c2b2a2f70bdc5b/element HTTP/1.1
User-Agent: selenium/4.8.3 (java windows)
Content-Length: 62
Content-Type: application/json; charset=utf-8
host: localhost:3790
accept: */*

Response DefaultHttpResponse(decodeResult: success, version: HTTP/1.1)
HTTP/1.1 200 OK
Content-Length: 95
Content-Type: application/json; charset=utf-8
cache-control: no-cache

12:24:28.275 [AsyncHttpClient-1-7] DEBUG org.asynchttpclient.netty.channel.ChannelManager - Adding key: http://localhost:3790 for channel [id: 0x341deaff, L:/127.0.0.1:65092 - R:localhost/127.0.0.1:3790]
12:24:28.276 [Forwarding clearElement on session b732d52004569758c3c2b2a2f70bdc5b to remote] DEBUG org.asynchttpclient.netty.request.NettyRequestSender - Using pooled Channel '[id: 0x341deaff, L:/127.0.0.1:65092 - R:localhost/127.0.0.1:3790]' for 'POST' to 'http://localhost:3790/session/b732d52004569758c3c2b2a2f70bdc5b/element/8C5AD5FA52E7AB673F80821240C4AD15_element_32/clear'
12:24:28.277 [Forwarding clearElement on session b732d52004569758c3c2b2a2f70bdc5b to remote] DEBUG org.asynchttpclient.netty.request.NettyRequestSender - Using open Channel [id: 0x341deaff, L:/127.0.0.1:65092 - R:localhost/127.0.0.1:3790] for POST '/session/b732d52004569758c3c2b2a2f70bdc5b/element/8C5AD5FA52E7AB673F80821240C4AD15_element_32/clear'
12:24:28.322 [AsyncHttpClient-1-7] DEBUG org.asynchttpclient.netty.handler.HttpHandler - 

Request DefaultHttpRequest(decodeResult: success, version: HTTP/1.1)
POST /session/b732d52004569758c3c2b2a2f70bdc5b/element/8C5AD5FA52E7AB673F80821240C4AD15_element_32/clear HTTP/1.1
User-Agent: selenium/4.8.3 (java windows)
Content-Length: 57
Content-Type: application/json; charset=utf-8
host: localhost:3790
accept: */*

Response DefaultHttpResponse(decodeResult: success, version: HTTP/1.1)
HTTP/1.1 200 OK
Content-Length: 14
Content-Type: application/json; charset=utf-8
cache-control: no-cache

12:24:28.322 [AsyncHttpClient-1-7] DEBUG org.asynchttpclient.netty.channel.ChannelManager - Adding key: http://localhost:3790 for channel [id: 0x341deaff, L:/127.0.0.1:65092 - R:localhost/127.0.0.1:3790]
12:24:28.323 [Forwarding findElement on session b732d52004569758c3c2b2a2f70bdc5b to remote] DEBUG org.asynchttpclient.netty.request.NettyRequestSender - Using pooled Channel '[id: 0x341deaff, L:/127.0.0.1:65092 - R:localhost/127.0.0.1:3790]' for 'POST' to 'http://localhost:3790/session/b732d52004569758c3c2b2a2f70bdc5b/element'
12:24:28.323 [Forwarding findElement on session b732d52004569758c3c2b2a2f70bdc5b to remote] DEBUG org.asynchttpclient.netty.request.NettyRequestSender - Using open Channel [id: 0x341deaff, L:/127.0.0.1:65092 - R:localhost/127.0.0.1:3790] for POST '/session/b732d52004569758c3c2b2a2f70bdc5b/element'
12:24:28.333 [AsyncHttpClient-1-7] DEBUG org.asynchttpclient.netty.handler.HttpHandler - 

Request DefaultHttpRequest(decodeResult: success, version: HTTP/1.1)
POST /session/b732d52004569758c3c2b2a2f70bdc5b/element HTTP/1.1
User-Agent: selenium/4.8.3 (java windows)
Content-Length: 62
Content-Type: application/json; charset=utf-8
host: localhost:3790
accept: */*

Response DefaultHttpResponse(decodeResult: success, version: HTTP/1.1)
HTTP/1.1 200 OK
Content-Length: 95
Content-Type: application/json; charset=utf-8
cache-control: no-cache

12:24:28.333 [AsyncHttpClient-1-7] DEBUG org.asynchttpclient.netty.channel.ChannelManager - Adding key: http://localhost:3790 for channel [id: 0x341deaff, L:/127.0.0.1:65092 - R:localhost/127.0.0.1:3790]
12:24:28.335 [Forwarding sendKeysToElement on session b732d52004569758c3c2b2a2f70bdc5b to remote] DEBUG org.asynchttpclient.netty.request.NettyRequestSender - Using pooled Channel '[id: 0x341deaff, L:/127.0.0.1:65092 - R:localhost/127.0.0.1:3790]' for 'POST' to 'http://localhost:3790/session/b732d52004569758c3c2b2a2f70bdc5b/element/8C5AD5FA52E7AB673F80821240C4AD15_element_32/value'
12:24:28.335 [Forwarding sendKeysToElement on session b732d52004569758c3c2b2a2f70bdc5b to remote] DEBUG org.asynchttpclient.netty.request.NettyRequestSender - Using open Channel [id: 0x341deaff, L:/127.0.0.1:65092 - R:localhost/127.0.0.1:3790] for POST '/session/b732d52004569758c3c2b2a2f70bdc5b/element/8C5AD5FA52E7AB673F80821240C4AD15_element_32/value'
12:24:28.413 [AsyncHttpClient-1-7] DEBUG org.asynchttpclient.netty.handler.HttpHandler - 

Request DefaultHttpRequest(decodeResult: success, version: HTTP/1.1)
POST /session/b732d52004569758c3c2b2a2f70bdc5b/element/8C5AD5FA52E7AB673F80821240C4AD15_element_32/value HTTP/1.1
User-Agent: selenium/4.8.3 (java windows)
Content-Length: 148
Content-Type: application/json; charset=utf-8
host: localhost:3790
accept: */*

Response DefaultHttpResponse(decodeResult: success, version: HTTP/1.1)
HTTP/1.1 200 OK
Content-Length: 14
Content-Type: application/json; charset=utf-8
cache-control: no-cache

12:24:28.413 [AsyncHttpClient-1-7] DEBUG org.asynchttpclient.netty.channel.ChannelManager - Adding key: http://localhost:3790 for channel [id: 0x341deaff, L:/127.0.0.1:65092 - R:localhost/127.0.0.1:3790]
12:24:28.414 [Forwarding findElement on session b732d52004569758c3c2b2a2f70bdc5b to remote] DEBUG org.asynchttpclient.netty.request.NettyRequestSender - Using pooled Channel '[id: 0x341deaff, L:/127.0.0.1:65092 - R:localhost/127.0.0.1:3790]' for 'POST' to 'http://localhost:3790/session/b732d52004569758c3c2b2a2f70bdc5b/element'
12:24:28.414 [Forwarding findElement on session b732d52004569758c3c2b2a2f70bdc5b to remote] DEBUG org.asynchttpclient.netty.request.NettyRequestSender - Using open Channel [id: 0x341deaff, L:/127.0.0.1:65092 - R:localhost/127.0.0.1:3790] for POST '/session/b732d52004569758c3c2b2a2f70bdc5b/element'
12:24:28.430 [AsyncHttpClient-1-7] DEBUG org.asynchttpclient.netty.handler.HttpHandler - 

Request DefaultHttpRequest(decodeResult: success, version: HTTP/1.1)
POST /session/b732d52004569758c3c2b2a2f70bdc5b/element HTTP/1.1
User-Agent: selenium/4.8.3 (java windows)
Content-Length: 71
Content-Type: application/json; charset=utf-8
host: localhost:3790
accept: */*

Response DefaultHttpResponse(decodeResult: success, version: HTTP/1.1)
HTTP/1.1 200 OK
Content-Length: 95
Content-Type: application/json; charset=utf-8
cache-control: no-cache

12:24:28.430 [AsyncHttpClient-1-7] DEBUG org.asynchttpclient.netty.channel.ChannelManager - Adding key: http://localhost:3790 for channel [id: 0x341deaff, L:/127.0.0.1:65092 - R:localhost/127.0.0.1:3790]
12:24:28.431 [Forwarding clickElement on session b732d52004569758c3c2b2a2f70bdc5b to remote] DEBUG org.asynchttpclient.netty.request.NettyRequestSender - Using pooled Channel '[id: 0x341deaff, L:/127.0.0.1:65092 - R:localhost/127.0.0.1:3790]' for 'POST' to 'http://localhost:3790/session/b732d52004569758c3c2b2a2f70bdc5b/element/8C5AD5FA52E7AB673F80821240C4AD15_element_33/click'
12:24:28.431 [Forwarding clickElement on session b732d52004569758c3c2b2a2f70bdc5b to remote] DEBUG org.asynchttpclient.netty.request.NettyRequestSender - Using open Channel [id: 0x341deaff, L:/127.0.0.1:65092 - R:localhost/127.0.0.1:3790] for POST '/session/b732d52004569758c3c2b2a2f70bdc5b/element/8C5AD5FA52E7AB673F80821240C4AD15_element_33/click'
12:24:28.477 [AsyncHttpClient-1-7] DEBUG org.asynchttpclient.netty.handler.HttpHandler - 

Request DefaultHttpRequest(decodeResult: success, version: HTTP/1.1)
POST /session/b732d52004569758c3c2b2a2f70bdc5b/element/8C5AD5FA52E7AB673F80821240C4AD15_element_33/click HTTP/1.1
User-Agent: selenium/4.8.3 (java windows)
Content-Length: 57
Content-Type: application/json; charset=utf-8
host: localhost:3790
accept: */*

Response DefaultHttpResponse(decodeResult: success, version: HTTP/1.1)
HTTP/1.1 200 OK
Content-Length: 14
Content-Type: application/json; charset=utf-8
cache-control: no-cache

12:24:28.478 [AsyncHttpClient-1-7] DEBUG org.asynchttpclient.netty.channel.ChannelManager - Adding key: http://localhost:3790 for channel [id: 0x341deaff, L:/127.0.0.1:65092 - R:localhost/127.0.0.1:3790]
2023-06-09 12:24:28 INFO  BaseTest:126 - Logged in
12:24:28.479 [rp-io-49] DEBUG com.epam.reportportal.service.Launch - Starting test item...rp-io-49
2023-06-09 12:24:28 INFO  Listeners:34 - Started Test null
12:24:28.481 [Forwarding findElement on session b732d52004569758c3c2b2a2f70bdc5b to remote] DEBUG org.asynchttpclient.netty.request.NettyRequestSender - Using pooled Channel '[id: 0x341deaff, L:/127.0.0.1:65092 - R:localhost/127.0.0.1:3790]' for 'POST' to 'http://localhost:3790/session/b732d52004569758c3c2b2a2f70bdc5b/element'
12:24:28.481 [Forwarding findElement on session b732d52004569758c3c2b2a2f70bdc5b to remote] DEBUG org.asynchttpclient.netty.request.NettyRequestSender - Using open Channel [id: 0x341deaff, L:/127.0.0.1:65092 - R:localhost/127.0.0.1:3790] for POST '/session/b732d52004569758c3c2b2a2f70bdc5b/element'
12:24:28.501 [rp-io-45] DEBUG com.epam.reportportal.service.Launch - TestItem with ID = 'e1e833c5-f0cb-451b-8144-7b07f4f1aa7b' successfully finished.
12:24:28.501 [rp-io-45] DEBUG com.epam.reportportal.utils.SubscriptionUtils - Finish test item completed
12:24:28.506 [rp-io-49] DEBUG com.epam.reportportal.service.Launch - ReportPortal item with ID 'c3ec7a6c-5020-4396-8d2e-b0089613699f' has been created
12:24:28.506 [rp-io-49] DEBUG com.epam.reportportal.utils.SubscriptionUtils - Start test item successfully completed
12:24:28.877 [AsyncHttpClient-1-7] DEBUG org.asynchttpclient.netty.handler.HttpHandler - 

Request DefaultHttpRequest(decodeResult: success, version: HTTP/1.1)
POST /session/b732d52004569758c3c2b2a2f70bdc5b/element HTTP/1.1
User-Agent: selenium/4.8.3 (java windows)
Content-Length: 168
Content-Type: application/json; charset=utf-8
host: localhost:3790
accept: */*

Response DefaultHttpResponse(decodeResult: success, version: HTTP/1.1)
HTTP/1.1 200 OK
Content-Length: 95
Content-Type: application/json; charset=utf-8
cache-control: no-cache

12:24:28.877 [AsyncHttpClient-1-7] DEBUG org.asynchttpclient.netty.channel.ChannelManager - Adding key: http://localhost:3790 for channel [id: 0x341deaff, L:/127.0.0.1:65092 - R:localhost/127.0.0.1:3790]
12:24:28.878 [Forwarding clickElement on session b732d52004569758c3c2b2a2f70bdc5b to remote] DEBUG org.asynchttpclient.netty.request.NettyRequestSender - Using pooled Channel '[id: 0x341deaff, L:/127.0.0.1:65092 - R:localhost/127.0.0.1:3790]' for 'POST' to 'http://localhost:3790/session/b732d52004569758c3c2b2a2f70bdc5b/element/8C5AD5FA52E7AB673F80821240C4AD15_element_48/click'
12:24:28.878 [Forwarding clickElement on session b732d52004569758c3c2b2a2f70bdc5b to remote] DEBUG org.asynchttpclient.netty.request.NettyRequestSender - Using open Channel [id: 0x341deaff, L:/127.0.0.1:65092 - R:localhost/127.0.0.1:3790] for POST '/session/b732d52004569758c3c2b2a2f70bdc5b/element/8C5AD5FA52E7AB673F80821240C4AD15_element_48/click'
12:24:29.123 [AsyncHttpClient-1-7] DEBUG org.asynchttpclient.netty.handler.HttpHandler - 

Request DefaultHttpRequest(decodeResult: success, version: HTTP/1.1)
POST /session/b732d52004569758c3c2b2a2f70bdc5b/element/8C5AD5FA52E7AB673F80821240C4AD15_element_48/click HTTP/1.1
User-Agent: selenium/4.8.3 (java windows)
Content-Length: 57
Content-Type: application/json; charset=utf-8
host: localhost:3790
accept: */*

Response DefaultHttpResponse(decodeResult: success, version: HTTP/1.1)
HTTP/1.1 200 OK
Content-Length: 14
Content-Type: application/json; charset=utf-8
cache-control: no-cache

12:24:29.124 [AsyncHttpClient-1-7] DEBUG org.asynchttpclient.netty.channel.ChannelManager - Adding key: http://localhost:3790 for channel [id: 0x341deaff, L:/127.0.0.1:65092 - R:localhost/127.0.0.1:3790]
12:24:29.125 [Forwarding findElement on session b732d52004569758c3c2b2a2f70bdc5b to remote] DEBUG org.asynchttpclient.netty.request.NettyRequestSender - Using pooled Channel '[id: 0x341deaff, L:/127.0.0.1:65092 - R:localhost/127.0.0.1:3790]' for 'POST' to 'http://localhost:3790/session/b732d52004569758c3c2b2a2f70bdc5b/element'
12:24:29.125 [Forwarding findElement on session b732d52004569758c3c2b2a2f70bdc5b to remote] DEBUG org.asynchttpclient.netty.request.NettyRequestSender - Using open Channel [id: 0x341deaff, L:/127.0.0.1:65092 - R:localhost/127.0.0.1:3790] for POST '/session/b732d52004569758c3c2b2a2f70bdc5b/element'
12:24:29.239 [AsyncHttpClient-1-1] DEBUG org.asynchttpclient.netty.channel.DefaultChannelPool - Entry count for : http://localhost:65093 : 1
12:24:29.566 [AsyncHttpClient-1-7] DEBUG org.asynchttpclient.netty.handler.HttpHandler - 

Request DefaultHttpRequest(decodeResult: success, version: HTTP/1.1)
POST /session/b732d52004569758c3c2b2a2f70bdc5b/element HTTP/1.1
User-Agent: selenium/4.8.3 (java windows)
Content-Length: 240
Content-Type: application/json; charset=utf-8
host: localhost:3790
accept: */*

Response DefaultHttpResponse(decodeResult: success, version: HTTP/1.1)
HTTP/1.1 200 OK
Content-Length: 95
Content-Type: application/json; charset=utf-8
cache-control: no-cache

12:24:29.566 [AsyncHttpClient-1-7] DEBUG org.asynchttpclient.netty.channel.ChannelManager - Adding key: http://localhost:3790 for channel [id: 0x341deaff, L:/127.0.0.1:65092 - R:localhost/127.0.0.1:3790]
12:24:29.566 [Forwarding findElement on session b732d52004569758c3c2b2a2f70bdc5b to remote] DEBUG org.asynchttpclient.netty.request.NettyRequestSender - Using pooled Channel '[id: 0x341deaff, L:/127.0.0.1:65092 - R:localhost/127.0.0.1:3790]' for 'POST' to 'http://localhost:3790/session/b732d52004569758c3c2b2a2f70bdc5b/element'
12:24:29.566 [Forwarding findElement on session b732d52004569758c3c2b2a2f70bdc5b to remote] DEBUG org.asynchttpclient.netty.request.NettyRequestSender - Using open Channel [id: 0x341deaff, L:/127.0.0.1:65092 - R:localhost/127.0.0.1:3790] for POST '/session/b732d52004569758c3c2b2a2f70bdc5b/element'
12:24:29.578 [AsyncHttpClient-1-7] DEBUG org.asynchttpclient.netty.handler.HttpHandler - 

Request DefaultHttpRequest(decodeResult: success, version: HTTP/1.1)
POST /session/b732d52004569758c3c2b2a2f70bdc5b/element HTTP/1.1
User-Agent: selenium/4.8.3 (java windows)
Content-Length: 240
Content-Type: application/json; charset=utf-8
host: localhost:3790
accept: */*

Response DefaultHttpResponse(decodeResult: success, version: HTTP/1.1)
HTTP/1.1 200 OK
Content-Length: 95
Content-Type: application/json; charset=utf-8
cache-control: no-cache

12:24:29.578 [AsyncHttpClient-1-7] DEBUG org.asynchttpclient.netty.channel.ChannelManager - Adding key: http://localhost:3790 for channel [id: 0x341deaff, L:/127.0.0.1:65092 - R:localhost/127.0.0.1:3790]
12:24:29.579 [Forwarding getElementRect on session b732d52004569758c3c2b2a2f70bdc5b to remote] DEBUG org.asynchttpclient.netty.request.NettyRequestSender - Using pooled Channel '[id: 0x341deaff, L:/127.0.0.1:65092 - R:localhost/127.0.0.1:3790]' for 'GET' to 'http://localhost:3790/session/b732d52004569758c3c2b2a2f70bdc5b/element/8C5AD5FA52E7AB673F80821240C4AD15_element_64/rect'
12:24:29.579 [Forwarding getElementRect on session b732d52004569758c3c2b2a2f70bdc5b to remote] DEBUG org.asynchttpclient.netty.request.NettyRequestSender - Using open Channel [id: 0x341deaff, L:/127.0.0.1:65092 - R:localhost/127.0.0.1:3790] for GET '/session/b732d52004569758c3c2b2a2f70bdc5b/element/8C5AD5FA52E7AB673F80821240C4AD15_element_64/rect'
12:24:29.591 [AsyncHttpClient-1-7] DEBUG org.asynchttpclient.netty.handler.HttpHandler - 

Request DefaultFullHttpRequest(decodeResult: success, version: HTTP/1.1, content: EmptyByteBufBE)
GET /session/b732d52004569758c3c2b2a2f70bdc5b/element/8C5AD5FA52E7AB673F80821240C4AD15_element_64/rect HTTP/1.1
User-Agent: selenium/4.8.3 (java windows)
Cache-Control: no-cache
Content-Type: application/json; charset=utf-8
host: localhost:3790
accept: */*

Response DefaultHttpResponse(decodeResult: success, version: HTTP/1.1)
HTTP/1.1 200 OK
Content-Length: 81
Content-Type: application/json; charset=utf-8
cache-control: no-cache

12:24:29.591 [AsyncHttpClient-1-7] DEBUG org.asynchttpclient.netty.channel.ChannelManager - Adding key: http://localhost:3790 for channel [id: 0x341deaff, L:/127.0.0.1:65092 - R:localhost/127.0.0.1:3790]
12:24:29.592 [Forwarding findElement on session b732d52004569758c3c2b2a2f70bdc5b to remote] DEBUG org.asynchttpclient.netty.request.NettyRequestSender - Using pooled Channel '[id: 0x341deaff, L:/127.0.0.1:65092 - R:localhost/127.0.0.1:3790]' for 'POST' to 'http://localhost:3790/session/b732d52004569758c3c2b2a2f70bdc5b/element'
12:24:29.592 [Forwarding findElement on session b732d52004569758c3c2b2a2f70bdc5b to remote] DEBUG org.asynchttpclient.netty.request.NettyRequestSender - Using open Channel [id: 0x341deaff, L:/127.0.0.1:65092 - R:localhost/127.0.0.1:3790] for POST '/session/b732d52004569758c3c2b2a2f70bdc5b/element'
12:24:29.604 [AsyncHttpClient-1-7] DEBUG org.asynchttpclient.netty.handler.HttpHandler - 

Request DefaultHttpRequest(decodeResult: success, version: HTTP/1.1)
POST /session/b732d52004569758c3c2b2a2f70bdc5b/element HTTP/1.1
User-Agent: selenium/4.8.3 (java windows)
Content-Length: 232
Content-Type: application/json; charset=utf-8
host: localhost:3790
accept: */*

Response DefaultHttpResponse(decodeResult: success, version: HTTP/1.1)
HTTP/1.1 200 OK
Content-Length: 95
Content-Type: application/json; charset=utf-8
cache-control: no-cache

12:24:29.604 [AsyncHttpClient-1-7] DEBUG org.asynchttpclient.netty.channel.ChannelManager - Adding key: http://localhost:3790 for channel [id: 0x341deaff, L:/127.0.0.1:65092 - R:localhost/127.0.0.1:3790]
12:24:29.604 [Forwarding findElement on session b732d52004569758c3c2b2a2f70bdc5b to remote] DEBUG org.asynchttpclient.netty.request.NettyRequestSender - Using pooled Channel '[id: 0x341deaff, L:/127.0.0.1:65092 - R:localhost/127.0.0.1:3790]' for 'POST' to 'http://localhost:3790/session/b732d52004569758c3c2b2a2f70bdc5b/element'
12:24:29.604 [Forwarding findElement on session b732d52004569758c3c2b2a2f70bdc5b to remote] DEBUG org.asynchttpclient.netty.request.NettyRequestSender - Using open Channel [id: 0x341deaff, L:/127.0.0.1:65092 - R:localhost/127.0.0.1:3790] for POST '/session/b732d52004569758c3c2b2a2f70bdc5b/element'
12:24:29.616 [AsyncHttpClient-1-7] DEBUG org.asynchttpclient.netty.handler.HttpHandler - 

Request DefaultHttpRequest(decodeResult: success, version: HTTP/1.1)
POST /session/b732d52004569758c3c2b2a2f70bdc5b/element HTTP/1.1
User-Agent: selenium/4.8.3 (java windows)
Content-Length: 283
Content-Type: application/json; charset=utf-8
host: localhost:3790
accept: */*

Response DefaultHttpResponse(decodeResult: success, version: HTTP/1.1)
HTTP/1.1 200 OK
Content-Length: 95
Content-Type: application/json; charset=utf-8
cache-control: no-cache

12:24:29.616 [AsyncHttpClient-1-7] DEBUG org.asynchttpclient.netty.channel.ChannelManager - Adding key: http://localhost:3790 for channel [id: 0x341deaff, L:/127.0.0.1:65092 - R:localhost/127.0.0.1:3790]
12:24:29.618 [Forwarding actions on session b732d52004569758c3c2b2a2f70bdc5b to remote] DEBUG org.asynchttpclient.netty.request.NettyRequestSender - Using pooled Channel '[id: 0x341deaff, L:/127.0.0.1:65092 - R:localhost/127.0.0.1:3790]' for 'POST' to 'http://localhost:3790/session/b732d52004569758c3c2b2a2f70bdc5b/actions'
12:24:29.618 [Forwarding actions on session b732d52004569758c3c2b2a2f70bdc5b to remote] DEBUG org.asynchttpclient.netty.request.NettyRequestSender - Using open Channel [id: 0x341deaff, L:/127.0.0.1:65092 - R:localhost/127.0.0.1:3790] for POST '/session/b732d52004569758c3c2b2a2f70bdc5b/actions'
12:24:29.941 [AsyncHttpClient-1-7] DEBUG org.asynchttpclient.netty.handler.HttpHandler - 

Request DefaultHttpRequest(decodeResult: success, version: HTTP/1.1)
POST /session/b732d52004569758c3c2b2a2f70bdc5b/actions HTTP/1.1
User-Agent: selenium/4.8.3 (java windows)
Content-Length: 962
Content-Type: application/json; charset=utf-8
host: localhost:3790
accept: */*

Response DefaultHttpResponse(decodeResult: success, version: HTTP/1.1)
HTTP/1.1 200 OK
Content-Length: 14
Content-Type: application/json; charset=utf-8
cache-control: no-cache

12:24:29.941 [AsyncHttpClient-1-7] DEBUG org.asynchttpclient.netty.channel.ChannelManager - Adding key: http://localhost:3790 for channel [id: 0x341deaff, L:/127.0.0.1:65092 - R:localhost/127.0.0.1:3790]
12:24:29.942 [Forwarding findElement on session b732d52004569758c3c2b2a2f70bdc5b to remote] DEBUG org.asynchttpclient.netty.request.NettyRequestSender - Using pooled Channel '[id: 0x341deaff, L:/127.0.0.1:65092 - R:localhost/127.0.0.1:3790]' for 'POST' to 'http://localhost:3790/session/b732d52004569758c3c2b2a2f70bdc5b/element'
12:24:29.942 [Forwarding findElement on session b732d52004569758c3c2b2a2f70bdc5b to remote] DEBUG org.asynchttpclient.netty.request.NettyRequestSender - Using open Channel [id: 0x341deaff, L:/127.0.0.1:65092 - R:localhost/127.0.0.1:3790] for POST '/session/b732d52004569758c3c2b2a2f70bdc5b/element'
12:24:29.956 [AsyncHttpClient-1-7] DEBUG org.asynchttpclient.netty.handler.HttpHandler - 

Request DefaultHttpRequest(decodeResult: success, version: HTTP/1.1)
POST /session/b732d52004569758c3c2b2a2f70bdc5b/element HTTP/1.1
User-Agent: selenium/4.8.3 (java windows)
Content-Length: 240
Content-Type: application/json; charset=utf-8
host: localhost:3790
accept: */*

Response DefaultHttpResponse(decodeResult: success, version: HTTP/1.1)
HTTP/1.1 200 OK
Content-Length: 95
Content-Type: application/json; charset=utf-8
cache-control: no-cache

12:24:29.956 [AsyncHttpClient-1-7] DEBUG org.asynchttpclient.netty.channel.ChannelManager - Adding key: http://localhost:3790 for channel [id: 0x341deaff, L:/127.0.0.1:65092 - R:localhost/127.0.0.1:3790]
12:24:29.956 [Forwarding getElementRect on session b732d52004569758c3c2b2a2f70bdc5b to remote] DEBUG org.asynchttpclient.netty.request.NettyRequestSender - Using pooled Channel '[id: 0x341deaff, L:/127.0.0.1:65092 - R:localhost/127.0.0.1:3790]' for 'GET' to 'http://localhost:3790/session/b732d52004569758c3c2b2a2f70bdc5b/element/8C5AD5FA52E7AB673F80821240C4AD15_element_64/rect'
12:24:29.956 [Forwarding getElementRect on session b732d52004569758c3c2b2a2f70bdc5b to remote] DEBUG org.asynchttpclient.netty.request.NettyRequestSender - Using open Channel [id: 0x341deaff, L:/127.0.0.1:65092 - R:localhost/127.0.0.1:3790] for GET '/session/b732d52004569758c3c2b2a2f70bdc5b/element/8C5AD5FA52E7AB673F80821240C4AD15_element_64/rect'
12:24:29.963 [AsyncHttpClient-1-7] DEBUG org.asynchttpclient.netty.handler.HttpHandler - 

Request DefaultFullHttpRequest(decodeResult: success, version: HTTP/1.1, content: EmptyByteBufBE)
GET /session/b732d52004569758c3c2b2a2f70bdc5b/element/8C5AD5FA52E7AB673F80821240C4AD15_element_64/rect HTTP/1.1
User-Agent: selenium/4.8.3 (java windows)
Cache-Control: no-cache
Content-Type: application/json; charset=utf-8
host: localhost:3790
accept: */*

Response DefaultHttpResponse(decodeResult: success, version: HTTP/1.1)
HTTP/1.1 200 OK
Content-Length: 80
Content-Type: application/json; charset=utf-8
cache-control: no-cache

12:24:29.963 [AsyncHttpClient-1-7] DEBUG org.asynchttpclient.netty.channel.ChannelManager - Adding key: http://localhost:3790 for channel [id: 0x341deaff, L:/127.0.0.1:65092 - R:localhost/127.0.0.1:3790]
2023-06-09 12:24:29 INFO  Listeners:38 - Succeeded Test null
]]></system-out>
    <system-err><![CDATA[Starting ChromeDriver 114.0.5735.90 (386bc09e8f4f2e025eddae123f36f6263096ae49-refs/branch-heads/5735@{#1052}) on port 3790
Only local connections are allowed.
Please see https://chromedriver.chromium.org/security-considerations for suggestions on keeping ChromeDriver safe.
ChromeDriver was started successfully.
Jun 09, 2023 12:24:26 PM org.openqa.selenium.devtools.CdpVersionFinder findNearestMatch
WARNING: Unable to find an exact match for CDP version 114, so returning the closest version found: 111
]]></system-err>
  </testcase>
</testsuite>